0   -1.032784112963564e-06
0   1.03278411129476e-06
1   -8.323340937945595e-06
1   8.323340936273321e-06
2   -2.812927475273272e-05
2   2.8129274751063915e-05
3   -6.669767369852503e-05
3   6.669767369685276e-05
4   -0.00013025247342166035
4   0.00013025247341998808
5   -0.00022498676974620074
5   0.0002249867697445354
6   -0.0003570551633069255
6   0.00035705516330526016
7   -0.0005325661440783586
7   0.0005325661440766793
8   -0.0007575745236957365
8   0.0007575745236940851
9   -0.0010380739234164271
9   0.001038073923414748
10   -0.0013799893255136697
10   0.0013799893255120044
11   -0.0017891696958331205
11   0.0017891696958314413
12   -0.002271380685168925
12   0.0022713806851672735
13   -0.0028322974170401916
13   0.0028322974170385262
14   -0.003477497369360094
14   0.0034774973693584774
15   -0.004212453357397394
15   0.0042124533573957845
16   -0.005042526625328586
16   0.0050425266253269485
17   -0.005972960053570148
17   0.005972960053568482
18   -0.00700887148896559
18   0.0070088714889639525
19   -0.008155247204777588
19   0.008155247204776006
20   -0.00941693549730857
20   0.00941693549730696
21   -0.010798640425832423
21   0.010798640425830813
22   -0.012304915702382041
22   0.012304915702380403
23   -0.01394015873778276
23   0.013940158737781205
24   -0.015708604850169144
24   0.01570860485016759
25   -0.017614321642057923
25   0.01761432164205634
26   -0.019661203551882667
26   0.019661203551881085
27   -0.021852966585721376
27   0.02185296658571985
28   -0.024193143234767137
28   0.024193143234765596
29   -0.026685077583907216
29   0.026685077583905703
30   -0.02933192061658442
30   0.029331920616582866
31   -0.0321366257209187
31   0.03213662572091726
32   -0.03510194440186516
32   0.03510194440186369
33   -0.03823042220397871
33   0.038230422203977196
34   -0.041524394849145926
34   0.0415243948491444
35   -0.044985984593427744
35   0.04498598459342627
36   -0.04861709680693982
36   0.04861709680693832
37   -0.05241941678047063
37   0.052419416780469186
38   -0.05639440676231616
38   0.056394406762314664
39   -0.060543303228572765
39   0.06054330322857132
40   -0.06486711438990206
40   0.0648671143899005
41   -0.06936661793754045
41   0.06936661793753895
42   -0.07404235903109102
42   0.07404235903108952
43   -0.07889464853038725
43   0.07889464853038586
44   -0.08392356147348046
44   0.08392356147347907
45   -0.08912893580254988
45   0.08912893580254844
46   -0.09451037133929086
46   0.09451037133928936
47   -0.10006722901108434
47   0.10006722901108289
48   -0.1057986303289985
48   0.105798630328997
49   -0.11170345711842317
49   0.11170345711842178
50   -0.11778035150288377
50   0.11778035150288235
51   -0.1240277161413241
51   0.12402771614132274
52   -0.1304437147189008
52   0.13044371471889937
53   -0.1370262726910676
53   0.13702627269106624
54   -0.143773078280483
54   0.14377307828048158
55   -0.1506815837260139
55   0.1506815837260126
56   -0.15774900678285886
56   0.1577490067828575
57   -0.16497233247255927
57   0.164972332472558
58   -0.17234831508141976
58   0.1723483150814184
59   -0.17987348040560286
59   0.17987348040560158
60   -0.18754412824092262
60   0.1875441282409212
61   -0.19535633511510833
61   0.195356335115107
62   -0.20330595726007158
62   0.20330595726007036
63   -0.2113886338214634
63   0.2113886338214621
64   -0.21959979030257146
64   0.21959979030257024
65   -0.227934642239372
65   0.22793464223937066
66   -0.23638819910331543
66   0.23638819910331407
67   -0.24495526842819648
67   0.24495526842819515
68   -0.25363046015723273
68   0.25363046015723145
69   -0.26240819120625525
69   0.26240819120625397
70   -0.27128269023869034
70   0.2712826902386891
71   -0.28024800264780775
71   0.28024800264780647
72   -0.2892979957414861
72   0.28929799574148485
73   -0.29842636412455925
73   0.2984263641245579
74   -0.30762663527358747
74   0.30762663527358625
75   -0.31689217529872027
75   0.3168921752987188
76   -0.32621619488711073
76   0.3262161948871094
77   -0.3355917554221737
77   0.33559175542217234
78   -0.34501177527278326
78   0.34501177527278204
79   -0.3544690362463484
79   0.35446903624634707
80   -0.3639561901995243
80   0.3639561901995231
81   -0.37346576580016677
81   0.37346576580016555
82   -0.3829901754339736
82   0.3829901754339723
83   -0.39252172224911497
83   0.39252172224911375
84   -0.4020526073320083
84   0.4020526073320071
85   -0.4115749370072591
85   0.41157493700725767
86   -0.4210807302546642
86   0.42108073025466297
87   -0.4305619262360466
87   0.4305619262360454
88   -0.4400103919245829
88   0.4400103919245817
89   -0.44941792982917084
89   0.4494179298291694
90   -0.45877628580629304
90   0.4587762858062917
91   -0.4680771569517324
91   0.4680771569517312
92   -0.47731219956441534
92   0.47731219956441406
93   -0.48647303717458074
93   0.4864730371745794
94   -0.4955512686284
94   0.4955512686283986
95   -0.5045384762211191
95   0.504538476221118
96   -0.5134262338707308
96   0.5134262338707296
97   -0.5222061153241454
97   0.522206115324144
98   -0.530869702387788
98   0.5308697023877869
99   -0.5394085931745236
99   0.5394085931745222
100   -0.5478144103587794
100   0.547814410358778
101   -0.5560788094317352
101   0.556078809431734
102   -0.5641934869484306
102   0.5641934869484293
103   -0.5721501887586521
103   0.5721501887586508
104   -0.5799407182134645
104   0.5799407182134634
105   -0.5875569443392779
105   0.5875569443392765
106   -0.5949908099713543
106   0.5949908099713531
107   -0.6022343398387099
107   0.6022343398387087
108   -0.6092796485923943
108   0.6092796485923929
109   -0.6161189487691848
109   0.6161189487691835
110   -0.6227445586827989
110   0.6227445586827975
111   -0.6291489102347766
111   0.6291489102347754
112   -0.6353245566372749
112   0.6353245566372736
113   -0.641264180040087
113   0.6412641800400856
114   -0.646960599054291
114   0.6469605990542896
115   -0.65240677616503
115   0.6524067761650287
116   -0.6575958250260255
116   0.6575958250260243
117   -0.6625210176285419
117   0.6625210176285408
118   -0.6671757913376325
118   0.6671757913376309
119   -0.6715537557886262
119   0.6715537557886248
120   -0.6756486996369472
120   0.6756486996369457
121   -0.6794545971544939
121   0.6794545971544925
122   -0.6829656146659534
122   0.682965614665952
123   -0.6861761168185803
123   0.6861761168185788
124   -0.6890806726791234
124   0.6890806726791221
125   -0.691674061651753
125   0.6916740616517517
126   -0.6939512792110096
126   0.6939512792110082
127   -0.6959075424439739
127   0.6959075424439723
128   -0.6975382953960398
128   0.6975382953960383
129   -0.6988392142148592
129   0.6988392142148578
130   -0.699806212087224
130   0.6998062120872225
131   -0.7004354439638457
131   0.7004354439638444
132   -0.7007233110672026
132   0.7007233110672012
133   -0.7006664651778258
133   0.7006664651778244
134   -0.7002618126946161
134   0.7002618126946146
135   -0.699506518464996
135   0.6995065184649946
136   -0.6983980093809276
136   0.6983980093809261
137   -0.6969339777370461
137   0.6969339777370447
138   -0.695112384347399
138   0.6951123843473975
139   -0.6929314614175025
139   0.6929314614175011
140   -0.6903897151686729
140   0.6903897151686714
141   -0.6874859282118216
141   0.6874859282118203
142   -0.6842191616681543
142   0.6842191616681529
143   -0.6805887570344501
143   0.6805887570344487
144   -0.6765943377908508
144   0.6765943377908493
145   -0.6722358107493361
145   0.6722358107493348
146   -0.6675133671413143
146   0.667513367141313
147   -0.6624274834430065
147   0.6624274834430052
148   -0.6569789219375639
148   0.6569789219375626
149   -0.6511687310131051
149   0.6511687310131038
150   -0.6449982451961217
150   0.6449982451961203
151   -0.6384690849199547
151   0.6384690849199532
152   -0.6315831560283046
152   0.6315831560283032
153   -0.6243426490139912
153   0.6243426490139898
154   -0.6167500379934371
154   0.6167500379934356
155   -0.6088080794176092
155   0.6088080794176077
156   -0.6005198105204047
156   0.6005198105204033
157   -0.5918885475057261
157   0.5918885475057246
158   -0.5829178834747359
158   0.5829178834747346
159   -0.5736116860950509
159   0.5736116860950494
160   -0.5639740950138664
160   0.5639740950138651
161   -0.5540095190172668
161   0.5540095190172656
162   -0.5437226329382155
162   0.5437226329382142
163   -0.5331183743159638
163   0.5331183743159624
164   -0.5222019398098662
164   0.5222019398098648
165   -0.5109787813708186
165   0.5109787813708173
166   -0.49945460217378246
166   0.4994546021737812
167   -0.4876353523150765
167   0.48763535231507527
168   -0.47552722427836625
168   0.475527224278365
169   -0.4631366481734864
169   0.4631366481734851
170   -0.4504702867524683
170   0.45047028675246703
171   -0.4375350302073481
171   0.43753503020734685
172   -0.42433799075455836
172   0.42433799075455714
173   -0.41088649701090135
173   0.4108864970109002
174   -0.3971880881663105
174   0.39718808816630935
175   -0.3832505079588067
175   0.38325050795880544
176   -0.36908169845724176
176   0.3690816984572406
177   -0.35468979365761816
177   0.354689793657617
178   -0.3400831128989472
178   0.34008311289894605
179   -0.3252701541047904
179   0.32527015410478927
180   -0.3102595868567902
180   0.3102595868567891
181   -0.2950602453066729
181   0.2950602453066718
182   -0.27968112093335024
182   0.2796811209333492
183   -0.26413135515190894
183   0.2641313551519079
184   -0.24842023178140885
184   0.2484202317814078
185   -0.23255716937856474
185   0.23255716937856372
186   -0.21655171344450194
186   0.21655171344450097
187   -0.2004135285119082
187   0.2004135285119072
188   -0.18415239012002127
188   0.18415239012002035
189   -0.1677781766849921
189   0.16777817668499112
190   -0.15130086127328057
190   0.15130086127327963
191   -0.13473050328582054
191   0.13473050328581962
192   -0.11807724006078903
192   0.11807724006078815
193   -0.10135127840288195
193   0.10135127840288108
194   -0.08456288604708685
194   0.084562886047086
195   -0.06772238306499034
195   0.06772238306498951
196   -0.05084013322172674
196   0.05084013322172593
197   -0.03392653529171004
197   0.03392653529170924
198   -0.016992014341347703
198   0.016992014341346943
199   -4.701298695131726e-05
199   4.7012986950573415e-05
200   -0.016898017363907843
200   0.01689801736390712
201   -0.03383262527933492
201   0.03383262527933422
202   -0.05074636807007265
202   0.050746368070071976
203   -0.06762882054821465
203   0.067628820548214
204   -0.08446958376940833
204   0.08446958376940769
205   -0.1012582937503017
205   0.1012582937503011
206   -0.117984630153018
206   0.11798463015301741
207   -0.13463832492845595
207   0.13463832492845537
208   -0.15120917091028171
208   0.15120917091028116
209   -0.16768703035149513
209   0.16768703035149463
210   -0.18406184339554052
210   0.18406184339554005
211   -0.20032363647396506
211   0.20032363647396462
212   -0.21646253062273016
212   0.21646253062272972
213   -0.23246874970932987
213   0.23246874970932943
214   -0.24833262856298766
214   0.24833262856298727
215   -0.26404462100027054
215   0.2640446210002702
216   -0.27959530773857805
216   0.2795953077385777
217   -0.2949754041900738
217   0.2949754041900734
218   -0.31017576812872505
218   0.3101757681287248
219   -0.3251874072232701
219   0.3251874072232699
220   -0.340001486429029
220   0.3400014864290287
221   -0.3546093352316451
221   0.35460933523164495
222   -0.36900245473595855
222   0.3690024547359584
223   -0.38317252459338985
223   0.38317252459338963
224   -0.39711140976134857
224   0.39711140976134834
225   -0.41081116708835763
225   0.41081116708835747
226   -0.4242640517187551
226   0.4242640517187549
227   -0.4374625233109963
227   0.4374625233109962
228   -0.45039925206378406
228   0.450399252063784
229   -0.4630671245444158
229   0.4630671245444156
230   -0.4754592493139549
230   0.4754592493139549
231   -0.4875689623440087
231   0.4875689623440087
232   -0.49938983222011707
232   0.4993898322201171
233   -0.5109156651269494
233   0.5109156651269494
234   -0.522140509610728
234   0.5221405096107281
235   -0.5330586611145159
235   0.5330586611145159
236   -0.5436646662822127
236   0.5436646662822128
237   -0.5539533270273509
237   0.5539533270273509
238   -0.5639197043629895
238   0.5639197043629898
239   -0.5735591219892566
239   0.5735591219892568
240   -0.5828671696353068
240   0.5828671696353069
241   -0.5918397061527205
241   0.5918397061527206
242   -0.6004728623575958
242   0.600472862357596
243   -0.6087630436188352
243   0.6087630436188354
244   -0.6167069321903832
244   0.6167069321903833
245   -0.6243014892854022
245   0.6243014892854025
246   -0.6315439568906482
246   0.6315439568906485
247   -0.6384318593195347
247   0.6384318593195351
248   -0.6449630045026544
248   0.6449630045026548
249   -0.6511354850147559
249   0.6511354850147562
250   -0.6569476788374546
250   0.6569476788374549
251   -0.6623982498571914
251   0.6623982498571916
252   -0.667486148098226
252   0.6674861480982264
253   -0.6722106096907013
253   0.6722106096907018
254   -0.6765711565740717
254   0.6765711565740721
255   -0.6805675959364504
255   0.6805675959364509
256   -0.6842000193906821
256   0.6842000193906825
257   -0.6874688018882033
257   0.6874688018882037
258   -0.6903746003720118
258   0.6903746003720121
259   -0.6929183521703095
259   0.69291835217031
260   -0.6951012731326469
260   0.6951012731326474
261   -0.6969248555106362
261   0.6969248555106367
262   -0.6983908655855511
262   0.6983908655855515
263   -0.6995013410453796
263   0.69950134104538
264   -0.7002585881141327
264   0.700258588114133
265   -0.7006651784364551
265   0.7006651784364555
266   -0.7007239457208205
266   0.700723945720821
267   -0.700437982144823
267   0.7004379821448234
268   -0.6998106345263141
268   0.6998106345263144
269   -0.6988455002643514
269   0.6988455002643518
270   -0.6975464230541529
270   0.6975464230541534
271   -0.6959174883804692
271   0.6959174883804695
272   -0.6939630187939904
272   0.6939630187939908
273   -0.6916875689756308
273   0.6916875689756312
274   -0.6890959205937163
274   0.6890959205937168
275   -0.6861930769593172
275   0.6861930769593176
276   -0.682984257485152
276   0.6829842574851523
277   -0.6794748919536823
277   0.6794748919536826
278   -0.6756706146001943
278   0.6756706146001947
279   -0.671577258016848
279   0.6715772580168483
280   -0.6672008468838413
280   0.6672008468838417
281   -0.6625475915340022
281   0.6625475915340026
282   -0.6576238813572772
282   0.6576238813572776
283   -0.6524362780517464
283   0.6524362780517469
284   -0.6469915087279319
284   0.6469915087279322
285   -0.6412964588733062
285   0.6412964588733066
286   -0.6353581651840459
286   0.6353581651840462
287   -0.6291838082711925
287   0.6291838082711928
288   -0.6227807052485118
288   0.6227807052485121
289   -0.6161563022094367
289   0.6161563022094371
290   -0.609318166600601
290   0.6093181666006013
291   -0.602273979499557
291   0.6022739794995574
292   -0.5950315278043579
292   0.5950315278043582
293   -0.5875986963427724
293   0.5875986963427727
294   -0.5799834599089675
294   0.5799834599089675
295   -0.5721938752355674
295   0.5721938752355675
296   -0.5642380729090454
296   0.5642380729090455
297   -0.5561242492364594
297   0.5561242492364598
298   -0.5478606580715936
298   0.5478606580715939
299   -0.5394556026085805
299   0.5394556026085806
300   -0.5309174271511294
300   0.5309174271511296
301   -0.5222545088654833
301   0.5222545088654835
302   -0.5134752495252557
302   0.5134752495252557
303   -0.5045880672562804
303   0.5045880672562806
304   -0.4956013882896232
304   0.49560138828962336
305   -0.4865236387308672
305   0.4865236387308673
306   -0.47736323635378813
306   0.47736323635378825
307   -0.46812858242647765
307   0.46812858242647776
308   -0.45882805357795353
308   0.45882805357795353
309   -0.449469993713251
309   0.449469993713251
310   -0.44006270598491715
310   0.4400627059849169
311   -0.43061444482878986
311   0.43061444482878974
312   -0.42113340807185873
312   0.42113340807185873
313   -0.41162772911994194
313   0.41162772911994194
314   -0.40210546923280766
314   0.40210546923280754
315   -0.3925746098943018
315   0.3925746098943016
316   -0.3830430452849205
316   0.3830430452849204
317   -0.37351857486418294
317   0.3735185748641827
318   -0.3640088960700174
318   0.3640088960700172
319   -0.35452159714227816
319   0.35452159714227793
320   -0.3450641500773708
320   0.34506415007737057
321   -0.3356439037208252
321   0.33564390372082475
322   -0.3262680770045209
322   0.32626807700452043
323   -0.31694375233511696
323   0.3169437523351165
324   -0.30767786914008766
324   0.3076778691400872
325   -0.29847721757759715
325   0.29847721757759665
326   -0.2893484324162808
326   0.28934843241628033
327   -0.2802979870908421
327   0.2802979870908416
328   -0.2713321879391659
328   0.2713321879391654
329   -0.2624571686264938
329   0.26245716862649315
330   -0.2536788847619966
330   0.25367888476199596
331   -0.24500310871289835
331   0.2450031087128977
332   -0.23643542462109274
332   0.23643542462109213
333   -0.2279812236269975
333   0.2279812236269969
334   -0.21964569930517575
334   0.2196456993051751
335   -0.21143384331604975
335   0.21143384331604906
336   -0.20335044127779658
336   0.20335044127779583
337   -0.19540006886230754
337   0.19540006886230687
338   -0.1875870881188667
338   0.18758708811886593
339   -0.17991564402895974
339   0.17991564402895896
340   -0.17238966129540914
340   0.17238966129540836
341   -0.16501284136878225
341   0.16501284136878144
342   -0.15778865971379005
342   0.1577886597137893
343   -0.1507203633181428
343   0.150720363318142
344   -0.14381096844608865
344   0.14381096844608773
345   -0.1370632586386239
345   0.13706325863862298
346   -0.13047978296209686
346   0.13047978296209595
347   -0.12406285450669594
347   0.12406285450669496
348   -0.11781454913604775
348   0.11781454913604683
349   -0.11173670448891199
349   0.11173670448891088
350   -0.10583091923368998
350   0.10583091923368887
351   -0.10009855257622668
351   0.10009855257622557
352   -0.09454072402111852
352   0.09454072402111735
353   -0.08915831338649638
353   0.08915831338649521
354   -0.08395196107198732
354   0.08395196107198616
355   -0.07892206857931128
355   0.07892206857931006
356   -0.07406879928472027
356   0.0740687992847191
357   -0.06939207946222054
357   0.06939207946221926
358   -0.06489159955628249
358   0.06489159955628115
359   -0.06056681570248268
359   0.0605668157024814
360   -0.056416951494280276
360   0.056416951494278944
361   -0.05244099999387747
361   0.05244099999387625
362   -0.048637725984874466
362   0.04863772598487319
363   -0.04500566846418591
363   0.04500566846418458
364   -0.04154314337044307
364   0.04154314337044168
365   -0.038248246545873846
365   0.038248246545872555
366   -0.035118856928415654
366   0.03511885692841431
367   -0.03215263997058798
367   0.03215263997058665
368   -0.029347051281422898
368   0.02934705128142151
369   -0.0266993404875287
369   0.0266993404875273
370   -0.024206555309144145
370   0.02420655530914266
371   -0.021865545846825082
371   0.021865545846823584
372   -0.01967296907419261
372   0.019672969074191082
373   -0.01762529353196815
373   0.01762529353196665
374   -0.015718804218320448
374   0.015718804218318894
375   -0.013949607670348474
375   0.013949607670346947
376   -0.012313637231339186
376   0.012313637231337632
377   -0.010806658498248217
377   0.010806658498246663
378   -0.009424274943675537
378   0.009424274943674038
379   -0.008161933706430397
379   0.00816193370642887
380   -0.007014931544612607
380   0.007014931544611053
381   -0.005978420944976998
381   0.00597842094497536
382   -0.005047416382186892
382   0.0050474163821852824
383   -0.00421680072141789
383   0.004216800721416308
384   -0.0034813317576255776
384   0.0034813317576239886
385   -0.0028356488846580513
385   0.0028356488846564415
386   -0.002274279887261102
386   0.0022742798872594783
387   -0.0017916478489037602
387   0.0017916478489021226
388   -0.0013820781682339495
388   0.001382078168232298
389   -0.0010398056768681635
389   0.001039805676866512
390   -0.0007589818511146845
390   0.0007589818511130331
391   -0.0005336821101385586
391   0.0005336821101368933
392   -0.00035791319298939667
392   0.00035791319298775215
393   -0.0002256206068337041
393   0.0002256206068320457
394   -0.00013069613866317775
394   0.00013069613866151242
395   -6.698542268656488e-05
395   6.698542268490648e-05
396   -2.829555555729571e-05
396   2.8295555555626906e-05
397   -8.402751541004144e-06
397   8.40275153933881e-06
398   -1.060029687560346e-06
398   1.060029685891542e-06
399   -4.9250399825087024e-09
399   4.925038312735713e-09
