# x,  y, local density of states
-19.5   0.0   0.6764813500170083
-18.5   0.0   0.24077539474691917
-17.5   0.0   0.5341296594768756
-16.5   0.0   0.8240504586799743
-15.5   0.0   0.055214181968373105
-14.5   0.0   0.6518711619450852
-13.5   0.0   0.47659490218629214
-12.5   0.0   0.08636705028887186
-11.5   0.0   0.6641797797629397
-10.5   0.0   0.3806683187908442
-9.5   0.0   0.15874630525204217
-8.5   0.0   0.7403041443835401
-7.5   0.0   0.2488848529516108
-6.5   0.0   0.28431328531573885
-5.5   0.0   0.7221410560931544
-4.5   0.0   0.1471484476458162
-3.5   0.0   0.4170882549841388
-2.5   0.0   0.6544592704830009
-1.5   0.0   0.09407429117160673
-0.5   0.0   0.5480902502749657
0.5   0.0   0.5480902502749689
1.5   0.0   0.09407429117161172
2.5   0.0   0.6544592704830532
3.5   0.0   0.41708825498411406
4.5   0.0   0.1471484476458343
5.5   0.0   0.7221410560931651
6.5   0.0   0.28431328531573313
7.5   0.0   0.24888485295163318
8.5   0.0   0.7403041443835903
9.5   0.0   0.1587463052520316
10.5   0.0   0.3806683187908932
11.5   0.0   0.6641797797629505
12.5   0.0   0.08636705028886486
13.5   0.0   0.4765949021863206
14.5   0.0   0.6518711619450888
15.5   0.0   0.05521418196837351
16.5   0.0   0.8240504586799987
17.5   0.0   0.5341296594768749
18.5   0.0   0.24077539474693083
19.5   0.0   0.6764813500170225
