# x,  y, local density of states
-19.5   0.0   0.37550025204288945
-18.5   0.0   0.07538760168174491
-17.5   0.0   0.5714221023026208
-16.5   0.0   0.34504105437940674
-15.5   0.0   0.3505158903283881
-14.5   0.0   0.5670894550507136
-13.5   0.0   0.20346596433044864
-12.5   0.0   0.4962441322885411
-11.5   0.0   0.3207531754869614
-10.5   0.0   0.30004682489803897
-9.5   0.0   0.43891202417970404
-8.5   0.0   0.26466844839448145
-7.5   0.0   0.3858462056690445
-6.5   0.0   0.3661814360299797
-5.5   0.0   0.3029984906811052
-4.5   0.0   0.4070045882438824
-3.5   0.0   0.31857776878640204
-2.5   0.0   0.3661015029644828
-1.5   0.0   0.35696510650602714
-0.5   0.0   0.35156071700123354
0.5   0.0   0.35156071700122804
1.5   0.0   0.35696510650602875
2.5   0.0   0.3661015029644667
3.5   0.0   0.3185777687864085
4.5   0.0   0.40700458824386115
5.5   0.0   0.3029984906811223
6.5   0.0   0.3661814360299693
7.5   0.0   0.3858462056690684
8.5   0.0   0.2646684483944855
9.5   0.0   0.4389120241797287
10.5   0.0   0.3000468248980514
11.5   0.0   0.3207531754869762
12.5   0.0   0.49624413228855446
13.5   0.0   0.2034659643304497
14.5   0.0   0.5670894550507227
15.5   0.0   0.3505158903283906
16.5   0.0   0.34504105437940935
17.5   0.0   0.5714221023026353
18.5   0.0   0.07538760168174495
19.5   0.0   0.375500252042902
