# x,  y, local density of states
-19.5   0.0   0.7195772016412904
-18.5   0.0   0.25543779183772924
-17.5   0.0   0.5689911182738557
-16.5   0.0   0.8772063577829535
-15.5   0.0   0.05657111757102368
-14.5   0.0   0.6955864242200601
-13.5   0.0   0.5055392715373955
-12.5   0.0   0.08982983774793199
-11.5   0.0   0.7087565231500323
-10.5   0.0   0.40267507166312777
-9.5   0.0   0.16739035789282328
-8.5   0.0   0.7900997079329255
-7.5   0.0   0.261688253181628
-6.5   0.0   0.3019101304759707
-5.5   0.0   0.7704939226873613
-4.5   0.0   0.1529412497608345
-3.5   0.0   0.4439992331692951
-2.5   0.0   0.6979641044055925
-1.5   0.0   0.0962396152167089
-0.5   0.0   0.5841401219110248
0.5   0.0   0.5841401219110284
1.5   0.0   0.09623961521671426
2.5   0.0   0.6979641044056484
3.5   0.0   0.4439992331692686
4.5   0.0   0.15294124976085396
5.5   0.0   0.7704939226873728
6.5   0.0   0.3019101304759647
7.5   0.0   0.261688253181652
8.5   0.0   0.7900997079329793
9.5   0.0   0.1673903578928119
10.5   0.0   0.40267507166318034
11.5   0.0   0.708756523150044
12.5   0.0   0.08982983774792443
13.5   0.0   0.505539271537426
14.5   0.0   0.6955864242200638
15.5   0.0   0.05657111757102405
16.5   0.0   0.8772063577829798
17.5   0.0   0.5689911182738548
18.5   0.0   0.2554377918377418
19.5   0.0   0.7195772016413056
