# x,  y, local density of states
-19.5   0.0   0.20997309365711403
-18.5   0.0   0.13496098944768659
-17.5   0.0   0.04866117642530918
-16.5   0.0   0.21710716804481958
-15.5   0.0   0.1148934684797371
-14.5   0.0   0.029966712022970896
-13.5   0.0   0.15647724002813534
-12.5   0.0   0.15965464798463194
-11.5   0.0   0.03475465458495773
-10.5   0.0   0.12678212629340557
-9.5   0.0   0.1802496764975527
-8.5   0.0   0.055457977821713016
-7.5   0.0   0.09073390749827924
-6.5   0.0   0.185122968342417
-5.5   0.0   0.08605684187921497
-4.5   0.0   0.06313343744190048
-3.5   0.0   0.1753390965802352
-2.5   0.0   0.12039944882685902
-1.5   0.0   0.04815118116219888
-0.5   0.0   0.15214501466643304
0.5   0.0   0.1521450146664318
1.5   0.0   0.04815118116219831
2.5   0.0   0.120399448826864
3.5   0.0   0.17533909658023145
4.5   0.0   0.06313343744189852
5.5   0.0   0.08605684187921596
6.5   0.0   0.18512296834241906
7.5   0.0   0.09073390749827717
8.5   0.0   0.05545797782171476
9.5   0.0   0.1802496764975514
10.5   0.0   0.12678212629340543
11.5   0.0   0.03475465458495752
12.5   0.0   0.15965464798463494
13.5   0.0   0.1564772400281359
14.5   0.0   0.02996671202297048
15.5   0.0   0.11489346847973929
16.5   0.0   0.21710716804482155
17.5   0.0   0.04866117642530783
18.5   0.0   0.13496098944768808
19.5   0.0   0.2099730936571136
