# x,  y, local density of states
-19.5   0.0   0.2984518911446751
-18.5   0.0   0.0816048717607605
-17.5   0.0   0.3474366569830462
-16.5   0.0   0.3205514447870634
-15.5   0.0   0.12944384663681455
-14.5   0.0   0.3961792604982271
-13.5   0.0   0.14201205272229517
-12.5   0.0   0.21569953642569148
-11.5   0.0   0.298059866725709
-10.5   0.0   0.12238630427881574
-9.5   0.0   0.2747452969111888
-8.5   0.0   0.23611142460819903
-7.5   0.0   0.15569841556492411
-6.5   0.0   0.3080928464688938
-5.5   0.0   0.16985472780915228
-4.5   0.0   0.22974389521584854
-3.5   0.0   0.2677211923385718
-2.5   0.0   0.15881208187791512
-1.5   0.0   0.28102210849896336
-0.5   0.0   0.20211120024180446
0.5   0.0   0.20211120024181006
1.5   0.0   0.28102210849895937
2.5   0.0   0.15881208187791404
3.5   0.0   0.2677211923385734
4.5   0.0   0.22974389521584762
5.5   0.0   0.1698547278091544
6.5   0.0   0.3080928464688993
7.5   0.0   0.15569841556491748
8.5   0.0   0.23611142460820464
9.5   0.0   0.27474529691117955
10.5   0.0   0.12238630427881474
11.5   0.0   0.29805986672570634
12.5   0.0   0.215699536425685
13.5   0.0   0.14201205272229778
14.5   0.0   0.3961792604982196
15.5   0.0   0.12944384663681238
16.5   0.0   0.32055144478705655
17.5   0.0   0.3474366569830376
18.5   0.0   0.08160487176075912
19.5   0.0   0.29845189114466875
