# x,  y, local density of states
-19.5   0.0   0.5425726957071364
-18.5   0.0   0.08809725977152855
-17.5   0.0   0.930680836011185
-16.5   0.0   0.449541070428095
-15.5   0.0   0.6615826300915908
-14.5   0.0   0.8655373362338734
-13.5   0.0   0.3002602867362707
-12.5   0.0   0.9269703438426058
-11.5   0.0   0.3413169747085304
-10.5   0.0   0.6119629068438873
-9.5   0.0   0.6450187393203338
-8.5   0.0   0.3228832049351898
-7.5   0.0   0.7728218249074984
-6.5   0.0   0.37690157431333826
-5.5   0.0   0.5826572184736067
-4.5   0.0   0.6522155678995745
-3.5   0.0   0.3482416052258594
-2.5   0.0   0.7868605963694687
-1.5   0.0   0.37288540100796025
-0.5   0.0   0.6232989512252218
0.5   0.0   0.6232989512252083
1.5   0.0   0.37288540100795875
2.5   0.0   0.786860596369429
3.5   0.0   0.34824160522586795
4.5   0.0   0.6522155678995314
5.5   0.0   0.5826572184736462
6.5   0.0   0.3769015743133171
7.5   0.0   0.7728218249075675
8.5   0.0   0.3228832049351974
9.5   0.0   0.6450187393204003
10.5   0.0   0.6119629068439173
11.5   0.0   0.3413169747085603
12.5   0.0   0.9269703438426379
13.5   0.0   0.3002602867362666
14.5   0.0   0.8655373362338902
15.5   0.0   0.6615826300915946
16.5   0.0   0.44954107042809655
17.5   0.0   0.9306808360112195
18.5   0.0   0.08809725977152812
19.5   0.0   0.5425726957071649
