# x,  y, local density of states
-19.5   0.0   0.6130769929598248
-18.5   0.0   0.21891005473992603
-17.5   0.0   0.48393513387225523
-16.5   0.0   0.7455437279999467
-15.5   0.0   0.053980899312327864
-14.5   0.0   0.5886803558248809
-13.5   0.0   0.4335355103648107
-12.5   0.0   0.08245841441189153
-11.5   0.0   0.5990751220530851
-10.5   0.0   0.3479048740241054
-9.5   0.0   0.14737765340068226
-8.5   0.0   0.66698659637486
-7.5   0.0   0.23015008762700634
-6.5   0.0   0.259692889274678
-5.5   0.0   0.6506104424638921
-4.5   0.0   0.13936518788198768
-3.5   0.0   0.37825835855419776
-2.5   0.0   0.5901436500231176
-1.5   0.0   0.09201508525806981
-0.5   0.0   0.4951922773177772
0.5   0.0   0.4951922773177599
1.5   0.0   0.09201508525806998
2.5   0.0   0.5901436500231064
3.5   0.0   0.37825835855419676
4.5   0.0   0.1393651878819902
5.5   0.0   0.6506104424638973
6.5   0.0   0.2596928892746702
7.5   0.0   0.23015008762700745
8.5   0.0   0.6669865963748414
9.5   0.0   0.14737765340067527
10.5   0.0   0.34790487402409487
11.5   0.0   0.599075122053062
12.5   0.0   0.08245841441189138
13.5   0.0   0.4335355103647974
14.5   0.0   0.5886803558248594
15.5   0.0   0.053980899312328294
16.5   0.0   0.7455437279999131
17.5   0.0   0.48393513387223397
18.5   0.0   0.21891005473991457
19.5   0.0   0.6130769929597963
