# x,  y, local density of states
-19.5   0.0   0.7429432946648776
-18.5   0.0   0.4969710193454882
-17.5   0.0   0.11025303222287954
-16.5   0.0   0.7647504825420306
-15.5   0.0   0.42050740080423915
-14.5   0.0   0.02773941279197749
-13.5   0.0   0.5369128838293196
-12.5   0.0   0.6120323987145991
-11.5   0.0   0.04669433366421336
-10.5   0.0   0.40367837052731165
-9.5   0.0   0.7063548676919108
-8.5   0.0   0.13285926636756806
-7.5   0.0   0.24273295651207766
-6.5   0.0   0.7306766501332668
-5.5   0.0   0.27135620955539647
-4.5   0.0   0.11587167953503694
-3.5   0.0   0.6864117463182631
-2.5   0.0   0.4302726627861511
-1.5   0.0   0.04576611104112005
-0.5   0.0   0.5785044364312288
0.5   0.0   0.5785044364312224
1.5   0.0   0.04576611104111707
2.5   0.0   0.4302726627861737
3.5   0.0   0.6864117463182462
4.5   0.0   0.11587167953502975
5.5   0.0   0.2713562095554014
6.5   0.0   0.7306766501332762
7.5   0.0   0.24273295651207005
8.5   0.0   0.13285926636757553
9.5   0.0   0.7063548676919049
10.5   0.0   0.40367837052731226
11.5   0.0   0.04669433366421347
12.5   0.0   0.6120323987146122
13.5   0.0   0.5369128838293243
14.5   0.0   0.027739412791977072
15.5   0.0   0.42050740080424837
16.5   0.0   0.7647504825420436
17.5   0.0   0.11025303222287552
18.5   0.0   0.496971019345496
19.5   0.0   0.7429432946648795
