# x,  y, local density of states
-19.5   0.0   0.28130035390621844
-18.5   0.0   0.07889151663910267
-17.5   0.0   0.3209948567632303
-16.5   0.0   0.30369704381543217
-15.5   0.0   0.11989465820774017
-14.5   0.0   0.3644445566854905
-13.5   0.0   0.14246550289321314
-12.5   0.0   0.19449792314080677
-11.5   0.0   0.2803251114541206
-10.5   0.0   0.12357260222283716
-9.5   0.0   0.24626262204405522
-8.5   0.0   0.22983645952473955
-7.5   0.0   0.14829299885177336
-6.5   0.0   0.2778096758565067
-5.5   0.0   0.17343550821101603
-4.5   0.0   0.20803354181444458
-3.5   0.0   0.24734325714865765
-2.5   0.0   0.1624029219307934
-1.5   0.0   0.24961912569287173
-0.5   0.0   0.19584266521959012
0.5   0.0   0.19584266521959004
1.5   0.0   0.24961912569287442
2.5   0.0   0.16240292193079692
3.5   0.0   0.24734325714865912
4.5   0.0   0.20803354181443964
5.5   0.0   0.17343550821102138
6.5   0.0   0.27780967585650307
7.5   0.0   0.1482929988517759
8.5   0.0   0.22983645952474674
9.5   0.0   0.24626262204405575
10.5   0.0   0.12357260222284473
11.5   0.0   0.2803251114541261
12.5   0.0   0.1944979231408086
13.5   0.0   0.14246550289321822
14.5   0.0   0.3644445566854942
15.5   0.0   0.11989465820774106
16.5   0.0   0.30369704381543683
17.5   0.0   0.3209948567632329
18.5   0.0   0.07889151663910406
19.5   0.0   0.2813003539062226
