# x,  y, local density of states
-19.5   0.0   0.1662316218982785
-18.5   0.0   0.0880628164603117
-17.5   0.0   0.0714191124096736
-16.5   0.0   0.18924900784403803
-15.5   0.0   0.057145885711603145
-14.5   0.0   0.06290464342480133
-13.5   0.0   0.1488613937954405
-12.5   0.0   0.07174602333982028
-11.5   0.0   0.05960189030001378
-10.5   0.0   0.14833159886845967
-9.5   0.0   0.07707544544597857
-8.5   0.0   0.06496924573202861
-7.5   0.0   0.14052667287495105
-6.5   0.0   0.07903811663732055
-5.5   0.0   0.06889306696048521
-4.5   0.0   0.13521211697693797
-3.5   0.0   0.07904973026523243
-2.5   0.0   0.0731951975365242
-1.5   0.0   0.13274182169050552
-0.5   0.0   0.07684780707100872
0.5   0.0   0.07684780707100938
1.5   0.0   0.1327418216905058
2.5   0.0   0.07319519753652413
3.5   0.0   0.07904973026523193
4.5   0.0   0.1352121169769358
5.5   0.0   0.06889306696048433
6.5   0.0   0.07903811663732106
7.5   0.0   0.14052667287494802
8.5   0.0   0.0649692457320279
9.5   0.0   0.07707544544597848
10.5   0.0   0.14833159886845723
11.5   0.0   0.05960189030001176
12.5   0.0   0.07174602333982064
13.5   0.0   0.1488613937954371
14.5   0.0   0.06290464342479941
15.5   0.0   0.05714588571160387
16.5   0.0   0.18924900784403292
17.5   0.0   0.07141911240967073
18.5   0.0   0.0880628164603099
19.5   0.0   0.16623162189827378
