# x,  y, local density of states
-19.5   0.0   0.5145664677998605
-18.5   0.0   0.06751975203902753
-17.5   0.0   1.0154557267919915
-16.5   0.0   0.3559354521325419
-15.5   0.0   0.96113927557441
-14.5   0.0   0.7568595957366905
-13.5   0.0   0.6577074425942164
-12.5   0.0   0.9810561626845358
-11.5   0.0   0.5220410193311468
-10.5   0.0   0.907381933422658
-9.5   0.0   0.6288608462806714
-8.5   0.0   0.7037051061506918
-7.5   0.0   0.7690690395117914
-6.5   0.0   0.6050975942038868
-5.5   0.0   0.775716634208088
-4.5   0.0   0.6585382947723607
-3.5   0.0   0.6970606524883171
-2.5   0.0   0.7298276188010641
-1.5   0.0   0.6699537361886975
-0.5   0.0   0.715633106987587
0.5   0.0   0.7156331069875985
1.5   0.0   0.6699537361887011
2.5   0.0   0.7298276188010985
3.5   0.0   0.697060652488323
4.5   0.0   0.6585382947724001
5.5   0.0   0.7757166342080841
6.5   0.0   0.6050975942039173
7.5   0.0   0.7690690395117712
8.5   0.0   0.7037051061507156
9.5   0.0   0.6288608462806512
10.5   0.0   0.9073819334226845
11.5   0.0   0.5220410193311443
12.5   0.0   0.9810561626845727
13.5   0.0   0.6577074425942298
14.5   0.0   0.7568595957367259
15.5   0.0   0.9611392755744336
16.5   0.0   0.35593545213256084
17.5   0.0   1.0154557267920168
18.5   0.0   0.06751975203903103
19.5   0.0   0.5145664677998736
