# x,  y, local density of states
-19.5   0.0   0.19358435715595565
-18.5   0.0   0.10072689376565322
-17.5   0.0   0.08388910753997789
-16.5   0.0   0.22357143574703098
-15.5   0.0   0.06058153350700683
-14.5   0.0   0.07405277790634801
-13.5   0.0   0.1769731597492734
-12.5   0.0   0.07583816424098387
-11.5   0.0   0.06918595942060296
-10.5   0.0   0.17897989422290547
-9.5   0.0   0.08118437840149041
-8.5   0.0   0.07429542606720531
-7.5   0.0   0.1717490068332363
-6.5   0.0   0.08331995256759811
-5.5   0.0   0.07707414419888128
-4.5   0.0   0.16691386830294327
-3.5   0.0   0.08401780045878815
-2.5   0.0   0.08021013523052055
-1.5   0.0   0.16479427542007935
-0.5   0.0   0.08275426631753444
0.5   0.0   0.08275426631753018
1.5   0.0   0.1647942754200769
2.5   0.0   0.08021013523052563
3.5   0.0   0.08401780045878338
4.5   0.0   0.1669138683029479
5.5   0.0   0.0770741441988863
6.5   0.0   0.08331995256759449
7.5   0.0   0.1717490068332392
8.5   0.0   0.07429542606721068
9.5   0.0   0.08118437840148698
10.5   0.0   0.17897989422291205
11.5   0.0   0.06918595942060862
12.5   0.0   0.07583816424098253
13.5   0.0   0.1769731597492805
14.5   0.0   0.07405277790635187
15.5   0.0   0.0605815335070072
16.5   0.0   0.22357143574703675
17.5   0.0   0.08388910753997936
18.5   0.0   0.10072689376565436
19.5   0.0   0.19358435715595723
