# x,  y, local density of states
-19.5   0.0   0.5231476781948567
-18.5   0.0   0.26232569154884805
-17.5   0.0   0.21797519597736006
-16.5   0.0   0.6297798928825284
-15.5   0.0   0.11537222225613589
-14.5   0.0   0.1896763417922058
-13.5   0.0   0.505979253965241
-12.5   0.0   0.14617937495246688
-11.5   0.0   0.16946287909181143
-10.5   0.0   0.5303671272844508
-9.5   0.0   0.15496691325241463
-8.5   0.0   0.17581603655235836
-7.5   0.0   0.5229775541911387
-6.5   0.0   0.15880166572550375
-5.5   0.0   0.17265214026544692
-4.5   0.0   0.5183912874697069
-3.5   0.0   0.1641519967215506
-2.5   0.0   0.1703960618097543
-1.5   0.0   0.5174066749391099
-0.5   0.0   0.16775973993070545
0.5   0.0   0.16775973993069146
1.5   0.0   0.5174066749391015
2.5   0.0   0.17039606180977285
3.5   0.0   0.16415199672153488
4.5   0.0   0.5183912874697237
5.5   0.0   0.17265214026546405
6.5   0.0   0.15880166572549434
7.5   0.0   0.5229775541911502
8.5   0.0   0.17581603655237749
9.5   0.0   0.1549669132524037
10.5   0.0   0.5303671272844758
11.5   0.0   0.16946287909183128
12.5   0.0   0.14617937495246366
13.5   0.0   0.5059792539652663
14.5   0.0   0.18967634179221948
15.5   0.0   0.11537222225613687
16.5   0.0   0.6297798928825507
17.5   0.0   0.21797519597736603
18.5   0.0   0.2623256915488527
19.5   0.0   0.5231476781948649
