# x,  y, local density of states
-19.5   0.0   0.25936347979018193
-18.5   0.0   0.09801435230578691
-17.5   0.0   0.201340591346588
-16.5   0.0   0.3072532604941909
-15.5   0.0   0.048551799562275864
-14.5   0.0   0.23190956216624528
-13.5   0.0   0.1946268987243486
-12.5   0.0   0.06288837468758636
-11.5   0.0   0.2303349640962918
-10.5   0.0   0.16806635010195928
-9.5   0.0   0.08574534847977879
-8.5   0.0   0.2508855114907424
-7.5   0.0   0.13070038716247184
-6.5   0.0   0.12258205445144228
-5.5   0.0   0.24415965964969805
-4.5   0.0   0.10309186434800023
-3.5   0.0   0.15960190584864545
-2.5   0.0   0.2248548355326823
-1.5   0.0   0.08889410706640426
-0.5   0.0   0.19555424851737227
0.5   0.0   0.19555424851737327
1.5   0.0   0.08889410706640591
2.5   0.0   0.2248548355326969
3.5   0.0   0.15960190584863845
4.5   0.0   0.1030918643480043
5.5   0.0   0.24415965964970127
6.5   0.0   0.12258205445144045
7.5   0.0   0.1307003871624778
8.5   0.0   0.2508855114907567
9.5   0.0   0.08574534847977619
10.5   0.0   0.16806635010197304
11.5   0.0   0.23033496409629484
12.5   0.0   0.06288837468758472
13.5   0.0   0.1946268987243561
14.5   0.0   0.23190956216624606
15.5   0.0   0.04855179956227637
16.5   0.0   0.30725326049419643
17.5   0.0   0.20134059134658736
18.5   0.0   0.09801435230578975
19.5   0.0   0.259363479790185
