# x,  y, local density of states
-19.5   0.0   0.4350093531488617
-18.5   0.0   0.21382410039452102
-17.5   0.0   0.19480350825075954
-16.5   0.0   0.5223990009945766
-15.5   0.0   0.09801133618509443
-14.5   0.0   0.17485245782520226
-13.5   0.0   0.41657962178436614
-12.5   0.0   0.12303949211409124
-11.5   0.0   0.15779491071835305
-10.5   0.0   0.43429644548770485
-9.5   0.0   0.1316612439146216
-8.5   0.0   0.16353650498593367
-7.5   0.0   0.4265202272324241
-6.5   0.0   0.13766304440466054
-5.5   0.0   0.1595279904520838
-4.5   0.0   0.4216809545410442
-3.5   0.0   0.14479480194274205
-2.5   0.0   0.1555004600363481
-1.5   0.0   0.4203000058253066
-0.5   0.0   0.1506611286712517
0.5   0.0   0.15066112867125492
1.5   0.0   0.42030000582530763
2.5   0.0   0.1555004600363446
3.5   0.0   0.14479480194274277
4.5   0.0   0.4216809545410376
5.5   0.0   0.15952799045207955
6.5   0.0   0.1376630444046616
7.5   0.0   0.4265202272324138
8.5   0.0   0.1635365049859294
9.5   0.0   0.13166124391462178
10.5   0.0   0.43429644548769525
11.5   0.0   0.1577949107183451
12.5   0.0   0.12303949211409028
13.5   0.0   0.41657962178435276
14.5   0.0   0.17485245782519507
15.5   0.0   0.09801133618509533
16.5   0.0   0.5223990009945562
17.5   0.0   0.19480350825074927
18.5   0.0   0.2138241003945132
19.5   0.0   0.4350093531488443
