# x,  y, local density of states
-19.5   0.0   0.6316595935450756
-18.5   0.0   0.050184110903602794
-17.5   0.0   1.5717504088668144
-16.5   0.0   0.27683997007013084
-15.5   0.0   2.124463964420335
-14.5   0.0   0.6836527724242212
-13.5   0.0   2.2285152893329547
-12.5   0.0   1.1502852443535942
-11.5   0.0   2.0825882585577995
-10.5   0.0   1.5370344497032162
-9.5   0.0   1.8955839548622715
-8.5   0.0   1.7688075363632836
-7.5   0.0   1.7784782508649786
-6.5   0.0   1.8537675838369154
-5.5   0.0   1.7433467247802685
-4.5   0.0   1.8503363768427754
-3.5   0.0   1.7533096388809275
-2.5   0.0   1.8193557331559773
-1.5   0.0   1.7732375870859312
-0.5   0.0   1.7930008448111427
0.5   0.0   1.7930008448110197
1.5   0.0   1.7732375870860237
2.5   0.0   1.8193557331558439
3.5   0.0   1.7533096388809957
4.5   0.0   1.8503363768426637
5.5   0.0   1.7433467247803294
6.5   0.0   1.8537675838368373
7.5   0.0   1.778478250865047
8.5   0.0   1.7688075363632365
9.5   0.0   1.895583954862358
10.5   0.0   1.5370344497032038
11.5   0.0   2.0825882585578825
12.5   0.0   1.150285244353606
13.5   0.0   2.2285152893330133
14.5   0.0   0.6836527724242376
15.5   0.0   2.1244639644203764
16.5   0.0   0.2768399700701384
17.5   0.0   1.5717504088668464
18.5   0.0   0.050184110903604084
19.5   0.0   0.6316595935450915
