# x,  y, local density of states
-19.5   0.0   0.5712704742818933
-18.5   0.0   0.08275709326255522
-17.5   0.0   1.0529398908868342
-16.5   0.0   0.43572332692142585
-15.5   0.0   0.8649477056251744
-14.5   0.0   0.8895407905179563
-13.5   0.0   0.48278008478987194
-12.5   0.0   1.0482940730740584
-11.5   0.0   0.4340882962234612
-10.5   0.0   0.8105466265791011
-9.5   0.0   0.6925607435260662
-8.5   0.0   0.5068881717406896
-7.5   0.0   0.8607625843452235
-6.5   0.0   0.4882580784575256
-5.5   0.0   0.7314903047059416
-4.5   0.0   0.7165066420990789
-3.5   0.0   0.5139472208858168
-2.5   0.0   0.8582718699322155
-1.5   0.0   0.5145461656231851
-0.5   0.0   0.728445776112442
0.5   0.0   0.7284457761124248
1.5   0.0   0.5145461656231827
2.5   0.0   0.8582718699321699
3.5   0.0   0.5139472208858205
4.5   0.0   0.716506642099032
5.5   0.0   0.7314903047059733
6.5   0.0   0.48825807845750013
7.5   0.0   0.8607625843452863
8.5   0.0   0.5068881717406918
9.5   0.0   0.6925607435261326
10.5   0.0   0.810546626579128
11.5   0.0   0.4340882962234944
12.5   0.0   1.048294073074091
13.5   0.0   0.48278008478987117
14.5   0.0   0.8895407905179755
15.5   0.0   0.8649477056251806
16.5   0.0   0.43572332692142857
17.5   0.0   1.0529398908868695
18.5   0.0   0.08275709326255508
19.5   0.0   0.5712704742819221
