# x,  y, local density of states
-19.5   0.0   0.13779278755627924
-18.5   0.0   0.07633355932911466
-17.5   0.0   0.05603459596490958
-16.5   0.0   0.15223408372281172
-15.5   0.0   0.05606401370905345
-14.5   0.0   0.048499058076888014
-13.5   0.0   0.11781290006207275
-12.5   0.0   0.07137276269089453
-11.5   0.0   0.0473996581604032
-10.5   0.0   0.11308481716876388
-9.5   0.0   0.077348346545272
-8.5   0.0   0.053816117856249346
-7.5   0.0   0.1033323363093757
-6.5   0.0   0.07917202148420216
-5.5   0.0   0.06031960156646311
-4.5   0.0   0.09646300811021817
-3.5   0.0   0.07789444616206491
-2.5   0.0   0.06736900852020175
-1.5   0.0   0.09303426232369676
-0.5   0.0   0.0736122699831102
0.5   0.0   0.07361226998311042
1.5   0.0   0.09303426232369688
2.5   0.0   0.06736900852020247
3.5   0.0   0.07789444616206402
4.5   0.0   0.09646300811021659
5.5   0.0   0.06031960156646278
6.5   0.0   0.07917202148420267
7.5   0.0   0.10333233630937363
8.5   0.0   0.053816117856249304
9.5   0.0   0.07734834654527178
10.5   0.0   0.1130848171687625
11.5   0.0   0.04739965816040206
12.5   0.0   0.0713727626908952
13.5   0.0   0.11781290006207087
14.5   0.0   0.04849905807688681
15.5   0.0   0.05606401370905423
16.5   0.0   0.152234083722809
17.5   0.0   0.056034595964907695
18.5   0.0   0.07633355932911383
19.5   0.0   0.13779278755627639
