# x,  y, local density of states
-19.5   0.0   0.19018323482343583
-18.5   0.0   0.07781425235957576
-17.5   0.0   0.13647426988089098
-16.5   0.0   0.22189043576483125
-15.5   0.0   0.04829146756493176
-14.5   0.0   0.14835909144288326
-13.5   0.0   0.15324440711712248
-12.5   0.0   0.059700483187212036
-11.5   0.0   0.14421741460521006
-10.5   0.0   0.1416718433231378
-9.5   0.0   0.07249554938040322
-8.5   0.0   0.15427489700477234
-7.5   0.0   0.12282824256614978
-6.5   0.0   0.09131140860837927
-5.5   0.0   0.1502089798602569
-4.5   0.0   0.10952791472015827
-3.5   0.0   0.10942131020749443
-2.5   0.0   0.140678719029905
-1.5   0.0   0.10285533640942307
-0.5   0.0   0.1266422465392539
0.5   0.0   0.1266422465392497
1.5   0.0   0.10285533640942192
2.5   0.0   0.14067871902990545
3.5   0.0   0.10942131020749245
4.5   0.0   0.10952791472016071
5.5   0.0   0.15020897986025997
6.5   0.0   0.09131140860837711
7.5   0.0   0.12282824256615094
8.5   0.0   0.15427489700477176
9.5   0.0   0.07249554938040041
10.5   0.0   0.14167184332313915
11.5   0.0   0.14421741460520876
12.5   0.0   0.059700483187211675
13.5   0.0   0.1532444071171237
14.5   0.0   0.14835909144288148
15.5   0.0   0.04829146756493227
16.5   0.0   0.2218904357648284
17.5   0.0   0.13647426988088823
18.5   0.0   0.07781425235957445
19.5   0.0   0.190183234823432
