# x,  y, local density of states
-19.5   0.0   0.39173976805655397
-18.5   0.0   0.10016639497126267
-17.5   0.0   0.4757554261017142
-16.5   0.0   0.4175237468126445
-15.5   0.0   0.16893261624192427
-14.5   0.0   0.552655633531513
-13.5   0.0   0.150404630199492
-12.5   0.0   0.3079783553364752
-11.5   0.0   0.3932761099850653
-10.5   0.0   0.12394689626531495
-9.5   0.0   0.40248662904141014
-8.5   0.0   0.2822797351485288
-7.5   0.0   0.19152779483149035
-6.5   0.0   0.4481919657473542
-5.5   0.0   0.1707969934056598
-4.5   0.0   0.3269031510005611
-3.5   0.0   0.3674156803163499
-2.5   0.0   0.15732332863006154
-1.5   0.0   0.42055751484726184
-0.5   0.0   0.2419526709257396
0.5   0.0   0.24195267092573958
1.5   0.0   0.42055751484726633
2.5   0.0   0.1573233286300613
3.5   0.0   0.3674156803163564
4.5   0.0   0.32690315100055023
5.5   0.0   0.17079699340566734
6.5   0.0   0.4481919657473486
7.5   0.0   0.19152779483149013
8.5   0.0   0.2822797351485346
9.5   0.0   0.4024866290414109
10.5   0.0   0.12394689626532084
11.5   0.0   0.3932761099850728
12.5   0.0   0.3079783553364786
13.5   0.0   0.1504046301994969
14.5   0.0   0.5526556335315189
15.5   0.0   0.16893261624192515
16.5   0.0   0.41752374681264964
17.5   0.0   0.4757554261017179
18.5   0.0   0.1001663949712635
19.5   0.0   0.3917397680565591
