# x,  y, local density of states
-19.5   0.0   0.48409117020798687
-18.5   0.0   0.1105806434501268
-17.5   0.0   0.6472056026847146
-16.5   0.0   0.4924703331513222
-15.5   0.0   0.28146524084638586
-14.5   0.0   0.7209033601560607
-13.5   0.0   0.1857584527290806
-12.5   0.0   0.47377939352148574
-11.5   0.0   0.47148026182642977
-10.5   0.0   0.19511517249001079
-9.5   0.0   0.5504454715604358
-8.5   0.0   0.3312123552447336
-7.5   0.0   0.3023371466910592
-6.5   0.0   0.5679213653595359
-5.5   0.0   0.2261931855785543
-4.5   0.0   0.45914104819221174
-3.5   0.0   0.45879847590029355
-2.5   0.0   0.2360998056375779
-1.5   0.0   0.546028137539975
-0.5   0.0   0.32792928979105396
0.5   0.0   0.3279292897910519
1.5   0.0   0.5460281375399797
2.5   0.0   0.23609980563756908
3.5   0.0   0.458798475900304
4.5   0.0   0.45914104819219215
5.5   0.0   0.22619318557856707
6.5   0.0   0.567921365359527
7.5   0.0   0.3023371466910653
8.5   0.0   0.3312123552447378
9.5   0.0   0.5504454715604451
10.5   0.0   0.19511517249001797
11.5   0.0   0.4714802618264418
12.5   0.0   0.47377939352149395
13.5   0.0   0.18575845272908434
14.5   0.0   0.7209033601560694
15.5   0.0   0.2814652408463874
16.5   0.0   0.4924703331513271
17.5   0.0   0.6472056026847234
18.5   0.0   0.110580643450127
19.5   0.0   0.4840911702079956
