# x,  y, local density of states
-19.5   0.0   0.4622175313493335
-18.5   0.0   0.16012225331856844
-17.5   0.0   0.3895321794068559
-16.5   0.0   0.5519943240271857
-15.5   0.0   0.06787751267926281
-14.5   0.0   0.4644528095958963
-13.5   0.0   0.3197047228204992
-12.5   0.0   0.09974299211955673
-11.5   0.0   0.455556761417373
-10.5   0.0   0.2603334906485583
-9.5   0.0   0.1508657213055831
-8.5   0.0   0.4917340490250452
-7.5   0.0   0.18695251091308576
-6.5   0.0   0.23008719448958542
-5.5   0.0   0.4717886186731132
-4.5   0.0   0.1367709900188879
-3.5   0.0   0.30339993091352246
-2.5   0.0   0.43023604315154174
-1.5   0.0   0.1119299840479375
-0.5   0.0   0.3726720768118936
0.5   0.0   0.372672076811883
1.5   0.0   0.11192998404793704
2.5   0.0   0.43023604315153424
3.5   0.0   0.30339993091352224
4.5   0.0   0.13677099001888954
5.5   0.0   0.471788618673117
6.5   0.0   0.23008719448958126
7.5   0.0   0.18695251091308535
8.5   0.0   0.4917340490250332
9.5   0.0   0.15086572130557693
10.5   0.0   0.26033349064855105
11.5   0.0   0.45555676141735707
12.5   0.0   0.09974299211955596
13.5   0.0   0.3197047228204907
14.5   0.0   0.4644528095958808
15.5   0.0   0.06787751267926308
16.5   0.0   0.5519943240271625
17.5   0.0   0.3895321794068406
18.5   0.0   0.1601222533185607
19.5   0.0   0.4622175313493136
