# x,  y, local density of states
-19.5   0.0   0.3336302804997864
-18.5   0.0   0.1619644721007389
-17.5   0.0   0.15863343016030262
-16.5   0.0   0.39803818921647205
-15.5   0.0   0.07981388114310065
-14.5   0.0   0.14581306548712883
-13.5   0.0   0.31483100910097134
-12.5   0.0   0.09932867349575861
-11.5   0.0   0.1331202683065775
-10.5   0.0   0.32542895402486116
-9.5   0.0   0.10716495966601694
-8.5   0.0   0.13837629167412274
-7.5   0.0   0.31754780292542784
-6.5   0.0   0.11371891670465417
-5.5   0.0   0.1351611139149985
-4.5   0.0   0.31256794474311206
-3.5   0.0   0.1207063124466632
-2.5   0.0   0.13140609982679455
-1.5   0.0   0.31080911111501186
-0.5   0.0   0.1266079254579572
0.5   0.0   0.12660792545794872
1.5   0.0   0.31080911111500703
2.5   0.0   0.13140609982680465
3.5   0.0   0.12070631244665433
4.5   0.0   0.31256794474312166
5.5   0.0   0.13516111391500846
6.5   0.0   0.11371891670464862
7.5   0.0   0.31754780292543433
8.5   0.0   0.13837629167413304
9.5   0.0   0.10716495966601029
10.5   0.0   0.32542895402487504
11.5   0.0   0.13312026830658794
12.5   0.0   0.09932867349575687
13.5   0.0   0.31483100910098544
14.5   0.0   0.14581306548713585
15.5   0.0   0.0798138811431014
16.5   0.0   0.3980381892164834
17.5   0.0   0.1586334301603052
18.5   0.0   0.16196447210074102
19.5   0.0   0.3336302804997901
