# x,  y, local density of states
-19.5   0.0   0.19163524326536235
-18.5   0.0   0.08552572874927687
-17.5   0.0   0.11827212093113348
-16.5   0.0   0.22372785723042507
-15.5   0.0   0.05274393434242206
-14.5   0.0   0.12020175016416992
-13.5   0.0   0.16658990362388204
-12.5   0.0   0.06444242167893488
-11.5   0.0   0.11419538771134849
-10.5   0.0   0.16333578564169177
-9.5   0.0   0.07317718499128166
-8.5   0.0   0.1204028023205963
-7.5   0.0   0.15192727631728178
-6.5   0.0   0.0842656618818537
-5.5   0.0   0.1175155504852916
-4.5   0.0   0.14425572335103562
-3.5   0.0   0.09470258588679384
-2.5   0.0   0.11206744173595258
-1.5   0.0   0.14062301699264715
-0.5   0.0   0.10429201252732026
0.5   0.0   0.10429201252731593
1.5   0.0   0.14062301699264532
2.5   0.0   0.11206744173595554
3.5   0.0   0.09470258588679054
4.5   0.0   0.14425572335103937
5.5   0.0   0.11751555048529574
6.5   0.0   0.08426566188185113
7.5   0.0   0.15192727631728398
8.5   0.0   0.12040280232059879
9.5   0.0   0.07317718499127844
10.5   0.0   0.163335785641696
11.5   0.0   0.11419538771135071
12.5   0.0   0.06444242167893424
13.5   0.0   0.16658990362388654
14.5   0.0   0.1202017501641709
15.5   0.0   0.05274393434242258
16.5   0.0   0.2237278572304266
17.5   0.0   0.11827212093113278
18.5   0.0   0.08552572874927676
19.5   0.0   0.19163524326536135
