# x,  y, local density of states
-19.5   0.0   0.49473695213850494
-18.5   0.0   0.12241254692353559
-17.5   0.0   0.6102334961361401
-16.5   0.0   0.5270672221966878
-15.5   0.0   0.20653228087048756
-14.5   0.0   0.7181409554288455
-13.5   0.0   0.164224909416975
-12.5   0.0   0.3992685954319265
-11.5   0.0   0.49768674966854326
-10.5   0.0   0.12889356422634865
-9.5   0.0   0.5312067203384413
-8.5   0.0   0.33837986567185646
-7.5   0.0   0.2287884134046095
-6.5   0.0   0.5917640728181099
-5.5   0.0   0.1805950245664795
-4.5   0.0   0.42464044357399067
-3.5   0.0   0.4723256286722592
-2.5   0.0   0.16335695021870902
-1.5   0.0   0.5605518709822733
-0.5   0.0   0.2882053496482299
0.5   0.0   0.28820534964823
1.5   0.0   0.560551870982279
2.5   0.0   0.16335695021870686
3.5   0.0   0.4723256286722693
4.5   0.0   0.4246404435739755
5.5   0.0   0.18059502456648907
6.5   0.0   0.591764072818103
7.5   0.0   0.22878841340460718
8.5   0.0   0.33837986567186223
9.5   0.0   0.5312067203384417
10.5   0.0   0.12889356422635417
11.5   0.0   0.4976867496685526
12.5   0.0   0.399268595431931
13.5   0.0   0.16422490941698029
14.5   0.0   0.7181409554288531
15.5   0.0   0.20653228087048844
16.5   0.0   0.5270672221966937
17.5   0.0   0.6102334961361449
18.5   0.0   0.12241254692353618
19.5   0.0   0.4947369521385111
