# x,  y, local density of states
-19.5   0.0   0.7274642039864542
-18.5   0.0   0.48743656154808934
-17.5   0.0   0.10703442778688346
-16.5   0.0   0.7478662257173239
-15.5   0.0   0.4129396103730412
-14.5   0.0   0.026661825295986402
-13.5   0.0   0.5244283390042547
-12.5   0.0   0.6004503222973466
-11.5   0.0   0.045972884921202786
-10.5   0.0   0.3936645289610908
-9.5   0.0   0.692269544827895
-8.5   0.0   0.13077085778398118
-7.5   0.0   0.23635432072562945
-6.5   0.0   0.7154999643167856
-5.5   0.0   0.2664250715646293
-4.5   0.0   0.11266061265417811
-3.5   0.0   0.6718855061319289
-2.5   0.0   0.42167956078047875
-1.5   0.0   0.04440733834621833
-0.5   0.0   0.5663912897003864
0.5   0.0   0.5663912897003802
1.5   0.0   0.044407338346215394
2.5   0.0   0.42167956078050084
3.5   0.0   0.6718855061319126
4.5   0.0   0.11266061265417107
5.5   0.0   0.2664250715646342
6.5   0.0   0.7154999643167944
7.5   0.0   0.236354320725622
8.5   0.0   0.13077085778398853
9.5   0.0   0.6922695448278893
10.5   0.0   0.3936645289610914
11.5   0.0   0.04597288492120291
12.5   0.0   0.6004503222973595
13.5   0.0   0.5244283390042594
14.5   0.0   0.02666182529598601
15.5   0.0   0.4129396103730501
16.5   0.0   0.7478662257173366
17.5   0.0   0.10703442778687954
18.5   0.0   0.4874365615480971
19.5   0.0   0.727464203986456
