# x,  y, local density of states
-19.5   0.0   0.4304825598774997
-18.5   0.0   0.2888339638851181
-17.5   0.0   0.0680581264727504
-16.5   0.0   0.43963064557269277
-15.5   0.0   0.24698187474009858
-14.5   0.0   0.023902765775861885
-13.5   0.0   0.30796405636666213
-12.5   0.0   0.35383091450494547
-11.5   0.0   0.037587723888631346
-10.5   0.0   0.23293926832059916
-9.5   0.0   0.4037973800717402
-8.5   0.0   0.08761029101016221
-7.5   0.0   0.1448132435595912
-6.5   0.0   0.4147746941559664
-5.5   0.0   0.16437446660776425
-4.5   0.0   0.07686575969550279
-3.5   0.0   0.38923809246708846
-2.5   0.0   0.25058214478229757
-1.5   0.0   0.03982198152491766
-0.5   0.0   0.33046944967864705
0.5   0.0   0.3304694496786456
1.5   0.0   0.03982198152491733
2.5   0.0   0.2505821447822934
3.5   0.0   0.3892380924670841
4.5   0.0   0.07686575969550132
5.5   0.0   0.1643744666077647
6.5   0.0   0.4147746941559501
7.5   0.0   0.14481324355958597
8.5   0.0   0.08761029101016182
9.5   0.0   0.4037973800717369
10.5   0.0   0.23293926832059092
11.5   0.0   0.03758772388863296
12.5   0.0   0.35383091450493614
13.5   0.0   0.3079640563666578
14.5   0.0   0.023902765775862648
15.5   0.0   0.24698187474009559
16.5   0.0   0.43963064557268683
17.5   0.0   0.06805812647274856
18.5   0.0   0.2888339638851159
19.5   0.0   0.4304825598774912
