# x,  y, local density of states
-19.5   0.0   0.4524695807095216
-18.5   0.0   0.2273312078252809
-17.5   0.0   0.18985718369736038
-16.5   0.0   0.542907466055721
-15.5   0.0   0.10318785726193876
-14.5   0.0   0.16561657553284848
-13.5   0.0   0.43572975156443144
-12.5   0.0   0.13040567472686376
-11.5   0.0   0.1485676699706523
-10.5   0.0   0.45557552025648534
-9.5   0.0   0.13836069845596924
-8.5   0.0   0.1545078458129788
-7.5   0.0   0.4484439448670442
-6.5   0.0   0.14186440863303149
-5.5   0.0   0.15234881597992367
-4.5   0.0   0.4439796979131595
-3.5   0.0   0.14635300808369034
-2.5   0.0   0.15095194596811745
-1.5   0.0   0.4428492847038321
-0.5   0.0   0.14914374354594517
0.5   0.0   0.1491437435459486
1.5   0.0   0.44284928470383317
2.5   0.0   0.15095194596811273
3.5   0.0   0.14635300808369148
4.5   0.0   0.4439796979131522
5.5   0.0   0.15234881597991876
6.5   0.0   0.14186440863303287
7.5   0.0   0.4484439448670323
8.5   0.0   0.15450784581297305
9.5   0.0   0.13836069845596946
10.5   0.0   0.45557552025647385
11.5   0.0   0.1485676699706434
12.5   0.0   0.13040567472686296
13.5   0.0   0.43572975156441646
14.5   0.0   0.16561657553284054
15.5   0.0   0.10318785726193973
16.5   0.0   0.5429074660556987
17.5   0.0   0.18985718369734927
18.5   0.0   0.2273312078252725
19.5   0.0   0.45246958070950255
