# x,  y, local density of states
-19.5   0.0   0.43931231533170173
-18.5   0.0   0.11035006338484811
-17.5   0.0   0.5382397815163501
-16.5   0.0   0.46799439379760616
-15.5   0.0   0.18659874924494832
-14.5   0.0   0.629473590900169
-13.5   0.0   0.15654493871354683
-12.5   0.0   0.3506804704666303
-11.5   0.0   0.4415564761262309
-10.5   0.0   0.12603833479981005
-9.5   0.0   0.46259244511276215
-8.5   0.0   0.30792885260581543
-7.5   0.0   0.20883301669304355
-6.5   0.0   0.5151131025435246
-5.5   0.0   0.17484326971979466
-4.5   0.0   0.37254288543184366
-3.5   0.0   0.41615960003309554
-2.5   0.0   0.15967479334739273
-1.5   0.0   0.4859792651144788
-0.5   0.0   0.26318393330598394
0.5   0.0   0.263183933305984
1.5   0.0   0.48597926511448386
2.5   0.0   0.15967479334739149
3.5   0.0   0.4161596000331038
4.5   0.0   0.37254288543183073
5.5   0.0   0.17484326971980313
6.5   0.0   0.5151131025435184
7.5   0.0   0.20883301669304233
8.5   0.0   0.30792885260582126
9.5   0.0   0.46259244511276276
10.5   0.0   0.12603833479981574
11.5   0.0   0.4415564761262392
12.5   0.0   0.35068047046663414
13.5   0.0   0.15654493871355188
14.5   0.0   0.6294735909001756
15.5   0.0   0.18659874924494926
16.5   0.0   0.4679943937976117
17.5   0.0   0.5382397815163544
18.5   0.0   0.11035006338484882
19.5   0.0   0.43931231533170734
