# x,  y, local density of states
-19.5   0.0   0.5739942210834763
-18.5   0.0   0.2844117654372358
-17.5   0.0   0.2457742329093786
-16.5   0.0   0.6928668390169631
-15.5   0.0   0.1228164203529024
-14.5   0.0   0.21661813644446176
-13.5   0.0   0.5553916875776996
-12.5   0.0   0.15538903102406157
-11.5   0.0   0.19361305031196838
-10.5   0.0   0.5824134424093174
-9.5   0.0   0.16533042091314168
-8.5   0.0   0.20019072151256195
-7.5   0.0   0.5743983155904163
-6.5   0.0   0.1710313056804463
-5.5   0.0   0.19497678481693997
-4.5   0.0   0.5694756100998751
-3.5   0.0   0.17879603473433395
-2.5   0.0   0.19031339023427574
-1.5   0.0   0.56846374092834
-0.5   0.0   0.18504903582904308
0.5   0.0   0.1850490358290275
1.5   0.0   0.5684637409283307
2.5   0.0   0.19031339023429597
3.5   0.0   0.17879603473431688
4.5   0.0   0.5694756100998934
5.5   0.0   0.1949767848169588
6.5   0.0   0.1710313056804362
7.5   0.0   0.5743983155904288
8.5   0.0   0.2001907215125827
9.5   0.0   0.16533042091312958
10.5   0.0   0.5824134424093448
11.5   0.0   0.19361305031198978
12.5   0.0   0.15538903102405824
13.5   0.0   0.5553916875777274
14.5   0.0   0.2166181364444765
15.5   0.0   0.12281642035290358
16.5   0.0   0.6928668390169874
17.5   0.0   0.24577423290938483
18.5   0.0   0.2844117654372407
19.5   0.0   0.5739942210834849
