# x,  y, local density of states
-19.5   0.0   0.5335900232707115
-18.5   0.0   0.12351031589269076
-17.5   0.0   0.7000227995817209
-16.5   0.0   0.5504845295459084
-15.5   0.0   0.28161343929775623
-14.5   0.0   0.795476576392474
-13.5   0.0   0.18789559384217733
-12.5   0.0   0.4979695339016524
-11.5   0.0   0.5256209037791577
-10.5   0.0   0.18265628257146124
-9.5   0.0   0.6044818613783469
-8.5   0.0   0.3592624108163947
-7.5   0.0   0.30250790514467824
-6.5   0.0   0.6389130684503478
-5.5   0.0   0.22094507143901077
-4.5   0.0   0.49562579153430353
-3.5   0.0   0.510102664337108
-2.5   0.0   0.22264320374292754
-1.5   0.0   0.6131193003282069
-0.5   0.0   0.340315948098961
0.5   0.0   0.3403159480989801
1.5   0.0   0.6131193003281977
2.5   0.0   0.22264320374293045
3.5   0.0   0.510102664337112
4.5   0.0   0.49562579153430336
5.5   0.0   0.22094507143901143
6.5   0.0   0.6389130684503648
7.5   0.0   0.30250790514465786
8.5   0.0   0.3592624108164122
9.5   0.0   0.6044818613783234
10.5   0.0   0.18265628257146063
11.5   0.0   0.5256209037791553
12.5   0.0   0.4979695339016383
13.5   0.0   0.18789559384218651
14.5   0.0   0.7954765763924633
15.5   0.0   0.2816134392977512
16.5   0.0   0.5504845295459019
17.5   0.0   0.7000227995817054
18.5   0.0   0.12351031589269067
19.5   0.0   0.5335900232707036
