# x,  y, local density of states
-19.5   0.0   0.6423402617888716
-18.5   0.0   0.04844105556853514
-17.5   0.0   1.633217374196467
-16.5   0.0   0.2664501572819567
-15.5   0.0   2.276735388062286
-14.5   0.0   0.6621079767281927
-13.5   0.0   2.481143019044167
-12.5   0.0   1.1322583278885503
-11.5   0.0   2.406607027951733
-10.5   0.0   1.5534406143043404
-9.5   0.0   2.240495035436685
-8.5   0.0   1.850411925935047
-7.5   0.0   2.1004307104192774
-6.5   0.0   2.012201570610941
-5.5   0.0   2.0253754686699983
-4.5   0.0   2.070952239010645
-3.5   0.0   2.006349606918113
-2.5   0.0   2.0707972609858456
-1.5   0.0   2.020005186803924
-0.5   0.0   2.046700753522779
0.5   0.0   2.046700753522812
1.5   0.0   2.020005186803887
2.5   0.0   2.070797260985865
3.5   0.0   2.006349606918089
4.5   0.0   2.070952239010656
5.5   0.0   2.0253754686699987
6.5   0.0   2.0122015706109435
7.5   0.0   2.100430710419307
8.5   0.0   1.850411925935041
9.5   0.0   2.2404950354367483
10.5   0.0   1.553440614304337
11.5   0.0   2.4066070279518166
12.5   0.0   1.1322583278885543
13.5   0.0   2.481143019044256
14.5   0.0   0.6621079767282008
15.5   0.0   2.2767353880623777
16.5   0.0   0.26645015728196086
17.5   0.0   1.6332173741965457
18.5   0.0   0.04844105556853599
19.5   0.0   0.6423402617889075
