# x,  y, local density of states
-19.5   0.0   0.14239063902432642
-18.5   0.0   0.07793643462372697
-17.5   0.0   0.05900836575703315
-16.5   0.0   0.15849759404521932
-15.5   0.0   0.05571257805306878
-14.5   0.0   0.05139594640022633
-13.5   0.0   0.12321664823624723
-12.5   0.0   0.07061371492209466
-11.5   0.0   0.04982204075803837
-10.5   0.0   0.11949866676525742
-9.5   0.0   0.07634156638897738
-8.5   0.0   0.0559053788958751
-7.5   0.0   0.11034820091035824
-6.5   0.0   0.07817421478474411
-5.5   0.0   0.06170092172951829
-4.5   0.0   0.10395508719690764
-3.5   0.0   0.07722288903669736
-2.5   0.0   0.0679842034977189
-1.5   0.0   0.10080790594712442
-0.5   0.0   0.07350726493905427
0.5   0.0   0.07350726493905459
1.5   0.0   0.10080790594712458
2.5   0.0   0.06798420349771946
3.5   0.0   0.07722288903669658
4.5   0.0   0.1039550871969059
5.5   0.0   0.061700921729517855
6.5   0.0   0.07817421478474464
7.5   0.0   0.11034820091035602
8.5   0.0   0.05590537889587491
9.5   0.0   0.0763415663889772
10.5   0.0   0.11949866676525586
11.5   0.0   0.04982204075803703
12.5   0.0   0.07061371492209524
13.5   0.0   0.12321664823624508
14.5   0.0   0.05139594640022497
15.5   0.0   0.05571257805306954
16.5   0.0   0.1584975940452161
17.5   0.0   0.05900836575703107
18.5   0.0   0.07793643462372596
19.5   0.0   0.14239063902432314
