# x,  y, local density of states
-19.5   0.0   0.5913262286511533
-18.5   0.0   0.20738294018128633
-17.5   0.0   0.48153719356770935
-16.5   0.0   0.7146703791970577
-15.5   0.0   0.06340831406635193
-14.5   0.0   0.5824869487040358
-13.5   0.0   0.41220273741047453
-12.5   0.0   0.09652029833698819
-11.5   0.0   0.5837836944723409
-10.5   0.0   0.3310550594469267
-9.5   0.0   0.16114167081308658
-8.5   0.0   0.6419432187299601
-7.5   0.0   0.22433898368412938
-6.5   0.0   0.2680701485432328
-5.5   0.0   0.6217217021153731
-4.5   0.0   0.14555234569807524
-3.5   0.0   0.37530538475244235
-2.5   0.0   0.5646974170830299
-1.5   0.0   0.10518940255308337
-0.5   0.0   0.4794163093293691
0.5   0.0   0.4794163093293715
1.5   0.0   0.10518940255308779
2.5   0.0   0.5646974170830736
3.5   0.0   0.37530538475242176
4.5   0.0   0.14555234569808964
5.5   0.0   0.621721702115383
6.5   0.0   0.26807014854322764
7.5   0.0   0.22433898368414856
8.5   0.0   0.6419432187300025
9.5   0.0   0.16114167081307806
10.5   0.0   0.3310550594469685
11.5   0.0   0.5837836944723505
12.5   0.0   0.09652029833698264
13.5   0.0   0.41220273741049895
14.5   0.0   0.5824869487040393
15.5   0.0   0.06340831406635242
16.5   0.0   0.7146703791970785
17.5   0.0   0.4815371935677092
18.5   0.0   0.20738294018129627
19.5   0.0   0.5913262286511657
