# x,  y, local density of states
-19.5   0.0   0.6012116857704372
-18.5   0.0   0.0888644021120143
-17.5   0.0   1.0897362064832616
-16.5   0.0   0.4687439729754863
-15.5   0.0   0.858899630061421
-14.5   0.0   0.9493948931044156
-13.5   0.0   0.44369451122918224
-12.5   0.0   1.0942056358743038
-11.5   0.0   0.41731379971668586
-10.5   0.0   0.8041177074165022
-9.5   0.0   0.7248306371888468
-8.5   0.0   0.4639193842086173
-7.5   0.0   0.9057503459776348
-6.5   0.0   0.46613250103491494
-5.5   0.0   0.7361390581782323
-4.5   0.0   0.748059772046349
-3.5   0.0   0.4749723676529808
-2.5   0.0   0.9128611479898862
-1.5   0.0   0.4830588050967693
-0.5   0.0   0.7482604867150732
0.5   0.0   0.7482604867150889
1.5   0.0   0.4830588050967753
2.5   0.0   0.9128611479899407
3.5   0.0   0.47497236765297557
4.5   0.0   0.748059772046408
5.5   0.0   0.7361390581781965
6.5   0.0   0.46613250103494586
7.5   0.0   0.9057503459775699
8.5   0.0   0.46391938420862316
9.5   0.0   0.7248306371887921
10.5   0.0   0.8041177074165093
11.5   0.0   0.41731379971667254
12.5   0.0   1.094205635874338
13.5   0.0   0.4436945112291981
14.5   0.0   0.9493948931044629
15.5   0.0   0.8588996300614461
16.5   0.0   0.4687439729755162
17.5   0.0   1.089736206483285
18.5   0.0   0.08886440211201996
19.5   0.0   0.6012116857704487
