# x,  y, local density of states
-19.5   0.0   0.2668125112641745
-18.5   0.0   0.1272699533158707
-17.5   0.0   0.13618875557243612
-16.5   0.0   0.31605405084325183
-15.5   0.0   0.06764728824597499
-14.5   0.0   0.128668046099436
-13.5   0.0   0.24705579333369473
-12.5   0.0   0.08351286516967597
-11.5   0.0   0.11890238820358953
-10.5   0.0   0.25248237740463936
-9.5   0.0   0.09108417959257159
-8.5   0.0   0.12402635121650836
-7.5   0.0   0.2441230214362156
-6.5   0.0   0.09847866435723247
-5.5   0.0   0.12121813287537768
-4.5   0.0   0.23875281806309212
-3.5   0.0   0.10582944970964238
-2.5   0.0   0.11737082535779698
-1.5   0.0   0.23658444350586094
-0.5   0.0   0.11221288476709745
0.5   0.0   0.11221288476709913
1.5   0.0   0.2365844435058618
2.5   0.0   0.11737082535779696
3.5   0.0   0.1058294497096419
4.5   0.0   0.23875281806308898
5.5   0.0   0.12121813287537603
6.5   0.0   0.0984786643572327
7.5   0.0   0.24412302143621115
8.5   0.0   0.12402635121650803
9.5   0.0   0.09108417959257153
10.5   0.0   0.25248237740463636
11.5   0.0   0.11890238820358605
12.5   0.0   0.0835128651696755
13.5   0.0   0.24705579333368907
14.5   0.0   0.1286680460994325
15.5   0.0   0.06764728824597568
16.5   0.0   0.3160540508432423
17.5   0.0   0.13618875557243101
18.5   0.0   0.12726995331586718
19.5   0.0   0.26681251126416605
