# x,  y, local density of states
-19.5   0.0   0.2668125112641463
-18.5   0.0   0.12726995331585741
-17.5   0.0   0.13618875557242333
-16.5   0.0   0.31605405084321697
-15.5   0.0   0.06764728824597047
-14.5   0.0   0.12866804609942412
-13.5   0.0   0.24705579333366484
-12.5   0.0   0.08351286516967335
-11.5   0.0   0.11890238820357774
-10.5   0.0   0.25248237740461277
-9.5   0.0   0.0910841795925715
-8.5   0.0   0.1240263512164975
-7.5   0.0   0.2441230214361945
-6.5   0.0   0.09847866435723293
-5.5   0.0   0.12121813287536788
-4.5   0.0   0.23875281806306803
-3.5   0.0   0.10582944970964281
-2.5   0.0   0.1173708253577883
-1.5   0.0   0.23658444350584593
-0.5   0.0   0.11221288476709823
0.5   0.0   0.11221288476709163
1.5   0.0   0.2365844435058424
2.5   0.0   0.11737082535779542
3.5   0.0   0.10582944970963626
4.5   0.0   0.23875281806307516
5.5   0.0   0.12121813287537529
6.5   0.0   0.09847866435722873
7.5   0.0   0.24412302143619907
8.5   0.0   0.1240263512165046
9.5   0.0   0.09108417959256639
10.5   0.0   0.2524823774046227
11.5   0.0   0.11890238820358488
12.5   0.0   0.08351286516967202
13.5   0.0   0.24705579333367486
14.5   0.0   0.12866804609942878
15.5   0.0   0.06764728824597113
16.5   0.0   0.3160540508432243
17.5   0.0   0.1361887555724248
18.5   0.0   0.12726995331585877
19.5   0.0   0.26681251126414823
