# x,  y, local density of states
-19.5   0.0   0.5858670879488892
-18.5   0.0   0.09281826078854824
-17.5   0.0   1.0159488496909934
-16.5   0.0   0.4805074982017341
-15.5   0.0   0.7301513799058221
-14.5   0.0   0.9395622200615572
-13.5   0.0   0.32532502762303905
-12.5   0.0   1.021672352198322
-11.5   0.0   0.3573344128889424
-10.5   0.0   0.678640690131614
-9.5   0.0   0.6970265841769658
-8.5   0.0   0.34492228768540295
-7.5   0.0   0.8533026883375822
-6.5   0.0   0.39443227139497655
-5.5   0.0   0.642529249110872
-4.5   0.0   0.709605618029662
-3.5   0.0   0.3679276730394504
-2.5   0.0   0.8713456443777372
-1.5   0.0   0.3917239909892099
-0.5   0.0   0.6832250901894071
0.5   0.0   0.6832250901893924
1.5   0.0   0.39172399098920785
2.5   0.0   0.8713456443776925
3.5   0.0   0.36792767303945945
4.5   0.0   0.7096056180296141
5.5   0.0   0.6425292491109154
6.5   0.0   0.394432271394953
7.5   0.0   0.8533026883376595
8.5   0.0   0.3449222876854111
9.5   0.0   0.6970265841770403
10.5   0.0   0.6786406901316472
11.5   0.0   0.3573344128889754
12.5   0.0   1.0216723521983575
13.5   0.0   0.32532502762303406
14.5   0.0   0.9395622200615754
15.5   0.0   0.7301513799058265
16.5   0.0   0.48050749820173544
17.5   0.0   1.0159488496910314
18.5   0.0   0.0928182607885477
19.5   0.0   0.585867087948921
