# x,  y, local density of states
-19.5   0.0   0.3318908231416559
-18.5   0.0   0.11119407544703085
-17.5   0.0   0.3016236421608276
-16.5   0.0   0.3860995023373929
-15.5   0.0   0.07640064486185688
-14.5   0.0   0.350417500088791
-13.5   0.0   0.22303626683775804
-12.5   0.0   0.11025454533470114
-11.5   0.0   0.3266357052720587
-10.5   0.0   0.18653048886007845
-9.5   0.0   0.14901917120061828
-8.5   0.0   0.3365149439355767
-7.5   0.0   0.15065664582812283
-6.5   0.0   0.19947204986080924
-5.5   0.0   0.3142636037611262
-4.5   0.0   0.1344388240078538
-3.5   0.0   0.23438134316815226
-2.5   0.0   0.28906334815918816
-1.5   0.0   0.1284588190003391
-0.5   0.0   0.2632729672748102
0.5   0.0   0.263272967274811
1.5   0.0   0.1284588190003417
2.5   0.0   0.28906334815920637
3.5   0.0   0.2343813431681445
4.5   0.0   0.13443882400785778
5.5   0.0   0.31426360376113194
6.5   0.0   0.19947204986080588
7.5   0.0   0.15065664582813165
8.5   0.0   0.33651494393559583
9.5   0.0   0.14901917120061559
10.5   0.0   0.18653048886009752
11.5   0.0   0.3266357052720644
12.5   0.0   0.11025454533469975
13.5   0.0   0.22303626683776934
14.5   0.0   0.3504175000887937
15.5   0.0   0.07640064486185762
16.5   0.0   0.3860995023374024
17.5   0.0   0.3016236421608285
18.5   0.0   0.11119407544703513
19.5   0.0   0.3318908231416622
