# x,  y, local density of states
-19.5   0.0   0.6244324524420692
-18.5   0.0   0.09384233644928038
-17.5   0.0   1.1166085441987195
-16.5   0.0   0.49519746602279263
-15.5   0.0   0.850624723063966
-14.5   0.0   0.996051591538846
-13.5   0.0   0.41027259606488237
-12.5   0.0   1.1278362303441758
-11.5   0.0   0.4030784071379673
-10.5   0.0   0.7957610063415782
-9.5   0.0   0.7489551134910065
-8.5   0.0   0.42815779630444994
-7.5   0.0   0.9383963278193378
-6.5   0.0   0.44789807660315195
-5.5   0.0   0.7369559343180418
-4.5   0.0   0.7711769252567331
-3.5   0.0   0.44285681047029063
-2.5   0.0   0.9528972221598806
-1.5   0.0   0.4572149242269237
-0.5   0.0   0.7615236339390491
0.5   0.0   0.7615236339390656
1.5   0.0   0.45721492422693016
2.5   0.0   0.9528972221599398
3.5   0.0   0.4428568104702836
4.5   0.0   0.7711769252567967
5.5   0.0   0.736955934318
6.5   0.0   0.4478980766031834
7.5   0.0   0.9383963278192645
8.5   0.0   0.42815779630445316
9.5   0.0   0.748955113490945
10.5   0.0   0.795761006341582
11.5   0.0   0.40307840713795173
12.5   0.0   1.1278362303442102
13.5   0.0   0.4102725960648987
14.5   0.0   0.9960515915388962
15.5   0.0   0.8506247230639914
16.5   0.0   0.4951974660228247
17.5   0.0   1.1166085441987426
18.5   0.0   0.09384233644928645
19.5   0.0   0.6244324524420803
