# x,  y, local density of states
-19.5   0.0   0.38188341924807057
-18.5   0.0   0.0739005533780037
-17.5   0.0   0.5966934223608915
-16.5   0.0   0.3432288203207871
-15.5   0.0   0.38227492601377017
-14.5   0.0   0.5814099097067613
-13.5   0.0   0.21328152497360064
-12.5   0.0   0.5346335114971248
-11.5   0.0   0.311957928848836
-10.5   0.0   0.3342756587668479
-9.5   0.0   0.44874885034533957
-8.5   0.0   0.2650209770360527
-7.5   0.0   0.4250135986238048
-6.5   0.0   0.35288788836953927
-5.5   0.0   0.3324760928625245
-4.5   0.0   0.42441498474027767
-3.5   0.0   0.3112580741306995
-2.5   0.0   0.41144016317956883
-1.5   0.0   0.34502088155368626
-0.5   0.0   0.3765926162342507
0.5   0.0   0.37659261623426155
1.5   0.0   0.3450208815536856
2.5   0.0   0.41144016317958904
3.5   0.0   0.3112580741306977
4.5   0.0   0.4244149847402985
5.5   0.0   0.33247609286251034
6.5   0.0   0.3528878883695537
7.5   0.0   0.425013598623774
8.5   0.0   0.2650209770360579
9.5   0.0   0.44874885034531237
10.5   0.0   0.33427565876684834
11.5   0.0   0.31195792884883067
12.5   0.0   0.534633511497132
13.5   0.0   0.2132815249736095
14.5   0.0   0.5814099097067748
15.5   0.0   0.3822749260137777
16.5   0.0   0.3432288203207959
17.5   0.0   0.5966934223608953
18.5   0.0   0.07390055337800563
19.5   0.0   0.38188341924807206
