# x,  y, local density of states
-19.5   0.0   0.7348304332682789
-18.5   0.0   0.36713030824109677
-17.5   0.0   0.30230579528257334
-16.5   0.0   0.8898687756706647
-15.5   0.0   0.1520118050206703
-14.5   0.0   0.2619345520734427
-13.5   0.0   0.7161291232985866
-12.5   0.0   0.1936567045500092
-11.5   0.0   0.2322847757467929
-10.5   0.0   0.7539362549341131
-9.5   0.0   0.2050238176351641
-8.5   0.0   0.23995421659677507
-7.5   0.0   0.7456208187328422
-6.5   0.0   0.2099353008780224
-5.5   0.0   0.23384525504263037
-4.5   0.0   0.740555693612865
-3.5   0.0   0.21790756464063663
-2.5   0.0   0.22906377963310975
-1.5   0.0   0.7399453528753381
-0.5   0.0   0.22397069795948743
0.5   0.0   0.22397069795946725
1.5   0.0   0.7399453528753265
2.5   0.0   0.22906377963313665
3.5   0.0   0.2179075646406139
4.5   0.0   0.7405556936128894
5.5   0.0   0.23384525504265505
6.5   0.0   0.20993530087800916
7.5   0.0   0.7456208187328592
8.5   0.0   0.23995421659680286
9.5   0.0   0.2050238176351484
10.5   0.0   0.7539362549341495
11.5   0.0   0.23228477574682171
12.5   0.0   0.19365670455000472
13.5   0.0   0.7161291232986237
14.5   0.0   0.26193455207346267
15.5   0.0   0.15201180502067166
16.5   0.0   0.8898687756706972
17.5   0.0   0.302305795282582
18.5   0.0   0.3671303082411035
19.5   0.0   0.7348304332682917
