# x,  y, local density of states
-19.5   0.0   0.48409117020800285
-18.5   0.0   0.11058064345013384
-17.5   0.0   0.6472056026847288
-16.5   0.0   0.49247033315136024
-15.5   0.0   0.2814652408463813
-14.5   0.0   0.7209033601561242
-13.5   0.0   0.18575845272907673
-12.5   0.0   0.4737793935215274
-11.5   0.0   0.4714802618264477
-10.5   0.0   0.19511517249001287
-9.5   0.0   0.5504454715604578
-8.5   0.0   0.3312123552447287
-7.5   0.0   0.3023371466910712
-6.5   0.0   0.5679213653595475
-5.5   0.0   0.2261931855785657
-4.5   0.0   0.45914104819222346
-3.5   0.0   0.458798475900304
-2.5   0.0   0.23609980563758223
-1.5   0.0   0.5460281375399818
-0.5   0.0   0.3279292897910479
0.5   0.0   0.32792928979106456
1.5   0.0   0.5460281375399743
2.5   0.0   0.2360998056375869
3.5   0.0   0.4587984759003069
4.5   0.0   0.4591410481922256
5.5   0.0   0.22619318557856477
6.5   0.0   0.5679213653595628
7.5   0.0   0.30233714669105133
8.5   0.0   0.33121235524474374
9.5   0.0   0.5504454715604358
10.5   0.0   0.19511517249001256
11.5   0.0   0.4714802618264454
12.5   0.0   0.4737793935215168
13.5   0.0   0.18575845272908542
14.5   0.0   0.7209033601561166
15.5   0.0   0.28146524084637825
16.5   0.0   0.49247033315135613
17.5   0.0   0.6472056026847169
18.5   0.0   0.11058064345013392
19.5   0.0   0.48409117020799663
