# x,  y, local density of states
-19.5   0.0   0.6747086501993725
-18.5   0.0   0.33742632261812616
-17.5   0.0   0.278191516759387
-16.5   0.0   0.8159959626394547
-15.5   0.0   0.14161782752774701
-14.5   0.0   0.241200415274461
-13.5   0.0   0.656488020953378
-12.5   0.0   0.18019283738518058
-11.5   0.0   0.21423740022407145
-10.5   0.0   0.6905133995626701
-9.5   0.0   0.19080826945580637
-8.5   0.0   0.22152730996119235
-7.5   0.0   0.6824836544627613
-6.5   0.0   0.19537359322084763
-5.5   0.0   0.21627546952070723
-4.5   0.0   0.6775697886861561
-3.5   0.0   0.2025616507939993
-2.5   0.0   0.21224258143202868
-1.5   0.0   0.6768614543908532
-0.5   0.0   0.2078856333423375
0.5   0.0   0.2078856333423191
1.5   0.0   0.6768614543908419
2.5   0.0   0.2122425814320531
3.5   0.0   0.20256165079397853
4.5   0.0   0.6775697886861782
5.5   0.0   0.21627546952072987
6.5   0.0   0.1953735932208354
7.5   0.0   0.6824836544627766
8.5   0.0   0.22152730996121775
9.5   0.0   0.19080826945579188
10.5   0.0   0.6905133995627033
11.5   0.0   0.2142374002240978
12.5   0.0   0.18019283738517647
13.5   0.0   0.6564880209534115
14.5   0.0   0.24120041527447922
15.5   0.0   0.14161782752774832
16.5   0.0   0.8159959626394848
17.5   0.0   0.2781915167593951
18.5   0.0   0.33742632261813243
19.5   0.0   0.6747086501993834
