# x,  y, local density of states
-19.5   0.0   0.1423906390243293
-18.5   0.0   0.07793643462372901
-17.5   0.0   0.059008365757033075
-16.5   0.0   0.15849759404522232
-15.5   0.0   0.05571257805306999
-14.5   0.0   0.05139594640022574
-13.5   0.0   0.123216648236249
-12.5   0.0   0.07061371492209803
-11.5   0.0   0.04982204075803703
-10.5   0.0   0.11949866676526093
-9.5   0.0   0.07634156638898056
-8.5   0.0   0.0559053788958742
-7.5   0.0   0.11034820091036344
-6.5   0.0   0.0781742147847485
-5.5   0.0   0.061700921729517785
-4.5   0.0   0.10395508719691164
-3.5   0.0   0.07722288903670009
-2.5   0.0   0.06798420349771904
-1.5   0.0   0.10080790594713189
-0.5   0.0   0.07350726493905721
0.5   0.0   0.0735072649390547
1.5   0.0   0.10080790594713045
2.5   0.0   0.06798420349772155
3.5   0.0   0.07722288903669722
4.5   0.0   0.10395508719691406
5.5   0.0   0.061700921729520575
6.5   0.0   0.07817421478474552
7.5   0.0   0.11034820091036467
8.5   0.0   0.05590537889587713
9.5   0.0   0.07634156638897843
10.5   0.0   0.11949866676526409
11.5   0.0   0.04982204075804022
12.5   0.0   0.0706137149220968
13.5   0.0   0.1232166482362528
14.5   0.0   0.05139594640022786
15.5   0.0   0.05571257805307017
16.5   0.0   0.1584975940452251
17.5   0.0   0.05900836575703376
18.5   0.0   0.07793643462372946
19.5   0.0   0.1423906390243296
