# x,  y, local density of states
-19.5   0.0   0.17847822803049146
-18.5   0.0   0.09366487577474282
-17.5   0.0   0.077119595247572
-16.5   0.0   0.20467609516623528
-15.5   0.0   0.058573070493936
-14.5   0.0   0.06803190548480204
-13.5   0.0   0.16152911824568095
-12.5   0.0   0.07340467588359298
-11.5   0.0   0.06400181959438667
-10.5   0.0   0.16220405439461472
-9.5   0.0   0.07871308870778834
-8.5   0.0   0.06921834322242891
-7.5   0.0   0.15471579025383114
-6.5   0.0   0.08075317614360217
-5.5   0.0   0.07256643811843312
-4.5   0.0   0.14966245940868578
-3.5   0.0   0.0810992047342096
-2.5   0.0   0.07627696334615927
-1.5   0.0   0.1473753003035052
-0.5   0.0   0.07936801421870204
0.5   0.0   0.07936801421869824
1.5   0.0   0.147375300303503
2.5   0.0   0.07627696334616363
3.5   0.0   0.08109920473420537
4.5   0.0   0.14966245940868983
5.5   0.0   0.07256643811843755
6.5   0.0   0.0807531761435988
7.5   0.0   0.15471579025383364
8.5   0.0   0.06921834322243359
9.5   0.0   0.07871308870778525
10.5   0.0   0.16220405439462046
11.5   0.0   0.06400181959439166
12.5   0.0   0.07340467588359169
13.5   0.0   0.16152911824568708
14.5   0.0   0.06803190548480541
15.5   0.0   0.05857307049393632
16.5   0.0   0.2046760951662402
17.5   0.0   0.07711959524757327
18.5   0.0   0.09366487577474376
19.5   0.0   0.17847822803049282
