# x,  y, local density of states
-19.5   0.0   0.33363028049982757
-18.5   0.0   0.16196447210075854
-17.5   0.0   0.15863343016032103
-16.5   0.0   0.3980381892165233
-15.5   0.0   0.07981388114310708
-14.5   0.0   0.14581306548714607
-13.5   0.0   0.3148310091010153
-12.5   0.0   0.09932867349576288
-11.5   0.0   0.1331202683065951
-10.5   0.0   0.32542895402490113
-9.5   0.0   0.1071649596660177
-8.5   0.0   0.13837629167413973
-7.5   0.0   0.3175478029254597
-6.5   0.0   0.11371891670465417
-5.5   0.0   0.13516111391501337
-4.5   0.0   0.3125679447431474
-3.5   0.0   0.12070631244666297
-2.5   0.0   0.1314060998268086
-1.5   0.0   0.3108091111150347
-0.5   0.0   0.12660792545795757
0.5   0.0   0.1266079254579599
1.5   0.0   0.3108091111150356
2.5   0.0   0.13140609982680707
3.5   0.0   0.12070631244666304
4.5   0.0   0.31256794474314287
5.5   0.0   0.13516111391501065
6.5   0.0   0.11371891670465474
7.5   0.0   0.31754780292545276
8.5   0.0   0.13837629167413767
9.5   0.0   0.10716495966601772
10.5   0.0   0.32542895402489525
11.5   0.0   0.1331202683065898
12.5   0.0   0.09932867349576222
13.5   0.0   0.3148310091010065
14.5   0.0   0.14581306548714107
15.5   0.0   0.07981388114310789
16.5   0.0   0.39803818921650924
17.5   0.0   0.15863343016031378
18.5   0.0   0.16196447210075324
19.5   0.0   0.3336302804998155
