# x,  y, local density of states
-19.5   0.0   0.5712704742818375
-18.5   0.0   0.08275709326255265
-17.5   0.0   1.0529398908867134
-16.5   0.0   0.43572332692141136
-15.5   0.0   0.8649477056250651
-14.5   0.0   0.8895407905179191
-13.5   0.0   0.48278008478983353
-12.5   0.0   1.0482940730739956
-11.5   0.0   0.4340882962234902
-10.5   0.0   0.8105466265790258
-9.5   0.0   0.6925607435261057
-8.5   0.0   0.5068881717406264
-7.5   0.0   0.8607625843452276
-6.5   0.0   0.4882580784574761
-5.5   0.0   0.7314903047059117
-4.5   0.0   0.7165066420990219
-3.5   0.0   0.5139472208857727
-2.5   0.0   0.8582718699321568
-1.5   0.0   0.5145461656231474
-0.5   0.0   0.7284457761124066
0.5   0.0   0.7284457761124208
1.5   0.0   0.5145461656231527
2.5   0.0   0.8582718699322059
3.5   0.0   0.5139472208857699
4.5   0.0   0.7165066420990757
5.5   0.0   0.7314903047058834
6.5   0.0   0.48825807845750624
7.5   0.0   0.8607625843451733
8.5   0.0   0.5068881717406357
9.5   0.0   0.6925607435260598
10.5   0.0   0.810546626579037
11.5   0.0   0.43408829622347955
12.5   0.0   1.0482940730740298
13.5   0.0   0.4827800847898488
14.5   0.0   0.8895407905179633
15.5   0.0   0.864947705625089
16.5   0.0   0.43572332692143817
17.5   0.0   1.052939890886737
18.5   0.0   0.0827570932625577
19.5   0.0   0.5712704742818491
