# x,  y, local density of states
-19.5   0.0   0.6494239153466372
-18.5   0.0   0.3226488814793862
-17.5   0.0   0.27364240314856436
-16.5   0.0   0.7853712327664911
-15.5   0.0   0.13626710525072508
-14.5   0.0   0.23958308761536456
-13.5   0.0   0.630603411825672
-12.5   0.0   0.17294009722200843
-11.5   0.0   0.21336121662718005
-10.5   0.0   0.6625909593348468
-9.5   0.0   0.18364079313878323
-8.5   0.0   0.22042634436003636
-7.5   0.0   0.6543750440975896
-6.5   0.0   0.18925291735811725
-5.5   0.0   0.21454754399965975
-4.5   0.0   0.6493553465415539
-3.5   0.0   0.19742923605475082
-2.5   0.0   0.209504883894052
-1.5   0.0   0.6485158502109944
-0.5   0.0   0.20395737857993987
0.5   0.0   0.2039573785799221
1.5   0.0   0.6485158502109841
2.5   0.0   0.20950488389407526
3.5   0.0   0.19742923605473112
4.5   0.0   0.6493553465415751
5.5   0.0   0.21454754399968143
6.5   0.0   0.18925291735810573
7.5   0.0   0.6543750440976043
8.5   0.0   0.22042634436006028
9.5   0.0   0.1836407931387693
10.5   0.0   0.6625909593348782
11.5   0.0   0.2133612166272049
12.5   0.0   0.1729400972220045
13.5   0.0   0.6306034118257039
14.5   0.0   0.23958308761538183
15.5   0.0   0.13626710525072633
16.5   0.0   0.7853712327665195
17.5   0.0   0.27364240314857186
18.5   0.0   0.322648881479392
19.5   0.0   0.6494239153466476
