# x,  y, local density of states
-19.5   0.0   0.5314011282745663
-18.5   0.0   0.06329900616066751
-17.5   0.0   1.1024962285758615
-16.5   0.0   0.3391077677380807
-15.5   0.0   1.130986451976686
-14.5   0.0   0.7521262849843683
-13.5   0.0   0.8407157474315821
-12.5   0.0   1.0485132200710154
-11.5   0.0   0.6283131539669953
-10.5   0.0   1.074169405213518
-9.5   0.0   0.6486607671384834
-8.5   0.0   0.9085574474085549
-7.5   0.0   0.7900900125819016
-6.5   0.0   0.7426209996313606
-5.5   0.0   0.887968252326517
-4.5   0.0   0.6876010781109195
-3.5   0.0   0.8900572422864874
-2.5   0.0   0.7222755452176437
-1.5   0.0   0.8408611001414897
-0.5   0.0   0.7822015274137275
0.5   0.0   0.7822015274137063
1.5   0.0   0.8408611001414869
2.5   0.0   0.7222755452176013
3.5   0.0   0.8900572422864773
4.5   0.0   0.6876010781108781
5.5   0.0   0.8879682523265133
6.5   0.0   0.7426209996313315
7.5   0.0   0.7900900125819178
8.5   0.0   0.908557447408541
9.5   0.0   0.6486607671385197
10.5   0.0   1.0741694052135256
11.5   0.0   0.6283131539670253
12.5   0.0   1.0485132200710374
13.5   0.0   0.8407157474315922
14.5   0.0   0.7521262849843885
15.5   0.0   1.1309864519766957
16.5   0.0   0.3391077677380881
17.5   0.0   1.1024962285758848
18.5   0.0   0.06329900616066853
19.5   0.0   0.5314011282745842
