# x,  y, local density of states
-19.5   0.0   0.579012496672416
-18.5   0.0   0.38816304343287905
-17.5   0.0   0.08753211748352403
-16.5   0.0   0.5937983400557545
-15.5   0.0   0.3299859334086938
-14.5   0.0   0.025237463843955928
-13.5   0.0   0.4162414086443942
-12.5   0.0   0.4772066988758116
-11.5   0.0   0.04171477553420036
-10.5   0.0   0.3133211313926744
-9.5   0.0   0.548145049673818
-8.5   0.0   0.10912497830976922
-7.5   0.0   0.19055031752073479
-6.5   0.0   0.5652807302891647
-5.5   0.0   0.2153713631511829
-4.5   0.0   0.09467101560722248
-3.5   0.0   0.5307036531098354
-2.5   0.0   0.3361659425601557
-1.5   0.0   0.04198365510444617
-0.5   0.0   0.4485311492713615
0.5   0.0   0.44853114927135657
1.5   0.0   0.04198365510444387
2.5   0.0   0.336165942560173
3.5   0.0   0.5307036531098226
4.5   0.0   0.09467101560721705
5.5   0.0   0.21537136315118674
6.5   0.0   0.5652807302891717
7.5   0.0   0.19055031752072898
8.5   0.0   0.10912497830977505
9.5   0.0   0.5481450496738136
10.5   0.0   0.3133211313926748
11.5   0.0   0.04171477553420048
12.5   0.0   0.4772066988758216
13.5   0.0   0.41624140864439796
14.5   0.0   0.02523746384395561
15.5   0.0   0.32998593340870075
16.5   0.0   0.5937983400557644
17.5   0.0   0.08753211748352097
18.5   0.0   0.38816304343288505
19.5   0.0   0.5790124966724175
