# x,  y, local density of states
-19.5   0.0   0.3900859796008208
-18.5   0.0   0.25805181308899977
-17.5   0.0   0.06822203028326787
-16.5   0.0   0.4014954431268153
-15.5   0.0   0.21935659432694524
-14.5   0.0   0.027845094768819623
-13.5   0.0   0.28408466627208556
-12.5   0.0   0.31432248770005483
-11.5   0.0   0.03776875533267815
-10.5   0.0   0.21868613533345085
-9.5   0.0   0.3600566633217678
-8.5   0.0   0.08098926402422094
-7.5   0.0   0.13987097216228866
-6.5   0.0   0.37144978246076904
-5.5   0.0   0.14866742173705605
-4.5   0.0   0.0783212381611382
-3.5   0.0   0.34972950585907564
-2.5   0.0   0.22574432431461489
-1.5   0.0   0.044493149263319334
-0.5   0.0   0.29743995964251063
0.5   0.0   0.2974399596425075
1.5   0.0   0.04449314926331791
2.5   0.0   0.22574432431462593
3.5   0.0   0.34972950585906754
4.5   0.0   0.07832123816113451
5.5   0.0   0.1486674217370584
6.5   0.0   0.3714497824607736
7.5   0.0   0.1398709721622848
8.5   0.0   0.08098926402422464
9.5   0.0   0.36005666332176467
10.5   0.0   0.21868613533345102
11.5   0.0   0.03776875533267811
12.5   0.0   0.3143224877000613
13.5   0.0   0.2840846662720876
14.5   0.0   0.027845094768819266
15.5   0.0   0.21935659432694982
16.5   0.0   0.4014954431268211
17.5   0.0   0.06822203028326566
18.5   0.0   0.2580518130890034
19.5   0.0   0.3900859796008213
