# x,  y, local density of states
-19.5   0.0   0.7708357482614
-18.5   0.0   0.5163184645767166
-17.5   0.0   0.11291211503521484
-16.5   0.0   0.7929986770581617
-15.5   0.0   0.4370138947638383
-14.5   0.0   0.02722465926873213
-13.5   0.0   0.5562119950050457
-12.5   0.0   0.6362622577132481
-11.5   0.0   0.047270764443062774
-10.5   0.0   0.41738121802297246
-9.5   0.0   0.734222996019605
-8.5   0.0   0.1370832957061181
-7.5   0.0   0.24998314727779938
-6.5   0.0   0.7592961652846086
-5.5   0.0   0.2812905146134537
-4.5   0.0   0.11813308603361407
-3.5   0.0   0.7130845912089598
-2.5   0.0   0.44661281259793156
-1.5   0.0   0.04530451888044779
-0.5   0.0   0.6007860480698475
0.5   0.0   0.6007860480698454
1.5   0.0   0.045304518880447515
2.5   0.0   0.4466128125979235
3.5   0.0   0.713084591208952
4.5   0.0   0.1181330860336115
5.5   0.0   0.28129051461345433
6.5   0.0   0.7592961652845784
7.5   0.0   0.2499831472777896
8.5   0.0   0.13708329570611721
9.5   0.0   0.7342229960195987
10.5   0.0   0.41738121802295686
11.5   0.0   0.04727076444306545
12.5   0.0   0.6362622577132306
13.5   0.0   0.556211995005037
14.5   0.0   0.027224659268733416
15.5   0.0   0.43701389476383196
16.5   0.0   0.7929986770581509
17.5   0.0   0.11291211503521133
18.5   0.0   0.5163184645767123
19.5   0.0   0.7708357482613832
