# x,  y, local density of states
-19.5   0.0   0.18392287842694593
-18.5   0.0   0.07936738936140163
-17.5   0.0   0.12149077760612761
-16.5   0.0   0.2142230975363427
-15.5   0.0   0.050179117876622194
-14.5   0.0   0.12697587343489797
-13.5   0.0   0.15520631101228888
-12.5   0.0   0.061402937967831306
-11.5   0.0   0.12179110494947236
-10.5   0.0   0.14891185879592028
-9.5   0.0   0.07133152367438644
-8.5   0.0   0.1290937806815283
-7.5   0.0   0.1352642086991586
-6.5   0.0   0.0848273308697056
-5.5   0.0   0.12586367344866015
-4.5   0.0   0.1259078307581222
-3.5   0.0   0.09758294409042417
-2.5   0.0   0.11917217300981818
-1.5   0.0   0.121343932144447
-0.5   0.0   0.10949083415647898
0.5   0.0   0.10949083415647978
1.5   0.0   0.12134393214444782
2.5   0.0   0.11917217300982247
3.5   0.0   0.09758294409042192
4.5   0.0   0.12590783075812204
5.5   0.0   0.12586367344866073
6.5   0.0   0.08482733086970497
7.5   0.0   0.13526420869915892
8.5   0.0   0.12909378068153257
9.5   0.0   0.07133152367438582
10.5   0.0   0.14891185879592345
11.5   0.0   0.12179110494947229
12.5   0.0   0.061402937967830855
13.5   0.0   0.1552063110122893
14.5   0.0   0.12697587343489716
15.5   0.0   0.050179117876622756
16.5   0.0   0.2142230975363411
17.5   0.0   0.12149077760612584
18.5   0.0   0.07936738936140127
19.5   0.0   0.18392287842694405
