# x,  y, local density of states
-19.5   0.0   0.1345681392619873
-18.5   0.0   0.0754800057868225
-17.5   0.0   0.05350475563811768
-16.5   0.0   0.1475791468195503
-15.5   0.0   0.05680738101408103
-14.5   0.0   0.04594716130390197
-13.5   0.0   0.11366168003581437
-12.5   0.0   0.07267821560407091
-11.5   0.0   0.04528967849393549
-10.5   0.0   0.10791160596093866
-9.5   0.0   0.07896484356125649
-8.5   0.0   0.05209303212414352
-7.5   0.0   0.09746468077008054
-6.5   0.0   0.08079802766535547
-5.5   0.0   0.059366145885354465
-4.5   0.0   0.09004789823135856
-3.5   0.0   0.07918266092215515
-2.5   0.0   0.06725572103253694
-1.5   0.0   0.08630131938017196
-0.5   0.0   0.07428743828977405
0.5   0.0   0.0742874382897719
1.5   0.0   0.08630131938017081
2.5   0.0   0.06725572103253885
3.5   0.0   0.07918266092215268
4.5   0.0   0.0900478982313604
5.5   0.0   0.05936614588535678
6.5   0.0   0.08079802766535246
7.5   0.0   0.0974646807700814
8.5   0.0   0.052093032124145865
9.5   0.0   0.07896484356125462
10.5   0.0   0.10791160596094096
11.5   0.0   0.045289678493938154
12.5   0.0   0.07267821560406959
13.5   0.0   0.11366168003581732
14.5   0.0   0.04594716130390372
15.5   0.0   0.05680738101408113
16.5   0.0   0.14757914681955236
17.5   0.0   0.05350475563811815
18.5   0.0   0.07548000578682279
19.5   0.0   0.13456813926198724
