# x,  y, local density of states
-19.5   0.0   0.6181816334332689
-18.5   0.0   0.09597867909465685
-17.5   0.0   1.0825200326345767
-16.5   0.0   0.5020860544598874
-15.5   0.0   0.788590860865673
-14.5   0.0   0.9934887560047158
-13.5   0.0   0.3521021343884514
-12.5   0.0   1.0946152106624396
-11.5   0.0   0.37370157014947575
-10.5   0.0   0.7353769288902011
-9.5   0.0   0.7365435240928829
-8.5   0.0   0.36977607340656915
-7.5   0.0   0.9144838477287163
-6.5   0.0   0.41286629635444927
-5.5   0.0   0.6921102136305405
-4.5   0.0   0.7536100311629079
-3.5   0.0   0.39038617189824254
-2.5   0.0   0.9344565111413694
-1.5   0.0   0.41252189242205745
-0.5   0.0   0.7308397683825317
0.5   0.0   0.7308397683825489
1.5   0.0   0.4125218924220638
2.5   0.0   0.9344565111414286
3.5   0.0   0.390386171898234
4.5   0.0   0.7536100311629714
5.5   0.0   0.6921102136304955
6.5   0.0   0.41286629635447947
7.5   0.0   0.9144838477286386
8.5   0.0   0.36977607340656954
9.5   0.0   0.736543524092818
10.5   0.0   0.7353769288902015
11.5   0.0   0.373701570149459
12.5   0.0   1.094615210662472
13.5   0.0   0.35210213438846744
14.5   0.0   0.9934887560047647
15.5   0.0   0.7885908608656966
16.5   0.0   0.5020860544599195
17.5   0.0   1.0825200326345978
18.5   0.0   0.0959786790946629
19.5   0.0   0.6181816334332787
