# x,  y, local density of states
-19.5   0.0   0.36302294665153767
-18.5   0.0   0.1327384562087632
-17.5   0.0   0.28618562977740203
-16.5   0.0   0.4355655904449325
-15.5   0.0   0.05020725044531738
-14.5   0.0   0.33922421911736317
-13.5   0.0   0.26364779173106667
-12.5   0.0   0.06875945522070886
-11.5   0.0   0.34109896020132857
-10.5   0.0   0.21917844025478087
-9.5   0.0   0.1042835619812084
-8.5   0.0   0.3756749672537596
-7.5   0.0   0.1578216666256536
-6.5   0.0   0.163811496803466
-5.5   0.0   0.36594005953392583
-4.5   0.0   0.11142795695350065
-3.5   0.0   0.22520155559522603
-2.5   0.0   0.3342705617490323
-1.5   0.0   0.08737082620218357
-0.5   0.0   0.28534055737357444
0.5   0.0   0.28534055737356484
1.5   0.0   0.0873708262021832
2.5   0.0   0.3342705617490272
3.5   0.0   0.22520155559522503
4.5   0.0   0.11142795695350267
5.5   0.0   0.36594005953392944
6.5   0.0   0.16381149680346171
7.5   0.0   0.15782166662565436
8.5   0.0   0.3756749672537504
9.5   0.0   0.10428356198120398
10.5   0.0   0.21917844025477623
11.5   0.0   0.34109896020131725
12.5   0.0   0.06875945522070868
13.5   0.0   0.2636477917310609
14.5   0.0   0.3392242191173524
15.5   0.0   0.050207250445317854
16.5   0.0   0.43556559044491555
17.5   0.0   0.28618562977739104
18.5   0.0   0.13273845620875738
19.5   0.0   0.3630229466515228
