# x,  y, local density of states
-19.5   0.0   0.4557267255053648
-18.5   0.0   0.07877797879476013
-17.5   0.0   0.7596795765426482
-16.5   0.0   0.3873241394368554
-15.5   0.0   0.5266488533477145
-14.5   0.0   0.714696990487182
-13.5   0.0   0.25738193061125775
-12.5   0.0   0.7333878093783154
-11.5   0.0   0.31676947907481173
-10.5   0.0   0.4799067606885854
-9.5   0.0   0.5407505450262187
-8.5   0.0   0.28877139249555894
-7.5   0.0   0.6056801176013942
-6.5   0.0   0.3515605527515877
-5.5   0.0   0.46282601093112774
-4.5   0.0   0.5360045547024527
-3.5   0.0   0.3199302651679408
-2.5   0.0   0.609116333732049
-1.5   0.0   0.3462072716413639
-0.5   0.0   0.5021752778601793
0.5   0.0   0.5021752778601694
1.5   0.0   0.3462072716413635
2.5   0.0   0.6091163337320191
3.5   0.0   0.31993026516794804
4.5   0.0   0.5360045547024191
5.5   0.0   0.46282601093115744
6.5   0.0   0.351560552751571
7.5   0.0   0.6056801176014445
8.5   0.0   0.2887713924955649
9.5   0.0   0.5407505450262677
10.5   0.0   0.47990676068860794
11.5   0.0   0.316769479074835
12.5   0.0   0.7333878093783395
13.5   0.0   0.2573819306112558
14.5   0.0   0.7146969904871951
15.5   0.0   0.5266488533477176
16.5   0.0   0.3873241394368572
17.5   0.0   0.7596795765426743
18.5   0.0   0.0787779787947599
19.5   0.0   0.4557267255053865
