# x,  y, local density of states
-19.5   0.0   0.2729016373794938
-18.5   0.0   0.08658650101687217
-17.5   0.0   0.2717769746963306
-16.5   0.0   0.30765742491602244
-15.5   0.0   0.08802014753128129
-14.5   0.0   0.30931555400080596
-13.5   0.0   0.17206013876973195
-12.5   0.0   0.12967214776382335
-11.5   0.0   0.26919597424613356
-10.5   0.0   0.1476007812031224
-9.5   0.0   0.1657123208047921
-8.5   0.0   0.25848981346872785
-7.5   0.0   0.13676716279667708
-6.5   0.0   0.2016220829779401
-5.5   0.0   0.22959441837010977
-4.5   0.0   0.14672577127906652
-3.5   0.0   0.21038677465528877
-2.5   0.0   0.21325400206378126
-1.5   0.0   0.15612802530311373
-0.5   0.0   0.20990500469865106
0.5   0.0   0.20990500469864976
1.5   0.0   0.1561280253031121
2.5   0.0   0.21325400206377892
3.5   0.0   0.21038677465528904
4.5   0.0   0.14672577127906708
5.5   0.0   0.2295944183701117
6.5   0.0   0.2016220829779408
7.5   0.0   0.1367671627966743
8.5   0.0   0.2584898134687263
9.5   0.0   0.16571232080478654
10.5   0.0   0.14760078120312006
11.5   0.0   0.2691959742461278
12.5   0.0   0.12967214776382116
13.5   0.0   0.17206013876973067
14.5   0.0   0.3093155540007989
15.5   0.0   0.08802014753128103
16.5   0.0   0.30765742491601294
17.5   0.0   0.27177697469632306
18.5   0.0   0.08658650101686927
19.5   0.0   0.2729016373794853
