# x,  y, local density of states
-19.5   0.0   0.5145664677999158
-18.5   0.0   0.06751975203903147
-17.5   0.0   1.015455726792108
-16.5   0.0   0.35593545213256633
-15.5   0.0   0.9611392755745134
-14.5   0.0   0.7568595957367552
-13.5   0.0   0.6577074425942532
-12.5   0.0   0.9810561626846442
-11.5   0.0   0.5220410193311307
-10.5   0.0   0.9073819334227871
-9.5   0.0   0.6288608462806645
-8.5   0.0   0.7037051061508033
-7.5   0.0   0.7690690395118385
-6.5   0.0   0.6050975942039599
-5.5   0.0   0.7757166342081773
-4.5   0.0   0.6585382947724104
-3.5   0.0   0.6970606524884073
-2.5   0.0   0.7298276188011054
-1.5   0.0   0.6699537361887532
-0.5   0.0   0.7156331069876213
0.5   0.0   0.7156331069876034
1.5   0.0   0.6699537361887504
2.5   0.0   0.7298276188010651
3.5   0.0   0.6970606524884031
4.5   0.0   0.6585382947723702
5.5   0.0   0.7757166342081868
6.5   0.0   0.6050975942039344
7.5   0.0   0.7690690395118712
8.5   0.0   0.7037051061507963
9.5   0.0   0.6288608462807097
10.5   0.0   0.9073819334228015
11.5   0.0   0.5220410193311601
12.5   0.0   0.9810561626846688
13.5   0.0   0.6577074425942587
14.5   0.0   0.7568595957367734
15.5   0.0   0.9611392755745215
16.5   0.0   0.3559354521325715
17.5   0.0   1.0154557267921347
18.5   0.0   0.06751975203903202
19.5   0.0   0.5145664677999365
