# x,  y, local density of states
-19.5   0.0   0.5175013901716071
-18.5   0.0   0.06482177469143229
-17.5   0.0   1.0476267837118602
-16.5   0.0   0.34392093421215447
-15.5   0.0   1.0350973813651232
-14.5   0.0   0.746200213792977
-13.5   0.0   0.7418932085751019
-12.5   0.0   1.0036540369312121
-11.5   0.0   0.5695244539320001
-10.5   0.0   0.9805797841739639
-9.5   0.0   0.6316302726646844
-8.5   0.0   0.7985621337497651
-7.5   0.0   0.770702161884864
-6.5   0.0   0.6673078244050503
-5.5   0.0   0.823288714977552
-4.5   0.0   0.6653689862140256
-3.5   0.0   0.7864260551246741
-2.5   0.0   0.7172850418090935
-1.5   0.0   0.7484904359931543
-0.5   0.0   0.7407893810931502
0.5   0.0   0.7407893810931314
1.5   0.0   0.7484904359931515
2.5   0.0   0.717285041809053
3.5   0.0   0.7864260551246667
4.5   0.0   0.6653689862139853
5.5   0.0   0.8232887149775546
6.5   0.0   0.6673078244050236
7.5   0.0   0.7707021618848882
8.5   0.0   0.7985621337497552
9.5   0.0   0.6316302726647244
10.5   0.0   0.9805797841739747
11.5   0.0   0.5695244539320294
12.5   0.0   1.003654036931235
13.5   0.0   0.7418932085751098
14.5   0.0   0.7462002137929961
15.5   0.0   1.0350973813651323
16.5   0.0   0.3439209342121606
17.5   0.0   1.047626783711885
18.5   0.0   0.06482177469143303
19.5   0.0   0.5175013901716261
