# x,  y, local density of states
-19.5   0.0   0.2630903813487872
-18.5   0.0   0.1341534116988527
-17.5   0.0   0.11338493357516388
-16.5   0.0   0.3097332686218381
-15.5   0.0   0.07125184696318036
-14.5   0.0   0.09984509911395313
-13.5   0.0   0.2469934882885054
-12.5   0.0   0.08927511513919385
-11.5   0.0   0.09149377207019455
-10.5   0.0   0.25424967265634213
-9.5   0.0   0.0951476022711212
-8.5   0.0   0.09657217727680659
-7.5   0.0   0.24744413748594202
-6.5   0.0   0.09769519552204678
-5.5   0.0   0.0975596199972643
-4.5   0.0   0.2430204467876622
-3.5   0.0   0.09963851593553154
-2.5   0.0   0.09896500116122749
-1.5   0.0   0.24134034059007603
-0.5   0.0   0.09985294011790674
0.5   0.0   0.0998529401179084
1.5   0.0   0.24134034059007664
2.5   0.0   0.0989650011612257
3.5   0.0   0.09963851593553169
4.5   0.0   0.24302044678765825
5.5   0.0   0.09755961999726208
6.5   0.0   0.09769519552204754
7.5   0.0   0.2474441374859359
8.5   0.0   0.09657217727680417
9.5   0.0   0.09514760227112125
10.5   0.0   0.25424967265633663
11.5   0.0   0.09149377207019016
12.5   0.0   0.08927511513919373
13.5   0.0   0.246993488288498
14.5   0.0   0.09984509911394912
15.5   0.0   0.07125184696318113
16.5   0.0   0.30973326862182693
17.5   0.0   0.11338493357515822
18.5   0.0   0.13415341169884853
19.5   0.0   0.26309038134877755
