# x,  y, local density of states
-19.5   0.0   0.29759423523483297
-18.5   0.0   0.15100344143199707
-17.5   0.0   0.1275584788560213
-16.5   0.0   0.352305274413169
-15.5   0.0   0.07691165230414308
-14.5   0.0   0.11210689451733576
-13.5   0.0   0.28149161561270303
-12.5   0.0   0.09651687138424359
-11.5   0.0   0.10212410248400976
-10.5   0.0   0.2911345613207487
-9.5   0.0   0.10273517057747893
-8.5   0.0   0.1073061536704219
-7.5   0.0   0.28435052505325487
-6.5   0.0   0.10547090448374238
-5.5   0.0   0.10762094872133193
-4.5   0.0   0.2799828707628109
-3.5   0.0   0.10792927725516377
-2.5   0.0   0.10840599334862581
-1.5   0.0   0.2784382008503002
-0.5   0.0   0.10869790301103305
0.5   0.0   0.10869790301103503
1.5   0.0   0.27843820085030085
2.5   0.0   0.10840599334862352
3.5   0.0   0.10792927725516407
4.5   0.0   0.27998287076280637
5.5   0.0   0.10762094872132914
6.5   0.0   0.10547090448374323
7.5   0.0   0.2843505250532477
8.5   0.0   0.10730615367041887
9.5   0.0   0.10273517057747904
10.5   0.0   0.29113456132074206
11.5   0.0   0.10212410248400454
12.5   0.0   0.09651687138424335
13.5   0.0   0.28149161561269415
14.5   0.0   0.11210689451733102
15.5   0.0   0.07691165230414389
16.5   0.0   0.35230527441315573
17.5   0.0   0.1275584788560146
18.5   0.0   0.15100344143199212
19.5   0.0   0.2975942352348216
