# x,  y, local density of states
-19.5   0.0   0.45572672550536386
-18.5   0.0   0.07877797879476446
-17.5   0.0   0.7596795765426293
-16.5   0.0   0.3873241394368815
-15.5   0.0   0.5266488533476792
-14.5   0.0   0.7146969904872323
-13.5   0.0   0.25738193061123854
-12.5   0.0   0.7333878093783609
-11.5   0.0   0.3167694790748427
-10.5   0.0   0.4799067606885961
-9.5   0.0   0.5407505450262904
-8.5   0.0   0.2887713924955459
-7.5   0.0   0.6056801176014655
-6.5   0.0   0.3515605527515776
-5.5   0.0   0.4628260109311658
-4.5   0.0   0.5360045547024522
-3.5   0.0   0.31993026516794093
-2.5   0.0   0.6091163337320572
-1.5   0.0   0.3462072716413567
-0.5   0.0   0.5021752778601892
0.5   0.0   0.5021752778602017
1.5   0.0   0.346207271641359
2.5   0.0   0.6091163337320925
3.5   0.0   0.31993026516793616
4.5   0.0   0.5360045547024895
5.5   0.0   0.4628260109311395
6.5   0.0   0.3515605527515976
7.5   0.0   0.6056801176014169
8.5   0.0   0.28877139249554806
9.5   0.0   0.5407505450262491
10.5   0.0   0.4799067606885957
11.5   0.0   0.31676947907483294
12.5   0.0   0.7333878093783778
13.5   0.0   0.2573819306112499
14.5   0.0   0.7146969904872602
15.5   0.0   0.5266488533476931
16.5   0.0   0.3873241394368996
17.5   0.0   0.7596795765426403
18.5   0.0   0.07877797879476804
19.5   0.0   0.4557267255053688
