# x,  y, local density of states
-19.5   0.0   0.44287539534832854
-18.5   0.0   0.09944618941349842
-17.5   0.0   0.6054038964778539
-16.5   0.0   0.44306791334966406
-15.5   0.0   0.28514801019401836
-14.5   0.0   0.6593056552575138
-13.5   0.0   0.18530147523698934
-12.5   0.0   0.45769214145046894
-11.5   0.0   0.42476791860955554
-10.5   0.0   0.20973172348112457
-9.5   0.0   0.5058474486816785
-8.5   0.0   0.3077011775700032
-7.5   0.0   0.306721366695388
-6.5   0.0   0.5064097611142302
-5.5   0.0   0.2341448582965422
-4.5   0.0   0.4302831105976304
-3.5   0.0   0.41468826002402953
-2.5   0.0   0.25272834062815747
-1.5   0.0   0.4879890295835631
-0.5   0.0   0.3203953394919669
0.5   0.0   0.3203953394919816
1.5   0.0   0.48798902958355705
2.5   0.0   0.2527283406281641
3.5   0.0   0.4146882600240318
4.5   0.0   0.43028311059763535
5.5   0.0   0.2341448582965394
6.5   0.0   0.5064097611142445
7.5   0.0   0.3067213666953679
8.5   0.0   0.30770117757001586
9.5   0.0   0.5058474486816573
10.5   0.0   0.20973172348112454
11.5   0.0   0.42476791860955326
12.5   0.0   0.4576921414504618
13.5   0.0   0.18530147523699764
14.5   0.0   0.6593056552575103
15.5   0.0   0.28514801019401737
16.5   0.0   0.443067913349662
17.5   0.0   0.6054038964778452
18.5   0.0   0.09944618941349874
19.5   0.0   0.4428753953483239
