# x,  y, local density of states
-19.5   0.0   0.6189499530349737
-18.5   0.0   0.05538463192855987
-17.5   0.0   1.4604122950979797
-16.5   0.0   0.3077073825880751
-15.5   0.0   1.8210460832165918
-14.5   0.0   0.7475256793840772
-13.5   0.0   1.7203654193837368
-12.5   0.0   1.2052066420767475
-11.5   0.0   1.45807523399302
-10.5   0.0   1.4982972568837938
-9.5   0.0   1.2904447647376536
-8.5   0.0   1.5602803458474404
-7.5   0.0   1.293066429534795
-6.5   0.0   1.4625326024040883
-5.5   0.0   1.3888922725081623
-4.5   0.0   1.3419208876941862
-3.5   0.0   1.457970653421094
-2.5   0.0   1.3024534672119494
-1.5   0.0   1.437534686098578
-0.5   0.0   1.3570573892421456
0.5   0.0   1.3570573892420543
1.5   0.0   1.4375346860986342
2.5   0.0   1.302453467211841
3.5   0.0   1.4579706534211243
4.5   0.0   1.3419208876940938
5.5   0.0   1.3888922725081803
6.5   0.0   1.4625326024040213
7.5   0.0   1.293066429534821
8.5   0.0   1.5602803458473997
9.5   0.0   1.2904447647377018
10.5   0.0   1.4982972568837856
11.5   0.0   1.4580752339930676
12.5   0.0   1.205206642076764
13.5   0.0   1.720365419383762
14.5   0.0   0.7475256793840983
15.5   0.0   1.821046083216607
16.5   0.0   0.3077073825880847
17.5   0.0   1.4604122950979972
18.5   0.0   0.055384631928561474
19.5   0.0   0.6189499530349858
