# x,  y, local density of states
-19.5   0.0   0.2862741839724153
-18.5   0.0   0.09270306920454541
-17.5   0.0   0.2763720019134931
-16.5   0.0   0.3261725757127498
-15.5   0.0   0.08371487307322813
-14.5   0.0   0.3163096478853936
-13.5   0.0   0.18526424785921852
-12.5   0.0   0.12204251560215196
-11.5   0.0   0.2820424551739934
-10.5   0.0   0.15770766922622992
-9.5   0.0   0.158035318308091
-8.5   0.0   0.27795853004659143
-7.5   0.0   0.1393895035306563
-6.5   0.0   0.19756891040695923
-5.5   0.0   0.25184446517080666
-4.5   0.0   0.14097477709850798
-3.5   0.0   0.21423227971816214
-2.5   0.0   0.23317600848991404
-1.5   0.0   0.1453372189458935
-0.5   0.0   0.22291862209477928
0.5   0.0   0.22291862209477975
1.5   0.0   0.14533721894589585
2.5   0.0   0.23317600848992667
3.5   0.0   0.21423227971815736
4.5   0.0   0.14097477709850936
5.5   0.0   0.25184446517081166
6.5   0.0   0.19756891040695615
7.5   0.0   0.13938950353066282
8.5   0.0   0.27795853004660565
9.5   0.0   0.1580353183080896
10.5   0.0   0.15770766922624424
11.5   0.0   0.28204245517399856
12.5   0.0   0.12204251560215157
13.5   0.0   0.18526424785922718
14.5   0.0   0.31630964788539623
15.5   0.0   0.08371487307322892
16.5   0.0   0.3261725757127572
17.5   0.0   0.2763720019134945
18.5   0.0   0.09270306920454857
19.5   0.0   0.2862741839724203
