# x,  y, local density of states
-19.5   0.0   0.42205885372927154
-18.5   0.0   0.07566994850558925
-17.5   0.0   0.6905427066133056
-16.5   0.0   0.3646206430137787
-15.5   0.0   0.4697355616026144
-14.5   0.0   0.6552294689588963
-13.5   0.0   0.24005909268496664
-12.5   0.0   0.6525599469669506
-11.5   0.0   0.3103726823860477
-10.5   0.0   0.4234686328934189
-9.5   0.0   0.49974714830120115
-8.5   0.0   0.2771447925373532
-7.5   0.0   0.534215434686199
-6.5   0.0   0.3461261759133038
-5.5   0.0   0.41179554954032094
-4.5   0.0   0.4887714283519888
-3.5   0.0   0.3122589921189395
-2.5   0.0   0.532062348208956
-1.5   0.0   0.3401357617296398
-0.5   0.0   0.45148621501639497
0.5   0.0   0.4514862150164065
1.5   0.0   0.3401357617296412
2.5   0.0   0.5320623482089856
3.5   0.0   0.31225899211893593
4.5   0.0   0.4887714283520199
5.5   0.0   0.4117955495402993
6.5   0.0   0.34612617591332145
7.5   0.0   0.5342154346861574
8.5   0.0   0.2771447925373563
9.5   0.0   0.4997471483011655
10.5   0.0   0.42346863289341885
11.5   0.0   0.31037268238603966
12.5   0.0   0.6525599469669641
13.5   0.0   0.24005909268497694
14.5   0.0   0.6552294689589188
15.5   0.0   0.4697355616026262
16.5   0.0   0.3646206430137933
17.5   0.0   0.6905427066133142
18.5   0.0   0.07566994850559218
19.5   0.0   0.4220588537292752
