# x,  y, local density of states
-19.5   0.0   0.1369651201626172
-18.5   0.0   0.08187450445671993
-17.5   0.0   0.046007116838042976
-16.5   0.0   0.14537236815644797
-15.5   0.0   0.06706277641091377
-14.5   0.0   0.036815005531511645
-13.5   0.0   0.10892669686508284
-12.5   0.0   0.08852288938955333
-11.5   0.0   0.03814533323084654
-10.5   0.0   0.09710077577726503
-9.5   0.0   0.09761397022433072
-8.5   0.0   0.047970099158195424
-7.5   0.0   0.08121826818982
-6.5   0.0   0.09984763029353809
-5.5   0.0   0.06059149469542657
-4.5   0.0   0.06953107772162036
-3.5   0.0   0.09615341542612028
-2.5   0.0   0.07443844192776948
-1.5   0.0   0.06337905846031286
-0.5   0.0   0.08704204288065144
0.5   0.0   0.08704204288065116
1.5   0.0   0.06337905846031275
2.5   0.0   0.07443844192777146
3.5   0.0   0.09615341542611866
4.5   0.0   0.06953107772161901
5.5   0.0   0.060591494695426774
6.5   0.0   0.09984763029353894
7.5   0.0   0.08121826818981843
8.5   0.0   0.04797009915819605
9.5   0.0   0.09761397022433022
10.5   0.0   0.09710077577726448
11.5   0.0   0.03814533323084599
12.5   0.0   0.08852288938955463
13.5   0.0   0.10892669686508223
14.5   0.0   0.03681500553151099
15.5   0.0   0.06706277641091486
16.5   0.0   0.14537236815644733
17.5   0.0   0.04600711683804168
18.5   0.0   0.08187450445672005
19.5   0.0   0.13696512016261572
