# x,  y, local density of states
-19.5   0.0   0.26173512309494945
-18.5   0.0   0.07927695602050032
-17.5   0.0   0.27680403517327185
-16.5   0.0   0.2892080663542351
-15.5   0.0   0.09832574852668641
-14.5   0.0   0.31308502196930277
-13.5   0.0   0.15400712040603903
-12.5   0.0   0.14931244721198436
-11.5   0.0   0.2590992017734447
-10.5   0.0   0.13360157590012933
-9.5   0.0   0.18827529428982698
-8.5   0.0   0.23463377918304767
-7.5   0.0   0.13658800679392405
-6.5   0.0   0.21985626753095705
-5.5   0.0   0.1979874284933971
-4.5   0.0   0.1638281295196808
-3.5   0.0   0.21373847798062232
-2.5   0.0   0.18489363607331427
-1.5   0.0   0.18402112328782852
-0.5   0.0   0.1949993623038689
0.5   0.0   0.19499936230386902
1.5   0.0   0.18402112328783082
2.5   0.0   0.18489363607332146
3.5   0.0   0.21373847798062076
4.5   0.0   0.163828129519679
5.5   0.0   0.1979874284934019
6.5   0.0   0.219856267530954
7.5   0.0   0.13658800679392835
8.5   0.0   0.23463377918305736
9.5   0.0   0.18827529428982687
10.5   0.0   0.1336015759001393
11.5   0.0   0.2590992017734496
12.5   0.0   0.1493124472119851
13.5   0.0   0.1540071204060453
14.5   0.0   0.31308502196930577
15.5   0.0   0.09832574852668732
16.5   0.0   0.2892080663542405
17.5   0.0   0.2768040351732738
18.5   0.0   0.07927695602050235
19.5   0.0   0.2617351230949537
