# x,  y, local density of states
-19.5   0.0   0.5231476781948295
-18.5   0.0   0.2623256915488326
-17.5   0.0   0.21797519597735354
-16.5   0.0   0.6297798928824969
-15.5   0.0   0.11537222225612913
-14.5   0.0   0.18967634179220427
-13.5   0.0   0.5059792539652205
-12.5   0.0   0.1461793749524514
-11.5   0.0   0.16946287909181604
-10.5   0.0   0.5303671272844175
-9.5   0.0   0.15496691325239179
-8.5   0.0   0.17581603655236233
-7.5   0.0   0.5229775541910905
-6.5   0.0   0.15880166572547957
-5.5   0.0   0.17265214026544692
-4.5   0.0   0.5183912874696646
-3.5   0.0   0.16415199672152417
-2.5   0.0   0.17039606180975533
-1.5   0.0   0.5174066749390447
-0.5   0.0   0.16775973993068158
0.5   0.0   0.16775973993068552
1.5   0.0   0.5174066749390458
2.5   0.0   0.1703960618097496
3.5   0.0   0.16415199672152572
4.5   0.0   0.518391287469656
5.5   0.0   0.17265214026544115
6.5   0.0   0.15880166572548116
7.5   0.0   0.5229775541910764
8.5   0.0   0.17581603655235534
9.5   0.0   0.1549669132523921
10.5   0.0   0.5303671272844037
11.5   0.0   0.16946287909180544
12.5   0.0   0.14617937495245034
13.5   0.0   0.5059792539652027
14.5   0.0   0.18967634179219492
15.5   0.0   0.11537222225613017
16.5   0.0   0.6297798928824705
17.5   0.0   0.21797519597734044
18.5   0.0   0.2623256915488226
19.5   0.0   0.5231476781948071
