# x,  y, local density of states
-19.5   0.0   0.13187764268640004
-18.5   0.0   0.07588529860912467
-17.5   0.0   0.04956875993022774
-16.5   0.0   0.1426026875311936
-15.5   0.0   0.05950589287514696
-14.5   0.0   0.041675703325271755
-13.5   0.0   0.10869058336758737
-12.5   0.0   0.07700057213281715
-11.5   0.0   0.04183711197674054
-10.5   0.0   0.10077462299604674
-9.5   0.0   0.08412623255837096
-8.5   0.0   0.049601592636089036
-7.5   0.0   0.08860654215395956
-6.5   0.0   0.08604054114274694
-5.5   0.0   0.05865655244940127
-4.5   0.0   0.07983669059959994
-3.5   0.0   0.08369224803189029
-2.5   0.0   0.06851260148649946
-1.5   0.0   0.07531910230247192
-0.5   0.0   0.07738606264252193
0.5   0.0   0.07738606264252189
1.5   0.0   0.07531910230247194
2.5   0.0   0.06851260148650075
3.5   0.0   0.0836922480318891
4.5   0.0   0.07983669059959853
5.5   0.0   0.05865655244940121
6.5   0.0   0.08604054114274758
7.5   0.0   0.08860654215395786
8.5   0.0   0.04960159263608933
9.5   0.0   0.08412623255837061
10.5   0.0   0.10077462299604587
11.5   0.0   0.041837111976739755
12.5   0.0   0.07700057213281808
13.5   0.0   0.10869058336758618
14.5   0.0   0.04167570332527086
15.5   0.0   0.059505892875147855
16.5   0.0   0.142602687531192
17.5   0.0   0.04956875993022623
18.5   0.0   0.07588529860912434
19.5   0.0   0.13187764268639798
