# x,  y, local density of states
-19.5   0.0   0.3209094141759146
-18.5   0.0   0.11845714183572577
-17.5   0.0   0.25221457447942525
-16.5   0.0   0.3834046391263706
-15.5   0.0   0.049543132029524255
-14.5   0.0   0.29631077822100693
-13.5   0.0   0.23535227030326053
-12.5   0.0   0.06640364631593229
-11.5   0.0   0.2967680765444489
-10.5   0.0   0.19800812012441005
-9.5   0.0   0.09686887511454356
-8.5   0.0   0.3256807430208083
-7.5   0.0   0.14629094354071584
-6.5   0.0   0.14732180852654567
-5.5   0.0   0.31712104003935804
-4.5   0.0   0.10746421762809502
-3.5   0.0   0.19892696124002346
-2.5   0.0   0.29039956932453165
-1.5   0.0   0.08737900131721016
-0.5   0.0   0.24934959273534307
0.5   0.0   0.2493495927353444
1.5   0.0   0.08737900131721237
2.5   0.0   0.2903995693245521
3.5   0.0   0.19892696124001383
4.5   0.0   0.10746421762810127
5.5   0.0   0.3171210400393626
6.5   0.0   0.14732180852654328
7.5   0.0   0.1462909435407244
8.5   0.0   0.32568074302082817
9.5   0.0   0.09686887511453977
10.5   0.0   0.19800812012442934
11.5   0.0   0.29676807654445314
12.5   0.0   0.06640364631592982
13.5   0.0   0.23535227030327133
14.5   0.0   0.29631077822100826
15.5   0.0   0.04954313202952476
16.5   0.0   0.3834046391263792
17.5   0.0   0.2522145744794246
18.5   0.0   0.11845714183573003
19.5   0.0   0.32090941417591945
