# x,  y, local density of states
-19.5   0.0   0.5790124966724196
-18.5   0.0   0.3881630434328813
-17.5   0.0   0.08753211748352313
-16.5   0.0   0.5937983400557556
-15.5   0.0   0.3299859334086969
-14.5   0.0   0.02523746384395525
-13.5   0.0   0.4162414086444006
-12.5   0.0   0.47720669887582134
-11.5   0.0   0.0417147755341981
-10.5   0.0   0.31332113139267853
-9.5   0.0   0.548145049673805
-8.5   0.0   0.10912497830977058
-7.5   0.0   0.19055031752073234
-6.5   0.0   0.5652807302891669
-5.5   0.0   0.21537136315117716
-4.5   0.0   0.09467101560722015
-3.5   0.0   0.5307036531098096
-2.5   0.0   0.33616594256015475
-1.5   0.0   0.041983655104445385
-0.5   0.0   0.4485311492713426
0.5   0.0   0.4485311492713407
1.5   0.0   0.041983655104445114
2.5   0.0   0.33616594256014914
3.5   0.0   0.5307036531098036
4.5   0.0   0.09467101560721813
5.5   0.0   0.21537136315117772
6.5   0.0   0.5652807302891447
7.5   0.0   0.19055031752072507
8.5   0.0   0.1091249783097699
9.5   0.0   0.5481450496738007
10.5   0.0   0.31332113139266704
11.5   0.0   0.04171477553420017
12.5   0.0   0.4772066988758084
13.5   0.0   0.4162414086443943
14.5   0.0   0.025237463843956236
15.5   0.0   0.32998593340869264
16.5   0.0   0.5937983400557476
17.5   0.0   0.08753211748352054
18.5   0.0   0.3881630434328781
19.5   0.0   0.5790124966724075
