# x,  y, local density of states
-19.5   0.0   0.7308860814495542
-18.5   0.0   0.2588250765511728
-17.5   0.0   0.5798339964213902
-16.5   0.0   0.8907044774048127
-15.5   0.0   0.0580581409053818
-14.5   0.0   0.7088230664040077
-13.5   0.0   0.512397468547168
-12.5   0.0   0.09249564962485528
-11.5   0.0   0.7212629922547213
-10.5   0.0   0.40782219693988275
-9.5   0.0   0.17166854270220044
-8.5   0.0   0.8031917995759065
-7.5   0.0   0.26512509984733673
-6.5   0.0   0.30844065740887233
-5.5   0.0   0.7827054327344812
-4.5   0.0   0.15546870336756582
-3.5   0.0   0.4522446379495248
-2.5   0.0   0.7090136706403665
-1.5   0.0   0.09838106723960159
-0.5   0.0   0.5938821440486308
0.5   0.0   0.5938821440486343
1.5   0.0   0.098381067239607
2.5   0.0   0.7090136706404236
3.5   0.0   0.4522446379494979
4.5   0.0   0.1554687033675855
5.5   0.0   0.7827054327344931
6.5   0.0   0.30844065740886617
7.5   0.0   0.2651250998473612
8.5   0.0   0.8031917995759611
9.5   0.0   0.1716685427021889
10.5   0.0   0.40782219693993627
11.5   0.0   0.7212629922547329
12.5   0.0   0.09249564962484763
13.5   0.0   0.5123974685471989
14.5   0.0   0.7088230664040118
15.5   0.0   0.05805814090538217
16.5   0.0   0.8907044774048395
17.5   0.0   0.5798339964213893
18.5   0.0   0.2588250765511856
19.5   0.0   0.7308860814495698
