# x,  y, local density of states
-19.5   0.0   0.24319914127846706
-18.5   0.0   0.11475918988130186
-17.5   0.0   0.12893407062626608
-16.5   0.0   0.2870716921058038
-15.5   0.0   0.06325143765926089
-14.5   0.0   0.12359197386395519
-13.5   0.0   0.22273685009411168
-12.5   0.0   0.07782124001082211
-11.5   0.0   0.11489380847659213
-10.5   0.0   0.2260879950750362
-9.5   0.0   0.08542753500726799
-8.5   0.0   0.12007288957837517
-7.5   0.0   0.217345365672784
-6.5   0.0   0.09336091174594743
-5.5   0.0   0.1173555058543812
-4.5   0.0   0.2116798893548682
-3.5   0.0   0.10107394474084996
-2.5   0.0   0.11334098552427634
-1.5   0.0   0.20928199543034381
-0.5   0.0   0.10786078220057871
0.5   0.0   0.1078607822005728
1.5   0.0   0.2092819954303407
2.5   0.0   0.11334098552428234
3.5   0.0   0.10107394474084433
4.5   0.0   0.21167988935487428
5.5   0.0   0.11735550585438766
6.5   0.0   0.09336091174594374
7.5   0.0   0.21734536567278784
8.5   0.0   0.12007288957838105
9.5   0.0   0.08542753500726347
10.5   0.0   0.22608799507504457
11.5   0.0   0.11489380847659801
12.5   0.0   0.07782124001082097
13.5   0.0   0.22273685009412023
14.5   0.0   0.12359197386395898
15.5   0.0   0.06325143765926153
16.5   0.0   0.28707169210580974
17.5   0.0   0.12893407062626697
18.5   0.0   0.11475918988130283
19.5   0.0   0.24319914127846823
