# x,  y, local density of states
-19.5   0.0   0.1765173156781681
-18.5   0.0   0.11151592625639119
-17.5   0.0   0.04599024633026796
-16.5   0.0   0.1833958413831724
-15.5   0.0   0.094532736777553
-14.5   0.0   0.031430468298929023
-13.5   0.0   0.13352581103581504
-12.5   0.0   0.12946825505748405
-11.5   0.0   0.03500241671851304
-10.5   0.0   0.11104550943467136
-9.5   0.0   0.14519195481047015
-8.5   0.0   0.051210534667796064
-7.5   0.0   0.08341024247173368
-6.5   0.0   0.14887825360933574
-5.5   0.0   0.07441854626505676
-4.5   0.0   0.062462608498574365
-3.5   0.0   0.14153546234567296
-2.5   0.0   0.10029452408292476
-1.5   0.0   0.05116955451206237
-0.5   0.0   0.12413119374783074
0.5   0.0   0.12413119374782947
1.5   0.0   0.051169554512061774
2.5   0.0   0.10029452408292443
3.5   0.0   0.1415354623456708
4.5   0.0   0.06246260849857478
5.5   0.0   0.07441854626505784
6.5   0.0   0.1488782536093302
7.5   0.0   0.0834102424717326
8.5   0.0   0.05121053466779685
9.5   0.0   0.14519195481046854
10.5   0.0   0.11104550943467009
11.5   0.0   0.03500241671851455
12.5   0.0   0.12946825505748108
13.5   0.0   0.13352581103581512
14.5   0.0   0.031430468298929926
15.5   0.0   0.09453273677755239
16.5   0.0   0.1833958413831716
17.5   0.0   0.045990246330267666
18.5   0.0   0.11151592625639072
19.5   0.0   0.17651731567816578
