# x,  y, local density of states
-19.5   0.0   0.2102607985054146
-18.5   0.0   0.09671447767115662
-17.5   0.0   0.12042241722206837
-16.5   0.0   0.24662455135078254
-15.5   0.0   0.05685678927568143
-14.5   0.0   0.11888178957876804
-13.5   0.0   0.18789263859386257
-12.5   0.0   0.0696063500858215
-11.5   0.0   0.11177343740366576
-10.5   0.0   0.18772280181238454
-9.5   0.0   0.07758131123234452
-8.5   0.0   0.1172979936688746
-7.5   0.0   0.17789709949122645
-6.5   0.0   0.08686730481864703
-5.5   0.0   0.11458947354713603
-4.5   0.0   0.1714133957488706
-3.5   0.0   0.09567037638774066
-2.5   0.0   0.1100145389565099
-1.5   0.0   0.16847637093994267
-0.5   0.0   0.10360158952284584
0.5   0.0   0.10360158952284697
1.5   0.0   0.16847637093994347
2.5   0.0   0.11001453895651167
3.5   0.0   0.09567037638773947
4.5   0.0   0.171413395748869
5.5   0.0   0.11458947354713554
6.5   0.0   0.08686730481864682
7.5   0.0   0.1778970994912244
8.5   0.0   0.11729799366887628
9.5   0.0   0.07758131123234427
10.5   0.0   0.18772280181238446
11.5   0.0   0.11177343740366412
12.5   0.0   0.06960635008582113
13.5   0.0   0.18789263859386005
14.5   0.0   0.11888178957876605
15.5   0.0   0.05685678927568203
16.5   0.0   0.2466245513507773
17.5   0.0   0.12042241722206518
18.5   0.0   0.09671447767115476
19.5   0.0   0.2102607985054098
