# x,  y, local density of states
-19.5   0.0   0.6189499530350027
-18.5   0.0   0.05538463192856158
-17.5   0.0   1.4604122950980485
-16.5   0.0   0.30770738258808883
-15.5   0.0   1.821046083216668
-14.5   0.0   0.7475256793841157
-13.5   0.0   1.720365419383773
-12.5   0.0   1.2052066420768077
-11.5   0.0   1.458075233992994
-10.5   0.0   1.4982972568838504
-9.5   0.0   1.2904447647375819
-8.5   0.0   1.5602803458474646
-7.5   0.0   1.293066429534732
-6.5   0.0   1.4625326024040746
-5.5   0.0   1.3888922725081725
-4.5   0.0   1.3419208876941542
-3.5   0.0   1.4579706534212031
-2.5   0.0   1.3024534672119326
-1.5   0.0   1.437534686098756
-0.5   0.0   1.3570573892421818
0.5   0.0   1.3570573892422382
1.5   0.0   1.4375346860987126
2.5   0.0   1.3024534672119898
3.5   0.0   1.4579706534211867
4.5   0.0   1.3419208876942041
5.5   0.0   1.3888922725081805
6.5   0.0   1.4625326024041192
7.5   0.0   1.2930664295347563
8.5   0.0   1.5602803458475014
9.5   0.0   1.2904447647376167
10.5   0.0   1.4982972568838844
11.5   0.0   1.4580752339930385
12.5   0.0   1.205206642076838
13.5   0.0   1.720365419383831
14.5   0.0   0.7475256793841372
15.5   0.0   1.8210460832167408
16.5   0.0   0.30770738258809704
17.5   0.0   1.4604122950981193
18.5   0.0   0.055384631928563056
19.5   0.0   0.6189499530350363
