# x,  y, local density of states
-19.5   0.0   0.6198525018683017
-18.5   0.0   0.053281697464199564
-17.5   0.0   1.4905805623369008
-16.5   0.0   0.29513237470475223
-15.5   0.0   1.9151911987176116
-14.5   0.0   0.7209263414951123
-13.5   0.0   1.883963687382964
-12.5   0.0   1.179950592132847
-11.5   0.0   1.658850563965359
-10.5   0.0   1.5059668571692355
-9.5   0.0   1.4788296839374824
-8.5   0.0   1.6287794378312055
-7.5   0.0   1.4336338287831216
-6.5   0.0   1.595476882161394
-5.5   0.0   1.480154227307582
-4.5   0.0   1.513521226673127
-3.5   0.0   1.5293024783954472
-2.5   0.0   1.4713923361010979
-1.5   0.0   1.527918392922687
-0.5   0.0   1.4899958784345404
0.5   0.0   1.489995878434432
1.5   0.0   1.5279183929227604
2.5   0.0   1.4713923361009746
3.5   0.0   1.529302478395493
4.5   0.0   1.5135212266730236
5.5   0.0   1.4801542273076151
6.5   0.0   1.5954768821613197
7.5   0.0   1.433633828783161
8.5   0.0   1.6287794378311615
9.5   0.0   1.4788296839375403
10.5   0.0   1.5059668571692257
11.5   0.0   1.6588505639654145
12.5   0.0   1.1799505921328621
13.5   0.0   1.8839636873829961
14.5   0.0   0.7209263414951318
15.5   0.0   1.9151911987176309
16.5   0.0   0.29513237470476117
17.5   0.0   1.4905805623369202
18.5   0.0   0.05328169746420107
19.5   0.0   0.6198525018683136
