# x,  y, local density of states
-19.5   0.0   0.26335362007041363
-18.5   0.0   0.07778227030898018
-17.5   0.0   0.2863445952303883
-16.5   0.0   0.2884231916469604
-15.5   0.0   0.10454659904436021
-14.5   0.0   0.3237336157184152
-13.5   0.0   0.14833950968377432
-12.5   0.0   0.16187336092170954
-11.5   0.0   0.2612613733165429
-10.5   0.0   0.12902843012100979
-9.5   0.0   0.2038363129928043
-8.5   0.0   0.2291410082866704
-7.5   0.0   0.13886807725496791
-6.5   0.0   0.2345551392062827
-5.5   0.0   0.187221115474553
-4.5   0.0   0.17568015117631064
-3.5   0.0   0.2208844262134827
-2.5   0.0   0.17516202914529935
-1.5   0.0   0.20205134338894915
-0.5   0.0   0.19234036557532186
0.5   0.0   0.19234036557532186
1.5   0.0   0.2020513433889515
2.5   0.0   0.17516202914530518
3.5   0.0   0.22088442621348212
4.5   0.0   0.1756801511763079
5.5   0.0   0.18722111547455786
6.5   0.0   0.23455513920627946
7.5   0.0   0.13886807725497166
8.5   0.0   0.22914100828667905
9.5   0.0   0.20383631299280439
10.5   0.0   0.12902843012101878
11.5   0.0   0.2612613733165479
12.5   0.0   0.16187336092171062
13.5   0.0   0.14833950968378012
14.5   0.0   0.3237336157184183
15.5   0.0   0.10454659904436109
16.5   0.0   0.28842319164696545
17.5   0.0   0.2863445952303904
18.5   0.0   0.07778227030898194
19.5   0.0   0.2633536200704178
