# x,  y, local density of states
-19.5   0.0   0.41148029669221603
-18.5   0.0   0.09042947263546641
-17.5   0.0   0.5767091324334865
-16.5   0.0   0.4038565099541587
-15.5   0.0   0.2934151243536591
-14.5   0.0   0.6131372784439113
-13.5   0.0   0.1867826218950809
-12.5   0.0   0.4513164183587664
-11.5   0.0   0.3867878090115536
-10.5   0.0   0.2269354003941383
-9.5   0.0   0.47246899386690816
-8.5   0.0   0.2894920961327644
-7.5   0.0   0.31658518714807976
-6.5   0.0   0.4560826120420093
-5.5   0.0   0.2453052133370165
-4.5   0.0   0.4105083052760024
-3.5   0.0   0.37904196611293883
-2.5   0.0   0.2731853422133064
-1.5   0.0   0.44063604249224797
-0.5   0.0   0.31863326171479067
0.5   0.0   0.3186332617147875
1.5   0.0   0.4406360424922513
2.5   0.0   0.2731853422132955
3.5   0.0   0.37904196611294705
4.5   0.0   0.41050830527598375
5.5   0.0   0.24530521333702993
6.5   0.0   0.45608261204200046
7.5   0.0   0.316585187148092
8.5   0.0   0.28949209613276833
9.5   0.0   0.4724689938669225
10.5   0.0   0.2269354003941469
11.5   0.0   0.38678780901156595
12.5   0.0   0.45131641835877595
13.5   0.0   0.18678262189508363
14.5   0.0   0.6131372784439199
15.5   0.0   0.29341512435366107
16.5   0.0   0.4038565099541625
17.5   0.0   0.576709132433497
18.5   0.0   0.09042947263546655
19.5   0.0   0.41148029669222547
