# x,  y, local density of states
-19.5   0.0   0.6704700221212663
-18.5   0.0   0.1589659862864934
-17.5   0.0   0.8482716900627533
-16.5   0.0   0.7096292986216349
-15.5   0.0   0.28665351292313085
-14.5   0.0   1.001542488111309
-13.5   0.0   0.19582284381561552
-12.5   0.0   0.569726263766055
-11.5   0.0   0.6720646601225313
-10.5   0.0   0.15494184498800695
-9.5   0.0   0.7525687690057143
-8.5   0.0   0.43659683144802486
-7.5   0.0   0.3096515330843298
-6.5   0.0   0.8293513605183223
-5.5   0.0   0.2128548480558563
-4.5   0.0   0.5973772455588738
-3.5   0.0   0.6484220585932374
-2.5   0.0   0.1948761539373635
-1.5   0.0   0.7927256858847377
-0.5   0.0   0.37892149643808204
0.5   0.0   0.37892149643810746
1.5   0.0   0.792725685884724
2.5   0.0   0.1948761539373619
3.5   0.0   0.6484220585932436
4.5   0.0   0.5973772455588676
5.5   0.0   0.21285484805586097
6.5   0.0   0.8293513605183432
7.5   0.0   0.309651533084308
8.5   0.0   0.4365968314480492
9.5   0.0   0.7525687690056868
10.5   0.0   0.15494184498800548
11.5   0.0   0.6720646601225289
12.5   0.0   0.5697262637660312
13.5   0.0   0.19582284381562623
14.5   0.0   1.0015424881112889
15.5   0.0   0.2866535129231208
16.5   0.0   0.7096292986216227
17.5   0.0   0.848271690062729
18.5   0.0   0.1589659862864926
19.5   0.0   0.6704700221212536
