# x,  y, local density of states
-19.5   0.0   0.542572695707128
-18.5   0.0   0.08809725977153286
-17.5   0.0   0.9306808360111487
-16.5   0.0   0.4495410704281221
-15.5   0.0   0.6615826300915366
-14.5   0.0   0.8655373362339266
-13.5   0.0   0.3002602867362436
-12.5   0.0   0.9269703438426536
-11.5   0.0   0.34131697470857
-10.5   0.0   0.6119629068438964
-9.5   0.0   0.6450187393204252
-8.5   0.0   0.322883204935172
-7.5   0.0   0.7728218249075889
-6.5   0.0   0.37690157431332183
-5.5   0.0   0.5826572184736536
-4.5   0.0   0.6522155678995664
-3.5   0.0   0.3482416052258578
-2.5   0.0   0.7868605963694708
-1.5   0.0   0.3728854010079484
-0.5   0.0   0.6232989512252307
0.5   0.0   0.6232989512252458
1.5   0.0   0.37288540100795303
2.5   0.0   0.7868605963695198
3.5   0.0   0.3482416052258506
4.5   0.0   0.6522155678996183
5.5   0.0   0.5826572184736164
6.5   0.0   0.37690157431334714
7.5   0.0   0.7728218249075232
8.5   0.0   0.3228832049351725
9.5   0.0   0.6450187393203705
10.5   0.0   0.6119629068438959
11.5   0.0   0.34131697470855626
12.5   0.0   0.9269703438426786
13.5   0.0   0.30026028673625765
14.5   0.0   0.8655373362339664
15.5   0.0   0.6615826300915558
16.5   0.0   0.4495410704281479
17.5   0.0   0.9306808360111652
18.5   0.0   0.08809725977153782
19.5   0.0   0.5425726957071354
