# x,  y, local density of states
-19.5   0.0   0.5234714616201847
-18.5   0.0   0.07150877257189049
-17.5   0.0   1.0075015800474236
-16.5   0.0   0.37586245235020416
-15.5   0.0   0.9098932197038095
-14.5   0.0   0.7857312109119142
-13.5   0.0   0.587597000786823
-12.5   0.0   0.9828177558603348
-11.5   0.0   0.4846144151755911
-10.5   0.0   0.8561926896421285
-9.5   0.0   0.6394981740173072
-8.5   0.0   0.6244897056318077
-7.5   0.0   0.7852485101655788
-6.5   0.0   0.55552175241051
-5.5   0.0   0.745964887513171
-4.5   0.0   0.6663005438322517
-3.5   0.0   0.6227569413680506
-2.5   0.0   0.7593314933790726
-1.5   0.0   0.6057032965319726
-0.5   0.0   0.7066643244745625
0.5   0.0   0.7066643244745745
1.5   0.0   0.6057032965319769
2.5   0.0   0.7593314933791107
3.5   0.0   0.6227569413680535
4.5   0.0   0.6663005438322946
5.5   0.0   0.7459648875131588
6.5   0.0   0.5555217524105397
7.5   0.0   0.785248510165548
8.5   0.0   0.624489705631826
9.5   0.0   0.6394981740172792
10.5   0.0   0.8561926896421495
11.5   0.0   0.48461441517558596
12.5   0.0   0.9828177558603699
13.5   0.0   0.5875970007868367
14.5   0.0   0.7857312109119517
15.5   0.0   0.9098932197038327
16.5   0.0   0.37586245235022525
17.5   0.0   1.0075015800474478
18.5   0.0   0.07150877257189442
19.5   0.0   0.5234714616201969
