# x,  y, local density of states
-19.5   0.0   0.2633536200704095
-18.5   0.0   0.07778227030898016
-17.5   0.0   0.28634459523038147
-16.5   0.0   0.2884231916469614
-15.5   0.0   0.10454659904435726
-14.5   0.0   0.3237336157184184
-13.5   0.0   0.14833950968377424
-12.5   0.0   0.1618733609217142
-11.5   0.0   0.2612613733165405
-10.5   0.0   0.12902843012101395
-9.5   0.0   0.20383631299279895
-8.5   0.0   0.22914100828666933
-7.5   0.0   0.138868077254968
-6.5   0.0   0.23455513920627594
-5.5   0.0   0.1872211154745551
-4.5   0.0   0.17568015117630792
-3.5   0.0   0.22088442621347554
-2.5   0.0   0.17516202914530474
-1.5   0.0   0.2020513433889411
-0.5   0.0   0.19234036557531847
0.5   0.0   0.19234036557532028
1.5   0.0   0.20205134338893851
2.5   0.0   0.17516202914530332
3.5   0.0   0.22088442621347634
4.5   0.0   0.17568015117630795
5.5   0.0   0.18722111547455692
6.5   0.0   0.23455513920627868
7.5   0.0   0.1388680772549637
8.5   0.0   0.22914100828667106
9.5   0.0   0.20383631299279215
10.5   0.0   0.12902843012101256
11.5   0.0   0.2612613733165367
12.5   0.0   0.16187336092171048
13.5   0.0   0.14833950968377502
14.5   0.0   0.323733615718412
15.5   0.0   0.10454659904435636
16.5   0.0   0.2884231916469541
17.5   0.0   0.2863445952303742
18.5   0.0   0.07778227030897823
19.5   0.0   0.26335362007040297
