# x,  y, local density of states
-19.5   0.0   0.29560872135562555
-18.5   0.0   0.19378455150834026
-17.5   0.0   0.05746640131202703
-16.5   0.0   0.30450039973652854
-15.5   0.0   0.16503742601617974
-14.5   0.0   0.028418974982092726
-13.5   0.0   0.21676309683754724
-12.5   0.0   0.23390950804396296
-11.5   0.0   0.035789956006971296
-10.5   0.0   0.16980751283237733
-9.5   0.0   0.26654335112236943
-8.5   0.0   0.06735816249860671
-7.5   0.0   0.11320522018231095
-6.5   0.0   0.27449288722550014
-5.5   0.0   0.1158306016231324
-4.5   0.0   0.06930606909112107
-3.5   0.0   0.25892010234881935
-2.5   0.0   0.17074059883010473
-1.5   0.0   0.045279817460696724
-0.5   0.0   0.22170887658309346
0.5   0.0   0.22170887658309202
1.5   0.0   0.045279817460696266
2.5   0.0   0.17074059883010265
3.5   0.0   0.2589201023488162
4.5   0.0   0.06930606909112062
5.5   0.0   0.11583060162313324
6.5   0.0   0.27449288722548953
7.5   0.0   0.11320522018230797
8.5   0.0   0.06735816249860697
9.5   0.0   0.266543351122367
10.5   0.0   0.16980751283237283
11.5   0.0   0.035789956006972885
12.5   0.0   0.23390950804395702
13.5   0.0   0.2167630968375452
14.5   0.0   0.028418974982093594
15.5   0.0   0.16503742601617793
16.5   0.0   0.30450039973652543
17.5   0.0   0.057466401312026044
18.5   0.0   0.1937845515083389
19.5   0.0   0.29560872135562016
