# x,  y, local density of states
-19.5   0.0   0.26977696768620973
-18.5   0.0   0.07764617052765864
-17.5   0.0   0.3008944402121972
-16.5   0.0   0.2931646690747614
-15.5   0.0   0.11167301124504099
-14.5   0.0   0.3406273032899022
-13.5   0.0   0.14454602035793307
-12.5   0.0   0.17676593053115267
-11.5   0.0   0.268236915384548
-10.5   0.0   0.1257435084602058
-9.5   0.0   0.22292754579577728
-8.5   0.0   0.22755691198500422
-7.5   0.0   0.14273797576229083
-6.5   0.0   0.2536238473825989
-5.5   0.0   0.17914824862107367
-4.5   0.0   0.19023756573671902
-3.5   0.0   0.231941452197439
-2.5   0.0   0.16777364084786708
-1.5   0.0   0.22363939422037105
-0.5   0.0   0.19262539976569942
0.5   0.0   0.1926253997657024
1.5   0.0   0.22363939422036816
2.5   0.0   0.1677736408478658
3.5   0.0   0.23194145219744008
4.5   0.0   0.19023756573671866
5.5   0.0   0.1791482486210755
6.5   0.0   0.2536238473826026
7.5   0.0   0.14273797576228586
8.5   0.0   0.2275569119850072
9.5   0.0   0.22292754579576984
10.5   0.0   0.12574350846020454
11.5   0.0   0.26823691538454475
12.5   0.0   0.1767659305311482
13.5   0.0   0.14454602035793448
14.5   0.0   0.34062730328989566
15.5   0.0   0.1116730112450398
16.5   0.0   0.29316466907475447
17.5   0.0   0.30089444021218964
18.5   0.0   0.07764617052765695
19.5   0.0   0.26977696768620335
