# x,  y, local density of states
-19.5   0.0   0.5005438891680539
-18.5   0.0   0.24714694723583258
-17.5   0.0   0.21872985286605462
-16.5   0.0   0.602781278150968
-15.5   0.0   0.10971679625545323
-14.5   0.0   0.1943939274011022
-13.5   0.0   0.4820870897251375
-12.5   0.0   0.13830257443683694
-11.5   0.0   0.17452894150791917
-10.5   0.0   0.5042278854324047
-9.5   0.0   0.14752718137138052
-8.5   0.0   0.18065108846949426
-7.5   0.0   0.4963696194122255
-6.5   0.0   0.15335140022148783
-5.5   0.0   0.1760827091011171
-4.5   0.0   0.49151306196900413
-3.5   0.0   0.16074798600140183
-2.5   0.0   0.17177503576373107
-1.5   0.0   0.4903180480304913
-0.5   0.0   0.1667632956262893
0.5   0.0   0.1667632956262759
1.5   0.0   0.49031804803048346
2.5   0.0   0.1717750357637482
3.5   0.0   0.1607479860013871
4.5   0.0   0.49151306196901995
5.5   0.0   0.17608270910113324
6.5   0.0   0.1533514002214791
7.5   0.0   0.49636961941223634
8.5   0.0   0.18065108846951186
9.5   0.0   0.1475271813713701
10.5   0.0   0.504227885432428
11.5   0.0   0.17452894150793735
12.5   0.0   0.138302574436834
13.5   0.0   0.48208708972516096
14.5   0.0   0.19439392740111466
15.5   0.0   0.10971679625545432
16.5   0.0   0.6027812781509881
17.5   0.0   0.21872985286605975
18.5   0.0   0.24714694723583674
19.5   0.0   0.5005438891680614
