# x,  y, local density of states
-19.5   0.0   0.6316595935450906
-18.5   0.0   0.05018411090360416
-17.5   0.0   1.5717504088668446
-16.5   0.0   0.27683997007014133
-15.5   0.0   2.1244639644203556
-14.5   0.0   0.683652772424251
-13.5   0.0   2.22851528933294
-12.5   0.0   1.1502852443536402
-11.5   0.0   2.082588258557746
-10.5   0.0   1.5370344497032602
-9.5   0.0   1.8955839548622042
-8.5   0.0   1.768807536363302
-7.5   0.0   1.7784782508649422
-6.5   0.0   1.853767583836903
-5.5   0.0   1.7433467247803063
-4.5   0.0   1.850336376842746
-3.5   0.0   1.7533096388810536
-2.5   0.0   1.8193557331559524
-1.5   0.0   1.7732375870861181
-0.5   0.0   1.793000844811145
0.5   0.0   1.793000844811218
1.5   0.0   1.7732375870860517
2.5   0.0   1.8193557331560142
3.5   0.0   1.7533096388810099
4.5   0.0   1.8503363768427936
5.5   0.0   1.7433467247802934
6.5   0.0   1.8537675838369345
7.5   0.0   1.7784782508649581
8.5   0.0   1.768807536363314
9.5   0.0   1.8955839548622513
10.5   0.0   1.5370344497032666
11.5   0.0   2.082588258557814
12.5   0.0   1.1502852443536493
13.5   0.0   2.2285152893330236
14.5   0.0   0.6836527724242606
15.5   0.0   2.124463964420451
16.5   0.0   0.27683997007014577
17.5   0.0   1.5717504088669296
18.5   0.0   0.05018411090360507
19.5   0.0   0.63165959354513
