# x,  y, local density of states
-2.1650635094610964   14.5   1.035430557612193
-1.2990381056766578   14.0   0.4034968025653841
-1.2990381056766578   13.0   1.183471048836998
-2.1650635094610964   12.5   0.7301428524792879
-2.1650635094610964   11.5   1.2020663977436963
-1.2990381056766578   11.0   0.9973344986896875
-1.2990381056766578   10.0   1.1179908824080136
-2.1650635094610964   9.5   1.1339872792312213
-2.1650635094610964   8.5   1.00473754306164
-1.2990381056766578   8.0   1.1443146570536058
-1.2990381056766578   7.0   0.9159443106394716
-2.1650635094610964   6.5   1.0774621530015414
-2.1650635094610964   5.5   0.8720564738358684
-1.2990381056766578   5.0   0.991162712494135
-1.2990381056766578   4.0   0.8651709441706745
-2.1650635094610964   3.5   0.9254367434439982
-2.1650635094610964   2.5   0.8742887699957579
-1.2990381056766578   2.0   0.8929360522354717
-1.2990381056766578   1.0   0.8818426710172256
-2.1650635094610964   0.5   0.8842749884421807
-2.1650635094610964   -0.5   0.884274988442183
-1.2990381056766578   -1.0   0.8818426710172252
-1.2990381056766578   -2.0   0.8929360522354761
-2.1650635094610964   -2.5   0.8742887699957604
-2.1650635094610964   -3.5   0.9254367434439976
-1.2990381056766578   -4.0   0.8651709441706797
-1.2990381056766578   -5.0   0.9911627124941322
-2.1650635094610964   -5.5   0.8720564738358673
-2.1650635094610964   -6.5   1.077462153001541
-1.2990381056766578   -7.0   0.9159443106394689
-1.2990381056766578   -8.0   1.1443146570536091
-2.1650635094610964   -8.5   1.004737543061638
-2.1650635094610964   -9.5   1.133987279231222
-1.2990381056766578   -10.0   1.1179908824080151
-1.2990381056766578   -11.0   0.9973344986896833
-2.1650635094610964   -11.5   1.2020663977436943
-2.1650635094610964   -12.5   0.7301428524792857
-1.2990381056766578   -13.0   1.1834710488369908
-1.2990381056766578   -14.0   0.4034968025653842
-2.1650635094610964   -14.5   1.0354305576121918
-0.4330127018922192   14.5   1.035430557612193
0.4330127018922194   14.0   0.4034968025653841
0.4330127018922194   13.0   1.183471048836998
-0.4330127018922192   12.5   0.7301428524792879
-0.4330127018922192   11.5   1.2020663977436963
0.4330127018922194   11.0   0.9973344986896875
0.4330127018922194   10.0   1.1179908824080136
-0.4330127018922192   9.5   1.1339872792312213
-0.4330127018922192   8.5   1.00473754306164
0.4330127018922194   8.0   1.1443146570536058
0.4330127018922194   7.0   0.9159443106394716
-0.4330127018922192   6.5   1.0774621530015414
-0.4330127018922192   5.5   0.8720564738358684
0.4330127018922194   5.0   0.991162712494135
0.4330127018922194   4.0   0.8651709441706745
-0.4330127018922192   3.5   0.9254367434439982
-0.4330127018922192   2.5   0.8742887699957579
0.4330127018922194   2.0   0.8929360522354717
0.4330127018922194   1.0   0.8818426710172256
-0.4330127018922192   0.5   0.8842749884421807
-0.4330127018922192   -0.5   0.884274988442183
0.4330127018922194   -1.0   0.8818426710172252
0.4330127018922194   -2.0   0.8929360522354761
-0.4330127018922192   -2.5   0.8742887699957604
-0.4330127018922192   -3.5   0.9254367434439976
0.4330127018922194   -4.0   0.8651709441706797
0.4330127018922194   -5.0   0.9911627124941322
-0.4330127018922192   -5.5   0.8720564738358673
-0.4330127018922192   -6.5   1.077462153001541
0.4330127018922194   -7.0   0.9159443106394689
0.4330127018922194   -8.0   1.1443146570536091
-0.4330127018922192   -8.5   1.004737543061638
-0.4330127018922192   -9.5   1.133987279231222
0.4330127018922194   -10.0   1.1179908824080151
0.4330127018922194   -11.0   0.9973344986896833
-0.4330127018922192   -11.5   1.2020663977436943
-0.4330127018922192   -12.5   0.7301428524792857
0.4330127018922194   -13.0   1.1834710488369908
0.4330127018922194   -14.0   0.4034968025653842
-0.4330127018922192   -14.5   1.0354305576121918
1.2990381056766582   14.5   1.035430557612193
2.1650635094610964   14.0   0.4034968025653841
2.1650635094610964   13.0   1.183471048836998
1.2990381056766582   12.5   0.7301428524792879
1.2990381056766582   11.5   1.2020663977436963
2.1650635094610964   11.0   0.9973344986896875
2.1650635094610964   10.0   1.1179908824080136
1.2990381056766582   9.5   1.1339872792312213
1.2990381056766582   8.5   1.00473754306164
2.1650635094610964   8.0   1.1443146570536058
2.1650635094610964   7.0   0.9159443106394716
1.2990381056766582   6.5   1.0774621530015414
1.2990381056766582   5.5   0.8720564738358684
2.1650635094610964   5.0   0.991162712494135
2.1650635094610964   4.0   0.8651709441706745
1.2990381056766582   3.5   0.9254367434439982
1.2990381056766582   2.5   0.8742887699957579
2.1650635094610964   2.0   0.8929360522354717
2.1650635094610964   1.0   0.8818426710172256
1.2990381056766582   0.5   0.8842749884421807
1.2990381056766582   -0.5   0.884274988442183
2.1650635094610964   -1.0   0.8818426710172252
2.1650635094610964   -2.0   0.8929360522354761
1.2990381056766582   -2.5   0.8742887699957604
1.2990381056766582   -3.5   0.9254367434439976
2.1650635094610964   -4.0   0.8651709441706797
2.1650635094610964   -5.0   0.9911627124941322
1.2990381056766582   -5.5   0.8720564738358673
1.2990381056766582   -6.5   1.077462153001541
2.1650635094610964   -7.0   0.9159443106394689
2.1650635094610964   -8.0   1.1443146570536091
1.2990381056766582   -8.5   1.004737543061638
1.2990381056766582   -9.5   1.133987279231222
2.1650635094610964   -10.0   1.1179908824080151
2.1650635094610964   -11.0   0.9973344986896833
1.2990381056766582   -11.5   1.2020663977436943
1.2990381056766582   -12.5   0.7301428524792857
2.1650635094610964   -13.0   1.1834710488369908
2.1650635094610964   -14.0   0.4034968025653842
1.2990381056766582   -14.5   1.0354305576121918
