# x,  y, local density of states
-2.1650635094610964   14.5   1.1910521672200916
-1.2990381056766578   14.0   0.16521779993755095
-1.2990381056766578   13.0   0.2828213874195056
-2.1650635094610964   12.5   0.21888271349128938
-2.1650635094610964   11.5   0.2898067862128575
-1.2990381056766578   11.0   0.25116018748832436
-1.2990381056766578   10.0   0.2935512633712339
-2.1650635094610964   9.5   0.2705430283505093
-2.1650635094610964   8.5   0.2955367341850985
-1.2990381056766578   8.0   0.2820561262681902
-1.2990381056766578   7.0   0.2965696620135869
-2.1650635094610964   6.5   0.2888018078675983
-2.1650635094610964   5.5   0.29708374520086855
-1.2990381056766578   5.0   0.2926990650148643
-1.2990381056766578   4.0   0.2973037692188639
-2.1650635094610964   3.5   0.2949191700398602
-2.1650635094610964   2.5   0.2973327735553658
-1.2990381056766578   2.0   0.2961639849013633
-1.2990381056766578   1.0   0.2971942093070281
-2.1650635094610964   0.5   0.2968447866978158
-2.1650635094610964   -0.5   0.29684478669781644
-1.2990381056766578   -1.0   0.29719420930702783
-1.2990381056766578   -2.0   0.29616398490136486
-2.1650635094610964   -2.5   0.29733277355536647
-2.1650635094610964   -3.5   0.2949191700398606
-1.2990381056766578   -4.0   0.2973037692188655
-1.2990381056766578   -5.0   0.29269906501486415
-2.1650635094610964   -5.5   0.2970837452008688
-2.1650635094610964   -6.5   0.2888018078675983
-1.2990381056766578   -7.0   0.2965696620135868
-1.2990381056766578   -8.0   0.2820561262681906
-2.1650635094610964   -8.5   0.2955367341850983
-2.1650635094610964   -9.5   0.27054302835050936
-1.2990381056766578   -10.0   0.29355126337123416
-1.2990381056766578   -11.0   0.25116018748832375
-2.1650635094610964   -11.5   0.2898067862128572
-2.1650635094610964   -12.5   0.21888271349128927
-1.2990381056766578   -13.0   0.28282138741950485
-1.2990381056766578   -14.0   0.16521779993755095
-2.1650635094610964   -14.5   1.1910521672200916
-0.4330127018922192   14.5   1.1910521672200916
0.4330127018922194   14.0   0.16521779993755095
0.4330127018922194   13.0   0.2828213874195056
-0.4330127018922192   12.5   0.21888271349128938
-0.4330127018922192   11.5   0.2898067862128575
0.4330127018922194   11.0   0.25116018748832436
0.4330127018922194   10.0   0.2935512633712339
-0.4330127018922192   9.5   0.2705430283505093
-0.4330127018922192   8.5   0.2955367341850985
0.4330127018922194   8.0   0.2820561262681902
0.4330127018922194   7.0   0.2965696620135869
-0.4330127018922192   6.5   0.2888018078675983
-0.4330127018922192   5.5   0.29708374520086855
0.4330127018922194   5.0   0.2926990650148643
0.4330127018922194   4.0   0.2973037692188639
-0.4330127018922192   3.5   0.2949191700398602
-0.4330127018922192   2.5   0.2973327735553658
0.4330127018922194   2.0   0.2961639849013633
0.4330127018922194   1.0   0.2971942093070281
-0.4330127018922192   0.5   0.2968447866978158
-0.4330127018922192   -0.5   0.29684478669781644
0.4330127018922194   -1.0   0.29719420930702783
0.4330127018922194   -2.0   0.29616398490136486
-0.4330127018922192   -2.5   0.29733277355536647
-0.4330127018922192   -3.5   0.2949191700398606
0.4330127018922194   -4.0   0.2973037692188655
0.4330127018922194   -5.0   0.29269906501486415
-0.4330127018922192   -5.5   0.2970837452008688
-0.4330127018922192   -6.5   0.2888018078675983
0.4330127018922194   -7.0   0.2965696620135868
0.4330127018922194   -8.0   0.2820561262681906
-0.4330127018922192   -8.5   0.2955367341850983
-0.4330127018922192   -9.5   0.27054302835050936
0.4330127018922194   -10.0   0.29355126337123416
0.4330127018922194   -11.0   0.25116018748832375
-0.4330127018922192   -11.5   0.2898067862128572
-0.4330127018922192   -12.5   0.21888271349128927
0.4330127018922194   -13.0   0.28282138741950485
0.4330127018922194   -14.0   0.16521779993755095
-0.4330127018922192   -14.5   1.1910521672200916
1.2990381056766582   14.5   1.1910521672200916
2.1650635094610964   14.0   0.16521779993755095
2.1650635094610964   13.0   0.2828213874195056
1.2990381056766582   12.5   0.21888271349128938
1.2990381056766582   11.5   0.2898067862128575
2.1650635094610964   11.0   0.25116018748832436
2.1650635094610964   10.0   0.2935512633712339
1.2990381056766582   9.5   0.2705430283505093
1.2990381056766582   8.5   0.2955367341850985
2.1650635094610964   8.0   0.2820561262681902
2.1650635094610964   7.0   0.2965696620135869
1.2990381056766582   6.5   0.2888018078675983
1.2990381056766582   5.5   0.29708374520086855
2.1650635094610964   5.0   0.2926990650148643
2.1650635094610964   4.0   0.2973037692188639
1.2990381056766582   3.5   0.2949191700398602
1.2990381056766582   2.5   0.2973327735553658
2.1650635094610964   2.0   0.2961639849013633
2.1650635094610964   1.0   0.2971942093070281
1.2990381056766582   0.5   0.2968447866978158
1.2990381056766582   -0.5   0.29684478669781644
2.1650635094610964   -1.0   0.29719420930702783
2.1650635094610964   -2.0   0.29616398490136486
1.2990381056766582   -2.5   0.29733277355536647
1.2990381056766582   -3.5   0.2949191700398606
2.1650635094610964   -4.0   0.2973037692188655
2.1650635094610964   -5.0   0.29269906501486415
1.2990381056766582   -5.5   0.2970837452008688
1.2990381056766582   -6.5   0.2888018078675983
2.1650635094610964   -7.0   0.2965696620135868
2.1650635094610964   -8.0   0.2820561262681906
1.2990381056766582   -8.5   0.2955367341850983
1.2990381056766582   -9.5   0.27054302835050936
2.1650635094610964   -10.0   0.29355126337123416
2.1650635094610964   -11.0   0.25116018748832375
1.2990381056766582   -11.5   0.2898067862128572
1.2990381056766582   -12.5   0.21888271349128927
2.1650635094610964   -13.0   0.28282138741950485
2.1650635094610964   -14.0   0.16521779993755095
1.2990381056766582   -14.5   1.1910521672200916
