# x,  y, local density of states
-2.1650635094610964   14.5   0.977247029277683
-1.2990381056766578   14.0   0.1758424004573878
-1.2990381056766578   13.0   0.3229327077113546
-2.1650635094610964   12.5   0.2395849543547038
-2.1650635094610964   11.5   0.33520216126941393
-1.2990381056766578   11.0   0.2813622291170894
-1.2990381056766578   10.0   0.34209549821757607
-2.1650635094610964   9.5   0.308234086258532
-2.1650635094610964   8.5   0.34590064490537925
-1.2990381056766578   8.0   0.325123392915313
-1.2990381056766578   7.0   0.3479489066566419
-2.1650635094610964   6.5   0.33549997248836505
-2.1650635094610964   5.5   0.34900011101837314
-1.2990381056766578   5.0   0.3417409144097876
-1.2990381056766578   4.0   0.3494700171284877
-2.1650635094610964   3.5   0.34541864580374615
-2.1650635094610964   2.5   0.3495613248519359
-1.2990381056766578   2.0   0.3475386559208498
-1.2990381056766578   1.0   0.3493322902823527
-2.1650635094610964   0.5   0.34872168334766634
-2.1650635094610964   -0.5   0.3487216833476674
-1.2990381056766578   -1.0   0.3493322902823515
-1.2990381056766578   -2.0   0.3475386559208522
-2.1650635094610964   -2.5   0.3495613248519375
-2.1650635094610964   -3.5   0.34541864580374604
-1.2990381056766578   -4.0   0.3494700171284898
-1.2990381056766578   -5.0   0.34174091440978605
-2.1650635094610964   -5.5   0.3490001110183738
-2.1650635094610964   -6.5   0.3354999724883641
-1.2990381056766578   -7.0   0.3479489066566417
-1.2990381056766578   -8.0   0.3251233929153119
-2.1650635094610964   -8.5   0.34590064490537875
-2.1650635094610964   -9.5   0.3082340862585312
-1.2990381056766578   -10.0   0.34209549821757557
-1.2990381056766578   -11.0   0.28136222911708875
-2.1650635094610964   -11.5   0.3352021612694128
-2.1650635094610964   -12.5   0.23958495435470445
-1.2990381056766578   -13.0   0.3229327077113546
-1.2990381056766578   -14.0   0.17584240045738772
-2.1650635094610964   -14.5   0.9772470292776829
-0.4330127018922192   14.5   0.977247029277683
0.4330127018922194   14.0   0.1758424004573878
0.4330127018922194   13.0   0.3229327077113546
-0.4330127018922192   12.5   0.2395849543547038
-0.4330127018922192   11.5   0.33520216126941393
0.4330127018922194   11.0   0.2813622291170894
0.4330127018922194   10.0   0.34209549821757607
-0.4330127018922192   9.5   0.308234086258532
-0.4330127018922192   8.5   0.34590064490537925
0.4330127018922194   8.0   0.325123392915313
0.4330127018922194   7.0   0.3479489066566419
-0.4330127018922192   6.5   0.33549997248836505
-0.4330127018922192   5.5   0.34900011101837314
0.4330127018922194   5.0   0.3417409144097876
0.4330127018922194   4.0   0.3494700171284877
-0.4330127018922192   3.5   0.34541864580374615
-0.4330127018922192   2.5   0.3495613248519359
0.4330127018922194   2.0   0.3475386559208498
0.4330127018922194   1.0   0.3493322902823527
-0.4330127018922192   0.5   0.34872168334766634
-0.4330127018922192   -0.5   0.3487216833476674
0.4330127018922194   -1.0   0.3493322902823515
0.4330127018922194   -2.0   0.3475386559208522
-0.4330127018922192   -2.5   0.3495613248519375
-0.4330127018922192   -3.5   0.34541864580374604
0.4330127018922194   -4.0   0.3494700171284898
0.4330127018922194   -5.0   0.34174091440978605
-0.4330127018922192   -5.5   0.3490001110183738
-0.4330127018922192   -6.5   0.3354999724883641
0.4330127018922194   -7.0   0.3479489066566417
0.4330127018922194   -8.0   0.3251233929153119
-0.4330127018922192   -8.5   0.34590064490537875
-0.4330127018922192   -9.5   0.3082340862585312
0.4330127018922194   -10.0   0.34209549821757557
0.4330127018922194   -11.0   0.28136222911708875
-0.4330127018922192   -11.5   0.3352021612694128
-0.4330127018922192   -12.5   0.23958495435470445
0.4330127018922194   -13.0   0.3229327077113546
0.4330127018922194   -14.0   0.17584240045738772
-0.4330127018922192   -14.5   0.9772470292776829
1.2990381056766582   14.5   0.977247029277683
2.1650635094610964   14.0   0.1758424004573878
2.1650635094610964   13.0   0.3229327077113546
1.2990381056766582   12.5   0.2395849543547038
1.2990381056766582   11.5   0.33520216126941393
2.1650635094610964   11.0   0.2813622291170894
2.1650635094610964   10.0   0.34209549821757607
1.2990381056766582   9.5   0.308234086258532
1.2990381056766582   8.5   0.34590064490537925
2.1650635094610964   8.0   0.325123392915313
2.1650635094610964   7.0   0.3479489066566419
1.2990381056766582   6.5   0.33549997248836505
1.2990381056766582   5.5   0.34900011101837314
2.1650635094610964   5.0   0.3417409144097876
2.1650635094610964   4.0   0.3494700171284877
1.2990381056766582   3.5   0.34541864580374615
1.2990381056766582   2.5   0.3495613248519359
2.1650635094610964   2.0   0.3475386559208498
2.1650635094610964   1.0   0.3493322902823527
1.2990381056766582   0.5   0.34872168334766634
1.2990381056766582   -0.5   0.3487216833476674
2.1650635094610964   -1.0   0.3493322902823515
2.1650635094610964   -2.0   0.3475386559208522
1.2990381056766582   -2.5   0.3495613248519375
1.2990381056766582   -3.5   0.34541864580374604
2.1650635094610964   -4.0   0.3494700171284898
2.1650635094610964   -5.0   0.34174091440978605
1.2990381056766582   -5.5   0.3490001110183738
1.2990381056766582   -6.5   0.3354999724883641
2.1650635094610964   -7.0   0.3479489066566417
2.1650635094610964   -8.0   0.3251233929153119
1.2990381056766582   -8.5   0.34590064490537875
1.2990381056766582   -9.5   0.3082340862585312
2.1650635094610964   -10.0   0.34209549821757557
2.1650635094610964   -11.0   0.28136222911708875
1.2990381056766582   -11.5   0.3352021612694128
1.2990381056766582   -12.5   0.23958495435470445
2.1650635094610964   -13.0   0.3229327077113546
2.1650635094610964   -14.0   0.17584240045738772
1.2990381056766582   -14.5   0.9772470292776829
