# x,  y, local density of states
-2.1650635094610964   14.5   0.9050135769810791
-1.2990381056766578   14.0   0.18235586939609844
-1.2990381056766578   13.0   0.34949315711825724
-2.1650635094610964   12.5   0.2527396092066927
-2.1650635094610964   11.5   0.36565971675483216
-1.2990381056766578   11.0   0.3010211386600109
-1.2990381056766578   10.0   0.3749586113733554
-2.1650635094610964   9.5   0.3331894841987471
-2.1650635094610964   8.5   0.3801889893461007
-1.2990381056766578   8.0   0.35398549215883335
-1.2990381056766578   7.0   0.38304487669962756
-2.1650635094610964   6.5   0.36705918182605834
-2.1650635094610964   5.5   0.3845262450793154
-1.2990381056766578   5.0   0.3750707430405338
-1.2990381056766578   4.0   0.3851964822162626
-2.1650635094610964   3.5   0.37986280354594804
-2.1650635094610964   2.5   0.3853384556751446
-1.2990381056766578   2.0   0.382656633624133
-1.2990381056766578   1.0   0.3850400430960157
-2.1650635094610964   0.5   0.38422757726976686
-2.1650635094610964   -0.5   0.384227577269768
-1.2990381056766578   -1.0   0.38504004309601525
-1.2990381056766578   -2.0   0.38265663362413554
-2.1650635094610964   -2.5   0.38533845567514546
-2.1650635094610964   -3.5   0.3798628035459489
-1.2990381056766578   -4.0   0.3851964822162651
-1.2990381056766578   -5.0   0.37507074304053367
-2.1650635094610964   -5.5   0.3845262450793158
-2.1650635094610964   -6.5   0.3670591818260585
-1.2990381056766578   -7.0   0.3830448766996275
-1.2990381056766578   -8.0   0.35398549215883424
-2.1650635094610964   -8.5   0.38018898934610046
-2.1650635094610964   -9.5   0.3331894841987473
-1.2990381056766578   -10.0   0.37495861137335573
-1.2990381056766578   -11.0   0.3010211386600099
-2.1650635094610964   -11.5   0.36565971675483183
-2.1650635094610964   -12.5   0.25273960920669236
-1.2990381056766578   -13.0   0.34949315711825596
-1.2990381056766578   -14.0   0.1823558693960985
-2.1650635094610964   -14.5   0.9050135769810792
-0.4330127018922192   14.5   0.9050135769810791
0.4330127018922194   14.0   0.18235586939609844
0.4330127018922194   13.0   0.34949315711825724
-0.4330127018922192   12.5   0.2527396092066927
-0.4330127018922192   11.5   0.36565971675483216
0.4330127018922194   11.0   0.3010211386600109
0.4330127018922194   10.0   0.3749586113733554
-0.4330127018922192   9.5   0.3331894841987471
-0.4330127018922192   8.5   0.3801889893461007
0.4330127018922194   8.0   0.35398549215883335
0.4330127018922194   7.0   0.38304487669962756
-0.4330127018922192   6.5   0.36705918182605834
-0.4330127018922192   5.5   0.3845262450793154
0.4330127018922194   5.0   0.3750707430405338
0.4330127018922194   4.0   0.3851964822162626
-0.4330127018922192   3.5   0.37986280354594804
-0.4330127018922192   2.5   0.3853384556751446
0.4330127018922194   2.0   0.382656633624133
0.4330127018922194   1.0   0.3850400430960157
-0.4330127018922192   0.5   0.38422757726976686
-0.4330127018922192   -0.5   0.384227577269768
0.4330127018922194   -1.0   0.38504004309601525
0.4330127018922194   -2.0   0.38265663362413554
-0.4330127018922192   -2.5   0.38533845567514546
-0.4330127018922192   -3.5   0.3798628035459489
0.4330127018922194   -4.0   0.3851964822162651
0.4330127018922194   -5.0   0.37507074304053367
-0.4330127018922192   -5.5   0.3845262450793158
-0.4330127018922192   -6.5   0.3670591818260585
0.4330127018922194   -7.0   0.3830448766996275
0.4330127018922194   -8.0   0.35398549215883424
-0.4330127018922192   -8.5   0.38018898934610046
-0.4330127018922192   -9.5   0.3331894841987473
0.4330127018922194   -10.0   0.37495861137335573
0.4330127018922194   -11.0   0.3010211386600099
-0.4330127018922192   -11.5   0.36565971675483183
-0.4330127018922192   -12.5   0.25273960920669236
0.4330127018922194   -13.0   0.34949315711825596
0.4330127018922194   -14.0   0.1823558693960985
-0.4330127018922192   -14.5   0.9050135769810792
1.2990381056766582   14.5   0.9050135769810791
2.1650635094610964   14.0   0.18235586939609844
2.1650635094610964   13.0   0.34949315711825724
1.2990381056766582   12.5   0.2527396092066927
1.2990381056766582   11.5   0.36565971675483216
2.1650635094610964   11.0   0.3010211386600109
2.1650635094610964   10.0   0.3749586113733554
1.2990381056766582   9.5   0.3331894841987471
1.2990381056766582   8.5   0.3801889893461007
2.1650635094610964   8.0   0.35398549215883335
2.1650635094610964   7.0   0.38304487669962756
1.2990381056766582   6.5   0.36705918182605834
1.2990381056766582   5.5   0.3845262450793154
2.1650635094610964   5.0   0.3750707430405338
2.1650635094610964   4.0   0.3851964822162626
1.2990381056766582   3.5   0.37986280354594804
1.2990381056766582   2.5   0.3853384556751446
2.1650635094610964   2.0   0.382656633624133
2.1650635094610964   1.0   0.3850400430960157
1.2990381056766582   0.5   0.38422757726976686
1.2990381056766582   -0.5   0.384227577269768
2.1650635094610964   -1.0   0.38504004309601525
2.1650635094610964   -2.0   0.38265663362413554
1.2990381056766582   -2.5   0.38533845567514546
1.2990381056766582   -3.5   0.3798628035459489
2.1650635094610964   -4.0   0.3851964822162651
2.1650635094610964   -5.0   0.37507074304053367
1.2990381056766582   -5.5   0.3845262450793158
1.2990381056766582   -6.5   0.3670591818260585
2.1650635094610964   -7.0   0.3830448766996275
2.1650635094610964   -8.0   0.35398549215883424
1.2990381056766582   -8.5   0.38018898934610046
1.2990381056766582   -9.5   0.3331894841987473
2.1650635094610964   -10.0   0.37495861137335573
2.1650635094610964   -11.0   0.3010211386600099
1.2990381056766582   -11.5   0.36565971675483183
1.2990381056766582   -12.5   0.25273960920669236
2.1650635094610964   -13.0   0.34949315711825596
2.1650635094610964   -14.0   0.1823558693960985
1.2990381056766582   -14.5   0.9050135769810792
