# x,  y, local density of states
-2.1650635094610964   14.5   1.2716718814858345
-1.2990381056766578   14.0   0.9941049970039271
-1.2990381056766578   13.0   1.629408396617249
-2.1650635094610964   12.5   1.5389388177448171
-2.1650635094610964   11.5   1.232998672685601
-1.2990381056766578   11.0   1.6440501057768675
-1.2990381056766578   10.0   1.0127788287127593
-2.1650635094610964   9.5   1.3620023066609646
-2.1650635094610964   8.5   1.1303284594235015
-1.2990381056766578   8.0   1.0920136912117857
-1.2990381056766578   7.0   1.3752174936352926
-2.1650635094610964   6.5   1.09455642400959
-2.1650635094610964   5.5   1.4767700144018687
-1.2990381056766578   5.0   1.2931766449600524
-1.2990381056766578   4.0   1.3708703678033416
-2.1650635094610964   3.5   1.4466808056494833
-2.1650635094610964   2.5   1.2028400778622785
-1.2990381056766578   2.0   1.4145897181126261
-1.2990381056766578   1.0   1.1499411118347853
-2.1650635094610964   0.5   1.2587406911839052
-2.1650635094610964   -0.5   1.2587406911839054
-1.2990381056766578   -1.0   1.149941111834785
-1.2990381056766578   -2.0   1.4145897181126297
-2.1650635094610964   -2.5   1.2028400778622799
-2.1650635094610964   -3.5   1.4466808056494804
-1.2990381056766578   -4.0   1.3708703678033436
-1.2990381056766578   -5.0   1.2931766449600473
-2.1650635094610964   -5.5   1.476770014401862
-2.1650635094610964   -6.5   1.09455642400959
-1.2990381056766578   -7.0   1.3752174936352848
-1.2990381056766578   -8.0   1.0920136912117895
-2.1650635094610964   -8.5   1.1303284594234988
-2.1650635094610964   -9.5   1.3620023066609641
-1.2990381056766578   -10.0   1.012778828712761
-1.2990381056766578   -11.0   1.6440501057768606
-2.1650635094610964   -11.5   1.2329986726856004
-2.1650635094610964   -12.5   1.5389388177448136
-1.2990381056766578   -13.0   1.6294083966172415
-1.2990381056766578   -14.0   0.9941049970039268
-2.1650635094610964   -14.5   1.2716718814858328
-0.4330127018922192   14.5   1.2716718814858345
0.4330127018922194   14.0   0.9941049970039271
0.4330127018922194   13.0   1.629408396617249
-0.4330127018922192   12.5   1.5389388177448171
-0.4330127018922192   11.5   1.232998672685601
0.4330127018922194   11.0   1.6440501057768675
0.4330127018922194   10.0   1.0127788287127593
-0.4330127018922192   9.5   1.3620023066609646
-0.4330127018922192   8.5   1.1303284594235015
0.4330127018922194   8.0   1.0920136912117857
0.4330127018922194   7.0   1.3752174936352926
-0.4330127018922192   6.5   1.09455642400959
-0.4330127018922192   5.5   1.4767700144018687
0.4330127018922194   5.0   1.2931766449600524
0.4330127018922194   4.0   1.3708703678033416
-0.4330127018922192   3.5   1.4466808056494833
-0.4330127018922192   2.5   1.2028400778622785
0.4330127018922194   2.0   1.4145897181126261
0.4330127018922194   1.0   1.1499411118347853
-0.4330127018922192   0.5   1.2587406911839052
-0.4330127018922192   -0.5   1.2587406911839054
0.4330127018922194   -1.0   1.149941111834785
0.4330127018922194   -2.0   1.4145897181126297
-0.4330127018922192   -2.5   1.2028400778622799
-0.4330127018922192   -3.5   1.4466808056494804
0.4330127018922194   -4.0   1.3708703678033436
0.4330127018922194   -5.0   1.2931766449600473
-0.4330127018922192   -5.5   1.476770014401862
-0.4330127018922192   -6.5   1.09455642400959
0.4330127018922194   -7.0   1.3752174936352848
0.4330127018922194   -8.0   1.0920136912117895
-0.4330127018922192   -8.5   1.1303284594234988
-0.4330127018922192   -9.5   1.3620023066609641
0.4330127018922194   -10.0   1.012778828712761
0.4330127018922194   -11.0   1.6440501057768606
-0.4330127018922192   -11.5   1.2329986726856004
-0.4330127018922192   -12.5   1.5389388177448136
0.4330127018922194   -13.0   1.6294083966172415
0.4330127018922194   -14.0   0.9941049970039268
-0.4330127018922192   -14.5   1.2716718814858328
1.2990381056766582   14.5   1.2716718814858345
2.1650635094610964   14.0   0.9941049970039271
2.1650635094610964   13.0   1.629408396617249
1.2990381056766582   12.5   1.5389388177448171
1.2990381056766582   11.5   1.232998672685601
2.1650635094610964   11.0   1.6440501057768675
2.1650635094610964   10.0   1.0127788287127593
1.2990381056766582   9.5   1.3620023066609646
1.2990381056766582   8.5   1.1303284594235015
2.1650635094610964   8.0   1.0920136912117857
2.1650635094610964   7.0   1.3752174936352926
1.2990381056766582   6.5   1.09455642400959
1.2990381056766582   5.5   1.4767700144018687
2.1650635094610964   5.0   1.2931766449600524
2.1650635094610964   4.0   1.3708703678033416
1.2990381056766582   3.5   1.4466808056494833
1.2990381056766582   2.5   1.2028400778622785
2.1650635094610964   2.0   1.4145897181126261
2.1650635094610964   1.0   1.1499411118347853
1.2990381056766582   0.5   1.2587406911839052
1.2990381056766582   -0.5   1.2587406911839054
2.1650635094610964   -1.0   1.149941111834785
2.1650635094610964   -2.0   1.4145897181126297
1.2990381056766582   -2.5   1.2028400778622799
1.2990381056766582   -3.5   1.4466808056494804
2.1650635094610964   -4.0   1.3708703678033436
2.1650635094610964   -5.0   1.2931766449600473
1.2990381056766582   -5.5   1.476770014401862
1.2990381056766582   -6.5   1.09455642400959
2.1650635094610964   -7.0   1.3752174936352848
2.1650635094610964   -8.0   1.0920136912117895
1.2990381056766582   -8.5   1.1303284594234988
1.2990381056766582   -9.5   1.3620023066609641
2.1650635094610964   -10.0   1.012778828712761
2.1650635094610964   -11.0   1.6440501057768606
1.2990381056766582   -11.5   1.2329986726856004
1.2990381056766582   -12.5   1.5389388177448136
2.1650635094610964   -13.0   1.6294083966172415
2.1650635094610964   -14.0   0.9941049970039268
1.2990381056766582   -14.5   1.2716718814858328
