# x,  y, local density of states
-2.1650635094610964   14.5   1.1684104552457315
-1.2990381056766578   14.0   0.5843540703468368
-1.2990381056766578   13.0   1.3917294346481852
-2.1650635094610964   12.5   1.030112765284945
-2.1650635094610964   11.5   1.2230116518025311
-1.2990381056766578   11.0   1.2943311617742812
-1.2990381056766578   10.0   0.9776502292012959
-2.1650635094610964   9.5   1.2876609895748676
-2.1650635094610964   8.5   0.8267157342602012
-1.2990381056766578   8.0   1.1111680776348234
-1.2990381056766578   7.0   0.8243207206200303
-2.1650635094610964   6.5   0.927087254556469
-2.1650635094610964   5.5   0.9224129689064893
-1.2990381056766578   5.0   0.8422092106779906
-1.2990381056766578   4.0   1.0382017706769204
-2.1650635094610964   3.5   0.8700742746928717
-2.1650635094610964   2.5   1.1103889959772164
-1.2990381056766578   2.0   0.9622710530827012
-1.2990381056766578   1.0   1.115653604026259
-2.1650635094610964   0.5   1.0585621176393651
-2.1650635094610964   -0.5   1.0585621176393682
-1.2990381056766578   -1.0   1.1156536040262555
-1.2990381056766578   -2.0   0.9622710530827056
-2.1650635094610964   -2.5   1.110388995977221
-2.1650635094610964   -3.5   0.8700742746928689
-1.2990381056766578   -4.0   1.038201770676924
-1.2990381056766578   -5.0   0.8422092106779859
-2.1650635094610964   -5.5   0.9224129689064885
-2.1650635094610964   -6.5   0.9270872545564705
-1.2990381056766578   -7.0   0.8243207206200276
-1.2990381056766578   -8.0   1.1111680776348285
-2.1650635094610964   -8.5   0.8267157342602005
-2.1650635094610964   -9.5   1.2876609895748734
-1.2990381056766578   -10.0   0.9776502292013005
-1.2990381056766578   -11.0   1.2943311617742879
-2.1650635094610964   -11.5   1.223011651802537
-2.1650635094610964   -12.5   1.0301127652849558
-1.2990381056766578   -13.0   1.3917294346481992
-1.2990381056766578   -14.0   0.5843540703468387
-2.1650635094610964   -14.5   1.1684104552457417
-0.4330127018922192   14.5   1.1684104552457315
0.4330127018922194   14.0   0.5843540703468368
0.4330127018922194   13.0   1.3917294346481852
-0.4330127018922192   12.5   1.030112765284945
-0.4330127018922192   11.5   1.2230116518025311
0.4330127018922194   11.0   1.2943311617742812
0.4330127018922194   10.0   0.9776502292012959
-0.4330127018922192   9.5   1.2876609895748676
-0.4330127018922192   8.5   0.8267157342602012
0.4330127018922194   8.0   1.1111680776348234
0.4330127018922194   7.0   0.8243207206200303
-0.4330127018922192   6.5   0.927087254556469
-0.4330127018922192   5.5   0.9224129689064893
0.4330127018922194   5.0   0.8422092106779906
0.4330127018922194   4.0   1.0382017706769204
-0.4330127018922192   3.5   0.8700742746928717
-0.4330127018922192   2.5   1.1103889959772164
0.4330127018922194   2.0   0.9622710530827012
0.4330127018922194   1.0   1.115653604026259
-0.4330127018922192   0.5   1.0585621176393651
-0.4330127018922192   -0.5   1.0585621176393682
0.4330127018922194   -1.0   1.1156536040262555
0.4330127018922194   -2.0   0.9622710530827056
-0.4330127018922192   -2.5   1.110388995977221
-0.4330127018922192   -3.5   0.8700742746928689
0.4330127018922194   -4.0   1.038201770676924
0.4330127018922194   -5.0   0.8422092106779859
-0.4330127018922192   -5.5   0.9224129689064885
-0.4330127018922192   -6.5   0.9270872545564705
0.4330127018922194   -7.0   0.8243207206200276
0.4330127018922194   -8.0   1.1111680776348285
-0.4330127018922192   -8.5   0.8267157342602005
-0.4330127018922192   -9.5   1.2876609895748734
0.4330127018922194   -10.0   0.9776502292013005
0.4330127018922194   -11.0   1.2943311617742879
-0.4330127018922192   -11.5   1.223011651802537
-0.4330127018922192   -12.5   1.0301127652849558
0.4330127018922194   -13.0   1.3917294346481992
0.4330127018922194   -14.0   0.5843540703468387
-0.4330127018922192   -14.5   1.1684104552457417
1.2990381056766582   14.5   1.1684104552457315
2.1650635094610964   14.0   0.5843540703468368
2.1650635094610964   13.0   1.3917294346481852
1.2990381056766582   12.5   1.030112765284945
1.2990381056766582   11.5   1.2230116518025311
2.1650635094610964   11.0   1.2943311617742812
2.1650635094610964   10.0   0.9776502292012959
1.2990381056766582   9.5   1.2876609895748676
1.2990381056766582   8.5   0.8267157342602012
2.1650635094610964   8.0   1.1111680776348234
2.1650635094610964   7.0   0.8243207206200303
1.2990381056766582   6.5   0.927087254556469
1.2990381056766582   5.5   0.9224129689064893
2.1650635094610964   5.0   0.8422092106779906
2.1650635094610964   4.0   1.0382017706769204
1.2990381056766582   3.5   0.8700742746928717
1.2990381056766582   2.5   1.1103889959772164
2.1650635094610964   2.0   0.9622710530827012
2.1650635094610964   1.0   1.115653604026259
1.2990381056766582   0.5   1.0585621176393651
1.2990381056766582   -0.5   1.0585621176393682
2.1650635094610964   -1.0   1.1156536040262555
2.1650635094610964   -2.0   0.9622710530827056
1.2990381056766582   -2.5   1.110388995977221
1.2990381056766582   -3.5   0.8700742746928689
2.1650635094610964   -4.0   1.038201770676924
2.1650635094610964   -5.0   0.8422092106779859
1.2990381056766582   -5.5   0.9224129689064885
1.2990381056766582   -6.5   0.9270872545564705
2.1650635094610964   -7.0   0.8243207206200276
2.1650635094610964   -8.0   1.1111680776348285
1.2990381056766582   -8.5   0.8267157342602005
1.2990381056766582   -9.5   1.2876609895748734
2.1650635094610964   -10.0   0.9776502292013005
2.1650635094610964   -11.0   1.2943311617742879
1.2990381056766582   -11.5   1.223011651802537
1.2990381056766582   -12.5   1.0301127652849558
2.1650635094610964   -13.0   1.3917294346481992
2.1650635094610964   -14.0   0.5843540703468387
1.2990381056766582   -14.5   1.1684104552457417
