# x,  y, local density of states
-2.1650635094610964   14.5   1.1910521672200938
-1.2990381056766578   14.0   0.16521779993755129
-1.2990381056766578   13.0   0.282821387419506
-2.1650635094610964   12.5   0.2188827134912895
-2.1650635094610964   11.5   0.2898067862128584
-1.2990381056766578   11.0   0.2511601874883246
-1.2990381056766578   10.0   0.29355126337123505
-2.1650635094610964   9.5   0.2705430283505102
-2.1650635094610964   8.5   0.2955367341850996
-1.2990381056766578   8.0   0.28205612626819143
-1.2990381056766578   7.0   0.29656966201358786
-2.1650635094610964   6.5   0.28880180786759885
-2.1650635094610964   5.5   0.2970837452008689
-1.2990381056766578   5.0   0.2926990650148654
-1.2990381056766578   4.0   0.2973037692188632
-2.1650635094610964   3.5   0.2949191700398602
-2.1650635094610964   2.5   0.2973327735553658
-1.2990381056766578   2.0   0.29616398490136364
-1.2990381056766578   1.0   0.29719420930702933
-2.1650635094610964   0.5   0.29684478669781644
-2.1650635094610964   -0.5   0.29684478669781733
-1.2990381056766578   -1.0   0.29719420930702845
-1.2990381056766578   -2.0   0.2961639849013654
-2.1650635094610964   -2.5   0.2973327735553669
-2.1650635094610964   -3.5   0.29491917003985996
-1.2990381056766578   -4.0   0.29730376921886476
-1.2990381056766578   -5.0   0.2926990650148642
-2.1650635094610964   -5.5   0.29708374520086933
-2.1650635094610964   -6.5   0.28880180786759824
-1.2990381056766578   -7.0   0.2965696620135876
-1.2990381056766578   -8.0   0.28205612626819065
-2.1650635094610964   -8.5   0.2955367341850993
-2.1650635094610964   -9.5   0.2705430283505096
-1.2990381056766578   -10.0   0.29355126337123477
-1.2990381056766578   -11.0   0.2511601874883241
-2.1650635094610964   -11.5   0.2898067862128575
-2.1650635094610964   -12.5   0.21888271349129007
-1.2990381056766578   -13.0   0.28282138741950613
-1.2990381056766578   -14.0   0.16521779993755123
-2.1650635094610964   -14.5   1.1910521672200938
-0.4330127018922192   14.5   1.1910521672200938
0.4330127018922194   14.0   0.16521779993755129
0.4330127018922194   13.0   0.282821387419506
-0.4330127018922192   12.5   0.2188827134912895
-0.4330127018922192   11.5   0.2898067862128584
0.4330127018922194   11.0   0.2511601874883246
0.4330127018922194   10.0   0.29355126337123505
-0.4330127018922192   9.5   0.2705430283505102
-0.4330127018922192   8.5   0.2955367341850996
0.4330127018922194   8.0   0.28205612626819143
0.4330127018922194   7.0   0.29656966201358786
-0.4330127018922192   6.5   0.28880180786759885
-0.4330127018922192   5.5   0.2970837452008689
0.4330127018922194   5.0   0.2926990650148654
0.4330127018922194   4.0   0.2973037692188632
-0.4330127018922192   3.5   0.2949191700398602
-0.4330127018922192   2.5   0.2973327735553658
0.4330127018922194   2.0   0.29616398490136364
0.4330127018922194   1.0   0.29719420930702933
-0.4330127018922192   0.5   0.29684478669781644
-0.4330127018922192   -0.5   0.29684478669781733
0.4330127018922194   -1.0   0.29719420930702845
0.4330127018922194   -2.0   0.2961639849013654
-0.4330127018922192   -2.5   0.2973327735553669
-0.4330127018922192   -3.5   0.29491917003985996
0.4330127018922194   -4.0   0.29730376921886476
0.4330127018922194   -5.0   0.2926990650148642
-0.4330127018922192   -5.5   0.29708374520086933
-0.4330127018922192   -6.5   0.28880180786759824
0.4330127018922194   -7.0   0.2965696620135876
0.4330127018922194   -8.0   0.28205612626819065
-0.4330127018922192   -8.5   0.2955367341850993
-0.4330127018922192   -9.5   0.2705430283505096
0.4330127018922194   -10.0   0.29355126337123477
0.4330127018922194   -11.0   0.2511601874883241
-0.4330127018922192   -11.5   0.2898067862128575
-0.4330127018922192   -12.5   0.21888271349129007
0.4330127018922194   -13.0   0.28282138741950613
0.4330127018922194   -14.0   0.16521779993755123
-0.4330127018922192   -14.5   1.1910521672200938
1.2990381056766582   14.5   1.1910521672200938
2.1650635094610964   14.0   0.16521779993755129
2.1650635094610964   13.0   0.282821387419506
1.2990381056766582   12.5   0.2188827134912895
1.2990381056766582   11.5   0.2898067862128584
2.1650635094610964   11.0   0.2511601874883246
2.1650635094610964   10.0   0.29355126337123505
1.2990381056766582   9.5   0.2705430283505102
1.2990381056766582   8.5   0.2955367341850996
2.1650635094610964   8.0   0.28205612626819143
2.1650635094610964   7.0   0.29656966201358786
1.2990381056766582   6.5   0.28880180786759885
1.2990381056766582   5.5   0.2970837452008689
2.1650635094610964   5.0   0.2926990650148654
2.1650635094610964   4.0   0.2973037692188632
1.2990381056766582   3.5   0.2949191700398602
1.2990381056766582   2.5   0.2973327735553658
2.1650635094610964   2.0   0.29616398490136364
2.1650635094610964   1.0   0.29719420930702933
1.2990381056766582   0.5   0.29684478669781644
1.2990381056766582   -0.5   0.29684478669781733
2.1650635094610964   -1.0   0.29719420930702845
2.1650635094610964   -2.0   0.2961639849013654
1.2990381056766582   -2.5   0.2973327735553669
1.2990381056766582   -3.5   0.29491917003985996
2.1650635094610964   -4.0   0.29730376921886476
2.1650635094610964   -5.0   0.2926990650148642
1.2990381056766582   -5.5   0.29708374520086933
1.2990381056766582   -6.5   0.28880180786759824
2.1650635094610964   -7.0   0.2965696620135876
2.1650635094610964   -8.0   0.28205612626819065
1.2990381056766582   -8.5   0.2955367341850993
1.2990381056766582   -9.5   0.2705430283505096
2.1650635094610964   -10.0   0.29355126337123477
2.1650635094610964   -11.0   0.2511601874883241
1.2990381056766582   -11.5   0.2898067862128575
1.2990381056766582   -12.5   0.21888271349129007
2.1650635094610964   -13.0   0.28282138741950613
2.1650635094610964   -14.0   0.16521779993755123
1.2990381056766582   -14.5   1.1910521672200938
