# x,  y, local density of states
-2.1650635094610964   14.5   0.9486620253809589
-1.2990381056766578   14.0   0.3281634090399127
-1.2990381056766578   13.0   1.0143045593554134
-2.1650635094610964   12.5   0.5823980498226877
-2.1650635094610964   11.5   1.096326392465171
-1.2990381056766578   11.0   0.8124420034548016
-1.2990381056766578   10.0   1.1007038631667947
-2.1650635094610964   9.5   0.9732511472335622
-2.1650635094610964   8.5   1.058041938000756
-1.2990381056766578   8.0   1.0546616825933814
-1.2990381056766578   7.0   0.9971088647838828
-2.1650635094610964   6.5   1.0694464433871773
-2.1650635094610964   5.5   0.9391521598354847
-1.2990381056766578   5.0   1.0405452429071904
-1.2990381056766578   4.0   0.896803305608975
-2.1650635094610964   3.5   0.9913592833823062
-2.1650635094610964   2.5   0.8757596206574072
-1.2990381056766578   2.0   0.9404367640122384
-1.2990381056766578   1.0   0.8772926194994957
-2.1650635094610964   0.5   0.9000616090437126
-2.1650635094610964   -0.5   0.9000616090437186
-1.2990381056766578   -1.0   0.8772926194994914
-1.2990381056766578   -2.0   0.9404367640122486
-2.1650635094610964   -2.5   0.8757596206574136
-2.1650635094610964   -3.5   0.9913592833823064
-1.2990381056766578   -4.0   0.8968033056089839
-1.2990381056766578   -5.0   1.0405452429071822
-2.1650635094610964   -5.5   0.9391521598354879
-2.1650635094610964   -6.5   1.069446443387171
-1.2990381056766578   -7.0   0.9971088647838808
-1.2990381056766578   -8.0   1.0546616825933737
-2.1650635094610964   -8.5   1.0580419380007506
-2.1650635094610964   -9.5   0.9732511472335574
-1.2990381056766578   -10.0   1.1007038631667903
-1.2990381056766578   -11.0   0.8124420034547992
-2.1650635094610964   -11.5   1.0963263924651638
-2.1650635094610964   -12.5   0.5823980498226913
-1.2990381056766578   -13.0   1.0143045593554136
-1.2990381056766578   -14.0   0.3281634090399126
-2.1650635094610964   -14.5   0.9486620253809577
-0.4330127018922192   14.5   0.9486620253809589
0.4330127018922194   14.0   0.3281634090399127
0.4330127018922194   13.0   1.0143045593554134
-0.4330127018922192   12.5   0.5823980498226877
-0.4330127018922192   11.5   1.096326392465171
0.4330127018922194   11.0   0.8124420034548016
0.4330127018922194   10.0   1.1007038631667947
-0.4330127018922192   9.5   0.9732511472335622
-0.4330127018922192   8.5   1.058041938000756
0.4330127018922194   8.0   1.0546616825933814
0.4330127018922194   7.0   0.9971088647838828
-0.4330127018922192   6.5   1.0694464433871773
-0.4330127018922192   5.5   0.9391521598354847
0.4330127018922194   5.0   1.0405452429071904
0.4330127018922194   4.0   0.896803305608975
-0.4330127018922192   3.5   0.9913592833823062
-0.4330127018922192   2.5   0.8757596206574072
0.4330127018922194   2.0   0.9404367640122384
0.4330127018922194   1.0   0.8772926194994957
-0.4330127018922192   0.5   0.9000616090437126
-0.4330127018922192   -0.5   0.9000616090437186
0.4330127018922194   -1.0   0.8772926194994914
0.4330127018922194   -2.0   0.9404367640122486
-0.4330127018922192   -2.5   0.8757596206574136
-0.4330127018922192   -3.5   0.9913592833823064
0.4330127018922194   -4.0   0.8968033056089839
0.4330127018922194   -5.0   1.0405452429071822
-0.4330127018922192   -5.5   0.9391521598354879
-0.4330127018922192   -6.5   1.069446443387171
0.4330127018922194   -7.0   0.9971088647838808
0.4330127018922194   -8.0   1.0546616825933737
-0.4330127018922192   -8.5   1.0580419380007506
-0.4330127018922192   -9.5   0.9732511472335574
0.4330127018922194   -10.0   1.1007038631667903
0.4330127018922194   -11.0   0.8124420034547992
-0.4330127018922192   -11.5   1.0963263924651638
-0.4330127018922192   -12.5   0.5823980498226913
0.4330127018922194   -13.0   1.0143045593554136
0.4330127018922194   -14.0   0.3281634090399126
-0.4330127018922192   -14.5   0.9486620253809577
1.2990381056766582   14.5   0.9486620253809589
2.1650635094610964   14.0   0.3281634090399127
2.1650635094610964   13.0   1.0143045593554134
1.2990381056766582   12.5   0.5823980498226877
1.2990381056766582   11.5   1.096326392465171
2.1650635094610964   11.0   0.8124420034548016
2.1650635094610964   10.0   1.1007038631667947
1.2990381056766582   9.5   0.9732511472335622
1.2990381056766582   8.5   1.058041938000756
2.1650635094610964   8.0   1.0546616825933814
2.1650635094610964   7.0   0.9971088647838828
1.2990381056766582   6.5   1.0694464433871773
1.2990381056766582   5.5   0.9391521598354847
2.1650635094610964   5.0   1.0405452429071904
2.1650635094610964   4.0   0.896803305608975
1.2990381056766582   3.5   0.9913592833823062
1.2990381056766582   2.5   0.8757596206574072
2.1650635094610964   2.0   0.9404367640122384
2.1650635094610964   1.0   0.8772926194994957
1.2990381056766582   0.5   0.9000616090437126
1.2990381056766582   -0.5   0.9000616090437186
2.1650635094610964   -1.0   0.8772926194994914
2.1650635094610964   -2.0   0.9404367640122486
1.2990381056766582   -2.5   0.8757596206574136
1.2990381056766582   -3.5   0.9913592833823064
2.1650635094610964   -4.0   0.8968033056089839
2.1650635094610964   -5.0   1.0405452429071822
1.2990381056766582   -5.5   0.9391521598354879
1.2990381056766582   -6.5   1.069446443387171
2.1650635094610964   -7.0   0.9971088647838808
2.1650635094610964   -8.0   1.0546616825933737
1.2990381056766582   -8.5   1.0580419380007506
1.2990381056766582   -9.5   0.9732511472335574
2.1650635094610964   -10.0   1.1007038631667903
2.1650635094610964   -11.0   0.8124420034547992
1.2990381056766582   -11.5   1.0963263924651638
1.2990381056766582   -12.5   0.5823980498226913
2.1650635094610964   -13.0   1.0143045593554136
2.1650635094610964   -14.0   0.3281634090399126
1.2990381056766582   -14.5   0.9486620253809577
