# x,  y, local density of states
-2.1650635094610964   14.5   1.249078501451647
-1.2990381056766578   14.0   0.8988126349642284
-1.2990381056766578   13.0   1.5588581292120702
-2.1650635094610964   12.5   1.42811020755338
-2.1650635094610964   11.5   1.1910482324807439
-1.2990381056766578   11.0   1.5613034910320605
-1.2990381056766578   10.0   0.9545373481816373
-2.1650635094610964   9.5   1.3154176002887206
-2.1650635094610964   8.5   1.0310899162757183
-1.2990381056766578   8.0   1.0433100361121999
-1.2990381056766578   7.0   1.2571270738425944
-2.1650635094610964   6.5   1.0109452673626873
-2.1650635094610964   5.5   1.3747526722066832
-1.2990381056766578   5.0   1.182688013351199
-1.2990381056766578   4.0   1.2945447420509324
-2.1650635094610964   3.5   1.3388849967151524
-2.1650635094610964   2.5   1.1386416497323222
-1.2990381056766578   2.0   1.3255392496207816
-1.2990381056766578   1.0   1.0843008448856193
-2.1650635094610964   0.5   1.1850379364811439
-2.1650635094610964   -0.5   1.1850379364811374
-1.2990381056766578   -1.0   1.0843008448856182
-1.2990381056766578   -2.0   1.3255392496207796
-2.1650635094610964   -2.5   1.1386416497323206
-2.1650635094610964   -3.5   1.3388849967151444
-1.2990381056766578   -4.0   1.2945447420509282
-1.2990381056766578   -5.0   1.1826880133511928
-2.1650635094610964   -5.5   1.3747526722066734
-2.1650635094610964   -6.5   1.0109452673626889
-1.2990381056766578   -7.0   1.2571270738425881
-1.2990381056766578   -8.0   1.0433100361122016
-2.1650635094610964   -8.5   1.0310899162757186
-2.1650635094610964   -9.5   1.3154176002887161
-1.2990381056766578   -10.0   0.95453734818164
-1.2990381056766578   -11.0   1.56130349103205
-2.1650635094610964   -11.5   1.1910482324807399
-2.1650635094610964   -12.5   1.4281102075533814
-1.2990381056766578   -13.0   1.5588581292120698
-1.2990381056766578   -14.0   0.8988126349642269
-2.1650635094610964   -14.5   1.2490785014516446
-0.4330127018922192   14.5   1.249078501451647
0.4330127018922194   14.0   0.8988126349642284
0.4330127018922194   13.0   1.5588581292120702
-0.4330127018922192   12.5   1.42811020755338
-0.4330127018922192   11.5   1.1910482324807439
0.4330127018922194   11.0   1.5613034910320605
0.4330127018922194   10.0   0.9545373481816373
-0.4330127018922192   9.5   1.3154176002887206
-0.4330127018922192   8.5   1.0310899162757183
0.4330127018922194   8.0   1.0433100361121999
0.4330127018922194   7.0   1.2571270738425944
-0.4330127018922192   6.5   1.0109452673626873
-0.4330127018922192   5.5   1.3747526722066832
0.4330127018922194   5.0   1.182688013351199
0.4330127018922194   4.0   1.2945447420509324
-0.4330127018922192   3.5   1.3388849967151524
-0.4330127018922192   2.5   1.1386416497323222
0.4330127018922194   2.0   1.3255392496207816
0.4330127018922194   1.0   1.0843008448856193
-0.4330127018922192   0.5   1.1850379364811439
-0.4330127018922192   -0.5   1.1850379364811374
0.4330127018922194   -1.0   1.0843008448856182
0.4330127018922194   -2.0   1.3255392496207796
-0.4330127018922192   -2.5   1.1386416497323206
-0.4330127018922192   -3.5   1.3388849967151444
0.4330127018922194   -4.0   1.2945447420509282
0.4330127018922194   -5.0   1.1826880133511928
-0.4330127018922192   -5.5   1.3747526722066734
-0.4330127018922192   -6.5   1.0109452673626889
0.4330127018922194   -7.0   1.2571270738425881
0.4330127018922194   -8.0   1.0433100361122016
-0.4330127018922192   -8.5   1.0310899162757186
-0.4330127018922192   -9.5   1.3154176002887161
0.4330127018922194   -10.0   0.95453734818164
0.4330127018922194   -11.0   1.56130349103205
-0.4330127018922192   -11.5   1.1910482324807399
-0.4330127018922192   -12.5   1.4281102075533814
0.4330127018922194   -13.0   1.5588581292120698
0.4330127018922194   -14.0   0.8988126349642269
-0.4330127018922192   -14.5   1.2490785014516446
1.2990381056766582   14.5   1.249078501451647
2.1650635094610964   14.0   0.8988126349642284
2.1650635094610964   13.0   1.5588581292120702
1.2990381056766582   12.5   1.42811020755338
1.2990381056766582   11.5   1.1910482324807439
2.1650635094610964   11.0   1.5613034910320605
2.1650635094610964   10.0   0.9545373481816373
1.2990381056766582   9.5   1.3154176002887206
1.2990381056766582   8.5   1.0310899162757183
2.1650635094610964   8.0   1.0433100361121999
2.1650635094610964   7.0   1.2571270738425944
1.2990381056766582   6.5   1.0109452673626873
1.2990381056766582   5.5   1.3747526722066832
2.1650635094610964   5.0   1.182688013351199
2.1650635094610964   4.0   1.2945447420509324
1.2990381056766582   3.5   1.3388849967151524
1.2990381056766582   2.5   1.1386416497323222
2.1650635094610964   2.0   1.3255392496207816
2.1650635094610964   1.0   1.0843008448856193
1.2990381056766582   0.5   1.1850379364811439
1.2990381056766582   -0.5   1.1850379364811374
2.1650635094610964   -1.0   1.0843008448856182
2.1650635094610964   -2.0   1.3255392496207796
1.2990381056766582   -2.5   1.1386416497323206
1.2990381056766582   -3.5   1.3388849967151444
2.1650635094610964   -4.0   1.2945447420509282
2.1650635094610964   -5.0   1.1826880133511928
1.2990381056766582   -5.5   1.3747526722066734
1.2990381056766582   -6.5   1.0109452673626889
2.1650635094610964   -7.0   1.2571270738425881
2.1650635094610964   -8.0   1.0433100361122016
1.2990381056766582   -8.5   1.0310899162757186
1.2990381056766582   -9.5   1.3154176002887161
2.1650635094610964   -10.0   0.95453734818164
2.1650635094610964   -11.0   1.56130349103205
1.2990381056766582   -11.5   1.1910482324807399
1.2990381056766582   -12.5   1.4281102075533814
2.1650635094610964   -13.0   1.5588581292120698
2.1650635094610964   -14.0   0.8988126349642269
1.2990381056766582   -14.5   1.2490785014516446
