# x,  y, local density of states
-2.1650635094610964   14.5   6.44795073025433
-1.2990381056766578   14.0   0.14197078273730263
-1.2990381056766578   13.0   0.20849541972669258
-2.1650635094610964   12.5   0.17684163650911083
-2.1650635094610964   11.5   0.2082015980654035
-1.2990381056766578   11.0   0.192992156719318
-1.2990381056766578   10.0   0.20805811845938663
-2.1650635094610964   9.5   0.20067709804866307
-2.1650635094610964   8.5   0.20798740219708267
-1.2990381056766578   8.0   0.20438769301313464
-1.2990381056766578   7.0   0.20795165703528465
-2.1650635094610964   6.5   0.20619310428138587
-2.1650635094610964   5.5   0.20793189409777008
-1.2990381056766578   5.0   0.20707503871857902
-1.2990381056766578   4.0   0.207917645429698
-2.1650635094610964   3.5   0.20750679117837673
-2.1650635094610964   2.5   0.20790137115119
-1.2990381056766578   2.0   0.20771850615726808
-1.2990381056766578   1.0   0.2078744573736208
-2.1650635094610964   0.5   0.20782265184412038
-2.1650635094610964   -0.5   0.20782265184412063
-1.2990381056766578   -1.0   0.20787445737362037
-1.2990381056766578   -2.0   0.20771850615726886
-2.1650635094610964   -2.5   0.20790137115119028
-2.1650635094610964   -3.5   0.20750679117837667
-1.2990381056766578   -4.0   0.20791764542969876
-1.2990381056766578   -5.0   0.20707503871857855
-2.1650635094610964   -5.5   0.20793189409777013
-2.1650635094610964   -6.5   0.20619310428138565
-1.2990381056766578   -7.0   0.2079516570352845
-1.2990381056766578   -8.0   0.20438769301313467
-2.1650635094610964   -8.5   0.20798740219708256
-2.1650635094610964   -9.5   0.20067709804866302
-1.2990381056766578   -10.0   0.20805811845938668
-1.2990381056766578   -11.0   0.1929921567193178
-2.1650635094610964   -11.5   0.20820159806540334
-2.1650635094610964   -12.5   0.17684163650911106
-1.2990381056766578   -13.0   0.20849541972669247
-1.2990381056766578   -14.0   0.14197078273730263
-2.1650635094610964   -14.5   6.44795073025433
-0.4330127018922192   14.5   6.44795073025433
0.4330127018922194   14.0   0.14197078273730263
0.4330127018922194   13.0   0.20849541972669258
-0.4330127018922192   12.5   0.17684163650911083
-0.4330127018922192   11.5   0.2082015980654035
0.4330127018922194   11.0   0.192992156719318
0.4330127018922194   10.0   0.20805811845938663
-0.4330127018922192   9.5   0.20067709804866307
-0.4330127018922192   8.5   0.20798740219708267
0.4330127018922194   8.0   0.20438769301313464
0.4330127018922194   7.0   0.20795165703528465
-0.4330127018922192   6.5   0.20619310428138587
-0.4330127018922192   5.5   0.20793189409777008
0.4330127018922194   5.0   0.20707503871857902
0.4330127018922194   4.0   0.207917645429698
-0.4330127018922192   3.5   0.20750679117837673
-0.4330127018922192   2.5   0.20790137115119
0.4330127018922194   2.0   0.20771850615726808
0.4330127018922194   1.0   0.2078744573736208
-0.4330127018922192   0.5   0.20782265184412038
-0.4330127018922192   -0.5   0.20782265184412063
0.4330127018922194   -1.0   0.20787445737362037
0.4330127018922194   -2.0   0.20771850615726886
-0.4330127018922192   -2.5   0.20790137115119028
-0.4330127018922192   -3.5   0.20750679117837667
0.4330127018922194   -4.0   0.20791764542969876
0.4330127018922194   -5.0   0.20707503871857855
-0.4330127018922192   -5.5   0.20793189409777013
-0.4330127018922192   -6.5   0.20619310428138565
0.4330127018922194   -7.0   0.2079516570352845
0.4330127018922194   -8.0   0.20438769301313467
-0.4330127018922192   -8.5   0.20798740219708256
-0.4330127018922192   -9.5   0.20067709804866302
0.4330127018922194   -10.0   0.20805811845938668
0.4330127018922194   -11.0   0.1929921567193178
-0.4330127018922192   -11.5   0.20820159806540334
-0.4330127018922192   -12.5   0.17684163650911106
0.4330127018922194   -13.0   0.20849541972669247
0.4330127018922194   -14.0   0.14197078273730263
-0.4330127018922192   -14.5   6.44795073025433
1.2990381056766582   14.5   6.44795073025433
2.1650635094610964   14.0   0.14197078273730263
2.1650635094610964   13.0   0.20849541972669258
1.2990381056766582   12.5   0.17684163650911083
1.2990381056766582   11.5   0.2082015980654035
2.1650635094610964   11.0   0.192992156719318
2.1650635094610964   10.0   0.20805811845938663
1.2990381056766582   9.5   0.20067709804866307
1.2990381056766582   8.5   0.20798740219708267
2.1650635094610964   8.0   0.20438769301313464
2.1650635094610964   7.0   0.20795165703528465
1.2990381056766582   6.5   0.20619310428138587
1.2990381056766582   5.5   0.20793189409777008
2.1650635094610964   5.0   0.20707503871857902
2.1650635094610964   4.0   0.207917645429698
1.2990381056766582   3.5   0.20750679117837673
1.2990381056766582   2.5   0.20790137115119
2.1650635094610964   2.0   0.20771850615726808
2.1650635094610964   1.0   0.2078744573736208
1.2990381056766582   0.5   0.20782265184412038
1.2990381056766582   -0.5   0.20782265184412063
2.1650635094610964   -1.0   0.20787445737362037
2.1650635094610964   -2.0   0.20771850615726886
1.2990381056766582   -2.5   0.20790137115119028
1.2990381056766582   -3.5   0.20750679117837667
2.1650635094610964   -4.0   0.20791764542969876
2.1650635094610964   -5.0   0.20707503871857855
1.2990381056766582   -5.5   0.20793189409777013
1.2990381056766582   -6.5   0.20619310428138565
2.1650635094610964   -7.0   0.2079516570352845
2.1650635094610964   -8.0   0.20438769301313467
1.2990381056766582   -8.5   0.20798740219708256
1.2990381056766582   -9.5   0.20067709804866302
2.1650635094610964   -10.0   0.20805811845938668
2.1650635094610964   -11.0   0.1929921567193178
1.2990381056766582   -11.5   0.20820159806540334
1.2990381056766582   -12.5   0.17684163650911106
2.1650635094610964   -13.0   0.20849541972669247
2.1650635094610964   -14.0   0.14197078273730263
1.2990381056766582   -14.5   6.44795073025433
