# x,  y, local density of states
-2.1650635094610964   14.5   0.8100482825218731
-1.2990381056766578   14.0   0.24861490235309144
-1.2990381056766578   13.0   0.6758761697349566
-2.1650635094610964   12.5   0.40119160391376585
-2.1650635094610964   11.5   0.7468607953445597
-1.2990381056766578   11.0   0.5362136281575482
-1.2990381056766578   10.0   0.7874626308601578
-2.1650635094610964   9.5   0.6415777930729096
-2.1650635094610964   8.5   0.8071053300161952
-1.2990381056766578   8.0   0.7157082358643883
-1.2990381056766578   7.0   0.8139007673436488
-2.1650635094610964   6.5   0.762833118651332
-2.1650635094610964   5.5   0.8140470007345735
-1.2990381056766578   5.0   0.7894885095269966
-1.2990381056766578   4.0   0.8117855939073853
-2.1650635094610964   3.5   0.8023576240932702
-2.1650635094610964   2.5   0.8096138963472773
-1.2990381056766578   2.0   0.8071631932361021
-1.2990381056766578   1.0   0.8085389535607281
-2.1650635094610964   0.5   0.808250032875773
-2.1650635094610964   -0.5   0.8082500328757777
-1.2990381056766578   -1.0   0.8085389535607246
-1.2990381056766578   -2.0   0.8071631932361107
-2.1650635094610964   -2.5   0.8096138963472834
-2.1650635094610964   -3.5   0.8023576240932706
-1.2990381056766578   -4.0   0.8117855939073929
-1.2990381056766578   -5.0   0.7894885095269917
-2.1650635094610964   -5.5   0.8140470007345765
-2.1650635094610964   -6.5   0.7628331186513284
-1.2990381056766578   -7.0   0.813900767343648
-1.2990381056766578   -8.0   0.7157082358643839
-2.1650635094610964   -8.5   0.8071053300161933
-2.1650635094610964   -9.5   0.6415777930729062
-1.2990381056766578   -10.0   0.7874626308601553
-1.2990381056766578   -11.0   0.5362136281575465
-2.1650635094610964   -11.5   0.7468607953445556
-2.1650635094610964   -12.5   0.40119160391376735
-1.2990381056766578   -13.0   0.6758761697349567
-1.2990381056766578   -14.0   0.24861490235309136
-2.1650635094610964   -14.5   0.8100482825218721
-0.4330127018922192   14.5   0.8100482825218731
0.4330127018922194   14.0   0.24861490235309144
0.4330127018922194   13.0   0.6758761697349566
-0.4330127018922192   12.5   0.40119160391376585
-0.4330127018922192   11.5   0.7468607953445597
0.4330127018922194   11.0   0.5362136281575482
0.4330127018922194   10.0   0.7874626308601578
-0.4330127018922192   9.5   0.6415777930729096
-0.4330127018922192   8.5   0.8071053300161952
0.4330127018922194   8.0   0.7157082358643883
0.4330127018922194   7.0   0.8139007673436488
-0.4330127018922192   6.5   0.762833118651332
-0.4330127018922192   5.5   0.8140470007345735
0.4330127018922194   5.0   0.7894885095269966
0.4330127018922194   4.0   0.8117855939073853
-0.4330127018922192   3.5   0.8023576240932702
-0.4330127018922192   2.5   0.8096138963472773
0.4330127018922194   2.0   0.8071631932361021
0.4330127018922194   1.0   0.8085389535607281
-0.4330127018922192   0.5   0.808250032875773
-0.4330127018922192   -0.5   0.8082500328757777
0.4330127018922194   -1.0   0.8085389535607246
0.4330127018922194   -2.0   0.8071631932361107
-0.4330127018922192   -2.5   0.8096138963472834
-0.4330127018922192   -3.5   0.8023576240932706
0.4330127018922194   -4.0   0.8117855939073929
0.4330127018922194   -5.0   0.7894885095269917
-0.4330127018922192   -5.5   0.8140470007345765
-0.4330127018922192   -6.5   0.7628331186513284
0.4330127018922194   -7.0   0.813900767343648
0.4330127018922194   -8.0   0.7157082358643839
-0.4330127018922192   -8.5   0.8071053300161933
-0.4330127018922192   -9.5   0.6415777930729062
0.4330127018922194   -10.0   0.7874626308601553
0.4330127018922194   -11.0   0.5362136281575465
-0.4330127018922192   -11.5   0.7468607953445556
-0.4330127018922192   -12.5   0.40119160391376735
0.4330127018922194   -13.0   0.6758761697349567
0.4330127018922194   -14.0   0.24861490235309136
-0.4330127018922192   -14.5   0.8100482825218721
1.2990381056766582   14.5   0.8100482825218731
2.1650635094610964   14.0   0.24861490235309144
2.1650635094610964   13.0   0.6758761697349566
1.2990381056766582   12.5   0.40119160391376585
1.2990381056766582   11.5   0.7468607953445597
2.1650635094610964   11.0   0.5362136281575482
2.1650635094610964   10.0   0.7874626308601578
1.2990381056766582   9.5   0.6415777930729096
1.2990381056766582   8.5   0.8071053300161952
2.1650635094610964   8.0   0.7157082358643883
2.1650635094610964   7.0   0.8139007673436488
1.2990381056766582   6.5   0.762833118651332
1.2990381056766582   5.5   0.8140470007345735
2.1650635094610964   5.0   0.7894885095269966
2.1650635094610964   4.0   0.8117855939073853
1.2990381056766582   3.5   0.8023576240932702
1.2990381056766582   2.5   0.8096138963472773
2.1650635094610964   2.0   0.8071631932361021
2.1650635094610964   1.0   0.8085389535607281
1.2990381056766582   0.5   0.808250032875773
1.2990381056766582   -0.5   0.8082500328757777
2.1650635094610964   -1.0   0.8085389535607246
2.1650635094610964   -2.0   0.8071631932361107
1.2990381056766582   -2.5   0.8096138963472834
1.2990381056766582   -3.5   0.8023576240932706
2.1650635094610964   -4.0   0.8117855939073929
2.1650635094610964   -5.0   0.7894885095269917
1.2990381056766582   -5.5   0.8140470007345765
1.2990381056766582   -6.5   0.7628331186513284
2.1650635094610964   -7.0   0.813900767343648
2.1650635094610964   -8.0   0.7157082358643839
1.2990381056766582   -8.5   0.8071053300161933
1.2990381056766582   -9.5   0.6415777930729062
2.1650635094610964   -10.0   0.7874626308601553
2.1650635094610964   -11.0   0.5362136281575465
1.2990381056766582   -11.5   0.7468607953445556
1.2990381056766582   -12.5   0.40119160391376735
2.1650635094610964   -13.0   0.6758761697349567
2.1650635094610964   -14.0   0.24861490235309136
1.2990381056766582   -14.5   0.8100482825218721
