# x,  y, local density of states
-2.1650635094610964   14.5   4.3939341843357145
-1.2990381056766578   14.0   0.14385001556272398
-1.2990381056766578   13.0   0.21386216089055665
-2.1650635094610964   12.5   0.18007922896157108
-2.1650635094610964   11.5   0.21396389284268344
-1.2990381056766578   11.0   0.19730975855490246
-1.2990381056766578   10.0   0.21400569432543198
-2.1650635094610964   9.5   0.20572303682454735
-2.1650635094610964   8.5   0.21402170508744256
-1.2990381056766578   8.0   0.20988689794433302
-1.2990381056766578   7.0   0.21402620971904351
-2.1650635094610964   6.5   0.21196106231874237
-2.1650635094610964   5.5   0.21402448246153322
-1.2990381056766578   5.0   0.21299720343498307
-1.2990381056766578   4.0   0.21401711447771496
-2.1650635094610964   3.5   0.21351531746667884
-2.1650635094610964   2.5   0.21400110715601955
-1.2990381056766578   2.0   0.2137744282878305
-1.2990381056766578   1.0   0.21396875581837121
-2.1650635094610964   0.5   0.21390398669248178
-2.1650635094610964   -0.5   0.21390398669248206
-1.2990381056766578   -1.0   0.21396875581837083
-1.2990381056766578   -2.0   0.21377442828783133
-2.1650635094610964   -2.5   0.21400110715601983
-2.1650635094610964   -3.5   0.2135153174666789
-1.2990381056766578   -4.0   0.2140171144777157
-1.2990381056766578   -5.0   0.21299720343498277
-2.1650635094610964   -5.5   0.21402448246153322
-2.1650635094610964   -6.5   0.21196106231874234
-1.2990381056766578   -7.0   0.21402620971904318
-1.2990381056766578   -8.0   0.20988689794433313
-2.1650635094610964   -8.5   0.2140217050874424
-2.1650635094610964   -9.5   0.20572303682454743
-1.2990381056766578   -10.0   0.21400569432543215
-1.2990381056766578   -11.0   0.19730975855490213
-2.1650635094610964   -11.5   0.21396389284268313
-2.1650635094610964   -12.5   0.1800792289615712
-1.2990381056766578   -13.0   0.21386216089055632
-1.2990381056766578   -14.0   0.14385001556272398
-2.1650635094610964   -14.5   4.393934184335714
-0.4330127018922192   14.5   4.3939341843357145
0.4330127018922194   14.0   0.14385001556272398
0.4330127018922194   13.0   0.21386216089055665
-0.4330127018922192   12.5   0.18007922896157108
-0.4330127018922192   11.5   0.21396389284268344
0.4330127018922194   11.0   0.19730975855490246
0.4330127018922194   10.0   0.21400569432543198
-0.4330127018922192   9.5   0.20572303682454735
-0.4330127018922192   8.5   0.21402170508744256
0.4330127018922194   8.0   0.20988689794433302
0.4330127018922194   7.0   0.21402620971904351
-0.4330127018922192   6.5   0.21196106231874237
-0.4330127018922192   5.5   0.21402448246153322
0.4330127018922194   5.0   0.21299720343498307
0.4330127018922194   4.0   0.21401711447771496
-0.4330127018922192   3.5   0.21351531746667884
-0.4330127018922192   2.5   0.21400110715601955
0.4330127018922194   2.0   0.2137744282878305
0.4330127018922194   1.0   0.21396875581837121
-0.4330127018922192   0.5   0.21390398669248178
-0.4330127018922192   -0.5   0.21390398669248206
0.4330127018922194   -1.0   0.21396875581837083
0.4330127018922194   -2.0   0.21377442828783133
-0.4330127018922192   -2.5   0.21400110715601983
-0.4330127018922192   -3.5   0.2135153174666789
0.4330127018922194   -4.0   0.2140171144777157
0.4330127018922194   -5.0   0.21299720343498277
-0.4330127018922192   -5.5   0.21402448246153322
-0.4330127018922192   -6.5   0.21196106231874234
0.4330127018922194   -7.0   0.21402620971904318
0.4330127018922194   -8.0   0.20988689794433313
-0.4330127018922192   -8.5   0.2140217050874424
-0.4330127018922192   -9.5   0.20572303682454743
0.4330127018922194   -10.0   0.21400569432543215
0.4330127018922194   -11.0   0.19730975855490213
-0.4330127018922192   -11.5   0.21396389284268313
-0.4330127018922192   -12.5   0.1800792289615712
0.4330127018922194   -13.0   0.21386216089055632
0.4330127018922194   -14.0   0.14385001556272398
-0.4330127018922192   -14.5   4.393934184335714
1.2990381056766582   14.5   4.3939341843357145
2.1650635094610964   14.0   0.14385001556272398
2.1650635094610964   13.0   0.21386216089055665
1.2990381056766582   12.5   0.18007922896157108
1.2990381056766582   11.5   0.21396389284268344
2.1650635094610964   11.0   0.19730975855490246
2.1650635094610964   10.0   0.21400569432543198
1.2990381056766582   9.5   0.20572303682454735
1.2990381056766582   8.5   0.21402170508744256
2.1650635094610964   8.0   0.20988689794433302
2.1650635094610964   7.0   0.21402620971904351
1.2990381056766582   6.5   0.21196106231874237
1.2990381056766582   5.5   0.21402448246153322
2.1650635094610964   5.0   0.21299720343498307
2.1650635094610964   4.0   0.21401711447771496
1.2990381056766582   3.5   0.21351531746667884
1.2990381056766582   2.5   0.21400110715601955
2.1650635094610964   2.0   0.2137744282878305
2.1650635094610964   1.0   0.21396875581837121
1.2990381056766582   0.5   0.21390398669248178
1.2990381056766582   -0.5   0.21390398669248206
2.1650635094610964   -1.0   0.21396875581837083
2.1650635094610964   -2.0   0.21377442828783133
1.2990381056766582   -2.5   0.21400110715601983
1.2990381056766582   -3.5   0.2135153174666789
2.1650635094610964   -4.0   0.2140171144777157
2.1650635094610964   -5.0   0.21299720343498277
1.2990381056766582   -5.5   0.21402448246153322
1.2990381056766582   -6.5   0.21196106231874234
2.1650635094610964   -7.0   0.21402620971904318
2.1650635094610964   -8.0   0.20988689794433313
1.2990381056766582   -8.5   0.2140217050874424
1.2990381056766582   -9.5   0.20572303682454743
2.1650635094610964   -10.0   0.21400569432543215
2.1650635094610964   -11.0   0.19730975855490213
1.2990381056766582   -11.5   0.21396389284268313
1.2990381056766582   -12.5   0.1800792289615712
2.1650635094610964   -13.0   0.21386216089055632
2.1650635094610964   -14.0   0.14385001556272398
1.2990381056766582   -14.5   4.393934184335714
