# x,  y, local density of states
-2.1650635094610964   14.5   1.3671723862150738
-1.2990381056766578   14.0   2.9742158512759973
-1.2990381056766578   13.0   3.271429617629691
-2.1650635094610964   12.5   3.538098467812687
-2.1650635094610964   11.5   2.8627330831889664
-1.2990381056766578   11.0   3.3016964962906274
-1.2990381056766578   10.0   3.0715204391000475
-2.1650635094610964   9.5   2.9329698617327944
-2.1650635094610964   8.5   3.4335288745558037
-1.2990381056766578   8.0   3.061258454766352
-1.2990381056766578   7.0   3.3919422012383853
-2.1650635094610964   6.5   3.3823598349423802
-2.1650635094610964   5.5   3.128339304993215
-1.2990381056766578   5.0   3.391770845868578
-1.2990381056766578   4.0   3.086433828100202
-2.1650635094610964   3.5   3.164193071046157
-2.1650635094610964   2.5   3.281279197018458
-1.2990381056766578   2.0   3.08767549183107
-1.2990381056766578   1.0   3.38754580841083
-2.1650635094610964   0.5   3.2521347973372685
-2.1650635094610964   -0.5   3.2521347973372663
-1.2990381056766578   -1.0   3.387545808410831
-1.2990381056766578   -2.0   3.08767549183108
-2.1650635094610964   -2.5   3.281279197018457
-2.1650635094610964   -3.5   3.164193071046169
-1.2990381056766578   -4.0   3.086433828100206
-1.2990381056766578   -5.0   3.3917708458685887
-2.1650635094610964   -5.5   3.128339304993221
-2.1650635094610964   -6.5   3.3823598349423882
-1.2990381056766578   -7.0   3.3919422012383906
-1.2990381056766578   -8.0   3.0612584547663584
-2.1650635094610964   -8.5   3.4335288745558077
-2.1650635094610964   -9.5   2.9329698617328015
-1.2990381056766578   -10.0   3.0715204391000492
-1.2990381056766578   -11.0   3.301696496290635
-2.1650635094610964   -11.5   2.862733083188969
-2.1650635094610964   -12.5   3.5380984678126985
-1.2990381056766578   -13.0   3.2714296176296918
-1.2990381056766578   -14.0   2.974215851276003
-2.1650635094610964   -14.5   1.3671723862150853
-0.4330127018922192   14.5   1.3671723862150738
0.4330127018922194   14.0   2.9742158512759973
0.4330127018922194   13.0   3.271429617629691
-0.4330127018922192   12.5   3.538098467812687
-0.4330127018922192   11.5   2.8627330831889664
0.4330127018922194   11.0   3.3016964962906274
0.4330127018922194   10.0   3.0715204391000475
-0.4330127018922192   9.5   2.9329698617327944
-0.4330127018922192   8.5   3.4335288745558037
0.4330127018922194   8.0   3.061258454766352
0.4330127018922194   7.0   3.3919422012383853
-0.4330127018922192   6.5   3.3823598349423802
-0.4330127018922192   5.5   3.128339304993215
0.4330127018922194   5.0   3.391770845868578
0.4330127018922194   4.0   3.086433828100202
-0.4330127018922192   3.5   3.164193071046157
-0.4330127018922192   2.5   3.281279197018458
0.4330127018922194   2.0   3.08767549183107
0.4330127018922194   1.0   3.38754580841083
-0.4330127018922192   0.5   3.2521347973372685
-0.4330127018922192   -0.5   3.2521347973372663
0.4330127018922194   -1.0   3.387545808410831
0.4330127018922194   -2.0   3.08767549183108
-0.4330127018922192   -2.5   3.281279197018457
-0.4330127018922192   -3.5   3.164193071046169
0.4330127018922194   -4.0   3.086433828100206
0.4330127018922194   -5.0   3.3917708458685887
-0.4330127018922192   -5.5   3.128339304993221
-0.4330127018922192   -6.5   3.3823598349423882
0.4330127018922194   -7.0   3.3919422012383906
0.4330127018922194   -8.0   3.0612584547663584
-0.4330127018922192   -8.5   3.4335288745558077
-0.4330127018922192   -9.5   2.9329698617328015
0.4330127018922194   -10.0   3.0715204391000492
0.4330127018922194   -11.0   3.301696496290635
-0.4330127018922192   -11.5   2.862733083188969
-0.4330127018922192   -12.5   3.5380984678126985
0.4330127018922194   -13.0   3.2714296176296918
0.4330127018922194   -14.0   2.974215851276003
-0.4330127018922192   -14.5   1.3671723862150853
1.2990381056766582   14.5   1.3671723862150738
2.1650635094610964   14.0   2.9742158512759973
2.1650635094610964   13.0   3.271429617629691
1.2990381056766582   12.5   3.538098467812687
1.2990381056766582   11.5   2.8627330831889664
2.1650635094610964   11.0   3.3016964962906274
2.1650635094610964   10.0   3.0715204391000475
1.2990381056766582   9.5   2.9329698617327944
1.2990381056766582   8.5   3.4335288745558037
2.1650635094610964   8.0   3.061258454766352
2.1650635094610964   7.0   3.3919422012383853
1.2990381056766582   6.5   3.3823598349423802
1.2990381056766582   5.5   3.128339304993215
2.1650635094610964   5.0   3.391770845868578
2.1650635094610964   4.0   3.086433828100202
1.2990381056766582   3.5   3.164193071046157
1.2990381056766582   2.5   3.281279197018458
2.1650635094610964   2.0   3.08767549183107
2.1650635094610964   1.0   3.38754580841083
1.2990381056766582   0.5   3.2521347973372685
1.2990381056766582   -0.5   3.2521347973372663
2.1650635094610964   -1.0   3.387545808410831
2.1650635094610964   -2.0   3.08767549183108
1.2990381056766582   -2.5   3.281279197018457
1.2990381056766582   -3.5   3.164193071046169
2.1650635094610964   -4.0   3.086433828100206
2.1650635094610964   -5.0   3.3917708458685887
1.2990381056766582   -5.5   3.128339304993221
1.2990381056766582   -6.5   3.3823598349423882
2.1650635094610964   -7.0   3.3919422012383906
2.1650635094610964   -8.0   3.0612584547663584
1.2990381056766582   -8.5   3.4335288745558077
1.2990381056766582   -9.5   2.9329698617328015
2.1650635094610964   -10.0   3.0715204391000492
2.1650635094610964   -11.0   3.301696496290635
1.2990381056766582   -11.5   2.862733083188969
1.2990381056766582   -12.5   3.5380984678126985
2.1650635094610964   -13.0   3.2714296176296918
2.1650635094610964   -14.0   2.974215851276003
1.2990381056766582   -14.5   1.3671723862150853
