# x,  y, local density of states
-2.1650635094610964   14.5   0.8100482825218696
-1.2990381056766578   14.0   0.24861490235309022
-1.2990381056766578   13.0   0.6758761697349535
-2.1650635094610964   12.5   0.40119160391376396
-2.1650635094610964   11.5   0.7468607953445536
-1.2990381056766578   11.0   0.5362136281575461
-1.2990381056766578   10.0   0.787462630860151
-2.1650635094610964   9.5   0.6415777930729036
-2.1650635094610964   8.5   0.8071053300161901
-1.2990381056766578   8.0   0.7157082358643803
-1.2990381056766578   7.0   0.8139007673436442
-2.1650635094610964   6.5   0.7628331186513275
-2.1650635094610964   5.5   0.8140470007345726
-1.2990381056766578   5.0   0.7894885095269906
-1.2990381056766578   4.0   0.81178559390739
-2.1650635094610964   3.5   0.802357624093269
-2.1650635094610964   2.5   0.8096138963472783
-1.2990381056766578   2.0   0.8071631932361021
-1.2990381056766578   1.0   0.8085389535607233
-2.1650635094610964   0.5   0.8082500328757702
-2.1650635094610964   -0.5   0.8082500328757733
-1.2990381056766578   -1.0   0.8085389535607221
-1.2990381056766578   -2.0   0.807163193236109
-2.1650635094610964   -2.5   0.8096138963472806
-2.1650635094610964   -3.5   0.8023576240932724
-1.2990381056766578   -4.0   0.811785593907397
-1.2990381056766578   -5.0   0.7894885095269906
-2.1650635094610964   -5.5   0.8140470007345746
-2.1650635094610964   -6.5   0.762833118651328
-1.2990381056766578   -7.0   0.8139007673436445
-1.2990381056766578   -8.0   0.7157082358643823
-2.1650635094610964   -8.5   0.8071053300161892
-2.1650635094610964   -9.5   0.6415777930729039
-1.2990381056766578   -10.0   0.787462630860152
-1.2990381056766578   -11.0   0.5362136281575443
-2.1650635094610964   -11.5   0.7468607953445527
-2.1650635094610964   -12.5   0.40119160391376285
-1.2990381056766578   -13.0   0.6758761697349499
-1.2990381056766578   -14.0   0.24861490235309025
-2.1650635094610964   -14.5   0.8100482825218691
-0.4330127018922192   14.5   0.8100482825218696
0.4330127018922194   14.0   0.24861490235309022
0.4330127018922194   13.0   0.6758761697349535
-0.4330127018922192   12.5   0.40119160391376396
-0.4330127018922192   11.5   0.7468607953445536
0.4330127018922194   11.0   0.5362136281575461
0.4330127018922194   10.0   0.787462630860151
-0.4330127018922192   9.5   0.6415777930729036
-0.4330127018922192   8.5   0.8071053300161901
0.4330127018922194   8.0   0.7157082358643803
0.4330127018922194   7.0   0.8139007673436442
-0.4330127018922192   6.5   0.7628331186513275
-0.4330127018922192   5.5   0.8140470007345726
0.4330127018922194   5.0   0.7894885095269906
0.4330127018922194   4.0   0.81178559390739
-0.4330127018922192   3.5   0.802357624093269
-0.4330127018922192   2.5   0.8096138963472783
0.4330127018922194   2.0   0.8071631932361021
0.4330127018922194   1.0   0.8085389535607233
-0.4330127018922192   0.5   0.8082500328757702
-0.4330127018922192   -0.5   0.8082500328757733
0.4330127018922194   -1.0   0.8085389535607221
0.4330127018922194   -2.0   0.807163193236109
-0.4330127018922192   -2.5   0.8096138963472806
-0.4330127018922192   -3.5   0.8023576240932724
0.4330127018922194   -4.0   0.811785593907397
0.4330127018922194   -5.0   0.7894885095269906
-0.4330127018922192   -5.5   0.8140470007345746
-0.4330127018922192   -6.5   0.762833118651328
0.4330127018922194   -7.0   0.8139007673436445
0.4330127018922194   -8.0   0.7157082358643823
-0.4330127018922192   -8.5   0.8071053300161892
-0.4330127018922192   -9.5   0.6415777930729039
0.4330127018922194   -10.0   0.787462630860152
0.4330127018922194   -11.0   0.5362136281575443
-0.4330127018922192   -11.5   0.7468607953445527
-0.4330127018922192   -12.5   0.40119160391376285
0.4330127018922194   -13.0   0.6758761697349499
0.4330127018922194   -14.0   0.24861490235309025
-0.4330127018922192   -14.5   0.8100482825218691
1.2990381056766582   14.5   0.8100482825218696
2.1650635094610964   14.0   0.24861490235309022
2.1650635094610964   13.0   0.6758761697349535
1.2990381056766582   12.5   0.40119160391376396
1.2990381056766582   11.5   0.7468607953445536
2.1650635094610964   11.0   0.5362136281575461
2.1650635094610964   10.0   0.787462630860151
1.2990381056766582   9.5   0.6415777930729036
1.2990381056766582   8.5   0.8071053300161901
2.1650635094610964   8.0   0.7157082358643803
2.1650635094610964   7.0   0.8139007673436442
1.2990381056766582   6.5   0.7628331186513275
1.2990381056766582   5.5   0.8140470007345726
2.1650635094610964   5.0   0.7894885095269906
2.1650635094610964   4.0   0.81178559390739
1.2990381056766582   3.5   0.802357624093269
1.2990381056766582   2.5   0.8096138963472783
2.1650635094610964   2.0   0.8071631932361021
2.1650635094610964   1.0   0.8085389535607233
1.2990381056766582   0.5   0.8082500328757702
1.2990381056766582   -0.5   0.8082500328757733
2.1650635094610964   -1.0   0.8085389535607221
2.1650635094610964   -2.0   0.807163193236109
1.2990381056766582   -2.5   0.8096138963472806
1.2990381056766582   -3.5   0.8023576240932724
2.1650635094610964   -4.0   0.811785593907397
2.1650635094610964   -5.0   0.7894885095269906
1.2990381056766582   -5.5   0.8140470007345746
1.2990381056766582   -6.5   0.762833118651328
2.1650635094610964   -7.0   0.8139007673436445
2.1650635094610964   -8.0   0.7157082358643823
1.2990381056766582   -8.5   0.8071053300161892
1.2990381056766582   -9.5   0.6415777930729039
2.1650635094610964   -10.0   0.787462630860152
2.1650635094610964   -11.0   0.5362136281575443
1.2990381056766582   -11.5   0.7468607953445527
1.2990381056766582   -12.5   0.40119160391376285
2.1650635094610964   -13.0   0.6758761697349499
2.1650635094610964   -14.0   0.24861490235309025
1.2990381056766582   -14.5   0.8100482825218691
