# x,  y, local density of states
-2.1650635094610964   14.5   3.004318191439169
-1.2990381056766578   14.0   0.14674672773471037
-1.2990381056766578   13.0   0.22234434573812564
-2.1650635094610964   12.5   0.18512363468954446
-2.1650635094610964   11.5   0.2231161410203746
-1.2990381056766578   11.0   0.204092311919213
-1.2990381056766578   10.0   0.2234823791198751
-2.1650635094610964   9.5   0.21369777721363192
-2.1650635094610964   8.5   0.223655139189386
-1.2990381056766578   8.0   0.2186156311934881
-1.2990381056766578   7.0   0.2237346332025842
-2.1650635094610964   6.5   0.22114376556195303
-2.1650635094610964   5.5   0.22376754974977353
-1.2990381056766578   5.0   0.22244420386352726
-1.2990381056766578   4.0   0.22377398026001308
-2.1650635094610964   3.5   0.22311236995922254
-2.1650635094610964   2.5   0.22375922125368558
-1.2990381056766578   2.0   0.22345485914759566
-1.2990381056766578   1.0   0.2237174380621284
-2.1650635094610964   0.5   0.22362956896110245
-2.1650635094610964   -0.5   0.22362956896110284
-1.2990381056766578   -1.0   0.2237174380621279
-1.2990381056766578   -2.0   0.22345485914759655
-2.1650635094610964   -2.5   0.22375922125368608
-2.1650635094610964   -3.5   0.2231123699592225
-1.2990381056766578   -4.0   0.2237739802600139
-1.2990381056766578   -5.0   0.22244420386352665
-2.1650635094610964   -5.5   0.22376754974977375
-2.1650635094610964   -6.5   0.22114376556195287
-1.2990381056766578   -7.0   0.22373463320258408
-1.2990381056766578   -8.0   0.2186156311934879
-2.1650635094610964   -8.5   0.2236551391893858
-2.1650635094610964   -9.5   0.21369777721363176
-1.2990381056766578   -10.0   0.22348237911987506
-1.2990381056766578   -11.0   0.20409231191921262
-2.1650635094610964   -11.5   0.2231161410203743
-2.1650635094610964   -12.5   0.1851236346895448
-1.2990381056766578   -13.0   0.22234434573812561
-1.2990381056766578   -14.0   0.1467467277347103
-2.1650635094610964   -14.5   3.004318191439169
-0.4330127018922192   14.5   3.004318191439169
0.4330127018922194   14.0   0.14674672773471037
0.4330127018922194   13.0   0.22234434573812564
-0.4330127018922192   12.5   0.18512363468954446
-0.4330127018922192   11.5   0.2231161410203746
0.4330127018922194   11.0   0.204092311919213
0.4330127018922194   10.0   0.2234823791198751
-0.4330127018922192   9.5   0.21369777721363192
-0.4330127018922192   8.5   0.223655139189386
0.4330127018922194   8.0   0.2186156311934881
0.4330127018922194   7.0   0.2237346332025842
-0.4330127018922192   6.5   0.22114376556195303
-0.4330127018922192   5.5   0.22376754974977353
0.4330127018922194   5.0   0.22244420386352726
0.4330127018922194   4.0   0.22377398026001308
-0.4330127018922192   3.5   0.22311236995922254
-0.4330127018922192   2.5   0.22375922125368558
0.4330127018922194   2.0   0.22345485914759566
0.4330127018922194   1.0   0.2237174380621284
-0.4330127018922192   0.5   0.22362956896110245
-0.4330127018922192   -0.5   0.22362956896110284
0.4330127018922194   -1.0   0.2237174380621279
0.4330127018922194   -2.0   0.22345485914759655
-0.4330127018922192   -2.5   0.22375922125368608
-0.4330127018922192   -3.5   0.2231123699592225
0.4330127018922194   -4.0   0.2237739802600139
0.4330127018922194   -5.0   0.22244420386352665
-0.4330127018922192   -5.5   0.22376754974977375
-0.4330127018922192   -6.5   0.22114376556195287
0.4330127018922194   -7.0   0.22373463320258408
0.4330127018922194   -8.0   0.2186156311934879
-0.4330127018922192   -8.5   0.2236551391893858
-0.4330127018922192   -9.5   0.21369777721363176
0.4330127018922194   -10.0   0.22348237911987506
0.4330127018922194   -11.0   0.20409231191921262
-0.4330127018922192   -11.5   0.2231161410203743
-0.4330127018922192   -12.5   0.1851236346895448
0.4330127018922194   -13.0   0.22234434573812561
0.4330127018922194   -14.0   0.1467467277347103
-0.4330127018922192   -14.5   3.004318191439169
1.2990381056766582   14.5   3.004318191439169
2.1650635094610964   14.0   0.14674672773471037
2.1650635094610964   13.0   0.22234434573812564
1.2990381056766582   12.5   0.18512363468954446
1.2990381056766582   11.5   0.2231161410203746
2.1650635094610964   11.0   0.204092311919213
2.1650635094610964   10.0   0.2234823791198751
1.2990381056766582   9.5   0.21369777721363192
1.2990381056766582   8.5   0.223655139189386
2.1650635094610964   8.0   0.2186156311934881
2.1650635094610964   7.0   0.2237346332025842
1.2990381056766582   6.5   0.22114376556195303
1.2990381056766582   5.5   0.22376754974977353
2.1650635094610964   5.0   0.22244420386352726
2.1650635094610964   4.0   0.22377398026001308
1.2990381056766582   3.5   0.22311236995922254
1.2990381056766582   2.5   0.22375922125368558
2.1650635094610964   2.0   0.22345485914759566
2.1650635094610964   1.0   0.2237174380621284
1.2990381056766582   0.5   0.22362956896110245
1.2990381056766582   -0.5   0.22362956896110284
2.1650635094610964   -1.0   0.2237174380621279
2.1650635094610964   -2.0   0.22345485914759655
1.2990381056766582   -2.5   0.22375922125368608
1.2990381056766582   -3.5   0.2231123699592225
2.1650635094610964   -4.0   0.2237739802600139
2.1650635094610964   -5.0   0.22244420386352665
1.2990381056766582   -5.5   0.22376754974977375
1.2990381056766582   -6.5   0.22114376556195287
2.1650635094610964   -7.0   0.22373463320258408
2.1650635094610964   -8.0   0.2186156311934879
1.2990381056766582   -8.5   0.2236551391893858
1.2990381056766582   -9.5   0.21369777721363176
2.1650635094610964   -10.0   0.22348237911987506
2.1650635094610964   -11.0   0.20409231191921262
1.2990381056766582   -11.5   0.2231161410203743
1.2990381056766582   -12.5   0.1851236346895448
2.1650635094610964   -13.0   0.22234434573812561
2.1650635094610964   -14.0   0.1467467277347103
1.2990381056766582   -14.5   3.004318191439169
