# x,  y, local density of states
-2.1650635094610964   14.5   3.6377118183955526
-1.2990381056766578   14.0   0.14512565818576972
-1.2990381056766578   13.0   0.21756584614020893
-2.1650635094610964   12.5   0.18229256491786783
-2.1650635094610964   11.5   0.21795347238177903
-1.2990381056766578   11.0   0.2002774593442066
-1.2990381056766578   10.0   0.2181321936936186
-2.1650635094610964   9.5   0.20920521133965614
-2.1650635094610964   8.5   0.21821367242933742
-1.2990381056766578   8.0   0.21369268762986293
-1.2990381056766578   7.0   0.2182491890023566
-2.1650635094610964   6.5   0.21596069401981438
-2.1650635094610964   5.5   0.21826164853302382
-1.2990381056766578   5.0   0.21710913779959856
-1.2990381056766578   4.0   0.21825985513467983
-2.1650635094610964   3.5   0.21769071883987942
-2.1650635094610964   2.5   0.21824426389675528
-1.2990381056766578   2.0   0.2179849495558503
-1.2990381056766578   1.0   0.21820792082116847
-2.1650635094610964   0.5   0.21813346332976175
-2.1650635094610964   -0.5   0.21813346332976205
-1.2990381056766578   -1.0   0.21820792082116816
-1.2990381056766578   -2.0   0.21798494955585102
-2.1650635094610964   -2.5   0.2182442638967556
-2.1650635094610964   -3.5   0.21769071883987956
-1.2990381056766578   -4.0   0.21825985513468066
-1.2990381056766578   -5.0   0.2171091377995984
-2.1650635094610964   -5.5   0.21826164853302382
-2.1650635094610964   -6.5   0.21596069401981433
-1.2990381056766578   -7.0   0.21824918900235646
-1.2990381056766578   -8.0   0.21369268762986315
-2.1650635094610964   -8.5   0.2182136724293372
-2.1650635094610964   -9.5   0.20920521133965614
-1.2990381056766578   -10.0   0.21813219369361872
-1.2990381056766578   -11.0   0.2002774593442063
-2.1650635094610964   -11.5   0.2179534723817788
-2.1650635094610964   -12.5   0.18229256491786794
-1.2990381056766578   -13.0   0.21756584614020857
-1.2990381056766578   -14.0   0.14512565818576972
-2.1650635094610964   -14.5   3.6377118183955526
-0.4330127018922192   14.5   3.6377118183955526
0.4330127018922194   14.0   0.14512565818576972
0.4330127018922194   13.0   0.21756584614020893
-0.4330127018922192   12.5   0.18229256491786783
-0.4330127018922192   11.5   0.21795347238177903
0.4330127018922194   11.0   0.2002774593442066
0.4330127018922194   10.0   0.2181321936936186
-0.4330127018922192   9.5   0.20920521133965614
-0.4330127018922192   8.5   0.21821367242933742
0.4330127018922194   8.0   0.21369268762986293
0.4330127018922194   7.0   0.2182491890023566
-0.4330127018922192   6.5   0.21596069401981438
-0.4330127018922192   5.5   0.21826164853302382
0.4330127018922194   5.0   0.21710913779959856
0.4330127018922194   4.0   0.21825985513467983
-0.4330127018922192   3.5   0.21769071883987942
-0.4330127018922192   2.5   0.21824426389675528
0.4330127018922194   2.0   0.2179849495558503
0.4330127018922194   1.0   0.21820792082116847
-0.4330127018922192   0.5   0.21813346332976175
-0.4330127018922192   -0.5   0.21813346332976205
0.4330127018922194   -1.0   0.21820792082116816
0.4330127018922194   -2.0   0.21798494955585102
-0.4330127018922192   -2.5   0.2182442638967556
-0.4330127018922192   -3.5   0.21769071883987956
0.4330127018922194   -4.0   0.21825985513468066
0.4330127018922194   -5.0   0.2171091377995984
-0.4330127018922192   -5.5   0.21826164853302382
-0.4330127018922192   -6.5   0.21596069401981433
0.4330127018922194   -7.0   0.21824918900235646
0.4330127018922194   -8.0   0.21369268762986315
-0.4330127018922192   -8.5   0.2182136724293372
-0.4330127018922192   -9.5   0.20920521133965614
0.4330127018922194   -10.0   0.21813219369361872
0.4330127018922194   -11.0   0.2002774593442063
-0.4330127018922192   -11.5   0.2179534723817788
-0.4330127018922192   -12.5   0.18229256491786794
0.4330127018922194   -13.0   0.21756584614020857
0.4330127018922194   -14.0   0.14512565818576972
-0.4330127018922192   -14.5   3.6377118183955526
1.2990381056766582   14.5   3.6377118183955526
2.1650635094610964   14.0   0.14512565818576972
2.1650635094610964   13.0   0.21756584614020893
1.2990381056766582   12.5   0.18229256491786783
1.2990381056766582   11.5   0.21795347238177903
2.1650635094610964   11.0   0.2002774593442066
2.1650635094610964   10.0   0.2181321936936186
1.2990381056766582   9.5   0.20920521133965614
1.2990381056766582   8.5   0.21821367242933742
2.1650635094610964   8.0   0.21369268762986293
2.1650635094610964   7.0   0.2182491890023566
1.2990381056766582   6.5   0.21596069401981438
1.2990381056766582   5.5   0.21826164853302382
2.1650635094610964   5.0   0.21710913779959856
2.1650635094610964   4.0   0.21825985513467983
1.2990381056766582   3.5   0.21769071883987942
1.2990381056766582   2.5   0.21824426389675528
2.1650635094610964   2.0   0.2179849495558503
2.1650635094610964   1.0   0.21820792082116847
1.2990381056766582   0.5   0.21813346332976175
1.2990381056766582   -0.5   0.21813346332976205
2.1650635094610964   -1.0   0.21820792082116816
2.1650635094610964   -2.0   0.21798494955585102
1.2990381056766582   -2.5   0.2182442638967556
1.2990381056766582   -3.5   0.21769071883987956
2.1650635094610964   -4.0   0.21825985513468066
2.1650635094610964   -5.0   0.2171091377995984
1.2990381056766582   -5.5   0.21826164853302382
1.2990381056766582   -6.5   0.21596069401981433
2.1650635094610964   -7.0   0.21824918900235646
2.1650635094610964   -8.0   0.21369268762986315
1.2990381056766582   -8.5   0.2182136724293372
1.2990381056766582   -9.5   0.20920521133965614
2.1650635094610964   -10.0   0.21813219369361872
2.1650635094610964   -11.0   0.2002774593442063
1.2990381056766582   -11.5   0.2179534723817788
1.2990381056766582   -12.5   0.18229256491786794
2.1650635094610964   -13.0   0.21756584614020857
2.1650635094610964   -14.0   0.14512565818576972
1.2990381056766582   -14.5   3.6377118183955526
