# x,  y, local density of states
-2.1650635094610964   14.5   0.8513297319741511
-1.2990381056766578   14.0   0.18984932840411894
-1.2990381056766578   13.0   0.38185103810397564
-2.1650635094610964   12.5   0.2682944312331472
-2.1650635094610964   11.5   0.40310639270956494
-1.2990381056766578   11.0   0.3246821013455832
-1.2990381056766578   10.0   0.41560727993054847
-2.1650635094610964   9.5   0.3635936845057459
-2.1650635094610964   8.5   0.4227535798740827
-1.2990381056766578   8.0   0.38944642079909864
-1.2990381056766578   7.0   0.4266955384308134
-2.1650635094610964   6.5   0.4060521844507395
-2.1650635094610964   5.5   0.42874992286094504
-1.2990381056766578   5.0   0.4163978811730357
-1.2990381056766578   4.0   0.42968187702466065
-2.1650635094610964   3.5   0.4226609983246109
-2.1650635094610964   2.5   0.429886931069726
-1.2990381056766578   2.0   0.4263414867320944
-1.2990381056766578   1.0   0.42949611659155756
-2.1650635094610964   0.5   0.4284200434816029
-2.1650635094610964   -0.5   0.4284200434816042
-1.2990381056766578   -1.0   0.4294961165915571
-1.2990381056766578   -2.0   0.42634148673209715
-2.1650635094610964   -2.5   0.4298869310697271
-2.1650635094610964   -3.5   0.4226609983246122
-1.2990381056766578   -4.0   0.42968187702466354
-1.2990381056766578   -5.0   0.41639788117303556
-2.1650635094610964   -5.5   0.4287499228609457
-2.1650635094610964   -6.5   0.40605218445073965
-1.2990381056766578   -7.0   0.4266955384308135
-1.2990381056766578   -8.0   0.38944642079909964
-2.1650635094610964   -8.5   0.4227535798740822
-2.1650635094610964   -9.5   0.3635936845057459
-1.2990381056766578   -10.0   0.4156072799305488
-1.2990381056766578   -11.0   0.3246821013455823
-2.1650635094610964   -11.5   0.4031063927095647
-2.1650635094610964   -12.5   0.2682944312331469
-1.2990381056766578   -13.0   0.38185103810397425
-1.2990381056766578   -14.0   0.18984932840411894
-2.1650635094610964   -14.5   0.8513297319741506
-0.4330127018922192   14.5   0.8513297319741511
0.4330127018922194   14.0   0.18984932840411894
0.4330127018922194   13.0   0.38185103810397564
-0.4330127018922192   12.5   0.2682944312331472
-0.4330127018922192   11.5   0.40310639270956494
0.4330127018922194   11.0   0.3246821013455832
0.4330127018922194   10.0   0.41560727993054847
-0.4330127018922192   9.5   0.3635936845057459
-0.4330127018922192   8.5   0.4227535798740827
0.4330127018922194   8.0   0.38944642079909864
0.4330127018922194   7.0   0.4266955384308134
-0.4330127018922192   6.5   0.4060521844507395
-0.4330127018922192   5.5   0.42874992286094504
0.4330127018922194   5.0   0.4163978811730357
0.4330127018922194   4.0   0.42968187702466065
-0.4330127018922192   3.5   0.4226609983246109
-0.4330127018922192   2.5   0.429886931069726
0.4330127018922194   2.0   0.4263414867320944
0.4330127018922194   1.0   0.42949611659155756
-0.4330127018922192   0.5   0.4284200434816029
-0.4330127018922192   -0.5   0.4284200434816042
0.4330127018922194   -1.0   0.4294961165915571
0.4330127018922194   -2.0   0.42634148673209715
-0.4330127018922192   -2.5   0.4298869310697271
-0.4330127018922192   -3.5   0.4226609983246122
0.4330127018922194   -4.0   0.42968187702466354
0.4330127018922194   -5.0   0.41639788117303556
-0.4330127018922192   -5.5   0.4287499228609457
-0.4330127018922192   -6.5   0.40605218445073965
0.4330127018922194   -7.0   0.4266955384308135
0.4330127018922194   -8.0   0.38944642079909964
-0.4330127018922192   -8.5   0.4227535798740822
-0.4330127018922192   -9.5   0.3635936845057459
0.4330127018922194   -10.0   0.4156072799305488
0.4330127018922194   -11.0   0.3246821013455823
-0.4330127018922192   -11.5   0.4031063927095647
-0.4330127018922192   -12.5   0.2682944312331469
0.4330127018922194   -13.0   0.38185103810397425
0.4330127018922194   -14.0   0.18984932840411894
-0.4330127018922192   -14.5   0.8513297319741506
1.2990381056766582   14.5   0.8513297319741511
2.1650635094610964   14.0   0.18984932840411894
2.1650635094610964   13.0   0.38185103810397564
1.2990381056766582   12.5   0.2682944312331472
1.2990381056766582   11.5   0.40310639270956494
2.1650635094610964   11.0   0.3246821013455832
2.1650635094610964   10.0   0.41560727993054847
1.2990381056766582   9.5   0.3635936845057459
1.2990381056766582   8.5   0.4227535798740827
2.1650635094610964   8.0   0.38944642079909864
2.1650635094610964   7.0   0.4266955384308134
1.2990381056766582   6.5   0.4060521844507395
1.2990381056766582   5.5   0.42874992286094504
2.1650635094610964   5.0   0.4163978811730357
2.1650635094610964   4.0   0.42968187702466065
1.2990381056766582   3.5   0.4226609983246109
1.2990381056766582   2.5   0.429886931069726
2.1650635094610964   2.0   0.4263414867320944
2.1650635094610964   1.0   0.42949611659155756
1.2990381056766582   0.5   0.4284200434816029
1.2990381056766582   -0.5   0.4284200434816042
2.1650635094610964   -1.0   0.4294961165915571
2.1650635094610964   -2.0   0.42634148673209715
1.2990381056766582   -2.5   0.4298869310697271
1.2990381056766582   -3.5   0.4226609983246122
2.1650635094610964   -4.0   0.42968187702466354
2.1650635094610964   -5.0   0.41639788117303556
1.2990381056766582   -5.5   0.4287499228609457
1.2990381056766582   -6.5   0.40605218445073965
2.1650635094610964   -7.0   0.4266955384308135
2.1650635094610964   -8.0   0.38944642079909964
1.2990381056766582   -8.5   0.4227535798740822
1.2990381056766582   -9.5   0.3635936845057459
2.1650635094610964   -10.0   0.4156072799305488
2.1650635094610964   -11.0   0.3246821013455823
1.2990381056766582   -11.5   0.4031063927095647
1.2990381056766582   -12.5   0.2682944312331469
2.1650635094610964   -13.0   0.38185103810397425
2.1650635094610964   -14.0   0.18984932840411894
1.2990381056766582   -14.5   0.8513297319741506
