# x,  y, local density of states
-2.1650635094610964   14.5   1.1664153859100401
-1.2990381056766578   14.0   0.627143438342812
-1.2990381056766578   13.0   1.3975288492246163
-2.1650635094610964   12.5   1.0812243874619838
-2.1650635094610964   11.5   1.1948627349548127
-1.2990381056766578   11.0   1.3209194318170425
-1.2990381056766578   10.0   0.9480070576971982
-2.1650635094610964   9.5   1.2729889586553813
-2.1650635094610964   8.5   0.8318063405700529
-1.2990381056766578   8.0   1.0766646193522127
-1.2990381056766578   7.0   0.8687593550049192
-2.1650635094610964   6.5   0.9127822802657746
-2.1650635094610964   5.5   0.9760908340672851
-1.2990381056766578   5.0   0.8691600433090259
-1.2990381056766578   4.0   1.0655163031685417
-2.1650635094610964   3.5   0.9221493393479961
-2.1650635094610964   2.5   1.1027182765216919
-1.2990381056766578   2.0   1.0027392512441329
-1.2990381056766578   1.0   1.0977334045888192
-2.1650635094610964   0.5   1.0643406805865538
-2.1650635094610964   -0.5   1.064340680586555
-1.2990381056766578   -1.0   1.0977334045888192
-1.2990381056766578   -2.0   1.002739251244137
-2.1650635094610964   -2.5   1.1027182765216945
-2.1650635094610964   -3.5   0.9221493393479945
-1.2990381056766578   -4.0   1.0655163031685468
-1.2990381056766578   -5.0   0.869160043309023
-2.1650635094610964   -5.5   0.9760908340672823
-2.1650635094610964   -6.5   0.9127822802657763
-1.2990381056766578   -7.0   0.8687593550049146
-1.2990381056766578   -8.0   1.076664619352218
-2.1650635094610964   -8.5   0.8318063405700515
-2.1650635094610964   -9.5   1.2729889586553838
-1.2990381056766578   -10.0   0.948007057697202
-1.2990381056766578   -11.0   1.3209194318170392
-2.1650635094610964   -11.5   1.1948627349548135
-2.1650635094610964   -12.5   1.0812243874619814
-1.2990381056766578   -13.0   1.3975288492246114
-1.2990381056766578   -14.0   0.6271434383428123
-2.1650635094610964   -14.5   1.1664153859100401
-0.4330127018922192   14.5   1.1664153859100401
0.4330127018922194   14.0   0.627143438342812
0.4330127018922194   13.0   1.3975288492246163
-0.4330127018922192   12.5   1.0812243874619838
-0.4330127018922192   11.5   1.1948627349548127
0.4330127018922194   11.0   1.3209194318170425
0.4330127018922194   10.0   0.9480070576971982
-0.4330127018922192   9.5   1.2729889586553813
-0.4330127018922192   8.5   0.8318063405700529
0.4330127018922194   8.0   1.0766646193522127
0.4330127018922194   7.0   0.8687593550049192
-0.4330127018922192   6.5   0.9127822802657746
-0.4330127018922192   5.5   0.9760908340672851
0.4330127018922194   5.0   0.8691600433090259
0.4330127018922194   4.0   1.0655163031685417
-0.4330127018922192   3.5   0.9221493393479961
-0.4330127018922192   2.5   1.1027182765216919
0.4330127018922194   2.0   1.0027392512441329
0.4330127018922194   1.0   1.0977334045888192
-0.4330127018922192   0.5   1.0643406805865538
-0.4330127018922192   -0.5   1.064340680586555
0.4330127018922194   -1.0   1.0977334045888192
0.4330127018922194   -2.0   1.002739251244137
-0.4330127018922192   -2.5   1.1027182765216945
-0.4330127018922192   -3.5   0.9221493393479945
0.4330127018922194   -4.0   1.0655163031685468
0.4330127018922194   -5.0   0.869160043309023
-0.4330127018922192   -5.5   0.9760908340672823
-0.4330127018922192   -6.5   0.9127822802657763
0.4330127018922194   -7.0   0.8687593550049146
0.4330127018922194   -8.0   1.076664619352218
-0.4330127018922192   -8.5   0.8318063405700515
-0.4330127018922192   -9.5   1.2729889586553838
0.4330127018922194   -10.0   0.948007057697202
0.4330127018922194   -11.0   1.3209194318170392
-0.4330127018922192   -11.5   1.1948627349548135
-0.4330127018922192   -12.5   1.0812243874619814
0.4330127018922194   -13.0   1.3975288492246114
0.4330127018922194   -14.0   0.6271434383428123
-0.4330127018922192   -14.5   1.1664153859100401
1.2990381056766582   14.5   1.1664153859100401
2.1650635094610964   14.0   0.627143438342812
2.1650635094610964   13.0   1.3975288492246163
1.2990381056766582   12.5   1.0812243874619838
1.2990381056766582   11.5   1.1948627349548127
2.1650635094610964   11.0   1.3209194318170425
2.1650635094610964   10.0   0.9480070576971982
1.2990381056766582   9.5   1.2729889586553813
1.2990381056766582   8.5   0.8318063405700529
2.1650635094610964   8.0   1.0766646193522127
2.1650635094610964   7.0   0.8687593550049192
1.2990381056766582   6.5   0.9127822802657746
1.2990381056766582   5.5   0.9760908340672851
2.1650635094610964   5.0   0.8691600433090259
2.1650635094610964   4.0   1.0655163031685417
1.2990381056766582   3.5   0.9221493393479961
1.2990381056766582   2.5   1.1027182765216919
2.1650635094610964   2.0   1.0027392512441329
2.1650635094610964   1.0   1.0977334045888192
1.2990381056766582   0.5   1.0643406805865538
1.2990381056766582   -0.5   1.064340680586555
2.1650635094610964   -1.0   1.0977334045888192
2.1650635094610964   -2.0   1.002739251244137
1.2990381056766582   -2.5   1.1027182765216945
1.2990381056766582   -3.5   0.9221493393479945
2.1650635094610964   -4.0   1.0655163031685468
2.1650635094610964   -5.0   0.869160043309023
1.2990381056766582   -5.5   0.9760908340672823
1.2990381056766582   -6.5   0.9127822802657763
2.1650635094610964   -7.0   0.8687593550049146
2.1650635094610964   -8.0   1.076664619352218
1.2990381056766582   -8.5   0.8318063405700515
1.2990381056766582   -9.5   1.2729889586553838
2.1650635094610964   -10.0   0.948007057697202
2.1650635094610964   -11.0   1.3209194318170392
1.2990381056766582   -11.5   1.1948627349548135
1.2990381056766582   -12.5   1.0812243874619814
2.1650635094610964   -13.0   1.3975288492246114
2.1650635094610964   -14.0   0.6271434383428123
1.2990381056766582   -14.5   1.1664153859100401
