# x,  y, local density of states
-2.1650635094610964   14.5   1.3573188440653747
-1.2990381056766578   14.0   3.3965075865077896
-1.2990381056766578   13.0   3.6600135680672445
-2.1650635094610964   12.5   3.942745751886147
-2.1650635094610964   11.5   3.2966007837627016
-1.2990381056766578   11.0   3.6837304778645654
-1.2990381056766578   10.0   3.553140333502407
-2.1650635094610964   9.5   3.3636931581630605
-2.1650635094610964   8.5   3.878973471983866
-1.2990381056766578   8.0   3.542970076454445
-1.2990381056766578   7.0   3.7911757817168175
-2.1650635094610964   6.5   3.828856702345031
-2.1650635094610964   5.5   3.5627649827662307
-1.2990381056766578   5.0   3.792805121683254
-1.2990381056766578   4.0   3.5642758442416786
-2.1650635094610964   3.5   3.599361220936133
-2.1650635094610964   2.5   3.7251443009995127
-1.2990381056766578   2.0   3.563846087036759
-1.2990381056766578   1.0   3.793116735077122
-2.1650635094610964   0.5   3.6938188629579827
-2.1650635094610964   -0.5   3.6938188629579654
-1.2990381056766578   -1.0   3.7931167350771196
-1.2990381056766578   -2.0   3.563846087036747
-2.1650635094610964   -2.5   3.725144300999503
-2.1650635094610964   -3.5   3.5993612209361245
-1.2990381056766578   -4.0   3.564275844241669
-1.2990381056766578   -5.0   3.7928051216832497
-2.1650635094610964   -5.5   3.5627649827662253
-2.1650635094610964   -6.5   3.8288567023450346
-1.2990381056766578   -7.0   3.79117578171682
-1.2990381056766578   -8.0   3.542970076454447
-2.1650635094610964   -8.5   3.878973471983874
-2.1650635094610964   -9.5   3.3636931581630543
-1.2990381056766578   -10.0   3.553140333502414
-1.2990381056766578   -11.0   3.6837304778645557
-2.1650635094610964   -11.5   3.2966007837626994
-2.1650635094610964   -12.5   3.9427457518861537
-1.2990381056766578   -13.0   3.660013568067248
-1.2990381056766578   -14.0   3.3965075865077883
-2.1650635094610964   -14.5   1.3573188440653765
-0.4330127018922192   14.5   1.3573188440653747
0.4330127018922194   14.0   3.3965075865077896
0.4330127018922194   13.0   3.6600135680672445
-0.4330127018922192   12.5   3.942745751886147
-0.4330127018922192   11.5   3.2966007837627016
0.4330127018922194   11.0   3.6837304778645654
0.4330127018922194   10.0   3.553140333502407
-0.4330127018922192   9.5   3.3636931581630605
-0.4330127018922192   8.5   3.878973471983866
0.4330127018922194   8.0   3.542970076454445
0.4330127018922194   7.0   3.7911757817168175
-0.4330127018922192   6.5   3.828856702345031
-0.4330127018922192   5.5   3.5627649827662307
0.4330127018922194   5.0   3.792805121683254
0.4330127018922194   4.0   3.5642758442416786
-0.4330127018922192   3.5   3.599361220936133
-0.4330127018922192   2.5   3.7251443009995127
0.4330127018922194   2.0   3.563846087036759
0.4330127018922194   1.0   3.793116735077122
-0.4330127018922192   0.5   3.6938188629579827
-0.4330127018922192   -0.5   3.6938188629579654
0.4330127018922194   -1.0   3.7931167350771196
0.4330127018922194   -2.0   3.563846087036747
-0.4330127018922192   -2.5   3.725144300999503
-0.4330127018922192   -3.5   3.5993612209361245
0.4330127018922194   -4.0   3.564275844241669
0.4330127018922194   -5.0   3.7928051216832497
-0.4330127018922192   -5.5   3.5627649827662253
-0.4330127018922192   -6.5   3.8288567023450346
0.4330127018922194   -7.0   3.79117578171682
0.4330127018922194   -8.0   3.542970076454447
-0.4330127018922192   -8.5   3.878973471983874
-0.4330127018922192   -9.5   3.3636931581630543
0.4330127018922194   -10.0   3.553140333502414
0.4330127018922194   -11.0   3.6837304778645557
-0.4330127018922192   -11.5   3.2966007837626994
-0.4330127018922192   -12.5   3.9427457518861537
0.4330127018922194   -13.0   3.660013568067248
0.4330127018922194   -14.0   3.3965075865077883
-0.4330127018922192   -14.5   1.3573188440653765
1.2990381056766582   14.5   1.3573188440653747
2.1650635094610964   14.0   3.3965075865077896
2.1650635094610964   13.0   3.6600135680672445
1.2990381056766582   12.5   3.942745751886147
1.2990381056766582   11.5   3.2966007837627016
2.1650635094610964   11.0   3.6837304778645654
2.1650635094610964   10.0   3.553140333502407
1.2990381056766582   9.5   3.3636931581630605
1.2990381056766582   8.5   3.878973471983866
2.1650635094610964   8.0   3.542970076454445
2.1650635094610964   7.0   3.7911757817168175
1.2990381056766582   6.5   3.828856702345031
1.2990381056766582   5.5   3.5627649827662307
2.1650635094610964   5.0   3.792805121683254
2.1650635094610964   4.0   3.5642758442416786
1.2990381056766582   3.5   3.599361220936133
1.2990381056766582   2.5   3.7251443009995127
2.1650635094610964   2.0   3.563846087036759
2.1650635094610964   1.0   3.793116735077122
1.2990381056766582   0.5   3.6938188629579827
1.2990381056766582   -0.5   3.6938188629579654
2.1650635094610964   -1.0   3.7931167350771196
2.1650635094610964   -2.0   3.563846087036747
1.2990381056766582   -2.5   3.725144300999503
1.2990381056766582   -3.5   3.5993612209361245
2.1650635094610964   -4.0   3.564275844241669
2.1650635094610964   -5.0   3.7928051216832497
1.2990381056766582   -5.5   3.5627649827662253
1.2990381056766582   -6.5   3.8288567023450346
2.1650635094610964   -7.0   3.79117578171682
2.1650635094610964   -8.0   3.542970076454447
1.2990381056766582   -8.5   3.878973471983874
1.2990381056766582   -9.5   3.3636931581630543
2.1650635094610964   -10.0   3.553140333502414
2.1650635094610964   -11.0   3.6837304778645557
1.2990381056766582   -11.5   3.2966007837626994
1.2990381056766582   -12.5   3.9427457518861537
2.1650635094610964   -13.0   3.660013568067248
2.1650635094610964   -14.0   3.3965075865077883
1.2990381056766582   -14.5   1.3573188440653765
