# x,  y, local density of states
-2.1650635094610964   14.5   0.905013576981081
-1.2990381056766578   14.0   0.18235586939609888
-1.2990381056766578   13.0   0.34949315711825824
-2.1650635094610964   12.5   0.2527396092066933
-2.1650635094610964   11.5   0.36565971675483383
-1.2990381056766578   11.0   0.30102113866001134
-1.2990381056766578   10.0   0.3749586113733574
-2.1650635094610964   9.5   0.33318948419874905
-2.1650635094610964   8.5   0.38018898934610235
-1.2990381056766578   8.0   0.353985492158836
-1.2990381056766578   7.0   0.38304487669962894
-2.1650635094610964   6.5   0.3670591818260597
-2.1650635094610964   5.5   0.38452624507931615
-1.2990381056766578   5.0   0.3750707430405355
-1.2990381056766578   4.0   0.3851964822162617
-2.1650635094610964   3.5   0.3798628035459479
-2.1650635094610964   2.5   0.38533845567514446
-1.2990381056766578   2.0   0.38265663362413327
-1.2990381056766578   1.0   0.38504004309601786
-2.1650635094610964   0.5   0.38422757726976786
-2.1650635094610964   -0.5   0.38422757726976936
-1.2990381056766578   -1.0   0.38504004309601647
-1.2990381056766578   -2.0   0.38265663362413604
-2.1650635094610964   -2.5   0.3853384556751465
-2.1650635094610964   -3.5   0.3798628035459477
-1.2990381056766578   -4.0   0.38519648221626424
-1.2990381056766578   -5.0   0.37507074304053367
-2.1650635094610964   -5.5   0.3845262450793169
-2.1650635094610964   -6.5   0.3670591818260586
-1.2990381056766578   -7.0   0.3830448766996287
-1.2990381056766578   -8.0   0.3539854921588348
-2.1650635094610964   -8.5   0.3801889893461017
-2.1650635094610964   -9.5   0.33318948419874794
-1.2990381056766578   -10.0   0.37495861137335684
-1.2990381056766578   -11.0   0.30102113866001085
-2.1650635094610964   -11.5   0.36565971675483266
-2.1650635094610964   -12.5   0.2527396092066939
-1.2990381056766578   -13.0   0.34949315711825835
-1.2990381056766578   -14.0   0.18235586939609882
-2.1650635094610964   -14.5   0.905013576981081
-0.4330127018922192   14.5   0.905013576981081
0.4330127018922194   14.0   0.18235586939609888
0.4330127018922194   13.0   0.34949315711825824
-0.4330127018922192   12.5   0.2527396092066933
-0.4330127018922192   11.5   0.36565971675483383
0.4330127018922194   11.0   0.30102113866001134
0.4330127018922194   10.0   0.3749586113733574
-0.4330127018922192   9.5   0.33318948419874905
-0.4330127018922192   8.5   0.38018898934610235
0.4330127018922194   8.0   0.353985492158836
0.4330127018922194   7.0   0.38304487669962894
-0.4330127018922192   6.5   0.3670591818260597
-0.4330127018922192   5.5   0.38452624507931615
0.4330127018922194   5.0   0.3750707430405355
0.4330127018922194   4.0   0.3851964822162617
-0.4330127018922192   3.5   0.3798628035459479
-0.4330127018922192   2.5   0.38533845567514446
0.4330127018922194   2.0   0.38265663362413327
0.4330127018922194   1.0   0.38504004309601786
-0.4330127018922192   0.5   0.38422757726976786
-0.4330127018922192   -0.5   0.38422757726976936
0.4330127018922194   -1.0   0.38504004309601647
0.4330127018922194   -2.0   0.38265663362413604
-0.4330127018922192   -2.5   0.3853384556751465
-0.4330127018922192   -3.5   0.3798628035459477
0.4330127018922194   -4.0   0.38519648221626424
0.4330127018922194   -5.0   0.37507074304053367
-0.4330127018922192   -5.5   0.3845262450793169
-0.4330127018922192   -6.5   0.3670591818260586
0.4330127018922194   -7.0   0.3830448766996287
0.4330127018922194   -8.0   0.3539854921588348
-0.4330127018922192   -8.5   0.3801889893461017
-0.4330127018922192   -9.5   0.33318948419874794
0.4330127018922194   -10.0   0.37495861137335684
0.4330127018922194   -11.0   0.30102113866001085
-0.4330127018922192   -11.5   0.36565971675483266
-0.4330127018922192   -12.5   0.2527396092066939
0.4330127018922194   -13.0   0.34949315711825835
0.4330127018922194   -14.0   0.18235586939609882
-0.4330127018922192   -14.5   0.905013576981081
1.2990381056766582   14.5   0.905013576981081
2.1650635094610964   14.0   0.18235586939609888
2.1650635094610964   13.0   0.34949315711825824
1.2990381056766582   12.5   0.2527396092066933
1.2990381056766582   11.5   0.36565971675483383
2.1650635094610964   11.0   0.30102113866001134
2.1650635094610964   10.0   0.3749586113733574
1.2990381056766582   9.5   0.33318948419874905
1.2990381056766582   8.5   0.38018898934610235
2.1650635094610964   8.0   0.353985492158836
2.1650635094610964   7.0   0.38304487669962894
1.2990381056766582   6.5   0.3670591818260597
1.2990381056766582   5.5   0.38452624507931615
2.1650635094610964   5.0   0.3750707430405355
2.1650635094610964   4.0   0.3851964822162617
1.2990381056766582   3.5   0.3798628035459479
1.2990381056766582   2.5   0.38533845567514446
2.1650635094610964   2.0   0.38265663362413327
2.1650635094610964   1.0   0.38504004309601786
1.2990381056766582   0.5   0.38422757726976786
1.2990381056766582   -0.5   0.38422757726976936
2.1650635094610964   -1.0   0.38504004309601647
2.1650635094610964   -2.0   0.38265663362413604
1.2990381056766582   -2.5   0.3853384556751465
1.2990381056766582   -3.5   0.3798628035459477
2.1650635094610964   -4.0   0.38519648221626424
2.1650635094610964   -5.0   0.37507074304053367
1.2990381056766582   -5.5   0.3845262450793169
1.2990381056766582   -6.5   0.3670591818260586
2.1650635094610964   -7.0   0.3830448766996287
2.1650635094610964   -8.0   0.3539854921588348
1.2990381056766582   -8.5   0.3801889893461017
1.2990381056766582   -9.5   0.33318948419874794
2.1650635094610964   -10.0   0.37495861137335684
2.1650635094610964   -11.0   0.30102113866001085
1.2990381056766582   -11.5   0.36565971675483266
1.2990381056766582   -12.5   0.2527396092066939
2.1650635094610964   -13.0   0.34949315711825835
2.1650635094610964   -14.0   0.18235586939609882
1.2990381056766582   -14.5   0.905013576981081
