# x,  y, local density of states
-2.1650635094610964   14.5   1.0593651176089796
-1.2990381056766578   14.0   0.4331929141989647
-1.2990381056766578   13.0   1.2230326975337973
-2.1650635094610964   12.5   0.7835549758162677
-2.1650635094610964   11.5   1.2051992142082792
-1.2990381056766578   11.0   1.0547375642713583
-1.2990381056766578   10.0   1.0818339290902457
-2.1650635094610964   9.5   1.167305548866299
-2.1650635094610964   8.5   0.9481432711399054
-1.2990381056766578   8.0   1.1372936251345311
-1.2990381056766578   7.0   0.8671917233865368
-2.1650635094610964   6.5   1.0349942992126109
-2.1650635094610964   5.5   0.8536482097272036
-1.2990381056766578   5.0   0.9353461422717404
-1.2990381056766578   4.0   0.8835672545510707
-2.1650635094610964   3.5   0.8832913091758261
-2.1650635094610964   2.5   0.9181968291374267
-1.2990381056766578   2.0   0.8832732240307624
-1.2990381056766578   1.0   0.9283933580976225
-2.1650635094610964   0.5   0.9096881925144509
-2.1650635094610964   -0.5   0.9096881925144562
-1.2990381056766578   -1.0   0.9283933580976187
-1.2990381056766578   -2.0   0.8832732240307699
-2.1650635094610964   -2.5   0.9181968291374322
-2.1650635094610964   -3.5   0.8832913091758254
-1.2990381056766578   -4.0   0.883567254551078
-1.2990381056766578   -5.0   0.9353461422717332
-2.1650635094610964   -5.5   0.8536482097272053
-2.1650635094610964   -6.5   1.0349942992126078
-1.2990381056766578   -7.0   0.8671917233865347
-1.2990381056766578   -8.0   1.137293625134529
-2.1650635094610964   -8.5   0.9481432711399016
-2.1650635094610964   -9.5   1.1673055488663002
-1.2990381056766578   -10.0   1.081833929090245
-1.2990381056766578   -11.0   1.0547375642713612
-2.1650635094610964   -11.5   1.2051992142082786
-2.1650635094610964   -12.5   0.7835549758162751
-1.2990381056766578   -13.0   1.2230326975338053
-1.2990381056766578   -14.0   0.4331929141989659
-2.1650635094610964   -14.5   1.059365117608984
-0.4330127018922192   14.5   1.0593651176089796
0.4330127018922194   14.0   0.4331929141989647
0.4330127018922194   13.0   1.2230326975337973
-0.4330127018922192   12.5   0.7835549758162677
-0.4330127018922192   11.5   1.2051992142082792
0.4330127018922194   11.0   1.0547375642713583
0.4330127018922194   10.0   1.0818339290902457
-0.4330127018922192   9.5   1.167305548866299
-0.4330127018922192   8.5   0.9481432711399054
0.4330127018922194   8.0   1.1372936251345311
0.4330127018922194   7.0   0.8671917233865368
-0.4330127018922192   6.5   1.0349942992126109
-0.4330127018922192   5.5   0.8536482097272036
0.4330127018922194   5.0   0.9353461422717404
0.4330127018922194   4.0   0.8835672545510707
-0.4330127018922192   3.5   0.8832913091758261
-0.4330127018922192   2.5   0.9181968291374267
0.4330127018922194   2.0   0.8832732240307624
0.4330127018922194   1.0   0.9283933580976225
-0.4330127018922192   0.5   0.9096881925144509
-0.4330127018922192   -0.5   0.9096881925144562
0.4330127018922194   -1.0   0.9283933580976187
0.4330127018922194   -2.0   0.8832732240307699
-0.4330127018922192   -2.5   0.9181968291374322
-0.4330127018922192   -3.5   0.8832913091758254
0.4330127018922194   -4.0   0.883567254551078
0.4330127018922194   -5.0   0.9353461422717332
-0.4330127018922192   -5.5   0.8536482097272053
-0.4330127018922192   -6.5   1.0349942992126078
0.4330127018922194   -7.0   0.8671917233865347
0.4330127018922194   -8.0   1.137293625134529
-0.4330127018922192   -8.5   0.9481432711399016
-0.4330127018922192   -9.5   1.1673055488663002
0.4330127018922194   -10.0   1.081833929090245
0.4330127018922194   -11.0   1.0547375642713612
-0.4330127018922192   -11.5   1.2051992142082786
-0.4330127018922192   -12.5   0.7835549758162751
0.4330127018922194   -13.0   1.2230326975338053
0.4330127018922194   -14.0   0.4331929141989659
-0.4330127018922192   -14.5   1.059365117608984
1.2990381056766582   14.5   1.0593651176089796
2.1650635094610964   14.0   0.4331929141989647
2.1650635094610964   13.0   1.2230326975337973
1.2990381056766582   12.5   0.7835549758162677
1.2990381056766582   11.5   1.2051992142082792
2.1650635094610964   11.0   1.0547375642713583
2.1650635094610964   10.0   1.0818339290902457
1.2990381056766582   9.5   1.167305548866299
1.2990381056766582   8.5   0.9481432711399054
2.1650635094610964   8.0   1.1372936251345311
2.1650635094610964   7.0   0.8671917233865368
1.2990381056766582   6.5   1.0349942992126109
1.2990381056766582   5.5   0.8536482097272036
2.1650635094610964   5.0   0.9353461422717404
2.1650635094610964   4.0   0.8835672545510707
1.2990381056766582   3.5   0.8832913091758261
1.2990381056766582   2.5   0.9181968291374267
2.1650635094610964   2.0   0.8832732240307624
2.1650635094610964   1.0   0.9283933580976225
1.2990381056766582   0.5   0.9096881925144509
1.2990381056766582   -0.5   0.9096881925144562
2.1650635094610964   -1.0   0.9283933580976187
2.1650635094610964   -2.0   0.8832732240307699
1.2990381056766582   -2.5   0.9181968291374322
1.2990381056766582   -3.5   0.8832913091758254
2.1650635094610964   -4.0   0.883567254551078
2.1650635094610964   -5.0   0.9353461422717332
1.2990381056766582   -5.5   0.8536482097272053
1.2990381056766582   -6.5   1.0349942992126078
2.1650635094610964   -7.0   0.8671917233865347
2.1650635094610964   -8.0   1.137293625134529
1.2990381056766582   -8.5   0.9481432711399016
1.2990381056766582   -9.5   1.1673055488663002
2.1650635094610964   -10.0   1.081833929090245
2.1650635094610964   -11.0   1.0547375642713612
1.2990381056766582   -11.5   1.2051992142082786
1.2990381056766582   -12.5   0.7835549758162751
2.1650635094610964   -13.0   1.2230326975338053
2.1650635094610964   -14.0   0.4331929141989659
1.2990381056766582   -14.5   1.059365117608984
