# x,  y, local density of states
-2.1650635094610964   14.5   1.3433584666747413
-1.2990381056766578   14.0   0.1609025045121722
-1.2990381056766578   13.0   0.2676630119324188
-2.1650635094610964   12.5   0.21074406105326535
-2.1650635094610964   11.5   0.2728735401659925
-1.2990381056766578   11.0   0.239554889735075
-1.2990381056766578   10.0   0.275604729891532
-2.1650635094610964   9.5   0.256297140487654
-2.1650635094610964   8.5   0.277024190806095
-1.2990381056766578   8.0   0.2659709048417497
-1.2990381056766578   7.0   0.27774940381225466
-2.1650635094610964   6.5   0.2715063951409281
-2.1650635094610964   5.5   0.2781038062285509
-1.2990381056766578   5.0   0.2746395987559732
-1.2990381056766578   4.0   0.2782508115965332
-2.1650635094610964   3.5   0.2763930408205356
-2.1650635094610964   2.5   0.27826280046879426
-1.2990381056766578   2.0   0.2773615514023155
-1.2990381056766578   1.0   0.2781532374510035
-2.1650635094610964   0.5   0.27788529079549285
-2.1650635094610964   -0.5   0.27788529079549357
-1.2990381056766578   -1.0   0.2781532374510026
-1.2990381056766578   -2.0   0.277361551402317
-2.1650635094610964   -2.5   0.27826280046879515
-2.1650635094610964   -3.5   0.27639304082053545
-1.2990381056766578   -4.0   0.27825081159653464
-1.2990381056766578   -5.0   0.27463959875597216
-2.1650635094610964   -5.5   0.27810380622855135
-2.1650635094610964   -6.5   0.2715063951409275
-1.2990381056766578   -7.0   0.27774940381225455
-1.2990381056766578   -8.0   0.265970904841749
-2.1650635094610964   -8.5   0.27702419080609475
-2.1650635094610964   -9.5   0.25629714048765345
-1.2990381056766578   -10.0   0.27560472989153173
-1.2990381056766578   -11.0   0.23955488973507455
-2.1650635094610964   -11.5   0.2728735401659919
-2.1650635094610964   -12.5   0.21074406105326576
-1.2990381056766578   -13.0   0.2676630119324188
-1.2990381056766578   -14.0   0.16090250451217214
-2.1650635094610964   -14.5   1.3433584666747413
-0.4330127018922192   14.5   1.3433584666747413
0.4330127018922194   14.0   0.1609025045121722
0.4330127018922194   13.0   0.2676630119324188
-0.4330127018922192   12.5   0.21074406105326535
-0.4330127018922192   11.5   0.2728735401659925
0.4330127018922194   11.0   0.239554889735075
0.4330127018922194   10.0   0.275604729891532
-0.4330127018922192   9.5   0.256297140487654
-0.4330127018922192   8.5   0.277024190806095
0.4330127018922194   8.0   0.2659709048417497
0.4330127018922194   7.0   0.27774940381225466
-0.4330127018922192   6.5   0.2715063951409281
-0.4330127018922192   5.5   0.2781038062285509
0.4330127018922194   5.0   0.2746395987559732
0.4330127018922194   4.0   0.2782508115965332
-0.4330127018922192   3.5   0.2763930408205356
-0.4330127018922192   2.5   0.27826280046879426
0.4330127018922194   2.0   0.2773615514023155
0.4330127018922194   1.0   0.2781532374510035
-0.4330127018922192   0.5   0.27788529079549285
-0.4330127018922192   -0.5   0.27788529079549357
0.4330127018922194   -1.0   0.2781532374510026
0.4330127018922194   -2.0   0.277361551402317
-0.4330127018922192   -2.5   0.27826280046879515
-0.4330127018922192   -3.5   0.27639304082053545
0.4330127018922194   -4.0   0.27825081159653464
0.4330127018922194   -5.0   0.27463959875597216
-0.4330127018922192   -5.5   0.27810380622855135
-0.4330127018922192   -6.5   0.2715063951409275
0.4330127018922194   -7.0   0.27774940381225455
0.4330127018922194   -8.0   0.265970904841749
-0.4330127018922192   -8.5   0.27702419080609475
-0.4330127018922192   -9.5   0.25629714048765345
0.4330127018922194   -10.0   0.27560472989153173
0.4330127018922194   -11.0   0.23955488973507455
-0.4330127018922192   -11.5   0.2728735401659919
-0.4330127018922192   -12.5   0.21074406105326576
0.4330127018922194   -13.0   0.2676630119324188
0.4330127018922194   -14.0   0.16090250451217214
-0.4330127018922192   -14.5   1.3433584666747413
1.2990381056766582   14.5   1.3433584666747413
2.1650635094610964   14.0   0.1609025045121722
2.1650635094610964   13.0   0.2676630119324188
1.2990381056766582   12.5   0.21074406105326535
1.2990381056766582   11.5   0.2728735401659925
2.1650635094610964   11.0   0.239554889735075
2.1650635094610964   10.0   0.275604729891532
1.2990381056766582   9.5   0.256297140487654
1.2990381056766582   8.5   0.277024190806095
2.1650635094610964   8.0   0.2659709048417497
2.1650635094610964   7.0   0.27774940381225466
1.2990381056766582   6.5   0.2715063951409281
1.2990381056766582   5.5   0.2781038062285509
2.1650635094610964   5.0   0.2746395987559732
2.1650635094610964   4.0   0.2782508115965332
1.2990381056766582   3.5   0.2763930408205356
1.2990381056766582   2.5   0.27826280046879426
2.1650635094610964   2.0   0.2773615514023155
2.1650635094610964   1.0   0.2781532374510035
1.2990381056766582   0.5   0.27788529079549285
1.2990381056766582   -0.5   0.27788529079549357
2.1650635094610964   -1.0   0.2781532374510026
2.1650635094610964   -2.0   0.277361551402317
1.2990381056766582   -2.5   0.27826280046879515
1.2990381056766582   -3.5   0.27639304082053545
2.1650635094610964   -4.0   0.27825081159653464
2.1650635094610964   -5.0   0.27463959875597216
1.2990381056766582   -5.5   0.27810380622855135
1.2990381056766582   -6.5   0.2715063951409275
2.1650635094610964   -7.0   0.27774940381225455
2.1650635094610964   -8.0   0.265970904841749
1.2990381056766582   -8.5   0.27702419080609475
1.2990381056766582   -9.5   0.25629714048765345
2.1650635094610964   -10.0   0.27560472989153173
2.1650635094610964   -11.0   0.23955488973507455
1.2990381056766582   -11.5   0.2728735401659919
1.2990381056766582   -12.5   0.21074406105326576
2.1650635094610964   -13.0   0.2676630119324188
2.1650635094610964   -14.0   0.16090250451217214
1.2990381056766582   -14.5   1.3433584666747413
