# x,  y, local density of states
-2.1650635094610964   14.5   1.2542110924397811
-1.2990381056766578   14.0   1.2251962073688902
-1.2990381056766578   13.0   1.7622601004148821
-2.1650635094610964   12.5   1.760715727305974
-2.1650635094610964   11.5   1.355494902380626
-1.2990381056766578   11.0   1.788199437438926
-1.2990381056766578   10.0   1.2196589539412455
-2.1650635094610964   9.5   1.471772985962247
-2.1650635094610964   8.5   1.4067612091363104
-1.2990381056766578   8.0   1.273083426652839
-1.2990381056766578   7.0   1.6131984678504985
-2.1650635094610964   6.5   1.3594511745725284
-2.1650635094610964   5.5   1.6298371615687244
-1.2990381056766578   5.0   1.5437626554645618
-1.2990381056766578   4.0   1.5131546029155791
-2.1650635094610964   3.5   1.616195274336326
-2.1650635094610964   2.5   1.413519837610949
-1.2990381056766578   2.0   1.5565231408407922
-1.2990381056766578   1.0   1.3992829714597605
-2.1650635094610964   0.5   1.4592671703910278
-2.1650635094610964   -0.5   1.4592671703910272
-1.2990381056766578   -1.0   1.3992829714597605
-1.2990381056766578   -2.0   1.5565231408407956
-2.1650635094610964   -2.5   1.41351983761095
-2.1650635094610964   -3.5   1.6161952743363255
-1.2990381056766578   -4.0   1.5131546029155807
-1.2990381056766578   -5.0   1.5437626554645594
-2.1650635094610964   -5.5   1.6298371615687195
-2.1650635094610964   -6.5   1.3594511745725297
-1.2990381056766578   -7.0   1.6131984678504927
-1.2990381056766578   -8.0   1.2730834266528421
-2.1650635094610964   -8.5   1.406761209136309
-2.1650635094610964   -9.5   1.4717729859622475
-1.2990381056766578   -10.0   1.2196589539412468
-1.2990381056766578   -11.0   1.788199437438921
-2.1650635094610964   -11.5   1.3554949023806255
-2.1650635094610964   -12.5   1.7607157273059721
-1.2990381056766578   -13.0   1.7622601004148768
-1.2990381056766578   -14.0   1.2251962073688913
-2.1650635094610964   -14.5   1.2542110924397818
-0.4330127018922192   14.5   1.2542110924397811
0.4330127018922194   14.0   1.2251962073688902
0.4330127018922194   13.0   1.7622601004148821
-0.4330127018922192   12.5   1.760715727305974
-0.4330127018922192   11.5   1.355494902380626
0.4330127018922194   11.0   1.788199437438926
0.4330127018922194   10.0   1.2196589539412455
-0.4330127018922192   9.5   1.471772985962247
-0.4330127018922192   8.5   1.4067612091363104
0.4330127018922194   8.0   1.273083426652839
0.4330127018922194   7.0   1.6131984678504985
-0.4330127018922192   6.5   1.3594511745725284
-0.4330127018922192   5.5   1.6298371615687244
0.4330127018922194   5.0   1.5437626554645618
0.4330127018922194   4.0   1.5131546029155791
-0.4330127018922192   3.5   1.616195274336326
-0.4330127018922192   2.5   1.413519837610949
0.4330127018922194   2.0   1.5565231408407922
0.4330127018922194   1.0   1.3992829714597605
-0.4330127018922192   0.5   1.4592671703910278
-0.4330127018922192   -0.5   1.4592671703910272
0.4330127018922194   -1.0   1.3992829714597605
0.4330127018922194   -2.0   1.5565231408407956
-0.4330127018922192   -2.5   1.41351983761095
-0.4330127018922192   -3.5   1.6161952743363255
0.4330127018922194   -4.0   1.5131546029155807
0.4330127018922194   -5.0   1.5437626554645594
-0.4330127018922192   -5.5   1.6298371615687195
-0.4330127018922192   -6.5   1.3594511745725297
0.4330127018922194   -7.0   1.6131984678504927
0.4330127018922194   -8.0   1.2730834266528421
-0.4330127018922192   -8.5   1.406761209136309
-0.4330127018922192   -9.5   1.4717729859622475
0.4330127018922194   -10.0   1.2196589539412468
0.4330127018922194   -11.0   1.788199437438921
-0.4330127018922192   -11.5   1.3554949023806255
-0.4330127018922192   -12.5   1.7607157273059721
0.4330127018922194   -13.0   1.7622601004148768
0.4330127018922194   -14.0   1.2251962073688913
-0.4330127018922192   -14.5   1.2542110924397818
1.2990381056766582   14.5   1.2542110924397811
2.1650635094610964   14.0   1.2251962073688902
2.1650635094610964   13.0   1.7622601004148821
1.2990381056766582   12.5   1.760715727305974
1.2990381056766582   11.5   1.355494902380626
2.1650635094610964   11.0   1.788199437438926
2.1650635094610964   10.0   1.2196589539412455
1.2990381056766582   9.5   1.471772985962247
1.2990381056766582   8.5   1.4067612091363104
2.1650635094610964   8.0   1.273083426652839
2.1650635094610964   7.0   1.6131984678504985
1.2990381056766582   6.5   1.3594511745725284
1.2990381056766582   5.5   1.6298371615687244
2.1650635094610964   5.0   1.5437626554645618
2.1650635094610964   4.0   1.5131546029155791
1.2990381056766582   3.5   1.616195274336326
1.2990381056766582   2.5   1.413519837610949
2.1650635094610964   2.0   1.5565231408407922
2.1650635094610964   1.0   1.3992829714597605
1.2990381056766582   0.5   1.4592671703910278
1.2990381056766582   -0.5   1.4592671703910272
2.1650635094610964   -1.0   1.3992829714597605
2.1650635094610964   -2.0   1.5565231408407956
1.2990381056766582   -2.5   1.41351983761095
1.2990381056766582   -3.5   1.6161952743363255
2.1650635094610964   -4.0   1.5131546029155807
2.1650635094610964   -5.0   1.5437626554645594
1.2990381056766582   -5.5   1.6298371615687195
1.2990381056766582   -6.5   1.3594511745725297
2.1650635094610964   -7.0   1.6131984678504927
2.1650635094610964   -8.0   1.2730834266528421
1.2990381056766582   -8.5   1.406761209136309
1.2990381056766582   -9.5   1.4717729859622475
2.1650635094610964   -10.0   1.2196589539412468
2.1650635094610964   -11.0   1.788199437438921
1.2990381056766582   -11.5   1.3554949023806255
1.2990381056766582   -12.5   1.7607157273059721
2.1650635094610964   -13.0   1.7622601004148768
2.1650635094610964   -14.0   1.2251962073688913
1.2990381056766582   -14.5   1.2542110924397818
