# x,  y, local density of states
-2.1650635094610964   14.5   0.9087362427037771
-1.2990381056766578   14.0   0.30550547093722247
-1.2990381056766578   13.0   0.9314477492166966
-2.1650635094610964   12.5   0.5322423947658754
-2.1650635094610964   11.5   1.018740234322847
-1.2990381056766578   11.0   0.7392097071108005
-1.2990381056766578   10.0   1.042167165609281
-2.1650635094610964   9.5   0.8911210549980269
-2.1650635094610964   8.5   1.0242632762308213
-1.2990381056766578   8.0   0.9791547602065669
-1.2990381056766578   7.0   0.9867215530823643
-2.1650635094610964   6.5   1.0116970169503094
-2.1650635094610964   5.5   0.9465607659931629
-1.2990381056766578   5.0   1.005226185001154
-1.2990381056766578   4.0   0.9150698031182888
-2.1650635094610964   3.5   0.9775263462487399
-2.1650635094610964   2.5   0.8984048286488937
-1.2990381056766578   2.0   0.9437862178037957
-1.2990381056766578   1.0   0.8987375470732082
-2.1650635094610964   0.5   0.9151386477244805
-2.1650635094610964   -0.5   0.9151386477244866
-1.2990381056766578   -1.0   0.898737547073204
-1.2990381056766578   -2.0   0.943786217803806
-2.1650635094610964   -2.5   0.8984048286489007
-2.1650635094610964   -3.5   0.9775263462487402
-1.2990381056766578   -4.0   0.9150698031182983
-1.2990381056766578   -5.0   1.0052261850011468
-2.1650635094610964   -5.5   0.9465607659931659
-2.1650635094610964   -6.5   1.0116970169503037
-1.2990381056766578   -7.0   0.9867215530823628
-1.2990381056766578   -8.0   0.9791547602065596
-2.1650635094610964   -8.5   1.0242632762308173
-2.1650635094610964   -9.5   0.8911210549980222
-1.2990381056766578   -10.0   1.0421671656092766
-1.2990381056766578   -11.0   0.7392097071107979
-2.1650635094610964   -11.5   1.0187402343228404
-2.1650635094610964   -12.5   0.5322423947658781
-1.2990381056766578   -13.0   0.9314477492166964
-1.2990381056766578   -14.0   0.3055054709372223
-2.1650635094610964   -14.5   0.9087362427037757
-0.4330127018922192   14.5   0.9087362427037771
0.4330127018922194   14.0   0.30550547093722247
0.4330127018922194   13.0   0.9314477492166966
-0.4330127018922192   12.5   0.5322423947658754
-0.4330127018922192   11.5   1.018740234322847
0.4330127018922194   11.0   0.7392097071108005
0.4330127018922194   10.0   1.042167165609281
-0.4330127018922192   9.5   0.8911210549980269
-0.4330127018922192   8.5   1.0242632762308213
0.4330127018922194   8.0   0.9791547602065669
0.4330127018922194   7.0   0.9867215530823643
-0.4330127018922192   6.5   1.0116970169503094
-0.4330127018922192   5.5   0.9465607659931629
0.4330127018922194   5.0   1.005226185001154
0.4330127018922194   4.0   0.9150698031182888
-0.4330127018922192   3.5   0.9775263462487399
-0.4330127018922192   2.5   0.8984048286488937
0.4330127018922194   2.0   0.9437862178037957
0.4330127018922194   1.0   0.8987375470732082
-0.4330127018922192   0.5   0.9151386477244805
-0.4330127018922192   -0.5   0.9151386477244866
0.4330127018922194   -1.0   0.898737547073204
0.4330127018922194   -2.0   0.943786217803806
-0.4330127018922192   -2.5   0.8984048286489007
-0.4330127018922192   -3.5   0.9775263462487402
0.4330127018922194   -4.0   0.9150698031182983
0.4330127018922194   -5.0   1.0052261850011468
-0.4330127018922192   -5.5   0.9465607659931659
-0.4330127018922192   -6.5   1.0116970169503037
0.4330127018922194   -7.0   0.9867215530823628
0.4330127018922194   -8.0   0.9791547602065596
-0.4330127018922192   -8.5   1.0242632762308173
-0.4330127018922192   -9.5   0.8911210549980222
0.4330127018922194   -10.0   1.0421671656092766
0.4330127018922194   -11.0   0.7392097071107979
-0.4330127018922192   -11.5   1.0187402343228404
-0.4330127018922192   -12.5   0.5322423947658781
0.4330127018922194   -13.0   0.9314477492166964
0.4330127018922194   -14.0   0.3055054709372223
-0.4330127018922192   -14.5   0.9087362427037757
1.2990381056766582   14.5   0.9087362427037771
2.1650635094610964   14.0   0.30550547093722247
2.1650635094610964   13.0   0.9314477492166966
1.2990381056766582   12.5   0.5322423947658754
1.2990381056766582   11.5   1.018740234322847
2.1650635094610964   11.0   0.7392097071108005
2.1650635094610964   10.0   1.042167165609281
1.2990381056766582   9.5   0.8911210549980269
1.2990381056766582   8.5   1.0242632762308213
2.1650635094610964   8.0   0.9791547602065669
2.1650635094610964   7.0   0.9867215530823643
1.2990381056766582   6.5   1.0116970169503094
1.2990381056766582   5.5   0.9465607659931629
2.1650635094610964   5.0   1.005226185001154
2.1650635094610964   4.0   0.9150698031182888
1.2990381056766582   3.5   0.9775263462487399
1.2990381056766582   2.5   0.8984048286488937
2.1650635094610964   2.0   0.9437862178037957
2.1650635094610964   1.0   0.8987375470732082
1.2990381056766582   0.5   0.9151386477244805
1.2990381056766582   -0.5   0.9151386477244866
2.1650635094610964   -1.0   0.898737547073204
2.1650635094610964   -2.0   0.943786217803806
1.2990381056766582   -2.5   0.8984048286489007
1.2990381056766582   -3.5   0.9775263462487402
2.1650635094610964   -4.0   0.9150698031182983
2.1650635094610964   -5.0   1.0052261850011468
1.2990381056766582   -5.5   0.9465607659931659
1.2990381056766582   -6.5   1.0116970169503037
2.1650635094610964   -7.0   0.9867215530823628
2.1650635094610964   -8.0   0.9791547602065596
1.2990381056766582   -8.5   1.0242632762308173
1.2990381056766582   -9.5   0.8911210549980222
2.1650635094610964   -10.0   1.0421671656092766
2.1650635094610964   -11.0   0.7392097071107979
1.2990381056766582   -11.5   1.0187402343228404
1.2990381056766582   -12.5   0.5322423947658781
2.1650635094610964   -13.0   0.9314477492166964
2.1650635094610964   -14.0   0.3055054709372223
1.2990381056766582   -14.5   0.9087362427037757
