# x,  y, local density of states
-2.1650635094610964   14.5   1.3245829646237341
-1.2990381056766578   14.0   2.1689284648951865
-1.2990381056766578   13.0   2.525559047580071
-2.1650635094610964   12.5   2.7268232511924135
-2.1650635094610964   11.5   2.091798475065782
-1.2990381056766578   11.0   2.5595096476739374
-1.2990381056766578   10.0   2.197338614245627
-2.1650635094610964   9.5   2.170440542783421
-2.1650635094610964   8.5   2.5480660390582894
-1.2990381056766578   8.0   2.1979001286901045
-1.2990381056766578   7.0   2.586894546588853
-2.1650635094610964   6.5   2.497877772819293
-2.1650635094610964   5.5   2.3498360134133622
-1.2990381056766578   5.0   2.573370666390088
-1.2990381056766578   4.0   2.260611387877777
-2.1650635094610964   3.5   2.375759970948647
-2.1650635094610964   2.5   2.4262823401208937
-1.2990381056766578   2.0   2.2706377745016084
-1.2990381056766578   1.0   2.5396213788571576
-2.1650635094610964   0.5   2.4127576839903884
-2.1650635094610964   -0.5   2.412757683990377
-1.2990381056766578   -1.0   2.5396213788571558
-1.2990381056766578   -2.0   2.2706377745016013
-2.1650635094610964   -2.5   2.4262823401208875
-2.1650635094610964   -3.5   2.375759970948642
-1.2990381056766578   -4.0   2.2606113878777707
-1.2990381056766578   -5.0   2.573370666390084
-2.1650635094610964   -5.5   2.349836013413357
-2.1650635094610964   -6.5   2.497877772819296
-1.2990381056766578   -7.0   2.5868945465888533
-1.2990381056766578   -8.0   2.1979001286901063
-2.1650635094610964   -8.5   2.5480660390582965
-2.1650635094610964   -9.5   2.1704405427834157
-1.2990381056766578   -10.0   2.197338614245633
-1.2990381056766578   -11.0   2.559509647673929
-2.1650635094610964   -11.5   2.0917984750657794
-2.1650635094610964   -12.5   2.726823251192422
-1.2990381056766578   -13.0   2.5255590475800753
-1.2990381056766578   -14.0   2.1689284648951874
-2.1650635094610964   -14.5   1.3245829646237364
-0.4330127018922192   14.5   1.3245829646237341
0.4330127018922194   14.0   2.1689284648951865
0.4330127018922194   13.0   2.525559047580071
-0.4330127018922192   12.5   2.7268232511924135
-0.4330127018922192   11.5   2.091798475065782
0.4330127018922194   11.0   2.5595096476739374
0.4330127018922194   10.0   2.197338614245627
-0.4330127018922192   9.5   2.170440542783421
-0.4330127018922192   8.5   2.5480660390582894
0.4330127018922194   8.0   2.1979001286901045
0.4330127018922194   7.0   2.586894546588853
-0.4330127018922192   6.5   2.497877772819293
-0.4330127018922192   5.5   2.3498360134133622
0.4330127018922194   5.0   2.573370666390088
0.4330127018922194   4.0   2.260611387877777
-0.4330127018922192   3.5   2.375759970948647
-0.4330127018922192   2.5   2.4262823401208937
0.4330127018922194   2.0   2.2706377745016084
0.4330127018922194   1.0   2.5396213788571576
-0.4330127018922192   0.5   2.4127576839903884
-0.4330127018922192   -0.5   2.412757683990377
0.4330127018922194   -1.0   2.5396213788571558
0.4330127018922194   -2.0   2.2706377745016013
-0.4330127018922192   -2.5   2.4262823401208875
-0.4330127018922192   -3.5   2.375759970948642
0.4330127018922194   -4.0   2.2606113878777707
0.4330127018922194   -5.0   2.573370666390084
-0.4330127018922192   -5.5   2.349836013413357
-0.4330127018922192   -6.5   2.497877772819296
0.4330127018922194   -7.0   2.5868945465888533
0.4330127018922194   -8.0   2.1979001286901063
-0.4330127018922192   -8.5   2.5480660390582965
-0.4330127018922192   -9.5   2.1704405427834157
0.4330127018922194   -10.0   2.197338614245633
0.4330127018922194   -11.0   2.559509647673929
-0.4330127018922192   -11.5   2.0917984750657794
-0.4330127018922192   -12.5   2.726823251192422
0.4330127018922194   -13.0   2.5255590475800753
0.4330127018922194   -14.0   2.1689284648951874
-0.4330127018922192   -14.5   1.3245829646237364
1.2990381056766582   14.5   1.3245829646237341
2.1650635094610964   14.0   2.1689284648951865
2.1650635094610964   13.0   2.525559047580071
1.2990381056766582   12.5   2.7268232511924135
1.2990381056766582   11.5   2.091798475065782
2.1650635094610964   11.0   2.5595096476739374
2.1650635094610964   10.0   2.197338614245627
1.2990381056766582   9.5   2.170440542783421
1.2990381056766582   8.5   2.5480660390582894
2.1650635094610964   8.0   2.1979001286901045
2.1650635094610964   7.0   2.586894546588853
1.2990381056766582   6.5   2.497877772819293
1.2990381056766582   5.5   2.3498360134133622
2.1650635094610964   5.0   2.573370666390088
2.1650635094610964   4.0   2.260611387877777
1.2990381056766582   3.5   2.375759970948647
1.2990381056766582   2.5   2.4262823401208937
2.1650635094610964   2.0   2.2706377745016084
2.1650635094610964   1.0   2.5396213788571576
1.2990381056766582   0.5   2.4127576839903884
1.2990381056766582   -0.5   2.412757683990377
2.1650635094610964   -1.0   2.5396213788571558
2.1650635094610964   -2.0   2.2706377745016013
1.2990381056766582   -2.5   2.4262823401208875
1.2990381056766582   -3.5   2.375759970948642
2.1650635094610964   -4.0   2.2606113878777707
2.1650635094610964   -5.0   2.573370666390084
1.2990381056766582   -5.5   2.349836013413357
1.2990381056766582   -6.5   2.497877772819296
2.1650635094610964   -7.0   2.5868945465888533
2.1650635094610964   -8.0   2.1979001286901063
1.2990381056766582   -8.5   2.5480660390582965
1.2990381056766582   -9.5   2.1704405427834157
2.1650635094610964   -10.0   2.197338614245633
2.1650635094610964   -11.0   2.559509647673929
1.2990381056766582   -11.5   2.0917984750657794
1.2990381056766582   -12.5   2.726823251192422
2.1650635094610964   -13.0   2.5255590475800753
2.1650635094610964   -14.0   2.1689284648951874
1.2990381056766582   -14.5   1.3245829646237364
