# x,  y, local density of states
-2.1650635094610964   14.5   1.2821636510285495
-1.2990381056766578   14.0   1.8464658628184916
-1.2990381056766578   13.0   2.234511924333807
-2.1650635094610964   12.5   2.387024278572187
-2.1650635094610964   11.5   1.812932665048219
-1.2990381056766578   11.0   2.2667561687305327
-1.2990381056766578   10.0   1.859936837060351
-2.1650635094610964   9.5   1.8977230770576705
-2.1650635094610964   8.5   2.171069373980627
-1.2990381056766578   8.0   1.871195411564988
-1.2990381056766578   7.0   2.249487725670803
-2.1650635094610964   6.5   2.122364459570072
-2.1650635094610964   5.5   2.0679924911572662
-1.2990381056766578   5.0   2.2242809172723472
-1.2990381056766578   4.0   1.9697555253094392
-2.1650635094610964   3.5   2.084984307670143
-2.1650635094610964   2.5   2.078400252909824
-1.2990381056766578   2.0   1.9870628231316898
-1.2990381056766578   1.0   2.16612683811021
-2.1650635094610964   0.5   2.078261091765393
-2.1650635094610964   -0.5   2.078261091765383
-1.2990381056766578   -1.0   2.1661268381102077
-1.2990381056766578   -2.0   1.987062823131684
-2.1650635094610964   -2.5   2.0784002529098182
-2.1650635094610964   -3.5   2.0849843076701378
-1.2990381056766578   -4.0   1.9697555253094325
-1.2990381056766578   -5.0   2.2242809172723437
-2.1650635094610964   -5.5   2.06799249115726
-2.1650635094610964   -6.5   2.122364459570075
-1.2990381056766578   -7.0   2.249487725670803
-1.2990381056766578   -8.0   1.8711954115649898
-2.1650635094610964   -8.5   2.171069373980633
-2.1650635094610964   -9.5   1.8977230770576647
-1.2990381056766578   -10.0   1.8599368370603568
-1.2990381056766578   -11.0   2.2667561687305233
-2.1650635094610964   -11.5   1.8129326650482156
-2.1650635094610964   -12.5   2.3870242785721936
-1.2990381056766578   -13.0   2.23451192433381
-1.2990381056766578   -14.0   1.8464658628184918
-2.1650635094610964   -14.5   1.28216365102855
-0.4330127018922192   14.5   1.2821636510285495
0.4330127018922194   14.0   1.8464658628184916
0.4330127018922194   13.0   2.234511924333807
-0.4330127018922192   12.5   2.387024278572187
-0.4330127018922192   11.5   1.812932665048219
0.4330127018922194   11.0   2.2667561687305327
0.4330127018922194   10.0   1.859936837060351
-0.4330127018922192   9.5   1.8977230770576705
-0.4330127018922192   8.5   2.171069373980627
0.4330127018922194   8.0   1.871195411564988
0.4330127018922194   7.0   2.249487725670803
-0.4330127018922192   6.5   2.122364459570072
-0.4330127018922192   5.5   2.0679924911572662
0.4330127018922194   5.0   2.2242809172723472
0.4330127018922194   4.0   1.9697555253094392
-0.4330127018922192   3.5   2.084984307670143
-0.4330127018922192   2.5   2.078400252909824
0.4330127018922194   2.0   1.9870628231316898
0.4330127018922194   1.0   2.16612683811021
-0.4330127018922192   0.5   2.078261091765393
-0.4330127018922192   -0.5   2.078261091765383
0.4330127018922194   -1.0   2.1661268381102077
0.4330127018922194   -2.0   1.987062823131684
-0.4330127018922192   -2.5   2.0784002529098182
-0.4330127018922192   -3.5   2.0849843076701378
0.4330127018922194   -4.0   1.9697555253094325
0.4330127018922194   -5.0   2.2242809172723437
-0.4330127018922192   -5.5   2.06799249115726
-0.4330127018922192   -6.5   2.122364459570075
0.4330127018922194   -7.0   2.249487725670803
0.4330127018922194   -8.0   1.8711954115649898
-0.4330127018922192   -8.5   2.171069373980633
-0.4330127018922192   -9.5   1.8977230770576647
0.4330127018922194   -10.0   1.8599368370603568
0.4330127018922194   -11.0   2.2667561687305233
-0.4330127018922192   -11.5   1.8129326650482156
-0.4330127018922192   -12.5   2.3870242785721936
0.4330127018922194   -13.0   2.23451192433381
0.4330127018922194   -14.0   1.8464658628184918
-0.4330127018922192   -14.5   1.28216365102855
1.2990381056766582   14.5   1.2821636510285495
2.1650635094610964   14.0   1.8464658628184916
2.1650635094610964   13.0   2.234511924333807
1.2990381056766582   12.5   2.387024278572187
1.2990381056766582   11.5   1.812932665048219
2.1650635094610964   11.0   2.2667561687305327
2.1650635094610964   10.0   1.859936837060351
1.2990381056766582   9.5   1.8977230770576705
1.2990381056766582   8.5   2.171069373980627
2.1650635094610964   8.0   1.871195411564988
2.1650635094610964   7.0   2.249487725670803
1.2990381056766582   6.5   2.122364459570072
1.2990381056766582   5.5   2.0679924911572662
2.1650635094610964   5.0   2.2242809172723472
2.1650635094610964   4.0   1.9697555253094392
1.2990381056766582   3.5   2.084984307670143
1.2990381056766582   2.5   2.078400252909824
2.1650635094610964   2.0   1.9870628231316898
2.1650635094610964   1.0   2.16612683811021
1.2990381056766582   0.5   2.078261091765393
1.2990381056766582   -0.5   2.078261091765383
2.1650635094610964   -1.0   2.1661268381102077
2.1650635094610964   -2.0   1.987062823131684
1.2990381056766582   -2.5   2.0784002529098182
1.2990381056766582   -3.5   2.0849843076701378
2.1650635094610964   -4.0   1.9697555253094325
2.1650635094610964   -5.0   2.2242809172723437
1.2990381056766582   -5.5   2.06799249115726
1.2990381056766582   -6.5   2.122364459570075
2.1650635094610964   -7.0   2.249487725670803
2.1650635094610964   -8.0   1.8711954115649898
1.2990381056766582   -8.5   2.171069373980633
1.2990381056766582   -9.5   1.8977230770576647
2.1650635094610964   -10.0   1.8599368370603568
2.1650635094610964   -11.0   2.2667561687305233
1.2990381056766582   -11.5   1.8129326650482156
1.2990381056766582   -12.5   2.3870242785721936
2.1650635094610964   -13.0   2.23451192433381
2.1650635094610964   -14.0   1.8464658628184918
1.2990381056766582   -14.5   1.28216365102855
