# x,  y, local density of states
-2.1650635094610964   14.5   1.324582964623727
-1.2990381056766578   14.0   2.1689284648951666
-1.2990381056766578   13.0   2.5255590475800567
-2.1650635094610964   12.5   2.7268232511923927
-2.1650635094610964   11.5   2.0917984750657697
-1.2990381056766578   11.0   2.5595096476739196
-1.2990381056766578   10.0   2.1973386142456137
-2.1650635094610964   9.5   2.170440542783406
-2.1650635094610964   8.5   2.54806603905827
-1.2990381056766578   8.0   2.1979001286900886
-1.2990381056766578   7.0   2.5868945465888324
-2.1650635094610964   6.5   2.4978777728192747
-2.1650635094610964   5.5   2.3498360134133405
-1.2990381056766578   5.0   2.573370666390061
-1.2990381056766578   4.0   2.260611387877759
-2.1650635094610964   3.5   2.375759970948625
-2.1650635094610964   2.5   2.4262823401208804
-1.2990381056766578   2.0   2.270637774501589
-1.2990381056766578   1.0   2.5396213788571487
-2.1650635094610964   0.5   2.4127576839903737
-2.1650635094610964   -0.5   2.41275768399037
-1.2990381056766578   -1.0   2.5396213788571496
-1.2990381056766578   -2.0   2.270637774501594
-2.1650635094610964   -2.5   2.4262823401208795
-2.1650635094610964   -3.5   2.375759970948633
-1.2990381056766578   -4.0   2.2606113878777623
-1.2990381056766578   -5.0   2.5733706663900673
-2.1650635094610964   -5.5   2.3498360134133436
-2.1650635094610964   -6.5   2.49787777281928
-1.2990381056766578   -7.0   2.586894546588835
-1.2990381056766578   -8.0   2.197900128690093
-2.1650635094610964   -8.5   2.548066039058273
-2.1650635094610964   -9.5   2.1704405427834113
-1.2990381056766578   -10.0   2.1973386142456164
-1.2990381056766578   -11.0   2.5595096476739227
-2.1650635094610964   -11.5   2.0917984750657714
-2.1650635094610964   -12.5   2.7268232511923993
-1.2990381056766578   -13.0   2.5255590475800576
-1.2990381056766578   -14.0   2.1689284648951705
-2.1650635094610964   -14.5   1.324582964623736
-0.4330127018922192   14.5   1.324582964623727
0.4330127018922194   14.0   2.1689284648951666
0.4330127018922194   13.0   2.5255590475800567
-0.4330127018922192   12.5   2.7268232511923927
-0.4330127018922192   11.5   2.0917984750657697
0.4330127018922194   11.0   2.5595096476739196
0.4330127018922194   10.0   2.1973386142456137
-0.4330127018922192   9.5   2.170440542783406
-0.4330127018922192   8.5   2.54806603905827
0.4330127018922194   8.0   2.1979001286900886
0.4330127018922194   7.0   2.5868945465888324
-0.4330127018922192   6.5   2.4978777728192747
-0.4330127018922192   5.5   2.3498360134133405
0.4330127018922194   5.0   2.573370666390061
0.4330127018922194   4.0   2.260611387877759
-0.4330127018922192   3.5   2.375759970948625
-0.4330127018922192   2.5   2.4262823401208804
0.4330127018922194   2.0   2.270637774501589
0.4330127018922194   1.0   2.5396213788571487
-0.4330127018922192   0.5   2.4127576839903737
-0.4330127018922192   -0.5   2.41275768399037
0.4330127018922194   -1.0   2.5396213788571496
0.4330127018922194   -2.0   2.270637774501594
-0.4330127018922192   -2.5   2.4262823401208795
-0.4330127018922192   -3.5   2.375759970948633
0.4330127018922194   -4.0   2.2606113878777623
0.4330127018922194   -5.0   2.5733706663900673
-0.4330127018922192   -5.5   2.3498360134133436
-0.4330127018922192   -6.5   2.49787777281928
0.4330127018922194   -7.0   2.586894546588835
0.4330127018922194   -8.0   2.197900128690093
-0.4330127018922192   -8.5   2.548066039058273
-0.4330127018922192   -9.5   2.1704405427834113
0.4330127018922194   -10.0   2.1973386142456164
0.4330127018922194   -11.0   2.5595096476739227
-0.4330127018922192   -11.5   2.0917984750657714
-0.4330127018922192   -12.5   2.7268232511923993
0.4330127018922194   -13.0   2.5255590475800576
0.4330127018922194   -14.0   2.1689284648951705
-0.4330127018922192   -14.5   1.324582964623736
1.2990381056766582   14.5   1.324582964623727
2.1650635094610964   14.0   2.1689284648951666
2.1650635094610964   13.0   2.5255590475800567
1.2990381056766582   12.5   2.7268232511923927
1.2990381056766582   11.5   2.0917984750657697
2.1650635094610964   11.0   2.5595096476739196
2.1650635094610964   10.0   2.1973386142456137
1.2990381056766582   9.5   2.170440542783406
1.2990381056766582   8.5   2.54806603905827
2.1650635094610964   8.0   2.1979001286900886
2.1650635094610964   7.0   2.5868945465888324
1.2990381056766582   6.5   2.4978777728192747
1.2990381056766582   5.5   2.3498360134133405
2.1650635094610964   5.0   2.573370666390061
2.1650635094610964   4.0   2.260611387877759
1.2990381056766582   3.5   2.375759970948625
1.2990381056766582   2.5   2.4262823401208804
2.1650635094610964   2.0   2.270637774501589
2.1650635094610964   1.0   2.5396213788571487
1.2990381056766582   0.5   2.4127576839903737
1.2990381056766582   -0.5   2.41275768399037
2.1650635094610964   -1.0   2.5396213788571496
2.1650635094610964   -2.0   2.270637774501594
1.2990381056766582   -2.5   2.4262823401208795
1.2990381056766582   -3.5   2.375759970948633
2.1650635094610964   -4.0   2.2606113878777623
2.1650635094610964   -5.0   2.5733706663900673
1.2990381056766582   -5.5   2.3498360134133436
1.2990381056766582   -6.5   2.49787777281928
2.1650635094610964   -7.0   2.586894546588835
2.1650635094610964   -8.0   2.197900128690093
1.2990381056766582   -8.5   2.548066039058273
1.2990381056766582   -9.5   2.1704405427834113
2.1650635094610964   -10.0   2.1973386142456164
2.1650635094610964   -11.0   2.5595096476739227
1.2990381056766582   -11.5   2.0917984750657714
1.2990381056766582   -12.5   2.7268232511923993
2.1650635094610964   -13.0   2.5255590475800576
2.1650635094610964   -14.0   2.1689284648951705
1.2990381056766582   -14.5   1.324582964623736
