# x,  y, local density of states
-2.1650635094610964   14.5   1.2821636510285401
-1.2990381056766578   14.0   1.8464658628184738
-1.2990381056766578   13.0   2.2345119243337934
-2.1650635094610964   12.5   2.3870242785721656
-2.1650635094610964   11.5   1.812932665048208
-1.2990381056766578   11.0   2.266756168730513
-1.2990381056766578   10.0   1.8599368370603373
-2.1650635094610964   9.5   1.8977230770576554
-2.1650635094610964   8.5   2.1710693739806093
-1.2990381056766578   8.0   1.8711954115649734
-1.2990381056766578   7.0   2.2494877256707815
-2.1650635094610964   6.5   2.122364459570054
-2.1650635094610964   5.5   2.0679924911572467
-1.2990381056766578   5.0   2.2242809172723232
-1.2990381056766578   4.0   1.9697555253094223
-2.1650635094610964   3.5   2.084984307670123
-2.1650635094610964   2.5   2.07840025290981
-1.2990381056766578   2.0   1.9870628231316698
-1.2990381056766578   1.0   2.1661268381101992
-2.1650635094610964   0.5   2.0782610917653797
-2.1650635094610964   -0.5   2.078261091765377
-1.2990381056766578   -1.0   2.1661268381101992
-1.2990381056766578   -2.0   1.9870628231316747
-2.1650635094610964   -2.5   2.078400252909809
-2.1650635094610964   -3.5   2.084984307670129
-1.2990381056766578   -4.0   1.9697555253094245
-1.2990381056766578   -5.0   2.2242809172723277
-2.1650635094610964   -5.5   2.0679924911572467
-2.1650635094610964   -6.5   2.1223644595700586
-1.2990381056766578   -7.0   2.249487725670782
-1.2990381056766578   -8.0   1.8711954115649774
-2.1650635094610964   -8.5   2.171069373980611
-2.1650635094610964   -9.5   1.897723077057658
-1.2990381056766578   -10.0   1.8599368370603393
-1.2990381056766578   -11.0   2.2667561687305144
-2.1650635094610964   -11.5   1.8129326650482094
-2.1650635094610964   -12.5   2.387024278572171
-1.2990381056766578   -13.0   2.234511924333792
-1.2990381056766578   -14.0   1.846465862818477
-2.1650635094610964   -14.5   1.2821636510285472
-0.4330127018922192   14.5   1.2821636510285401
0.4330127018922194   14.0   1.8464658628184738
0.4330127018922194   13.0   2.2345119243337934
-0.4330127018922192   12.5   2.3870242785721656
-0.4330127018922192   11.5   1.812932665048208
0.4330127018922194   11.0   2.266756168730513
0.4330127018922194   10.0   1.8599368370603373
-0.4330127018922192   9.5   1.8977230770576554
-0.4330127018922192   8.5   2.1710693739806093
0.4330127018922194   8.0   1.8711954115649734
0.4330127018922194   7.0   2.2494877256707815
-0.4330127018922192   6.5   2.122364459570054
-0.4330127018922192   5.5   2.0679924911572467
0.4330127018922194   5.0   2.2242809172723232
0.4330127018922194   4.0   1.9697555253094223
-0.4330127018922192   3.5   2.084984307670123
-0.4330127018922192   2.5   2.07840025290981
0.4330127018922194   2.0   1.9870628231316698
0.4330127018922194   1.0   2.1661268381101992
-0.4330127018922192   0.5   2.0782610917653797
-0.4330127018922192   -0.5   2.078261091765377
0.4330127018922194   -1.0   2.1661268381101992
0.4330127018922194   -2.0   1.9870628231316747
-0.4330127018922192   -2.5   2.078400252909809
-0.4330127018922192   -3.5   2.084984307670129
0.4330127018922194   -4.0   1.9697555253094245
0.4330127018922194   -5.0   2.2242809172723277
-0.4330127018922192   -5.5   2.0679924911572467
-0.4330127018922192   -6.5   2.1223644595700586
0.4330127018922194   -7.0   2.249487725670782
0.4330127018922194   -8.0   1.8711954115649774
-0.4330127018922192   -8.5   2.171069373980611
-0.4330127018922192   -9.5   1.897723077057658
0.4330127018922194   -10.0   1.8599368370603393
0.4330127018922194   -11.0   2.2667561687305144
-0.4330127018922192   -11.5   1.8129326650482094
-0.4330127018922192   -12.5   2.387024278572171
0.4330127018922194   -13.0   2.234511924333792
0.4330127018922194   -14.0   1.846465862818477
-0.4330127018922192   -14.5   1.2821636510285472
1.2990381056766582   14.5   1.2821636510285401
2.1650635094610964   14.0   1.8464658628184738
2.1650635094610964   13.0   2.2345119243337934
1.2990381056766582   12.5   2.3870242785721656
1.2990381056766582   11.5   1.812932665048208
2.1650635094610964   11.0   2.266756168730513
2.1650635094610964   10.0   1.8599368370603373
1.2990381056766582   9.5   1.8977230770576554
1.2990381056766582   8.5   2.1710693739806093
2.1650635094610964   8.0   1.8711954115649734
2.1650635094610964   7.0   2.2494877256707815
1.2990381056766582   6.5   2.122364459570054
1.2990381056766582   5.5   2.0679924911572467
2.1650635094610964   5.0   2.2242809172723232
2.1650635094610964   4.0   1.9697555253094223
1.2990381056766582   3.5   2.084984307670123
1.2990381056766582   2.5   2.07840025290981
2.1650635094610964   2.0   1.9870628231316698
2.1650635094610964   1.0   2.1661268381101992
1.2990381056766582   0.5   2.0782610917653797
1.2990381056766582   -0.5   2.078261091765377
2.1650635094610964   -1.0   2.1661268381101992
2.1650635094610964   -2.0   1.9870628231316747
1.2990381056766582   -2.5   2.078400252909809
1.2990381056766582   -3.5   2.084984307670129
2.1650635094610964   -4.0   1.9697555253094245
2.1650635094610964   -5.0   2.2242809172723277
1.2990381056766582   -5.5   2.0679924911572467
1.2990381056766582   -6.5   2.1223644595700586
2.1650635094610964   -7.0   2.249487725670782
2.1650635094610964   -8.0   1.8711954115649774
1.2990381056766582   -8.5   2.171069373980611
1.2990381056766582   -9.5   1.897723077057658
2.1650635094610964   -10.0   1.8599368370603393
2.1650635094610964   -11.0   2.2667561687305144
1.2990381056766582   -11.5   1.8129326650482094
1.2990381056766582   -12.5   2.387024278572171
2.1650635094610964   -13.0   2.234511924333792
2.1650635094610964   -14.0   1.846465862818477
1.2990381056766582   -14.5   1.2821636510285472
