# x,  y, local density of states
-2.1650635094610964   14.5   0.9852652747270756
-1.2990381056766578   14.0   0.35211198528117704
-1.2990381056766578   13.0   1.0869869969662946
-2.1650635094610964   12.5   0.6328453557554052
-2.1650635094610964   11.5   1.156733762052859
-1.2990381056766578   11.0   0.8818624801984234
-1.2990381056766578   10.0   1.136824016529077
-2.1650635094610964   9.5   1.044568798983208
-2.1650635094610964   8.5   1.0686245013212416
-1.2990381056766578   8.0   1.1118408504172317
-1.2990381056766578   7.0   0.988711400914744
-2.1650635094610964   6.5   1.1040188507440165
-2.1650635094610964   5.5   0.9209695426362019
-1.2990381056766578   5.0   1.0527581955690826
-1.2990381056766578   4.0   0.8762059905476905
-2.1650635094610964   3.5   0.9872755697106836
-2.1650635094610964   2.5   0.8562928358005317
-1.2990381056766578   2.0   0.9275219860007855
-1.2990381056766578   1.0   0.8594135182618002
-2.1650635094610964   0.5   0.8836611126956458
-2.1650635094610964   -0.5   0.8836611126956517
-1.2990381056766578   -1.0   0.8594135182617961
-1.2990381056766578   -2.0   0.9275219860007956
-2.1650635094610964   -2.5   0.8562928358005378
-2.1650635094610964   -3.5   0.9872755697106841
-1.2990381056766578   -4.0   0.8762059905476993
-1.2990381056766578   -5.0   1.0527581955690741
-2.1650635094610964   -5.5   0.9209695426362049
-2.1650635094610964   -6.5   1.1040188507440103
-1.2990381056766578   -7.0   0.9887114009147417
-1.2990381056766578   -8.0   1.1118408504172246
-2.1650635094610964   -8.5   1.0686245013212359
-2.1650635094610964   -9.5   1.044568798983204
-1.2990381056766578   -10.0   1.1368240165290724
-1.2990381056766578   -11.0   0.8818624801984218
-2.1650635094610964   -11.5   1.1567337620528524
-2.1650635094610964   -12.5   0.632845355755409
-1.2990381056766578   -13.0   1.0869869969662962
-1.2990381056766578   -14.0   0.35211198528117693
-2.1650635094610964   -14.5   0.9852652747270751
-0.4330127018922192   14.5   0.9852652747270756
0.4330127018922194   14.0   0.35211198528117704
0.4330127018922194   13.0   1.0869869969662946
-0.4330127018922192   12.5   0.6328453557554052
-0.4330127018922192   11.5   1.156733762052859
0.4330127018922194   11.0   0.8818624801984234
0.4330127018922194   10.0   1.136824016529077
-0.4330127018922192   9.5   1.044568798983208
-0.4330127018922192   8.5   1.0686245013212416
0.4330127018922194   8.0   1.1118408504172317
0.4330127018922194   7.0   0.988711400914744
-0.4330127018922192   6.5   1.1040188507440165
-0.4330127018922192   5.5   0.9209695426362019
0.4330127018922194   5.0   1.0527581955690826
0.4330127018922194   4.0   0.8762059905476905
-0.4330127018922192   3.5   0.9872755697106836
-0.4330127018922192   2.5   0.8562928358005317
0.4330127018922194   2.0   0.9275219860007855
0.4330127018922194   1.0   0.8594135182618002
-0.4330127018922192   0.5   0.8836611126956458
-0.4330127018922192   -0.5   0.8836611126956517
0.4330127018922194   -1.0   0.8594135182617961
0.4330127018922194   -2.0   0.9275219860007956
-0.4330127018922192   -2.5   0.8562928358005378
-0.4330127018922192   -3.5   0.9872755697106841
0.4330127018922194   -4.0   0.8762059905476993
0.4330127018922194   -5.0   1.0527581955690741
-0.4330127018922192   -5.5   0.9209695426362049
-0.4330127018922192   -6.5   1.1040188507440103
0.4330127018922194   -7.0   0.9887114009147417
0.4330127018922194   -8.0   1.1118408504172246
-0.4330127018922192   -8.5   1.0686245013212359
-0.4330127018922192   -9.5   1.044568798983204
0.4330127018922194   -10.0   1.1368240165290724
0.4330127018922194   -11.0   0.8818624801984218
-0.4330127018922192   -11.5   1.1567337620528524
-0.4330127018922192   -12.5   0.632845355755409
0.4330127018922194   -13.0   1.0869869969662962
0.4330127018922194   -14.0   0.35211198528117693
-0.4330127018922192   -14.5   0.9852652747270751
1.2990381056766582   14.5   0.9852652747270756
2.1650635094610964   14.0   0.35211198528117704
2.1650635094610964   13.0   1.0869869969662946
1.2990381056766582   12.5   0.6328453557554052
1.2990381056766582   11.5   1.156733762052859
2.1650635094610964   11.0   0.8818624801984234
2.1650635094610964   10.0   1.136824016529077
1.2990381056766582   9.5   1.044568798983208
1.2990381056766582   8.5   1.0686245013212416
2.1650635094610964   8.0   1.1118408504172317
2.1650635094610964   7.0   0.988711400914744
1.2990381056766582   6.5   1.1040188507440165
1.2990381056766582   5.5   0.9209695426362019
2.1650635094610964   5.0   1.0527581955690826
2.1650635094610964   4.0   0.8762059905476905
1.2990381056766582   3.5   0.9872755697106836
1.2990381056766582   2.5   0.8562928358005317
2.1650635094610964   2.0   0.9275219860007855
2.1650635094610964   1.0   0.8594135182618002
1.2990381056766582   0.5   0.8836611126956458
1.2990381056766582   -0.5   0.8836611126956517
2.1650635094610964   -1.0   0.8594135182617961
2.1650635094610964   -2.0   0.9275219860007956
1.2990381056766582   -2.5   0.8562928358005378
1.2990381056766582   -3.5   0.9872755697106841
2.1650635094610964   -4.0   0.8762059905476993
2.1650635094610964   -5.0   1.0527581955690741
1.2990381056766582   -5.5   0.9209695426362049
1.2990381056766582   -6.5   1.1040188507440103
2.1650635094610964   -7.0   0.9887114009147417
2.1650635094610964   -8.0   1.1118408504172246
1.2990381056766582   -8.5   1.0686245013212359
1.2990381056766582   -9.5   1.044568798983204
2.1650635094610964   -10.0   1.1368240165290724
2.1650635094610964   -11.0   0.8818624801984218
1.2990381056766582   -11.5   1.1567337620528524
1.2990381056766582   -12.5   0.632845355755409
2.1650635094610964   -13.0   1.0869869969662962
2.1650635094610964   -14.0   0.35211198528117693
1.2990381056766582   -14.5   0.9852652747270751
