# x,  y, local density of states
-2.1650635094610964   14.5   1.1662343567211617
-1.2990381056766578   14.0   0.6771327343495392
-1.2990381056766578   13.0   1.4058526518861576
-2.1650635094610964   12.5   1.1404275834636706
-2.1650635094610964   11.5   1.1664022914994254
-1.2990381056766578   11.0   1.3509933988947678
-1.2990381056766578   10.0   0.9231285559676097
-2.1650635094610964   9.5   1.2560883283469306
-2.1650635094610964   8.5   0.8529114943158301
-1.2990381056766578   8.0   1.0413936871920733
-1.2990381056766578   7.0   0.9369373258578333
-2.1650635094610964   6.5   0.9082633125259185
-2.1650635094610964   5.5   1.049598163728474
-1.2990381056766578   5.0   0.9178781283767017
-1.2990381056766578   4.0   1.098650713053548
-2.1650635094610964   3.5   0.9989551366430758
-2.1650635094610964   2.5   1.0870394443568983
-1.2990381056766578   2.0   1.0582091946438639
-1.2990381056766578   1.0   1.0687744749383565
-2.1650635094610964   0.5   1.069292281209934
-2.1650635094610964   -0.5   1.0692922812099352
-1.2990381056766578   -1.0   1.068774474938357
-1.2990381056766578   -2.0   1.0582091946438674
-2.1650635094610964   -2.5   1.0870394443569007
-2.1650635094610964   -3.5   0.9989551366430736
-1.2990381056766578   -4.0   1.0986507130535519
-1.2990381056766578   -5.0   0.9178781283766981
-2.1650635094610964   -5.5   1.04959816372847
-2.1650635094610964   -6.5   0.9082633125259195
-1.2990381056766578   -7.0   0.936937325857828
-1.2990381056766578   -8.0   1.0413936871920781
-2.1650635094610964   -8.5   0.8529114943158288
-2.1650635094610964   -9.5   1.2560883283469326
-1.2990381056766578   -10.0   0.9231285559676126
-1.2990381056766578   -11.0   1.3509933988947629
-2.1650635094610964   -11.5   1.1664022914994256
-2.1650635094610964   -12.5   1.1404275834636675
-1.2990381056766578   -13.0   1.405852651886152
-1.2990381056766578   -14.0   0.6771327343495392
-2.1650635094610964   -14.5   1.166234356721161
-0.4330127018922192   14.5   1.1662343567211617
0.4330127018922194   14.0   0.6771327343495392
0.4330127018922194   13.0   1.4058526518861576
-0.4330127018922192   12.5   1.1404275834636706
-0.4330127018922192   11.5   1.1664022914994254
0.4330127018922194   11.0   1.3509933988947678
0.4330127018922194   10.0   0.9231285559676097
-0.4330127018922192   9.5   1.2560883283469306
-0.4330127018922192   8.5   0.8529114943158301
0.4330127018922194   8.0   1.0413936871920733
0.4330127018922194   7.0   0.9369373258578333
-0.4330127018922192   6.5   0.9082633125259185
-0.4330127018922192   5.5   1.049598163728474
0.4330127018922194   5.0   0.9178781283767017
0.4330127018922194   4.0   1.098650713053548
-0.4330127018922192   3.5   0.9989551366430758
-0.4330127018922192   2.5   1.0870394443568983
0.4330127018922194   2.0   1.0582091946438639
0.4330127018922194   1.0   1.0687744749383565
-0.4330127018922192   0.5   1.069292281209934
-0.4330127018922192   -0.5   1.0692922812099352
0.4330127018922194   -1.0   1.068774474938357
0.4330127018922194   -2.0   1.0582091946438674
-0.4330127018922192   -2.5   1.0870394443569007
-0.4330127018922192   -3.5   0.9989551366430736
0.4330127018922194   -4.0   1.0986507130535519
0.4330127018922194   -5.0   0.9178781283766981
-0.4330127018922192   -5.5   1.04959816372847
-0.4330127018922192   -6.5   0.9082633125259195
0.4330127018922194   -7.0   0.936937325857828
0.4330127018922194   -8.0   1.0413936871920781
-0.4330127018922192   -8.5   0.8529114943158288
-0.4330127018922192   -9.5   1.2560883283469326
0.4330127018922194   -10.0   0.9231285559676126
0.4330127018922194   -11.0   1.3509933988947629
-0.4330127018922192   -11.5   1.1664022914994256
-0.4330127018922192   -12.5   1.1404275834636675
0.4330127018922194   -13.0   1.405852651886152
0.4330127018922194   -14.0   0.6771327343495392
-0.4330127018922192   -14.5   1.166234356721161
1.2990381056766582   14.5   1.1662343567211617
2.1650635094610964   14.0   0.6771327343495392
2.1650635094610964   13.0   1.4058526518861576
1.2990381056766582   12.5   1.1404275834636706
1.2990381056766582   11.5   1.1664022914994254
2.1650635094610964   11.0   1.3509933988947678
2.1650635094610964   10.0   0.9231285559676097
1.2990381056766582   9.5   1.2560883283469306
1.2990381056766582   8.5   0.8529114943158301
2.1650635094610964   8.0   1.0413936871920733
2.1650635094610964   7.0   0.9369373258578333
1.2990381056766582   6.5   0.9082633125259185
1.2990381056766582   5.5   1.049598163728474
2.1650635094610964   5.0   0.9178781283767017
2.1650635094610964   4.0   1.098650713053548
1.2990381056766582   3.5   0.9989551366430758
1.2990381056766582   2.5   1.0870394443568983
2.1650635094610964   2.0   1.0582091946438639
2.1650635094610964   1.0   1.0687744749383565
1.2990381056766582   0.5   1.069292281209934
1.2990381056766582   -0.5   1.0692922812099352
2.1650635094610964   -1.0   1.068774474938357
2.1650635094610964   -2.0   1.0582091946438674
1.2990381056766582   -2.5   1.0870394443569007
1.2990381056766582   -3.5   0.9989551366430736
2.1650635094610964   -4.0   1.0986507130535519
2.1650635094610964   -5.0   0.9178781283766981
1.2990381056766582   -5.5   1.04959816372847
1.2990381056766582   -6.5   0.9082633125259195
2.1650635094610964   -7.0   0.936937325857828
2.1650635094610964   -8.0   1.0413936871920781
1.2990381056766582   -8.5   0.8529114943158288
1.2990381056766582   -9.5   1.2560883283469326
2.1650635094610964   -10.0   0.9231285559676126
2.1650635094610964   -11.0   1.3509933988947629
1.2990381056766582   -11.5   1.1664022914994256
1.2990381056766582   -12.5   1.1404275834636675
2.1650635094610964   -13.0   1.405852651886152
2.1650635094610964   -14.0   0.6771327343495392
1.2990381056766582   -14.5   1.166234356721161
