-2.9999999999999956  -5.196152422706632  -1.9999999999999962  -5.196152422706631  0.0085
-2.9999999999999956  -5.196152422706632  -3.4999999999999964  -4.330127018922193  0.0085
-1.9999999999999962  -5.196152422706631  -1.4999999999999973  -4.330127018922193  0.0417
-3.4999999999999964  -4.330127018922193  -2.999999999999998  -3.464101615137756  0.0417
-1.4999999999999973  -4.330127018922193  -0.49999999999999806  -4.330127018922192  0.0393
-1.4999999999999973  -4.330127018922193  -1.999999999999998  -3.4641016151377557  0.011
-0.49999999999999806  -4.330127018922192  1.7208456881689926e-15  -3.464101615137754  0.051
-2.999999999999998  -3.464101615137756  -1.999999999999998  -3.4641016151377557  0.011
-2.999999999999998  -3.464101615137756  -3.4999999999999982  -2.5980762113533187  0.0393
-1.999999999999998  -3.4641016151377557  -1.499999999999998  -2.5980762113533173  0.0331
-3.4999999999999982  -2.5980762113533187  -2.9999999999999987  -1.73205080756888  0.051
1.7208456881689926e-15  -3.464101615137754  1.0000000000000018  -3.4641016151377535  0.0427
1.7208456881689926e-15  -3.464101615137754  -0.4999999999999983  -2.598076211353317  0.0239
1.0000000000000018  -3.4641016151377535  1.5000000000000016  -2.5980762113533156  0.0487
-1.499999999999998  -2.5980762113533173  -0.4999999999999983  -2.598076211353317  0.0066
-1.499999999999998  -2.5980762113533173  -1.9999999999999984  -1.732050807568879  0.0066
-0.4999999999999983  -2.598076211353317  7.771561172376096e-16  -1.7320508075688776  0.0259
-2.9999999999999987  -1.73205080756888  -1.9999999999999984  -1.732050807568879  0.0239
-2.9999999999999987  -1.73205080756888  -3.4999999999999996  -0.866025403784441  0.0427
-1.9999999999999984  -1.732050807568879  -1.4999999999999993  -0.8660254037844396  0.0259
-3.4999999999999996  -0.866025403784441  -2.9999999999999996  -3.567273980762798e-15  0.0487
1.5000000000000016  -2.5980762113533156  2.5000000000000004  -2.598076211353315  0.0487
1.5000000000000016  -2.5980762113533156  1.0000000000000004  -1.7320508075688772  0.0286
2.5000000000000004  -2.598076211353315  3.0  -1.7320508075688756  0.0427
7.771561172376096e-16  -1.7320508075688776  1.0000000000000004  -1.7320508075688772  0.0179
7.771561172376096e-16  -1.7320508075688776  -0.4999999999999996  -0.8660254037844388  0.0035
1.0000000000000004  -1.7320508075688772  1.5000000000000002  -0.8660254037844375  0.0179
-1.4999999999999993  -0.8660254037844396  -0.4999999999999996  -0.8660254037844388  0.0035
-1.4999999999999993  -0.8660254037844396  -1.9999999999999998  -2.23500635121261e-15  0.0179
-0.4999999999999996  -0.8660254037844388  -1.6653345369377348e-16  -1.1525389022030826e-15  0.0114
-2.9999999999999996  -3.567273980762798e-15  -1.9999999999999998  -2.23500635121261e-15  0.0286
-2.9999999999999996  -3.567273980762798e-15  -3.5000000000000004  0.8660254037844373  0.0487
-1.9999999999999998  -2.23500635121261e-15  -1.5000000000000007  0.8660254037844388  0.0179
-3.5000000000000004  0.8660254037844373  -3.0000000000000013  1.7320508075688748  0.0427
3.0  -1.7320508075688756  4.000000000000001  -1.7320508075688748  0.051
3.0  -1.7320508075688756  2.4999999999999996  -0.8660254037844368  0.0239
4.000000000000001  -1.7320508075688748  4.499999999999999  -0.8660254037844357  0.0393
1.5000000000000002  -0.8660254037844375  2.4999999999999996  -0.8660254037844368  0.0259
1.5000000000000002  -0.8660254037844375  0.9999999999999996  -5.141606630436176e-16  0.0035
2.4999999999999996  -0.8660254037844368  2.999999999999999  4.2952890788776547e-16  0.0066
-1.6653345369377348e-16  -1.1525389022030826e-15  0.9999999999999996  -5.141606630436176e-16  0.0114
-1.6653345369377348e-16  -1.1525389022030826e-15  -0.5000000000000007  0.8660254037844393  0.0114
0.9999999999999996  -5.141606630436176e-16  1.499999999999999  0.8660254037844408  0.0035
-1.5000000000000007  0.8660254037844388  -0.5000000000000007  0.8660254037844393  0.0035
-1.5000000000000007  0.8660254037844388  -2.000000000000001  1.7320508075688759  0.0259
-0.5000000000000007  0.8660254037844393  -1.3877787807814457e-15  1.7320508075688767  0.0035
-3.0000000000000013  1.7320508075688748  -2.000000000000001  1.7320508075688759  0.0239
-3.0000000000000013  1.7320508075688748  -3.5000000000000004  2.598076211353312  0.051
-2.000000000000001  1.7320508075688759  -1.500000000000001  2.5980762113533133  0.0066
-3.5000000000000004  2.598076211353312  -3.0000000000000013  3.4641016151377535  0.0393
4.499999999999999  -0.8660254037844357  5.499999999999999  -0.8660254037844355  0.0417
4.499999999999999  -0.8660254037844357  3.9999999999999987  1.7617965374379533e-15  0.011
5.499999999999999  -0.8660254037844355  6.0  2.6499749571380787e-15  0.0085
2.999999999999999  4.2952890788776547e-16  3.9999999999999987  1.7617965374379533e-15  0.0331
2.999999999999999  4.2952890788776547e-16  2.4999999999999987  0.8660254037844414  0.0066
3.9999999999999987  1.7617965374379533e-15  4.499999999999998  0.8660254037844428  0.011
1.499999999999999  0.8660254037844408  2.4999999999999987  0.8660254037844414  0.0259
1.499999999999999  0.8660254037844408  0.9999999999999982  1.7320508075688774  0.0179
2.4999999999999987  0.8660254037844414  2.9999999999999982  1.732050807568879  0.0239
-1.3877787807814457e-15  1.7320508075688767  0.9999999999999982  1.7320508075688774  0.0179
-1.3877787807814457e-15  1.7320508075688767  -0.500000000000002  2.598076211353314  0.0259
0.9999999999999982  1.7320508075688774  1.4999999999999978  2.598076211353315  0.0286
-1.500000000000001  2.5980762113533133  -0.500000000000002  2.598076211353314  0.0066
-1.500000000000001  2.5980762113533133  -2.000000000000002  3.4641016151377535  0.0331
-0.500000000000002  2.598076211353314  -2.275957200481571e-15  3.4641016151377553  0.0239
-3.0000000000000013  3.4641016151377535  -2.000000000000002  3.4641016151377535  0.011
-3.0000000000000013  3.4641016151377535  -3.500000000000002  4.33012701892219  0.0417
-2.000000000000002  3.4641016151377535  -1.500000000000002  4.330127018922192  0.011
-3.500000000000002  4.33012701892219  -3.0000000000000036  5.196152422706628  0.0085
6.0  2.6499749571380787e-15  5.499999999999999  0.8660254037844433  0.0085
4.499999999999998  0.8660254037844428  5.499999999999999  0.8660254037844433  0.0417
4.499999999999998  0.8660254037844428  3.999999999999998  1.7320508075688796  0.0393
2.9999999999999982  1.732050807568879  3.999999999999998  1.7320508075688796  0.051
2.9999999999999982  1.732050807568879  2.4999999999999973  2.5980762113533156  0.0427
1.4999999999999978  2.598076211353315  2.4999999999999973  2.5980762113533156  0.0487
1.4999999999999978  2.598076211353315  0.9999999999999976  3.4641016151377557  0.0487
-2.275957200481571e-15  3.4641016151377553  0.9999999999999976  3.4641016151377557  0.0427
-2.275957200481571e-15  3.4641016151377553  -0.5000000000000027  4.330127018922192  0.051
-1.500000000000002  4.330127018922192  -0.5000000000000027  4.330127018922192  0.0393
-1.500000000000002  4.330127018922192  -2.000000000000004  5.196152422706629  0.0417
-3.0000000000000036  5.196152422706628  -2.000000000000004  5.196152422706629  0.0085
