-3.000000000000000000e+00 -5.196150000000000269e+00 0.000000000000000000e+00 0.000000000000000000e+00 -0.000000000000000000e+00 3.603000000000000091e-01
-2.000000000000000000e+00 -5.196150000000000269e+00 0.000000000000000000e+00 -0.000000000000000000e+00 -0.000000000000000000e+00 -4.833200000000000274e-01
-3.500000000000000000e+00 -4.330129999999999590e+00 0.000000000000000000e+00 -0.000000000000000000e+00 -0.000000000000000000e+00 -4.833200000000000274e-01
-1.500000000000000000e+00 -4.330129999999999590e+00 0.000000000000000000e+00 -0.000000000000000000e+00 -0.000000000000000000e+00 2.425799999999999901e-01
-5.000000000000000000e-01 -4.330129999999999590e+00 0.000000000000000000e+00 0.000000000000000000e+00 -0.000000000000000000e+00 -5.563200000000000367e-01
-3.000000000000000000e+00 -3.464100000000000179e+00 0.000000000000000000e+00 0.000000000000000000e+00 -0.000000000000000000e+00 2.425799999999999901e-01
-2.000000000000000000e+00 -3.464100000000000179e+00 0.000000000000000000e+00 -0.000000000000000000e+00 -0.000000000000000000e+00 -3.202300000000000146e-01
-3.500000000000000000e+00 -2.598079999999999945e+00 0.000000000000000000e+00 -0.000000000000000000e+00 -0.000000000000000000e+00 -5.563200000000000367e-01
0.000000000000000000e+00 -3.464100000000000179e+00 0.000000000000000000e+00 -0.000000000000000000e+00 -0.000000000000000000e+00 2.379400000000000126e-01
1.000000000000000000e+00 -3.464100000000000179e+00 0.000000000000000000e+00 0.000000000000000000e+00 -0.000000000000000000e+00 -5.573299999999999921e-01
-1.500000000000000000e+00 -2.598079999999999945e+00 0.000000000000000000e+00 0.000000000000000000e+00 -0.000000000000000000e+00 2.486299999999999899e-01
-5.000000000000000000e-01 -2.598079999999999945e+00 0.000000000000000000e+00 -0.000000000000000000e+00 -0.000000000000000000e+00 -3.503600000000000048e-01
-3.000000000000000000e+00 -1.732050000000000090e+00 0.000000000000000000e+00 0.000000000000000000e+00 -0.000000000000000000e+00 2.379400000000000126e-01
-2.000000000000000000e+00 -1.732050000000000090e+00 0.000000000000000000e+00 -0.000000000000000000e+00 -0.000000000000000000e+00 -3.503600000000000048e-01
-3.500000000000000000e+00 -8.660299999999999665e-01 0.000000000000000000e+00 -0.000000000000000000e+00 -0.000000000000000000e+00 -5.573299999999999921e-01
1.500000000000000000e+00 -2.598079999999999945e+00 0.000000000000000000e+00 -0.000000000000000000e+00 -0.000000000000000000e+00 2.369100000000000095e-01
2.500000000000000000e+00 -2.598079999999999945e+00 0.000000000000000000e+00 -0.000000000000000000e+00 -0.000000000000000000e+00 -5.573299999999999921e-01
0.000000000000000000e+00 -1.732050000000000090e+00 0.000000000000000000e+00 0.000000000000000000e+00 -0.000000000000000000e+00 2.550700000000000189e-01
1.000000000000000000e+00 -1.732050000000000090e+00 0.000000000000000000e+00 -0.000000000000000000e+00 -0.000000000000000000e+00 -3.593600000000000128e-01
-1.500000000000000000e+00 -8.660299999999999665e-01 0.000000000000000000e+00 0.000000000000000000e+00 -0.000000000000000000e+00 2.550700000000000189e-01
-5.000000000000000000e-01 -8.660299999999999665e-01 0.000000000000000000e+00 -0.000000000000000000e+00 -0.000000000000000000e+00 -3.294900000000000051e-01
-3.000000000000000000e+00 -0.000000000000000000e+00 0.000000000000000000e+00 0.000000000000000000e+00 -0.000000000000000000e+00 2.369100000000000095e-01
-2.000000000000000000e+00 -0.000000000000000000e+00 0.000000000000000000e+00 0.000000000000000000e+00 -0.000000000000000000e+00 -3.593600000000000128e-01
-3.500000000000000000e+00 8.660299999999999665e-01 0.000000000000000000e+00 -0.000000000000000000e+00 -0.000000000000000000e+00 -5.573299999999999921e-01
3.000000000000000000e+00 -1.732050000000000090e+00 0.000000000000000000e+00 -0.000000000000000000e+00 -0.000000000000000000e+00 2.379400000000000126e-01
4.000000000000000000e+00 -1.732050000000000090e+00 0.000000000000000000e+00 0.000000000000000000e+00 -0.000000000000000000e+00 -5.563200000000000367e-01
1.500000000000000000e+00 -8.660299999999999665e-01 0.000000000000000000e+00 0.000000000000000000e+00 -0.000000000000000000e+00 2.550700000000000189e-01
2.500000000000000000e+00 -8.660299999999999665e-01 0.000000000000000000e+00 0.000000000000000000e+00 -0.000000000000000000e+00 -3.503600000000000048e-01
-0.000000000000000000e+00 -0.000000000000000000e+00 0.000000000000000000e+00 0.000000000000000000e+00 -0.000000000000000000e+00 2.602300000000000169e-01
1.000000000000000000e+00 -0.000000000000000000e+00 0.000000000000000000e+00 0.000000000000000000e+00 -0.000000000000000000e+00 -3.294900000000000051e-01
-1.500000000000000000e+00 8.660299999999999665e-01 0.000000000000000000e+00 0.000000000000000000e+00 -0.000000000000000000e+00 2.550700000000000189e-01
-5.000000000000000000e-01 8.660299999999999665e-01 0.000000000000000000e+00 0.000000000000000000e+00 -0.000000000000000000e+00 -3.294900000000000051e-01
-3.000000000000000000e+00 1.732050000000000090e+00 0.000000000000000000e+00 0.000000000000000000e+00 -0.000000000000000000e+00 2.379400000000000126e-01
-2.000000000000000000e+00 1.732050000000000090e+00 0.000000000000000000e+00 -0.000000000000000000e+00 -0.000000000000000000e+00 -3.503600000000000048e-01
-3.500000000000000000e+00 2.598079999999999945e+00 0.000000000000000000e+00 -0.000000000000000000e+00 -0.000000000000000000e+00 -5.563200000000000367e-01
4.500000000000000000e+00 -8.660299999999999665e-01 0.000000000000000000e+00 -0.000000000000000000e+00 -0.000000000000000000e+00 2.425799999999999901e-01
5.500000000000000000e+00 -8.660299999999999665e-01 0.000000000000000000e+00 0.000000000000000000e+00 -0.000000000000000000e+00 -4.833200000000000274e-01
3.000000000000000000e+00 0.000000000000000000e+00 0.000000000000000000e+00 -0.000000000000000000e+00 -0.000000000000000000e+00 2.486299999999999899e-01
4.000000000000000000e+00 0.000000000000000000e+00 0.000000000000000000e+00 0.000000000000000000e+00 -0.000000000000000000e+00 -3.202300000000000146e-01
1.500000000000000000e+00 8.660299999999999665e-01 0.000000000000000000e+00 0.000000000000000000e+00 -0.000000000000000000e+00 2.550700000000000189e-01
2.500000000000000000e+00 8.660299999999999665e-01 0.000000000000000000e+00 0.000000000000000000e+00 -0.000000000000000000e+00 -3.503600000000000048e-01
-0.000000000000000000e+00 1.732050000000000090e+00 0.000000000000000000e+00 0.000000000000000000e+00 -0.000000000000000000e+00 2.550700000000000189e-01
1.000000000000000000e+00 1.732050000000000090e+00 0.000000000000000000e+00 -0.000000000000000000e+00 -0.000000000000000000e+00 -3.593600000000000128e-01
-1.500000000000000000e+00 2.598079999999999945e+00 0.000000000000000000e+00 0.000000000000000000e+00 -0.000000000000000000e+00 2.486299999999999899e-01
-5.000000000000000000e-01 2.598079999999999945e+00 0.000000000000000000e+00 0.000000000000000000e+00 -0.000000000000000000e+00 -3.503600000000000048e-01
-3.000000000000000000e+00 3.464100000000000179e+00 0.000000000000000000e+00 0.000000000000000000e+00 -0.000000000000000000e+00 2.425799999999999901e-01
-2.000000000000000000e+00 3.464100000000000179e+00 0.000000000000000000e+00 -0.000000000000000000e+00 -0.000000000000000000e+00 -3.202300000000000146e-01
-3.500000000000000000e+00 4.330129999999999590e+00 0.000000000000000000e+00 -0.000000000000000000e+00 -0.000000000000000000e+00 -4.833200000000000274e-01
6.000000000000000000e+00 0.000000000000000000e+00 0.000000000000000000e+00 -0.000000000000000000e+00 -0.000000000000000000e+00 3.603000000000000091e-01
4.500000000000000000e+00 8.660299999999999665e-01 0.000000000000000000e+00 -0.000000000000000000e+00 -0.000000000000000000e+00 2.425799999999999901e-01
5.500000000000000000e+00 8.660299999999999665e-01 0.000000000000000000e+00 0.000000000000000000e+00 -0.000000000000000000e+00 -4.833200000000000274e-01
3.000000000000000000e+00 1.732050000000000090e+00 0.000000000000000000e+00 -0.000000000000000000e+00 -0.000000000000000000e+00 2.379400000000000126e-01
4.000000000000000000e+00 1.732050000000000090e+00 0.000000000000000000e+00 0.000000000000000000e+00 -0.000000000000000000e+00 -5.563200000000000367e-01
1.500000000000000000e+00 2.598079999999999945e+00 0.000000000000000000e+00 0.000000000000000000e+00 -0.000000000000000000e+00 2.369100000000000095e-01
2.500000000000000000e+00 2.598079999999999945e+00 0.000000000000000000e+00 -0.000000000000000000e+00 -0.000000000000000000e+00 -5.573299999999999921e-01
-0.000000000000000000e+00 3.464100000000000179e+00 0.000000000000000000e+00 -0.000000000000000000e+00 -0.000000000000000000e+00 2.379400000000000126e-01
1.000000000000000000e+00 3.464100000000000179e+00 0.000000000000000000e+00 -0.000000000000000000e+00 -0.000000000000000000e+00 -5.573299999999999921e-01
-1.500000000000000000e+00 4.330129999999999590e+00 0.000000000000000000e+00 0.000000000000000000e+00 -0.000000000000000000e+00 2.425799999999999901e-01
-5.000000000000000000e-01 4.330129999999999590e+00 0.000000000000000000e+00 -0.000000000000000000e+00 -0.000000000000000000e+00 -5.563200000000000367e-01
-3.000000000000000000e+00 5.196150000000000269e+00 0.000000000000000000e+00 0.000000000000000000e+00 -0.000000000000000000e+00 3.603000000000000091e-01
-2.000000000000000000e+00 5.196150000000000269e+00 0.000000000000000000e+00 -0.000000000000000000e+00 -0.000000000000000000e+00 -4.833200000000000274e-01
