0.0025   0.0025   -1.937540502770975e-08
0.005   0.005   -3.100167379883445e-07
0.0075   0.0075   -1.569546183048974e-06
0.01   0.01   -4.9609228523151e-06
0.0125   0.0125   -1.2112823779470065e-05
0.015000000000000001   0.015000000000000001   -2.5120172849397017e-05
0.0175   0.0175   -4.654481312590089e-05
0.02   0.02   -7.941631663043014e-05
0.0225   0.0225   -0.0001272329241308552
0.024999999999999998   0.024999999999999998   -0.0001939626059041888
0.027499999999999997   0.027499999999999997   -0.0002840442326955497
0.029999999999999995   0.029999999999999995   -0.00040238884422979105
0.032499999999999994   0.032499999999999994   -0.0005543810005581871
0.034999999999999996   0.034999999999999996   -0.0007458801992512702
0.0375   0.0375   -0.0009832223389614138
0.04   0.04   -0.0012732212070622512
0.0425   0.0425   -0.0016231699660117567
0.045000000000000005   0.045000000000000005   -0.0020408426096444276
0.04750000000000001   0.04750000000000001   -0.002534495356700278
0.05000000000000001   0.05000000000000001   -0.0031128679447333437
0.05250000000000001   0.05250000000000001   -0.0037851847825581407
0.055000000000000014   0.055000000000000014   -0.004561155914190308
0.057500000000000016   0.057500000000000016   -0.005450977741188113
0.06000000000000002   0.06000000000000002   -0.00646533344350317
0.06250000000000001   0.06250000000000001   -0.007615393031333163
0.06500000000000002   0.06500000000000002   -0.008912812952477759
0.06750000000000002   0.06750000000000002   -0.010369735169279044
0.07000000000000002   0.07000000000000002   -0.01199878560970886
0.07250000000000002   0.07250000000000002   -0.013813071884304109
0.07500000000000002   0.07500000000000002   -0.01582618014762467
0.07750000000000003   0.07750000000000003   -0.018052170968111146
0.08000000000000003   0.08000000000000003   -0.02050557405245042
0.08250000000000003   0.08250000000000003   -0.023201381652707544
0.08500000000000003   0.08500000000000003   -0.026155040462217217
0.08750000000000004   0.08750000000000004   -0.029382441782577103
0.09000000000000004   0.09000000000000004   -0.03289990971719563
0.09250000000000004   0.09250000000000004   -0.03672418711609198
0.09500000000000004   0.09500000000000004   -0.04087241896308954
0.09750000000000004   0.09750000000000004   -0.04536213285769115
0.10000000000000005   0.10000000000000005   -0.05021121620007743
0.10250000000000005   0.10250000000000005   -0.05543788964046356
0.10500000000000005   0.10500000000000005   -0.06106067629700704
0.10750000000000005   0.10750000000000005   -0.06709836618629385
0.11000000000000006   0.11000000000000006   -0.0735699752386425
0.11250000000000006   0.11250000000000006   -0.08049469819350942
0.11500000000000006   0.11500000000000006   -0.08789185457929065
0.11750000000000006   0.11750000000000006   -0.09578082688190048
0.12000000000000006   0.12000000000000006   -0.10418098989260802
0.12250000000000007   0.12250000000000007   -0.11311163009658874
0.12500000000000006   0.12500000000000006   -0.12259185381787659
0.12750000000000006   0.12750000000000006   -0.13264048267201511
0.13000000000000006   0.13000000000000006   -0.14327593468927863
0.13250000000000006   0.13250000000000006   -0.15451608926209842
0.13500000000000006   0.13500000000000006   -0.16637813382697839
0.13750000000000007   0.13750000000000007   -0.17887838992180732
0.14000000000000007   0.14000000000000007   -0.19203211594960415
0.14250000000000007   0.14250000000000007   -0.20585328362485794
0.14500000000000007   0.14500000000000007   -0.22035432468841704
0.14750000000000008   0.14750000000000008   -0.23554584401254544
0.15000000000000008   0.15000000000000008   -0.2514362947127472
0.15250000000000008   0.15250000000000008   -0.2680316102887385
0.15500000000000008   0.15500000000000008   -0.28533478815498614
0.15750000000000008   0.15750000000000008   -0.30334541815682753
0.1600000000000001   0.1600000000000001   -0.3220591488092786
0.1625000000000001   0.1625000000000001   -0.3414670830015122
0.1650000000000001   0.1650000000000001   -0.3615550937971273
0.1675000000000001   0.1675000000000001   -0.3823030496729707
0.1700000000000001   0.1700000000000001   -0.40368393708107075
0.1725000000000001   0.1725000000000001   -0.4256628665673932
0.1750000000000001   0.1750000000000001   -0.44819594676814445
0.1775000000000001   0.1775000000000001   -0.47122900846803684
0.1800000000000001   0.1800000000000001   -0.4946961584326262
0.1825000000000001   0.1825000000000001   -0.5185181399355899
0.1850000000000001   0.1850000000000001   -0.5426004737294148
0.1875000000000001   0.1875000000000001   -0.5668313495746307
0.1900000000000001   0.1900000000000001   -0.5910792343666543
0.19250000000000012   0.19250000000000012   -0.6151901582276252
0.19500000000000012   0.19500000000000012   -0.6389846346905877
0.19750000000000012   0.19750000000000012   -0.6622541651658228
0.20000000000000012   0.20000000000000012   -0.6847572712011926
0.20250000000000012   0.20250000000000012   -0.7062149905726368
0.20500000000000013   0.20500000000000013   -0.7263057648934448
0.20750000000000013   0.20750000000000013   -0.7446596371387287
0.21000000000000013   0.21000000000000013   -0.7608516673011172
0.21250000000000013   0.21250000000000013   -0.7743941350936584
0.21500000000000014   0.21500000000000014   -0.7847292973807293
0.21750000000000014   0.21750000000000014   -0.7912180683720416
0.22000000000000014   0.22000000000000014   -0.7931302328447468
0.22250000000000014   0.22250000000000014   -0.7896319018828386
0.22500000000000014   0.22500000000000014   -0.7797716301817589
0.22750000000000015   0.22750000000000015   -0.7624647600818106
0.23000000000000015   0.23000000000000015   -0.736475801629195
0.23250000000000015   0.23250000000000015   -0.7003986518310281
0.23500000000000015   0.23500000000000015   -0.6526344561751967
0.23750000000000016   0.23750000000000016   -0.5913669246294082
0.24000000000000016   0.24000000000000016   -0.5145349365659099
0.24250000000000016   0.24250000000000016   -0.4198023100835987
0.24500000000000016   0.24500000000000016   -0.3045246778876981
0.24750000000000016   0.24750000000000016   -0.16571351357949893
0.25000000000000017   0.25000000000000017   2.4993665386573303e-06
0.25250000000000017   0.25250000000000017   0.19641835390624088
0.25500000000000017   0.25500000000000017   0.42779516952012125
0.2575000000000002   0.2575000000000002   0.6989031240684602
0.2600000000000002   0.2600000000000002   1.0150632679293885
0.2625000000000002   0.2625000000000002   1.3821859488350623
0.2650000000000002   0.2650000000000002   1.8068027191273253
0.2675000000000002   0.2675000000000002   2.2960875285363183
0.2700000000000002   0.2700000000000002   2.8578617046711003
0.2725000000000002   0.2725000000000002   3.5005756861790362
0.2750000000000002   0.2750000000000002   4.233258724775915
0.2775000000000002   0.2775000000000002   5.065284743637294
0.2800000000000002   0.2800000000000002   6.006929780286267
0.2825000000000002   0.2825000000000002   7.067742871443696
0.2850000000000002   0.2850000000000002   8.257655098843161
0.2875000000000002   0.2875000000000002   9.585871496403058
0.2900000000000002   0.2900000000000002   11.060497838399366
0.2925000000000002   0.2925000000000002   12.687905097695257
0.2950000000000002   0.2950000000000002   14.471972687877857
0.2975000000000002   0.2975000000000002   16.413224890839036
0.3000000000000002   0.3000000000000002   18.50789106203951
0.3025000000000002   0.3025000000000002   20.74694382169746
0.3050000000000002   0.3050000000000002   23.115195154222167
0.3075000000000002   0.3075000000000002   25.590556060086055
0.3100000000000002   0.3100000000000002   28.143585789497525
0.3125000000000002   0.3125000000000002   30.737464948979586
0.3150000000000002   0.3150000000000002   33.328515606157474
0.3175000000000002   0.3175000000000002   35.86735506131642
0.32000000000000023   0.32000000000000023   38.30070634307894
0.32250000000000023   0.32250000000000023   40.57380230004463
0.32500000000000023   0.32500000000000023   42.63322361436599
0.32750000000000024   0.32750000000000024   44.429922843195925
0.33000000000000024   0.33000000000000024   45.92212786429904
0.33250000000000024   0.33250000000000024   47.07780643116782
0.33500000000000024   0.33500000000000024   47.87641673265769
0.33750000000000024   0.33750000000000024   48.309761273004774
0.34000000000000025   0.34000000000000025   48.381884649153925
0.34250000000000025   0.34250000000000025   48.1080839273003
0.34500000000000025   0.34500000000000025   47.51320741219843
0.34750000000000025   0.34750000000000025   46.62948510958361
0.35000000000000026   0.35000000000000026   45.49415500190871
0.35250000000000026   0.35250000000000026   44.147127752879186
0.35500000000000026   0.35500000000000026   42.62888103831908
0.35750000000000026   0.35750000000000026   40.9787089449595
0.36000000000000026   0.36000000000000026   39.23338605272818
0.36250000000000027   0.36250000000000027   37.42625009465648
0.36500000000000027   0.36500000000000027   35.58666668552474
0.36750000000000027   0.36750000000000027   33.739815404854426
0.3700000000000003   0.3700000000000003   31.906726443095415
0.3725000000000003   0.3725000000000003   30.104497539395293
0.3750000000000003   0.3750000000000003   28.346628265741067
0.3775000000000003   0.3775000000000003   26.643419528266975
0.3800000000000003   0.3800000000000003   25.002397973787847
0.3825000000000003   0.3825000000000003   23.428736173361184
0.3850000000000003   0.3850000000000003   21.925649107634964
0.3875000000000003   0.3875000000000003   20.49475524736054
0.3900000000000003   0.3900000000000003   19.136396410068393
0.3925000000000003   0.3925000000000003   17.849914518593085
0.3950000000000003   0.3950000000000003   16.633887672028695
0.3975000000000003   0.3975000000000003   15.486326606725111
0.4000000000000003   0.4000000000000003   14.40483615033362
0.4025000000000003   0.4025000000000003   13.38631174949719
0.4050000000000003   0.4050000000000003   12.428869058595508
0.4075000000000003   0.4075000000000003   11.529051300887046
0.4100000000000003   0.4100000000000003   10.68413970843975
0.4125000000000003   0.4125000000000003   9.890720765045392
0.4150000000000003   0.4150000000000003   9.146223253251641
0.4175000000000003   0.4175000000000003   8.447884595673498
0.4200000000000003   0.4200000000000003   7.793051981132572
0.4225000000000003   0.4225000000000003   7.179194713216515
0.4250000000000003   0.4250000000000003   6.603911613612288
0.4275000000000003   0.4275000000000003   6.064934610463331
0.4300000000000003   0.4300000000000003   5.560129426563761
0.43250000000000033   0.43250000000000033   5.087494101949516
0.43500000000000033   0.43500000000000033   4.645155936631817
0.43750000000000033   0.43750000000000033   4.231367316651283
0.44000000000000034   0.44000000000000034   3.8445007872571386
0.44250000000000034   0.44250000000000034   3.483043656122959
0.44500000000000034   0.44500000000000034   3.1455923447145757
0.44750000000000034   0.44750000000000034   2.8308466539518107
0.45000000000000034   0.45000000000000034   2.5376040689993253
0.45250000000000035   0.45250000000000035   2.2647541953993695
0.45500000000000035   0.45500000000000035   2.0112733930869537
0.45750000000000035   0.45750000000000035   1.7762196548607938
0.46000000000000035   0.46000000000000035   1.5587277603947707
0.46250000000000036   0.46250000000000036   1.3580047250417202
0.46500000000000036   0.46500000000000036   1.1733255537412837
0.46750000000000036   0.46750000000000036   1.0040293036833265
0.47000000000000036   0.47000000000000036   0.8495154544705149
0.47250000000000036   0.47250000000000036   0.7092405811820298
0.47500000000000037   0.47500000000000037   0.582715323323133
0.47750000000000037   0.47750000000000037   0.46950164128418886
0.48000000000000037   0.48000000000000037   0.369210351076187
0.4825000000000004   0.4825000000000004   0.28149892791994474
0.4850000000000004   0.4850000000000004   0.20606956936037052
0.4875000000000004   0.4875000000000004   0.14266750903995795
0.4900000000000004   0.4900000000000004   0.09107978914807134
0.4925000000000004   0.4925000000000004   0.05113309269637963
0.4950000000000004   0.4950000000000004   0.02269437009586201
0.4975000000000004   0.4975000000000004   0.005668882315109463
0.5000000000000003   0.5000000000000003   4.883969792391312e-28
0.5025000000000003   0.5025000000000003   0.005668882315180684
0.5050000000000002   0.5050000000000002   0.02269437009582122
0.5075000000000002   0.5075000000000002   0.05113309269642684
0.5100000000000001   0.5100000000000001   0.09107978914803762
0.5125000000000001   0.5125000000000001   0.14266750904006836
0.515   0.515   0.20606956936013698
0.5175   0.5175   0.28149892791968983
0.5199999999999999   0.5199999999999999   0.3692103510761422
0.5224999999999999   0.5224999999999999   0.4695016412839693
0.5249999999999998   0.5249999999999998   0.5827153233232863
0.5274999999999997   0.5274999999999997   0.7092405811820436
0.5299999999999997   0.5299999999999997   0.8495154544705157
0.5324999999999996   0.5324999999999996   1.0040293036833252
0.5349999999999996   0.5349999999999996   1.1733255537410845
0.5374999999999995   0.5374999999999995   1.3580047250399552
0.5399999999999995   0.5399999999999995   1.5587277603945169
0.5424999999999994   0.5424999999999994   1.776219654861026
0.5449999999999994   0.5449999999999994   2.0112733930860895
0.5474999999999993   0.5474999999999993   2.264754195399441
0.5499999999999993   0.5499999999999993   2.5376040689999324
0.5524999999999992   0.5524999999999992   2.830846653950705
0.5549999999999992   0.5549999999999992   3.1455923447142906
0.5574999999999991   0.5574999999999991   3.483043656124176
0.559999999999999   0.559999999999999   3.844500787256973
0.562499999999999   0.562499999999999   4.2313673166526256
0.564999999999999   0.564999999999999   4.645155936630902
0.5674999999999989   0.5674999999999989   5.087494101949968
0.5699999999999988   0.5699999999999988   5.5601294265599
0.5724999999999988   0.5724999999999988   6.064934610463701
0.5749999999999987   0.5749999999999987   6.6039116136121345
0.5774999999999987   0.5774999999999987   7.179194713215649
0.5799999999999986   0.5799999999999986   7.793051981135938
0.5824999999999986   0.5824999999999986   8.447884595674466
0.5849999999999985   0.5849999999999985   9.146223253251804
0.5874999999999985   0.5874999999999985   9.890720765046277
0.5899999999999984   0.5899999999999984   10.684139708440009
0.5924999999999984   0.5924999999999984   11.529051300885637
0.5949999999999983   0.5949999999999983   12.428869058598947
0.5974999999999983   0.5974999999999983   13.386311749497217
0.5999999999999982   0.5999999999999982   14.404836150331073
0.6024999999999981   0.6024999999999981   15.486326606724687
0.6049999999999981   0.6049999999999981   16.63388767202939
0.607499999999998   0.607499999999998   17.849914518594687
0.609999999999998   0.609999999999998   19.136396410070784
0.6124999999999979   0.6124999999999979   20.494755247361812
0.6149999999999979   0.6149999999999979   21.92564910763437
0.6174999999999978   0.6174999999999978   23.428736173363585
0.6199999999999978   0.6199999999999978   25.00239797378265
0.6224999999999977   0.6224999999999977   26.64341952826273
0.6249999999999977   0.6249999999999977   28.346628265761197
0.6274999999999976   0.6274999999999976   30.104497539394508
0.6299999999999976   0.6299999999999976   31.906726443097483
0.6324999999999975   0.6324999999999975   33.73981540484773
0.6349999999999975   0.6349999999999975   35.58666668550165
0.6374999999999974   0.6374999999999974   37.42625009468206
0.6399999999999973   0.6399999999999973   39.23338605275012
0.6424999999999973   0.6424999999999973   40.97870894492639
0.6449999999999972   0.6449999999999972   42.62888103828398
0.6474999999999972   0.6474999999999972   44.14712775290485
0.6499999999999971   0.6499999999999971   45.49415500194779
0.6524999999999971   0.6524999999999971   46.629485109552796
0.654999999999997   0.654999999999997   47.513207412234756
0.657499999999997   0.657499999999997   48.10808392732473
0.6599999999999969   0.6599999999999969   48.38188464912205
0.6624999999999969   0.6624999999999969   48.30976127296773
0.6649999999999968   0.6649999999999968   47.87641673268874
0.6674999999999968   0.6674999999999968   47.077806431175176
0.6699999999999967   0.6699999999999967   45.92212786426771
0.6724999999999967   0.6724999999999967   44.42992284321948
0.6749999999999966   0.6749999999999966   42.633223614398595
0.6774999999999965   0.6774999999999965   40.57380230001476
0.6799999999999965   0.6799999999999965   38.30070634306099
0.6824999999999964   0.6824999999999964   35.86735506134962
0.6849999999999964   0.6849999999999964   33.32851560618534
0.6874999999999963   0.6874999999999963   30.737464948954177
0.6899999999999963   0.6899999999999963   28.143585789482675
0.6924999999999962   0.6924999999999962   25.590556060110856
0.6949999999999962   0.6949999999999962   23.115195154245264
0.6974999999999961   0.6974999999999961   20.746943821691524
0.6999999999999961   0.6999999999999961   18.507891062059464
0.702499999999996   0.702499999999996   16.413224890848515
0.704999999999996   0.704999999999996   14.471972687870744
0.7074999999999959   0.7074999999999959   12.68790509769225
0.7099999999999959   0.7099999999999959   11.060497838408276
0.7124999999999958   0.7124999999999958   9.585871496411098
0.7149999999999958   0.7149999999999958   8.25765509883747
0.7174999999999957   0.7174999999999957   7.067742871453105
0.7199999999999956   0.7199999999999956   6.006929780294447
0.7224999999999956   0.7224999999999956   5.065284743634371
0.7249999999999955   0.7249999999999955   4.233258724772837
0.7274999999999955   0.7274999999999955   3.5005756861852486
0.7299999999999954   0.7299999999999954   2.8578617046724286
0.7324999999999954   0.7324999999999954   2.296087528536143
0.7349999999999953   0.7349999999999953   1.806802719126371
0.7374999999999953   0.7374999999999953   1.3821859488357129
0.7399999999999952   0.7399999999999952   1.0150632679309728
0.7424999999999952   0.7424999999999952   0.698903124069723
0.7449999999999951   0.7449999999999951   0.42779516952145535
0.7474999999999951   0.7474999999999951   0.19641835390637308
0.749999999999995   0.749999999999995   2.499367377612378e-06
0.752499999999995   0.752499999999995   -0.16571351357960606
0.7549999999999949   0.7549999999999949   -0.3045246778878456
0.7574999999999948   0.7574999999999948   -0.4198023100838018
0.7599999999999948   0.7599999999999948   -0.5145349365649837
0.7624999999999947   0.7624999999999947   -0.5913669246291559
0.7649999999999947   0.7649999999999947   -0.6526344561754519
0.7674999999999946   0.7674999999999946   -0.7003986518300005
0.7699999999999946   0.7699999999999946   -0.7364758016285554
0.7724999999999945   0.7724999999999945   -0.7624647600818887
0.7749999999999945   0.7749999999999945   -0.7797716301822739
0.7774999999999944   0.7774999999999944   -0.789631901882329
0.7799999999999944   0.7799999999999944   -0.7931302328441628
0.7824999999999943   0.7824999999999943   -0.7912180683723625
0.7849999999999943   0.7849999999999943   -0.784729297381374
0.7874999999999942   0.7874999999999942   -0.7743941350926629
0.7899999999999942   0.7899999999999942   -0.7608516673016926
0.7924999999999941   0.7924999999999941   -0.7446596371393298
0.794999999999994   0.794999999999994   -0.7263057648928192
0.797499999999994   0.797499999999994   -0.7062149905724826
0.7999999999999939   0.7999999999999939   -0.6847572712014571
0.8024999999999939   0.8024999999999939   -0.6622541651661105
0.8049999999999938   0.8049999999999938   -0.6389846346900525
0.8074999999999938   0.8074999999999938   -0.6151901582270055
0.8099999999999937   0.8099999999999937   -0.5910792343673895
0.8124999999999937   0.8124999999999937   -0.5668313495744628
0.8149999999999936   0.8149999999999936   -0.542600473728909
0.8174999999999936   0.8174999999999936   -0.5185181399361638
0.8199999999999935   0.8199999999999935   -0.49469615843293546
0.8224999999999935   0.8224999999999935   -0.4712290084677183
0.8249999999999934   0.8249999999999934   -0.44819594676778474
0.8274999999999934   0.8274999999999934   -0.4256628665674436
0.8299999999999933   0.8299999999999933   -0.4036839370815761
0.8324999999999932   0.8324999999999932   -0.3823030496724955
0.8349999999999932   0.8349999999999932   -0.3615550937973893
0.8374999999999931   0.8374999999999931   -0.3414670830016079
0.8399999999999931   0.8399999999999931   -0.32205914880908265
0.842499999999993   0.842499999999993   -0.3033454181566533
0.844999999999993   0.844999999999993   -0.28533478815524005
0.8474999999999929   0.8474999999999929   -0.26803161028902706
0.8499999999999929   0.8499999999999929   -0.2514362947125558
0.8524999999999928   0.8524999999999928   -0.23554584401240883
0.8549999999999928   0.8549999999999928   -0.2203543246884372
0.8574999999999927   0.8574999999999927   -0.20585328362509148
0.8599999999999927   0.8599999999999927   -0.1920321159494511
0.8624999999999926   0.8624999999999926   -0.17887838992199878
0.8649999999999926   0.8649999999999926   -0.16637813382701827
0.8674999999999925   0.8674999999999925   -0.15451608926204888
0.8699999999999924   0.8699999999999924   -0.14327593468929276
0.8724999999999924   0.8724999999999924   -0.1326404826720997
0.8749999999999923   0.8749999999999923   -0.12259185381807339
0.8774999999999923   0.8774999999999923   -0.11311163009652188
0.8799999999999922   0.8799999999999922   -0.10418098989269567
0.8824999999999922   0.8824999999999922   -0.09578082688197499
0.8849999999999921   0.8849999999999921   -0.08789185457921041
0.8874999999999921   0.8874999999999921   -0.0804946981934258
0.889999999999992   0.889999999999992   -0.07356997523866496
0.892499999999992   0.892499999999992   -0.06709836618633895
0.8949999999999919   0.8949999999999919   -0.06106067629700299
0.8974999999999919   0.8974999999999919   -0.05543788964042303
0.8999999999999918   0.8999999999999918   -0.05021121620008142
0.9024999999999918   0.9024999999999918   -0.04536213285767287
0.9049999999999917   0.9049999999999917   -0.04087241896308184
0.9074999999999916   0.9074999999999916   -0.036724187116100315
0.9099999999999916   0.9099999999999916   -0.03289990971722296
0.9124999999999915   0.9124999999999915   -0.029382441782569435
0.9149999999999915   0.9149999999999915   -0.02615504046221505
0.9174999999999914   0.9174999999999914   -0.023201381652734387
0.9199999999999914   0.9199999999999914   -0.02050557405246694
0.9224999999999913   0.9224999999999913   -0.018052170968110615
0.9249999999999913   0.9249999999999913   -0.01582618014762309
0.9274999999999912   0.9274999999999912   -0.01381307188431505
0.9299999999999912   0.9299999999999912   -0.011998785609716695
0.9324999999999911   0.9324999999999911   -0.010369735169277465
0.9349999999999911   0.9349999999999911   -0.008912812952485374
0.937499999999991   0.937499999999991   -0.007615393031346061
0.939999999999991   0.939999999999991   -0.0064653334434926595
0.9424999999999909   0.9424999999999909   -0.005450977741191345
0.9449999999999908   0.9449999999999908   -0.0045611559141932705
0.9474999999999908   0.9474999999999908   -0.0037851847825577404
0.9499999999999907   0.9499999999999907   -0.003112867944734221
0.9524999999999907   0.9524999999999907   -0.0025344953567045946
0.9549999999999906   0.9549999999999906   -0.0020408426096452503
0.9574999999999906   0.9574999999999906   -0.0016231699660106947
0.9599999999999905   0.9599999999999905   -0.0012732212070612836
0.9624999999999905   0.9624999999999905   -0.0009832223389630934
0.9649999999999904   0.9649999999999904   -0.0007458801992519811
0.9674999999999904   0.9674999999999904   -0.0005543810005572325
0.9699999999999903   0.9699999999999903   -0.00040238884422998843
0.9724999999999903   0.9724999999999903   -0.0002840442326957682
0.9749999999999902   0.9749999999999902   -0.0001939626059038205
0.9774999999999902   0.9774999999999902   -0.0001272329241309639
0.9799999999999901   0.9799999999999901   -7.941631663051426e-05
0.98249999999999   0.98249999999999   -4.6544813126130244e-05
0.98499999999999   0.98499999999999   -2.5120172849466877e-05
0.9874999999999899   0.9874999999999899   -1.211282377945069e-05
0.9899999999999899   0.9899999999999899   -4.960922852321145e-06
0.9924999999999898   0.9924999999999898   -1.5695461830699883e-06
0.9949999999999898   0.9949999999999898   -3.100167379903028e-07
0.9974999999999897   0.9974999999999897   -1.9375405028280607e-08
0.9999999999999897   0.9999999999999897   -0.0
