-5.000000000000000000e-01 2.868694508723571568e-01
-4.898989898989898895e-01 3.535570529495722369e-01
-4.797979797979797789e-01 5.766748073616866366e-01
-4.696969696969697239e-01 1.139451196881864137e+00
-4.595959595959596133e-01 1.084883083244298385e+00
-4.494949494949495028e-01 5.761023311725226304e-01
-4.393939393939393923e-01 3.886610636690445708e-01
-4.292929292929292817e-01 2.554862464130339128e-01
-4.191919191919191712e-01 1.450351565010266075e-01
-4.090909090909090606e-01 9.870153096194127229e-02
-3.989898989898990056e-01 8.229404997430614377e-02
-3.888888888888888951e-01 6.314180425806384389e-02
-3.787878787878787845e-01 6.022411129658921530e-02
-3.686868686868686740e-01 5.231320531253390305e-02
-3.585858585858585634e-01 4.686003501550826261e-02
-3.484848484848485084e-01 4.926129688073811741e-02
-3.383838383838383423e-01 4.067531720110347665e-02
-3.282828282828282873e-01 4.440345105952079457e-02
-3.181818181818181768e-01 3.989472296271929369e-02
-3.080808080808080662e-01 3.854294388723051440e-02
-2.979797979797979557e-01 4.167997143670038734e-02
-2.878787878787878451e-01 3.566721369891905774e-02
-2.777777777777777901e-01 4.149342722122489890e-02
-2.676767676767676241e-01 3.605580047763744939e-02
-2.575757575757575690e-01 3.901852338918108953e-02
-2.474747474747474585e-01 3.872262641673817479e-02
-2.373737373737373479e-01 3.760280376824111370e-02
-2.272727272727272374e-01 4.225244830625159154e-02
-2.171717171717171269e-01 3.899050862646851606e-02
-2.070707070707070718e-01 4.668601919590124882e-02
-1.969696969696969613e-01 4.543181210841065049e-02
-1.868686868686868507e-01 5.871185181559295668e-02
-1.767676767676767402e-01 7.436853850065655580e-02
-1.666666666666666297e-01 1.399153806457883731e-01
-1.565656565656565191e-01 1.847783023997361385e-01
-1.464646464646464086e-01 1.046589259495678687e-01
-1.363636363636363535e-01 6.792540434031683894e-02
-1.262626262626262430e-01 6.169572812498808762e-02
-1.161616161616161325e-01 5.631595054086063756e-02
-1.060606060606060219e-01 5.846001468018795916e-02
-9.595959595959591137e-02 6.170949371618862644e-02
-8.585858585858580083e-02 6.482842130395921609e-02
-7.575757575757574580e-02 7.292777519497031791e-02
-6.565656565656563526e-02 8.382068234574803489e-02
-5.555555555555552472e-02 9.930321479187161071e-02
-4.545454545454541417e-02 1.246157493550139328e-01
-3.535353535353530363e-02 1.696415672814448883e-01
-2.525252525252519309e-02 2.613986243341565041e-01
-1.515151515151513806e-02 4.902799154710576479e-01
-5.050505050505027516e-03 1.099664851933473741e+00
5.050505050505083027e-03 1.099666527277812555e+00
1.515151515151524908e-02 4.902850792080298836e-01
2.525252525252530411e-02 2.614077109999337067e-01
3.535353535353535914e-02 1.696553873570343651e-01
4.545454545454552520e-02 1.246356487043183414e-01
5.555555555555558023e-02 9.933137062974740916e-02
6.565656565656574628e-02 8.386065642983475676e-02
7.575757575757580131e-02 7.298558967516642626e-02
8.585858585858585634e-02 6.491478224935648411e-02
9.595959595959602240e-02 6.184476810743887859e-02
1.060606060606060774e-01 5.868656226616392191e-02
1.161616161616162435e-01 5.673292288921819027e-02
1.262626262626262985e-01 6.257507202588726003e-02
1.363636363636364646e-01 7.018272790135803019e-02
1.464646464646465196e-01 1.117918404301122132e-01
1.565656565656565746e-01 1.909877312309972430e-01
1.666666666666667407e-01 1.295190932003775219e-01
1.767676767676767957e-01 7.093110036028428544e-02
1.868686868686869618e-01 5.748345410055513693e-02
1.969696969696970168e-01 4.488460379630412195e-02
2.070707070707071829e-01 4.640033840640674784e-02
2.171717171717172379e-01 3.882390162893229607e-02
2.272727272727272929e-01 4.214720095838839220e-02
2.373737373737374590e-01 3.753222068327619065e-02
2.474747474747475140e-01 3.867305687532276298e-02
2.575757575757576801e-01 3.898242201013309149e-02
2.676767676767677351e-01 3.602873058822467917e-02
2.777777777777777901e-01 4.147264623894606622e-02
2.878787878787879562e-01 3.565095534219134277e-02
2.979797979797980112e-01 4.166705922729736777e-02
3.080808080808081773e-01 3.853257249742966795e-02
3.181818181818182323e-01 3.988632936164125675e-02
3.282828282828283983e-01 4.439663603761273558e-02
3.383838383838384534e-01 4.066979645523008391e-02
3.484848484848485084e-01 4.925687027409618446e-02
3.585858585858586745e-01 4.685656768390106253e-02
3.686868686868687295e-01 5.231061723736241120e-02
3.787878787878788955e-01 6.022237387042094631e-02
3.888888888888889506e-01 6.314094400776112948e-02
3.989898989898991166e-01 8.229416152539964502e-02
4.090909090909091717e-01 9.870280443975175400e-02
4.191919191919192267e-01 1.450379306957642611e-01
4.292929292929293927e-01 2.554911123685226215e-01
4.393939393939394478e-01 3.886690756016130122e-01
4.494949494949496138e-01 5.761154740714570233e-01
4.595959595959596689e-01 1.084905395685863194e+00
4.696969696969697239e-01 1.139491811218573902e+00
4.797979797979798899e-01 5.767575861165220585e-01
4.898989898989899450e-01 3.537577732988442802e-01
5.000000000000000000e-01 2.874787411284157046e-01
