-7.250000000000000000e+00 -2.554774941164094315e+01 2.091814513597498038e-01
-6.250000000000000000e+00 -2.554774941164094315e+01 2.091812331617472764e-01
-5.750000000000000000e+00 -2.468172400785650566e+01 1.892450299621107612e-01
-4.750000000000000000e+00 -2.468172400785650566e+01 1.892447022816108881e-01
-7.250000000000000000e+00 -2.381569860407206463e+01 3.634554319706027881e-02
-6.250000000000000000e+00 -2.381569860407206463e+01 3.634526001181122984e-02
-5.750000000000000000e+00 -2.294967320028762714e+01 1.340608155690646286e-01
-4.750000000000000000e+00 -2.294967320028762714e+01 1.340594144773100960e-01
-7.250000000000000000e+00 -2.208364779650318965e+01 9.598038307172365724e-02
-6.250000000000000000e+00 -2.208364779650318965e+01 9.597838127722357893e-02
-5.750000000000000000e+00 -2.121762239271875217e+01 5.792246628509201134e-02
-4.750000000000000000e+00 -2.121762239271875217e+01 5.791906932121868717e-02
-7.250000000000000000e+00 -2.035159698893431113e+01 7.079639320901898181e-02
-6.250000000000000000e+00 -2.035159698893431113e+01 7.078904786565336227e-02
-5.750000000000000000e+00 -1.948557158514987364e+01 5.065339084421698751e-02
-4.750000000000000000e+00 -1.948557158514987364e+01 5.064012071746849114e-02
-7.250000000000000000e+00 -1.861954618136543615e+01 6.586059925967675810e-02
-6.250000000000000000e+00 -1.861954618136543615e+01 6.584849818514594555e-02
-5.750000000000000000e+00 -1.775352077758099512e+01 4.869148032906125967e-02
-4.750000000000000000e+00 -1.775352077758099512e+01 4.864375623588811787e-02
-7.250000000000000000e+00 -1.688749537379655763e+01 4.690416648257828003e-02
-6.250000000000000000e+00 -1.688749537379655763e+01 4.688185978314649005e-02
-5.750000000000000000e+00 -1.602146997001212014e+01 6.137039619512034416e-02
-4.750000000000000000e+00 -1.602146997001212014e+01 6.129582280071552841e-02
-7.250000000000000000e+00 -1.515544456622767733e+01 4.558384346310300622e-02
-6.250000000000000000e+00 -1.515544456622767733e+01 4.546795850239948589e-02
-5.750000000000000000e+00 -1.428941916244323806e+01 4.913720521106434286e-02
-4.750000000000000000e+00 -1.428941916244323806e+01 4.909951723943289242e-02
-7.250000000000000000e+00 -1.342339375865880058e+01 5.308569605261492796e-02
-6.250000000000000000e+00 -1.342339375865880058e+01 5.281032135178308218e-02
-5.750000000000000000e+00 -1.255736835487436132e+01 4.629324009902491266e-02
-4.750000000000000000e+00 -1.255736835487436132e+01 4.598634480369753752e-02
-7.250000000000000000e+00 -1.169134295108992383e+01 4.827484237230011965e-02
-6.250000000000000000e+00 -1.169134295108992383e+01 4.845986649010571023e-02
-5.750000000000000000e+00 -1.082531754730548457e+01 4.804148793819836005e-02
-4.750000000000000000e+00 -1.082531754730548457e+01 4.742819458215814105e-02
-7.250000000000000000e+00 -9.959292143521047080e+00 4.654372991623924316e-02
-6.250000000000000000e+00 -9.959292143521047080e+00 4.695543437234629691e-02
-5.750000000000000000e+00 -9.093266739736607818e+00 4.449316282343241530e-02
-4.750000000000000000e+00 -9.093266739736607818e+00 4.648976400055489233e-02
-7.250000000000000000e+00 -8.227241335952170331e+00 4.747863965521588459e-02
-6.250000000000000000e+00 -8.227241335952170331e+00 4.594937832788065918e-02
-5.750000000000000000e+00 -7.361215932167732845e+00 4.531690660892510186e-02
-4.750000000000000000e+00 -7.361215932167732845e+00 4.785265171344250945e-02
-7.250000000000000000e+00 -6.495190528383291806e+00 4.338683130628870344e-02
-6.250000000000000000e+00 -6.495190528383291806e+00 4.559719943957645655e-02
-5.750000000000000000e+00 -5.629165124598854320e+00 4.709152610052282084e-02
-4.750000000000000000e+00 -5.629165124598854320e+00 4.543835755931666109e-02
-7.250000000000000000e+00 -4.763139720814413280e+00 4.295478271424413297e-02
-6.250000000000000000e+00 -4.763139720814413280e+00 4.812108232973724697e-02
-5.750000000000000000e+00 -3.897114317029975794e+00 3.948210744502476943e-02
-4.750000000000000000e+00 -3.897114317029975794e+00 4.638180379117182173e-02
-7.250000000000000000e+00 -3.031088913245538308e+00 4.758720002882215611e-02
-6.250000000000000000e+00 -3.031088913245538308e+00 4.505244619552957464e-02
-5.750000000000000000e+00 -2.165063509461100821e+00 4.004001774221972731e-02
-4.750000000000000000e+00 -2.165063509461100821e+00 4.492277633625259281e-02
-7.250000000000000000e+00 -1.299038105676659782e+00 4.425799808058043100e-02
-6.250000000000000000e+00 -1.299038105676659782e+00 4.637734713235970585e-02
-5.750000000000000000e+00 -4.330127018922222959e-01 4.664668186169741715e-02
-4.750000000000000000e+00 -4.330127018922222959e-01 4.500072275242585768e-02
-7.250000000000000000e+00 4.330127018922151905e-01 4.080364803608416829e-02
-6.250000000000000000e+00 4.330127018922151905e-01 4.648458179490062847e-02
-5.750000000000000000e+00 1.299038105676652677e+00 4.664504162478675525e-02
-4.750000000000000000e+00 1.299038105676652677e+00 4.499896786217893324e-02
-7.250000000000000000e+00 2.165063509461093716e+00 4.426317140660096516e-02
-6.250000000000000000e+00 2.165063509461093716e+00 4.638108106003437092e-02
-5.750000000000000000e+00 3.031088913245531202e+00 4.003698258720547742e-02
-4.750000000000000000e+00 3.031088913245531202e+00 4.491822596942351975e-02
-7.250000000000000000e+00 3.897114317029972241e+00 4.759152202272516619e-02
-6.250000000000000000e+00 3.897114317029972241e+00 4.505629924175855172e-02
-5.750000000000000000e+00 4.763139720814409728e+00 3.950383019615948121e-02
-4.750000000000000000e+00 4.763139720814409728e+00 4.639902898770356665e-02
-7.250000000000000000e+00 5.629165124598847214e+00 4.290781962680344924e-02
-6.250000000000000000e+00 5.629165124598847214e+00 4.807761333684720806e-02
-5.750000000000000000e+00 6.495190528383284700e+00 4.721740528792728320e-02
-4.750000000000000000e+00 6.495190528383284700e+00 4.556396871339029458e-02
-7.250000000000000000e+00 7.361215932167725740e+00 4.328800753378342359e-02
-6.250000000000000000e+00 7.361215932167725740e+00 4.549566525520493121e-02
-5.750000000000000000e+00 8.227241335952166779e+00 4.535859424983038762e-02
-4.750000000000000000e+00 8.227241335952166779e+00 4.789466808977461965e-02
-7.250000000000000000e+00 9.093266739736600712e+00 4.801979939158027011e-02
-6.250000000000000000e+00 9.093266739736600712e+00 4.648711383270154318e-02
-5.750000000000000000e+00 9.959292143521041751e+00 4.356746175978247482e-02
-4.750000000000000000e+00 9.959292143521041751e+00 4.555078687541500027e-02
-7.250000000000000000e+00 1.082531754730548279e+01 4.804132585588476168e-02
-6.250000000000000000e+00 1.082531754730548279e+01 4.846282772844821840e-02
-5.750000000000000000e+00 1.169134295108992383e+01 4.844978204735317373e-02
-4.750000000000000000e+00 1.169134295108992383e+01 4.783621876417959440e-02
-7.250000000000000000e+00 1.255736835487435776e+01 4.542010877697706672e-02
-6.250000000000000000e+00 1.255736835487435776e+01 4.560099711323022109e-02
-5.750000000000000000e+00 1.342339375865879880e+01 5.321615046781108527e-02
-4.750000000000000000e+00 1.342339375865879880e+01 5.291417739292608030e-02
-7.250000000000000000e+00 1.428941916244323274e+01 4.921899576542282384e-02
-6.250000000000000000e+00 1.428941916244323274e+01 4.893825774175653009e-02
-5.750000000000000000e+00 1.515544456622767377e+01 4.535214562239862912e-02
-4.750000000000000000e+00 1.515544456622767377e+01 4.530495719500371443e-02
-7.250000000000000000e+00 1.602146997001211304e+01 6.147126927570937399e-02
-6.250000000000000000e+00 1.602146997001211304e+01 6.136022504138768929e-02
-5.750000000000000000e+00 1.688749537379655408e+01 4.683126902128982583e-02
-4.750000000000000000e+00 1.688749537379655408e+01 4.675918653782087236e-02
-7.250000000000000000e+00 1.775352077758098801e+01 4.867141617207783322e-02
-6.250000000000000000e+00 1.775352077758098801e+01 4.864573987834325264e-02
-5.750000000000000000e+00 1.861954618136542905e+01 6.586547247063237465e-02
-4.750000000000000000e+00 1.861954618136542905e+01 6.582123699167695408e-02
-7.250000000000000000e+00 1.948557158514986298e+01 5.063943460655341566e-02
-6.250000000000000000e+00 1.948557158514986298e+01 5.062632440131553668e-02
-5.750000000000000000e+00 2.035159698893430402e+01 7.079814297668207690e-02
-4.750000000000000000e+00 2.035159698893430402e+01 7.078232577981946605e-02
-7.250000000000000000e+00 2.121762239271873796e+01 5.792196527879213408e-02
-6.250000000000000000e+00 2.121762239271873796e+01 5.791596554492088600e-02
-5.750000000000000000e+00 2.208364779650317899e+01 9.597903010916197797e-02
-4.750000000000000000e+00 2.208364779650317899e+01 9.597559462197297053e-02
-7.250000000000000000e+00 2.294967320028762003e+01 1.340615638168366486e-01
-6.250000000000000000e+00 2.294967320028762003e+01 1.340587765164955036e-01
-5.750000000000000000e+00 2.381569860407206107e+01 3.634505263124473973e-02
-4.750000000000000000e+00 2.381569860407206107e+01 3.634420570354373464e-02
-7.250000000000000000e+00 2.468172400785649501e+01 1.892451606959203725e-01
-6.250000000000000000e+00 2.468172400785649501e+01 1.892444175587874311e-01
-5.750000000000000000e+00 2.554774941164093605e+01 2.091813366202299740e-01
-4.750000000000000000e+00 2.554774941164093605e+01 2.091804881998532706e-01
-4.250000000000000000e+00 -2.554774941164094315e+01 2.091815150425106740e-01
-3.250000000000000000e+00 -2.554774941164094315e+01 2.091811140375541556e-01
-2.750000000000000000e+00 -2.468172400785650566e+01 1.892450321158272719e-01
-1.750000000000000000e+00 -2.468172400785650566e+01 1.892447137048330064e-01
-4.250000000000000000e+00 -2.381569860407206463e+01 3.634560673353125215e-02
-3.250000000000000000e+00 -2.381569860407206463e+01 3.634492596628222105e-02
-2.750000000000000000e+00 -2.294967320028762714e+01 1.340608921943162446e-01
-1.750000000000000000e+00 -2.294967320028762714e+01 1.340590061225293561e-01
-4.250000000000000000e+00 -2.208364779650318965e+01 9.597978295421596973e-02
-3.250000000000000000e+00 -2.208364779650318965e+01 9.597714874527349393e-02
-2.750000000000000000e+00 -2.121762239271875217e+01 5.792326498592804962e-02
-1.750000000000000000e+00 -2.121762239271875217e+01 5.791687896493660781e-02
-4.250000000000000000e+00 -2.035159698893431113e+01 7.079277713657106119e-02
-3.250000000000000000e+00 -2.035159698893431113e+01 7.078259401851659527e-02
-2.750000000000000000e+00 -1.948557158514987364e+01 5.065302934269916291e-02
-1.750000000000000000e+00 -1.948557158514987364e+01 5.063329615105383041e-02
-4.250000000000000000e+00 -1.861954618136543615e+01 6.585630469726118374e-02
-3.250000000000000000e+00 -1.861954618136543615e+01 6.583219687666061470e-02
-2.750000000000000000e+00 -1.775352077758099512e+01 4.867208039564047128e-02
-1.750000000000000000e+00 -1.775352077758099512e+01 4.861432740160540750e-02
-4.250000000000000000e+00 -1.688749537379655763e+01 4.691974418474062491e-02
-3.250000000000000000e+00 -1.688749537379655763e+01 4.685485029404228008e-02
-2.750000000000000000e+00 -1.602146997001212014e+01 6.132884610251293500e-02
-1.750000000000000000e+00 -1.602146997001212014e+01 6.122022205182626325e-02
-4.250000000000000000e+00 -1.515544456622767733e+01 4.556241728858458073e-02
-3.250000000000000000e+00 -1.515544456622767733e+01 4.535724460164073518e-02
-2.750000000000000000e+00 -1.428941916244323806e+01 4.920895042309572642e-02
-1.750000000000000000e+00 -1.428941916244323806e+01 4.902130552697504112e-02
-4.250000000000000000e+00 -1.342339375865880058e+01 5.271442458005567988e-02
-3.250000000000000000e+00 -1.342339375865880058e+01 5.248161810412346057e-02
-2.750000000000000000e+00 -1.255736835487436132e+01 4.629665556481618593e-02
-1.750000000000000000e+00 -1.255736835487436132e+01 4.582661374972147456e-02
-4.250000000000000000e+00 -1.169134295108992383e+01 4.789333899111864606e-02
-3.250000000000000000e+00 -1.169134295108992383e+01 4.820335951687781256e-02
-2.750000000000000000e+00 -1.082531754730548457e+01 4.686108090212712241e-02
-1.750000000000000000e+00 -1.082531754730548457e+01 4.687445121653951302e-02
-4.250000000000000000e+00 -9.959292143521047080e+00 4.707977464944911733e-02
-3.250000000000000000e+00 -9.959292143521047080e+00 4.699179708968377611e-02
-2.750000000000000000e+00 -9.093266739736607818e+00 4.386090970979373421e-02
-1.750000000000000000e+00 -9.093266739736607818e+00 4.613241578445172186e-02
-4.250000000000000000e+00 -8.227241335952170331e+00 4.535558702442325091e-02
-3.250000000000000000e+00 -8.227241335952170331e+00 4.553659874918366407e-02
-2.750000000000000000e+00 -7.361215932167732845e+00 4.711444406037262889e-02
-1.750000000000000000e+00 -7.361215932167732845e+00 4.810155564001013240e-02
-4.250000000000000000e+00 -6.495190528383291806e+00 3.820400702218784694e-02
-3.250000000000000000e+00 -6.495190528383291806e+00 4.556387363775122462e-02
-2.750000000000000000e+00 -5.629165124598854320e+00 4.312166531247306478e-02
-1.750000000000000000e+00 -5.629165124598854320e+00 4.635441763927983239e-02
-4.250000000000000000e+00 -4.763139720814413280e+00 4.316133742254997518e-02
-3.250000000000000000e+00 -4.763139720814413280e+00 4.650440820902994321e-02
-2.750000000000000000e+00 -3.897114317029975794e+00 3.558121225661548676e-02
-1.750000000000000000e+00 -3.897114317029975794e+00 4.500344816026004974e-02
-4.250000000000000000e+00 -3.031088913245538308e+00 4.733894933469375704e-02
-3.250000000000000000e+00 -3.031088913245538308e+00 4.499840876907536258e-02
-2.750000000000000000e+00 -2.165063509461100821e+00 4.480350455903456264e-02
-1.750000000000000000e+00 -2.165063509461100821e+00 3.097748836059500618e-02
-4.250000000000000000e+00 -1.299038105676659782e+00 4.155122439880672841e-02
-3.250000000000000000e+00 -1.299038105676659782e+00 4.596085822888600070e-02
-2.750000000000000000e+00 -4.330127018922222959e-01 4.799773640721061163e-02
-1.750000000000000000e+00 -4.330127018922222959e-01 3.997829511031417843e-02
-4.250000000000000000e+00 4.330127018922151905e-01 4.032562699645395043e-02
-3.250000000000000000e+00 4.330127018922151905e-01 3.097547460098024064e-02
-2.750000000000000000e+00 1.299038105676652677e+00 4.799711174957595194e-02
-1.750000000000000000e+00 1.299038105676652677e+00 3.997724989208160939e-02
-4.250000000000000000e+00 2.165063509461093716e+00 4.155507543342867871e-02
-3.250000000000000000e+00 2.165063509461093716e+00 4.596558939996755327e-02
-2.750000000000000000e+00 3.031088913245531202e+00 4.480076565849813036e-02
-1.750000000000000000e+00 3.031088913245531202e+00 3.097297926237907451e-02
-4.250000000000000000e+00 3.897114317029972241e+00 4.734340050397752020e-02
-3.250000000000000000e+00 3.897114317029972241e+00 4.500402060337778398e-02
-2.750000000000000000e+00 4.763139720814409728e+00 3.559429584418546261e-02
-1.750000000000000000e+00 4.763139720814409728e+00 4.502088299936020388e-02
-4.250000000000000000e+00 5.629165124598847214e+00 4.312372208270554008e-02
-3.250000000000000000e+00 5.629165124598847214e+00 4.646059993462129528e-02
-2.750000000000000000e+00 6.495190528383284700e+00 4.323709346089207178e-02
-1.750000000000000000e+00 6.495190528383284700e+00 4.648203727956919801e-02
-4.250000000000000000e+00 7.361215932167725740e+00 3.811295592378427521e-02
-3.250000000000000000e+00 7.361215932167725740e+00 4.546433626805335831e-02
-2.750000000000000000e+00 8.227241335952166779e+00 4.715892422452046262e-02
-1.750000000000000000e+00 8.227241335952166779e+00 4.814162351618566510e-02
-4.250000000000000000e+00 9.093266739736600712e+00 4.589284352077113716e-02
-3.250000000000000000e+00 9.093266739736600712e+00 4.608266262882394770e-02
-2.750000000000000000e+00 9.959292143521041751e+00 4.292642684509787726e-02
-1.750000000000000000e+00 9.959292143521041751e+00 4.519620964408072733e-02
-4.250000000000000000e+00 1.082531754730548279e+01 4.858669543759409903e-02
-3.250000000000000000e+00 1.082531754730548279e+01 4.849584304361677367e-02
-2.750000000000000000e+00 1.169134295108992383e+01 4.725033666420576373e-02
-1.750000000000000000e+00 1.169134295108992383e+01 4.728490691360456855e-02
-4.250000000000000000e+00 1.255736835487435776e+01 4.504693522169733733e-02
-3.250000000000000000e+00 1.255736835487435776e+01 4.534356924061103827e-02
-2.750000000000000000e+00 1.342339375865879880e+01 5.321615788116047796e-02
-1.750000000000000000e+00 1.342339375865879880e+01 5.274430846147703383e-02
-4.250000000000000000e+00 1.428941916244323274e+01 4.884060356378455009e-02
-3.250000000000000000e+00 1.428941916244323274e+01 4.862076721577077154e-02
-2.750000000000000000e+00 1.515544456622767377e+01 4.542018768020367192e-02
-1.750000000000000000e+00 1.515544456622767377e+01 4.523009665138395807e-02
-4.250000000000000000e+00 1.602146997001211304e+01 6.144787410790412963e-02
-3.250000000000000000e+00 1.602146997001211304e+01 6.124710252544601774e-02
-2.750000000000000000e+00 1.688749537379655408e+01 4.678534451675563088e-02
-1.750000000000000000e+00 1.688749537379655408e+01 4.668887940156635219e-02
-4.250000000000000000e+00 1.775352077758098801e+01 4.868698144565329622e-02
-3.250000000000000000e+00 1.775352077758098801e+01 4.861757279142152333e-02
-2.750000000000000000e+00 1.861954618136542905e+01 6.584537536572676597e-02
-1.750000000000000000e+00 1.861954618136542905e+01 6.578737864111772193e-02
-4.250000000000000000e+00 1.948557158514986298e+01 5.063447979072772942e-02
-3.250000000000000000e+00 1.948557158514986298e+01 5.061401357457010614e-02
-2.750000000000000000e+00 2.035159698893430402e+01 7.079769545628304683e-02
-1.750000000000000000e+00 2.035159698893430402e+01 7.077544354062371978e-02
-4.250000000000000000e+00 2.121762239271873796e+01 5.791830572650907838e-02
-3.250000000000000000e+00 2.121762239271873796e+01 5.790886982402597416e-02
-2.750000000000000000e+00 2.208364779650317899e+01 9.598001672875464130e-02
-1.750000000000000000e+00 2.208364779650317899e+01 9.597473925056437816e-02
-4.250000000000000000e+00 2.294967320028762003e+01 1.340608267248403762e-01
-3.250000000000000000e+00 2.294967320028762003e+01 1.340565759845595839e-01
-2.750000000000000000e+00 2.381569860407206107e+01 3.634498098932725102e-02
-1.750000000000000000e+00 2.381569860407206107e+01 3.634344234971614157e-02
-4.250000000000000000e+00 2.468172400785649501e+01 1.892451173421213495e-01
-3.250000000000000000e+00 2.468172400785649501e+01 1.892441990116996986e-01
-2.750000000000000000e+00 2.554774941164093605e+01 2.091810387668205928e-01
-1.750000000000000000e+00 2.554774941164093605e+01 2.091800915379552761e-01
-1.250000000000000000e+00 -2.554774941164094315e+01 2.091815836811425910e-01
-2.500000000000000000e-01 -2.554774941164094315e+01 2.091810871537910510e-01
2.500000000000000000e-01 -2.468172400785650566e+01 1.892451218166180116e-01
1.250000000000000000e+00 -2.468172400785650566e+01 1.892447954916992303e-01
-1.250000000000000000e+00 -2.381569860407206463e+01 3.634559965037088142e-02
-2.500000000000000000e-01 -2.381569860407206463e+01 3.634461316932996455e-02
2.500000000000000000e-01 -2.294967320028762714e+01 1.340611739470973784e-01
1.250000000000000000e+00 -2.294967320028762714e+01 1.340592822789022087e-01
-1.250000000000000000e+00 -2.208364779650318965e+01 9.597943426689364843e-02
-2.500000000000000000e-01 -2.208364779650318965e+01 9.597645637633728244e-02
2.500000000000000000e-01 -2.121762239271875217e+01 5.792361245168297507e-02
1.250000000000000000e+00 -2.121762239271875217e+01 5.791659510755713114e-02
-1.250000000000000000e+00 -2.035159698893431113e+01 7.079178714559561381e-02
-2.500000000000000000e-01 -2.035159698893431113e+01 7.078063806582907125e-02
2.500000000000000000e-01 -1.948557158514987364e+01 5.065196674127797616e-02
1.250000000000000000e+00 -1.948557158514987364e+01 5.063236353459948241e-02
-1.250000000000000000e+00 -1.861954618136543615e+01 6.586039846574573420e-02
-2.500000000000000000e-01 -1.861954618136543615e+01 6.582480127987937191e-02
2.500000000000000000e-01 -1.775352077758099512e+01 4.866648243574683841e-02
1.250000000000000000e+00 -1.775352077758099512e+01 4.861668380685903179e-02
-1.250000000000000000e+00 -1.688749537379655763e+01 4.693200989429410774e-02
-2.500000000000000000e-01 -1.688749537379655763e+01 4.683880062992114290e-02
2.500000000000000000e-01 -1.602146997001212014e+01 6.135063090278408682e-02
1.250000000000000000e+00 -1.602146997001212014e+01 6.122253445164246854e-02
-1.250000000000000000e+00 -1.515544456622767733e+01 4.550017365007681669e-02
-2.500000000000000000e-01 -1.515544456622767733e+01 4.529985356342326741e-02
2.500000000000000000e-01 -1.428941916244323806e+01 4.930236125216727605e-02
1.250000000000000000e+00 -1.428941916244323806e+01 4.901870281496554377e-02
-1.250000000000000000e+00 -1.342339375865880058e+01 5.255358493453696211e-02
-2.500000000000000000e-01 -1.342339375865880058e+01 5.232126098992266605e-02
2.500000000000000000e-01 -1.255736835487436132e+01 4.616680738977110843e-02
1.250000000000000000e+00 -1.255736835487436132e+01 4.582925269200897184e-02
-1.250000000000000000e+00 -1.169134295108992383e+01 4.825111984753569644e-02
-2.500000000000000000e-01 -1.169134295108992383e+01 4.807968403710678046e-02
2.500000000000000000e-01 -1.082531754730548457e+01 4.664505612511807287e-02
1.250000000000000000e+00 -1.082531754730548457e+01 4.687803397287506474e-02
-1.250000000000000000e+00 -9.959292143521047080e+00 4.726749492692256666e-02
-2.500000000000000000e-01 -9.959292143521047080e+00 4.700078244276535699e-02
2.500000000000000000e-01 -9.093266739736607818e+00 4.558123437579122972e-02
1.250000000000000000e+00 -9.093266739736607818e+00 4.613052773999842121e-02
-1.250000000000000000e+00 -8.227241335952170331e+00 4.297925003675744787e-02
-2.500000000000000000e-01 -8.227241335952170331e+00 4.538675590567052553e-02
2.500000000000000000e-01 -7.361215932167732845e+00 4.758864860043306166e-02
1.250000000000000000e+00 -7.361215932167732845e+00 4.810139697799219183e-02
-1.250000000000000000e+00 -6.495190528383291806e+00 3.958307276267387237e-02
-2.500000000000000000e-01 -6.495190528383291806e+00 4.515391377946363638e-02
2.500000000000000000e-01 -5.629165124598854320e+00 4.001555510251916109e-02
1.250000000000000000e+00 -5.629165124598854320e+00 4.635536731582436121e-02
-1.250000000000000000e+00 -4.763139720814413280e+00 4.736045915620933772e-02
-2.500000000000000000e-01 -4.763139720814413280e+00 4.493931207890731333e-02
2.500000000000000000e-01 -3.897114317029975794e+00 4.155762985698922135e-02
1.250000000000000000e+00 -3.897114317029975794e+00 4.500367747976342925e-02
-1.250000000000000000e+00 -3.031088913245538308e+00 4.480188742768642651e-02
-2.500000000000000000e-01 -3.031088913245538308e+00 4.596040746115689218e-02
2.500000000000000000e-01 -2.165063509461100821e+00 4.800043866757612576e-02
1.250000000000000000e+00 -2.165063509461100821e+00 3.097776539215022981e-02
-1.250000000000000000e+00 -1.299038105676659782e+00 5.490963489261141417e-02
-2.500000000000000000e-01 -1.299038105676659782e+00 3.997722915007644040e-02
2.500000000000000000e-01 -4.330127018922222959e-01 6.766832687834087312e-02
1.250000000000000000e+00 -4.330127018922222959e-01 3.997829511031437272e-02
-1.250000000000000000e+00 4.330127018922151905e-01 6.766829960465753357e-02
-2.500000000000000000e-01 4.330127018922151905e-01 2.113085520145291488e-07
2.500000000000000000e-01 1.299038105676652677e+00 6.766980241857571687e-02
1.250000000000000000e+00 1.299038105676652677e+00 3.997740358100308755e-02
-1.250000000000000000e+00 2.165063509461093716e+00 5.490978636153018289e-02
-2.500000000000000000e-01 2.165063509461093716e+00 3.998009882084688910e-02
2.500000000000000000e-01 3.031088913245531202e+00 4.799708231740755504e-02
1.250000000000000000e+00 3.031088913245531202e+00 3.097333984070953575e-02
-1.250000000000000000e+00 3.897114317029972241e+00 4.480301021566135411e-02
-2.500000000000000000e-01 3.897114317029972241e+00 4.596625238344090314e-02
2.500000000000000000e-01 4.763139720814409728e+00 4.156991650007753336e-02
1.250000000000000000e+00 4.763139720814409728e+00 4.501897439660343392e-02
-1.250000000000000000e+00 5.629165124598847214e+00 4.731674720125796096e-02
-2.500000000000000000e-01 5.629165124598847214e+00 4.489669310888015630e-02
2.500000000000000000e-01 6.495190528383284700e+00 4.013809272979160930e-02
1.250000000000000000e+00 6.495190528383284700e+00 4.647718130047884949e-02
-1.250000000000000000e+00 7.361215932167725740e+00 3.947195964716352506e-02
-2.500000000000000000e-01 7.361215932167725740e+00 4.505350704096164338e-02
2.500000000000000000e-01 8.227241335952166779e+00 4.763059684236732594e-02
1.250000000000000000e+00 8.227241335952166779e+00 4.814173592727731543e-02
-1.250000000000000000e+00 9.093266739736600712e+00 4.350172110367175882e-02
-2.500000000000000000e-01 9.093266739736600712e+00 4.592443601468512715e-02
2.500000000000000000e-01 9.959292143521041751e+00 4.463254101637645355e-02
1.250000000000000000e+00 9.959292143521041751e+00 4.519550305835200177e-02
-1.250000000000000000e+00 1.082531754730548279e+01 4.876976419112002276e-02
-2.500000000000000000e-01 1.082531754730548279e+01 4.849803011149884241e-02
2.500000000000000000e-01 1.169134295108992383e+01 4.703972829607300926e-02
1.250000000000000000e+00 1.169134295108992383e+01 4.727289650785425346e-02
-1.250000000000000000e+00 1.255736835487435776e+01 4.538969077148071601e-02
-2.500000000000000000e-01 1.255736835487435776e+01 4.522614725983233747e-02
2.500000000000000000e-01 1.342339375865879880e+01 5.309066782305876114e-02
1.250000000000000000e+00 1.342339375865879880e+01 5.274263870431891710e-02
-1.250000000000000000e+00 1.428941916244323274e+01 4.867245632353532636e-02
-2.500000000000000000e-01 1.428941916244323274e+01 4.845362225034961084e-02
2.500000000000000000e-01 1.515544456622767377e+01 4.551065455817582955e-02
1.250000000000000000e+00 1.515544456622767377e+01 4.523400448837468224e-02
-1.250000000000000000e+00 1.602146997001211304e+01 6.138597603352866083e-02
-2.500000000000000000e-01 1.602146997001211304e+01 6.117943722592087546e-02
2.500000000000000000e-01 1.688749537379655408e+01 4.681113092349221960e-02
1.250000000000000000e+00 1.688749537379655408e+01 4.668296780522550316e-02
-1.250000000000000000e+00 1.775352077758098801e+01 4.869871981336536954e-02
-2.500000000000000000e-01 1.775352077758098801e+01 4.860589717139844612e-02
2.500000000000000000e-01 1.861954618136542905e+01 6.584120091248357731e-02
1.250000000000000000e+00 1.861954618136542905e+01 6.578567152301222076e-02
-1.250000000000000000e+00 1.948557158514986298e+01 5.063947938116925007e-02
-2.500000000000000000e-01 1.948557158514986298e+01 5.060754317555728882e-02
2.500000000000000000e-01 2.035159698893430402e+01 7.079619194162373175e-02
1.250000000000000000e+00 2.035159698893430402e+01 7.077747746465229417e-02
-1.250000000000000000e+00 2.121762239271873796e+01 5.791711797565791270e-02
-2.500000000000000000e-01 2.121762239271873796e+01 5.790458996088290733e-02
2.500000000000000000e-01 2.208364779650317899e+01 9.598032314065937931e-02
1.250000000000000000e+00 2.208364779650317899e+01 9.597480825287338368e-02
-1.250000000000000000e+00 2.294967320028762003e+01 1.340599501719699771e-01
-2.500000000000000000e-01 2.294967320028762003e+01 1.340559014544865923e-01
2.500000000000000000e-01 2.381569860407206107e+01 3.634504917236183741e-02
1.250000000000000000e+00 2.381569860407206107e+01 3.634310635352662466e-02
-1.250000000000000000e+00 2.468172400785649501e+01 1.892449774780660954e-01
-2.500000000000000000e-01 2.468172400785649501e+01 1.892442538211756009e-01
2.500000000000000000e-01 2.554774941164093605e+01 2.091810588821499395e-01
1.250000000000000000e+00 2.554774941164093605e+01 2.091800930870661435e-01
1.750000000000000000e+00 -2.554774941164094315e+01 2.091816046551145947e-01
2.750000000000000000e+00 -2.554774941164094315e+01 2.091811746715744325e-01
3.250000000000000000e+00 -2.468172400785650566e+01 1.892451490190790175e-01
4.250000000000000000e+00 -2.468172400785650566e+01 1.892449056751174530e-01
1.750000000000000000e+00 -2.381569860407206463e+01 3.634559445165009423e-02
2.750000000000000000e+00 -2.381569860407206463e+01 3.634466085725948648e-02
3.250000000000000000e+00 -2.294967320028762714e+01 1.340612948745141531e-01
4.250000000000000000e+00 -2.294967320028762714e+01 1.340599487278130164e-01
1.750000000000000000e+00 -2.208364779650318965e+01 9.597970066860635197e-02
2.750000000000000000e+00 -2.208364779650318965e+01 9.597691585338954945e-02
3.250000000000000000e+00 -2.121762239271875217e+01 5.792362625221310346e-02
4.250000000000000000e+00 -2.121762239271875217e+01 5.791862157736024641e-02
1.750000000000000000e+00 -2.035159698893431113e+01 7.079327839484800267e-02
2.750000000000000000e+00 -2.035159698893431113e+01 7.078415374225867363e-02
3.250000000000000000e+00 -1.948557158514987364e+01 5.065271163689791939e-02
4.250000000000000000e+00 -1.948557158514987364e+01 5.063889782290367791e-02
1.750000000000000000e+00 -1.861954618136543615e+01 6.586470053013768200e-02
2.750000000000000000e+00 -1.861954618136543615e+01 6.583273274813472575e-02
3.250000000000000000e+00 -1.775352077758099512e+01 4.867772194090026067e-02
4.250000000000000000e+00 -1.775352077758099512e+01 4.864640382094904958e-02
1.750000000000000000e+00 -1.688749537379655763e+01 4.693376537781310254e-02
2.750000000000000000e+00 -1.688749537379655763e+01 4.685208145152777032e-02
3.250000000000000000e+00 -1.602146997001212014e+01 6.139491125460295323e-02
4.250000000000000000e+00 -1.602146997001212014e+01 6.129718438373076006e-02
1.750000000000000000e+00 -1.515544456622767733e+01 4.549307553621283196e-02
2.750000000000000000e+00 -1.515544456622767733e+01 4.536171656693908927e-02
3.250000000000000000e+00 -1.428941916244323806e+01 4.934313511627074628e-02
4.250000000000000000e+00 -1.428941916244323806e+01 4.909563019936482448e-02
1.750000000000000000e+00 -1.342339375865880058e+01 5.271492574524865027e-02
2.750000000000000000e+00 -1.342339375865880058e+01 5.248604187241501934e-02
3.250000000000000000e+00 -1.255736835487436132e+01 4.615832580629128379e-02
4.250000000000000000e+00 -1.255736835487436132e+01 4.598784740795790887e-02
1.750000000000000000e+00 -1.169134295108992383e+01 4.874354745842122277e-02
2.750000000000000000e+00 -1.169134295108992383e+01 4.819887383401270931e-02
3.250000000000000000e+00 -1.082531754730548457e+01 4.734923196610609647e-02
4.250000000000000000e+00 -1.082531754730548457e+01 4.742967265448420205e-02
1.750000000000000000e+00 -9.959292143521047080e+00 4.700797109339475977e-02
2.750000000000000000e+00 -9.959292143521047080e+00 4.699251798842611627e-02
3.250000000000000000e+00 -9.093266739736607818e+00 4.721807219377467668e-02
4.250000000000000000e+00 -9.093266739736607818e+00 4.648715506764154043e-02
1.750000000000000000e+00 -8.227241335952170331e+00 4.319677214446826508e-02
2.750000000000000000e+00 -8.227241335952170331e+00 4.553897449380131524e-02
3.250000000000000000e+00 -7.361215932167732845e+00 4.679493160871892043e-02
4.250000000000000000e+00 -7.361215932167732845e+00 4.785257929793678561e-02
1.750000000000000000e+00 -6.495190528383291806e+00 4.436263770566351711e-02
2.750000000000000000e+00 -6.495190528383291806e+00 4.556291124377831459e-02
3.250000000000000000e+00 -5.629165124598854320e+00 4.077665363327934861e-02
4.250000000000000000e+00 -5.629165124598854320e+00 4.543935805831762764e-02
1.750000000000000000e+00 -4.763139720814413280e+00 4.666525724472057879e-02
2.750000000000000000e+00 -4.763139720814413280e+00 4.650459967860401389e-02
3.250000000000000000e+00 -3.897114317029975794e+00 4.664923121167552367e-02
4.250000000000000000e+00 -3.897114317029975794e+00 4.638196236353214763e-02
1.750000000000000000e+00 -3.031088913245538308e+00 4.032215326110659415e-02
2.750000000000000000e+00 -3.031088913245538308e+00 4.499913437158539059e-02
3.250000000000000000e+00 -2.165063509461100821e+00 4.155491403095666614e-02
4.250000000000000000e+00 -2.165063509461100821e+00 4.492276495241408207e-02
1.750000000000000000e+00 -1.299038105676659782e+00 4.799662522907465617e-02
2.750000000000000000e+00 -1.299038105676659782e+00 4.596110529964646252e-02
3.250000000000000000e+00 -4.330127018922222959e-01 4.480127731736865959e-02
4.250000000000000000e+00 -4.330127018922222959e-01 4.500072275242582992e-02
1.750000000000000000e+00 4.330127018922151905e-01 5.490949957190160297e-02
2.750000000000000000e+00 4.330127018922151905e-01 3.097547460097995614e-02
3.250000000000000000e+00 1.299038105676652677e+00 4.480130492837101214e-02
4.250000000000000000e+00 1.299038105676652677e+00 4.499888615294792699e-02
1.750000000000000000e+00 2.165063509461093716e+00 4.800131181074632908e-02
2.750000000000000000e+00 2.165063509461093716e+00 4.596477616735328287e-02
3.250000000000000000e+00 3.031088913245531202e+00 4.155013130509524477e-02
4.250000000000000000e+00 3.031088913245531202e+00 4.491814444979125298e-02
1.750000000000000000e+00 3.897114317029972241e+00 4.033266236985604686e-02
2.750000000000000000e+00 3.897114317029972241e+00 4.500252350965791570e-02
3.250000000000000000e+00 4.763139720814409728e+00 4.666791490093618461e-02
4.250000000000000000e+00 4.763139720814409728e+00 4.639818445736187263e-02
1.750000000000000000e+00 5.629165124598847214e+00 4.662468990974001637e-02
2.750000000000000000e+00 5.629165124598847214e+00 4.646072895907652628e-02
3.250000000000000000e+00 6.495190528383284700e+00 4.091132153230508939e-02
4.250000000000000000e+00 6.495190528383284700e+00 4.556135975346452954e-02
1.750000000000000000e+00 7.361215932167725740e+00 4.425854072715123405e-02
2.750000000000000000e+00 7.361215932167725740e+00 4.546110371100112180e-02
3.250000000000000000e+00 8.227241335952166779e+00 4.683995638127992633e-02
4.250000000000000000e+00 8.227241335952166779e+00 4.789476426221330602e-02
1.750000000000000000e+00 9.093266739736600712e+00 4.374200064813220379e-02
2.750000000000000000e+00 9.093266739736600712e+00 4.607061330984415365e-02
3.250000000000000000e+00 9.959292143521041751e+00 4.628078272464722365e-02
4.250000000000000000e+00 9.959292143521041751e+00 4.555025364944491340e-02
1.750000000000000000e+00 1.082531754730548279e+01 4.851630861546747664e-02
2.750000000000000000e+00 1.082531754730548279e+01 4.849539445717645364e-02
3.250000000000000000e+00 1.169134295108992383e+01 4.776211908531655115e-02
4.250000000000000000e+00 1.169134295108992383e+01 4.782595917709223099e-02
1.750000000000000000e+00 1.255736835487435776e+01 4.588231971109130863e-02
2.750000000000000000e+00 1.255736835487435776e+01 4.534695053527437042e-02
3.250000000000000000e+00 1.342339375865879880e+01 5.308533341447034537e-02
4.250000000000000000e+00 1.342339375865879880e+01 5.291312876129443399e-02
1.750000000000000000e+00 1.428941916244323274e+01 4.884729649799495615e-02
2.750000000000000000e+00 1.428941916244323274e+01 4.860637465985306882e-02
3.250000000000000000e+00 1.515544456622767377e+01 4.555336500584162424e-02
4.250000000000000000e+00 1.515544456622767377e+01 4.530962333295651678e-02
1.750000000000000000e+00 1.602146997001211304e+01 6.138370014751404896e-02
2.750000000000000000e+00 1.602146997001211304e+01 6.124403095970470945e-02
3.250000000000000000e+00 1.688749537379655408e+01 4.685809845826159614e-02
4.250000000000000000e+00 1.688749537379655408e+01 4.675225686590577662e-02
1.750000000000000000e+00 1.775352077758098801e+01 4.870052250854067788e-02
2.750000000000000000e+00 1.775352077758098801e+01 4.862287480453972993e-02
3.250000000000000000e+00 1.861954618136542905e+01 6.585247798035268052e-02
4.250000000000000000e+00 1.861954618136542905e+01 6.581923640560760624e-02
1.750000000000000000e+00 1.948557158514986298e+01 5.064442321590110346e-02
2.750000000000000000e+00 1.948557158514986298e+01 5.061143213715130207e-02
3.250000000000000000e+00 2.035159698893430402e+01 7.079710283818679839e-02
4.250000000000000000e+00 2.035159698893430402e+01 7.078560534135726334e-02
1.750000000000000000e+00 2.121762239271873796e+01 5.791835855586457971e-02
2.750000000000000000e+00 2.121762239271873796e+01 5.790749595189071536e-02
3.250000000000000000e+00 2.208364779650317899e+01 9.598024759434214959e-02
4.250000000000000000e+00 2.208364779650317899e+01 9.597577522990734245e-02
1.750000000000000000e+00 2.294967320028762003e+01 1.340602195025551169e-01
2.750000000000000000e+00 2.294967320028762003e+01 1.340576198361752291e-01
3.250000000000000000e+00 2.381569860407206107e+01 3.634516327433028049e-02
4.250000000000000000e+00 2.381569860407206107e+01 3.634361017436723434e-02
1.750000000000000000e+00 2.468172400785649501e+01 1.892450469119144330e-01
2.750000000000000000e+00 2.468172400785649501e+01 1.892446276953869411e-01
3.250000000000000000e+00 2.554774941164093605e+01 2.091812893324347944e-01
4.250000000000000000e+00 2.554774941164093605e+01 2.091806330640381684e-01
4.750000000000000000e+00 -2.554774941164094315e+01 2.091815958311953327e-01
5.750000000000000000e+00 -2.554774941164094315e+01 2.091812926428200936e-01
6.250000000000000000e+00 -2.468172400785650566e+01 1.892451546254147465e-01
7.250000000000000000e+00 -2.468172400785650566e+01 1.892450271574585563e-01
4.750000000000000000e+00 -2.381569860407206463e+01 3.634560440755345984e-02
5.750000000000000000e+00 -2.381569860407206463e+01 3.634498395189339481e-02
6.250000000000000000e+00 -2.294967320028762714e+01 1.340613530368023887e-01
7.250000000000000000e+00 -2.294967320028762714e+01 1.340606165201259914e-01
4.750000000000000000e+00 -2.208364779650318965e+01 9.598005465970843586e-02
5.750000000000000000e+00 -2.208364779650318965e+01 9.597832291955114836e-02
6.250000000000000000e+00 -2.121762239271875217e+01 5.792357540048051479e-02
7.250000000000000000e+00 -2.121762239271875217e+01 5.792080644046443405e-02
4.750000000000000000e+00 -2.035159698893431113e+01 7.079545732656002122e-02
5.750000000000000000e+00 -2.035159698893431113e+01 7.079004022587333245e-02
6.250000000000000000e+00 -1.948557158514987364e+01 5.065353907934405653e-02
7.250000000000000000e+00 -1.948557158514987364e+01 5.064605461259182734e-02
4.750000000000000000e+00 -1.861954618136543615e+01 6.586808683303110867e-02
5.750000000000000000e+00 -1.861954618136543615e+01 6.584815549291517245e-02
6.250000000000000000e+00 -1.775352077758099512e+01 4.869163712179239156e-02
7.250000000000000000e+00 -1.775352077758099512e+01 4.867687417662618088e-02
4.750000000000000000e+00 -1.688749537379655763e+01 4.693337434802637154e-02
5.750000000000000000e+00 -1.688749537379655763e+01 4.688026693657307981e-02
6.250000000000000000e+00 -1.602146997001212014e+01 6.143440796195019649e-02
7.250000000000000000e+00 -1.602146997001212014e+01 6.138539479441061653e-02
4.750000000000000000e+00 -1.515544456622767733e+01 4.553638143176323011e-02
5.750000000000000000e+00 -1.515544456622767733e+01 4.546842533328780689e-02
6.250000000000000000e+00 -1.428941916244323806e+01 4.935599054936656849e-02
7.250000000000000000e+00 -1.428941916244323806e+01 4.919687034942357706e-02
4.750000000000000000e+00 -1.342339375865880058e+01 5.295960598259009944e-02
5.750000000000000000e+00 -1.342339375865880058e+01 5.280941057446619097e-02
6.250000000000000000e+00 -1.255736835487436132e+01 4.624205625819435145e-02
7.250000000000000000e+00 -1.255736835487436132e+01 4.612946214821800339e-02
4.750000000000000000e+00 -1.169134295108992383e+01 4.900537829788267213e-02
5.750000000000000000e+00 -1.169134295108992383e+01 4.845812973148063557e-02
6.250000000000000000e+00 -1.082531754730548457e+01 4.806903230879550765e-02
7.250000000000000000e+00 -1.082531754730548457e+01 4.805626676405057307e-02
4.750000000000000000e+00 -9.959292143521047080e+00 4.694084972919092269e-02
5.750000000000000000e+00 -9.959292143521047080e+00 4.695498004050435714e-02
6.250000000000000000e+00 -9.093266739736607818e+00 4.787832366498383230e-02
7.250000000000000000e+00 -9.093266739736607818e+00 4.686227088628728416e-02
4.750000000000000000e+00 -8.227241335952170331e+00 4.484227484827062182e-02
5.750000000000000000e+00 -8.227241335952170331e+00 4.594947749271733467e-02
6.250000000000000000e+00 -7.361215932167732845e+00 4.663787805332506725e-02
7.250000000000000000e+00 -7.361215932167732845e+00 4.734917831778586578e-02
4.750000000000000000e+00 -6.495190528383291806e+00 4.689662319334000212e-02
5.750000000000000000e+00 -6.495190528383291806e+00 4.559780939793925403e-02
6.250000000000000000e+00 -5.629165124598854320e+00 4.313135480996180271e-02
7.250000000000000000e+00 -5.629165124598854320e+00 4.552861074571606936e-02
4.750000000000000000e+00 -4.763139720814413280e+00 4.427960283712197020e-02
5.750000000000000000e+00 -4.763139720814413280e+00 4.812111600663791094e-02
6.250000000000000000e+00 -3.897114317029975794e+00 4.759167514905310314e-02
7.250000000000000000e+00 -3.897114317029975794e+00 4.534995266142653053e-02
4.750000000000000000e+00 -3.031088913245538308e+00 4.003486372907812119e-02
5.750000000000000000e+00 -3.031088913245538308e+00 4.505217604383941754e-02
6.250000000000000000e+00 -2.165063509461100821e+00 3.948416897216636134e-02
7.250000000000000000e+00 -2.165063509461100821e+00 4.810398636787711207e-02
4.750000000000000000e+00 -1.299038105676659782e+00 4.733930870145483527e-02
5.750000000000000000e+00 -1.299038105676659782e+00 4.637724843948690806e-02
6.250000000000000000e+00 -4.330127018922222959e-01 4.314410636859417059e-02
7.250000000000000000e+00 -4.330127018922222959e-01 4.546241520253538337e-02
4.750000000000000000e+00 4.330127018922151905e-01 3.557816707721071781e-02
5.750000000000000000e+00 4.330127018922151905e-01 4.648458179490012887e-02
6.250000000000000000e+00 1.299038105676652677e+00 4.314090622961313376e-02
7.250000000000000000e+00 1.299038105676652677e+00 4.546114952243848067e-02
4.750000000000000000e+00 2.165063509461093716e+00 4.734324266044183382e-02
5.750000000000000000e+00 2.165063509461093716e+00 4.638162378016308374e-02
6.250000000000000000e+00 3.031088913245531202e+00 3.947692719336406975e-02
7.250000000000000000e+00 3.031088913245531202e+00 4.809951812206714195e-02
4.750000000000000000e+00 3.897114317029972241e+00 4.004061657772654131e-02
5.750000000000000000e+00 3.897114317029972241e+00 4.505728465573244357e-02
6.250000000000000000e+00 4.763139720814409728e+00 4.760893274499147787e-02
7.250000000000000000e+00 4.763139720814409728e+00 4.536709448779270570e-02
4.750000000000000000e+00 5.629165124598847214e+00 4.423437621752927817e-02
5.750000000000000000e+00 5.629165124598847214e+00 4.807781311189481682e-02
6.250000000000000000e+00 6.495190528383284700e+00 4.325568269066176752e-02
7.250000000000000000e+00 6.495190528383284700e+00 4.565532098790962140e-02
4.750000000000000000e+00 7.361215932167725740e+00 4.679900662506054215e-02
5.750000000000000000e+00 7.361215932167725740e+00 4.549617376528727192e-02
6.250000000000000000e+00 8.227241335952166779e+00 4.667603198462327851e-02
7.250000000000000000e+00 8.227241335952166779e+00 4.739121163334503173e-02
4.750000000000000000e+00 9.093266739736600712e+00 4.539043802986025833e-02
5.750000000000000000e+00 9.093266739736600712e+00 4.648836335926062602e-02
6.250000000000000000e+00 9.959292143521041751e+00 4.694398923293183201e-02
7.250000000000000000e+00 9.959292143521041751e+00 4.592237944360177959e-02
4.750000000000000000e+00 1.082531754730548279e+01 4.844622330579768932e-02
5.750000000000000000e+00 1.082531754730548279e+01 4.846322820582016355e-02
6.250000000000000000e+00 1.169134295108992383e+01 4.847449527132891012e-02
7.250000000000000000e+00 1.169134295108992383e+01 4.846020951486915140e-02
4.750000000000000000e+00 1.255736835487435776e+01 4.615030486979480873e-02
5.750000000000000000e+00 1.255736835487435776e+01 4.560123912549934877e-02
6.250000000000000000e+00 1.342339375865879880e+01 5.316378369718477437e-02
7.250000000000000000e+00 1.342339375865879880e+01 5.305624452204421582e-02
4.750000000000000000e+00 1.428941916244323274e+01 4.909321069924607595e-02
5.750000000000000000e+00 1.428941916244323274e+01 4.893500548676702616e-02
6.250000000000000000e+00 1.515544456622767377e+01 4.556682374843068484e-02
7.250000000000000000e+00 1.515544456622767377e+01 4.540571209195906621e-02
4.750000000000000000e+00 1.602146997001211304e+01 6.142474467959802009e-02
5.750000000000000000e+00 1.602146997001211304e+01 6.135951777719261813e-02
6.250000000000000000e+00 1.688749537379655408e+01 4.689448383831312794e-02
7.250000000000000000e+00 1.688749537379655408e+01 4.684439356199806420e-02
4.750000000000000000e+00 1.775352077758098801e+01 4.870020095146292832e-02
5.750000000000000000e+00 1.775352077758098801e+01 4.864858184082818116e-02
6.250000000000000000e+00 1.861954618136542905e+01 6.586557842289195164e-02
7.250000000000000000e+00 1.861954618136542905e+01 6.585279177838430920e-02
4.750000000000000000e+00 1.948557158514986298e+01 5.064700514204571735e-02
5.750000000000000000e+00 1.948557158514986298e+01 5.062500995051842645e-02
6.250000000000000000e+00 2.035159698893430402e+01 7.079830281404034253e-02
7.250000000000000000e+00 2.035159698893430402e+01 7.079140478619311283e-02
4.750000000000000000e+00 2.121762239271873796e+01 5.792058678162974317e-02
5.750000000000000000e+00 2.121762239271873796e+01 5.791492494919563833e-02
6.250000000000000000e+00 2.208364779650317899e+01 9.598005109525845069e-02
7.250000000000000000e+00 2.208364779650317899e+01 9.597720625179707865e-02
4.750000000000000000e+00 2.294967320028762003e+01 1.340610276088568253e-01
5.750000000000000000e+00 2.294967320028762003e+01 1.340598291585699264e-01
6.250000000000000000e+00 2.381569860407206107e+01 3.634532072282359305e-02
7.250000000000000000e+00 2.381569860407206107e+01 3.634449876211046093e-02
4.750000000000000000e+00 2.468172400785649501e+01 1.892451657428906031e-01
5.750000000000000000e+00 2.468172400785649501e+01 1.892449622919125107e-01
6.250000000000000000e+00 2.554774941164093605e+01 2.091814826420303475e-01
7.250000000000000000e+00 2.554774941164093605e+01 2.091811916831914364e-01
