-7.250000000000000000e+00 -2.554774941164094315e+01 1.231950777410042996e-01
-6.250000000000000000e+00 -2.554774941164094315e+01 1.231949012243388486e-01
-5.750000000000000000e+00 -2.468172400785650566e+01 1.228772246658175471e-01
-4.750000000000000000e+00 -2.468172400785650566e+01 1.228769388007398544e-01
-7.250000000000000000e+00 -2.381569860407206463e+01 7.915250793688079212e-02
-6.250000000000000000e+00 -2.381569860407206463e+01 7.915212631990371783e-02
-5.750000000000000000e+00 -2.294967320028762714e+01 2.233986090096560517e-01
-4.750000000000000000e+00 -2.294967320028762714e+01 2.233972093400287129e-01
-7.250000000000000000e+00 -2.208364779650318965e+01 2.352150797014277983e-01
-6.250000000000000000e+00 -2.208364779650318965e+01 2.352130778584850257e-01
-5.750000000000000000e+00 -2.121762239271875217e+01 2.341974749667077305e-01
-4.750000000000000000e+00 -2.121762239271875217e+01 2.341922278186185924e-01
-7.250000000000000000e+00 -2.035159698893431113e+01 3.439015153633618871e-01
-6.250000000000000000e+00 -2.035159698893431113e+01 3.438930878402816638e-01
-5.750000000000000000e+00 -1.948557158514987364e+01 3.466821998895859291e-01
-4.750000000000000000e+00 -1.948557158514987364e+01 3.466609342548316874e-01
-7.250000000000000000e+00 -1.861954618136543615e+01 3.384905048527840354e-01
-6.250000000000000000e+00 -1.861954618136543615e+01 3.384589458105592974e-01
-5.750000000000000000e+00 -1.775352077758099512e+01 3.748761340102997330e-01
-4.750000000000000000e+00 -1.775352077758099512e+01 3.747939543078865343e-01
-7.250000000000000000e+00 -1.688749537379655763e+01 3.549735804316940802e-01
-6.250000000000000000e+00 -1.688749537379655763e+01 3.548591919668511174e-01
-5.750000000000000000e+00 -1.602146997001212014e+01 3.360497296168954429e-01
-4.750000000000000000e+00 -1.602146997001212014e+01 3.357584623192633733e-01
-7.250000000000000000e+00 -1.515544456622767733e+01 3.331603648847620280e-01
-6.250000000000000000e+00 -1.515544456622767733e+01 3.327777965833759732e-01
-5.750000000000000000e+00 -1.428941916244323806e+01 3.156662679710531272e-01
-4.750000000000000000e+00 -1.428941916244323806e+01 3.147169759745265805e-01
-7.250000000000000000e+00 -1.342339375865880058e+01 3.053333405843382531e-01
-6.250000000000000000e+00 -1.342339375865880058e+01 3.041665100134487987e-01
-5.750000000000000000e+00 -1.255736835487436132e+01 3.001948583860006847e-01
-4.750000000000000000e+00 -1.255736835487436132e+01 2.974003493932939057e-01
-7.250000000000000000e+00 -1.169134295108992383e+01 2.941653690112638331e-01
-6.250000000000000000e+00 -1.169134295108992383e+01 2.909366204202336603e-01
-5.750000000000000000e+00 -1.082531754730548457e+01 2.916182636333808920e-01
-4.750000000000000000e+00 -1.082531754730548457e+01 2.842413300728974246e-01
-7.250000000000000000e+00 -9.959292143521047080e+00 2.900561197907389754e-01
-6.250000000000000000e+00 -9.959292143521047080e+00 2.821030855086927858e-01
-5.750000000000000000e+00 -9.093266739736607818e+00 2.890837343354193401e-01
-4.750000000000000000e+00 -9.093266739736607818e+00 2.716931366619472210e-01
-7.250000000000000000e+00 -8.227241335952170331e+00 2.885662948409746242e-01
-6.250000000000000000e+00 -8.227241335952170331e+00 2.713196678729005717e-01
-5.750000000000000000e+00 -7.361215932167732845e+00 2.884762759565469015e-01
-4.750000000000000000e+00 -7.361215932167732845e+00 2.525604983648110924e-01
-7.250000000000000000e+00 -6.495190528383291806e+00 2.883156345784787522e-01
-6.250000000000000000e+00 -6.495190528383291806e+00 2.551800411405203972e-01
-5.750000000000000000e+00 -5.629165124598854320e+00 2.881429635202842343e-01
-4.750000000000000000e+00 -5.629165124598854320e+00 2.239304319033170176e-01
-7.250000000000000000e+00 -4.763139720814413280e+00 2.884293284473993246e-01
-6.250000000000000000e+00 -4.763139720814413280e+00 2.326007531996201194e-01
-5.750000000000000000e+00 -3.897114317029975794e+00 2.887205703355120168e-01
-4.750000000000000000e+00 -3.897114317029975794e+00 1.876779883591009335e-01
-7.250000000000000000e+00 -3.031088913245538308e+00 2.881614151322935413e-01
-6.250000000000000000e+00 -3.031088913245538308e+00 2.077733347443803669e-01
-5.750000000000000000e+00 -2.165063509461100821e+00 2.894491510529862421e-01
-4.750000000000000000e+00 -2.165063509461100821e+00 1.508922827570529923e-01
-7.250000000000000000e+00 -1.299038105676659782e+00 2.883044562809393141e-01
-6.250000000000000000e+00 -1.299038105676659782e+00 1.876706947936457037e-01
-5.750000000000000000e+00 -4.330127018922222959e-01 2.884195828861078614e-01
-4.750000000000000000e+00 -4.330127018922222959e-01 1.292175411664604201e-01
-7.250000000000000000e+00 4.330127018922151905e-01 2.887796461651901403e-01
-6.250000000000000000e+00 4.330127018922151905e-01 1.787473563163251566e-01
-5.750000000000000000e+00 1.299038105676652677e+00 2.884199429555255878e-01
-4.750000000000000000e+00 1.299038105676652677e+00 1.292180618395427638e-01
-7.250000000000000000e+00 2.165063509461093716e+00 2.883051562423482594e-01
-6.250000000000000000e+00 2.165063509461093716e+00 1.876714425985962220e-01
-5.750000000000000000e+00 3.031088913245531202e+00 2.894512579347546799e-01
-4.750000000000000000e+00 3.031088913245531202e+00 1.508944522300832425e-01
-7.250000000000000000e+00 3.897114317029972241e+00 2.881660795891443083e-01
-6.250000000000000000e+00 3.897114317029972241e+00 2.077788523481867156e-01
-5.750000000000000000e+00 4.763139720814409728e+00 2.887289289662617886e-01
-4.750000000000000000e+00 4.763139720814409728e+00 1.876860885529033907e-01
-7.250000000000000000e+00 5.629165124598847214e+00 2.884570686019015118e-01
-6.250000000000000000e+00 5.629165124598847214e+00 2.326296640786823522e-01
-5.750000000000000000e+00 6.495190528383284700e+00 2.881878624892530993e-01
-4.750000000000000000e+00 6.495190528383284700e+00 2.239745855839166411e-01
-7.250000000000000000e+00 7.361215932167725740e+00 2.884290077196338120e-01
-6.250000000000000000e+00 7.361215932167725740e+00 2.552931205643193535e-01
-5.750000000000000000e+00 8.227241335952166779e+00 2.887429474112075956e-01
-4.750000000000000000e+00 8.227241335952166779e+00 2.528230274566419800e-01
-7.250000000000000000e+00 9.093266739736600712e+00 2.889427418512994228e-01
-6.250000000000000000e+00 9.093266739736600712e+00 2.716950527190308273e-01
-5.750000000000000000e+00 9.959292143521041751e+00 2.901759106536900834e-01
-4.750000000000000000e+00 9.959292143521041751e+00 2.727776959712338023e-01
-7.250000000000000000e+00 1.082531754730548279e+01 2.916186859412557286e-01
-6.250000000000000000e+00 1.082531754730548279e+01 2.836631470060025917e-01
-5.750000000000000000e+00 1.169134295108992383e+01 2.941720491023934736e-01
-4.750000000000000000e+00 1.169134295108992383e+01 2.867895123920641276e-01
-7.250000000000000000e+00 1.255736835487435776e+01 3.002127929717408605e-01
-6.250000000000000000e+00 1.255736835487435776e+01 2.969778145924213963e-01
-5.750000000000000000e+00 1.342339375865879880e+01 3.053310406561398627e-01
-4.750000000000000000e+00 1.342339375865879880e+01 3.025311846234725044e-01
-7.250000000000000000e+00 1.428941916244323274e+01 3.156679039844640378e-01
-6.250000000000000000e+00 1.428941916244323274e+01 3.144959261425095964e-01
-5.750000000000000000e+00 1.515544456622767377e+01 3.331627350049183311e-01
-4.750000000000000000e+00 1.515544456622767377e+01 3.322069927189977290e-01
-7.250000000000000000e+00 1.602146997001211304e+01 3.360489718973217466e-01
-6.250000000000000000e+00 1.602146997001211304e+01 3.356636666301513472e-01
-5.750000000000000000e+00 1.688749537379655408e+01 3.549741825535620565e-01
-4.750000000000000000e+00 1.688749537379655408e+01 3.546802050640537884e-01
-7.250000000000000000e+00 1.775352077758098801e+01 3.748762654700048547e-01
-6.250000000000000000e+00 1.775352077758098801e+01 3.747588878044318395e-01
-5.750000000000000000e+00 1.861954618136542905e+01 3.384903361048525183e-01
-4.750000000000000000e+00 1.861954618136542905e+01 3.384070081031940735e-01
-7.250000000000000000e+00 1.948557158514986298e+01 3.466822364423163827e-01
-6.250000000000000000e+00 1.948557158514986298e+01 3.466495678078526654e-01
-5.750000000000000000e+00 2.035159698893430402e+01 3.439014298225577249e-01
-4.750000000000000000e+00 2.035159698893430402e+01 3.438787073495935820e-01
-7.250000000000000000e+00 2.121762239271873796e+01 2.341973855718103292e-01
-6.250000000000000000e+00 2.121762239271873796e+01 2.341891022170682901e-01
-5.750000000000000000e+00 2.208364779650317899e+01 2.352150265796688622e-01
-4.750000000000000000e+00 2.208364779650317899e+01 2.352095956058188331e-01
-7.250000000000000000e+00 2.294967320028762003e+01 2.233985752187074847e-01
-6.250000000000000000e+00 2.294967320028762003e+01 2.233962607043365467e-01
-5.750000000000000000e+00 2.381569860407206107e+01 7.915249327386988942e-02
-4.750000000000000000e+00 2.381569860407206107e+01 7.915139829933970361e-02
-7.250000000000000000e+00 2.468172400785649501e+01 1.228772198701593155e-01
-6.250000000000000000e+00 2.468172400785649501e+01 1.228766942313261334e-01
-5.750000000000000000e+00 2.554774941164093605e+01 1.231950788369296362e-01
-4.750000000000000000e+00 2.554774941164093605e+01 1.231945493103758227e-01
-4.250000000000000000e+00 -2.554774941164094315e+01 1.231950745889086041e-01
-3.250000000000000000e+00 -2.554774941164094315e+01 1.231947940930357838e-01
-2.750000000000000000e+00 -2.468172400785650566e+01 1.228772194126296902e-01
-1.750000000000000000e+00 -2.468172400785650566e+01 1.228769236730058168e-01
-4.250000000000000000e+00 -2.381569860407206463e+01 7.915250482284025280e-02
-3.250000000000000000e+00 -2.381569860407206463e+01 7.915190171555618048e-02
-2.750000000000000000e+00 -2.294967320028762714e+01 2.233985960453960529e-01
-1.750000000000000000e+00 -2.294967320028762714e+01 2.233969524868084366e-01
-4.250000000000000000e+00 -2.208364779650318965e+01 2.352150734418341771e-01
-3.250000000000000000e+00 -2.208364779650318965e+01 2.352122184006932293e-01
-2.750000000000000000e+00 -2.121762239271875217e+01 2.341974690631705713e-01
-1.750000000000000000e+00 -2.121762239271875217e+01 2.341908427388090796e-01
-4.250000000000000000e+00 -2.035159698893431113e+01 3.439015662085242453e-01
-3.250000000000000000e+00 -2.035159698893431113e+01 3.438886841189837118e-01
-2.750000000000000000e+00 -1.948557158514987364e+01 3.466821784243663274e-01
-1.750000000000000000e+00 -1.948557158514987364e+01 3.466545822813596467e-01
-4.250000000000000000e+00 -1.861954618136543615e+01 3.384906468996498052e-01
-3.250000000000000000e+00 -1.861954618136543615e+01 3.384393845048571103e-01
-2.750000000000000000e+00 -1.775352077758099512e+01 3.748763069238943979e-01
-1.750000000000000000e+00 -1.775352077758099512e+01 3.747637952451275400e-01
-4.250000000000000000e+00 -1.688749537379655763e+01 3.549735351238280101e-01
-3.250000000000000000e+00 -1.688749537379655763e+01 3.547807614765968731e-01
-2.750000000000000000e+00 -1.602146997001212014e+01 3.360502854805709205e-01
-1.750000000000000000e+00 -1.602146997001212014e+01 3.356336737223631350e-01
-4.250000000000000000e+00 -1.515544456622767733e+01 3.331613436377728887e-01
-3.250000000000000000e+00 -1.515544456622767733e+01 3.324902990242571410e-01
-2.750000000000000000e+00 -1.428941916244323806e+01 3.156653678798836404e-01
-1.750000000000000000e+00 -1.428941916244323806e+01 3.142738084784768571e-01
-4.250000000000000000e+00 -1.342339375865880058e+01 3.053391630872086537e-01
-3.250000000000000000e+00 -1.342339375865880058e+01 3.032259883988108196e-01
-2.750000000000000000e+00 -1.255736835487436132e+01 3.001985859156228731e-01
-1.750000000000000000e+00 -1.255736835487436132e+01 2.960172936518635223e-01
-4.250000000000000000e+00 -1.169134295108992383e+01 2.941663744318426810e-01
-3.250000000000000000e+00 -1.169134295108992383e+01 2.881985852469280962e-01
-2.750000000000000000e+00 -1.082531754730548457e+01 2.916531038233692863e-01
-1.750000000000000000e+00 -1.082531754730548457e+01 2.804270202199037332e-01
-4.250000000000000000e+00 -9.959292143521047080e+00 2.900326697629814765e-01
-3.250000000000000000e+00 -9.959292143521047080e+00 2.750796769575262202e-01
-2.750000000000000000e+00 -9.093266739736607818e+00 2.890706506260566910e-01
-1.750000000000000000e+00 -9.093266739736607818e+00 2.623888861343801060e-01
-4.250000000000000000e+00 -8.227241335952170331e+00 2.887422516999533229e-01
-3.250000000000000000e+00 -8.227241335952170331e+00 2.555550668980131612e-01
-2.750000000000000000e+00 -7.361215932167732845e+00 2.883006289744108885e-01
-1.750000000000000000e+00 -7.361215932167732845e+00 2.327859620711822120e-01
-4.250000000000000000e+00 -6.495190528383291806e+00 2.891770978019823635e-01
-3.250000000000000000e+00 -6.495190528383291806e+00 2.239738444444624998e-01
-2.750000000000000000e+00 -5.629165124598854320e+00 2.893276806628264364e-01
-1.750000000000000000e+00 -5.629165124598854320e+00 1.877126296941081518e-01
-4.250000000000000000e+00 -4.763139720814413280e+00 2.892989125185248533e-01
-3.250000000000000000e+00 -4.763139720814413280e+00 1.787614575050650578e-01
-2.750000000000000000e+00 -3.897114317029975794e+00 2.941350678682999598e-01
-1.750000000000000000e+00 -3.897114317029975794e+00 1.292237737202771297e-01
-4.250000000000000000e+00 -3.031088913245538308e+00 2.881289782419170775e-01
-3.250000000000000000e+00 -3.031088913245538308e+00 1.292195360545140836e-01
-2.750000000000000000e+00 -2.165063509461100821e+00 2.958560530518392628e-01
-1.750000000000000000e+00 -2.165063509461100821e+00 6.844252412036980204e-02
-4.250000000000000000e+00 -1.299038105676659782e+00 2.898743987697826596e-01
-3.250000000000000000e+00 -1.299038105676659782e+00 8.853014402120630566e-02
-2.750000000000000000e+00 -4.330127018922222959e-01 2.896556097515316508e-01
-1.750000000000000000e+00 -4.330127018922222959e-01 3.442958299734270866e-02
-4.250000000000000000e+00 4.330127018922151905e-01 2.924195078431078842e-01
-3.250000000000000000e+00 4.330127018922151905e-01 6.844247341583128974e-02
-2.750000000000000000e+00 1.299038105676652677e+00 2.896559845409752976e-01
-1.750000000000000000e+00 1.299038105676652677e+00 3.442961073252669840e-02
-4.250000000000000000e+00 2.165063509461093716e+00 2.898747683022157018e-01
-3.250000000000000000e+00 2.165063509461093716e+00 8.853085176471686690e-02
-2.750000000000000000e+00 3.031088913245531202e+00 2.958573338456370605e-01
-1.750000000000000000e+00 3.031088913245531202e+00 6.844346417864174970e-02
-4.250000000000000000e+00 3.897114317029972241e+00 2.881338258045197387e-01
-3.250000000000000000e+00 3.897114317029972241e+00 1.292237897505749411e-01
-2.750000000000000000e+00 4.763139720814409728e+00 2.941410644713716160e-01
-1.750000000000000000e+00 4.763139720814409728e+00 1.292305826327750928e-01
-4.250000000000000000e+00 5.629165124598847214e+00 2.893277764307436439e-01
-3.250000000000000000e+00 5.629165124598847214e+00 1.787871521155595111e-01
-2.750000000000000000e+00 6.495190528383284700e+00 2.893707906499621840e-01
-1.750000000000000000e+00 6.495190528383284700e+00 1.877561570125584334e-01
-4.250000000000000000e+00 7.361215932167725740e+00 2.892903451657153346e-01
-3.250000000000000000e+00 7.361215932167725740e+00 2.240835332584020512e-01
-2.750000000000000000e+00 8.227241335952166779e+00 2.885663101816953735e-01
-1.750000000000000000e+00 8.227241335952166779e+00 2.330506812997079624e-01
-4.250000000000000000e+00 9.093266739736600712e+00 2.891173835672106174e-01
-3.250000000000000000e+00 9.093266739736600712e+00 2.559281519706375629e-01
-2.750000000000000000e+00 9.959292143521041751e+00 2.901594352221696371e-01
-1.750000000000000000e+00 9.959292143521041751e+00 2.634805302420649142e-01
-4.250000000000000000e+00 1.082531754730548279e+01 2.915955732286842905e-01
-3.250000000000000000e+00 1.082531754730548279e+01 2.766381057828313228e-01
-2.750000000000000000e+00 1.169134295108992383e+01 2.942037684740392289e-01
-1.750000000000000000e+00 1.169134295108992383e+01 2.829833691210563162e-01
-4.250000000000000000e+00 1.255736835487435776e+01 3.002133347494607696e-01
-3.250000000000000000e+00 1.255736835487435776e+01 2.942410674513366575e-01
-2.750000000000000000e+00 1.342339375865879880e+01 3.053341678426898520e-01
-1.750000000000000000e+00 1.342339375865879880e+01 3.011548561332401119e-01
-4.250000000000000000e+00 1.428941916244323274e+01 3.156717512297867456e-01
-3.250000000000000000e+00 1.428941916244323274e+01 3.135580574609124205e-01
-2.750000000000000000e+00 1.515544456622767377e+01 3.331606081462230584e-01
-1.750000000000000000e+00 1.515544456622767377e+01 3.317710029299505425e-01
-4.250000000000000000e+00 1.602146997001211304e+01 3.360492232243236788e-01
-3.250000000000000000e+00 1.602146997001211304e+01 3.353761267644257416e-01
-2.750000000000000000e+00 1.688749537379655408e+01 3.549737738523487396e-01
-1.750000000000000000e+00 1.688749537379655408e+01 3.545596513445503639e-01
-4.250000000000000000e+00 1.775352077758098801e+01 3.748758481077258953e-01
-3.250000000000000000e+00 1.775352077758098801e+01 3.746802117907342411e-01
-2.750000000000000000e+00 1.861954618136542905e+01 3.384906612598591602e-01
-1.750000000000000000e+00 1.861954618136542905e+01 3.383772559956325643e-01
-4.250000000000000000e+00 1.948557158514986298e+01 3.466820053961947590e-01
-3.250000000000000000e+00 1.948557158514986298e+01 3.466303381989309651e-01
-2.750000000000000000e+00 2.035159698893430402e+01 3.439015313958167508e-01
-1.750000000000000000e+00 2.035159698893430402e+01 3.438725874570387475e-01
-4.250000000000000000e+00 2.121762239271873796e+01 2.341974138762942803e-01
-3.250000000000000000e+00 2.121762239271873796e+01 2.341842338147889224e-01
-2.750000000000000000e+00 2.208364779650317899e+01 2.352150397844020857e-01
-1.750000000000000000e+00 2.208364779650317899e+01 2.352085375197079664e-01
-4.250000000000000000e+00 2.294967320028762003e+01 2.233986064216401390e-01
-3.250000000000000000e+00 2.294967320028762003e+01 2.233949850413239069e-01
-2.750000000000000000e+00 2.381569860407206107e+01 7.915250563189239752e-02
-1.750000000000000000e+00 2.381569860407206107e+01 7.915101733973671505e-02
-4.250000000000000000e+00 2.468172400785649501e+01 1.228772239083555928e-01
-3.250000000000000000e+00 2.468172400785649501e+01 1.228764875981315230e-01
-2.750000000000000000e+00 2.554774941164093605e+01 1.231950810724586065e-01
-1.750000000000000000e+00 2.554774941164093605e+01 1.231943486930795195e-01
-1.250000000000000000e+00 -2.554774941164094315e+01 1.231950744294482980e-01
-2.500000000000000000e-01 -2.554774941164094315e+01 1.231947805230243081e-01
2.500000000000000000e-01 -2.468172400785650566e+01 1.228772177976788643e-01
1.250000000000000000e+00 -2.468172400785650566e+01 1.228770449274781545e-01
-1.250000000000000000e+00 -2.381569860407206463e+01 7.915250477013223429e-02
-2.500000000000000000e-01 -2.381569860407206463e+01 7.915186512960603604e-02
2.500000000000000000e-01 -2.294967320028762714e+01 2.233985878961051441e-01
1.250000000000000000e+00 -2.294967320028762714e+01 2.233973612803770437e-01
-1.250000000000000000e+00 -2.208364779650318965e+01 2.352150472403170545e-01
-2.500000000000000000e-01 -2.208364779650318965e+01 2.352123047775120657e-01
2.500000000000000000e-01 -2.121762239271875217e+01 2.341974663971086723e-01
1.250000000000000000e+00 -2.121762239271875217e+01 2.341914538808763935e-01
-1.250000000000000000e+00 -2.035159698893431113e+01 3.439014844360028800e-01
-2.500000000000000000e-01 -2.035159698893431113e+01 3.438880792339482073e-01
2.500000000000000000e-01 -1.948557158514987364e+01 3.466821381481561271e-01
1.250000000000000000e+00 -1.948557158514987364e+01 3.466554044232674769e-01
-1.250000000000000000e+00 -1.861954618136543615e+01 3.384906157486761158e-01
-2.500000000000000000e-01 -1.861954618136543615e+01 3.384323284004992494e-01
2.500000000000000000e-01 -1.775352077758099512e+01 3.748760052032246715e-01
1.250000000000000000e+00 -1.775352077758099512e+01 3.747648715188924839e-01
-1.250000000000000000e+00 -1.688749537379655763e+01 3.549735189046832051e-01
-2.500000000000000000e-01 -1.688749537379655763e+01 3.547461079272816731e-01
2.500000000000000000e-01 -1.602146997001212014e+01 3.360497937593321938e-01
1.250000000000000000e+00 -1.602146997001212014e+01 3.356334346015349968e-01
-1.250000000000000000e+00 -1.515544456622767733e+01 3.331619308627333798e-01
-2.500000000000000000e-01 -1.515544456622767733e+01 3.323552384755069089e-01
2.500000000000000000e-01 -1.428941916244323806e+01 3.156649421459188920e-01
1.250000000000000000e+00 -1.428941916244323806e+01 3.142710959651848213e-01
-1.250000000000000000e+00 -1.342339375865880058e+01 3.053403072567603127e-01
-2.500000000000000000e-01 -1.342339375865880058e+01 3.027676950098115438e-01
2.500000000000000000e-01 -1.255736835487436132e+01 3.002010064202080830e-01
1.250000000000000000e+00 -1.255736835487436132e+01 2.960143549900960958e-01
-1.250000000000000000e+00 -1.169134295108992383e+01 2.941572042168790757e-01
-2.500000000000000000e-01 -1.169134295108992383e+01 2.868368609345549602e-01
2.500000000000000000e-01 -1.082531754730548457e+01 2.916482843000463565e-01
1.250000000000000000e+00 -1.082531754730548457e+01 2.804253445081288931e-01
-1.250000000000000000e+00 -9.959292143521047080e+00 2.900462936468959363e-01
-2.500000000000000000e-01 -9.959292143521047080e+00 2.715411411623641635e-01
2.500000000000000000e-01 -9.093266739736607818e+00 2.889993905471689994e-01
1.250000000000000000e+00 -9.093266739736607818e+00 2.623884375352741882e-01
-1.250000000000000000e+00 -8.227241335952170331e+00 2.888810413084781370e-01
-2.500000000000000000e-01 -8.227241335952170331e+00 2.475085089748347289e-01
2.500000000000000000e-01 -7.361215932167732845e+00 2.883591879031916494e-01
1.250000000000000000e+00 -7.361215932167732845e+00 2.327874145856154708e-01
-1.250000000000000000e+00 -6.495190528383291806e+00 2.888018777344495414e-01
-2.500000000000000000e-01 -6.495190528383291806e+00 2.078603737218034930e-01
2.500000000000000000e-01 -5.629165124598854320e+00 2.894911512056232983e-01
1.250000000000000000e+00 -5.629165124598854320e+00 1.877152429520785315e-01
-1.250000000000000000e+00 -4.763139720814413280e+00 2.881416086390747866e-01
-2.500000000000000000e-01 -4.763139720814413280e+00 1.509071828988321762e-01
2.500000000000000000e-01 -3.897114317029975794e+00 2.898815569562958605e-01
1.250000000000000000e+00 -3.897114317029975794e+00 1.292257814175380715e-01
-1.250000000000000000e+00 -3.031088913245538308e+00 2.958578257033778192e-01
-2.500000000000000000e-01 -3.031088913245538308e+00 8.853233926868991910e-02
2.500000000000000000e-01 -2.165063509461100821e+00 2.896564254233775504e-01
1.250000000000000000e+00 -2.165063509461100821e+00 6.844328811433648962e-02
-1.250000000000000000e+00 -1.299038105676659782e+00 3.237286228971525404e-01
-2.500000000000000000e-01 -1.299038105676659782e+00 3.442961637606229558e-02
2.500000000000000000e-01 -4.330127018922222959e-01 3.432984261819098104e-01
1.250000000000000000e+00 -4.330127018922222959e-01 3.442958299734327765e-02
-1.250000000000000000e+00 4.330127018922151905e-01 3.432989327731680307e-01
-2.500000000000000000e-01 4.330127018922151905e-01 5.165506673392755934e-07
2.500000000000000000e-01 1.299038105676652677e+00 3.433002872816289242e-01
1.250000000000000000e+00 1.299038105676652677e+00 3.443000278791982782e-02
-1.250000000000000000e+00 2.165063509461093716e+00 3.237288969430681673e-01
-2.500000000000000000e-01 2.165063509461093716e+00 3.442992566343723582e-02
2.500000000000000000e-01 3.031088913245531202e+00 2.896584386569204250e-01
1.250000000000000000e+00 3.031088913245531202e+00 6.844563564600091021e-02
-1.250000000000000000e+00 3.897114317029972241e+00 2.958630036342466130e-01
-2.500000000000000000e-01 3.897114317029972241e+00 8.853680161300987728e-02
2.500000000000000000e-01 4.763139720814409728e+00 2.898894001014012400e-01
1.250000000000000000e+00 4.763139720814409728e+00 1.292350803321424824e-01
-1.250000000000000000e+00 5.629165124598847214e+00 2.881695081136989578e-01
-2.500000000000000000e-01 5.629165124598847214e+00 1.509357838666764429e-01
2.500000000000000000e-01 6.495190528383284700e+00 2.895373100362397811e-01
1.250000000000000000e+00 6.495190528383284700e+00 1.877625125607195467e-01
-1.250000000000000000e+00 7.361215932167725740e+00 2.889127224220413570e-01
-2.500000000000000000e-01 7.361215932167725740e+00 2.079762103267152051e-01
2.500000000000000000e-01 8.227241335952166779e+00 2.886256759860346688e-01
1.250000000000000000e+00 8.227241335952166779e+00 2.330573349975640363e-01
-1.250000000000000000e+00 9.093266739736600712e+00 2.892560176597583910e-01
-2.500000000000000000e-01 9.093266739736600712e+00 2.478892794871148109e-01
2.500000000000000000e-01 9.959292143521041751e+00 2.900883198137804708e-01
1.250000000000000000e+00 9.959292143521041751e+00 2.634840593169857637e-01
-1.250000000000000000e+00 1.082531754730548279e+01 2.916094421645109014e-01
-2.500000000000000000e-01 1.082531754730548279e+01 2.731098609386806153e-01
2.500000000000000000e-01 1.169134295108992383e+01 2.942018849226671895e-01
1.250000000000000000e+00 1.169134295108992383e+01 2.829836478796312060e-01
-1.250000000000000000e+00 1.255736835487435776e+01 3.002021393349131317e-01
-2.500000000000000000e-01 1.255736835487435776e+01 2.928915343986967512e-01
2.500000000000000000e-01 1.342339375865879880e+01 3.053383825425203812e-01
1.250000000000000000e+00 1.342339375865879880e+01 3.011565154191646609e-01
-1.250000000000000000e+00 1.428941916244323274e+01 3.156725830323580118e-01
-2.500000000000000000e-01 1.428941916244323274e+01 3.131083976640354760e-01
2.500000000000000000e-01 1.515544456622767377e+01 3.331602763493194397e-01
1.250000000000000000e+00 1.515544456622767377e+01 3.317741139923413018e-01
-1.250000000000000000e+00 1.602146997001211304e+01 3.360508219275202269e-01
-2.500000000000000000e-01 1.602146997001211304e+01 3.352472139283287911e-01
2.500000000000000000e-01 1.688749537379655408e+01 3.549742677125661272e-01
1.250000000000000000e+00 1.688749537379655408e+01 3.545626251707283960e-01
-1.250000000000000000e+00 1.775352077758098801e+01 3.748759582308180960e-01
-2.500000000000000000e-01 1.775352077758098801e+01 3.746510087896004482e-01
2.500000000000000000e-01 1.861954618136542905e+01 3.384910285439233224e-01
1.250000000000000000e+00 1.861954618136542905e+01 3.383811205752442208e-01
-1.250000000000000000e+00 1.948557158514986298e+01 3.466821017592924825e-01
-2.500000000000000000e-01 1.948557158514986298e+01 3.466253255385191023e-01
2.500000000000000000e-01 2.035159698893430402e+01 3.439015221254466126e-01
1.250000000000000000e+00 2.035159698893430402e+01 3.438758412335114478e-01
-1.250000000000000000e+00 2.121762239271873796e+01 2.341975242899561049e-01
-2.500000000000000000e-01 2.121762239271873796e+01 2.341834919877349430e-01
2.500000000000000000e-01 2.208364779650317899e+01 2.352150421983691120e-01
1.250000000000000000e+00 2.208364779650317899e+01 2.352097369308361885e-01
-1.250000000000000000e+00 2.294967320028762003e+01 2.233986174610868569e-01
-2.500000000000000000e-01 2.294967320028762003e+01 2.233951113017001722e-01
2.500000000000000000e-01 2.381569860407206107e+01 7.915250953058540484e-02
1.250000000000000000e+00 2.381569860407206107e+01 7.915120098828391793e-02
-1.250000000000000000e+00 2.468172400785649501e+01 1.228772203093101700e-01
-2.500000000000000000e-01 2.468172400785649501e+01 1.228765994257594030e-01
2.500000000000000000e-01 2.554774941164093605e+01 1.231950739855388194e-01
1.250000000000000000e+00 2.554774941164093605e+01 1.231944619777347455e-01
1.750000000000000000e+00 -2.554774941164094315e+01 1.231950750521157989e-01
2.750000000000000000e+00 -2.554774941164094315e+01 1.231948996375280408e-01
3.250000000000000000e+00 -2.468172400785650566e+01 1.228772206079899315e-01
4.250000000000000000e+00 -2.468172400785650566e+01 1.228771358292882060e-01
1.750000000000000000e+00 -2.381569860407206463e+01 7.915250959238687156e-02
2.750000000000000000e+00 -2.381569860407206463e+01 7.915201912735275735e-02
3.250000000000000000e+00 -2.294967320028762714e+01 2.233985910601829494e-01
4.250000000000000000e+00 -2.294967320028762714e+01 2.233977696424374604e-01
1.750000000000000000e+00 -2.208364779650318965e+01 2.352150577037511736e-01
2.750000000000000000e+00 -2.208364779650318965e+01 2.352128352186437510e-01
3.250000000000000000e+00 -2.121762239271875217e+01 2.341974718426792224e-01
4.250000000000000000e+00 -2.121762239271875217e+01 2.341927612151518956e-01
1.750000000000000000e+00 -2.035159698893431113e+01 3.439014386540065749e-01
2.750000000000000000e+00 -2.035159698893431113e+01 3.438902499212010966e-01
3.250000000000000000e+00 -1.948557158514987364e+01 3.466822072677829825e-01
4.250000000000000000e+00 -1.948557158514987364e+01 3.466613023467534083e-01
1.750000000000000000e+00 -1.861954618136543615e+01 3.384905152339207635e-01
2.750000000000000000e+00 -1.861954618136543615e+01 3.384405733351247836e-01
3.250000000000000000e+00 -1.775352077758099512e+01 3.748759570917041817e-01
4.250000000000000000e+00 -1.775352077758099512e+01 3.747945096263204934e-01
1.750000000000000000e+00 -1.688749537379655763e+01 3.549735380642332627e-01
2.750000000000000000e+00 -1.688749537379655763e+01 3.547800572708384448e-01
3.250000000000000000e+00 -1.602146997001212014e+01 3.360492670499157231e-01
4.250000000000000000e+00 -1.602146997001212014e+01 3.357583177903756266e-01
1.750000000000000000e+00 -1.515544456622767733e+01 3.331613201858545925e-01
2.750000000000000000e+00 -1.515544456622767733e+01 3.324886824998181667e-01
3.250000000000000000e+00 -1.428941916244323806e+01 3.156648224138652314e-01
4.250000000000000000e+00 -1.428941916244323806e+01 3.147159812378694799e-01
1.750000000000000000e+00 -1.342339375865880058e+01 3.053367848927136530e-01
2.750000000000000000e+00 -1.342339375865880058e+01 3.032235090463327176e-01
3.250000000000000000e+00 -1.255736835487436132e+01 3.001989227265268179e-01
4.250000000000000000e+00 -1.255736835487436132e+01 2.974004690518783911e-01
1.750000000000000000e+00 -1.169134295108992383e+01 2.941518779184087995e-01
2.750000000000000000e+00 -1.169134295108992383e+01 2.881953090615885782e-01
3.250000000000000000e+00 -1.082531754730548457e+01 2.916252280260684393e-01
4.250000000000000000e+00 -1.082531754730548457e+01 2.842424984841770974e-01
1.750000000000000000e+00 -9.959292143521047080e+00 2.900528573105678465e-01
2.750000000000000000e+00 -9.959292143521047080e+00 2.750784215759319862e-01
3.250000000000000000e+00 -9.093266739736607818e+00 2.889643097932844684e-01
4.250000000000000000e+00 -9.093266739736607818e+00 2.716939657293232502e-01
1.750000000000000000e+00 -8.227241335952170331e+00 2.887906817804956616e-01
2.750000000000000000e+00 -8.227241335952170331e+00 2.555562541379049479e-01
3.250000000000000000e+00 -7.361215932167732845e+00 2.883623882225714308e-01
4.250000000000000000e+00 -7.361215932167732845e+00 2.525606746472224273e-01
1.750000000000000000e+00 -6.495190528383291806e+00 2.883920459695677452e-01
2.750000000000000000e+00 -6.495190528383291806e+00 2.239755349325310563e-01
3.250000000000000000e+00 -5.629165124598854320e+00 2.888222538800798711e-01
4.250000000000000000e+00 -5.629165124598854320e+00 2.239299133275026998e-01
1.750000000000000000e+00 -4.763139720814413280e+00 2.884347023961198464e-01
2.750000000000000000e+00 -4.763139720814413280e+00 1.787628186801420438e-01
3.250000000000000000e+00 -3.897114317029975794e+00 2.884268367367354702e-01
4.250000000000000000e+00 -3.897114317029975794e+00 1.876771626226864387e-01
1.750000000000000000e+00 -3.031088913245538308e+00 2.924218447593075476e-01
2.750000000000000000e+00 -3.031088913245538308e+00 1.292203319144221707e-01
3.250000000000000000e+00 -2.165063509461100821e+00 2.898750330875350945e-01
4.250000000000000000e+00 -2.165063509461100821e+00 1.508918400866280096e-01
1.750000000000000000e+00 -1.299038105676659782e+00 2.896559065276244072e-01
2.750000000000000000e+00 -1.299038105676659782e+00 8.853035437167877664e-02
3.250000000000000000e+00 -4.330127018922222959e-01 2.958552108932480662e-01
4.250000000000000000e+00 -4.330127018922222959e-01 1.292175411664613360e-01
1.750000000000000000e+00 4.330127018922151905e-01 3.237279264776075083e-01
2.750000000000000000e+00 4.330127018922151905e-01 6.844247341583045707e-02
3.250000000000000000e+00 1.299038105676652677e+00 2.958553426441670742e-01
4.250000000000000000e+00 1.299038105676652677e+00 1.292178608978245546e-01
1.750000000000000000e+00 2.165063509461093716e+00 2.896567639968459784e-01
2.750000000000000000e+00 2.165063509461093716e+00 8.853129738404662274e-02
3.250000000000000000e+00 3.031088913245531202e+00 2.898764003828089297e-01
4.250000000000000000e+00 3.031088913245531202e+00 1.508933890619086338e-01
1.750000000000000000e+00 3.897114317029972241e+00 2.924274884213280412e-01
2.750000000000000000e+00 3.897114317029972241e+00 1.292258303851091805e-01
3.250000000000000000e+00 4.763139720814409728e+00 2.884350851914703751e-01
4.250000000000000000e+00 4.763139720814409728e+00 1.876842317695887608e-01
1.750000000000000000e+00 5.629165124598847214e+00 2.884626427821311845e-01
2.750000000000000000e+00 5.629165124598847214e+00 1.787915218774859816e-01
3.250000000000000000e+00 6.495190528383284700e+00 2.888678753362745044e-01
4.250000000000000000e+00 6.495190528383284700e+00 2.239731905371727949e-01
1.750000000000000000e+00 7.361215932167725740e+00 2.885052150594751286e-01
2.750000000000000000e+00 7.361215932167725740e+00 2.240884970199449322e-01
3.250000000000000000e+00 8.227241335952166779e+00 2.886279922174883605e-01
4.250000000000000000e+00 8.227241335952166779e+00 2.528235596273270547e-01
1.750000000000000000e+00 9.093266739736600712e+00 2.891689913256702549e-01
2.750000000000000000e+00 9.093266739736600712e+00 2.559319395251427598e-01
3.250000000000000000e+00 9.959292143521041751e+00 2.900549128662623377e-01
4.250000000000000000e+00 9.959292143521041751e+00 2.727790456517481532e-01
1.750000000000000000e+00 1.082531754730548279e+01 2.916166245318744243e-01
2.750000000000000000e+00 1.082531754730548279e+01 2.766412836211251669e-01
3.250000000000000000e+00 1.169134295108992383e+01 2.941800775121534151e-01
4.250000000000000000e+00 1.169134295108992383e+01 2.867900864091282864e-01
1.750000000000000000e+00 1.255736835487435776e+01 3.001979657770037502e-01
2.750000000000000000e+00 1.255736835487435776e+01 2.942418402746709294e-01
3.250000000000000000e+00 1.342339375865879880e+01 3.053354519036259873e-01
4.250000000000000000e+00 1.342339375865879880e+01 3.025325038754951845e-01
1.750000000000000000e+00 1.428941916244323274e+01 3.156716158461350674e-01
2.750000000000000000e+00 1.428941916244323274e+01 3.135573442985207793e-01
3.250000000000000000e+00 1.515544456622767377e+01 3.331604228029605430e-01
4.250000000000000000e+00 1.515544456622767377e+01 3.322084915184206899e-01
1.750000000000000000e+00 1.602146997001211304e+01 3.360508476049715032e-01
2.750000000000000000e+00 1.602146997001211304e+01 3.353797893866937163e-01
3.250000000000000000e+00 1.688749537379655408e+01 3.549743317945569521e-01
4.250000000000000000e+00 1.688749537379655408e+01 3.546811035434992432e-01
1.750000000000000000e+00 1.775352077758098801e+01 3.748758823614265490e-01
2.750000000000000000e+00 1.775352077758098801e+01 3.746862500950974839e-01
3.250000000000000000e+00 1.861954618136542905e+01 3.384907221136925770e-01
4.250000000000000000e+00 1.861954618136542905e+01 3.384098164924630447e-01
1.750000000000000000e+00 1.948557158514986298e+01 3.466822336534508553e-01
2.750000000000000000e+00 1.948557158514986298e+01 3.466340956715669441e-01
3.250000000000000000e+00 2.035159698893430402e+01 3.439014041049645587e-01
4.250000000000000000e+00 2.035159698893430402e+01 3.438821264759371332e-01
1.750000000000000000e+00 2.121762239271873796e+01 2.341975246739292360e-01
2.750000000000000000e+00 2.121762239271873796e+01 2.341864561271627121e-01
3.250000000000000000e+00 2.208364779650317899e+01 2.352150480103891994e-01
4.250000000000000000e+00 2.208364779650317899e+01 2.352110039548720999e-01
1.750000000000000000e+00 2.294967320028762003e+01 2.233985816099313126e-01
2.750000000000000000e+00 2.294967320028762003e+01 2.233964514009860736e-01
3.250000000000000000e+00 2.381569860407206107e+01 7.915250721722226490e-02
4.250000000000000000e+00 2.381569860407206107e+01 7.915163055546718673e-02
1.750000000000000000e+00 2.468172400785649501e+01 1.228772119944311070e-01
2.750000000000000000e+00 2.468172400785649501e+01 1.228769475013099521e-01
3.250000000000000000e+00 2.554774941164093605e+01 1.231950675162576669e-01
4.250000000000000000e+00 2.554774941164093605e+01 1.231948023210965859e-01
4.750000000000000000e+00 -2.554774941164094315e+01 1.231950752539946736e-01
5.750000000000000000e+00 -2.554774941164094315e+01 1.231949872785479266e-01
6.250000000000000000e+00 -2.468172400785650566e+01 1.228772239672980965e-01
7.250000000000000000e+00 -2.468172400785650566e+01 1.228771197594440978e-01
4.750000000000000000e+00 -2.381569860407206463e+01 7.915251057446257010e-02
5.750000000000000000e+00 -2.381569860407206463e+01 7.915212371142521519e-02
6.250000000000000000e+00 -2.294967320028762714e+01 2.233986011642937752e-01
7.250000000000000000e+00 -2.294967320028762714e+01 2.233979244903960548e-01
4.750000000000000000e+00 -2.208364779650318965e+01 2.352150812608952701e-01
5.750000000000000000e+00 -2.208364779650318965e+01 2.352132183915787988e-01
6.250000000000000000e+00 -2.121762239271875217e+01 2.341974737664742623e-01
7.250000000000000000e+00 -2.121762239271875217e+01 2.341945752549144111e-01
4.750000000000000000e+00 -2.035159698893431113e+01 3.439014880188518419e-01
5.750000000000000000e+00 -2.035159698893431113e+01 3.438935009212416571e-01
6.250000000000000000e+00 -1.948557158514987364e+01 3.466822199988026654e-01
7.250000000000000000e+00 -1.948557158514987364e+01 3.466711771609923831e-01
4.750000000000000000e+00 -1.861954618136543615e+01 3.384905031488162908e-01
5.750000000000000000e+00 -1.861954618136543615e+01 3.384592021822045438e-01
6.250000000000000000e+00 -1.775352077758099512e+01 3.748760466847997908e-01
7.250000000000000000e+00 -1.775352077758099512e+01 3.748361928971669088e-01
4.750000000000000000e+00 -1.688749537379655763e+01 3.549735816233663965e-01
5.750000000000000000e+00 -1.688749537379655763e+01 3.548598229833203610e-01
6.250000000000000000e+00 -1.602146997001212014e+01 3.360492521332807958e-01
7.250000000000000000e+00 -1.602146997001212014e+01 3.359129930717238977e-01
4.750000000000000000e+00 -1.515544456622767733e+01 3.331609779963659035e-01
5.750000000000000000e+00 -1.515544456622767733e+01 3.327799831126225238e-01
6.250000000000000000e+00 -1.428941916244323806e+01 3.156648493694409474e-01
7.250000000000000000e+00 -1.428941916244323806e+01 3.152325733184836443e-01
4.750000000000000000e+00 -1.342339375865880058e+01 3.053339829222111446e-01
5.750000000000000000e+00 -1.342339375865880058e+01 3.041700213993182578e-01
6.250000000000000000e+00 -1.255736835487436132e+01 3.001962197194638637e-01
7.250000000000000000e+00 -1.255736835487436132e+01 2.989493245088906681e-01
4.750000000000000000e+00 -1.169134295108992383e+01 2.941503269567755652e-01
5.750000000000000000e+00 -1.169134295108992383e+01 2.909405177646604557e-01
6.250000000000000000e+00 -1.082531754730548457e+01 2.916075484010819396e-01
7.250000000000000000e+00 -1.082531754730548457e+01 2.883896250011086515e-01
4.750000000000000000e+00 -9.959292143521047080e+00 2.900424546087098099e-01
5.750000000000000000e+00 -9.959292143521047080e+00 2.821059076265778343e-01
6.250000000000000000e+00 -9.093266739736607818e+00 2.889523300875378453e-01
7.250000000000000000e+00 -9.093266739736607818e+00 2.815952123589230971e-01
4.750000000000000000e+00 -8.227241335952170331e+00 2.886662152398249970e-01
5.750000000000000000e+00 -8.227241335952170331e+00 2.713203307042382217e-01
6.250000000000000000e+00 -7.361215932167732845e+00 2.883224398406242228e-01
7.250000000000000000e+00 -7.361215932167732845e+00 2.733506124944360405e-01
4.750000000000000000e+00 -6.495190528383291806e+00 2.882495529779944832e-01
5.750000000000000000e+00 -6.495190528383291806e+00 2.551791148636587403e-01
6.250000000000000000e+00 -5.629165124598854320e+00 2.883678670102442498e-01
7.250000000000000000e+00 -5.629165124598854320e+00 2.615874525629180991e-01
4.750000000000000000e+00 -4.763139720814413280e+00 2.883195093791080521e-01
5.750000000000000000e+00 -4.763139720814413280e+00 2.325994525448191186e-01
6.250000000000000000e+00 -3.897114317029975794e+00 2.881661136174122895e-01
7.250000000000000000e+00 -3.897114317029975794e+00 2.470456363732235761e-01
4.750000000000000000e+00 -3.031088913245538308e+00 2.894509989343470036e-01
5.750000000000000000e+00 -3.031088913245538308e+00 2.077725067594042851e-01
6.250000000000000000e+00 -2.165063509461100821e+00 2.887143813851606455e-01
7.250000000000000000e+00 -2.165063509461100821e+00 2.325855861139532743e-01
4.750000000000000000e+00 -1.299038105676659782e+00 2.881267009333757234e-01
5.750000000000000000e+00 -1.299038105676659782e+00 1.876704983418623074e-01
6.250000000000000000e+00 -4.330127018922222959e-01 2.892842012511224192e-01
7.250000000000000000e+00 -4.330127018922222959e-01 2.238882120680300569e-01
4.750000000000000000e+00 4.330127018922151905e-01 2.941272853857171965e-01
5.750000000000000000e+00 4.330127018922151905e-01 1.787473563163294032e-01
6.250000000000000000e+00 1.299038105676652677e+00 2.892842852405582699e-01
7.250000000000000000e+00 1.299038105676652677e+00 2.238884272112060259e-01
4.750000000000000000e+00 2.165063509461093716e+00 2.881273015754223232e-01
5.750000000000000000e+00 2.165063509461093716e+00 1.876708210915736252e-01
6.250000000000000000e+00 3.031088913245531202e+00 2.887159318975635047e-01
7.250000000000000000e+00 3.031088913245531202e+00 2.325871185417576759e-01
4.750000000000000000e+00 3.897114317029972241e+00 2.894554923300824423e-01
5.750000000000000000e+00 3.897114317029972241e+00 2.077766498054433864e-01
6.250000000000000000e+00 4.763139720814409728e+00 2.881740037373737295e-01
7.250000000000000000e+00 4.763139720814409728e+00 2.470535078891225311e-01
4.750000000000000000e+00 5.629165124598847214e+00 2.883468887620261878e-01
5.750000000000000000e+00 5.629165124598847214e+00 2.326259413699782175e-01
6.250000000000000000e+00 6.495190528383284700e+00 2.884124626349194864e-01
7.250000000000000000e+00 6.495190528383284700e+00 2.616327405771864956e-01
4.750000000000000000e+00 7.361215932167725740e+00 2.883626884249378408e-01
5.750000000000000000e+00 7.361215932167725740e+00 2.552898630829688598e-01
6.250000000000000000e+00 8.227241335952166779e+00 2.885878485301638929e-01
7.250000000000000000e+00 8.227241335952166779e+00 2.736168745665430446e-01
4.750000000000000000e+00 9.093266739736600712e+00 2.890428672503211338e-01
5.750000000000000000e+00 9.093266739736600712e+00 2.716943829088011575e-01
6.250000000000000000e+00 9.959292143521041751e+00 2.900425077479794056e-01
7.250000000000000000e+00 9.959292143521041751e+00 2.826859484670067313e-01
4.750000000000000000e+00 1.082531754730548279e+01 2.916049139831261572e-01
5.750000000000000000e+00 1.082531754730548279e+01 2.836655408370322706e-01
6.250000000000000000e+00 1.169134295108992383e+01 2.941606416547293823e-01
7.250000000000000000e+00 1.169134295108992383e+01 2.909438912049643888e-01
4.750000000000000000e+00 1.255736835487435776e+01 3.001969380084897887e-01
5.750000000000000000e+00 1.255736835487435776e+01 2.969817784197962829e-01
6.250000000000000000e+00 1.342339375865879880e+01 3.053320329630229701e-01
7.250000000000000000e+00 1.342339375865879880e+01 3.040853314651791872e-01
4.750000000000000000e+00 1.428941916244323274e+01 3.156682636656526486e-01
5.750000000000000000e+00 1.428941916244323274e+01 3.144987429426276404e-01
6.250000000000000000e+00 1.515544456622767377e+01 3.331605272483684210e-01
7.250000000000000000e+00 1.515544456622767377e+01 3.327261097825683356e-01
4.750000000000000000e+00 1.602146997001211304e+01 3.360494340234599919e-01
5.750000000000000000e+00 1.602146997001211304e+01 3.356651978932176927e-01
6.250000000000000000e+00 1.688749537379655408e+01 3.549737561077004888e-01
7.250000000000000000e+00 1.688749537379655408e+01 3.548351614929644571e-01
4.750000000000000000e+00 1.775352077758098801e+01 3.748758381879504498e-01
5.750000000000000000e+00 1.775352077758098801e+01 3.747599907763171645e-01
6.250000000000000000e+00 1.861954618136542905e+01 3.384904427528993009e-01
7.250000000000000000e+00 1.861954618136542905e+01 3.384492709759461260e-01
4.750000000000000000e+00 1.948557158514986298e+01 3.466822325289505846e-01
5.750000000000000000e+00 1.948557158514986298e+01 3.466499032137811409e-01
6.250000000000000000e+00 2.035159698893430402e+01 3.439014349375936752e-01
7.250000000000000000e+00 2.035159698893430402e+01 3.438897878539050601e-01
4.750000000000000000e+00 2.121762239271873796e+01 2.341974515561683901e-01
5.750000000000000000e+00 2.121762239271873796e+01 2.341896061566976495e-01
6.250000000000000000e+00 2.208364779650317899e+01 2.352150619626835748e-01
7.250000000000000000e+00 2.208364779650317899e+01 2.352120142922556334e-01
4.750000000000000000e+00 2.294967320028762003e+01 2.233985658863933410e-01
5.750000000000000000e+00 2.294967320028762003e+01 2.233971374265973642e-01
6.250000000000000000e+00 2.381569860407206107e+01 7.915250278330240863e-02
7.250000000000000000e+00 2.381569860407206107e+01 7.915181948283417368e-02
4.750000000000000000e+00 2.468172400785649501e+01 1.228772132550571966e-01
5.750000000000000000e+00 2.468172400785649501e+01 1.228770671988648339e-01
6.250000000000000000e+00 2.554774941164093605e+01 1.231950683508817590e-01
7.250000000000000000e+00 2.554774941164093605e+01 1.231949163940786185e-01
