-7.250000000000000000e+00 -2.554774941164094315e+01 1.344968782147226705e-01
-6.250000000000000000e+00 -2.554774941164094315e+01 1.344968153160911450e-01
-5.750000000000000000e+00 -2.468172400785650566e+01 1.351747694183837167e-01
-4.750000000000000000e+00 -2.468172400785650566e+01 1.351746983759083698e-01
-7.250000000000000000e+00 -2.381569860407206463e+01 6.155839455680000433e-02
-6.250000000000000000e+00 -2.381569860407206463e+01 6.155830238640384172e-02
-5.750000000000000000e+00 -2.294967320028762714e+01 1.878735710698855865e-01
-4.750000000000000000e+00 -2.294967320028762714e+01 1.878732681947020144e-01
-7.250000000000000000e+00 -2.208364779650318965e+01 1.853612262945263378e-01
-6.250000000000000000e+00 -2.208364779650318965e+01 1.853607932643360212e-01
-5.750000000000000000e+00 -2.121762239271875217e+01 1.354428577315548443e-01
-4.750000000000000000e+00 -2.121762239271875217e+01 1.354419441607206953e-01
-7.250000000000000000e+00 -2.035159698893431113e+01 1.968510621431787677e-01
-6.250000000000000000e+00 -2.035159698893431113e+01 1.968494203301077439e-01
-5.750000000000000000e+00 -1.948557158514987364e+01 1.761777677890714044e-01
-4.750000000000000000e+00 -1.948557158514987364e+01 1.761742133168797964e-01
-7.250000000000000000e+00 -1.861954618136543615e+01 1.360856387643769871e-01
-6.250000000000000000e+00 -1.861954618136543615e+01 1.360799754134903727e-01
-5.750000000000000000e+00 -1.775352077758099512e+01 1.427461001072586055e-01
-4.750000000000000000e+00 -1.775352077758099512e+01 1.427319630750501500e-01
-7.250000000000000000e+00 -1.688749537379655763e+01 1.197433651349852496e-01
-6.250000000000000000e+00 -1.688749537379655763e+01 1.197229774449898865e-01
-5.750000000000000000e+00 -1.602146997001212014e+01 9.951142357043404885e-02
-4.750000000000000000e+00 -1.602146997001212014e+01 9.946003489133795061e-02
-7.250000000000000000e+00 -1.515544456622767733e+01 9.458981490777240708e-02
-6.250000000000000000e+00 -1.515544456622767733e+01 9.452203882100639054e-02
-5.750000000000000000e+00 -1.428941916244323806e+01 8.442054563293596714e-02
-4.750000000000000000e+00 -1.428941916244323806e+01 8.424962365464293279e-02
-7.250000000000000000e+00 -1.342339375865880058e+01 7.907727168535838569e-02
-6.250000000000000000e+00 -1.342339375865880058e+01 7.886848102561416773e-02
-5.750000000000000000e+00 -1.255736835487436132e+01 7.688034004187127568e-02
-4.750000000000000000e+00 -1.255736835487436132e+01 7.637663982135545204e-02
-7.250000000000000000e+00 -1.169134295108992383e+01 7.460643130974473070e-02
-6.250000000000000000e+00 -1.169134295108992383e+01 7.400556633603659618e-02
-5.750000000000000000e+00 -1.082531754730548457e+01 7.382137215039587252e-02
-4.750000000000000000e+00 -1.082531754730548457e+01 7.246988660223178946e-02
-7.250000000000000000e+00 -9.959292143521047080e+00 7.334833371659660317e-02
-6.250000000000000000e+00 -9.959292143521047080e+00 7.184978195813931934e-02
-5.750000000000000000e+00 -9.093266739736607818e+00 7.322998314154653687e-02
-4.750000000000000000e+00 -9.093266739736607818e+00 6.986376607156034868e-02
-7.250000000000000000e+00 -8.227241335952170331e+00 7.293848189167101426e-02
-6.250000000000000000e+00 -8.227241335952170331e+00 6.977884219881080874e-02
-5.750000000000000000e+00 -7.361215932167732845e+00 7.312661819072995006e-02
-4.750000000000000000e+00 -7.361215932167732845e+00 6.605163887357135000e-02
-7.250000000000000000e+00 -6.495190528383291806e+00 7.304106096764495515e-02
-6.250000000000000000e+00 -6.495190528383291806e+00 6.680261977837960441e-02
-5.750000000000000000e+00 -5.629165124598854320e+00 7.284390959460278203e-02
-4.750000000000000000e+00 -5.629165124598854320e+00 6.075303366599413279e-02
-7.250000000000000000e+00 -4.763139720814413280e+00 7.329095119895553956e-02
-6.250000000000000000e+00 -4.763139720814413280e+00 6.218715077821471843e-02
-5.750000000000000000e+00 -3.897114317029975794e+00 7.372038566083514988e-02
-4.750000000000000000e+00 -3.897114317029975794e+00 5.391529075341786048e-02
-7.250000000000000000e+00 -3.031088913245538308e+00 7.291796023665159110e-02
-6.250000000000000000e+00 -3.031088913245538308e+00 5.759032286388166694e-02
-5.750000000000000000e+00 -2.165063509461100821e+00 7.473915687792836993e-02
-4.750000000000000000e+00 -2.165063509461100821e+00 4.522248363464820980e-02
-7.250000000000000000e+00 -1.299038105676659782e+00 7.313127712310514561e-02
-6.250000000000000000e+00 -1.299038105676659782e+00 5.391403028664305125e-02
-5.750000000000000000e+00 -4.330127018922222959e-01 7.328064247650256657e-02
-4.750000000000000000e+00 -4.330127018922222959e-01 4.182158191603061598e-02
-7.250000000000000000e+00 4.330127018922151905e-01 7.380344591730755854e-02
-6.250000000000000000e+00 4.330127018922151905e-01 5.093636493951028688e-02
-5.750000000000000000e+00 1.299038105676652677e+00 7.328070419256374479e-02
-4.750000000000000000e+00 1.299038105676652677e+00 4.182166568268638057e-02
-7.250000000000000000e+00 2.165063509461093716e+00 7.313138770123446541e-02
-6.250000000000000000e+00 2.165063509461093716e+00 5.391412419503566894e-02
-5.750000000000000000e+00 3.031088913245531202e+00 7.473949771860824431e-02
-4.750000000000000000e+00 3.031088913245531202e+00 4.522284893414415391e-02
-7.250000000000000000e+00 3.897114317029972241e+00 7.291877980085134658e-02
-6.250000000000000000e+00 3.897114317029972241e+00 5.759127560719525668e-02
-5.750000000000000000e+00 4.763139720814409728e+00 7.372179482990606769e-02
-4.750000000000000000e+00 4.763139720814409728e+00 5.391671958344335103e-02
-7.250000000000000000e+00 5.629165124598847214e+00 7.329609723796656762e-02
-6.250000000000000000e+00 5.629165124598847214e+00 6.219250009446193606e-02
-5.750000000000000000e+00 6.495190528383284700e+00 7.285320467036195125e-02
-4.750000000000000000e+00 6.495190528383284700e+00 6.076219485390834535e-02
-7.250000000000000000e+00 7.361215932167725740e+00 7.306296508158921510e-02
-6.250000000000000000e+00 7.361215932167725740e+00 6.682446399303179629e-02
-5.750000000000000000e+00 8.227241335952166779e+00 7.319056753809789762e-02
-4.750000000000000000e+00 8.227241335952166779e+00 6.611457918643154352e-02
-7.250000000000000000e+00 9.093266739736600712e+00 7.302393824174424619e-02
-6.250000000000000000e+00 9.093266739736600712e+00 6.986408799620710819e-02
-5.750000000000000000e+00 9.959292143521041751e+00 7.352110249122567609e-02
-4.750000000000000000e+00 9.959292143521041751e+00 7.015312987216658358e-02
-7.250000000000000000e+00 1.082531754730548279e+01 7.382148080706203708e-02
-6.250000000000000000e+00 1.082531754730548279e+01 7.232220933177627153e-02
-5.750000000000000000e+00 1.169134295108992383e+01 7.461553052467279068e-02
-4.750000000000000000e+00 1.169134295108992383e+01 7.326285839684353041e-02
-7.250000000000000000e+00 1.255736835487435776e+01 7.690573048547137691e-02
-6.250000000000000000e+00 1.255736835487435776e+01 7.630295696953184881e-02
-5.750000000000000000e+00 1.342339375865879880e+01 7.907347465516456619e-02
-4.750000000000000000e+00 1.342339375865879880e+01 7.856852110999006100e-02
-7.250000000000000000e+00 1.428941916244323274e+01 8.442198620792568109e-02
-6.250000000000000000e+00 1.428941916244323274e+01 8.421150007672255355e-02
-5.750000000000000000e+00 1.515544456622767377e+01 9.459282329256463173e-02
-4.750000000000000000e+00 1.515544456622767377e+01 9.442023826294602962e-02
-7.250000000000000000e+00 1.602146997001211304e+01 9.951013802124968055e-02
-6.250000000000000000e+00 1.602146997001211304e+01 9.944132908198767551e-02
-5.750000000000000000e+00 1.688749537379655408e+01 1.197444120755743052e-01
-4.750000000000000000e+00 1.688749537379655408e+01 1.196924342216249271e-01
-7.250000000000000000e+00 1.775352077758098801e+01 1.427462035993836698e-01
-6.250000000000000000e+00 1.775352077758098801e+01 1.427245231434177142e-01
-5.750000000000000000e+00 1.861954618136542905e+01 1.360855991253283881e-01
-4.750000000000000000e+00 1.861954618136542905e+01 1.360711255962462340e-01
-7.250000000000000000e+00 1.948557158514986298e+01 1.761778754320979801e-01
-6.250000000000000000e+00 1.948557158514986298e+01 1.761715764714686105e-01
-5.750000000000000000e+00 2.035159698893430402e+01 1.968510075142191895e-01
-4.750000000000000000e+00 2.035159698893430402e+01 1.968468309198781185e-01
-7.250000000000000000e+00 2.121762239271873796e+01 1.354428135748182438e-01
-6.250000000000000000e+00 2.121762239271873796e+01 1.354411173931281409e-01
-5.750000000000000000e+00 2.208364779650317899e+01 1.853611902535358957e-01
-4.750000000000000000e+00 2.208364779650317899e+01 1.853601350795829883e-01
-7.250000000000000000e+00 2.294967320028762003e+01 1.878735458537593994e-01
-6.250000000000000000e+00 2.294967320028762003e+01 1.878729290759495185e-01
-5.750000000000000000e+00 2.381569860407206107e+01 6.155838720153444799e-02
-4.750000000000000000e+00 2.381569860407206107e+01 6.155814287045129757e-02
-7.250000000000000000e+00 2.468172400785649501e+01 1.351747633410146920e-01
-6.250000000000000000e+00 2.468172400785649501e+01 1.351745867878845764e-01
-5.750000000000000000e+00 2.554774941164093605e+01 1.344968803119669931e-01
-4.750000000000000000e+00 2.554774941164093605e+01 1.344966989666906421e-01
-4.250000000000000000e+00 -2.554774941164094315e+01 1.344968758404542775e-01
-3.250000000000000000e+00 -2.554774941164094315e+01 1.344968094613992471e-01
-2.750000000000000000e+00 -2.468172400785650566e+01 1.351747649660225425e-01
-1.750000000000000000e+00 -2.468172400785650566e+01 1.351747469017494652e-01
-4.250000000000000000e+00 -2.381569860407206463e+01 6.155839264098443564e-02
-3.250000000000000000e+00 -2.381569860407206463e+01 6.155829756630163546e-02
-2.750000000000000000e+00 -2.294967320028762714e+01 1.878735586542809866e-01
-1.750000000000000000e+00 -2.294967320028762714e+01 1.878733801245486001e-01
-4.250000000000000000e+00 -2.208364779650318965e+01 1.853612205394076506e-01
-3.250000000000000000e+00 -2.208364779650318965e+01 1.853608392168537011e-01
-2.750000000000000000e+00 -2.121762239271875217e+01 1.354428516096631563e-01
-1.750000000000000000e+00 -2.121762239271875217e+01 1.354419550331850686e-01
-4.250000000000000000e+00 -2.035159698893431113e+01 1.968510955837674270e-01
-3.250000000000000000e+00 -2.035159698893431113e+01 1.968491013909001996e-01
-2.750000000000000000e+00 -1.948557158514987364e+01 1.761777617795825535e-01
-1.750000000000000000e+00 -1.948557158514987364e+01 1.761735631449189710e-01
-4.250000000000000000e+00 -1.861954618136543615e+01 1.360857149017554724e-01
-3.250000000000000000e+00 -1.861954618136543615e+01 1.360772517563922090e-01
-2.750000000000000000e+00 -1.775352077758099512e+01 1.427462669100903470e-01
-1.750000000000000000e+00 -1.775352077758099512e+01 1.427274040657902643e-01
-4.250000000000000000e+00 -1.688749537379655763e+01 1.197432190531698970e-01
-3.250000000000000000e+00 -1.688749537379655763e+01 1.197102812881803424e-01
-2.750000000000000000e+00 -1.602146997001212014e+01 9.951172404173824759e-02
-1.750000000000000000e+00 -1.602146997001212014e+01 9.943859301321210376e-02
-4.250000000000000000e+00 -1.515544456622767733e+01 9.459096080875266377e-02
-3.250000000000000000e+00 -1.515544456622767733e+01 9.447321629609375937e-02
-2.750000000000000000e+00 -1.428941916244323806e+01 8.441881631438219458e-02
-1.750000000000000000e+00 -1.428941916244323806e+01 8.417040691988118828e-02
-4.250000000000000000e+00 -1.342339375865880058e+01 7.908553215667969705e-02
-3.250000000000000000e+00 -1.342339375865880058e+01 7.870375076921766466e-02
-2.750000000000000000e+00 -1.255736835487436132e+01 7.688530388432629481e-02
-1.750000000000000000e+00 -1.255736835487436132e+01 7.612982892534528312e-02
-4.250000000000000000e+00 -1.169134295108992383e+01 7.460870421555883258e-02
-3.250000000000000000e+00 -1.169134295108992383e+01 7.350423053483243208e-02
-2.750000000000000000e+00 -1.082531754730548457e+01 7.387124245466120120e-02
-1.750000000000000000e+00 -1.082531754730548457e+01 7.178603541203769367e-02
-4.250000000000000000e+00 -9.959292143521047080e+00 7.331450538828160335e-02
-3.250000000000000000e+00 -9.959292143521047080e+00 7.054407929378758713e-02
-2.750000000000000000e+00 -9.093266739736607818e+00 7.321202098548632020e-02
-1.750000000000000000e+00 -9.093266739736607818e+00 6.810985274228653630e-02
-4.250000000000000000e+00 -8.227241335952170331e+00 7.319041848695237440e-02
-3.250000000000000000e+00 -8.227241335952170331e+00 6.688755232332661838e-02
-2.750000000000000000e+00 -7.361215932167732845e+00 7.287494371800093407e-02
-1.750000000000000000e+00 -7.361215932167732845e+00 6.222347813527343008e-02
-4.250000000000000000e+00 -6.495190528383291806e+00 7.426269493748477446e-02
-3.250000000000000000e+00 -6.495190528383291806e+00 6.076210281907371696e-02
-2.750000000000000000e+00 -5.629165124598854320e+00 7.450275275199001734e-02
-1.750000000000000000e+00 -5.629165124598854320e+00 5.392167650978401533e-02
-4.250000000000000000e+00 -4.763139720814413280e+00 7.449749894173779419e-02
-3.250000000000000000e+00 -4.763139720814413280e+00 5.093877393979179269e-02
-2.750000000000000000e+00 -3.897114317029975794e+00 8.120940392392822504e-02
-1.750000000000000000e+00 -3.897114317029975794e+00 4.182268252520212476e-02
-4.250000000000000000e+00 -3.031088913245538308e+00 7.286902108701108494e-02
-3.250000000000000000e+00 -3.031088913245538308e+00 4.182191740070493463e-02
-2.750000000000000000e+00 -2.165063509461100821e+00 8.344594702882247861e-02
-1.750000000000000000e+00 -2.165063509461100821e+00 2.529814460252484062e-02
-4.250000000000000000e+00 -1.299038105676659782e+00 7.532582189036736431e-02
-3.250000000000000000e+00 -1.299038105676659782e+00 3.396398398672348384e-02
-2.750000000000000000e+00 -4.330127018922222959e-01 7.492640709458764370e-02
-1.750000000000000000e+00 -4.330127018922222959e-01 2.076831352965418862e-02
-4.250000000000000000e+00 4.330127018922151905e-01 7.880906117906023856e-02
-3.250000000000000000e+00 4.330127018922151905e-01 2.529814358263240276e-02
-2.750000000000000000e+00 1.299038105676652677e+00 7.492646002281308504e-02
-1.750000000000000000e+00 1.299038105676652677e+00 2.076832005165441669e-02
-4.250000000000000000e+00 2.165063509461093716e+00 7.532587425266748515e-02
-3.250000000000000000e+00 2.165063509461093716e+00 3.396411126126624991e-02
-2.750000000000000000e+00 3.031088913245531202e+00 8.344613178600329695e-02
-1.750000000000000000e+00 3.031088913245531202e+00 2.529829073446603765e-02
-4.250000000000000000e+00 3.897114317029972241e+00 7.286986866603947788e-02
-3.250000000000000000e+00 3.897114317029972241e+00 4.182266582140738154e-02
-2.750000000000000000e+00 4.763139720814409728e+00 8.121046087883726505e-02
-1.750000000000000000e+00 4.763139720814409728e+00 4.182385010150195537e-02
-4.250000000000000000e+00 5.629165124598847214e+00 7.450274655711072724e-02
-3.250000000000000000e+00 5.629165124598847214e+00 5.094350645038179387e-02
-2.750000000000000000e+00 6.495190528383284700e+00 7.451184208661076891e-02
-1.750000000000000000e+00 6.495190528383284700e+00 5.393081695819842980e-02
-4.250000000000000000e+00 7.361215932167725740e+00 7.428432441125115693e-02
-3.250000000000000000e+00 7.361215932167725740e+00 6.078327969143863113e-02
-2.750000000000000000e+00 8.227241335952166779e+00 7.293859093121579651e-02
-1.750000000000000000e+00 8.227241335952166779e+00 6.228731688244877607e-02
-4.250000000000000000e+00 9.093266739736600712e+00 7.327545583162098364e-02
-3.250000000000000000e+00 9.093266739736600712e+00 6.697244039031130525e-02
-2.750000000000000000e+00 9.959292143521041751e+00 7.350214072370425678e-02
-1.750000000000000000e+00 9.959292143521041751e+00 6.840144314029845962e-02
-4.250000000000000000e+00 1.082531754730548279e+01 7.378770193478997874e-02
-3.250000000000000000e+00 1.082531754730548279e+01 7.101669619343037310e-02
-2.750000000000000000e+00 1.169134295108992383e+01 7.466470902888622252e-02
-1.750000000000000000e+00 1.169134295108992383e+01 7.258165067724151043e-02
-4.250000000000000000e+00 1.255736835487435776e+01 7.690761859606470852e-02
-3.250000000000000000e+00 1.255736835487435776e+01 7.580305508716886354e-02
-2.750000000000000000e+00 1.342339375865879880e+01 7.907838268159829431e-02
-1.750000000000000000e+00 1.342339375865879880e+01 7.832445382104137599e-02
-4.250000000000000000e+00 1.428941916244323274e+01 8.442940781408633799e-02
-3.250000000000000000e+00 1.428941916244323274e+01 8.404869383039068054e-02
-2.750000000000000000e+00 1.515544456622767377e+01 9.459057776135519624e-02
-1.750000000000000000e+00 1.515544456622767377e+01 9.434421473448406648e-02
-4.250000000000000000e+00 1.602146997001211304e+01 9.951102451685431283e-02
-3.250000000000000000e+00 1.602146997001211304e+01 9.939357826373274030e-02
-2.750000000000000000e+00 1.688749537379655408e+01 1.197443863145906118e-01
-1.750000000000000000e+00 1.688749537379655408e+01 1.196732182726825688e-01
-4.250000000000000000e+00 1.775352077758098801e+01 1.427458616647885314e-01
-3.250000000000000000e+00 1.775352077758098801e+01 1.427127317456757249e-01
-2.750000000000000000e+00 1.861954618136542905e+01 1.360859567749289345e-01
-1.750000000000000000e+00 1.861954618136542905e+01 1.360675322091811079e-01
-4.250000000000000000e+00 1.948557158514986298e+01 1.761777281224538583e-01
-3.250000000000000000e+00 1.948557158514986298e+01 1.761695136524265015e-01
-2.750000000000000000e+00 2.035159698893430402e+01 1.968510925512736986e-01
-1.750000000000000000e+00 2.035159698893430402e+01 1.968469265282984937e-01
-4.250000000000000000e+00 2.121762239271873796e+01 1.354428572709500123e-01
-3.250000000000000000e+00 2.121762239271873796e+01 1.354407505548050616e-01
-2.750000000000000000e+00 2.208364779650317899e+01 1.853612040816367823e-01
-1.750000000000000000e+00 2.208364779650317899e+01 1.853604769083507797e-01
-4.250000000000000000e+00 2.294967320028762003e+01 1.878735791456951354e-01
-3.250000000000000000e+00 2.294967320028762003e+01 1.878728775891532754e-01
-2.750000000000000000e+00 2.381569860407206107e+01 6.155839815715961894e-02
-1.750000000000000000e+00 2.381569860407206107e+01 6.155819097343769031e-02
-4.250000000000000000e+00 2.468172400785649501e+01 1.351747683002988698e-01
-3.250000000000000000e+00 2.468172400785649501e+01 1.351746096796042629e-01
-2.750000000000000000e+00 2.554774941164093605e+01 1.344968804388959049e-01
-1.750000000000000000e+00 2.554774941164093605e+01 1.344967275564026565e-01
-1.250000000000000000e+00 -2.554774941164094315e+01 1.344968767790774011e-01
-2.500000000000000000e-01 -2.554774941164094315e+01 1.344968577755123185e-01
2.500000000000000000e-01 -2.468172400785650566e+01 1.351747663548135414e-01
1.250000000000000000e+00 -2.468172400785650566e+01 1.351747825530068281e-01
-1.250000000000000000e+00 -2.381569860407206463e+01 6.155839478476212573e-02
-2.500000000000000000e-01 -2.381569860407206463e+01 6.155833852701840525e-02
2.500000000000000000e-01 -2.294967320028762714e+01 1.878735563942838249e-01
1.250000000000000000e+00 -2.294967320028762714e+01 1.878734661176616472e-01
-1.250000000000000000e+00 -2.208364779650318965e+01 1.853612077305462902e-01
-2.500000000000000000e-01 -2.208364779650318965e+01 1.853609376657099905e-01
2.500000000000000000e-01 -2.121762239271875217e+01 1.354428526133762134e-01
1.250000000000000000e+00 -2.121762239271875217e+01 1.354418653536455519e-01
-1.250000000000000000e+00 -2.035159698893431113e+01 1.968510329631341649e-01
-2.500000000000000000e-01 -2.035159698893431113e+01 1.968490836789086040e-01
2.500000000000000000e-01 -1.948557158514987364e+01 1.761777747620344725e-01
1.250000000000000000e+00 -1.948557158514987364e+01 1.761729245367269492e-01
-1.250000000000000000e+00 -1.861954618136543615e+01 1.360856416333652563e-01
-2.500000000000000000e-01 -1.861954618136543615e+01 1.360757456151786005e-01
2.500000000000000000e-01 -1.775352077758099512e+01 1.427461427468765531e-01
1.250000000000000000e+00 -1.775352077758099512e+01 1.427261883684145805e-01
-1.250000000000000000e+00 -1.688749537379655763e+01 1.197432102237456775e-01
-2.500000000000000000e-01 -1.688749537379655763e+01 1.197033278965186215e-01
2.500000000000000000e-01 -1.602146997001212014e+01 9.951114568543509287e-02
1.250000000000000000e+00 -1.602146997001212014e+01 9.943678730720037495e-02
-1.250000000000000000e+00 -1.515544456622767733e+01 9.459199744343216310e-02
-2.500000000000000000e-01 -1.515544456622767733e+01 9.444851936571524442e-02
2.500000000000000000e-01 -1.428941916244323806e+01 8.441801978137852824e-02
1.250000000000000000e+00 -1.428941916244323806e+01 8.416795627268905400e-02
-1.250000000000000000e+00 -1.342339375865880058e+01 7.908652682121943001e-02
-2.500000000000000000e-01 -1.342339375865880058e+01 7.862128678157109807e-02
2.500000000000000000e-01 -1.255736835487436132e+01 7.688965424164256879e-02
1.250000000000000000e+00 -1.255736835487436132e+01 7.612739903153044330e-02
-1.250000000000000000e+00 -1.169134295108992383e+01 7.459411527132336905e-02
-2.500000000000000000e-01 -1.169134295108992383e+01 7.325273610363672305e-02
2.500000000000000000e-01 -1.082531754730548457e+01 7.386508095441016164e-02
1.250000000000000000e+00 -1.082531754730548457e+01 7.178424081633698328e-02
-1.250000000000000000e+00 -9.959292143521047080e+00 7.333346129836164351e-02
-2.500000000000000000e-01 -9.959292143521047080e+00 6.989006813390138961e-02
2.500000000000000000e-01 -9.093266739736607818e+00 7.310748543822544188e-02
1.250000000000000000e+00 -9.093266739736607818e+00 6.810877744532813083e-02
-1.250000000000000000e+00 -8.227241335952170331e+00 7.339078618693223310e-02
-2.500000000000000000e-01 -8.227241335952170331e+00 6.541214969626914233e-02
2.500000000000000000e-01 -7.361215932167732845e+00 7.295625108897396682e-02
1.250000000000000000e+00 -7.361215932167732845e+00 6.222315793103915665e-02
-1.250000000000000000e+00 -6.495190528383291806e+00 7.373624739415624019e-02
-2.500000000000000000e-01 -6.495190528383291806e+00 5.760730247583800007e-02
2.500000000000000000e-01 -5.629165124598854320e+00 7.474671092869450417e-02
1.250000000000000000e+00 -5.629165124598854320e+00 5.392188406258370537e-02
-1.250000000000000000e+00 -4.763139720814413280e+00 7.287120286961831783e-02
-2.500000000000000000e-01 -4.763139720814413280e+00 4.522509684608608943e-02
2.500000000000000000e-01 -3.897114317029975794e+00 7.532702916741201848e-02
1.250000000000000000e+00 -3.897114317029975794e+00 4.182297494703024476e-02
-1.250000000000000000e+00 -3.031088913245538308e+00 8.344621450817156505e-02
-2.500000000000000000e-01 -3.031088913245538308e+00 3.396436349020048873e-02
2.500000000000000000e-01 -2.165063509461100821e+00 7.492653656158505815e-02
1.250000000000000000e+00 -2.165063509461100821e+00 2.529827860600642256e-02
-1.250000000000000000e+00 -1.299038105676659782e+00 1.210346053092042351e-01
-2.500000000000000000e-01 -1.299038105676659782e+00 2.076831897552061656e-02
2.500000000000000000e-01 -4.330127018922222959e-01 1.467497264309332583e-01
1.250000000000000000e+00 -4.330127018922222959e-01 2.076831352965425453e-02
-1.250000000000000000e+00 4.330127018922151905e-01 1.467498049378254121e-01
-2.500000000000000000e-01 4.330127018922151905e-01 6.849571672827391286e-07
2.500000000000000000e-01 1.299038105676652677e+00 1.467499891386305211e-01
1.250000000000000000e+00 1.299038105676652677e+00 2.076838783277146910e-02
-1.250000000000000000e+00 2.165063509461093716e+00 1.210346812137212680e-01
-2.500000000000000000e-01 2.165063509461093716e+00 2.076837249374655428e-02
2.500000000000000000e-01 3.031088913245531202e+00 7.492684821680817286e-02
1.250000000000000000e+00 3.031088913245531202e+00 2.529868323851941145e-02
-1.250000000000000000e+00 3.897114317029972241e+00 8.344714330837396665e-02
-2.500000000000000000e-01 3.897114317029972241e+00 3.396519369908072156e-02
2.500000000000000000e-01 4.763139720814409728e+00 7.532839373468963595e-02
1.250000000000000000e+00 4.763139720814409728e+00 4.182460074581381693e-02
-1.250000000000000000e+00 5.629165124598847214e+00 7.287633957336644985e-02
-2.500000000000000000e-01 5.629165124598847214e+00 4.523048662873110914e-02
2.500000000000000000e-01 6.495190528383284700e+00 7.475619808219720330e-02
1.250000000000000000e+00 6.495190528383284700e+00 5.393156673660683131e-02
-1.250000000000000000e+00 7.361215932167725740e+00 7.375776596046876299e-02
-2.500000000000000000e-01 7.361215932167725740e+00 5.762978977272428804e-02
2.500000000000000000e-01 8.227241335952166779e+00 7.301999417391157043e-02
1.250000000000000000e+00 8.227241335952166779e+00 6.228728532809978125e-02
-1.250000000000000000e+00 9.093266739736600712e+00 7.347626357245889972e-02
-2.500000000000000000e-01 9.093266739736600712e+00 6.549869857063322920e-02
2.500000000000000000e-01 9.959292143521041751e+00 7.339806358551850818e-02
1.250000000000000000e+00 9.959292143521041751e+00 6.839968191194246983e-02
-1.250000000000000000e+00 1.082531754730548279e+01 7.380682361111819134e-02
-2.500000000000000000e-01 1.082531754730548279e+01 7.036481105307010320e-02
2.500000000000000000e-01 1.169134295108992383e+01 7.465961564145061347e-02
1.250000000000000000e+00 1.169134295108992383e+01 7.257834139754482106e-02
-1.250000000000000000e+00 1.255736835487435776e+01 7.689264388017275076e-02
-2.500000000000000000e-01 1.255736835487435776e+01 7.555369682660111053e-02
2.500000000000000000e-01 1.342339375865879880e+01 7.908314137504052210e-02
1.250000000000000000e+00 1.342339375865879880e+01 7.832076783407809772e-02
-1.250000000000000000e+00 1.428941916244323274e+01 8.443077116654104652e-02
-2.500000000000000000e-01 1.428941916244323274e+01 8.396755402571537408e-02
2.500000000000000000e-01 1.515544456622767377e+01 9.458993784769992308e-02
1.250000000000000000e+00 1.515544456622767377e+01 9.434053406927860042e-02
-1.250000000000000000e+00 1.602146997001211304e+01 9.951262644973213334e-02
-2.500000000000000000e-01 1.602146997001211304e+01 9.937043039882480222e-02
2.500000000000000000e-01 1.688749537379655408e+01 1.197444027771244757e-01
1.250000000000000000e+00 1.688749537379655408e+01 1.196703689103784246e-01
-1.250000000000000000e+00 1.775352077758098801e+01 1.427459247334752213e-01
-2.500000000000000000e-01 1.775352077758098801e+01 1.427076937030576920e-01
2.500000000000000000e-01 1.861954618136542905e+01 1.360860777268551314e-01
1.250000000000000000e+00 1.861954618136542905e+01 1.360665793088571551e-01
-1.250000000000000000e+00 1.948557158514986298e+01 1.761777970728841125e-01
-2.500000000000000000e-01 1.948557158514986298e+01 1.761689515216448565e-01
2.500000000000000000e-01 2.035159698893430402e+01 1.968510527227260443e-01
1.250000000000000000e+00 2.035159698893430402e+01 1.968470298785936212e-01
-1.250000000000000000e+00 2.121762239271873796e+01 1.354429292145831187e-01
-2.500000000000000000e-01 2.121762239271873796e+01 1.354410601363787436e-01
2.500000000000000000e-01 2.208364779650317899e+01 1.853612063462457826e-01
1.250000000000000000e+00 2.208364779650317899e+01 1.853606097421300891e-01
-1.250000000000000000e+00 2.294967320028762003e+01 1.878735756964581838e-01
-2.500000000000000000e-01 2.294967320028762003e+01 1.878732869245864912e-01
2.500000000000000000e-01 2.381569860407206107e+01 6.155839808343974845e-02
1.250000000000000000e+00 2.381569860407206107e+01 6.155829720281570661e-02
-1.250000000000000000e+00 2.468172400785649501e+01 1.351747631970451335e-01
-2.500000000000000000e-01 2.468172400785649501e+01 1.351747601223108330e-01
2.500000000000000000e-01 2.554774941164093605e+01 1.344968710713265458e-01
1.250000000000000000e+00 2.554774941164093605e+01 1.344968742585911647e-01
1.750000000000000000e+00 -2.554774941164094315e+01 1.344968772570172555e-01
2.750000000000000000e+00 -2.554774941164094315e+01 1.344968895189993241e-01
3.250000000000000000e+00 -2.468172400785650566e+01 1.351747707361377338e-01
4.250000000000000000e+00 -2.468172400785650566e+01 1.351747355481243973e-01
1.750000000000000000e+00 -2.381569860407206463e+01 6.155839806370845546e-02
2.750000000000000000e+00 -2.381569860407206463e+01 6.155832141391678891e-02
3.250000000000000000e+00 -2.294967320028762714e+01 1.878735642388952576e-01
4.250000000000000000e+00 -2.294967320028762714e+01 1.878733327143600196e-01
1.750000000000000000e+00 -2.208364779650318965e+01 1.853612289495679688e-01
2.750000000000000000e+00 -2.208364779650318965e+01 1.853607361815542420e-01
3.250000000000000000e+00 -2.121762239271875217e+01 1.354428540550316473e-01
4.250000000000000000e+00 -2.121762239271875217e+01 1.354418301840065175e-01
1.750000000000000000e+00 -2.035159698893431113e+01 1.968510356880081025e-01
2.750000000000000000e+00 -2.035159698893431113e+01 1.968487889611070241e-01
3.250000000000000000e+00 -1.948557158514987364e+01 1.761778118952041783e-01
4.250000000000000000e+00 -1.948557158514987364e+01 1.761738285342536181e-01
1.750000000000000000e+00 -1.861954618136543615e+01 1.360855822788069047e-01
2.750000000000000000e+00 -1.861954618136543615e+01 1.360763253493477154e-01
3.250000000000000000e+00 -1.775352077758099512e+01 1.427461333323634118e-01
4.250000000000000000e+00 -1.775352077758099512e+01 1.427316138693611736e-01
1.750000000000000000e+00 -1.688749537379655763e+01 1.197432597586114561e-01
2.750000000000000000e+00 -1.688749537379655763e+01 1.197084210226296713e-01
3.250000000000000000e+00 -1.602146997001212014e+01 9.951078135183108464e-02
4.250000000000000000e+00 -1.602146997001212014e+01 9.945986156049003990e-02
1.750000000000000000e+00 -1.515544456622767733e+01 9.459170765134845837e-02
2.750000000000000000e+00 -1.515544456622767733e+01 9.447105967801069926e-02
3.250000000000000000e+00 -1.428941916244323806e+01 8.441792765592340264e-02
4.250000000000000000e+00 -1.428941916244323806e+01 8.424970529492183113e-02
1.750000000000000000e+00 -1.342339375865880058e+01 7.908234366962915707e-02
2.750000000000000000e+00 -1.342339375865880058e+01 7.870182131537212245e-02
3.250000000000000000e+00 -1.255736835487436132e+01 7.688667943269333893e-02
4.250000000000000000e+00 -1.255736835487436132e+01 7.637722366976353039e-02
1.750000000000000000e+00 -1.169134295108992383e+01 7.458623300637230724e-02
2.750000000000000000e+00 -1.169134295108992383e+01 7.350258385828038754e-02
3.250000000000000000e+00 -1.082531754730548457e+01 7.383229204961344605e-02
4.250000000000000000e+00 -1.082531754730548457e+01 7.247071699219849450e-02
1.750000000000000000e+00 -9.959292143521047080e+00 7.334389085943310294e-02
2.750000000000000000e+00 -9.959292143521047080e+00 7.054310776979638709e-02
3.250000000000000000e+00 -9.093266739736607818e+00 7.305602972157411445e-02
4.250000000000000000e+00 -9.093266739736607818e+00 6.986440101003045522e-02
1.750000000000000000e+00 -8.227241335952170331e+00 7.326397124611555567e-02
2.750000000000000000e+00 -8.227241335952170331e+00 6.688730073145576771e-02
3.250000000000000000e+00 -7.361215932167732845e+00 7.296317531702981030e-02
4.250000000000000000e+00 -7.361215932167732845e+00 6.605193997334429801e-02
1.750000000000000000e+00 -6.495190528383291806e+00 7.314823591510938305e-02
2.750000000000000000e+00 -6.495190528383291806e+00 6.076215896718484277e-02
3.250000000000000000e+00 -5.629165124598854320e+00 7.381110691042797045e-02
4.250000000000000000e+00 -5.629165124598854320e+00 6.075301916761036147e-02
1.750000000000000000e+00 -4.763139720814413280e+00 7.328322761664363139e-02
2.750000000000000000e+00 -4.763139720814413280e+00 5.093888796236871463e-02
3.250000000000000000e+00 -3.897114317029975794e+00 7.328187959104820459e-02
4.250000000000000000e+00 -3.897114317029975794e+00 5.391512868349512128e-02
1.750000000000000000e+00 -3.031088913245538308e+00 7.880944525910794918e-02
2.750000000000000000e+00 -3.031088913245538308e+00 4.182199738419926233e-02
3.250000000000000000e+00 -2.165063509461100821e+00 7.532591657177088729e-02
4.250000000000000000e+00 -2.165063509461100821e+00 4.522238446970119202e-02
1.750000000000000000e+00 -1.299038105676659782e+00 7.492645283786984745e-02
2.750000000000000000e+00 -1.299038105676659782e+00 3.396400821977348106e-02
3.250000000000000000e+00 -4.330127018922222959e-01 8.344579928134349123e-02
4.250000000000000000e+00 -4.330127018922222959e-01 4.182158191603022046e-02
1.750000000000000000e+00 4.330127018922151905e-01 1.210345071807644723e-01
2.750000000000000000e+00 4.330127018922151905e-01 2.529814358263293012e-02
3.250000000000000000e+00 1.299038105676652677e+00 8.344583544515365992e-02
4.250000000000000000e+00 1.299038105676652677e+00 4.182162015871249833e-02
1.750000000000000000e+00 2.165063509461093716e+00 7.492658112325049913e-02
2.750000000000000000e+00 2.165063509461093716e+00 3.396414988689965692e-02
3.250000000000000000e+00 3.031088913245531202e+00 7.532615253168414848e-02
4.250000000000000000e+00 3.031088913245531202e+00 4.522258107539105926e-02
1.750000000000000000e+00 3.897114317029972241e+00 7.881038516265884142e-02
2.750000000000000000e+00 3.897114317029972241e+00 4.182288864277591833e-02
3.250000000000000000e+00 4.763139720814409728e+00 7.328327348433907873e-02
4.250000000000000000e+00 4.763139720814409728e+00 5.391623996239165717e-02
1.750000000000000000e+00 5.629165124598847214e+00 7.328835502617619957e-02
2.750000000000000000e+00 5.629165124598847214e+00 5.094395782070906820e-02
3.250000000000000000e+00 6.495190528383284700e+00 7.382047745861272658e-02
4.250000000000000000e+00 6.495190528383284700e+00 6.076189048754509353e-02
1.750000000000000000e+00 7.361215932167725740e+00 7.317003410074682246e-02
2.750000000000000000e+00 7.361215932167725740e+00 6.078351156471131084e-02
3.250000000000000000e+00 8.227241335952166779e+00 7.302681078363210121e-02
4.250000000000000000e+00 8.227241335952166779e+00 6.611497035923524779e-02
1.750000000000000000e+00 9.093266739736600712e+00 7.334960911628266023e-02
2.750000000000000000e+00 9.093266739736600712e+00 6.697190262802167615e-02
3.250000000000000000e+00 9.959292143521041751e+00 7.334666889985624882e-02
4.250000000000000000e+00 9.959292143521041751e+00 7.015406262108152269e-02
1.750000000000000000e+00 1.082531754730548279e+01 7.381707878463170114e-02
2.750000000000000000e+00 1.082531754730548279e+01 7.101508411436044388e-02
3.250000000000000000e+00 1.169134295108992383e+01 7.462642782265084540e-02
4.250000000000000000e+00 1.169134295108992383e+01 7.326367054744496732e-02
1.750000000000000000e+00 1.255736835487435776e+01 7.688520928689271394e-02
2.750000000000000000e+00 1.255736835487435776e+01 7.579979290308773432e-02
3.250000000000000000e+00 1.342339375865879880e+01 7.907965505527247974e-02
4.250000000000000000e+00 1.342339375865879880e+01 7.856897814268215541e-02
1.750000000000000000e+00 1.428941916244323274e+01 8.442716955914758570e-02
2.750000000000000000e+00 1.428941916244323274e+01 8.404447801860359668e-02
3.250000000000000000e+00 1.515544456622767377e+01 9.458991159016173766e-02
4.250000000000000000e+00 1.515544456622767377e+01 9.441994789055241366e-02
1.750000000000000000e+00 1.602146997001211304e+01 9.951217520961452845e-02
2.750000000000000000e+00 1.602146997001211304e+01 9.939039287897866171e-02
3.250000000000000000e+00 1.688749537379655408e+01 1.197439613200425024e-01
4.250000000000000000e+00 1.688749537379655408e+01 1.196914136491731978e-01
1.750000000000000000e+00 1.775352077758098801e+01 1.427458738933803373e-01
2.750000000000000000e+00 1.775352077758098801e+01 1.427107449696941310e-01
3.250000000000000000e+00 1.861954618136542905e+01 1.360857488907441792e-01
4.250000000000000000e+00 1.861954618136542905e+01 1.360705230006531707e-01
1.750000000000000000e+00 1.948557158514986298e+01 1.761778392460043585e-01
2.750000000000000000e+00 1.948557158514986298e+01 1.761684396933944630e-01
3.250000000000000000e+00 2.035159698893430402e+01 1.968509959162746958e-01
4.250000000000000000e+00 2.035159698893430402e+01 1.968468178107620759e-01
1.750000000000000000e+00 2.121762239271873796e+01 1.354428875795954945e-01
2.750000000000000000e+00 2.121762239271873796e+01 1.354408248243653690e-01
3.250000000000000000e+00 2.208364779650317899e+01 1.853612141846257555e-01
4.250000000000000000e+00 2.208364779650317899e+01 1.853601530556004684e-01
1.750000000000000000e+00 2.294967320028762003e+01 1.878735411698891078e-01
2.750000000000000000e+00 2.294967320028762003e+01 1.878733566456977089e-01
3.250000000000000000e+00 2.381569860407206107e+01 6.155839277000685339e-02
4.250000000000000000e+00 2.381569860407206107e+01 6.155821732773003596e-02
1.750000000000000000e+00 2.468172400785649501e+01 1.351747580771680002e-01
2.750000000000000000e+00 2.468172400785649501e+01 1.351747972992885793e-01
3.250000000000000000e+00 2.554774941164093605e+01 1.344968683158468403e-01
4.250000000000000000e+00 2.554774941164093605e+01 1.344969015948271895e-01
4.750000000000000000e+00 -2.554774941164094315e+01 1.344968779677476189e-01
5.750000000000000000e+00 -2.554774941164094315e+01 1.344968419860087805e-01
6.250000000000000000e+00 -2.468172400785650566e+01 1.351747716702061675e-01
7.250000000000000000e+00 -2.468172400785650566e+01 1.351747331710260180e-01
4.750000000000000000e+00 -2.381569860407206463e+01 6.155839621997047373e-02
5.750000000000000000e+00 -2.381569860407206463e+01 6.155828778521640898e-02
6.250000000000000000e+00 -2.294967320028762714e+01 1.878735700506549700e-01
7.250000000000000000e+00 -2.294967320028762714e+01 1.878734196888753039e-01
4.750000000000000000e+00 -2.208364779650318965e+01 1.853612367825075158e-01
5.750000000000000000e+00 -2.208364779650318965e+01 1.853608162802367898e-01
6.250000000000000000e+00 -2.121762239271875217e+01 1.354428578900216396e-01
7.250000000000000000e+00 -2.121762239271875217e+01 1.354424501094405597e-01
4.750000000000000000e+00 -2.035159698893431113e+01 1.968510719022057986e-01
5.750000000000000000e+00 -2.035159698893431113e+01 1.968496183561566082e-01
6.250000000000000000e+00 -1.948557158514987364e+01 1.761777766478367924e-01
7.250000000000000000e+00 -1.948557158514987364e+01 1.761762320764538037e-01
4.750000000000000000e+00 -1.861954618136543615e+01 1.360856094155799556e-01
5.750000000000000000e+00 -1.861954618136543615e+01 1.360804561242004995e-01
6.250000000000000000e+00 -1.775352077758099512e+01 1.427460138994183225e-01
7.250000000000000000e+00 -1.775352077758099512e+01 1.427395579921115210e-01
4.750000000000000000e+00 -1.688749537379655763e+01 1.197432283963562050e-01
5.750000000000000000e+00 -1.688749537379655763e+01 1.197240424333716607e-01
6.250000000000000000e+00 -1.602146997001212014e+01 9.951058966878797984e-02
7.250000000000000000e+00 -1.602146997001212014e+01 9.948706420573108500e-02
4.750000000000000000e+00 -1.515544456622767733e+01 9.459079749914693636e-02
5.750000000000000000e+00 -1.515544456622767733e+01 9.452373387436829866e-02
6.250000000000000000e+00 -1.428941916244323806e+01 8.441803902991135145e-02
7.250000000000000000e+00 -1.428941916244323806e+01 8.434193829142898335e-02
4.750000000000000000e+00 -1.342339375865880058e+01 7.907829187167154938e-02
5.750000000000000000e+00 -1.342339375865880058e+01 7.887034192264115451e-02
6.250000000000000000e+00 -1.255736835487436132e+01 7.688220987495006375e-02
7.250000000000000000e+00 -1.255736835487436132e+01 7.665593339742773904e-02
4.750000000000000000e+00 -1.169134295108992383e+01 7.458418948940760684e-02
5.750000000000000000e+00 -1.169134295108992383e+01 7.400727062595340022e-02
6.250000000000000000e+00 -1.082531754730548457e+01 7.380548494040495289e-02
7.250000000000000000e+00 -1.082531754730548457e+01 7.321270153181552720e-02
4.750000000000000000e+00 -9.959292143521047080e+00 7.332863258069023671e-02
5.750000000000000000e+00 -9.959292143521047080e+00 7.185103462651303008e-02
6.250000000000000000e+00 -9.093266739736607818e+00 7.303804056214091567e-02
7.250000000000000000e+00 -9.093266739736607818e+00 7.170718622225402683e-02
4.750000000000000000e+00 -8.227241335952170331e+00 7.308420788162589554e-02
5.750000000000000000e+00 -8.227241335952170331e+00 6.977940814115164703e-02
6.250000000000000000e+00 -7.361215932167732845e+00 7.290694740877640134e-02
7.250000000000000000e+00 -7.361215932167732845e+00 7.010444796705420090e-02
4.750000000000000000e+00 -6.495190528383291806e+00 7.294143196115204786e-02
5.750000000000000000e+00 -6.495190528383291806e+00 6.680267396706246474e-02
6.250000000000000000e+00 -5.629165124598854320e+00 7.316933210233453333e-02
7.250000000000000000e+00 -5.629165124598854320e+00 6.792905331975825078e-02
4.750000000000000000e+00 -4.763139720814413280e+00 7.313383981638757469e-02
5.750000000000000000e+00 -4.763139720814413280e+00 6.218703376678533234e-02
6.250000000000000000e+00 -3.897114317029975794e+00 7.291878058759526660e-02
7.250000000000000000e+00 -3.897114317029975794e+00 6.531036970970657829e-02
4.750000000000000000e+00 -3.031088913245538308e+00 7.473945066236342694e-02
5.750000000000000000e+00 -3.031088913245538308e+00 5.759023795979873600e-02
6.250000000000000000e+00 -2.165063509461100821e+00 7.371932474559148019e-02
7.250000000000000000e+00 -2.165063509461100821e+00 6.218456196543624415e-02
4.750000000000000000e+00 -1.299038105676659782e+00 7.286865786017089619e-02
5.750000000000000000e+00 -1.299038105676659782e+00 5.391400985777571736e-02
6.250000000000000000e+00 -4.330127018922222959e-01 7.449497899644701160e-02
7.250000000000000000e+00 -4.330127018922222959e-01 6.074548318652543688e-02
4.750000000000000000e+00 4.330127018922151905e-01 8.120807803801249891e-02
5.750000000000000000e+00 4.330127018922151905e-01 5.093636493950995381e-02
6.250000000000000000e+00 1.299038105676652677e+00 7.449498593903872146e-02
7.250000000000000000e+00 1.299038105676652677e+00 6.074553005333689637e-02
4.750000000000000000e+00 2.165063509461093716e+00 7.286875351332666728e-02
5.750000000000000000e+00 2.165063509461093716e+00 5.391405704924683018e-02
6.250000000000000000e+00 3.031088913245531202e+00 7.371956145198602095e-02
7.250000000000000000e+00 3.031088913245531202e+00 6.218485533870658083e-02
4.750000000000000000e+00 3.897114317029972241e+00 7.474026735601180249e-02
5.750000000000000000e+00 3.897114317029972241e+00 5.759100099451353039e-02
6.250000000000000000e+00 4.763139720814409728e+00 7.292014321820802780e-02
7.250000000000000000e+00 4.763139720814409728e+00 6.531183306715387937e-02
4.750000000000000000e+00 5.629165124598847214e+00 7.313891778548239908e-02
5.750000000000000000e+00 5.629165124598847214e+00 6.219207178801141461e-02
6.250000000000000000e+00 6.495190528383284700e+00 7.317862891066827247e-02
7.250000000000000000e+00 6.495190528383284700e+00 6.793863154574672492e-02
4.750000000000000000e+00 7.361215932167725740e+00 7.296320255559386736e-02
5.750000000000000000e+00 7.361215932167725740e+00 6.682439249391070035e-02
6.250000000000000000e+00 8.227241335952166779e+00 7.297058732534061898e-02
7.250000000000000000e+00 8.227241335952166779e+00 7.016855265693296151e-02
4.750000000000000000e+00 9.093266739736600712e+00 7.316966758619869449e-02
5.750000000000000000e+00 9.093266739736600712e+00 6.986502942489476731e-02
6.250000000000000000e+00 9.959292143521041751e+00 7.332862743545244533e-02
7.250000000000000000e+00 9.959292143521041751e+00 7.199842124187220971e-02
4.750000000000000000e+00 1.082531754730548279e+01 7.380178210582380438e-02
5.750000000000000000e+00 1.082531754730548279e+01 7.232457087810124918e-02
6.250000000000000000e+00 1.169134295108992383e+01 7.459957880987208578e-02
7.250000000000000000e+00 1.169134295108992383e+01 7.400775215772434357e-02
4.750000000000000000e+00 1.255736835487435776e+01 7.688304299728607183e-02
5.750000000000000000e+00 1.255736835487435776e+01 7.630646929869731865e-02
6.250000000000000000e+00 1.342339375865879880e+01 7.907535024206549523e-02
7.250000000000000000e+00 1.342339375865879880e+01 7.885019137158422176e-02
4.750000000000000000e+00 1.428941916244323274e+01 8.442254117178869810e-02
5.750000000000000000e+00 1.428941916244323274e+01 8.421487288604768973e-02
6.250000000000000000e+00 1.515544456622767377e+01 9.458994875315013262e-02
7.250000000000000000e+00 1.515544456622767377e+01 9.451495001071097413e-02
4.750000000000000000e+00 1.602146997001211304e+01 9.951094421293329995e-02
5.750000000000000000e+00 1.602146997001211304e+01 9.944369751041452765e-02
6.250000000000000000e+00 1.688749537379655408e+01 1.197435039631677134e-01
7.250000000000000000e+00 1.688749537379655408e+01 1.197207752634998068e-01
4.750000000000000000e+00 1.775352077758098801e+01 1.427458741794141450e-01
5.750000000000000000e+00 1.775352077758098801e+01 1.427259095618221840e-01
6.250000000000000000e+00 1.861954618136542905e+01 1.360856261656905319e-01
7.250000000000000000e+00 1.861954618136542905e+01 1.360792712667079352e-01
4.750000000000000000e+00 1.948557158514986298e+01 1.761777797976502580e-01
5.750000000000000000e+00 1.948557158514986298e+01 1.761719796571978303e-01
6.250000000000000000e+00 2.035159698893430402e+01 1.968510370838653378e-01
7.250000000000000000e+00 2.035159698893430402e+01 1.968492197027221502e-01
4.750000000000000000e+00 2.121762239271873796e+01 1.354428353810352426e-01
5.750000000000000000e+00 2.121762239271873796e+01 1.354411353456656530e-01
6.250000000000000000e+00 2.208364779650317899e+01 1.853612159148697591e-01
7.250000000000000000e+00 2.208364779650317899e+01 1.853606555534371425e-01
4.750000000000000000e+00 2.294967320028762003e+01 1.878735487763205092e-01
5.750000000000000000e+00 2.294967320028762003e+01 1.878730644852908416e-01
6.250000000000000000e+00 2.381569860407206107e+01 6.155839090105666433e-02
7.250000000000000000e+00 2.381569860407206107e+01 6.155820036027408876e-02
4.750000000000000000e+00 2.468172400785649501e+01 1.351747648642349919e-01
5.750000000000000000e+00 2.468172400785649501e+01 1.351746734906428826e-01
6.250000000000000000e+00 2.554774941164093605e+01 1.344968753646837156e-01
7.250000000000000000e+00 2.554774941164093605e+01 1.344967798772027656e-01
