-7.250000000000000000e+00 -2.554774941164094315e+01 1.526355835772272018e-01
-6.250000000000000000e+00 -2.554774941164094315e+01 1.526356102304675111e-01
-5.750000000000000000e+00 -2.468172400785650566e+01 1.510767040491653723e-01
-4.750000000000000000e+00 -2.468172400785650566e+01 1.510767244325951497e-01
-7.250000000000000000e+00 -2.381569860407206463e+01 3.262755621006497436e-02
-6.250000000000000000e+00 -2.381569860407206463e+01 3.262760795512491957e-02
-5.750000000000000000e+00 -2.294967320028762714e+01 1.127524821083309842e-01
-4.750000000000000000e+00 -2.294967320028762714e+01 1.127526519770815638e-01
-7.250000000000000000e+00 -2.208364779650318965e+01 9.815196448724620992e-02
-6.250000000000000000e+00 -2.208364779650318965e+01 9.815223425977745442e-02
-5.750000000000000000e+00 -2.121762239271875217e+01 3.796486395332256125e-02
-4.750000000000000000e+00 -2.121762239271875217e+01 3.796562702192319422e-02
-7.250000000000000000e+00 -2.035159698893431113e+01 5.722166042402063169e-02
-6.250000000000000000e+00 -2.035159698893431113e+01 5.722291002559745654e-02
-5.750000000000000000e+00 -1.948557158514987364e+01 4.141143993766517595e-02
-4.750000000000000000e+00 -1.948557158514987364e+01 4.141468567560974839e-02
-7.250000000000000000e+00 -1.861954618136543615e+01 2.447163187508959170e-02
-6.250000000000000000e+00 -1.861954618136543615e+01 2.447633701108262519e-02
-5.750000000000000000e+00 -1.775352077758099512e+01 2.585629151668510095e-02
-4.750000000000000000e+00 -1.775352077758099512e+01 2.586901081681950570e-02
-7.250000000000000000e+00 -1.688749537379655763e+01 1.964705099223673299e-02
-6.250000000000000000e+00 -1.688749537379655763e+01 1.966410953590744248e-02
-5.750000000000000000e+00 -1.602146997001212014e+01 1.741280929494003205e-02
-4.750000000000000000e+00 -1.602146997001212014e+01 1.745612553896129515e-02
-7.250000000000000000e+00 -1.515544456622767733e+01 1.672281297955187374e-02
-6.250000000000000000e+00 -1.515544456622767733e+01 1.678095305068279947e-02
-5.750000000000000000e+00 -1.428941916244323806e+01 1.566727856786789830e-02
-4.750000000000000000e+00 -1.428941916244323806e+01 1.580235402033235148e-02
-7.250000000000000000e+00 -1.342339375865880058e+01 1.554597370915628864e-02
-6.250000000000000000e+00 -1.342339375865880058e+01 1.571654231264003540e-02
-5.750000000000000000e+00 -1.255736835487436132e+01 1.526836361981554792e-02
-4.750000000000000000e+00 -1.255736835487436132e+01 1.566716108207307639e-02
-7.250000000000000000e+00 -1.169134295108992383e+01 1.528191617402868165e-02
-6.250000000000000000e+00 -1.169134295108992383e+01 1.568965487484242499e-02
-5.750000000000000000e+00 -1.082531754730548457e+01 1.527585716153154194e-02
-4.750000000000000000e+00 -1.082531754730548457e+01 1.626411371994516269e-02
-7.250000000000000000e+00 -9.959292143521047080e+00 1.524323277759183359e-02
-6.250000000000000000e+00 -9.959292143521047080e+00 1.618854474059654852e-02
-5.750000000000000000e+00 -9.093266739736607818e+00 1.568305887554206565e-02
-4.750000000000000000e+00 -9.093266739736607818e+00 1.747500940072606659e-02
-7.250000000000000000e+00 -8.227241335952170331e+00 1.515467743479915509e-02
-6.250000000000000000e+00 -8.227241335952170331e+00 1.746574574758327086e-02
-5.750000000000000000e+00 -7.361215932167732845e+00 1.581125287053071135e-02
-4.750000000000000000e+00 -7.361215932167732845e+00 1.910133174888317686e-02
-7.250000000000000000e+00 -6.495190528383291806e+00 1.561714317031013405e-02
-6.250000000000000000e+00 -6.495190528383291806e+00 1.957870675948823400e-02
-5.750000000000000000e+00 -5.629165124598854320e+00 1.514895246313588753e-02
-4.750000000000000000e+00 -5.629165124598854320e+00 2.275319509790759559e-02
-7.250000000000000000e+00 -4.763139720814413280e+00 1.632638817566672146e-02
-6.250000000000000000e+00 -4.763139720814413280e+00 2.111372656779025164e-02
-5.750000000000000000e+00 -3.897114317029975794e+00 1.745373039597606507e-02
-4.750000000000000000e+00 -3.897114317029975794e+00 2.702302664608470517e-02
-7.250000000000000000e+00 -3.031088913245538308e+00 1.537387422812679788e-02
-6.250000000000000000e+00 -3.031088913245538308e+00 2.427400171423810260e-02
-5.750000000000000000e+00 -2.165063509461100821e+00 2.019962846290417405e-02
-4.750000000000000000e+00 -2.165063509461100821e+00 2.570905229314228435e-02
-7.250000000000000000e+00 -1.299038105676659782e+00 1.591658252794408285e-02
-6.250000000000000000e+00 -1.299038105676659782e+00 2.702301455088305937e-02
-5.750000000000000000e+00 -4.330127018922222959e-01 1.633218462106367230e-02
-4.750000000000000000e+00 -4.330127018922222959e-01 3.051371259942677050e-02
-7.250000000000000000e+00 4.330127018922151905e-01 1.768822448893115490e-02
-6.250000000000000000e+00 4.330127018922151905e-01 2.393442188943037396e-02
-5.750000000000000000e+00 1.299038105676652677e+00 1.633216600226643223e-02
-4.750000000000000000e+00 1.299038105676652677e+00 3.051370217227822659e-02
-7.250000000000000000e+00 2.165063509461093716e+00 1.591659169797302043e-02
-6.250000000000000000e+00 2.165063509461093716e+00 2.702305079523234510e-02
-5.750000000000000000e+00 3.031088913245531202e+00 2.019955332771610976e-02
-4.750000000000000000e+00 3.031088913245531202e+00 2.570904397451027196e-02
-7.250000000000000000e+00 3.897114317029972241e+00 1.537389232286631366e-02
-6.250000000000000000e+00 3.897114317029972241e+00 2.427400430728539338e-02
-5.750000000000000000e+00 4.763139720814409728e+00 1.745384808528487042e-02
-4.750000000000000000e+00 4.763139720814409728e+00 2.702321161556910795e-02
-7.250000000000000000e+00 5.629165124598847214e+00 1.632605989348651782e-02
-6.250000000000000000e+00 5.629165124598847214e+00 2.111339336310173384e-02
-5.750000000000000000e+00 6.495190528383284700e+00 1.514993084794997134e-02
-4.750000000000000000e+00 6.495190528383284700e+00 2.275412005464554424e-02
-7.250000000000000000e+00 7.361215932167725740e+00 1.561707118918685515e-02
-6.250000000000000000e+00 7.361215932167725740e+00 1.957874211937886411e-02
-5.750000000000000000e+00 8.227241335952166779e+00 1.581111565648019371e-02
-4.750000000000000000e+00 8.227241335952166779e+00 1.910132717532151553e-02
-7.250000000000000000e+00 9.093266739736600712e+00 1.516394177301911249e-02
-6.250000000000000000e+00 9.093266739736600712e+00 1.747498918372269311e-02
-5.750000000000000000e+00 9.959292143521041751e+00 1.567682507385191257e-02
-4.750000000000000000e+00 9.959292143521041751e+00 1.746906973249334749e-02
-7.250000000000000000e+00 1.082531754730548279e+01 1.527578037660559315e-02
-6.250000000000000000e+00 1.082531754730548279e+01 1.622109842443978517e-02
-5.750000000000000000e+00 1.169134295108992383e+01 1.530775862251751787e-02
-4.750000000000000000e+00 1.169134295108992383e+01 1.629591423676253134e-02
-7.250000000000000000e+00 1.255736835487435776e+01 1.532683858336925282e-02
-6.250000000000000000e+00 1.255736835487435776e+01 1.573491450118361459e-02
-5.750000000000000000e+00 1.342339375865879880e+01 1.553670304302584917e-02
-4.750000000000000000e+00 1.342339375865879880e+01 1.593545369741766748e-02
-7.250000000000000000e+00 1.428941916244323274e+01 1.567078545806935633e-02
-6.250000000000000000e+00 1.428941916244323274e+01 1.584143345888515408e-02
-5.750000000000000000e+00 1.515544456622767377e+01 1.672823830555937238e-02
-4.750000000000000000e+00 1.515544456622767377e+01 1.686337902879017636e-02
-7.250000000000000000e+00 1.602146997001211304e+01 1.741020314658419180e-02
-6.250000000000000000e+00 1.602146997001211304e+01 1.746831596946937099e-02
-5.750000000000000000e+00 1.688749537379655408e+01 1.964941402269808346e-02
-4.750000000000000000e+00 1.688749537379655408e+01 1.969242394605917601e-02
-7.250000000000000000e+00 1.775352077758098801e+01 2.585625672137773293e-02
-6.250000000000000000e+00 1.775352077758098801e+01 2.587349068490956555e-02
-5.750000000000000000e+00 1.861954618136542905e+01 2.447181985275981991e-02
-4.750000000000000000e+00 1.861954618136542905e+01 2.448439753514711908e-02
-7.250000000000000000e+00 1.948557158514986298e+01 4.141166285558119803e-02
-6.250000000000000000e+00 1.948557158514986298e+01 4.141629287267641069e-02
-5.750000000000000000e+00 2.035159698893430402e+01 5.722164534897072885e-02
-4.750000000000000000e+00 2.035159698893430402e+01 5.722491230045440719e-02
-7.250000000000000000e+00 2.121762239271873796e+01 3.796492976508440004e-02
-6.250000000000000000e+00 2.121762239271873796e+01 3.796608958482562690e-02
-5.750000000000000000e+00 2.208364779650317899e+01 9.815198731971579160e-02
-4.750000000000000000e+00 2.208364779650317899e+01 9.815264112758315118e-02
-7.250000000000000000e+00 2.294967320028762003e+01 1.127524787825050501e-01
-6.250000000000000000e+00 2.294967320028762003e+01 1.127528175687291384e-01
-5.750000000000000000e+00 2.381569860407206107e+01 3.262755697683086126e-02
-4.750000000000000000e+00 2.381569860407206107e+01 3.262769070570507163e-02
-7.250000000000000000e+00 2.468172400785649501e+01 1.510767021297969581e-01
-6.250000000000000000e+00 2.468172400785649501e+01 1.510767684171020475e-01
-5.750000000000000000e+00 2.554774941164093605e+01 1.526355772651786791e-01
-4.750000000000000000e+00 2.554774941164093605e+01 1.526356421966675314e-01
-4.250000000000000000e+00 -2.554774941164094315e+01 1.526355854122410372e-01
-3.250000000000000000e+00 -2.554774941164094315e+01 1.526356063830772991e-01
-2.750000000000000000e+00 -2.468172400785650566e+01 1.510767030605653649e-01
-1.750000000000000000e+00 -2.468172400785650566e+01 1.510767367425224772e-01
-4.250000000000000000e+00 -2.381569860407206463e+01 3.262755803193757853e-02
-3.250000000000000000e+00 -2.381569860407206463e+01 3.262763740594114975e-02
-2.750000000000000000e+00 -2.294967320028762714e+01 1.127524862777495862e-01
-1.750000000000000000e+00 -2.294967320028762714e+01 1.127527218435385864e-01
-4.250000000000000000e+00 -2.208364779650318965e+01 9.815198443189301902e-02
-3.250000000000000000e+00 -2.208364779650318965e+01 9.815238229005836257e-02
-2.750000000000000000e+00 -2.121762239271875217e+01 3.796486788734825674e-02
-1.750000000000000000e+00 -2.121762239271875217e+01 3.796597359487877132e-02
-4.250000000000000000e+00 -2.035159698893431113e+01 5.722170388073490738e-02
-3.250000000000000000e+00 -2.035159698893431113e+01 5.722365767619882332e-02
-2.750000000000000000e+00 -1.948557158514987364e+01 4.141150394409744140e-02
-1.750000000000000000e+00 -1.948557158514987364e+01 4.141613617121082253e-02
-4.250000000000000000e+00 -1.861954618136543615e+01 2.447154584863779625e-02
-3.250000000000000000e+00 -1.861954618136543615e+01 2.447960177326639897e-02
-2.750000000000000000e+00 -1.775352077758099512e+01 2.585667736818429707e-02
-1.750000000000000000e+00 -1.775352077758099512e+01 2.587472903282304199e-02
-4.250000000000000000e+00 -1.688749537379655763e+01 1.964665121783075452e-02
-3.250000000000000000e+00 -1.688749537379655763e+01 1.967678424706265777e-02
-2.750000000000000000e+00 -1.602146997001212014e+01 1.741277841158197365e-02
-1.750000000000000000e+00 -1.602146997001212014e+01 1.747647298827701562e-02
-4.250000000000000000e+00 -1.515544456622767733e+01 1.672531717971086074e-02
-3.250000000000000000e+00 -1.515544456622767733e+01 1.682731587706530474e-02
-2.750000000000000000e+00 -1.428941916244323806e+01 1.566290885974838676e-02
-1.750000000000000000e+00 -1.428941916244323806e+01 1.586805491514161476e-02
-4.250000000000000000e+00 -1.342339375865880058e+01 1.556381130661452922e-02
-3.250000000000000000e+00 -1.342339375865880058e+01 1.586108470358218656e-02
-2.750000000000000000e+00 -1.255736835487436132e+01 1.528150143748392698e-02
-1.750000000000000000e+00 -1.255736835487436132e+01 1.587304907338175225e-02
-4.250000000000000000e+00 -1.169134295108992383e+01 1.528427663783977347e-02
-3.250000000000000000e+00 -1.169134295108992383e+01 1.605488673708001246e-02
-2.750000000000000000e+00 -1.082531754730548457e+01 1.539673694476595411e-02
-1.750000000000000000e+00 -1.082531754730548457e+01 1.682007208585208774e-02
-4.250000000000000000e+00 -9.959292143521047080e+00 1.515794847852184463e-02
-3.250000000000000000e+00 -9.959292143521047080e+00 1.707487530709581730e-02
-2.750000000000000000e+00 -9.093266739736607818e+00 1.562639704576599536e-02
-1.750000000000000000e+00 -9.093266739736607818e+00 1.856815371748155030e-02
-4.250000000000000000e+00 -8.227241335952170331e+00 1.581120738469073833e-02
-3.250000000000000000e+00 -8.227241335952170331e+00 1.957876196917077843e-02
-2.750000000000000000e+00 -7.361215932167732845e+00 1.514994028618765233e-02
-1.750000000000000000e+00 -7.361215932167732845e+00 2.111435048958634417e-02
-4.250000000000000000e+00 -6.495190528383291806e+00 1.885533690479515578e-02
-3.250000000000000000e+00 -6.495190528383291806e+00 2.275416322889198262e-02
-2.750000000000000000e+00 -5.629165124598854320e+00 1.956267136463399336e-02
-1.750000000000000000e+00 -5.629165124598854320e+00 2.702290276872214986e-02
-4.250000000000000000e+00 -4.763139720814413280e+00 1.956314595750420493e-02
-3.250000000000000000e+00 -4.763139720814413280e+00 2.393461163422614182e-02
-2.750000000000000000e+00 -3.897114317029975794e+00 3.741600957652709697e-02
-1.750000000000000000e+00 -3.897114317029975794e+00 3.051373030167606193e-02
-4.250000000000000000e+00 -3.031088913245538308e+00 1.522461545880971281e-02
-3.250000000000000000e+00 -3.031088913245538308e+00 3.051371968513329549e-02
-2.750000000000000000e+00 -2.165063509461100821e+00 4.314959186442705874e-02
-1.750000000000000000e+00 -2.165063509461100821e+00 2.178801674781460918e-02
-4.250000000000000000e+00 -1.299038105676659782e+00 2.179495538334611307e-02
-3.250000000000000000e+00 -1.299038105676659782e+00 3.466122574997082539e-02
-2.750000000000000000e+00 -4.330127018922222959e-01 2.054977719302222838e-02
-1.750000000000000000e+00 -4.330127018922222959e-01 3.226555333887139165e-02
-4.250000000000000000e+00 4.330127018922151905e-01 3.097849570753981319e-02
-3.250000000000000000e+00 4.330127018922151905e-01 2.178800281717215709e-02
-2.750000000000000000e+00 1.299038105676652677e+00 2.054974750415427751e-02
-1.750000000000000000e+00 1.299038105676652677e+00 3.226554903342404579e-02
-4.250000000000000000e+00 2.165063509461093716e+00 2.179501229333841855e-02
-3.250000000000000000e+00 2.165063509461093716e+00 3.466123199882485684e-02
-2.750000000000000000e+00 3.031088913245531202e+00 4.314962095484516091e-02
-1.750000000000000000e+00 3.031088913245531202e+00 2.178799375411441877e-02
-4.250000000000000000e+00 3.897114317029972241e+00 1.522460742739953354e-02
-3.250000000000000000e+00 3.897114317029972241e+00 3.051370421088022908e-02
-2.750000000000000000e+00 4.763139720814409728e+00 3.741646586856207934e-02
-1.750000000000000000e+00 4.763139720814409728e+00 3.051385806591645072e-02
-4.250000000000000000e+00 5.629165124598847214e+00 1.956265565607345769e-02
-3.250000000000000000e+00 5.629165124598847214e+00 2.393430639613198380e-02
-2.750000000000000000e+00 6.495190528383284700e+00 1.956391719589397823e-02
-1.750000000000000000e+00 6.495190528383284700e+00 2.702384445164194432e-02
-4.250000000000000000e+00 7.361215932167725740e+00 1.885526413538059914e-02
-3.250000000000000000e+00 7.361215932167725740e+00 2.275413494694884797e-02
-2.750000000000000000e+00 8.227241335952166779e+00 1.514993362675196020e-02
-1.750000000000000000e+00 8.227241335952166779e+00 2.111436519795175173e-02
-4.250000000000000000e+00 9.093266739736600712e+00 1.582061942449880521e-02
-3.250000000000000000e+00 9.093266739736600712e+00 1.958789350524183306e-02
-2.750000000000000000e+00 9.959292143521041751e+00 1.562052192988939991e-02
-1.750000000000000000e+00 9.959292143521041751e+00 1.856200273221395372e-02
-4.250000000000000000e+00 1.082531754730548279e+01 1.519051111387216546e-02
-3.250000000000000000e+00 1.082531754730548279e+01 1.710742566948482771e-02
-2.750000000000000000e+00 1.169134295108992383e+01 1.542891005740244792e-02
-1.750000000000000000e+00 1.169134295108992383e+01 1.685178020729360265e-02
-4.250000000000000000e+00 1.255736835487435776e+01 1.532938215498563794e-02
-3.250000000000000000e+00 1.255736835487435776e+01 1.609992960363177544e-02
-2.750000000000000000e+00 1.342339375865879880e+01 1.554989050405277545e-02
-1.750000000000000000e+00 1.342339375865879880e+01 1.614143831594208947e-02
-4.250000000000000000e+00 1.428941916244323274e+01 1.568885575824702228e-02
-3.250000000000000000e+00 1.428941916244323274e+01 1.598569135831383325e-02
-2.750000000000000000e+00 1.515544456622767377e+01 1.672395852756376061e-02
-1.750000000000000000e+00 1.515544456622767377e+01 1.692901771710460246e-02
-4.250000000000000000e+00 1.602146997001211304e+01 1.741274672576115234e-02
-3.250000000000000000e+00 1.602146997001211304e+01 1.751461726246673900e-02
-2.750000000000000000e+00 1.688749537379655408e+01 1.964930147787108394e-02
-1.750000000000000000e+00 1.688749537379655408e+01 1.971283362368277114e-02
-4.250000000000000000e+00 1.775352077758098801e+01 2.585595033310608692e-02
-3.250000000000000000e+00 1.775352077758098801e+01 2.588599355777974897e-02
-2.750000000000000000e+00 1.861954618136542905e+01 2.447209154289774896e-02
-1.750000000000000000e+00 1.861954618136542905e+01 2.449023153719164653e-02
-4.250000000000000000e+00 1.948557158514986298e+01 4.141159716757732145e-02
-3.250000000000000000e+00 1.948557158514986298e+01 4.141942334028222289e-02
-2.750000000000000000e+00 2.035159698893430402e+01 5.722169811883571350e-02
-1.750000000000000000e+00 2.035159698893430402e+01 5.722633301688854340e-02
-4.250000000000000000e+00 2.121762239271873796e+01 3.796490144455599847e-02
-3.250000000000000000e+00 2.121762239271873796e+01 3.796683755346642875e-02
-2.750000000000000000e+00 2.208364779650317899e+01 9.815195961273502634e-02
-1.750000000000000000e+00 2.208364779650317899e+01 9.815299062778459760e-02
-4.250000000000000000e+00 2.294967320028762003e+01 1.127524787209550766e-01
-3.250000000000000000e+00 2.294967320028762003e+01 1.127529040729770421e-01
-2.750000000000000000e+00 2.381569860407206107e+01 3.262755272019535191e-02
-1.750000000000000000e+00 2.381569860407206107e+01 3.262776577792680238e-02
-4.250000000000000000e+00 2.468172400785649501e+01 1.510767037971690319e-01
-3.250000000000000000e+00 2.468172400785649501e+01 1.510767500822923770e-01
-2.750000000000000000e+00 2.554774941164093605e+01 1.526355954930739556e-01
-1.750000000000000000e+00 2.554774941164093605e+01 1.526356335503635253e-01
-1.250000000000000000e+00 -2.554774941164094315e+01 1.526355840393210650e-01
-2.500000000000000000e-01 -2.554774941164094315e+01 1.526356232947042313e-01
2.500000000000000000e-01 -2.468172400785650566e+01 1.510766977820962864e-01
1.250000000000000000e+00 -2.468172400785650566e+01 1.510767519550171023e-01
-1.250000000000000000e+00 -2.381569860407206463e+01 3.262755672018280428e-02
-2.500000000000000000e-01 -2.381569860407206463e+01 3.262767385497439276e-02
2.500000000000000000e-01 -2.294967320028762714e+01 1.127524770122222131e-01
1.250000000000000000e+00 -2.294967320028762714e+01 1.127527542483473116e-01
-1.250000000000000000e+00 -2.208364779650318965e+01 9.815197234529798864e-02
-2.500000000000000000e-01 -2.208364779650318965e+01 9.815251710456045220e-02
2.500000000000000000e-01 -2.121762239271875217e+01 3.796486884248201354e-02
1.250000000000000000e+00 -2.121762239271875217e+01 3.796599682309045876e-02
-1.250000000000000000e+00 -2.035159698893431113e+01 5.722169291594776663e-02
-2.500000000000000000e-01 -2.035159698893431113e+01 5.722409206918245561e-02
2.500000000000000000e-01 -1.948557158514987364e+01 4.141150870848575583e-02
1.250000000000000000e+00 -1.948557158514987364e+01 4.141613648076625243e-02
-1.250000000000000000e+00 -1.861954618136543615e+01 2.447147832466041104e-02
-2.500000000000000000e-01 -1.861954618136543615e+01 2.448122753806907664e-02
2.500000000000000000e-01 -1.775352077758099512e+01 2.585662755263287704e-02
1.250000000000000000e+00 -1.775352077758099512e+01 2.587467255577635336e-02
-1.250000000000000000e+00 -1.688749537379655763e+01 1.964676425123808301e-02
-2.500000000000000000e-01 -1.688749537379655763e+01 1.968305547239906569e-02
2.500000000000000000e-01 -1.602146997001212014e+01 1.741192077484864098e-02
1.250000000000000000e+00 -1.602146997001212014e+01 1.747641865890958712e-02
-1.250000000000000000e+00 -1.515544456622767733e+01 1.672795500096391913e-02
-2.500000000000000000e-01 -1.515544456622767733e+01 1.685008239303302513e-02
2.500000000000000000e-01 -1.428941916244323806e+01 1.566163392992217518e-02
1.250000000000000000e+00 -1.428941916244323806e+01 1.586809335378403657e-02
-1.250000000000000000e+00 -1.342339375865880058e+01 1.556489672085632769e-02
-2.500000000000000000e-01 -1.342339375865880058e+01 1.593127716511276437e-02
2.500000000000000000e-01 -1.255736835487436132e+01 1.529230506324153957e-02
1.250000000000000000e+00 -1.255736835487436132e+01 1.587304179254142578e-02
-1.250000000000000000e+00 -1.169134295108992383e+01 1.524815507412623575e-02
-2.500000000000000000e-01 -1.169134295108992383e+01 1.623579420658730760e-02
2.500000000000000000e-01 -1.082531754730548457e+01 1.537876130168833871e-02
1.250000000000000000e+00 -1.082531754730548457e+01 1.682003679453670728e-02
-1.250000000000000000e+00 -9.959292143521047080e+00 1.521127563917684666e-02
-2.500000000000000000e-01 -9.959292143521047080e+00 1.753807030554356897e-02
2.500000000000000000e-01 -9.093266739736607818e+00 1.536283109138777969e-02
1.250000000000000000e+00 -9.093266739736607818e+00 1.856821694329734845e-02
-1.250000000000000000e+00 -8.227241335952170331e+00 1.632694392437002151e-02
-2.500000000000000000e-01 -8.227241335952170331e+00 2.066165376014796745e-02
2.500000000000000000e-01 -7.361215932167732845e+00 1.537476790089654932e-02
1.250000000000000000e+00 -7.361215932167732845e+00 2.111438562881388578e-02
-1.250000000000000000e+00 -6.495190528383291806e+00 1.745445449715478381e-02
-2.500000000000000000e-01 -6.495190528383291806e+00 2.427485698735135089e-02
2.500000000000000000e-01 -5.629165124598854320e+00 2.019947978655624657e-02
1.250000000000000000e+00 -5.629165124598854320e+00 2.702286660023989553e-02
-1.250000000000000000e+00 -4.763139720814413280e+00 1.522480509539968219e-02
-2.500000000000000000e-01 -4.763139720814413280e+00 2.570921407635907291e-02
2.500000000000000000e-01 -3.897114317029975794e+00 2.179494165831633024e-02
1.250000000000000000e+00 -3.897114317029975794e+00 3.051370892421978107e-02
-1.250000000000000000e+00 -3.031088913245538308e+00 4.314954430835736543e-02
-2.500000000000000000e-01 -3.031088913245538308e+00 3.466121891316987363e-02
2.500000000000000000e-01 -2.165063509461100821e+00 2.054980475978489957e-02
1.250000000000000000e+00 -2.165063509461100821e+00 2.178801673090445534e-02
-1.250000000000000000e+00 -1.299038105676659782e+00 1.409007958154343820e-01
-2.500000000000000000e-01 -1.299038105676659782e+00 3.226554791826739127e-02
2.500000000000000000e-01 -4.330127018922222959e-01 2.050635868107719695e-01
1.250000000000000000e+00 -4.330127018922222959e-01 3.226555333887071858e-02
-1.250000000000000000e+00 4.330127018922151905e-01 2.050634988954452842e-01
-2.500000000000000000e-01 4.330127018922151905e-01 1.729760137666494300e-06
2.500000000000000000e-01 1.299038105676652677e+00 2.050632852921669969e-01
1.250000000000000000e+00 1.299038105676652677e+00 3.226554331249112395e-02
-1.250000000000000000e+00 2.165063509461093716e+00 1.409009056388983716e-01
-2.500000000000000000e-01 2.165063509461093716e+00 3.226556092384473551e-02
2.500000000000000000e-01 3.031088913245531202e+00 2.054972448504258087e-02
1.250000000000000000e+00 3.031088913245531202e+00 2.178798784359446683e-02
-1.250000000000000000e+00 3.897114317029972241e+00 4.314951786565476843e-02
-2.500000000000000000e-01 3.897114317029972241e+00 3.466123727120772047e-02
2.500000000000000000e-01 4.763139720814409728e+00 2.179516158729388753e-02
1.250000000000000000e+00 4.763139720814409728e+00 3.051390826197984685e-02
-1.250000000000000000e+00 5.629165124598847214e+00 1.522446345537283030e-02
-2.500000000000000000e-01 5.629165124598847214e+00 2.570887556277727526e-02
2.500000000000000000e-01 6.495190528383284700e+00 2.020029891049676674e-02
1.250000000000000000e+00 6.495190528383284700e+00 2.702393355366945402e-02
-1.250000000000000000e+00 7.361215932167725740e+00 1.745475955425117298e-02
-2.500000000000000000e-01 7.361215932167725740e+00 2.427477472585779644e-02
2.500000000000000000e-01 8.227241335952166779e+00 1.537464177267494105e-02
1.250000000000000000e+00 8.227241335952166779e+00 2.111440703948168005e-02
-1.250000000000000000e+00 9.093266739736600712e+00 1.633646216187475964e-02
-2.500000000000000000e-01 9.093266739736600712e+00 2.067096360656555526e-02
2.500000000000000000e-01 9.959292143521041751e+00 1.535701347446920273e-02
1.250000000000000000e+00 9.959292143521041751e+00 1.856220844911865564e-02
-1.250000000000000000e+00 1.082531754730548279e+01 1.524382855933799352e-02
-2.500000000000000000e-01 1.082531754730548279e+01 1.757077478756648853e-02
2.500000000000000000e-01 1.169134295108992383e+01 1.541071918313118017e-02
1.250000000000000000e+00 1.169134295108992383e+01 1.685217456946550008e-02
-1.250000000000000000e+00 1.255736835487435776e+01 1.529339505493271245e-02
-2.500000000000000000e-01 1.255736835487435776e+01 1.628084744644607562e-02
2.500000000000000000e-01 1.342339375865879880e+01 1.556055379453745967e-02
1.250000000000000000e+00 1.342339375865879880e+01 1.614159782766236978e-02
-1.250000000000000000e+00 1.428941916244323274e+01 1.568989980787077049e-02
-2.500000000000000000e-01 1.428941916244323274e+01 1.605618241104574129e-02
2.500000000000000000e-01 1.515544456622767377e+01 1.672266419289823031e-02
1.250000000000000000e+00 1.515544456622767377e+01 1.692905008718662008e-02
-1.250000000000000000e+00 1.602146997001211304e+01 1.741533138270289979e-02
-2.500000000000000000e-01 1.602146997001211304e+01 1.753769882954912818e-02
2.500000000000000000e-01 1.688749537379655408e+01 1.964843440168578814e-02
1.250000000000000000e+00 1.688749537379655408e+01 1.971295353983087278e-02
-1.250000000000000000e+00 1.775352077758098801e+01 2.585603707300818122e-02
-2.500000000000000000e-01 1.775352077758098801e+01 2.589240978357288531e-02
2.500000000000000000e-01 1.861954618136542905e+01 2.447211846130163682e-02
1.250000000000000000e+00 1.861954618136542905e+01 2.449033053014158107e-02
-1.250000000000000000e+00 1.948557158514986298e+01 4.141144754806828920e-02
-2.500000000000000000e-01 1.948557158514986298e+01 4.142123257711106260e-02
2.500000000000000000e-01 2.035159698893430402e+01 5.722173589189615689e-02
1.250000000000000000e+00 2.035159698893430402e+01 5.722643976667129984e-02
-1.250000000000000000e+00 2.121762239271873796e+01 3.796490953889944397e-02
-2.500000000000000000e-01 2.121762239271873796e+01 3.796737808687263016e-02
2.500000000000000000e-01 2.208364779650317899e+01 9.815196577191179217e-02
1.250000000000000000e+00 2.208364779650317899e+01 9.815308202752208444e-02
-1.250000000000000000e+00 2.294967320028762003e+01 1.127525141355454757e-01
-2.500000000000000000e-01 2.294967320028762003e+01 1.127530804627906585e-01
2.500000000000000000e-01 2.381569860407206107e+01 3.262756063321504973e-02
1.250000000000000000e+00 2.381569860407206107e+01 3.262782077875674841e-02
-1.250000000000000000e+00 2.468172400785649501e+01 1.510767103820465918e-01
-2.500000000000000000e-01 2.468172400785649501e+01 1.510768045321067288e-01
2.500000000000000000e-01 2.554774941164093605e+01 1.526355879248174063e-01
1.250000000000000000e+00 2.554774941164093605e+01 1.526356988483630606e-01
1.750000000000000000e+00 -2.554774941164094315e+01 1.526355838176245150e-01
2.750000000000000000e+00 -2.554774941164094315e+01 1.526356349431595427e-01
3.250000000000000000e+00 -2.468172400785650566e+01 1.510767017160389858e-01
4.250000000000000000e+00 -2.468172400785650566e+01 1.510767205532828894e-01
1.750000000000000000e+00 -2.381569860407206463e+01 3.262755858247205071e-02
2.750000000000000000e+00 -2.381569860407206463e+01 3.262766171766658119e-02
3.250000000000000000e+00 -2.294967320028762714e+01 1.127524811559603990e-01
4.250000000000000000e+00 -2.294967320028762714e+01 1.127526398439289701e-01
1.750000000000000000e+00 -2.208364779650318965e+01 9.815197018366761395e-02
2.750000000000000000e+00 -2.208364779650318965e+01 9.815239828400616762e-02
3.250000000000000000e+00 -2.121762239271875217e+01 3.796486801332250860e-02
4.250000000000000000e+00 -2.121762239271875217e+01 3.796565295905857812e-02
1.750000000000000000e+00 -2.035159698893431113e+01 5.722166866055403145e-02
2.750000000000000000e+00 -2.035159698893431113e+01 5.722363645251606762e-02
3.250000000000000000e+00 -1.948557158514987364e+01 4.141149216976393321e-02
4.250000000000000000e+00 -1.948557158514987364e+01 4.141475189926095701e-02
1.750000000000000000e+00 -1.861954618136543615e+01 2.447145040827512774e-02
2.750000000000000000e+00 -1.861954618136543615e+01 2.447958955757609939e-02
3.250000000000000000e+00 -1.775352077758099512e+01 2.585642908918324434e-02
4.250000000000000000e+00 -1.775352077758099512e+01 2.586899576716960095e-02
1.750000000000000000e+00 -1.688749537379655763e+01 1.964681484655003696e-02
2.750000000000000000e+00 -1.688749537379655763e+01 1.967683201114661662e-02
3.250000000000000000e+00 -1.602146997001212014e+01 1.741138283007713852e-02
4.250000000000000000e+00 -1.602146997001212014e+01 1.745611619597497305e-02
1.750000000000000000e+00 -1.515544456622767733e+01 1.672720041653694145e-02
2.750000000000000000e+00 -1.515544456622767733e+01 1.682726123818245600e-02
3.250000000000000000e+00 -1.428941916244323806e+01 1.566174499222133115e-02
4.250000000000000000e+00 -1.428941916244323806e+01 1.580245132708133632e-02
1.750000000000000000e+00 -1.342339375865880058e+01 1.555602905325897956e-02
2.750000000000000000e+00 -1.342339375865880058e+01 1.586100390682345165e-02
3.250000000000000000e+00 -1.255736835487436132e+01 1.528391609025173473e-02
4.250000000000000000e+00 -1.255736835487436132e+01 1.566715463490454124e-02
1.750000000000000000e+00 -1.169134295108992383e+01 1.523212738876120187e-02
2.750000000000000000e+00 -1.169134295108992383e+01 1.605496204335242483e-02
3.250000000000000000e+00 -1.082531754730548457e+01 1.529816694452984516e-02
4.250000000000000000e+00 -1.082531754730548457e+01 1.626401801583296849e-02
1.750000000000000000e+00 -9.959292143521047080e+00 1.523643552753652791e-02
2.750000000000000000e+00 -9.959292143521047080e+00 1.707488691996891794e-02
3.250000000000000000e+00 -9.093266739736607818e+00 1.524202321760627366e-02
4.250000000000000000e+00 -9.093266739736607818e+00 1.747497980151731939e-02
1.750000000000000000e+00 -8.227241335952170331e+00 1.598726552120229016e-02
2.750000000000000000e+00 -8.227241335952170331e+00 1.957867826646518539e-02
3.250000000000000000e+00 -7.361215932167732845e+00 1.538573167134609301e-02
4.250000000000000000e+00 -7.361215932167732845e+00 1.910131575974464285e-02
1.750000000000000000e+00 -6.495190528383291806e+00 1.591742388422827392e-02
2.750000000000000000e+00 -6.495190528383291806e+00 2.275414629471550834e-02
3.250000000000000000e+00 -5.629165124598854320e+00 1.768815966803787693e-02
4.250000000000000000e+00 -5.629165124598854320e+00 2.275317086539153932e-02
1.750000000000000000e+00 -4.763139720814413280e+00 1.633239743797736121e-02
2.750000000000000000e+00 -4.763139720814413280e+00 2.393461736556866393e-02
3.250000000000000000e+00 -3.897114317029975794e+00 1.633220667674397525e-02
4.250000000000000000e+00 -3.897114317029975794e+00 2.702302219122810351e-02
1.750000000000000000e+00 -3.031088913245538308e+00 3.097854479140839737e-02
2.750000000000000000e+00 -3.031088913245538308e+00 3.051370327432298066e-02
3.250000000000000000e+00 -2.165063509461100821e+00 2.179497023400703282e-02
4.250000000000000000e+00 -2.165063509461100821e+00 2.570905488482683188e-02
1.750000000000000000e+00 -1.299038105676659782e+00 2.054976531540335730e-02
2.750000000000000000e+00 -1.299038105676659782e+00 3.466121233569463556e-02
3.250000000000000000e+00 -4.330127018922222959e-01 4.314956109885882685e-02
4.250000000000000000e+00 -4.330127018922222959e-01 3.051371259942637845e-02
1.750000000000000000e+00 4.330127018922151905e-01 1.409008831608931367e-01
2.750000000000000000e+00 4.330127018922151905e-01 2.178800281717233750e-02
3.250000000000000000e+00 1.299038105676652677e+00 4.314958094316592718e-02
4.250000000000000000e+00 1.299038105676652677e+00 3.051370159292987258e-02
1.750000000000000000e+00 2.165063509461093716e+00 2.054974160075544176e-02
2.750000000000000000e+00 2.165063509461093716e+00 3.466125562667940474e-02
3.250000000000000000e+00 3.031088913245531202e+00 2.179501638564335098e-02
4.250000000000000000e+00 3.031088913245531202e+00 2.570905045445340265e-02
1.750000000000000000e+00 3.897114317029972241e+00 3.097837777733078446e-02
2.750000000000000000e+00 3.897114317029972241e+00 3.051372516902926477e-02
3.250000000000000000e+00 4.763139720814409728e+00 1.633232180369865311e-02
4.250000000000000000e+00 4.763139720814409728e+00 2.702324775029755002e-02
1.750000000000000000e+00 5.629165124598847214e+00 1.633202402709157952e-02
2.750000000000000000e+00 5.629165124598847214e+00 2.393429234548810625e-02
3.250000000000000000e+00 6.495190528383284700e+00 1.768898093937566751e-02
4.250000000000000000e+00 6.495190528383284700e+00 2.275414714653856835e-02
1.750000000000000000e+00 7.361215932167725740e+00 1.591739522243416916e-02
2.750000000000000000e+00 7.361215932167725740e+00 2.275423824260201094e-02
3.250000000000000000e+00 8.227241335952166779e+00 1.538571004650385148e-02
4.250000000000000000e+00 8.227241335952166779e+00 1.910124875656800045e-02
1.750000000000000000e+00 9.093266739736600712e+00 1.599625980564386984e-02
2.750000000000000000e+00 9.093266739736600712e+00 1.958810437322759668e-02
3.250000000000000000e+00 9.959292143521041751e+00 1.523594550548662552e-02
4.250000000000000000e+00 9.959292143521041751e+00 1.746903257018558864e-02
1.750000000000000000e+00 1.082531754730548279e+01 1.526884368260142399e-02
2.750000000000000000e+00 1.082531754730548279e+01 1.710743320094421788e-02
3.250000000000000000e+00 1.169134295108992383e+01 1.532982491093856300e-02
4.250000000000000000e+00 1.169134295108992383e+01 1.629598895969271849e-02
1.750000000000000000e+00 1.255736835487435776e+01 1.527730503592259620e-02
2.750000000000000000e+00 1.255736835487435776e+01 1.610002599132614662e-02
3.250000000000000000e+00 1.342339375865879880e+01 1.555215514669439254e-02
4.250000000000000000e+00 1.342339375865879880e+01 1.593535448636290014e-02
1.750000000000000000e+00 1.428941916244323274e+01 1.568086130579091075e-02
2.750000000000000000e+00 1.428941916244323274e+01 1.598603724511294538e-02
3.250000000000000000e+00 1.515544456622767377e+01 1.672276551039678094e-02
4.250000000000000000e+00 1.515544456622767377e+01 1.686335956899472424e-02
1.750000000000000000e+00 1.602146997001211304e+01 1.741450716883826896e-02
2.750000000000000000e+00 1.602146997001211304e+01 1.751469689089154777e-02
3.250000000000000000e+00 1.688749537379655408e+01 1.964783914180172342e-02
4.250000000000000000e+00 1.688749537379655408e+01 1.969266709277618654e-02
1.750000000000000000e+00 1.775352077758098801e+01 2.585608102613663750e-02
2.750000000000000000e+00 1.775352077758098801e+01 2.588595449096840057e-02
3.250000000000000000e+00 1.861954618136542905e+01 2.447184910494505650e-02
4.250000000000000000e+00 1.861954618136542905e+01 2.448444314181103670e-02
1.750000000000000000e+00 1.948557158514986298e+01 4.141147501575868917e-02
2.750000000000000000e+00 1.948557158514986298e+01 4.141952462851379579e-02
3.250000000000000000e+00 2.035159698893430402e+01 5.722167201469659237e-02
4.250000000000000000e+00 2.035159698893430402e+01 5.722481461519926538e-02
1.750000000000000000e+00 2.121762239271873796e+01 3.796491405079760462e-02
2.750000000000000000e+00 2.121762239271873796e+01 3.796695347413352184e-02
3.250000000000000000e+00 2.208364779650317899e+01 9.815196520491532850e-02
4.250000000000000000e+00 2.208364779650317899e+01 9.815265198206514496e-02
1.750000000000000000e+00 2.294967320028762003e+01 1.127524801499059093e-01
2.750000000000000000e+00 2.294967320028762003e+01 1.127530110031960964e-01
3.250000000000000000e+00 2.381569860407206107e+01 3.262755675532129362e-02
4.250000000000000000e+00 2.381569860407206107e+01 3.262773590625769882e-02
1.750000000000000000e+00 2.468172400785649501e+01 1.510766954225311876e-01
2.750000000000000000e+00 2.468172400785649501e+01 1.510768025504576340e-01
3.250000000000000000e+00 2.554774941164093605e+01 1.526355745116502183e-01
4.250000000000000000e+00 2.554774941164093605e+01 1.526356808003579146e-01
4.750000000000000000e+00 -2.554774941164094315e+01 1.526355842498655913e-01
5.750000000000000000e+00 -2.554774941164094315e+01 1.526356024019936974e-01
6.250000000000000000e+00 -2.468172400785650566e+01 1.510767021763623763e-01
7.250000000000000000e+00 -2.468172400785650566e+01 1.510767149373753448e-01
4.750000000000000000e+00 -2.381569860407206463e+01 3.262755740121724146e-02
5.750000000000000000e+00 -2.381569860407206463e+01 3.262762262797189172e-02
6.250000000000000000e+00 -2.294967320028762714e+01 1.127524846814411119e-01
7.250000000000000000e+00 -2.294967320028762714e+01 1.127525796284570836e-01
4.750000000000000000e+00 -2.208364779650318965e+01 9.815197643803148797e-02
5.750000000000000000e+00 -2.208364779650318965e+01 9.815225071521226086e-02
6.250000000000000000e+00 -2.121762239271875217e+01 3.796487032077705548e-02
7.250000000000000000e+00 -2.121762239271875217e+01 3.796531126857295713e-02
4.750000000000000000e+00 -2.035159698893431113e+01 5.722168097456523106e-02
5.750000000000000000e+00 -2.035159698893431113e+01 5.722288818529530641e-02
6.250000000000000000e+00 -1.948557158514987364e+01 4.141144660347231832e-02
7.250000000000000000e+00 -1.948557158514987364e+01 4.141316714253519271e-02
4.750000000000000000e+00 -1.861954618136543615e+01 2.447147607564356675e-02
5.750000000000000000e+00 -1.861954618136543615e+01 2.447636979048189998e-02
6.250000000000000000e+00 -1.775352077758099512e+01 2.585615892889532585e-02
7.250000000000000000e+00 -1.775352077758099512e+01 2.586235816031490220e-02
4.750000000000000000e+00 -1.688749537379655763e+01 1.964670799183602934e-02
5.750000000000000000e+00 -1.688749537379655763e+01 1.966420618109911145e-02
6.250000000000000000e+00 -1.602146997001212014e+01 1.741094702344497813e-02
7.250000000000000000e+00 -1.602146997001212014e+01 1.743225995902242947e-02
4.750000000000000000e+00 -1.515544456622767733e+01 1.672484266828690863e-02
5.750000000000000000e+00 -1.515544456622767733e+01 1.678097136145476065e-02
6.250000000000000000e+00 -1.428941916244323806e+01 1.566206800887764983e-02
7.250000000000000000e+00 -1.428941916244323806e+01 1.572849512639551417e-02
4.750000000000000000e+00 -1.342339375865880058e+01 1.554717797724224776e-02
5.750000000000000000e+00 -1.342339375865880058e+01 1.571651738998537662e-02
6.250000000000000000e+00 -1.255736835487436132e+01 1.527282475031468967e-02
7.250000000000000000e+00 -1.255736835487436132e+01 1.544721084764268115e-02
4.750000000000000000e+00 -1.169134295108992383e+01 1.522909577125591829e-02
5.750000000000000000e+00 -1.169134295108992383e+01 1.568964143184861659e-02
6.250000000000000000e+00 -1.082531754730548457e+01 1.523342782182444954e-02
7.250000000000000000e+00 -1.082531754730548457e+01 1.565774736988385235e-02
4.750000000000000000e+00 -9.959292143521047080e+00 1.519447134941464064e-02
5.750000000000000000e+00 -9.959292143521047080e+00 1.618853082646068420e-02
6.250000000000000000e+00 -9.093266739736607818e+00 1.520048601577450587e-02
7.250000000000000000e+00 -9.093266739736607818e+00 1.623749757984330189e-02
4.750000000000000000e+00 -8.227241335952170331e+00 1.551995815338663709e-02
5.750000000000000000e+00 -8.227241335952170331e+00 1.746574716304455377e-02
6.250000000000000000e+00 -7.361215932167732845e+00 1.523273542548503334e-02
7.250000000000000000e+00 -7.361215932167732845e+00 1.707164505275407182e-02
4.750000000000000000e+00 -6.495190528383291806e+00 1.538572846082335299e-02
5.750000000000000000e+00 -6.495190528383291806e+00 1.957870889462190456e-02
6.250000000000000000e+00 -5.629165124598854320e+00 1.598621636947186730e-02
7.250000000000000000e+00 -5.629165124598854320e+00 1.855794205219675821e-02
4.750000000000000000e+00 -4.763139720814413280e+00 1.591675934590468938e-02
5.750000000000000000e+00 -4.763139720814413280e+00 2.111372746771328357e-02
6.250000000000000000e+00 -3.897114317029975794e+00 1.537388850632692705e-02
7.250000000000000000e+00 -3.897114317029975794e+00 2.066082813983662753e-02
4.750000000000000000e+00 -3.031088913245538308e+00 2.019958943608864133e-02
5.750000000000000000e+00 -3.031088913245538308e+00 2.427400838541672601e-02
6.250000000000000000e+00 -2.165063509461100821e+00 1.745370035851975810e-02
7.250000000000000000e+00 -2.165063509461100821e+00 2.111354870230910952e-02
4.750000000000000000e+00 -1.299038105676659782e+00 1.522460498025547670e-02
5.750000000000000000e+00 -1.299038105676659782e+00 2.702302010252452535e-02
6.250000000000000000e+00 -4.330127018922222959e-01 1.956287868445689970e-02
7.250000000000000000e+00 -4.330127018922222959e-01 2.275330458231630826e-02
4.750000000000000000e+00 4.330127018922151905e-01 3.741606631611224532e-02
5.750000000000000000e+00 4.330127018922151905e-01 2.393442188942959681e-02
6.250000000000000000e+00 1.299038105676652677e+00 1.956290587071787823e-02
7.250000000000000000e+00 1.299038105676652677e+00 2.275329680649165048e-02
4.750000000000000000e+00 2.165063509461093716e+00 1.522462782887855359e-02
5.750000000000000000e+00 2.165063509461093716e+00 2.702303997900656896e-02
6.250000000000000000e+00 3.031088913245531202e+00 1.745371075025242691e-02
7.250000000000000000e+00 3.031088913245531202e+00 2.111353521683135073e-02
4.750000000000000000e+00 3.897114317029972241e+00 2.019964128253721319e-02
5.750000000000000000e+00 3.897114317029972241e+00 2.427399378050161538e-02
6.250000000000000000e+00 4.763139720814409728e+00 1.537407112179456359e-02
7.250000000000000000e+00 4.763139720814409728e+00 2.066099745346433592e-02
4.750000000000000000e+00 5.629165124598847214e+00 1.591650387221226620e-02
5.750000000000000000e+00 5.629165124598847214e+00 2.111339977297965742e-02
6.250000000000000000e+00 6.495190528383284700e+00 1.598724763488013068e-02
7.250000000000000000e+00 6.495190528383284700e+00 1.855887746277139552e-02
4.750000000000000000e+00 7.361215932167725740e+00 1.538566591568257813e-02
5.750000000000000000e+00 7.361215932167725740e+00 1.957873884803976172e-02
6.250000000000000000e+00 8.227241335952166779e+00 1.523277873510407721e-02
7.250000000000000000e+00 8.227241335952166779e+00 1.707163710225107628e-02
4.750000000000000000e+00 9.093266739736600712e+00 1.552914348714084028e-02
5.750000000000000000e+00 9.093266739736600712e+00 1.747495300082563263e-02
6.250000000000000000e+00 9.959292143521041751e+00 1.519444120112439789e-02
7.250000000000000000e+00 9.959292143521041751e+00 1.623153568003532499e-02
4.750000000000000000e+00 1.082531754730548279e+01 1.522707422586538906e-02
5.750000000000000000e+00 1.082531754730548279e+01 1.622101223403399350e-02
6.250000000000000000e+00 1.169134295108992383e+01 1.526533303030760957e-02
7.250000000000000000e+00 1.169134295108992383e+01 1.568960782730860481e-02
4.750000000000000000e+00 1.255736835487435776e+01 1.527415860531229630e-02
5.750000000000000000e+00 1.255736835487435776e+01 1.573484793382046165e-02
6.250000000000000000e+00 1.342339375865879880e+01 1.554121793319605815e-02
7.250000000000000000e+00 1.342339375865879880e+01 1.571552275390787623e-02
4.750000000000000000e+00 1.428941916244323274e+01 1.567193453516937951e-02
5.750000000000000000e+00 1.428941916244323274e+01 1.584147856705284130e-02
6.250000000000000000e+00 1.515544456622767377e+01 1.672305326639722534e-02
7.250000000000000000e+00 1.515544456622767377e+01 1.678961187437394767e-02
4.750000000000000000e+00 1.602146997001211304e+01 1.741220135100289557e-02
5.750000000000000000e+00 1.602146997001211304e+01 1.746828602217742610e-02
6.250000000000000000e+00 1.688749537379655408e+01 1.964739299315038101e-02
7.250000000000000000e+00 1.688749537379655408e+01 1.966884373660754415e-02
4.750000000000000000e+00 1.775352077758098801e+01 2.585598864642825456e-02
5.750000000000000000e+00 1.775352077758098801e+01 2.587345332667415065e-02
6.250000000000000000e+00 1.861954618136542905e+01 2.447162951254958085e-02
7.250000000000000000e+00 1.861954618136542905e+01 2.447783388388159037e-02
4.750000000000000000e+00 1.948557158514986298e+01 4.141145651273020478e-02
5.750000000000000000e+00 1.948557158514986298e+01 4.141643028426673923e-02
6.250000000000000000e+00 2.035159698893430402e+01 5.722166195263345134e-02
7.250000000000000000e+00 2.035159698893430402e+01 5.722337775159205830e-02
4.750000000000000000e+00 2.121762239271873796e+01 3.796487829698422245e-02
5.750000000000000000e+00 2.121762239271873796e+01 3.796612795698960791e-02
6.250000000000000000e+00 2.208364779650317899e+01 9.815195869728531031e-02
7.250000000000000000e+00 2.208364779650317899e+01 9.815243166860436463e-02
4.750000000000000000e+00 2.294967320028762003e+01 1.127524773293011873e-01
5.750000000000000000e+00 2.294967320028762003e+01 1.127527134133195774e-01
6.250000000000000000e+00 2.381569860407206107e+01 3.262755410424261759e-02
7.250000000000000000e+00 2.381569860407206107e+01 3.262766922497885996e-02
4.750000000000000000e+00 2.468172400785649501e+01 1.510766983381547079e-01
5.750000000000000000e+00 2.468172400785649501e+01 1.510767189450764325e-01
6.250000000000000000e+00 2.554774941164093605e+01 1.526355855316581522e-01
7.250000000000000000e+00 2.554774941164093605e+01 1.526356019227406435e-01
