-7.250000000000000000e+00 -2.554774941164094315e+01 1.773133897176272789e-01
-6.250000000000000000e+00 -2.554774941164094315e+01 1.773133906963449691e-01
-5.750000000000000000e+00 -2.468172400785650566e+01 1.740084412020342086e-01
-4.750000000000000000e+00 -2.468172400785650566e+01 1.740084338232079086e-01
-7.250000000000000000e+00 -2.381569860407206463e+01 3.395922525535893799e-02
-6.250000000000000000e+00 -2.381569860407206463e+01 3.395923501810458461e-02
-5.750000000000000000e+00 -2.294967320028762714e+01 1.222209586439426399e-01
-4.750000000000000000e+00 -2.294967320028762714e+01 1.222209792919049104e-01
-7.250000000000000000e+00 -2.208364779650318965e+01 1.028875749750661900e-01
-6.250000000000000000e+00 -2.208364779650318965e+01 1.028876212225939002e-01
-5.750000000000000000e+00 -2.121762239271875217e+01 3.739156228448332897e-02
-4.750000000000000000e+00 -2.121762239271875217e+01 3.739176220004539197e-02
-7.250000000000000000e+00 -2.035159698893431113e+01 5.773899781342393955e-02
-6.250000000000000000e+00 -2.035159698893431113e+01 5.773930259302169354e-02
-5.750000000000000000e+00 -1.948557158514987364e+01 3.977994294256982644e-02
-4.750000000000000000e+00 -1.948557158514987364e+01 3.978083397412560812e-02
-7.250000000000000000e+00 -1.861954618136543615e+01 2.407091401938037112e-02
-6.250000000000000000e+00 -1.861954618136543615e+01 2.407237933341317693e-02
-5.750000000000000000e+00 -1.775352077758099512e+01 2.528234830473213846e-02
-4.750000000000000000e+00 -1.775352077758099512e+01 2.528604567592869154e-02
-7.250000000000000000e+00 -1.688749537379655763e+01 1.908399825053284579e-02
-6.250000000000000000e+00 -1.688749537379655763e+01 1.908980624123856468e-02
-5.750000000000000000e+00 -1.602146997001212014e+01 1.763315889705251160e-02
-4.750000000000000000e+00 -1.602146997001212014e+01 1.764781241450125160e-02
-7.250000000000000000e+00 -1.515544456622767733e+01 1.671925943046788030e-02
-6.250000000000000000e+00 -1.515544456622767733e+01 1.673841893513898851e-02
-5.750000000000000000e+00 -1.428941916244323806e+01 1.588532618605122473e-02
-4.750000000000000000e+00 -1.428941916244323806e+01 1.593588252618617640e-02
-7.250000000000000000e+00 -1.342339375865880058e+01 1.586688211119613445e-02
-6.250000000000000000e+00 -1.342339375865880058e+01 1.592540762437145985e-02
-5.750000000000000000e+00 -1.255736835487436132e+01 1.554706318475992943e-02
-4.750000000000000000e+00 -1.255736835487436132e+01 1.569255491745707304e-02
-7.250000000000000000e+00 -1.169134295108992383e+01 1.556493628667342255e-02
-6.250000000000000000e+00 -1.169134295108992383e+01 1.572987995007030237e-02
-5.750000000000000000e+00 -1.082531754730548457e+01 1.553929084296900263e-02
-4.750000000000000000e+00 -1.082531754730548457e+01 1.590858610388880268e-02
-7.250000000000000000e+00 -9.959292143521047080e+00 1.550424028681908137e-02
-6.250000000000000000e+00 -9.959292143521047080e+00 1.589138785623798317e-02
-5.750000000000000000e+00 -9.093266739736607818e+00 1.558328994697790772e-02
-4.750000000000000000e+00 -9.093266739736607818e+00 1.636571069915712315e-02
-7.250000000000000000e+00 -8.227241335952170331e+00 1.549377941569713389e-02
-6.250000000000000000e+00 -8.227241335952170331e+00 1.635289050582111950e-02
-5.750000000000000000e+00 -7.361215932167732845e+00 1.566601644174740737e-02
-4.750000000000000000e+00 -7.361215932167732845e+00 1.708258597578632756e-02
-7.250000000000000000e+00 -6.495190528383291806e+00 1.552790985129422034e-02
-6.250000000000000000e+00 -6.495190528383291806e+00 1.717300267894563900e-02
-5.750000000000000000e+00 -5.629165124598854320e+00 1.548260550437756400e-02
-4.750000000000000000e+00 -5.629165124598854320e+00 1.843064915112934202e-02
-7.250000000000000000e+00 -4.763139720814413280e+00 1.576949373722934949e-02
-6.250000000000000000e+00 -4.763139720814413280e+00 1.791075318038493069e-02
-5.750000000000000000e+00 -3.897114317029975794e+00 1.605656253611238704e-02
-4.750000000000000000e+00 -3.897114317029975794e+00 2.018629602956378138e-02
-7.250000000000000000e+00 -3.031088913245538308e+00 1.558732276320865494e-02
-6.250000000000000000e+00 -3.031088913245538308e+00 1.901416652831738885e-02
-5.750000000000000000e+00 -2.165063509461100821e+00 1.719150986643259993e-02
-4.750000000000000000e+00 -2.165063509461100821e+00 1.957031076664556696e-02
-7.250000000000000000e+00 -1.299038105676659782e+00 1.566050120720954841e-02
-6.250000000000000000e+00 -1.299038105676659782e+00 2.018628927624230296e-02
-5.750000000000000000e+00 -4.330127018922222959e-01 1.594269571785484479e-02
-4.750000000000000000e+00 -4.330127018922222959e-01 2.138869159584133595e-02
-7.250000000000000000e+00 4.330127018922151905e-01 1.622799106168514027e-02
-6.250000000000000000e+00 4.330127018922151905e-01 1.892396517784064591e-02
-5.750000000000000000e+00 1.299038105676652677e+00 1.594267491859653954e-02
-4.750000000000000000e+00 1.299038105676652677e+00 2.138867371841995241e-02
-7.250000000000000000e+00 2.165063509461093716e+00 1.566054664630951374e-02
-6.250000000000000000e+00 2.165063509461093716e+00 2.018633133729113779e-02
-5.750000000000000000e+00 3.031088913245531202e+00 1.719146978882930138e-02
-4.750000000000000000e+00 3.031088913245531202e+00 1.957027814987772132e-02
-7.250000000000000000e+00 3.897114317029972241e+00 1.558732441346563462e-02
-6.250000000000000000e+00 3.897114317029972241e+00 1.901416364294436501e-02
-5.750000000000000000e+00 4.763139720814409728e+00 1.605688006563540937e-02
-4.750000000000000000e+00 4.763139720814409728e+00 2.018659838357717354e-02
-7.250000000000000000e+00 5.629165124598847214e+00 1.576880432769051099e-02
-6.250000000000000000e+00 5.629165124598847214e+00 1.791008321358186772e-02
-5.750000000000000000e+00 6.495190528383284700e+00 1.548422270340164483e-02
-4.750000000000000000e+00 6.495190528383284700e+00 1.843225873519588678e-02
-7.250000000000000000e+00 7.361215932167725740e+00 1.552730886852122551e-02
-6.250000000000000000e+00 7.361215932167725740e+00 1.717239622462209125e-02
-5.750000000000000000e+00 8.227241335952166779e+00 1.566508245171171348e-02
-4.750000000000000000e+00 8.227241335952166779e+00 1.708168827848651622e-02
-7.250000000000000000e+00 9.093266739736600712e+00 1.550660837616127906e-02
-6.250000000000000000e+00 9.093266739736600712e+00 1.636569796839195540e-02
-5.750000000000000000e+00 9.959292143521041751e+00 1.556828940471516841e-02
-4.750000000000000000e+00 9.959292143521041751e+00 1.635068898644723503e-02
-7.250000000000000000e+00 1.082531754730548279e+01 1.553927086122262186e-02
-6.250000000000000000e+00 1.082531754730548279e+01 1.592650377671284145e-02
-5.750000000000000000e+00 1.169134295108992383e+01 1.557706527588685608e-02
-4.750000000000000000e+00 1.169134295108992383e+01 1.594634308432547193e-02
-7.250000000000000000e+00 1.255736835487435776e+01 1.554376509212095601e-02
-6.250000000000000000e+00 1.255736835487435776e+01 1.570876830047393535e-02
-5.750000000000000000e+00 1.342339375865879880e+01 1.586738005941837337e-02
-4.750000000000000000e+00 1.342339375865879880e+01 1.601288000505036307e-02
-7.250000000000000000e+00 1.428941916244323274e+01 1.588777174569062228e-02
-6.250000000000000000e+00 1.428941916244323274e+01 1.594627941930806120e-02
-5.750000000000000000e+00 1.515544456622767377e+01 1.671590323529840647e-02
-4.750000000000000000e+00 1.515544456622767377e+01 1.676633981329590101e-02
-7.250000000000000000e+00 1.602146997001211304e+01 1.763457193017838043e-02
-6.250000000000000000e+00 1.602146997001211304e+01 1.765377490416738041e-02
-5.750000000000000000e+00 1.688749537379655408e+01 1.908307808726468491e-02
-4.750000000000000000e+00 1.688749537379655408e+01 1.909760121248811615e-02
-7.250000000000000000e+00 1.775352077758098801e+01 2.528201967701383668e-02
-6.250000000000000000e+00 1.775352077758098801e+01 2.528784458971681040e-02
-5.750000000000000000e+00 1.861954618136542905e+01 2.407101739089884118e-02
-4.750000000000000000e+00 1.861954618136542905e+01 2.407468543781795395e-02
-7.250000000000000000e+00 1.948557158514986298e+01 3.977976533826867861e-02
-6.250000000000000000e+00 1.948557158514986298e+01 3.978115286682730456e-02
-5.750000000000000000e+00 2.035159698893430402e+01 5.773903836020329028e-02
-4.750000000000000000e+00 2.035159698893430402e+01 5.773987311017087648e-02
-7.250000000000000000e+00 2.121762239271873796e+01 3.739156808634695739e-02
-6.250000000000000000e+00 2.121762239271873796e+01 3.739185179996677710e-02
-5.750000000000000000e+00 2.208364779650317899e+01 1.028875706072043122e-01
-4.750000000000000000e+00 2.208364779650317899e+01 1.028877002246459671e-01
-7.250000000000000000e+00 2.294967320028762003e+01 1.222209598998592467e-01
-6.250000000000000000e+00 2.294967320028762003e+01 1.222210294250693219e-01
-5.750000000000000000e+00 2.381569860407206107e+01 3.395921500151719008e-02
-4.750000000000000000e+00 2.381569860407206107e+01 3.395924124483658268e-02
-7.250000000000000000e+00 2.468172400785649501e+01 1.740084408308464337e-01
-6.250000000000000000e+00 2.468172400785649501e+01 1.740084446172799615e-01
-5.750000000000000000e+00 2.554774941164093605e+01 1.773133826564771143e-01
-4.750000000000000000e+00 2.554774941164093605e+01 1.773133824350408561e-01
-4.250000000000000000e+00 -2.554774941164094315e+01 1.773133907487046135e-01
-3.250000000000000000e+00 -2.554774941164094315e+01 1.773133855635059819e-01
-2.750000000000000000e+00 -2.468172400785650566e+01 1.740084373835560916e-01
-1.750000000000000000e+00 -2.468172400785650566e+01 1.740084494640651847e-01
-4.250000000000000000e+00 -2.381569860407206463e+01 3.395922661670316978e-02
-3.250000000000000000e+00 -2.381569860407206463e+01 3.395924246521465212e-02
-2.750000000000000000e+00 -2.294967320028762714e+01 1.222209586549889704e-01
-1.750000000000000000e+00 -2.294967320028762714e+01 1.222210186980457192e-01
-4.250000000000000000e+00 -2.208364779650318965e+01 1.028875740394875338e-01
-3.250000000000000000e+00 -2.208364779650318965e+01 1.028876679196627231e-01
-2.750000000000000000e+00 -2.121762239271875217e+01 3.739158022352420674e-02
-1.750000000000000000e+00 -2.121762239271875217e+01 3.739186865078652361e-02
-4.250000000000000000e+00 -2.035159698893431113e+01 5.773896696653331440e-02
-3.250000000000000000e+00 -2.035159698893431113e+01 5.773948092852022179e-02
-2.750000000000000000e+00 -1.948557158514987364e+01 3.977993974446872305e-02
-1.750000000000000000e+00 -1.948557158514987364e+01 3.978124493003057371e-02
-4.250000000000000000e+00 -1.861954618136543615e+01 2.407084723656401082e-02
-3.250000000000000000e+00 -1.861954618136543615e+01 2.407331317399459547e-02
-2.750000000000000000e+00 -1.775352077758099512e+01 2.528205933998275631e-02
-1.750000000000000000e+00 -1.775352077758099512e+01 2.528756358036505364e-02
-4.250000000000000000e+00 -1.688749537379655763e+01 1.908423917152715643e-02
-3.250000000000000000e+00 -1.688749537379655763e+01 1.909394925148367311e-02
-2.750000000000000000e+00 -1.602146997001212014e+01 1.763239285462391004e-02
-1.750000000000000000e+00 -1.602146997001212014e+01 1.765393358128969359e-02
-4.250000000000000000e+00 -1.515544456622767733e+01 1.671937016410526139e-02
-3.250000000000000000e+00 -1.515544456622767733e+01 1.675310130165752823e-02
-2.750000000000000000e+00 -1.428941916244323806e+01 1.588599243269837868e-02
-1.750000000000000000e+00 -1.428941916244323806e+01 1.595933793786789151e-02
-4.250000000000000000e+00 -1.342339375865880058e+01 1.586321278722885308e-02
-3.250000000000000000e+00 -1.342339375865880058e+01 1.597215097866029956e-02
-2.750000000000000000e+00 -1.255736835487436132e+01 1.555102703451634316e-02
-1.750000000000000000e+00 -1.255736835487436132e+01 1.576719145405478667e-02
-4.250000000000000000e+00 -1.169134295108992383e+01 1.555595442703502918e-02
-3.250000000000000000e+00 -1.169134295108992383e+01 1.586628035221894495e-02
-2.750000000000000000e+00 -1.082531754730548457e+01 1.554514015349935108e-02
-1.750000000000000000e+00 -1.082531754730548457e+01 1.610694378215209166e-02
-4.250000000000000000e+00 -9.959292143521047080e+00 1.549155531319174744e-02
-3.250000000000000000e+00 -9.959292143521047080e+00 1.624441096437637816e-02
-2.750000000000000000e+00 -9.093266739736607818e+00 1.553917872150887419e-02
-1.750000000000000000e+00 -9.093266739736607818e+00 1.678920474799178164e-02
-4.250000000000000000e+00 -8.227241335952170331e+00 1.566508018484363829e-02
-3.250000000000000000e+00 -8.227241335952170331e+00 1.717148549298035815e-02
-2.750000000000000000e+00 -7.361215932167732845e+00 1.548360776943085229e-02
-1.750000000000000000e+00 -7.361215932167732845e+00 1.791108379192232758e-02
-4.250000000000000000e+00 -6.495190528383291806e+00 1.657296649849593698e-02
-3.250000000000000000e+00 -6.495190528383291806e+00 1.843226369343900495e-02
-2.750000000000000000e+00 -5.629165124598854320e+00 1.709393015438682994e-02
-1.750000000000000000e+00 -5.629165124598854320e+00 2.018592440746082295e-02
-4.250000000000000000e+00 -4.763139720814413280e+00 1.709461042917199275e-02
-3.250000000000000000e+00 -4.763139720814413280e+00 1.892425856413247273e-02
-2.750000000000000000e+00 -3.897114317029975794e+00 2.417951384554164335e-02
-1.750000000000000000e+00 -3.897114317029975794e+00 2.138868588726261857e-02
-4.250000000000000000e+00 -3.031088913245538308e+00 1.553094956820580755e-02
-3.250000000000000000e+00 -3.031088913245538308e+00 2.138867922801463914e-02
-2.750000000000000000e+00 -2.165063509461100821e+00 2.740762313259355668e-02
-1.750000000000000000e+00 -2.165063509461100821e+00 1.642430097548598991e-02
-4.250000000000000000e+00 -1.299038105676659782e+00 1.790862622081416944e-02
-3.250000000000000000e+00 -1.299038105676659782e+00 2.318149142816073802e-02
-2.750000000000000000e+00 -4.330127018922222959e-01 1.792280322155549027e-02
-1.750000000000000000e+00 -4.330127018922222959e-01 2.103173645673746261e-02
-4.250000000000000000e+00 4.330127018922151905e-01 2.179730901944540444e-02
-3.250000000000000000e+00 4.330127018922151905e-01 1.642427790082496772e-02
-2.750000000000000000e+00 1.299038105676652677e+00 1.792279030772480491e-02
-1.750000000000000000e+00 1.299038105676652677e+00 2.103172291084464546e-02
-4.250000000000000000e+00 2.165063509461093716e+00 1.790867489191325448e-02
-3.250000000000000000e+00 2.165063509461093716e+00 2.318153307179360301e-02
-2.750000000000000000e+00 3.031088913245531202e+00 2.740761933285845720e-02
-1.750000000000000000e+00 3.031088913245531202e+00 1.642425959803193308e-02
-4.250000000000000000e+00 3.897114317029972241e+00 1.553094540625511721e-02
-3.250000000000000000e+00 3.897114317029972241e+00 2.138868485145190013e-02
-2.750000000000000000e+00 4.763139720814409728e+00 2.417986054457248873e-02
-1.750000000000000000e+00 4.763139720814409728e+00 2.138897639034808423e-02
-4.250000000000000000e+00 5.629165124598847214e+00 1.709394019306460094e-02
-3.250000000000000000e+00 5.629165124598847214e+00 1.892359577386612535e-02
-2.750000000000000000e+00 6.495190528383284700e+00 1.709554554073788521e-02
-1.750000000000000000e+00 6.495190528383284700e+00 2.018754648365269494e-02
-4.250000000000000000e+00 7.361215932167725740e+00 1.657240075341976510e-02
-3.250000000000000000e+00 7.361215932167725740e+00 1.843166195001294874e-02
-2.750000000000000000e+00 8.227241335952166779e+00 1.548270964418029839e-02
-1.750000000000000000e+00 8.227241335952166779e+00 1.791015713589803882e-02
-4.250000000000000000e+00 9.093266739736600712e+00 1.567791004779858777e-02
-3.250000000000000000e+00 9.093266739736600712e+00 1.718431407156317814e-02
-2.750000000000000000e+00 9.959292143521041751e+00 1.552417017865340663e-02
-1.750000000000000000e+00 9.959292143521041751e+00 1.677412464537876569e-02
-4.250000000000000000e+00 1.082531754730548279e+01 1.552665666103108903e-02
-3.250000000000000000e+00 1.082531754730548279e+01 1.627947597957711545e-02
-2.750000000000000000e+00 1.169134295108992383e+01 1.558284041203181203e-02
-1.750000000000000000e+00 1.169134295108992383e+01 1.614465950591185625e-02
-4.250000000000000000e+00 1.255736835487435776e+01 1.553487082821226883e-02
-3.250000000000000000e+00 1.255736835487435776e+01 1.584507794307610240e-02
-2.750000000000000000e+00 1.342339375865879880e+01 1.587132899008326936e-02
-1.750000000000000000e+00 1.342339375865879880e+01 1.608747136229643493e-02
-4.250000000000000000e+00 1.428941916244323274e+01 1.588406736138676945e-02
-3.250000000000000000e+00 1.428941916244323274e+01 1.599298034957429004e-02
-2.750000000000000000e+00 1.515544456622767377e+01 1.671650650683802197e-02
-1.750000000000000000e+00 1.515544456622767377e+01 1.678986327830858313e-02
-4.250000000000000000e+00 1.602146997001211304e+01 1.763465477802717007e-02
-3.250000000000000000e+00 1.602146997001211304e+01 1.766835685662262664e-02
-2.750000000000000000e+00 1.688749537379655408e+01 1.908217985607199574e-02
-1.750000000000000000e+00 1.688749537379655408e+01 1.910383521149250363e-02
-4.250000000000000000e+00 1.775352077758098801e+01 2.528228835250716580e-02
-3.250000000000000000e+00 1.775352077758098801e+01 2.529189006569112705e-02
-2.750000000000000000e+00 1.861954618136542905e+01 2.407068616237567626e-02
-1.750000000000000000e+00 1.861954618136542905e+01 2.407622299212522354e-02
-4.250000000000000000e+00 1.948557158514986298e+01 3.977965964295962498e-02
-3.250000000000000000e+00 1.948557158514986298e+01 3.978208569844032816e-02
-2.750000000000000000e+00 2.035159698893430402e+01 5.773904107039765088e-02
-1.750000000000000000e+00 2.035159698893430402e+01 5.774031909323283640e-02
-4.250000000000000000e+00 2.121762239271873796e+01 3.739148081158172321e-02
-3.250000000000000000e+00 2.121762239271873796e+01 3.739200318038486681e-02
-2.750000000000000000e+00 2.208364779650317899e+01 1.028875664488386743e-01
-1.750000000000000000e+00 2.208364779650317899e+01 1.028878645766487243e-01
-4.250000000000000000e+00 2.294967320028762003e+01 1.222209514566693911e-01
-3.250000000000000000e+00 2.294967320028762003e+01 1.222210035331531969e-01
-2.750000000000000000e+00 2.381569860407206107e+01 3.395921623057154837e-02
-1.750000000000000000e+00 2.381569860407206107e+01 3.395926922794198499e-02
-4.250000000000000000e+00 2.468172400785649501e+01 1.740084422616310356e-01
-3.250000000000000000e+00 2.468172400785649501e+01 1.740084263693525146e-01
-2.750000000000000000e+00 2.554774941164093605e+01 1.773133951648842577e-01
-1.750000000000000000e+00 2.554774941164093605e+01 1.773133747766902635e-01
-1.250000000000000000e+00 -2.554774941164094315e+01 1.773133898833910149e-01
-2.500000000000000000e-01 -2.554774941164094315e+01 1.773134026013635234e-01
2.500000000000000000e-01 -2.468172400785650566e+01 1.740084360218844828e-01
1.250000000000000000e+00 -2.468172400785650566e+01 1.740084522821343238e-01
-1.250000000000000000e+00 -2.381569860407206463e+01 3.395922541959071894e-02
-2.500000000000000000e-01 -2.381569860407206463e+01 3.395925420911688475e-02
2.500000000000000000e-01 -2.294967320028762714e+01 1.222209557207294961e-01
1.250000000000000000e+00 -2.294967320028762714e+01 1.222210242584350487e-01
-1.250000000000000000e+00 -2.208364779650318965e+01 1.028875530641248370e-01
-2.500000000000000000e-01 -2.208364779650318965e+01 1.028877052282193144e-01
2.500000000000000000e-01 -2.121762239271875217e+01 3.739158338545415378e-02
1.250000000000000000e+00 -2.121762239271875217e+01 3.739185125849069091e-02
-1.250000000000000000e+00 -2.035159698893431113e+01 5.773893352625665554e-02
-2.500000000000000000e-01 -2.035159698893431113e+01 5.773960313445805625e-02
2.500000000000000000e-01 -1.948557158514987364e+01 3.977991444069373106e-02
1.250000000000000000e+00 -1.948557158514987364e+01 3.978118352571208965e-02
-1.250000000000000000e+00 -1.861954618136543615e+01 2.407091959234874956e-02
-2.500000000000000000e-01 -1.861954618136543615e+01 2.407377516902961534e-02
2.500000000000000000e-01 -1.775352077758099512e+01 2.528194369615984621e-02
1.250000000000000000e+00 -1.775352077758099512e+01 2.528749644300010146e-02
-1.250000000000000000e+00 -1.688749537379655763e+01 1.908447355199491269e-02
-2.500000000000000000e-01 -1.688749537379655763e+01 1.909590802422994268e-02
2.500000000000000000e-01 -1.602146997001212014e+01 1.763266171896422929e-02
1.250000000000000000e+00 -1.602146997001212014e+01 1.765388205073360056e-02
-1.250000000000000000e+00 -1.515544456622767733e+01 1.671859633792155408e-02
-2.500000000000000000e-01 -1.515544456622767733e+01 1.676012792774006499e-02
2.500000000000000000e-01 -1.428941916244323806e+01 1.588756420763387175e-02
1.250000000000000000e+00 -1.428941916244323806e+01 1.595929450054556914e-02
-1.250000000000000000e+00 -1.342339375865880058e+01 1.585982773060351514e-02
-2.500000000000000000e-01 -1.342339375865880058e+01 1.599491106654063119e-02
2.500000000000000000e-01 -1.255736835487436132e+01 1.555071074976403442e-02
1.250000000000000000e+00 -1.255736835487436132e+01 1.576718296253086515e-02
-1.250000000000000000e+00 -1.169134295108992383e+01 1.555448591889993515e-02
-2.500000000000000000e-01 -1.169134295108992383e+01 1.593443569687796879e-02
2.500000000000000000e-01 -1.082531754730548457e+01 1.553365015430656880e-02
1.250000000000000000e+00 -1.082531754730548457e+01 1.610694902065593764e-02
-1.250000000000000000e+00 -9.959292143521047080e+00 1.551602509945319841e-02
-2.500000000000000000e-01 -9.959292143521047080e+00 1.642843230487658901e-02
2.500000000000000000e-01 -9.093266739736607818e+00 1.550102143369622675e-02
1.250000000000000000e+00 -9.093266739736607818e+00 1.678920817596026710e-02
-1.250000000000000000e+00 -8.227241335952170331e+00 1.576891631495599272e-02
-2.500000000000000000e-01 -8.227241335952170331e+00 1.759141839179010833e-02
2.500000000000000000e-01 -7.361215932167732845e+00 1.558797226918904807e-02
1.250000000000000000e+00 -7.361215932167732845e+00 1.791109780370021137e-02
-1.250000000000000000e+00 -6.495190528383291806e+00 1.605780069871456939e-02
-2.500000000000000000e-01 -6.495190528383291806e+00 1.901541069256632369e-02
2.500000000000000000e-01 -5.629165124598854320e+00 1.719112490416312838e-02
1.250000000000000000e+00 -5.629165124598854320e+00 2.018592839205055403e-02
-1.250000000000000000e+00 -4.763139720814413280e+00 1.553125339418975036e-02
-2.500000000000000000e-01 -4.763139720814413280e+00 1.957057538304831507e-02
2.500000000000000000e-01 -3.897114317029975794e+00 1.790864495656531788e-02
1.250000000000000000e+00 -3.897114317029975794e+00 2.138868266409144070e-02
-1.250000000000000000e+00 -3.031088913245538308e+00 2.740760842021948418e-02
-2.500000000000000000e-01 -3.031088913245538308e+00 2.318149352585704634e-02
2.500000000000000000e-01 -2.165063509461100821e+00 1.792283252926466647e-02
1.250000000000000000e+00 -2.165063509461100821e+00 1.642430193732927202e-02
-1.250000000000000000e+00 -1.299038105676659782e+00 7.132726449859991269e-02
-2.500000000000000000e-01 -1.299038105676659782e+00 2.103172359024539639e-02
2.500000000000000000e-01 -4.330127018922222959e-01 1.017909148154191590e-01
1.250000000000000000e+00 -4.330127018922222959e-01 2.103173645673726139e-02
-1.250000000000000000e+00 4.330127018922151905e-01 1.017908881883569649e-01
-2.500000000000000000e-01 4.330127018922151905e-01 7.980229163481733543e-07
2.500000000000000000e-01 1.299038105676652677e+00 1.017908491196121978e-01
1.250000000000000000e+00 1.299038105676652677e+00 2.103172151768014850e-02
-1.250000000000000000e+00 2.165063509461093716e+00 7.132728257869137833e-02
-2.500000000000000000e-01 2.165063509461093716e+00 2.103175270052658197e-02
2.500000000000000000e-01 3.031088913245531202e+00 1.792279134964573639e-02
1.250000000000000000e+00 3.031088913245531202e+00 1.642425807365809759e-02
-1.250000000000000000e+00 3.897114317029972241e+00 2.740756007625499285e-02
-2.500000000000000000e-01 3.897114317029972241e+00 2.318150177153446845e-02
2.500000000000000000e-01 4.763139720814409728e+00 1.790891299877510681e-02
1.250000000000000000e+00 4.763139720814409728e+00 2.138897436977557284e-02
-1.250000000000000000e+00 5.629165124598847214e+00 1.553057264773154839e-02
-2.500000000000000000e-01 5.629165124598847214e+00 1.956989494853487305e-02
2.500000000000000000e-01 6.495190528383284700e+00 1.719267203059884896e-02
1.250000000000000000e+00 6.495190528383284700e+00 2.018753872457342696e-02
-1.250000000000000000e+00 7.361215932167725740e+00 1.605719823947625302e-02
-2.500000000000000000e-01 7.361215932167725740e+00 1.901477949996677186e-02
2.500000000000000000e-01 8.227241335952166779e+00 1.558702992457088737e-02
1.250000000000000000e+00 8.227241335952166779e+00 1.791017858711180938e-02
-1.250000000000000000e+00 9.093266739736600712e+00 1.578168858430946397e-02
-2.500000000000000000e-01 9.093266739736600712e+00 1.760423361399844622e-02
2.500000000000000000e-01 9.959292143521041751e+00 1.548595735396750619e-02
1.250000000000000000e+00 9.959292143521041751e+00 1.677419022831474343e-02
-1.250000000000000000e+00 1.082531754730548279e+01 1.555108788813026194e-02
-2.500000000000000000e-01 1.082531754730548279e+01 1.646350615966323330e-02
2.500000000000000000e-01 1.169134295108992383e+01 1.557134895396459183e-02
1.250000000000000000e+00 1.169134295108992383e+01 1.614470731981273999e-02
-1.250000000000000000e+00 1.255736835487435776e+01 1.553332560834514917e-02
-2.500000000000000000e-01 1.255736835487435776e+01 1.591331217742100734e-02
2.500000000000000000e-01 1.342339375865879880e+01 1.587100189444785869e-02
1.250000000000000000e+00 1.342339375865879880e+01 1.608749989185817575e-02
-1.250000000000000000e+00 1.428941916244323274e+01 1.588066329752650316e-02
-2.500000000000000000e-01 1.428941916244323274e+01 1.601582541800620346e-02
2.500000000000000000e-01 1.515544456622767377e+01 1.671808172627690936e-02
1.250000000000000000e+00 1.515544456622767377e+01 1.678982592165234600e-02
-1.250000000000000000e+00 1.602146997001211304e+01 1.763392477319902785e-02
-2.500000000000000000e-01 1.602146997001211304e+01 1.767549674198204412e-02
2.500000000000000000e-01 1.688749537379655408e+01 1.908255063993375897e-02
1.250000000000000000e+00 1.688749537379655408e+01 1.910373336602266825e-02
-1.250000000000000000e+00 1.775352077758098801e+01 2.528250582884933317e-02
-2.500000000000000000e-01 1.775352077758098801e+01 2.529403694699668137e-02
2.500000000000000000e-01 1.861954618136542905e+01 2.407064307313131618e-02
1.250000000000000000e+00 1.861954618136542905e+01 2.407619859837417317e-02
-1.250000000000000000e+00 1.948557158514986298e+01 3.977971439447079011e-02
-2.500000000000000000e-01 1.948557158514986298e+01 3.978266654535558833e-02
2.500000000000000000e-01 2.035159698893430402e+01 5.773901253114097076e-02
1.250000000000000000e+00 2.035159698893430402e+01 5.774035343978005386e-02
-1.250000000000000000e+00 2.121762239271873796e+01 3.739149309034381363e-02
-2.500000000000000000e-01 2.121762239271873796e+01 3.739217186052430641e-02
2.500000000000000000e-01 2.208364779650317899e+01 1.028875760815286255e-01
1.250000000000000000e+00 2.208364779650317899e+01 1.028878713568190384e-01
-1.250000000000000000e+00 2.294967320028762003e+01 1.222209613690196095e-01
-2.500000000000000000e-01 2.294967320028762003e+01 1.222211138561177662e-01
2.500000000000000000e-01 2.381569860407206107e+01 3.395922372342741885e-02
1.250000000000000000e+00 2.381569860407206107e+01 3.395928642820832122e-02
-1.250000000000000000e+00 2.468172400785649501e+01 1.740084423088809618e-01
-2.500000000000000000e-01 2.468172400785649501e+01 1.740084763382175326e-01
2.500000000000000000e-01 2.554774941164093605e+01 1.773133832479902861e-01
1.250000000000000000e+00 2.554774941164093605e+01 1.773134284730162324e-01
1.750000000000000000e+00 -2.554774941164094315e+01 1.773133898876601555e-01
2.750000000000000000e+00 -2.554774941164094315e+01 1.773134006218803627e-01
3.250000000000000000e+00 -2.468172400785650566e+01 1.740084407422566315e-01
4.250000000000000000e+00 -2.468172400785650566e+01 1.740084355594123111e-01
1.750000000000000000e+00 -2.381569860407206463e+01 3.395922696328138035e-02
2.750000000000000000e+00 -2.381569860407206463e+01 3.395924254799378983e-02
3.250000000000000000e+00 -2.294967320028762714e+01 1.222209633151943864e-01
4.250000000000000000e+00 -2.294967320028762714e+01 1.222209819987408741e-01
1.750000000000000000e+00 -2.208364779650318965e+01 1.028875660265822500e-01
2.750000000000000000e+00 -2.208364779650318965e+01 1.028876465350421626e-01
3.250000000000000000e+00 -2.121762239271875217e+01 3.739158261457653509e-02
4.250000000000000000e+00 -2.121762239271875217e+01 3.739177253138217805e-02
1.750000000000000000e+00 -2.035159698893431113e+01 5.773896016966552358e-02
2.750000000000000000e+00 -2.035159698893431113e+01 5.773945696376294595e-02
3.250000000000000000e+00 -1.948557158514987364e+01 3.977993487787784971e-02
4.250000000000000000e+00 -1.948557158514987364e+01 3.978087045702982660e-02
1.750000000000000000e+00 -1.861954618136543615e+01 2.407098062879388378e-02
2.750000000000000000e+00 -1.861954618136543615e+01 2.407328887092981262e-02
3.250000000000000000e+00 -1.775352077758099512e+01 2.528214888338967820e-02
4.250000000000000000e+00 -1.775352077758099512e+01 2.528610451067361820e-02
1.750000000000000000e+00 -1.688749537379655763e+01 1.908448852587515954e-02
2.750000000000000000e+00 -1.688749537379655763e+01 1.909392017908424083e-02
3.250000000000000000e+00 -1.602146997001212014e+01 1.763341187389153020e-02
4.250000000000000000e+00 -1.602146997001212014e+01 1.764785848660108819e-02
1.750000000000000000e+00 -1.515544456622767733e+01 1.671835890022980997e-02
2.750000000000000000e+00 -1.515544456622767733e+01 1.675309994125553925e-02
3.250000000000000000e+00 -1.428941916244323806e+01 1.588822052608732105e-02
4.250000000000000000e+00 -1.428941916244323806e+01 1.593591056136776929e-02
1.750000000000000000e+00 -1.342339375865880058e+01 1.586136037741273791e-02
2.750000000000000000e+00 -1.342339375865880058e+01 1.597215324632170544e-02
3.250000000000000000e+00 -1.255736835487436132e+01 1.554814173601603601e-02
4.250000000000000000e+00 -1.255736835487436132e+01 1.569258652659732967e-02
1.750000000000000000e+00 -1.169134295108992383e+01 1.556146596539173532e-02
2.750000000000000000e+00 -1.169134295108992383e+01 1.586626890638923038e-02
3.250000000000000000e+00 -1.082531754730548457e+01 1.552833481142593293e-02
4.250000000000000000e+00 -1.082531754730548457e+01 1.590858752360011646e-02
1.750000000000000000e+00 -9.959292143521047080e+00 1.551534332260386118e-02
2.750000000000000000e+00 -9.959292143521047080e+00 1.624442132400595595e-02
3.250000000000000000e+00 -9.093266739736607818e+00 1.550895155152368088e-02
4.250000000000000000e+00 -9.093266739736607818e+00 1.636568785510894575e-02
1.750000000000000000e+00 -8.227241335952170331e+00 1.565500331937436790e-02
2.750000000000000000e+00 -8.227241335952170331e+00 1.717148530794532918e-02
3.250000000000000000e+00 -7.361215932167732845e+00 1.555796324188116024e-02
4.250000000000000000e+00 -7.361215932167732845e+00 1.708257715438380939e-02
1.750000000000000000e+00 -6.495190528383291806e+00 1.566176626767131624e-02
2.750000000000000000e+00 -6.495190528383291806e+00 1.843225229692158768e-02
3.250000000000000000e+00 -5.629165124598854320e+00 1.622760481606478483e-02
4.250000000000000000e+00 -5.629165124598854320e+00 1.843064797525855933e-02
1.750000000000000000e+00 -4.763139720814413280e+00 1.594298376185768890e-02
2.750000000000000000e+00 -4.763139720814413280e+00 1.892426009006321561e-02
3.250000000000000000e+00 -3.897114317029975794e+00 1.594268780208846215e-02
4.250000000000000000e+00 -3.897114317029975794e+00 2.018629599869734698e-02
1.750000000000000000e+00 -3.031088913245538308e+00 2.179729607135878419e-02
2.750000000000000000e+00 -3.031088913245538308e+00 2.138868145816898159e-02
3.250000000000000000e+00 -2.165063509461100821e+00 1.790866341650138374e-02
4.250000000000000000e+00 -2.165063509461100821e+00 1.957031174931413153e-02
1.750000000000000000e+00 -1.299038105676659782e+00 1.792278944130289500e-02
2.750000000000000000e+00 -1.299038105676659782e+00 2.318149034520127633e-02
3.250000000000000000e+00 -4.330127018922222959e-01 2.740759858254664116e-02
4.250000000000000000e+00 -4.330127018922222959e-01 2.138869159584155452e-02
1.750000000000000000e+00 4.330127018922151905e-01 7.132728535318458296e-02
2.750000000000000000e+00 4.330127018922151905e-01 1.642427790082505099e-02
3.250000000000000000e+00 1.299038105676652677e+00 2.740760383633604469e-02
4.250000000000000000e+00 1.299038105676652677e+00 2.138867327733610935e-02
1.750000000000000000e+00 2.165063509461093716e+00 1.792282421872745668e-02
2.750000000000000000e+00 2.165063509461093716e+00 2.318153313312398822e-02
3.250000000000000000e+00 3.031088913245531202e+00 1.790863851534874387e-02
4.250000000000000000e+00 3.031088913245531202e+00 1.957028084339861376e-02
1.750000000000000000e+00 3.897114317029972241e+00 2.179730400707917404e-02
2.750000000000000000e+00 3.897114317029972241e+00 2.138867775273074756e-02
3.250000000000000000e+00 4.763139720814409728e+00 1.594298638769232543e-02
4.250000000000000000e+00 4.763139720814409728e+00 2.018660156290067592e-02
1.750000000000000000e+00 5.629165124598847214e+00 1.594232702989478376e-02
2.750000000000000000e+00 5.629165124598847214e+00 1.892358980347649822e-02
3.250000000000000000e+00 6.495190528383284700e+00 1.622925503587015900e-02
4.250000000000000000e+00 6.495190528383284700e+00 1.843224178735042643e-02
1.750000000000000000e+00 7.361215932167725740e+00 1.566112493794090399e-02
2.750000000000000000e+00 7.361215932167725740e+00 1.843166143538327653e-02
3.250000000000000000e+00 8.227241335952166779e+00 1.555707568993447941e-02
4.250000000000000000e+00 8.227241335952166779e+00 1.708165773139044136e-02
1.750000000000000000e+00 9.093266739736600712e+00 1.566778148417104222e-02
2.750000000000000000e+00 9.093266739736600712e+00 1.718428539158236082e-02
3.250000000000000000e+00 9.959292143521041751e+00 1.549389397373228394e-02
4.250000000000000000e+00 9.959292143521041751e+00 1.635065532310420872e-02
1.750000000000000000e+00 1.082531754730548279e+01 1.555040921722819491e-02
2.750000000000000000e+00 1.082531754730548279e+01 1.627947576654750414e-02
3.250000000000000000e+00 1.169134295108992383e+01 1.556606526781125280e-02
4.250000000000000000e+00 1.169134295108992383e+01 1.594627420581077107e-02
1.750000000000000000e+00 1.255736835487435776e+01 1.554031107236050757e-02
2.750000000000000000e+00 1.255736835487435776e+01 1.584511544025985624e-02
3.250000000000000000e+00 1.342339375865879880e+01 1.586845332714671708e-02
4.250000000000000000e+00 1.342339375865879880e+01 1.601285978470595034e-02
1.750000000000000000e+00 1.428941916244323274e+01 1.588221696293121155e-02
2.750000000000000000e+00 1.428941916244323274e+01 1.599296309129115065e-02
3.250000000000000000e+00 1.515544456622767377e+01 1.671874445966381462e-02
4.250000000000000000e+00 1.515544456622767377e+01 1.676642460212882102e-02
1.750000000000000000e+00 1.602146997001211304e+01 1.763364133543795370e-02
2.750000000000000000e+00 1.602146997001211304e+01 1.766834250502496290e-02
3.250000000000000000e+00 1.688749537379655408e+01 1.908325061676352519e-02
4.250000000000000000e+00 1.688749537379655408e+01 1.909768169096666066e-02
1.750000000000000000e+00 1.775352077758098801e+01 2.528251128506429912e-02
2.750000000000000000e+00 1.775352077758098801e+01 2.529187260115847366e-02
3.250000000000000000e+00 1.861954618136542905e+01 2.407076925530817618e-02
4.250000000000000000e+00 1.861954618136542905e+01 2.407470847265909958e-02
1.750000000000000000e+00 1.948557158514986298e+01 3.977982257432308849e-02
2.750000000000000000e+00 1.948557158514986298e+01 3.978203263603367207e-02
3.250000000000000000e+00 2.035159698893430402e+01 5.773900755911912791e-02
4.250000000000000000e+00 2.035159698893430402e+01 5.773988156070763988e-02
1.750000000000000000e+00 2.121762239271873796e+01 3.739150832479878894e-02
2.750000000000000000e+00 2.121762239271873796e+01 3.739200806810684397e-02
3.250000000000000000e+00 2.208364779650317899e+01 1.028875751967670560e-01
4.250000000000000000e+00 2.208364779650317899e+01 1.028877106026441779e-01
1.750000000000000000e+00 2.294967320028762003e+01 1.222209317594861039e-01
2.750000000000000000e+00 2.294967320028762003e+01 1.222210723849165015e-01
3.250000000000000000e+00 2.381569860407206107e+01 3.395921917887379654e-02
4.250000000000000000e+00 2.381569860407206107e+01 3.395924567938657379e-02
1.750000000000000000e+00 2.468172400785649501e+01 1.740084305879656124e-01
2.750000000000000000e+00 2.468172400785649501e+01 1.740084633024911176e-01
3.250000000000000000e+00 2.554774941164093605e+01 1.773133782036185324e-01
4.250000000000000000e+00 2.554774941164093605e+01 1.773134011336671145e-01
4.750000000000000000e+00 -2.554774941164094315e+01 1.773133906132839666e-01
5.750000000000000000e+00 -2.554774941164094315e+01 1.773133865113596941e-01
6.250000000000000000e+00 -2.468172400785650566e+01 1.740084384068487089e-01
7.250000000000000000e+00 -2.468172400785650566e+01 1.740084468210458535e-01
4.750000000000000000e+00 -2.381569860407206463e+01 3.395922602509159755e-02
5.750000000000000000e+00 -2.381569860407206463e+01 3.395924090642478410e-02
6.250000000000000000e+00 -2.294967320028762714e+01 1.222209614676270095e-01
7.250000000000000000e+00 -2.294967320028762714e+01 1.222209931743040850e-01
4.750000000000000000e+00 -2.208364779650318965e+01 1.028875723956526600e-01
5.750000000000000000e+00 -2.208364779650318965e+01 1.028876544932691983e-01
6.250000000000000000e+00 -2.121762239271875217e+01 3.739158189581906488e-02
7.250000000000000000e+00 -2.121762239271875217e+01 3.739168971267636116e-02
4.750000000000000000e+00 -2.035159698893431113e+01 5.773900039335073953e-02
5.750000000000000000e+00 -2.035159698893431113e+01 5.773934548625322960e-02
6.250000000000000000e+00 -1.948557158514987364e+01 3.977993846108567738e-02
7.250000000000000000e+00 -1.948557158514987364e+01 3.978041552374868284e-02
4.750000000000000000e+00 -1.861954618136543615e+01 2.407103577270907832e-02
5.750000000000000000e+00 -1.861954618136543615e+01 2.407241757544367408e-02
6.250000000000000000e+00 -1.775352077758099512e+01 2.528233174095151359e-02
7.250000000000000000e+00 -1.775352077758099512e+01 2.528431135562946713e-02
4.750000000000000000e+00 -1.688749537379655763e+01 1.908444060323910563e-02
5.750000000000000000e+00 -1.688749537379655763e+01 1.908984913246007664e-02
6.250000000000000000e+00 -1.602146997001212014e+01 1.763402127537039288e-02
7.250000000000000000e+00 -1.602146997001212014e+01 1.764085907802105668e-02
4.750000000000000000e+00 -1.515544456622767733e+01 1.671874419490891606e-02
5.750000000000000000e+00 -1.515544456622767733e+01 1.673845332473217207e-02
6.250000000000000000e+00 -1.428941916244323806e+01 1.588844580729931177e-02
7.250000000000000000e+00 -1.428941916244323806e+01 1.590986602039784481e-02
4.750000000000000000e+00 -1.342339375865880058e+01 1.586455151562226121e-02
5.750000000000000000e+00 -1.342339375865880058e+01 1.592541100526020936e-02
6.250000000000000000e+00 -1.255736835487436132e+01 1.554697738599564172e-02
7.250000000000000000e+00 -1.255736835487436132e+01 1.561142492888353134e-02
4.750000000000000000e+00 -1.169134295108992383e+01 1.556641640736751431e-02
5.750000000000000000e+00 -1.169134295108992383e+01 1.572986858952868383e-02
6.250000000000000000e+00 -1.082531754730548457e+01 1.552707749639964385e-02
7.250000000000000000e+00 -1.082531754730548457e+01 1.569212937937469049e-02
4.750000000000000000e+00 -9.959292143521047080e+00 1.549894217654246287e-02
5.750000000000000000e+00 -9.959292143521047080e+00 1.589138020037494936e-02
6.250000000000000000e+00 -9.093266739736607818e+00 1.551398358445958692e-02
7.250000000000000000e+00 -9.093266739736607818e+00 1.588854319949717722e-02
4.750000000000000000e+00 -8.227241335952170331e+00 1.554379479358226901e-02
5.750000000000000000e+00 -8.227241335952170331e+00 1.635289101552180047e-02
6.250000000000000000e+00 -7.361215932167732845e+00 1.549704369178539487e-02
7.250000000000000000e+00 -7.361215932167732845e+00 1.624756280637011663e-02
4.750000000000000000e+00 -6.495190528383291806e+00 1.555857612526234668e-02
5.750000000000000000e+00 -6.495190528383291806e+00 1.717300878083254101e-02
6.250000000000000000e+00 -5.629165124598854320e+00 1.565489073527343011e-02
7.250000000000000000e+00 -5.629165124598854320e+00 1.677630308043463400e-02
4.750000000000000000e+00 -4.763139720814413280e+00 1.566080866376469427e-02
5.750000000000000000e+00 -4.763139720814413280e+00 1.791075463372979182e-02
6.250000000000000000e+00 -3.897114317029975794e+00 1.558732456249883880e-02
7.250000000000000000e+00 -3.897114317029975794e+00 1.759170173641682461e-02
4.750000000000000000e+00 -3.031088913245538308e+00 1.719146344894635636e-02
5.750000000000000000e+00 -3.031088913245538308e+00 1.901416551171625224e-02
6.250000000000000000e+00 -2.165063509461100821e+00 1.605660352672313995e-02
7.250000000000000000e+00 -2.165063509461100821e+00 1.791048818411861490e-02
4.750000000000000000e+00 -1.299038105676659782e+00 1.553094257635125042e-02
5.750000000000000000e+00 -1.299038105676659782e+00 2.018628947926609518e-02
6.250000000000000000e+00 -4.330127018922222959e-01 1.709431763141500138e-02
7.250000000000000000e+00 -4.330127018922222959e-01 1.843102190534504081e-02
4.750000000000000000e+00 4.330127018922151905e-01 2.417953863369431966e-02
5.750000000000000000e+00 4.330127018922151905e-01 1.892396517784070142e-02
6.250000000000000000e+00 1.299038105676652677e+00 1.709429557683139755e-02
7.250000000000000000e+00 1.299038105676652677e+00 1.843100622916046816e-02
4.750000000000000000e+00 2.165063509461093716e+00 1.553098403622710233e-02
5.750000000000000000e+00 2.165063509461093716e+00 2.018633134409400509e-02
6.250000000000000000e+00 3.031088913245531202e+00 1.605655429417518487e-02
7.250000000000000000e+00 3.031088913245531202e+00 1.791045197653697713e-02
4.750000000000000000e+00 3.897114317029972241e+00 1.719148336432020641e-02
5.750000000000000000e+00 3.897114317029972241e+00 1.901416647428313955e-02
6.250000000000000000e+00 4.763139720814409728e+00 1.558762914366657037e-02
7.250000000000000000e+00 4.763139720814409728e+00 1.759200136397854122e-02
4.750000000000000000e+00 5.629165124598847214e+00 1.566013954999871671e-02
5.750000000000000000e+00 5.629165124598847214e+00 1.791008821512041216e-02
6.250000000000000000e+00 6.495190528383284700e+00 1.565651166502476932e-02
7.250000000000000000e+00 6.495190528383284700e+00 1.677792159377014536e-02
4.750000000000000000e+00 7.361215932167725740e+00 1.555797927495121413e-02
5.750000000000000000e+00 7.361215932167725740e+00 1.717240180006524009e-02
6.250000000000000000e+00 8.227241335952166779e+00 1.549611936406725121e-02
7.250000000000000000e+00 8.227241335952166779e+00 1.624665911307896643e-02
4.750000000000000000e+00 9.093266739736600712e+00 1.555666157303716400e-02
5.750000000000000000e+00 9.093266739736600712e+00 1.636569378418273324e-02
6.250000000000000000e+00 9.959292143521041751e+00 1.549895930386048504e-02
7.250000000000000000e+00 9.959292143521041751e+00 1.587350687710895741e-02
4.750000000000000000e+00 1.082531754730548279e+01 1.553404753366069424e-02
5.750000000000000000e+00 1.082531754730548279e+01 1.592648255745038322e-02
6.250000000000000000e+00 1.169134295108992383e+01 1.556484175472402920e-02
7.250000000000000000e+00 1.169134295108992383e+01 1.572987487687359243e-02
4.750000000000000000e+00 1.255736835487435776e+01 1.554526474063842693e-02
5.750000000000000000e+00 1.255736835487435776e+01 1.570876155347861181e-02
6.250000000000000000e+00 1.342339375865879880e+01 1.586730215850468834e-02
7.250000000000000000e+00 1.342339375865879880e+01 1.593177162281509546e-02
4.750000000000000000e+00 1.428941916244323274e+01 1.588540887399652463e-02
5.750000000000000000e+00 1.428941916244323274e+01 1.594628655210908463e-02
6.250000000000000000e+00 1.515544456622767377e+01 1.671896433960179396e-02
7.250000000000000000e+00 1.515544456622767377e+01 1.674041847912419861e-02
4.750000000000000000e+00 1.602146997001211304e+01 1.763406539337003531e-02
5.750000000000000000e+00 1.602146997001211304e+01 1.765379716657664022e-02
6.250000000000000000e+00 1.688749537379655408e+01 1.908386790150073953e-02
7.250000000000000000e+00 1.688749537379655408e+01 1.909073950079377691e-02
4.750000000000000000e+00 1.775352077758098801e+01 2.528247748481453339e-02
5.750000000000000000e+00 1.775352077758098801e+01 2.528793302404500065e-02
6.250000000000000000e+00 1.861954618136542905e+01 2.407101032212187464e-02
7.250000000000000000e+00 1.861954618136542905e+01 2.407301817031269608e-02
4.750000000000000000e+00 1.948557158514986298e+01 3.977982774279513467e-02
5.750000000000000000e+00 1.948557158514986298e+01 3.978126864443838617e-02
6.250000000000000000e+00 2.035159698893430402e+01 5.773904448659655797e-02
7.250000000000000000e+00 2.035159698893430402e+01 5.773956466428024209e-02
4.750000000000000000e+00 2.121762239271873796e+01 3.739152481251650090e-02
5.750000000000000000e+00 2.121762239271873796e+01 3.739187821527460709e-02
6.250000000000000000e+00 2.208364779650317899e+01 1.028875665769864167e-01
7.250000000000000000e+00 2.208364779650317899e+01 1.028877168108811857e-01
4.750000000000000000e+00 2.294967320028762003e+01 1.222209552539888222e-01
5.750000000000000000e+00 2.294967320028762003e+01 1.222209978591263652e-01
6.250000000000000000e+00 2.381569860407206107e+01 3.395922092259907876e-02
7.250000000000000000e+00 2.381569860407206107e+01 3.395925360525876846e-02
4.750000000000000000e+00 2.468172400785649501e+01 1.740084390024241312e-01
5.750000000000000000e+00 2.468172400785649501e+01 1.740084325429083201e-01
6.250000000000000000e+00 2.554774941164093605e+01 1.773133927082423678e-01
7.250000000000000000e+00 2.554774941164093605e+01 1.773133823248971841e-01
