-7.250000000000000000e+00 -2.554774941164094315e+01 2.066738322317733245e-01
-6.250000000000000000e+00 -2.554774941164094315e+01 2.066738184973197223e-01
-5.750000000000000000e+00 -2.468172400785650566e+01 2.008712027177416426e-01
-4.750000000000000000e+00 -2.468172400785650566e+01 2.008711793058082784e-01
-7.250000000000000000e+00 -2.381569860407206463e+01 3.608582769965607701e-02
-6.250000000000000000e+00 -2.381569860407206463e+01 3.608581644605343697e-02
-5.750000000000000000e+00 -2.294967320028762714e+01 1.352959334715210238e-01
-4.750000000000000000e+00 -2.294967320028762714e+01 1.352958754016613530e-01
-7.250000000000000000e+00 -2.208364779650318965e+01 1.100253329940119457e-01
-6.250000000000000000e+00 -2.208364779650318965e+01 1.100252628426688639e-01
-5.750000000000000000e+00 -2.121762239271875217e+01 3.852101603098943838e-02
-4.750000000000000000e+00 -2.121762239271875217e+01 3.852094746606873205e-02
-7.250000000000000000e+00 -2.035159698893431113e+01 6.066712157828133001e-02
-6.250000000000000000e+00 -2.035159698893431113e+01 6.066695808269516321e-02
-5.750000000000000000e+00 -1.948557158514987364e+01 3.988482325019377522e-02
-4.750000000000000000e+00 -1.948557158514987364e+01 3.988461031599816603e-02
-7.250000000000000000e+00 -1.861954618136543615e+01 2.530191277503565650e-02
-6.250000000000000000e+00 -1.861954618136543615e+01 2.530196998591504459e-02
-5.750000000000000000e+00 -1.775352077758099512e+01 2.610173165329834899e-02
-4.750000000000000000e+00 -1.775352077758099512e+01 2.610130539619698667e-02
-7.250000000000000000e+00 -1.688749537379655763e+01 1.972496894024080433e-02
-6.250000000000000000e+00 -1.688749537379655763e+01 1.972624568022427957e-02
-5.750000000000000000e+00 -1.602146997001212014e+01 1.904114320559469054e-02
-4.750000000000000000e+00 -1.602146997001212014e+01 1.904408083651779743e-02
-7.250000000000000000e+00 -1.515544456622767733e+01 1.771536224632208611e-02
-6.250000000000000000e+00 -1.515544456622767733e+01 1.771825818938358235e-02
-5.750000000000000000e+00 -1.428941916244323806e+01 1.709655397935949672e-02
-4.750000000000000000e+00 -1.428941916244323806e+01 1.711609018774835206e-02
-7.250000000000000000e+00 -1.342339375865880058e+01 1.717899606556587064e-02
-6.250000000000000000e+00 -1.342339375865880058e+01 1.719224818990058856e-02
-5.750000000000000000e+00 -1.255736835487436132e+01 1.675442670469926704e-02
-4.750000000000000000e+00 -1.255736835487436132e+01 1.680384604181772712e-02
-7.250000000000000000e+00 -1.169134295108992383e+01 1.681280041174998408e-02
-6.250000000000000000e+00 -1.169134295108992383e+01 1.689713905960014279e-02
-5.750000000000000000e+00 -1.082531754730548457e+01 1.677187709313788383e-02
-4.750000000000000000e+00 -1.082531754730548457e+01 1.691215310434697472e-02
-7.250000000000000000e+00 -9.959292143521047080e+00 1.672345755639879222e-02
-6.250000000000000000e+00 -9.959292143521047080e+00 1.692838510103347391e-02
-5.750000000000000000e+00 -9.093266739736607818e+00 1.661065387515089226e-02
-4.750000000000000000e+00 -9.093266739736607818e+00 1.710082068934654434e-02
-7.250000000000000000e+00 -8.227241335952170331e+00 1.676099654285605894e-02
-6.250000000000000000e+00 -8.227241335952170331e+00 1.708035605552755271e-02
-5.750000000000000000e+00 -7.361215932167732845e+00 1.669839919184376922e-02
-4.750000000000000000e+00 -7.361215932167732845e+00 1.756278171616384998e-02
-7.250000000000000000e+00 -6.495190528383291806e+00 1.654043633166820890e-02
-6.250000000000000000e+00 -6.495190528383291806e+00 1.744313440751807734e-02
-5.750000000000000000e+00 -5.629165124598854320e+00 1.674118686870922773e-02
-4.750000000000000000e+00 -5.629165124598854320e+00 1.805485789745969391e-02
-7.250000000000000000e+00 -4.763139720814413280e+00 1.658792916475607809e-02
-6.250000000000000000e+00 -4.763139720814413280e+00 1.800669381281892745e-02
-5.750000000000000000e+00 -3.897114317029975794e+00 1.646778938401592673e-02
-4.750000000000000000e+00 -3.897114317029975794e+00 1.898282833251651799e-02
-7.250000000000000000e+00 -3.031088913245538308e+00 1.681092557163671453e-02
-6.250000000000000000e+00 -3.031088913245538308e+00 1.831495395174174978e-02
-5.750000000000000000e+00 -2.165063509461100821e+00 1.701187142392969823e-02
-4.750000000000000000e+00 -2.165063509461100821e+00 1.868108390809873967e-02
-7.250000000000000000e+00 -1.299038105676659782e+00 1.662443467509420320e-02
-6.250000000000000000e+00 -1.299038105676659782e+00 1.898281648288084947e-02
-5.750000000000000000e+00 -4.330127018922222959e-01 1.691772362923660289e-02
-4.750000000000000000e+00 -4.330127018922222959e-01 1.940973720023381893e-02
-7.250000000000000000e+00 4.330127018922151905e-01 1.665377699787933680e-02
-6.250000000000000000e+00 4.330127018922151905e-01 1.842704836453225303e-02
-5.750000000000000000e+00 1.299038105676652677e+00 1.691768742381263152e-02
-4.750000000000000000e+00 1.299038105676652677e+00 1.940970130362496340e-02
-7.250000000000000000e+00 2.165063509461093716e+00 1.662453719491469376e-02
-6.250000000000000000e+00 2.165063509461093716e+00 1.898289076998133790e-02
-5.750000000000000000e+00 3.031088913245531202e+00 1.701182503076027058e-02
-4.750000000000000000e+00 3.031088913245531202e+00 1.868100624352072442e-02
-7.250000000000000000e+00 3.897114317029972241e+00 1.681092556798483018e-02
-6.250000000000000000e+00 3.897114317029972241e+00 1.831495301909014106e-02
-5.750000000000000000e+00 4.763139720814409728e+00 1.646842576602432912e-02
-4.750000000000000000e+00 4.763139720814409728e+00 1.898337811006726994e-02
-7.250000000000000000e+00 5.629165124598847214e+00 1.658653474707660197e-02
-6.250000000000000000e+00 5.629165124598847214e+00 1.800535468053994156e-02
-5.750000000000000000e+00 6.495190528383284700e+00 1.674425404523858726e-02
-4.750000000000000000e+00 6.495190528383284700e+00 1.805794295745749567e-02
-7.250000000000000000e+00 7.361215932167725740e+00 1.653865928389502624e-02
-6.250000000000000000e+00 7.361215932167725740e+00 1.744127733966493662e-02
-5.750000000000000000e+00 8.227241335952166779e+00 1.669663578089247008e-02
-4.750000000000000000e+00 8.227241335952166779e+00 1.756101631711052408e-02
-7.250000000000000000e+00 9.093266739736600712e+00 1.678147890612192300e-02
-6.250000000000000000e+00 9.093266739736600712e+00 1.710079883396588285e-02
-5.750000000000000000e+00 9.959292143521041751e+00 1.658041916872654217e-02
-4.750000000000000000e+00 9.959292143521041751e+00 1.707032885338630179e-02
-7.250000000000000000e+00 1.082531754730548279e+01 1.677188614928974003e-02
-6.250000000000000000e+00 1.082531754730548279e+01 1.697700057971052862e-02
-5.750000000000000000e+00 1.169134295108992383e+01 1.682201061227117309e-02
-4.750000000000000000e+00 1.169134295108992383e+01 1.696230921509117584e-02
-7.250000000000000000e+00 1.255736835487435776e+01 1.670993243162280373e-02
-6.250000000000000000e+00 1.255736835487435776e+01 1.679416907592654051e-02
-5.750000000000000000e+00 1.342339375865879880e+01 1.718593385030783849e-02
-4.750000000000000000e+00 1.342339375865879880e+01 1.723541927816021196e-02
-7.250000000000000000e+00 1.428941916244323274e+01 1.709966399193528497e-02
-6.250000000000000000e+00 1.428941916244323274e+01 1.711282290386825777e-02
-5.750000000000000000e+00 1.515544456622767377e+01 1.770455278334463756e-02
-4.750000000000000000e+00 1.515544456622767377e+01 1.772382547431188698e-02
-7.250000000000000000e+00 1.602146997001211304e+01 1.904588137157987859e-02
-6.250000000000000000e+00 1.602146997001211304e+01 1.904888625923551251e-02
-5.750000000000000000e+00 1.688749537379655408e+01 1.972144930411847547e-02
-4.750000000000000000e+00 1.688749537379655408e+01 1.972436160642467365e-02
-7.250000000000000000e+00 1.775352077758098801e+01 2.610101142742357605e-02
-6.250000000000000000e+00 1.775352077758098801e+01 2.610220870832410250e-02
-5.750000000000000000e+00 1.861954618136542905e+01 2.530203095651910317e-02
-4.750000000000000000e+00 1.861954618136542905e+01 2.530165389630879141e-02
-7.250000000000000000e+00 1.948557158514986298e+01 3.988427073678617318e-02
-6.250000000000000000e+00 1.948557158514986298e+01 3.988424529385811712e-02
-5.750000000000000000e+00 2.035159698893430402e+01 6.066721616221219804e-02
-4.750000000000000000e+00 2.035159698893430402e+01 6.066689588504435571e-02
-7.250000000000000000e+00 2.121762239271873796e+01 3.852098212937477700e-02
-6.250000000000000000e+00 2.121762239271873796e+01 3.852084205192493616e-02
-5.750000000000000000e+00 2.208364779650317899e+01 1.100253007043385245e-01
-4.750000000000000000e+00 2.208364779650317899e+01 1.100251835460099720e-01
-7.250000000000000000e+00 2.294967320028762003e+01 1.352959437241480767e-01
-6.250000000000000000e+00 2.294967320028762003e+01 1.352958704803422230e-01
-5.750000000000000000e+00 2.381569860407206107e+01 3.608580580251548320e-02
-4.750000000000000000e+00 2.381569860407206107e+01 3.608577964162294066e-02
-7.250000000000000000e+00 2.468172400785649501e+01 2.008712042668255593e-01
-6.250000000000000000e+00 2.468172400785649501e+01 2.008711734244162106e-01
-5.750000000000000000e+00 2.554774941164093605e+01 2.066738232904401507e-01
-4.750000000000000000e+00 2.554774941164093605e+01 2.066737859159228918e-01
-4.250000000000000000e+00 -2.554774941164094315e+01 2.066738331006923446e-01
-3.250000000000000000e+00 -2.554774941164094315e+01 2.066738129980088823e-01
-2.750000000000000000e+00 -2.468172400785650566e+01 2.008711963855522309e-01
-1.750000000000000000e+00 -2.468172400785650566e+01 2.008711974099317843e-01
-4.250000000000000000e+00 -2.381569860407206463e+01 3.608582955041866880e-02
-3.250000000000000000e+00 -2.381569860407206463e+01 3.608581137249498860e-02
-2.750000000000000000e+00 -2.294967320028762714e+01 1.352959310022701922e-01
-1.750000000000000000e+00 -2.294967320028762714e+01 1.352958991905077180e-01
-4.250000000000000000e+00 -2.208364779650318965e+01 1.100253146788373604e-01
-3.250000000000000000e+00 -2.208364779650318965e+01 1.100252534429050078e-01
-2.750000000000000000e+00 -2.121762239271875217e+01 3.852105130152128076e-02
-1.750000000000000000e+00 -2.121762239271875217e+01 3.852093117105070269e-02
-4.250000000000000000e+00 -2.035159698893431113e+01 6.066701176112861138e-02
-3.250000000000000000e+00 -2.035159698893431113e+01 6.066683024889903825e-02
-2.750000000000000000e+00 -1.948557158514987364e+01 3.988477953252834995e-02
-1.750000000000000000e+00 -1.948557158514987364e+01 3.988450921109672892e-02
-4.250000000000000000e+00 -1.861954618136543615e+01 2.530180697892592256e-02
-3.250000000000000000e+00 -1.861954618136543615e+01 2.530179876177516066e-02
-2.750000000000000000e+00 -1.775352077758099512e+01 2.610084564273090768e-02
-1.750000000000000000e+00 -1.775352077758099512e+01 2.610075754373264445e-02
-4.250000000000000000e+00 -1.688749537379655763e+01 1.972574692695559795e-02
-3.250000000000000000e+00 -1.688749537379655763e+01 1.972678275232896128e-02
-2.750000000000000000e+00 -1.602146997001212014e+01 1.903944435357547704e-02
-1.750000000000000000e+00 -1.602146997001212014e+01 1.904376465202809940e-02
-4.250000000000000000e+00 -1.515544456622767733e+01 1.771402942028872662e-02
-3.250000000000000000e+00 -1.515544456622767733e+01 1.771931318065109520e-02
-2.750000000000000000e+00 -1.428941916244323806e+01 1.710069290321288016e-02
-1.750000000000000000e+00 -1.428941916244323806e+01 1.712307517760929682e-02
-4.250000000000000000e+00 -1.342339375865880058e+01 1.715978099196841661e-02
-3.250000000000000000e+00 -1.342339375865880058e+01 1.719752257733161288e-02
-2.750000000000000000e+00 -1.255736835487436132e+01 1.675450059550627480e-02
-1.750000000000000000e+00 -1.255736835487436132e+01 1.682840166181382574e-02
-4.250000000000000000e+00 -1.169134295108992383e+01 1.679231225388264082e-02
-3.250000000000000000e+00 -1.169134295108992383e+01 1.694861210646847124e-02
-2.750000000000000000e+00 -1.082531754730548457e+01 1.670767080808147065e-02
-1.750000000000000000e+00 -1.082531754730548457e+01 1.697190759924374626e-02
-4.250000000000000000e+00 -9.959292143521047080e+00 1.675095857126489285e-02
-3.250000000000000000e+00 -9.959292143521047080e+00 1.709887490484222894e-02
-2.750000000000000000e+00 -9.093266739736607818e+00 1.655718199278107677e-02
-1.750000000000000000e+00 -9.093266739736607818e+00 1.728786963195835108e-02
-4.250000000000000000e+00 -8.227241335952170331e+00 1.669656724348235477e-02
-3.250000000000000000e+00 -8.227241335952170331e+00 1.743946613439276150e-02
-2.750000000000000000e+00 -7.361215932167732845e+00 1.674238954198188981e-02
-1.750000000000000000e+00 -7.361215932167732845e+00 1.800657590368362482e-02
-4.250000000000000000e+00 -6.495190528383291806e+00 1.662094937797416183e-02
-3.250000000000000000e+00 -6.495190528383291806e+00 1.805792591422489962e-02
-2.750000000000000000e+00 -5.629165124598854320e+00 1.719994765795151981e-02
-1.750000000000000000e+00 -5.629165124598854320e+00 1.898201162033181025e-02
-4.250000000000000000e+00 -4.763139720814413280e+00 1.720120785388027512e-02
-3.250000000000000000e+00 -4.763139720814413280e+00 1.842757645076557177e-02
-2.750000000000000000e+00 -3.897114317029975794e+00 2.009565431642280214e-02
-1.750000000000000000e+00 -3.897114317029975794e+00 1.940971518979464280e-02
-4.250000000000000000e+00 -3.031088913245538308e+00 1.678522180193011554e-02
-3.250000000000000000e+00 -3.031088913245538308e+00 1.940969751715495087e-02
-2.750000000000000000e+00 -2.165063509461100821e+00 2.271088834709555915e-02
-1.750000000000000000e+00 -2.165063509461100821e+00 1.550204887359374513e-02
-4.250000000000000000e+00 -1.299038105676659782e+00 1.743978483989866435e-02
-3.250000000000000000e+00 -1.299038105676659782e+00 2.046091029669290517e-02
-2.750000000000000000e+00 -4.330127018922222959e-01 1.812594945790868550e-02
-1.750000000000000000e+00 -4.330127018922222959e-01 1.825846091505640978e-02
-4.250000000000000000e+00 4.330127018922151905e-01 1.935350489679158598e-02
-3.250000000000000000e+00 4.330127018922151905e-01 1.550200430927215628e-02
-2.750000000000000000e+00 1.299038105676652677e+00 1.812593854980797115e-02
-1.750000000000000000e+00 1.299038105676652677e+00 1.825843244976342594e-02
-4.250000000000000000e+00 2.165063509461093716e+00 1.743985993351951369e-02
-3.250000000000000000e+00 2.165063509461093716e+00 2.046100568919664506e-02
-2.750000000000000000e+00 3.031088913245531202e+00 2.271084977579787556e-02
-1.750000000000000000e+00 3.031088913245531202e+00 1.550196255764838514e-02
-4.250000000000000000e+00 3.897114317029972241e+00 1.678522680861634087e-02
-3.250000000000000000e+00 3.897114317029972241e+00 1.940973099031363322e-02
-2.750000000000000000e+00 4.763139720814409728e+00 2.009610975977648220e-02
-1.750000000000000000e+00 4.763139720814409728e+00 1.941027634888764855e-02
-4.250000000000000000e+00 5.629165124598847214e+00 1.719998488193497099e-02
-3.250000000000000000e+00 5.629165124598847214e+00 1.842623235218304734e-02
-2.750000000000000000e+00 6.495190528383284700e+00 1.720281025529126623e-02
-1.750000000000000000e+00 6.495190528383284700e+00 1.898511616749739769e-02
-4.250000000000000000e+00 7.361215932167725740e+00 1.661927921104294423e-02
-3.250000000000000000e+00 7.361215932167725740e+00 1.805612022723303983e-02
-2.750000000000000000e+00 8.227241335952166779e+00 1.674063169393000261e-02
-1.750000000000000000e+00 8.227241335952166779e+00 1.800473436463861238e-02
-4.250000000000000000e+00 9.093266739736600712e+00 1.671695896771648732e-02
-3.250000000000000000e+00 9.093266739736600712e+00 1.746004691075106821e-02
-2.750000000000000000e+00 9.959292143521041751e+00 1.652670292985062434e-02
-1.750000000000000000e+00 9.959292143521041751e+00 1.725740584221753526e-02
-4.250000000000000000e+00 1.082531754730548279e+01 1.679954140930510487e-02
-3.250000000000000000e+00 1.082531754730548279e+01 1.714739363327281996e-02
-2.750000000000000000e+00 1.169134295108992383e+01 1.675744086460801557e-02
-1.750000000000000000e+00 1.169134295108992383e+01 1.702205732175837011e-02
-4.250000000000000000e+00 1.255736835487435776e+01 1.668953343604812761e-02
-3.250000000000000000e+00 1.255736835487435776e+01 1.684560443219821485e-02
-2.750000000000000000e+00 1.342339375865879880e+01 1.718593319929770380e-02
-1.750000000000000000e+00 1.342339375865879880e+01 1.725978807267625204e-02
-4.250000000000000000e+00 1.428941916244323274e+01 1.708024419170503516e-02
-3.250000000000000000e+00 1.428941916244323274e+01 1.711823363435303891e-02
-2.750000000000000000e+00 1.515544456622767377e+01 1.770852878980042761e-02
-1.750000000000000000e+00 1.515544456622767377e+01 1.773094567501964924e-02
-4.250000000000000000e+00 1.602146997001211304e+01 1.904447698260929717e-02
-3.250000000000000000e+00 1.602146997001211304e+01 1.904980302784219787e-02
-2.750000000000000000e+00 1.688749537379655408e+01 1.971957007962142974e-02
-1.750000000000000000e+00 1.688749537379655408e+01 1.972419910062896131e-02
-4.250000000000000000e+00 1.775352077758098801e+01 2.610178209594400320e-02
-3.250000000000000000e+00 1.775352077758098801e+01 2.610267386571158560e-02
-2.750000000000000000e+00 1.861954618136542905e+01 2.530113436185141632e-02
-1.750000000000000000e+00 1.861954618136542905e+01 2.530104358313398777e-02
-4.250000000000000000e+00 1.948557158514986298e+01 3.988408952473276869e-02
-3.250000000000000000e+00 1.948557158514986298e+01 3.988415645888496175e-02
-2.750000000000000000e+00 2.035159698893430402e+01 6.066718372470419895e-02
-1.750000000000000000e+00 2.035159698893430402e+01 6.066685449759551263e-02
-4.250000000000000000e+00 2.121762239271873796e+01 3.852082161698464763e-02
-3.250000000000000000e+00 2.121762239271873796e+01 3.852066654139527091e-02
-2.750000000000000000e+00 2.208364779650317899e+01 1.100253189255469555e-01
-1.750000000000000000e+00 2.208364779650317899e+01 1.100252545731139203e-01
-4.250000000000000000e+00 2.294967320028762003e+01 1.352959229183750556e-01
-3.250000000000000000e+00 2.294967320028762003e+01 1.352957774745938979e-01
-2.750000000000000000e+00 2.381569860407206107e+01 3.608581010840635622e-02
-1.750000000000000000e+00 2.381569860407206107e+01 3.608577956903726014e-02
-4.250000000000000000e+00 2.468172400785649501e+01 2.008712050574669727e-01
-3.250000000000000000e+00 2.468172400785649501e+01 2.008711553970564945e-01
-2.750000000000000000e+00 2.554774941164093605e+01 2.066738303030058177e-01
-1.750000000000000000e+00 2.554774941164093605e+01 2.066737783158811292e-01
-1.250000000000000000e+00 -2.554774941164094315e+01 2.066738327306125722e-01
-2.500000000000000000e-01 -2.554774941164094315e+01 2.066738297867037888e-01
2.500000000000000000e-01 -2.468172400785650566e+01 2.008711983483149055e-01
1.250000000000000000e+00 -2.468172400785650566e+01 2.008711921164221814e-01
-1.250000000000000000e+00 -2.381569860407206463e+01 3.608582814718365450e-02
-2.500000000000000000e-01 -2.381569860407206463e+01 3.608580789963578006e-02
2.500000000000000000e-01 -2.294967320028762714e+01 1.352959344249392015e-01
1.250000000000000000e+00 -2.294967320028762714e+01 1.352958896306029335e-01
-1.250000000000000000e+00 -2.208364779650318965e+01 1.100252838865005828e-01
-2.500000000000000000e-01 -2.208364779650318965e+01 1.100252349799609869e-01
2.500000000000000000e-01 -2.121762239271875217e+01 3.852105893275459964e-02
1.250000000000000000e+00 -2.121762239271875217e+01 3.852089389471038267e-02
-1.250000000000000000e+00 -2.035159698893431113e+01 6.066695452432645935e-02
-2.500000000000000000e-01 -2.035159698893431113e+01 6.066679086946386718e-02
2.500000000000000000e-01 -1.948557158514987364e+01 3.988472405229208373e-02
1.250000000000000000e+00 -1.948557158514987364e+01 3.988441999477604361e-02
-1.250000000000000000e+00 -1.861954618136543615e+01 2.530200506501679991e-02
-2.500000000000000000e-01 -1.861954618136543615e+01 2.530171688208548986e-02
2.500000000000000000e-01 -1.775352077758099512e+01 2.610063457304815857e-02
1.250000000000000000e+00 -1.775352077758099512e+01 2.610070724419510241e-02
-1.250000000000000000e+00 -1.688749537379655763e+01 1.972619932162166662e-02
-2.500000000000000000e-01 -1.688749537379655763e+01 1.972688202068715452e-02
2.500000000000000000e-01 -1.602146997001212014e+01 1.904058177122625733e-02
1.250000000000000000e+00 -1.602146997001212014e+01 1.904373172197830477e-02
-1.250000000000000000e+00 -1.515544456622767733e+01 1.771071570512416926e-02
-2.500000000000000000e-01 -1.515544456622767733e+01 1.771946715760208679e-02
2.500000000000000000e-01 -1.428941916244323806e+01 1.710494331174654270e-02
1.250000000000000000e+00 -1.428941916244323806e+01 1.712298034076421144e-02
-1.250000000000000000e+00 -1.342339375865880058e+01 1.715180390210364197e-02
-2.500000000000000000e-01 -1.342339375865880058e+01 1.720018811853959648e-02
2.500000000000000000e-01 -1.255736835487436132e+01 1.674704824711162332e-02
1.250000000000000000e+00 -1.255736835487436132e+01 1.682841837007675867e-02
-1.250000000000000000e+00 -1.169134295108992383e+01 1.681201114174907252e-02
-2.500000000000000000e-01 -1.169134295108992383e+01 1.697522742281924041e-02
2.500000000000000000e-01 -1.082531754730548457e+01 1.669496453633416769e-02
1.250000000000000000e+00 -1.082531754730548457e+01 1.697196398236770765e-02
-1.250000000000000000e+00 -9.959292143521047080e+00 1.676763053435177675e-02
-2.500000000000000000e-01 -9.959292143521047080e+00 1.718681355559229310e-02
2.500000000000000000e-01 -9.093266739736607818e+00 1.664456116174610131e-02
1.250000000000000000e+00 -9.093266739736607818e+00 1.728783566540268574e-02
-1.250000000000000000e+00 -8.227241335952170331e+00 1.658607148285444477e-02
-2.500000000000000000e-01 -8.227241335952170331e+00 1.762495955650746071e-02
2.500000000000000000e-01 -7.361215932167732845e+00 1.681134305357040101e-02
1.250000000000000000e+00 -7.361215932167732845e+00 1.800658105156944730e-02
-1.250000000000000000e+00 -6.495190528383291806e+00 1.647011470548138609e-02
-2.500000000000000000e-01 -6.495190528383291806e+00 1.831720418714897006e-02
2.500000000000000000e-01 -5.629165124598854320e+00 1.701104165627072284e-02
1.250000000000000000e+00 -5.629165124598854320e+00 1.898204346551736824e-02
-1.250000000000000000e+00 -4.763139720814413280e+00 1.678577945621806400e-02
-2.500000000000000000e-01 -4.763139720814413280e+00 1.868156129723410816e-02
2.500000000000000000e-01 -3.897114317029975794e+00 1.743984216770777529e-02
1.250000000000000000e+00 -3.897114317029975794e+00 1.940972155814903524e-02
-1.250000000000000000e+00 -3.031088913245538308e+00 2.271087881353582930e-02
-2.500000000000000000e-01 -3.031088913245538308e+00 2.046091490134883950e-02
2.500000000000000000e-01 -2.165063509461100821e+00 1.812599983553854141e-02
1.250000000000000000e+00 -2.165063509461100821e+00 1.550205122592318401e-02
-1.250000000000000000e+00 -1.299038105676659782e+00 4.737176863926667592e-02
-2.500000000000000000e-01 -1.299038105676659782e+00 1.825843445153457756e-02
2.500000000000000000e-01 -4.330127018922222959e-01 6.602520876360302993e-02
1.250000000000000000e+00 -4.330127018922222959e-01 1.825846091505638202e-02
-1.250000000000000000e+00 4.330127018922151905e-01 6.602520807640317735e-02
-2.500000000000000000e-01 4.330127018922151905e-01 4.657705300581772780e-07
2.500000000000000000e-01 1.299038105676652677e+00 6.602526167778130506e-02
1.250000000000000000e+00 1.299038105676652677e+00 1.825843308872681162e-02
-1.250000000000000000e+00 2.165063509461093716e+00 4.737174018053845470e-02
-2.500000000000000000e-01 2.165063509461093716e+00 1.825849458740671713e-02
2.500000000000000000e-01 3.031088913245531202e+00 1.812595163259614339e-02
1.250000000000000000e+00 3.031088913245531202e+00 1.550196295427236880e-02
-1.250000000000000000e+00 3.897114317029972241e+00 2.271079809109096542e-02
-2.500000000000000000e-01 3.897114317029972241e+00 2.046093266990226672e-02
2.500000000000000000e-01 4.763139720814409728e+00 1.744028823964018440e-02
1.250000000000000000e+00 4.763139720814409728e+00 1.941023454399645742e-02
-1.250000000000000000e+00 5.629165124598847214e+00 1.678442149312201620e-02
-2.500000000000000000e-01 5.629165124598847214e+00 1.868020485649067586e-02
2.500000000000000000e-01 6.495190528383284700e+00 1.701406094018496559e-02
1.250000000000000000e+00 6.495190528383284700e+00 1.898502943687642094e-02
-1.250000000000000000e+00 7.361215932167725740e+00 1.646806119030926052e-02
-2.500000000000000000e-01 7.361215932167725740e+00 1.831537033075254089e-02
2.500000000000000000e-01 8.227241335952166779e+00 1.680956400592503730e-02
1.250000000000000000e+00 8.227241335952166779e+00 1.800474787622743933e-02
-1.250000000000000000e+00 9.093266739736600712e+00 1.660621701839809505e-02
-2.500000000000000000e-01 9.093266739736600712e+00 1.764537237504806497e-02
2.500000000000000000e-01 9.959292143521041751e+00 1.661387580715940199e-02
1.250000000000000000e+00 9.959292143521041751e+00 1.725740285285839309e-02
-1.250000000000000000e+00 1.082531754730548279e+01 1.681612510697989837e-02
-2.500000000000000000e-01 1.082531754730548279e+01 1.723521467089990725e-02
2.500000000000000000e-01 1.169134295108992383e+01 1.674486183315383736e-02
1.250000000000000000e+00 1.169134295108992383e+01 1.702187131416754012e-02
-1.250000000000000000e+00 1.255736835487435776e+01 1.670895571869454588e-02
-2.500000000000000000e-01 1.255736835487435776e+01 1.687236565975032410e-02
2.500000000000000000e-01 1.342339375865879880e+01 1.717856201334114208e-02
1.250000000000000000e+00 1.342339375865879880e+01 1.725975682232585434e-02
-1.250000000000000000e+00 1.428941916244323274e+01 1.707220273036203287e-02
-2.500000000000000000e-01 1.428941916244323274e+01 1.712083980725994520e-02
2.500000000000000000e-01 1.515544456622767377e+01 1.771277583778992082e-02
1.250000000000000000e+00 1.515544456622767377e+01 1.773091979791612677e-02
-1.250000000000000000e+00 1.602146997001211304e+01 1.904124583414622263e-02
-2.500000000000000000e-01 1.602146997001211304e+01 1.904990349095377761e-02
2.500000000000000000e-01 1.688749537379655408e+01 1.972087478887944723e-02
1.250000000000000000e+00 1.688749537379655408e+01 1.972397686075896481e-02
-1.250000000000000000e+00 1.775352077758098801e+01 2.610221702770119598e-02
-2.500000000000000000e-01 1.775352077758098801e+01 2.610299531065027323e-02
2.500000000000000000e-01 1.861954618136542905e+01 2.530099212174700962e-02
1.250000000000000000e+00 1.861954618136542905e+01 2.530095976335071384e-02
-1.250000000000000000e+00 1.948557158514986298e+01 3.988430977181754711e-02
-2.500000000000000000e-01 1.948557158514986298e+01 3.988415943372897177e-02
2.500000000000000000e-01 2.035159698893430402e+01 6.066710316519979829e-02
1.250000000000000000e+00 2.035159698893430402e+01 6.066686732889539635e-02
-1.250000000000000000e+00 2.121762239271873796e+01 3.852082280327308317e-02
-2.500000000000000000e-01 2.121762239271873796e+01 3.852062790496042777e-02
2.500000000000000000e-01 2.208364779650317899e+01 1.100253343991970112e-01
1.250000000000000000e+00 2.208364779650317899e+01 1.100252201292061804e-01
-1.250000000000000000e+00 2.294967320028762003e+01 1.352959096151494511e-01
-2.500000000000000000e-01 2.294967320028762003e+01 1.352958445796431652e-01
2.500000000000000000e-01 2.381569860407206107e+01 3.608581806925588442e-02
1.250000000000000000e+00 2.381569860407206107e+01 3.608577403472511269e-02
-1.250000000000000000e+00 2.468172400785649501e+01 2.008711998094431794e-01
-2.500000000000000000e-01 2.468172400785649501e+01 2.008712002432019583e-01
2.500000000000000000e-01 2.554774941164093605e+01 2.066738154736429967e-01
1.250000000000000000e+00 2.554774941164093605e+01 2.066738211634780997e-01
1.750000000000000000e+00 -2.554774941164094315e+01 2.066738332024404545e-01
2.750000000000000000e+00 -2.554774941164094315e+01 2.066738190797285379e-01
3.250000000000000000e+00 -2.468172400785650566e+01 2.008712034716834127e-01
4.250000000000000000e+00 -2.468172400785650566e+01 2.008711871504189617e-01
1.750000000000000000e+00 -2.381569860407206463e+01 3.608582928979197496e-02
2.750000000000000000e+00 -2.381569860407206463e+01 3.608579799097015595e-02
3.250000000000000000e+00 -2.294967320028762714e+01 1.352959448064813552e-01
4.250000000000000000e+00 -2.294967320028762714e+01 1.352958929000586397e-01
1.750000000000000000e+00 -2.208364779650318965e+01 1.100253078640822113e-01
2.750000000000000000e+00 -2.208364779650318965e+01 1.100252164491731660e-01
3.250000000000000000e+00 -2.121762239271875217e+01 3.852105830713980356e-02
4.250000000000000000e+00 -2.121762239271875217e+01 3.852094877054289268e-02
1.750000000000000000e+00 -2.035159698893431113e+01 6.066702694801458934e-02
2.750000000000000000e+00 -2.035159698893431113e+01 6.066682078207262518e-02
3.250000000000000000e+00 -1.948557158514987364e+01 3.988477055801060295e-02
4.250000000000000000e+00 -1.948557158514987364e+01 3.988462426746206685e-02
1.750000000000000000e+00 -1.861954618136543615e+01 2.530216775155936376e-02
2.750000000000000000e+00 -1.861954618136543615e+01 2.530177658186563705e-02
3.250000000000000000e+00 -1.775352077758099512e+01 2.610118658526454360e-02
4.250000000000000000e+00 -1.775352077758099512e+01 2.610141774871022058e-02
1.750000000000000000e+00 -1.688749537379655763e+01 1.972620643923552602e-02
2.750000000000000000e+00 -1.688749537379655763e+01 1.972670504884714571e-02
3.250000000000000000e+00 -1.602146997001212014e+01 1.904256350468615938e-02
4.250000000000000000e+00 -1.602146997001212014e+01 1.904416295504468559e-02
1.750000000000000000e+00 -1.515544456622767733e+01 1.771064151026795208e-02
2.750000000000000000e+00 -1.515544456622767733e+01 1.771937314447899828e-02
3.250000000000000000e+00 -1.428941916244323806e+01 1.710637097045661359e-02
4.250000000000000000e+00 -1.428941916244323806e+01 1.711605827841165134e-02
1.750000000000000000e+00 -1.342339375865880058e+01 1.716066828050861678e-02
2.750000000000000000e+00 -1.342339375865880058e+01 1.719759831328741828e-02
3.250000000000000000e+00 -1.255736835487436132e+01 1.674688399790708049e-02
4.250000000000000000e+00 -1.255736835487436132e+01 1.680390211526783945e-02
1.750000000000000000e+00 -1.169134295108992383e+01 1.683718078820969216e-02
2.750000000000000000e+00 -1.169134295108992383e+01 1.694853292065679612e-02
3.250000000000000000e+00 -1.082531754730548457e+01 1.673459435155012776e-02
4.250000000000000000e+00 -1.082531754730548457e+01 1.691220901951244471e-02
1.750000000000000000e+00 -9.959292143521047080e+00 1.675078942242809454e-02
2.750000000000000000e+00 -9.959292143521047080e+00 1.709889273314836242e-02
3.250000000000000000e+00 -9.093266739736607818e+00 1.673718309571702034e-02
4.250000000000000000e+00 -9.093266739736607818e+00 1.710078213765673510e-02
1.750000000000000000e+00 -8.227241335952170331e+00 1.656671467624858118e-02
2.750000000000000000e+00 -8.227241335952170331e+00 1.743952597904737181e-02
3.250000000000000000e+00 -7.361215932167732845e+00 1.674622370626233092e-02
4.250000000000000000e+00 -7.361215932167732845e+00 1.756277415173054107e-02
1.750000000000000000e+00 -6.495190528383291806e+00 1.662674185609459496e-02
2.750000000000000000e+00 -6.495190528383291806e+00 1.805791093764129440e-02
3.250000000000000000e+00 -5.629165124598854320e+00 1.665288746912405027e-02
4.250000000000000000e+00 -5.629165124598854320e+00 1.805487448466696135e-02
1.750000000000000000e+00 -4.763139720814413280e+00 1.691822318276547596e-02
2.750000000000000000e+00 -4.763139720814413280e+00 1.842757647758467079e-02
3.250000000000000000e+00 -3.897114317029975794e+00 1.691769361477219943e-02
4.250000000000000000e+00 -3.897114317029975794e+00 1.898283199121543127e-02
1.750000000000000000e+00 -3.031088913245538308e+00 1.935343524828433276e-02
2.750000000000000000e+00 -3.031088913245538308e+00 1.940971431440038225e-02
3.250000000000000000e+00 -2.165063509461100821e+00 1.743986245981227895e-02
4.250000000000000000e+00 -2.165063509461100821e+00 1.868108442156722268e-02
1.750000000000000000e+00 -1.299038105676659782e+00 1.812592463177566462e-02
2.750000000000000000e+00 -1.299038105676659782e+00 2.046091714482767623e-02
3.250000000000000000e+00 -4.330127018922222959e-01 2.271085035322526618e-02
4.250000000000000000e+00 -4.330127018922222959e-01 1.940973720023366628e-02
1.750000000000000000e+00 4.330127018922151905e-01 4.737175838115561394e-02
2.750000000000000000e+00 4.330127018922151905e-01 1.550200430927229853e-02
3.250000000000000000e+00 1.299038105676652677e+00 2.271084897595875007e-02
4.250000000000000000e+00 1.299038105676652677e+00 1.940970070325803709e-02
1.750000000000000000e+00 2.165063509461093716e+00 1.812602371262952983e-02
2.750000000000000000e+00 2.165063509461093716e+00 2.046098846566053037e-02
3.250000000000000000e+00 3.031088913245531202e+00 1.743976695233442203e-02
4.250000000000000000e+00 3.031088913245531202e+00 1.868100788178734400e-02
1.750000000000000000e+00 3.897114317029972241e+00 1.935357799781224630e-02
2.750000000000000000e+00 3.897114317029972241e+00 1.940969807705038297e-02
3.250000000000000000e+00 4.763139720814409728e+00 1.691828162483836190e-02
4.250000000000000000e+00 4.763139720814409728e+00 1.898336014268690516e-02
1.750000000000000000e+00 5.629165124598847214e+00 1.691694110786664401e-02
2.750000000000000000e+00 5.629165124598847214e+00 1.842622854229798365e-02
3.250000000000000000e+00 6.495190528383284700e+00 1.665613941834594158e-02
4.250000000000000000e+00 6.495190528383284700e+00 1.805788522282939304e-02
1.750000000000000000e+00 7.361215932167725740e+00 1.662484871832555638e-02
2.750000000000000000e+00 7.361215932167725740e+00 1.805604823158341032e-02
3.250000000000000000e+00 8.227241335952166779e+00 1.674449433606479964e-02
4.250000000000000000e+00 8.227241335952166779e+00 1.756100606563006095e-02
1.750000000000000000e+00 9.093266739736600712e+00 1.658728403270662288e-02
2.750000000000000000e+00 9.093266739736600712e+00 1.745982866351153406e-02
3.250000000000000000e+00 9.959292143521041751e+00 1.670671795101097423e-02
4.250000000000000000e+00 9.959292143521041751e+00 1.707028816889986228e-02
1.750000000000000000e+00 1.082531754730548279e+01 1.679940722977058681e-02
2.750000000000000000e+00 1.082531754730548279e+01 1.714739193326090400e-02
3.250000000000000000e+00 1.169134295108992383e+01 1.678481447424973183e-02
4.250000000000000000e+00 1.169134295108992383e+01 1.696210108028828323e-02
1.750000000000000000e+00 1.255736835487435776e+01 1.673416728918059038e-02
2.750000000000000000e+00 1.255736835487435776e+01 1.684563983502253282e-02
3.250000000000000000e+00 1.342339375865879880e+01 1.717845830211318925e-02
4.250000000000000000e+00 1.342339375865879880e+01 1.723542552593439192e-02
1.750000000000000000e+00 1.428941916244323274e+01 1.708126624526264820e-02
2.750000000000000000e+00 1.428941916244323274e+01 1.711796205954154576e-02
3.250000000000000000e+00 1.515544456622767377e+01 1.771423092523703724e-02
4.250000000000000000e+00 1.515544456622767377e+01 1.772397997216092896e-02
1.750000000000000000e+00 1.602146997001211304e+01 1.904117722306037166e-02
2.750000000000000000e+00 1.602146997001211304e+01 1.904973827904166139e-02
3.250000000000000000e+00 1.688749537379655408e+01 1.972283730263084400e-02
4.250000000000000000e+00 1.688749537379655408e+01 1.972431241728654638e-02
1.750000000000000000e+00 1.775352077758098801e+01 2.610221768275873544e-02
2.750000000000000000e+00 1.775352077758098801e+01 2.610271898710168209e-02
3.250000000000000000e+00 1.861954618136542905e+01 2.530147681735238352e-02
4.250000000000000000e+00 1.861954618136542905e+01 2.530165440220503992e-02
1.750000000000000000e+00 1.948557158514986298e+01 3.988451297224791803e-02
2.750000000000000000e+00 1.948557158514986298e+01 3.988403187448474885e-02
3.250000000000000000e+00 2.035159698893430402e+01 6.066714239816821397e-02
4.250000000000000000e+00 2.035159698893430402e+01 6.066698510061399596e-02
1.750000000000000000e+00 2.121762239271873796e+01 3.852085819967982633e-02
2.750000000000000000e+00 2.121762239271873796e+01 3.852061438792406950e-02
3.250000000000000000e+00 2.208364779650317899e+01 1.100253318750662873e-01
4.250000000000000000e+00 2.208364779650317899e+01 1.100252028352345923e-01
1.750000000000000000e+00 2.294967320028762003e+01 1.352958867590102754e-01
2.750000000000000000e+00 2.294967320028762003e+01 1.352958287539205995e-01
3.250000000000000000e+00 2.381569860407206107e+01 3.608581438519278817e-02
4.250000000000000000e+00 2.381569860407206107e+01 3.608576209753045633e-02
1.750000000000000000e+00 2.468172400785649501e+01 2.008711911057425581e-01
2.750000000000000000e+00 2.468172400785649501e+01 2.008711834325497825e-01
3.250000000000000000e+00 2.554774941164093605e+01 2.066738184057080596e-01
4.250000000000000000e+00 2.554774941164093605e+01 2.066737934444093094e-01
4.750000000000000000e+00 -2.554774941164094315e+01 2.066738338339551007e-01
5.750000000000000000e+00 -2.554774941164094315e+01 2.066738193395143419e-01
6.250000000000000000e+00 -2.468172400785650566e+01 2.008711994020632718e-01
7.250000000000000000e+00 -2.468172400785650566e+01 2.008712047442050286e-01
4.750000000000000000e+00 -2.381569860407206463e+01 3.608582884612333841e-02
5.750000000000000000e+00 -2.381569860407206463e+01 3.608581643306385534e-02
6.250000000000000000e+00 -2.294967320028762714e+01 1.352959396229462818e-01
7.250000000000000000e+00 -2.294967320028762714e+01 1.352959355270537400e-01
4.750000000000000000e+00 -2.208364779650318965e+01 1.100253172212259795e-01
5.750000000000000000e+00 -2.208364779650318965e+01 1.100253019450581626e-01
6.250000000000000000e+00 -2.121762239271875217e+01 3.852105394909444147e-02
7.250000000000000000e+00 -2.121762239271875217e+01 3.852098936451441719e-02
4.750000000000000000e+00 -2.035159698893431113e+01 6.066710216797700783e-02
5.750000000000000000e+00 -2.035159698893431113e+01 6.066703552596813126e-02
6.250000000000000000e+00 -1.948557158514987364e+01 3.988481325455020543e-02
7.250000000000000000e+00 -1.948557158514987364e+01 3.988470358086840251e-02
4.750000000000000000e+00 -1.861954618136543615e+01 2.530227039263492975e-02
5.750000000000000000e+00 -1.861954618136543615e+01 2.530200433386201042e-02
6.250000000000000000e+00 -1.775352077758099512e+01 2.610177888378890226e-02
7.250000000000000000e+00 -1.775352077758099512e+01 2.610195280608103990e-02
4.750000000000000000e+00 -1.688749537379655763e+01 1.972617433938997356e-02
5.750000000000000000e+00 -1.688749537379655763e+01 1.972624706638703707e-02
6.250000000000000000e+00 -1.602146997001212014e+01 1.904420175375085011e-02
7.250000000000000000e+00 -1.602146997001212014e+01 1.904487192483023811e-02
4.750000000000000000e+00 -1.515544456622767733e+01 1.771296121126176432e-02
5.750000000000000000e+00 -1.515544456622767733e+01 1.771829808501867998e-02
6.250000000000000000e+00 -1.428941916244323806e+01 1.710669402909106851e-02
7.250000000000000000e+00 -1.428941916244323806e+01 1.710895248752455911e-02
4.750000000000000000e+00 -1.342339375865880058e+01 1.717315878807277457e-02
5.750000000000000000e+00 -1.342339375865880058e+01 1.719225657145969158e-02
6.250000000000000000e+00 -1.255736835487436132e+01 1.675145263574939758e-02
7.250000000000000000e+00 -1.255736835487436132e+01 1.677477946861269387e-02
4.750000000000000000e+00 -1.169134295108992383e+01 1.684982968104054707e-02
5.750000000000000000e+00 -1.169134295108992383e+01 1.689711513627073156e-02
6.250000000000000000e+00 -1.082531754730548457e+01 1.677308018761733410e-02
7.250000000000000000e+00 -1.082531754730548457e+01 1.684707529279216853e-02
4.750000000000000000e+00 -9.959292143521047080e+00 1.674345941680777106e-02
5.750000000000000000e+00 -9.959292143521047080e+00 1.692837479058004885e-02
6.250000000000000000e+00 -9.093266739736607818e+00 1.677393674640814680e-02
7.250000000000000000e+00 -9.093266739736607818e+00 1.689413143248690366e-02
4.750000000000000000e+00 -8.227241335952170331e+00 1.663241973038211141e-02
5.750000000000000000e+00 -8.227241335952170331e+00 1.708035484027640646e-02
6.250000000000000000e+00 -7.361215932167732845e+00 1.671853964574149254e-02
7.250000000000000000e+00 -7.361215932167732845e+00 1.711071735910997538e-02
4.750000000000000000e+00 -6.495190528383291806e+00 1.674807618769744155e-02
5.750000000000000000e+00 -6.495190528383291806e+00 1.744314627370516929e-02
6.250000000000000000e+00 -5.629165124598854320e+00 1.656730285054969221e-02
7.250000000000000000e+00 -5.629165124598854320e+00 1.726799845932388069e-02
4.750000000000000000e+00 -4.763139720814413280e+00 1.662500486109645681e-02
5.750000000000000000e+00 -4.763139720814413280e+00 1.800669605918760879e-02
6.250000000000000000e+00 -3.897114317029975794e+00 1.681092885624191346e-02
7.250000000000000000e+00 -3.897114317029975794e+00 1.762635536094981845e-02
4.750000000000000000e+00 -3.031088913245538308e+00 1.701178290329932730e-02
5.750000000000000000e+00 -3.031088913245538308e+00 1.831494694181453123e-02
6.250000000000000000e+00 -2.165063509461100821e+00 1.646790558947713867e-02
7.250000000000000000e+00 -2.165063509461100821e+00 1.800622432984075316e-02
4.750000000000000000e+00 -1.299038105676659782e+00 1.678521781675827024e-02
5.750000000000000000e+00 -1.299038105676659782e+00 1.898281311596258097e-02
6.250000000000000000e+00 -4.330127018922222959e-01 1.720073740284244063e-02
7.250000000000000000e+00 -4.330127018922222959e-01 1.805568501383075439e-02
4.750000000000000000e+00 4.330127018922151905e-01 2.009566715663226033e-02
5.750000000000000000e+00 4.330127018922151905e-01 1.842704836453244732e-02
6.250000000000000000e+00 1.299038105676652677e+00 1.720066582547669087e-02
7.250000000000000000e+00 1.299038105676652677e+00 1.805565341234305343e-02
4.750000000000000000e+00 2.165063509461093716e+00 1.678530018528430479e-02
5.750000000000000000e+00 2.165063509461093716e+00 1.898289952810118530e-02
6.250000000000000000e+00 3.031088913245531202e+00 1.646777445089342429e-02
7.250000000000000000e+00 3.031088913245531202e+00 1.800614262284662426e-02
4.750000000000000000e+00 3.897114317029972241e+00 1.701180520998761547e-02
5.750000000000000000e+00 3.897114317029972241e+00 1.831496921319050383e-02
6.250000000000000000e+00 4.763139720814409728e+00 1.681148484158562217e-02
7.250000000000000000e+00 4.763139720814409728e+00 1.762690833994264017e-02
4.750000000000000000e+00 5.629165124598847214e+00 1.662361487889020550e-02
5.750000000000000000e+00 5.629165124598847214e+00 1.800536136126046349e-02
6.250000000000000000e+00 6.495190528383284700e+00 1.657034360781639570e-02
7.250000000000000000e+00 6.495190528383284700e+00 1.727109649686005277e-02
4.750000000000000000e+00 7.361215932167725740e+00 1.674630577075023052e-02
5.750000000000000000e+00 7.361215932167725740e+00 1.744128820889694065e-02
6.250000000000000000e+00 8.227241335952166779e+00 1.671668216179003630e-02
7.250000000000000000e+00 8.227241335952166779e+00 1.710894016163839668e-02
4.750000000000000000e+00 9.093266739736600712e+00 1.665304016432214013e-02
5.750000000000000000e+00 9.093266739736600712e+00 1.710080987936359737e-02
6.250000000000000000e+00 9.959292143521041751e+00 1.674351771785139581e-02
7.250000000000000000e+00 9.959292143521041751e+00 1.686362008837657966e-02
4.750000000000000000e+00 1.082531754730548279e+01 1.679201694649943427e-02
5.750000000000000000e+00 1.082531754730548279e+01 1.697700521900077919e-02
6.250000000000000000e+00 1.169134295108992383e+01 1.682317512973751511e-02
7.250000000000000000e+00 1.169134295108992383e+01 1.689715519258472298e-02
4.750000000000000000e+00 1.255736835487435776e+01 1.674692114907670379e-02
5.750000000000000000e+00 1.255736835487435776e+01 1.679418324231726767e-02
6.250000000000000000e+00 1.342339375865879880e+01 1.718293393406544745e-02
7.250000000000000000e+00 1.342339375865879880e+01 1.720636499899581839e-02
4.750000000000000000e+00 1.428941916244323274e+01 1.709381368034088716e-02
5.750000000000000000e+00 1.428941916244323274e+01 1.711277789081181236e-02
6.250000000000000000e+00 1.515544456622767377e+01 1.771456952075706193e-02
7.250000000000000000e+00 1.515544456622767377e+01 1.771680032997727250e-02
4.750000000000000000e+00 1.602146997001211304e+01 1.904351427433362623e-02
5.750000000000000000e+00 1.602146997001211304e+01 1.904891585556575326e-02
6.250000000000000000e+00 1.688749537379655408e+01 1.972447508060364008e-02
7.250000000000000000e+00 1.688749537379655408e+01 1.972511653536903470e-02
4.750000000000000000e+00 1.775352077758098801e+01 2.610219770238075832e-02
5.750000000000000000e+00 1.775352077758098801e+01 2.610235722587547769e-02
6.250000000000000000e+00 1.861954618136542905e+01 2.530211770935256177e-02
7.250000000000000000e+00 1.861954618136542905e+01 2.530233904300475262e-02
4.750000000000000000e+00 1.948557158514986298e+01 3.988456654467468360e-02
5.750000000000000000e+00 1.948557158514986298e+01 3.988432381613439548e-02
6.250000000000000000e+00 2.035159698893430402e+01 6.066721416670321776e-02
7.250000000000000000e+00 2.035159698893430402e+01 6.066716586501819802e-02
4.750000000000000000e+00 2.121762239271873796e+01 3.852093125745682106e-02
5.750000000000000000e+00 2.121762239271873796e+01 3.852085091558597740e-02
6.250000000000000000e+00 2.208364779650317899e+01 1.100253215031824494e-01
7.250000000000000000e+00 2.208364779650317899e+01 1.100252946268532594e-01
4.750000000000000000e+00 2.294967320028762003e+01 1.352959322091933370e-01
5.750000000000000000e+00 2.294967320028762003e+01 1.352958865420432755e-01
6.250000000000000000e+00 2.381569860407206107e+01 3.608582036571521268e-02
7.250000000000000000e+00 2.381569860407206107e+01 3.608580697753557137e-02
4.750000000000000000e+00 2.468172400785649501e+01 2.008712033522020990e-01
5.750000000000000000e+00 2.468172400785649501e+01 2.008711869421715701e-01
6.250000000000000000e+00 2.554774941164093605e+01 2.066738350753055953e-01
7.250000000000000000e+00 2.554774941164093605e+01 2.066738145374715230e-01
