-7.250000000000000000e+00 -2.554774941164094315e+01 1.604563938915007371e-01
-6.250000000000000000e+00 -2.554774941164094315e+01 1.604564426940193467e-01
-5.750000000000000000e+00 -2.468172400785650566e+01 1.620220661937834539e-01
-4.750000000000000000e+00 -2.468172400785650566e+01 1.620222114650014533e-01
-7.250000000000000000e+00 -2.381569860407206463e+01 4.622041309219489941e-02
-6.250000000000000000e+00 -2.381569860407206463e+01 4.622058380502852559e-02
-5.750000000000000000e+00 -2.294967320028762714e+01 1.553480264416855217e-01
-4.750000000000000000e+00 -2.294967320028762714e+01 1.553487055359225044e-01
-7.250000000000000000e+00 -2.208364779650318965e+01 1.448409899685385582e-01
-6.250000000000000000e+00 -2.208364779650318965e+01 1.448419515044555295e-01
-5.750000000000000000e+00 -2.121762239271875217e+01 6.922770115551005188e-02
-4.750000000000000000e+00 -2.121762239271875217e+01 6.923038122980823550e-02
-7.250000000000000000e+00 -2.035159698893431113e+01 1.021483627119798704e-01
-6.250000000000000000e+00 -2.035159698893431113e+01 1.021524450584325033e-01
-5.750000000000000000e+00 -1.948557158514987364e+01 8.120276437897883115e-02
-4.750000000000000000e+00 -1.948557158514987364e+01 8.121387143171639178e-02
-7.250000000000000000e+00 -1.861954618136543615e+01 4.734936187162053223e-02
-6.250000000000000000e+00 -1.861954618136543615e+01 4.736444549159964101e-02
-5.750000000000000000e+00 -1.775352077758099512e+01 4.945526826161850131e-02
-4.750000000000000000e+00 -1.775352077758099512e+01 4.949692893034296493e-02
-7.250000000000000000e+00 -1.688749537379655763e+01 3.707897445686845345e-02
-6.250000000000000000e+00 -1.688749537379655763e+01 3.713246584908894143e-02
-5.750000000000000000e+00 -1.602146997001212014e+01 2.858463644394282355e-02
-4.750000000000000000e+00 -1.602146997001212014e+01 2.872045075323282140e-02
-7.250000000000000000e+00 -1.515544456622767733e+01 2.728099643196041368e-02
-6.250000000000000000e+00 -1.515544456622767733e+01 2.746399871740993343e-02
-5.750000000000000000e+00 -1.428941916244323806e+01 2.391379369667126151e-02
-4.750000000000000000e+00 -1.428941916244323806e+01 2.432475475426025199e-02
-7.250000000000000000e+00 -1.342339375865880058e+01 2.278805423349394149e-02
-6.250000000000000000e+00 -1.342339375865880058e+01 2.331873903225718803e-02
-5.750000000000000000e+00 -1.255736835487436132e+01 2.223902282866628902e-02
-4.750000000000000000e+00 -1.255736835487436132e+01 2.345954973560933354e-02
-7.250000000000000000e+00 -1.169134295108992383e+01 2.200732660179259559e-02
-6.250000000000000000e+00 -1.169134295108992383e+01 2.320984094542694401e-02
-5.750000000000000000e+00 -1.082531754730548457e+01 2.198245108060687888e-02
-4.750000000000000000e+00 -1.082531754730548457e+01 2.497646436829353833e-02
-7.250000000000000000e+00 -9.959292143521047080e+00 2.188810933618882265e-02
-6.250000000000000000e+00 -9.959292143521047080e+00 2.465544644433201663e-02
-5.750000000000000000e+00 -9.093266739736607818e+00 2.346306840783364545e-02
-4.750000000000000000e+00 -9.093266739736607818e+00 2.855114798511575874e-02
-7.250000000000000000e+00 -8.227241335952170331e+00 2.152468088788447170e-02
-6.250000000000000000e+00 -8.227241335952170331e+00 2.853800156994384940e-02
-5.750000000000000000e+00 -7.361215932167732845e+00 2.377361989188203281e-02
-4.750000000000000000e+00 -7.361215932167732845e+00 3.309265532188289394e-02
-7.250000000000000000e+00 -6.495190528383291806e+00 2.331616180783360054e-02
-6.250000000000000000e+00 -6.495190528383291806e+00 3.486062518439692753e-02
-5.750000000000000000e+00 -5.629165124598854320e+00 2.151931148649323042e-02
-4.750000000000000000e+00 -5.629165124598854320e+00 4.418110801192548509e-02
-7.250000000000000000e+00 -4.763139720814413280e+00 2.562033294752516510e-02
-6.250000000000000000e+00 -4.763139720814413280e+00 3.891556712166888837e-02
-5.750000000000000000e+00 -3.897114317029975794e+00 2.951935566239940675e-02
-4.750000000000000000e+00 -3.897114317029975794e+00 5.664180630885145423e-02
-7.250000000000000000e+00 -3.031088913245538308e+00 2.217898744290047047e-02
-6.250000000000000000e+00 -3.031088913245538308e+00 4.867666070981836041e-02
-5.750000000000000000e+00 -2.165063509461100821e+00 3.789992080713212169e-02
-4.750000000000000000e+00 -2.165063509461100821e+00 5.224138176464175609e-02
-7.250000000000000000e+00 -1.299038105676659782e+00 2.421716479536071762e-02
-6.250000000000000000e+00 -1.299038105676659782e+00 5.664167495197892921e-02
-5.750000000000000000e+00 -4.330127018922222959e-01 2.520035399151348415e-02
-4.750000000000000000e+00 -4.330127018922222959e-01 6.702820552973927370e-02
-7.250000000000000000e+00 4.330127018922151905e-01 3.003876971043563035e-02
-6.250000000000000000e+00 4.330127018922151905e-01 4.706172091891826226e-02
-5.750000000000000000e+00 1.299038105676652677e+00 2.520032250788711153e-02
-4.750000000000000000e+00 1.299038105676652677e+00 6.702820987320221024e-02
-7.250000000000000000e+00 2.165063509461093716e+00 2.421711021956861679e-02
-6.250000000000000000e+00 2.165063509461093716e+00 5.664172780606122753e-02
-5.750000000000000000e+00 3.031088913245531202e+00 3.789970791266079192e-02
-4.750000000000000000e+00 3.031088913245531202e+00 5.224145376130867602e-02
-7.250000000000000000e+00 3.897114317029972241e+00 2.217911202988406827e-02
-6.250000000000000000e+00 3.897114317029972241e+00 4.867674077427518176e-02
-5.750000000000000000e+00 4.763139720814409728e+00 2.951922717538450411e-02
-4.750000000000000000e+00 4.763139720814409728e+00 5.664201494629321487e-02
-7.250000000000000000e+00 5.629165124598847214e+00 2.562076609143923780e-02
-6.250000000000000000e+00 5.629165124598847214e+00 3.891597035382403369e-02
-5.750000000000000000e+00 6.495190528383284700e+00 2.152062266464825277e-02
-4.750000000000000000e+00 6.495190528383284700e+00 4.418216147091183488e-02
-7.250000000000000000e+00 7.361215932167725740e+00 2.331796495298697758e-02
-6.250000000000000000e+00 7.361215932167725740e+00 3.486289780803801530e-02
-5.750000000000000000e+00 8.227241335952166779e+00 2.378104059820249083e-02
-4.750000000000000000e+00 8.227241335952166779e+00 3.310032319587623284e-02
-7.250000000000000000e+00 9.093266739736600712e+00 2.153793264682304920e-02
-6.250000000000000000e+00 9.093266739736600712e+00 2.855114128563367853e-02
-5.750000000000000000e+00 9.959292143521041751e+00 2.349548712234905690e-02
-4.750000000000000000e+00 9.959292143521041751e+00 2.858469961242347465e-02
-7.250000000000000000e+00 1.082531754730548279e+01 2.198226207590975312e-02
-6.250000000000000000e+00 1.082531754730548279e+01 2.474890019382432194e-02
-5.750000000000000000e+00 1.169134295108992383e+01 2.208415414228404039e-02
-4.750000000000000000e+00 1.169134295108992383e+01 2.507790153987226461e-02
-7.250000000000000000e+00 1.255736835487435776e+01 2.248355677900332888e-02
-6.250000000000000000e+00 1.255736835487435776e+01 2.368639251650828115e-02
-5.750000000000000000e+00 1.342339375865879880e+01 2.274937189014181183e-02
-4.750000000000000000e+00 1.342339375865879880e+01 2.396957443950158834e-02
-7.250000000000000000e+00 1.428941916244323274e+01 2.392266029630798346e-02
-6.250000000000000000e+00 1.428941916244323274e+01 2.445333560384713861e-02
-5.750000000000000000e+00 1.515544456622767377e+01 2.731029531801612564e-02
-4.750000000000000000e+00 1.515544456622767377e+01 2.772210579087194468e-02
-7.250000000000000000e+00 1.602146997001211304e+01 2.857081820751189438e-02
-6.250000000000000000e+00 1.602146997001211304e+01 2.875330338163500921e-02
-5.750000000000000000e+00 1.688749537379655408e+01 3.709032618417025529e-02
-4.750000000000000000e+00 1.688749537379655408e+01 3.722626471018945782e-02
-7.250000000000000000e+00 1.775352077758098801e+01 4.945583899451656829e-02
-6.250000000000000000e+00 1.775352077758098801e+01 4.950935836892622621e-02
-5.750000000000000000e+00 1.861954618136542905e+01 4.734983563490269276e-02
-4.750000000000000000e+00 1.861954618136542905e+01 4.739133905182255080e-02
-7.250000000000000000e+00 1.948557158514986298e+01 8.120392856029851059e-02
-6.250000000000000000e+00 1.948557158514986298e+01 8.121898117219175650e-02
-5.750000000000000000e+00 2.035159698893430402e+01 1.021481488967307255e-01
-4.750000000000000000e+00 2.035159698893430402e+01 1.021594847133426576e-01
-7.250000000000000000e+00 2.121762239271873796e+01 6.922783013033793897e-02
-6.250000000000000000e+00 2.121762239271873796e+01 6.923175016911498059e-02
-5.750000000000000000e+00 2.208364779650317899e+01 1.448409905951792143e-01
-4.750000000000000000e+00 2.208364779650317899e+01 1.448437156273327808e-01
-7.250000000000000000e+00 2.294967320028762003e+01 1.553480089767048378e-01
-6.250000000000000000e+00 2.294967320028762003e+01 1.553489609167219843e-01
-5.750000000000000000e+00 2.381569860407206107e+01 4.622044053748072118e-02
-4.750000000000000000e+00 2.381569860407206107e+01 4.622095537028495654e-02
-7.250000000000000000e+00 2.468172400785649501e+01 1.620220606824130938e-01
-6.250000000000000000e+00 2.468172400785649501e+01 1.620222454372783616e-01
-5.750000000000000000e+00 2.554774941164093605e+01 1.604564121817164679e-01
-4.750000000000000000e+00 2.554774941164093605e+01 1.604565964108384535e-01
-4.250000000000000000e+00 -2.554774941164094315e+01 1.604563887455577043e-01
-3.250000000000000000e+00 -2.554774941164094315e+01 1.604565412140145642e-01
-2.750000000000000000e+00 -2.468172400785650566e+01 1.620220627265663849e-01
-1.750000000000000000e+00 -2.468172400785650566e+01 1.620222726137595659e-01
-4.250000000000000000e+00 -2.381569860407206463e+01 4.622041241700437092e-02
-3.250000000000000000e+00 -2.381569860407206463e+01 4.622075355440613542e-02
-2.750000000000000000e+00 -2.294967320028762714e+01 1.553480007555921860e-01
-1.750000000000000000e+00 -2.294967320028762714e+01 1.553490130175600448e-01
-4.250000000000000000e+00 -2.208364779650318965e+01 1.448410095652638008e-01
-3.250000000000000000e+00 -2.208364779650318965e+01 1.448426727706218775e-01
-2.750000000000000000e+00 -2.121762239271875217e+01 6.922765209741577053e-02
-1.750000000000000000e+00 -2.121762239271875217e+01 6.923143118656988060e-02
-4.250000000000000000e+00 -2.035159698893431113e+01 1.021485083743329247e-01
-3.250000000000000000e+00 -2.035159698893431113e+01 1.021554564182682867e-01
-2.750000000000000000e+00 -1.948557158514987364e+01 8.120296935409601624e-02
-1.750000000000000000e+00 -1.948557158514987364e+01 8.121819741838920415e-02
-4.250000000000000000e+00 -1.861954618136543615e+01 4.734926360199084860e-02
-3.250000000000000000e+00 -1.861954618136543615e+01 4.737548671923334787e-02
-2.750000000000000000e+00 -1.775352077758099512e+01 4.945719651942977191e-02
-1.750000000000000000e+00 -1.775352077758099512e+01 4.951538973947883227e-02
-4.250000000000000000e+00 -1.688749537379655763e+01 3.707694413852377635e-02
-3.250000000000000000e+00 -1.688749537379655763e+01 3.717306279056616786e-02
-2.750000000000000000e+00 -1.602146997001212014e+01 2.858604836823216283e-02
-1.750000000000000000e+00 -1.602146997001212014e+01 2.878545071207529865e-02
-4.250000000000000000e+00 -1.515544456622767733e+01 2.729094985730662684e-02
-3.250000000000000000e+00 -1.515544456622767733e+01 2.761265434287299772e-02
-2.750000000000000000e+00 -1.428941916244323806e+01 2.389462135285325833e-02
-1.750000000000000000e+00 -1.428941916244323806e+01 2.452670001027148008e-02
-4.250000000000000000e+00 -1.342339375865880058e+01 2.286888604918032447e-02
-3.250000000000000000e+00 -1.342339375865880058e+01 2.377715092611407122e-02
-2.750000000000000000e+00 -1.255736835487436132e+01 2.228318518992404573e-02
-1.750000000000000000e+00 -1.255736835487436132e+01 2.409172588250155927e-02
-4.250000000000000000e+00 -1.169134295108992383e+01 2.203774879247005769e-02
-3.250000000000000000e+00 -1.169134295108992383e+01 2.431679264342229835e-02
-2.750000000000000000e+00 -1.082531754730548457e+01 2.245935442512658059e-02
-1.750000000000000000e+00 -1.082531754730548457e+01 2.669017219496601021e-02
-4.250000000000000000e+00 -9.959292143521047080e+00 2.157156838708327445e-02
-3.250000000000000000e+00 -9.959292143521047080e+00 2.728131668149513106e-02
-2.750000000000000000e+00 -9.093266739736607818e+00 2.333944115843903863e-02
-1.750000000000000000e+00 -9.093266739736607818e+00 3.180677370096707257e-02
-4.250000000000000000e+00 -8.227241335952170331e+00 2.378141540439669688e-02
-3.250000000000000000e+00 -8.227241335952170331e+00 3.487082116511570906e-02
-2.750000000000000000e+00 -7.361215932167732845e+00 2.152275748079140669e-02
-1.750000000000000000e+00 -7.361215932167732845e+00 3.891935119395480147e-02
-4.250000000000000000e+00 -6.495190528383291806e+00 3.395412746583459374e-02
-3.250000000000000000e+00 -6.495190528383291806e+00 4.418234726293175652e-02
-2.750000000000000000e+00 -5.629165124598854320e+00 3.552551539266571301e-02
-1.750000000000000000e+00 -5.629165124598854320e+00 5.664245906035811351e-02
-4.250000000000000000e+00 -4.763139720814413280e+00 3.552572879265779998e-02
-3.250000000000000000e+00 -4.763139720814413280e+00 4.706197696285660537e-02
-2.750000000000000000e+00 -3.897114317029975794e+00 9.064595760914989642e-02
-1.750000000000000000e+00 -3.897114317029975794e+00 6.702834942003510488e-02
-4.250000000000000000e+00 -3.031088913245538308e+00 2.169935068284503665e-02
-3.250000000000000000e+00 -3.031088913245538308e+00 6.702827554250692654e-02
-2.750000000000000000e+00 -2.165063509461100821e+00 1.056738681125339585e-01
-1.750000000000000000e+00 -2.165063509461100821e+00 4.339492221006616829e-02
-4.250000000000000000e+00 -1.299038105676659782e+00 4.262292504102417612e-02
-3.250000000000000000e+00 -1.299038105676659782e+00 7.876650082885351678e-02
-2.750000000000000000e+00 -4.330127018922222959e-01 3.733057519283852765e-02
-1.750000000000000000e+00 -4.330127018922222959e-01 7.417940169604750333e-02
-4.250000000000000000e+00 4.330127018922151905e-01 7.027913504975452641e-02
-3.250000000000000000e+00 4.330127018922151905e-01 4.339493019869374024e-02
-2.750000000000000000e+00 1.299038105676652677e+00 3.733049674268196227e-02
-1.750000000000000000e+00 1.299038105676652677e+00 7.417941083000773039e-02
-4.250000000000000000e+00 2.165063509461093716e+00 4.262306089637595691e-02
-3.250000000000000000e+00 2.165063509461093716e+00 7.876645392388824385e-02
-2.750000000000000000e+00 3.031088913245531202e+00 1.056740378296783106e-01
-1.750000000000000000e+00 3.031088913245531202e+00 4.339491047816474573e-02
-4.250000000000000000e+00 3.897114317029972241e+00 2.169937796360115606e-02
-3.250000000000000000e+00 3.897114317029972241e+00 6.702824328029138856e-02
-2.750000000000000000e+00 4.763139720814409728e+00 9.064717865310653599e-02
-1.750000000000000000e+00 4.763139720814409728e+00 6.702831934911279710e-02
-4.250000000000000000e+00 5.629165124598847214e+00 3.552542965698094607e-02
-3.250000000000000000e+00 5.629165124598847214e+00 4.706235145806889758e-02
-2.750000000000000000e+00 6.495190528383284700e+00 3.552792519964252660e-02
-1.750000000000000000e+00 6.495190528383284700e+00 5.664366965147125954e-02
-4.250000000000000000e+00 7.361215932167725740e+00 3.395580384117111855e-02
-3.250000000000000000e+00 7.361215932167725740e+00 4.418419728381552808e-02
-2.750000000000000000e+00 8.227241335952166779e+00 2.153061208349447628e-02
-1.750000000000000000e+00 8.227241335952166779e+00 3.892754166766278223e-02
-4.250000000000000000e+00 9.093266739736600712e+00 2.379529369579416742e-02
-3.250000000000000000e+00 9.093266739736600712e+00 3.488352195298409508e-02
-2.750000000000000000e+00 9.959292143521041751e+00 2.337353441444642299e-02
-1.750000000000000000e+00 9.959292143521041751e+00 3.184018015605345753e-02
-4.250000000000000000e+00 1.082531754730548279e+01 2.166542514039031253e-02
-3.250000000000000000e+00 1.082531754730548279e+01 2.737547620290423436e-02
-2.750000000000000000e+00 1.169134295108992383e+01 2.256288608586171085e-02
-1.750000000000000000e+00 1.169134295108992383e+01 2.679198847413435600e-02
-4.250000000000000000e+00 1.255736835487435776e+01 2.251374559622884575e-02
-3.250000000000000000e+00 1.255736835487435776e+01 2.479383265643309714e-02
-2.750000000000000000e+00 1.342339375865879880e+01 2.279396690098112188e-02
-1.750000000000000000e+00 1.342339375865879880e+01 2.460299204475667467e-02
-4.250000000000000000e+00 1.428941916244323274e+01 2.400407177394286995e-02
-3.250000000000000000e+00 1.428941916244323274e+01 2.491172522219823812e-02
-2.750000000000000000e+00 1.515544456622767377e+01 2.729155514052477444e-02
-1.750000000000000000e+00 1.515544456622767377e+01 2.792400084117078671e-02
-4.250000000000000000e+00 1.602146997001211304e+01 2.858108699356572135e-02
-3.250000000000000000e+00 1.602146997001211304e+01 2.890288264340598601e-02
-2.750000000000000000e+00 1.688749537379655408e+01 3.709238043238105575e-02
-1.750000000000000000e+00 1.688749537379655408e+01 3.729097386989042168e-02
-4.250000000000000000e+00 1.775352077758098801e+01 4.945379318389465928e-02
-3.250000000000000000e+00 1.775352077758098801e+01 4.955079171328533039e-02
-2.750000000000000000e+00 1.861954618136542905e+01 4.735202856023332241e-02
-1.750000000000000000e+00 1.861954618136542905e+01 4.741045348150939309e-02
-4.250000000000000000e+00 1.948557158514986298e+01 8.120387073524909516e-02
-3.250000000000000000e+00 1.948557158514986298e+01 8.123016861401334554e-02
-2.750000000000000000e+00 2.035159698893430402e+01 1.021483742692419483e-01
-1.750000000000000000e+00 2.035159698893430402e+01 1.021642639994954915e-01
-4.250000000000000000e+00 2.121762239271873796e+01 6.922809717803650453e-02
-3.250000000000000000e+00 2.121762239271873796e+01 6.923493101876258826e-02
-2.750000000000000000e+00 2.208364779650317899e+01 1.448409812112476103e-01
-1.750000000000000000e+00 2.208364779650317899e+01 1.448447212686424790e-01
-4.250000000000000000e+00 2.294967320028762003e+01 1.553480778546908192e-01
-3.250000000000000000e+00 2.294967320028762003e+01 1.553499655443619787e-01
-2.750000000000000000e+00 2.381569860407206107e+01 4.622043891532119642e-02
-1.750000000000000000e+00 2.381569860407206107e+01 4.622126569369728460e-02
-4.250000000000000000e+00 2.468172400785649501e+01 1.620220667148428162e-01
-3.250000000000000000e+00 2.468172400785649501e+01 1.620224800583498492e-01
-2.750000000000000000e+00 2.554774941164093605e+01 1.604563942990871461e-01
-1.750000000000000000e+00 2.554774941164093605e+01 1.604568273269796619e-01
-1.250000000000000000e+00 -2.554774941164094315e+01 1.604563909739533389e-01
-2.500000000000000000e-01 -2.554774941164094315e+01 1.604565952829894726e-01
2.500000000000000000e-01 -2.468172400785650566e+01 1.620220729369328261e-01
1.250000000000000000e+00 -2.468172400785650566e+01 1.620221811279365098e-01
-1.250000000000000000e+00 -2.381569860407206463e+01 4.622042171814998851e-02
-2.500000000000000000e-01 -2.381569860407206463e+01 4.622080977884192310e-02
2.500000000000000000e-01 -2.294967320028762714e+01 1.553480112061692564e-01
1.250000000000000000e+00 -2.294967320028762714e+01 1.553487827931149812e-01
-1.250000000000000000e+00 -2.208364779650318965e+01 1.448410529127209523e-01
-2.500000000000000000e-01 -2.208364779650318965e+01 1.448426978353258288e-01
2.500000000000000000e-01 -2.121762239271875217e+01 6.922765464951145808e-02
1.250000000000000000e+00 -2.121762239271875217e+01 6.923120515164921107e-02
-1.250000000000000000e+00 -2.035159698893431113e+01 1.021484852182120845e-01
-2.500000000000000000e-01 -2.035159698893431113e+01 1.021561572353672231e-01
2.500000000000000000e-01 -1.948557158514987364e+01 8.120318100852677579e-02
1.250000000000000000e+00 -1.948557158514987364e+01 8.121783976739012367e-02
-1.250000000000000000e+00 -1.861954618136543615e+01 4.734868102834101367e-02
-2.500000000000000000e-01 -1.861954618136543615e+01 4.737989829468247649e-02
2.500000000000000000e-01 -1.775352077758099512e+01 4.945745122889973200e-02
1.250000000000000000e+00 -1.775352077758099512e+01 4.951462790410539327e-02
-1.250000000000000000e+00 -1.688749537379655763e+01 3.707687424491579176e-02
-2.500000000000000000e-01 -1.688749537379655763e+01 3.719180976817382245e-02
2.500000000000000000e-01 -1.602146997001212014e+01 2.858189871845909225e-02
1.250000000000000000e+00 -1.602146997001212014e+01 2.878483730201542717e-02
-1.250000000000000000e+00 -1.515544456622767733e+01 2.730326600686762417e-02
-2.500000000000000000e-01 -1.515544456622767733e+01 2.768412294100595569e-02
2.500000000000000000e-01 -1.428941916244323806e+01 2.388588599740914392e-02
1.250000000000000000e+00 -1.428941916244323806e+01 2.452654995117713177e-02
-1.250000000000000000e+00 -1.342339375865880058e+01 2.288055834951140122e-02
-2.500000000000000000e-01 -1.342339375865880058e+01 2.399774580686542952e-02
2.500000000000000000e-01 -1.255736835487436132e+01 2.232796928459146110e-02
1.250000000000000000e+00 -1.255736835487436132e+01 2.409111064626752452e-02
-1.250000000000000000e+00 -1.169134295108992383e+01 2.189429079854383897e-02
-2.500000000000000000e-01 -1.169134295108992383e+01 2.486217350896051392e-02
2.500000000000000000e-01 -1.082531754730548457e+01 2.241318821831300018e-02
1.250000000000000000e+00 -1.082531754730548457e+01 2.668929622305803856e-02
-1.250000000000000000e+00 -9.959292143521047080e+00 2.173014093383640599e-02
-2.500000000000000000e-01 -9.959292143521047080e+00 2.865629553963808598e-02
2.500000000000000000e-01 -9.093266739736607818e+00 2.235894106873553139e-02
1.250000000000000000e+00 -9.093266739736607818e+00 3.180645318814284694e-02
-1.250000000000000000e+00 -8.227241335952170331e+00 2.563163714911653734e-02
-2.500000000000000000e-01 -8.227241335952170331e+00 3.811664540875778912e-02
2.500000000000000000e-01 -7.361215932167732845e+00 2.218321383082907244e-02
1.250000000000000000e+00 -7.361215932167732845e+00 3.891918319450624053e-02
-1.250000000000000000e+00 -6.495190528383291806e+00 2.952078633708221655e-02
-2.500000000000000000e-01 -6.495190528383291806e+00 4.867874232221938713e-02
2.500000000000000000e-01 -5.629165124598854320e+00 3.790057402290734206e-02
1.250000000000000000e+00 -5.629165124598854320e+00 5.664225155551166901e-02
-1.250000000000000000e+00 -4.763139720814413280e+00 2.169960899946169267e-02
-2.500000000000000000e-01 -4.763139720814413280e+00 5.224167177962213415e-02
2.500000000000000000e-01 -3.897114317029975794e+00 4.262291875538781749e-02
1.250000000000000000e+00 -3.897114317029975794e+00 6.702830315675660511e-02
-1.250000000000000000e+00 -3.031088913245538308e+00 1.056737550369943879e-01
-2.500000000000000000e-01 -3.031088913245538308e+00 7.876650272906111916e-02
2.500000000000000000e-01 -2.165063509461100821e+00 3.733063074490344802e-02
1.250000000000000000e+00 -2.165063509461100821e+00 4.339494340090761793e-02
-1.250000000000000000e+00 -1.299038105676659782e+00 3.926413294076085414e-01
-2.500000000000000000e-01 -1.299038105676659782e+00 7.417940523748839388e-02
2.500000000000000000e-01 -4.330127018922222959e-01 5.756405840498275417e-01
1.250000000000000000e+00 -4.330127018922222959e-01 7.417940169604689271e-02
-1.250000000000000000e+00 4.330127018922151905e-01 5.756403066880941832e-01
-2.500000000000000000e-01 4.330127018922151905e-01 5.005832956569424789e-06
2.500000000000000000e-01 1.299038105676652677e+00 5.756395832660086143e-01
1.250000000000000000e+00 1.299038105676652677e+00 7.417940297397206117e-02
-1.250000000000000000e+00 2.165063509461093716e+00 3.926416956169627159e-01
-2.500000000000000000e-01 2.165063509461093716e+00 7.417939844075199796e-02
2.500000000000000000e-01 3.031088913245531202e+00 3.733043021138308937e-02
1.250000000000000000e+00 3.031088913245531202e+00 4.339495961738699947e-02
-1.250000000000000000e+00 3.897114317029972241e+00 1.056737642867523891e-01
-2.500000000000000000e-01 3.897114317029972241e+00 7.876662575980954151e-02
2.500000000000000000e-01 4.763139720814409728e+00 4.262328107393218574e-02
1.250000000000000000e+00 4.763139720814409728e+00 6.702859673121583373e-02
-1.250000000000000000e+00 5.629165124598847214e+00 2.169994436343446187e-02
-2.500000000000000000e-01 5.629165124598847214e+00 5.224209701911078363e-02
2.500000000000000000e-01 6.495190528383284700e+00 3.790134819246868125e-02
1.250000000000000000e+00 6.495190528383284700e+00 5.664389661530387643e-02
-1.250000000000000000e+00 7.361215932167725740e+00 2.952408018700121428e-02
-2.500000000000000000e-01 7.361215932167725740e+00 4.868070745452640624e-02
2.500000000000000000e-01 8.227241335952166779e+00 2.219067256230475293e-02
1.250000000000000000e+00 8.227241335952166779e+00 3.892704040878477989e-02
-1.250000000000000000e+00 9.093266739736600712e+00 2.564597141113859891e-02
-2.500000000000000000e-01 9.093266739736600712e+00 3.813028354009685011e-02
2.500000000000000000e-01 9.959292143521041751e+00 2.239324823416774524e-02
1.250000000000000000e+00 9.959292143521041751e+00 3.183964544905697192e-02
-1.250000000000000000e+00 1.082531754730548279e+01 2.182399898221434875e-02
-2.500000000000000000e-01 1.082531754730548279e+01 2.875078618204262443e-02
2.500000000000000000e-01 1.169134295108992383e+01 2.251531215159982557e-02
1.250000000000000000e+00 1.169134295108992383e+01 2.679172841533270996e-02
-1.250000000000000000e+00 1.255736835487435776e+01 2.237161641184823302e-02
-2.500000000000000000e-01 1.255736835487435776e+01 2.533812281364017371e-02
2.500000000000000000e-01 1.342339375865879880e+01 2.283772092052792010e-02
1.250000000000000000e+00 1.342339375865879880e+01 2.460150670237350179e-02
-1.250000000000000000e+00 1.428941916244323274e+01 2.401650390172735405e-02
-2.500000000000000000e-01 1.428941916244323274e+01 2.513220491125816095e-02
2.500000000000000000e-01 1.515544456622767377e+01 2.728294417957850826e-02
1.250000000000000000e+00 1.515544456622767377e+01 2.792220956310946522e-02
-1.250000000000000000e+00 1.602146997001211304e+01 2.859318096800791617e-02
-2.500000000000000000e-01 1.602146997001211304e+01 2.897453094005606605e-02
2.500000000000000000e-01 1.688749537379655408e+01 3.708796479403916879e-02
1.250000000000000000e+00 1.688749537379655408e+01 3.729012780124980192e-02
-1.250000000000000000e+00 1.775352077758098801e+01 4.945372117845841381e-02
-2.500000000000000000e-01 1.775352077758098801e+01 4.956855263045958915e-02
2.500000000000000000e-01 1.861954618136542905e+01 4.735180015379791829e-02
1.250000000000000000e+00 1.861954618136542905e+01 4.740939709453555195e-02
-1.250000000000000000e+00 1.948557158514986298e+01 8.120345411702684091e-02
-2.500000000000000000e-01 1.948557158514986298e+01 8.123401987716284689e-02
2.500000000000000000e-01 2.035159698893430402e+01 1.021484259208703116e-01
1.250000000000000000e+00 2.035159698893430402e+01 1.021629617516098543e-01
-1.250000000000000000e+00 2.121762239271873796e+01 6.922805617306392045e-02
-2.500000000000000000e-01 2.121762239271873796e+01 6.923595921834588274e-02
2.500000000000000000e-01 2.208364779650317899e+01 1.448409753092055052e-01
1.250000000000000000e+00 2.208364779650317899e+01 1.448441153233955558e-01
-1.250000000000000000e+00 2.294967320028762003e+01 1.553480428644526956e-01
-2.500000000000000000e-01 2.294967320028762003e+01 1.553502115859548838e-01
2.500000000000000000e-01 2.381569860407206107e+01 4.622041921135418285e-02
1.250000000000000000e+00 2.381569860407206107e+01 4.622121398547779370e-02
-1.250000000000000000e+00 2.468172400785649501e+01 1.620220572584039620e-01
-2.500000000000000000e-01 2.468172400785649501e+01 1.620224924543552658e-01
2.500000000000000000e-01 2.554774941164093605e+01 1.604563870714396656e-01
1.250000000000000000e+00 2.554774941164093605e+01 1.604568162878084459e-01
1.750000000000000000e+00 -2.554774941164094315e+01 1.604563910270337401e-01
2.750000000000000000e+00 -2.554774941164094315e+01 1.604565021675249392e-01
3.250000000000000000e+00 -2.468172400785650566e+01 1.620220729800788129e-01
4.250000000000000000e+00 -2.468172400785650566e+01 1.620221280525042107e-01
1.750000000000000000e+00 -2.381569860407206463e+01 4.622041820474791923e-02
2.750000000000000000e+00 -2.381569860407206463e+01 4.622072691134437167e-02
3.250000000000000000e+00 -2.294967320028762714e+01 1.553480186657129614e-01
4.250000000000000000e+00 -2.294967320028762714e+01 1.553485490598379704e-01
1.750000000000000000e+00 -2.208364779650318965e+01 1.448410707124606622e-01
2.750000000000000000e+00 -2.208364779650318965e+01 1.448423881828684034e-01
3.250000000000000000e+00 -2.121762239271875217e+01 6.922765281428071293e-02
4.250000000000000000e+00 -2.121762239271875217e+01 6.923040483600598205e-02
1.750000000000000000e+00 -2.035159698893431113e+01 1.021484904944726796e-01
2.750000000000000000e+00 -2.035159698893431113e+01 1.021548135632896620e-01
3.250000000000000000e+00 -1.948557158514987364e+01 8.120299428633144523e-02
4.250000000000000000e+00 -1.948557158514987364e+01 8.121400505088441357e-02
1.750000000000000000e+00 -1.861954618136543615e+01 4.734851398802128464e-02
2.750000000000000000e+00 -1.861954618136543615e+01 4.737510220440565439e-02
3.250000000000000000e+00 -1.775352077758099512e+01 4.945620436474729847e-02
4.250000000000000000e+00 -1.775352077758099512e+01 4.949677907290763595e-02
1.750000000000000000e+00 -1.688749537379655763e+01 3.707708364060489925e-02
2.750000000000000000e+00 -1.688749537379655763e+01 3.717305544686365371e-02
3.250000000000000000e+00 -1.602146997001212014e+01 2.857824237089329894e-02
4.250000000000000000e+00 -1.602146997001212014e+01 2.872037122338805260e-02
1.750000000000000000e+00 -1.515544456622767733e+01 2.730097270309421453e-02
2.750000000000000000e+00 -1.515544456622767733e+01 2.761208915849853313e-02
3.250000000000000000e+00 -1.428941916244323806e+01 2.388500308875421418e-02
4.250000000000000000e+00 -1.428941916244323806e+01 2.432510653265045758e-02
1.750000000000000000e+00 -1.342339375865880058e+01 2.284138170985207383e-02
2.750000000000000000e+00 -1.342339375865880058e+01 2.377648828686554361e-02
3.250000000000000000e+00 -1.255736835487436132e+01 2.229965647863457745e-02
4.250000000000000000e+00 -1.255736835487436132e+01 2.345969865815630481e-02
1.750000000000000000e+00 -1.169134295108992383e+01 2.181362575988254893e-02
2.750000000000000000e+00 -1.169134295108992383e+01 2.431685157623641319e-02
3.250000000000000000e+00 -1.082531754730548457e+01 2.209807890591454840e-02
4.250000000000000000e+00 -1.082531754730548457e+01 2.497654050011278298e-02
1.750000000000000000e+00 -9.959292143521047080e+00 2.183448297490779566e-02
2.750000000000000000e+00 -9.959292143521047080e+00 2.728117085494437960e-02
3.250000000000000000e+00 -9.093266739736607818e+00 2.184969576671904820e-02
4.250000000000000000e+00 -9.093266739736607818e+00 2.855149479583448530e-02
1.750000000000000000e+00 -8.227241335952170331e+00 2.452301329283222350e-02
2.750000000000000000e+00 -8.227241335952170331e+00 3.487042689329886147e-02
3.250000000000000000e+00 -7.361215932167732845e+00 2.230379089173122747e-02
4.250000000000000000e+00 -7.361215932167732845e+00 3.309283996011144063e-02
1.750000000000000000e+00 -6.495190528383291806e+00 2.421911500657994432e-02
2.750000000000000000e+00 -6.495190528383291806e+00 4.418230120176239173e-02
3.250000000000000000e+00 -5.629165124598854320e+00 3.003973704013653684e-02
4.250000000000000000e+00 -5.629165124598854320e+00 4.418107046750711919e-02
1.750000000000000000e+00 -4.763139720814413280e+00 2.520074808740543904e-02
2.750000000000000000e+00 -4.763139720814413280e+00 4.706200056236595208e-02
3.250000000000000000e+00 -3.897114317029975794e+00 2.520052744542072842e-02
4.250000000000000000e+00 -3.897114317029975794e+00 5.664176392294709150e-02
1.750000000000000000e+00 -3.031088913245538308e+00 7.027936357812994417e-02
2.750000000000000000e+00 -3.031088913245538308e+00 6.702820145432598908e-02
3.250000000000000000e+00 -2.165063509461100821e+00 4.262291661248893831e-02
4.250000000000000000e+00 -2.165063509461100821e+00 5.224136875097384197e-02
1.750000000000000000e+00 -1.299038105676659782e+00 3.733056110904971886e-02
2.750000000000000000e+00 -1.299038105676659782e+00 7.876644815558958568e-02
3.250000000000000000e+00 -4.330127018922222959e-01 1.056738013340367544e-01
4.250000000000000000e+00 -4.330127018922222959e-01 6.702820552973846879e-02
1.750000000000000000e+00 4.330127018922151905e-01 3.926416109753076977e-01
2.750000000000000000e+00 4.330127018922151905e-01 4.339493019869268553e-02
3.250000000000000000e+00 1.299038105676652677e+00 1.056738657462372027e-01
4.250000000000000000e+00 1.299038105676652677e+00 6.702819604279605659e-02
1.750000000000000000e+00 2.165063509461093716e+00 3.733040887133215469e-02
2.750000000000000000e+00 2.165063509461093716e+00 7.876653741332893810e-02
3.250000000000000000e+00 3.031088913245531202e+00 4.262315373170569299e-02
4.250000000000000000e+00 3.031088913245531202e+00 5.224140892433472988e-02
1.750000000000000000e+00 3.897114317029972241e+00 7.027877788929252911e-02
2.750000000000000000e+00 3.897114317029972241e+00 6.702833409277381138e-02
3.250000000000000000e+00 4.763139720814409728e+00 2.520046620387671188e-02
4.250000000000000000e+00 4.763139720814409728e+00 5.664207943265062162e-02
1.750000000000000000e+00 5.629165124598847214e+00 2.520093271880152058e-02
2.750000000000000000e+00 5.629165124598847214e+00 4.706232295299534601e-02
3.250000000000000000e+00 6.495190528383284700e+00 3.004041869985691129e-02
4.250000000000000000e+00 6.495190528383284700e+00 4.418242237933947547e-02
1.750000000000000000e+00 7.361215932167725740e+00 2.422112863536253491e-02
2.750000000000000000e+00 7.361215932167725740e+00 4.418456408149504244e-02
3.250000000000000000e+00 8.227241335952166779e+00 2.231159029650461867e-02
4.250000000000000000e+00 8.227241335952166779e+00 3.310058639222013266e-02
1.750000000000000000e+00 9.093266739736600712e+00 2.453530227437830669e-02
2.750000000000000000e+00 9.093266739736600712e+00 3.488414083788832221e-02
3.250000000000000000e+00 9.959292143521041751e+00 2.188299019968742432e-02
4.250000000000000000e+00 9.959292143521041751e+00 2.858546622307471530e-02
1.750000000000000000e+00 1.082531754730548279e+01 2.192786388926496258e-02
2.750000000000000000e+00 1.082531754730548279e+01 2.737488392180838920e-02
3.250000000000000000e+00 1.169134295108992383e+01 2.219927351865230020e-02
4.250000000000000000e+00 1.169134295108992383e+01 2.507929515519311328e-02
1.750000000000000000e+00 1.255736835487435776e+01 2.229035350551786254e-02
2.750000000000000000e+00 1.255736835487435776e+01 2.479320536080212301e-02
3.250000000000000000e+00 1.342339375865879880e+01 2.280977821495866475e-02
4.250000000000000000e+00 1.342339375865879880e+01 2.397010654562720805e-02
1.750000000000000000e+00 1.428941916244323274e+01 2.397570085920289196e-02
2.750000000000000000e+00 1.428941916244323274e+01 2.491204612011176101e-02
3.250000000000000000e+00 1.515544456622767377e+01 2.728185258591686591e-02
4.250000000000000000e+00 1.515544456622767377e+01 2.772234007709992870e-02
1.750000000000000000e+00 1.602146997001211304e+01 2.859020060660916879e-02
2.750000000000000000e+00 1.602146997001211304e+01 2.890187398197142585e-02
3.250000000000000000e+00 1.688749537379655408e+01 3.708371135092291410e-02
4.250000000000000000e+00 1.688749537379655408e+01 3.722712208580598869e-02
1.750000000000000000e+00 1.775352077758098801e+01 4.945392583801375141e-02
2.750000000000000000e+00 1.775352077758098801e+01 4.954899606521388777e-02
3.250000000000000000e+00 1.861954618136542905e+01 4.735056126199962967e-02
4.250000000000000000e+00 1.861954618136542905e+01 4.739146449387687809e-02
1.750000000000000000e+00 1.948557158514986298e+01 8.120309218479310198e-02
2.750000000000000000e+00 1.948557158514986298e+01 8.122935597155198084e-02
3.250000000000000000e+00 2.035159698893430402e+01 1.021484068436637471e-01
4.250000000000000000e+00 2.035159698893430402e+01 1.021589106675263176e-01
1.750000000000000000e+00 2.121762239271873796e+01 6.922788954542941076e-02
2.750000000000000000e+00 2.121762239271873796e+01 6.923448210750027254e-02
3.250000000000000000e+00 2.208364779650317899e+01 1.448409806690647283e-01
4.250000000000000000e+00 2.208364779650317899e+01 1.448434907568454388e-01
1.750000000000000000e+00 2.294967320028762003e+01 1.553480527443778236e-01
2.750000000000000000e+00 2.294967320028762003e+01 1.553494064697096833e-01
3.250000000000000000e+00 2.381569860407206107e+01 4.622041659116399304e-02
4.250000000000000000e+00 2.381569860407206107e+01 4.622101512528689615e-02
1.750000000000000000e+00 2.468172400785649501e+01 1.620220730378291174e-01
2.750000000000000000e+00 2.468172400785649501e+01 1.620222348602552986e-01
3.250000000000000000e+00 2.554774941164093605e+01 1.604564084522818179e-01
4.250000000000000000e+00 2.554774941164093605e+01 1.604565674324042457e-01
4.750000000000000000e+00 -2.554774941164094315e+01 1.604563927719590555e-01
5.750000000000000000e+00 -2.554774941164094315e+01 1.604564589313640655e-01
6.250000000000000000e+00 -2.468172400785650566e+01 1.620220639495655868e-01
7.250000000000000000e+00 -2.468172400785650566e+01 1.620221479250447683e-01
4.750000000000000000e+00 -2.381569860407206463e+01 4.622041208099861298e-02
5.750000000000000000e+00 -2.381569860407206463e+01 4.622067455967978494e-02
6.250000000000000000e+00 -2.294967320028762714e+01 1.553480033780013647e-01
7.250000000000000000e+00 -2.294967320028762714e+01 1.553484080960498004e-01
4.750000000000000000e+00 -2.208364779650318965e+01 1.448410037891763591e-01
5.750000000000000000e+00 -2.208364779650318965e+01 1.448420934272625638e-01
6.250000000000000000e+00 -2.121762239271875217e+01 6.922766202413249692e-02
7.250000000000000000e+00 -2.121762239271875217e+01 6.922913654082894774e-02
4.750000000000000000e+00 -2.035159698893431113e+01 1.021483457538585188e-01
5.750000000000000000e+00 -2.035159698893431113e+01 1.021525669158130090e-01
6.250000000000000000e+00 -1.948557158514987364e+01 8.120278625768671821e-02
7.250000000000000000e+00 -1.948557158514987364e+01 8.120824776554581848e-02
4.750000000000000000e+00 -1.861954618136543615e+01 4.734851483098716923e-02
5.750000000000000000e+00 -1.861954618136543615e+01 4.736461007552496272e-02
6.250000000000000000e+00 -1.775352077758099512e+01 4.945457383117213279e-02
7.250000000000000000e+00 -1.775352077758099512e+01 4.947402780840176595e-02
4.750000000000000000e+00 -1.688749537379655763e+01 3.707672230734986030e-02
5.750000000000000000e+00 -1.688749537379655763e+01 3.713267671464642872e-02
6.250000000000000000e+00 -1.602146997001212014e+01 2.857499400971801051e-02
7.250000000000000000e+00 -1.602146997001212014e+01 2.864233435241315961e-02
4.750000000000000000e+00 -1.515544456622767733e+01 2.729029344993952333e-02
5.750000000000000000e+00 -1.515544456622767733e+01 2.746410907864171858e-02
6.250000000000000000e+00 -1.428941916244323806e+01 2.388582843183502391e-02
7.250000000000000000e+00 -1.428941916244323806e+01 2.409581397567413241e-02
4.750000000000000000e+00 -1.342339375865880058e+01 2.279811703477696572e-02
5.750000000000000000e+00 -1.342339375865880058e+01 2.331889419199404540e-02
6.250000000000000000e+00 -1.255736835487436132e+01 2.225736694168836682e-02
7.250000000000000000e+00 -1.255736835487436132e+01 2.278820229413208720e-02
4.750000000000000000e+00 -1.169134295108992383e+01 2.179025268188763964e-02
5.750000000000000000e+00 -1.169134295108992383e+01 2.321006601062458596e-02
6.250000000000000000e+00 -1.082531754730548457e+01 2.183844339579216198e-02
7.250000000000000000e+00 -1.082531754730548457e+01 2.310790305895146779e-02
4.750000000000000000e+00 -9.959292143521047080e+00 2.170283566357664867e-02
5.750000000000000000e+00 -9.959292143521047080e+00 2.465561867936924556e-02
6.250000000000000000e+00 -9.093266739736607818e+00 2.166931753041179132e-02
7.250000000000000000e+00 -9.093266739736607818e+00 2.484873421393689330e-02
4.750000000000000000e+00 -8.227241335952170331e+00 2.288825456653720281e-02
5.750000000000000000e+00 -8.227241335952170331e+00 2.853811018532935451e-02
6.250000000000000000e+00 -7.361215932167732845e+00 2.182842359950304401e-02
7.250000000000000000e+00 -7.361215932167732845e+00 2.722635095013559853e-02
4.750000000000000000e+00 -6.495190528383291806e+00 2.230168343305027542e-02
5.750000000000000000e+00 -6.495190528383291806e+00 3.486062952524095204e-02
6.250000000000000000e+00 -5.629165124598854320e+00 2.451144794967383134e-02
7.250000000000000000e+00 -5.629165124598854320e+00 3.178198365253050162e-02
4.750000000000000000e+00 -4.763139720814413280e+00 2.421738968377395995e-02
5.750000000000000000e+00 -4.763139720814413280e+00 3.891556116264223431e-02
6.250000000000000000e+00 -3.897114317029975794e+00 2.217909413450813716e-02
7.250000000000000000e+00 -3.897114317029975794e+00 3.810478359421139161e-02
4.750000000000000000e+00 -3.031088913245538308e+00 3.789987706180584365e-02
5.750000000000000000e+00 -3.031088913245538308e+00 4.867669753006749478e-02
6.250000000000000000e+00 -2.165063509461100821e+00 2.951908054260674041e-02
7.250000000000000000e+00 -2.165063509461100821e+00 3.891522317163215172e-02
4.750000000000000000e+00 -1.299038105676659782e+00 2.169930277366690155e-02
5.750000000000000000e+00 -1.299038105676659782e+00 5.664170067586016266e-02
6.250000000000000000e+00 -4.330127018922222959e-01 3.552510640620468174e-02
7.250000000000000000e+00 -4.330127018922222959e-01 4.418036395504235103e-02
4.750000000000000000e+00 4.330127018922151905e-01 9.064607009181899211e-02
5.750000000000000000e+00 4.330127018922151905e-01 4.706172091891820675e-02
6.250000000000000000e+00 1.299038105676652677e+00 3.552525873020190295e-02
7.250000000000000000e+00 1.299038105676652677e+00 4.418037334456813986e-02
4.750000000000000000e+00 2.165063509461093716e+00 2.169931177825291935e-02
5.750000000000000000e+00 2.165063509461093716e+00 5.664169818790934507e-02
6.250000000000000000e+00 3.031088913245531202e+00 2.951923686517356205e-02
7.250000000000000000e+00 3.031088913245531202e+00 3.891527254537834046e-02
4.750000000000000000e+00 3.897114317029972241e+00 3.790008191289812034e-02
5.750000000000000000e+00 3.897114317029972241e+00 4.867670283174978241e-02
6.250000000000000000e+00 4.763139720814409728e+00 2.217926684406324941e-02
7.250000000000000000e+00 4.763139720814409728e+00 3.810493339618855474e-02
4.750000000000000000e+00 5.629165124598847214e+00 2.421802850082048486e-02
5.750000000000000000e+00 5.629165124598847214e+00 3.891597111068274828e-02
6.250000000000000000e+00 6.495190528383284700e+00 2.451293485011551976e-02
7.250000000000000000e+00 6.495190528383284700e+00 3.178312531564848886e-02
4.750000000000000000e+00 7.361215932167725740e+00 2.230352068924540410e-02
5.750000000000000000e+00 7.361215932167725740e+00 3.486293847975682758e-02
6.250000000000000000e+00 8.227241335952166779e+00 2.183650284658796015e-02
7.250000000000000000e+00 8.227241335952166779e+00 2.723416019990814591e-02
4.750000000000000000e+00 9.093266739736600712e+00 2.290117296597419388e-02
5.750000000000000000e+00 9.093266739736600712e+00 2.855137888335748664e-02
6.250000000000000000e+00 9.959292143521041751e+00 2.170271043558930080e-02
7.250000000000000000e+00 9.959292143521041751e+00 2.488233437401465853e-02
4.750000000000000000e+00 1.082531754730548279e+01 2.179687479026348740e-02
5.750000000000000000e+00 1.082531754730548279e+01 2.474940043094171760e-02
6.250000000000000000e+00 1.169134295108992383e+01 2.194047548472138898e-02
7.250000000000000000e+00 1.169134295108992383e+01 2.320961603099247483e-02
4.750000000000000000e+00 1.255736835487435776e+01 2.226665150350386202e-02
5.750000000000000000e+00 1.255736835487435776e+01 2.368710943756668907e-02
6.250000000000000000e+00 1.342339375865879880e+01 2.276786650593216887e-02
7.250000000000000000e+00 1.342339375865879880e+01 2.329813222756535462e-02
4.750000000000000000e+00 1.428941916244323274e+01 2.393271699081697679e-02
5.750000000000000000e+00 1.428941916244323274e+01 2.445433086284631852e-02
6.250000000000000000e+00 1.515544456622767377e+01 2.728266995066808143e-02
7.250000000000000000e+00 1.515544456622767377e+01 2.749270278156498715e-02
4.750000000000000000e+00 1.602146997001211304e+01 2.858022476915834248e-02
5.750000000000000000e+00 1.602146997001211304e+01 2.875407829835058271e-02
6.250000000000000000e+00 1.688749537379655408e+01 3.708091776935390493e-02
7.250000000000000000e+00 1.688749537379655408e+01 3.714829120351346992e-02
4.750000000000000000e+00 1.775352077758098801e+01 4.945365480883913423e-02
5.750000000000000000e+00 1.775352077758098801e+01 4.951000467265125049e-02
6.250000000000000000e+00 1.861954618136542905e+01 4.734927250761564177e-02
7.250000000000000000e+00 1.861954618136542905e+01 4.736865601896067535e-02
4.750000000000000000e+00 1.948557158514986298e+01 8.120304095703674563e-02
5.750000000000000000e+00 1.948557158514986298e+01 8.121981607749892418e-02
6.250000000000000000e+00 2.035159698893430402e+01 1.021482095576882743e-01
7.250000000000000000e+00 2.035159698893430402e+01 1.021538334377540130e-01
4.750000000000000000e+00 2.121762239271873796e+01 6.922786192759396162e-02
5.750000000000000000e+00 2.121762239271873796e+01 6.923224563572136225e-02
6.250000000000000000e+00 2.208364779650317899e+01 1.448409842976918493e-01
7.250000000000000000e+00 2.208364779650317899e+01 1.448426164261586158e-01
4.750000000000000000e+00 2.294967320028762003e+01 1.553480740382282566e-01
5.750000000000000000e+00 2.294967320028762003e+01 1.553489974421882469e-01
6.250000000000000000e+00 2.381569860407206107e+01 4.622042968800844920e-02
7.250000000000000000e+00 2.381569860407206107e+01 4.622087090406058751e-02
4.750000000000000000e+00 2.468172400785649501e+01 1.620220807774678251e-01
5.750000000000000000e+00 2.468172400785649501e+01 1.620222029572582489e-01
6.250000000000000000e+00 2.554774941164093605e+01 1.604564111938827919e-01
7.250000000000000000e+00 2.554774941164093605e+01 1.604565491605342564e-01
