-7.250000000000000000e+00 -2.554774941164094315e+01 1.732833392242594250e-01
-6.250000000000000000e+00 -2.554774941164094315e+01 1.732832883826178338e-01
-5.750000000000000000e+00 -2.468172400785650566e+01 1.623007831710787940e-01
-4.750000000000000000e+00 -2.468172400785650566e+01 1.623007108095216866e-01
-7.250000000000000000e+00 -2.381569860407206463e+01 3.034029626324533102e-02
-6.250000000000000000e+00 -2.381569860407206463e+01 3.034022962383207261e-02
-5.750000000000000000e+00 -2.294967320028762714e+01 1.078637660230661599e-01
-4.750000000000000000e+00 -2.294967320028762714e+01 1.078634757753409446e-01
-7.250000000000000000e+00 -2.208364779650318965e+01 8.154248434208201390e-02
-6.250000000000000000e+00 -2.208364779650318965e+01 8.154207001231957019e-02
-5.750000000000000000e+00 -2.121762239271875217e+01 3.618634310928914299e-02
-4.750000000000000000e+00 -2.121762239271875217e+01 3.618559308571800415e-02
-7.250000000000000000e+00 -2.035159698893431113e+01 5.071272311995775328e-02
-6.250000000000000000e+00 -2.035159698893431113e+01 5.071124588070023004e-02
-5.750000000000000000e+00 -1.948557158514987364e+01 3.408243927404105977e-02
-4.750000000000000000e+00 -1.948557158514987364e+01 3.407952070920390597e-02
-7.250000000000000000e+00 -1.861954618136543615e+01 3.110443659171298683e-02
-6.250000000000000000e+00 -1.861954618136543615e+01 3.110167794115228923e-02
-5.750000000000000000e+00 -1.775352077758099512e+01 2.807616994055864984e-02
-4.750000000000000000e+00 -1.775352077758099512e+01 2.806611024020867415e-02
-7.250000000000000000e+00 -1.688749537379655763e+01 2.465272346964680547e-02
-6.250000000000000000e+00 -1.688749537379655763e+01 2.464721772980892414e-02
-5.750000000000000000e+00 -1.602146997001212014e+01 2.710872603692988936e-02
-4.750000000000000000e+00 -1.602146997001212014e+01 2.709230145366952475e-02
-7.250000000000000000e+00 -1.515544456622767733e+01 2.380232563388782682e-02
-6.250000000000000000e+00 -1.515544456622767733e+01 2.377657138883897125e-02
-5.750000000000000000e+00 -1.428941916244323806e+01 2.434317396149299206e-02
-4.750000000000000000e+00 -1.428941916244323806e+01 2.433348480953742565e-02
-7.250000000000000000e+00 -1.342339375865880058e+01 2.493896371871460668e-02
-6.250000000000000000e+00 -1.342339375865880058e+01 2.487966885600275194e-02
-5.750000000000000000e+00 -1.255736835487436132e+01 2.380664175712396413e-02
-4.750000000000000000e+00 -1.255736835487436132e+01 2.374131827367770980e-02
-7.250000000000000000e+00 -1.169134295108992383e+01 2.414283279854284245e-02
-6.250000000000000000e+00 -1.169134295108992383e+01 2.419703427317324712e-02
-5.750000000000000000e+00 -1.082531754730548457e+01 2.406864337111780383e-02
-4.750000000000000000e+00 -1.082531754730548457e+01 2.395810677737101463e-02
-7.250000000000000000e+00 -9.959292143521047080e+00 2.387531677369861965e-02
-6.250000000000000000e+00 -9.959292143521047080e+00 2.401849089290459746e-02
-5.750000000000000000e+00 -9.093266739736607818e+00 2.327275459439101871e-02
-4.750000000000000000e+00 -9.093266739736607818e+00 2.387808568364771164e-02
-7.250000000000000000e+00 -8.227241335952170331e+00 2.408177704327868832e-02
-6.250000000000000000e+00 -8.227241335952170331e+00 2.379642927681072107e-02
-5.750000000000000000e+00 -7.361215932167732845e+00 2.351050414775769648e-02
-4.750000000000000000e+00 -7.361215932167732845e+00 2.443379879459185375e-02
-7.250000000000000000e+00 -6.495190528383291806e+00 2.305201136631434417e-02
-6.250000000000000000e+00 -6.495190528383291806e+00 2.379117774188575438e-02
-5.750000000000000000e+00 -5.629165124598854320e+00 2.400572508808539174e-02
-4.750000000000000000e+00 -5.629165124598854320e+00 2.396588474981835304e-02
-7.250000000000000000e+00 -4.763139720814413280e+00 2.287005685216698600e-02
-6.250000000000000000e+00 -4.763139720814413280e+00 2.468624621308183886e-02
-5.750000000000000000e+00 -3.897114317029975794e+00 2.189101942806298551e-02
-4.750000000000000000e+00 -3.897114317029975794e+00 2.450469612269450675e-02
-7.250000000000000000e+00 -3.031088913245538308e+00 2.412151232791379801e-02
-6.250000000000000000e+00 -3.031088913245538308e+00 2.395408876617506969e-02
-5.750000000000000000e+00 -2.165063509461100821e+00 2.207674660840015096e-02
-4.750000000000000000e+00 -2.165063509461100821e+00 2.429623048361750914e-02
-7.250000000000000000e+00 -1.299038105676659782e+00 2.321989063028308264e-02
-6.250000000000000000e+00 -1.299038105676659782e+00 2.450443964830822247e-02
-5.750000000000000000e+00 -4.330127018922222959e-01 2.389484628372936029e-02
-4.750000000000000000e+00 -4.330127018922222959e-01 2.422229031139832428e-02
-7.250000000000000000e+00 4.330127018922151905e-01 2.230490984934498100e-02
-6.250000000000000000e+00 4.330127018922151905e-01 2.451802713822043289e-02
-5.750000000000000000e+00 1.299038105676652677e+00 2.389464359685512795e-02
-4.750000000000000000e+00 1.299038105676652677e+00 2.422207782566944065e-02
-7.250000000000000000e+00 2.165063509461093716e+00 2.322050602661519803e-02
-6.250000000000000000e+00 2.165063509461093716e+00 2.450487105057703660e-02
-5.750000000000000000e+00 3.031088913245531202e+00 2.207643773165833198e-02
-4.750000000000000000e+00 3.031088913245531202e+00 2.429570495250876067e-02
-7.250000000000000000e+00 3.897114317029972241e+00 2.412174595334622140e-02
-6.250000000000000000e+00 3.897114317029972241e+00 2.395430261370682865e-02
-5.750000000000000000e+00 4.763139720814409728e+00 2.189411139355915137e-02
-4.750000000000000000e+00 4.763139720814409728e+00 2.450722881403012698e-02
-7.250000000000000000e+00 5.629165124598847214e+00 2.286299469510428076e-02
-6.250000000000000000e+00 5.629165124598847214e+00 2.467956550979532801e-02
-5.750000000000000000e+00 6.495190528383284700e+00 2.402190909275726816e-02
-4.750000000000000000e+00 6.495190528383284700e+00 2.398214531694409929e-02
-7.250000000000000000e+00 7.361215932167725740e+00 2.303931956502039413e-02
-6.250000000000000000e+00 7.361215932167725740e+00 2.377804790794846301e-02
-5.750000000000000000e+00 8.227241335952166779e+00 2.350770877244556106e-02
-4.750000000000000000e+00 8.227241335952166779e+00 2.443096547036116908e-02
-7.250000000000000000e+00 9.093266739736600712e+00 2.416353115251203276e-02
-6.250000000000000000e+00 9.093266739736600712e+00 2.387789085701607500e-02
-5.750000000000000000e+00 9.959292143521041751e+00 2.312671826719013904e-02
-4.750000000000000000e+00 9.959292143521041751e+00 2.373036294827433196e-02
-7.250000000000000000e+00 1.082531754730548279e+01 2.406871685282985229e-02
-6.250000000000000000e+00 1.082531754730548279e+01 2.421297989198387471e-02
-5.750000000000000000e+00 1.169134295108992383e+01 2.417125155984681251e-02
-4.750000000000000000e+00 1.169134295108992383e+01 2.406078778970469761e-02
-7.250000000000000000e+00 1.255736835487435776e+01 2.360483156146753539e-02
-6.250000000000000000e+00 1.255736835487435776e+01 2.365831377502050289e-02
-5.750000000000000000e+00 1.342339375865879880e+01 2.496983031585183616e-02
-4.750000000000000000e+00 1.342339375865879880e+01 2.490502261966566488e-02
-7.250000000000000000e+00 1.428941916244323274e+01 2.435663221960954195e-02
-6.250000000000000000e+00 1.428941916244323274e+01 2.429674278942101778e-02
-5.750000000000000000e+00 1.515544456622767377e+01 2.375421658683864526e-02
-4.750000000000000000e+00 1.515544456622767377e+01 2.374332592418561608e-02
-7.250000000000000000e+00 1.602146997001211304e+01 2.712974301470073846e-02
-6.250000000000000000e+00 1.602146997001211304e+01 2.710454855037910948e-02
-5.750000000000000000e+00 1.688749537379655408e+01 2.463710063644465598e-02
-4.750000000000000000e+00 1.688749537379655408e+01 2.462101896821713987e-02
-7.250000000000000000e+00 1.775352077758098801e+01 2.807269340308848893e-02
-6.250000000000000000e+00 1.775352077758098801e+01 2.806668937124680990e-02
-5.750000000000000000e+00 1.861954618136542905e+01 3.110508908371244913e-02
-4.750000000000000000e+00 1.861954618136542905e+01 3.109546220981191170e-02
-7.250000000000000000e+00 1.948557158514986298e+01 3.407978500513367953e-02
-6.250000000000000000e+00 1.948557158514986298e+01 3.407689107626007963e-02
-5.750000000000000000e+00 2.035159698893430402e+01 5.071310142311470648e-02
-4.750000000000000000e+00 2.035159698893430402e+01 5.070982018769849831e-02
-7.250000000000000000e+00 2.121762239271873796e+01 3.618617572867678656e-02
-6.250000000000000000e+00 2.121762239271873796e+01 3.618490022726615629e-02
-5.750000000000000000e+00 2.208364779650317899e+01 8.154226896361860266e-02
-4.750000000000000000e+00 2.208364779650317899e+01 8.154152603564543411e-02
-7.250000000000000000e+00 2.294967320028762003e+01 1.078638674169541956e-01
-6.250000000000000000e+00 2.294967320028762003e+01 1.078633382978962107e-01
-5.750000000000000000e+00 2.381569860407206107e+01 3.034020401265807160e-02
-4.750000000000000000e+00 2.381569860407206107e+01 3.034003008675550950e-02
-7.250000000000000000e+00 2.468172400785649501e+01 1.623008017406851744e-01
-6.250000000000000000e+00 2.468172400785649501e+01 1.623006601675780480e-01
-5.750000000000000000e+00 2.554774941164093605e+01 1.732833164559913208e-01
-4.750000000000000000e+00 2.554774941164093605e+01 1.732831568668287692e-01
-4.250000000000000000e+00 -2.554774941164094315e+01 1.732833460825444760e-01
-3.250000000000000000e+00 -2.554774941164094315e+01 1.732832695995225325e-01
-2.750000000000000000e+00 -2.468172400785650566e+01 1.623007753222986127e-01
-1.750000000000000000e+00 -2.468172400785650566e+01 1.623007189987460686e-01
-4.250000000000000000e+00 -2.381569860407206463e+01 3.034030513468425477e-02
-3.250000000000000000e+00 -2.381569860407206463e+01 3.034016936752800819e-02
-2.750000000000000000e+00 -2.294967320028762714e+01 1.078637710493897256e-01
-1.750000000000000000e+00 -2.294967320028762714e+01 1.078634124644739234e-01
-4.250000000000000000e+00 -2.208364779650318965e+01 8.154237642504344463e-02
-3.250000000000000000e+00 -2.208364779650318965e+01 8.154182590849058665e-02
-2.750000000000000000e+00 -2.121762239271875217e+01 3.618649067396868813e-02
-1.750000000000000000e+00 -2.121762239271875217e+01 3.618519571979364469e-02
-4.250000000000000000e+00 -2.035159698893431113e+01 5.071209911872930076e-02
-3.250000000000000000e+00 -2.035159698893431113e+01 5.071002829279851187e-02
-2.750000000000000000e+00 -1.948557158514987364e+01 3.408229063323367503e-02
-1.750000000000000000e+00 -1.948557158514987364e+01 3.407804564004014714e-02
-4.250000000000000000e+00 -1.861954618136543615e+01 3.110379929446463118e-02
-3.250000000000000000e+00 -1.861954618136543615e+01 3.109855807104795408e-02
-2.750000000000000000e+00 -1.775352077758099512e+01 2.807220158968715823e-02
-1.750000000000000000e+00 -1.775352077758099512e+01 2.805989018725386572e-02
-4.250000000000000000e+00 -1.688749537379655763e+01 2.465609687726331989e-02
-3.250000000000000000e+00 -1.688749537379655763e+01 2.464115780581712517e-02
-2.750000000000000000e+00 -1.602146997001212014e+01 2.710087609936499137e-02
-1.750000000000000000e+00 -1.602146997001212014e+01 2.707699564505811063e-02
-4.250000000000000000e+00 -1.515544456622767733e+01 2.379648605116464408e-02
-3.250000000000000000e+00 -1.515544456622767733e+01 2.375150814773522787e-02
-2.750000000000000000e+00 -1.428941916244323806e+01 2.436064098533829991e-02
-1.750000000000000000e+00 -1.428941916244323806e+01 2.431753985190343234e-02
-4.250000000000000000e+00 -1.342339375865880058e+01 2.485478250342888079e-02
-3.250000000000000000e+00 -1.342339375865880058e+01 2.480747889403098205e-02
-2.750000000000000000e+00 -1.255736835487436132e+01 2.380290383665468329e-02
-1.750000000000000000e+00 -1.255736835487436132e+01 2.370559255003180932e-02
-4.250000000000000000e+00 -1.169134295108992383e+01 2.406011458531570960e-02
-3.250000000000000000e+00 -1.169134295108992383e+01 2.415223476808248809e-02
-2.750000000000000000e+00 -1.082531754730548457e+01 2.377363566497423669e-02
-1.750000000000000000e+00 -1.082531754730548457e+01 2.383546697923609806e-02
-4.250000000000000000e+00 -9.959292143521047080e+00 2.401571591498700975e-02
-3.250000000000000000e+00 -9.959292143521047080e+00 2.407179188037942424e-02
-2.750000000000000000e+00 -9.093266739736607818e+00 2.311703397192760301e-02
-1.750000000000000000e+00 -9.093266739736607818e+00 2.385400271588618629e-02
-4.250000000000000000e+00 -8.227241335952170331e+00 2.350728409119182127e-02
-3.250000000000000000e+00 -8.227241335952170331e+00 2.377498650895273902e-02
-2.750000000000000000e+00 -7.361215932167732845e+00 2.400868178395412778e-02
-1.750000000000000000e+00 -7.361215932167732845e+00 2.468265419188716073e-02
-4.250000000000000000e+00 -6.495190528383291806e+00 2.157050535321543977e-02
-3.250000000000000000e+00 -6.495190528383291806e+00 2.398205861777154280e-02
-2.750000000000000000e+00 -5.629165124598854320e+00 2.297187517278501123e-02
-1.750000000000000000e+00 -5.629165124598854320e+00 2.450038011539795724e-02
-4.250000000000000000e+00 -4.763139720814413280e+00 2.297802611481948934e-02
-3.250000000000000000e+00 -4.763139720814413280e+00 2.452060439923516022e-02
-2.750000000000000000e+00 -3.897114317029975794e+00 2.159622682425433454e-02
-1.750000000000000000e+00 -3.897114317029975794e+00 2.422233902440554254e-02
-4.250000000000000000e+00 -3.031088913245538308e+00 2.408071840923847046e-02
-3.250000000000000000e+00 -3.031088913245538308e+00 2.422200205887834606e-02
-2.750000000000000000e+00 -2.165063509461100821e+00 2.531608210395626390e-02
-1.750000000000000000e+00 -2.165063509461100821e+00 1.887430893516593364e-02
-4.250000000000000000e+00 -1.299038105676659782e+00 2.253036873971606818e-02
-3.250000000000000000e+00 -1.299038105676659782e+00 2.497625417525377312e-02
-2.750000000000000000e+00 -4.330127018922222959e-01 2.476471703407162606e-02
-1.750000000000000000e+00 -4.330127018922222959e-01 2.184226363708159646e-02
-4.250000000000000000e+00 4.330127018922151905e-01 2.282058069732410821e-02
-3.250000000000000000e+00 4.330127018922151905e-01 1.887405795617614485e-02
-2.750000000000000000e+00 1.299038105676652677e+00 2.476465667820499164e-02
-1.750000000000000000e+00 1.299038105676652677e+00 2.184211429377351174e-02
-4.250000000000000000e+00 2.165063509461093716e+00 2.253079883403717384e-02
-3.250000000000000000e+00 2.165063509461093716e+00 2.497682309252598210e-02
-2.750000000000000000e+00 3.031088913245531202e+00 2.531576459518606464e-02
-1.750000000000000000e+00 3.031088913245531202e+00 1.887376491562722802e-02
-4.250000000000000000e+00 3.897114317029972241e+00 2.408098841885754349e-02
-3.250000000000000000e+00 3.897114317029972241e+00 2.422243463569132699e-02
-2.750000000000000000e+00 4.763139720814409728e+00 2.159809297848255816e-02
-1.750000000000000000e+00 4.763139720814409728e+00 2.422494227979990825e-02
-4.250000000000000000e+00 5.629165124598847214e+00 2.297211944425084709e-02
-3.250000000000000000e+00 5.629165124598847214e+00 2.451387138168217850e-02
-2.750000000000000000e+00 6.495190528383284700e+00 2.298669280081944849e-02
-1.750000000000000000e+00 6.495190528383284700e+00 2.451679349379493056e-02
-4.250000000000000000e+00 7.361215932167725740e+00 2.155861665543852904e-02
-3.250000000000000000e+00 7.361215932167725740e+00 2.396921692438454959e-02
-2.750000000000000000e+00 8.227241335952166779e+00 2.400600588324193485e-02
-1.750000000000000000e+00 8.227241335952166779e+00 2.467946121871908080e-02
-4.250000000000000000e+00 9.093266739736600712e+00 2.358849294457019546e-02
-3.250000000000000000e+00 9.093266739736600712e+00 2.385739168233091956e-02
-2.750000000000000000e+00 9.959292143521041751e+00 2.296960464475329700e-02
-1.750000000000000000e+00 9.959292143521041751e+00 2.370667224882901103e-02
-4.250000000000000000e+00 1.082531754730548279e+01 2.421008349944369503e-02
-3.250000000000000000e+00 1.082531754730548279e+01 2.426583047402311802e-02
-2.750000000000000000e+00 1.169134295108992383e+01 2.387392105609483645e-02
-1.750000000000000000e+00 1.169134295108992383e+01 2.393837427177051072e-02
-4.250000000000000000e+00 1.255736835487435776e+01 2.352279598657172621e-02
-3.250000000000000000e+00 1.255736835487435776e+01 2.361350791742102689e-02
-2.750000000000000000e+00 1.342339375865879880e+01 2.496562328726911750e-02
-1.750000000000000000e+00 1.342339375865879880e+01 2.486809235722467482e-02
-4.250000000000000000e+00 1.428941916244323274e+01 2.427146484879996735e-02
-3.250000000000000000e+00 1.428941916244323274e+01 2.422580923824531329e-02
-2.750000000000000000e+00 1.515544456622767377e+01 2.377107179801645279e-02
-1.750000000000000000e+00 1.515544456622767377e+01 2.372784975153388251e-02
-4.250000000000000000e+00 1.602146997001211304e+01 2.712361092063387408e-02
-3.250000000000000000e+00 1.602146997001211304e+01 2.707911292853643070e-02
-2.750000000000000000e+00 1.688749537379655408e+01 2.462867409676563688e-02
-1.750000000000000000e+00 1.688749537379655408e+01 2.460630004320623482e-02
-4.250000000000000000e+00 1.775352077758098801e+01 2.807598743542589342e-02
-3.250000000000000000e+00 1.775352077758098801e+01 2.806051088770362967e-02
-2.750000000000000000e+00 1.861954618136542905e+01 3.110108364452691954e-02
-1.750000000000000000e+00 1.861954618136542905e+01 3.108869342989940832e-02
-4.250000000000000000e+00 1.948557158514986298e+01 3.407898650109385252e-02
-3.250000000000000000e+00 1.948557158514986298e+01 3.407426224432617140e-02
-2.750000000000000000e+00 2.035159698893430402e+01 5.071294789327242258e-02
-1.750000000000000000e+00 2.035159698893430402e+01 5.070838567816844666e-02
-4.250000000000000000e+00 2.121762239271873796e+01 3.618552140953999047e-02
-3.250000000000000000e+00 2.121762239271873796e+01 3.618356641092295573e-02
-2.750000000000000000e+00 2.208364779650317899e+01 8.154242679237599933e-02
-1.750000000000000000e+00 2.208364779650317899e+01 8.154132752494724912e-02
-4.250000000000000000e+00 2.294967320028762003e+01 1.078637469584529246e-01
-3.250000000000000000e+00 2.294967320028762003e+01 1.078629439834562359e-01
-2.750000000000000000e+00 2.381569860407206107e+01 3.034020748868994366e-02
-1.750000000000000000e+00 2.381569860407206107e+01 3.033990652929214465e-02
-4.250000000000000000e+00 2.468172400785649501e+01 1.623007953672269410e-01
-3.250000000000000000e+00 2.468172400785649501e+01 1.623006215062035573e-01
-2.750000000000000000e+00 2.554774941164093605e+01 1.732832819831066073e-01
-1.750000000000000000e+00 2.554774941164093605e+01 1.732831053394759402e-01
-1.250000000000000000e+00 -2.554774941164094315e+01 1.732833523946981646e-01
-2.500000000000000000e-01 -2.554774941164094315e+01 1.732832690313522439e-01
2.500000000000000000e-01 -2.468172400785650566e+01 1.623007887784707060e-01
1.250000000000000000e+00 -2.468172400785650566e+01 1.623007168683596180e-01
-1.250000000000000000e+00 -2.381569860407206463e+01 3.034030131098523417e-02
-2.500000000000000000e-01 -2.381569860407206463e+01 3.034011274818596005e-02
2.500000000000000000e-01 -2.294967320028762714e+01 1.078638103308642848e-01
1.250000000000000000e+00 -2.294967320028762714e+01 1.078634197318177335e-01
-1.250000000000000000e+00 -2.208364779650318965e+01 8.154229564877905900e-02
-2.500000000000000000e-01 -2.208364779650318965e+01 8.154166638429864722e-02
2.500000000000000000e-01 -2.121762239271875217e+01 3.618654245283112192e-02
1.250000000000000000e+00 -2.121762239271875217e+01 3.618512793755178369e-02
-1.250000000000000000e+00 -2.035159698893431113e+01 5.071191705058591265e-02
-2.500000000000000000e-01 -2.035159698893431113e+01 5.070956736297019263e-02
2.500000000000000000e-01 -1.948557158514987364e+01 3.408205458995303139e-02
1.250000000000000000e+00 -1.948557158514987364e+01 3.407789195042444652e-02
-1.250000000000000000e+00 -1.861954618136543615e+01 3.110466469598398981e-02
-2.500000000000000000e-01 -1.861954618136543615e+01 3.109712572457663804e-02
2.500000000000000000e-01 -1.775352077758099512e+01 2.807124786834360244e-02
1.250000000000000000e+00 -1.775352077758099512e+01 2.806011076362384046e-02
-1.250000000000000000e+00 -1.688749537379655763e+01 2.465822940197976917e-02
-2.500000000000000000e-01 -1.688749537379655763e+01 2.463766117798552036e-02
2.500000000000000000e-01 -1.602146997001212014e+01 2.710584653174542835e-02
1.250000000000000000e+00 -1.602146997001212014e+01 2.707719754148013927e-02
-1.250000000000000000e+00 -1.515544456622767733e+01 2.378229343185257402e-02
-2.500000000000000000e-01 -1.515544456622767733e+01 2.373807016961786490e-02
2.500000000000000000e-01 -1.428941916244323806e+01 2.437946096552461028e-02
1.250000000000000000e+00 -1.428941916244323806e+01 2.431717432369658385e-02
-1.250000000000000000e+00 -1.342339375865880058e+01 2.482109605057911117e-02
-2.500000000000000000e-01 -1.342339375865880058e+01 2.477249140906908481e-02
2.500000000000000000e-01 -1.255736835487436132e+01 2.377040520156179643e-02
1.250000000000000000e+00 -1.255736835487436132e+01 2.370587381574378386e-02
-1.250000000000000000e+00 -1.169134295108992383e+01 2.414963079423350020e-02
-2.500000000000000000e-01 -1.169134295108992383e+01 2.413274796310052941e-02
2.500000000000000000e-01 -1.082531754730548457e+01 2.373067883927394012e-02
1.250000000000000000e+00 -1.082531754730548457e+01 2.383590761161175423e-02
-1.250000000000000000e+00 -9.959292143521047080e+00 2.405186449990108499e-02
-2.500000000000000000e-01 -9.959292143521047080e+00 2.409639092523277112e-02
2.500000000000000000e-01 -9.093266739736607818e+00 2.356229563827698381e-02
1.250000000000000000e+00 -9.093266739736607818e+00 2.385376486257472992e-02
-1.250000000000000000e+00 -8.227241335952170331e+00 2.286384790524510768e-02
-2.500000000000000000e-01 -8.227241335952170331e+00 2.377477437636383445e-02
2.500000000000000000e-01 -7.361215932167732845e+00 2.412056954855090751e-02
1.250000000000000000e+00 -7.361215932167732845e+00 2.468263693685351576e-02
-1.250000000000000000e+00 -6.495190528383291806e+00 2.190333026316227533e-02
-2.500000000000000000e-01 -6.495190528383291806e+00 2.396612742570999877e-02
2.500000000000000000e-01 -5.629165124598854320e+00 2.207253538385529901e-02
1.250000000000000000e+00 -5.629165124598854320e+00 2.450054797028966558e-02
-1.250000000000000000e+00 -4.763139720814413280e+00 2.408351398570232615e-02
-2.500000000000000000e-01 -4.763139720814413280e+00 2.429847915046800047e-02
2.500000000000000000e-01 -3.897114317029975794e+00 2.253089314732277526e-02
1.250000000000000000e+00 -3.897114317029975794e+00 2.422237813686950111e-02
-1.250000000000000000e+00 -3.031088913245538308e+00 2.531595768626022230e-02
-2.500000000000000000e-01 -3.031088913245538308e+00 2.497622183940982621e-02
2.500000000000000000e-01 -2.165063509461100821e+00 2.476501501833417579e-02
1.250000000000000000e+00 -2.165063509461100821e+00 1.887432904083600343e-02
-1.250000000000000000e+00 -1.299038105676659782e+00 3.784827166891094330e-02
-2.500000000000000000e-01 -1.299038105676659782e+00 2.184211987479791131e-02
2.500000000000000000e-01 -4.330127018922222959e-01 4.986243110180668681e-02
1.250000000000000000e+00 -4.330127018922222959e-01 2.184226363708121135e-02
-1.250000000000000000e+00 4.330127018922151905e-01 4.986246645179565062e-02
-2.500000000000000000e-01 4.330127018922151905e-01 2.563772177175119082e-07
2.500000000000000000e-01 1.299038105676652677e+00 4.986281209939000258e-02
1.250000000000000000e+00 1.299038105676652677e+00 2.184212412657571267e-02
-1.250000000000000000e+00 2.165063509461093716e+00 3.784813960475152950e-02
-2.500000000000000000e-01 2.165063509461093716e+00 2.184246851499814859e-02
2.500000000000000000e-01 3.031088913245531202e+00 2.476468096662584606e-02
1.250000000000000000e+00 3.031088913245531202e+00 1.887378122275114312e-02
-1.250000000000000000e+00 3.897114317029972241e+00 2.531577617413957593e-02
-2.500000000000000000e-01 3.897114317029972241e+00 2.497659560133130840e-02
2.500000000000000000e-01 4.763139720814409728e+00 2.253280065843127344e-02
1.250000000000000000e+00 4.763139720814409728e+00 2.422467858184233075e-02
-1.250000000000000000e+00 5.629165124598847214e+00 2.407675530779204362e-02
-2.500000000000000000e-01 5.629165124598847214e+00 2.429178080488909180e-02
2.500000000000000000e-01 6.495190528383284700e+00 2.208846142367375948e-02
1.250000000000000000e+00 6.495190528383284700e+00 2.451620709019795841e-02
-1.250000000000000000e+00 7.361215932167725740e+00 2.188889206779350699e-02
-2.500000000000000000e-01 7.361215932167725740e+00 2.395318203744490476e-02
2.500000000000000000e-01 8.227241335952166779e+00 2.411774635348012258e-02
1.250000000000000000e+00 8.227241335952166779e+00 2.467946472772826125e-02
-1.250000000000000000e+00 9.093266739736600712e+00 2.294336523353003587e-02
-2.500000000000000000e-01 9.093266739736600712e+00 2.385609075774451290e-02
2.500000000000000000e-01 9.959292143521041751e+00 2.341337898360423136e-02
1.250000000000000000e+00 9.959292143521041751e+00 2.370647780193489707e-02
-1.250000000000000000e+00 1.082531754730548279e+01 2.424569692151925387e-02
-2.500000000000000000e-01 1.082531754730548279e+01 2.428955490632508235e-02
2.500000000000000000e-01 1.169134295108992383e+01 2.383176115030798126e-02
1.250000000000000000e+00 1.169134295108992383e+01 2.393691397437081383e-02
-1.250000000000000000e+00 1.255736835487435776e+01 2.361051958511299620e-02
-2.500000000000000000e-01 1.255736835487435776e+01 2.359474868736805009e-02
2.500000000000000000e-01 1.342339375865879880e+01 2.493373604895098711e-02
1.250000000000000000e+00 1.342339375865879880e+01 2.486788828702699017e-02
-1.250000000000000000e+00 1.428941916244323274e+01 2.423700919813141785e-02
-2.500000000000000000e-01 1.428941916244323274e+01 2.419000867657471188e-02
2.500000000000000000e-01 1.515544456622767377e+01 2.378964525220984838e-02
1.250000000000000000e+00 1.515544456622767377e+01 2.372819447332785020e-02
-1.250000000000000000e+00 1.602146997001211304e+01 2.710955014802320096e-02
-2.500000000000000000e-01 1.602146997001211304e+01 2.706454072096712085e-02
2.500000000000000000e-01 1.688749537379655408e+01 2.463414837231220345e-02
1.250000000000000000e+00 1.688749537379655408e+01 2.460551220640840725e-02
-1.250000000000000000e+00 1.775352077758098801e+01 2.807805865836029979e-02
-2.500000000000000000e-01 1.775352077758098801e+01 2.805758147861795587e-02
2.500000000000000000e-01 1.861954618136542905e+01 3.110029745686455904e-02
1.250000000000000000e+00 1.861954618136542905e+01 3.108844464809879318e-02
-1.250000000000000000e+00 1.948557158514986298e+01 3.407997860264994072e-02
-2.500000000000000000e-01 1.948557158514986298e+01 3.407292536840843267e-02
2.500000000000000000e-01 2.035159698893430402e+01 5.071264252403578920e-02
1.250000000000000000e+00 2.035159698893430402e+01 5.070858297749637061e-02
-1.250000000000000000e+00 2.121762239271873796e+01 3.618536762271963581e-02
-2.500000000000000000e-01 2.121762239271873796e+01 3.618282261335303840e-02
2.500000000000000000e-01 2.208364779650317899e+01 8.154248078965846414e-02
1.250000000000000000e+00 2.208364779650317899e+01 8.154128681328123851e-02
-1.250000000000000000e+00 2.294967320028762003e+01 1.078636103955556147e-01
-2.500000000000000000e-01 2.294967320028762003e+01 1.078628254609720477e-01
2.500000000000000000e-01 2.381569860407206107e+01 3.034022295971539052e-02
1.250000000000000000e+00 2.381569860407206107e+01 3.033984179599823194e-02
-1.250000000000000000e+00 2.468172400785649501e+01 1.623007701812499426e-01
-2.500000000000000000e-01 2.468172400785649501e+01 1.623006333883639518e-01
2.500000000000000000e-01 2.554774941164093605e+01 1.732832741377439423e-01
1.250000000000000000e+00 2.554774941164093605e+01 1.732831019315354271e-01
1.750000000000000000e+00 -2.554774941164094315e+01 1.732833551825554430e-01
2.750000000000000000e+00 -2.554774941164094315e+01 1.732832640315397077e-01
3.250000000000000000e+00 -2.468172400785650566e+01 1.623007939846048409e-01
4.250000000000000000e+00 -2.468172400785650566e+01 1.623007461462942502e-01
1.750000000000000000e+00 -2.381569860407206463e+01 3.034030069812024277e-02
2.750000000000000000e+00 -2.381569860407206463e+01 3.034011856810794883e-02
3.250000000000000000e+00 -2.294967320028762714e+01 1.078638299099863723e-01
4.250000000000000000e+00 -2.294967320028762714e+01 1.078635564384027301e-01
1.750000000000000000e+00 -2.208364779650318965e+01 8.154234790585324077e-02
2.750000000000000000e+00 -2.208364779650318965e+01 8.154177852238236879e-02
3.250000000000000000e+00 -2.121762239271875217e+01 3.618654160683480725e-02
4.250000000000000000e+00 -2.121762239271875217e+01 3.618552781817382935e-02
1.750000000000000000e+00 -2.035159698893431113e+01 5.071219775582313377e-02
2.750000000000000000e+00 -2.035159698893431113e+01 5.071020204064625309e-02
3.250000000000000000e+00 -1.948557158514987364e+01 3.408222243999763090e-02
4.250000000000000000e+00 -1.948557158514987364e+01 3.407937456115001790e-02
1.750000000000000000e+00 -1.861954618136543615e+01 3.110546327330510064e-02
2.750000000000000000e+00 -1.861954618136543615e+01 3.109858869700769801e-02
3.250000000000000000e+00 -1.775352077758099512e+01 2.807357559904032074e-02
4.250000000000000000e+00 -1.775352077758099512e+01 2.806647541788102884e-02
1.750000000000000000e+00 -1.688749537379655763e+01 2.465837772675292389e-02
2.750000000000000000e+00 -1.688749537379655763e+01 2.464079131127799166e-02
3.250000000000000000e+00 -1.602146997001212014e+01 2.711467614444765944e-02
4.250000000000000000e+00 -1.602146997001212014e+01 2.709251511371563170e-02
1.750000000000000000e+00 -1.515544456622767733e+01 2.378167613977506117e-02
2.750000000000000000e+00 -1.515544456622767733e+01 2.375201308401012415e-02
3.250000000000000000e+00 -1.428941916244323806e+01 2.438650324439822770e-02
4.250000000000000000e+00 -1.428941916244323806e+01 2.433303704661313183e-02
1.750000000000000000e+00 -1.342339375865880058e+01 2.485925290968518664e-02
2.750000000000000000e+00 -1.342339375865880058e+01 2.480801009658130732e-02
3.250000000000000000e+00 -1.255736835487436132e+01 2.377193411788595251e-02
4.250000000000000000e+00 -1.255736835487436132e+01 2.374151608862050400e-02
1.750000000000000000e+00 -1.169134295108992383e+01 2.425813135972968576e-02
2.750000000000000000e+00 -1.169134295108992383e+01 2.415169278210308607e-02
3.250000000000000000e+00 -1.082531754730548457e+01 2.391243621191312119e-02
4.250000000000000000e+00 -1.082531754730548457e+01 2.395837535618167841e-02
1.750000000000000000e+00 -9.959292143521047080e+00 2.398214252067344329e-02
2.750000000000000000e+00 -9.959292143521047080e+00 2.407188498387509770e-02
3.250000000000000000e+00 -9.093266739736607818e+00 2.396347388643219056e-02
4.250000000000000000e+00 -9.093266739736607818e+00 2.387782574008568900e-02
1.750000000000000000e+00 -8.227241335952170331e+00 2.296001967090204043e-02
2.750000000000000000e+00 -8.227241335952170331e+00 2.377535891528375148e-02
3.250000000000000000e+00 -7.361215932167732845e+00 2.390559133659501609e-02
4.250000000000000000e+00 -7.361215932167732845e+00 2.443378401864958541e-02
1.750000000000000000e+00 -6.495190528383291806e+00 2.323226537370974565e-02
2.750000000000000000e+00 -6.495190528383291806e+00 2.398196773228402842e-02
3.250000000000000000e+00 -5.629165124598854320e+00 2.230032256206890967e-02
4.250000000000000000e+00 -5.629165124598854320e+00 2.396600961128380475e-02
1.750000000000000000e+00 -4.763139720814413280e+00 2.389725075696632825e-02
2.750000000000000000e+00 -4.763139720814413280e+00 2.452061080299743762e-02
3.250000000000000000e+00 -3.897114317029975794e+00 2.389485427397877726e-02
4.250000000000000000e+00 -3.897114317029975794e+00 2.450472010982562149e-02
1.750000000000000000e+00 -3.031088913245538308e+00 2.282011050515943620e-02
2.750000000000000000e+00 -3.031088913245538308e+00 2.422210368341025377e-02
3.250000000000000000e+00 -2.165063509461100821e+00 2.253081927067468460e-02
4.250000000000000000e+00 -2.165063509461100821e+00 2.429623090217565215e-02
1.750000000000000000e+00 -1.299038105676659782e+00 2.476457651432955806e-02
2.750000000000000000e+00 -1.299038105676659782e+00 2.497629601490794840e-02
3.250000000000000000e+00 -4.330127018922222959e-01 2.531585140277115703e-02
4.250000000000000000e+00 -4.330127018922222959e-01 2.422229031139883776e-02
1.750000000000000000e+00 4.330127018922151905e-01 3.784819546859152783e-02
2.750000000000000000e+00 4.330127018922151905e-01 1.887405795617633913e-02
3.250000000000000000e+00 1.299038105676652677e+00 2.531583811586177526e-02
4.250000000000000000e+00 1.299038105676652677e+00 2.422207253444706027e-02
1.750000000000000000e+00 2.165063509461093716e+00 2.476516813699226882e-02
2.750000000000000000e+00 2.165063509461093716e+00 2.497671114829293215e-02
3.250000000000000000e+00 3.031088913245531202e+00 2.253019806450323390e-02
4.250000000000000000e+00 3.031088913245531202e+00 2.429570419279319243e-02
1.750000000000000000e+00 3.897114317029972241e+00 2.282123093589930735e-02
2.750000000000000000e+00 3.897114317029972241e+00 2.422223133880201454e-02
3.250000000000000000e+00 4.763139720814409728e+00 2.389761984910904191e-02
4.250000000000000000e+00 4.763139720814409728e+00 2.450710553134291883e-02
1.750000000000000000e+00 5.629165124598847214e+00 2.389092468085834975e-02
2.750000000000000000e+00 5.629165124598847214e+00 2.451386688607015349e-02
3.250000000000000000e+00 6.495190528383284700e+00 2.231765541288805929e-02
4.250000000000000000e+00 6.495190528383284700e+00 2.398180311752838925e-02
1.750000000000000000e+00 7.361215932167725740e+00 2.321890307044743862e-02
2.750000000000000000e+00 7.361215932167725740e+00 2.396877115261013269e-02
3.250000000000000000e+00 8.227241335952166779e+00 2.390304333363198544e-02
4.250000000000000000e+00 8.227241335952166779e+00 2.443099204633439672e-02
1.750000000000000000e+00 9.093266739736600712e+00 2.304241285725473418e-02
2.750000000000000000e+00 9.093266739736600712e+00 2.385596091754340134e-02
3.250000000000000000e+00 9.959292143521041751e+00 2.381602062613782239e-02
4.250000000000000000e+00 9.959292143521041751e+00 2.373025742214011913e-02
1.750000000000000000e+00 1.082531754730548279e+01 2.417678000467335386e-02
2.750000000000000000e+00 1.082531754730548279e+01 2.426580267848924347e-02
3.250000000000000000e+00 1.169134295108992383e+01 2.401567486855352151e-02
4.250000000000000000e+00 1.169134295108992383e+01 2.405955847041571505e-02
1.750000000000000000e+00 1.255736835487435776e+01 2.371921363450158957e-02
2.750000000000000000e+00 1.255736835487435776e+01 2.361375766992235281e-02
3.250000000000000000e+00 1.342339375865879880e+01 2.493559007451311843e-02
4.250000000000000000e+00 1.342339375865879880e+01 2.490497233857145998e-02
1.750000000000000000e+00 1.428941916244323274e+01 2.427674463273778172e-02
2.750000000000000000e+00 1.428941916244323274e+01 2.422403997059227598e-02
3.250000000000000000e+00 1.515544456622767377e+01 2.379692494519661944e-02
4.250000000000000000e+00 1.515544456622767377e+01 2.374387854202729062e-02
1.750000000000000000e+00 1.602146997001211304e+01 2.710944832258253834e-02
2.750000000000000000e+00 1.602146997001211304e+01 2.707877377335584854e-02
3.250000000000000000e+00 1.688749537379655408e+01 2.464329265557756513e-02
4.250000000000000000e+00 1.688749537379655408e+01 2.462016982542862553e-02
1.750000000000000000e+00 1.775352077758098801e+01 2.807821624781044190e-02
2.750000000000000000e+00 1.775352077758098801e+01 2.806110981699252299e-02
3.250000000000000000e+00 1.861954618136542905e+01 3.110261925061490185e-02
4.250000000000000000e+00 1.861954618136542905e+01 3.109524013459194491e-02
1.750000000000000000e+00 1.948557158514986298e+01 3.408084938177904227e-02
2.750000000000000000e+00 1.948557158514986298e+01 3.407388154860841595e-02
3.250000000000000000e+00 2.035159698893430402e+01 5.071283709130988693e-02
4.250000000000000000e+00 2.035159698893430402e+01 5.071027005156040351e-02
1.750000000000000000e+00 2.121762239271873796e+01 3.618558605110842180e-02
2.750000000000000000e+00 2.121762239271873796e+01 3.618334070642638400e-02
3.250000000000000000e+00 2.208364779650317899e+01 8.154247028328703850e-02
4.250000000000000000e+00 2.208364779650317899e+01 8.154155808272339767e-02
1.750000000000000000e+00 2.294967320028762003e+01 1.078636412406730055e-01
2.750000000000000000e+00 2.294967320028762003e+01 1.078630533128043800e-01
3.250000000000000000e+00 2.381569860407206107e+01 3.034023627771785525e-02
4.250000000000000000e+00 2.381569860407206107e+01 3.033992623356962515e-02
1.750000000000000000e+00 2.468172400785649501e+01 1.623007773773997853e-01
2.750000000000000000e+00 2.468172400785649501e+01 1.623006706920581688e-01
3.250000000000000000e+00 2.554774941164093605e+01 1.732833085680184348e-01
4.250000000000000000e+00 2.554774941164093605e+01 1.732831566377592558e-01
4.750000000000000000e+00 -2.554774941164094315e+01 1.732833535451913098e-01
5.750000000000000000e+00 -2.554774941164094315e+01 1.732832979312314281e-01
6.250000000000000000e+00 -2.468172400785650566e+01 1.623007928780896836e-01
7.250000000000000000e+00 -2.468172400785650566e+01 1.623007738845163028e-01
4.750000000000000000e+00 -2.381569860407206463e+01 3.034030387059639261e-02
5.750000000000000000e+00 -2.381569860407206463e+01 3.034018662524506915e-02
6.250000000000000000e+00 -2.294967320028762714e+01 1.078638321407057177e-01
7.250000000000000000e+00 -2.294967320028762714e+01 1.078636939134251377e-01
4.750000000000000000e+00 -2.208364779650318965e+01 8.154241193367856022e-02
5.750000000000000000e+00 -2.208364779650318965e+01 8.154208215430965023e-02
6.250000000000000000e+00 -2.121762239271875217e+01 3.618652121745824513e-02
7.250000000000000000e+00 -2.121762239271875217e+01 3.618595160399098315e-02
4.750000000000000000e+00 -2.035159698893431113e+01 5.071256406696796060e-02
5.750000000000000000e+00 -2.035159698893431113e+01 5.071141887722366293e-02
6.250000000000000000e+00 -1.948557158514987364e+01 3.408243049256470814e-02
7.250000000000000000e+00 -1.948557158514987364e+01 3.408087079567073685e-02
4.750000000000000000e+00 -1.861954618136543615e+01 3.110597466243648218e-02
5.750000000000000000e+00 -1.861954618136543615e+01 3.110166087264509827e-02
6.250000000000000000e+00 -1.775352077758099512e+01 2.807635269316222093e-02
7.250000000000000000e+00 -1.775352077758099512e+01 2.807310320273494891e-02
4.750000000000000000e+00 -1.688749537379655763e+01 2.465829769902184651e-02
5.750000000000000000e+00 -1.688749537379655763e+01 2.464702065696722233e-02
6.250000000000000000e+00 -1.602146997001212014e+01 2.712224763910262015e-02
7.250000000000000000e+00 -1.602146997001212014e+01 2.711130829087306238e-02
4.750000000000000000e+00 -1.515544456622767733e+01 2.379178993541144690e-02
5.750000000000000000e+00 -1.515544456622767733e+01 2.377665762096460578e-02
6.250000000000000000e+00 -1.428941916244323806e+01 2.438834925158575584e-02
7.250000000000000000e+00 -1.428941916244323806e+01 2.435399896059227409e-02
4.750000000000000000e+00 -1.342339375865880058e+01 2.491350965972657927e-02
5.750000000000000000e+00 -1.342339375865880058e+01 2.487964052127378256e-02
6.250000000000000000e+00 -1.255736835487436132e+01 2.379370252522261531e-02
7.250000000000000000e+00 -1.255736835487436132e+01 2.377089202979229196e-02
4.750000000000000000e+00 -1.169134295108992383e+01 2.431257302788533692e-02
5.750000000000000000e+00 -1.169134295108992383e+01 2.419687528869755161e-02
6.250000000000000000e+00 -1.082531754730548457e+01 2.408810383224530005e-02
7.250000000000000000e+00 -1.082531754730548457e+01 2.409495222967304034e-02
4.750000000000000000e+00 -9.959292143521047080e+00 2.397404962661711658e-02
5.750000000000000000e+00 -9.959292143521047080e+00 2.401844151980873920e-02
6.250000000000000000e+00 -9.093266739736607818e+00 2.412158543753881168e-02
7.250000000000000000e+00 -9.093266739736607818e+00 2.391176918958122510e-02
4.750000000000000000e+00 -8.227241335952170331e+00 2.342135366942684621e-02
5.750000000000000000e+00 -8.227241335952170331e+00 2.379642384039414027e-02
6.250000000000000000e+00 -7.361215932167732845e+00 2.388496034939072143e-02
7.250000000000000000e+00 -7.361215932167732845e+00 2.414081349881152042e-02
4.750000000000000000e+00 -6.495190528383291806e+00 2.391870990429957253e-02
5.750000000000000000e+00 -6.495190528383291806e+00 2.379124293720072392e-02
6.250000000000000000e+00 -5.629165124598854320e+00 2.295998632574056120e-02
7.250000000000000000e+00 -5.629165124598854320e+00 2.377237561957636081e-02
4.750000000000000000e+00 -4.763139720814413280e+00 2.322271291344460767e-02
5.750000000000000000e+00 -4.763139720814413280e+00 2.468625351516678945e-02
6.250000000000000000e+00 -3.897114317029975794e+00 2.412176781362635261e-02
7.250000000000000000e+00 -3.897114317029975794e+00 2.377904932759107234e-02
4.750000000000000000e+00 -3.031088913245538308e+00 2.207616769673767521e-02
5.750000000000000000e+00 -3.031088913245538308e+00 2.395404797615632159e-02
6.250000000000000000e+00 -2.165063509461100821e+00 2.189154815800317677e-02
7.250000000000000000e+00 -2.165063509461100821e+00 2.468400297501492646e-02
4.750000000000000000e+00 -1.299038105676659782e+00 2.408075593111747015e-02
5.750000000000000000e+00 -1.299038105676659782e+00 2.450442077243682876e-02
6.250000000000000000e+00 -4.330127018922222959e-01 2.297581570545878527e-02
7.250000000000000000e+00 -4.330127018922222959e-01 2.397008655400942323e-02
4.750000000000000000e+00 4.330127018922151905e-01 2.159609602379635937e-02
5.750000000000000000e+00 4.330127018922151905e-01 2.451802713822048840e-02
6.250000000000000000e+00 1.299038105676652677e+00 2.297539148005658602e-02
7.250000000000000000e+00 1.299038105676652677e+00 2.396991371810652111e-02
4.750000000000000000e+00 2.165063509461093716e+00 2.408123161463571887e-02
5.750000000000000000e+00 2.165063509461093716e+00 2.450493453916026410e-02
6.250000000000000000e+00 3.031088913245531202e+00 2.189069195641429877e-02
7.250000000000000000e+00 3.031088913245531202e+00 2.468347015551455165e-02
4.750000000000000000e+00 3.897114317029972241e+00 2.207653977165444092e-02
5.750000000000000000e+00 3.897114317029972241e+00 2.395441603752927751e-02
6.250000000000000000e+00 4.763139720814409728e+00 2.412432226318281248e-02
7.250000000000000000e+00 4.763139720814409728e+00 2.378159159445419196e-02
4.750000000000000000e+00 5.629165124598847214e+00 2.321572995105281034e-02
5.750000000000000000e+00 5.629165124598847214e+00 2.467959402579944506e-02
6.250000000000000000e+00 6.495190528383284700e+00 2.297598124196623126e-02
7.250000000000000000e+00 6.495190528383284700e+00 2.378872252925486389e-02
4.750000000000000000e+00 7.361215932167725740e+00 2.390610886922358430e-02
5.750000000000000000e+00 7.361215932167725740e+00 2.377809070632000421e-02
6.250000000000000000e+00 8.227241335952166779e+00 2.388159947363902025e-02
7.250000000000000000e+00 8.227241335952166779e+00 2.413793826573444601e-02
4.750000000000000000e+00 9.093266739736600712e+00 2.350397238245740400e-02
5.750000000000000000e+00 9.093266739736600712e+00 2.387797791043608231e-02
6.250000000000000000e+00 9.959292143521041751e+00 2.397442319464704319e-02
7.250000000000000000e+00 9.959292143521041751e+00 2.376394801150116809e-02
4.750000000000000000e+00 1.082531754730548279e+01 2.416823620907408710e-02
5.750000000000000000e+00 1.082531754730548279e+01 2.421305178487530296e-02
6.250000000000000000e+00 1.169134295108992383e+01 2.419044194741130221e-02
7.250000000000000000e+00 1.169134295108992383e+01 2.419713611890544902e-02
4.750000000000000000e+00 1.255736835487435776e+01 2.377437394043143901e-02
5.750000000000000000e+00 1.255736835487435776e+01 2.365839194945953267e-02
6.250000000000000000e+00 1.342339375865879880e+01 2.495673017593896814e-02
7.250000000000000000e+00 1.342339375865879880e+01 2.493454369792047487e-02
4.750000000000000000e+00 1.428941916244323274e+01 2.433120958678941514e-02
5.750000000000000000e+00 1.428941916244323274e+01 2.429634249931927892e-02
6.250000000000000000e+00 1.515544456622767377e+01 2.379884977096774490e-02
7.250000000000000000e+00 1.515544456622767377e+01 2.376425838488985254e-02
4.750000000000000000e+00 1.602146997001211304e+01 2.711931751146768807e-02
5.750000000000000000e+00 1.602146997001211304e+01 2.710450956692440905e-02
6.250000000000000000e+00 1.688749537379655408e+01 2.465057734939307688e-02
7.250000000000000000e+00 1.688749537379655408e+01 2.463943970654944304e-02
4.750000000000000000e+00 1.775352077758098801e+01 2.807814776721798133e-02
5.750000000000000000e+00 1.775352077758098801e+01 2.806709359797979197e-02
6.250000000000000000e+00 1.861954618136542905e+01 3.110532243060371016e-02
7.250000000000000000e+00 1.861954618136542905e+01 3.110229784732554403e-02
4.750000000000000000e+00 1.948557158514986298e+01 3.408129262200534915e-02
5.750000000000000000e+00 1.948557158514986298e+01 3.407672505385434675e-02
6.250000000000000000e+00 2.035159698893430402e+01 5.071308711034150374e-02
7.250000000000000000e+00 2.035159698893430402e+01 5.071164233635983010e-02
4.750000000000000000e+00 2.121762239271873796e+01 3.618598238429690528e-02
5.750000000000000000e+00 2.121762239271873796e+01 3.618474982377971327e-02
6.250000000000000000e+00 2.208364779650317899e+01 8.154244219529237225e-02
7.250000000000000000e+00 2.208364779650317899e+01 8.154187114718541851e-02
4.750000000000000000e+00 2.294967320028762003e+01 1.078637785587888420e-01
5.750000000000000000e+00 2.294967320028762003e+01 1.078634951487800475e-01
6.250000000000000000e+00 2.381569860407206107e+01 3.034026010370061144e-02
7.250000000000000000e+00 2.381569860407206107e+01 3.034008859691007115e-02
4.750000000000000000e+00 2.468172400785649501e+01 1.623007988635895293e-01
5.750000000000000000e+00 2.468172400785649501e+01 1.623007514005007090e-01
6.250000000000000000e+00 2.554774941164093605e+01 1.732833355414759302e-01
7.250000000000000000e+00 2.554774941164093605e+01 1.732832728537131439e-01
