-7.250000000000000000e+00 -2.554774941164094315e+01 1.474359234624497694e-01
-6.250000000000000000e+00 -2.554774941164094315e+01 1.474359055417427677e-01
-5.750000000000000000e+00 -2.468172400785650566e+01 1.488440343301815627e-01
-4.750000000000000000e+00 -2.468172400785650566e+01 1.488440511019691603e-01
-7.250000000000000000e+00 -2.381569860407206463e+01 5.029483652811321537e-02
-6.250000000000000000e+00 -2.381569860407206463e+01 5.029484882192929163e-02
-5.750000000000000000e+00 -2.294967320028762714e+01 1.632462460621802169e-01
-4.750000000000000000e+00 -2.294967320028762714e+01 1.632463317267207892e-01
-7.250000000000000000e+00 -2.208364779650318965e+01 1.553284541364806093e-01
-6.250000000000000000e+00 -2.208364779650318965e+01 1.553285666004951548e-01
-5.750000000000000000e+00 -2.121762239271875217e+01 8.646717007630258522e-02
-4.750000000000000000e+00 -2.121762239271875217e+01 8.646763001040874697e-02
-7.250000000000000000e+00 -2.035159698893431113e+01 1.262263307502054233e-01
-6.250000000000000000e+00 -2.035159698893431113e+01 1.262268816922435810e-01
-5.750000000000000000e+00 -1.948557158514987364e+01 1.047139970319200114e-01
-4.750000000000000000e+00 -1.948557158514987364e+01 1.047159287234309399e-01
-7.250000000000000000e+00 -1.861954618136543615e+01 6.693733510875389536e-02
-6.250000000000000000e+00 -1.861954618136543615e+01 6.693961428136853409e-02
-5.750000000000000000e+00 -1.775352077758099512e+01 6.938294738614392276e-02
-4.750000000000000000e+00 -1.775352077758099512e+01 6.938967951767932574e-02
-7.250000000000000000e+00 -1.688749537379655763e+01 5.393723919199156641e-02
-6.250000000000000000e+00 -1.688749537379655763e+01 5.394522236755410621e-02
-5.750000000000000000e+00 -1.602146997001212014e+01 4.187502275473622970e-02
-4.750000000000000000e+00 -1.602146997001212014e+01 4.189538473906329052e-02
-7.250000000000000000e+00 -1.515544456622767733e+01 3.971587239527746283e-02
-6.250000000000000000e+00 -1.515544456622767733e+01 3.974347947062772252e-02
-5.750000000000000000e+00 -1.428941916244323806e+01 3.472610852064577508e-02
-4.750000000000000000e+00 -1.428941916244323806e+01 3.478356663647192565e-02
-7.250000000000000000e+00 -1.342339375865880058e+01 3.264697326573684499e-02
-6.250000000000000000e+00 -1.342339375865880058e+01 3.272381438694164923e-02
-5.750000000000000000e+00 -1.255736835487436132e+01 3.182226082443458809e-02
-4.750000000000000000e+00 -1.255736835487436132e+01 3.199326028346011208e-02
-7.250000000000000000e+00 -1.169134295108992383e+01 3.103906393396499430e-02
-6.250000000000000000e+00 -1.169134295108992383e+01 3.117992811962067706e-02
-5.750000000000000000e+00 -1.082531754730548457e+01 3.084460405125429711e-02
-4.750000000000000000e+00 -1.082531754730548457e+01 3.123255686718932889e-02
-7.250000000000000000e+00 -9.959292143521047080e+00 3.068439380029931024e-02
-6.250000000000000000e+00 -9.959292143521047080e+00 3.097692341651508627e-02
-5.750000000000000000e+00 -9.093266739736607818e+00 3.105527575012836244e-02
-4.750000000000000000e+00 -9.093266739736607818e+00 3.142822280450727201e-02
-7.250000000000000000e+00 -8.227241335952170331e+00 3.049573992299694711e-02
-6.250000000000000000e+00 -8.227241335952170331e+00 3.140546064557907247e-02
-5.750000000000000000e+00 -7.361215932167732845e+00 3.111750008599999465e-02
-4.750000000000000000e+00 -7.361215932167732845e+00 3.154430134332594782e-02
-7.250000000000000000e+00 -6.495190528383291806e+00 3.097111374108993398e-02
-6.250000000000000000e+00 -6.495190528383291806e+00 3.219813517802860847e-02
-5.750000000000000000e+00 -5.629165124598854320e+00 3.047232461082646782e-02
-4.750000000000000000e+00 -5.629165124598854320e+00 3.289755906088739912e-02
-7.250000000000000000e+00 -4.763139720814413280e+00 3.162744378083921781e-02
-6.250000000000000000e+00 -4.763139720814413280e+00 3.196614006224630239e-02
-5.750000000000000000e+00 -3.897114317029975794e+00 3.272736021899846914e-02
-4.750000000000000000e+00 -3.897114317029975794e+00 3.419526887006487520e-02
-7.250000000000000000e+00 -3.031088913245538308e+00 3.066511928666873846e-02
-6.250000000000000000e+00 -3.031088913245538308e+00 3.316350516163193290e-02
-5.750000000000000000e+00 -2.165063509461100821e+00 3.518003630609251031e-02
-4.750000000000000000e+00 -2.165063509461100821e+00 3.060166834577307537e-02
-7.250000000000000000e+00 -1.299038105676659782e+00 3.122913279845672754e-02
-6.250000000000000000e+00 -1.299038105676659782e+00 3.419499533554423015e-02
-5.750000000000000000e+00 -4.330127018922222959e-01 3.154441662417557801e-02
-4.750000000000000000e+00 -4.330127018922222959e-01 3.341988062488605860e-02
-7.250000000000000000e+00 4.330127018922151905e-01 3.289862362673996038e-02
-6.250000000000000000e+00 4.330127018922151905e-01 3.087952981296578081e-02
-5.750000000000000000e+00 1.299038105676652677e+00 3.154442072020449683e-02
-4.750000000000000000e+00 1.299038105676652677e+00 3.341989823720817321e-02
-7.250000000000000000e+00 2.165063509461093716e+00 3.122913767966939078e-02
-6.250000000000000000e+00 2.165063509461093716e+00 3.419501921006216222e-02
-5.750000000000000000e+00 3.031088913245531202e+00 3.518004992170545298e-02
-4.750000000000000000e+00 3.031088913245531202e+00 3.060176384254686965e-02
-7.250000000000000000e+00 3.897114317029972241e+00 3.066530122160192676e-02
-6.250000000000000000e+00 3.897114317029972241e+00 3.316369808841942990e-02
-5.750000000000000000e+00 4.763139720814409728e+00 3.272762266506722834e-02
-4.750000000000000000e+00 4.763139720814409728e+00 3.419563903501144503e-02
-7.250000000000000000e+00 5.629165124598847214e+00 3.162853535356297680e-02
-6.250000000000000000e+00 5.629165124598847214e+00 3.196725240645560684e-02
-5.750000000000000000e+00 6.495190528383284700e+00 3.047482334582275743e-02
-4.750000000000000000e+00 6.495190528383284700e+00 3.289996833631507467e-02
-7.250000000000000000e+00 7.361215932167725740e+00 3.097579903878108082e-02
-6.250000000000000000e+00 7.361215932167725740e+00 3.220290793513382044e-02
-5.750000000000000000e+00 8.227241335952166779e+00 3.113470835788665833e-02
-4.750000000000000000e+00 8.227241335952166779e+00 3.156128589733401407e-02
-7.250000000000000000e+00 9.093266739736600712e+00 3.051864638163917509e-02
-6.250000000000000000e+00 9.093266739736600712e+00 3.142830438129444459e-02
-5.750000000000000000e+00 9.959292143521041751e+00 3.113275579933330248e-02
-4.750000000000000000e+00 9.959292143521041751e+00 3.150555220952564600e-02
-7.250000000000000000e+00 1.082531754730548279e+01 3.084459900549704064e-02
-6.250000000000000000e+00 1.082531754730548279e+01 3.113672684200575330e-02
-5.750000000000000000e+00 1.169134295108992383e+01 3.106130767566914197e-02
-4.750000000000000000e+00 1.169134295108992383e+01 3.144899117633105645e-02
-7.250000000000000000e+00 1.255736835487435776e+01 3.188937577393961137e-02
-6.250000000000000000e+00 1.255736835487435776e+01 3.202966874109405143e-02
-5.750000000000000000e+00 1.342339375865879880e+01 3.263645903422907057e-02
-4.750000000000000000e+00 1.342339375865879880e+01 3.280706792710400693e-02
-7.250000000000000000e+00 1.428941916244323274e+01 3.472886632560262532e-02
-6.250000000000000000e+00 1.428941916244323274e+01 3.480518897540774148e-02
-5.750000000000000000e+00 1.515544456622767377e+01 3.972374784631537564e-02
-4.750000000000000000e+00 1.515544456622767377e+01 3.978098411587432937e-02
-7.250000000000000000e+00 1.602146997001211304e+01 4.187133087979116874e-02
-6.250000000000000000e+00 1.602146997001211304e+01 4.189849827470199656e-02
-5.750000000000000000e+00 1.688749537379655408e+01 5.394024121371997910e-02
-4.750000000000000000e+00 1.688749537379655408e+01 5.396064637233906336e-02
-7.250000000000000000e+00 1.775352077758098801e+01 6.938311195483863603e-02
-6.250000000000000000e+00 1.775352077758098801e+01 6.939059096389328662e-02
-5.750000000000000000e+00 1.861954618136542905e+01 6.693742506043443008e-02
-4.750000000000000000e+00 1.861954618136542905e+01 6.694409353202827873e-02
-7.250000000000000000e+00 1.948557158514986298e+01 1.047143031775615990e-01
-6.250000000000000000e+00 1.948557158514986298e+01 1.047163301120743878e-01
-5.750000000000000000e+00 2.035159698893430402e+01 1.262262556706869598e-01
-4.750000000000000000e+00 2.035159698893430402e+01 1.262280129553965680e-01
-7.250000000000000000e+00 2.121762239271873796e+01 8.646717057622989311e-02
-6.250000000000000000e+00 2.121762239271873796e+01 8.646766715499082379e-02
-5.750000000000000000e+00 2.208364779650317899e+01 1.553284303349878603e-01
-4.750000000000000000e+00 2.208364779650317899e+01 1.553288648756249724e-01
-7.250000000000000000e+00 2.294967320028762003e+01 1.632462286905265181e-01
-6.250000000000000000e+00 2.294967320028762003e+01 1.632462384815998591e-01
-5.750000000000000000e+00 2.381569860407206107e+01 5.029483874270462146e-02
-4.750000000000000000e+00 2.381569860407206107e+01 5.029489940411103338e-02
-7.250000000000000000e+00 2.468172400785649501e+01 1.488440297661694500e-01
-6.250000000000000000e+00 2.468172400785649501e+01 1.488440002767513204e-01
-5.750000000000000000e+00 2.554774941164093605e+01 1.474359306916976364e-01
-4.750000000000000000e+00 2.554774941164093605e+01 1.474358970914771416e-01
-4.250000000000000000e+00 -2.554774941164094315e+01 1.474359204599803019e-01
-3.250000000000000000e+00 -2.554774941164094315e+01 1.474359424250646089e-01
-2.750000000000000000e+00 -2.468172400785650566e+01 1.488440300266862526e-01
-1.750000000000000000e+00 -2.468172400785650566e+01 1.488441026030472292e-01
-4.250000000000000000e+00 -2.381569860407206463e+01 5.029483504249920856e-02
-3.250000000000000000e+00 -2.381569860407206463e+01 5.029490872560674064e-02
-2.750000000000000000e+00 -2.294967320028762714e+01 1.632462298471755724e-01
-1.750000000000000000e+00 -2.294967320028762714e+01 1.632464958096696006e-01
-4.250000000000000000e+00 -2.208364779650318965e+01 1.553284503047950016e-01
-3.250000000000000000e+00 -2.208364779650318965e+01 1.553288384366765251e-01
-2.750000000000000000e+00 -2.121762239271875217e+01 8.646715471453106372e-02
-1.750000000000000000e+00 -2.121762239271875217e+01 8.646792297355980483e-02
-4.250000000000000000e+00 -2.035159698893431113e+01 1.262263708886386393e-01
-3.250000000000000000e+00 -2.035159698893431113e+01 1.262276920141455760e-01
-2.750000000000000000e+00 -1.948557158514987364e+01 1.047140315436128760e-01
-1.750000000000000000e+00 -1.948557158514987364e+01 1.047167970270153764e-01
-4.250000000000000000e+00 -1.861954618136543615e+01 6.693735791860344619e-02
-3.250000000000000000e+00 -1.861954618136543615e+01 6.694177932758081651e-02
-2.750000000000000000e+00 -1.775352077758099512e+01 6.938341303156833617e-02
-1.750000000000000000e+00 -1.775352077758099512e+01 6.939297487586387758e-02
-4.250000000000000000e+00 -1.688749537379655763e+01 5.393673345492672189e-02
-3.250000000000000000e+00 -1.688749537379655763e+01 5.395213733487044111e-02
-2.750000000000000000e+00 -1.602146997001212014e+01 4.187542559314388901e-02
-1.750000000000000000e+00 -1.602146997001212014e+01 4.190568446070273845e-02
-4.250000000000000000e+00 -1.515544456622767733e+01 3.971865760118514083e-02
-3.250000000000000000e+00 -1.515544456622767733e+01 3.976775191813386456e-02
-2.750000000000000000e+00 -1.428941916244323806e+01 3.472100379104434142e-02
-1.750000000000000000e+00 -1.428941916244323806e+01 3.481269242681608866e-02
-4.250000000000000000e+00 -1.342339375865880058e+01 3.266899159014814008e-02
-3.250000000000000000e+00 -1.342339375865880058e+01 3.279440462074468404e-02
-2.750000000000000000e+00 -1.255736835487436132e+01 3.183474136191113968e-02
-1.750000000000000000e+00 -1.255736835487436132e+01 3.208544230780808332e-02
-4.250000000000000000e+00 -1.169134295108992383e+01 3.104662507406155680e-02
-3.250000000000000000e+00 -1.169134295108992383e+01 3.132305014034991036e-02
-2.750000000000000000e+00 -1.082531754730548457e+01 3.097606941832278804e-02
-1.750000000000000000e+00 -1.082531754730548457e+01 3.147843246656387844e-02
-4.250000000000000000e+00 -9.959292143521047080e+00 3.059627984594182060e-02
-3.250000000000000000e+00 -9.959292143521047080e+00 3.128609860095975942e-02
-2.750000000000000000e+00 -9.093266739736607818e+00 3.101599742395359446e-02
-1.750000000000000000e+00 -9.093266739736607818e+00 3.177239650695385526e-02
-4.250000000000000000e+00 -8.227241335952170331e+00 3.113476055048347568e-02
-3.250000000000000000e+00 -8.227241335952170331e+00 3.222003221693245378e-02
-2.750000000000000000e+00 -7.361215932167732845e+00 3.047953002164514522e-02
-1.750000000000000000e+00 -7.361215932167732845e+00 3.197446596275121261e-02
-4.250000000000000000e+00 -6.495190528383291806e+00 3.401639768369155159e-02
-3.250000000000000000e+00 -6.495190528383291806e+00 3.289999666829310915e-02
-2.750000000000000000e+00 -5.629165124598854320e+00 3.452815877767567015e-02
-1.750000000000000000e+00 -5.629165124598854320e+00 3.419668315874384301e-02
-4.250000000000000000e+00 -4.763139720814413280e+00 3.452724224906418560e-02
-3.250000000000000000e+00 -4.763139720814413280e+00 3.088007478546514820e-02
-2.750000000000000000e+00 -3.897114317029975794e+00 5.065618735715687188e-02
-1.750000000000000000e+00 -3.897114317029975794e+00 3.342012514171743831e-02
-4.250000000000000000e+00 -3.031088913245538308e+00 3.053256241833915419e-02
-3.250000000000000000e+00 -3.031088913245538308e+00 3.341996498625265932e-02
-2.750000000000000000e+00 -2.165063509461100821e+00 5.541364621474385854e-02
-1.750000000000000000e+00 -2.165063509461100821e+00 2.227061578879309042e-02
-4.250000000000000000e+00 -1.299038105676659782e+00 3.657393115832747316e-02
-3.250000000000000000e+00 -1.299038105676659782e+00 3.427900924146760203e-02
-2.750000000000000000e+00 -4.330127018922222959e-01 3.523918508930287685e-02
-1.750000000000000000e+00 -4.330127018922222959e-01 2.892341507951736237e-02
-4.250000000000000000e+00 4.330127018922151905e-01 4.476753113560115460e-02
-3.250000000000000000e+00 4.330127018922151905e-01 2.227062228886947035e-02
-2.750000000000000000e+00 1.299038105676652677e+00 3.523918250390950524e-02
-1.750000000000000000e+00 1.299038105676652677e+00 2.892341958042401323e-02
-4.250000000000000000e+00 2.165063509461093716e+00 3.657397415642434785e-02
-3.250000000000000000e+00 2.165063509461093716e+00 3.427902263116488352e-02
-2.750000000000000000e+00 3.031088913245531202e+00 5.541374657893649580e-02
-1.750000000000000000e+00 3.031088913245531202e+00 2.227064313926271216e-02
-4.250000000000000000e+00 3.897114317029972241e+00 3.053272306265041730e-02
-3.250000000000000000e+00 3.897114317029972241e+00 3.342009521669942612e-02
-2.750000000000000000e+00 4.763139720814409728e+00 5.065676058096632572e-02
-1.750000000000000000e+00 4.763139720814409728e+00 3.342037445099448750e-02
-4.250000000000000000e+00 5.629165124598847214e+00 3.452813011329969317e-02
-3.250000000000000000e+00 5.629165124598847214e+00 3.088104968404341982e-02
-2.750000000000000000e+00 6.495190528383284700e+00 3.453093424520807531e-02
-1.750000000000000000e+00 6.495190528383284700e+00 3.419914483879738648e-02
-4.250000000000000000e+00 7.361215932167725740e+00 3.402089461931515763e-02
-3.250000000000000000e+00 7.361215932167725740e+00 3.290451468201500279e-02
-2.750000000000000000e+00 8.227241335952166779e+00 3.049673524893203175e-02
-1.750000000000000000e+00 8.227241335952166779e+00 3.199186319682949253e-02
-4.250000000000000000e+00 9.093266739736600712e+00 3.115767419864326482e-02
-3.250000000000000000e+00 9.093266739736600712e+00 3.224268647266590598e-02
-2.750000000000000000e+00 9.959292143521041751e+00 3.109358139399245879e-02
-1.750000000000000000e+00 9.959292143521041751e+00 3.185031075887165275e-02
-4.250000000000000000e+00 1.082531754730548279e+01 3.075639273823960185e-02
-3.250000000000000000e+00 1.082531754730548279e+01 3.144621829998639484e-02
-2.750000000000000000e+00 1.169134295108992383e+01 3.119313012886149039e-02
-1.750000000000000000e+00 1.169134295108992383e+01 3.169567121518729325e-02
-4.250000000000000000e+00 1.255736835487435776e+01 3.189659123922961026e-02
-3.250000000000000000e+00 1.255736835487435776e+01 3.217353752912852083e-02
-2.750000000000000000e+00 1.342339375865879880e+01 3.264908929424060330e-02
-1.750000000000000000e+00 1.342339375865879880e+01 3.290040862060268634e-02
-4.250000000000000000e+00 1.428941916244323274e+01 3.475062063705789545e-02
-3.250000000000000000e+00 1.428941916244323274e+01 3.487653507518066742e-02
-2.750000000000000000e+00 1.515544456622767377e+01 3.971851222631647693e-02
-1.750000000000000000e+00 1.515544456622767377e+01 3.981115940254586344e-02
-4.250000000000000000e+00 1.602146997001211304e+01 4.187410054274794124e-02
-3.250000000000000000e+00 1.602146997001211304e+01 4.192349746118052833e-02
-2.750000000000000000e+00 1.688749537379655408e+01 5.394072469658853231e-02
-1.750000000000000000e+00 1.688749537379655408e+01 5.397158549802739957e-02
-4.250000000000000000e+00 1.775352077758098801e+01 6.938248772541689979e-02
-3.250000000000000000e+00 1.775352077758098801e+01 6.939828090574809427e-02
-2.750000000000000000e+00 1.861954618136542905e+01 6.693811777470173863e-02
-1.750000000000000000e+00 1.861954618136542905e+01 6.694797517216709293e-02
-4.250000000000000000e+00 1.948557158514986298e+01 1.047142075400284700e-01
-3.250000000000000000e+00 1.948557158514986298e+01 1.047189493765214030e-01
-2.750000000000000000e+00 2.035159698893430402e+01 1.262263533280242600e-01
-1.750000000000000000e+00 2.035159698893430402e+01 1.262294630456391731e-01
-4.250000000000000000e+00 2.121762239271873796e+01 8.646726233926069205e-02
-3.250000000000000000e+00 2.121762239271873796e+01 8.646853981827611058e-02
-2.750000000000000000e+00 2.208364779650317899e+01 1.553284412617551014e-01
-1.750000000000000000e+00 2.208364779650317899e+01 1.553293514582297641e-01
-4.250000000000000000e+00 2.294967320028762003e+01 1.632462679326891208e-01
-3.250000000000000000e+00 2.294967320028762003e+01 1.632465788084262459e-01
-2.750000000000000000e+00 2.381569860407206107e+01 5.029484644321383091e-02
-1.750000000000000000e+00 2.381569860407206107e+01 5.029503475368003046e-02
-4.250000000000000000e+00 2.468172400785649501e+01 1.488440348647705469e-01
-3.250000000000000000e+00 2.468172400785649501e+01 1.488441066198944174e-01
-2.750000000000000000e+00 2.554774941164093605e+01 1.474359242551760985e-01
-1.750000000000000000e+00 2.554774941164093605e+01 1.474360068534576462e-01
-1.250000000000000000e+00 -2.554774941164094315e+01 1.474359219255086395e-01
-2.500000000000000000e-01 -2.554774941164094315e+01 1.474359907641147049e-01
2.500000000000000000e-01 -2.468172400785650566e+01 1.488440351523595551e-01
1.250000000000000000e+00 -2.468172400785650566e+01 1.488440724126305903e-01
-1.250000000000000000e+00 -2.381569860407206463e+01 5.029483946657352378e-02
-2.500000000000000000e-01 -2.381569860407206463e+01 5.029493576121094045e-02
2.500000000000000000e-01 -2.294967320028762714e+01 1.632462336386245605e-01
1.250000000000000000e+00 -2.294967320028762714e+01 1.632464007628739444e-01
-1.250000000000000000e+00 -2.208364779650318965e+01 1.553284548100080931e-01
-2.500000000000000000e-01 -2.208364779650318965e+01 1.553288145926063346e-01
2.500000000000000000e-01 -2.121762239271875217e+01 8.646715665279586238e-02
1.250000000000000000e+00 -2.121762239271875217e+01 8.646769371978116347e-02
-1.250000000000000000e+00 -2.035159698893431113e+01 1.262263230389744917e-01
-2.500000000000000000e-01 -2.035159698893431113e+01 1.262277196747955410e-01
2.500000000000000000e-01 -1.948557158514987364e+01 1.047141032539291999e-01
1.250000000000000000e+00 -1.948557158514987364e+01 1.047162283130272653e-01
-1.250000000000000000e+00 -1.861954618136543615e+01 6.693717492857523266e-02
-2.500000000000000000e-01 -1.861954618136543615e+01 6.694218067568262487e-02
2.500000000000000000e-01 -1.775352077758099512e+01 6.938343341422049948e-02
1.250000000000000000e+00 -1.775352077758099512e+01 6.939208029382107346e-02
-1.250000000000000000e+00 -1.688749537379655763e+01 5.393671894600020333e-02
-2.500000000000000000e-01 -1.688749537379655763e+01 5.395446377419126083e-02
2.500000000000000000e-01 -1.602146997001212014e+01 4.187420350539150515e-02
1.250000000000000000e+00 -1.602146997001212014e+01 4.190478948917562840e-02
-1.250000000000000000e+00 -1.515544456622767733e+01 3.972186494775709065e-02
-2.500000000000000000e-01 -1.515544456622767733e+01 3.977843549574749255e-02
2.500000000000000000e-01 -1.428941916244323806e+01 3.471869451550249619e-02
1.250000000000000000e+00 -1.428941916244323806e+01 3.481183760987231757e-02
-1.250000000000000000e+00 -1.342339375865880058e+01 3.267184948224726576e-02
-2.500000000000000000e-01 -1.342339375865880058e+01 3.282697611144629740e-02
2.500000000000000000e-01 -1.255736835487436132e+01 3.184695051015896949e-02
1.250000000000000000e+00 -1.255736835487436132e+01 3.208446059265725875e-02
-1.250000000000000000e+00 -1.169134295108992383e+01 3.100719874753532501e-02
-2.500000000000000000e-01 -1.169134295108992383e+01 3.139198659500683219e-02
2.500000000000000000e-01 -1.082531754730548457e+01 3.096217710182028529e-02
1.250000000000000000e+00 -1.082531754730548457e+01 3.147755450137582067e-02
-1.250000000000000000e+00 -9.959292143521047080e+00 3.064245400861936863e-02
-2.500000000000000000e-01 -9.959292143521047080e+00 3.145590565191022647e-02
2.500000000000000000e-01 -9.093266739736607818e+00 3.074309627077419921e-02
1.250000000000000000e+00 -9.093266739736607818e+00 3.177189329732663103e-02
-1.250000000000000000e+00 -8.227241335952170331e+00 3.165280033738403220e-02
-2.500000000000000000e-01 -8.227241335952170331e+00 3.263895956004436716e-02
2.500000000000000000e-01 -7.361215932167732845e+00 3.067392468888002766e-02
1.250000000000000000e+00 -7.361215932167732845e+00 3.197424661737423290e-02
-1.250000000000000000e+00 -6.495190528383291806e+00 3.273114434478903434e-02
-2.500000000000000000e-01 -6.495190528383291806e+00 3.316769341422148160e-02
2.500000000000000000e-01 -5.629165124598854320e+00 3.518167612662714827e-02
1.250000000000000000e+00 -5.629165124598854320e+00 3.419663101384675524e-02
-1.250000000000000000e+00 -4.763139720814413280e+00 3.053307294112961312e-02
-2.500000000000000000e-01 -4.763139720814413280e+00 3.060228868880324193e-02
2.500000000000000000e-01 -3.897114317029975794e+00 3.657416685755981306e-02
1.250000000000000000e+00 -3.897114317029975794e+00 3.342016627063554290e-02
-1.250000000000000000e+00 -3.031088913245538308e+00 5.541369281885785703e-02
-2.500000000000000000e-01 -3.031088913245538308e+00 3.427909067098408591e-02
2.500000000000000000e-01 -2.165063509461100821e+00 3.523921932570734522e-02
1.250000000000000000e+00 -2.165063509461100821e+00 2.227065027951633663e-02
-1.250000000000000000e+00 -1.299038105676659782e+00 1.416790259855586764e-01
-2.500000000000000000e-01 -1.299038105676659782e+00 2.892341714487373094e-02
2.500000000000000000e-01 -4.330127018922222959e-01 1.981302270424445400e-01
1.250000000000000000e+00 -4.330127018922222959e-01 2.892341507951716462e-02
-1.250000000000000000e+00 4.330127018922151905e-01 1.981301885574417443e-01
-2.500000000000000000e-01 4.330127018922151905e-01 1.528540556886618615e-06
2.500000000000000000e-01 1.299038105676652677e+00 1.981300831105379245e-01
1.250000000000000000e+00 1.299038105676652677e+00 2.892343155899913115e-02
-1.250000000000000000e+00 2.165063509461093716e+00 1.416791003278957128e-01
-2.500000000000000000e-01 2.165063509461093716e+00 2.892342467912839901e-02
2.500000000000000000e-01 3.031088913245531202e+00 3.523924890095998796e-02
1.250000000000000000e+00 3.031088913245531202e+00 2.227074236725374440e-02
-1.250000000000000000e+00 3.897114317029972241e+00 5.541383383459881629e-02
-2.500000000000000000e-01 3.897114317029972241e+00 3.427927735314951346e-02
2.500000000000000000e-01 4.763139720814409728e+00 3.657452040572154589e-02
1.250000000000000000e+00 4.763139720814409728e+00 3.342059215061424227e-02
-1.250000000000000000e+00 5.629165124598847214e+00 3.053411680604228851e-02
-2.500000000000000000e-01 5.629165124598847214e+00 3.060342281961363903e-02
2.500000000000000000e-01 6.495190528383284700e+00 3.518402013767998882e-02
1.250000000000000000e+00 6.495190528383284700e+00 3.419926887649737957e-02
-1.250000000000000000e+00 7.361215932167725740e+00 3.273614579490000120e-02
-2.500000000000000000e-01 7.361215932167725740e+00 3.317253704092686800e-02
2.500000000000000000e-01 8.227241335952166779e+00 3.069102419064498322e-02
1.250000000000000000e+00 8.227241335952166779e+00 3.199146452934741036e-02
-1.250000000000000000e+00 9.093266739736600712e+00 3.167606960076845002e-02
-2.500000000000000000e-01 9.093266739736600712e+00 3.266222558627755734e-02
2.500000000000000000e-01 9.959292143521041751e+00 3.082096231245370910e-02
1.250000000000000000e+00 9.959292143521041751e+00 3.184931509129347582e-02
-1.250000000000000000e+00 1.082531754730548279e+01 3.080262954252245555e-02
-2.500000000000000000e-01 1.082531754730548279e+01 3.161652330223059526e-02
2.500000000000000000e-01 1.169134295108992383e+01 3.117920032489643334e-02
1.250000000000000000e+00 1.169134295108992383e+01 3.169423894902819588e-02
-1.250000000000000000e+00 1.255736835487435776e+01 3.185749974475576146e-02
-2.500000000000000000e-01 1.255736835487435776e+01 3.224240448130913372e-02
2.500000000000000000e-01 1.342339375865879880e+01 3.266105989186434549e-02
1.250000000000000000e+00 1.342339375865879880e+01 3.289839324515216046e-02
-1.250000000000000000e+00 1.428941916244323274e+01 3.475404310668025326e-02
-2.500000000000000000e-01 1.428941916244323274e+01 3.490899620547629340e-02
2.500000000000000000e-01 1.515544456622767377e+01 3.971635436458841040e-02
1.250000000000000000e+00 1.515544456622767377e+01 3.980882228079646312e-02
-1.250000000000000000e+00 1.602146997001211304e+01 4.187754698719736712e-02
-2.500000000000000000e-01 1.602146997001211304e+01 4.193442911409890617e-02
2.500000000000000000e-01 1.688749537379655408e+01 5.393975789271543420e-02
1.250000000000000000e+00 1.688749537379655408e+01 5.396969960585124015e-02
-1.250000000000000000e+00 1.775352077758098801e+01 6.938250917006516527e-02
-2.500000000000000000e-01 1.775352077758098801e+01 6.940077812432753068e-02
2.500000000000000000e-01 1.861954618136542905e+01 6.693806760073509055e-02
1.250000000000000000e+00 1.861954618136542905e+01 6.694676594901644018e-02
-1.250000000000000000e+00 1.948557158514986298e+01 1.047141834496489038e-01
-2.500000000000000000e-01 1.948557158514986298e+01 1.047193780550449149e-01
2.500000000000000000e-01 2.035159698893430402e+01 1.262263145670559916e-01
1.250000000000000000e+00 2.035159698893430402e+01 1.262286869945045686e-01
-1.250000000000000000e+00 2.121762239271873796e+01 8.646729205229639059e-02
-2.500000000000000000e-01 2.121762239271873796e+01 8.646881772462855498e-02
2.500000000000000000e-01 2.208364779650317899e+01 1.553284405143319225e-01
1.250000000000000000e+00 2.208364779650317899e+01 1.553290044031397643e-01
-1.250000000000000000e+00 2.294967320028762003e+01 1.632462461308168411e-01
-2.500000000000000000e-01 2.294967320028762003e+01 1.632468363597041061e-01
2.500000000000000000e-01 2.381569860407206107e+01 5.029483977410040274e-02
1.250000000000000000e+00 2.381569860407206107e+01 5.029502552207914395e-02
-1.250000000000000000e+00 2.468172400785649501e+01 1.488440265720026578e-01
-2.500000000000000000e-01 2.468172400785649501e+01 1.488441906779803536e-01
2.500000000000000000e-01 2.554774941164093605e+01 1.474359133924684762e-01
1.250000000000000000e+00 2.554774941164093605e+01 1.474360792518710495e-01
1.750000000000000000e+00 -2.554774941164094315e+01 1.474359219843677515e-01
2.750000000000000000e+00 -2.554774941164094315e+01 1.474359564355673391e-01
3.250000000000000000e+00 -2.468172400785650566e+01 1.488440388894325395e-01
4.250000000000000000e+00 -2.468172400785650566e+01 1.488440184899872398e-01
1.750000000000000000e+00 -2.381569860407206463e+01 5.029484006661655987e-02
2.750000000000000000e+00 -2.381569860407206463e+01 5.029487507876766184e-02
3.250000000000000000e+00 -2.294967320028762714e+01 1.632462430980183288e-01
4.250000000000000000e+00 -2.294967320028762714e+01 1.632462519622621677e-01
1.750000000000000000e+00 -2.208364779650318965e+01 1.553284804736780600e-01
2.750000000000000000e+00 -2.208364779650318965e+01 1.553285750541484600e-01
3.250000000000000000e+00 -2.121762239271875217e+01 8.646715575000107901e-02
4.250000000000000000e+00 -2.121762239271875217e+01 8.646754322162925055e-02
1.750000000000000000e+00 -2.035159698893431113e+01 1.262263509694264429e-01
2.750000000000000000e+00 -2.035159698893431113e+01 1.262271648466426477e-01
3.250000000000000000e+00 -1.948557158514987364e+01 1.047140771055333347e-01
4.250000000000000000e+00 -1.948557158514987364e+01 1.047158383269763821e-01
1.750000000000000000e+00 -1.861954618136543615e+01 6.693711831625998032e-02
2.750000000000000000e+00 -1.861954618136543615e+01 6.694118181829672443e-02
3.250000000000000000e+00 -1.775352077758099512e+01 6.938319068766685138e-02
4.250000000000000000e+00 -1.775352077758099512e+01 6.938961775818731914e-02
1.750000000000000000e+00 -1.688749537379655763e+01 5.393679954450805725e-02
2.750000000000000000e+00 -1.688749537379655763e+01 5.395145196999290294e-02
3.250000000000000000e+00 -1.602146997001212014e+01 4.187330027352296341e-02
4.250000000000000000e+00 -1.602146997001212014e+01 4.189545519487844483e-02
1.750000000000000000e+00 -1.515544456622767733e+01 3.972129136035529307e-02
2.750000000000000000e+00 -1.515544456622767733e+01 3.976691203465188007e-02
3.250000000000000000e+00 -1.428941916244323806e+01 3.471848245177414777e-02
4.250000000000000000e+00 -1.428941916244323806e+01 3.478383082240788654e-02
1.750000000000000000e+00 -1.342339375865880058e+01 3.266120288831531049e-02
2.750000000000000000e+00 -1.342339375865880058e+01 3.279369474877455448e-02
3.250000000000000000e+00 -1.255736835487436132e+01 3.183901684328283022e-02
4.250000000000000000e+00 -1.255736835487436132e+01 3.199362409329720158e-02
1.750000000000000000e+00 -1.169134295108992383e+01 3.098558227588898983e-02
2.750000000000000000e+00 -1.169134295108992383e+01 3.132264127933998693e-02
3.250000000000000000e+00 -1.082531754730548457e+01 3.087533720209609256e-02
4.250000000000000000e+00 -1.082531754730548457e+01 3.123295765301448146e-02
1.750000000000000000e+00 -9.959292143521047080e+00 3.067085750672787769e-02
2.750000000000000000e+00 -9.959292143521047080e+00 3.128580114422746528e-02
3.250000000000000000e+00 -9.093266739736607818e+00 3.060430975766953443e-02
4.250000000000000000e+00 -9.093266739736607818e+00 3.142859031890216093e-02
1.750000000000000000e+00 -8.227241335952170331e+00 3.133595229771787838e-02
2.750000000000000000e+00 -8.227241335952170331e+00 3.221984441989741293e-02
3.250000000000000000e+00 -7.361215932167732845e+00 3.070184288819754331e-02
4.250000000000000000e+00 -7.361215932167732845e+00 3.154449217995172750e-02
1.750000000000000000e+00 -6.495190528383291806e+00 3.123328339759515182e-02
2.750000000000000000e+00 -6.495190528383291806e+00 3.289997473123533467e-02
3.250000000000000000e+00 -5.629165124598854320e+00 3.290032277301599417e-02
4.250000000000000000e+00 -5.629165124598854320e+00 3.289757813407143128e-02
1.750000000000000000e+00 -4.763139720814413280e+00 3.154503103919056861e-02
2.750000000000000000e+00 -4.763139720814413280e+00 3.088009102863189040e-02
3.250000000000000000e+00 -3.897114317029975794e+00 3.154468618131472946e-02
4.250000000000000000e+00 -3.897114317029975794e+00 3.419522719872318539e-02
1.750000000000000000e+00 -3.031088913245538308e+00 4.476765118102436769e-02
2.750000000000000000e+00 -3.031088913245538308e+00 3.341995620816906598e-02
3.250000000000000000e+00 -2.165063509461100821e+00 3.657395014577827230e-02
4.250000000000000000e+00 -2.165063509461100821e+00 3.060164118224752150e-02
1.750000000000000000e+00 -1.299038105676659782e+00 3.523919190193310069e-02
2.750000000000000000e+00 -1.299038105676659782e+00 3.427899982306749360e-02
3.250000000000000000e+00 -4.330127018922222959e-01 5.541361660846475662e-02
4.250000000000000000e+00 -4.330127018922222959e-01 3.341988062488542022e-02
1.750000000000000000e+00 4.330127018922151905e-01 1.416790608446727440e-01
2.750000000000000000e+00 4.330127018922151905e-01 2.227062228886914075e-02
3.250000000000000000e+00 1.299038105676652677e+00 5.541362459897869464e-02
4.250000000000000000e+00 1.299038105676652677e+00 3.341988429549135747e-02
1.750000000000000000e+00 2.165063509461093716e+00 3.523918445952879674e-02
2.750000000000000000e+00 2.165063509461093716e+00 3.427904279412673227e-02
3.250000000000000000e+00 3.031088913245531202e+00 3.657404224869895831e-02
4.250000000000000000e+00 3.031088913245531202e+00 3.060168426577319217e-02
1.750000000000000000e+00 3.897114317029972241e+00 4.476771715636614080e-02
2.750000000000000000e+00 3.897114317029972241e+00 3.342014128599364586e-02
3.250000000000000000e+00 4.763139720814409728e+00 3.154499029278338973e-02
4.250000000000000000e+00 4.763139720814409728e+00 3.419553630409231243e-02
1.750000000000000000e+00 5.629165124598847214e+00 3.154606337860418191e-02
2.750000000000000000e+00 5.629165124598847214e+00 3.088109728432639547e-02
3.250000000000000000e+00 6.495190528383284700e+00 3.290274069497511888e-02
4.250000000000000000e+00 6.495190528383284700e+00 3.290000243806404101e-02
1.750000000000000000e+00 7.361215932167725740e+00 3.123792872999994752e-02
2.750000000000000000e+00 7.361215932167725740e+00 3.290457572527907826e-02
3.250000000000000000e+00 8.227241335952166779e+00 3.071907384473684249e-02
4.250000000000000000e+00 8.227241335952166779e+00 3.156160362578576406e-02
1.750000000000000000e+00 9.093266739736600712e+00 3.135855846997526175e-02
2.750000000000000000e+00 9.093266739736600712e+00 3.224257181292172758e-02
3.250000000000000000e+00 9.959292143521041751e+00 3.068182422742776749e-02
4.250000000000000000e+00 9.959292143521041751e+00 3.150624630675470661e-02
1.750000000000000000e+00 1.082531754730548279e+01 3.083078974471006178e-02
2.750000000000000000e+00 1.082531754730548279e+01 3.144544503831496474e-02
3.250000000000000000e+00 1.169134295108992383e+01 3.109185171296657835e-02
4.250000000000000000e+00 1.169134295108992383e+01 3.144987526960667246e-02
1.750000000000000000e+00 1.255736835487435776e+01 3.183586126261962745e-02
2.750000000000000000e+00 1.255736835487435776e+01 3.217220817234673486e-02
3.250000000000000000e+00 1.342339375865879880e+01 3.265306728041782874e-02
4.250000000000000000e+00 1.342339375865879880e+01 3.280768902617238469e-02
1.750000000000000000e+00 1.428941916244323274e+01 3.474298360970916322e-02
2.750000000000000000e+00 1.428941916244323274e+01 3.487507998035455775e-02
3.250000000000000000e+00 1.515544456622767377e+01 3.971608595260097546e-02
4.250000000000000000e+00 1.515544456622767377e+01 3.978129820809318817e-02
1.750000000000000000e+00 1.602146997001211304e+01 4.187654001177536223e-02
2.750000000000000000e+00 1.602146997001211304e+01 4.192178759571330710e-02
3.250000000000000000e+00 1.688749537379655408e+01 5.393850256558638256e-02
4.250000000000000000e+00 1.688749537379655408e+01 5.396073068127178740e-02
1.750000000000000000e+00 1.775352077758098801e+01 6.938252492538371508e-02
2.750000000000000000e+00 1.775352077758098801e+01 6.939644428135495480e-02
3.250000000000000000e+00 1.861954618136542905e+01 6.693761472069170715e-02
4.250000000000000000e+00 1.861954618136542905e+01 6.694387172403806763e-02
1.750000000000000000e+00 1.948557158514986298e+01 1.047141059616401026e-01
2.750000000000000000e+00 1.948557158514986298e+01 1.047177051723200414e-01
3.250000000000000000e+00 2.035159698893430402e+01 1.262263054218558944e-01
4.250000000000000000e+00 2.035159698893430402e+01 1.262276363476171614e-01
1.750000000000000000e+00 2.121762239271873796e+01 8.646720960851700388e-02
2.750000000000000000e+00 2.121762239271873796e+01 8.646809283348845521e-02
3.250000000000000000e+00 2.208364779650317899e+01 1.553284472305333230e-01
4.250000000000000000e+00 2.208364779650317899e+01 1.553286326451026322e-01
1.750000000000000000e+00 2.294967320028762003e+01 1.632462248725603804e-01
2.750000000000000000e+00 2.294967320028762003e+01 1.632464610115470782e-01
3.250000000000000000e+00 2.381569860407206107e+01 5.029483401514549951e-02
4.250000000000000000e+00 2.381569860407206107e+01 5.029488650304733688e-02
1.750000000000000000e+00 2.468172400785649501e+01 1.488440279665080024e-01
2.750000000000000000e+00 2.468172400785649501e+01 1.488440729784347161e-01
3.250000000000000000e+00 2.554774941164093605e+01 1.474359195451739601e-01
4.250000000000000000e+00 2.554774941164093605e+01 1.474359559743915471e-01
4.750000000000000000e+00 -2.554774941164094315e+01 1.474359232631016758e-01
5.750000000000000000e+00 -2.554774941164094315e+01 1.474359069127004762e-01
6.250000000000000000e+00 -2.468172400785650566e+01 1.488440351692232044e-01
7.250000000000000000e+00 -2.468172400785650566e+01 1.488440542567868174e-01
4.750000000000000000e+00 -2.381569860407206463e+01 5.029483632229575507e-02
5.750000000000000000e+00 -2.381569860407206463e+01 5.029486742525621223e-02
6.250000000000000000e+00 -2.294967320028762714e+01 1.632462392141748875e-01
7.250000000000000000e+00 -2.294967320028762714e+01 1.632463364302000064e-01
4.750000000000000000e+00 -2.208364779650318965e+01 1.553284618536201200e-01
5.750000000000000000e+00 -2.208364779650318965e+01 1.553286649520156382e-01
6.250000000000000000e+00 -2.121762239271875217e+01 8.646716114467217773e-02
7.250000000000000000e+00 -2.121762239271875217e+01 8.646748553671212978e-02
4.750000000000000000e+00 -2.035159698893431113e+01 1.262263341838798791e-01
5.750000000000000000e+00 -2.035159698893431113e+01 1.262271111669091284e-01
6.250000000000000000e+00 -1.948557158514987364e+01 1.047139984746544156e-01
7.250000000000000000e+00 -1.948557158514987364e+01 1.047150074642863860e-01
4.750000000000000000e+00 -1.861954618136543615e+01 6.693714813668732999e-02
5.750000000000000000e+00 -1.861954618136543615e+01 6.693995310703335089e-02
6.250000000000000000e+00 -1.775352077758099512e+01 6.938271920400473913e-02
7.250000000000000000e+00 -1.775352077758099512e+01 6.938583500932749004e-02
4.750000000000000000e+00 -1.688749537379655763e+01 5.393668577048694318e-02
5.750000000000000000e+00 -1.688749537379655763e+01 5.394570559114069547e-02
6.250000000000000000e+00 -1.602146997001212014e+01 4.187246110193444670e-02
7.250000000000000000e+00 -1.602146997001212014e+01 4.188282964370062394e-02
4.750000000000000000e+00 -1.515544456622767733e+01 3.971840416108809307e-02
5.750000000000000000e+00 -1.515544456622767733e+01 3.974407915116580370e-02
6.250000000000000000e+00 -1.428941916244323806e+01 3.471873137194037007e-02
7.250000000000000000e+00 -1.428941916244323806e+01 3.475057687785664678e-02
4.750000000000000000e+00 -1.342339375865880058e+01 3.264964173235797296e-02
5.750000000000000000e+00 -1.342339375865880058e+01 3.272439424742559777e-02
6.250000000000000000e+00 -1.255736835487436132e+01 3.182725881245454524e-02
7.250000000000000000e+00 -1.255736835487436132e+01 3.189945678726285871e-02
4.750000000000000000e+00 -1.169134295108992383e+01 3.097956848452673717e-02
5.750000000000000000e+00 -1.169134295108992383e+01 3.118042627490948127e-02
6.250000000000000000e+00 -1.082531754730548457e+01 3.080387315433501250e-02
7.250000000000000000e+00 -1.082531754730548457e+01 3.096330746150831661e-02
4.750000000000000000e+00 -9.959292143521047080e+00 3.063293486230769802e-02
5.750000000000000000e+00 -9.959292143521047080e+00 3.097729783009349480e-02
6.250000000000000000e+00 -9.093266739736607818e+00 3.055532907176494728e-02
7.250000000000000000e+00 -9.093266739736607818e+00 3.099488995509869227e-02
4.750000000000000000e+00 -8.227241335952170331e+00 3.087548540219513249e-02
5.750000000000000000e+00 -8.227241335952170331e+00 3.140565562268725353e-02
6.250000000000000000e+00 -7.361215932167732845e+00 3.056415163675918478e-02
7.250000000000000000e+00 -7.361215932167732845e+00 3.116815520136650974e-02
4.750000000000000000e+00 -6.495190528383291806e+00 3.069714712828675029e-02
5.750000000000000000e+00 -6.495190528383291806e+00 3.219817169894838293e-02
6.250000000000000000e+00 -5.629165124598854320e+00 3.131145873641003052e-02
7.250000000000000000e+00 -5.629165124598854320e+00 3.172478995190570333e-02
4.750000000000000000e+00 -4.763139720814413280e+00 3.122971489757948513e-02
5.750000000000000000e+00 -4.763139720814413280e+00 3.196612783868704732e-02
6.250000000000000000e+00 -3.897114317029975794e+00 3.066529693239535004e-02
7.250000000000000000e+00 -3.897114317029975794e+00 3.261304757294274104e-02
4.750000000000000000e+00 -3.031088913245538308e+00 3.518009053634283539e-02
5.750000000000000000e+00 -3.031088913245538308e+00 3.316350639609380591e-02
6.250000000000000000e+00 -2.165063509461100821e+00 3.272708824393780191e-02
7.250000000000000000e+00 -2.165063509461100821e+00 3.196551985538410856e-02
4.750000000000000000e+00 -1.299038105676659782e+00 3.053247899244281374e-02
5.750000000000000000e+00 -1.299038105676659782e+00 3.419500019742371943e-02
6.250000000000000000e+00 -4.330127018922222959e-01 3.452656727882242454e-02
7.250000000000000000e+00 -4.330127018922222959e-01 3.289592909590088876e-02
4.750000000000000000e+00 4.330127018922151905e-01 5.065597843886424090e-02
5.750000000000000000e+00 4.330127018922151905e-01 3.087952981296535060e-02
6.250000000000000000e+00 1.299038105676652677e+00 3.452661041739144704e-02
7.250000000000000000e+00 1.299038105676652677e+00 3.289594344108047463e-02
4.750000000000000000e+00 2.165063509461093716e+00 3.053249618838244084e-02
5.750000000000000000e+00 2.165063509461093716e+00 3.419500801771765269e-02
6.250000000000000000e+00 3.031088913245531202e+00 3.272718177973863579e-02
7.250000000000000000e+00 3.031088913245531202e+00 3.196560064140000629e-02
4.750000000000000000e+00 3.897114317029972241e+00 3.518027285833003059e-02
5.750000000000000000e+00 3.897114317029972241e+00 3.316365678210800305e-02
6.250000000000000000e+00 4.763139720814409728e+00 3.066563125922450173e-02
7.250000000000000000e+00 4.763139720814409728e+00 3.261341604103086544e-02
4.750000000000000000e+00 5.629165124598847214e+00 3.123080723190604924e-02
5.750000000000000000e+00 5.629165124598847214e+00 3.196720216151455185e-02
6.250000000000000000e+00 6.495190528383284700e+00 3.131397563553783847e-02
7.250000000000000000e+00 6.495190528383284700e+00 3.172731977294291489e-02
4.750000000000000000e+00 7.361215932167725740e+00 3.070181221169793195e-02
5.750000000000000000e+00 7.361215932167725740e+00 3.220297467903120159e-02
6.250000000000000000e+00 8.227241335952166779e+00 3.058139024154624130e-02
7.250000000000000000e+00 8.227241335952166779e+00 3.118543449402548517e-02
4.750000000000000000e+00 9.093266739736600712e+00 3.089839084542946035e-02
5.750000000000000000e+00 9.093266739736600712e+00 3.142872390030154728e-02
6.250000000000000000e+00 9.959292143521041751e+00 3.063294557541822172e-02
7.250000000000000000e+00 9.959292143521041751e+00 3.107261193419013495e-02
4.750000000000000000e+00 1.082531754730548279e+01 3.079313889699086468e-02
5.750000000000000000e+00 1.082531754730548279e+01 3.113769400803466370e-02
6.250000000000000000e+00 1.169134295108992383e+01 3.102079344245967096e-02
7.250000000000000000e+00 1.169134295108992383e+01 3.118023068645658924e-02
4.750000000000000000e+00 1.255736835487435776e+01 3.182965915921888433e-02
5.750000000000000000e+00 1.255736835487435776e+01 3.203112804594088203e-02
6.250000000000000000e+00 1.342339375865879880e+01 3.264155204304440561e-02
7.250000000000000000e+00 1.342339375865879880e+01 3.271384584260200734e-02
4.750000000000000000e+00 1.428941916244323274e+01 3.473128997251676009e-02
5.750000000000000000e+00 1.428941916244323274e+01 3.480675690795466404e-02
6.250000000000000000e+00 1.515544456622767377e+01 3.971628948843524548e-02
7.250000000000000000e+00 1.515544456622767377e+01 3.974856825583922282e-02
4.750000000000000000e+00 1.602146997001211304e+01 4.187384662246836087e-02
5.750000000000000000e+00 1.602146997001211304e+01 4.189985111880911717e-02
6.250000000000000000e+00 1.688749537379655408e+01 5.393775423418756265e-02
7.250000000000000000e+00 1.688749537379655408e+01 5.394855839599441844e-02
4.750000000000000000e+00 1.775352077758098801e+01 6.938248163901214460e-02
5.750000000000000000e+00 1.775352077758098801e+01 6.939172734459186920e-02
6.250000000000000000e+00 1.861954618136542905e+01 6.693734398441500422e-02
7.250000000000000000e+00 1.861954618136542905e+01 6.694069008645922580e-02
4.750000000000000000e+00 1.948557158514986298e+01 1.047140391310789620e-01
5.750000000000000000e+00 1.948557158514986298e+01 1.047170420163544696e-01
6.250000000000000000e+00 2.035159698893430402e+01 1.262262930046504916e-01
7.250000000000000000e+00 2.035159698893430402e+01 1.262274623691548581e-01
4.750000000000000000e+00 2.121762239271873796e+01 8.646718635080199999e-02
5.750000000000000000e+00 2.121762239271873796e+01 8.646789328845429223e-02
6.250000000000000000e+00 2.208364779650317899e+01 1.553284441543577032e-01
7.250000000000000000e+00 2.208364779650317899e+01 1.553288489106252057e-01
4.750000000000000000e+00 2.294967320028762003e+01 1.632462508166116488e-01
5.750000000000000000e+00 2.294967320028762003e+01 1.632462704038002144e-01
6.250000000000000000e+00 2.381569860407206107e+01 5.029483849002999024e-02
7.250000000000000000e+00 2.381569860407206107e+01 5.029491000378374932e-02
4.750000000000000000e+00 2.468172400785649501e+01 1.488440380245800165e-01
5.750000000000000000e+00 2.468172400785649501e+01 1.488440031845705280e-01
6.250000000000000000e+00 2.554774941164093605e+01 1.474359293430695383e-01
7.250000000000000000e+00 2.554774941164093605e+01 1.474358966960340744e-01
