-7.250000000000000000e+00 -2.554774941164094315e+01 1.604563939333448763e-01
-6.250000000000000000e+00 -2.554774941164094315e+01 1.604564479000067379e-01
-5.750000000000000000e+00 -2.468172400785650566e+01 1.620220662653780452e-01
-4.750000000000000000e+00 -2.468172400785650566e+01 1.620222214112084780e-01
-7.250000000000000000e+00 -2.381569860407206463e+01 4.622041310693025817e-02
-6.250000000000000000e+00 -2.381569860407206463e+01 4.622059673415464948e-02
-5.750000000000000000e+00 -2.294967320028762714e+01 1.553480275436872338e-01
-4.750000000000000000e+00 -2.294967320028762714e+01 1.553487553067725568e-01
-7.250000000000000000e+00 -2.208364779650318965e+01 1.448409903399899279e-01
-6.250000000000000000e+00 -2.208364779650318965e+01 1.448420222176055316e-01
-5.750000000000000000e+00 -2.121762239271875217e+01 6.922770346621455462e-02
-4.750000000000000000e+00 -2.121762239271875217e+01 6.923057474872024164e-02
-7.250000000000000000e+00 -2.035159698893431113e+01 1.021483738227430410e-01
-6.250000000000000000e+00 -2.035159698893431113e+01 1.021527577215584209e-01
-5.750000000000000000e+00 -1.948557158514987364e+01 8.120276458041097989e-02
-4.750000000000000000e+00 -1.948557158514987364e+01 8.121466987679763772e-02
-7.250000000000000000e+00 -1.861954618136543615e+01 4.734943029915791857e-02
-6.250000000000000000e+00 -1.861954618136543615e+01 4.736563331809395122e-02
-5.750000000000000000e+00 -1.775352077758099512e+01 4.945535864812754256e-02
-4.750000000000000000e+00 -1.775352077758099512e+01 4.950007534719959301e-02
-7.250000000000000000e+00 -1.688749537379655763e+01 3.707910161456120374e-02
-6.250000000000000000e+00 -1.688749537379655763e+01 3.713660791463720134e-02
-5.750000000000000000e+00 -1.602146997001212014e+01 2.858539717960199150e-02
-4.750000000000000000e+00 -1.602146997001212014e+01 2.873143883546890737e-02
-7.250000000000000000e+00 -1.515544456622767733e+01 2.728099754046239139e-02
-6.250000000000000000e+00 -1.515544456622767733e+01 2.747770451577150053e-02
-5.750000000000000000e+00 -1.428941916244323806e+01 2.391543005246848930e-02
-4.750000000000000000e+00 -1.428941916244323806e+01 2.435801337273453201e-02
-7.250000000000000000e+00 -1.342339375865880058e+01 2.279022548808757459e-02
-6.250000000000000000e+00 -1.342339375865880058e+01 2.336120465121774986e-02
-5.750000000000000000e+00 -1.255736835487436132e+01 2.223903337817553783e-02
-4.750000000000000000e+00 -1.255736835487436132e+01 2.355329542190972084e-02
-7.250000000000000000e+00 -1.169134295108992383e+01 2.202101898704030350e-02
-6.250000000000000000e+00 -1.169134295108992383e+01 2.332006498860302035e-02
-5.750000000000000000e+00 -1.082531754730548457e+01 2.200060273616786383e-02
-4.750000000000000000e+00 -1.082531754730548457e+01 2.522905594343934424e-02
-7.250000000000000000e+00 -9.959292143521047080e+00 2.190623690478445823e-02
-6.250000000000000000e+00 -9.959292143521047080e+00 2.490015041339427304e-02
-5.750000000000000000e+00 -9.093266739736607818e+00 2.357207076505405535e-02
-4.750000000000000000e+00 -9.093266739736607818e+00 2.910024500260594005e-02
-7.250000000000000000e+00 -8.227241335952170331e+00 2.152495275756124635e-02
-6.250000000000000000e+00 -8.227241335952170331e+00 2.908710372404983702e-02
-5.750000000000000000e+00 -7.361215932167732845e+00 2.390261610098405945e-02
-4.750000000000000000e+00 -7.361215932167732845e+00 3.406021671345910162e-02
-7.250000000000000000e+00 -6.495190528383291806e+00 2.341754706166252614e-02
-6.250000000000000000e+00 -6.495190528383291806e+00 3.590753959894959352e-02
-5.750000000000000000e+00 -5.629165124598854320e+00 2.151984774705759801e-02
-4.750000000000000000e+00 -5.629165124598854320e+00 4.602578039647820668e-02
-7.250000000000000000e+00 -4.763139720814413280e+00 2.585411488208894104e-02
-6.250000000000000000e+00 -4.763139720814413280e+00 4.038524553009103374e-02
-5.750000000000000000e+00 -3.897114317029975794e+00 2.997501461682063051e-02
-4.750000000000000000e+00 -3.897114317029975794e+00 5.951123741829462965e-02
-7.250000000000000000e+00 -3.031088913245538308e+00 2.221814487682376507e-02
-6.250000000000000000e+00 -3.031088913245538308e+00 5.091406422242288066e-02
-5.750000000000000000e+00 -2.165063509461100821e+00 3.884412751245952533e-02
-4.750000000000000000e+00 -2.165063509461100821e+00 5.514301682633215851e-02
-7.250000000000000000e+00 -1.299038105676659782e+00 2.437086310719656021e-02
-6.250000000000000000e+00 -1.299038105676659782e+00 5.951110521025253230e-02
-5.750000000000000000e+00 -4.330127018922222959e-01 2.541505365501462582e-02
-4.750000000000000000e+00 -4.330127018922222959e-01 7.096530545418341940e-02
-7.250000000000000000e+00 4.330127018922151905e-01 3.052731733803060177e-02
-6.250000000000000000e+00 4.330127018922151905e-01 4.943676886051644875e-02
-5.750000000000000000e+00 1.299038105676652677e+00 2.541501974619827381e-02
-4.750000000000000000e+00 1.299038105676652677e+00 7.096530957545259255e-02
-7.250000000000000000e+00 2.165063509461093716e+00 2.437080431152290061e-02
-6.250000000000000000e+00 2.165063509461093716e+00 5.951116115473253920e-02
-5.750000000000000000e+00 3.031088913245531202e+00 3.884389850446071102e-02
-4.750000000000000000e+00 3.031088913245531202e+00 5.514309106491008250e-02
-7.250000000000000000e+00 3.897114317029972241e+00 2.221827312333940485e-02
-6.250000000000000000e+00 3.897114317029972241e+00 5.091414429935728347e-02
-5.750000000000000000e+00 4.763139720814409728e+00 2.997486576834414163e-02
-4.750000000000000000e+00 4.763139720814409728e+00 5.951144652914008848e-02
-7.250000000000000000e+00 5.629165124598847214e+00 2.585454866879189489e-02
-6.250000000000000000e+00 5.629165124598847214e+00 4.038564734822810282e-02
-5.750000000000000000e+00 6.495190528383284700e+00 2.152115871684326387e-02
-4.750000000000000000e+00 6.495190528383284700e+00 4.602681781990830556e-02
-7.250000000000000000e+00 7.361215932167725740e+00 2.341932699823730604e-02
-6.250000000000000000e+00 7.361215932167725740e+00 3.590982125904212258e-02
-5.750000000000000000e+00 8.227241335952166779e+00 2.391000171746505976e-02
-4.750000000000000000e+00 8.227241335952166779e+00 3.406787727564698082e-02
-7.250000000000000000e+00 9.093266739736600712e+00 2.153820181445443779e-02
-6.250000000000000000e+00 9.093266739736600712e+00 2.910023447493691531e-02
-5.750000000000000000e+00 9.959292143521041751e+00 2.360441092446320319e-02
-4.750000000000000000e+00 9.959292143521041751e+00 2.913380439764106170e-02
-7.250000000000000000e+00 1.082531754730548279e+01 2.200039854139034662e-02
-6.250000000000000000e+00 1.082531754730548279e+01 2.499358117161364426e-02
-5.750000000000000000e+00 1.169134295108992383e+01 2.210228794089771909e-02
-4.750000000000000000e+00 1.169134295108992383e+01 2.533045837311933765e-02
-7.250000000000000000e+00 1.255736835487435776e+01 2.249721071889854151e-02
-6.250000000000000000e+00 1.255736835487435776e+01 2.379663027653726448e-02
-5.750000000000000000e+00 1.342339375865879880e+01 2.274938111787497275e-02
-4.750000000000000000e+00 1.342339375865879880e+01 2.406330681757365419e-02
-7.250000000000000000e+00 1.428941916244323274e+01 2.392480650724394461e-02
-6.250000000000000000e+00 1.428941916244323274e+01 2.449579277439637576e-02
-5.750000000000000000e+00 1.515544456622767377e+01 2.731190188880409930e-02
-4.750000000000000000e+00 1.515544456622767377e+01 2.775539795753279720e-02
-7.250000000000000000e+00 1.602146997001211304e+01 2.857081936850605630e-02
-6.250000000000000000e+00 1.602146997001211304e+01 2.876698628719568177e-02
-5.750000000000000000e+00 1.688749537379655408e+01 3.709108383989209029e-02
-4.750000000000000000e+00 1.688749537379655408e+01 3.723724089901531142e-02
-7.250000000000000000e+00 1.775352077758098801e+01 4.945595758576538936e-02
-6.250000000000000000e+00 1.775352077758098801e+01 4.951351695536052033e-02
-5.750000000000000000e+00 1.861954618136542905e+01 4.734993377193590092e-02
-4.750000000000000000e+00 1.861954618136542905e+01 4.739447766386643834e-02
-7.250000000000000000e+00 1.948557158514986298e+01 8.120399322892139782e-02
-6.250000000000000000e+00 1.948557158514986298e+01 8.122016885425126231e-02
-5.750000000000000000e+00 2.035159698893430402e+01 1.021481495724959054e-01
-4.750000000000000000e+00 2.035159698893430402e+01 1.021603056870711429e-01
-7.250000000000000000e+00 2.121762239271873796e+01 6.922784198177130144e-02
-6.250000000000000000e+00 2.121762239271873796e+01 6.923205068069947232e-02
-5.750000000000000000e+00 2.208364779650317899e+01 1.448409925925433772e-01
-4.750000000000000000e+00 2.208364779650317899e+01 1.448439084435752255e-01
-7.250000000000000000e+00 2.294967320028762003e+01 1.553480096651188580e-01
-6.250000000000000000e+00 2.294967320028762003e+01 1.553490376163714493e-01
-5.750000000000000000e+00 2.381569860407206107e+01 4.622044220858646107e-02
-4.750000000000000000e+00 2.381569860407206107e+01 4.622099412313904199e-02
-7.250000000000000000e+00 2.468172400785649501e+01 1.620220605130123503e-01
-6.250000000000000000e+00 2.468172400785649501e+01 1.620222614131442418e-01
-5.750000000000000000e+00 2.554774941164093605e+01 1.604564128437837855e-01
-4.750000000000000000e+00 2.554774941164093605e+01 1.604566133980853959e-01
-4.250000000000000000e+00 -2.554774941164094315e+01 1.604563886659873262e-01
-3.250000000000000000e+00 -2.554774941164094315e+01 1.604565511679605649e-01
-2.750000000000000000e+00 -2.468172400785650566e+01 1.620220628329955836e-01
-1.750000000000000000e+00 -2.468172400785650566e+01 1.620222846439564879e-01
-4.250000000000000000e+00 -2.381569860407206463e+01 4.622041250276678198e-02
-3.250000000000000000e+00 -2.381569860407206463e+01 4.622077632096351779e-02
-2.750000000000000000e+00 -2.294967320028762714e+01 1.553480012191639781e-01
-1.750000000000000000e+00 -2.294967320028762714e+01 1.553490790351851336e-01
-4.250000000000000000e+00 -2.208364779650318965e+01 1.448410118760420917e-01
-3.250000000000000000e+00 -2.208364779650318965e+01 1.448427858306521321e-01
-2.750000000000000000e+00 -2.121762239271875217e+01 6.922765209426418043e-02
-1.750000000000000000e+00 -2.121762239271875217e+01 6.923169819155619575e-02
-4.250000000000000000e+00 -2.035159698893431113e+01 1.021485278340991953e-01
-3.250000000000000000e+00 -2.035159698893431113e+01 1.021559677228773277e-01
-2.750000000000000000e+00 -1.948557158514987364e+01 8.120298241360487945e-02
-1.750000000000000000e+00 -1.948557158514987364e+01 8.121931159928981458e-02
-4.250000000000000000e+00 -1.861954618136543615e+01 4.734932265229944981e-02
-3.250000000000000000e+00 -1.861954618136543615e+01 4.737746649350382810e-02
-2.750000000000000000e+00 -1.775352077758099512e+01 4.945739616442720865e-02
-1.750000000000000000e+00 -1.775352077758099512e+01 4.951987480539669223e-02
-4.250000000000000000e+00 -1.688749537379655763e+01 3.707695746045062274e-02
-3.250000000000000000e+00 -1.688749537379655763e+01 3.718019756248992780e-02
-2.750000000000000000e+00 -1.602146997001212014e+01 2.858687912497764883e-02
-1.750000000000000000e+00 -1.602146997001212014e+01 2.880126420608878149e-02
-4.250000000000000000e+00 -1.515544456622767733e+01 2.729150511788859534e-02
-3.250000000000000000e+00 -1.515544456622767733e+01 2.763731440691127514e-02
-2.750000000000000000e+00 -1.428941916244323806e+01 2.389518800880918725e-02
-1.750000000000000000e+00 -1.428941916244323806e+01 2.457537606217633994e-02
-4.250000000000000000e+00 -1.342339375865880058e+01 2.287553308218026604e-02
-3.250000000000000000e+00 -1.342339375865880058e+01 2.385385526197664544e-02
-2.750000000000000000e+00 -1.255736835487436132e+01 2.228570898449737728e-02
-1.750000000000000000e+00 -1.255736835487436132e+01 2.423356948776575134e-02
-4.250000000000000000e+00 -1.169134295108992383e+01 2.205303732344641998e-02
-3.250000000000000000e+00 -1.169134295108992383e+01 2.451381022897219236e-02
-2.750000000000000000e+00 -1.082531754730548457e+01 2.250423475727460210e-02
-1.750000000000000000e+00 -1.082531754730548457e+01 2.707349587939544833e-02
-4.250000000000000000e+00 -9.959292143521047080e+00 2.157184110452347453e-02
-3.250000000000000000e+00 -9.959292143521047080e+00 2.773661285598086682e-02
-2.750000000000000000e+00 -9.093266739736607818e+00 2.344082277985178736e-02
-1.750000000000000000e+00 -9.093266739736607818e+00 3.262159585331489420e-02
-4.250000000000000000e+00 -8.227241335952170331e+00 2.391040260772608894e-02
-3.250000000000000000e+00 -8.227241335952170331e+00 3.591775032320095040e-02
-2.750000000000000000e+00 -7.361215932167732845e+00 2.152329439192944560e-02
-1.750000000000000000e+00 -7.361215932167732845e+00 4.038902295602965486e-02
-4.250000000000000000e+00 -6.495190528383291806e+00 3.466659180490321707e-02
-3.250000000000000000e+00 -6.495190528383291806e+00 4.602701626953362157e-02
-2.750000000000000000e+00 -5.629165124598854320e+00 3.633682746890487536e-02
-1.750000000000000000e+00 -5.629165124598854320e+00 5.951189443287669550e-02
-4.250000000000000000e+00 -4.763139720814413280e+00 3.633708148486888834e-02
-3.250000000000000000e+00 -4.763139720814413280e+00 4.943702377941224663e-02
-2.750000000000000000e+00 -3.897114317029975794e+00 9.467089823168345353e-02
-1.750000000000000000e+00 -3.897114317029975794e+00 7.096545255689568066e-02
-4.250000000000000000e+00 -3.031088913245538308e+00 2.171168699254200085e-02
-3.250000000000000000e+00 -3.031088913245538308e+00 7.096537778163258814e-02
-2.750000000000000000e+00 -2.165063509461100821e+00 1.106248652373339608e-01
-1.750000000000000000e+00 -2.165063509461100821e+00 4.633751780112865815e-02
-4.250000000000000000e+00 -1.299038105676659782e+00 4.384395587065881283e-02
-3.250000000000000000e+00 -1.299038105676659782e+00 8.372944422497806405e-02
-2.750000000000000000e+00 -4.330127018922222959e-01 3.827299106400045003e-02
-1.750000000000000000e+00 -4.330127018922222959e-01 7.919989925324337487e-02
-4.250000000000000000e+00 4.330127018922151905e-01 7.312662426807256533e-02
-3.250000000000000000e+00 4.330127018922151905e-01 4.633752618281088836e-02
-2.750000000000000000e+00 1.299038105676652677e+00 3.827290677090242066e-02
-1.750000000000000000e+00 1.299038105676652677e+00 7.919990903201833132e-02
-4.250000000000000000e+00 2.165063509461093716e+00 4.384410030889708543e-02
-3.250000000000000000e+00 2.165063509461093716e+00 8.372939321599470741e-02
-2.750000000000000000e+00 3.031088913245531202e+00 1.106250442935702571e-01
-1.750000000000000000e+00 3.031088913245531202e+00 4.633750406259764393e-02
-4.250000000000000000e+00 3.897114317029972241e+00 2.171171134269857250e-02
-3.250000000000000000e+00 3.897114317029972241e+00 7.096533938772980887e-02
-2.750000000000000000e+00 4.763139720814409728e+00 9.467218838340184239e-02
-1.750000000000000000e+00 4.763139720814409728e+00 7.096540841363467578e-02
-4.250000000000000000e+00 5.629165124598847214e+00 3.633673663732079478e-02
-3.250000000000000000e+00 5.629165124598847214e+00 4.943739958103907095e-02
-2.750000000000000000e+00 6.495190528383284700e+00 3.633930904559035113e-02
-1.750000000000000000e+00 6.495190528383284700e+00 5.951309750129504805e-02
-4.250000000000000000e+00 7.361215932167725740e+00 3.466824371400577254e-02
-3.250000000000000000e+00 7.361215932167725740e+00 4.602885243111511787e-02
-2.750000000000000000e+00 8.227241335952166779e+00 2.153114735775248437e-02
-1.750000000000000000e+00 8.227241335952166779e+00 4.039722817080622363e-02
-4.250000000000000000e+00 9.093266739736600712e+00 2.392432424202098340e-02
-3.250000000000000000e+00 9.093266739736600712e+00 3.593041476871079720e-02
-2.750000000000000000e+00 9.959292143521041751e+00 2.347495477888256188e-02
-1.750000000000000000e+00 9.959292143521041751e+00 3.265497751262705362e-02
-4.250000000000000000e+00 1.082531754730548279e+01 2.166569219909499078e-02
-3.250000000000000000e+00 1.082531754730548279e+01 2.783078429283528804e-02
-2.750000000000000000e+00 1.169134295108992383e+01 2.260786161946154449e-02
-1.750000000000000000e+00 1.169134295108992383e+01 2.717527811072110999e-02
-4.250000000000000000e+00 1.255736835487435776e+01 2.252900286979256372e-02
-3.250000000000000000e+00 1.255736835487435776e+01 2.499086336133195252e-02
-2.750000000000000000e+00 1.342339375865879880e+01 2.279651272376873039e-02
-1.750000000000000000e+00 1.342339375865879880e+01 2.474487295432706985e-02
-4.250000000000000000e+00 1.428941916244323274e+01 2.401075212981905460e-02
-3.250000000000000000e+00 1.428941916244323274e+01 2.498838724345448653e-02
-2.750000000000000000e+00 1.515544456622767377e+01 2.729212976194179269e-02
-1.750000000000000000e+00 1.515544456622767377e+01 2.797267406279659377e-02
-4.250000000000000000e+00 1.602146997001211304e+01 2.858166496759630831e-02
-3.250000000000000000e+00 1.602146997001211304e+01 2.892755682252863211e-02
-2.750000000000000000e+00 1.688749537379655408e+01 3.709324386627387005e-02
-1.750000000000000000e+00 1.688749537379655408e+01 3.730674279737097171e-02
-4.250000000000000000e+00 1.775352077758098801e+01 4.945380524177511034e-02
-3.250000000000000000e+00 1.775352077758098801e+01 4.955796411162023685e-02
-2.750000000000000000e+00 1.861954618136542905e+01 4.735223867499378791e-02
-1.750000000000000000e+00 1.861954618136542905e+01 4.741495958838401470e-02
-4.250000000000000000e+00 1.948557158514986298e+01 8.120393528037053721e-02
-3.250000000000000000e+00 1.948557158514986298e+01 8.123213538390479382e-02
-2.750000000000000000e+00 2.035159698893430402e+01 1.021483856554688263e-01
-1.750000000000000000e+00 2.035159698893430402e+01 1.021654062072479829e-01
-4.250000000000000000e+00 2.121762239271873796e+01 6.922812111520799949e-02
-3.250000000000000000e+00 2.121762239271873796e+01 6.923543949991957380e-02
-2.750000000000000000e+00 2.208364779650317899e+01 1.448409815209422136e-01
-1.750000000000000000e+00 2.208364779650317899e+01 1.448449760008513332e-01
-4.250000000000000000e+00 2.294967320028762003e+01 1.553480809688668751e-01
-3.250000000000000000e+00 2.294967320028762003e+01 1.553500988146341300e-01
-2.750000000000000000e+00 2.381569860407206107e+01 4.622043999496449479e-02
-1.750000000000000000e+00 2.381569860407206107e+01 4.622132246265824723e-02
-4.250000000000000000e+00 2.468172400785649501e+01 1.620220666957459255e-01
-3.250000000000000000e+00 2.468172400785649501e+01 1.620225065045405588e-01
-2.750000000000000000e+00 2.554774941164093605e+01 1.604563944896946759e-01
-1.750000000000000000e+00 2.554774941164093605e+01 1.604568544767079330e-01
-1.250000000000000000e+00 -2.554774941164094315e+01 1.604563909466344418e-01
-2.500000000000000000e-01 -2.554774941164094315e+01 1.604566071621549017e-01
2.500000000000000000e-01 -2.468172400785650566e+01 1.620220732850587708e-01
1.250000000000000000e+00 -2.468172400785650566e+01 1.620221896438830966e-01
-1.250000000000000000e+00 -2.381569860407206463e+01 4.622042214004212779e-02
-2.500000000000000000e-01 -2.381569860407206463e+01 4.622083697802344127e-02
2.500000000000000000e-01 -2.294967320028762714e+01 1.553480119182636954e-01
1.250000000000000000e+00 -2.294967320028762714e+01 1.553488404751802165e-01
-1.250000000000000000e+00 -2.208364779650318965e+01 1.448410575709706549e-01
-2.500000000000000000e-01 -2.208364779650318965e+01 1.448428209596199501e-01
2.500000000000000000e-01 -2.121762239271875217e+01 6.922765475571032723e-02
1.250000000000000000e+00 -2.121762239271875217e+01 6.923146875222373209e-02
-1.250000000000000000e+00 -2.035159698893431113e+01 1.021485056241580730e-01
-2.500000000000000000e-01 -2.035159698893431113e+01 1.021567353039185416e-01
2.500000000000000000e-01 -1.948557158514987364e+01 8.120320396854260880e-02
1.250000000000000000e+00 -1.948557158514987364e+01 8.121895282310287456e-02
-1.250000000000000000e+00 -1.861954618136543615e+01 4.734871057735257766e-02
-2.500000000000000000e-01 -1.861954618136543615e+01 4.738222861925665136e-02
2.500000000000000000e-01 -1.775352077758099512e+01 4.945766492298056538e-02
1.250000000000000000e+00 -1.775352077758099512e+01 4.951909300488649412e-02
-1.250000000000000000e+00 -1.688749537379655763e+01 3.707688595590459546e-02
-2.500000000000000000e-01 -1.688749537379655763e+01 3.720037427663430707e-02
2.500000000000000000e-01 -1.602146997001212014e+01 2.858250544276672023e-02
1.250000000000000000e+00 -1.602146997001212014e+01 2.880063630961475496e-02
-1.250000000000000000e+00 -1.515544456622767733e+01 2.730450821678676032e-02
-2.500000000000000000e-01 -1.515544456622767733e+01 2.771409603706464012e-02
2.500000000000000000e-01 -1.428941916244323806e+01 2.388597962540840031e-02
1.250000000000000000e+00 -1.428941916244323806e+01 2.457524097469337976e-02
-1.250000000000000000e+00 -1.342339375865880058e+01 2.288782952080760380e-02
-2.500000000000000000e-01 -1.342339375865880058e+01 2.409104656407663747e-02
2.500000000000000000e-01 -1.255736835487436132e+01 2.233299343720622498e-02
1.250000000000000000e+00 -1.255736835487436132e+01 2.423294268593813305e-02
-1.250000000000000000e+00 -1.169134295108992383e+01 2.190154112731364233e-02
-2.500000000000000000e-01 -1.169134295108992383e+01 2.510214027721785826e-02
2.500000000000000000e-01 -1.082531754730548457e+01 2.245535011587879506e-02
1.250000000000000000e+00 -1.082531754730548457e+01 2.707258907387177088e-02
-1.250000000000000000e+00 -9.959292143521047080e+00 2.173962019526931577e-02
-2.500000000000000000e-01 -9.959292143521047080e+00 2.922079030189068255e-02
2.500000000000000000e-01 -9.093266739736607818e+00 2.240501263880068789e-02
1.250000000000000000e+00 -9.093266739736607818e+00 3.262127288421425020e-02
-1.250000000000000000e+00 -8.227241335952170331e+00 2.586539223590751668e-02
-2.500000000000000000e-01 -8.227241335952170331e+00 3.941846766958389398e-02
2.500000000000000000e-01 -7.361215932167732845e+00 2.222238033093749260e-02
1.250000000000000000e+00 -7.361215932167732845e+00 4.038885228337035782e-02
-1.250000000000000000e+00 -6.495190528383291806e+00 2.997641424189823045e-02
-2.500000000000000000e-01 -6.495190528383291806e+00 5.091614995263059329e-02
2.500000000000000000e-01 -5.629165124598854320e+00 3.884477815771935488e-02
1.250000000000000000e+00 -5.629165124598854320e+00 5.951167378341571529e-02
-1.250000000000000000e+00 -4.763139720814413280e+00 2.171194528421993564e-02
-2.500000000000000000e-01 -4.763139720814413280e+00 5.514330523072324963e-02
2.500000000000000000e-01 -3.897114317029975794e+00 4.384394154725937409e-02
1.250000000000000000e+00 -3.897114317029975794e+00 7.096540132098526354e-02
-1.250000000000000000e+00 -3.031088913245538308e+00 1.106247420033487638e-01
-2.500000000000000000e-01 -3.031088913245538308e+00 8.372944323306473480e-02
2.500000000000000000e-01 -2.165063509461100821e+00 3.827304972746908840e-02
1.250000000000000000e+00 -2.165063509461100821e+00 4.633753939706004160e-02
-1.250000000000000000e+00 -1.299038105676659782e+00 4.146447819844703009e-01
-2.500000000000000000e-01 -1.299038105676659782e+00 7.919990313137036109e-02
2.500000000000000000e-01 -4.330127018922222959e-01 6.087287691336231710e-01
1.250000000000000000e+00 -4.330127018922222959e-01 7.919989925324245894e-02
-1.250000000000000000e+00 4.330127018922151905e-01 6.087284711855472930e-01
-2.500000000000000000e-01 4.330127018922151905e-01 5.306809410196602907e-06
2.500000000000000000e-01 1.299038105676652677e+00 6.087276955673975865e-01
1.250000000000000000e+00 1.299038105676652677e+00 7.919990006338846478e-02
-1.250000000000000000e+00 2.165063509461093716e+00 4.146451732517115185e-01
-2.500000000000000000e-01 2.165063509461093716e+00 7.919989510106832664e-02
2.500000000000000000e-01 3.031088913245531202e+00 3.827283264142206792e-02
1.250000000000000000e+00 3.031088913245531202e+00 4.633755336037114619e-02
-1.250000000000000000e+00 3.897114317029972241e+00 1.106247474953514637e-01
-2.500000000000000000e-01 3.897114317029972241e+00 8.372956975900990029e-02
2.500000000000000000e-01 4.763139720814409728e+00 4.384431648714177954e-02
1.250000000000000000e+00 4.763139720814409728e+00 7.096569985759952626e-02
-1.250000000000000000e+00 5.629165124598847214e+00 2.171227614231098502e-02
-2.500000000000000000e-01 5.629165124598847214e+00 5.514372930453072946e-02
2.500000000000000000e-01 6.495190528383284700e+00 3.884551689770199268e-02
1.250000000000000000e+00 6.495190528383284700e+00 5.951334023761326031e-02
-1.250000000000000000e+00 7.361215932167725740e+00 2.997978516929497572e-02
-2.500000000000000000e-01 7.361215932167725740e+00 5.091809764008486949e-02
2.500000000000000000e-01 8.227241335952166779e+00 2.222981059323000941e-02
1.250000000000000000e+00 8.227241335952166779e+00 4.039670961613603395e-02
-1.250000000000000000e+00 9.093266739736600712e+00 2.587979166312165402e-02
-2.500000000000000000e-01 9.093266739736600712e+00 3.943211974699372541e-02
2.500000000000000000e-01 9.959292143521041751e+00 2.243936605678506502e-02
1.250000000000000000e+00 9.959292143521041751e+00 3.265444628030786389e-02
-1.250000000000000000e+00 1.082531754730548279e+01 2.183347048540952573e-02
-2.500000000000000000e-01 1.082531754730548279e+01 2.931530848832271385e-02
2.500000000000000000e-01 1.169134295108992383e+01 2.255747533847363151e-02
1.250000000000000000e+00 1.169134295108992383e+01 2.717505843110127467e-02
-1.250000000000000000e+00 1.255736835487435776e+01 2.237891166935412901e-02
-2.500000000000000000e-01 1.255736835487435776e+01 2.557804151526889974e-02
2.500000000000000000e-01 1.342339375865879880e+01 2.284270687219071283e-02
1.250000000000000000e+00 1.342339375865879880e+01 2.474335960287735517e-02
-1.250000000000000000e+00 1.428941916244323274e+01 2.402383046618981888e-02
-2.500000000000000000e-01 1.428941916244323274e+01 2.522547658921729663e-02
2.500000000000000000e-01 1.515544456622767377e+01 2.728304597155085942e-02
1.250000000000000000e+00 1.515544456622767377e+01 2.797084386553619004e-02
-1.250000000000000000e+00 1.602146997001211304e+01 2.859441864308784331e-02
-2.500000000000000000e-01 1.602146997001211304e+01 2.900453644363434891e-02
2.500000000000000000e-01 1.688749537379655408e+01 3.708857460993617017e-02
1.250000000000000000e+00 1.688749537379655408e+01 3.730591028630858563e-02
-1.250000000000000000e+00 1.775352077758098801e+01 4.945372924421937572e-02
-2.500000000000000000e-01 1.775352077758098801e+01 4.957709519007904436e-02
2.500000000000000000e-01 1.861954618136542905e+01 4.735199929243165407e-02
1.250000000000000000e+00 1.861954618136542905e+01 4.741388370513267142e-02
-1.250000000000000000e+00 1.948557158514986298e+01 8.120348969224827629e-02
-2.500000000000000000e-01 1.948557158514986298e+01 8.123631209159139221e-02
2.500000000000000000e-01 2.035159698893430402e+01 1.021484436553136976e-01
1.250000000000000000e+00 2.035159698893430402e+01 1.021640581430762057e-01
-1.250000000000000000e+00 2.121762239271873796e+01 6.922807617155266047e-02
-2.500000000000000000e-01 2.121762239271873796e+01 6.923655111040719068e-02
2.500000000000000000e-01 2.208364779650317899e+01 1.448409753725294902e-01
1.250000000000000000e+00 2.208364779650317899e+01 1.448443524213551825e-01
-1.250000000000000000e+00 2.294967320028762003e+01 1.553480457324307729e-01
-2.500000000000000000e-01 2.294967320028762003e+01 1.553503579276910573e-01
2.500000000000000000e-01 2.381569860407206107e+01 4.622041953986379820e-02
1.250000000000000000e+00 2.381569860407206107e+01 4.622127118780568894e-02
-1.250000000000000000e+00 2.468172400785649501e+01 1.620220572605439724e-01
-2.500000000000000000e-01 2.468172400785649501e+01 1.620225179324974729e-01
2.500000000000000000e-01 2.554774941164093605e+01 1.604563873563724374e-01
1.250000000000000000e+00 2.554774941164093605e+01 1.604568418736303792e-01
1.750000000000000000e+00 -2.554774941164094315e+01 1.604563910055109011e-01
2.750000000000000000e+00 -2.554774941164094315e+01 1.604565106100692140e-01
3.250000000000000000e+00 -2.468172400785650566e+01 1.620220731994963526e-01
4.250000000000000000e+00 -2.468172400785650566e+01 1.620221340801367149e-01
1.750000000000000000e+00 -2.381569860407206463e+01 4.622041843054146282e-02
2.750000000000000000e+00 -2.381569860407206463e+01 4.622075109364334744e-02
3.250000000000000000e+00 -2.294967320028762714e+01 1.553480193948731658e-01
4.250000000000000000e+00 -2.294967320028762714e+01 1.553485916995654414e-01
1.750000000000000000e+00 -2.208364779650318965e+01 1.448410749734976299e-01
2.750000000000000000e+00 -2.208364779650318965e+01 1.448424954048269653e-01
3.250000000000000000e+00 -2.121762239271875217e+01 6.922765284469686864e-02
4.250000000000000000e+00 -2.121762239271875217e+01 6.923060291336392835e-02
1.750000000000000000e+00 -2.035159698893431113e+01 1.021485088679394276e-01
2.750000000000000000e+00 -2.035159698893431113e+01 1.021553030983231442e-01
3.250000000000000000e+00 -1.948557158514987364e+01 8.120300659165577417e-02
4.250000000000000000e+00 -1.948557158514987364e+01 8.121481427282536969e-02
1.750000000000000000e+00 -1.861954618136543615e+01 4.734853474365824377e-02
2.750000000000000000e+00 -1.861954618136543615e+01 4.737707518147146052e-02
3.250000000000000000e+00 -1.775352077758099512e+01 4.945634647738201412e-02
4.250000000000000000e+00 -1.775352077758099512e+01 4.949991269430999152e-02
1.750000000000000000e+00 -1.688749537379655763e+01 3.707710589461732376e-02
2.750000000000000000e+00 -1.688749537379655763e+01 3.718020929856394319e-02
3.250000000000000000e+00 -1.602146997001212014e+01 2.857864772324728714e-02
4.250000000000000000e+00 -1.602146997001212014e+01 2.873134870437488511e-02
1.750000000000000000e+00 -1.515544456622767733e+01 2.730208095901309751e-02
2.750000000000000000e+00 -1.515544456622767733e+01 2.763673292603598813e-02
3.250000000000000000e+00 -1.428941916244323806e+01 2.388505112587402390e-02
4.250000000000000000e+00 -1.428941916244323806e+01 2.435838269195102559e-02
1.750000000000000000e+00 -1.342339375865880058e+01 2.284647826798487380e-02
2.750000000000000000e+00 -1.342339375865880058e+01 2.385316550755674225e-02
3.250000000000000000e+00 -1.255736835487436132e+01 2.230307022061303601e-02
4.250000000000000000e+00 -1.255736835487436132e+01 2.355344175068666002e-02
1.750000000000000000e+00 -1.169134295108992383e+01 2.181643485218365264e-02
2.750000000000000000e+00 -1.169134295108992383e+01 2.451388588784508826e-02
3.250000000000000000e+00 -1.082531754730548457e+01 2.212256814892519380e-02
4.250000000000000000e+00 -1.082531754730548457e+01 2.522911963552143880e-02
1.750000000000000000e+00 -9.959292143521047080e+00 2.184976463863018414e-02
2.750000000000000000e+00 -9.959292143521047080e+00 2.773646555523304885e-02
3.250000000000000000e+00 -9.093266739736607818e+00 2.186741042232952584e-02
4.250000000000000000e+00 -9.093266739736607818e+00 2.910060090351595380e-02
1.750000000000000000e+00 -8.227241335952170331e+00 2.469316913885120923e-02
2.750000000000000000e+00 -8.227241335952170331e+00 3.591733233555729349e-02
3.250000000000000000e+00 -7.361215932167732845e+00 2.234901806411802513e-02
4.250000000000000000e+00 -7.361215932167732845e+00 3.406040657880926581e-02
1.750000000000000000e+00 -6.495190528383291806e+00 2.437280872243750840e-02
2.750000000000000000e+00 -6.495190528383291806e+00 4.602696700282614406e-02
3.250000000000000000e+00 -5.629165124598854320e+00 3.052830376403790555e-02
4.250000000000000000e+00 -5.629165124598854320e+00 4.602573884746678778e-02
1.750000000000000000e+00 -4.763139720814413280e+00 2.541545450808091466e-02
2.750000000000000000e+00 -4.763139720814413280e+00 4.943704866858911889e-02
3.250000000000000000e+00 -3.897114317029975794e+00 2.541523175688695929e-02
4.250000000000000000e+00 -3.897114317029975794e+00 5.951119330088775611e-02
1.750000000000000000e+00 -3.031088913245538308e+00 7.312686620654249015e-02
2.750000000000000000e+00 -3.031088913245538308e+00 7.096529863646471037e-02
3.250000000000000000e+00 -2.165063509461100821e+00 4.384394580603205582e-02
4.250000000000000000e+00 -2.165063509461100821e+00 5.514300383213194268e-02
1.750000000000000000e+00 -1.299038105676659782e+00 3.827297580425216561e-02
2.750000000000000000e+00 -1.299038105676659782e+00 8.372938794797324391e-02
3.250000000000000000e+00 -4.330127018922222959e-01 1.106247941171969590e-01
4.250000000000000000e+00 -4.330127018922222959e-01 7.096530545418404390e-02
1.750000000000000000e+00 4.330127018922151905e-01 4.146450839813637379e-01
2.750000000000000000e+00 4.330127018922151905e-01 4.633752618281093694e-02
3.250000000000000000e+00 1.299038105676652677e+00 1.106248640535651417e-01
4.250000000000000000e+00 1.299038105676652677e+00 7.096529524890253515e-02
1.750000000000000000e+00 2.165063509461093716e+00 3.827281185747344328e-02
2.750000000000000000e+00 2.165063509461093716e+00 8.372948242494147875e-02
3.250000000000000000e+00 3.031088913245531202e+00 4.384419829523431705e-02
4.250000000000000000e+00 3.031088913245531202e+00 5.514304583552324251e-02
1.750000000000000000e+00 3.897114317029972241e+00 7.312623393843871444e-02
2.750000000000000000e+00 3.897114317029972241e+00 7.096543554894635397e-02
3.250000000000000000e+00 4.763139720814409728e+00 2.541515230317225454e-02
4.250000000000000000e+00 4.763139720814409728e+00 5.951151912752121464e-02
1.750000000000000000e+00 5.629165124598847214e+00 2.541562368841160727e-02
2.750000000000000000e+00 5.629165124598847214e+00 4.943736743982431181e-02
3.250000000000000000e+00 6.495190528383284700e+00 3.052893975547853189e-02
4.250000000000000000e+00 6.495190528383284700e+00 4.602709438365056027e-02
1.750000000000000000e+00 7.361215932167725740e+00 2.437481657090113246e-02
2.750000000000000000e+00 7.361215932167725740e+00 4.602924520243548145e-02
3.250000000000000000e+00 8.227241335952166779e+00 2.235681020066503794e-02
4.250000000000000000e+00 8.227241335952166779e+00 3.406814327095971512e-02
1.750000000000000000e+00 9.093266739736600712e+00 2.470539310877936656e-02
2.750000000000000000e+00 9.093266739736600712e+00 3.593108468498866503e-02
3.250000000000000000e+00 9.959292143521041751e+00 2.190068750289839161e-02
4.250000000000000000e+00 9.959292143521041751e+00 2.913459680911568289e-02
1.750000000000000000e+00 1.082531754730548279e+01 2.194310859360454335e-02
2.750000000000000000e+00 1.082531754730548279e+01 2.783017542526638327e-02
3.250000000000000000e+00 1.169134295108992383e+01 2.222370680052374384e-02
4.250000000000000000e+00 1.169134295108992383e+01 2.533191623703930084e-02
1.750000000000000000e+00 1.255736835487435776e+01 2.229316961741178993e-02
2.750000000000000000e+00 1.255736835487435776e+01 2.499023502216717041e-02
3.250000000000000000e+00 1.342339375865879880e+01 2.281317534482078108e-02
4.250000000000000000e+00 1.342339375865879880e+01 2.406384550956738519e-02
1.750000000000000000e+00 1.428941916244323274e+01 2.398076253721393575e-02
2.750000000000000000e+00 1.428941916244323274e+01 2.498878014680491061e-02
3.250000000000000000e+00 1.515544456622767377e+01 2.728189818590369062e-02
4.250000000000000000e+00 1.515544456622767377e+01 2.775562805609531336e-02
1.750000000000000000e+00 1.602146997001211304e+01 2.859127791526058088e-02
2.750000000000000000e+00 1.602146997001211304e+01 2.892653544951178518e-02
3.250000000000000000e+00 1.688749537379655408e+01 3.708409679100635459e-02
4.250000000000000000e+00 1.688749537379655408e+01 3.723815114483440547e-02
1.750000000000000000e+00 1.775352077758098801e+01 4.945394662939169711e-02
2.750000000000000000e+00 1.775352077758098801e+01 4.955611201485426998e-02
3.250000000000000000e+00 1.861954618136542905e+01 4.735069661706636790e-02
4.250000000000000000e+00 1.861954618136542905e+01 4.739461438698505669e-02
1.750000000000000000e+00 1.948557158514986298e+01 8.120310917363428305e-02
2.750000000000000000e+00 1.948557158514986298e+01 8.123132095831003818e-02
3.250000000000000000e+00 2.035159698893430402e+01 1.021484218267245114e-01
4.250000000000000000e+00 2.035159698893430402e+01 1.021597017714574313e-01
1.750000000000000000e+00 2.121762239271873796e+01 6.922790333076289659e-02
2.750000000000000000e+00 2.121762239271873796e+01 6.923498672605399307e-02
3.250000000000000000e+00 2.208364779650317899e+01 1.448409807756137480e-01
4.250000000000000000e+00 2.208364779650317899e+01 1.448436782445934601e-01
1.750000000000000000e+00 2.294967320028762003e+01 1.553480566884811453e-01
2.750000000000000000e+00 2.294967320028762003e+01 1.553495154952742596e-01
3.250000000000000000e+00 2.381569860407206107e+01 4.622041701328950813e-02
4.250000000000000000e+00 2.381569860407206107e+01 4.622106129012409914e-02
1.750000000000000000e+00 2.468172400785649501e+01 1.620220736931110572e-01
2.750000000000000000e+00 2.468172400785649501e+01 1.620222498364788655e-01
3.250000000000000000e+00 2.554774941164093605e+01 1.604564094067544855e-01
4.250000000000000000e+00 2.554774941164093605e+01 1.604565830855678721e-01
4.750000000000000000e+00 -2.554774941164094315e+01 1.604563927892682929e-01
5.750000000000000000e+00 -2.554774941164094315e+01 1.604564651430457345e-01
6.250000000000000000e+00 -2.468172400785650566e+01 1.620220639090014791e-01
7.250000000000000000e+00 -2.468172400785650566e+01 1.620221524382479683e-01
4.750000000000000000e+00 -2.381569860407206463e+01 4.622041209805499706e-02
5.750000000000000000e+00 -2.381569860407206463e+01 4.622069279180069518e-02
6.250000000000000000e+00 -2.294967320028762714e+01 1.553480036253699625e-01
7.250000000000000000e+00 -2.294967320028762714e+01 1.553484336772542884e-01
4.750000000000000000e+00 -2.208364779650318965e+01 1.448410051642327889e-01
5.750000000000000000e+00 -2.208364779650318965e+01 1.448421678941163027e-01
6.250000000000000000e+00 -2.121762239271875217e+01 6.922766244069927799e-02
7.250000000000000000e+00 -2.121762239271875217e+01 6.922924083685386143e-02
4.750000000000000000e+00 -2.035159698893431113e+01 1.021483564845848541e-01
5.750000000000000000e+00 -2.035159698893431113e+01 1.021528752243906213e-01
6.250000000000000000e+00 -1.948557158514987364e+01 8.120278809369298190e-02
7.250000000000000000e+00 -1.948557158514987364e+01 8.120865048362951866e-02
4.750000000000000000e+00 -1.861954618136543615e+01 4.734853474648700877e-02
5.750000000000000000e+00 -1.861954618136543615e+01 4.736579827917385133e-02
6.250000000000000000e+00 -1.775352077758099512e+01 4.945462936430161660e-02
7.250000000000000000e+00 -1.775352077758099512e+01 4.947553392188898391e-02
4.750000000000000000e+00 -1.688749537379655763e+01 3.707672456996005672e-02
5.750000000000000000e+00 -1.688749537379655763e+01 3.713682400491725988e-02
6.250000000000000000e+00 -1.602146997001212014e+01 2.857522443223448061e-02
7.250000000000000000e+00 -1.602146997001212014e+01 2.864758686124645182e-02
4.750000000000000000e+00 -1.515544456622767733e+01 2.729081068248142422e-02
5.750000000000000000e+00 -1.515544456622767733e+01 2.747780744421773891e-02
6.250000000000000000e+00 -1.428941916244323806e+01 2.388592377004236655e-02
7.250000000000000000e+00 -1.428941916244323806e+01 2.411162394366343775e-02
4.750000000000000000e+00 -1.342339375865880058e+01 2.280082680352259195e-02
5.750000000000000000e+00 -1.342339375865880058e+01 2.336135383341027966e-02
6.250000000000000000e+00 -1.255736835487436132e+01 2.225840144762991635e-02
7.250000000000000000e+00 -1.255736835487436132e+01 2.283031852022565644e-02
4.750000000000000000e+00 -1.169134295108992383e+01 2.179180132348489465e-02
5.750000000000000000e+00 -1.169134295108992383e+01 2.332029154962432863e-02
6.250000000000000000e+00 -1.082531754730548457e+01 2.184839349157730037e-02
7.250000000000000000e+00 -1.082531754730548457e+01 2.321813102526301686e-02
4.750000000000000000e+00 -9.959292143521047080e+00 2.171052995431171917e-02
5.750000000000000000e+00 -9.959292143521047080e+00 2.490032379323608644e-02
6.250000000000000000e+00 -9.093266739736607818e+00 2.167701586235998290e-02
7.250000000000000000e+00 -9.093266739736607818e+00 2.510130970270113906e-02
4.750000000000000000e+00 -8.227241335952170331e+00 2.296549703351669081e-02
5.750000000000000000e+00 -8.227241335952170331e+00 2.908721444392098343e-02
6.250000000000000000e+00 -7.361215932167732845e+00 2.184613219334374801e-02
7.250000000000000000e+00 -7.361215932167732845e+00 2.768164173359848393e-02
4.750000000000000000e+00 -6.495190528383291806e+00 2.234691141690962890e-02
5.750000000000000000e+00 -6.495190528383291806e+00 3.590754351050697707e-02
6.250000000000000000e+00 -5.629165124598854320e+00 2.468158772992784522e-02
7.250000000000000000e+00 -5.629165124598854320e+00 3.259680444751789780e-02
4.750000000000000000e+00 -4.763139720814413280e+00 2.437108271789729941e-02
5.750000000000000000e+00 -4.763139720814413280e+00 4.038523956805952636e-02
6.250000000000000000e+00 -3.897114317029975794e+00 2.221825406508602663e-02
7.250000000000000000e+00 -3.897114317029975794e+00 3.940661168837252676e-02
4.750000000000000000e+00 -3.031088913245538308e+00 3.884407839642857463e-02
5.750000000000000000e+00 -3.031088913245538308e+00 5.091410352438768827e-02
6.250000000000000000e+00 -2.165063509461100821e+00 2.997472779638812868e-02
7.250000000000000000e+00 -2.165063509461100821e+00 4.038489922882251837e-02
4.750000000000000000e+00 -1.299038105676659782e+00 2.171163837326828619e-02
5.750000000000000000e+00 -1.299038105676659782e+00 5.951113261201780580e-02
6.250000000000000000e+00 -4.330127018922222959e-01 3.633643771745881379e-02
7.250000000000000000e+00 -4.330127018922222959e-01 4.602503170849663733e-02
4.750000000000000000e+00 4.330127018922151905e-01 9.467102551041262082e-02
5.750000000000000000e+00 4.330127018922151905e-01 4.943676886051694142e-02
6.250000000000000000e+00 1.299038105676652677e+00 3.633659995615751148e-02
7.250000000000000000e+00 1.299038105676652677e+00 4.602504136122242268e-02
4.750000000000000000e+00 2.165063509461093716e+00 2.171164740389057435e-02
5.750000000000000000e+00 2.165063509461093716e+00 5.951112948870310865e-02
6.250000000000000000e+00 3.031088913245531202e+00 2.997489225412044989e-02
7.250000000000000000e+00 3.031088913245531202e+00 4.038494953023880063e-02
4.750000000000000000e+00 3.897114317029972241e+00 3.884429408350702218e-02
5.750000000000000000e+00 3.897114317029972241e+00 5.091410454442051731e-02
6.250000000000000000e+00 4.763139720814409728e+00 2.221842597686645576e-02
7.250000000000000000e+00 4.763139720814409728e+00 3.940675766680620806e-02
4.750000000000000000e+00 5.629165124598847214e+00 2.437173913491945398e-02
5.750000000000000000e+00 5.629165124598847214e+00 4.038564961630691785e-02
6.250000000000000000e+00 6.495190528383284700e+00 2.468308832483689930e-02
7.250000000000000000e+00 6.495190528383284700e+00 3.259793311229387813e-02
4.750000000000000000e+00 7.361215932167725740e+00 2.234872812560487199e-02
5.750000000000000000e+00 7.361215932167725740e+00 3.590986232935547418e-02
6.250000000000000000e+00 8.227241335952166779e+00 2.185422594824726339e-02
7.250000000000000000e+00 8.227241335952166779e+00 2.768944565349003989e-02
4.750000000000000000e+00 9.093266739736600712e+00 2.297838648010844254e-02
5.750000000000000000e+00 9.093266739736600712e+00 2.910047390831850891e-02
6.250000000000000000e+00 9.959292143521041751e+00 2.171039422037976396e-02
7.250000000000000000e+00 9.959292143521041751e+00 2.513491184193616598e-02
4.750000000000000000e+00 1.082531754730548279e+01 2.180457305732385817e-02
5.750000000000000000e+00 1.082531754730548279e+01 2.499408303234507134e-02
6.250000000000000000e+00 1.169134295108992383e+01 2.195041892365601210e-02
7.250000000000000000e+00 1.169134295108992383e+01 2.331981924070049977e-02
4.750000000000000000e+00 1.255736835487435776e+01 2.226818703526392551e-02
5.750000000000000000e+00 1.255736835487435776e+01 2.379735089579358698e-02
6.250000000000000000e+00 1.342339375865879880e+01 2.276890819502844221e-02
7.250000000000000000e+00 1.342339375865879880e+01 2.334021769966464904e-02
4.750000000000000000e+00 1.428941916244323274e+01 2.393540616836341284e-02
5.750000000000000000e+00 1.428941916244323274e+01 2.449681128835030225e-02
6.250000000000000000e+00 1.515544456622767377e+01 2.728276170051577298e-02
7.250000000000000000e+00 1.515544456622767377e+01 2.750851119471504902e-02
4.750000000000000000e+00 1.602146997001211304e+01 2.858074557656606340e-02
5.750000000000000000e+00 1.602146997001211304e+01 2.876776867980959662e-02
6.250000000000000000e+00 1.688749537379655408e+01 3.708114887885342881e-02
7.250000000000000000e+00 1.688749537379655408e+01 3.715354548308594240e-02
4.750000000000000000e+00 1.775352077758098801e+01 4.945365866756085138e-02
5.750000000000000000e+00 1.775352077758098801e+01 4.951416087418222811e-02
6.250000000000000000e+00 1.861954618136542905e+01 4.734933366107374475e-02
7.250000000000000000e+00 1.861954618136542905e+01 4.737015664099114565e-02
4.750000000000000000e+00 1.948557158514986298e+01 8.120305742974197327e-02
5.750000000000000000e+00 1.948557158514986298e+01 8.122103149194105642e-02
6.250000000000000000e+00 2.035159698893430402e+01 1.021482127866005923e-01
7.250000000000000000e+00 2.035159698893430402e+01 1.021542365702398092e-01
4.750000000000000000e+00 2.121762239271873796e+01 6.922787378941454295e-02
5.750000000000000000e+00 2.121762239271873796e+01 6.923256768516357351e-02
6.250000000000000000e+00 2.208364779650317899e+01 1.448409847358762825e-01
7.250000000000000000e+00 2.208364779650317899e+01 1.448427248908766007e-01
4.750000000000000000e+00 2.294967320028762003e+01 1.553480775160556160e-01
5.750000000000000000e+00 2.294967320028762003e+01 1.553490704295363567e-01
6.250000000000000000e+00 2.381569860407206107e+01 4.622043054939020679e-02
7.250000000000000000e+00 2.381569860407206107e+01 4.622090132534766027e-02
4.750000000000000000e+00 2.468172400785649501e+01 1.620220813539368643e-01
5.750000000000000000e+00 2.468172400785649501e+01 1.620222141531176274e-01
6.250000000000000000e+00 2.554774941164093605e+01 1.604564119015397805e-01
7.250000000000000000e+00 2.554774941164093605e+01 1.604565612204958136e-01
