-7.250000000000000000e+00 -2.554774941164094315e+01 2.066738322353412483e-01
-6.250000000000000000e+00 -2.554774941164094315e+01 2.066738185210819090e-01
-5.750000000000000000e+00 -2.468172400785650566e+01 2.008712027490259233e-01
-4.750000000000000000e+00 -2.468172400785650566e+01 2.008711793253512568e-01
-7.250000000000000000e+00 -2.381569860407206463e+01 3.608582768493345111e-02
-6.250000000000000000e+00 -2.381569860407206463e+01 3.608581663021499103e-02
-5.750000000000000000e+00 -2.294967320028762714e+01 1.352959334609342146e-01
-4.750000000000000000e+00 -2.294967320028762714e+01 1.352958759449496839e-01
-7.250000000000000000e+00 -2.208364779650318965e+01 1.100253330034519500e-01
-6.250000000000000000e+00 -2.208364779650318965e+01 1.100252638452542536e-01
-5.750000000000000000e+00 -2.121762239271875217e+01 3.852101585008673584e-02
-4.750000000000000000e+00 -2.121762239271875217e+01 3.852095072711586576e-02
-7.250000000000000000e+00 -2.035159698893431113e+01 6.066712150864787129e-02
-6.250000000000000000e+00 -2.035159698893431113e+01 6.066696321600081876e-02
-5.750000000000000000e+00 -1.948557158514987364e+01 3.988482324800921019e-02
-4.750000000000000000e+00 -1.948557158514987364e+01 3.988462502373194690e-02
-7.250000000000000000e+00 -1.861954618136543615e+01 2.530191256703100133e-02
-6.250000000000000000e+00 -1.861954618136543615e+01 2.530199115165368898e-02
-5.750000000000000000e+00 -1.775352077758099512e+01 2.610173331630943894e-02
-4.750000000000000000e+00 -1.775352077758099512e+01 2.610136389931030226e-02
-7.250000000000000000e+00 -1.688749537379655763e+01 1.972496826453824445e-02
-6.250000000000000000e+00 -1.688749537379655763e+01 1.972632397834592211e-02
-5.750000000000000000e+00 -1.602146997001212014e+01 1.904115189239687089e-02
-4.750000000000000000e+00 -1.602146997001212014e+01 1.904428583509403319e-02
-7.250000000000000000e+00 -1.515544456622767733e+01 1.771536200832991848e-02
-6.250000000000000000e+00 -1.515544456622767733e+01 1.771852346579352172e-02
-5.750000000000000000e+00 -1.428941916244323806e+01 1.709656940075099385e-02
-4.750000000000000000e+00 -1.428941916244323806e+01 1.711672008648337795e-02
-7.250000000000000000e+00 -1.342339375865880058e+01 1.717904799864593962e-02
-6.250000000000000000e+00 -1.342339375865880058e+01 1.719306405605776703e-02
-5.750000000000000000e+00 -1.255736835487436132e+01 1.675442099367350016e-02
-4.750000000000000000e+00 -1.255736835487436132e+01 1.680563360181071275e-02
-7.250000000000000000e+00 -1.169134295108992383e+01 1.681315040047457604e-02
-6.250000000000000000e+00 -1.169134295108992383e+01 1.689921866225982394e-02
-5.750000000000000000e+00 -1.082531754730548457e+01 1.677243985718306421e-02
-4.750000000000000000e+00 -1.082531754730548457e+01 1.691698347185434381e-02
-7.250000000000000000e+00 -9.959292143521047080e+00 1.672402039718359767e-02
-6.250000000000000000e+00 -9.959292143521047080e+00 1.693276151202707108e-02
-5.750000000000000000e+00 -9.093266739736607818e+00 1.661418240493899717e-02
-4.750000000000000000e+00 -9.093266739736607818e+00 1.711077118203994246e-02
-7.250000000000000000e+00 -8.227241335952170331e+00 1.676096297794801154e-02
-6.250000000000000000e+00 -8.227241335952170331e+00 1.709030653438734643e-02
-5.750000000000000000e+00 -7.361215932167732845e+00 1.670301006747123077e-02
-4.750000000000000000e+00 -7.361215932167732845e+00 1.757761654278663238e-02
-7.250000000000000000e+00 -6.495190528383291806e+00 1.654352794239433155e-02
-6.250000000000000000e+00 -6.495190528383291806e+00 1.746226839154053218e-02
-5.750000000000000000e+00 -5.629165124598854320e+00 1.674106720243210070e-02
-4.750000000000000000e+00 -5.629165124598854320e+00 1.808514763802215528e-02
-7.250000000000000000e+00 -4.763139720814413280e+00 1.659621678189499017e-02
-6.250000000000000000e+00 -4.763139720814413280e+00 1.802841990015099580e-02
-5.750000000000000000e+00 -3.897114317029975794e+00 1.648420208940365450e-02
-4.750000000000000000e+00 -3.897114317029975794e+00 1.902984912230327313e-02
-7.250000000000000000e+00 -3.031088913245538308e+00 1.681242081521770737e-02
-6.250000000000000000e+00 -3.031088913245538308e+00 1.835021335562656702e-02
-5.750000000000000000e+00 -2.165063509461100821e+00 1.704725358248217887e-02
-4.750000000000000000e+00 -2.165063509461100821e+00 1.870676951144146366e-02
-7.250000000000000000e+00 -1.299038105676659782e+00 1.662983765932016939e-02
-6.250000000000000000e+00 -1.299038105676659782e+00 1.902983727853281570e-02
-5.750000000000000000e+00 -4.330127018922222959e-01 1.692570911819066617e-02
-4.750000000000000000e+00 -4.330127018922222959e-01 1.946260485233898899e-02
-7.250000000000000000e+00 4.330127018922151905e-01 1.667154494458793212e-02
-6.250000000000000000e+00 4.330127018922151905e-01 1.845025441014155193e-02
-5.750000000000000000e+00 1.299038105676652677e+00 1.692567284516501014e-02
-4.750000000000000000e+00 1.299038105676652677e+00 1.946256893036915972e-02
-7.250000000000000000e+00 2.165063509461093716e+00 1.662994018965073192e-02
-6.250000000000000000e+00 2.165063509461093716e+00 1.902991160036077156e-02
-5.750000000000000000e+00 3.031088913245531202e+00 1.704720700146056256e-02
-4.750000000000000000e+00 3.031088913245531202e+00 1.870669189500503288e-02
-7.250000000000000000e+00 3.897114317029972241e+00 1.681242083211824390e-02
-6.250000000000000000e+00 3.897114317029972241e+00 1.835021235055558919e-02
-5.750000000000000000e+00 4.763139720814409728e+00 1.648483848556360487e-02
-4.750000000000000000e+00 4.763139720814409728e+00 1.903039892509516412e-02
-7.250000000000000000e+00 5.629165124598847214e+00 1.659482213025870873e-02
-6.250000000000000000e+00 5.629165124598847214e+00 1.802708075510467411e-02
-5.750000000000000000e+00 6.495190528383284700e+00 1.674413446536370670e-02
-4.750000000000000000e+00 6.495190528383284700e+00 1.808823251410377961e-02
-7.250000000000000000e+00 7.361215932167725740e+00 1.654175070148038162e-02
-6.250000000000000000e+00 7.361215932167725740e+00 1.746041139612925647e-02
-5.750000000000000000e+00 8.227241335952166779e+00 1.670124613200442074e-02
-4.750000000000000000e+00 8.227241335952166779e+00 1.757585121800774725e-02
-7.250000000000000000e+00 9.093266739736600712e+00 1.678144549085582027e-02
-6.250000000000000000e+00 9.093266739736600712e+00 1.711074912158120492e-02
-5.750000000000000000e+00 9.959292143521041751e+00 1.658394736296705044e-02
-4.750000000000000000e+00 9.959292143521041751e+00 1.708027950551393309e-02
-7.250000000000000000e+00 1.082531754730548279e+01 1.677244856468023543e-02
-6.250000000000000000e+00 1.082531754730548279e+01 1.698137712936564209e-02
-5.750000000000000000e+00 1.169134295108992383e+01 1.682257362107249590e-02
-4.750000000000000000e+00 1.169134295108992383e+01 1.696713950396559756e-02
-7.250000000000000000e+00 1.255736835487435776e+01 1.671028182517121999e-02
-6.250000000000000000e+00 1.255736835487435776e+01 1.679624904781840122e-02
-5.750000000000000000e+00 1.342339375865879880e+01 1.718592819304584629e-02
-4.750000000000000000e+00 1.342339375865879880e+01 1.723720688489507186e-02
-7.250000000000000000e+00 1.428941916244323274e+01 1.709971604334883932e-02
-6.250000000000000000e+00 1.428941916244323274e+01 1.711363878659444282e-02
-5.750000000000000000e+00 1.515544456622767377e+01 1.770456851070271315e-02
-4.750000000000000000e+00 1.515544456622767377e+01 1.772445499059889518e-02
-7.250000000000000000e+00 1.602146997001211304e+01 1.904588111787106075e-02
-6.250000000000000000e+00 1.602146997001211304e+01 1.904915180041556744e-02
-5.750000000000000000e+00 1.688749537379655408e+01 1.972145858562535797e-02
-4.750000000000000000e+00 1.688749537379655408e+01 1.972456594195935720e-02
-7.250000000000000000e+00 1.775352077758098801e+01 2.610101057681867703e-02
-6.250000000000000000e+00 1.775352077758098801e+01 2.610228715866003829e-02
-5.750000000000000000e+00 1.861954618136542905e+01 2.530203269331476879e-02
-4.750000000000000000e+00 1.861954618136542905e+01 2.530171212272688472e-02
-7.250000000000000000e+00 1.948557158514986298e+01 3.988427091663098584e-02
-6.250000000000000000e+00 1.948557158514986298e+01 3.988426606162567833e-02
-5.750000000000000000e+00 2.035159698893430402e+01 6.066721616617079538e-02
-4.750000000000000000e+00 2.035159698893430402e+01 6.066691018224404375e-02
-7.250000000000000000e+00 2.121762239271873796e+01 3.852098230237864518e-02
-6.250000000000000000e+00 2.121762239271873796e+01 3.852084715715014401e-02
-5.750000000000000000e+00 2.208364779650317899e+01 1.100253006870240968e-01
-4.750000000000000000e+00 2.208364779650317899e+01 1.100251862792827051e-01
-7.250000000000000000e+00 2.294967320028762003e+01 1.352959436927438919e-01
-6.250000000000000000e+00 2.294967320028762003e+01 1.352958717282115308e-01
-5.750000000000000000e+00 2.381569860407206107e+01 3.608580571890335209e-02
-4.750000000000000000e+00 2.381569860407206107e+01 3.608578011409582786e-02
-7.250000000000000000e+00 2.468172400785649501e+01 2.008712042814385090e-01
-6.250000000000000000e+00 2.468172400785649501e+01 2.008711735822783506e-01
-5.750000000000000000e+00 2.554774941164093605e+01 2.066738232382275831e-01
-4.750000000000000000e+00 2.554774941164093605e+01 2.066737859572238545e-01
-4.250000000000000000e+00 -2.554774941164094315e+01 2.066738331042210219e-01
-3.250000000000000000e+00 -2.554774941164094315e+01 2.066738130406633456e-01
-2.750000000000000000e+00 -2.468172400785650566e+01 2.008711963532414102e-01
-1.750000000000000000e+00 -2.468172400785650566e+01 2.008711976528390897e-01
-4.250000000000000000e+00 -2.381569860407206463e+01 3.608582955397103553e-02
-3.250000000000000000e+00 -2.381569860407206463e+01 3.608581174256703106e-02
-2.750000000000000000e+00 -2.294967320028762714e+01 1.352959309348574779e-01
-1.750000000000000000e+00 -2.294967320028762714e+01 1.352959003461310095e-01
-4.250000000000000000e+00 -2.208364779650318965e+01 1.100253147414103072e-01
-3.250000000000000000e+00 -2.208364779650318965e+01 1.100252553982960652e-01
-2.750000000000000000e+00 -2.121762239271875217e+01 3.852105124429666683e-02
-1.750000000000000000e+00 -2.121762239271875217e+01 3.852093609092510640e-02
-4.250000000000000000e+00 -2.035159698893431113e+01 6.066701167782009158e-02
-3.250000000000000000e+00 -2.035159698893431113e+01 6.066683891194780964e-02
-2.750000000000000000e+00 -1.948557158514987364e+01 3.988477990554691044e-02
-1.750000000000000000e+00 -1.948557158514987364e+01 3.988453057327710771e-02
-4.250000000000000000e+00 -1.861954618136543615e+01 2.530180584158004189e-02
-3.250000000000000000e+00 -1.861954618136543615e+01 2.530183455210562732e-02
-2.750000000000000000e+00 -1.775352077758099512e+01 2.610084780115134312e-02
-1.750000000000000000e+00 -1.775352077758099512e+01 2.610084165248747340e-02
-4.250000000000000000e+00 -1.688749537379655763e+01 1.972574504089782965e-02
-3.250000000000000000e+00 -1.688749537379655763e+01 1.972691998496957366e-02
-2.750000000000000000e+00 -1.602146997001212014e+01 1.903944792660471758e-02
-1.750000000000000000e+00 -1.602146997001212014e+01 1.904405966502268482e-02
-4.250000000000000000e+00 -1.515544456622767733e+01 1.771404651092286370e-02
-3.250000000000000000e+00 -1.515544456622767733e+01 1.771979379465460358e-02
-2.750000000000000000e+00 -1.428941916244323806e+01 1.710068226877439757e-02
-1.750000000000000000e+00 -1.428941916244323806e+01 1.712400083285312014e-02
-4.250000000000000000e+00 -1.342339375865880058e+01 1.715993085087142572e-02
-3.250000000000000000e+00 -1.342339375865880058e+01 1.719899407365952856e-02
-2.750000000000000000e+00 -1.255736835487436132e+01 1.675459621798788129e-02
-1.750000000000000000e+00 -1.255736835487436132e+01 1.683113552259463130e-02
-4.250000000000000000e+00 -1.169134295108992383e+01 1.679264219317867790e-02
-3.250000000000000000e+00 -1.169134295108992383e+01 1.695225647655573126e-02
-2.750000000000000000e+00 -1.082531754730548457e+01 1.670904114719858752e-02
-1.750000000000000000e+00 -1.082531754730548457e+01 1.697925758532406459e-02
-4.250000000000000000e+00 -9.959292143521047080e+00 1.675092499592618911e-02
-3.250000000000000000e+00 -9.959292143521047080e+00 1.710695361774006162e-02
-2.750000000000000000e+00 -9.093266739736607818e+00 1.656027321712492950e-02
-1.750000000000000000e+00 -9.093266739736607818e+00 1.730211669729981444e-02
-4.250000000000000000e+00 -8.227241335952170331e+00 1.670117779596685254e-02
-3.250000000000000000e+00 -8.227241335952170331e+00 1.745860027542259912e-02
-2.750000000000000000e+00 -7.361215932167732845e+00 1.674226982332501293e-02
-1.750000000000000000e+00 -7.361215932167732845e+00 1.802830185305830113e-02
-4.250000000000000000e+00 -6.495190528383291806e+00 1.664702587259486721e-02
-3.250000000000000000e+00 -6.495190528383291806e+00 1.808821565836665757e-02
-2.750000000000000000e+00 -5.629165124598854320e+00 1.723045748068203348e-02
-1.750000000000000000e+00 -5.629165124598854320e+00 1.902903241169614720e-02
-4.250000000000000000e+00 -4.763139720814413280e+00 1.723171812576814593e-02
-3.250000000000000000e+00 -4.763139720814413280e+00 1.845078248767615531e-02
-2.750000000000000000e+00 -3.897114317029975794e+00 2.024695457160774481e-02
-1.750000000000000000e+00 -3.897114317029975794e+00 1.946258288029470776e-02
-4.250000000000000000e+00 -3.031088913245538308e+00 1.678538250474488625e-02
-3.250000000000000000e+00 -3.031088913245538308e+00 1.946256517068997022e-02
-2.750000000000000000e+00 -2.165063509461100821e+00 2.289278011712062022e-02
-1.750000000000000000e+00 -2.165063509461100821e+00 1.548954036634228940e-02
-4.250000000000000000e+00 -1.299038105676659782e+00 1.748614560027277054e-02
-3.250000000000000000e+00 -1.299038105676659782e+00 2.052650290664822380e-02
-2.750000000000000000e+00 -4.330127018922222959e-01 1.815870945216108145e-02
-1.750000000000000000e+00 -4.330127018922222959e-01 1.830945682916053710e-02
-4.250000000000000000e+00 4.330127018922151905e-01 1.945953221984151119e-02
-3.250000000000000000e+00 4.330127018922151905e-01 1.548949584658905650e-02
-2.750000000000000000e+00 1.299038105676652677e+00 1.815869851532345494e-02
-1.750000000000000000e+00 1.299038105676652677e+00 1.830942841275392391e-02
-4.250000000000000000e+00 2.165063509461093716e+00 1.748622084534153312e-02
-3.250000000000000000e+00 2.165063509461093716e+00 2.052659826838161561e-02
-2.750000000000000000e+00 3.031088913245531202e+00 2.289274193203833310e-02
-1.750000000000000000e+00 3.031088913245531202e+00 1.548945399704248008e-02
-4.250000000000000000e+00 3.897114317029972241e+00 1.678538741368629239e-02
-3.250000000000000000e+00 3.897114317029972241e+00 1.946259860436278660e-02
-2.750000000000000000e+00 4.763139720814409728e+00 2.024741107263848539e-02
-1.750000000000000000e+00 4.763139720814409728e+00 1.946314380461985211e-02
-4.250000000000000000e+00 5.629165124598847214e+00 1.723049476980044806e-02
-3.250000000000000000e+00 5.629165124598847214e+00 1.844943844563838586e-02
-2.750000000000000000e+00 6.495190528383284700e+00 1.723332071255398446e-02
-1.750000000000000000e+00 6.495190528383284700e+00 1.903213702761493223e-02
-4.250000000000000000e+00 7.361215932167725740e+00 1.664535596957365804e-02
-3.250000000000000000e+00 7.361215932167725740e+00 1.808640984656766093e-02
-2.750000000000000000e+00 8.227241335952166779e+00 1.674051220907907256e-02
-1.750000000000000000e+00 8.227241335952166779e+00 1.802646037028610843e-02
-4.250000000000000000e+00 9.093266739736600712e+00 1.672157009871690081e-02
-3.250000000000000000e+00 9.093266739736600712e+00 1.747918089723098783e-02
-2.750000000000000000e+00 9.959292143521041751e+00 1.652979494631994298e-02
-1.750000000000000000e+00 9.959292143521041751e+00 1.727165226753902758e-02
-4.250000000000000000e+00 1.082531754730548279e+01 1.679950803986011987e-02
-3.250000000000000000e+00 1.082531754730548279e+01 1.715547234030724219e-02
-2.750000000000000000e+00 1.169134295108992383e+01 1.675881176959428953e-02
-1.750000000000000000e+00 1.169134295108992383e+01 1.702940693288805540e-02
-4.250000000000000000e+00 1.255736835487435776e+01 1.668986371730143969e-02
-3.250000000000000000e+00 1.255736835487435776e+01 1.684924830343388635e-02
-2.750000000000000000e+00 1.342339375865879880e+01 1.718602897238912658e-02
-1.750000000000000000e+00 1.342339375865879880e+01 1.726252198134660756e-02
-4.250000000000000000e+00 1.428941916244323274e+01 1.708039423714032001e-02
-3.250000000000000000e+00 1.428941916244323274e+01 1.711970451051454331e-02
-2.750000000000000000e+00 1.515544456622767377e+01 1.770851814278448164e-02
-1.750000000000000000e+00 1.515544456622767377e+01 1.773187130042928536e-02
-4.250000000000000000e+00 1.602146997001211304e+01 1.904449400286409300e-02
-3.250000000000000000e+00 1.602146997001211304e+01 1.905028319804596623e-02
-2.750000000000000000e+00 1.688749537379655408e+01 1.971957333214954811e-02
-1.750000000000000000e+00 1.688749537379655408e+01 1.972449420740245499e-02
-4.250000000000000000e+00 1.775352077758098801e+01 2.610178034549802406e-02
-3.250000000000000000e+00 1.775352077758098801e+01 2.610281052036405799e-02
-2.750000000000000000e+00 1.861954618136542905e+01 2.530113635785732895e-02
-1.750000000000000000e+00 1.861954618136542905e+01 2.530112781095315497e-02
-4.250000000000000000e+00 1.948557158514986298e+01 3.988408835336144237e-02
-3.250000000000000000e+00 1.948557158514986298e+01 3.988419179386952507e-02
-2.750000000000000000e+00 2.035159698893430402e+01 6.066718417761932103e-02
-1.750000000000000000e+00 2.035159698893430402e+01 6.066687595840061092e-02
-4.250000000000000000e+00 2.121762239271873796e+01 3.852082122637724704e-02
-3.250000000000000000e+00 2.121762239271873796e+01 3.852067490699603858e-02
-2.750000000000000000e+00 2.208364779650317899e+01 1.100253188097225221e-01
-1.750000000000000000e+00 2.208364779650317899e+01 1.100252594766999437e-01
-4.250000000000000000e+00 2.294967320028762003e+01 1.352959229063012137e-01
-3.250000000000000000e+00 2.294967320028762003e+01 1.352957790428413742e-01
-2.750000000000000000e+00 2.381569860407206107e+01 3.608581003052573066e-02
-1.750000000000000000e+00 2.381569860407206107e+01 3.608578049167715518e-02
-4.250000000000000000e+00 2.468172400785649501e+01 2.008712050984678421e-01
-3.250000000000000000e+00 2.468172400785649501e+01 2.008711555165694218e-01
-2.750000000000000000e+00 2.554774941164093605e+01 2.066738303752151951e-01
-1.750000000000000000e+00 2.554774941164093605e+01 2.066737784476911921e-01
-1.250000000000000000e+00 -2.554774941164094315e+01 2.066738327230294714e-01
-2.500000000000000000e-01 -2.554774941164094315e+01 2.066738300524926242e-01
2.500000000000000000e-01 -2.468172400785650566e+01 2.008711983200308082e-01
1.250000000000000000e+00 -2.468172400785650566e+01 2.008711922834717223e-01
-1.250000000000000000e+00 -2.381569860407206463e+01 3.608582815039016595e-02
-2.500000000000000000e-01 -2.381569860407206463e+01 3.608580841136767303e-02
2.500000000000000000e-01 -2.294967320028762714e+01 1.352959343390824354e-01
1.250000000000000000e+00 -2.294967320028762714e+01 1.352958906387417837e-01
-1.250000000000000000e+00 -2.208364779650318965e+01 1.100252837613563961e-01
-2.500000000000000000e-01 -2.208364779650318965e+01 1.100252372810399115e-01
2.500000000000000000e-01 -2.121762239271875217e+01 3.852105890909784947e-02
1.250000000000000000e+00 -2.121762239271875217e+01 3.852089855020207620e-02
-1.250000000000000000e+00 -2.035159698893431113e+01 6.066695399085063334e-02
-2.500000000000000000e-01 -2.035159698893431113e+01 6.066680112540798198e-02
2.500000000000000000e-01 -1.948557158514987364e+01 3.988472447362646084e-02
1.250000000000000000e+00 -1.948557158514987364e+01 3.988444068216377009e-02
-1.250000000000000000e+00 -1.861954618136543615e+01 2.530200367815822055e-02
-2.500000000000000000e-01 -1.861954618136543615e+01 2.530175946151501376e-02
2.500000000000000000e-01 -1.775352077758099512e+01 2.610063580003862960e-02
1.250000000000000000e+00 -1.775352077758099512e+01 2.610079040894061619e-02
-1.250000000000000000e+00 -1.688749537379655763e+01 1.972619974032262941e-02
-2.500000000000000000e-01 -1.688749537379655763e+01 1.972704765515296416e-02
2.500000000000000000e-01 -1.602146997001212014e+01 1.904058094002925028e-02
1.250000000000000000e+00 -1.602146997001212014e+01 1.904402600083785618e-02
-1.250000000000000000e+00 -1.515544456622767733e+01 1.771074610260347376e-02
-2.500000000000000000e-01 -1.515544456622767733e+01 1.772005287104991278e-02
2.500000000000000000e-01 -1.428941916244323806e+01 1.710493324086394262e-02
1.250000000000000000e+00 -1.428941916244323806e+01 1.712390562307267855e-02
-1.250000000000000000e+00 -1.342339375865880058e+01 1.715194368546948955e-02
-2.500000000000000000e-01 -1.342339375865880058e+01 1.720197445448595069e-02
2.500000000000000000e-01 -1.255736835487436132e+01 1.674721404502684668e-02
1.250000000000000000e+00 -1.255736835487436132e+01 1.683115203410529698e-02
-1.250000000000000000e+00 -1.169134295108992383e+01 1.681209899071663127e-02
-2.500000000000000000e-01 -1.169134295108992383e+01 1.697964115632659421e-02
2.500000000000000000e-01 -1.082531754730548457e+01 1.669617790298112692e-02
1.250000000000000000e+00 -1.082531754730548457e+01 1.697931372654268301e-02
-1.250000000000000000e+00 -9.959292143521047080e+00 1.676800634431341308e-02
-2.500000000000000000e-01 -9.959292143521047080e+00 1.719687424733592346e-02
2.500000000000000000e-01 -9.093266739736607818e+00 1.664581893802467155e-02
1.250000000000000000e+00 -9.093266739736607818e+00 1.730208269912741209e-02
-1.250000000000000000e+00 -8.227241335952170331e+00 1.659435890331528718e-02
-2.500000000000000000e-01 -8.227241335952170331e+00 1.764883274474550456e-02
2.500000000000000000e-01 -7.361215932167732845e+00 1.681283845455137926e-02
1.250000000000000000e+00 -7.361215932167732845e+00 1.802830711769498606e-02
-1.250000000000000000e+00 -6.495190528383291806e+00 1.648652709831319174e-02
-2.500000000000000000e-01 -6.495190528383291806e+00 1.835246360003473312e-02
2.500000000000000000e-01 -5.629165124598854320e+00 1.704642395248185532e-02
1.250000000000000000e+00 -5.629165124598854320e+00 1.902906419020410425e-02
-1.250000000000000000e+00 -4.763139720814413280e+00 1.678594014563359119e-02
-2.500000000000000000e-01 -4.763139720814413280e+00 1.870724682044858089e-02
2.500000000000000000e-01 -3.897114317029975794e+00 1.748620295575113032e-02
1.250000000000000000e+00 -3.897114317029975794e+00 1.946258918320791301e-02
-1.250000000000000000e+00 -3.031088913245538308e+00 2.289277068182470759e-02
-2.500000000000000000e-01 -3.031088913245538308e+00 2.052650744331660504e-02
2.500000000000000000e-01 -2.165063509461100821e+00 1.815875990277213137e-02
1.250000000000000000e+00 -2.165063509461100821e+00 1.548954274075725265e-02
-1.250000000000000000e+00 -1.299038105676659782e+00 4.815654079861217407e-02
-2.500000000000000000e-01 -1.299038105676659782e+00 1.830943041082217643e-02
2.500000000000000000e-01 -4.330127018922222959e-01 6.716259461504395234e-02
1.250000000000000000e+00 -4.330127018922222959e-01 1.830945682916058914e-02
-1.250000000000000000e+00 4.330127018922151905e-01 6.716259347605602059e-02
-2.500000000000000000e-01 4.330127018922151905e-01 4.757061418962198264e-07
2.500000000000000000e-01 1.299038105676652677e+00 6.716264632367141552e-02
1.250000000000000000e+00 1.299038105676652677e+00 1.830942903531916979e-02
-1.250000000000000000e+00 2.165063509461093716e+00 4.815651240156031826e-02
-2.500000000000000000e-01 2.165063509461093716e+00 1.830949039850756493e-02
2.500000000000000000e-01 3.031088913245531202e+00 1.815871147673464234e-02
1.250000000000000000e+00 3.031088913245531202e+00 1.548945439897436195e-02
-1.250000000000000000e+00 3.897114317029972241e+00 2.289268946499542490e-02
-2.500000000000000000e-01 3.897114317029972241e+00 2.052652532968928661e-02
2.500000000000000000e-01 4.763139720814409728e+00 1.748664882744629251e-02
1.250000000000000000e+00 4.763139720814409728e+00 1.946310212296674044e-02
-1.250000000000000000e+00 5.629165124598847214e+00 1.678458206303135025e-02
-2.500000000000000000e-01 5.629165124598847214e+00 1.870589034535450820e-02
2.500000000000000000e-01 6.495190528383284700e+00 1.704944231080535166e-02
1.250000000000000000e+00 6.495190528383284700e+00 1.903205036669601558e-02
-1.250000000000000000e+00 7.361215932167725740e+00 1.648447423541395118e-02
-2.500000000000000000e-01 7.361215932167725740e+00 1.835062936782154777e-02
2.500000000000000000e-01 8.227241335952166779e+00 1.681105891573284050e-02
1.250000000000000000e+00 8.227241335952166779e+00 1.802647398248424793e-02
-1.250000000000000000e+00 9.093266739736600712e+00 1.661450443597180943e-02
-2.500000000000000000e-01 9.093266739736600712e+00 1.766924573760024486e-02
2.500000000000000000e-01 9.959292143521041751e+00 1.661513357813101249e-02
1.250000000000000000e+00 9.959292143521041751e+00 1.727164999335507184e-02
-1.250000000000000000e+00 1.082531754730548279e+01 1.681650068782341093e-02
-2.500000000000000000e-01 1.082531754730548279e+01 1.724527556110429932e-02
2.500000000000000000e-01 1.169134295108992383e+01 1.674607467399204241e-02
1.250000000000000000e+00 1.169134295108992383e+01 1.702922163378438325e-02
-1.250000000000000000e+00 1.255736835487435776e+01 1.670904389816485480e-02
-2.500000000000000000e-01 1.255736835487435776e+01 1.687677920716530722e-02
2.500000000000000000e-01 1.342339375865879880e+01 1.717872721298988048e-02
1.250000000000000000e+00 1.342339375865879880e+01 1.726249067808784121e-02
-1.250000000000000000e+00 1.428941916244323274e+01 1.707234284151037257e-02
-2.500000000000000000e-01 1.428941916244323274e+01 1.712262653361899464e-02
2.500000000000000000e-01 1.515544456622767377e+01 1.771276581979059489e-02
1.250000000000000000e+00 1.515544456622767377e+01 1.773184473768463221e-02
-1.250000000000000000e+00 1.602146997001211304e+01 1.904127636443798260e-02
-2.500000000000000000e-01 1.602146997001211304e+01 1.905049005139346219e-02
2.500000000000000000e-01 1.688749537379655408e+01 1.972087440375201728e-02
1.250000000000000000e+00 1.688749537379655408e+01 1.972427108741095503e-02
-1.250000000000000000e+00 1.775352077758098801e+01 2.610221739399271046e-02
-2.500000000000000000e-01 1.775352077758098801e+01 2.610316164422505497e-02
2.500000000000000000e-01 1.861954618136542905e+01 2.530099350027902039e-02
1.250000000000000000e+00 1.861954618136542905e+01 2.530104350368389196e-02
-1.250000000000000000e+00 1.948557158514986298e+01 3.988430834174754025e-02
-2.500000000000000000e-01 1.948557158514986298e+01 3.988420236906835975e-02
2.500000000000000000e-01 2.035159698893430402e+01 6.066710348669046571e-02
1.250000000000000000e+00 2.035159698893430402e+01 6.066688849873902445e-02
-1.250000000000000000e+00 2.121762239271873796e+01 3.852082248601404468e-02
-2.500000000000000000e-01 2.121762239271873796e+01 3.852063851297869018e-02
2.500000000000000000e-01 2.208364779650317899e+01 1.100253343981936471e-01
1.250000000000000000e+00 2.208364779650317899e+01 1.100252247340022527e-01
-1.250000000000000000e+00 2.294967320028762003e+01 1.352959096810288642e-01
-2.500000000000000000e-01 2.294967320028762003e+01 1.352958473932257821e-01
2.500000000000000000e-01 2.381569860407206107e+01 3.608581804632930712e-02
1.250000000000000000e+00 2.381569860407206107e+01 3.608577507047068533e-02
-1.250000000000000000e+00 2.468172400785649501e+01 2.008711998358137796e-01
-2.500000000000000000e-01 2.468172400785649501e+01 2.008712008721992293e-01
2.500000000000000000e-01 2.554774941164093605e+01 2.066738153847093029e-01
1.250000000000000000e+00 2.554774941164093605e+01 2.066738218004164906e-01
1.750000000000000000e+00 -2.554774941164094315e+01 2.066738331988731414e-01
2.750000000000000000e+00 -2.554774941164094315e+01 2.066738192138944108e-01
3.250000000000000000e+00 -2.468172400785650566e+01 2.008712034937252255e-01
4.250000000000000000e+00 -2.468172400785650566e+01 2.008711871751089340e-01
1.750000000000000000e+00 -2.381569860407206463e+01 3.608582930439566128e-02
2.750000000000000000e+00 -2.381569860407206463e+01 3.608579834985979617e-02
3.250000000000000000e+00 -2.294967320028762714e+01 1.352959448172056378e-01
4.250000000000000000e+00 -2.294967320028762714e+01 1.352958934719245276e-01
1.750000000000000000e+00 -2.208364779650318965e+01 1.100253079069481998e-01
2.750000000000000000e+00 -2.208364779650318965e+01 1.100252180876911678e-01
3.250000000000000000e+00 -2.121762239271875217e+01 3.852105828408625143e-02
4.250000000000000000e+00 -2.121762239271875217e+01 3.852095223713175587e-02
1.750000000000000000e+00 -2.035159698893431113e+01 6.066702668070635129e-02
2.750000000000000000e+00 -2.035159698893431113e+01 6.066682897278861952e-02
3.250000000000000000e+00 -1.948557158514987364e+01 3.988477086847287689e-02
4.250000000000000000e+00 -1.948557158514987364e+01 3.988463949362305166e-02
1.750000000000000000e+00 -1.861954618136543615e+01 2.530216673580726675e-02
2.750000000000000000e+00 -1.861954618136543615e+01 2.530181208781204227e-02
3.250000000000000000e+00 -1.775352077758099512e+01 2.610118763895646204e-02
4.250000000000000000e+00 -1.775352077758099512e+01 2.610147684558146441e-02
1.750000000000000000e+00 -1.688749537379655763e+01 1.972620746020137261e-02
2.750000000000000000e+00 -1.688749537379655763e+01 1.972684217765345582e-02
3.250000000000000000e+00 -1.602146997001212014e+01 1.904256386831915809e-02
4.250000000000000000e+00 -1.602146997001212014e+01 1.904436840180123366e-02
1.750000000000000000e+00 -1.515544456622767733e+01 1.771066542744410138e-02
2.750000000000000000e+00 -1.515544456622767733e+01 1.771985365114772670e-02
3.250000000000000000e+00 -1.428941916244323806e+01 1.710636675829063647e-02
4.250000000000000000e+00 -1.428941916244323806e+01 1.711668858961434142e-02
1.750000000000000000e+00 -1.342339375865880058e+01 1.716075728427095964e-02
2.750000000000000000e+00 -1.342339375865880058e+01 1.719906960789758729e-02
3.250000000000000000e+00 -1.255736835487436132e+01 1.674698390716684859e-02
4.250000000000000000e+00 -1.255736835487436132e+01 1.680568997838003537e-02
1.750000000000000000e+00 -1.169134295108992383e+01 1.683719879750058407e-02
2.750000000000000000e+00 -1.169134295108992383e+01 1.695217726220885068e-02
3.250000000000000000e+00 -1.082531754730548457e+01 1.673525946424934963e-02
4.250000000000000000e+00 -1.082531754730548457e+01 1.691703930076232654e-02
1.750000000000000000e+00 -9.959292143521047080e+00 1.675133974327379371e-02
2.750000000000000000e+00 -9.959292143521047080e+00 1.710697152822842834e-02
3.250000000000000000e+00 -9.093266739736607818e+00 1.673767193918515583e-02
4.250000000000000000e+00 -9.093266739736607818e+00 1.711073246357398131e-02
1.750000000000000000e+00 -8.227241335952170331e+00 1.657251495210050607e-02
2.750000000000000000e+00 -8.227241335952170331e+00 1.745865990336506468e-02
3.250000000000000000e+00 -7.361215932167732845e+00 1.674782786280730462e-02
4.250000000000000000e+00 -7.361215932167732845e+00 1.757760893741424843e-02
1.750000000000000000e+00 -6.495190528383291806e+00 1.663214495549449057e-02
2.750000000000000000e+00 -6.495190528383291806e+00 1.808820052879385465e-02
3.250000000000000000e+00 -5.629165124598854320e+00 1.667065549859289564e-02
4.250000000000000000e+00 -5.629165124598854320e+00 1.808516417607919716e-02
1.750000000000000000e+00 -4.763139720814413280e+00 1.692620868468165674e-02
2.750000000000000000e+00 -4.763139720814413280e+00 1.845078255223919078e-02
3.250000000000000000e+00 -3.897114317029975794e+00 1.692567915288245919e-02
4.250000000000000000e+00 -3.897114317029975794e+00 1.902985275906572335e-02
1.750000000000000000e+00 -3.031088913245538308e+00 1.945946268312061939e-02
2.750000000000000000e+00 -3.031088913245538308e+00 1.946258194988771326e-02
3.250000000000000000e+00 -2.165063509461100821e+00 1.748622314929956789e-02
4.250000000000000000e+00 -2.165063509461100821e+00 1.870677003247627618e-02
1.750000000000000000e+00 -1.299038105676659782e+00 1.815868463968234661e-02
2.750000000000000000e+00 -1.299038105676659782e+00 2.052650971162738036e-02
3.250000000000000000e+00 -4.330127018922222959e-01 2.289274207409520978e-02
4.250000000000000000e+00 -4.330127018922222959e-01 1.946260485233890225e-02
1.750000000000000000e+00 4.330127018922151905e-01 4.815653079002313319e-02
2.750000000000000000e+00 4.330127018922151905e-01 1.548949584658913629e-02
3.250000000000000000e+00 1.299038105676652677e+00 2.289274098121627313e-02
4.250000000000000000e+00 1.299038105676652677e+00 1.946256831830008027e-02
1.750000000000000000e+00 2.165063509461093716e+00 1.815878354109247417e-02
2.750000000000000000e+00 2.165063509461093716e+00 2.052658109856578261e-02
3.250000000000000000e+00 3.031088913245531202e+00 1.748612792329054880e-02
4.250000000000000000e+00 3.031088913245531202e+00 1.870669354738551185e-02
1.750000000000000000e+00 3.897114317029972241e+00 1.945960504090610971e-02
2.750000000000000000e+00 3.897114317029972241e+00 1.946256567880089508e-02
3.250000000000000000e+00 4.763139720814409728e+00 1.692626696187011365e-02
4.250000000000000000e+00 4.763139720814409728e+00 1.903038105193547921e-02
1.750000000000000000e+00 5.629165124598847214e+00 1.692492659428415300e-02
2.750000000000000000e+00 5.629165124598847214e+00 1.844943456980489144e-02
3.250000000000000000e+00 6.495190528383284700e+00 1.667390743963390043e-02
4.250000000000000000e+00 6.495190528383284700e+00 1.808817473288661798e-02
1.750000000000000000e+00 7.361215932167725740e+00 1.663025139127505270e-02
2.750000000000000000e+00 7.361215932167725740e+00 1.808633809153202196e-02
3.250000000000000000e+00 8.227241335952166779e+00 1.674609871310021175e-02
4.250000000000000000e+00 8.227241335952166779e+00 1.757584068420271067e-02
1.750000000000000000e+00 9.093266739736600712e+00 1.659308347998449812e-02
2.750000000000000000e+00 9.093266739736600712e+00 1.747896275282250986e-02
3.250000000000000000e+00 9.959292143521041751e+00 1.670720645580064945e-02
4.250000000000000000e+00 9.959292143521041751e+00 1.708023872691399186e-02
1.750000000000000000e+00 1.082531754730548279e+01 1.679995718116543413e-02
2.750000000000000000e+00 1.082531754730548279e+01 1.715547050690774053e-02
3.250000000000000000e+00 1.169134295108992383e+01 1.678547927333054815e-02
4.250000000000000000e+00 1.169134295108992383e+01 1.696693120477962835e-02
1.750000000000000000e+00 1.255736835487435776e+01 1.673418512225387234e-02
2.750000000000000000e+00 1.255736835487435776e+01 1.684928415775630711e-02
3.250000000000000000e+00 1.342339375865879880e+01 1.717855820966948666e-02
4.250000000000000000e+00 1.342339375865879880e+01 1.723721303076029138e-02
1.750000000000000000e+00 1.428941916244323274e+01 1.708135479492513958e-02
2.750000000000000000e+00 1.428941916244323274e+01 1.711943333608804269e-02
3.250000000000000000e+00 1.515544456622767377e+01 1.771422665371034932e-02
4.250000000000000000e+00 1.515544456622767377e+01 1.772461038620815402e-02
1.750000000000000000e+00 1.602146997001211304e+01 1.904120051496741017e-02
2.750000000000000000e+00 1.602146997001211304e+01 1.905021820358802562e-02
3.250000000000000000e+00 1.688749537379655408e+01 1.972283730775045013e-02
4.250000000000000000e+00 1.688749537379655408e+01 1.972451802358943934e-02
1.750000000000000000e+00 1.775352077758098801e+01 2.610221859692079746e-02
2.750000000000000000e+00 1.775352077758098801e+01 2.610285507394199261e-02
3.250000000000000000e+00 1.861954618136542905e+01 2.530147740357453767e-02
4.250000000000000000e+00 1.861954618136542905e+01 2.530171307678190373e-02
1.750000000000000000e+00 1.948557158514986298e+01 3.988451218725654057e-02
2.750000000000000000e+00 1.948557158514986298e+01 3.988406672843838180e-02
3.250000000000000000e+00 2.035159698893430402e+01 6.066714255123339256e-02
4.250000000000000000e+00 2.035159698893430402e+01 6.066699944652131221e-02
1.750000000000000000e+00 2.121762239271873796e+01 3.852085781095415662e-02
2.750000000000000000e+00 2.121762239271873796e+01 3.852062273557217698e-02
3.250000000000000000e+00 2.208364779650317899e+01 1.100253318544624354e-01
4.250000000000000000e+00 2.208364779650317899e+01 1.100252057787641513e-01
1.750000000000000000e+00 2.294967320028762003e+01 1.352958865115676257e-01
2.750000000000000000e+00 2.294967320028762003e+01 1.352958306519728982e-01
3.250000000000000000e+00 2.381569860407206107e+01 3.608581431049500549e-02
4.250000000000000000e+00 2.381569860407206107e+01 3.608576270095564809e-02
1.750000000000000000e+00 2.468172400785649501e+01 2.008711910236063158e-01
2.750000000000000000e+00 2.468172400785649501e+01 2.008711837321688343e-01
3.250000000000000000e+00 2.554774941164093605e+01 2.066738183102272419e-01
4.250000000000000000e+00 2.554774941164093605e+01 2.066737936181034796e-01
4.750000000000000000e+00 -2.554774941164094315e+01 2.066738338386556739e-01
5.750000000000000000e+00 -2.554774941164094315e+01 2.066738193832485249e-01
6.250000000000000000e+00 -2.468172400785650566e+01 2.008711993787065386e-01
7.250000000000000000e+00 -2.468172400785650566e+01 2.008712048660031835e-01
4.750000000000000000e+00 -2.381569860407206463e+01 3.608582884293060761e-02
5.750000000000000000e+00 -2.381569860407206463e+01 3.608581675653499410e-02
6.250000000000000000e+00 -2.294967320028762714e+01 1.352959395788874419e-01
7.250000000000000000e+00 -2.294967320028762714e+01 1.352959360274735012e-01
4.750000000000000000e+00 -2.208364779650318965e+01 1.100253172122851175e-01
5.750000000000000000e+00 -2.208364779650318965e+01 1.100253033805179137e-01
6.250000000000000000e+00 -2.121762239271875217e+01 3.852105392543710149e-02
7.250000000000000000e+00 -2.121762239271875217e+01 3.852099117632118430e-02
4.750000000000000000e+00 -2.035159698893431113e+01 6.066710206243713238e-02
5.750000000000000000e+00 -2.035159698893431113e+01 6.066704112901197266e-02
6.250000000000000000e+00 -1.948557158514987364e+01 3.988481329110588058e-02
7.250000000000000000e+00 -1.948557158514987364e+01 3.988471101350002379e-02
4.750000000000000000e+00 -1.861954618136543615e+01 2.530226995763205922e-02
5.750000000000000000e+00 -1.861954618136543615e+01 2.530202587295543593e-02
6.250000000000000000e+00 -1.775352077758099512e+01 2.610177922724302157e-02
7.250000000000000000e+00 -1.775352077758099512e+01 2.610198133729754039e-02
4.750000000000000000e+00 -1.688749537379655763e+01 1.972617443802366505e-02
5.750000000000000000e+00 -1.688749537379655763e+01 1.972632576854507769e-02
6.250000000000000000e+00 -1.602146997001212014e+01 1.904420297343777102e-02
7.250000000000000000e+00 -1.602146997001212014e+01 1.904497047377154417e-02
4.750000000000000000e+00 -1.515544456622767733e+01 1.771297127991902642e-02
5.750000000000000000e+00 -1.515544456622767733e+01 1.771856360612837633e-02
6.250000000000000000e+00 -1.428941916244323806e+01 1.710669387606467140e-02
7.250000000000000000e+00 -1.428941916244323806e+01 1.710925207096440637e-02
4.750000000000000000e+00 -1.342339375865880058e+01 1.717320599046166102e-02
5.750000000000000000e+00 -1.342339375865880058e+01 1.719307239746217797e-02
6.250000000000000000e+00 -1.255736835487436132e+01 1.675147634437940125e-02
7.250000000000000000e+00 -1.255736835487436132e+01 1.677557718484420923e-02
4.750000000000000000e+00 -1.169134295108992383e+01 1.684985391854675746e-02
5.750000000000000000e+00 -1.169134295108992383e+01 1.689919462751313106e-02
6.250000000000000000e+00 -1.082531754730548457e+01 1.677332409826629012e-02
7.250000000000000000e+00 -1.082531754730548457e+01 1.684915477697207162e-02
4.750000000000000000e+00 -9.959292143521047080e+00 1.674369306509355254e-02
5.750000000000000000e+00 -9.959292143521047080e+00 1.693275114399866998e-02
6.250000000000000000e+00 -9.093266739736607818e+00 1.677417047814028228e-02
7.250000000000000000e+00 -9.093266739736607818e+00 1.689896166990035448e-02
4.750000000000000000e+00 -8.227241335952170331e+00 1.663487527020158716e-02
5.750000000000000000e+00 -8.227241335952170331e+00 1.709030535642219739e-02
6.250000000000000000e+00 -7.361215932167732845e+00 1.671902832970463201e-02
7.250000000000000000e+00 -7.361215932167732845e+00 1.711879618558350899e-02
4.750000000000000000e+00 -6.495190528383291806e+00 1.674968044284796953e-02
5.750000000000000000e+00 -6.495190528383291806e+00 1.746228032218567761e-02
6.250000000000000000e+00 -5.629165124598854320e+00 1.657310275645862419e-02
7.250000000000000000e+00 -5.629165124598854320e+00 1.728224554132169050e-02
4.750000000000000000e+00 -4.763139720814413280e+00 1.663040776584418651e-02
5.750000000000000000e+00 -4.763139720814413280e+00 1.802842215402720993e-02
6.250000000000000000e+00 -3.897114317029975794e+00 1.681242410955144373e-02
7.250000000000000000e+00 -3.897114317029975794e+00 1.765022865017514681e-02
4.750000000000000000e+00 -3.031088913245538308e+00 1.704716489095237097e-02
5.750000000000000000e+00 -3.031088913245538308e+00 1.835020635154274715e-02
6.250000000000000000e+00 -2.165063509461100821e+00 1.648431828532662818e-02
7.250000000000000000e+00 -2.165063509461100821e+00 1.802795041641212792e-02
4.750000000000000000e+00 -1.299038105676659782e+00 1.678537849985065750e-02
5.750000000000000000e+00 -1.299038105676659782e+00 1.902983392766749438e-02
6.250000000000000000e+00 -4.330127018922222959e-01 1.723124749646656739e-02
7.250000000000000000e+00 -4.330127018922222959e-01 1.808597466823450017e-02
4.750000000000000000e+00 4.330127018922151905e-01 2.024696770781013802e-02
5.750000000000000000e+00 4.330127018922151905e-01 1.845025441014147560e-02
6.250000000000000000e+00 1.299038105676652677e+00 1.723117594264688204e-02
7.250000000000000000e+00 1.299038105676652677e+00 1.808594308085877123e-02
4.750000000000000000e+00 2.165063509461093716e+00 1.678546086124249603e-02
5.750000000000000000e+00 2.165063509461093716e+00 1.902992034102291008e-02
6.250000000000000000e+00 3.031088913245531202e+00 1.648418705291437858e-02
7.250000000000000000e+00 3.031088913245531202e+00 1.802786871823573722e-02
4.750000000000000000e+00 3.897114317029972241e+00 1.704718750295620977e-02
5.750000000000000000e+00 3.897114317029972241e+00 1.835022855240055206e-02
6.250000000000000000e+00 4.763139720814409728e+00 1.681298012595450198e-02
7.250000000000000000e+00 4.763139720814409728e+00 1.765078157724085661e-02
4.750000000000000000e+00 5.629165124598847214e+00 1.662901798043186358e-02
5.750000000000000000e+00 5.629165124598847214e+00 1.802708748055752153e-02
6.250000000000000000e+00 6.495190528383284700e+00 1.657614378210864325e-02
7.250000000000000000e+00 6.495190528383284700e+00 1.728534354578887405e-02
4.750000000000000000e+00 7.361215932167725740e+00 1.674790990664849766e-02
5.750000000000000000e+00 7.361215932167725740e+00 1.746042231550087864e-02
6.250000000000000000e+00 8.227241335952166779e+00 1.671717090600577382e-02
7.250000000000000000e+00 8.227241335952166779e+00 1.711701908413144901e-02
4.750000000000000000e+00 9.093266739736600712e+00 1.665549596555513517e-02
5.750000000000000000e+00 9.093266739736600712e+00 1.711076015881130008e-02
6.250000000000000000e+00 9.959292143521041751e+00 1.674375142129526373e-02
7.250000000000000000e+00 9.959292143521041751e+00 1.686845033459338089e-02
4.750000000000000000e+00 1.082531754730548279e+01 1.679225086646581044e-02
5.750000000000000000e+00 1.082531754730548279e+01 1.698138156950049216e-02
6.250000000000000000e+00 1.169134295108992383e+01 1.682341920090604792e-02
7.250000000000000000e+00 1.169134295108992383e+01 1.689923457054618924e-02
4.750000000000000000e+00 1.255736835487435776e+01 1.674694524802861420e-02
5.750000000000000000e+00 1.255736835487435776e+01 1.679626314347842930e-02
6.250000000000000000e+00 1.342339375865879880e+01 1.718295776267156696e-02
7.250000000000000000e+00 1.342339375865879880e+01 1.720716276706739378e-02
4.750000000000000000e+00 1.428941916244323274e+01 1.709386086578134484e-02
5.750000000000000000e+00 1.428941916244323274e+01 1.711359397572570495e-02
6.250000000000000000e+00 1.515544456622767377e+01 1.771456934273342443e-02
7.250000000000000000e+00 1.515544456622767377e+01 1.771710005546743572e-02
4.750000000000000000e+00 1.602146997001211304e+01 1.904352456460292956e-02
5.750000000000000000e+00 1.602146997001211304e+01 1.904918163782631790e-02
6.250000000000000000e+00 1.688749537379655408e+01 1.972447636184904152e-02
7.250000000000000000e+00 1.688749537379655408e+01 1.972521528256934720e-02
4.750000000000000000e+00 1.775352077758098801e+01 2.610219783871839394e-02
5.750000000000000000e+00 1.775352077758098801e+01 2.610243650715435293e-02
6.250000000000000000e+00 1.861954618136542905e+01 2.530211829504130927e-02
7.250000000000000000e+00 1.861954618136542905e+01 2.530236792196216555e-02
4.750000000000000000e+00 1.948557158514986298e+01 3.988456585675244359e-02
5.750000000000000000e+00 1.948557158514986298e+01 3.988434595154238815e-02
6.250000000000000000e+00 2.035159698893430402e+01 6.066721430849308927e-02
7.250000000000000000e+00 2.035159698893430402e+01 6.066717377292279306e-02
4.750000000000000000e+00 2.121762239271873796e+01 3.852093100433649775e-02
5.750000000000000000e+00 2.121762239271873796e+01 3.852085656014279241e-02
6.250000000000000000e+00 2.208364779650317899e+01 1.100253214187426748e-01
7.250000000000000000e+00 2.208364779650317899e+01 1.100252967864745052e-01
4.750000000000000000e+00 2.294967320028762003e+01 1.352959322305915257e-01
5.750000000000000000e+00 2.294967320028762003e+01 1.352958876187517478e-01
6.250000000000000000e+00 2.381569860407206107e+01 3.608582033705498571e-02
7.250000000000000000e+00 2.381569860407206107e+01 3.608580753075350811e-02
4.750000000000000000e+00 2.468172400785649501e+01 2.008712033701769983e-01
5.750000000000000000e+00 2.468172400785649501e+01 2.008711870282613166e-01
6.250000000000000000e+00 2.554774941164093605e+01 2.066738351291140807e-01
7.250000000000000000e+00 2.554774941164093605e+01 2.066738146503968587e-01
