-7.250000000000000000e+00 -2.554774941164094315e+01 4.894760047697031546e-01
-6.250000000000000000e+00 -2.554774941164094315e+01 4.894566373564872008e-01
-5.750000000000000000e+00 -2.468172400785650566e+01 4.623736935286421046e-01
-4.750000000000000000e+00 -2.468172400785650566e+01 4.623477318546465042e-01
-7.250000000000000000e+00 -2.381569860407206463e+01 2.564493267580655878e-01
-6.250000000000000000e+00 -2.381569860407206463e+01 2.564230584810202607e-01
-5.750000000000000000e+00 -2.294967320028762714e+01 3.483312395132598382e-01
-4.750000000000000000e+00 -2.294967320028762714e+01 3.482618989438275303e-01
-7.250000000000000000e+00 -2.208364779650318965e+01 4.102530602572889151e-01
-6.250000000000000000e+00 -2.208364779650318965e+01 4.101729320170193205e-01
-5.750000000000000000e+00 -2.121762239271875217e+01 6.720657115875616761e-01
-4.750000000000000000e+00 -2.121762239271875217e+01 6.719074819291521727e-01
-7.250000000000000000e+00 -2.035159698893431113e+01 3.358968937115497932e-01
-6.250000000000000000e+00 -2.035159698893431113e+01 3.357473463052736973e-01
-5.750000000000000000e+00 -1.948557158514987364e+01 5.037403912749662815e-01
-4.750000000000000000e+00 -1.948557158514987364e+01 5.032542180453802860e-01
-7.250000000000000000e+00 -1.861954618136543615e+01 7.183689532208055173e-01
-6.250000000000000000e+00 -1.861954618136543615e+01 7.179452688429044382e-01
-5.750000000000000000e+00 -1.775352077758099512e+01 4.983675674108090092e-01
-4.750000000000000000e+00 -1.775352077758099512e+01 4.976190719393687734e-01
-7.250000000000000000e+00 -1.688749537379655763e+01 5.958511573212935675e-01
-6.250000000000000000e+00 -1.688749537379655763e+01 5.953995978912515197e-01
-5.750000000000000000e+00 -1.602146997001212014e+01 5.442874563238523367e-01
-4.750000000000000000e+00 -1.602146997001212014e+01 5.426064454251193769e-01
-7.250000000000000000e+00 -1.515544456622767733e+01 7.692020634058529538e-01
-6.250000000000000000e+00 -1.515544456622767733e+01 7.671007071038785652e-01
-5.750000000000000000e+00 -1.428941916244323806e+01 6.792790431036649368e-01
-4.750000000000000000e+00 -1.428941916244323806e+01 6.779542093138231085e-01
-7.250000000000000000e+00 -1.342339375865880058e+01 5.509260046356372342e-01
-6.250000000000000000e+00 -1.342339375865880058e+01 5.438103826659586026e-01
-5.750000000000000000e+00 -1.255736835487436132e+01 8.567687999221840212e-01
-4.750000000000000000e+00 -1.255736835487436132e+01 8.508231861557775666e-01
-7.250000000000000000e+00 -1.169134295108992383e+01 6.548424128514365172e-01
-6.250000000000000000e+00 -1.169134295108992383e+01 6.608610134932001445e-01
-5.750000000000000000e+00 -1.082531754730548457e+01 6.330363570020136610e-01
-4.750000000000000000e+00 -1.082531754730548457e+01 6.182572317727604849e-01
-7.250000000000000000e+00 -9.959292143521047080e+00 7.516010718065879725e-01
-6.250000000000000000e+00 -9.959292143521047080e+00 7.631152844945089386e-01
-5.750000000000000000e+00 -9.093266739736607818e+00 5.695146105272298476e-01
-4.750000000000000000e+00 -9.093266739736607818e+00 6.151566894936456587e-01
-7.250000000000000000e+00 -8.227241335952170331e+00 6.815979262794016336e-01
-6.250000000000000000e+00 -8.227241335952170331e+00 6.452227656321416482e-01
-5.750000000000000000e+00 -7.361215932167732845e+00 6.406662641996688778e-01
-4.750000000000000000e+00 -7.361215932167732845e+00 6.950875327781732560e-01
-7.250000000000000000e+00 -6.495190528383291806e+00 5.627089742433428743e-01
-6.250000000000000000e+00 -6.495190528383291806e+00 6.160125344005984438e-01
-5.750000000000000000e+00 -5.629165124598854320e+00 6.678774339728855702e-01
-4.750000000000000000e+00 -5.629165124598854320e+00 6.272644948188171865e-01
-7.250000000000000000e+00 -4.763139720814413280e+00 5.671044510824335694e-01
-6.250000000000000000e+00 -4.763139720814413280e+00 6.762978044600546079e-01
-5.750000000000000000e+00 -3.897114317029975794e+00 4.943835818653087300e-01
-4.750000000000000000e+00 -3.897114317029975794e+00 6.364591758563764579e-01
-7.250000000000000000e+00 -3.031088913245538308e+00 6.729346082220881708e-01
-6.250000000000000000e+00 -3.031088913245538308e+00 6.095017495093937310e-01
-5.750000000000000000e+00 -2.165063509461100821e+00 5.131468278753111845e-01
-4.750000000000000000e+00 -2.165063509461100821e+00 5.861748502722826659e-01
-7.250000000000000000e+00 -1.299038105676659782e+00 5.975082319657593066e-01
-6.250000000000000000e+00 -1.299038105676659782e+00 6.366943813625943749e-01
-5.750000000000000000e+00 -4.330127018922222959e-01 6.516072303471135418e-01
-4.750000000000000000e+00 -4.330127018922222959e-01 6.056469446193351036e-01
-7.250000000000000000e+00 4.330127018922151905e-01 5.221519696373725372e-01
-6.250000000000000000e+00 4.330127018922151905e-01 6.295245326176626133e-01
-5.750000000000000000e+00 1.299038105676652677e+00 6.520952414214238324e-01
-4.750000000000000000e+00 1.299038105676652677e+00 6.062273425295759965e-01
-7.250000000000000000e+00 2.165063509461093716e+00 5.964475293161367597e-01
-6.250000000000000000e+00 2.165063509461093716e+00 6.359083026919004622e-01
-5.750000000000000000e+00 3.031088913245531202e+00 5.146335774583608025e-01
-4.750000000000000000e+00 3.031088913245531202e+00 5.880574524480326470e-01
-7.250000000000000000e+00 3.897114317029972241e+00 6.718592818597324268e-01
-6.250000000000000000e+00 3.897114317029972241e+00 6.087189206167256117e-01
-5.750000000000000000e+00 4.763139720814409728e+00 4.932299126881170004e-01
-4.750000000000000000e+00 4.763139720814409728e+00 6.364228365952877553e-01
-7.250000000000000000e+00 5.629165124598847214e+00 5.764831183886700572e-01
-6.250000000000000000e+00 5.629165124598847214e+00 6.845885163298576215e-01
-5.750000000000000000e+00 6.495190528383284700e+00 6.520933322043217517e-01
-4.750000000000000000e+00 6.495190528383284700e+00 6.119146255212790653e-01
-7.250000000000000000e+00 7.361215932167725740e+00 5.905624413779140269e-01
-6.250000000000000000e+00 7.361215932167725740e+00 6.435943103893861927e-01
-5.750000000000000000e+00 8.227241335952166779e+00 6.341795890834368565e-01
-4.750000000000000000e+00 8.227241335952166779e+00 6.884204224822318974e-01
-7.250000000000000000e+00 9.093266739736600712e+00 6.505752155613409027e-01
-6.250000000000000000e+00 9.093266739736600712e+00 6.152209738004662531e-01
-5.750000000000000000e+00 9.959292143521041751e+00 6.809482700530230526e-01
-4.750000000000000000e+00 9.959292143521041751e+00 7.305424654290472164e-01
-7.250000000000000000e+00 1.082531754730548279e+01 6.328223821443255126e-01
-6.250000000000000000e+00 1.082531754730548279e+01 6.418636574646076065e-01
-5.750000000000000000e+00 1.169134295108992383e+01 6.594450885058675826e-01
-4.750000000000000000e+00 1.169134295108992383e+01 6.458349212568207376e-01
-7.250000000000000000e+00 1.255736835487435776e+01 8.351344610339830332e-01
-6.250000000000000000e+00 1.255736835487435776e+01 8.417877434320141239e-01
-5.750000000000000000e+00 1.342339375865879880e+01 5.535580994018866052e-01
-4.750000000000000000e+00 1.342339375865879880e+01 5.465131155690793330e-01
-7.250000000000000000e+00 1.428941916244323274e+01 6.807729228926044929e-01
-6.250000000000000000e+00 1.428941916244323274e+01 6.750309527101900908e-01
-5.750000000000000000e+00 1.515544456622767377e+01 7.627096466703162658e-01
-4.750000000000000000e+00 1.515544456622767377e+01 7.638400425023482709e-01
-7.250000000000000000e+00 1.602146997001211304e+01 5.468782166262822209e-01
-6.250000000000000000e+00 1.602146997001211304e+01 5.436711288213479376e-01
-5.750000000000000000e+00 1.688749537379655408e+01 5.940404361144614453e-01
-4.750000000000000000e+00 1.688749537379655408e+01 5.920681609251257083e-01
-7.250000000000000000e+00 1.775352077758098801e+01 4.978610827526085414e-01
-6.250000000000000000e+00 1.775352077758098801e+01 4.977564605140941678e-01
-5.750000000000000000e+00 1.861954618136542905e+01 7.185898025626582530e-01
-4.750000000000000000e+00 1.861954618136542905e+01 7.172101997510114124e-01
-7.250000000000000000e+00 1.948557158514986298e+01 5.034117177827980294e-01
-6.250000000000000000e+00 1.948557158514986298e+01 5.030447959296727722e-01
-5.750000000000000000e+00 2.035159698893430402e+01 3.359397399989309529e-01
-4.750000000000000000e+00 2.035159698893430402e+01 3.357142653899626294e-01
-7.250000000000000000e+00 2.121762239271873796e+01 6.720091014333545720e-01
-6.250000000000000000e+00 2.121762239271873796e+01 6.717777325121192522e-01
-5.750000000000000000e+00 2.208364779650317899e+01 4.101549586786508717e-01
-4.750000000000000000e+00 2.208364779650317899e+01 4.100811637972640589e-01
-7.250000000000000000e+00 2.294967320028762003e+01 3.483035910858935935e-01
-6.250000000000000000e+00 2.294967320028762003e+01 3.482703031694977525e-01
-5.750000000000000000e+00 2.381569860407206107e+01 2.564031845961735612e-01
-4.750000000000000000e+00 2.381569860407206107e+01 2.563849365086167120e-01
-7.250000000000000000e+00 2.468172400785649501e+01 4.623628126774586011e-01
-6.250000000000000000e+00 2.468172400785649501e+01 4.623563061923936512e-01
-5.750000000000000000e+00 2.554774941164093605e+01 4.894626999548009061e-01
-4.750000000000000000e+00 2.554774941164093605e+01 4.894501403413713536e-01
-4.250000000000000000e+00 -2.554774941164094315e+01 4.894756984911525777e-01
-3.250000000000000000e+00 -2.554774941164094315e+01 4.894524195722300131e-01
-2.750000000000000000e+00 -2.468172400785650566e+01 4.623660892171059245e-01
-1.750000000000000000e+00 -2.468172400785650566e+01 4.623385062381181188e-01
-4.250000000000000000e+00 -2.381569860407206463e+01 2.564570311862973129e-01
-3.250000000000000000e+00 -2.381569860407206463e+01 2.564119436067023305e-01
-2.750000000000000000e+00 -2.294967320028762714e+01 3.483376969903508868e-01
-1.750000000000000000e+00 -2.294967320028762714e+01 3.482601396211852940e-01
-4.250000000000000000e+00 -2.208364779650318965e+01 4.102539166330219089e-01
-3.250000000000000000e+00 -2.208364779650318965e+01 4.100825629457571786e-01
-2.750000000000000000e+00 -2.121762239271875217e+01 6.721636602610280287e-01
-1.750000000000000000e+00 -2.121762239271875217e+01 6.719838028838329702e-01
-4.250000000000000000e+00 -2.035159698893431113e+01 3.358638680225034534e-01
-3.250000000000000000e+00 -2.035159698893431113e+01 3.356511218164153765e-01
-2.750000000000000000e+00 -1.948557158514987364e+01 5.037641831038602858e-01
-1.750000000000000000e+00 -1.948557158514987364e+01 5.030258711837083396e-01
-4.250000000000000000e+00 -1.861954618136543615e+01 7.183837528740678602e-01
-3.250000000000000000e+00 -1.861954618136543615e+01 7.179757037599866498e-01
-2.750000000000000000e+00 -1.775352077758099512e+01 4.978209938236152765e-01
-1.750000000000000000e+00 -1.775352077758099512e+01 4.967688142317407962e-01
-4.250000000000000000e+00 -1.688749537379655763e+01 5.965474023492383093e-01
-3.250000000000000000e+00 -1.688749537379655763e+01 5.943982750484365640e-01
-2.750000000000000000e+00 -1.602146997001212014e+01 5.433240297348789216e-01
-1.750000000000000000e+00 -1.602146997001212014e+01 5.417760779520766068e-01
-4.250000000000000000e+00 -1.515544456622767733e+01 7.686134206854017270e-01
-3.250000000000000000e+00 -1.515544456622767733e+01 7.646173718874187397e-01
-2.750000000000000000e+00 -1.428941916244323806e+01 6.817816247973268462e-01
-1.750000000000000000e+00 -1.428941916244323806e+01 6.757111863253247863e-01
-4.250000000000000000e+00 -1.342339375865880058e+01 5.417260572229485316e-01
-3.250000000000000000e+00 -1.342339375865880058e+01 5.369976484304865849e-01
-2.750000000000000000e+00 -1.255736835487436132e+01 8.569763777261270032e-01
-1.750000000000000000e+00 -1.255736835487436132e+01 8.460865436729235745e-01
-4.250000000000000000e+00 -1.169134295108992383e+01 6.478377512061856969e-01
-3.250000000000000000e+00 -1.169134295108992383e+01 6.531870079453268030e-01
-2.750000000000000000e+00 -1.082531754730548457e+01 6.038749289816027765e-01
-1.750000000000000000e+00 -1.082531754730548457e+01 6.058954872483997001e-01
-4.250000000000000000e+00 -9.959292143521047080e+00 7.653218483104703429e-01
-3.250000000000000000e+00 -9.959292143521047080e+00 7.637752991825659254e-01
-2.750000000000000000e+00 -9.093266739736607818e+00 5.555261722904401012e-01
-1.750000000000000000e+00 -9.093266739736607818e+00 6.053702437965245986e-01
-4.250000000000000000e+00 -8.227241335952170331e+00 6.350377859384851442e-01
-3.250000000000000000e+00 -8.227241335952170331e+00 6.374130455025217579e-01
-2.750000000000000000e+00 -7.361215932167732845e+00 6.805919085165750282e-01
-1.750000000000000000e+00 -7.361215932167732845e+00 6.968018629062288083e-01
-4.250000000000000000e+00 -6.495190528383291806e+00 4.590279358364185436e-01
-3.250000000000000000e+00 -6.495190528383291806e+00 6.120725401766687890e-01
-2.750000000000000000e+00 -5.629165124598854320e+00 5.876382954857420904e-01
-1.750000000000000000e+00 -5.629165124598854320e+00 6.448692800685095206e-01
-4.250000000000000000e+00 -4.763139720814413280e+00 5.803610822541734882e-01
-3.250000000000000000e+00 -4.763139720814413280e+00 6.294096851599443321e-01
-2.750000000000000000e+00 -3.897114317029975794e+00 4.297353857756210926e-01
-1.750000000000000000e+00 -3.897114317029975794e+00 6.058171327464024758e-01
-4.250000000000000000e+00 -3.031088913245538308e+00 6.654947707929725897e-01
-3.250000000000000000e+00 -3.031088913245538308e+00 6.069246224060346195e-01
-2.750000000000000000e+00 -2.165063509461100821e+00 5.978063830578778104e-01
-1.750000000000000000e+00 -2.165063509461100821e+00 3.286486252957387388e-01
-4.250000000000000000e+00 -1.299038105676659782e+00 5.520231352622270160e-01
-3.250000000000000000e+00 -1.299038105676659782e+00 6.131145013728283022e-01
-2.750000000000000000e+00 -4.330127018922222959e-01 6.715232572662745980e-01
-1.750000000000000000e+00 -4.330127018922222959e-01 5.347490805517453039e-01
-4.250000000000000000e+00 4.330127018922151905e-01 5.210611376820173390e-01
-3.250000000000000000e+00 4.330127018922151905e-01 3.290198165644513950e-01
-2.750000000000000000e+00 1.299038105676652677e+00 6.718244534597732631e-01
-1.750000000000000000e+00 1.299038105676652677e+00 5.348944055065691927e-01
-4.250000000000000000e+00 2.165063509461093716e+00 5.512067078650567664e-01
-3.250000000000000000e+00 2.165063509461093716e+00 6.122440546311030962e-01
-2.750000000000000000e+00 3.031088913245531202e+00 5.989947481185680100e-01
-1.750000000000000000e+00 3.031088913245531202e+00 3.298993325133420806e-01
-4.250000000000000000e+00 3.897114317029972241e+00 6.644731304795755689e-01
-3.250000000000000000e+00 3.897114317029972241e+00 6.056209995239213439e-01
-2.750000000000000000e+00 4.763139720814409728e+00 4.298271755784610626e-01
-1.750000000000000000e+00 4.763139720814409728e+00 6.057439239623523264e-01
-4.250000000000000000e+00 5.629165124598847214e+00 5.871568213784457146e-01
-3.250000000000000000e+00 5.629165124598847214e+00 6.374506998697692106e-01
-2.750000000000000000e+00 6.495190528383284700e+00 5.740521248917623831e-01
-1.750000000000000000e+00 6.495190528383284700e+00 6.289341338811009763e-01
-4.250000000000000000e+00 7.361215932167725740e+00 4.834095685562368461e-01
-3.250000000000000000e+00 7.361215932167725740e+00 6.398704756652805470e-01
-2.750000000000000000e+00 8.227241335952166779e+00 6.723100419510906756e-01
-1.750000000000000000e+00 8.227241335952166779e+00 6.896927928145574205e-01
-4.250000000000000000e+00 9.093266739736600712e+00 6.042768693854660977e-01
-3.250000000000000000e+00 9.093266739736600712e+00 6.059402952587185087e-01
-2.750000000000000000e+00 9.959292143521041751e+00 6.665629299727396928e-01
-1.750000000000000000e+00 9.959292143521041751e+00 7.193599688218286214e-01
-4.250000000000000000e+00 1.082531754730548279e+01 6.438412800830098925e-01
-3.250000000000000000e+00 1.082531754730548279e+01 6.434128298790511291e-01
-2.750000000000000000e+00 1.169134295108992383e+01 6.335422522033308246e-01
-1.750000000000000000e+00 1.169134295108992383e+01 6.318538583973857259e-01
-4.250000000000000000e+00 1.255736835487435776e+01 8.243447676064217244e-01
-3.250000000000000000e+00 1.255736835487435776e+01 8.352031424884217570e-01
-2.750000000000000000e+00 1.342339375865879880e+01 5.541597315480302210e-01
-1.750000000000000000e+00 1.342339375865879880e+01 5.439522093139828041e-01
-4.250000000000000000e+00 1.428941916244323274e+01 6.718409723844737114e-01
-3.250000000000000000e+00 1.428941916244323274e+01 6.655687268271532897e-01
-2.750000000000000000e+00 1.515544456622767377e+01 7.651327376785393986e-01
-1.750000000000000000e+00 1.515544456622767377e+01 7.608550375791554021e-01
-4.250000000000000000e+00 1.602146997001211304e+01 5.464357384018919683e-01
-3.250000000000000000e+00 1.602146997001211304e+01 5.415120350987333575e-01
-2.750000000000000000e+00 1.688749537379655408e+01 5.929480658467828347e-01
-1.750000000000000000e+00 1.688749537379655408e+01 5.896005061898790256e-01
-4.250000000000000000e+00 1.775352077758098801e+01 4.982544388322693307e-01
-3.250000000000000000e+00 1.775352077758098801e+01 4.971230022573486784e-01
-2.750000000000000000e+00 1.861954618136542905e+01 7.179840481019554854e-01
-1.750000000000000000e+00 1.861954618136542905e+01 7.169509474217364842e-01
-4.250000000000000000e+00 1.948557158514986298e+01 5.030539058748658698e-01
-3.250000000000000000e+00 1.948557158514986298e+01 5.023648275865270074e-01
-2.750000000000000000e+00 2.035159698893430402e+01 3.359284612019829419e-01
-1.750000000000000000e+00 2.035159698893430402e+01 3.355514246139222889e-01
-4.250000000000000000e+00 2.121762239271873796e+01 6.718469238001510968e-01
-3.250000000000000000e+00 2.121762239271873796e+01 6.716362402520321684e-01
-2.750000000000000000e+00 2.208364779650317899e+01 4.101645447979283543e-01
-1.750000000000000000e+00 2.208364779650317899e+01 4.099967514254749257e-01
-4.250000000000000000e+00 2.294967320028762003e+01 3.483019775178461952e-01
-3.250000000000000000e+00 2.294967320028762003e+01 3.482404154826163056e-01
-2.750000000000000000e+00 2.381569860407206107e+01 2.564219146783075498e-01
-1.750000000000000000e+00 2.381569860407206107e+01 2.563805378625175768e-01
-4.250000000000000000e+00 2.468172400785649501e+01 4.623666581613691262e-01
-3.250000000000000000e+00 2.468172400785649501e+01 4.623453794257899041e-01
-2.750000000000000000e+00 2.554774941164093605e+01 4.894791991030215672e-01
-1.750000000000000000e+00 2.554774941164093605e+01 4.894451168467873758e-01
-1.250000000000000000e+00 -2.554774941164094315e+01 4.894703074901719519e-01
-2.500000000000000000e-01 -2.554774941164094315e+01 4.894503970524480274e-01
2.500000000000000000e-01 -2.468172400785650566e+01 4.623545316981218511e-01
1.250000000000000000e+00 -2.468172400785650566e+01 4.623440813145359707e-01
-1.250000000000000000e+00 -2.381569860407206463e+01 2.564495313077475025e-01
-2.500000000000000000e-01 -2.381569860407206463e+01 2.564228862341637605e-01
2.500000000000000000e-01 -2.294967320028762714e+01 3.483189043932937157e-01
1.250000000000000000e+00 -2.294967320028762714e+01 3.482766396381277163e-01
-1.250000000000000000e+00 -2.208364779650318965e+01 4.101942726967232056e-01
-2.500000000000000000e-01 -2.208364779650318965e+01 4.100728041861142481e-01
2.500000000000000000e-01 -2.121762239271875217e+01 6.721826914193098634e-01
1.250000000000000000e+00 -2.121762239271875217e+01 6.721171362410506278e-01
-1.250000000000000000e+00 -2.035159698893431113e+01 3.358569234192628206e-01
-2.500000000000000000e-01 -2.035159698893431113e+01 3.355697332993528570e-01
2.500000000000000000e-01 -1.948557158514987364e+01 5.036715441651116176e-01
1.250000000000000000e+00 -1.948557158514987364e+01 5.032599420701824311e-01
-1.250000000000000000e+00 -1.861954618136543615e+01 7.188064821532602622e-01
-2.500000000000000000e-01 -1.861954618136543615e+01 7.182662373903417885e-01
2.500000000000000000e-01 -1.775352077758099512e+01 4.978713429197560991e-01
1.250000000000000000e+00 -1.775352077758099512e+01 4.962189990299372688e-01
-1.250000000000000000e+00 -1.688749537379655763e+01 5.968967837148484445e-01
-2.500000000000000000e-01 -1.688749537379655763e+01 5.942950907736699317e-01
2.500000000000000000e-01 -1.602146997001212014e+01 5.443279639324323238e-01
1.250000000000000000e+00 -1.602146997001212014e+01 5.415239833838247918e-01
-1.250000000000000000e+00 -1.515544456622767733e+01 7.668821250742223761e-01
-2.500000000000000000e-01 -1.515544456622767733e+01 7.618400706218856344e-01
2.500000000000000000e-01 -1.428941916244323806e+01 6.833084231863199021e-01
1.250000000000000000e+00 -1.428941916244323806e+01 6.770103945447693006e-01
-1.250000000000000000e+00 -1.342339375865880058e+01 5.369857521396502742e-01
-2.500000000000000000e-01 -1.342339375865880058e+01 5.331018377995142554e-01
2.500000000000000000e-01 -1.255736835487436132e+01 8.539100483925240459e-01
1.250000000000000000e+00 -1.255736835487436132e+01 8.451356246199264177e-01
-1.250000000000000000e+00 -1.169134295108992383e+01 6.555603926813019511e-01
-2.500000000000000000e-01 -1.169134295108992383e+01 6.510661009999416660e-01
2.500000000000000000e-01 -1.082531754730548457e+01 5.974226001453253332e-01
1.250000000000000000e+00 -1.082531754730548457e+01 6.048554962695804615e-01
-1.250000000000000000e+00 -9.959292143521047080e+00 7.701050523694545902e-01
-2.500000000000000000e-01 -9.959292143521047080e+00 7.635062322412116131e-01
2.500000000000000000e-01 -9.093266739736607818e+00 5.921391527469042071e-01
1.250000000000000000e+00 -9.093266739736607818e+00 6.067496207260905106e-01
-1.250000000000000000e+00 -8.227241335952170331e+00 5.798476116502717659e-01
-2.500000000000000000e-01 -8.227241335952170331e+00 6.341041050315765482e-01
2.500000000000000000e-01 -7.361215932167732845e+00 6.922285951133271276e-01
1.250000000000000000e+00 -7.361215932167732845e+00 6.971383062039392398e-01
-1.250000000000000000e+00 -6.495190528383291806e+00 4.867673611317232529e-01
-2.500000000000000000e-01 -6.495190528383291806e+00 6.014031481560219161e-01
2.500000000000000000e-01 -5.629165124598854320e+00 5.210208464727115185e-01
1.250000000000000000e+00 -5.629165124598854320e+00 6.443803195494817171e-01
-1.250000000000000000e+00 -4.763139720814413280e+00 6.645219009247862463e-01
-2.500000000000000000e-01 -4.763139720814413280e+00 5.872752761526960352e-01
2.500000000000000000e-01 -3.897114317029975794e+00 5.512152227473733346e-01
1.250000000000000000e+00 -3.897114317029975794e+00 6.057761054604041684e-01
-1.250000000000000000e+00 -3.031088913245538308e+00 5.989000683144118931e-01
-2.500000000000000000e-01 -3.031088913245538308e+00 6.141391420419145541e-01
2.500000000000000000e-01 -2.165063509461100821e+00 6.711172231413241596e-01
1.250000000000000000e+00 -2.165063509461100821e+00 3.287439444067580263e-01
-1.250000000000000000e+00 -1.299038105676659782e+00 6.544949406142147597e-01
-2.500000000000000000e-01 -1.299038105676659782e+00 5.349082866949869119e-01
2.500000000000000000e-01 -4.330127018922222959e-01 7.432412360814555363e-01
1.250000000000000000e+00 -4.330127018922222959e-01 5.347490805517411960e-01
-1.250000000000000000e+00 4.330127018922151905e-01 7.432834315804209835e-01
-2.500000000000000000e-01 4.330127018922151905e-01 8.062949906991997028e-07
2.500000000000000000e-01 1.299038105676652677e+00 7.436064545579521567e-01
1.250000000000000000e+00 1.299038105676652677e+00 5.349740589656694079e-01
-1.250000000000000000e+00 2.165063509461093716e+00 6.540352754421776549e-01
-2.500000000000000000e-01 2.165063509461093716e+00 5.344395907537378143e-01
2.500000000000000000e-01 3.031088913245531202e+00 6.726462831850267277e-01
1.250000000000000000e+00 3.031088913245531202e+00 3.302571365221724231e-01
-1.250000000000000000e+00 3.897114317029972241e+00 5.984413476925134479e-01
-2.500000000000000000e-01 3.897114317029972241e+00 6.124638524506365034e-01
2.500000000000000000e-01 4.763139720814409728e+00 5.524421830397746591e-01
1.250000000000000000e+00 4.763139720814409728e+00 6.060118500542144293e-01
-1.250000000000000000e+00 5.629165124598847214e+00 6.723736855343231955e-01
-2.500000000000000000e-01 5.629165124598847214e+00 5.942275192732928701e-01
2.500000000000000000e-01 6.495190528383284700e+00 5.070975894322902189e-01
1.250000000000000000e+00 6.495190528383284700e+00 6.294216578416261809e-01
-1.250000000000000000e+00 7.361215932167725740e+00 5.159463991447330589e-01
-2.500000000000000000e-01 7.361215932167725740e+00 6.283067985612201811e-01
2.500000000000000000e-01 8.227241335952166779e+00 6.854652256083844097e-01
1.250000000000000000e+00 8.227241335952166779e+00 6.899792876601708036e-01
-1.250000000000000000e+00 9.093266739736600712e+00 5.535006932204850072e-01
-2.500000000000000000e-01 9.093266739736600712e+00 6.033930662238304876e-01
2.500000000000000000e-01 9.959292143521041751e+00 7.095762994669527757e-01
1.250000000000000000e+00 9.959292143521041751e+00 7.187806343184967028e-01
-1.250000000000000000e+00 1.082531754730548279e+01 6.497288061920005742e-01
-2.500000000000000000e-01 1.082531754730548279e+01 6.439891141131527386e-01
2.500000000000000000e-01 1.169134295108992383e+01 6.284872830785660502e-01
1.250000000000000000e+00 1.169134295108992383e+01 6.331543461035531450e-01
-1.250000000000000000e+00 1.255736835487435776e+01 8.356072424303890855e-01
-2.500000000000000000e-01 1.255736835487435776e+01 8.296960964404351824e-01
2.500000000000000000e-01 1.342339375865879880e+01 5.507871396107669737e-01
1.250000000000000000e+00 1.342339375865879880e+01 5.439928135505739393e-01
-1.250000000000000000e+00 1.428941916244323274e+01 6.688889088427508733e-01
-2.500000000000000000e-01 1.428941916244323274e+01 6.615467732845924376e-01
2.500000000000000000e-01 1.515544456622767377e+01 7.679643320137655715e-01
1.250000000000000000e+00 1.515544456622767377e+01 7.594849806813147586e-01
-1.250000000000000000e+00 1.602146997001211304e+01 5.448002727894293296e-01
-2.500000000000000000e-01 1.602146997001211304e+01 5.410531365308723917e-01
2.500000000000000000e-01 1.688749537379655408e+01 5.937519240385316088e-01
1.250000000000000000e+00 1.688749537379655408e+01 5.904524966280766396e-01
-1.250000000000000000e+00 1.775352077758098801e+01 4.985924987987983004e-01
-2.500000000000000000e-01 1.775352077758098801e+01 4.962258351804301193e-01
2.500000000000000000e-01 1.861954618136542905e+01 7.180746748583631822e-01
1.250000000000000000e+00 1.861954618136542905e+01 7.174358942289256191e-01
-1.250000000000000000e+00 1.948557158514986298e+01 5.031860148970703772e-01
-2.500000000000000000e-01 1.948557158514986298e+01 5.022446947126674166e-01
2.500000000000000000e-01 2.035159698893430402e+01 3.359433195024454366e-01
1.250000000000000000e+00 2.035159698893430402e+01 3.354100825195874824e-01
-1.250000000000000000e+00 2.121762239271873796e+01 6.719236495433749123e-01
-2.500000000000000000e-01 2.121762239271873796e+01 6.717639943606913411e-01
2.500000000000000000e-01 2.208364779650317899e+01 4.102103206150088388e-01
1.250000000000000000e+00 2.208364779650317899e+01 4.100251498855565502e-01
-1.250000000000000000e+00 2.294967320028762003e+01 3.483351196793537108e-01
-2.500000000000000000e-01 2.294967320028762003e+01 3.482262201556503567e-01
2.500000000000000000e-01 2.381569860407206107e+01 2.564520108062696702e-01
1.250000000000000000e+00 2.381569860407206107e+01 2.564104251550499147e-01
-1.250000000000000000e+00 2.468172400785649501e+01 4.623726789409858262e-01
-2.500000000000000000e-01 2.468172400785649501e+01 4.623334769467780658e-01
2.500000000000000000e-01 2.554774941164093605e+01 4.894858119394303042e-01
1.250000000000000000e+00 2.554774941164093605e+01 4.894422975740838067e-01
1.750000000000000000e+00 -2.554774941164094315e+01 4.894664646599250490e-01
2.750000000000000000e+00 -2.554774941164094315e+01 4.894572978412745634e-01
3.250000000000000000e+00 -2.468172400785650566e+01 4.623519340638948538e-01
4.250000000000000000e+00 -2.468172400785650566e+01 4.623617619097105669e-01
1.750000000000000000e+00 -2.381569860407206463e+01 2.564487573092849027e-01
2.750000000000000000e+00 -2.381569860407206463e+01 2.564534770729093305e-01
3.250000000000000000e+00 -2.294967320028762714e+01 3.482985202349341836e-01
4.250000000000000000e+00 -2.294967320028762714e+01 3.482958816646412048e-01
1.750000000000000000e+00 -2.208364779650318965e+01 4.101716826287205020e-01
2.750000000000000000e+00 -2.208364779650318965e+01 4.101825690128260704e-01
3.250000000000000000e+00 -2.121762239271875217e+01 6.721530043858935377e-01
4.250000000000000000e+00 -2.121762239271875217e+01 6.721131460608142927e-01
1.750000000000000000e+00 -2.035159698893431113e+01 3.358386136577731773e-01
2.750000000000000000e+00 -2.035159698893431113e+01 3.355590125023702464e-01
3.250000000000000000e+00 -1.948557158514987364e+01 5.037111703672909613e-01
4.250000000000000000e+00 -1.948557158514987364e+01 5.036300896369331204e-01
1.750000000000000000e+00 -1.861954618136543615e+01 7.189426881081064646e-01
2.750000000000000000e+00 -1.861954618136543615e+01 7.181965251519725202e-01
3.250000000000000000e+00 -1.775352077758099512e+01 4.981807677516969513e-01
4.250000000000000000e+00 -1.775352077758099512e+01 4.969783346653418588e-01
1.750000000000000000e+00 -1.688749537379655763e+01 5.968307674436267307e-01
2.750000000000000000e+00 -1.688749537379655763e+01 5.952915346373005567e-01
3.250000000000000000e+00 -1.602146997001212014e+01 5.454005799100118956e-01
4.250000000000000000e+00 -1.602146997001212014e+01 5.423476689044151033e-01
1.750000000000000000e+00 -1.515544456622767733e+01 7.674297792717685862e-01
2.750000000000000000e+00 -1.515544456622767733e+01 7.630340764800671582e-01
3.250000000000000000e+00 -1.428941916244323806e+01 6.839588412165118481e-01
4.250000000000000000e+00 -1.428941916244323806e+01 6.794012583393227445e-01
1.750000000000000000e+00 -1.342339375865880058e+01 5.416520610233992450e-01
2.750000000000000000e+00 -1.342339375865880058e+01 5.359942926323300050e-01
3.250000000000000000e+00 -1.255736835487436132e+01 8.544998283930178573e-01
4.250000000000000000e+00 -1.255736835487436132e+01 8.500607934739572435e-01
1.750000000000000000e+00 -1.169134295108992383e+01 6.657748669347821613e-01
2.750000000000000000e+00 -1.169134295108992383e+01 6.556556272016443865e-01
3.250000000000000000e+00 -1.082531754730548457e+01 6.160353826680974310e-01
4.250000000000000000e+00 -1.082531754730548457e+01 6.174630899386165384e-01
1.750000000000000000e+00 -9.959292143521047080e+00 7.645365360964244683e-01
2.750000000000000000e+00 -9.959292143521047080e+00 7.635194156343420024e-01
3.250000000000000000e+00 -9.093266739736607818e+00 6.313723811458982205e-01
4.250000000000000000e+00 -9.093266739736607818e+00 6.159561654127629904e-01
1.750000000000000000e+00 -8.227241335952170331e+00 5.837403048773477376e-01
2.750000000000000000e+00 -8.227241335952170331e+00 6.361880796652127357e-01
3.250000000000000000e+00 -7.361215932167732845e+00 6.748895901994820257e-01
4.250000000000000000e+00 -7.361215932167732845e+00 6.950966559817757240e-01
1.750000000000000000e+00 -6.495190528383291806e+00 5.891868316629358393e-01
2.750000000000000000e+00 -6.495190528383291806e+00 6.124791849202092520e-01
3.250000000000000000e+00 -5.629165124598854320e+00 5.313699041660510103e-01
4.250000000000000000e+00 -5.629165124598854320e+00 6.270624161715331324e-01
1.750000000000000000e+00 -4.763139720814413280e+00 6.520633136909326222e-01
2.750000000000000000e+00 -4.763139720814413280e+00 6.296312808388264681e-01
3.250000000000000000e+00 -3.897114317029975794e+00 6.517981826372245546e-01
4.250000000000000000e+00 -3.897114317029975794e+00 6.364453613008629329e-01
1.750000000000000000e+00 -3.031088913245538308e+00 5.226301734685279143e-01
2.750000000000000000e+00 -3.031088913245538308e+00 6.068075878488179420e-01
3.250000000000000000e+00 -2.165063509461100821e+00 5.513801237969655489e-01
4.250000000000000000e+00 -2.165063509461100821e+00 5.861303265048746214e-01
1.750000000000000000e+00 -1.299038105676659782e+00 6.718645558993832090e-01
2.750000000000000000e+00 -1.299038105676659782e+00 6.130570528383851858e-01
3.250000000000000000e+00 -4.330127018922222959e-01 5.981614242181416685e-01
4.250000000000000000e+00 -4.330127018922222959e-01 6.056469446193302186e-01
1.750000000000000000e+00 4.330127018922151905e-01 6.542223206625763510e-01
2.750000000000000000e+00 4.330127018922151905e-01 3.290198165644590000e-01
3.250000000000000000e+00 1.299038105676652677e+00 5.981922938065724615e-01
4.250000000000000000e+00 1.299038105676652677e+00 6.062208682984031594e-01
1.750000000000000000e+00 2.165063509461093716e+00 6.710721481557839763e-01
2.750000000000000000e+00 2.165063509461093716e+00 6.122977245198558682e-01
3.250000000000000000e+00 3.031088913245531202e+00 5.528001227982725085e-01
4.250000000000000000e+00 3.031088913245531202e+00 5.880281248722197818e-01
1.750000000000000000e+00 3.897114317029972241e+00 5.204131077486108259e-01
2.750000000000000000e+00 3.897114317029972241e+00 6.060513881199069974e-01
3.250000000000000000e+00 4.763139720814409728e+00 6.515112780229533884e-01
4.250000000000000000e+00 4.763139720814409728e+00 6.366384214388997043e-01
1.750000000000000000e+00 5.629165124598847214e+00 6.592711696384199183e-01
2.750000000000000000e+00 5.629165124598847214e+00 6.381064434841473565e-01
3.250000000000000000e+00 6.495190528383284700e+00 5.133396648829270381e-01
4.250000000000000000e+00 6.495190528383284700e+00 6.126443422870243571e-01
1.750000000000000000e+00 7.361215932167725740e+00 6.186340303470042601e-01
2.750000000000000000e+00 7.361215932167725740e+00 6.399614481094252350e-01
3.250000000000000000e+00 8.227241335952166779e+00 6.665740517230115403e-01
4.250000000000000000e+00 8.227241335952166779e+00 6.884712555303605930e-01
1.750000000000000000e+00 9.093266739736600712e+00 5.531936711222027458e-01
2.750000000000000000e+00 9.093266739736600712e+00 6.071011069831281359e-01
3.250000000000000000e+00 9.959292143521041751e+00 7.465284087781001165e-01
4.250000000000000000e+00 9.959292143521041751e+00 7.297412424354239313e-01
1.750000000000000000e+00 1.082531754730548279e+01 6.431137747781111580e-01
2.750000000000000000e+00 1.082531754730548279e+01 6.431302385509471975e-01
3.250000000000000000e+00 1.169134295108992383e+01 6.422403606852169489e-01
4.250000000000000000e+00 1.169134295108992383e+01 6.473406095171057029e-01
1.750000000000000000e+00 1.255736835487435776e+01 8.480417614071293908e-01
2.750000000000000000e+00 1.255736835487435776e+01 8.330858632905016048e-01
3.250000000000000000e+00 1.342339375865879880e+01 5.501849517411498969e-01
4.250000000000000000e+00 1.342339375865879880e+01 5.464520522005000824e-01
1.750000000000000000e+00 1.428941916244323274e+01 6.723051255563712303e-01
2.750000000000000000e+00 1.428941916244323274e+01 6.675649544055161089e-01
3.250000000000000000e+00 1.515544456622767377e+01 7.685756149177368490e-01
4.250000000000000000e+00 1.515544456622767377e+01 7.620251999724956260e-01
1.750000000000000000e+00 1.602146997001211304e+01 5.446583679582570614e-01
2.750000000000000000e+00 1.602146997001211304e+01 5.421561645690196052e-01
3.250000000000000000e+00 1.688749537379655408e+01 5.949859411597292480e-01
4.250000000000000000e+00 1.688749537379655408e+01 5.932507658395196337e-01
1.750000000000000000e+00 1.775352077758098801e+01 4.986059294320007718e-01
2.750000000000000000e+00 1.775352077758098801e+01 4.960909107086967640e-01
3.250000000000000000e+00 1.861954618136542905e+01 7.186034767379755328e-01
4.250000000000000000e+00 1.861954618136542905e+01 7.178301752662676893e-01
1.750000000000000000e+00 1.948557158514986298e+01 5.035092062645390998e-01
2.750000000000000000e+00 1.948557158514986298e+01 5.028170904300639510e-01
3.250000000000000000e+00 2.035159698893430402e+01 3.359438981977270200e-01
4.250000000000000000e+00 2.035159698893430402e+01 3.354640682377540428e-01
1.750000000000000000e+00 2.121762239271873796e+01 6.721025484390791283e-01
2.750000000000000000e+00 2.121762239271873796e+01 6.719550130602848226e-01
3.250000000000000000e+00 2.208364779650317899e+01 4.102446990756991596e-01
4.250000000000000000e+00 2.208364779650317899e+01 4.101513960197218367e-01
1.750000000000000000e+00 2.294967320028762003e+01 3.483423023035631672e-01
2.750000000000000000e+00 2.294967320028762003e+01 3.482289687960463676e-01
3.250000000000000000e+00 2.381569860407206107e+01 2.564682093225790771e-01
4.250000000000000000e+00 2.381569860407206107e+01 2.564395866376886213e-01
1.750000000000000000e+00 2.468172400785649501e+01 4.623684277411836407e-01
2.750000000000000000e+00 2.468172400785649501e+01 4.623373362663658059e-01
3.250000000000000000e+00 2.554774941164093605e+01 4.894770531017412774e-01
4.250000000000000000e+00 2.554774941164093605e+01 4.894459803528156128e-01
4.750000000000000000e+00 -2.554774941164094315e+01 4.894636635757594889e-01
5.750000000000000000e+00 -2.554774941164094315e+01 4.894687818701511928e-01
6.250000000000000000e+00 -2.468172400785650566e+01 4.623584318704783147e-01
7.250000000000000000e+00 -2.468172400785650566e+01 4.623693892841390651e-01
4.750000000000000000e+00 -2.381569860407206463e+01 2.564540136607619814e-01
5.750000000000000000e+00 -2.381569860407206463e+01 2.564623474486398269e-01
6.250000000000000000e+00 -2.294967320028762714e+01 3.482928476909191162e-01
7.250000000000000000e+00 -2.294967320028762714e+01 3.483000800711877343e-01
4.750000000000000000e+00 -2.208364779650318965e+01 4.102173322791499710e-01
5.750000000000000000e+00 -2.208364779650318965e+01 4.102579284833863249e-01
6.250000000000000000e+00 -2.121762239271875217e+01 6.721024034726941210e-01
7.250000000000000000e+00 -2.121762239271875217e+01 6.720227524013978604e-01
4.750000000000000000e+00 -2.035159698893431113e+01 3.358299155964132310e-01
5.750000000000000000e+00 -2.035159698893431113e+01 3.356966869096424944e-01
6.250000000000000000e+00 -1.948557158514987364e+01 5.037770960977130397e-01
7.250000000000000000e+00 -1.948557158514987364e+01 5.036580339453203825e-01
4.750000000000000000e+00 -1.861954618136543615e+01 7.187647756203427996e-01
5.750000000000000000e+00 -1.861954618136543615e+01 7.180758738452077683e-01
6.250000000000000000e+00 -1.775352077758099512e+01 4.983408891348496961e-01
7.250000000000000000e+00 -1.775352077758099512e+01 4.981325534167455604e-01
4.750000000000000000e+00 -1.688749537379655763e+01 5.967752075621706176e-01
5.750000000000000000e+00 -1.688749537379655763e+01 5.958673283599480452e-01
6.250000000000000000e+00 -1.602146997001212014e+01 5.459250262785423358e-01
7.250000000000000000e+00 -1.602146997001212014e+01 5.444595996573189378e-01
4.750000000000000000e+00 -1.515544456622767733e+01 7.684033487504351445e-01
5.750000000000000000e+00 -1.515544456622767733e+01 7.667882038068836170e-01
6.250000000000000000e+00 -1.428941916244323806e+01 6.845404406553077248e-01
7.250000000000000000e+00 -1.428941916244323806e+01 6.806574242692354781e-01
4.750000000000000000e+00 -1.342339375865880058e+01 5.480307963840153063e-01
5.750000000000000000e+00 -1.342339375865880058e+01 5.436244315956650919e-01
6.250000000000000000e+00 -1.255736835487436132e+01 8.557447549997909686e-01
7.250000000000000000e+00 -1.255736835487436132e+01 8.537381476024479277e-01
4.750000000000000000e+00 -1.169134295108992383e+01 6.730439384590738428e-01
5.750000000000000000e+00 -1.169134295108992383e+01 6.608661979213443782e-01
6.250000000000000000e+00 -1.082531754730548457e+01 6.331528185111855445e-01
7.250000000000000000e+00 -1.082531754730548457e+01 6.323894168210899558e-01
4.750000000000000000e+00 -9.959292143521047080e+00 7.627323271768973179e-01
5.750000000000000000e+00 -9.959292143521047080e+00 7.632160261909811672e-01
6.250000000000000000e+00 -9.093266739736607818e+00 6.484312457041798705e-01
7.250000000000000000e+00 -9.093266739736607818e+00 6.237098684106515689e-01
4.750000000000000000e+00 -8.227241335952170331e+00 6.211574076138531852e-01
5.750000000000000000e+00 -8.227241335952170331e+00 6.456054033072388121e-01
6.250000000000000000e+00 -7.361215932167732845e+00 6.689811446157200026e-01
7.250000000000000000e+00 -7.361215932167732845e+00 6.867656063935042576e-01
4.750000000000000000e+00 -6.495190528383291806e+00 6.467892964617459883e-01
5.750000000000000000e+00 -6.495190528383291806e+00 6.159091898380461005e-01
6.250000000000000000e+00 -5.629165124598854320e+00 5.784435573207243886e-01
7.250000000000000000e+00 -5.629165124598854320e+00 6.309818341689721333e-01
4.750000000000000000e+00 -4.763139720814413280e+00 5.972447931629725204e-01
5.750000000000000000e+00 -4.763139720814413280e+00 6.762176929109868784e-01
6.250000000000000000e+00 -3.897114317029975794e+00 6.718459249936019617e-01
7.250000000000000000e+00 -3.897114317029975794e+00 6.202855987415553107e-01
4.750000000000000000e+00 -3.031088913245538308e+00 5.150596316569636679e-01
5.750000000000000000e+00 -3.031088913245538308e+00 6.096341061102826808e-01
6.250000000000000000e+00 -2.165063509461100821e+00 4.932062973532075900e-01
7.250000000000000000e+00 -2.165063509461100821e+00 6.758677759765708837e-01
4.750000000000000000e+00 -1.299038105676659782e+00 6.646347064173946384e-01
5.750000000000000000e+00 -1.299038105676659782e+00 6.367446952782063185e-01
6.250000000000000000e+00 -4.330127018922222959e-01 5.797737475701518761e-01
7.250000000000000000e+00 -4.330127018922222959e-01 6.192891226054714204e-01
4.750000000000000000e+00 4.330127018922151905e-01 4.296090381501193045e-01
5.750000000000000000e+00 4.330127018922151905e-01 6.295245326176668321e-01
6.250000000000000000e+00 1.299038105676652677e+00 5.805987379494139677e-01
7.250000000000000000e+00 1.299038105676652677e+00 6.195800476555108904e-01
4.750000000000000000e+00 2.165063509461093716e+00 6.639766354097457191e-01
5.750000000000000000e+00 2.165063509461093716e+00 6.359164270474377822e-01
6.250000000000000000e+00 3.031088913245531202e+00 4.958113364780685761e-01
7.250000000000000000e+00 3.031088913245531202e+00 6.774141631717010004e-01
4.750000000000000000e+00 3.897114317029972241e+00 5.134155077297636316e-01
5.750000000000000000e+00 3.897114317029972241e+00 6.085250545474851780e-01
6.250000000000000000e+00 4.763139720814409728e+00 6.717803825750437996e-01
7.250000000000000000e+00 4.763139720814409728e+00 6.204132507228542481e-01
4.750000000000000000e+00 5.629165124598847214e+00 6.054862508977314484e-01
5.750000000000000000e+00 5.629165124598847214e+00 6.843809873614725703e-01
6.250000000000000000e+00 6.495190528383284700e+00 5.628190155472847511e-01
7.250000000000000000e+00 6.495190528383284700e+00 6.154767505319110876e-01
4.750000000000000000e+00 7.361215932167725740e+00 6.734685010096502777e-01
5.750000000000000000e+00 7.361215932167725740e+00 6.441383582284668785e-01
6.250000000000000000e+00 8.227241335952166779e+00 6.630793657797420249e-01
7.250000000000000000e+00 8.227241335952166779e+00 6.798013608360291560e-01
4.750000000000000000e+00 9.093266739736600712e+00 5.874047498870837991e-01
5.750000000000000000e+00 9.093266739736600712e+00 6.160062954044558392e-01
6.250000000000000000e+00 9.959292143521041751e+00 7.612960103643786614e-01
7.250000000000000000e+00 9.959292143521041751e+00 7.393811777879131242e-01
4.750000000000000000e+00 1.082531754730548279e+01 6.412685415459143945e-01
5.750000000000000000e+00 1.082531754730548279e+01 6.417731809046536284e-01
6.250000000000000000e+00 1.169134295108992383e+01 6.594084875867580742e-01
7.250000000000000000e+00 1.169134295108992383e+01 6.609897705875729113e-01
4.750000000000000000e+00 1.255736835487435776e+01 8.530798798078055301e-01
5.750000000000000000e+00 1.255736835487435776e+01 8.412683798719389205e-01
6.250000000000000000e+00 1.342339375865879880e+01 5.526310843006467799e-01
7.250000000000000000e+00 1.342339375865879880e+01 5.494034079526108894e-01
4.750000000000000000e+00 1.428941916244323274e+01 6.775809352017663212e-01
5.750000000000000000e+00 1.428941916244323274e+01 6.758501328323063273e-01
6.250000000000000000e+00 1.515544456622767377e+01 7.686909149089183879e-01
7.250000000000000000e+00 1.515544456622767377e+01 7.656221598467098932e-01
4.750000000000000000e+00 1.602146997001211304e+01 5.459157184126883777e-01
5.750000000000000000e+00 1.602146997001211304e+01 5.438242447174234107e-01
6.250000000000000000e+00 1.688749537379655408e+01 5.959794324528362441e-01
7.250000000000000000e+00 1.688749537379655408e+01 5.951813702662027694e-01
4.750000000000000000e+00 1.775352077758098801e+01 4.985696018517266070e-01
5.750000000000000000e+00 1.775352077758098801e+01 4.971187808785865747e-01
6.250000000000000000e+00 1.861954618136542905e+01 7.188636916953019540e-01
7.250000000000000000e+00 1.861954618136542905e+01 7.181849461767831899e-01
4.750000000000000000e+00 1.948557158514986298e+01 5.037318944362824125e-01
5.750000000000000000e+00 1.948557158514986298e+01 5.033865836930240256e-01
6.250000000000000000e+00 2.035159698893430402e+01 3.359315235956334966e-01
7.250000000000000000e+00 2.035159698893430402e+01 3.357110721703733258e-01
4.750000000000000000e+00 2.121762239271873796e+01 6.721801388788215537e-01
5.750000000000000000e+00 2.121762239271873796e+01 6.719967851273370707e-01
6.250000000000000000e+00 2.208364779650317899e+01 4.102668127520099906e-01
7.250000000000000000e+00 2.208364779650317899e+01 4.102256366055092585e-01
4.750000000000000000e+00 2.294967320028762003e+01 3.483215670316671675e-01
5.750000000000000000e+00 2.294967320028762003e+01 3.482543770453918053e-01
6.250000000000000000e+00 2.381569860407206107e+01 2.564666438677329352e-01
7.250000000000000000e+00 2.381569860407206107e+01 2.564423767740315885e-01
4.750000000000000000e+00 2.468172400785649501e+01 4.623626515003461668e-01
5.750000000000000000e+00 2.468172400785649501e+01 4.623549255224229104e-01
6.250000000000000000e+00 2.554774941164093605e+01 4.894672684590282707e-01
7.250000000000000000e+00 2.554774941164093605e+01 4.894565111191129803e-01
