-7.250000000000000000e+00 -2.554774941164094315e+01 7.954705497329426223e-01
-6.250000000000000000e+00 -2.554774941164094315e+01 7.954655091619506901e-01
-5.750000000000000000e+00 -2.468172400785650566e+01 6.852108566894872244e-01
-4.750000000000000000e+00 -2.468172400785650566e+01 6.851987661048314360e-01
-7.250000000000000000e+00 -2.381569860407206463e+01 1.636684429879233793e-01
-6.250000000000000000e+00 -2.381569860407206463e+01 1.636615956140963224e-01
-5.750000000000000000e+00 -2.294967320028762714e+01 7.145952611989521142e-01
-4.750000000000000000e+00 -2.294967320028762714e+01 7.145466265588906740e-01
-7.250000000000000000e+00 -2.208364779650318965e+01 4.739606703201842408e-01
-6.250000000000000000e+00 -2.208364779650318965e+01 4.738895015100742514e-01
-5.750000000000000000e+00 -2.121762239271875217e+01 5.002919402704608665e-01
-4.750000000000000000e+00 -2.121762239271875217e+01 5.001883166237196532e-01
-7.250000000000000000e+00 -2.035159698893431113e+01 6.586775426589200899e-01
-6.250000000000000000e+00 -2.035159698893431113e+01 6.583936266841868834e-01
-5.750000000000000000e+00 -1.948557158514987364e+01 4.265582086596371170e-01
-4.750000000000000000e+00 -1.948557158514987364e+01 4.261336981125025125e-01
-7.250000000000000000e+00 -1.861954618136543615e+01 7.267387902098477737e-01
-6.250000000000000000e+00 -1.861954618136543615e+01 7.263394622939849388e-01
-5.750000000000000000e+00 -1.775352077758099512e+01 5.588718985604497203e-01
-4.750000000000000000e+00 -1.775352077758099512e+01 5.572053377270845820e-01
-7.250000000000000000e+00 -1.688749537379655763e+01 5.382571577318777667e-01
-6.250000000000000000e+00 -1.688749537379655763e+01 5.377703546493199926e-01
-5.750000000000000000e+00 -1.602146997001212014e+01 7.945933625717114257e-01
-4.750000000000000000e+00 -1.602146997001212014e+01 7.924430574174957664e-01
-7.250000000000000000e+00 -1.515544456622767733e+01 4.861856711558946165e-01
-6.250000000000000000e+00 -1.515544456622767733e+01 4.827539235782176141e-01
-5.750000000000000000e+00 -1.428941916244323806e+01 6.446480781594358112e-01
-4.750000000000000000e+00 -1.428941916244323806e+01 6.451517632894927523e-01
-7.250000000000000000e+00 -1.342339375865880058e+01 7.591269499545514332e-01
-6.250000000000000000e+00 -1.342339375865880058e+01 7.511770110203992434e-01
-5.750000000000000000e+00 -1.255736835487436132e+01 5.310920017941129778e-01
-4.750000000000000000e+00 -1.255736835487436132e+01 5.239403692929421874e-01
-7.250000000000000000e+00 -1.169134295108992383e+01 6.566735806930628083e-01
-6.250000000000000000e+00 -1.169134295108992383e+01 6.644146195042724967e-01
-5.750000000000000000e+00 -1.082531754730548457e+01 6.520444484889051928e-01
-4.750000000000000000e+00 -1.082531754730548457e+01 6.364133858050166070e-01
-7.250000000000000000e+00 -9.959292143521047080e+00 5.703528418983642156e-01
-6.250000000000000000e+00 -9.959292143521047080e+00 5.838017861720973256e-01
-5.750000000000000000e+00 -9.093266739736607818e+00 5.537190900912341007e-01
-4.750000000000000000e+00 -9.093266739736607818e+00 6.103273431176932107e-01
-7.250000000000000000e+00 -8.227241335952170331e+00 6.163100916398073226e-01
-6.250000000000000000e+00 -8.227241335952170331e+00 5.771934911750941088e-01
-5.750000000000000000e+00 -7.361215932167732845e+00 5.607377632996042305e-01
-4.750000000000000000e+00 -7.361215932167732845e+00 6.174023248565704280e-01
-7.250000000000000000e+00 -6.495190528383291806e+00 5.077844573251422133e-01
-6.250000000000000000e+00 -6.495190528383291806e+00 5.748785439106673945e-01
-5.750000000000000000e+00 -5.629165124598854320e+00 6.000747212253234597e-01
-4.750000000000000000e+00 -5.629165124598854320e+00 5.593483146309586873e-01
-7.250000000000000000e+00 -4.763139720814413280e+00 5.071888884417007359e-01
-6.250000000000000000e+00 -4.763139720814413280e+00 6.172248857493055629e-01
-5.750000000000000000e+00 -3.897114317029975794e+00 4.314952920272443482e-01
-4.750000000000000000e+00 -3.897114317029975794e+00 5.785342113220381943e-01
-7.250000000000000000e+00 -3.031088913245538308e+00 6.174868840776241985e-01
-6.250000000000000000e+00 -3.031088913245538308e+00 5.494022195127468144e-01
-5.750000000000000000e+00 -2.165063509461100821e+00 4.610185450641290372e-01
-4.750000000000000000e+00 -2.165063509461100821e+00 5.059270342252687458e-01
-7.250000000000000000e+00 -1.299038105676659782e+00 5.367493288145073205e-01
-6.250000000000000000e+00 -1.299038105676659782e+00 5.776974681436412018e-01
-5.750000000000000000e+00 -4.330127018922222959e-01 5.981989091111769019e-01
-4.750000000000000000e+00 -4.330127018922222959e-01 5.491221308134132117e-01
-7.250000000000000000e+00 4.330127018922151905e-01 4.595506684603170577e-01
-6.250000000000000000e+00 4.330127018922151905e-01 5.573099493062541043e-01
-5.750000000000000000e+00 1.299038105676652677e+00 5.979803925735985848e-01
-4.750000000000000000e+00 1.299038105676652677e+00 5.488694430950735725e-01
-7.250000000000000000e+00 2.165063509461093716e+00 5.374243539909908662e-01
-6.250000000000000000e+00 2.165063509461093716e+00 5.781952777184778958e-01
-5.750000000000000000e+00 3.031088913245531202e+00 4.604716563647895389e-01
-4.750000000000000000e+00 3.031088913245531202e+00 5.052092129754711669e-01
-7.250000000000000000e+00 3.897114317029972241e+00 6.183830185185492656e-01
-6.250000000000000000e+00 3.897114317029972241e+00 5.501585355510960618e-01
-5.750000000000000000e+00 4.763139720814409728e+00 4.331571221188508791e-01
-4.750000000000000000e+00 4.763139720814409728e+00 5.796871892123051095e-01
-7.250000000000000000e+00 5.629165124598847214e+00 5.030655992533208387e-01
-6.250000000000000000e+00 5.629165124598847214e+00 6.135647935270277520e-01
-5.750000000000000000e+00 6.495190528383284700e+00 6.118997728146937654e-01
-4.750000000000000000e+00 6.495190528383284700e+00 5.710515155721698211e-01
-7.250000000000000000e+00 7.361215932167725740e+00 4.965839991980236512e-01
-6.250000000000000000e+00 7.361215932167725740e+00 5.635222774968449144e-01
-5.750000000000000000e+00 8.227241335952166779e+00 5.674726835794916546e-01
-4.750000000000000000e+00 8.227241335952166779e+00 6.241958408395830160e-01
-7.250000000000000000e+00 9.093266739736600712e+00 6.494984389583101647e-01
-6.250000000000000000e+00 9.093266739736600712e+00 6.099608495892329119e-01
-5.750000000000000000e+00 9.959292143521041751e+00 4.895258459596589229e-01
-4.750000000000000000e+00 9.959292143521041751e+00 5.447090841557451490e-01
-7.250000000000000000e+00 1.082531754730548279e+01 6.519805717109699028e-01
-6.250000000000000000e+00 1.082531754730548279e+01 6.664915885844329146e-01
-5.750000000000000000e+00 1.169134295108992383e+01 6.646133424580755733e-01
-4.750000000000000000e+00 1.169134295108992383e+01 6.490347331461794322e-01
-7.250000000000000000e+00 1.255736835487435776e+01 5.037631230166508267e-01
-6.250000000000000000e+00 1.255736835487435776e+01 5.110656089513245792e-01
-5.750000000000000000e+00 1.342339375865879880e+01 7.631054108518452450e-01
-4.750000000000000000e+00 1.342339375865879880e+01 7.563719676808580150e-01
-7.250000000000000000e+00 1.428941916244323274e+01 6.484564318082326473e-01
-6.250000000000000000e+00 1.428941916244323274e+01 6.401628242185022355e-01
-5.750000000000000000e+00 1.515544456622767377e+01 4.776697102509469550e-01
-4.750000000000000000e+00 1.515544456622767377e+01 4.773415481850277753e-01
-7.250000000000000000e+00 1.602146997001211304e+01 7.982263279063827044e-01
-6.250000000000000000e+00 1.602146997001211304e+01 7.951770599007477180e-01
-5.750000000000000000e+00 1.688749537379655408e+01 5.356783220012631963e-01
-4.750000000000000000e+00 1.688749537379655408e+01 5.337563572103088960e-01
-7.250000000000000000e+00 1.775352077758098801e+01 5.578978616328449380e-01
-6.250000000000000000e+00 1.775352077758098801e+01 5.571740577963635310e-01
-5.750000000000000000e+00 1.861954618136542905e+01 7.270111737881734815e-01
-4.750000000000000000e+00 1.861954618136542905e+01 7.254962678712389978e-01
-7.250000000000000000e+00 1.948557158514986298e+01 4.260031664684578168e-01
-6.250000000000000000e+00 1.948557158514986298e+01 4.255765420789884290e-01
-5.750000000000000000e+00 2.035159698893430402e+01 6.587336301129783633e-01
-4.750000000000000000e+00 2.035159698893430402e+01 6.581359508264126301e-01
-7.250000000000000000e+00 2.121762239271873796e+01 5.003166148806439395e-01
-6.250000000000000000e+00 2.121762239271873796e+01 5.000766647416470256e-01
-5.750000000000000000e+00 2.208364779650317899e+01 4.739114427057762313e-01
-4.750000000000000000e+00 2.208364779650317899e+01 4.737784359995942385e-01
-7.250000000000000000e+00 2.294967320028762003e+01 7.146424722926708606e-01
-6.250000000000000000e+00 2.294967320028762003e+01 7.145261425340888595e-01
-5.750000000000000000e+00 2.381569860407206107e+01 1.636530802499842618e-01
-4.750000000000000000e+00 2.381569860407206107e+01 1.636154785374606679e-01
-7.250000000000000000e+00 2.468172400785649501e+01 6.852207668768562909e-01
-6.250000000000000000e+00 2.468172400785649501e+01 6.851917404574525694e-01
-5.750000000000000000e+00 2.554774941164093605e+01 7.954696492983844847e-01
-4.750000000000000000e+00 2.554774941164093605e+01 7.954359823237294735e-01
-4.250000000000000000e+00 -2.554774941164094315e+01 7.954719754029826451e-01
-3.250000000000000000e+00 -2.554774941164094315e+01 7.954586100095026868e-01
-2.750000000000000000e+00 -2.468172400785650566e+01 6.852093745826001170e-01
-1.750000000000000000e+00 -2.468172400785650566e+01 6.851943770384136823e-01
-4.250000000000000000e+00 -2.381569860407206463e+01 1.636712881241656203e-01
-3.250000000000000000e+00 -2.381569860407206463e+01 1.636488486732314562e-01
-2.750000000000000000e+00 -2.294967320028762714e+01 7.145898507680598088e-01
-1.750000000000000000e+00 -2.294967320028762714e+01 7.145170331570142030e-01
-4.250000000000000000e+00 -2.208364779650318965e+01 4.739375886666224447e-01
-3.250000000000000000e+00 -2.208364779650318965e+01 4.738371720343212412e-01
-2.750000000000000000e+00 -2.121762239271875217e+01 5.003126754699688261e-01
-1.750000000000000000e+00 -2.121762239271875217e+01 5.000973817972834690e-01
-4.250000000000000000e+00 -2.035159698893431113e+01 6.584948874225098336e-01
-3.250000000000000000e+00 -2.035159698893431113e+01 6.581214402330617386e-01
-2.750000000000000000e+00 -1.948557158514987364e+01 4.265652086037870494e-01
-1.750000000000000000e+00 -1.948557158514987364e+01 4.259310370128718271e-01
-4.250000000000000000e+00 -1.861954618136543615e+01 7.264333328220902164e-01
-3.250000000000000000e+00 -1.861954618136543615e+01 7.257116735957703790e-01
-2.750000000000000000e+00 -1.775352077758099512e+01 5.580947513284426620e-01
-1.750000000000000000e+00 -1.775352077758099512e+01 5.562350202899852825e-01
-4.250000000000000000e+00 -1.688749537379655763e+01 5.387422176601442958e-01
-3.250000000000000000e+00 -1.688749537379655763e+01 5.370742105946053613e-01
-2.750000000000000000e+00 -1.602146997001212014e+01 7.927151866872456099e-01
-1.750000000000000000e+00 -1.602146997001212014e+01 7.897345632866457077e-01
-4.250000000000000000e+00 -1.515544456622767733e+01 4.857144963304838026e-01
-3.250000000000000000e+00 -1.515544456622767733e+01 4.796390530254762696e-01
-2.750000000000000000e+00 -1.428941916244323806e+01 6.465867472854065490e-01
-1.750000000000000000e+00 -1.428941916244323806e+01 6.429181203865836913e-01
-4.250000000000000000e+00 -1.342339375865880058e+01 7.470641413705072509e-01
-3.250000000000000000e+00 -1.342339375865880058e+01 7.414026509732376535e-01
-2.750000000000000000e+00 -1.255736835487436132e+01 5.320739852618754373e-01
-1.750000000000000000e+00 -1.255736835487436132e+01 5.206514356787911302e-01
-4.250000000000000000e+00 -1.169134295108992383e+01 6.433311152751413076e-01
-3.250000000000000000e+00 -1.169134295108992383e+01 6.574329840170759498e-01
-2.750000000000000000e+00 -1.082531754730548457e+01 6.194237002330912345e-01
-1.750000000000000000e+00 -1.082531754730548457e+01 6.228339987500426389e-01
-4.250000000000000000e+00 -9.959292143521047080e+00 5.838228206396512965e-01
-3.250000000000000000e+00 -9.959292143521047080e+00 5.852878658482855156e-01
-2.750000000000000000e+00 -9.093266739736607818e+00 5.351233009635198989e-01
-1.750000000000000000e+00 -9.093266739736607818e+00 5.996075372438898210e-01
-4.250000000000000000e+00 -8.227241335952170331e+00 5.671096335623336815e-01
-3.250000000000000000e+00 -8.227241335952170331e+00 5.702888723743401167e-01
-2.750000000000000000e+00 -7.361215932167732845e+00 6.002034335844508295e-01
-1.750000000000000000e+00 -7.361215932167732845e+00 6.138285501552007695e-01
-4.250000000000000000e+00 -6.495190528383291806e+00 4.102286438557652404e-01
-3.250000000000000000e+00 -6.495190528383291806e+00 5.711383993103634760e-01
-2.750000000000000000e+00 -5.629165124598854320e+00 5.269611847648848491e-01
-1.750000000000000000e+00 -5.629165124598854320e+00 5.759220860150083832e-01
-4.250000000000000000e+00 -4.763139720814413280e+00 5.302261784491035801e-01
-3.250000000000000000e+00 -4.763139720814413280e+00 5.590246724466404471e-01
-2.750000000000000000e+00 -3.897114317029975794e+00 3.922646025615427190e-01
-1.750000000000000000e+00 -3.897114317029975794e+00 5.497153609824582121e-01
-4.250000000000000000e+00 -3.031088913245538308e+00 6.084636893014750969e-01
-3.250000000000000000e+00 -3.031088913245538308e+00 5.487514239131550120e-01
-2.750000000000000000e+00 -2.165063509461100821e+00 5.496223726020041944e-01
-1.750000000000000000e+00 -2.165063509461100821e+00 2.641406769789966802e-01
-4.250000000000000000e+00 -1.299038105676659782e+00 5.037403237092044073e-01
-3.250000000000000000e+00 -1.299038105676659782e+00 5.476554325231265397e-01
-2.750000000000000000e+00 -4.330127018922222959e-01 6.168797364679257100e-01
-1.750000000000000000e+00 -4.330127018922222959e-01 4.881115085637659501e-01
-4.250000000000000000e+00 4.330127018922151905e-01 4.771749584354715301e-01
-3.250000000000000000e+00 4.330127018922151905e-01 2.639182153622109950e-01
-2.750000000000000000e+00 1.299038105676652677e+00 6.167761793547470450e-01
-1.750000000000000000e+00 1.299038105676652677e+00 4.880125655021762543e-01
-4.250000000000000000e+00 2.165063509461093716e+00 5.042740456346772593e-01
-3.250000000000000000e+00 2.165063509461093716e+00 5.482634239366809270e-01
-2.750000000000000000e+00 3.031088913245531202e+00 5.492039756375680648e-01
-1.750000000000000000e+00 3.031088913245531202e+00 2.635328642894661511e-01
-4.250000000000000000e+00 3.897114317029972241e+00 6.093523034402158478e-01
-3.250000000000000000e+00 3.897114317029972241e+00 5.497611213685094089e-01
-2.750000000000000000e+00 4.763139720814409728e+00 3.931345947224530457e-01
-1.750000000000000000e+00 4.763139720814409728e+00 5.508326615685923411e-01
-4.250000000000000000e+00 5.629165124598847214e+00 5.272441056987816621e-01
-3.250000000000000000e+00 5.629165124598847214e+00 5.553459694167051097e-01
-2.750000000000000000e+00 6.495190528383284700e+00 5.376325552640660588e-01
-1.750000000000000000e+00 6.495190528383284700e+00 5.879639492946210355e-01
-4.250000000000000000e+00 7.361215932167725740e+00 4.001088025359540445e-01
-3.250000000000000000e+00 7.361215932167725740e+00 5.598476614418705921e-01
-2.750000000000000000e+00 8.227241335952166779e+00 6.075329435666838584e-01
-1.750000000000000000e+00 8.227241335952166779e+00 6.205946631652267120e-01
-4.250000000000000000e+00 9.093266739736600712e+00 5.999017823159684681e-01
-3.250000000000000000e+00 9.093266739736600712e+00 6.039600651539578369e-01
-2.750000000000000000e+00 9.959292143521041751e+00 4.705877379039473674e-01
-1.750000000000000000e+00 9.959292143521041751e+00 5.343597809421194444e-01
-4.250000000000000000e+00 1.082531754730548279e+01 6.665039906753156274e-01
-3.250000000000000000e+00 1.082531754730548279e+01 6.675764051022022860e-01
-2.750000000000000000e+00 1.169134295108992383e+01 6.303905331707995163e-01
-1.750000000000000000e+00 1.169134295108992383e+01 6.359371501799809812e-01
-4.250000000000000000e+00 1.255736835487435776e+01 4.913631616828580406e-01
-3.250000000000000000e+00 1.255736835487435776e+01 5.039167986217507611e-01
-2.750000000000000000e+00 1.342339375865879880e+01 7.638206869522169429e-01
-1.750000000000000000e+00 1.342339375865879880e+01 7.521746654528161935e-01
-4.250000000000000000e+00 1.428941916244323274e+01 6.359738979096860589e-01
-3.250000000000000000e+00 1.428941916244323274e+01 6.314521006646331980e-01
-2.750000000000000000e+00 1.515544456622767377e+01 4.795858858260580448e-01
-1.750000000000000000e+00 1.515544456622767377e+01 4.755290055903125812e-01
-4.250000000000000000e+00 1.602146997001211304e+01 7.976655156477812092e-01
-3.250000000000000000e+00 1.602146997001211304e+01 7.918327549354556849e-01
-2.750000000000000000e+00 1.688749537379655408e+01 5.337968028412195531e-01
-1.750000000000000000e+00 1.688749537379655408e+01 5.316100935507832581e-01
-4.250000000000000000e+00 1.775352077758098801e+01 5.584756667504081618e-01
-3.250000000000000000e+00 1.775352077758098801e+01 5.563996756663012189e-01
-2.750000000000000000e+00 1.861954618136542905e+01 7.262217527378133086e-01
-1.750000000000000000e+00 1.861954618136542905e+01 7.242646187597371332e-01
-4.250000000000000000e+00 1.948557158514986298e+01 4.257959291197258578e-01
-3.250000000000000000e+00 1.948557158514986298e+01 4.251848542022602095e-01
-2.750000000000000000e+00 2.035159698893430402e+01 6.587358681492256895e-01
-1.750000000000000000e+00 2.035159698893430402e+01 6.579078821124650922e-01
-4.250000000000000000e+00 2.121762239271873796e+01 5.001591494644306302e-01
-3.250000000000000000e+00 2.121762239271873796e+01 4.997785692602806917e-01
-2.750000000000000000e+00 2.208364779650317899e+01 4.739488127218771107e-01
-1.750000000000000000e+00 2.208364779650317899e+01 4.737492463864233505e-01
-4.250000000000000000e+00 2.294967320028762003e+01 7.146089460458071585e-01
-3.250000000000000000e+00 2.294967320028762003e+01 7.144291890467406869e-01
-2.750000000000000000e+00 2.381569860407206107e+01 1.636411243292826001e-01
-1.750000000000000000e+00 2.381569860407206107e+01 1.635799097973266725e-01
-4.250000000000000000e+00 2.468172400785649501e+01 6.852185720028580729e-01
-3.250000000000000000e+00 2.468172400785649501e+01 6.851793723487852317e-01
-2.750000000000000000e+00 2.554774941164093605e+01 7.954535493027679038e-01
-1.750000000000000000e+00 2.554774941164093605e+01 7.954128066706331879e-01
-1.250000000000000000e+00 -2.554774941164094315e+01 7.954746700789718794e-01
-2.500000000000000000e-01 -2.554774941164094315e+01 7.954523583703853040e-01
2.500000000000000000e-01 -2.468172400785650566e+01 6.852120671487541559e-01
1.250000000000000000e+00 -2.468172400785650566e+01 6.851965660853812645e-01
-1.250000000000000000e+00 -2.381569860407206463e+01 1.636732068322366840e-01
-2.500000000000000000e-01 -2.381569860407206463e+01 1.636340951747423667e-01
2.500000000000000000e-01 -2.294967320028762714e+01 7.146016755590280933e-01
1.250000000000000000e+00 -2.294967320028762714e+01 7.145219996446817712e-01
-1.250000000000000000e+00 -2.208364779650318965e+01 4.739227946549685599e-01
-2.500000000000000000e-01 -2.208364779650318965e+01 4.738123823661452017e-01
2.500000000000000000e-01 -2.121762239271875217e+01 5.003356964625316206e-01
1.250000000000000000e+00 -2.121762239271875217e+01 5.000695451024436133e-01
-1.250000000000000000e+00 -2.035159698893431113e+01 6.584230668510183682e-01
-2.500000000000000000e-01 -2.035159698893431113e+01 6.580440857132316967e-01
2.500000000000000000e-01 -1.948557158514987364e+01 4.265338480772413177e-01
1.250000000000000000e+00 -1.948557158514987364e+01 4.259006167693524803e-01
-1.250000000000000000e+00 -1.861954618136543615e+01 7.265265687656794480e-01
-2.500000000000000000e-01 -1.861954618136543615e+01 7.253843635222180231e-01
2.500000000000000000e-01 -1.775352077758099512e+01 5.578432947859802704e-01
1.250000000000000000e+00 -1.775352077758099512e+01 5.564250557033815214e-01
-1.250000000000000000e+00 -1.688749537379655763e+01 5.392845948397557709e-01
-2.500000000000000000e-01 -1.688749537379655763e+01 5.365844918835548372e-01
2.500000000000000000e-01 -1.602146997001212014e+01 7.934597767142557156e-01
1.250000000000000000e+00 -1.602146997001212014e+01 7.896958955022859161e-01
-1.250000000000000000e+00 -1.515544456622767733e+01 4.837139505368800441e-01
-2.500000000000000000e-01 -1.515544456622767733e+01 4.782068179044736689e-01
2.500000000000000000e-01 -1.428941916244323806e+01 6.502346199670099303e-01
1.250000000000000000e+00 -1.428941916244323806e+01 6.424072152956984416e-01
-1.250000000000000000e+00 -1.342339375865880058e+01 7.413559985366305893e-01
-2.500000000000000000e-01 -1.342339375865880058e+01 7.363247592483933568e-01
2.500000000000000000e-01 -1.255736835487436132e+01 5.285610742757529401e-01
1.250000000000000000e+00 -1.255736835487436132e+01 5.208336035642063822e-01
-1.250000000000000000e+00 -1.169134295108992383e+01 6.533625059482501829e-01
-2.500000000000000000e-01 -1.169134295108992383e+01 6.531574501924451992e-01
2.500000000000000000e-01 -1.082531754730548457e+01 6.117824442431858412e-01
1.250000000000000000e+00 -1.082531754730548457e+01 6.228228995393539913e-01
-1.250000000000000000e+00 -9.959292143521047080e+00 5.911594352043382239e-01
-2.500000000000000000e-01 -9.959292143521047080e+00 5.857512981303887312e-01
2.500000000000000000e-01 -9.093266739736607818e+00 5.805916155864246919e-01
1.250000000000000000e+00 -9.093266739736607818e+00 5.990348774154664602e-01
-1.250000000000000000e+00 -8.227241335952170331e+00 5.108409037075924974e-01
-2.500000000000000000e-01 -8.227241335952170331e+00 5.688257757586503427e-01
2.500000000000000000e-01 -7.361215932167732845e+00 6.161404895167068574e-01
1.250000000000000000e+00 -7.361215932167732845e+00 6.137996641847215384e-01
-1.250000000000000000e+00 -6.495190528383291806e+00 4.407382416045920182e-01
-2.500000000000000000e-01 -6.495190528383291806e+00 5.592099197075049988e-01
2.500000000000000000e-01 -5.629165124598854320e+00 4.590724115054140020e-01
1.250000000000000000e+00 -5.629165124598854320e+00 5.760010661725573078e-01
-1.250000000000000000e+00 -4.763139720814413280e+00 6.104317552332749752e-01
-2.500000000000000000e-01 -4.763139720814413280e+00 5.070601486066910191e-01
2.500000000000000000e-01 -3.897114317029975794e+00 5.048127753181256283e-01
1.250000000000000000e+00 -3.897114317029975794e+00 5.497124052061942434e-01
-1.250000000000000000e+00 -3.031088913245538308e+00 5.492872434017868066e-01
-2.500000000000000000e-01 -3.031088913245538308e+00 5.474850953139321907e-01
2.500000000000000000e-01 -2.165063509461100821e+00 6.172426503913884810e-01
1.250000000000000000e+00 -2.165063509461100821e+00 2.641849274567960593e-01
-1.250000000000000000e+00 -1.299038105676659782e+00 5.762366857936526143e-01
-2.500000000000000000e-01 -1.299038105676659782e+00 4.879969827135907101e-01
2.500000000000000000e-01 -4.330127018922222959e-01 6.373353208480232457e-01
1.250000000000000000e+00 -4.330127018922222959e-01 4.881115085637677820e-01
-1.250000000000000000e+00 4.330127018922151905e-01 6.373105218628732915e-01
-2.500000000000000000e-01 4.330127018922151905e-01 3.261915057371347547e-07
2.500000000000000000e-01 1.299038105676652677e+00 6.373098202459119843e-01
1.250000000000000000e+00 1.299038105676652677e+00 4.880382505998336895e-01
-1.250000000000000000e+00 2.165063509461093716e+00 5.764398088584068436e-01
-2.500000000000000000e-01 2.165063509461093716e+00 4.883465583295460988e-01
2.500000000000000000e-01 3.031088913245531202e+00 6.166723193292418248e-01
1.250000000000000000e+00 3.031088913245531202e+00 2.635836130753482220e-01
-1.250000000000000000e+00 3.897114317029972241e+00 5.497874283404970974e-01
-2.500000000000000000e-01 3.897114317029972241e+00 5.486673384367177775e-01
2.500000000000000000e-01 4.763139720814409728e+00 5.052691600462565491e-01
1.250000000000000000e+00 4.763139720814409728e+00 5.506057303026645755e-01
-1.250000000000000000e+00 5.629165124598847214e+00 6.068758301374214126e-01
-2.500000000000000000e-01 5.629165124598847214e+00 5.037903759376654023e-01
2.500000000000000000e-01 6.495190528383284700e+00 4.701085669620016505e-01
1.250000000000000000e+00 6.495190528383284700e+00 5.874216553224628212e-01
-1.250000000000000000e+00 7.361215932167725740e+00 4.284527300410141959e-01
-2.500000000000000000e-01 7.361215932167725740e+00 5.479843018465782034e-01
2.500000000000000000e-01 8.227241335952166779e+00 6.229234082699522945e-01
1.250000000000000000e+00 8.227241335952166779e+00 6.206479900670497374e-01
-1.250000000000000000e+00 9.093266739736600712e+00 5.417789382000286480e-01
-2.500000000000000000e-01 9.093266739736600712e+00 6.018001947722044775e-01
2.500000000000000000e-01 9.959292143521041751e+00 5.139790603421032777e-01
1.250000000000000000e+00 9.959292143521041751e+00 5.342458063872187468e-01
-1.250000000000000000e+00 1.082531754730548279e+01 6.733146042541359177e-01
-2.500000000000000000e-01 1.082531754730548279e+01 6.674369776580280078e-01
2.500000000000000000e-01 1.169134295108992383e+01 6.227005555125578740e-01
1.250000000000000000e+00 1.169134295108992383e+01 6.344376988831693653e-01
-1.250000000000000000e+00 1.255736835487435776e+01 5.002532091856127794e-01
-2.500000000000000000e-01 1.255736835487435776e+01 5.006464925160357682e-01
2.500000000000000000e-01 1.342339375865879880e+01 7.604599096465454178e-01
1.250000000000000000e+00 1.342339375865879880e+01 7.518336064503255978e-01
-1.250000000000000000e+00 1.428941916244323274e+01 6.297747246369200802e-01
-2.500000000000000000e-01 1.428941916244323274e+01 6.261975418839552665e-01
2.500000000000000000e-01 1.515544456622767377e+01 4.830024285963842035e-01
1.250000000000000000e+00 1.515544456622767377e+01 4.758763607999300649e-01
-1.250000000000000000e+00 1.602146997001211304e+01 7.955967159867163296e-01
-2.500000000000000000e-01 1.602146997001211304e+01 7.896259403095591267e-01
2.500000000000000000e-01 1.688749537379655408e+01 5.346935416901772431e-01
1.250000000000000000e+00 1.688749537379655408e+01 5.311834743730052821e-01
-1.250000000000000000e+00 1.775352077758098801e+01 5.590364288507112533e-01
-2.500000000000000000e-01 1.775352077758098801e+01 5.562814111482219381e-01
2.500000000000000000e-01 1.861954618136542905e+01 7.259103265389132975e-01
1.250000000000000000e+00 1.861954618136542905e+01 7.241705618715683634e-01
-1.250000000000000000e+00 1.948557158514986298e+01 4.259623335495547058e-01
-2.500000000000000000e-01 1.948557158514986298e+01 4.250085439585647995e-01
2.500000000000000000e-01 2.035159698893430402e+01 6.586548355314463254e-01
1.250000000000000000e+00 2.035159698893430402e+01 6.580474159928856315e-01
-1.250000000000000000e+00 2.121762239271873796e+01 5.000492385461670075e-01
-2.500000000000000000e-01 2.121762239271873796e+01 4.995952713978445980e-01
2.500000000000000000e-01 2.208364779650317899e+01 4.739607659338266332e-01
1.250000000000000000e+00 2.208364779650317899e+01 4.737667028242795175e-01
-1.250000000000000000e+00 2.294967320028762003e+01 7.145585359645976187e-01
-2.500000000000000000e-01 2.294967320028762003e+01 7.143891731013805035e-01
2.500000000000000000e-01 2.381569860407206107e+01 1.636381663080492266e-01
1.250000000000000000e+00 2.381569860407206107e+01 1.635630324730450169e-01
-1.250000000000000000e+00 2.468172400785649501e+01 6.852117365065546473e-01
-2.500000000000000000e-01 2.468172400785649501e+01 6.851768190000993020e-01
2.500000000000000000e-01 2.554774941164093605e+01 7.954493693471209603e-01
1.250000000000000000e+00 2.554774941164093605e+01 7.954052114117917682e-01
1.750000000000000000e+00 -2.554774941164094315e+01 7.954753888978648435e-01
2.750000000000000000e+00 -2.554774941164094315e+01 7.954519634608647749e-01
3.250000000000000000e+00 -2.468172400785650566e+01 6.852150878933381817e-01
4.250000000000000000e+00 -2.468172400785650566e+01 6.852050684971362493e-01
1.750000000000000000e+00 -2.381569860407206463e+01 1.636729119377953179e-01
2.750000000000000000e+00 -2.381569860407206463e+01 1.636314906678480174e-01
3.250000000000000000e+00 -2.294967320028762714e+01 7.146159775088785082e-01
4.250000000000000000e+00 -2.294967320028762714e+01 7.145620157328814726e-01
1.750000000000000000e+00 -2.208364779650318965e+01 4.739342491420143189e-01
2.750000000000000000e+00 -2.208364779650318965e+01 4.738392865630078887e-01
3.250000000000000000e+00 -2.121762239271875217e+01 5.003461173842551624e-01
4.250000000000000000e+00 -2.121762239271875217e+01 5.001430432596537523e-01
1.750000000000000000e+00 -2.035159698893431113e+01 6.585112066704168488e-01
2.750000000000000000e+00 -2.035159698893431113e+01 6.582246659148597301e-01
3.250000000000000000e+00 -1.948557158514987364e+01 4.265553856415403855e-01
4.250000000000000000e+00 -1.948557158514987364e+01 4.260682992463374896e-01
1.750000000000000000e+00 -1.861954618136543615e+01 7.267723836533597215e-01
2.750000000000000000e+00 -1.861954618136543615e+01 7.256605623778458192e-01
3.250000000000000000e+00 -1.775352077758099512e+01 5.583225835861777009e-01
4.250000000000000000e+00 -1.775352077758099512e+01 5.574796222999192086e-01
1.750000000000000000e+00 -1.688749537379655763e+01 5.394259628147863861e-01
2.750000000000000000e+00 -1.688749537379655763e+01 5.367779301646773416e-01
3.250000000000000000e+00 -1.602146997001212014e+01 7.953045764341426516e-01
4.250000000000000000e+00 -1.602146997001212014e+01 7.924469875314620326e-01
1.750000000000000000e+00 -1.515544456622767733e+01 4.832950585603349447e-01
2.750000000000000000e+00 -1.515544456622767733e+01 4.800427734613175179e-01
3.250000000000000000e+00 -1.428941916244323806e+01 6.521289303211068589e-01
4.250000000000000000e+00 -1.428941916244323806e+01 6.445423473841827011e-01
1.750000000000000000e+00 -1.342339375865880058e+01 7.464397841446126503e-01
2.750000000000000000e+00 -1.342339375865880058e+01 7.413834330287020213e-01
3.250000000000000000e+00 -1.255736835487436132e+01 5.275293143299910614e-01
4.250000000000000000e+00 -1.255736835487436132e+01 5.241328378532189580e-01
1.750000000000000000e+00 -1.169134295108992383e+01 6.702182318036169484e-01
2.750000000000000000e+00 -1.169134295108992383e+01 6.564334261509590096e-01
3.250000000000000000e+00 -1.082531754730548457e+01 6.297920744639572410e-01
4.250000000000000000e+00 -1.082531754730548457e+01 6.365045150993469125e-01
1.750000000000000000e+00 -9.959292143521047080e+00 5.848342678649802728e-01
2.750000000000000000e+00 -9.959292143521047080e+00 5.853032145122787355e-01
3.250000000000000000e+00 -9.093266739736607818e+00 6.272889006069470863e-01
4.250000000000000000e+00 -9.093266739736607818e+00 6.098931866159205128e-01
1.750000000000000000e+00 -8.227241335952170331e+00 5.085289361035200129e-01
2.750000000000000000e+00 -8.227241335952170331e+00 5.703645398656878029e-01
3.250000000000000000e+00 -7.361215932167732845e+00 5.957606975766005508e-01
4.250000000000000000e+00 -7.361215932167732845e+00 6.173976712245353715e-01
1.750000000000000000e+00 -6.495190528383291806e+00 5.470809105620384472e-01
2.750000000000000000e+00 -6.495190528383291806e+00 5.708708671395824608e-01
3.250000000000000000e+00 -5.629165124598854320e+00 4.572541990802699297e-01
4.250000000000000000e+00 -5.629165124598854320e+00 5.594541591507701250e-01
1.750000000000000000e+00 -4.763139720814413280e+00 5.997445764007015567e-01
2.750000000000000000e+00 -4.763139720814413280e+00 5.590834033224989508e-01
3.250000000000000000e+00 -3.897114317029975794e+00 5.987999545076853058e-01
4.250000000000000000e+00 -3.897114317029975794e+00 5.785478709782636564e-01
1.750000000000000000e+00 -3.031088913245538308e+00 4.766960446126944362e-01
2.750000000000000000e+00 -3.031088913245538308e+00 5.488426636235396172e-01
3.250000000000000000e+00 -2.165063509461100821e+00 5.041858347064698265e-01
4.250000000000000000e+00 -2.165063509461100821e+00 5.059328922404392470e-01
1.750000000000000000e+00 -1.299038105676659782e+00 6.167387637192380812e-01
2.750000000000000000e+00 -1.299038105676659782e+00 5.476740572120160078e-01
3.250000000000000000e+00 -4.330127018922222959e-01 5.493076854708516255e-01
4.250000000000000000e+00 -4.330127018922222959e-01 5.491221308134167645e-01
1.750000000000000000e+00 4.330127018922151905e-01 5.762926685570547436e-01
2.750000000000000000e+00 4.330127018922151905e-01 2.639182153622138816e-01
3.250000000000000000e+00 1.299038105676652677e+00 5.493327633087503603e-01
4.250000000000000000e+00 1.299038105676652677e+00 5.488632852495769487e-01
1.750000000000000000e+00 2.165063509461093716e+00 6.173025065196526828e-01
2.750000000000000000e+00 2.165063509461093716e+00 5.481634599833059562e-01
3.250000000000000000e+00 3.031088913245531202e+00 5.035857215678970489e-01
4.250000000000000000e+00 3.031088913245531202e+00 5.052086313608916690e-01
1.750000000000000000e+00 3.897114317029972241e+00 4.782647752033829525e-01
2.750000000000000000e+00 3.897114317029972241e+00 5.496022896917296396e-01
3.250000000000000000e+00 4.763139720814409728e+00 6.000686570098467953e-01
4.250000000000000000e+00 4.763139720814409728e+00 5.795405300468379206e-01
1.750000000000000000e+00 5.629165124598847214e+00 5.965403609693576970e-01
2.750000000000000000e+00 5.629165124598847214e+00 5.554035639916541367e-01
3.250000000000000000e+00 6.495190528383284700e+00 4.702894491617096162e-01
4.250000000000000000e+00 6.495190528383284700e+00 5.705928312368389044e-01
1.750000000000000000e+00 7.361215932167725740e+00 5.350066956333227042e-01
2.750000000000000000e+00 7.361215932167725740e+00 5.594451755792733127e-01
3.250000000000000000e+00 8.227241335952166779e+00 6.032160530717298741e-01
4.250000000000000000e+00 8.227241335952166779e+00 6.241870850741204624e-01
1.750000000000000000e+00 9.093266739736600712e+00 5.416790305441270270e-01
2.750000000000000000e+00 9.093266739736600712e+00 6.023658966836917816e-01
3.250000000000000000e+00 9.959292143521041751e+00 5.616202623621499024e-01
4.250000000000000000e+00 9.959292143521041751e+00 5.446545650543327399e-01
1.750000000000000000e+00 1.082531754730548279e+01 6.675217279253654601e-01
2.750000000000000000e+00 1.082531754730548279e+01 6.674116939018628347e-01
3.250000000000000000e+00 1.169134295108992383e+01 6.428054783460028787e-01
4.250000000000000000e+00 1.169134295108992383e+01 6.475043629932057954e-01
1.750000000000000000e+00 1.255736835487435776e+01 5.166020895519504164e-01
2.750000000000000000e+00 1.255736835487435776e+01 5.042320551714618571e-01
3.250000000000000000e+00 1.342339375865879880e+01 7.599433358913532111e-01
4.250000000000000000e+00 1.342339375865879880e+01 7.561400278465817415e-01
1.750000000000000000e+00 1.428941916244323274e+01 6.355942987505549535e-01
2.750000000000000000e+00 1.428941916244323274e+01 6.298047915236302252e-01
3.250000000000000000e+00 1.515544456622767377e+01 4.848883453485844930e-01
4.250000000000000000e+00 1.515544456622767377e+01 4.779212791061392962e-01
1.750000000000000000e+00 1.602146997001211304e+01 7.953918057120793472e-01
2.750000000000000000e+00 1.602146997001211304e+01 7.914707850232509667e-01
3.250000000000000000e+00 1.688749537379655408e+01 5.365578426778945254e-01
4.250000000000000000e+00 1.688749537379655408e+01 5.331401377803890451e-01
1.750000000000000000e+00 1.775352077758098801e+01 5.591580490712321216e-01
2.750000000000000000e+00 1.775352077758098801e+01 5.569178344983265472e-01
3.250000000000000000e+00 1.861954618136542905e+01 7.263403790042116670e-01
4.250000000000000000e+00 1.861954618136542905e+01 7.253709603633320402e-01
1.750000000000000000e+00 1.948557158514986298e+01 4.261683370048547914e-01
2.750000000000000000e+00 1.948557158514986298e+01 4.251170472882948026e-01
3.250000000000000000e+00 2.035159698893430402e+01 6.586858799088175509e-01
4.250000000000000000e+00 2.035159698893430402e+01 6.583971914473584208e-01
1.750000000000000000e+00 2.121762239271873796e+01 5.000715613112982627e-01
2.750000000000000000e+00 2.121762239271873796e+01 4.997130612948221806e-01
3.250000000000000000e+00 2.208364779650317899e+01 4.739573446111736699e-01
4.250000000000000000e+00 2.208364779650317899e+01 4.738149858311118123e-01
1.750000000000000000e+00 2.294967320028762003e+01 7.145568589717864461e-01
2.750000000000000000e+00 2.294967320028762003e+01 7.144629398391505459e-01
3.250000000000000000e+00 2.381569860407206107e+01 1.636427218053023991e-01
4.250000000000000000e+00 2.381569860407206107e+01 1.635842801849671235e-01
1.750000000000000000e+00 2.468172400785649501e+01 6.852117728579553146e-01
2.750000000000000000e+00 2.468172400785649501e+01 6.851920742750660098e-01
3.250000000000000000e+00 2.554774941164093605e+01 7.954554539667809676e-01
4.250000000000000000e+00 2.554774941164093605e+01 7.954247157629881215e-01
4.750000000000000000e+00 -2.554774941164094315e+01 7.954757244105304936e-01
5.750000000000000000e+00 -2.554774941164094315e+01 7.954600018714100829e-01
6.250000000000000000e+00 -2.468172400785650566e+01 6.852174785859480588e-01
7.250000000000000000e+00 -2.468172400785650566e+01 6.852140017419467988e-01
4.750000000000000000e+00 -2.381569860407206463e+01 1.636720939044104539e-01
5.750000000000000000e+00 -2.381569860407206463e+01 1.636439116104453084e-01
6.250000000000000000e+00 -2.294967320028762714e+01 7.146280097168673517e-01
7.250000000000000000e+00 -2.294967320028762714e+01 7.146058108773444273e-01
4.750000000000000000e+00 -2.208364779650318965e+01 4.739521882076964121e-01
5.750000000000000000e+00 -2.208364779650318965e+01 4.738904983979076446e-01
6.250000000000000000e+00 -2.121762239271875217e+01 5.003529099830217319e-01
7.250000000000000000e+00 -2.121762239271875217e+01 5.002517109750664881e-01
4.750000000000000000e+00 -2.035159698893431113e+01 6.586443423149520582e-01
5.750000000000000000e+00 -2.035159698893431113e+01 6.584841419166291843e-01
6.250000000000000000e+00 -1.948557158514987364e+01 4.265766552715894444e-01
7.250000000000000000e+00 -1.948557158514987364e+01 4.262845842198823565e-01
4.750000000000000000e+00 -1.861954618136543615e+01 7.269895427001772381e-01
5.750000000000000000e+00 -1.861954618136543615e+01 7.263246256207240847e-01
6.250000000000000000e+00 -1.775352077758099512e+01 5.588623038294089351e-01
7.250000000000000000e+00 -1.775352077758099512e+01 5.584134117449124357e-01
4.750000000000000000e+00 -1.688749537379655763e+01 5.394233987090635285e-01
5.750000000000000000e+00 -1.688749537379655763e+01 5.375873017075815108e-01
6.250000000000000000e+00 -1.602146997001212014e+01 7.968384266509752623e-01
7.250000000000000000e+00 -1.602146997001212014e+01 7.955603607813442890e-01
4.750000000000000000e+00 -1.515544456622767733e+01 4.846201379757937300e-01
5.750000000000000000e+00 -1.515544456622767733e+01 4.829184342149006604e-01
6.250000000000000000e+00 -1.428941916244323806e+01 6.527272687512668536e-01
7.250000000000000000e+00 -1.428941916244323806e+01 6.478618351624259031e-01
4.750000000000000000e+00 -1.342339375865880058e+01 7.543707882824712829e-01
5.750000000000000000e+00 -1.342339375865880058e+01 7.513006275310574189e-01
6.250000000000000000e+00 -1.255736835487436132e+01 5.296868127526450643e-01
7.250000000000000000e+00 -1.255736835487436132e+01 5.271563999423639624e-01
4.750000000000000000e+00 -1.169134295108992383e+01 6.794591024327090167e-01
5.750000000000000000e+00 -1.169134295108992383e+01 6.642993257045636257e-01
6.250000000000000000e+00 -1.082531754730548457e+01 6.500742102149006385e-01
7.250000000000000000e+00 -1.082531754730548457e+01 6.524726345913028913e-01
4.750000000000000000e+00 -9.959292143521047080e+00 5.811540039688936066e-01
5.750000000000000000e+00 -9.959292143521047080e+00 5.837991818032221003e-01
6.250000000000000000e+00 -9.093266739736607818e+00 6.465206986747523699e-01
7.250000000000000000e+00 -9.093266739736607818e+00 6.196322997210801375e-01
4.750000000000000000e+00 -8.227241335952170331e+00 5.436204669932236389e-01
5.750000000000000000e+00 -8.227241335952170331e+00 5.773366993934002656e-01
6.250000000000000000e+00 -7.361215932167732845e+00 5.874001844924203741e-01
7.250000000000000000e+00 -7.361215932167732845e+00 6.109471711068374944e-01
4.750000000000000000e+00 -6.495190528383291806e+00 6.072924461362757542e-01
5.750000000000000000e+00 -6.495190528383291806e+00 5.750472450930371737e-01
6.250000000000000000e+00 -5.629165124598854320e+00 5.010826256296002645e-01
7.250000000000000000e+00 -5.629165124598854320e+00 5.596169406827716797e-01
4.750000000000000000e+00 -4.763139720814413280e+00 5.386347962467340489e-01
5.750000000000000000e+00 -4.763139720814413280e+00 6.172189881265702782e-01
6.250000000000000000e+00 -3.897114317029975794e+00 6.183936196409115515e-01
7.250000000000000000e+00 -3.897114317029975794e+00 5.645317746060215525e-01
4.750000000000000000e+00 -3.031088913245538308e+00 4.602074674832133949e-01
5.750000000000000000e+00 -3.031088913245538308e+00 5.493645783426054363e-01
6.250000000000000000e+00 -2.165063509461100821e+00 4.315191454610785016e-01
7.250000000000000000e+00 -2.165063509461100821e+00 6.158266836465507987e-01
4.750000000000000000e+00 -1.299038105676659782e+00 6.085960240908340202e-01
5.750000000000000000e+00 -1.299038105676659782e+00 5.776943180271316702e-01
6.250000000000000000e+00 -4.330127018922222959e-01 5.287889610081506486e-01
7.250000000000000000e+00 -4.330127018922222959e-01 5.612697056683493280e-01
4.750000000000000000e+00 4.330127018922151905e-01 3.916966655482675974e-01
5.750000000000000000e+00 4.330127018922151905e-01 5.573099493062574350e-01
6.250000000000000000e+00 1.299038105676652677e+00 5.283777921612201611e-01
7.250000000000000000e+00 1.299038105676652677e+00 5.611285383407077498e-01
4.750000000000000000e+00 2.165063509461093716e+00 6.090757958504700031e-01
5.750000000000000000e+00 2.165063509461093716e+00 5.782686803456493774e-01
6.250000000000000000e+00 3.031088913245531202e+00 4.304013605758664762e-01
7.250000000000000000e+00 3.031088913245531202e+00 6.151856078374940973e-01
4.750000000000000000e+00 3.897114317029972241e+00 4.613967168435395561e-01
5.750000000000000000e+00 3.897114317029972241e+00 5.502789393233316062e-01
6.250000000000000000e+00 4.763139720814409728e+00 6.195208334069396416e-01
7.250000000000000000e+00 4.763139720814409728e+00 5.656393511801922624e-01
4.750000000000000000e+00 5.629165124598847214e+00 5.349290033146765211e-01
5.750000000000000000e+00 5.629165124598847214e+00 6.135746543902503847e-01
6.250000000000000000e+00 6.495190528383284700e+00 5.128895865344045291e-01
7.250000000000000000e+00 6.495190528383284700e+00 5.714819380690465689e-01
4.750000000000000000e+00 7.361215932167725740e+00 5.963599396485650406e-01
5.750000000000000000e+00 7.361215932167725740e+00 5.635025057528553205e-01
6.250000000000000000e+00 8.227241335952166779e+00 5.938499307598379406e-01
7.250000000000000000e+00 8.227241335952166779e+00 6.178779438534873769e-01
4.750000000000000000e+00 9.093266739736600712e+00 5.780958539812736108e-01
5.750000000000000000e+00 9.093266739736600712e+00 6.098836208267015557e-01
6.250000000000000000e+00 9.959292143521041751e+00 5.816568155115654504e-01
7.250000000000000000e+00 9.959292143521041751e+00 5.538704493191523026e-01
4.750000000000000000e+00 1.082531754730548279e+01 6.639173993820139952e-01
5.750000000000000000e+00 1.082531754730548279e+01 6.665920036944159577e-01
6.250000000000000000e+00 1.169134295108992383e+01 6.629463784450972952e-01
7.250000000000000000e+00 1.169134295108992383e+01 6.644581951033795564e-01
4.750000000000000000e+00 1.255736835487435776e+01 5.264559238032203714e-01
5.750000000000000000e+00 1.255736835487435776e+01 5.112604074969355761e-01
6.250000000000000000e+00 1.342339375865879880e+01 7.617440655567970786e-01
7.250000000000000000e+00 1.342339375865879880e+01 7.597258061329292822e-01
4.750000000000000000e+00 1.428941916244323274e+01 6.439331630471689660e-01
5.750000000000000000e+00 1.428941916244323274e+01 6.395527803894545116e-01
6.250000000000000000e+00 1.515544456622767377e+01 4.855332660172785308e-01
7.250000000000000000e+00 1.515544456622767377e+01 4.804866422557955152e-01
4.750000000000000000e+00 1.602146997001211304e+01 7.967424861274713388e-01
5.750000000000000000e+00 1.602146997001211304e+01 7.951237644258810633e-01
6.250000000000000000e+00 1.688749537379655408e+01 5.379347296352305907e-01
7.250000000000000000e+00 1.688749537379655408e+01 5.362565229105816789e-01
4.750000000000000000e+00 1.775352077758098801e+01 5.591442096537434514e-01
5.750000000000000000e+00 1.775352077758098801e+01 5.575776360075007654e-01
6.250000000000000000e+00 1.861954618136542905e+01 7.269188128803356630e-01
7.250000000000000000e+00 1.861954618136542905e+01 7.266054699721540278e-01
4.750000000000000000e+00 1.948557158514986298e+01 4.262861078221796829e-01
5.750000000000000000e+00 1.948557158514986298e+01 4.255097970617143233e-01
6.250000000000000000e+00 2.035159698893430402e+01 6.587482644046925850e-01
7.250000000000000000e+00 2.035159698893430402e+01 6.585709328413257291e-01
4.750000000000000000e+00 2.121762239271873796e+01 5.001914027250654593e-01
5.750000000000000000e+00 2.121762239271873796e+01 5.000261423708404207e-01
6.250000000000000000e+00 2.208364779650317899e+01 4.739458075309513352e-01
7.250000000000000000e+00 2.208364779650317899e+01 4.738521293389434952e-01
4.750000000000000000e+00 2.294967320028762003e+01 7.145971143591094421e-01
5.750000000000000000e+00 2.294967320028762003e+01 7.145792052848557452e-01
6.250000000000000000e+00 2.381569860407206107e+01 1.636540355737809149e-01
7.250000000000000000e+00 2.381569860407206107e+01 1.636282060193444132e-01
4.750000000000000000e+00 2.468172400785649501e+01 6.852162579055877112e-01
5.750000000000000000e+00 2.468172400785649501e+01 6.852128216041368791e-01
6.250000000000000000e+00 2.554774941164093605e+01 7.954669845921069626e-01
7.250000000000000000e+00 2.554774941164093605e+01 7.954597229428587157e-01
