-7.250000000000000000e+00 -2.554774941164094315e+01 1.853867690171989713e-01
-6.250000000000000000e+00 -2.554774941164094315e+01 1.853867355583927456e-01
-5.750000000000000000e+00 -2.468172400785650566e+01 1.759234275022324157e-01
-4.750000000000000000e+00 -2.468172400785650566e+01 1.759233804745519159e-01
-7.250000000000000000e+00 -2.381569860407206463e+01 3.169207983582533056e-02
-6.250000000000000000e+00 -2.381569860407206463e+01 3.169203944752636143e-02
-5.750000000000000000e+00 -2.294967320028762714e+01 1.160542096231838016e-01
-4.750000000000000000e+00 -2.294967320028762714e+01 1.160540341825316568e-01
-7.250000000000000000e+00 -2.208364779650318965e+01 8.962742660839917441e-02
-6.250000000000000000e+00 -2.208364779650318965e+01 8.962718084304628630e-02
-5.750000000000000000e+00 -2.121762239271875217e+01 3.543900699575718016e-02
-4.750000000000000000e+00 -2.121762239271875217e+01 3.543857459436699359e-02
-7.250000000000000000e+00 -2.035159698893431113e+01 5.262674328984248695e-02
-6.250000000000000000e+00 -2.035159698893431113e+01 5.262589784322527914e-02
-5.750000000000000000e+00 -1.948557158514987364e+01 3.451975914962770314e-02
-4.750000000000000000e+00 -1.948557158514987364e+01 3.451809068623087201e-02
-7.250000000000000000e+00 -1.861954618136543615e+01 2.753012088211333197e-02
-6.250000000000000000e+00 -1.861954618136543615e+01 2.752859354586597446e-02
-5.750000000000000000e+00 -1.775352077758099512e+01 2.623852774768142826e-02
-4.750000000000000000e+00 -1.775352077758099512e+01 2.623288573892498463e-02
-7.250000000000000000e+00 -1.688749537379655763e+01 2.183737746995072226e-02
-6.250000000000000000e+00 -1.688749537379655763e+01 2.183452658235874450e-02
-5.750000000000000000e+00 -1.602146997001212014e+01 2.298593791921485496e-02
-4.750000000000000000e+00 -1.602146997001212014e+01 2.297748304004070333e-02
-7.250000000000000000e+00 -1.515544456622767733e+01 2.072367888305191516e-02
-6.250000000000000000e+00 -1.515544456622767733e+01 2.070996410569721571e-02
-5.750000000000000000e+00 -1.428941916244323806e+01 2.080680340416334734e-02
-4.750000000000000000e+00 -1.428941916244323806e+01 2.080572576949114849e-02
-7.250000000000000000e+00 -1.342339375865880058e+01 2.113484534183923680e-02
-6.250000000000000000e+00 -1.342339375865880058e+01 2.110513551582941794e-02
-5.750000000000000000e+00 -1.255736835487436132e+01 2.041137208063305286e-02
-4.750000000000000000e+00 -1.255736835487436132e+01 2.038671308204847293e-02
-7.250000000000000000e+00 -1.169134295108992383e+01 2.060573531687287518e-02
-6.250000000000000000e+00 -1.169134295108992383e+01 2.065757187340882400e-02
-5.750000000000000000e+00 -1.082531754730548457e+01 2.054698107499492235e-02
-4.750000000000000000e+00 -1.082531754730548457e+01 2.052181964721417479e-02
-7.250000000000000000e+00 -9.959292143521047080e+00 2.043949381481034028e-02
-6.250000000000000000e+00 -9.959292143521047080e+00 2.057512277315217547e-02
-5.750000000000000000e+00 -9.093266739736607818e+00 2.005635224569417285e-02
-4.750000000000000000e+00 -9.093266739736607818e+00 2.053435749660893761e-02
-7.250000000000000000e+00 -8.227241335952170331e+00 2.056392464630027450e-02
-6.250000000000000000e+00 -8.227241335952170331e+00 2.048705806683620567e-02
-5.750000000000000000e+00 -7.361215932167732845e+00 2.021332377179255180e-02
-4.750000000000000000e+00 -7.361215932167732845e+00 2.098943604621894554e-02
-7.250000000000000000e+00 -6.495190528383291806e+00 1.991777888008694139e-02
-6.250000000000000000e+00 -6.495190528383291806e+00 2.057883267169687350e-02
-5.750000000000000000e+00 -5.629165124598854320e+00 2.051769075160705946e-02
-4.750000000000000000e+00 -5.629165124598854320e+00 2.085212642239225173e-02
-7.250000000000000000e+00 -4.763139720814413280e+00 1.980989755076456582e-02
-6.250000000000000000e+00 -4.763139720814413280e+00 2.126598451140532947e-02
-5.750000000000000000e+00 -3.897114317029975794e+00 1.919804741156820246e-02
-4.750000000000000000e+00 -3.897114317029975794e+00 2.142307981293221225e-02
-7.250000000000000000e+00 -3.031088913245538308e+00 2.059870880226447737e-02
-6.250000000000000000e+00 -3.031088913245538308e+00 2.091818777690945819e-02
-5.750000000000000000e+00 -2.165063509461100821e+00 1.943478960411745143e-02
-4.750000000000000000e+00 -2.165063509461100821e+00 2.126155468591394218e-02
-7.250000000000000000e+00 -1.299038105676659782e+00 2.002413172462109980e-02
-6.250000000000000000e+00 -1.299038105676659782e+00 2.142299124552177539e-02
-5.750000000000000000e+00 -4.330127018922222959e-01 2.049399547177099476e-02
-4.750000000000000000e+00 -4.330127018922222959e-01 2.135973951035799109e-02
-7.250000000000000000e+00 4.330127018922151905e-01 1.949342179374191630e-02
-6.250000000000000000e+00 4.330127018922151905e-01 2.130247536372209885e-02
-5.750000000000000000e+00 1.299038105676652677e+00 2.049388991528418302e-02
-4.750000000000000000e+00 1.299038105676652677e+00 2.135962967080979116e-02
-7.250000000000000000e+00 2.165063509461093716e+00 2.002444973878918233e-02
-6.250000000000000000e+00 2.165063509461093716e+00 2.142321240365399615e-02
-5.750000000000000000e+00 3.031088913245531202e+00 1.943464442085890420e-02
-4.750000000000000000e+00 3.031088913245531202e+00 2.126129218378652874e-02
-7.250000000000000000e+00 3.897114317029972241e+00 2.059877766163477342e-02
-6.250000000000000000e+00 3.897114317029972241e+00 2.091825162857369191e-02
-5.750000000000000000e+00 4.763139720814409728e+00 1.919977158423266661e-02
-4.750000000000000000e+00 4.763139720814409728e+00 2.142451108219576086e-02
-7.250000000000000000e+00 5.629165124598847214e+00 1.980597958611773207e-02
-6.250000000000000000e+00 5.629165124598847214e+00 2.126225756193513700e-02
-5.750000000000000000e+00 6.495190528383284700e+00 2.052637849898178435e-02
-4.750000000000000000e+00 6.495190528383284700e+00 2.086086885446391398e-02
-7.250000000000000000e+00 7.361215932167725740e+00 1.991127724376781996e-02
-6.250000000000000000e+00 7.361215932167725740e+00 2.057208518641037015e-02
-5.750000000000000000e+00 8.227241335952166779e+00 2.021038171357381064e-02
-4.750000000000000000e+00 8.227241335952166779e+00 2.098646351741637398e-02
-7.250000000000000000e+00 9.093266739736600712e+00 2.061127433613500759e-02
-6.250000000000000000e+00 9.093266739736600712e+00 2.053427144473657026e-02
-5.750000000000000000e+00 9.959292143521041751e+00 1.997383935717818998e-02
-4.750000000000000000e+00 9.959292143521041751e+00 2.045095810322365010e-02
-7.250000000000000000e+00 1.082531754730548279e+01 2.054702965516566962e-02
-6.250000000000000000e+00 1.082531754730548279e+01 2.068321787410790091e-02
-5.750000000000000000e+00 1.169134295108992383e+01 2.062197692161277934e-02
-4.750000000000000000e+00 1.169134295108992383e+01 2.059687301565235606e-02
-7.250000000000000000e+00 1.255736835487435776e+01 2.028717229404738281e-02
-6.250000000000000000e+00 1.255736835487435776e+01 2.033860546405085942e-02
-5.750000000000000000e+00 1.342339375865879880e+01 2.115399243468362930e-02
-4.750000000000000000e+00 1.342339375865879880e+01 2.112958980219443311e-02
-7.250000000000000000e+00 1.428941916244323274e+01 2.081433642443178411e-02
-6.250000000000000000e+00 1.428941916244323274e+01 2.078431975554790798e-02
-5.750000000000000000e+00 1.515544456622767377e+01 2.069486158222234862e-02
-4.750000000000000000e+00 1.515544456622767377e+01 2.069312754961827316e-02
-7.250000000000000000e+00 1.602146997001211304e+01 2.299855763674724801e-02
-6.250000000000000000e+00 1.602146997001211304e+01 2.298514048298331419e-02
-5.750000000000000000e+00 1.688749537379655408e+01 2.182793361351766451e-02
-4.750000000000000000e+00 1.688749537379655408e+01 2.181964784097555760e-02
-7.250000000000000000e+00 1.775352077758098801e+01 2.623655793316858123e-02
-6.250000000000000000e+00 1.775352077758098801e+01 2.623343065370290633e-02
-5.750000000000000000e+00 1.861954618136542905e+01 2.753045217402346617e-02
-4.750000000000000000e+00 1.861954618136542905e+01 2.752503748966517519e-02
-7.250000000000000000e+00 1.948557158514986298e+01 3.451821280576905515e-02
-6.250000000000000000e+00 1.948557158514986298e+01 3.451659201672117178e-02
-5.750000000000000000e+00 2.035159698893430402e+01 5.262697414803479967e-02
-4.750000000000000000e+00 2.035159698893430402e+01 5.262509142153069808e-02
-7.250000000000000000e+00 2.121762239271873796e+01 3.543889991904117936e-02
-6.250000000000000000e+00 2.121762239271873796e+01 3.543816535268390355e-02
-5.750000000000000000e+00 2.208364779650317899e+01 8.962730996663884064e-02
-4.750000000000000000e+00 2.208364779650317899e+01 8.962686917790019248e-02
-7.250000000000000000e+00 2.294967320028762003e+01 1.160542596519111153e-01
-6.250000000000000000e+00 2.294967320028762003e+01 1.160539554229853276e-01
-5.750000000000000000e+00 2.381569860407206107e+01 3.169202564970313718e-02
-4.750000000000000000e+00 2.381569860407206107e+01 3.169192426465924223e-02
-7.250000000000000000e+00 2.468172400785649501e+01 1.759234365186944649e-01
-6.250000000000000000e+00 2.468172400785649501e+01 1.759233508075484231e-01
-5.750000000000000000e+00 2.554774941164093605e+01 1.853867543393823147e-01
-4.750000000000000000e+00 2.554774941164093605e+01 1.853866570906292643e-01
-4.250000000000000000e+00 -2.554774941164094315e+01 1.853867719910674561e-01
-3.250000000000000000e+00 -2.554774941164094315e+01 1.853867257377037336e-01
-2.750000000000000000e+00 -2.468172400785650566e+01 1.759234197441182646e-01
-1.750000000000000000e+00 -2.468172400785650566e+01 1.759233932526357846e-01
-4.250000000000000000e+00 -2.381569860407206463e+01 3.169208458536316997e-02
-3.250000000000000000e+00 -2.381569860407206463e+01 3.169200745653456830e-02
-2.750000000000000000e+00 -2.294967320028762714e+01 1.160542091869277009e-01
-1.750000000000000000e+00 -2.294967320028762714e+01 1.160540136612541878e-01
-4.250000000000000000e+00 -2.208364779650318965e+01 8.962736507987378864e-02
-3.250000000000000000e+00 -2.208364779650318965e+01 8.962705376623927855e-02
-2.750000000000000000e+00 -2.121762239271875217e+01 3.543909348479953175e-02
-1.750000000000000000e+00 -2.121762239271875217e+01 3.543836043691676874e-02
-4.250000000000000000e+00 -2.035159698893431113e+01 5.262639554265294284e-02
-3.250000000000000000e+00 -2.035159698893431113e+01 5.262522498961736545e-02
-2.750000000000000000e+00 -1.948557158514987364e+01 3.451965558114689081e-02
-1.750000000000000000e+00 -1.948557158514987364e+01 3.451725338715110752e-02
-4.250000000000000000e+00 -1.861954618136543615e+01 2.752979056266283142e-02
-3.250000000000000000e+00 -1.861954618136543615e+01 2.752687571768097988e-02
-2.750000000000000000e+00 -1.775352077758099512e+01 2.623616127894443095e-02
-1.750000000000000000e+00 -1.775352077758099512e+01 2.622934393183944807e-02
-4.250000000000000000e+00 -1.688749537379655763e+01 2.183942291800791344e-02
-3.250000000000000000e+00 -1.688749537379655763e+01 2.183126284802087286e-02
-2.750000000000000000e+00 -1.602146997001212014e+01 2.298139353271083651e-02
-1.750000000000000000e+00 -1.602146997001212014e+01 2.296906162098036330e-02
-4.250000000000000000e+00 -1.515544456622767733e+01 2.071994452948278803e-02
-3.250000000000000000e+00 -1.515544456622767733e+01 2.069613817312184606e-02
-2.750000000000000000e+00 -1.428941916244323806e+01 2.081773907115450420e-02
-1.750000000000000000e+00 -1.428941916244323806e+01 2.079862589009193879e-02
-4.250000000000000000e+00 -1.342339375865880058e+01 2.108317769655773319e-02
-3.250000000000000000e+00 -1.342339375865880058e+01 2.106615926773476588e-02
-2.750000000000000000e+00 -1.255736835487436132e+01 2.040852257862105223e-02
-1.750000000000000000e+00 -1.255736835487436132e+01 2.037232958676246306e-02
-4.250000000000000000e+00 -1.169134295108992383e+01 2.055523946659140039e-02
-3.250000000000000000e+00 -1.169134295108992383e+01 2.064642091185257475e-02
-2.750000000000000000e+00 -1.082531754730548457e+01 2.036215437331216627e-02
-1.750000000000000000e+00 -1.082531754730548457e+01 2.046707755023918773e-02
-4.250000000000000000e+00 -9.959292143521047080e+00 2.052782630360341920e-02
-3.250000000000000000e+00 -9.959292143521047080e+00 2.065147806040375580e-02
-2.750000000000000000e+00 -9.093266739736607818e+00 1.995503065961843486e-02
-1.750000000000000000e+00 -9.093266739736607818e+00 2.057346468784838900e-02
-4.250000000000000000e+00 -8.227241335952170331e+00 2.021015231986668034e-02
-3.250000000000000000e+00 -8.227241335952170331e+00 2.056898144131267397e-02
-2.750000000000000000e+00 -7.361215932167732845e+00 2.051959268391975733e-02
-1.750000000000000000e+00 -7.361215932167732845e+00 2.126422875490910011e-02
-4.250000000000000000e+00 -6.495190528383291806e+00 1.904801948491853178e-02
-3.250000000000000000e+00 -6.495190528383291806e+00 2.086081406701629018e-02
-2.750000000000000000e+00 -5.629165124598854320e+00 2.001647199387947273e-02
-1.750000000000000000e+00 -5.629165124598854320e+00 2.142069364284696076e-02
-4.250000000000000000e+00 -4.763139720814413280e+00 2.001991328073587928e-02
-3.250000000000000000e+00 -4.763139720814413280e+00 2.130388736136539646e-02
-2.750000000000000000e+00 -3.897114317029975794e+00 1.996790617311225424e-02
-1.750000000000000000e+00 -3.897114317029975794e+00 2.135972034727379523e-02
-4.250000000000000000e+00 -3.031088913245538308e+00 2.057468864304057635e-02
-3.250000000000000000e+00 -3.031088913245538308e+00 2.135959560651683187e-02
-2.750000000000000000e+00 -2.165063509461100821e+00 2.298123282823242783e-02
-1.750000000000000000e+00 -2.165063509461100821e+00 1.701979057717439153e-02
-4.250000000000000000e+00 -1.299038105676659782e+00 1.980472119564216649e-02
-3.250000000000000000e+00 -1.299038105676659782e+00 2.212656406984324711e-02
-2.750000000000000000e+00 -4.330127018922222959e-01 2.137654037680580127e-02
-1.750000000000000000e+00 -4.330127018922222959e-01 1.945705920878062697e-02
-4.250000000000000000e+00 4.330127018922151905e-01 2.051926929200236990e-02
-3.250000000000000000e+00 4.330127018922151905e-01 1.701965918849845938e-02
-2.750000000000000000e+00 1.299038105676652677e+00 2.137651152884417760e-02
-1.750000000000000000e+00 1.299038105676652677e+00 1.945697779889083226e-02
-4.250000000000000000e+00 2.165063509461093716e+00 1.980493948770899876e-02
-3.250000000000000000e+00 2.165063509461093716e+00 2.212685916938961911e-02
-2.750000000000000000e+00 3.031088913245531202e+00 2.298107616861733843e-02
-1.750000000000000000e+00 3.031088913245531202e+00 1.701951408840537971e-02
-4.250000000000000000e+00 3.897114317029972241e+00 2.057477930587626319e-02
-3.250000000000000000e+00 3.897114317029972241e+00 2.135977361284637638e-02
-2.750000000000000000e+00 4.763139720814409728e+00 1.996896711411778186e-02
-1.750000000000000000e+00 4.763139720814409728e+00 2.136119542322871892e-02
-4.250000000000000000e+00 5.629165124598847214e+00 2.001659784923580376e-02
-3.250000000000000000e+00 5.629165124598847214e+00 2.130013228758229071e-02
-2.750000000000000000e+00 6.495190528383284700e+00 2.002443511754041505e-02
-1.750000000000000000e+00 6.495190528383284700e+00 2.142950382003109416e-02
-4.250000000000000000e+00 7.361215932167725740e+00 1.904191293919151734e-02
-3.250000000000000000e+00 7.361215932167725740e+00 2.085422597194814404e-02
-2.750000000000000000e+00 8.227241335952166779e+00 2.051668069001542916e-02
-1.750000000000000000e+00 8.227241335952166779e+00 2.126104951663532541e-02
-4.250000000000000000e+00 9.093266739736600712e+00 2.025720608183797372e-02
-3.250000000000000000e+00 9.093266739736600712e+00 2.061667841563795400e-02
-2.750000000000000000e+00 9.959292143521041751e+00 1.987174237841431157e-02
-1.750000000000000000e+00 9.959292143521041751e+00 2.049026810471507587e-02
-4.250000000000000000e+00 1.082531754730548279e+01 2.063584653712395231e-02
-3.250000000000000000e+00 1.082531754730548279e+01 2.075932756578639099e-02
-2.750000000000000000e+00 1.169134295108992383e+01 2.043593754390451989e-02
-1.750000000000000000e+00 1.169134295108992383e+01 2.054222822615386912e-02
-4.250000000000000000e+00 1.255736835487435776e+01 2.023698002053187645e-02
-3.250000000000000000e+00 1.255736835487435776e+01 2.032745697074424263e-02
-2.750000000000000000e+00 1.342339375865879880e+01 2.115089215807065132e-02
-1.750000000000000000e+00 1.342339375865879880e+01 2.111458120903179914e-02
-4.250000000000000000e+00 1.428941916244323274e+01 2.076211329046162568e-02
-3.250000000000000000e+00 1.428941916244323274e+01 2.074597248171025990e-02
-2.750000000000000000e+00 1.515544456622767377e+01 2.070543340012036271e-02
-1.750000000000000000e+00 1.515544456622767377e+01 2.068629828908744722e-02
-4.250000000000000000e+00 1.602146997001211304e+01 2.299465518436552558e-02
-3.250000000000000000e+00 1.602146997001211304e+01 2.297108583053348446e-02
-2.750000000000000000e+00 1.688749537379655408e+01 2.182305721413086569e-02
-1.750000000000000000e+00 1.688749537379655408e+01 2.181153990661965220e-02
-4.250000000000000000e+00 1.775352077758098801e+01 2.623855009575987163e-02
-3.250000000000000000e+00 1.775352077758098801e+01 2.623009698247447813e-02
-2.750000000000000000e+00 1.861954618136542905e+01 2.752807928283738936e-02
-1.750000000000000000e+00 1.861954618136542905e+01 2.752121262107380326e-02
-4.250000000000000000e+00 1.948557158514986298e+01 3.451776507275609862e-02
-3.250000000000000000e+00 1.948557158514986298e+01 3.451513877698579591e-02
-2.750000000000000000e+00 2.035159698893430402e+01 5.262687445329147784e-02
-1.750000000000000000e+00 2.035159698893430402e+01 5.262430498847838617e-02
-4.250000000000000000e+00 2.121762239271873796e+01 3.543851815083937790e-02
-3.250000000000000000e+00 2.121762239271873796e+01 3.543741424781736427e-02
-2.750000000000000000e+00 2.208364779650317899e+01 8.962739453981607984e-02
-1.750000000000000000e+00 2.208364779650317899e+01 8.962678345163231641e-02
-4.250000000000000000e+00 2.294967320028762003e+01 1.160541939041661585e-01
-3.250000000000000000e+00 2.294967320028762003e+01 1.160537262051997281e-01
-2.750000000000000000e+00 2.381569860407206107e+01 3.169203123855186127e-02
-1.750000000000000000e+00 2.381569860407206107e+01 3.169186255701597621e-02
-4.250000000000000000e+00 2.468172400785649501e+01 1.759234338019466104e-01
-3.250000000000000000e+00 2.468172400785649501e+01 1.759233278575147441e-01
-2.750000000000000000e+00 2.554774941164093605e+01 1.853867407980081539e-01
-1.750000000000000000e+00 2.554774941164093605e+01 1.853866339898176951e-01
-1.250000000000000000e+00 -2.554774941164094315e+01 1.853867743738995544e-01
-2.500000000000000000e-01 -2.554774941164094315e+01 1.853867326746562738e-01
2.500000000000000000e-01 -2.468172400785650566e+01 1.759234278832356724e-01
1.250000000000000000e+00 -2.468172400785650566e+01 1.759233856500905246e-01
-1.250000000000000000e+00 -2.381569860407206463e+01 3.169208203901716786e-02
-2.500000000000000000e-01 -2.381569860407206463e+01 3.169197618566860220e-02
2.500000000000000000e-01 -2.294967320028762714e+01 1.160542300418971329e-01
1.250000000000000000e+00 -2.294967320028762714e+01 1.160540046257195756e-01
-1.250000000000000000e+00 -2.208364779650318965e+01 8.962731216104800891e-02
-2.500000000000000000e-01 -2.208364779650318965e+01 8.962695628080945276e-02
2.500000000000000000e-01 -2.121762239271875217e+01 3.543912015626132089e-02
1.250000000000000000e+00 -2.121762239271875217e+01 3.543830893780372526e-02
-1.250000000000000000e+00 -2.035159698893431113e+01 5.262628338878892059e-02
-2.500000000000000000e-01 -2.035159698893431113e+01 5.262495541830440604e-02
2.500000000000000000e-01 -1.948557158514987364e+01 3.451951443549246268e-02
1.250000000000000000e+00 -1.948557158514987364e+01 3.451714340179450752e-02
-1.250000000000000000e+00 -1.861954618136543615e+01 2.753030946746461149e-02
-2.500000000000000000e-01 -1.861954618136543615e+01 2.752607625677709266e-02
2.500000000000000000e-01 -1.775352077758099512e+01 2.623562280430061233e-02
1.250000000000000000e+00 -1.775352077758099512e+01 2.622941820275570893e-02
-1.250000000000000000e+00 -1.688749537379655763e+01 2.184063115831715376e-02
-2.500000000000000000e-01 -1.688749537379655763e+01 2.182932700537452975e-02
2.500000000000000000e-01 -1.602146997001212014e+01 2.298443957041335084e-02
1.250000000000000000e+00 -1.602146997001212014e+01 2.296913450174158794e-02
-1.250000000000000000e+00 -1.515544456622767733e+01 2.071121459102250734e-02
-2.500000000000000000e-01 -1.515544456622767733e+01 2.068858602489860241e-02
2.500000000000000000e-01 -1.428941916244323806e+01 2.082893103475474267e-02
1.250000000000000000e+00 -1.428941916244323806e+01 2.079841716262319229e-02
-1.250000000000000000e+00 -1.342339375865880058e+01 2.106293216902630633e-02
-2.500000000000000000e-01 -1.342339375865880058e+01 2.104734449981278052e-02
2.500000000000000000e-01 -1.255736835487436132e+01 2.038809441086894547e-02
1.250000000000000000e+00 -1.255736835487436132e+01 2.037246216627078277e-02
-1.250000000000000000e+00 -1.169134295108992383e+01 2.061143961172653277e-02
-2.500000000000000000e-01 -1.169134295108992383e+01 2.064294609714655698e-02
2.500000000000000000e-01 -1.082531754730548457e+01 2.033623642601103954e-02
1.250000000000000000e+00 -1.082531754730548457e+01 2.046730441080037155e-02
-1.250000000000000000e+00 -9.959292143521047080e+00 2.055065431966571904e-02
-2.500000000000000000e-01 -9.959292143521047080e+00 2.068903926394285303e-02
2.500000000000000000e-01 -9.093266739736607818e+00 2.023454120956971747e-02
1.250000000000000000e+00 -9.093266739736607818e+00 2.057334204696268862e-02
-1.250000000000000000e+00 -8.227241335952170331e+00 1.980527910591054624e-02
-2.500000000000000000e-01 -8.227241335952170331e+00 2.061659752925004002e-02
2.500000000000000000e-01 -7.361215932167732845e+00 2.059838668618893531e-02
1.250000000000000000e+00 -7.361215932167732845e+00 2.126422194393511045e-02
-1.250000000000000000e+00 -6.495190528383291806e+00 1.920460018663273233e-02
-2.500000000000000000e-01 -6.495190528383291806e+00 2.092453931487811558e-02
2.500000000000000000e-01 -5.629165124598854320e+00 1.943241722842539709e-02
1.250000000000000000e+00 -5.629165124598854320e+00 2.142078857995743241e-02
-1.250000000000000000e+00 -4.763139720814413280e+00 2.057620936577938403e-02
-2.500000000000000000e-01 -4.763139720814413280e+00 2.126280603147190362e-02
2.500000000000000000e-01 -3.897114317029975794e+00 1.980495291490158571e-02
1.250000000000000000e+00 -3.897114317029975794e+00 2.135974273430507261e-02
-1.250000000000000000e+00 -3.031088913245538308e+00 2.298118459098879435e-02
-2.500000000000000000e-01 -3.031088913245538308e+00 2.212655752296534620e-02
2.500000000000000000e-01 -2.165063509461100821e+00 2.137669127647903386e-02
1.250000000000000000e+00 -2.165063509461100821e+00 1.701979953938102808e-02
-1.250000000000000000e+00 -1.299038105676659782e+00 3.776299957603135304e-02
-2.500000000000000000e-01 -1.299038105676659782e+00 1.945698207480683548e-02
2.500000000000000000e-01 -4.330127018922222959e-01 5.077303472872917584e-02
1.250000000000000000e+00 -4.330127018922222959e-01 1.945705920878088024e-02
-1.250000000000000000e+00 4.330127018922151905e-01 5.077305850808053189e-02
-2.500000000000000000e-01 4.330127018922151905e-01 2.955035774181358270e-07
2.500000000000000000e-01 1.299038105676652677e+00 5.077326268359539513e-02
1.250000000000000000e+00 1.299038105676652677e+00 1.945698212394805088e-02
-1.250000000000000000e+00 2.165063509461093716e+00 3.776290903831855394e-02
-2.500000000000000000e-01 2.165063509461093716e+00 1.945716376233238426e-02
2.500000000000000000e-01 3.031088913245531202e+00 2.137653519781695932e-02
1.250000000000000000e+00 3.031088913245531202e+00 1.701951990118736810e-02
-1.250000000000000000e+00 3.897114317029972241e+00 2.298103388419325821e-02
-2.500000000000000000e-01 3.897114317029972241e+00 2.212669245342820459e-02
2.500000000000000000e-01 4.763139720814409728e+00 1.980605690887810716e-02
1.250000000000000000e+00 4.763139720814409728e+00 2.136105347390694631e-02
-1.250000000000000000e+00 5.629165124598847214e+00 2.057243518290899700e-02
-2.500000000000000000e-01 5.629165124598847214e+00 2.125905244661359383e-02
2.500000000000000000e-01 6.495190528383284700e+00 1.944099348438361324e-02
1.250000000000000000e+00 6.495190528383284700e+00 2.142919834002755125e-02
-1.250000000000000000e+00 7.361215932167725740e+00 1.919715209295444827e-02
-2.500000000000000000e-01 7.361215932167725740e+00 2.091789409687690865e-02
2.500000000000000000e-01 8.227241335952166779e+00 2.059542147115872579e-02
1.250000000000000000e+00 8.227241335952166779e+00 2.126105437837590498e-02
-1.250000000000000000e+00 9.093266739736600712e+00 1.985146804443010254e-02
-2.500000000000000000e-01 9.093266739736600712e+00 2.066371558486846532e-02
2.500000000000000000e-01 9.959292143521041751e+00 2.015051284585867714e-02
1.250000000000000000e+00 9.959292143521041751e+00 2.049016007677791767e-02
-1.250000000000000000e+00 1.082531754730548279e+01 2.065839930497260016e-02
-2.500000000000000000e-01 1.082531754730548279e+01 2.079642979802134167e-02
2.500000000000000000e-01 1.169134295108992383e+01 2.041045249266279504e-02
1.250000000000000000e+00 1.169134295108992383e+01 2.054147114690589582e-02
-1.250000000000000000e+00 1.255736835487435776e+01 2.029225558211892461e-02
-2.500000000000000000e-01 1.255736835487435776e+01 2.032436309713826425e-02
2.500000000000000000e-01 1.342339375865879880e+01 2.113078785538425111e-02
1.250000000000000000e+00 1.342339375865879880e+01 2.111446799442822514e-02
-1.250000000000000000e+00 1.428941916244323274e+01 2.074150822932784716e-02
-2.500000000000000000e-01 1.428941916244323274e+01 2.072674854716162474e-02
2.500000000000000000e-01 1.515544456622767377e+01 2.071652492919721922e-02
1.250000000000000000e+00 1.515544456622767377e+01 2.068643422618621566e-02
-1.250000000000000000e+00 1.602146997001211304e+01 2.298602773128387983e-02
-2.500000000000000000e-01 1.602146997001211304e+01 2.296298958637638110e-02
2.500000000000000000e-01 1.688749537379655408e+01 2.182639995280017883e-02
1.250000000000000000e+00 1.688749537379655408e+01 2.181108369737543018e-02
-1.250000000000000000e+00 1.775352077758098801e+01 2.623972543121694950e-02
-2.500000000000000000e-01 1.775352077758098801e+01 2.622849736790360681e-02
2.500000000000000000e-01 1.861954618136542905e+01 2.752763375889637903e-02
1.250000000000000000e+00 1.861954618136542905e+01 2.752105477254013569e-02
-1.250000000000000000e+00 1.948557158514986298e+01 3.451836210886213147e-02
-2.500000000000000000e-01 1.948557158514986298e+01 3.451439971354715308e-02
2.500000000000000000e-01 2.035159698893430402e+01 5.262668560263307482e-02
1.250000000000000000e+00 2.035159698893430402e+01 5.262438235261181901e-02
-1.250000000000000000e+00 2.121762239271873796e+01 3.543844984317767038e-02
-2.500000000000000000e-01 2.121762239271873796e+01 3.543701234081388096e-02
2.500000000000000000e-01 2.208364779650317899e+01 8.962742679281388014e-02
1.250000000000000000e+00 2.208364779650317899e+01 8.962673620631439464e-02
-1.250000000000000000e+00 2.294967320028762003e+01 1.160541200420231456e-01
-2.500000000000000000e-01 2.294967320028762003e+01 1.160536868689158729e-01
2.500000000000000000e-01 2.381569860407206107e+01 3.169204147439278613e-02
1.250000000000000000e+00 2.381569860407206107e+01 3.169182399061766520e-02
-1.250000000000000000e+00 2.468172400785649501e+01 1.759234183105747307e-01
-2.500000000000000000e-01 2.468172400785649501e+01 1.759233487644206173e-01
2.500000000000000000e-01 2.554774941164093605e+01 1.853867294388256703e-01
1.250000000000000000e+00 2.554774941164093605e+01 1.853866442554487071e-01
1.750000000000000000e+00 -2.554774941164094315e+01 1.853867760690999789e-01
2.750000000000000000e+00 -2.554774941164094315e+01 1.853867213242304801e-01
3.250000000000000000e+00 -2.468172400785650566e+01 1.759234322511126769e-01
4.250000000000000000e+00 -2.468172400785650566e+01 1.759234021004770776e-01
1.750000000000000000e+00 -2.381569860407206463e+01 3.169208204263079809e-02
2.750000000000000000e+00 -2.381569860407206463e+01 3.169197556904575219e-02
3.250000000000000000e+00 -2.294967320028762714e+01 1.160542436288203305e-01
4.250000000000000000e+00 -2.294967320028762714e+01 1.160540827965264171e-01
1.750000000000000000e+00 -2.208364779650318965e+01 8.962734954442386215e-02
2.750000000000000000e+00 -2.208364779650318965e+01 8.962701396716078739e-02
3.250000000000000000e+00 -2.121762239271875217e+01 3.543911944619720922e-02
4.250000000000000000e+00 -2.121762239271875217e+01 3.543854529348842292e-02
1.750000000000000000e+00 -2.035159698893431113e+01 5.262645539104048725e-02
2.750000000000000000e+00 -2.035159698893431113e+01 5.262529900907952224e-02
3.250000000000000000e+00 -1.948557158514987364e+01 3.451961875406417413e-02
4.250000000000000000e+00 -1.948557158514987364e+01 3.451802832920966568e-02
1.750000000000000000e+00 -1.861954618136543615e+01 2.753076777766304967e-02
2.750000000000000000e+00 -1.861954618136543615e+01 2.752687971058397770e-02
3.250000000000000000e+00 -1.775352077758099512e+01 2.623702219984240525e-02
4.250000000000000000e+00 -1.775352077758099512e+01 2.623310435192141229e-02
1.750000000000000000e+00 -1.688749537379655763e+01 2.184068351719586909e-02
2.750000000000000000e+00 -1.688749537379655763e+01 2.183106272865251510e-02
3.250000000000000000e+00 -1.602146997001212014e+01 2.298966018748594548e-02
4.250000000000000000e+00 -1.602146997001212014e+01 2.297762156960617141e-02
1.750000000000000000e+00 -1.515544456622767733e+01 2.071099272172356037e-02
2.750000000000000000e+00 -1.515544456622767733e+01 2.069639287577987319e-02
3.250000000000000000e+00 -1.428941916244323806e+01 2.083289114315712426e-02
4.250000000000000000e+00 -1.428941916244323806e+01 2.080550949276315648e-02
1.750000000000000000e+00 -1.342339375865880058e+01 2.108658765157172751e-02
2.750000000000000000e+00 -1.342339375865880058e+01 2.106643790611824676e-02
3.250000000000000000e+00 -1.255736835487436132e+01 2.038948252119313076e-02
4.250000000000000000e+00 -1.255736835487436132e+01 2.038682625590760092e-02
1.750000000000000000e+00 -1.169134295108992383e+01 2.067760408392047694e-02
2.750000000000000000e+00 -1.169134295108992383e+01 2.064614414538643722e-02
3.250000000000000000e+00 -1.082531754730548457e+01 2.045089435254749191e-02
4.250000000000000000e+00 -1.082531754730548457e+01 2.052197519016490598e-02
1.750000000000000000e+00 -9.959292143521047080e+00 2.050588952159284120e-02
2.750000000000000000e+00 -9.959292143521047080e+00 2.065152794434052183e-02
3.250000000000000000e+00 -9.093266739736607818e+00 2.048574757992246975e-02
4.250000000000000000e+00 -9.093266739736607818e+00 2.053423039817809520e-02
1.750000000000000000e+00 -8.227241335952170331e+00 1.986351223321870113e-02
2.750000000000000000e+00 -8.227241335952170331e+00 2.056918543118781140e-02
3.250000000000000000e+00 -7.361215932167732845e+00 2.045673802022753007e-02
4.250000000000000000e+00 -7.361215932167732845e+00 2.098942623496618740e-02
1.750000000000000000e+00 -6.495190528383291806e+00 2.003065739554179756e-02
2.750000000000000000e+00 -6.495190528383291806e+00 2.086077050701501054e-02
3.250000000000000000e+00 -5.629165124598854320e+00 1.949084629571724847e-02
4.250000000000000000e+00 -5.629165124598854320e+00 2.085219119083793829e-02
1.750000000000000000e+00 -4.763139720814413280e+00 2.049531516921986735e-02
2.750000000000000000e+00 -4.763139720814413280e+00 2.130388861862327413e-02
3.250000000000000000e+00 -3.897114317029975794e+00 2.049395266732682505e-02
4.250000000000000000e+00 -3.897114317029975794e+00 2.142309293857381364e-02
1.750000000000000000e+00 -3.031088913245538308e+00 2.051902544382740168e-02
2.750000000000000000e+00 -3.031088913245538308e+00 2.135965042225371896e-02
3.250000000000000000e+00 -2.165063509461100821e+00 1.980495597190065626e-02
4.250000000000000000e+00 -2.165063509461100821e+00 2.126155507308919584e-02
1.750000000000000000e+00 -1.299038105676659782e+00 2.137646684549244017e-02
2.750000000000000000e+00 -1.299038105676659782e+00 2.212658756573546159e-02
3.250000000000000000e+00 -4.330127018922222959e-01 2.298111832555696510e-02
4.250000000000000000e+00 -4.330127018922222959e-01 2.135973951035838661e-02
1.750000000000000000e+00 4.330127018922151905e-01 3.776295109345050027e-02
2.750000000000000000e+00 4.330127018922151905e-01 1.701965918849870918e-02
3.250000000000000000e+00 1.299038105676652677e+00 2.298110862513183528e-02
4.250000000000000000e+00 1.299038105676652677e+00 2.135962747558829006e-02
1.750000000000000000e+00 2.165063509461093716e+00 2.137677772946156712e-02
2.750000000000000000e+00 2.165063509461093716e+00 2.212679902645633273e-02
3.250000000000000000e+00 3.031088913245531202e+00 1.980463349014506200e-02
4.250000000000000000e+00 3.031088913245531202e+00 2.126129298821042776e-02
1.750000000000000000e+00 3.897114317029972241e+00 2.051957413071747380e-02
2.750000000000000000e+00 3.897114317029972241e+00 2.135966539290891364e-02
3.250000000000000000e+00 4.763139720814409728e+00 2.049551338193153494e-02
4.250000000000000000e+00 4.763139720814409728e+00 2.142444473619482120e-02
1.750000000000000000e+00 5.629165124598847214e+00 2.049177320209465830e-02
2.750000000000000000e+00 5.629165124598847214e+00 2.130012817018680019e-02
3.250000000000000000e+00 6.495190528383284700e+00 1.950014170654598006e-02
4.250000000000000000e+00 6.495190528383284700e+00 2.086068782488108286e-02
1.750000000000000000e+00 7.361215932167725740e+00 2.002380363469746100e-02
2.750000000000000000e+00 7.361215932167725740e+00 2.085398488551780394e-02
3.250000000000000000e+00 8.227241335952166779e+00 2.045390054058744689e-02
4.250000000000000000e+00 8.227241335952166779e+00 2.098647629980572235e-02
1.750000000000000000e+00 9.093266739736600712e+00 1.991121809625856498e-02
2.750000000000000000e+00 9.093266739736600712e+00 2.061593434230193922e-02
3.250000000000000000e+00 9.959292143521041751e+00 2.040249542701895458e-02
4.250000000000000000e+00 9.959292143521041751e+00 2.045089114826609267e-02
1.750000000000000000e+00 1.082531754730548279e+01 2.061406518929212450e-02
2.750000000000000000e+00 1.082531754730548279e+01 2.075931780886900932e-02
3.250000000000000000e+00 1.169134295108992383e+01 2.052623466380230563e-02
4.250000000000000000e+00 1.169134295108992383e+01 2.059623125712767636e-02
1.750000000000000000e+00 1.255736835487435776e+01 2.035854056233637327e-02
2.750000000000000000e+00 1.255736835487435776e+01 2.032756871851774949e-02
3.250000000000000000e+00 1.342339375865879880e+01 2.113234636584882323e-02
4.250000000000000000e+00 1.342339375865879880e+01 2.112958269994767019e-02
1.750000000000000000e+00 1.428941916244323274e+01 2.076596100228537967e-02
2.750000000000000000e+00 1.428941916244323274e+01 2.074504469751892524e-02
3.250000000000000000e+00 1.515544456622767377e+01 2.072060298390338007e-02
4.250000000000000000e+00 1.515544456622767377e+01 2.069344005477028250e-02
1.750000000000000000e+00 1.602146997001211304e+01 2.298604125147166166e-02
2.750000000000000000e+00 1.602146997001211304e+01 2.297090712191731179e-02
3.250000000000000000e+00 1.688749537379655408e+01 2.183175863917657250e-02
4.250000000000000000e+00 1.688749537379655408e+01 2.181923028947387044e-02
1.750000000000000000e+00 1.775352077758098801e+01 2.623978149299360796e-02
2.750000000000000000e+00 1.775352077758098801e+01 2.623038820514139724e-02
3.250000000000000000e+00 1.861954618136542905e+01 2.752901294896217127e-02
4.250000000000000000e+00 1.861954618136542905e+01 2.752494008902681491e-02
1.750000000000000000e+00 1.948557158514986298e+01 3.451886169715004393e-02
2.750000000000000000e+00 1.948557158514986298e+01 3.451490799982109142e-02
3.250000000000000000e+00 2.035159698893430402e+01 5.262680680777611503e-02
4.250000000000000000e+00 2.035159698893430402e+01 5.262534779352649739e-02
1.750000000000000000e+00 2.121762239271873796e+01 3.543856847200474447e-02
2.750000000000000000e+00 2.121762239271873796e+01 3.543727912761528154e-02
3.250000000000000000e+00 2.208364779650317899e+01 8.962742006135018813e-02
4.250000000000000000e+00 2.208364779650317899e+01 8.962689686611896578e-02
1.750000000000000000e+00 2.294967320028762003e+01 1.160541272099942373e-01
2.750000000000000000e+00 2.294967320028762003e+01 1.160537846810162504e-01
3.250000000000000000e+00 2.381569860407206107e+01 3.169204588366261732e-02
4.250000000000000000e+00 2.381569860407206107e+01 3.169186605934000422e-02
1.750000000000000000e+00 2.468172400785649501e+01 1.759234192374490857e-01
2.750000000000000000e+00 2.468172400785649501e+01 1.759233554894810703e-01
3.250000000000000000e+00 2.554774941164093605e+01 1.853867492611027123e-01
4.250000000000000000e+00 2.554774941164093605e+01 1.853866556082929551e-01
4.750000000000000000e+00 -2.554774941164094315e+01 1.853867754518352950e-01
5.750000000000000000e+00 -2.554774941164094315e+01 1.853867432748258215e-01
6.250000000000000000e+00 -2.468172400785650566e+01 1.759234292438253966e-01
7.250000000000000000e+00 -2.468172400785650566e+01 1.759234221022413780e-01
4.750000000000000000e+00 -2.381569860407206463e+01 3.169208364072277628e-02
5.750000000000000000e+00 -2.381569860407206463e+01 3.169201926919665291e-02
6.250000000000000000e+00 -2.294967320028762714e+01 1.160542404072977818e-01
7.250000000000000000e+00 -2.294967320028762714e+01 1.160541668660104581e-01
4.750000000000000000e+00 -2.208364779650318965e+01 8.962738227333175156e-02
5.750000000000000000e+00 -2.208364779650318965e+01 8.962720423672768111e-02
6.250000000000000000e+00 -2.121762239271875217e+01 3.543910628073326796e-02
7.250000000000000000e+00 -2.121762239271875217e+01 3.543877926016612834e-02
4.750000000000000000e+00 -2.035159698893431113e+01 5.262665760854924601e-02
5.750000000000000000e+00 -2.035159698893431113e+01 5.262601488016908913e-02
6.250000000000000000e+00 -1.948557158514987364e+01 3.451974679248195899e-02
7.250000000000000000e+00 -1.948557158514987364e+01 3.451886229735490197e-02
4.750000000000000000e+00 -1.861954618136543615e+01 2.753104509003935843e-02
5.750000000000000000e+00 -1.861954618136543615e+01 2.752859996804249768e-02
6.250000000000000000e+00 -1.775352077758099512e+01 2.623866170472538561e-02
7.250000000000000000e+00 -1.775352077758099512e+01 2.623688572900823024e-02
4.750000000000000000e+00 -1.688749537379655763e+01 2.184063587663192738e-02
5.750000000000000000e+00 -1.688749537379655763e+01 2.183443114635363197e-02
6.250000000000000000e+00 -1.602146997001212014e+01 2.299409044099116201e-02
7.250000000000000000e+00 -1.602146997001212014e+01 2.298813275042300985e-02
4.750000000000000000e+00 -1.515544456622767733e+01 2.071724347428902102e-02
5.750000000000000000e+00 -1.515544456622767733e+01 2.071001815345427377e-02
6.250000000000000000e+00 -1.428941916244323806e+01 2.083384685684314119e-02
7.250000000000000000e+00 -1.428941916244323806e+01 2.081534399046515438e-02
4.750000000000000000e+00 -1.342339375865880058e+01 2.111968951467154201e-02
5.750000000000000000e+00 -1.342339375865880058e+01 2.110513059260965898e-02
6.250000000000000000e+00 -1.255736835487436132e+01 2.040321645328910249e-02
7.250000000000000000e+00 -1.255736835487436132e+01 2.039620124620887542e-02
4.750000000000000000e+00 -1.169134295108992383e+01 2.071025406111962064e-02
5.750000000000000000e+00 -1.169134295108992383e+01 2.065749254663346718e-02
6.250000000000000000e+00 -1.082531754730548457e+01 2.056037789591655396e-02
7.250000000000000000e+00 -1.082531754730548457e+01 2.058283594286851315e-02
4.750000000000000000e+00 -9.959292143521047080e+00 2.050096558489446913e-02
5.750000000000000000e+00 -9.959292143521047080e+00 2.057509633811042266e-02
6.250000000000000000e+00 -9.093266739736607818e+00 2.058427130610412936e-02
7.250000000000000000e+00 -9.093266739736607818e+00 2.049736965150776233e-02
4.750000000000000000e+00 -8.227241335952170331e+00 2.015296202884077348e-02
5.750000000000000000e+00 -8.227241335952170331e+00 2.048705343325284839e-02
6.250000000000000000e+00 -7.361215932167732845e+00 2.044159120373084670e-02
7.250000000000000000e+00 -7.361215932167732845e+00 2.069062701563588805e-02
4.750000000000000000e+00 -6.495190528383291806e+00 2.046347337283451265e-02
5.750000000000000000e+00 -6.495190528383291806e+00 2.057886605517715226e-02
6.250000000000000000e+00 -5.629165124598854320e+00 1.986465267107201393e-02
7.250000000000000000e+00 -5.629165124598854320e+00 2.052731628269655051e-02
4.750000000000000000e+00 -4.763139720814413280e+00 2.002567500311198956e-02
5.750000000000000000e+00 -4.763139720814413280e+00 2.126598898748350425e-02
6.250000000000000000e+00 -3.897114317029975794e+00 2.059878941268797337e-02
7.250000000000000000e+00 -3.897114317029975794e+00 2.062009683164846979e-02
4.750000000000000000e+00 -3.031088913245538308e+00 1.943450217348130504e-02
5.750000000000000000e+00 -3.031088913245538308e+00 2.091816550104536390e-02
6.250000000000000000e+00 -2.165063509461100821e+00 1.919836579547527788e-02
7.250000000000000000e+00 -2.165063509461100821e+00 2.126474683645931951e-02
4.750000000000000000e+00 -1.299038105676659782e+00 2.057470035697284150e-02
5.750000000000000000e+00 -1.299038105676659782e+00 2.142298042103461114e-02
6.250000000000000000e+00 -4.330127018922222959e-01 2.001869918256345138e-02
7.250000000000000000e+00 -4.330127018922222959e-01 2.085449849138929640e-02
4.750000000000000000e+00 4.330127018922151905e-01 1.996787630019535020e-02
5.750000000000000000e+00 4.330127018922151905e-01 2.130247536372215089e-02
6.250000000000000000e+00 1.299038105676652677e+00 2.001847412411988936e-02
7.250000000000000000e+00 1.299038105676652677e+00 2.085440611668263819e-02
4.750000000000000000e+00 2.165063509461093716e+00 2.057494759246833449e-02
5.750000000000000000e+00 2.165063509461093716e+00 2.142324520630771445e-02
6.250000000000000000e+00 3.031088913245531202e+00 1.919793153297891242e-02
7.250000000000000000e+00 3.031088913245531202e+00 2.126447792918198867e-02
4.750000000000000000e+00 3.897114317029972241e+00 1.943463731962052563e-02
5.750000000000000000e+00 3.897114317029972241e+00 2.091830971634014297e-02
6.250000000000000000e+00 4.763139720814409728e+00 2.060023491700675377e-02
7.250000000000000000e+00 4.763139720814409728e+00 2.062153664111054593e-02
4.750000000000000000e+00 5.629165124598847214e+00 2.002177892620230978e-02
5.750000000000000000e+00 5.629165124598847214e+00 2.126227320675758148e-02
6.250000000000000000e+00 6.495190528383284700e+00 1.987324132973602997e-02
7.250000000000000000e+00 6.495190528383284700e+00 2.053609827414135808e-02
4.750000000000000000e+00 7.361215932167725740e+00 2.045700926215136134e-02
5.750000000000000000e+00 7.361215932167725740e+00 2.057210815308108814e-02
6.250000000000000000e+00 8.227241335952166779e+00 2.043833526722277361e-02
7.250000000000000000e+00 8.227241335952166779e+00 2.068762603842040637e-02
4.750000000000000000e+00 9.093266739736600712e+00 2.020075992015189087e-02
5.750000000000000000e+00 9.093266739736600712e+00 2.053431269427199307e-02
6.250000000000000000e+00 9.959292143521041751e+00 2.050115708108068979e-02
7.250000000000000000e+00 9.959292143521041751e+00 2.041391912859050195e-02
4.750000000000000000e+00 1.082531754730548279e+01 2.060889013526813474e-02
5.750000000000000000e+00 1.082531754730548279e+01 2.068325628776196759e-02
6.250000000000000000e+00 1.169134295108992383e+01 2.063523719174940180e-02
7.250000000000000000e+00 1.169134295108992383e+01 2.065762953285761594e-02
4.750000000000000000e+00 1.255736835487435776e+01 2.039156528190252601e-02
5.750000000000000000e+00 1.255736835487435776e+01 2.033864939532240013e-02
6.250000000000000000e+00 1.342339375865879880e+01 2.114574612569852796e-02
7.250000000000000000e+00 1.342339375865879880e+01 2.113906086856234823e-02
4.750000000000000000e+00 1.428941916244323274e+01 2.079919417810323010e-02
5.750000000000000000e+00 1.428941916244323274e+01 2.078411518552773091e-02
6.250000000000000000e+00 1.515544456622767377e+01 2.072160531464894984e-02
7.250000000000000000e+00 1.515544456622767377e+01 2.070297217128551359e-02
4.750000000000000000e+00 1.602146997001211304e+01 2.299218891251412350e-02
5.750000000000000000e+00 1.602146997001211304e+01 2.298513788639514402e-02
6.250000000000000000e+00 1.688749537379655408e+01 2.183606899817557012e-02
7.250000000000000000e+00 1.688749537379655408e+01 2.182999553497502743e-02
4.750000000000000000e+00 1.775352077758098801e+01 2.623974232828656106e-02
5.750000000000000000e+00 1.775352077758098801e+01 2.623367686010526223e-02
6.250000000000000000e+00 1.861954618136542905e+01 2.753063470205285856e-02
7.250000000000000000e+00 1.861954618136542905e+01 2.752897753870509404e-02
4.750000000000000000e+00 1.948557158514986298e+01 3.451909639177322409e-02
5.750000000000000000e+00 1.948557158514986298e+01 3.451653749297361323e-02
6.250000000000000000e+00 2.035159698893430402e+01 5.262696040166829625e-02
7.250000000000000000e+00 2.035159698893430402e+01 5.262615335489133350e-02
4.750000000000000000e+00 2.121762239271873796e+01 3.543879481781216784e-02
5.750000000000000000e+00 2.121762239271873796e+01 3.543809815497289684e-02
6.250000000000000000e+00 2.208364779650317899e+01 8.962740369684575603e-02
7.250000000000000000e+00 2.208364779650317899e+01 8.962708614550091157e-02
4.750000000000000000e+00 2.294967320028762003e+01 1.160542137873719626e-01
5.750000000000000000e+00 2.294967320028762003e+01 1.160540469414234888e-01
6.250000000000000000e+00 2.381569860407206107e+01 3.169206017199566183e-02
7.250000000000000000e+00 2.381569860407206107e+01 3.169196429667596460e-02
4.750000000000000000e+00 2.468172400785649501e+01 1.759234349754031645e-01
5.750000000000000000e+00 2.468172400785649501e+01 1.759234058466291606e-01
6.250000000000000000e+00 2.554774941164093605e+01 1.853867675245866320e-01
7.250000000000000000e+00 2.554774941164093605e+01 1.853867301906910459e-01
