-7.250000000000000000e+00 -2.554774941164094315e+01 1.308550605120520627e-01
-6.250000000000000000e+00 -2.554774941164094315e+01 1.308549771003492401e-01
-5.750000000000000000e+00 -2.468172400785650566e+01 1.312362462037101607e-01
-4.750000000000000000e+00 -2.468172400785650566e+01 1.312361365319185680e-01
-7.250000000000000000e+00 -2.381569860407206463e+01 6.596669535255726691e-02
-6.250000000000000000e+00 -2.381569860407206463e+01 6.596655456168186438e-02
-5.750000000000000000e+00 -2.294967320028762714e+01 1.969900987248898450e-01
-4.750000000000000000e+00 -2.294967320028762714e+01 1.969896139056332429e-01
-7.250000000000000000e+00 -2.208364779650318965e+01 1.972712489925771973e-01
-6.250000000000000000e+00 -2.208364779650318965e+01 1.972705594659050210e-01
-5.750000000000000000e+00 -2.121762239271875217e+01 1.576156746609610748e-01
-4.750000000000000000e+00 -2.121762239271875217e+01 1.576140938009974179e-01
-7.250000000000000000e+00 -2.035159698893431113e+01 2.293282626648190936e-01
-6.250000000000000000e+00 -2.035159698893431113e+01 2.293255653576324049e-01
-5.750000000000000000e+00 -1.948557158514987364e+01 2.113274988954015332e-01
-4.750000000000000000e+00 -1.948557158514987364e+01 2.113212896005287333e-01
-7.250000000000000000e+00 -1.861954618136543615e+01 1.744139061715593020e-01
-6.250000000000000000e+00 -1.861954618136543615e+01 1.744043515667747513e-01
-5.750000000000000000e+00 -1.775352077758099512e+01 1.849716048763687670e-01
-4.750000000000000000e+00 -1.775352077758099512e+01 1.849473711348577909e-01
-7.250000000000000000e+00 -1.688749537379655763e+01 1.599508741592123306e-01
-6.250000000000000000e+00 -1.688749537379655763e+01 1.599165210935480086e-01
-5.750000000000000000e+00 -1.602146997001212014e+01 1.374168178542115037e-01
-4.750000000000000000e+00 -1.602146997001212014e+01 1.373300573967027871e-01
-7.250000000000000000e+00 -1.515544456622767733e+01 1.315724859739307584e-01
-6.250000000000000000e+00 -1.515544456622767733e+01 1.314581054750458833e-01
-5.750000000000000000e+00 -1.428941916244323806e+01 1.189994546700524625e-01
-4.750000000000000000e+00 -1.428941916244323806e+01 1.187140121184972891e-01
-7.250000000000000000e+00 -1.342339375865880058e+01 1.120639088740122413e-01
-6.250000000000000000e+00 -1.342339375865880058e+01 1.117137803402966645e-01
-5.750000000000000000e+00 -1.255736835487436132e+01 1.090666693825704109e-01
-4.750000000000000000e+00 -1.255736835487436132e+01 1.082256883738905995e-01
-7.250000000000000000e+00 -1.169134295108992383e+01 1.059532722668925231e-01
-6.250000000000000000e+00 -1.169134295108992383e+01 1.049673457426109763e-01
-5.750000000000000000e+00 -1.082531754730548457e+01 1.047919246766027546e-01
-4.750000000000000000e+00 -1.082531754730548457e+01 1.025553906299744439e-01
-7.250000000000000000e+00 -9.959292143521047080e+00 1.041091064188670035e-01
-6.250000000000000000e+00 -9.959292143521047080e+00 1.016667446798366903e-01
-5.750000000000000000e+00 -9.093266739736607818e+00 1.038220187061775213e-01
-4.750000000000000000e+00 -9.093266739736607818e+00 9.841429278866918595e-02
-7.250000000000000000e+00 -8.227241335952170331e+00 1.035096227346704589e-01
-6.250000000000000000e+00 -8.227241335952170331e+00 9.828064627091334660e-02
-5.750000000000000000e+00 -7.361215932167732845e+00 1.036313566571746558e-01
-4.750000000000000000e+00 -7.361215932167732845e+00 9.236930015282297790e-02
-7.250000000000000000e+00 -6.495190528383291806e+00 1.035386273919514655e-01
-6.250000000000000000e+00 -6.495190528383291806e+00 9.336723611460004402e-02
-5.750000000000000000e+00 -5.629165124598854320e+00 1.033622993832010450e-01
-4.750000000000000000e+00 -5.629165124598854320e+00 8.364717831803496206e-02
-7.250000000000000000e+00 -4.763139720814413280e+00 1.037460802680129079e-01
-6.250000000000000000e+00 -4.763139720814413280e+00 8.616061162830120079e-02
-5.750000000000000000e+00 -3.897114317029975794e+00 1.041175425922499093e-01
-4.750000000000000000e+00 -3.897114317029975794e+00 7.251003304563294338e-02
-7.250000000000000000e+00 -3.031088913245538308e+00 1.034219303600967255e-01
-6.250000000000000000e+00 -3.031088913245538308e+00 7.859493454568169946e-02
-5.750000000000000000e+00 -2.165063509461100821e+00 1.050130674904502931e-01
-4.750000000000000000e+00 -2.165063509461100821e+00 5.987059175432683789e-02
-7.250000000000000000e+00 -1.299038105676659782e+00 1.036051997130970348e-01
-6.250000000000000000e+00 -1.299038105676659782e+00 7.250793514465041223e-02
-5.750000000000000000e+00 -4.330127018922222959e-01 1.037402739908719618e-01
-4.750000000000000000e+00 -4.330127018922222959e-01 5.372876829396599357e-02
-7.250000000000000000e+00 4.330127018922151905e-01 1.041922776837012066e-01
-6.250000000000000000e+00 4.330127018922151905e-01 6.877954015954673705e-02
-5.750000000000000000e+00 1.299038105676652677e+00 1.037403768928414904e-01
-4.750000000000000000e+00 1.299038105676652677e+00 5.372890972602548804e-02
-7.250000000000000000e+00 2.165063509461093716e+00 1.036053920735515721e-01
-6.250000000000000000e+00 2.165063509461093716e+00 7.250810799813742213e-02
-5.750000000000000000e+00 3.031088913245531202e+00 1.050136489013784313e-01
-4.750000000000000000e+00 3.031088913245531202e+00 5.987119677462092449e-02
-7.250000000000000000e+00 3.897114317029972241e+00 1.034232898582642113e-01
-6.250000000000000000e+00 3.897114317029972241e+00 7.859652597265315288e-02
-5.750000000000000000e+00 4.763139720814409728e+00 1.041199065194817752e-01
-4.750000000000000000e+00 4.763139720814409728e+00 7.251237906589921844e-02
-7.250000000000000000e+00 5.629165124598847214e+00 1.037545207931538926e-01
-6.250000000000000000e+00 5.629165124598847214e+00 8.616940222129634841e-02
-5.750000000000000000e+00 6.495190528383284700e+00 1.033769672540519047e-01
-4.750000000000000000e+00 6.495190528383284700e+00 8.366162864037990365e-02
-7.250000000000000000e+00 7.361215932167725740e+00 1.035745314936580286e-01
-6.250000000000000000e+00 7.361215932167725740e+00 9.340304076123966126e-02
-5.750000000000000000e+00 8.227241335952166779e+00 1.037288347721034565e-01
-4.750000000000000000e+00 8.227241335952166779e+00 9.246525747922337835e-02
-7.250000000000000000e+00 9.093266739736600712e+00 1.036441482354593657e-01
-6.250000000000000000e+00 9.093266739736600712e+00 9.841482214061296474e-02
-5.750000000000000000e+00 9.959292143521041751e+00 1.042585884257999362e-01
-4.750000000000000000e+00 9.959292143521041751e+00 9.884812541265738939e-02
-7.250000000000000000e+00 1.082531754730548279e+01 1.047920848272443362e-01
-6.250000000000000000e+00 1.082531754730548279e+01 1.023486953769259244e-01
-5.750000000000000000e+00 1.169134295108992383e+01 1.059612771386106433e-01
-4.750000000000000000e+00 1.169134295108992383e+01 1.037228297087088302e-01
-7.250000000000000000e+00 1.255736835487435776e+01 1.090886293678567792e-01
-6.250000000000000000e+00 1.255736835487435776e+01 1.080999916885130863e-01
-5.750000000000000000e+00 1.342339375865879880e+01 1.120607144249262666e-01
-4.750000000000000000e+00 1.342339375865879880e+01 1.112178050370417753e-01
-7.250000000000000000e+00 1.428941916244323274e+01 1.190008678078591231e-01
-6.250000000000000000e+00 1.428941916244323274e+01 1.186483331904897021e-01
-5.750000000000000000e+00 1.515544456622767377e+01 1.315751435475721598e-01
-4.750000000000000000e+00 1.515544456622767377e+01 1.312871725021678149e-01
-7.250000000000000000e+00 1.602146997001211304e+01 1.374157505977345872e-01
-6.250000000000000000e+00 1.602146997001211304e+01 1.372999426196578610e-01
-5.750000000000000000e+00 1.688749537379655408e+01 1.599517490982683976e-01
-4.750000000000000000e+00 1.688749537379655408e+01 1.598639696706606050e-01
-7.250000000000000000e+00 1.775352077758098801e+01 1.849717136019384256e-01
-6.250000000000000000e+00 1.775352077758098801e+01 1.849356630538156743e-01
-5.750000000000000000e+00 1.861954618136542905e+01 1.744138366222638403e-01
-4.750000000000000000e+00 1.861954618136542905e+01 1.743890713927296054e-01
-7.250000000000000000e+00 1.948557158514986298e+01 2.113275855675128545e-01
-6.250000000000000000e+00 1.948557158514986298e+01 2.113172286876120742e-01
-5.750000000000000000e+00 2.035159698893430402e+01 2.293282026695078468e-01
-4.750000000000000000e+00 2.035159698893430402e+01 2.293211649079160419e-01
-7.250000000000000000e+00 2.121762239271873796e+01 1.576156188965123217e-01
-6.250000000000000000e+00 2.121762239271873796e+01 1.576128753132778892e-01
-5.750000000000000000e+00 2.208364779650317899e+01 1.972712081641886384e-01
-4.750000000000000000e+00 2.208364779650317899e+01 1.972694465142755538e-01
-7.250000000000000000e+00 2.294967320028762003e+01 1.969900701915395513e-01
-6.250000000000000000e+00 2.294967320028762003e+01 1.969891644080826731e-01
-5.750000000000000000e+00 2.381569860407206107e+01 6.596668572564533262e-02
-4.750000000000000000e+00 2.381569860407206107e+01 6.596629895363785578e-02
-7.250000000000000000e+00 2.468172400785649501e+01 1.312362397847831041e-01
-6.250000000000000000e+00 2.468172400785649501e+01 1.312359989593841758e-01
-5.750000000000000000e+00 2.554774941164093605e+01 1.308550616955597712e-01
-4.750000000000000000e+00 2.554774941164093605e+01 1.308548161588675707e-01
-4.250000000000000000e+00 -2.554774941164094315e+01 1.308550580546679054e-01
-3.250000000000000000e+00 -2.554774941164094315e+01 1.308549531438193136e-01
-2.750000000000000000e+00 -2.468172400785650566e+01 1.312362416032979706e-01
-1.750000000000000000e+00 -2.468172400785650566e+01 1.312361792907441038e-01
-4.250000000000000000e+00 -2.381569860407206463e+01 6.596669320062147068e-02
-3.250000000000000000e+00 -2.381569860407206463e+01 6.596651720145356446e-02
-2.750000000000000000e+00 -2.294967320028762714e+01 1.969900865600224260e-01
-1.750000000000000000e+00 -2.294967320028762714e+01 1.969896885141869669e-01
-4.250000000000000000e+00 -2.208364779650318965e+01 1.972712433443506996e-01
-3.250000000000000000e+00 -2.208364779650318965e+01 1.972704868534121414e-01
-2.750000000000000000e+00 -2.121762239271875217e+01 1.576156693517344054e-01
-1.750000000000000000e+00 -2.121762239271875217e+01 1.576139566968785544e-01
-4.250000000000000000e+00 -2.035159698893431113e+01 2.293283006170006577e-01
-3.250000000000000000e+00 -2.035159698893431113e+01 2.293246943044909558e-01
-2.750000000000000000e+00 -1.948557158514987364e+01 2.113274883083026690e-01
-1.750000000000000000e+00 -1.948557158514987364e+01 2.113199425710690083e-01
-4.250000000000000000e+00 -1.861954618136543615e+01 1.744139984366913088e-01
-3.250000000000000000e+00 -1.861954618136543615e+01 1.743992700079181057e-01
-2.750000000000000000e+00 -1.775352077758099512e+01 1.849717608846134786e-01
-1.750000000000000000e+00 -1.775352077758099512e+01 1.849392396098766267e-01
-4.250000000000000000e+00 -1.688749537379655763e+01 1.599507630330841423e-01
-3.250000000000000000e+00 -1.688749537379655763e+01 1.598943541018207626e-01
-2.750000000000000000e+00 -1.602146997001212014e+01 1.374171638325521472e-01
-1.750000000000000000e+00 -1.602146997001212014e+01 1.372935603146436812e-01
-4.250000000000000000e+00 -1.515544456622767733e+01 1.315735205031441923e-01
-3.250000000000000000e+00 -1.515544456622767733e+01 1.313742548823889911e-01
-2.750000000000000000e+00 -1.428941916244323806e+01 1.189980420681265583e-01
-1.750000000000000000e+00 -1.428941916244323806e+01 1.185813826664075532e-01
-4.250000000000000000e+00 -1.342339375865880058e+01 1.120710438142587251e-01
-3.250000000000000000e+00 -1.342339375865880058e+01 1.114346918761433824e-01
-2.750000000000000000e+00 -1.255736835487436132e+01 1.090710315522120943e-01
-1.750000000000000000e+00 -1.255736835487436132e+01 1.078115532247359287e-01
-4.250000000000000000e+00 -1.169134295108992383e+01 1.059550566613511324e-01
-3.250000000000000000e+00 -1.169134295108992383e+01 1.041377727194742198e-01
-2.750000000000000000e+00 -1.082531754730548457e+01 1.048350126547170635e-01
-1.750000000000000000e+00 -1.082531754730548457e+01 1.014103484704063640e-01
-4.250000000000000000e+00 -9.959292143521047080e+00 1.040798563298649115e-01
-3.250000000000000000e+00 -9.959292143521047080e+00 9.952346093649025449e-02
-2.750000000000000000e+00 -9.093266739736607818e+00 1.038059944095856696e-01
-1.750000000000000000e+00 -9.093266739736607818e+00 9.555634705957410935e-02
-4.250000000000000000e+00 -8.227241335952170331e+00 1.037285936590821578e-01
-3.250000000000000000e+00 -8.227241335952170331e+00 9.349911512060971042e-02
-2.750000000000000000e+00 -7.361215932167732845e+00 1.034126286889047314e-01
-1.750000000000000000e+00 -7.361215932167732845e+00 8.621955745670410731e-02
-4.250000000000000000e+00 -6.495190528383291806e+00 1.046045996102883124e-01
-3.250000000000000000e+00 -6.495190528383291806e+00 8.366145765682374280e-02
-2.750000000000000000e+00 -5.629165124598854320e+00 1.048165525223407335e-01
-1.750000000000000000e+00 -5.629165124598854320e+00 7.252050927275295600e-02
-4.250000000000000000e+00 -4.763139720814413280e+00 1.048078589292293639e-01
-3.250000000000000000e+00 -4.763139720814413280e+00 6.878355406170784392e-02
-2.750000000000000000e+00 -3.897114317029975794e+00 1.107149126366663849e-01
-1.750000000000000000e+00 -3.897114317029975794e+00 5.373058860529254105e-02
-4.250000000000000000e+00 -3.031088913245538308e+00 1.033802126983199565e-01
-3.250000000000000000e+00 -3.031088913245538308e+00 5.372932641445738594e-02
-2.750000000000000000e+00 -2.165063509461100821e+00 1.127363149652751695e-01
-1.750000000000000000e+00 -2.165063509461100821e+00 3.114361587449310242e-02
-4.250000000000000000e+00 -1.299038105676659782e+00 1.055305853107820907e-01
-3.250000000000000000e+00 -1.299038105676659782e+00 4.109484852706258434e-02
-2.750000000000000000e+00 -4.330127018922222959e-01 1.052118623909221312e-01
-1.750000000000000000e+00 -4.330127018922222959e-01 2.212149733973450827e-02
-4.250000000000000000e+00 4.330127018922151905e-01 1.086118908563803026e-01
-3.250000000000000000e+00 4.330127018922151905e-01 3.114360854095526987e-02
-2.750000000000000000e+00 1.299038105676652677e+00 1.052119535976033804e-01
-1.750000000000000000e+00 1.299038105676652677e+00 2.212150550513760847e-02
-4.250000000000000000e+00 2.165063509461093716e+00 1.055306739256419712e-01
-3.250000000000000000e+00 2.165063509461093716e+00 4.109506082327697013e-02
-2.750000000000000000e+00 3.031088913245531202e+00 1.127366176753202276e-01
-1.750000000000000000e+00 3.031088913245531202e+00 3.114386253954521191e-02
-4.250000000000000000e+00 3.897114317029972241e+00 1.033816250693525007e-01
-3.250000000000000000e+00 3.897114317029972241e+00 5.373057186975092880e-02
-2.750000000000000000e+00 4.763139720814409728e+00 1.107165945965692677e-01
-1.750000000000000000e+00 4.763139720814409728e+00 5.373253208236417056e-02
-4.250000000000000000e+00 5.629165124598847214e+00 1.048165590681139764e-01
-3.250000000000000000e+00 5.629165124598847214e+00 6.879134344443951776e-02
-2.750000000000000000e+00 6.495190528383284700e+00 1.048307680700387989e-01
-1.750000000000000000e+00 6.495190528383284700e+00 7.253488796977151931e-02
-4.250000000000000000e+00 7.361215932167725740e+00 1.046402259089749681e-01
-3.250000000000000000e+00 7.361215932167725740e+00 8.369620494598176141e-02
-2.750000000000000000e+00 8.227241335952166779e+00 1.035096788740461904e-01
-1.750000000000000000e+00 8.227241335952166779e+00 8.631674460814818539e-02
-4.250000000000000000e+00 9.093266739736600712e+00 1.038625276994973590e-01
-3.250000000000000000e+00 9.093266739736600712e+00 9.363271037548484554e-02
-2.750000000000000000e+00 9.959292143521041751e+00 1.042411034919246138e-01
-1.750000000000000000e+00 9.959292143521041751e+00 9.599341793259906497e-02
-4.250000000000000000e+00 1.082531754730548279e+01 1.047629452739092248e-01
-3.250000000000000000e+00 1.082531754730548279e+01 1.002054769309096149e-01
-2.750000000000000000e+00 1.169134295108992383e+01 1.060032119935421790e-01
-1.750000000000000000e+00 1.169134295108992383e+01 1.025816279801058245e-01
-4.250000000000000000e+00 1.255736835487435776e+01 1.090900217028931418e-01
-3.250000000000000000e+00 1.255736835487435776e+01 1.072721177917284607e-01
-2.750000000000000000e+00 1.342339375865879880e+01 1.120649219538103758e-01
-1.750000000000000000e+00 1.342339375865879880e+01 1.108074372557223269e-01
-4.250000000000000000e+00 1.428941916244323274e+01 1.190069337233694569e-01
-3.250000000000000000e+00 1.428941916244323274e+01 1.183716333893702066e-01
-2.750000000000000000e+00 1.515544456622767377e+01 1.315730646233289058e-01
-1.750000000000000000e+00 1.515544456622767377e+01 1.311588425408662384e-01
-4.250000000000000000e+00 1.602146997001211304e+01 1.374164274521881834e-01
-3.250000000000000000e+00 1.602146997001211304e+01 1.372172326598151137e-01
-2.750000000000000000e+00 1.688749537379655408e+01 1.599516209141442769e-01
-1.750000000000000000e+00 1.688749537379655408e+01 1.598304121506569919e-01
-4.250000000000000000e+00 1.775352077758098801e+01 1.849713707876026458e-01
-3.250000000000000000e+00 1.775352077758098801e+01 1.849143518479809400e-01
-2.750000000000000000e+00 1.861954618136542905e+01 1.744141733686230544e-01
-1.750000000000000000e+00 1.861954618136542905e+01 1.743820104602382404e-01
-4.250000000000000000e+00 1.948557158514986298e+01 2.113274170207495029e-01
-3.250000000000000000e+00 1.948557158514986298e+01 2.113128156568229443e-01
-2.750000000000000000e+00 2.035159698893430402e+01 2.293282920004008074e-01
-1.750000000000000000e+00 2.035159698893430402e+01 2.293205598763738973e-01
-4.250000000000000000e+00 2.121762239271873796e+01 1.576156571162682374e-01
-3.250000000000000000e+00 2.121762239271873796e+01 1.576118828441381847e-01
-2.750000000000000000e+00 2.208364779650317899e+01 1.972712221169146685e-01
-1.750000000000000000e+00 2.208364779650317899e+01 1.972696617122215723e-01
-4.250000000000000000e+00 2.294967320028762003e+01 1.969901031955980930e-01
-3.250000000000000000e+00 2.294967320028762003e+01 1.969889256935434818e-01
-2.750000000000000000e+00 2.381569860407206107e+01 6.596669733819894577e-02
-1.750000000000000000e+00 2.381569860407206107e+01 6.596629331426523413e-02
-4.250000000000000000e+00 2.468172400785649501e+01 1.312362446354851941e-01
-3.250000000000000000e+00 2.468172400785649501e+01 1.312359840615838491e-01
-2.750000000000000000e+00 2.554774941164093605e+01 1.308550629451432912e-01
-1.750000000000000000e+00 2.554774941164093605e+01 1.308548072019774799e-01
-1.250000000000000000e+00 -2.554774941164094315e+01 1.308550588101410894e-01
-2.500000000000000000e-01 -2.554774941164094315e+01 1.308549963147062067e-01
2.500000000000000000e-01 -2.468172400785650566e+01 1.312362421349654307e-01
1.250000000000000000e+00 -2.468172400785650566e+01 1.312362395836161044e-01
-1.250000000000000000e+00 -2.381569860407206463e+01 6.596669481298061966e-02
-2.500000000000000000e-01 -2.381569860407206463e+01 6.596655878765422809e-02
2.500000000000000000e-01 -2.294967320028762714e+01 1.969900827183744263e-01
1.250000000000000000e+00 -2.294967320028762714e+01 1.969898573056408919e-01
-1.250000000000000000e+00 -2.208364779650318965e+01 1.972712266640641032e-01
-2.500000000000000000e-01 -2.208364779650318965e+01 1.972706352993063017e-01
2.500000000000000000e-01 -2.121762239271875217e+01 1.576156698256409028e-01
1.250000000000000000e+00 -2.121762239271875217e+01 1.576139941079308104e-01
-1.250000000000000000e+00 -2.035159698893431113e+01 2.293282330912094213e-01
-2.500000000000000000e-01 -2.035159698893431113e+01 2.293246910990527077e-01
2.500000000000000000e-01 -1.948557158514987364e+01 2.113274874343169241e-01
1.250000000000000000e+00 -1.948557158514987364e+01 2.113194510960481887e-01
-1.250000000000000000e+00 -1.861954618136543615e+01 1.744139396020084054e-01
-2.500000000000000000e-01 -1.861954618136543615e+01 1.743970199066724458e-01
2.500000000000000000e-01 -1.775352077758099512e+01 1.849715918458559871e-01
1.250000000000000000e+00 -1.775352077758099512e+01 1.849381197790973541e-01
-1.250000000000000000e+00 -1.688749537379655763e+01 1.599507532877794680e-01
-2.500000000000000000e-01 -1.688749537379655763e+01 1.598832765307186266e-01
2.500000000000000000e-01 -1.602146997001212014e+01 1.374166285191484316e-01
1.250000000000000000e+00 -1.602146997001212014e+01 1.372915215496771646e-01
-1.250000000000000000e+00 -1.515544456622767733e+01 1.315743649736635934e-01
-2.500000000000000000e-01 -1.515544456622767733e+01 1.313330697297858118e-01
2.500000000000000000e-01 -1.428941916244323806e+01 1.189973864443377161e-01
1.250000000000000000e+00 -1.428941916244323806e+01 1.185782694918606911e-01
-1.250000000000000000e+00 -1.342339375865880058e+01 1.120719673696212310e-01
-2.500000000000000000e-01 -1.342339375865880058e+01 1.112964822405341225e-01
2.500000000000000000e-01 -1.255736835487436132e+01 1.090746407301427245e-01
1.250000000000000000e+00 -1.255736835487436132e+01 1.078084450043734904e-01
-1.250000000000000000e+00 -1.169134295108992383e+01 1.059426749451748972e-01
-2.500000000000000000e-01 -1.169134295108992383e+01 1.037230401246724276e-01
2.500000000000000000e-01 -1.082531754730548457e+01 1.048294590028104184e-01
1.250000000000000000e+00 -1.082531754730548457e+01 1.014081066628147593e-01
-1.250000000000000000e+00 -9.959292143521047080e+00 1.040964861574416034e-01
-2.500000000000000000e-01 -9.959292143521047080e+00 9.844619116747709009e-02
2.500000000000000000e-01 -9.093266739736607818e+00 1.037158151333820721e-01
1.250000000000000000e+00 -9.093266739736607818e+00 9.555504244858271934e-02
-1.250000000000000000e+00 -8.227241335952170331e+00 1.039019975972164667e-01
-2.500000000000000000e-01 -8.227241335952170331e+00 9.105863957108584206e-02
2.500000000000000000e-01 -7.361215932167732845e+00 1.034842171967556290e-01
1.250000000000000000e+00 -7.361215932167732845e+00 8.621930361440344193e-02
-1.250000000000000000e+00 -6.495190528383291806e+00 1.041430740008185696e-01
-2.500000000000000000e-01 -6.495190528383291806e+00 7.862224917405011282e-02
2.500000000000000000e-01 -5.629165124598854320e+00 1.050255260856774453e-01
1.250000000000000000e+00 -5.629165124598854320e+00 7.252097918470352955e-02
-1.250000000000000000e+00 -4.763139720814413280e+00 1.033838338206654328e-01
-2.500000000000000000e-01 -4.763139720814413280e+00 5.987490748358750836e-02
2.500000000000000000e-01 -3.897114317029975794e+00 1.055326043768144428e-01
1.250000000000000000e+00 -3.897114317029975794e+00 5.373110275225571886e-02
-1.250000000000000000e+00 -3.031088913245538308e+00 1.127367652252257019e-01
-2.500000000000000000e-01 -3.031088913245538308e+00 4.109547636315701025e-02
2.500000000000000000e-01 -2.165063509461100821e+00 1.052120833251163901e-01
1.250000000000000000e+00 -2.165063509461100821e+00 3.114383652055072171e-02
-1.250000000000000000e+00 -1.299038105676659782e+00 1.461785213126999827e-01
-2.500000000000000000e-01 -1.299038105676659782e+00 2.212150562060074058e-02
2.500000000000000000e-01 -4.330127018922222959e-01 1.692917729479304634e-01
1.250000000000000000e+00 -4.330127018922222959e-01 2.212149733973493501e-02
-1.250000000000000000e+00 4.330127018922151905e-01 1.692919071350914295e-01
-2.500000000000000000e-01 4.330127018922151905e-01 6.134273101291860676e-07
2.500000000000000000e-01 1.299038105676652677e+00 1.692922349122663594e-01
1.250000000000000000e+00 1.299038105676652677e+00 2.212161938783375678e-02
-1.250000000000000000e+00 2.165063509461093716e+00 1.461786415113571769e-01
-2.500000000000000000e-01 2.165063509461093716e+00 2.212159614131431820e-02
2.500000000000000000e-01 3.031088913245531202e+00 1.052126103883532365e-01
1.250000000000000000e+00 3.031088913245531202e+00 3.114450467947411580e-02
-1.250000000000000000e+00 3.897114317029972241e+00 1.127383210995647200e-01
-2.500000000000000000e-01 3.897114317029972241e+00 4.109683673780406554e-02
2.500000000000000000e-01 4.763139720814409728e+00 1.055348715303267570e-01
1.250000000000000000e+00 4.763139720814409728e+00 5.373378326786476533e-02
-1.250000000000000000e+00 5.629165124598847214e+00 1.033922913557330792e-01
-2.500000000000000000e-01 5.629165124598847214e+00 5.988372937661123191e-02
2.500000000000000000e-01 6.495190528383284700e+00 1.050405797353274884e-01
1.250000000000000000e+00 6.495190528383284700e+00 7.253630465748976686e-02
-1.250000000000000000e+00 7.361215932167725740e+00 1.041782479044556647e-01
-2.500000000000000000e-01 7.361215932167725740e+00 7.865907806920967305e-02
2.500000000000000000e-01 8.227241335952166779e+00 1.035814765430836670e-01
1.250000000000000000e+00 8.227241335952166779e+00 8.631731152783118921e-02
-1.250000000000000000e+00 9.093266739736600712e+00 1.040363392701720291e-01
-2.500000000000000000e-01 9.093266739736600712e+00 9.119484011877435070e-02
2.500000000000000000e-01 9.959292143521041751e+00 1.041513946660517914e-01
1.250000000000000000e+00 9.959292143521041751e+00 9.599170933781671355e-02
-1.250000000000000000e+00 1.082531754730548279e+01 1.047797743142279692e-01
-2.500000000000000000e-01 1.082531754730548279e+01 9.913163781779137096e-02
2.500000000000000000e-01 1.169134295108992383e+01 1.059991499117335090e-01
1.250000000000000000e+00 1.169134295108992383e+01 1.025778314874101621e-01
-1.250000000000000000e+00 1.255736835487435776e+01 1.090769378784488403e-01
-2.500000000000000000e-01 1.255736835487435776e+01 1.068611595078374499e-01
2.500000000000000000e-01 1.342339375865879880e+01 1.120692208081991298e-01
1.250000000000000000e+00 1.342339375865879880e+01 1.108034519943297547e-01
-1.250000000000000000e+00 1.428941916244323274e+01 1.190081073860815852e-01
-2.500000000000000000e-01 1.428941916244323274e+01 1.182359959640202074e-01
2.500000000000000000e-01 1.515544456622767377e+01 1.315725584864820830e-01
1.250000000000000000e+00 1.515544456622767377e+01 1.311552130799609195e-01
-1.250000000000000000e+00 1.602146997001211304e+01 1.374179468043849606e-01
-2.500000000000000000e-01 1.602146997001211304e+01 1.371785578754854407e-01
2.500000000000000000e-01 1.688749537379655408e+01 1.599517841972246668e-01
1.250000000000000000e+00 1.688749537379655408e+01 1.598278313982566812e-01
-1.250000000000000000e+00 1.775352077758098801e+01 1.849714464173267958e-01
-2.500000000000000000e-01 1.775352077758098801e+01 1.849060874015460709e-01
2.500000000000000000e-01 1.861954618136542905e+01 1.744143558259132476e-01
1.250000000000000000e+00 1.861954618136542905e+01 1.743816525960729114e-01
-1.250000000000000000e+00 1.948557158514986298e+01 2.113274964220376584e-01
-2.500000000000000000e-01 1.948557158514986298e+01 2.113119019498728157e-01
2.500000000000000000e-01 2.035159698893430402e+01 2.293282593285010384e-01
1.250000000000000000e+00 2.035159698893430402e+01 2.293212557425933773e-01
-1.250000000000000000e+00 2.121762239271873796e+01 1.576157407314545400e-01
-2.500000000000000000e-01 2.121762239271873796e+01 1.576121988771604365e-01
2.500000000000000000e-01 2.208364779650317899e+01 1.972712250776736398e-01
1.250000000000000000e+00 2.208364779650317899e+01 1.972700508725383495e-01
-1.250000000000000000e+00 2.294967320028762003e+01 1.969901047601832489e-01
-2.500000000000000000e-01 2.294967320028762003e+01 1.969893626154936017e-01
2.500000000000000000e-01 2.381569860407206107e+01 6.596669870848401174e-02
1.250000000000000000e+00 2.381569860407206107e+01 6.596644450712101093e-02
-1.250000000000000000e+00 2.468172400785649501e+01 1.312362402862117527e-01
-2.500000000000000000e-01 2.468172400785649501e+01 1.312361467092255096e-01
2.500000000000000000e-01 2.554774941164093605e+01 1.308550543876783046e-01
1.250000000000000000e+00 2.554774941164093605e+01 1.308549678266145433e-01
1.750000000000000000e+00 -2.554774941164094315e+01 1.308550594362538899e-01
2.750000000000000000e+00 -2.554774941164094315e+01 1.308550530839624471e-01
3.250000000000000000e+00 -2.468172400785650566e+01 1.312362463183995298e-01
4.250000000000000000e+00 -2.468172400785650566e+01 1.312362102326457003e-01
1.750000000000000000e+00 -2.381569860407206463e+01 6.596669872806953938e-02
2.750000000000000000e+00 -2.381569860407206463e+01 6.596657323130988848e-02
3.250000000000000000e+00 -2.294967320028762714e+01 1.969900896316711114e-01
4.250000000000000000e+00 -2.294967320028762714e+01 1.969897768563126927e-01
1.750000000000000000e+00 -2.208364779650318965e+01 1.972712455616034144e-01
2.750000000000000000e+00 -2.208364779650318965e+01 1.972705174098848269e-01
3.250000000000000000e+00 -2.121762239271875217e+01 1.576156724011536503e-01
4.250000000000000000e+00 -2.121762239271875217e+01 1.576140511771982888e-01
1.750000000000000000e+00 -2.035159698893431113e+01 2.293282239371610132e-01
2.750000000000000000e+00 -2.035159698893431113e+01 2.293246404320428145e-01
3.250000000000000000e+00 -1.948557158514987364e+01 2.113275363742563584e-01
4.250000000000000000e+00 -1.948557158514987364e+01 2.113208769754190697e-01
1.750000000000000000e+00 -1.861954618136543615e+01 1.744138707855327208e-01
2.750000000000000000e+00 -1.861954618136543615e+01 1.743984321971007168e-01
3.250000000000000000e+00 -1.775352077758099512e+01 1.849715911368889631e-01
4.250000000000000000e+00 -1.775352077758099512e+01 1.849469320707758935e-01
1.750000000000000000e+00 -1.688749537379655763e+01 1.599507973147881179e-01
2.750000000000000000e+00 -1.688749537379655763e+01 1.598921615836552679e-01
3.250000000000000000e+00 -1.602146997001212014e+01 1.374162601638875825e-01
4.250000000000000000e+00 -1.602146997001212014e+01 1.373296883090661946e-01
1.750000000000000000e+00 -1.515544456622767733e+01 1.315740326721216991e-01
2.750000000000000000e+00 -1.515544456622767733e+01 1.313715512133550589e-01
3.250000000000000000e+00 -1.428941916244323806e+01 1.189972934233073931e-01
4.250000000000000000e+00 -1.428941916244323806e+01 1.187138520341313591e-01
1.750000000000000000e+00 -1.342339375865880058e+01 1.120682171624029777e-01
2.750000000000000000e+00 -1.342339375865880058e+01 1.114321047457076386e-01
3.250000000000000000e+00 -1.255736835487436132e+01 1.090720963022092649e-01
4.250000000000000000e+00 -1.255736835487436132e+01 1.082262440033818496e-01
1.750000000000000000e+00 -1.169134295108992383e+01 1.059359245977475467e-01
2.750000000000000000e+00 -1.169134295108992383e+01 1.041354234929343786e-01
3.250000000000000000e+00 -1.082531754730548457e+01 1.048011590488185374e-01
4.250000000000000000e+00 -1.082531754730548457e+01 1.025563647567486469e-01
1.750000000000000000e+00 -9.959292143521047080e+00 1.041053442500592119e-01
2.750000000000000000e+00 -9.959292143521047080e+00 9.952212459878236051e-02
3.250000000000000000e+00 -9.093266739736607818e+00 1.036716740778381857e-01
4.250000000000000000e+00 -9.093266739736607818e+00 9.841504077809416773e-02
1.750000000000000000e+00 -8.227241335952170331e+00 1.037912602793088779e-01
2.750000000000000000e+00 -8.227241335952170331e+00 9.349887898001384146e-02
3.250000000000000000e+00 -7.361215932167732845e+00 1.034894143695344049e-01
4.250000000000000000e+00 -7.361215932167732845e+00 9.236962842537213558e-02
1.750000000000000000e+00 -6.495190528383291806e+00 1.036325175157432610e-01
2.750000000000000000e+00 -6.495190528383291806e+00 8.366164171948518857e-02
3.250000000000000000e+00 -5.629165124598854320e+00 1.042049265744331016e-01
4.250000000000000000e+00 -5.629165124598854320e+00 8.364709685556261098e-02
1.750000000000000000e+00 -4.763139720814413280e+00 1.037445752144986744e-01
2.750000000000000000e+00 -4.763139720814413280e+00 6.878379037767284876e-02
3.250000000000000000e+00 -3.897114317029975794e+00 1.037423398064966779e-01
4.250000000000000000e+00 -3.897114317029975794e+00 7.250976447606184705e-02
1.750000000000000000e+00 -3.031088913245538308e+00 1.086125343964943757e-01
2.750000000000000000e+00 -3.031088913245538308e+00 5.372948505924827339e-02
3.250000000000000000e+00 -2.165063509461100821e+00 1.055307483369146010e-01
4.250000000000000000e+00 -2.165063509461100821e+00 5.987043615359741860e-02
1.750000000000000000e+00 -1.299038105676659782e+00 1.052119397179619997e-01
2.750000000000000000e+00 -1.299038105676659782e+00 4.109489520322019696e-02
3.250000000000000000e+00 -4.330127018922222959e-01 1.127360638029586415e-01
4.250000000000000000e+00 -4.330127018922222959e-01 5.372876829396486253e-02
1.750000000000000000e+00 4.330127018922151905e-01 1.461783492765741932e-01
2.750000000000000000e+00 4.330127018922151905e-01 3.114360854095534620e-02
3.250000000000000000e+00 1.299038105676652677e+00 1.127361240756931116e-01
4.250000000000000000e+00 1.299038105676652677e+00 5.372883771604439196e-02
1.750000000000000000e+00 2.165063509461093716e+00 1.052121638336003806e-01
2.750000000000000000e+00 2.165063509461093716e+00 4.109514132820936416e-02
3.250000000000000000e+00 3.031088913245531202e+00 1.055311378155502355e-01
4.250000000000000000e+00 3.031088913245531202e+00 5.987078724243465044e-02
1.750000000000000000e+00 3.897114317029972241e+00 1.086141171061126010e-01
2.750000000000000000e+00 3.897114317029972241e+00 5.373099866932030955e-02
3.250000000000000000e+00 4.763139720814409728e+00 1.037446578902227468e-01
4.250000000000000000e+00 4.763139720814409728e+00 7.251164090291016551e-02
1.750000000000000000e+00 5.629165124598847214e+00 1.037530124675876547e-01
2.750000000000000000e+00 5.629165124598847214e+00 6.879222274096084833e-02
3.250000000000000000e+00 6.495190528383284700e+00 1.042197268551215417e-01
4.250000000000000000e+00 6.495190528383284700e+00 8.366109719223309427e-02
1.750000000000000000e+00 7.361215932167725740e+00 1.036683130330820490e-01
2.750000000000000000e+00 7.361215932167725740e+00 8.369683576679506909e-02
3.250000000000000000e+00 8.227241335952166779e+00 1.035864201298088288e-01
4.250000000000000000e+00 8.227241335952166779e+00 9.246563494325536758e-02
1.750000000000000000e+00 9.093266739736600712e+00 1.039262462163199618e-01
2.750000000000000000e+00 9.093266739736600712e+00 9.363228895391212392e-02
3.250000000000000000e+00 9.959292143521041751e+00 1.041075653927351907e-01
4.250000000000000000e+00 9.959292143521041751e+00 9.884910878961865321e-02
1.750000000000000000e+00 1.082531754730548279e+01 1.047885471115598960e-01
2.750000000000000000e+00 1.082531754730548279e+01 1.002037466126070031e-01
3.250000000000000000e+00 1.169134295108992383e+01 1.059706355096807079e-01
4.250000000000000000e+00 1.169134295108992383e+01 1.037235081851487911e-01
1.750000000000000000e+00 1.255736835487435776e+01 1.090708065390199599e-01
2.750000000000000000e+00 1.255736835487435776e+01 1.072682728439436073e-01
3.250000000000000000e+00 1.342339375865879880e+01 1.120660296177497517e-01
4.250000000000000000e+00 1.342339375865879880e+01 1.112180743450543324e-01
1.750000000000000000e+00 1.428941916244323274e+01 1.190053560865105275e-01
2.750000000000000000e+00 1.428941916244323274e+01 1.183666089986479542e-01
3.250000000000000000e+00 1.515544456622767377e+01 1.315725780595974337e-01
4.250000000000000000e+00 1.515544456622767377e+01 1.312865965234967236e-01
1.750000000000000000e+00 1.602146997001211304e+01 1.374176027746654982e-01
2.750000000000000000e+00 1.602146997001211304e+01 1.372140332491424697e-01
3.250000000000000000e+00 1.688749537379655408e+01 1.599514749851949080e-01
4.250000000000000000e+00 1.688749537379655408e+01 1.598626409920216873e-01
1.750000000000000000e+00 1.775352077758098801e+01 1.849713858896063767e-01
2.750000000000000000e+00 1.775352077758098801e+01 1.849130389083760151e-01
3.250000000000000000e+00 1.861954618136542905e+01 1.744140292181425023e-01
4.250000000000000000e+00 1.861954618136542905e+01 1.743886411544647574e-01
1.750000000000000000e+00 1.948557158514986298e+01 2.113275655121062691e-01
2.750000000000000000e+00 1.948557158514986298e+01 2.113123515823486231e-01
3.250000000000000000e+00 2.035159698893430402e+01 2.293281852869528126e-01
4.250000000000000000e+00 2.035159698893430402e+01 2.293216163910495597e-01
1.750000000000000000e+00 2.121762239271873796e+01 1.576157102626953854e-01
2.750000000000000000e+00 2.121762239271873796e+01 1.576123841753691857e-01
3.250000000000000000e+00 2.208364779650317899e+01 1.972712331470981850e-01
4.250000000000000000e+00 2.208364779650317899e+01 1.972697140903060253e-01
1.750000000000000000e+00 2.294967320028762003e+01 1.969900690266451482e-01
2.750000000000000000e+00 2.294967320028762003e+01 1.969896747557069450e-01
3.250000000000000000e+00 2.381569860407206107e+01 6.596669411817372708e-02
4.250000000000000000e+00 2.381569860407206107e+01 6.596643416628263090e-02
1.750000000000000000e+00 2.468172400785649501e+01 1.312362341724286618e-01
2.750000000000000000e+00 2.468172400785649501e+01 1.312362540892852147e-01
3.250000000000000000e+00 2.554774941164093605e+01 1.308550502115846115e-01
4.250000000000000000e+00 2.554774941164093605e+01 1.308550654335136343e-01
4.750000000000000000e+00 -2.554774941164094315e+01 1.308550600196031477e-01
5.750000000000000000e+00 -2.554774941164094315e+01 1.308550221202567365e-01
6.250000000000000000e+00 -2.468172400785650566e+01 1.312362482839629640e-01
7.250000000000000000e+00 -2.468172400785650566e+01 1.312361912304883527e-01
4.750000000000000000e+00 -2.381569860407206463e+01 6.596669761209444927e-02
5.750000000000000000e+00 -2.381569860407206463e+01 6.596653984180453345e-02
6.250000000000000000e+00 -2.294967320028762714e+01 1.969900975009410415e-01
7.250000000000000000e+00 -2.294967320028762714e+01 1.969898392528650344e-01
4.750000000000000000e+00 -2.208364779650318965e+01 1.972712590824192702e-01
5.750000000000000000e+00 -2.208364779650318965e+01 1.972705725452062187e-01
6.250000000000000000e+00 -2.121762239271875217e+01 1.576156757961597321e-01
7.250000000000000000e+00 -2.121762239271875217e+01 1.576148733771875199e-01
4.750000000000000000e+00 -2.035159698893431113e+01 2.293282681823979596e-01
5.750000000000000000e+00 -2.035159698893431113e+01 2.293257454959375941e-01
6.250000000000000000e+00 -1.948557158514987364e+01 2.113275124273323868e-01
7.250000000000000000e+00 -1.948557158514987364e+01 2.113246129987041144e-01
4.750000000000000000e+00 -1.861954618136543615e+01 1.744138912080222814e-01
5.750000000000000000e+00 -1.861954618136543615e+01 1.744048033971131451e-01
6.250000000000000000e+00 -1.775352077758099512e+01 1.849715339859847596e-01
7.250000000000000000e+00 -1.775352077758099512e+01 1.849603163831497477e-01
4.750000000000000000e+00 -1.688749537379655763e+01 1.599507843837752741e-01
5.750000000000000000e+00 -1.688749537379655763e+01 1.599176992587621193e-01
6.250000000000000000e+00 -1.602146997001212014e+01 1.374161460779590449e-01
7.250000000000000000e+00 -1.602146997001212014e+01 1.373762170166027419e-01
4.750000000000000000e+00 -1.515544456622767733e+01 1.315733385014460077e-01
5.750000000000000000e+00 -1.515544456622767733e+01 1.314602209173527658e-01
6.250000000000000000e+00 -1.428941916244323806e+01 1.189973862580713249e-01
7.250000000000000000e+00 -1.428941916244323806e+01 1.188689105229781690e-01
4.750000000000000000e+00 -1.342339375865880058e+01 1.120647927732695975e-01
5.750000000000000000e+00 -1.342339375865880058e+01 1.117162943943195430e-01
6.250000000000000000e+00 -1.255736835487436132e+01 1.090682940614152718e-01
7.250000000000000000e+00 -1.255736835487436132e+01 1.086920444412889375e-01
4.750000000000000000e+00 -1.169134295108992383e+01 1.059341777396430873e-01
5.750000000000000000e+00 -1.169134295108992383e+01 1.049697547539452935e-01
6.250000000000000000e+00 -1.082531754730548457e+01 1.047782186865059972e-01
7.250000000000000000e+00 -1.082531754730548457e+01 1.038002548583414897e-01
4.750000000000000000e+00 -9.959292143521047080e+00 1.040920833568534931e-01
5.750000000000000000e+00 -9.959292143521047080e+00 1.016685136386089455e-01
6.250000000000000000e+00 -9.093266739736607818e+00 1.036563225080784911e-01
7.250000000000000000e+00 -9.093266739736607818e+00 1.014385065735428360e-01
4.750000000000000000e+00 -8.227241335952170331e+00 1.036354634767695237e-01
5.750000000000000000e+00 -8.227241335952170331e+00 9.828139514828712620e-02
6.250000000000000000e+00 -7.361215932167732845e+00 1.034401572938233871e-01
7.250000000000000000e+00 -7.361215932167732845e+00 9.885654751889327851e-02
4.750000000000000000e+00 -6.495190528383291806e+00 1.034537378237674332e-01
5.750000000000000000e+00 -6.495190528383291806e+00 9.336723558233678277e-02
6.250000000000000000e+00 -5.629165124598854320e+00 1.036440000073940992e-01
7.250000000000000000e+00 -5.629165124598854320e+00 9.527354331992246572e-02
4.750000000000000000e+00 -4.763139720814413280e+00 1.036094670248228489e-01
5.750000000000000000e+00 -4.763139720814413280e+00 8.616037052399200258e-02
6.250000000000000000e+00 -3.897114317029975794e+00 1.034232942927083565e-01
7.250000000000000000e+00 -3.897114317029975794e+00 9.089951443755263372e-02
4.750000000000000000e+00 -3.031088913245538308e+00 1.050135620636167832e-01
5.750000000000000000e+00 -3.031088913245538308e+00 7.859476549674240808e-02
6.250000000000000000e+00 -2.165063509461100821e+00 1.041157825417298177e-01
7.250000000000000000e+00 -2.165063509461100821e+00 8.615631108300569885e-02
4.750000000000000000e+00 -1.299038105676659782e+00 1.033795994896611753e-01
5.750000000000000000e+00 -1.299038105676659782e+00 7.250789409071156655e-02
6.250000000000000000e+00 -4.330127018922222959e-01 1.048036858689487399e-01
7.250000000000000000e+00 -4.330127018922222959e-01 8.363469312892075902e-02
4.750000000000000000e+00 4.330127018922151905e-01 1.107126847713525847e-01
5.750000000000000000e+00 4.330127018922151905e-01 6.877954015954493294e-02
6.250000000000000000e+00 1.299038105676652677e+00 1.048036928194268358e-01
7.250000000000000000e+00 1.299038105676652677e+00 8.363476525585339383e-02
4.750000000000000000e+00 2.165063509461093716e+00 1.033797641639137566e-01
5.750000000000000000e+00 2.165063509461093716e+00 7.250797514869294913e-02
6.250000000000000000e+00 3.031088913245531202e+00 1.041161785811703655e-01
7.250000000000000000e+00 3.031088913245531202e+00 8.615678077924326939e-02
4.750000000000000000e+00 3.897114317029972241e+00 1.050149116446280340e-01
5.750000000000000000e+00 3.897114317029972241e+00 7.859601231215146422e-02
6.250000000000000000e+00 4.763139720814409728e+00 1.034255506343120523e-01
7.250000000000000000e+00 4.763139720814409728e+00 9.090189458203387640e-02
4.750000000000000000e+00 5.629165124598847214e+00 1.036178104924413840e-01
5.750000000000000000e+00 5.629165124598847214e+00 8.616858078367015117e-02
6.250000000000000000e+00 6.495190528383284700e+00 1.036586512995390508e-01
7.250000000000000000e+00 6.495190528383284700e+00 9.528860722462245691e-02
4.750000000000000000e+00 7.361215932167725740e+00 1.034894613488350767e-01
5.750000000000000000e+00 7.361215932167725740e+00 9.340269067735389175e-02
6.250000000000000000e+00 8.227241335952166779e+00 1.035371798674929456e-01
7.250000000000000000e+00 8.227241335952166779e+00 9.895425402064529641e-02
4.750000000000000000e+00 9.093266739736600712e+00 1.037699713898717901e-01
5.750000000000000000e+00 9.093266739736600712e+00 9.841588259328082344e-02
6.250000000000000000e+00 9.959292143521041751e+00 1.040920605376789987e-01
7.250000000000000000e+00 9.959292143521041751e+00 1.018751952019964768e-01
4.750000000000000000e+00 1.082531754730548279e+01 1.047750396335692114e-01
5.750000000000000000e+00 1.082531754730548279e+01 1.023516295772814583e-01
6.250000000000000000e+00 1.169134295108992383e+01 1.059473450963143298e-01
7.250000000000000000e+00 1.169134295108992383e+01 1.049708120235737924e-01
4.750000000000000000e+00 1.255736835487435776e+01 1.090690200351820405e-01
5.750000000000000000e+00 1.255736835487435776e+01 1.081043017020746067e-01
6.250000000000000000e+00 1.342339375865879880e+01 1.120622746460752106e-01
7.250000000000000000e+00 1.342339375865879880e+01 1.116874765662675129e-01
4.750000000000000000e+00 1.428941916244323274e+01 1.190012634399299496e-01
5.750000000000000000e+00 1.428941916244323274e+01 1.186522591678347838e-01
6.250000000000000000e+00 1.515544456622767377e+01 1.315726104092777848e-01
7.250000000000000000e+00 1.515544456622767377e+01 1.314451554017180834e-01
4.750000000000000000e+00 1.602146997001211304e+01 1.374163943505812002e-01
5.750000000000000000e+00 1.602146997001211304e+01 1.373024566460468998e-01
6.250000000000000000e+00 1.688749537379655408e+01 1.599509895152744776e-01
7.250000000000000000e+00 1.688749537379655408e+01 1.599115772259623591e-01
4.750000000000000000e+00 1.775352077758098801e+01 1.849713816339136341e-01
5.750000000000000000e+00 1.775352077758098801e+01 1.849369489739983441e-01
6.250000000000000000e+00 1.861954618136542905e+01 1.744138798875113361e-01
7.250000000000000000e+00 1.861954618136542905e+01 1.744024646261451705e-01
4.750000000000000000e+00 1.948557158514986298e+01 2.113275170140009040e-01
5.750000000000000000e+00 1.948557158514986298e+01 2.113174655605647434e-01
6.250000000000000000e+00 2.035159698893430402e+01 2.293282294534784438e-01
7.250000000000000000e+00 2.035159698893430402e+01 2.293248356491164874e-01
4.750000000000000000e+00 2.121762239271873796e+01 1.576156498854511812e-01
5.750000000000000000e+00 2.121762239271873796e+01 1.576128929508038845e-01
6.250000000000000000e+00 2.208364779650317899e+01 1.972712381667747206e-01
7.250000000000000000e+00 2.208364779650317899e+01 1.972702101586721324e-01
4.750000000000000000e+00 2.294967320028762003e+01 1.969900700353293954e-01
5.750000000000000000e+00 2.294967320028762003e+01 1.969894245279861511e-01
6.250000000000000000e+00 2.381569860407206107e+01 6.596669106472066724e-02
7.250000000000000000e+00 2.381569860407206107e+01 6.596640134781567300e-02
4.750000000000000000e+00 2.468172400785649501e+01 1.312362396257064356e-01
5.750000000000000000e+00 2.468172400785649501e+01 1.312361440515275035e-01
6.250000000000000000e+00 2.554774941164093605e+01 1.308550556212572935e-01
7.250000000000000000e+00 2.554774941164093605e+01 1.308549549065211870e-01
