-7.250000000000000000e+00 -2.554774941164094315e+01 1.488181126440909496e-01
-6.250000000000000000e+00 -2.554774941164094315e+01 1.488181077792874729e-01
-5.750000000000000000e+00 -2.468172400785650566e+01 1.502432319792159909e-01
-4.750000000000000000e+00 -2.468172400785650566e+01 1.502432743032778018e-01
-7.250000000000000000e+00 -2.381569860407206463e+01 4.775521469637291488e-02
-6.250000000000000000e+00 -2.381569860407206463e+01 4.775525742749982261e-02
-5.750000000000000000e+00 -2.294967320028762714e+01 1.566476902585235143e-01
-4.750000000000000000e+00 -2.294967320028762714e+01 1.566478893644588921e-01
-7.250000000000000000e+00 -2.208364779650318965e+01 1.479869468567520108e-01
-6.250000000000000000e+00 -2.208364779650318965e+01 1.479872202041592200e-01
-5.750000000000000000e+00 -2.121762239271875217e+01 7.799234157323026162e-02
-4.750000000000000000e+00 -2.121762239271875217e+01 7.799321215796781170e-02
-7.250000000000000000e+00 -2.035159698893431113e+01 1.141286073029857961e-01
-6.250000000000000000e+00 -2.035159698893431113e+01 1.141298147747312891e-01
-5.750000000000000000e+00 -1.948557158514987364e+01 9.335140423177587521e-02
-4.750000000000000000e+00 -1.948557158514987364e+01 9.335501693978970339e-02
-7.250000000000000000e+00 -1.861954618136543615e+01 5.782690599725402031e-02
-6.250000000000000000e+00 -1.861954618136543615e+01 5.783155474173075350e-02
-5.750000000000000000e+00 -1.775352077758099512e+01 6.008554895752607483e-02
-4.750000000000000000e+00 -1.775352077758099512e+01 6.009868435419828125e-02
-7.250000000000000000e+00 -1.688749537379655763e+01 4.624022862436086984e-02
-6.250000000000000000e+00 -1.688749537379655763e+01 4.625664084334979442e-02
-5.750000000000000000e+00 -1.602146997001212014e+01 3.587026609212570771e-02
-4.750000000000000000e+00 -1.602146997001212014e+01 3.591198159563145642e-02
-7.250000000000000000e+00 -1.515544456622767733e+01 3.414763865332418047e-02
-6.250000000000000000e+00 -1.515544456622767733e+01 3.420392952315858687e-02
-5.750000000000000000e+00 -1.428941916244323806e+01 2.993851693816901652e-02
-4.750000000000000000e+00 -1.428941916244323806e+01 3.006194613810223709e-02
-7.250000000000000000e+00 -1.342339375865880058e+01 2.830877688855411994e-02
-6.250000000000000000e+00 -1.342339375865880058e+01 2.846983681577842581e-02
-5.750000000000000000e+00 -1.255736835487436132e+01 2.763570428286675484e-02
-4.750000000000000000e+00 -1.255736835487436132e+01 2.800238073126702643e-02
-7.250000000000000000e+00 -1.169134295108992383e+01 2.705797222335962204e-02
-6.250000000000000000e+00 -1.169134295108992383e+01 2.740053954723855809e-02
-5.750000000000000000e+00 -1.082531754730548457e+01 2.692952072654952039e-02
-4.750000000000000000e+00 -1.082531754730548457e+01 2.780739296159255233e-02
-7.250000000000000000e+00 -9.959292143521047080e+00 2.680193302163272340e-02
-6.250000000000000000e+00 -9.959292143521047080e+00 2.756852408255254516e-02
-5.750000000000000000e+00 -9.093266739736607818e+00 2.738049720825960417e-02
-4.750000000000000000e+00 -9.093266739736607818e+00 2.867712652624653663e-02
-7.250000000000000000e+00 -8.227241335952170331e+00 2.660258760653100643e-02
-6.250000000000000000e+00 -8.227241335952170331e+00 2.865944626037111864e-02
-5.750000000000000000e+00 -7.361215932167732845e+00 2.748968548589434541e-02
-4.750000000000000000e+00 -7.361215932167732845e+00 2.968613803087170183e-02
-7.250000000000000000e+00 -6.495190528383291806e+00 2.729335885663691785e-02
-6.250000000000000000e+00 -6.495190528383291806e+00 3.049678559742329334e-02
-5.750000000000000000e+00 -5.629165124598854320e+00 2.658624312894196720e-02
-4.750000000000000000e+00 -5.629165124598854320e+00 3.287883321439179912e-02
-7.250000000000000000e+00 -4.763139720814413280e+00 2.821643238935539130e-02
-6.250000000000000000e+00 -4.763139720814413280e+00 3.116578319547026049e-02
-5.750000000000000000e+00 -3.897114317029975794e+00 2.976768960707230904e-02
-4.750000000000000000e+00 -3.897114317029975794e+00 3.631842042423578942e-02
-7.250000000000000000e+00 -3.031088913245538308e+00 2.685497524647546819e-02
-6.250000000000000000e+00 -3.031088913245538308e+00 3.397737267706473635e-02
-5.750000000000000000e+00 -2.165063509461100821e+00 3.317966111973140453e-02
-4.750000000000000000e+00 -2.165063509461100821e+00 3.292053294391807106e-02
-7.250000000000000000e+00 -1.299038105676659782e+00 2.765617066937329019e-02
-6.250000000000000000e+00 -1.299038105676659782e+00 3.631821977440893162e-02
-5.750000000000000000e+00 -4.330127018922222959e-01 2.808055454294629966e-02
-4.750000000000000000e+00 -4.330127018922222959e-01 3.787955385916455531e-02
-7.250000000000000000e+00 4.330127018922151905e-01 2.999605565917807387e-02
-6.250000000000000000e+00 4.330127018922151905e-01 3.206174577988304270e-02
-5.750000000000000000e+00 1.299038105676652677e+00 2.808054995504258300e-02
-4.750000000000000000e+00 1.299038105676652677e+00 3.787956608848824097e-02
-7.250000000000000000e+00 2.165063509461093716e+00 2.765616149217830014e-02
-6.250000000000000000e+00 2.165063509461093716e+00 3.631824548336144709e-02
-5.750000000000000000e+00 3.031088913245531202e+00 3.317962280337753006e-02
-4.750000000000000000e+00 3.031088913245531202e+00 3.292061010643254626e-02
-7.250000000000000000e+00 3.897114317029972241e+00 2.685511542933332815e-02
-6.250000000000000000e+00 3.897114317029972241e+00 3.397750961329257247e-02
-5.750000000000000000e+00 4.763139720814409728e+00 2.976783041160038085e-02
-4.750000000000000000e+00 4.763139720814409728e+00 3.631870566247970278e-02
-7.250000000000000000e+00 5.629165124598847214e+00 2.821720687355069174e-02
-6.250000000000000000e+00 5.629165124598847214e+00 3.116656201420509725e-02
-5.750000000000000000e+00 6.495190528383284700e+00 2.658814418638040175e-02
-4.750000000000000000e+00 6.495190528383284700e+00 3.288062049816774940e-02
-7.250000000000000000e+00 7.361215932167725740e+00 2.729669095111582344e-02
-6.250000000000000000e+00 7.361215932167725740e+00 3.050027149942740809e-02
-5.750000000000000000e+00 8.227241335952166779e+00 2.750235205340500338e-02
-4.750000000000000000e+00 8.227241335952166779e+00 2.969870337591962173e-02
-7.250000000000000000e+00 9.093266739736600712e+00 2.662038704498130570e-02
-6.250000000000000000e+00 9.093266739736600712e+00 2.867718140084936709e-02
-5.750000000000000000e+00 9.959292143521041751e+00 2.743681189067926490e-02
-4.750000000000000000e+00 9.959292143521041751e+00 2.873358638886942124e-02
-7.250000000000000000e+00 1.082531754730548279e+01 2.692948098935569329e-02
-6.250000000000000000e+00 1.082531754730548279e+01 2.769564450735201300e-02
-5.750000000000000000e+00 1.169134295108992383e+01 2.708904749201757056e-02
-4.750000000000000000e+00 1.169134295108992383e+01 2.796670770148165786e-02
-7.250000000000000000e+00 1.255736835487435776e+01 2.773128261683063117e-02
-6.250000000000000000e+00 1.255736835487435776e+01 2.807350534771314854e-02
-5.750000000000000000e+00 1.342339375865879880e+01 2.829373554505529298e-02
-4.750000000000000000e+00 1.342339375865879880e+01 2.866008724269415026e-02
-7.250000000000000000e+00 1.428941916244323274e+01 2.994225072949147082e-02
-6.250000000000000000e+00 1.428941916244323274e+01 3.010295681735808762e-02
-5.750000000000000000e+00 1.515544456622767377e+01 3.415892366379630340e-02
-4.750000000000000000e+00 1.515544456622767377e+01 3.428239274862300567e-02
-7.250000000000000000e+00 1.602146997001211304e+01 3.586495074730716714e-02
-6.250000000000000000e+00 1.602146997001211304e+01 3.592083800124489662e-02
-5.750000000000000000e+00 1.688749537379655408e+01 4.624456506515810250e-02
-4.750000000000000000e+00 1.688749537379655408e+01 4.628638255134394364e-02
-7.250000000000000000e+00 1.775352077758098801e+01 6.008577369832435178e-02
-6.250000000000000000e+00 1.775352077758098801e+01 6.010182691285647499e-02
-5.750000000000000000e+00 1.861954618136542905e+01 5.782706184824817908e-02
-4.750000000000000000e+00 1.861954618136542905e+01 5.784014050752485370e-02
-7.250000000000000000e+00 1.948557158514986298e+01 9.335184566860083022e-02
-6.250000000000000000e+00 1.948557158514986298e+01 9.335631478631083169e-02
-5.750000000000000000e+00 2.035159698893430402e+01 1.141285111115698941e-01
-4.750000000000000000e+00 2.035159698893430402e+01 1.141320484921693468e-01
-7.250000000000000000e+00 2.121762239271873796e+01 7.799236391411974723e-02
-6.250000000000000000e+00 2.121762239271873796e+01 7.799350611658628640e-02
-5.750000000000000000e+00 2.208364779650317899e+01 1.479869276349983220e-01
-4.750000000000000000e+00 2.208364779650317899e+01 1.479877978759246704e-01
-7.250000000000000000e+00 2.294967320028762003e+01 1.566476743056343934e-01
-6.250000000000000000e+00 2.294967320028762003e+01 1.566478664444308222e-01
-5.750000000000000000e+00 2.381569860407206107e+01 4.775522150431575630e-02
-4.750000000000000000e+00 2.381569860407206107e+01 4.775536998435820496e-02
-7.250000000000000000e+00 2.468172400785649501e+01 1.502432279033792673e-01
-6.250000000000000000e+00 2.468172400785649501e+01 1.502432414083054724e-01
-5.750000000000000000e+00 2.554774941164093605e+01 1.488181223603709802e-01
-4.750000000000000000e+00 2.554774941164093605e+01 1.488181323985082183e-01
-4.250000000000000000e+00 -2.554774941164094315e+01 1.488181092218890111e-01
-3.250000000000000000e+00 -2.554774941164094315e+01 1.488181570899042849e-01
-2.750000000000000000e+00 -2.468172400785650566e+01 1.502432277941722905e-01
-1.750000000000000000e+00 -2.468172400785650566e+01 1.502433259896900353e-01
-4.250000000000000000e+00 -2.381569860407206463e+01 4.775521334639554888e-02
-3.250000000000000000e+00 -2.381569860407206463e+01 4.775533685470519096e-02
-2.750000000000000000e+00 -2.294967320028762714e+01 1.566476721966220398e-01
-1.750000000000000000e+00 -2.294967320028762714e+01 1.566480730619566608e-01
-4.250000000000000000e+00 -2.208364779650318965e+01 1.479869460281049987e-01
-3.250000000000000000e+00 -2.208364779650318965e+01 1.479875671673175075e-01
-2.750000000000000000e+00 -2.121762239271875217e+01 7.799232054268506742e-02
-1.750000000000000000e+00 -2.121762239271875217e+01 7.799362416378671781e-02
-4.250000000000000000e+00 -2.035159698893431113e+01 1.141286615565884066e-01
-3.250000000000000000e+00 -2.035159698893431113e+01 1.141310069942881172e-01
-2.750000000000000000e+00 -1.948557158514987364e+01 9.335146609855811406e-02
-1.750000000000000000e+00 -1.948557158514987364e+01 9.335647018022269483e-02
-4.250000000000000000e+00 -1.861954618136543615e+01 5.782690666134704394e-02
-3.250000000000000000e+00 -1.861954618136543615e+01 5.783530561001636039e-02
-2.750000000000000000e+00 -1.775352077758099512e+01 6.008624324762759650e-02
-1.750000000000000000e+00 -1.775352077758099512e+01 6.010467351406831304e-02
-4.250000000000000000e+00 -1.688749537379655763e+01 4.623947942275202783e-02
-3.250000000000000000e+00 -1.688749537379655763e+01 4.626968235268436036e-02
-2.750000000000000000e+00 -1.602146997001212014e+01 3.587081422760817623e-02
-1.750000000000000000e+00 -1.602146997001212014e+01 3.593226183486650238e-02
-4.250000000000000000e+00 -1.515544456622767733e+01 3.415156964074714252e-02
-3.250000000000000000e+00 -1.515544456622767733e+01 3.425093289894554083e-02
-2.750000000000000000e+00 -1.428941916244323806e+01 2.993115006484557694e-02
-1.750000000000000000e+00 -1.428941916244323806e+01 3.012312957985725098e-02
-4.250000000000000000e+00 -1.342339375865880058e+01 2.834021304939918912e-02
-3.250000000000000000e+00 -1.342339375865880058e+01 2.861182187519212966e-02
-2.750000000000000000e+00 -1.255736835487436132e+01 2.765329034728236657e-02
-1.750000000000000000e+00 -1.255736835487436132e+01 2.819474385269835764e-02
-4.250000000000000000e+00 -1.169134295108992383e+01 2.706916050103853888e-02
-3.250000000000000000e+00 -1.169134295108992383e+01 2.772491339490972331e-02
-2.750000000000000000e+00 -1.082531754730548457e+01 2.711647713519632630e-02
-1.750000000000000000e+00 -1.082531754730548457e+01 2.832606689738491335e-02
-4.250000000000000000e+00 -9.959292143521047080e+00 2.667706277980529117e-02
-3.250000000000000000e+00 -9.959292143521047080e+00 2.831758552636857648e-02
-2.750000000000000000e+00 -9.093266739736607818e+00 2.732737633168355260e-02
-1.750000000000000000e+00 -9.093266739736607818e+00 2.957830083895537920e-02
-4.250000000000000000e+00 -8.227241335952170331e+00 2.750246505033790423e-02
-3.250000000000000000e+00 -8.227241335952170331e+00 3.051298776854213454e-02
-2.750000000000000000e+00 -7.361215932167732845e+00 2.659155710731950575e-02
-1.750000000000000000e+00 -7.361215932167732845e+00 3.117187254701030835e-02
-4.250000000000000000e+00 -6.495190528383291806e+00 3.156453681324067340e-02
-3.250000000000000000e+00 -6.495190528383291806e+00 3.288067904433801536e-02
-2.750000000000000000e+00 -5.629165124598854320e+00 3.225028907172482195e-02
-1.750000000000000000e+00 -5.629165124598854320e+00 3.631944943643430901e-02
-4.250000000000000000e+00 -4.763139720814413280e+00 3.224977259107743299e-02
-3.250000000000000000e+00 -4.763139720814413280e+00 3.206214645609195557e-02
-2.750000000000000000e+00 -3.897114317029975794e+00 5.468592993613405340e-02
-1.750000000000000000e+00 -3.897114317029975794e+00 3.787973753984428399e-02
-4.250000000000000000e+00 -3.031088913245538308e+00 2.666631059048618635e-02
-3.250000000000000000e+00 -3.031088913245538308e+00 3.787962243245683591e-02
-2.750000000000000000e+00 -2.165063509461100821e+00 6.111375123670453879e-02
-1.750000000000000000e+00 -2.165063509461100821e+00 2.521864756714682632e-02
-4.250000000000000000e+00 -1.299038105676659782e+00 3.511282167355354866e-02
-3.250000000000000000e+00 -1.299038105676659782e+00 4.087541458692157958e-02
-2.750000000000000000e+00 -4.330127018922222959e-01 3.314250193188519877e-02
-1.750000000000000000e+00 -4.330127018922222959e-01 3.610942299923023541e-02
-4.250000000000000000e+00 4.330127018922151905e-01 4.645695568375195206e-02
-3.250000000000000000e+00 4.330127018922151905e-01 2.521865435042879022e-02
-2.750000000000000000e+00 1.299038105676652677e+00 3.314248508227959911e-02
-1.750000000000000000e+00 1.299038105676652677e+00 3.610942776772307905e-02
-4.250000000000000000e+00 2.165063509461093716e+00 3.511287881965056978e-02
-3.250000000000000000e+00 2.165063509461093716e+00 4.087541299038969372e-02
-2.750000000000000000e+00 3.031088913245531202e+00 6.111385752999855953e-02
-1.750000000000000000e+00 3.031088913245531202e+00 2.521866222288636494e-02
-4.250000000000000000e+00 3.897114317029972241e+00 2.666641553900560291e-02
-3.250000000000000000e+00 3.897114317029972241e+00 3.787969589867462572e-02
-2.750000000000000000e+00 4.763139720814409728e+00 5.468657051254607188e-02
-1.750000000000000000e+00 4.763139720814409728e+00 3.787989400926709133e-02
-4.250000000000000000e+00 5.629165124598847214e+00 3.225025156629823114e-02
-3.250000000000000000e+00 5.629165124598847214e+00 3.206283033317261499e-02
-2.750000000000000000e+00 6.495190528383284700e+00 3.225261117440848813e-02
-1.750000000000000000e+00 6.495190528383284700e+00 3.632130992226127036e-02
-4.250000000000000000e+00 7.361215932167725740e+00 3.156770660608271967e-02
-3.250000000000000000e+00 7.361215932167725740e+00 3.288390910375536130e-02
-2.750000000000000000e+00 8.227241335952166779e+00 2.660430880247453833e-02
-1.750000000000000000e+00 8.227241335952166779e+00 3.118483009811905127e-02
-4.250000000000000000e+00 9.093266739736600712e+00 2.752039792576036620e-02
-3.250000000000000000e+00 9.093266739736600712e+00 3.053050840520072154e-02
-2.750000000000000000e+00 9.959292143521041751e+00 2.738411402366314196e-02
-1.750000000000000000e+00 9.959292143521041751e+00 2.963512242758813489e-02
-4.250000000000000000e+00 1.082531754730548279e+01 2.680447825794091132e-02
-3.250000000000000000e+00 1.082531754730548279e+01 2.844508349383931961e-02
-2.750000000000000000e+00 1.169134295108992383e+01 2.727665410935953272e-02
-1.750000000000000000e+00 1.169134295108992383e+01 2.848599456581736578e-02
-4.250000000000000000e+00 1.255736835487435776e+01 2.774214832881932713e-02
-3.250000000000000000e+00 1.255736835487435776e+01 2.839852125738090774e-02
-2.750000000000000000e+00 1.342339375865879880e+01 2.831152533788960576e-02
-1.750000000000000000e+00 1.342339375865879880e+01 2.885349577720402320e-02
-4.250000000000000000e+00 1.428941916244323274e+01 2.997359747039974112e-02
-3.250000000000000000e+00 1.428941916244323274e+01 3.024547431593884589e-02
-2.750000000000000000e+00 1.515544456622767377e+01 3.415154359994754252e-02
-1.750000000000000000e+00 1.515544456622767377e+01 3.434428029936412857e-02
-4.250000000000000000e+00 1.602146997001211304e+01 3.586893633034786422e-02
-3.250000000000000000e+00 1.602146997001211304e+01 3.596854737135848912e-02
-2.750000000000000000e+00 1.688749537379655408e+01 4.624531591499969618e-02
-1.750000000000000000e+00 1.688749537379655408e+01 4.630701809576595607e-02
-4.250000000000000000e+00 1.775352077758098801e+01 6.008492721631501776e-02
-3.250000000000000000e+00 1.775352077758098801e+01 6.011561933542802078e-02
-2.750000000000000000e+00 1.861954618136542905e+01 5.782799220689537056e-02
-1.750000000000000000e+00 1.861954618136542905e+01 5.784667230434135249e-02
-4.250000000000000000e+00 1.948557158514986298e+01 9.335176213574562787e-02
-3.250000000000000000e+00 1.948557158514986298e+01 9.336044177647134790e-02
-2.750000000000000000e+00 2.035159698893430402e+01 1.141286263597812850e-01
-1.750000000000000000e+00 2.035159698893430402e+01 1.141340318389759134e-01
-4.250000000000000000e+00 2.121762239271873796e+01 7.799248518338526559e-02
-3.250000000000000000e+00 2.121762239271873796e+01 7.799478062778585075e-02
-2.750000000000000000e+00 2.208364779650317899e+01 1.479869358117047173e-01
-1.750000000000000000e+00 2.208364779650317899e+01 1.479883484005127814e-01
-4.250000000000000000e+00 2.294967320028762003e+01 1.566477178931461600e-01
-3.250000000000000000e+00 2.294967320028762003e+01 1.566483279524231165e-01
-2.750000000000000000e+00 2.381569860407206107e+01 4.775522750234665464e-02
-1.750000000000000000e+00 2.381569860407206107e+01 4.775553243443506762e-02
-4.250000000000000000e+00 2.468172400785649501e+01 1.502432330434561314e-01
-3.250000000000000000e+00 2.468172400785649501e+01 1.502433723257343978e-01
-2.750000000000000000e+00 2.554774941164093605e+01 1.488181132131657924e-01
-1.750000000000000000e+00 2.554774941164093605e+01 1.488182652999881783e-01
-1.250000000000000000e+00 -2.554774941164094315e+01 1.488181108546626774e-01
-2.500000000000000000e-01 -2.554774941164094315e+01 1.488182045834112177e-01
2.500000000000000000e-01 -2.468172400785650566e+01 1.502432342076772398e-01
1.250000000000000000e+00 -2.468172400785650566e+01 1.502432802030179426e-01
-1.250000000000000000e+00 -2.381569860407206463e+01 4.775521870996799617e-02
-2.500000000000000000e-01 -2.381569860407206463e+01 4.775536470197611072e-02
2.500000000000000000e-01 -2.294967320028762714e+01 1.566476778809625936e-01
1.250000000000000000e+00 -2.294967320028762714e+01 1.566479430187716071e-01
-1.250000000000000000e+00 -2.208364779650318965e+01 1.479869581673401990e-01
-2.500000000000000000e-01 -2.208364779650318965e+01 1.479875357060707053e-01
2.500000000000000000e-01 -2.121762239271875217e+01 7.799232263243156826e-02
1.250000000000000000e+00 -2.121762239271875217e+01 7.799339506671143507e-02
-1.250000000000000000e+00 -2.035159698893431113e+01 1.141286192333330896e-01
-2.500000000000000000e-01 -2.035159698893431113e+01 1.141311299931961065e-01
2.500000000000000000e-01 -1.948557158514987364e+01 9.335156342496661597e-02
1.250000000000000000e+00 -1.948557158514987364e+01 9.335596956084850351e-02
-1.250000000000000000e+00 -1.861954618136543615e+01 5.782665788009096197e-02
-2.500000000000000000e-01 -1.861954618136543615e+01 5.783642578981730564e-02
2.500000000000000000e-01 -1.775352077758099512e+01 6.008631270172779676e-02
1.250000000000000000e+00 -1.775352077758099512e+01 6.010386694525103601e-02
-1.250000000000000000e+00 -1.688749537379655763e+01 4.623945758599201650e-02
-2.500000000000000000e-01 -1.688749537379655763e+01 4.627502575724458389e-02
2.500000000000000000e-01 -1.602146997001212014e+01 3.586913134829458616e-02
1.250000000000000000e+00 -1.602146997001212014e+01 3.593151414610967764e-02
-1.250000000000000000e+00 -1.515544456622767733e+01 3.415624200302488922e-02
-2.500000000000000000e-01 -1.515544456622767733e+01 3.427275676367230739e-02
2.500000000000000000e-01 -1.428941916244323806e+01 2.992781537463329311e-02
1.250000000000000000e+00 -1.428941916244323806e+01 3.012252362941349182e-02
-1.250000000000000000e+00 -1.342339375865880058e+01 2.834445948027895790e-02
-2.500000000000000000e-01 -1.342339375865880058e+01 2.867911533754932685e-02
2.500000000000000000e-01 -1.255736835487436132e+01 2.767074387758185205e-02
1.250000000000000000e+00 -1.255736835487436132e+01 2.819394507066607519e-02
-1.250000000000000000e+00 -1.169134295108992383e+01 2.701300195627008571e-02
-2.500000000000000000e-01 -1.169134295108992383e+01 2.788361156943331906e-02
2.500000000000000000e-01 -1.082531754730548457e+01 2.709735779521057000e-02
1.250000000000000000e+00 -1.082531754730548457e+01 2.832527283390726125e-02
-1.250000000000000000e+00 -9.959292143521047080e+00 2.674143907587381297e-02
-2.500000000000000000e-01 -9.959292143521047080e+00 2.871525300693658633e-02
2.500000000000000000e-01 -9.093266739736607818e+00 2.694061025213061525e-02
1.250000000000000000e+00 -9.093266739736607818e+00 2.957787698883154043e-02
-1.250000000000000000e+00 -8.227241335952170331e+00 2.823508109951398948e-02
-2.500000000000000000e-01 -8.227241335952170331e+00 3.146392210406995238e-02
2.500000000000000000e-01 -7.361215932167732845e+00 2.686146157110021193e-02
1.250000000000000000e+00 -7.361215932167732845e+00 3.117167943152398396e-02
-1.250000000000000000e+00 -6.495190528383291806e+00 2.977041769670990545e-02
-2.500000000000000000e-01 -6.495190528383291806e+00 3.398050196134650563e-02
2.500000000000000000e-01 -5.629165124598854320e+00 3.318083401347032835e-02
1.250000000000000000e+00 -5.629165124598854320e+00 3.631936658152912223e-02
-1.250000000000000000e+00 -4.763139720814413280e+00 2.666669241150786823e-02
-2.500000000000000000e-01 -4.763139720814413280e+00 3.292099424847577671e-02
2.500000000000000000e-01 -3.897114317029975794e+00 3.511297033096141829e-02
1.250000000000000000e+00 -3.897114317029975794e+00 3.787975391800647851e-02
-1.250000000000000000e+00 -3.031088913245538308e+00 6.111376200107210971e-02
-2.500000000000000000e-01 -3.031088913245538308e+00 4.087546771312387806e-02
2.500000000000000000e-01 -2.165063509461100821e+00 3.314253486719165309e-02
1.250000000000000000e+00 -2.165063509461100821e+00 2.521867473914010324e-02
-1.250000000000000000e+00 -1.299038105676659782e+00 1.798911533073838942e-01
-2.500000000000000000e-01 -1.299038105676659782e+00 3.610942497749917296e-02
2.500000000000000000e-01 -4.330127018922222959e-01 2.568518560801440476e-01
1.250000000000000000e+00 -4.330127018922222959e-01 3.610942299923058235e-02
-1.250000000000000000e+00 4.330127018922151905e-01 2.568517750037109804e-01
-2.500000000000000000e-01 4.330127018922151905e-01 2.091884500166540581e-06
2.500000000000000000e-01 1.299038105676652677e+00 2.568515612193779107e-01
1.250000000000000000e+00 1.299038105676652677e+00 3.610943402566516025e-02
-1.250000000000000000e+00 2.165063509461093716e+00 1.798912713962663446e-01
-2.500000000000000000e-01 2.165063509461093716e+00 3.610942814925750810e-02
2.500000000000000000e-01 3.031088913245531202e+00 3.314251443477037040e-02
1.250000000000000000e+00 3.031088913245531202e+00 2.521873802592432962e-02
-1.250000000000000000e+00 3.897114317029972241e+00 6.111384218671811475e-02
-2.500000000000000000e-01 3.897114317029972241e+00 4.087561060118583695e-02
2.500000000000000000e-01 4.763139720814409728e+00 3.511326907303014000e-02
1.250000000000000000e+00 4.763139720814409728e+00 3.788009212248709401e-02
-1.250000000000000000e+00 5.629165124598847214e+00 2.666741134097504184e-02
-2.500000000000000000e-01 5.629165124598847214e+00 3.292179236480693993e-02
2.500000000000000000e-01 6.495190528383284700e+00 3.318250757487781200e-02
1.250000000000000000e+00 6.495190528383284700e+00 3.632142266689039611e-02
-1.250000000000000000e+00 7.361215932167725740e+00 2.977427667721155302e-02
-2.500000000000000000e-01 7.361215932167725740e+00 3.398396997803482256e-02
2.500000000000000000e-01 8.227241335952166779e+00 2.687405610243110213e-02
1.250000000000000000e+00 8.227241335952166779e+00 3.118442488021029579e-02
-1.250000000000000000e+00 9.093266739736600712e+00 2.825335469099743424e-02
-2.500000000000000000e-01 9.093266739736600712e+00 3.148203963061361327e-02
2.500000000000000000e-01 9.959292143521041751e+00 2.699758570799465351e-02
1.250000000000000000e+00 9.959292143521041751e+00 2.963429840407966198e-02
-1.250000000000000000e+00 1.082531754730548279e+01 2.686889542611216319e-02
-2.500000000000000000e-01 1.082531754730548279e+01 2.884312328134783221e-02
2.500000000000000000e-01 1.169134295108992383e+01 2.725719496120737606e-02
1.250000000000000000e+00 1.169134295108992383e+01 2.848492623831133663e-02
-1.250000000000000000e+00 1.255736835487435776e+01 2.768652327134701885e-02
-2.500000000000000000e-01 1.255736835487435776e+01 2.855687584785406366e-02
2.500000000000000000e-01 1.342339375865879880e+01 2.832857432181298818e-02
1.250000000000000000e+00 1.342339375865879880e+01 2.885175906856225075e-02
-1.250000000000000000e+00 1.428941916244323274e+01 2.997844111115335886e-02
-2.500000000000000000e-01 1.428941916244323274e+01 3.031259273137565380e-02
2.500000000000000000e-01 1.515544456622767377e+01 3.414835282198622202e-02
1.250000000000000000e+00 1.515544456622767377e+01 3.434223523152550583e-02
-1.250000000000000000e+00 1.602146997001211304e+01 3.587374427706946367e-02
-2.500000000000000000e-01 1.602146997001211304e+01 3.599052907011000835e-02
2.500000000000000000e-01 1.688749537379655408e+01 4.624377258040505978e-02
1.250000000000000000e+00 1.688749537379655408e+01 4.630546997187164060e-02
-1.250000000000000000e+00 1.775352077758098801e+01 6.008493196706762157e-02
-2.500000000000000000e-01 1.775352077758098801e+01 6.012082330744471237e-02
2.500000000000000000e-01 1.861954618136542905e+01 5.782789709229421704e-02
1.250000000000000000e+00 1.861954618136542905e+01 5.784553799695468790e-02
-1.250000000000000000e+00 1.948557158514986298e+01 9.335167521093225285e-02
-2.500000000000000000e-01 1.948557158514986298e+01 9.336141772936421002e-02
2.500000000000000000e-01 2.035159698893430402e+01 1.141286004958521894e-01
1.250000000000000000e+00 2.035159698893430402e+01 1.141331386056834429e-01
-1.250000000000000000e+00 2.121762239271873796e+01 7.799249933968681325e-02
-2.500000000000000000e-01 2.121762239271873796e+01 7.799514638959602342e-02
2.500000000000000000e-01 2.208364779650317899e+01 1.479869340015798618e-01
1.250000000000000000e+00 2.208364779650317899e+01 1.479879302896924820e-01
-1.250000000000000000e+00 2.294967320028762003e+01 1.566476913854479847e-01
-2.500000000000000000e-01 2.294967320028762003e+01 1.566485569017032620e-01
2.500000000000000000e-01 2.381569860407206107e+01 4.775521814684224181e-02
1.250000000000000000e+00 2.381569860407206107e+01 4.775550451156339304e-02
-1.250000000000000000e+00 2.468172400785649501e+01 1.502432240787308915e-01
-2.500000000000000000e-01 2.468172400785649501e+01 1.502434353166265391e-01
2.500000000000000000e-01 2.554774941164093605e+01 1.488181028490650204e-01
1.250000000000000000e+00 2.554774941164093605e+01 1.488183138032800612e-01
1.750000000000000000e+00 -2.554774941164094315e+01 1.488181108680200204e-01
2.750000000000000000e+00 -2.554774941164094315e+01 1.488181550935328834e-01
3.250000000000000000e+00 -2.468172400785650566e+01 1.502432372107731784e-01
4.250000000000000000e+00 -2.468172400785650566e+01 1.502432297726188359e-01
1.750000000000000000e+00 -2.381569860407206463e+01 4.775521834226538476e-02
2.750000000000000000e+00 -2.381569860407206463e+01 4.775530000480433107e-02
3.250000000000000000e+00 -2.294967320028762714e+01 1.566476870860475379e-01
4.250000000000000000e+00 -2.294967320028762714e+01 1.566477927194974418e-01
1.750000000000000000e+00 -2.208364779650318965e+01 1.479869831253679269e-01
2.750000000000000000e+00 -2.208364779650318965e+01 1.479872991217713041e-01
3.250000000000000000e+00 -2.121762239271875217e+01 7.799232141351016001e-02
4.250000000000000000e+00 -2.121762239271875217e+01 7.799315497757533522e-02
1.750000000000000000e+00 -2.035159698893431113e+01 1.141286473227156317e-01
2.750000000000000000e+00 -2.035159698893431113e+01 1.141304738259007884e-01
3.250000000000000000e+00 -1.948557158514987364e+01 9.335150713165374370e-02
4.250000000000000000e+00 -1.948557158514987364e+01 9.335499328553295562e-02
1.750000000000000000e+00 -1.861954618136543615e+01 5.782658772903054301e-02
2.750000000000000000e+00 -1.861954618136543615e+01 5.783480199287169277e-02
3.250000000000000000e+00 -1.775352077758099512e+01 6.008590483988709985e-02
4.250000000000000000e+00 -1.775352077758099512e+01 6.009863346555702895e-02
1.750000000000000000e+00 -1.688749537379655763e+01 4.623955784629419502e-02
2.750000000000000000e+00 -1.688749537379655763e+01 4.626922013880073459e-02
3.250000000000000000e+00 -1.602146997001212014e+01 3.586779605821641820e-02
4.250000000000000000e+00 -1.602146997001212014e+01 3.591203293365341498e-02
1.750000000000000000e+00 -1.515544456622767733e+01 3.415539932699579451e-02
2.750000000000000000e+00 -1.515544456622767733e+01 3.425025515030701712e-02
3.250000000000000000e+00 -1.428941916244323806e+01 2.992750146711519940e-02
4.250000000000000000e+00 -1.428941916244323806e+01 3.006220912951943977e-02
1.750000000000000000e+00 -1.342339375865880058e+01 2.832926247927064489e-02
2.750000000000000000e+00 -1.342339375865880058e+01 2.861121476553164789e-02
3.250000000000000000e+00 -1.255736835487436132e+01 2.765950917720988445e-02
4.250000000000000000e+00 -1.255736835487436132e+01 2.800267339032572883e-02
1.750000000000000000e+00 -1.169134295108992383e+01 2.698194983554283444e-02
2.750000000000000000e+00 -1.169134295108992383e+01 2.772465915942385478e-02
3.250000000000000000e+00 -1.082531754730548457e+01 2.697381889991090978e-02
4.250000000000000000e+00 -1.082531754730548457e+01 2.780770077401679280e-02
1.750000000000000000e+00 -9.959292143521047080e+00 2.678202900249160301e-02
2.750000000000000000e+00 -9.959292143521047080e+00 2.831736022668145808e-02
3.250000000000000000e+00 -9.093266739736607818e+00 2.674237649357429081e-02
4.250000000000000000e+00 -9.093266739736607818e+00 2.867746262853392014e-02
1.750000000000000000e+00 -8.227241335952170331e+00 2.779038196473626599e-02
2.750000000000000000e+00 -8.227241335952170331e+00 3.051278122805320403e-02
3.250000000000000000e+00 -7.361215932167732845e+00 2.690405731702650433e-02
4.250000000000000000e+00 -7.361215932167732845e+00 2.968631369935129105e-02
1.750000000000000000e+00 -6.495190528383291806e+00 2.765924837495248312e-02
2.750000000000000000e+00 -6.495190528383291806e+00 3.288065413258038638e-02
3.250000000000000000e+00 -5.629165124598854320e+00 2.999732522140033386e-02
4.250000000000000000e+00 -5.629165124598854320e+00 3.287884192159326591e-02
1.750000000000000000e+00 -4.763139720814413280e+00 2.808102928543019725e-02
2.750000000000000000e+00 -4.763139720814413280e+00 3.206216102199434259e-02
3.250000000000000000e+00 -3.897114317029975794e+00 2.808075911516033640e-02
4.250000000000000000e+00 -3.897114317029975794e+00 3.631838452774550224e-02
1.750000000000000000e+00 -3.031088913245538308e+00 4.645707799144293410e-02
2.750000000000000000e+00 -3.031088913245538308e+00 3.787960015891228549e-02
3.250000000000000000e+00 -2.165063509461100821e+00 3.511283294491699541e-02
4.250000000000000000e+00 -2.165063509461100821e+00 3.292051210055593063e-02
1.750000000000000000e+00 -1.299038105676659782e+00 3.314250352347924283e-02
2.750000000000000000e+00 -1.299038105676659782e+00 4.087539703857080015e-02
3.250000000000000000e+00 -4.330127018922222959e-01 6.111372178180410342e-02
4.250000000000000000e+00 -4.330127018922222959e-01 3.787955385916469409e-02
1.750000000000000000e+00 4.330127018922151905e-01 1.798912322705904510e-01
2.750000000000000000e+00 4.330127018922151905e-01 2.521865435042931064e-02
3.250000000000000000e+00 1.299038105676652677e+00 6.111373719549294259e-02
4.250000000000000000e+00 1.299038105676652677e+00 3.787955380899641483e-02
1.750000000000000000e+00 2.165063509461093716e+00 3.314246765002291928e-02
2.750000000000000000e+00 2.165063509461093716e+00 4.087544267183231689e-02
3.250000000000000000e+00 3.031088913245531202e+00 3.511293888716353340e-02
4.250000000000000000e+00 3.031088913245531202e+00 3.292054726755442445e-02
1.750000000000000000e+00 3.897114317029972241e+00 4.645700057632407010e-02
2.750000000000000000e+00 3.897114317029972241e+00 3.787974237516637810e-02
3.250000000000000000e+00 4.763139720814409728e+00 2.808094768765732191e-02
4.250000000000000000e+00 4.763139720814409728e+00 3.631865168138415090e-02
1.750000000000000000e+00 5.629165124598847214e+00 2.808171509757899365e-02
2.750000000000000000e+00 5.629165124598847214e+00 3.206285165550459837e-02
3.250000000000000000e+00 6.495190528383284700e+00 2.999905427582416975e-02
4.250000000000000000e+00 6.495190528383284700e+00 3.288070730606061642e-02
1.750000000000000000e+00 7.361215932167725740e+00 2.766258666912897735e-02
2.750000000000000000e+00 7.361215932167725740e+00 3.288401967113480096e-02
3.250000000000000000e+00 8.227241335952166779e+00 2.691682276875234647e-02
4.250000000000000000e+00 8.227241335952166779e+00 2.969899624653444398e-02
1.750000000000000000e+00 9.093266739736600712e+00 2.780776617861616118e-02
2.750000000000000000e+00 9.093266739736600712e+00 3.053054981386332453e-02
3.250000000000000000e+00 9.959292143521041751e+00 2.679889376965755021e-02
4.250000000000000000e+00 9.959292143521041751e+00 2.873424844477346848e-02
1.750000000000000000e+00 1.082531754730548279e+01 2.690922064073968806e-02
2.750000000000000000e+00 1.082531754730548279e+01 2.844442904984164147e-02
3.250000000000000000e+00 1.169134295108992383e+01 2.713311880550119820e-02
4.250000000000000000e+00 1.169134295108992383e+01 2.796763501844471561e-02
1.750000000000000000e+00 1.255736835487435776e+01 2.765531950603025008e-02
2.750000000000000000e+00 1.255736835487435776e+01 2.839748674659674579e-02
3.250000000000000000e+00 1.342339375865879880e+01 2.831739677371954145e-02
4.250000000000000000e+00 1.342339375865879880e+01 2.866067432795059433e-02
1.750000000000000000e+00 1.428941916244323274e+01 2.996257396314927490e-02
2.750000000000000000e+00 1.428941916244323274e+01 3.024454976477097823e-02
3.250000000000000000e+00 1.515544456622767377e+01 3.414794944735230486e-02
4.250000000000000000e+00 1.515544456622767377e+01 3.428271953295004837e-02
1.750000000000000000e+00 1.602146997001211304e+01 3.587242020885009208e-02
2.750000000000000000e+00 1.602146997001211304e+01 3.596714315150110336e-02
3.250000000000000000e+00 1.688749537379655408e+01 4.624203373643281934e-02
4.250000000000000000e+00 1.688749537379655408e+01 4.628666612785184431e-02
1.750000000000000000e+00 1.775352077758098801e+01 6.008498260267995661e-02
2.750000000000000000e+00 1.775352077758098801e+01 6.011391095901781612e-02
3.250000000000000000e+00 1.861954618136542905e+01 5.782733206706242024e-02
4.250000000000000000e+00 1.861954618136542905e+01 5.784003316458564276e-02
1.750000000000000000e+00 1.948557158514986298e+01 9.335154440413392929e-02
2.750000000000000000e+00 1.948557158514986298e+01 9.335932993857044837e-02
3.250000000000000000e+00 2.035159698893430402e+01 1.141285976186036666e-01
4.250000000000000000e+00 2.035159698893430402e+01 1.141316573944782253e-01
1.750000000000000000e+00 2.121762239271873796e+01 7.799240141870542042e-02
2.750000000000000000e+00 2.121762239271873796e+01 7.799431907762476024e-02
3.250000000000000000e+00 2.208364779650317899e+01 1.479869402916890453e-01
4.250000000000000000e+00 2.208364779650317899e+01 1.479875690016387857e-01
1.750000000000000000e+00 2.294967320028762003e+01 1.566476773795389965e-01
2.750000000000000000e+00 2.294967320028762003e+01 1.566480934106203871e-01
3.250000000000000000e+00 2.381569860407206107e+01 4.775521297703848311e-02
4.250000000000000000e+00 2.381569860407206107e+01 4.775536257465792800e-02
1.750000000000000000e+00 2.468172400785649501e+01 1.502432286506271697e-01
2.750000000000000000e+00 2.468172400785649501e+01 1.502432851626489541e-01
3.250000000000000000e+00 2.554774941164093605e+01 1.488181127105551727e-01
4.250000000000000000e+00 2.554774941164093605e+01 1.488181610811396827e-01
4.750000000000000000e+00 -2.554774941164094315e+01 1.488181122859358607e-01
5.750000000000000000e+00 -2.554774941164094315e+01 1.488181105772733437e-01
6.250000000000000000e+00 -2.468172400785650566e+01 1.502432320496990825e-01
7.250000000000000000e+00 -2.468172400785650566e+01 1.502432662705801003e-01
4.750000000000000000e+00 -2.381569860407206463e+01 4.775521413573698137e-02
5.750000000000000000e+00 -2.381569860407206463e+01 4.775529104467902269e-02
6.250000000000000000e+00 -2.294967320028762714e+01 1.566476800743394349e-01
7.250000000000000000e+00 -2.294967320028762714e+01 1.566478396600470557e-01
4.750000000000000000e+00 -2.208364779650318965e+01 1.479869542161159623e-01
5.750000000000000000e+00 -2.208364779650318965e+01 1.479873321334166381e-01
6.250000000000000000e+00 -2.121762239271875217e+01 7.799232734690020319e-02
7.250000000000000000e+00 -2.121762239271875217e+01 7.799285551833191887e-02
4.750000000000000000e+00 -2.035159698893431113e+01 1.141286052649548022e-01
5.750000000000000000e+00 -2.035159698893431113e+01 1.141300246651563155e-01
6.250000000000000000e+00 -1.948557158514987364e+01 9.335140775845834904e-02
7.250000000000000000e+00 -1.948557158514987364e+01 9.335320257446802494e-02
4.750000000000000000e+00 -1.861954618136543615e+01 5.782661247667728044e-02
5.750000000000000000e+00 -1.861954618136543615e+01 5.783183355143785287e-02
6.250000000000000000e+00 -1.775352077758099512e+01 6.008524121114261485e-02
7.250000000000000000e+00 -1.775352077758099512e+01 6.009132415949064443e-02
4.750000000000000000e+00 -1.688749537379655763e+01 4.623940257560271716e-02
5.750000000000000000e+00 -1.688749537379655763e+01 4.625700496168181491e-02
6.250000000000000000e+00 -1.602146997001212014e+01 3.586656114278657936e-02
7.250000000000000000e+00 -1.602146997001212014e+01 3.588738006700808308e-02
4.750000000000000000e+00 -1.515544456622767733e+01 3.415124670944470753e-02
5.750000000000000000e+00 -1.515544456622767733e+01 3.420434941486368702e-02
6.250000000000000000e+00 -1.428941916244323806e+01 2.992784146213241236e-02
7.250000000000000000e+00 -1.428941916244323806e+01 2.999249788632638025e-02
4.750000000000000000e+00 -1.342339375865880058e+01 2.831260960649217839e-02
5.750000000000000000e+00 -1.342339375865880058e+01 2.847025166575989363e-02
6.250000000000000000e+00 -1.255736835487436132e+01 2.764284570970693133e-02
7.250000000000000000e+00 -1.255736835487436132e+01 2.780080593930173843e-02
4.750000000000000000e+00 -1.169134295108992383e+01 2.697317154767239766e-02
5.750000000000000000e+00 -1.169134295108992383e+01 2.740091088201650205e-02
6.250000000000000000e+00 -1.082531754730548457e+01 2.687212624910112480e-02
7.250000000000000000e+00 -1.082531754730548457e+01 2.724098922247390753e-02
4.750000000000000000e+00 -9.959292143521047080e+00 2.672895458202648178e-02
5.750000000000000000e+00 -9.959292143521047080e+00 2.756880525220498090e-02
6.250000000000000000e+00 -9.093266739736607818e+00 2.667232221964796479e-02
7.250000000000000000e+00 -9.093266739736607818e+00 2.762329010320767331e-02
4.750000000000000000e+00 -8.227241335952170331e+00 2.714064792544253202e-02
5.750000000000000000e+00 -8.227241335952170331e+00 2.865959800583274542e-02
6.250000000000000000e+00 -7.361215932167732845e+00 2.671175886806473332e-02
7.250000000000000000e+00 -7.361215932167732845e+00 2.823015991919379519e-02
4.750000000000000000e+00 -6.495190528383291806e+00 2.690065802606211864e-02
5.750000000000000000e+00 -6.495190528383291806e+00 3.049681100165294034e-02
6.250000000000000000e+00 -5.629165124598854320e+00 2.777220240141131669e-02
7.250000000000000000e+00 -5.629165124598854320e+00 2.954218247544907611e-02
4.750000000000000000e+00 -4.763139720814413280e+00 2.765659211010748630e-02
5.750000000000000000e+00 -4.763139720814413280e+00 3.116577493655270370e-02
6.250000000000000000e+00 -3.897114317029975794e+00 2.685510892169189201e-02
7.250000000000000000e+00 -3.897114317029975794e+00 3.144479606108471770e-02
4.750000000000000000e+00 -3.031088913245538308e+00 3.317968740428337004e-02
5.750000000000000000e+00 -3.031088913245538308e+00 3.397738262637151063e-02
6.250000000000000000e+00 -2.165063509461100821e+00 2.976745881374303487e-02
7.250000000000000000e+00 -2.165063509461100821e+00 3.116531129358421706e-02
4.750000000000000000e+00 -1.299038105676659782e+00 2.666624719920721032e-02
5.750000000000000000e+00 -1.299038105676659782e+00 3.631822889340838301e-02
6.250000000000000000e+00 -4.330127018922222959e-01 3.224920609889728174e-02
7.250000000000000000e+00 -4.330127018922222959e-01 3.287765301272470991e-02
4.750000000000000000e+00 4.330127018922151905e-01 5.468582767098437852e-02
5.750000000000000000e+00 4.330127018922151905e-01 3.206174577988345209e-02
6.250000000000000000e+00 1.299038105676652677e+00 3.224926710243391365e-02
7.250000000000000000e+00 1.299038105676652677e+00 3.287766452625023872e-02
4.750000000000000000e+00 2.165063509461093716e+00 2.666625950841616799e-02
5.750000000000000000e+00 2.165063509461093716e+00 3.631823330934903782e-02
6.250000000000000000e+00 3.031088913245531202e+00 2.976755386774998513e-02
7.250000000000000000e+00 3.031088913245531202e+00 3.116537458691102935e-02
4.750000000000000000e+00 3.897114317029972241e+00 3.317983977039612453e-02
5.750000000000000000e+00 3.897114317029972241e+00 3.397747798572118422e-02
6.250000000000000000e+00 4.763139720814409728e+00 2.685536129543940331e-02
7.250000000000000000e+00 4.763139720814409728e+00 3.144506789524111057e-02
4.750000000000000000e+00 5.629165124598847214e+00 2.765740279281599101e-02
5.750000000000000000e+00 5.629165124598847214e+00 3.116653342811458519e-02
6.250000000000000000e+00 6.495190528383284700e+00 2.777414454986643078e-02
7.250000000000000000e+00 6.495190528383284700e+00 2.954406613263851900e-02
4.750000000000000000e+00 7.361215932167725740e+00 2.690398723571810202e-02
5.750000000000000000e+00 7.361215932167725740e+00 3.050032976493578796e-02
6.250000000000000000e+00 8.227241335952166779e+00 2.672457372456418789e-02
7.250000000000000000e+00 8.227241335952166779e+00 2.824294132557269438e-02
4.750000000000000000e+00 9.093266739736600712e+00 2.715839414594563989e-02
5.750000000000000000e+00 9.093266739736600712e+00 2.867752080330679409e-02
6.250000000000000000e+00 9.959292143521041751e+00 2.672894465985556356e-02
7.250000000000000000e+00 9.959292143521041751e+00 2.767999880269861324e-02
4.750000000000000000e+00 1.082531754730548279e+01 2.685647861660405214e-02
5.750000000000000000e+00 1.082531754730548279e+01 2.769641392654709211e-02
6.250000000000000000e+00 1.169134295108992383e+01 2.703189824732987745e-02
7.250000000000000000e+00 1.169134295108992383e+01 2.740065816778072816e-02
4.750000000000000000e+00 1.255736835487435776e+01 2.764634326523988245e-02
5.750000000000000000e+00 1.255736835487435776e+01 2.807465178240839410e-02
6.250000000000000000e+00 1.342339375865879880e+01 2.830097829909475338e-02
7.250000000000000000e+00 1.342339375865879880e+01 2.845885275508278078e-02
4.750000000000000000e+00 1.428941916244323274e+01 2.994591204095123360e-02
5.750000000000000000e+00 1.428941916244323274e+01 3.010423352270266695e-02
6.250000000000000000e+00 1.515544456622767377e+01 3.414825883650340899e-02
7.250000000000000000e+00 1.515544456622767377e+01 3.421318784865523543e-02
4.750000000000000000e+00 1.602146997001211304e+01 3.586858393326593231e-02
5.750000000000000000e+00 1.602146997001211304e+01 3.592195619062661660e-02
6.250000000000000000e+00 1.688749537379655408e+01 4.624098338955225096e-02
7.250000000000000000e+00 1.688749537379655408e+01 4.626208218689961682e-02
4.750000000000000000e+00 1.775352077758098801e+01 6.008490173787998934e-02
5.750000000000000000e+00 1.775352077758098801e+01 6.010281268615511041e-02
6.250000000000000000e+00 1.861954618136542905e+01 5.782690472266036052e-02
7.250000000000000000e+00 1.861954618136542905e+01 5.783314329540802101e-02
4.750000000000000000e+00 1.948557158514986298e+01 9.335148221425235149e-02
5.750000000000000000e+00 1.948557158514986298e+01 9.335703990883024994e-02
6.250000000000000000e+00 2.035159698893430402e+01 1.141285515355006663e-01
7.250000000000000000e+00 2.035159698893430402e+01 1.141305317425736349e-01
4.750000000000000000e+00 2.121762239271873796e+01 7.799238318133527859e-02
5.750000000000000000e+00 2.121762239271873796e+01 7.799379321594356040e-02
6.250000000000000000e+00 2.208364779650317899e+01 1.479869379671829299e-01
7.250000000000000000e+00 2.208364779650317899e+01 1.479875786009154925e-01
4.750000000000000000e+00 2.294967320028762003e+01 1.566477050811406202e-01
5.750000000000000000e+00 2.294967320028762003e+01 1.566479039580660482e-01
6.250000000000000000e+00 2.381569860407206107e+01 4.775521965146996978e-02
7.250000000000000000e+00 2.381569860407206107e+01 4.775536613886705029e-02
4.750000000000000000e+00 2.468172400785649501e+01 1.502432387205724640e-01
5.750000000000000000e+00 2.468172400785649501e+01 1.502432353357799621e-01
6.250000000000000000e+00 2.554774941164093605e+01 1.488181215915967692e-01
7.250000000000000000e+00 2.554774941164093605e+01 1.488181232719661407e-01
