-7.250000000000000000e+00 -2.554774941164094315e+01 1.272636802479239493e-01
-6.250000000000000000e+00 -2.554774941164094315e+01 1.272635638877897268e-01
-5.750000000000000000e+00 -2.468172400785650566e+01 1.273137159758124526e-01
-4.750000000000000000e+00 -2.468172400785650566e+01 1.273135441018938274e-01
-7.250000000000000000e+00 -2.381569860407206463e+01 7.170494992470846651e-02
-6.250000000000000000e+00 -2.381569860407206463e+01 7.170472720862262894e-02
-5.750000000000000000e+00 -2.294967320028762714e+01 2.087224281908499068e-01
-4.750000000000000000e+00 -2.294967320028762714e+01 2.087216339493655759e-01
-7.250000000000000000e+00 -2.208364779650318965e+01 2.133169847370832151e-01
-6.250000000000000000e+00 -2.208364779650318965e+01 2.133158552047476064e-01
-5.750000000000000000e+00 -2.121762239271875217e+01 1.887020489919989386e-01
-4.750000000000000000e+00 -2.121762239271875217e+01 1.886992766823930578e-01
-7.250000000000000000e+00 -2.035159698893431113e+01 2.753648207595709163e-01
-6.250000000000000000e+00 -2.035159698893431113e+01 2.753602539726355825e-01
-5.750000000000000000e+00 -1.948557158514987364e+01 2.635274029212704150e-01
-4.750000000000000000e+00 -1.948557158514987364e+01 2.635163812187811816e-01
-7.250000000000000000e+00 -1.861954618136543615e+01 2.348718829203827185e-01
-6.250000000000000000e+00 -1.861954618136543615e+01 2.348552886462668132e-01
-5.750000000000000000e+00 -1.775352077758099512e+01 2.533411666749240676e-01
-4.750000000000000000e+00 -1.775352077758099512e+01 2.532985457722721767e-01
-7.250000000000000000e+00 -1.688749537379655763e+01 2.277234587519767761e-01
-6.250000000000000000e+00 -1.688749537379655763e+01 2.276636857976778172e-01
-5.750000000000000000e+00 -1.602146997001212014e+01 2.040919105393330379e-01
-4.750000000000000000e+00 -1.602146997001212014e+01 2.039404967859666518e-01
-7.250000000000000000e+00 -1.515544456622767733e+01 1.979366275098439210e-01
-6.250000000000000000e+00 -1.515544456622767733e+01 1.977373119849724636e-01
-5.750000000000000000e+00 -1.428941916244323806e+01 1.824302520780588521e-01
-4.750000000000000000e+00 -1.428941916244323806e+01 1.819351481167898466e-01
-7.250000000000000000e+00 -1.342339375865880058e+01 1.735004485033091459e-01
-6.250000000000000000e+00 -1.342339375865880058e+01 1.728921316633102445e-01
-5.750000000000000000e+00 -1.255736835487436132e+01 1.693824629090350253e-01
-4.750000000000000000e+00 -1.255736835487436132e+01 1.679244214251026934e-01
-7.250000000000000000e+00 -1.169134295108992383e+01 1.650088316748078987e-01
-6.250000000000000000e+00 -1.169134295108992383e+01 1.633154067630538664e-01
-5.750000000000000000e+00 -1.082531754730548457e+01 1.632555555603920072e-01
-4.750000000000000000e+00 -1.082531754730548457e+01 1.593965018527867261e-01
-7.250000000000000000e+00 -9.959292143521047080e+00 1.622240962040178425e-01
-6.250000000000000000e+00 -9.959292143521047080e+00 1.580445722201286041e-01
-5.750000000000000000e+00 -9.093266739736607818e+00 1.616721899617668545e-01
-4.750000000000000000e+00 -9.093266739736607818e+00 1.524919755177284730e-01
-7.250000000000000000e+00 -8.227241335952170331e+00 1.612922309476223504e-01
-6.250000000000000000e+00 -8.227241335952170331e+00 1.522699988762317713e-01
-5.750000000000000000e+00 -7.361215932167732845e+00 1.613288482605298724e-01
-4.750000000000000000e+00 -7.361215932167732845e+00 1.423112914829093301e-01
-7.250000000000000000e+00 -6.495190528383291806e+00 1.612150013338170262e-01
-6.250000000000000000e+00 -6.495190528383291806e+00 1.438047170000250896e-01
-5.750000000000000000e+00 -5.629165124598854320e+00 1.610482225894984964e-01
-4.750000000000000000e+00 -5.629165124598854320e+00 1.273050563618547126e-01
-7.250000000000000000e+00 -4.763139720814413280e+00 1.613799986370153539e-01
-6.250000000000000000e+00 -4.763139720814413280e+00 1.317701514961860110e-01
-5.750000000000000000e+00 -3.897114317029975794e+00 1.617061438990805566e-01
-4.750000000000000000e+00 -3.897114317029975794e+00 1.082514428881495433e-01
-7.250000000000000000e+00 -3.031088913245538308e+00 1.610910982094678201e-01
-6.250000000000000000e+00 -3.031088913245538308e+00 1.187575743559654007e-01
-5.750000000000000000e+00 -2.165063509461100821e+00 1.625057310137568156e-01
-4.750000000000000000e+00 -2.165063509461100821e+00 8.808680344531205630e-02
-7.250000000000000000e+00 -1.299038105676659782e+00 1.612512982363986935e-01
-6.250000000000000000e+00 -1.299038105676659782e+00 1.082476755630093351e-01
-5.750000000000000000e+00 -4.330127018922222959e-01 1.613749333898289728e-01
-4.750000000000000000e+00 -4.330127018922222959e-01 7.701216619580586453e-02
-7.250000000000000000e+00 4.330127018922151905e-01 1.617731890431196029e-01
-6.250000000000000000e+00 4.330127018922151905e-01 1.029452495620733904e-01
-5.750000000000000000e+00 1.299038105676652677e+00 1.613751172210174945e-01
-4.750000000000000000e+00 1.299038105676652677e+00 7.701242583928094576e-02
-7.250000000000000000e+00 2.165063509461093716e+00 1.612516529217091765e-01
-6.250000000000000000e+00 2.165063509461093716e+00 1.082480213289718912e-01
-5.750000000000000000e+00 3.031088913245531202e+00 1.625067932543267646e-01
-4.750000000000000000e+00 3.031088913245531202e+00 8.808790051001955113e-02
-7.250000000000000000e+00 3.897114317029972241e+00 1.610935248923724694e-01
-6.250000000000000000e+00 3.897114317029972241e+00 1.187604298660917684e-01
-5.750000000000000000e+00 4.763139720814409728e+00 1.617104400846554602e-01
-4.750000000000000000e+00 4.763139720814409728e+00 1.082556488000725181e-01
-7.250000000000000000e+00 5.629165124598847214e+00 1.613948080758108861e-01
-6.250000000000000000e+00 5.629165124598847214e+00 1.317855886751466699e-01
-5.750000000000000000e+00 6.495190528383284700e+00 1.610731597275263105e-01
-4.750000000000000000e+00 6.495190528383284700e+00 1.273296026565394201e-01
-7.250000000000000000e+00 7.361215932167725740e+00 1.612774645901888793e-01
-6.250000000000000000e+00 7.361215932167725740e+00 1.438670210345735223e-01
-5.750000000000000000e+00 8.227241335952166779e+00 1.614864770119079918e-01
-4.750000000000000000e+00 8.227241335952166779e+00 1.424664900213691854e-01
-7.250000000000000000e+00 9.093266739736600712e+00 1.615157733577486376e-01
-6.250000000000000000e+00 9.093266739736600712e+00 1.524929363117595305e-01
-5.750000000000000000e+00 9.959292143521041751e+00 1.623560529781128414e-01
-4.750000000000000000e+00 9.959292143521041751e+00 1.531713853644395273e-01
-7.250000000000000000e+00 1.082531754730548279e+01 1.632558031560124301e-01
-6.250000000000000000e+00 1.082531754730548279e+01 1.590747031598330197e-01
-5.750000000000000000e+00 1.169134295108992383e+01 1.650160293195374051e-01
-4.750000000000000000e+00 1.169134295108992383e+01 1.611537450524232473e-01
-7.250000000000000000e+00 1.255736835487435776e+01 1.694019395665995464e-01
-6.250000000000000000e+00 1.255736835487435776e+01 1.677044800276405179e-01
-5.750000000000000000e+00 1.342339375865879880e+01 1.734977409406753268e-01
-4.750000000000000000e+00 1.342339375865879880e+01 1.720365467560633632e-01
-7.250000000000000000e+00 1.428941916244323274e+01 1.824317183262092468e-01
-6.250000000000000000e+00 1.428941916244323274e+01 1.818198816175409238e-01
-5.750000000000000000e+00 1.515544456622767377e+01 1.979390704621321606e-01
-4.750000000000000000e+00 1.515544456622767377e+01 1.974399791677100280e-01
-7.250000000000000000e+00 1.602146997001211304e+01 2.040910174081141670e-01
-6.250000000000000000e+00 1.602146997001211304e+01 2.038896838820348223e-01
-5.750000000000000000e+00 1.688749537379655408e+01 2.277241923677249535e-01
-4.750000000000000000e+00 1.688749537379655408e+01 2.275710636042805324e-01
-7.250000000000000000e+00 1.775352077758098801e+01 2.533412850106731007e-01
-6.250000000000000000e+00 1.775352077758098801e+01 2.532792398591241501e-01
-5.750000000000000000e+00 1.861954618136542905e+01 2.348717733545837849e-01
-4.750000000000000000e+00 1.861954618136542905e+01 2.348283290308880167e-01
-7.250000000000000000e+00 1.948557158514986298e+01 2.635274676040004760e-01
-6.250000000000000000e+00 1.948557158514986298e+01 2.635098782007798124e-01
-5.750000000000000000e+00 2.035159698893430402e+01 2.753647505629749359e-01
-4.750000000000000000e+00 2.035159698893430402e+01 2.753526170713183618e-01
-7.250000000000000000e+00 2.121762239271873796e+01 1.887019784170581027e-01
-6.250000000000000000e+00 2.121762239271873796e+01 1.886974060615301818e-01
-5.750000000000000000e+00 2.208364779650317899e+01 2.133169378722344078e-01
-4.750000000000000000e+00 2.208364779650317899e+01 2.133139533588397363e-01
-7.250000000000000000e+00 2.294967320028762003e+01 2.087223961719819332e-01
-6.250000000000000000e+00 2.294967320028762003e+01 2.087210081338912171e-01
-5.750000000000000000e+00 2.381569860407206107e+01 7.170493772043641523e-02
-4.750000000000000000e+00 2.381569860407206107e+01 7.170431029200136086e-02
-7.250000000000000000e+00 2.468172400785649501e+01 1.273137096578477456e-01
-6.250000000000000000e+00 2.468172400785649501e+01 1.273133671438526904e-01
-5.750000000000000000e+00 2.554774941164093605e+01 1.272636808084946503e-01
-4.750000000000000000e+00 2.554774941164093605e+01 1.272633338565349603e-01
-4.250000000000000000e+00 -2.554774941164094315e+01 1.272636775650872465e-01
-3.250000000000000000e+00 -2.554774941164094315e+01 1.272635106610189581e-01
-2.750000000000000000e+00 -2.468172400785650566e+01 1.273137111355595597e-01
-1.750000000000000000e+00 -2.468172400785650566e+01 1.273135710624566097e-01
-4.250000000000000000e+00 -2.381569860407206463e+01 7.170494740430892466e-02
-3.250000000000000000e+00 -2.381569860407206463e+01 7.170462974301353154e-02
-2.750000000000000000e+00 -2.294967320028762714e+01 2.087224159468731022e-01
-1.750000000000000000e+00 -2.294967320028762714e+01 2.087216173987782863e-01
-4.250000000000000000e+00 -2.208364779650318965e+01 2.133169789988147991e-01
-3.250000000000000000e+00 -2.208364779650318965e+01 2.133155447941148253e-01
-2.750000000000000000e+00 -2.121762239271875217e+01 1.887020439375031167e-01
-1.750000000000000000e+00 -2.121762239271875217e+01 1.886987995968694432e-01
-4.250000000000000000e+00 -2.035159698893431113e+01 2.753648646479918138e-01
-3.250000000000000000e+00 -2.035159698893431113e+01 2.753583104013392346e-01
-2.750000000000000000e+00 -1.948557158514987364e+01 2.635273875878559879e-01
-1.750000000000000000e+00 -1.948557158514987364e+01 2.635136057744733584e-01
-4.250000000000000000e+00 -1.861954618136543615e+01 2.348719961623777497e-01
-3.250000000000000000e+00 -1.861954618136543615e+01 2.348457563923837255e-01
-2.750000000000000000e+00 -1.775352077758099512e+01 2.533413246111691497e-01
-1.750000000000000000e+00 -1.775352077758099512e+01 2.532837093232278014e-01
-4.250000000000000000e+00 -1.688749537379655763e+01 2.277233792448158933e-01
-3.250000000000000000e+00 -1.688749537379655763e+01 2.276239871633866652e-01
-2.750000000000000000e+00 -1.602146997001212014e+01 2.040923353856032574e-01
-1.750000000000000000e+00 -1.602146997001212014e+01 2.038763999377943559e-01
-4.250000000000000000e+00 -1.515544456622767733e+01 1.979376025232519876e-01
-3.250000000000000000e+00 -1.515544456622767733e+01 1.975893816894392641e-01
-2.750000000000000000e+00 -1.428941916244323806e+01 1.824291065690357705e-01
-1.750000000000000000e+00 -1.428941916244323806e+01 1.817047631528053153e-01
-4.250000000000000000e+00 -1.342339375865880058e+01 1.735067717797612596e-01
-3.250000000000000000e+00 -1.342339375865880058e+01 1.724042522708249259e-01
-2.750000000000000000e+00 -1.255736835487436132e+01 1.693864073542333815e-01
-1.750000000000000000e+00 -1.255736835487436132e+01 1.672044743173665415e-01
-4.250000000000000000e+00 -1.169134295108992383e+01 1.650102082925218872e-01
-3.250000000000000000e+00 -1.169134295108992383e+01 1.618837798988635168e-01
-2.750000000000000000e+00 -1.082531754730548457e+01 1.632936560817830896e-01
-1.750000000000000000e+00 -1.082531754730548457e+01 1.574084242019690993e-01
-4.250000000000000000e+00 -9.959292143521047080e+00 1.621982797210925753e-01
-3.250000000000000000e+00 -9.959292143521047080e+00 1.543622337287698654e-01
-2.750000000000000000e+00 -9.093266739736607818e+00 1.616577763715471017e-01
-1.750000000000000000e+00 -9.093266739736607818e+00 1.476021496520900644e-01
-4.250000000000000000e+00 -8.227241335952170331e+00 1.614860807179377966e-01
-3.250000000000000000e+00 -8.227241335952170331e+00 1.440221886611632307e-01
-2.750000000000000000e+00 -7.361215932167732845e+00 1.611352547146872594e-01
-1.750000000000000000e+00 -7.361215932167732845e+00 1.318721355481531909e-01
-4.250000000000000000e+00 -6.495190528383291806e+00 1.621617999890017925e-01
-3.250000000000000000e+00 -6.495190528383291806e+00 1.273292644710333765e-01
-2.750000000000000000e+00 -5.629165124598854320e+00 1.623453731805419298e-01
-1.750000000000000000e+00 -5.629165124598854320e+00 1.082698869292963439e-01
-4.250000000000000000e+00 -4.763139720814413280e+00 1.623300517332841308e-01
-3.250000000000000000e+00 -4.763139720814413280e+00 1.029525057733794574e-01
-2.750000000000000000e+00 -3.897114317029975794e+00 1.676153734294128506e-01
-1.750000000000000000e+00 -3.897114317029975794e+00 7.701541249514169685e-02
-4.250000000000000000e+00 -3.031088913245538308e+00 1.610548249012876132e-01
-3.250000000000000000e+00 -3.031088913245538308e+00 7.701317971104963689e-02
-2.750000000000000000e+00 -2.165063509461100821e+00 1.694647708393111352e-01
-1.750000000000000000e+00 -2.165063509461100821e+00 4.261138720875289748e-02
-4.250000000000000000e+00 -1.299038105676659782e+00 1.629697021284677860e-01
-3.250000000000000000e+00 -1.299038105676659782e+00 5.554759655841776111e-02
-2.750000000000000000e+00 -4.330127018922222959e-01 1.627100921458402571e-01
-1.750000000000000000e+00 -4.330127018922222959e-01 2.561491265111747601e-02
-4.250000000000000000e+00 4.330127018922151905e-01 1.657395358710468947e-01
-3.250000000000000000e+00 4.330127018922151905e-01 4.261136593315058285e-02
-2.750000000000000000e+00 1.299038105676652677e+00 1.627102663610802136e-01
-1.750000000000000000e+00 1.299038105676652677e+00 2.561492548654316359e-02
-4.250000000000000000e+00 2.165063509461093716e+00 1.629698758177839657e-01
-3.250000000000000000e+00 2.165063509461093716e+00 5.554797229676165793e-02
-2.750000000000000000e+00 3.031088913245531202e+00 1.694653563357770842e-01
-1.750000000000000000e+00 3.031088913245531202e+00 4.261184673987201271e-02
-4.250000000000000000e+00 3.897114317029972241e+00 1.610573480744983410e-01
-3.250000000000000000e+00 3.897114317029972241e+00 7.701539996731671112e-02
-2.750000000000000000e+00 4.763139720814409728e+00 1.676184175596379666e-01
-1.750000000000000000e+00 4.763139720814409728e+00 7.701893184943167658e-02
-4.250000000000000000e+00 5.629165124598847214e+00 1.623454067743328733e-01
-3.250000000000000000e+00 5.629165124598847214e+00 1.029662072337371170e-01
-2.750000000000000000e+00 6.495190528383284700e+00 1.623694154613164464e-01
-1.750000000000000000e+00 6.495190528383284700e+00 1.082942266076740434e-01
-4.250000000000000000e+00 7.361215932167725740e+00 1.622240196823723224e-01
-3.250000000000000000e+00 7.361215932167725740e+00 1.273897437906519881e-01
-2.750000000000000000e+00 8.227241335952166779e+00 1.612922574141214538e-01
-1.750000000000000000e+00 8.227241335952166779e+00 1.320290412828824811e-01
-4.250000000000000000e+00 9.093266739736600712e+00 1.617087694458170521e-01
-3.250000000000000000e+00 9.093266739736600712e+00 1.442440384623874805e-01
-2.750000000000000000e+00 9.959292143521041751e+00 1.623394725055952725e-01
-1.750000000000000000e+00 9.959292143521041751e+00 1.482863829164412506e-01
-4.250000000000000000e+00 1.082531754730548279e+01 1.632301881879440197e-01
-3.250000000000000000e+00 1.082531754730548279e+01 1.553920283736956176e-01
-2.750000000000000000e+00 1.169134295108992383e+01 1.650522554877522086e-01
-1.750000000000000000e+00 1.169134295108992383e+01 1.591713628355882759e-01
-4.250000000000000000e+00 1.255736835487435776e+01 1.694029109140231526e-01
-3.250000000000000000e+00 1.255736835487435776e+01 1.662747002235417382e-01
-2.750000000000000000e+00 1.342339375865879880e+01 1.735013697605797267e-01
-1.750000000000000000e+00 1.342339375865879880e+01 1.713218314627493188e-01
-4.250000000000000000e+00 1.428941916244323274e+01 1.824366322302987953e-01
-3.250000000000000000e+00 1.428941916244323274e+01 1.813348139510726209e-01
-2.750000000000000000e+00 1.515544456622767377e+01 1.979370421718240902e-01
-1.750000000000000000e+00 1.515544456622767377e+01 1.972153662006750074e-01
-4.250000000000000000e+00 1.602146997001211304e+01 2.040914917025114794e-01
-3.250000000000000000e+00 1.602146997001211304e+01 2.037427250641490051e-01
-2.750000000000000000e+00 1.688749537379655408e+01 2.277239417040087810e-01
-1.750000000000000000e+00 1.688749537379655408e+01 2.275107331722601711e-01
-4.250000000000000000e+00 1.775352077758098801e+01 2.533409201499668972e-01
-3.250000000000000000e+00 1.775352077758098801e+01 2.532401336549233162e-01
-2.750000000000000000e+00 1.861954618136542905e+01 2.348720988718953906e-01
-1.750000000000000000e+00 1.861954618136542905e+01 2.348145191528776821e-01
-4.250000000000000000e+00 1.948557158514986298e+01 2.635272717515259600e-01
-3.250000000000000000e+00 1.948557158514986298e+01 2.635009379780061112e-01
-2.750000000000000000e+00 2.035159698893430402e+01 2.753648455203829837e-01
-1.750000000000000000e+00 2.035159698893430402e+01 2.753504709618653234e-01
-4.250000000000000000e+00 2.121762239271873796e+01 1.887020115280451660e-01
-3.250000000000000000e+00 2.121762239271873796e+01 1.886952137080745440e-01
-2.750000000000000000e+00 2.208364779650317899e+01 2.133169516651354791e-01
-1.750000000000000000e+00 2.208364779650317899e+01 2.133138319475644251e-01
-4.250000000000000000e+00 2.294967320028762003e+01 2.087224286078870894e-01
-3.250000000000000000e+00 2.294967320028762003e+01 2.087204317407002074e-01
-2.750000000000000000e+00 2.381569860407206107e+01 7.170494987486085436e-02
-1.750000000000000000e+00 2.381569860407206107e+01 7.170419215595170981e-02
-4.250000000000000000e+00 2.468172400785649501e+01 1.273137142312490699e-01
-3.250000000000000000e+00 2.468172400785649501e+01 1.273132872576144270e-01
-2.750000000000000000e+00 2.554774941164093605e+01 1.272636828863610292e-01
-1.750000000000000000e+00 2.554774941164093605e+01 1.272632600328620911e-01
-1.250000000000000000e+00 -2.554774941164094315e+01 1.272636780145797453e-01
-2.500000000000000000e-01 -2.554774941164094315e+01 1.272635386328740126e-01
2.500000000000000000e-01 -2.468172400785650566e+01 1.273137107158309467e-01
1.250000000000000000e+00 -2.468172400785650566e+01 1.273136613221395319e-01
-1.250000000000000000e+00 -2.381569860407206463e+01 7.170494834200619172e-02
-2.500000000000000000e-01 -2.381569860407206463e+01 7.170465718872610916e-02
2.500000000000000000e-01 -2.294967320028762714e+01 2.087224102734568931e-01
1.250000000000000000e+00 -2.294967320028762714e+01 2.087218974072373168e-01
-1.250000000000000000e+00 -2.208364779650318965e+01 2.133169579905731805e-01
-2.500000000000000000e-01 -2.208364779650318965e+01 2.133157243235875300e-01
2.500000000000000000e-01 -2.121762239271875217e+01 1.887020434221498288e-01
1.250000000000000000e+00 -2.121762239271875217e+01 1.886990602665767625e-01
-1.250000000000000000e+00 -2.035159698893431113e+01 2.753647910963305523e-01
-2.500000000000000000e-01 -2.035159698893431113e+01 2.753582319347340768e-01
2.500000000000000000e-01 -1.948557158514987364e+01 2.635273698084095728e-01
1.250000000000000000e+00 -1.948557158514987364e+01 2.635135152320235430e-01
-1.250000000000000000e+00 -1.861954618136543615e+01 2.348719514234703098e-01
-2.500000000000000000e-01 -1.861954618136543615e+01 2.348421195410967111e-01
2.500000000000000000e-01 -1.775352077758099512e+01 2.533410990493544790e-01
1.250000000000000000e+00 -1.775352077758099512e+01 2.532831158970288432e-01
-1.250000000000000000e+00 -1.688749537379655763e+01 2.277233675198809815e-01
-2.500000000000000000e-01 -1.688749537379655763e+01 2.276055344413708548e-01
2.500000000000000000e-01 -1.602146997001212014e+01 2.040918284864556287e-01
1.250000000000000000e+00 -1.602146997001212014e+01 2.038745157190527402e-01
-1.250000000000000000e+00 -1.515544456622767733e+01 1.979382994401723272e-01
-2.500000000000000000e-01 -1.515544456622767733e+01 1.975184860826763866e-01
2.500000000000000000e-01 -1.428941916244323806e+01 1.824285704902666172e-01
1.250000000000000000e+00 -1.428941916244323806e+01 1.817011535102099618e-01
-1.250000000000000000e+00 -1.342339375865880058e+01 1.735077296643221523e-01
-2.500000000000000000e-01 -1.342339375865880058e+01 1.721647440262735751e-01
2.500000000000000000e-01 -1.255736835487436132e+01 1.693893913717546829e-01
1.250000000000000000e+00 -1.255736835487436132e+01 1.672007811031358815e-01
-1.250000000000000000e+00 -1.169134295108992383e+01 1.649995926918373379e-01
-2.500000000000000000e-01 -1.169134295108992383e+01 1.611700584300042038e-01
2.500000000000000000e-01 -1.082531754730548457e+01 1.632885455594647039e-01
1.250000000000000000e+00 -1.082531754730548457e+01 1.574058542726604615e-01
-1.250000000000000000e+00 -9.959292143521047080e+00 1.622131356684527737e-01
-2.500000000000000000e-01 -9.959292143521047080e+00 1.525083595030578554e-01
2.500000000000000000e-01 -9.093266739736607818e+00 1.615785543384574141e-01
1.250000000000000000e+00 -9.093266739736607818e+00 1.476007720922177802e-01
-1.250000000000000000e+00 -8.227241335952170331e+00 1.616391115847660986e-01
-2.500000000000000000e-01 -8.227241335952170331e+00 1.398123641189981670e-01
2.500000000000000000e-01 -7.361215932167732845e+00 1.611993043348497467e-01
1.250000000000000000e+00 -7.361215932167732845e+00 1.318722336296493380e-01
-1.250000000000000000e+00 -6.495190528383291806e+00 1.617503313635113571e-01
-2.500000000000000000e-01 -6.495190528383291806e+00 1.188048526489235007e-01
2.500000000000000000e-01 -5.629165124598854320e+00 1.625278324235128469e-01
1.250000000000000000e+00 -5.629165124598854320e+00 1.082709653098122143e-01
-1.250000000000000000e+00 -4.763139720814413280e+00 1.610613480675790465e-01
-2.500000000000000000e-01 -4.763139720814413280e+00 8.809453853122642397e-02
2.500000000000000000e-01 -3.897114317029975794e+00 1.629733545144523565e-01
1.250000000000000000e+00 -3.897114317029975794e+00 7.701638763619966799e-02
-1.250000000000000000e+00 -3.031088913245538308e+00 1.694656176146067950e-01
-2.500000000000000000e-01 -3.031088913245538308e+00 5.554872507798991332e-02
2.500000000000000000e-01 -2.165063509461100821e+00 1.627105007135495052e-01
1.250000000000000000e+00 -2.165063509461100821e+00 4.261178144290081460e-02
-1.250000000000000000e+00 -1.299038105676659782e+00 1.996761620936402526e-01
-2.500000000000000000e-01 -1.299038105676659782e+00 2.561492774788423979e-02
2.500000000000000000e-01 -4.330127018922222959e-01 2.207403377255860999e-01
1.250000000000000000e+00 -4.330127018922222959e-01 2.561491265111666762e-02
-1.250000000000000000e+00 4.330127018922151905e-01 2.207405831815552610e-01
-2.500000000000000000e-01 4.330127018922151905e-01 5.573333937889096007e-07
2.500000000000000000e-01 1.299038105676652677e+00 2.207412102120926978e-01
1.250000000000000000e+00 1.299038105676652677e+00 2.561512990172824106e-02
-1.250000000000000000e+00 2.165063509461093716e+00 1.996763532636768312e-01
-2.500000000000000000e-01 2.165063509461093716e+00 2.561509069829730895e-02
2.500000000000000000e-01 3.031088913245531202e+00 1.627114803247990404e-01
1.250000000000000000e+00 3.031088913245531202e+00 4.261298305942858022e-02
-1.250000000000000000e+00 3.897114317029972241e+00 1.694683705190735412e-01
-2.500000000000000000e-01 3.897114317029972241e+00 5.555110988303497976e-02
2.500000000000000000e-01 4.763139720814409728e+00 1.629774386979327971e-01
1.250000000000000000e+00 4.763139720814409728e+00 7.702120719981460362e-02
-1.250000000000000000e+00 5.629165124598847214e+00 1.610762233077678851e-01
-2.500000000000000000e-01 5.629165124598847214e+00 8.810994301577225463e-02
2.500000000000000000e-01 6.495190528383284700e+00 1.625534738088125764e-01
1.250000000000000000e+00 6.495190528383284700e+00 1.082971133989720086e-01
-1.250000000000000000e+00 7.361215932167725740e+00 1.618114611777408673e-01
-2.500000000000000000e-01 7.361215932167725740e+00 1.188688343401778647e-01
2.500000000000000000e-01 8.227241335952166779e+00 1.613567180038738558e-01
1.250000000000000000e+00 8.227241335952166779e+00 1.320312141800733807e-01
-1.250000000000000000e+00 9.093266739736600712e+00 1.618620635327375212e-01
-2.500000000000000000e-01 9.093266739736600712e+00 1.400385978886218019e-01
2.500000000000000000e-01 9.959292143521041751e+00 1.622606558224116147e-01
1.250000000000000000e+00 9.959292143521041751e+00 1.482856572882025048e-01
-1.250000000000000000e+00 1.082531754730548279e+01 1.632452743477570967e-01
-2.500000000000000000e-01 1.082531754730548279e+01 1.535440024047654561e-01
2.500000000000000000e-01 1.169134295108992383e+01 1.650492169307494761e-01
1.250000000000000000e+00 1.169134295108992383e+01 1.591678871434984155e-01
-1.250000000000000000e+00 1.255736835487435776e+01 1.693911026134991837e-01
-2.500000000000000000e-01 1.255736835487435776e+01 1.655677494849657760e-01
2.500000000000000000e-01 1.342339375865879880e+01 1.735054642703092453e-01
1.250000000000000000e+00 1.342339375865879880e+01 1.713186372594170670e-01
-1.250000000000000000e+00 1.428941916244323274e+01 1.824376359440176010e-01
-2.500000000000000000e-01 1.428941916244323274e+01 1.811001450412074998e-01
2.500000000000000000e-01 1.515544456622767377e+01 1.979366375022936220e-01
1.250000000000000000e+00 1.515544456622767377e+01 1.972130975479215176e-01
-1.250000000000000000e+00 1.602146997001211304e+01 2.040930037194045865e-01
-2.500000000000000000e-01 1.602146997001211304e+01 2.036758910243182952e-01
2.500000000000000000e-01 1.688749537379655408e+01 2.277242586276966296e-01
1.250000000000000000e+00 1.688749537379655408e+01 2.275095308340700506e-01
-1.250000000000000000e+00 1.775352077758098801e+01 2.533410110388145120e-01
-2.500000000000000000e-01 1.775352077758098801e+01 2.532257400152351234e-01
2.500000000000000000e-01 1.861954618136542905e+01 2.348723607857129136e-01
1.250000000000000000e+00 1.861954618136542905e+01 2.348155284460407277e-01
-1.250000000000000000e+00 1.948557158514986298e+01 2.635273601740851235e-01
-2.500000000000000000e-01 1.948557158514986298e+01 2.634990839947222163e-01
2.500000000000000000e-01 2.035159698893430402e+01 2.753648232394954043e-01
1.250000000000000000e+00 2.035159698893430402e+01 2.753521610680356169e-01
-1.250000000000000000e+00 2.121762239271873796e+01 1.887021080980123278e-01
-2.500000000000000000e-01 2.121762239271873796e+01 1.886953575640216152e-01
2.500000000000000000e-01 2.208364779650317899e+01 2.133169549893676187e-01
1.250000000000000000e+00 2.208364779650317899e+01 2.133145862161877626e-01
-1.250000000000000000e+00 2.294967320028762003e+01 2.087224352903335745e-01
-2.500000000000000000e-01 2.294967320028762003e+01 2.087208295538209024e-01
2.500000000000000000e-01 2.381569860407206107e+01 7.170495268006074618e-02
1.250000000000000000e+00 2.381569860407206107e+01 7.170438501586431923e-02
-1.250000000000000000e+00 2.468172400785649501e+01 1.273137104933893538e-01
-2.500000000000000000e-01 2.468172400785649501e+01 1.273134475647031694e-01
2.500000000000000000e-01 2.554774941164093605e+01 1.272636752249111658e-01
1.250000000000000000e+00 2.554774941164093605e+01 1.272634200613409483e-01
1.750000000000000000e+00 -2.554774941164094315e+01 1.272636787480204978e-01
2.750000000000000000e+00 -2.554774941164094315e+01 1.272636259444168694e-01
3.250000000000000000e+00 -2.468172400785650566e+01 1.273137144477700100e-01
4.250000000000000000e+00 -2.468172400785650566e+01 1.273136706477550339e-01
1.750000000000000000e+00 -2.381569860407206463e+01 7.170495284008533698e-02
2.750000000000000000e+00 -2.381569860407206463e+01 7.170472493768154099e-02
3.250000000000000000e+00 -2.294967320028762714e+01 2.087224157896603871e-01
4.250000000000000000e+00 -2.294967320028762714e+01 2.087219566350389244e-01
1.750000000000000000e+00 -2.208364779650318965e+01 2.133169735628094310e-01
2.750000000000000000e+00 -2.208364779650318965e+01 2.133158048470801260e-01
3.250000000000000000e+00 -2.121762239271875217e+01 1.887020474503720013e-01
4.250000000000000000e+00 -2.121762239271875217e+01 1.886994189868384242e-01
1.750000000000000000e+00 -2.035159698893431113e+01 2.753647664162146014e-01
2.750000000000000000e+00 -2.035159698893431113e+01 2.753587991237121391e-01
3.250000000000000000e+00 -1.948557158514987364e+01 2.635274299257399644e-01
4.250000000000000000e+00 -1.948557158514987364e+01 2.635161129712932926e-01
1.750000000000000000e+00 -1.861954618136543615e+01 2.348718695367993936e-01
2.750000000000000000e+00 -1.861954618136543615e+01 2.348454113817347866e-01
3.250000000000000000e+00 -1.775352077758099512e+01 2.533410889648940456e-01
4.250000000000000000e+00 -1.775352077758099512e+01 2.532982057986632451e-01
1.750000000000000000e+00 -1.688749537379655763e+01 2.277234028639265051e-01
2.750000000000000000e+00 -1.688749537379655763e+01 2.276218193546271085e-01
3.250000000000000000e+00 -1.602146997001212014e+01 2.040914125628534859e-01
4.250000000000000000e+00 -1.602146997001212014e+01 2.039399505636740606e-01
1.750000000000000000e+00 -1.515544456622767733e+01 1.979378717987118064e-01
2.750000000000000000e+00 -1.515544456622767733e+01 1.975863871723914922e-01
3.250000000000000000e+00 -1.428941916244323806e+01 1.824284689680726324e-01
4.250000000000000000e+00 -1.428941916244323806e+01 1.819345602296510711e-01
1.750000000000000000e+00 -1.342339375865880058e+01 1.735042098880253125e-01
2.750000000000000000e+00 -1.342339375865880058e+01 1.724010517824871025e-01
3.250000000000000000e+00 -1.255736835487436132e+01 1.693871545932489897e-01
4.250000000000000000e+00 -1.255736835487436132e+01 1.679248109326925975e-01
1.750000000000000000e+00 -1.169134295108992383e+01 1.649936803741820224e-01
2.750000000000000000e+00 -1.169134295108992383e+01 1.618805898954693567e-01
3.250000000000000000e+00 -1.082531754730548457e+01 1.632634987516901615e-01
4.250000000000000000e+00 -1.082531754730548457e+01 1.593975940809373992e-01
1.750000000000000000e+00 -9.959292143521047080e+00 1.622207420766348385e-01
2.750000000000000000e+00 -9.959292143521047080e+00 1.543605438978736810e-01
3.250000000000000000e+00 -9.093266739736607818e+00 1.615398309416946898e-01
4.250000000000000000e+00 -9.093266739736607818e+00 1.524928167120870870e-01
1.750000000000000000e+00 -8.227241335952170331e+00 1.615404875288716235e-01
2.750000000000000000e+00 -8.227241335952170331e+00 1.440221868283752260e-01
3.250000000000000000e+00 -7.361215932167732845e+00 1.612032927329211662e-01
4.250000000000000000e+00 -7.361215932167732845e+00 1.423116028343339723e-01
1.750000000000000000e+00 -6.495190528383291806e+00 1.612986895118680708e-01
2.750000000000000000e+00 -6.495190528383291806e+00 1.273298147840919436e-01
3.250000000000000000e+00 -5.629165124598854320e+00 1.617956327067610334e-01
4.250000000000000000e+00 -5.629165124598854320e+00 1.273048264364028404e-01
1.750000000000000000e+00 -4.763139720814413280e+00 1.613827053143667978e-01
2.750000000000000000e+00 -4.763139720814413280e+00 1.029530441991214629e-01
3.250000000000000000e+00 -3.897114317029975794e+00 1.613786575148689340e-01
4.250000000000000000e+00 -3.897114317029975794e+00 1.082509747203823369e-01
1.750000000000000000e+00 -3.031088913245538308e+00 1.657407133210702099e-01
2.750000000000000000e+00 -3.031088913245538308e+00 7.701351758001617753e-02
3.250000000000000000e+00 -2.165063509461100821e+00 1.629700104187704612e-01
4.250000000000000000e+00 -2.165063509461100821e+00 8.808654498613066597e-02
1.750000000000000000e+00 -1.299038105676659782e+00 1.627102358306987684e-01
2.750000000000000000e+00 -1.299038105676659782e+00 5.554769080613711912e-02
3.250000000000000000e+00 -4.330127018922222959e-01 1.694643233382747138e-01
4.250000000000000000e+00 -4.330127018922222959e-01 7.701216619580393552e-02
1.750000000000000000e+00 4.330127018922151905e-01 1.996758355226929960e-01
2.750000000000000000e+00 4.330127018922151905e-01 4.261136593314793913e-02
3.250000000000000000e+00 1.299038105676652677e+00 1.694644162878888860e-01
4.250000000000000000e+00 1.299038105676652677e+00 7.701230618940030359e-02
1.750000000000000000e+00 2.165063509461093716e+00 1.627106559184579859e-01
2.750000000000000000e+00 2.165063509461093716e+00 5.554815520589906352e-02
3.250000000000000000e+00 3.031088913245531202e+00 1.629707120020729150e-01
4.250000000000000000e+00 3.031088913245531202e+00 8.808724373258382256e-02
1.750000000000000000e+00 3.897114317029972241e+00 1.657435797249045550e-01
2.750000000000000000e+00 3.897114317029972241e+00 7.701629174669649691e-02
3.250000000000000000e+00 4.763139720814409728e+00 1.613828706590005879e-01
4.250000000000000000e+00 4.763139720814409728e+00 1.082544720047712850e-01
1.750000000000000000e+00 5.629165124598847214e+00 1.613975601537562254e-01
2.750000000000000000e+00 5.629165124598847214e+00 1.029680749583903460e-01
3.250000000000000000e+00 6.495190528383284700e+00 1.618208509285810059e-01
4.250000000000000000e+00 6.495190528383284700e+00 1.273286951885745089e-01
1.750000000000000000e+00 7.361215932167725740e+00 1.613610309108643726e-01
2.750000000000000000e+00 7.361215932167725740e+00 1.273914806781659692e-01
3.250000000000000000e+00 8.227241335952166779e+00 1.613602157144392035e-01
4.250000000000000000e+00 8.227241335952166779e+00 1.424668354815915305e-01
1.750000000000000000e+00 9.093266739736600712e+00 1.617649774065780810e-01
2.750000000000000000e+00 9.093266739736600712e+00 1.442444361444764067e-01
3.250000000000000000e+00 9.959292143521041751e+00 1.622227032813347847e-01
4.250000000000000000e+00 9.959292143521041751e+00 1.531724030098349787e-01
1.750000000000000000e+00 1.082531754730548279e+01 1.632530062335182108e-01
2.750000000000000000e+00 1.082531754730548279e+01 1.553910098583593802e-01
3.250000000000000000e+00 1.169134295108992383e+01 1.650243963733346308e-01
4.250000000000000000e+00 1.169134295108992383e+01 1.611541877683609347e-01
1.750000000000000000e+00 1.255736835487435776e+01 1.693860333777525151e-01
2.750000000000000000e+00 1.255736835487435776e+01 1.662711394981435387e-01
3.250000000000000000e+00 1.342339375865879880e+01 1.735024527871528721e-01
4.250000000000000000e+00 1.342339375865879880e+01 1.720367205083195572e-01
1.750000000000000000e+00 1.428941916244323274e+01 1.824357221351606828e-01
2.750000000000000000e+00 1.428941916244323274e+01 1.813299040981135313e-01
3.250000000000000000e+00 1.515544456622767377e+01 1.979367121840662769e-01
4.250000000000000000e+00 1.515544456622767377e+01 1.974394525626446129e-01
1.750000000000000000e+00 1.602146997001211304e+01 2.040928060985185699e-01
2.750000000000000000e+00 1.602146997001211304e+01 2.037408508580378641e-01
3.250000000000000000e+00 1.688749537379655408e+01 2.277241084778424962e-01
4.250000000000000000e+00 1.688749537379655408e+01 2.275698917744766736e-01
1.750000000000000000e+00 1.775352077758098801e+01 2.533409425745039578e-01
2.750000000000000000e+00 1.775352077758098801e+01 2.532408630760257240e-01
3.250000000000000000e+00 1.861954618136542905e+01 2.348720395959013885e-01
4.250000000000000000e+00 1.861954618136542905e+01 2.348287027317728093e-01
1.750000000000000000e+00 1.948557158514986298e+01 2.635274592024165474e-01
2.750000000000000000e+00 1.948557158514986298e+01 2.635018684251341226e-01
3.250000000000000000e+00 2.035159698893430402e+01 2.753647294060507233e-01
4.250000000000000000e+00 2.035159698893430402e+01 2.753540589689098539e-01
1.750000000000000000e+00 2.121762239271873796e+01 1.887020915715382496e-01
2.750000000000000000e+00 2.121762239271873796e+01 1.886964244879048291e-01
3.250000000000000000e+00 2.208364779650317899e+01 2.133169628311048505e-01
4.250000000000000000e+00 2.208364779650317899e+01 2.133146651461571008e-01
1.750000000000000000e+00 2.294967320028762003e+01 2.087223992982484011e-01
2.750000000000000000e+00 2.294967320028762003e+01 2.087215315850710073e-01
3.250000000000000000e+00 2.381569860407206107e+01 7.170494916037201127e-02
4.250000000000000000e+00 2.381569860407206107e+01 7.170451880975942105e-02
1.750000000000000000e+00 2.468172400785649501e+01 1.273137034353818420e-01
2.750000000000000000e+00 2.468172400785649501e+01 1.273136548969346360e-01
3.250000000000000000e+00 2.554774941164093605e+01 1.272636698860591942e-01
4.250000000000000000e+00 2.554774941164093605e+01 1.272636182665505822e-01
4.750000000000000000e+00 -2.554774941164094315e+01 1.272636791937916678e-01
5.750000000000000000e+00 -2.554774941164094315e+01 1.272636326961670006e-01
6.250000000000000000e+00 -2.468172400785650566e+01 1.273137173066877237e-01
7.250000000000000000e+00 -2.468172400785650566e+01 1.273136391307810034e-01
4.750000000000000000e+00 -2.381569860407206463e+01 7.170495267855393762e-02
5.750000000000000000e+00 -2.381569860407206463e+01 7.170471906941812412e-02
6.250000000000000000e+00 -2.294967320028762714e+01 2.087224253103394656e-01
7.250000000000000000e+00 -2.294967320028762714e+01 2.087220082957119971e-01
4.750000000000000000e+00 -2.208364779650318965e+01 2.133169925844105586e-01
5.750000000000000000e+00 -2.208364779650318965e+01 2.133158912181278288e-01
6.250000000000000000e+00 -2.121762239271875217e+01 1.887020503019178341e-01
7.250000000000000000e+00 -2.121762239271875217e+01 1.887005442279634237e-01
4.750000000000000000e+00 -2.035159698893431113e+01 2.753648159826471153e-01
5.750000000000000000e+00 -2.035159698893431113e+01 2.753604596651845204e-01
6.250000000000000000e+00 -1.948557158514987364e+01 2.635274213372008068e-01
7.250000000000000000e+00 -1.948557158514987364e+01 2.635219493409276525e-01
4.750000000000000000e+00 -1.861954618136543615e+01 2.348718781418205892e-01
5.750000000000000000e+00 -1.861954618136543615e+01 2.348556479812338726e-01
6.250000000000000000e+00 -1.775352077758099512e+01 2.533411007199190546e-01
7.250000000000000000e+00 -1.775352077758099512e+01 2.533209551974470730e-01
4.750000000000000000e+00 -1.688749537379655763e+01 2.277234137376961676e-01
5.750000000000000000e+00 -1.688749537379655763e+01 2.276648032538198529e-01
6.250000000000000000e+00 -1.602146997001212014e+01 2.040913615110644119e-01
7.250000000000000000e+00 -1.602146997001212014e+01 2.040212403554386156e-01
4.750000000000000000e+00 -1.515544456622767733e+01 1.979373670506253124e-01
5.750000000000000000e+00 -1.515544456622767733e+01 1.977397552755808530e-01
6.250000000000000000e+00 -1.428941916244323806e+01 1.824285368664352869e-01
7.250000000000000000e+00 -1.428941916244323806e+01 1.822043311566185764e-01
4.750000000000000000e+00 -1.342339375865880058e+01 1.735012156480111589e-01
5.750000000000000000e+00 -1.342339375865880058e+01 1.728953847043080139e-01
6.250000000000000000e+00 -1.255736835487436132e+01 1.693839203826333906e-01
7.250000000000000000e+00 -1.255736835487436132e+01 1.687330031792536045e-01
4.750000000000000000e+00 -1.169134295108992383e+01 1.649921069227999193e-01
5.750000000000000000e+00 -1.169134295108992383e+01 1.633187183565902312e-01
6.250000000000000000e+00 -1.082531754730548457e+01 1.632435598698960821e-01
7.250000000000000000e+00 -1.082531754730548457e+01 1.615589196108662140e-01
4.750000000000000000e+00 -9.959292143521047080e+00 1.622090761266872239e-01
5.750000000000000000e+00 -9.959292143521047080e+00 1.580470039263339177e-01
6.250000000000000000e+00 -9.093266739736607818e+00 1.615264675432452890e-01
7.250000000000000000e+00 -9.093266739736607818e+00 1.576856498560159636e-01
4.750000000000000000e+00 -8.227241335952170331e+00 1.614029701553713336e-01
5.750000000000000000e+00 -8.227241335952170331e+00 1.522709063567687926e-01
6.250000000000000000e+00 -7.361215932167732845e+00 1.611594128302630824e-01
7.250000000000000000e+00 -7.361215932167732845e+00 1.533003335334024442e-01
4.750000000000000000e+00 -6.495190528383291806e+00 1.611411633309771663e-01
5.750000000000000000e+00 -6.495190528383291806e+00 1.438045083280441450e-01
6.250000000000000000e+00 -5.629165124598854320e+00 1.612967126527841966e-01
7.250000000000000000e+00 -5.629165124598854320e+00 1.471333255963628572e-01
4.750000000000000000e+00 -4.763139720814413280e+00 1.612590192732497041e-01
5.750000000000000000e+00 -4.763139720814413280e+00 1.317696137952568403e-01
6.250000000000000000e+00 -3.897114317029975794e+00 1.610935381050259130e-01
7.250000000000000000e+00 -3.897114317029975794e+00 1.395474739722972479e-01
4.750000000000000000e+00 -3.031088913245538308e+00 1.625066441571939579e-01
5.750000000000000000e+00 -3.031088913245538308e+00 1.187572148237871078e-01
6.250000000000000000e+00 -2.165063509461100821e+00 1.617029726158319691e-01
7.250000000000000000e+00 -2.165063509461100821e+00 1.317623772158554030e-01
4.750000000000000000e+00 -1.299038105676659782e+00 1.610536929820802765e-01
5.750000000000000000e+00 -1.299038105676659782e+00 1.082475892256966887e-01
6.250000000000000000e+00 -4.330127018922222959e-01 1.623225092257866153e-01
7.250000000000000000e+00 -4.330127018922222959e-01 1.272828652370231739e-01
4.750000000000000000e+00 4.330127018922151905e-01 1.676113623672270125e-01
5.750000000000000000e+00 4.330127018922151905e-01 1.029452495620653829e-01
6.250000000000000000e+00 1.299038105676652677e+00 1.623225333336095200e-01
7.250000000000000000e+00 1.299038105676652677e+00 1.272829851972012427e-01
4.750000000000000000e+00 2.165063509461093716e+00 1.610539967571653630e-01
5.750000000000000000e+00 2.165063509461093716e+00 1.082477422664157585e-01
6.250000000000000000e+00 3.031088913245531202e+00 1.617037198225531602e-01
7.250000000000000000e+00 3.031088913245531202e+00 1.317631947170692097e-01
4.750000000000000000e+00 3.897114317029972241e+00 1.625090242753808034e-01
5.750000000000000000e+00 3.897114317029972241e+00 1.187594007406028163e-01
6.250000000000000000e+00 4.763139720814409728e+00 1.610976107076822483e-01
7.250000000000000000e+00 4.763139720814409728e+00 1.395516711481916139e-01
4.750000000000000000e+00 5.629165124598847214e+00 1.612736616316327309e-01
5.750000000000000000e+00 5.629165124598847214e+00 1.317838972830842892e-01
6.250000000000000000e+00 6.495190528383284700e+00 1.613215627292278742e-01
7.250000000000000000e+00 6.495190528383284700e+00 1.471587648432303996e-01
4.750000000000000000e+00 7.361215932167725740e+00 1.612033998871007234e-01
5.750000000000000000e+00 7.361215932167725740e+00 1.438659006289033926e-01
6.250000000000000000e+00 8.227241335952166779e+00 1.613163261438640417e-01
7.250000000000000000e+00 8.227241335952166779e+00 1.534581742054887399e-01
4.750000000000000000e+00 9.093266739736600712e+00 1.616265141304327746e-01
5.750000000000000000e+00 9.093266739736600712e+00 1.524937864212674299e-01
6.250000000000000000e+00 9.959292143521041751e+00 1.622090513900221187e-01
7.250000000000000000e+00 9.959292143521041751e+00 1.583694125936569996e-01
4.750000000000000000e+00 1.082531754730548279e+01 1.632407227662628080e-01
5.750000000000000000e+00 1.082531754730548279e+01 1.590780157390470906e-01
6.250000000000000000e+00 1.169134295108992383e+01 1.650035871363191853e-01
7.250000000000000000e+00 1.169134295108992383e+01 1.633207653313503704e-01
4.750000000000000000e+00 1.255736835487435776e+01 1.693845995608328769e-01
5.750000000000000000e+00 1.255736835487435776e+01 1.677093454844659770e-01
6.250000000000000000e+00 1.342339375865879880e+01 1.734990174177289401e-01
7.250000000000000000e+00 1.342339375865879880e+01 1.728495855676133730e-01
4.750000000000000000e+00 1.428941916244323274e+01 1.824320317743232667e-01
5.750000000000000000e+00 1.428941916244323274e+01 1.818239618183534467e-01
6.250000000000000000e+00 1.515544456622767377e+01 1.979367610209438744e-01
7.250000000000000000e+00 1.515544456622767377e+01 1.977128357211491716e-01
4.750000000000000000e+00 1.602146997001211304e+01 2.040915419897072480e-01
5.750000000000000000e+00 1.602146997001211304e+01 2.038920117674435928e-01
6.250000000000000000e+00 1.688749537379655408e+01 2.277235798176426018e-01
7.250000000000000000e+00 1.688749537379655408e+01 2.276530940028556882e-01
4.750000000000000000e+00 1.775352077758098801e+01 2.533409258530624486e-01
5.750000000000000000e+00 1.775352077758098801e+01 2.532803268834216137e-01
6.250000000000000000e+00 1.861954618136542905e+01 2.348718405564395040e-01
7.250000000000000000e+00 1.861954618136542905e+01 2.348509740756888065e-01
4.750000000000000000e+00 1.948557158514986298e+01 2.635274293687770442e-01
5.750000000000000000e+00 1.948557158514986298e+01 2.635099904694692130e-01
6.250000000000000000e+00 2.035159698893430402e+01 2.753647715250560624e-01
7.250000000000000000e+00 2.035159698893430402e+01 2.753586007221572873e-01
4.750000000000000000e+00 2.121762239271873796e+01 1.887020239783998576e-01
5.750000000000000000e+00 2.121762239271873796e+01 1.886975402400573043e-01
6.250000000000000000e+00 2.208364779650317899e+01 2.133169721892508031e-01
7.250000000000000000e+00 2.208364779650317899e+01 2.133152081816505619e-01
4.750000000000000000e+00 2.294967320028762003e+01 2.087223927283239355e-01
5.750000000000000000e+00 2.294967320028762003e+01 2.087215000159775014e-01
6.250000000000000000e+00 2.381569860407206107e+01 7.170494522896542211e-02
7.250000000000000000e+00 2.381569860407206107e+01 7.170451302729012599e-02
4.750000000000000000e+00 2.468172400785649501e+01 1.273137071784835039e-01
5.750000000000000000e+00 2.468172400785649501e+01 1.273136049076077358e-01
6.250000000000000000e+00 2.554774941164093605e+01 1.272636732683421201e-01
7.250000000000000000e+00 2.554774941164093605e+01 1.272635651163464554e-01
