-7.250000000000000000e+00 -2.554774941164094315e+01 1.869794814328144539e-01
-6.250000000000000000e+00 -2.554774941164094315e+01 1.869795258714229136e-01
-5.750000000000000000e+00 -2.468172400785650566e+01 1.863412174273433308e-01
-4.750000000000000000e+00 -2.468172400785650566e+01 1.863412523414409439e-01
-7.250000000000000000e+00 -2.381569860407206463e+01 3.923446715266297458e-02
-6.250000000000000000e+00 -2.381569860407206463e+01 3.923454896056559338e-02
-5.750000000000000000e+00 -2.294967320028762714e+01 1.405853495836749123e-01
-4.750000000000000000e+00 -2.294967320028762714e+01 1.405856202438267866e-01
-7.250000000000000000e+00 -2.208364779650318965e+01 1.232815139890450218e-01
-6.250000000000000000e+00 -2.208364779650318965e+01 1.232819413781892776e-01
-5.750000000000000000e+00 -2.121762239271875217e+01 4.590205260036740731e-02
-4.750000000000000000e+00 -2.121762239271875217e+01 4.590323319932286539e-02
-7.250000000000000000e+00 -2.035159698893431113e+01 7.069024374331299432e-02
-6.250000000000000000e+00 -2.035159698893431113e+01 7.069219318655807494e-02
-5.750000000000000000e+00 -1.948557158514987364e+01 5.067023165926590189e-02
-4.750000000000000000e+00 -1.948557158514987364e+01 5.067524046577578933e-02
-7.250000000000000000e+00 -1.861954618136543615e+01 2.776570949798044460e-02
-6.250000000000000000e+00 -1.861954618136543615e+01 2.777289810064161729e-02
-5.750000000000000000e+00 -1.775352077758099512e+01 2.970701879686959979e-02
-4.750000000000000000e+00 -1.775352077758099512e+01 2.972657500799678540e-02
-7.250000000000000000e+00 -1.688749537379655763e+01 2.150528114752833786e-02
-6.250000000000000000e+00 -1.688749537379655763e+01 2.153110784608082418e-02
-5.750000000000000000e+00 -1.602146997001212014e+01 1.821917875056504321e-02
-4.750000000000000000e+00 -1.602146997001212014e+01 1.828480920623314770e-02
-7.250000000000000000e+00 -1.515544456622767733e+01 1.744323611427848683e-02
-6.250000000000000000e+00 -1.515544456622767733e+01 1.753158984266292575e-02
-5.750000000000000000e+00 -1.428941916244323806e+01 1.595314569842786606e-02
-4.750000000000000000e+00 -1.428941916244323806e+01 1.615544990934345004e-02
-7.250000000000000000e+00 -1.342339375865880058e+01 1.574768638050936392e-02
-6.250000000000000000e+00 -1.342339375865880058e+01 1.600576874269071109e-02
-5.750000000000000000e+00 -1.255736835487436132e+01 1.541457366214782874e-02
-4.750000000000000000e+00 -1.255736835487436132e+01 1.601371463737746512e-02
-7.250000000000000000e+00 -1.169134295108992383e+01 1.542202234593472408e-02
-6.250000000000000000e+00 -1.169134295108992383e+01 1.602679072457560347e-02
-5.750000000000000000e+00 -1.082531754730548457e+01 1.542188869313695573e-02
-4.750000000000000000e+00 -1.082531754730548457e+01 1.690260358786379799e-02
-7.250000000000000000e+00 -9.959292143521047080e+00 1.538200700520640438e-02
-6.250000000000000000e+00 -9.959292143521047080e+00 1.678214196563186655e-02
-5.750000000000000000e+00 -9.093266739736607818e+00 1.608072750553030117e-02
-4.750000000000000000e+00 -9.093266739736607818e+00 1.871292654472923866e-02
-7.250000000000000000e+00 -8.227241335952170331e+00 1.523803590397884017e-02
-6.250000000000000000e+00 -8.227241335952170331e+00 1.870321276405168681e-02
-5.750000000000000000e+00 -7.361215932167732845e+00 1.625224265099850865e-02
-4.750000000000000000e+00 -7.361215932167732845e+00 2.110154435940670217e-02
-7.250000000000000000e+00 -6.495190528383291806e+00 1.599811438976940850e-02
-6.250000000000000000e+00 -6.495190528383291806e+00 2.185312117073565791e-02
-5.750000000000000000e+00 -5.629165124598854320e+00 1.523384286913194788e-02
-4.750000000000000000e+00 -5.629165124598854320e+00 2.658515821302454007e-02
-7.250000000000000000e+00 -4.763139720814413280e+00 1.706523315805485302e-02
-6.250000000000000000e+00 -4.763139720814413280e+00 2.408309083482080420e-02
-5.750000000000000000e+00 -3.897114317029975794e+00 1.881262068385711195e-02
-4.750000000000000000e+00 -3.897114317029975794e+00 3.290281791166534131e-02
-7.250000000000000000e+00 -3.031088913245538308e+00 1.555687263406946991e-02
-6.250000000000000000e+00 -3.031088913245538308e+00 2.886491809412959630e-02
-5.750000000000000000e+00 -2.165063509461100821e+00 2.282696220983942981e-02
-4.750000000000000000e+00 -2.165063509461100821e+00 3.109141430057071540e-02
-7.250000000000000000e+00 -1.299038105676659782e+00 1.643308750050637146e-02
-6.250000000000000000e+00 -1.299038105676659782e+00 3.290279826691391851e-02
-5.750000000000000000e+00 -4.330127018922222959e-01 1.697884257753434767e-02
-4.750000000000000000e+00 -4.330127018922222959e-01 3.826372972217136764e-02
-7.250000000000000000e+00 4.330127018922151905e-01 1.911302911364350793e-02
-6.250000000000000000e+00 4.330127018922151905e-01 2.839724359288992028e-02
-5.750000000000000000e+00 1.299038105676652677e+00 1.697882094289068083e-02
-4.750000000000000000e+00 1.299038105676652677e+00 3.826372025670549126e-02
-7.250000000000000000e+00 2.165063509461093716e+00 1.643308258612510842e-02
-6.250000000000000000e+00 2.165063509461093716e+00 3.290284027137047734e-02
-5.750000000000000000e+00 3.031088913245531202e+00 2.282685432830293404e-02
-4.750000000000000000e+00 3.031088913245531202e+00 3.109141419554807551e-02
-7.250000000000000000e+00 3.897114317029972241e+00 1.555690530728008093e-02
-6.250000000000000000e+00 3.897114317029972241e+00 2.886492664890244128e-02
-5.750000000000000000e+00 4.763139720814409728e+00 1.881266893800834228e-02
-4.750000000000000000e+00 4.763139720814409728e+00 3.290298507049611160e-02
-7.250000000000000000e+00 5.629165124598847214e+00 1.706501273581099293e-02
-6.250000000000000000e+00 5.629165124598847214e+00 2.408285251750838171e-02
-5.750000000000000000e+00 6.495190528383284700e+00 1.523473905876322927e-02
-4.750000000000000000e+00 6.495190528383284700e+00 2.658596950838898465e-02
-7.250000000000000000e+00 7.361215932167725740e+00 1.599829724443979639e-02
-6.250000000000000000e+00 7.361215932167725740e+00 2.185348434985155686e-02
-5.750000000000000000e+00 8.227241335952166779e+00 1.625254612315411157e-02
-4.750000000000000000e+00 8.227241335952166779e+00 2.110205486112958981e-02
-7.250000000000000000e+00 9.093266739736600712e+00 1.524774520271815134e-02
-6.250000000000000000e+00 9.093266739736600712e+00 1.871289823836086441e-02
-5.750000000000000000e+00 9.959292143521041751e+00 1.607766687050807969e-02
-4.750000000000000000e+00 9.959292143521041751e+00 1.871036465498204099e-02
-7.250000000000000000e+00 1.082531754730548279e+01 1.542176757698179163e-02
-6.250000000000000000e+00 1.082531754730548279e+01 1.682188671823094811e-02
-5.750000000000000000e+00 1.169134295108992383e+01 1.545933473233393647e-02
-4.750000000000000000e+00 1.169134295108992383e+01 1.693988591282778386e-02
-7.250000000000000000e+00 1.255736835487435776e+01 1.551441063109318223e-02
-6.250000000000000000e+00 1.255736835487435776e+01 1.611973032693548441e-02
-5.750000000000000000e+00 1.342339375865879880e+01 1.573185658685682595e-02
-4.750000000000000000e+00 1.342339375865879880e+01 1.633091458080805983e-02
-7.250000000000000000e+00 1.428941916244323274e+01 1.595784969466438469e-02
-6.250000000000000000e+00 1.428941916244323274e+01 1.621607479066256019e-02
-5.750000000000000000e+00 1.515544456622767377e+01 1.745399570057284272e-02
-4.750000000000000000e+00 1.515544456622767377e+01 1.765644318095270851e-02
-7.250000000000000000e+00 1.602146997001211304e+01 1.821411387280276462e-02
-6.250000000000000000e+00 1.602146997001211304e+01 1.830240862564085427e-02
-5.750000000000000000e+00 1.688749537379655408e+01 2.150971181139413324e-02
-4.750000000000000000e+00 1.688749537379655408e+01 2.157485861294056867e-02
-7.250000000000000000e+00 1.775352077758098801e+01 2.970711628019055001e-02
-6.250000000000000000e+00 1.775352077758098801e+01 2.973323649798526730e-02
-5.750000000000000000e+00 1.861954618136542905e+01 2.776597860070734169e-02
-4.750000000000000000e+00 1.861954618136542905e+01 2.778530205200633110e-02
-7.250000000000000000e+00 1.948557158514986298e+01 5.067069730251522186e-02
-6.250000000000000000e+00 1.948557158514986298e+01 5.067778426304081485e-02
-5.750000000000000000e+00 2.035159698893430402e+01 7.069020043493354222e-02
-4.750000000000000000e+00 2.035159698893430402e+01 7.069526199827716462e-02
-7.250000000000000000e+00 2.121762239271873796e+01 4.590216424295619907e-02
-6.250000000000000000e+00 2.121762239271873796e+01 4.590396865609546601e-02
-5.750000000000000000e+00 2.208364779650317899e+01 1.232815568072328644e-01
-4.750000000000000000e+00 2.208364779650317899e+01 1.232825739869522347e-01
-7.250000000000000000e+00 2.294967320028762003e+01 1.405853422376349138e-01
-6.250000000000000000e+00 2.294967320028762003e+01 1.405858797682374706e-01
-5.750000000000000000e+00 2.381569860407206107e+01 3.923447281966661176e-02
-4.750000000000000000e+00 2.381569860407206107e+01 3.923468207143928493e-02
-7.250000000000000000e+00 2.468172400785649501e+01 1.863412138139155516e-01
-6.250000000000000000e+00 2.468172400785649501e+01 1.863413226028199643e-01
-5.750000000000000000e+00 2.554774941164093605e+01 1.869794729387324050e-01
-4.750000000000000000e+00 2.554774941164093605e+01 1.869795809862971891e-01
-4.250000000000000000e+00 -2.554774941164094315e+01 1.869794841831688426e-01
-3.250000000000000000e+00 -2.554774941164094315e+01 1.869795193570722991e-01
-2.750000000000000000e+00 -2.468172400785650566e+01 1.863412171511388549e-01
-1.750000000000000000e+00 -2.468172400785650566e+01 1.863412668396785543e-01
-4.250000000000000000e+00 -2.381569860407206463e+01 3.923446973123028564e-02
-3.250000000000000000e+00 -2.381569860407206463e+01 3.923459394921765403e-02
-2.750000000000000000e+00 -2.294967320028762714e+01 1.405853568522002772e-01
-1.750000000000000000e+00 -2.294967320028762714e+01 1.405857207059156289e-01
-4.250000000000000000e+00 -2.208364779650318965e+01 1.232815498049655845e-01
-3.250000000000000000e+00 -2.208364779650318965e+01 1.232821665266178313e-01
-2.750000000000000000e+00 -2.121762239271875217e+01 4.590205166336408515e-02
-1.750000000000000000e+00 -2.121762239271875217e+01 4.590376974729004633e-02
-4.250000000000000000e+00 -2.035159698893431113e+01 7.069033572102095819e-02
-3.250000000000000000e+00 -2.035159698893431113e+01 7.069335739559846898e-02
-2.750000000000000000e+00 -1.948557158514987364e+01 5.067034229086728181e-02
-1.750000000000000000e+00 -1.948557158514987364e+01 5.067749510712700467e-02
-4.250000000000000000e+00 -1.861954618136543615e+01 2.776559518230306556e-02
-3.250000000000000000e+00 -1.861954618136543615e+01 2.777792490927790542e-02
-2.750000000000000000e+00 -1.775352077758099512e+01 2.970781358511227765e-02
-1.750000000000000000e+00 -1.775352077758099512e+01 2.973546473337110654e-02
-4.250000000000000000e+00 -1.688749537379655763e+01 2.150448706686086675e-02
-3.250000000000000000e+00 -1.688749537379655763e+01 2.155038425745510466e-02
-2.750000000000000000e+00 -1.602146997001212014e+01 1.821950107023551091e-02
-1.750000000000000000e+00 -1.602146997001212014e+01 1.831602865333081809e-02
-4.250000000000000000e+00 -1.515544456622767733e+01 1.744739608126151531e-02
-3.250000000000000000e+00 -1.515544456622767733e+01 1.760232947540320281e-02
-2.750000000000000000e+00 -1.428941916244323806e+01 1.594545951621077762e-02
-1.750000000000000000e+00 -1.428941916244323806e+01 1.625441225908618587e-02
-4.250000000000000000e+00 -1.342339375865880058e+01 1.577948201400450334e-02
-3.250000000000000000e+00 -1.342339375865880058e+01 1.622585530269159138e-02
-2.750000000000000000e+00 -1.255736835487436132e+01 1.543466634017851002e-02
-1.750000000000000000e+00 -1.255736835487436132e+01 1.632324680845246082e-02
-4.250000000000000000e+00 -1.169134295108992383e+01 1.543050826237314654e-02
-3.250000000000000000e+00 -1.169134295108992383e+01 1.657401700106228559e-02
-2.750000000000000000e+00 -1.082531754730548457e+01 1.562213652566407651e-02
-1.750000000000000000e+00 -1.082531754730548457e+01 1.774011832256960908e-02
-4.250000000000000000e+00 -9.959292143521047080e+00 1.524510384047943895e-02
-3.250000000000000000e+00 -9.959292143521047080e+00 1.809928007320239438e-02
-2.750000000000000000e+00 -9.093266739736607818e+00 1.600865203126271633e-02
-1.750000000000000000e+00 -9.093266739736607818e+00 2.034462795247846470e-02
-4.250000000000000000e+00 -8.227241335952170331e+00 1.625269975054859095e-02
-3.250000000000000000e+00 -8.227241335952170331e+00 2.185403942383346704e-02
-2.750000000000000000e+00 -7.361215932167732845e+00 1.523506358206283204e-02
-1.750000000000000000e+00 -7.361215932167732845e+00 2.408402193020947948e-02
-4.250000000000000000e+00 -6.495190528383291806e+00 2.089556903808990895e-02
-3.250000000000000000e+00 -6.495190528383291806e+00 2.658603882437967150e-02
-2.750000000000000000e+00 -5.629165124598854320e+00 2.180251438255482316e-02
-1.750000000000000000e+00 -5.629165124598854320e+00 3.290279043155885930e-02
-4.250000000000000000e+00 -4.763139720814413280e+00 2.180298334881174138e-02
-3.250000000000000000e+00 -4.763139720814413280e+00 2.839742664686836088e-02
-2.750000000000000000e+00 -3.897114317029975794e+00 4.804112066234413059e-02
-1.750000000000000000e+00 -3.897114317029975794e+00 3.826376495025458208e-02
-4.250000000000000000e+00 -3.031088913245538308e+00 1.533347461017578461e-02
-3.250000000000000000e+00 -3.031088913245538308e+00 3.826374696351212551e-02
-2.750000000000000000e+00 -2.165063509461100821e+00 5.588947035361270521e-02
-1.750000000000000000e+00 -2.165063509461100821e+00 2.646444361684267485e-02
-4.250000000000000000e+00 -1.299038105676659782e+00 2.512764457620896008e-02
-3.250000000000000000e+00 -1.299038105676659782e+00 4.435097546698432008e-02
-2.750000000000000000e+00 -4.330127018922222959e-01 2.298392788741678017e-02
-1.750000000000000000e+00 -4.330127018922222959e-01 4.172315261856471280e-02
-4.250000000000000000e+00 4.330127018922151905e-01 3.847368089156447124e-02
-3.250000000000000000e+00 4.330127018922151905e-01 2.646443030330455568e-02
-2.750000000000000000e+00 1.299038105676652677e+00 2.298388401048817586e-02
-1.750000000000000000e+00 1.299038105676652677e+00 4.172315176341971632e-02
-4.250000000000000000e+00 2.165063509461093716e+00 2.512771792057812148e-02
-3.250000000000000000e+00 2.165063509461093716e+00 4.435096713317990963e-02
-2.750000000000000000e+00 3.031088913245531202e+00 5.588951997118660892e-02
-1.750000000000000000e+00 3.031088913245531202e+00 2.646442385233196623e-02
-4.250000000000000000e+00 3.897114317029972241e+00 1.533346626563405340e-02
-3.250000000000000000e+00 3.897114317029972241e+00 3.826372186488125743e-02
-2.750000000000000000e+00 4.763139720814409728e+00 4.804172171787877976e-02
-1.750000000000000000e+00 4.763139720814409728e+00 3.826384211695879611e-02
-4.250000000000000000e+00 5.629165124598847214e+00 2.180248341839227666e-02
-3.250000000000000000e+00 5.629165124598847214e+00 2.839723421768737543e-02
-2.750000000000000000e+00 6.495190528383284700e+00 2.180385897899322911e-02
-1.750000000000000000e+00 6.495190528383284700e+00 3.290362177696558310e-02
-4.250000000000000000e+00 7.361215932167725740e+00 2.089573253242381357e-02
-3.250000000000000000e+00 7.361215932167725740e+00 2.658629636109871575e-02
-2.750000000000000000e+00 8.227241335952166779e+00 1.523556799608757027e-02
-1.750000000000000000e+00 8.227241335952166779e+00 2.408457139727969779e-02
-4.250000000000000000e+00 9.093266739736600712e+00 1.626265163454925639e-02
-3.250000000000000000e+00 9.093266739736600712e+00 2.186352599977117381e-02
-2.750000000000000000e+00 9.959292143521041751e+00 1.600618435254323041e-02
-1.750000000000000000e+00 9.959292143521041751e+00 2.034173003287482323e-02
-4.250000000000000000e+00 1.082531754730548279e+01 1.528486334478638964e-02
-3.250000000000000000e+00 1.082531754730548279e+01 1.813902711551389907e-02
-2.750000000000000000e+00 1.169134295108992383e+01 1.566005517069125885e-02
-1.750000000000000000e+00 1.169134295108992383e+01 1.777725392684883360e-02
-4.250000000000000000e+00 1.255736835487435776e+01 1.552317724461851900e-02
-3.250000000000000000e+00 1.255736835487435776e+01 1.666661233212149429e-02
-2.750000000000000000e+00 1.342339375865879880e+01 1.575203569970447248e-02
-1.750000000000000000e+00 1.342339375865879880e+01 1.664062034282608182e-02
-4.250000000000000000e+00 1.428941916244323274e+01 1.599004968106633451e-02
-3.250000000000000000e+00 1.428941916244323274e+01 1.643568691086364636e-02
-2.750000000000000000e+00 1.515544456622767377e+01 1.744648143775242091e-02
-1.750000000000000000e+00 1.515544456622767377e+01 1.775528189286320474e-02
-4.250000000000000000e+00 1.602146997001211304e+01 1.821834663317840192e-02
-3.250000000000000000e+00 1.602146997001211304e+01 1.837306821730060394e-02
-2.750000000000000000e+00 1.688749537379655408e+01 2.150993289504347927e-02
-1.750000000000000000e+00 1.688749537379655408e+01 2.160615327984444917e-02
-4.250000000000000000e+00 1.775352077758098801e+01 2.970647262308066805e-02
-3.250000000000000000e+00 1.775352077758098801e+01 2.975224277668898909e-02
-2.750000000000000000e+00 1.861954618136542905e+01 2.776658925729148450e-02
-1.750000000000000000e+00 1.861954618136542905e+01 2.779437878561557412e-02
-4.250000000000000000e+00 1.948557158514986298e+01 5.067063140059362147e-02
-3.250000000000000000e+00 1.948557158514986298e+01 5.068257854635423165e-02
-2.750000000000000000e+00 2.035159698893430402e+01 7.069028994580446590e-02
-1.750000000000000000e+00 2.035159698893430402e+01 7.069744783579026692e-02
-4.250000000000000000e+00 2.121762239271873796e+01 4.590215154614987747e-02
-3.250000000000000000e+00 2.121762239271873796e+01 4.590514102960879805e-02
-2.750000000000000000e+00 2.208364779650317899e+01 1.232815089673099940e-01
-1.750000000000000000e+00 2.208364779650317899e+01 1.232830958771439084e-01
-4.250000000000000000e+00 2.294967320028762003e+01 1.405853459450867038e-01
-3.250000000000000000e+00 2.294967320028762003e+01 1.405860210658047837e-01
-2.750000000000000000e+00 2.381569860407206107e+01 3.923446500253006952e-02
-1.750000000000000000e+00 2.381569860407206107e+01 3.923479570223584179e-02
-4.250000000000000000e+00 2.468172400785649501e+01 1.863412161918633625e-01
-3.250000000000000000e+00 2.468172400785649501e+01 1.863412937603600716e-01
-2.750000000000000000e+00 2.554774941164093605e+01 1.869795002778414927e-01
-1.750000000000000000e+00 2.554774941164093605e+01 1.869795651565233086e-01
-1.250000000000000000e+00 -2.554774941164094315e+01 1.869794820389167334e-01
-2.500000000000000000e-01 -2.554774941164094315e+01 1.869795414317643734e-01
2.500000000000000000e-01 -2.468172400785650566e+01 1.863412083122112650e-01
1.250000000000000000e+00 -2.468172400785650566e+01 1.863412938095149740e-01
-1.250000000000000000e+00 -2.381569860407206463e+01 3.923446784832151230e-02
-2.500000000000000000e-01 -2.381569860407206463e+01 3.923465176786639780e-02
2.500000000000000000e-01 -2.294967320028762714e+01 1.405853414158604320e-01
1.250000000000000000e+00 -2.294967320028762714e+01 1.405857787652222690e-01
-1.250000000000000000e+00 -2.208364779650318965e+01 1.232815368295365754e-01
-2.500000000000000000e-01 -2.208364779650318965e+01 1.232823851154018491e-01
2.500000000000000000e-01 -2.121762239271875217e+01 4.590205156783153106e-02
1.250000000000000000e+00 -2.121762239271875217e+01 4.590381937786264938e-02
-1.250000000000000000e+00 -2.035159698893431113e+01 7.069033072951722008e-02
-2.500000000000000000e-01 -2.035159698893431113e+01 7.069404517223405737e-02
2.500000000000000000e-01 -1.948557158514987364e+01 5.067035976835096434e-02
1.250000000000000000e+00 -1.948557158514987364e+01 5.067752146610662867e-02
-1.250000000000000000e+00 -1.861954618136543615e+01 2.776544867774469183e-02
-2.500000000000000000e-01 -1.861954618136543615e+01 2.778044673796660480e-02
2.500000000000000000e-01 -1.775352077758099512e+01 2.970777708293509400e-02
1.250000000000000000e+00 -1.775352077758099512e+01 2.973539912920809825e-02
-1.250000000000000000e+00 -1.688749537379655763e+01 2.150456608480713627e-02
-2.500000000000000000e-01 -1.688749537379655763e+01 2.155998652970079338e-02
2.500000000000000000e-01 -1.602146997001212014e+01 1.821792234809256616e-02
1.250000000000000000e+00 -1.602146997001212014e+01 1.831595817748489508e-02
-1.250000000000000000e+00 -1.515544456622767733e+01 1.745221328479582695e-02
-2.500000000000000000e-01 -1.515544456622767733e+01 1.763719034264624869e-02
2.500000000000000000e-01 -1.428941916244323806e+01 1.594255131993300989e-02
1.250000000000000000e+00 -1.428941916244323806e+01 1.625449236771161349e-02
-1.250000000000000000e+00 -1.342339375865880058e+01 1.578298026869688619e-02
-2.500000000000000000e-01 -1.342339375865880058e+01 1.633273918897178503e-02
2.500000000000000000e-01 -1.255736835487436132e+01 1.545299529380440157e-02
1.250000000000000000e+00 -1.255736835487436132e+01 1.632324063650168050e-02
-1.250000000000000000e+00 -1.169134295108992383e+01 1.537051448344889555e-02
-2.500000000000000000e-01 -1.169134295108992383e+01 1.684477968133983594e-02
2.500000000000000000e-01 -1.082531754730548457e+01 1.559774628137282348e-02
1.250000000000000000e+00 -1.082531754730548457e+01 1.774006482261232531e-02
-1.250000000000000000e+00 -9.959292143521047080e+00 1.532211406292989520e-02
-2.500000000000000000e-01 -9.959292143521047080e+00 1.878768128323695524e-02
2.500000000000000000e-01 -9.093266739736607818e+00 1.558508167330475980e-02
1.250000000000000000e+00 -9.093266739736607818e+00 2.034474007266317760e-02
-1.250000000000000000e+00 -8.227241335952170331e+00 1.706657125438494627e-02
-2.500000000000000000e-01 -8.227241335952170331e+00 2.346873224943863898e-02
2.500000000000000000e-01 -7.361215932167732845e+00 1.555811059920537975e-02
1.250000000000000000e+00 -7.361215932167732845e+00 2.408407898729524738e-02
-1.250000000000000000e+00 -6.495190528383291806e+00 1.881327460091407333e-02
-2.500000000000000000e-01 -6.495190528383291806e+00 2.886579107462822202e-02
2.500000000000000000e-01 -5.629165124598854320e+00 2.282690241894342470e-02
1.250000000000000000e+00 -5.629165124598854320e+00 3.290272930572850363e-02
-1.250000000000000000e+00 -4.763139720814413280e+00 1.533365220924075983e-02
-2.500000000000000000e-01 -4.763139720814413280e+00 3.109156175078413298e-02
2.500000000000000000e-01 -3.897114317029975794e+00 2.512761605219599945e-02
1.250000000000000000e+00 -3.897114317029975794e+00 3.826373029648914847e-02
-1.250000000000000000e+00 -3.031088913245538308e+00 5.588939668151076540e-02
-2.500000000000000000e-01 -3.031088913245538308e+00 4.435096251840126708e-02
2.500000000000000000e-01 -2.165063509461100821e+00 2.298396095947367879e-02
1.250000000000000000e+00 -2.165063509461100821e+00 2.646444288427215324e-02
-1.250000000000000000e+00 -1.299038105676659782e+00 1.963401992992515055e-01
-2.500000000000000000e-01 -1.299038105676659782e+00 4.172314950724793914e-02
2.500000000000000000e-01 -4.330127018922222959e-01 2.873487015022900826e-01
1.250000000000000000e+00 -4.330127018922222959e-01 4.172315261856562180e-02
-1.250000000000000000e+00 4.330127018922151905e-01 2.873485665824447866e-01
-2.500000000000000000e-01 4.330127018922151905e-01 2.469219238623465079e-06
2.500000000000000000e-01 1.299038105676652677e+00 2.873482269750904372e-01
1.250000000000000000e+00 1.299038105676652677e+00 4.172314270627157373e-02
-1.250000000000000000e+00 2.165063509461093716e+00 1.963403754570244852e-01
-2.500000000000000000e-01 2.165063509461093716e+00 4.172315826646590814e-02
2.500000000000000000e-01 3.031088913245531202e+00 2.298384475270515148e-02
1.250000000000000000e+00 3.031088913245531202e+00 2.646441381139859328e-02
-1.250000000000000000e+00 3.897114317029972241e+00 5.588937770192710375e-02
-2.500000000000000000e-01 3.897114317029972241e+00 4.435099259650999992e-02
2.500000000000000000e-01 4.763139720814409728e+00 2.512785730868746792e-02
1.250000000000000000e+00 4.763139720814409728e+00 3.826392641416128532e-02
-1.250000000000000000e+00 5.629165124598847214e+00 1.533340597539331607e-02
-2.500000000000000000e-01 5.629165124598847214e+00 3.109131959371891005e-02
2.500000000000000000e-01 6.495190528383284700e+00 2.282756314634794281e-02
1.250000000000000000e+00 6.495190528383284700e+00 3.290377777992463393e-02
-1.250000000000000000e+00 7.361215932167725740e+00 1.881408956244862152e-02
-2.500000000000000000e-01 7.361215932167725740e+00 2.886596758344498609e-02
2.500000000000000000e-01 8.227241335952166779e+00 1.555843439457730952e-02
1.250000000000000000e+00 8.227241335952166779e+00 2.408464309362154387e-02
-1.250000000000000000e+00 9.093266739736600712e+00 1.707673418405492027e-02
-2.500000000000000000e-01 9.093266739736600712e+00 2.347852238371311503e-02
2.500000000000000000e-01 9.959292143521041751e+00 1.558274211305059331e-02
1.250000000000000000e+00 9.959292143521041751e+00 2.034206414528260537e-02
-1.250000000000000000e+00 1.082531754730548279e+01 1.536187672264313631e-02
-2.500000000000000000e-01 1.082531754730548279e+01 1.882769427222687544e-02
2.500000000000000000e-01 1.169134295108992383e+01 1.563532316159217672e-02
1.250000000000000000e+00 1.169134295108992383e+01 1.777791760466454138e-02
-1.250000000000000000e+00 1.255736835487435776e+01 1.546342869334627057e-02
-2.500000000000000000e-01 1.255736835487435776e+01 1.693738355146020766e-02
2.500000000000000000e-01 1.342339375865879880e+01 1.577014492644469856e-02
1.250000000000000000e+00 1.342339375865879880e+01 1.664090100996968788e-02
-1.250000000000000000e+00 1.428941916244323274e+01 1.599347755528790493e-02
-2.500000000000000000e-01 1.428941916244323274e+01 1.654305971555160293e-02
2.500000000000000000e-01 1.515544456622767377e+01 1.744353854890388217e-02
1.250000000000000000e+00 1.515544456622767377e+01 1.775536729131182295e-02
-1.250000000000000000e+00 1.602146997001211304e+01 1.822306326258991971e-02
-2.500000000000000000e-01 1.602146997001211304e+01 1.840843465334664891e-02
2.500000000000000000e-01 1.688749537379655408e+01 2.150830551803215029e-02
1.250000000000000000e+00 1.688749537379655408e+01 2.160640203709007778e-02
-1.250000000000000000e+00 1.775352077758098801e+01 2.970651392443185435e-02
-2.500000000000000000e-01 1.775352077758098801e+01 2.976204584906301520e-02
2.500000000000000000e-01 1.861954618136542905e+01 2.776666748081284275e-02
1.250000000000000000e+00 1.861954618136542905e+01 2.779457092415053843e-02
-1.250000000000000000e+00 1.948557158514986298e+01 5.067034733448337602e-02
-2.500000000000000000e-01 1.948557158514986298e+01 5.068538537752444173e-02
2.500000000000000000e-01 2.035159698893430402e+01 7.069036862840380464e-02
1.250000000000000000e+00 2.035159698893430402e+01 7.069763964840658499e-02
-1.250000000000000000e+00 2.121762239271873796e+01 4.590216362637249137e-02
-2.500000000000000000e-01 2.121762239271873796e+01 4.590599152907952341e-02
2.500000000000000000e-01 2.208364779650317899e+01 1.232815156038308962e-01
1.250000000000000000e+00 2.208364779650317899e+01 1.232832618409692160e-01
-1.250000000000000000e+00 2.294967320028762003e+01 1.405854052399830301e-01
-2.500000000000000000e-01 2.294967320028762003e+01 1.405862817231813555e-01
2.500000000000000000e-01 2.381569860407206107e+01 3.923447593515157900e-02
1.250000000000000000e+00 2.381569860407206107e+01 3.923488570537847497e-02
-1.250000000000000000e+00 2.468172400785649501e+01 1.863412278623378937e-01
-2.500000000000000000e-01 2.468172400785649501e+01 1.863413695034741302e-01
2.500000000000000000e-01 2.554774941164093605e+01 1.869794916968226250e-01
1.250000000000000000e+00 2.554774941164093605e+01 1.869796586041557740e-01
1.750000000000000000e+00 -2.554774941164094315e+01 1.869794816695947437e-01
2.750000000000000000e+00 -2.554774941164094315e+01 1.869795640879537146e-01
3.250000000000000000e+00 -2.468172400785650566e+01 1.863412133023175377e-01
4.250000000000000000e+00 -2.468172400785650566e+01 1.863412464950500724e-01
1.750000000000000000e+00 -2.381569860407206463e+01 3.923447057183787612e-02
2.750000000000000000e+00 -2.381569860407206463e+01 3.923463645244198994e-02
3.250000000000000000e+00 -2.294967320028762714e+01 1.405853455077561431e-01
4.250000000000000000e+00 -2.294967320028762714e+01 1.405856006651279300e-01
1.750000000000000000e+00 -2.208364779650318965e+01 1.232815275999853688e-01
2.750000000000000000e+00 -2.208364779650318965e+01 1.232822061376686873e-01
3.250000000000000000e+00 -2.121762239271875217e+01 4.590205062466352903e-02
4.250000000000000000e+00 -2.121762239271875217e+01 4.590327282987508029e-02
1.750000000000000000e+00 -2.035159698893431113e+01 7.069027563039288753e-02
2.750000000000000000e+00 -2.035159698893431113e+01 7.069333775693129041e-02
3.250000000000000000e+00 -1.948557158514987364e+01 5.067032481590813542e-02
4.250000000000000000e+00 -1.948557158514987364e+01 5.067533782185301011e-02
1.750000000000000000e+00 -1.861954618136543615e+01 2.776537062788457522e-02
2.750000000000000000e+00 -1.861954618136543615e+01 2.777791521688339690e-02
3.250000000000000000e+00 -1.775352077758099512e+01 2.970734814630884846e-02
4.250000000000000000e+00 -1.775352077758099512e+01 2.972652804097240115e-02
1.750000000000000000e+00 -1.688749537379655763e+01 2.150464569363600559e-02
2.750000000000000000e+00 -1.688749537379655763e+01 2.155047305026359938e-02
3.250000000000000000e+00 -1.602146997001212014e+01 1.821665628448002755e-02
4.250000000000000000e+00 -1.602146997001212014e+01 1.828477802703434851e-02
1.750000000000000000e+00 -1.515544456622767733e+01 1.745105533575051771e-02
2.750000000000000000e+00 -1.515544456622767733e+01 1.760223786191321763e-02
3.250000000000000000e+00 -1.428941916244323806e+01 1.594243071629880548e-02
4.250000000000000000e+00 -1.428941916244323806e+01 1.615560539015910985e-02
1.750000000000000000e+00 -1.342339375865880058e+01 1.576730367303054783e-02
2.750000000000000000e+00 -1.342339375865880058e+01 1.622572110212510896e-02
3.250000000000000000e+00 -1.255736835487436132e+01 1.544018063035335238e-02
4.250000000000000000e+00 -1.255736835487436132e+01 1.601369089109029933e-02
1.750000000000000000e+00 -1.169134295108992383e+01 1.534011751703577564e-02
2.750000000000000000e+00 -1.169134295108992383e+01 1.657415007217184072e-02
3.250000000000000000e+00 -1.082531754730548457e+01 1.546491804465795206e-02
4.250000000000000000e+00 -1.082531754730548457e+01 1.690243817927262679e-02
1.750000000000000000e+00 -9.959292143521047080e+00 1.536488097782612999e-02
2.750000000000000000e+00 -9.959292143521047080e+00 1.809929634237519847e-02
3.250000000000000000e+00 -9.093266739736607818e+00 1.537787111803128048e-02
4.250000000000000000e+00 -9.093266739736607818e+00 1.871288094924783083e-02
1.750000000000000000e+00 -8.227241335952170331e+00 1.655449161773303243e-02
2.750000000000000000e+00 -8.227241335952170331e+00 2.185389976124568409e-02
3.250000000000000000e+00 -7.361215932167732845e+00 1.559303611347497009e-02
4.250000000000000000e+00 -7.361215932167732845e+00 2.110151770783825001e-02
1.750000000000000000e+00 -6.495190528383291806e+00 1.643392854520610291e-02
2.750000000000000000e+00 -6.495190528383291806e+00 2.658601517711879289e-02
3.250000000000000000e+00 -5.629165124598854320e+00 1.911310999311762945e-02
4.250000000000000000e+00 -5.629165124598854320e+00 2.658511720522925559e-02
1.750000000000000000e+00 -4.763139720814413280e+00 1.697906594321545171e-02
2.750000000000000000e+00 -4.763139720814413280e+00 2.839743541549735739e-02
3.250000000000000000e+00 -3.897114317029975794e+00 1.697888600479350446e-02
4.250000000000000000e+00 -3.897114317029975794e+00 3.290281080806056052e-02
1.750000000000000000e+00 -3.031088913245538308e+00 3.847376866922949668e-02
2.750000000000000000e+00 -3.031088913245538308e+00 3.826371863865114104e-02
3.250000000000000000e+00 -2.165063509461100821e+00 2.512765277142073317e-02
4.250000000000000000e+00 -2.165063509461100821e+00 3.109141849024427487e-02
1.750000000000000000e+00 -1.299038105676659782e+00 2.298391428767088129e-02
2.750000000000000000e+00 -1.299038105676659782e+00 4.435095356223785201e-02
3.250000000000000000e+00 -4.330127018922222959e-01 5.588942979758187990e-02
4.250000000000000000e+00 -4.330127018922222959e-01 3.826372972217179091e-02
1.750000000000000000e+00 4.330127018922151905e-01 1.963403359948392435e-01
2.750000000000000000e+00 4.330127018922151905e-01 2.646443030330496854e-02
3.250000000000000000e+00 1.299038105676652677e+00 5.588946038334150629e-02
4.250000000000000000e+00 1.299038105676652677e+00 3.826371968373135091e-02
1.750000000000000000e+00 2.165063509461093716e+00 2.298385912569285427e-02
2.750000000000000000e+00 2.165063509461093716e+00 4.435100684911656016e-02
3.250000000000000000e+00 3.031088913245531202e+00 2.512774070196848591e-02
4.250000000000000000e+00 3.031088913245531202e+00 3.109142472474909352e-02
1.750000000000000000e+00 3.897114317029972241e+00 3.847348910969872887e-02
2.750000000000000000e+00 3.897114317029972241e+00 3.826376039448136507e-02
3.250000000000000000e+00 4.763139720814409728e+00 1.697893830438239327e-02
4.250000000000000000e+00 4.763139720814409728e+00 3.290304468031884227e-02
1.750000000000000000e+00 5.629165124598847214e+00 1.697875576568107919e-02
2.750000000000000000e+00 5.629165124598847214e+00 2.839721313922533713e-02
3.250000000000000000e+00 6.495190528383284700e+00 1.911372897335441440e-02
4.250000000000000000e+00 6.495190528383284700e+00 2.658601931545707259e-02
1.750000000000000000e+00 7.361215932167725740e+00 1.643420049635564706e-02
2.750000000000000000e+00 7.361215932167725740e+00 2.658646921471650992e-02
3.250000000000000000e+00 8.227241335952166779e+00 1.559351112390010806e-02
4.250000000000000000e+00 8.227241335952166779e+00 2.110192797347497373e-02
1.750000000000000000e+00 9.093266739736600712e+00 1.656376895784120173e-02
2.750000000000000000e+00 9.093266739736600712e+00 2.186389411816275219e-02
3.250000000000000000e+00 9.959292143521041751e+00 1.537508967626823042e-02
4.250000000000000000e+00 9.959292143521041751e+00 1.871030308292965030e-02
1.750000000000000000e+00 1.082531754730548279e+01 1.540439452135471121e-02
2.750000000000000000e+00 1.082531754730548279e+01 1.813904722703268621e-02
3.250000000000000000e+00 1.169134295108992383e+01 1.550196592404818122e-02
4.250000000000000000e+00 1.169134295108992383e+01 1.694002536261825925e-02
1.750000000000000000e+00 1.255736835487435776e+01 1.543293417924368471e-02
2.750000000000000000e+00 1.255736835487435776e+01 1.666676533365842386e-02
3.250000000000000000e+00 1.342339375865879880e+01 1.575729273065428621e-02
4.250000000000000000e+00 1.342339375865879880e+01 1.633074633110116053e-02
1.750000000000000000e+00 1.428941916244323274e+01 1.597752272955642316e-02
2.750000000000000000e+00 1.428941916244323274e+01 1.643627962750517091e-02
3.250000000000000000e+00 1.515544456622767377e+01 1.744340118582581381e-02
4.250000000000000000e+00 1.515544456622767377e+01 1.765637350262939248e-02
1.750000000000000000e+00 1.602146997001211304e+01 1.822181081266928751e-02
2.750000000000000000e+00 1.602146997001211304e+01 1.837321936940483624e-02
3.250000000000000000e+00 1.688749537379655408e+01 2.150696791564320198e-02
4.250000000000000000e+00 1.688749537379655408e+01 2.157523507733515034e-02
1.750000000000000000e+00 1.775352077758098801e+01 2.970658465723479552e-02
2.750000000000000000e+00 1.775352077758098801e+01 2.975220020008471911e-02
3.250000000000000000e+00 1.861954618136542905e+01 2.776614347157964346e-02
4.250000000000000000e+00 1.861954618136542905e+01 2.778536854142057283e-02
1.750000000000000000e+00 1.948557158514986298e+01 5.067035069235584221e-02
2.750000000000000000e+00 1.948557158514986298e+01 5.068278003490236938e-02
3.250000000000000000e+00 2.035159698893430402e+01 7.069025740493022070e-02
4.250000000000000000e+00 2.035159698893430402e+01 7.069509644777013935e-02
1.750000000000000000e+00 2.121762239271873796e+01 4.590216547644666856e-02
2.750000000000000000e+00 2.121762239271873796e+01 4.590534575974800080e-02
3.250000000000000000e+00 2.208364779650317899e+01 1.232815149674603289e-01
4.250000000000000000e+00 2.208364779650317899e+01 1.232825908859748604e-01
1.750000000000000000e+00 2.294967320028762003e+01 1.405853569105954826e-01
2.750000000000000000e+00 2.294967320028762003e+01 1.405861910592635655e-01
3.250000000000000000e+00 2.381569860407206107e+01 3.923447085921796806e-02
4.250000000000000000e+00 2.381569860407206107e+01 3.923475745110729940e-02
1.750000000000000000e+00 2.468172400785649501e+01 1.863412060877107090e-01
2.750000000000000000e+00 2.468172400785649501e+01 1.863413756516303366e-01
3.250000000000000000e+00 2.554774941164093605e+01 1.869794698734694172e-01
4.250000000000000000e+00 2.554774941164093605e+01 1.869796421584315749e-01
4.750000000000000000e+00 -2.554774941164094315e+01 1.869794821081278424e-01
5.750000000000000000e+00 -2.554774941164094315e+01 1.869795136288318060e-01
6.250000000000000000e+00 -2.468172400785650566e+01 1.863412151382596305e-01
7.250000000000000000e+00 -2.468172400785650566e+01 1.863412321317957088e-01
4.750000000000000000e+00 -2.381569860407206463e+01 3.923446892266456432e-02
5.750000000000000000e+00 -2.381569860407206463e+01 3.923457029935562002e-02
6.250000000000000000e+00 -2.294967320028762714e+01 1.405853525866679887e-01
7.250000000000000000e+00 -2.294967320028762714e+01 1.405854962629415339e-01
4.750000000000000000e+00 -2.208364779650318965e+01 1.232815363249935431e-01
5.750000000000000000e+00 -2.208364779650318965e+01 1.232819547744397615e-01
6.250000000000000000e+00 -2.121762239271875217e+01 4.590205505877198444e-02
7.250000000000000000e+00 -2.121762239271875217e+01 4.590274510732354762e-02
4.750000000000000000e+00 -2.035159698893431113e+01 7.069028026533195896e-02
5.750000000000000000e+00 -2.035159698893431113e+01 7.069213808616375827e-02
6.250000000000000000e+00 -1.948557158514987364e+01 5.067024532194192021e-02
7.250000000000000000e+00 -1.948557158514987364e+01 5.067290860069992298e-02
4.750000000000000000e+00 -1.861954618136543615e+01 2.776538943187534941e-02
5.750000000000000000e+00 -1.861954618136543615e+01 2.777294081225556432e-02
6.250000000000000000e+00 -1.775352077758099512e+01 2.970680532226399606e-02
7.250000000000000000e+00 -1.775352077758099512e+01 2.971626288128478843e-02
4.750000000000000000e+00 -1.688749537379655763e+01 2.150449017130147411e-02
5.750000000000000000e+00 -1.688749537379655763e+01 2.153126036435234342e-02
6.250000000000000000e+00 -1.602146997001212014e+01 1.821563243509105590e-02
7.250000000000000000e+00 -1.602146997001212014e+01 1.824811569210810919e-02
4.750000000000000000e+00 -1.515544456622767733e+01 1.744690274979716904e-02
5.750000000000000000e+00 -1.515544456622767733e+01 1.753161124478212762e-02
6.250000000000000000e+00 -1.428941916244323806e+01 1.594287197236413101e-02
7.250000000000000000e+00 -1.428941916244323806e+01 1.604404793227887094e-02
4.750000000000000000e+00 -1.342339375865880058e+01 1.575085524923614672e-02
5.750000000000000000e+00 -1.342339375865880058e+01 1.600572577327349921e-02
6.250000000000000000e+00 -1.255736835487436132e+01 1.542212198105409604e-02
7.250000000000000000e+00 -1.255736835487436132e+01 1.568372859916686290e-02
4.750000000000000000e+00 -1.169134295108992383e+01 1.533259170530004711e-02
5.750000000000000000e+00 -1.169134295108992383e+01 1.602677131651913944e-02
6.250000000000000000e+00 -1.082531754730548457e+01 1.535676016869372273e-02
7.250000000000000000e+00 -1.082531754730548457e+01 1.598932647123145825e-02
4.750000000000000000e+00 -9.959292143521047080e+00 1.530278482839873833e-02
5.750000000000000000e+00 -9.959292143521047080e+00 1.678212019685224043e-02
6.250000000000000000e+00 -9.093266739736607818e+00 1.530546674216098912e-02
7.250000000000000000e+00 -9.093266739736607818e+00 1.686540631787050715e-02
4.750000000000000000e+00 -8.227241335952170331e+00 1.582614211347045663e-02
5.750000000000000000e+00 -8.227241335952170331e+00 1.870321439814165432e-02
6.250000000000000000e+00 -7.361215932167732845e+00 1.536759694734299297e-02
7.250000000000000000e+00 -7.361215932167732845e+00 1.809175694175373800e-02
4.750000000000000000e+00 -6.495190528383291806e+00 1.559272293113571350e-02
5.750000000000000000e+00 -6.495190528383291806e+00 2.185312254278007349e-02
6.250000000000000000e+00 -5.629165124598854320e+00 1.655265641981285007e-02
7.250000000000000000e+00 -5.629165124598854320e+00 2.033324129854457984e-02
4.750000000000000000e+00 -4.763139720814413280e+00 1.643324179043297723e-02
5.750000000000000000e+00 -4.763139720814413280e+00 2.408309192823585368e-02
6.250000000000000000e+00 -3.897114317029975794e+00 1.555689890653388918e-02
7.250000000000000000e+00 -3.897114317029975794e+00 2.346708001083516737e-02
4.750000000000000000e+00 -3.031088913245538308e+00 2.282691745134260430e-02
5.750000000000000000e+00 -3.031088913245538308e+00 2.886492951068922452e-02
6.250000000000000000e+00 -2.165063509461100821e+00 1.881254925536396394e-02
7.250000000000000000e+00 -2.165063509461100821e+00 2.408291634318728697e-02
4.750000000000000000e+00 -1.299038105676659782e+00 1.533346056274581884e-02
5.750000000000000000e+00 -1.299038105676659782e+00 3.290280737965381452e-02
6.250000000000000000e+00 -4.330127018922222959e-01 2.180267114142421525e-02
7.250000000000000000e+00 -4.330127018922222959e-01 2.658515741615496628e-02
4.750000000000000000e+00 4.330127018922151905e-01 4.804120150648346493e-02
5.750000000000000000e+00 4.330127018922151905e-01 2.839724359288942068e-02
6.250000000000000000e+00 1.299038105676652677e+00 2.180272680320091694e-02
7.250000000000000000e+00 1.299038105676652677e+00 2.658515151189597137e-02
4.750000000000000000e+00 2.165063509461093716e+00 1.533348016609265008e-02
5.750000000000000000e+00 2.165063509461093716e+00 3.290282185655932223e-02
6.250000000000000000e+00 3.031088913245531202e+00 1.881258843863009567e-02
7.250000000000000000e+00 3.031088913245531202e+00 2.408290956971070179e-02
4.750000000000000000e+00 3.897114317029972241e+00 2.282699820099716448e-02
5.750000000000000000e+00 3.897114317029972241e+00 2.886490741823208306e-02
6.250000000000000000e+00 4.763139720814409728e+00 1.555706120057864794e-02
7.250000000000000000e+00 4.763139720814409728e+00 2.346722246816511370e-02
4.750000000000000000e+00 5.629165124598847214e+00 1.643313411617133152e-02
5.750000000000000000e+00 5.629165124598847214e+00 2.408286135951730189e-02
6.250000000000000000e+00 6.495190528383284700e+00 1.655363908788670679e-02
7.250000000000000000e+00 6.495190528383284700e+00 2.033406559359035581e-02
4.750000000000000000e+00 7.361215932167725740e+00 1.559291943949389636e-02
5.750000000000000000e+00 7.361215932167725740e+00 2.185347628566597367e-02
6.250000000000000000e+00 8.227241335952166779e+00 1.536819628065691501e-02
7.250000000000000000e+00 8.227241335952166779e+00 1.809226331906773483e-02
4.750000000000000000e+00 9.093266739736600712e+00 1.583570351443053942e-02
5.750000000000000000e+00 9.093266739736600712e+00 1.871283529974490656e-02
6.250000000000000000e+00 9.959292143521041751e+00 1.530272732743198638e-02
7.250000000000000000e+00 9.959292143521041751e+00 1.686281377666531966e-02
4.750000000000000000e+00 1.082531754730548279e+01 1.534261054126551116e-02
5.750000000000000000e+00 1.082531754730548279e+01 1.682174281825021822e-02
6.250000000000000000e+00 1.169134295108992383e+01 1.539421365522308793e-02
7.250000000000000000e+00 1.169134295108992383e+01 1.602671694303384187e-02
4.750000000000000000e+00 1.255736835487435776e+01 1.542520957538325369e-02
5.750000000000000000e+00 1.255736835487435776e+01 1.611961486362506468e-02
6.250000000000000000e+00 1.342339375865879880e+01 1.573949382802235231e-02
7.250000000000000000e+00 1.342339375865879880e+01 1.600096171420735403e-02
4.750000000000000000e+00 1.428941916244323274e+01 1.596093185110074655e-02
5.750000000000000000e+00 1.428941916244323274e+01 1.621614527854885190e-02
6.250000000000000000e+00 1.515544456622767377e+01 1.744378254486694813e-02
7.250000000000000000e+00 1.515544456622767377e+01 1.754517830300662828e-02
4.750000000000000000e+00 1.602146997001211304e+01 1.821771873093342570e-02
5.750000000000000000e+00 1.602146997001211304e+01 1.830234558223117758e-02
6.250000000000000000e+00 1.688749537379655408e+01 2.150591374330274030e-02
7.250000000000000000e+00 1.688749537379655408e+01 2.153862932839707700e-02
4.750000000000000000e+00 1.775352077758098801e+01 2.970644713022700667e-02
5.750000000000000000e+00 1.775352077758098801e+01 2.973313434209740036e-02
6.250000000000000000e+00 1.861954618136542905e+01 2.776565952477989818e-02
7.250000000000000000e+00 1.861954618136542905e+01 2.777511992834490878e-02
4.750000000000000000e+00 1.948557158514986298e+01 5.067031290173965030e-02
5.750000000000000000e+00 1.948557158514986298e+01 5.067796766352170024e-02
6.250000000000000000e+00 2.035159698893430402e+01 7.069022663402546591e-02
7.250000000000000000e+00 2.035159698893430402e+01 7.069286313518854947e-02
4.750000000000000000e+00 2.121762239271873796e+01 4.590209312827100985e-02
5.750000000000000000e+00 2.121762239271873796e+01 4.590401661057631755e-02
6.250000000000000000e+00 2.208364779650317899e+01 1.232815073996226668e-01
7.250000000000000000e+00 2.208364779650317899e+01 1.232822335063422370e-01
4.750000000000000000e+00 2.294967320028762003e+01 1.405853413415692754e-01
5.750000000000000000e+00 2.294967320028762003e+01 1.405857102119670021e-01
6.250000000000000000e+00 2.381569860407206107e+01 3.923446520822301831e-02
7.250000000000000000e+00 2.381569860407206107e+01 3.923464224439199288e-02
4.750000000000000000e+00 2.468172400785649501e+01 1.863412076250294536e-01
5.750000000000000000e+00 2.468172400785649501e+01 1.863412422604420748e-01
6.250000000000000000e+00 2.554774941164093605e+01 1.869794830846879807e-01
7.250000000000000000e+00 2.554774941164093605e+01 1.869795118396750389e-01
