-7.250000000000000000e+00 -2.554774941164094315e+01 1.308550605182613180e-01
-6.250000000000000000e+00 -2.554774941164094315e+01 1.308549772217596219e-01
-5.750000000000000000e+00 -2.468172400785650566e+01 1.312362462112274253e-01
-4.750000000000000000e+00 -2.468172400785650566e+01 1.312361365613353426e-01
-7.250000000000000000e+00 -2.381569860407206463e+01 6.596669536464896955e-02
-6.250000000000000000e+00 -2.381569860407206463e+01 6.596655453300732941e-02
-5.750000000000000000e+00 -2.294967320028762714e+01 1.969900987078906096e-01
-4.750000000000000000e+00 -2.294967320028762714e+01 1.969896135282127037e-01
-7.250000000000000000e+00 -2.208364779650318965e+01 1.972712490000632368e-01
-6.250000000000000000e+00 -2.208364779650318965e+01 1.972705588631594731e-01
-5.750000000000000000e+00 -2.121762239271875217e+01 1.576156746631344197e-01
-4.750000000000000000e+00 -2.121762239271875217e+01 1.576140902904066554e-01
-7.250000000000000000e+00 -2.035159698893431113e+01 2.293282625223000415e-01
-6.250000000000000000e+00 -2.035159698893431113e+01 2.293255606124242896e-01
-5.750000000000000000e+00 -1.948557158514987364e+01 2.113274989296099748e-01
-4.750000000000000000e+00 -1.948557158514987364e+01 2.113212724692678512e-01
-7.250000000000000000e+00 -1.861954618136543615e+01 1.744139055512335668e-01
-6.250000000000000000e+00 -1.861954618136543615e+01 1.744043278798512731e-01
-5.750000000000000000e+00 -1.775352077758099512e+01 1.849716034787010077e-01
-4.750000000000000000e+00 -1.775352077758099512e+01 1.849473014228506240e-01
-7.250000000000000000e+00 -1.688749537379655763e+01 1.599508727849626721e-01
-6.250000000000000000e+00 -1.688749537379655763e+01 1.599164299289889124e-01
-5.750000000000000000e+00 -1.602146997001212014e+01 1.374168079504006768e-01
-4.750000000000000000e+00 -1.602146997001212014e+01 1.373298073847743217e-01
-7.250000000000000000e+00 -1.515544456622767733e+01 1.315724859835071536e-01
-6.250000000000000000e+00 -1.515544456622767733e+01 1.314577914296074235e-01
-5.750000000000000000e+00 -1.428941916244323806e+01 1.189994335705871625e-01
-4.750000000000000000e+00 -1.428941916244323806e+01 1.187132278692046849e-01
-7.250000000000000000e+00 -1.342339375865880058e+01 1.120638786953158661e-01
-6.250000000000000000e+00 -1.342339375865880058e+01 1.117127983505649541e-01
-5.750000000000000000e+00 -1.255736835487436132e+01 1.090666693545280508e-01
-4.750000000000000000e+00 -1.255736835487436132e+01 1.082234321549177120e-01
-7.250000000000000000e+00 -1.169134295108992383e+01 1.059530778220987568e-01
-6.250000000000000000e+00 -1.169134295108992383e+01 1.049647215191816529e-01
-5.750000000000000000e+00 -1.082531754730548457e+01 1.047916573239362215e-01
-4.750000000000000000e+00 -1.082531754730548457e+01 1.025493615111342516e-01
-7.250000000000000000e+00 -9.959292143521047080e+00 1.041088390226554139e-01
-6.250000000000000000e+00 -9.959292143521047080e+00 1.016606580816186017e-01
-5.750000000000000000e+00 -9.093266739736607818e+00 1.038203938636750451e-01
-4.750000000000000000e+00 -9.093266739736607818e+00 9.840080589893529517e-02
-7.250000000000000000e+00 -8.227241335952170331e+00 1.035096205790690116e-01
-6.250000000000000000e+00 -8.227241335952170331e+00 9.826715547515055271e-02
-5.750000000000000000e+00 -7.361215932167732845e+00 1.036293520479791425e-01
-4.750000000000000000e+00 -7.361215932167732845e+00 9.234401942049888512e-02
-7.250000000000000000e+00 -6.495190528383291806e+00 1.035371565759363871e-01
-6.250000000000000000e+00 -6.495190528383291806e+00 9.334143336593908602e-02
-5.750000000000000000e+00 -5.629165124598854320e+00 1.033622969950303283e-01
-4.750000000000000000e+00 -5.629165124598854320e+00 8.360014343046039131e-02
-7.250000000000000000e+00 -4.763139720814413280e+00 1.037424950432241505e-01
-6.250000000000000000e+00 -4.763139720814413280e+00 8.612184692798949270e-02
-5.750000000000000000e+00 -3.897114317029975794e+00 1.041105415476163559e-01
-4.750000000000000000e+00 -3.897114317029975794e+00 7.243651536168044247e-02
-7.250000000000000000e+00 -3.031088913245538308e+00 1.034212655459919583e-01
-6.250000000000000000e+00 -3.031088913245538308e+00 7.853729763233320560e-02
-5.750000000000000000e+00 -2.165063509461100821e+00 1.049977767474047363e-01
-4.750000000000000000e+00 -2.165063509461100821e+00 5.978780112673932196e-02
-7.250000000000000000e+00 -1.299038105676659782e+00 1.036028649198149909e-01
-6.250000000000000000e+00 -1.299038105676659782e+00 7.243441791836320587e-02
-5.750000000000000000e+00 -4.330127018922222959e-01 1.037366644425883333e-01
-4.750000000000000000e+00 -4.330127018922222959e-01 5.362347348010100545e-02
-7.250000000000000000e+00 4.330127018922151905e-01 1.041845492930593281e-01
-6.250000000000000000e+00 4.330127018922151905e-01 6.871248252590188288e-02
-5.750000000000000000e+00 1.299038105676652677e+00 1.037367673586216815e-01
-4.750000000000000000e+00 1.299038105676652677e+00 5.362361465046879688e-02
-7.250000000000000000e+00 2.165063509461093716e+00 1.036030573411562544e-01
-6.250000000000000000e+00 2.165063509461093716e+00 7.243459062487120348e-02
-5.750000000000000000e+00 3.031088913245531202e+00 1.049983583842708373e-01
-4.750000000000000000e+00 3.031088913245531202e+00 5.978840536873848005e-02
-7.250000000000000000e+00 3.897114317029972241e+00 1.034226249827462085e-01
-6.250000000000000000e+00 3.897114317029972241e+00 7.853888820473818588e-02
-5.750000000000000000e+00 4.763139720814409728e+00 1.041129058526397561e-01
-4.750000000000000000e+00 4.763139720814409728e+00 7.243886084496185818e-02
-7.250000000000000000e+00 5.629165124598847214e+00 1.037509354272605072e-01
-6.250000000000000000e+00 5.629165124598847214e+00 8.613063587786508324e-02
-5.750000000000000000e+00 6.495190528383284700e+00 1.033769648754843118e-01
-4.750000000000000000e+00 6.495190528383284700e+00 8.361459543270988171e-02
-7.250000000000000000e+00 7.361215932167725740e+00 1.035730606345406091e-01
-6.250000000000000000e+00 7.361215932167725740e+00 9.337723689594740195e-02
-5.750000000000000000e+00 8.227241335952166779e+00 1.037268299159231771e-01
-4.750000000000000000e+00 8.227241335952166779e+00 9.243998189525368114e-02
-7.250000000000000000e+00 9.093266739736600712e+00 1.036441460822065119e-01
-6.250000000000000000e+00 9.093266739736600712e+00 9.840133323009569999e-02
-5.750000000000000000e+00 9.959292143521041751e+00 1.042569633098020948e-01
-4.750000000000000000e+00 9.959292143521041751e+00 9.883464663218229085e-02
-7.250000000000000000e+00 1.082531754730548279e+01 1.047918175359199566e-01
-6.250000000000000000e+00 1.082531754730548279e+01 1.023426147734731312e-01
-5.750000000000000000e+00 1.169134295108992383e+01 1.059610098715583204e-01
-4.750000000000000000e+00 1.169134295108992383e+01 1.037168101795757635e-01
-7.250000000000000000e+00 1.255736835487435776e+01 1.090884341441987482e-01
-6.250000000000000000e+00 1.255736835487435776e+01 1.080973766063732799e-01
-5.750000000000000000e+00 1.342339375865879880e+01 1.120607144151781753e-01
-4.750000000000000000e+00 1.342339375865879880e+01 1.112155580579154285e-01
-7.250000000000000000e+00 1.428941916244323274e+01 1.190008367476858009e-01
-6.250000000000000000e+00 1.428941916244323274e+01 1.186473609909458743e-01
-5.750000000000000000e+00 1.515544456622767377e+01 1.315751215749117464e-01
-4.750000000000000000e+00 1.515544456622767377e+01 1.312863962754990677e-01
-7.250000000000000000e+00 1.602146997001211304e+01 1.374157506727692324e-01
-6.250000000000000000e+00 1.602146997001211304e+01 1.372996365083326287e-01
-5.750000000000000000e+00 1.688749537379655408e+01 1.599517394251578906e-01
-4.750000000000000000e+00 1.688749537379655408e+01 1.598637253827039362e-01
-7.250000000000000000e+00 1.775352077758098801e+01 1.849717116999768929e-01
-6.250000000000000000e+00 1.775352077758098801e+01 1.849355783248299023e-01
-5.750000000000000000e+00 1.861954618136542905e+01 1.744138359518755677e-01
-4.750000000000000000e+00 1.861954618136542905e+01 1.743890057660955617e-01
-7.250000000000000000e+00 1.948557158514986298e+01 2.113275847762990933e-01
-6.250000000000000000e+00 1.948557158514986298e+01 2.113172088511217628e-01
-5.750000000000000000e+00 2.035159698893430402e+01 2.293282028479582957e-01
-4.750000000000000000e+00 2.035159698893430402e+01 2.293211509894204636e-01
-7.250000000000000000e+00 2.121762239271873796e+01 1.576156190369532029e-01
-6.250000000000000000e+00 2.121762239271873796e+01 1.576128718723548983e-01
-5.750000000000000000e+00 2.208364779650317899e+01 1.972712083352498036e-01
-4.750000000000000000e+00 2.208364779650317899e+01 1.972694443068009895e-01
-7.250000000000000000e+00 2.294967320028762003e+01 1.969900703054977831e-01
-6.250000000000000000e+00 2.294967320028762003e+01 1.969891646511443828e-01
-5.750000000000000000e+00 2.381569860407206107e+01 6.596668576825305552e-02
-4.750000000000000000e+00 2.381569860407206107e+01 6.596629877781751139e-02
-7.250000000000000000e+00 2.468172400785649501e+01 1.312362398291675447e-01
-6.250000000000000000e+00 2.468172400785649501e+01 1.312359993056591290e-01
-5.750000000000000000e+00 2.554774941164093605e+01 1.308550617004997640e-01
-4.750000000000000000e+00 2.554774941164093605e+01 1.308548164848207240e-01
-4.250000000000000000e+00 -2.554774941164094315e+01 1.308550580704394284e-01
-3.250000000000000000e+00 -2.554774941164094315e+01 1.308549531617670125e-01
-2.750000000000000000e+00 -2.468172400785650566e+01 1.312362416287022326e-01
-1.750000000000000000e+00 -2.468172400785650566e+01 1.312361789749800223e-01
-4.250000000000000000e+00 -2.381569860407206463e+01 6.596669321972789546e-02
-3.250000000000000000e+00 -2.381569860407206463e+01 6.596651682240661785e-02
-2.750000000000000000e+00 -2.294967320028762714e+01 1.969900865956056291e-01
-1.750000000000000000e+00 -2.294967320028762714e+01 1.969896867889175118e-01
-4.250000000000000000e+00 -2.208364779650318965e+01 1.972712433625735673e-01
-3.250000000000000000e+00 -2.208364779650318965e+01 1.972704842425477001e-01
-2.750000000000000000e+00 -2.121762239271875217e+01 1.576156693883945525e-01
-1.750000000000000000e+00 -2.121762239271875217e+01 1.576139494517790340e-01
-4.250000000000000000e+00 -2.035159698893431113e+01 2.293283002884683452e-01
-3.250000000000000000e+00 -2.035159698893431113e+01 2.293246824366515502e-01
-2.750000000000000000e+00 -1.948557158514987364e+01 2.113274882827921863e-01
-1.750000000000000000e+00 -1.948557158514987364e+01 2.113199135397280104e-01
-4.250000000000000000e+00 -1.861954618136543615e+01 1.744139976014283944e-01
-3.250000000000000000e+00 -1.861954618136543615e+01 1.743992229895050261e-01
-2.750000000000000000e+00 -1.775352077758099512e+01 1.849717581642844888e-01
-1.750000000000000000e+00 -1.775352077758099512e+01 1.849391314743289716e-01
-4.250000000000000000e+00 -1.688749537379655763e+01 1.599507629858106239e-01
-3.250000000000000000e+00 -1.688749537379655763e+01 1.598941837932544574e-01
-2.750000000000000000e+00 -1.602146997001212014e+01 1.374171525559426954e-01
-1.750000000000000000e+00 -1.602146997001212014e+01 1.372931882578516394e-01
-4.250000000000000000e+00 -1.515544456622767733e+01 1.315735121535882013e-01
-3.250000000000000000e+00 -1.515544456622767733e+01 1.313736752313516276e-01
-2.750000000000000000e+00 -1.428941916244323806e+01 1.189980351163298922e-01
-1.750000000000000000e+00 -1.428941916244323806e+01 1.185802164324716856e-01
-4.250000000000000000e+00 -1.342339375865880058e+01 1.120709510423563288e-01
-3.250000000000000000e+00 -1.342339375865880058e+01 1.114328966185963443e-01
-2.750000000000000000e+00 -1.255736835487436132e+01 1.090709926930855111e-01
-1.750000000000000000e+00 -1.255736835487436132e+01 1.078081330053392711e-01
-4.250000000000000000e+00 -1.169134295108992383e+01 1.059548458907448309e-01
-3.250000000000000000e+00 -1.169134295108992383e+01 1.041329990935916799e-01
-2.750000000000000000e+00 -1.082531754730548457e+01 1.048343582855107980e-01
-1.750000000000000000e+00 -1.082531754730548457e+01 1.014011754804605425e-01
-4.250000000000000000e+00 -9.959292143521047080e+00 1.040798541781869924e-01
-3.250000000000000000e+00 -9.959292143521047080e+00 9.951205792596988509e-02
-2.750000000000000000e+00 -9.093266739736607818e+00 1.038045230878942571e-01
-1.750000000000000000e+00 -9.093266739736607818e+00 9.553604999634060513e-02
-4.250000000000000000e+00 -8.227241335952170331e+00 1.037265886517102775e-01
-3.250000000000000000e+00 -8.227241335952170331e+00 9.347331504024937454e-02
-2.750000000000000000e+00 -7.361215932167732845e+00 1.034126262886121417e-01
-1.750000000000000000e+00 -7.361215932167732845e+00 8.618079189188646017e-02
-4.250000000000000000e+00 -6.495190528383291806e+00 1.045933427525047588e-01
-3.250000000000000000e+00 -6.495190528383291806e+00 8.361442453441082778e-02
-2.750000000000000000e+00 -5.629165124598854320e+00 1.048031555911902307e-01
-1.750000000000000000e+00 -5.629165124598854320e+00 7.244699199031350012e-02
-4.250000000000000000e+00 -4.763139720814413280e+00 1.047944612510810780e-01
-3.250000000000000000e+00 -4.763139720814413280e+00 6.871649778353426663e-02
-2.750000000000000000e+00 -3.897114317029975794e+00 1.106469074183263901e-01
-1.750000000000000000e+00 -3.897114317029975794e+00 5.362529466880654877e-02
-4.250000000000000000e+00 -3.031088913245538308e+00 1.033799231709859323e-01
-3.250000000000000000e+00 -3.031088913245538308e+00 5.362403205788652399e-02
-2.750000000000000000e+00 -2.165063509461100821e+00 1.126492241246646875e-01
-1.750000000000000000e+00 -2.165063509461100821e+00 3.104651966121711043e-02
-4.250000000000000000e+00 -1.299038105676659782e+00 1.055105029843022013e-01
-3.250000000000000000e+00 -1.299038105676659782e+00 4.096145082432791490e-02
-2.750000000000000000e+00 -4.330127018922222959e-01 1.051944866452537153e-01
-1.750000000000000000e+00 -4.330127018922222959e-01 2.198098702504609411e-02
-4.250000000000000000e+00 4.330127018922151905e-01 1.085632211805061115e-01
-3.250000000000000000e+00 4.330127018922151905e-01 3.104651132218192236e-02
-2.750000000000000000e+00 1.299038105676652677e+00 1.051945780569156219e-01
-1.750000000000000000e+00 1.299038105676652677e+00 2.198099544546613243e-02
-4.250000000000000000e+00 2.165063509461093716e+00 1.055105914970174696e-01
-3.250000000000000000e+00 2.165063509461093716e+00 4.096166308408197287e-02
-2.750000000000000000e+00 3.031088913245531202e+00 1.126495269365500040e-01
-1.750000000000000000e+00 3.031088913245531202e+00 3.104676735595500101e-02
-4.250000000000000000e+00 3.897114317029972241e+00 1.033813355911618465e-01
-3.250000000000000000e+00 3.897114317029972241e+00 5.362527836512808593e-02
-2.750000000000000000e+00 4.763139720814409728e+00 1.106485883198324027e-01
-1.750000000000000000e+00 4.763139720814409728e+00 5.362724013545526469e-02
-4.250000000000000000e+00 5.629165124598847214e+00 1.048031623235746584e-01
-3.250000000000000000e+00 5.629165124598847214e+00 6.872428973719039991e-02
-2.750000000000000000e+00 6.495190528383284700e+00 1.048173695953391604e-01
-1.750000000000000000e+00 6.495190528383284700e+00 7.246137216072671972e-02
-4.250000000000000000e+00 7.361215932167725740e+00 1.046289703873860555e-01
-3.250000000000000000e+00 7.361215932167725740e+00 8.364917641277616611e-02
-2.750000000000000000e+00 8.227241335952166779e+00 1.035096765184574941e-01
-1.750000000000000000e+00 8.227241335952166779e+00 8.627797737445859483e-02
-4.250000000000000000e+00 9.093266739736600712e+00 1.038605232705674397e-01
-3.250000000000000000e+00 9.093266739736600712e+00 9.360691584007910238e-02
-2.750000000000000000e+00 9.959292143521041751e+00 1.042396332948984927e-01
-1.750000000000000000e+00 9.959292143521041751e+00 9.597311549765294436e-02
-4.250000000000000000e+00 1.082531754730548279e+01 1.047629431362825381e-01
-3.250000000000000000e+00 1.082531754730548279e+01 1.001940775979373865e-01
-2.750000000000000000e+00 1.169134295108992383e+01 1.060025580478304863e-01
-1.750000000000000000e+00 1.169134295108992383e+01 1.025724465193381119e-01
-4.250000000000000000e+00 1.255736835487435776e+01 1.090898113384672352e-01
-3.250000000000000000e+00 1.255736835487435776e+01 1.072673448443799832e-01
-2.750000000000000000e+00 1.342339375865879880e+01 1.120648827951910148e-01
-1.750000000000000000e+00 1.342339375865879880e+01 1.108040058612186629e-01
-4.250000000000000000e+00 1.428941916244323274e+01 1.190068424231558175e-01
-3.250000000000000000e+00 1.428941916244323274e+01 1.183698374223259298e-01
-2.750000000000000000e+00 1.515544456622767377e+01 1.315730583409693288e-01
-1.750000000000000000e+00 1.515544456622767377e+01 1.311576649292235386e-01
-4.250000000000000000e+00 1.602146997001211304e+01 1.374164198789405988e-01
-3.250000000000000000e+00 1.602146997001211304e+01 1.372166530749528712e-01
-2.750000000000000000e+00 1.688749537379655408e+01 1.599516108523881264e-01
-1.750000000000000000e+00 1.688749537379655408e+01 1.598300323588023597e-01
-4.250000000000000000e+00 1.775352077758098801e+01 1.849713708940280144e-01
-3.250000000000000000e+00 1.775352077758098801e+01 1.849141824812784995e-01
-2.750000000000000000e+00 1.861954618136542905e+01 1.744141705974391610e-01
-1.750000000000000000e+00 1.861954618136542905e+01 1.743818992340480656e-01
-4.250000000000000000e+00 1.948557158514986298e+01 2.113274168778234152e-01
-3.250000000000000000e+00 1.948557158514986298e+01 2.113127695967463859e-01
-2.750000000000000000e+00 2.035159698893430402e+01 2.293282917610120764e-01
-1.750000000000000000e+00 2.035159698893430402e+01 2.293205298618279098e-01
-4.250000000000000000e+00 2.121762239271873796e+01 1.576156570243386901e-01
-3.250000000000000000e+00 2.121762239271873796e+01 1.576118723441574110e-01
-2.750000000000000000e+00 2.208364779650317899e+01 1.972712222444840124e-01
-1.750000000000000000e+00 2.208364779650317899e+01 1.972696544370218241e-01
-4.250000000000000000e+00 2.294967320028762003e+01 1.969901031577841188e-01
-3.250000000000000000e+00 2.294967320028762003e+01 1.969889241691057391e-01
-2.750000000000000000e+00 2.381569860407206107e+01 6.596669733784236989e-02
-1.750000000000000000e+00 2.381569860407206107e+01 6.596629209559522200e-02
-4.250000000000000000e+00 2.468172400785649501e+01 1.312362446581846753e-01
-3.250000000000000000e+00 2.468172400785649501e+01 1.312359839921475868e-01
-2.750000000000000000e+00 2.554774941164093605e+01 1.308550629471164073e-01
-1.750000000000000000e+00 2.554774941164093605e+01 1.308548070887618209e-01
-1.250000000000000000e+00 -2.554774941164094315e+01 1.308550588204920040e-01
-2.500000000000000000e-01 -2.554774941164094315e+01 1.308549959879078406e-01
2.500000000000000000e-01 -2.468172400785650566e+01 1.312362421534033485e-01
1.250000000000000000e+00 -2.468172400785650566e+01 1.312362390865536299e-01
-1.250000000000000000e+00 -2.381569860407206463e+01 6.596669482049419275e-02
-2.500000000000000000e-01 -2.381569860407206463e+01 6.596655790902601624e-02
2.500000000000000000e-01 -2.294967320028762714e+01 1.969900827609699367e-01
1.250000000000000000e+00 -2.294967320028762714e+01 1.969898550708744644e-01
-1.250000000000000000e+00 -2.208364779650318965e+01 1.972712267242130724e-01
-2.500000000000000000e-01 -2.208364779650318965e+01 1.972706311967408754e-01
2.500000000000000000e-01 -2.121762239271875217e+01 1.576156698520236321e-01
1.250000000000000000e+00 -2.121762239271875217e+01 1.576139870129308340e-01
-1.250000000000000000e+00 -2.035159698893431113e+01 2.293282330183617213e-01
-2.500000000000000000e-01 -2.035159698893431113e+01 2.293246751352792934e-01
2.500000000000000000e-01 -1.948557158514987364e+01 2.113274872877617117e-01
1.250000000000000000e+00 -1.948557158514987364e+01 2.113194252138545226e-01
-1.250000000000000000e+00 -1.861954618136543615e+01 1.744139392419064294e-01
-2.500000000000000000e-01 -1.861954618136543615e+01 1.743969628002086103e-01
2.500000000000000000e-01 -1.775352077758099512e+01 1.849715895439926761e-01
1.250000000000000000e+00 -1.775352077758099512e+01 1.849380191849119559e-01
-1.250000000000000000e+00 -1.688749537379655763e+01 1.599507532246782771e-01
-2.500000000000000000e-01 -1.688749537379655763e+01 1.598830730297386982e-01
2.500000000000000000e-01 -1.602146997001212014e+01 1.374166210480333161e-01
1.250000000000000000e+00 -1.602146997001212014e+01 1.372911612973146123e-01
-1.250000000000000000e+00 -1.515544456622767733e+01 1.315743480281630629e-01
-2.500000000000000000e-01 -1.515544456622767733e+01 1.313323682353322031e-01
2.500000000000000000e-01 -1.428941916244323806e+01 1.189973855048566120e-01
1.250000000000000000e+00 -1.428941916244323806e+01 1.185771186455060605e-01
-1.250000000000000000e+00 -1.342339375865880058e+01 1.120718678701685400e-01
-2.500000000000000000e-01 -1.342339375865880058e+01 1.112942971550866245e-01
2.500000000000000000e-01 -1.255736835487436132e+01 1.090745671056672222e-01
1.250000000000000000e+00 -1.255736835487436132e+01 1.078050411511655010e-01
-1.250000000000000000e+00 -1.169134295108992383e+01 1.059425792806764910e-01
-2.500000000000000000e-01 -1.169134295108992383e+01 1.037172024620815897e-01
2.500000000000000000e-01 -1.082531754730548457e+01 1.048288537292701855e-01
1.250000000000000000e+00 -1.082531754730548457e+01 1.013989465930696526e-01
-1.250000000000000000e+00 -9.959292143521047080e+00 1.040963309003503368e-01
-2.500000000000000000e-01 -9.959292143521047080e+00 9.843205432787188736e-02
2.500000000000000000e-01 -9.093266739736607818e+00 1.037151655125557737e-01
1.250000000000000000e+00 -9.093266739736607818e+00 9.553475233282894552e-02
-1.250000000000000000e+00 -8.227241335952170331e+00 1.038984131566869085e-01
-2.500000000000000000e-01 -8.227241335952170331e+00 9.102653743169915324e-02
2.500000000000000000e-01 -7.361215932167732845e+00 1.034835522175383549e-01
1.250000000000000000e+00 -7.361215932167732845e+00 8.618053996205518597e-02
-1.250000000000000000e+00 -6.495190528383291806e+00 1.041360735273254845e-01
-2.500000000000000000e-01 -6.495190528383291806e+00 7.856460931514901158e-02
2.500000000000000000e-01 -5.629165124598854320e+00 1.050102355082186689e-01
1.250000000000000000e+00 -5.629165124598854320e+00 7.244746083362589573e-02
-1.250000000000000000e+00 -4.763139720814413280e+00 1.033835443007226906e-01
-2.500000000000000000e-01 -4.763139720814413280e+00 5.979211583886701042e-02
2.500000000000000000e-01 -3.897114317029975794e+00 1.055125223353309966e-01
1.250000000000000000e+00 -3.897114317029975794e+00 5.362580694767728889e-02
-1.250000000000000000e+00 -3.031088913245538308e+00 1.126496748132024828e-01
-2.500000000000000000e-01 -3.031088913245538308e+00 4.096207873127809956e-02
2.500000000000000000e-01 -2.165063509461100821e+00 1.051947074961568085e-01
1.250000000000000000e+00 -2.165063509461100821e+00 3.104673934081712827e-02
-1.250000000000000000e+00 -1.299038105676659782e+00 1.457798011423679929e-01
-2.500000000000000000e-01 -1.299038105676659782e+00 2.198099556839031715e-02
2.500000000000000000e-01 -4.330127018922222959e-01 1.686759631650610602e-01
1.250000000000000000e+00 -4.330127018922222959e-01 2.198098702504584778e-02
-1.250000000000000000e+00 4.330127018922151905e-01 1.686760978943531719e-01
-2.500000000000000000e-01 4.330127018922151905e-01 6.076817330124945160e-07
2.500000000000000000e-01 1.299038105676652677e+00 1.686764272053872249e-01
1.250000000000000000e+00 1.299038105676652677e+00 2.198110890678708559e-02
-1.250000000000000000e+00 2.165063509461093716e+00 1.457799204372352830e-01
-2.500000000000000000e-01 2.165063509461093716e+00 2.198108649648763957e-02
2.500000000000000000e-01 3.031088913245531202e+00 1.051952350725797597e-01
1.250000000000000000e+00 3.031088913245531202e+00 3.104740673228740741e-02
-1.250000000000000000e+00 3.897114317029972241e+00 1.126512303403278958e-01
-2.500000000000000000e-01 3.897114317029972241e+00 4.096343897204653139e-02
2.500000000000000000e-01 4.763139720814409728e+00 1.055147888909205300e-01
1.250000000000000000e+00 4.763139720814409728e+00 5.362848534454444510e-02
-1.250000000000000000e+00 5.629165124598847214e+00 1.033920019011359548e-01
-2.500000000000000000e-01 5.629165124598847214e+00 5.980093593007525243e-02
2.500000000000000000e-01 6.495190528383284700e+00 1.050252894752662369e-01
1.250000000000000000e+00 6.495190528383284700e+00 7.246278252420267074e-02
-1.250000000000000000e+00 7.361215932167725740e+00 1.041712457852921603e-01
-2.500000000000000000e-01 7.361215932167725740e+00 7.860143388358116490e-02
2.500000000000000000e-01 8.227241335952166779e+00 1.035808121977691565e-01
1.250000000000000000e+00 8.227241335952166779e+00 8.627854416621269507e-02
-1.250000000000000000e+00 9.093266739736600712e+00 1.040327523103110607e-01
-2.500000000000000000e-01 9.093266739736600712e+00 9.116272964025140535e-02
2.500000000000000000e-01 9.959292143521041751e+00 1.041507433892420037e-01
1.250000000000000000e+00 9.959292143521041751e+00 9.597141697719678566e-02
-1.250000000000000000e+00 1.082531754730548279e+01 1.047796183232697909e-01
-2.500000000000000000e-01 1.082531754730548279e+01 9.911748873053365105e-02
2.500000000000000000e-01 1.169134295108992383e+01 1.059985421396168748e-01
1.250000000000000000e+00 1.169134295108992383e+01 1.025686686629295741e-01
-1.250000000000000000e+00 1.255736835487435776e+01 1.090768426253028583e-01
-2.500000000000000000e-01 1.255736835487435776e+01 1.068553088184888838e-01
2.500000000000000000e-01 1.342339375865879880e+01 1.120691464430512152e-01
1.250000000000000000e+00 1.342339375865879880e+01 1.108000440266954933e-01
-1.250000000000000000e+00 1.428941916244323274e+01 1.190080072622123064e-01
-2.500000000000000000e-01 1.428941916244323274e+01 1.182337984094792571e-01
2.500000000000000000e-01 1.515544456622767377e+01 1.315725575231337374e-01
1.250000000000000000e+00 1.515544456622767377e+01 1.311540582644174779e-01
-1.250000000000000000e+00 1.602146997001211304e+01 1.374179286155933211e-01
-2.500000000000000000e-01 1.602146997001211304e+01 1.371778439565190799e-01
2.500000000000000000e-01 1.688749537379655408e+01 1.599517757145528518e-01
1.250000000000000000e+00 1.688749537379655408e+01 1.598274665058625199e-01
-1.250000000000000000e+00 1.775352077758098801e+01 1.849714462555911987e-01
-2.500000000000000000e-01 1.775352077758098801e+01 1.849058737034613986e-01
2.500000000000000000e-01 1.861954618136542905e+01 1.744143526746557427e-01
1.250000000000000000e+00 1.861954618136542905e+01 1.743815457238226951e-01
-1.250000000000000000e+00 1.948557158514986298e+01 2.113274961789176620e-01
-2.500000000000000000e-01 1.948557158514986298e+01 2.113118399125551439e-01
2.500000000000000000e-01 2.035159698893430402e+01 2.293282592180015678e-01
1.250000000000000000e+00 2.035159698893430402e+01 2.293212249230499045e-01
-1.250000000000000000e+00 2.121762239271873796e+01 1.576157403595461470e-01
-2.500000000000000000e-01 2.121762239271873796e+01 1.576121815944146465e-01
2.500000000000000000e-01 2.208364779650317899e+01 1.972712251906674485e-01
1.250000000000000000e+00 2.208364779650317899e+01 1.972700424488158799e-01
-1.250000000000000000e+00 2.294967320028762003e+01 1.969901047275388062e-01
-2.500000000000000000e-01 2.294967320028762003e+01 1.969893578662022249e-01
2.500000000000000000e-01 2.381569860407206107e+01 6.596669870856801399e-02
1.250000000000000000e+00 2.381569860407206107e+01 6.596644239122159692e-02
-1.250000000000000000e+00 2.468172400785649501e+01 1.312362403268345912e-01
-2.500000000000000000e-01 2.468172400785649501e+01 1.312361457477338178e-01
2.500000000000000000e-01 2.554774941164093605e+01 1.308550544257193471e-01
1.250000000000000000e+00 2.554774941164093605e+01 1.308549668374590913e-01
1.750000000000000000e+00 -2.554774941164094315e+01 1.308550594430726022e-01
2.750000000000000000e+00 -2.554774941164094315e+01 1.308550525925560593e-01
3.250000000000000000e+00 -2.468172400785650566e+01 1.312362463167187909e-01
4.250000000000000000e+00 -2.468172400785650566e+01 1.312362101016106841e-01
1.750000000000000000e+00 -2.381569860407206463e+01 6.596669872064982176e-02
2.750000000000000000e+00 -2.381569860407206463e+01 6.596657247933841728e-02
3.250000000000000000e+00 -2.294967320028762714e+01 1.969900896363191156e-01
4.250000000000000000e+00 -2.294967320028762714e+01 1.969897761347182419e-01
1.750000000000000000e+00 -2.208364779650318965e+01 1.972712455301761370e-01
2.750000000000000000e+00 -2.208364779650318965e+01 1.972705150958305176e-01
3.250000000000000000e+00 -2.121762239271875217e+01 1.576156724179587076e-01
4.250000000000000000e+00 -2.121762239271875217e+01 1.576140479387295734e-01
1.750000000000000000e+00 -2.035159698893431113e+01 2.293282238543655760e-01
2.750000000000000000e+00 -2.035159698893431113e+01 2.293246304614512676e-01
3.250000000000000000e+00 -1.948557158514987364e+01 2.113275361153039156e-01
4.250000000000000000e+00 -1.948557158514987364e+01 2.113208617527581323e-01
1.750000000000000000e+00 -1.861954618136543615e+01 1.744138707081812067e-01
2.750000000000000000e+00 -1.861954618136543615e+01 1.743983906455136568e-01
3.250000000000000000e+00 -1.775352077758099512e+01 1.849715891970248882e-01
4.250000000000000000e+00 -1.775352077758099512e+01 1.849468654619920160e-01
1.750000000000000000e+00 -1.688749537379655763e+01 1.599507969485392533e-01
2.750000000000000000e+00 -1.688749537379655763e+01 1.598920022418132691e-01
3.250000000000000000e+00 -1.602146997001212014e+01 1.374162551844370639e-01
4.250000000000000000e+00 -1.602146997001212014e+01 1.373294405540397833e-01
1.750000000000000000e+00 -1.515544456622767733e+01 1.315740176428374930e-01
2.750000000000000000e+00 -1.515544456622767733e+01 1.313709864349726086e-01
3.250000000000000000e+00 -1.428941916244323806e+01 1.189972930196495499e-01
4.250000000000000000e+00 -1.428941916244323806e+01 1.187130672395360492e-01
1.750000000000000000e+00 -1.342339375865880058e+01 1.120681486306215058e-01
2.750000000000000000e+00 -1.342339375865880058e+01 1.114303238384790617e-01
3.250000000000000000e+00 -1.255736835487436132e+01 1.090720464882219964e-01
4.250000000000000000e+00 -1.255736835487436132e+01 1.082239847280918599e-01
1.750000000000000000e+00 -1.169134295108992383e+01 1.059358887873329547e-01
2.750000000000000000e+00 -1.169134295108992383e+01 1.041306606237332871e-01
3.250000000000000000e+00 -1.082531754730548457e+01 1.048008087712630210e-01
4.250000000000000000e+00 -1.082531754730548457e+01 1.025503313164883024e-01
1.750000000000000000e+00 -9.959292143521047080e+00 1.041051079382405709e-01
2.750000000000000000e+00 -9.959292143521047080e+00 9.951072835997928911e-02
3.250000000000000000e+00 -9.093266739736607818e+00 1.036714220049571589e-01
4.250000000000000000e+00 -9.093266739736607818e+00 9.840154975414117100e-02
1.750000000000000000e+00 -8.227241335952170331e+00 1.037886878697272669e-01
2.750000000000000000e+00 -8.227241335952170331e+00 9.347308165121161194e-02
3.250000000000000000e+00 -7.361215932167732845e+00 1.034887083602545194e-01
4.250000000000000000e+00 -7.361215932167732845e+00 9.234434572920452444e-02
1.750000000000000000e+00 -6.495190528383291806e+00 1.036301829029389332e-01
2.750000000000000000e+00 -6.495190528383291806e+00 8.361460833032466344e-02
3.250000000000000000e+00 -5.629165124598854320e+00 1.041971976336365097e-01
4.250000000000000000e+00 -5.629165124598854320e+00 8.360006240225505147e-02
1.750000000000000000e+00 -4.763139720814413280e+00 1.037409654430990202e-01
2.750000000000000000e+00 -4.763139720814413280e+00 6.871673318825599619e-02
3.250000000000000000e+00 -3.897114317029975794e+00 1.037387300924151740e-01
4.250000000000000000e+00 -3.897114317029975794e+00 7.243624804351059265e-02
1.750000000000000000e+00 -3.031088913245538308e+00 1.085638643053049579e-01
2.750000000000000000e+00 -3.031088913245538308e+00 5.362419032731052804e-02
3.250000000000000000e+00 -2.165063509461100821e+00 1.055106661142911628e-01
4.250000000000000000e+00 -2.165063509461100821e+00 5.978764621677429975e-02
1.750000000000000000e+00 -1.299038105676659782e+00 1.051945640145396516e-01
2.750000000000000000e+00 -1.299038105676659782e+00 4.096149748930345835e-02
3.250000000000000000e+00 -4.330127018922222959e-01 1.126489732317082909e-01
4.250000000000000000e+00 -4.330127018922222959e-01 5.362347348010081116e-02
1.750000000000000000e+00 4.330127018922151905e-01 1.457796285096671918e-01
2.750000000000000000e+00 4.330127018922151905e-01 3.104651132218216175e-02
3.250000000000000000e+00 1.299038105676652677e+00 1.126490331905095066e-01
4.250000000000000000e+00 1.299038105676652677e+00 5.362354298552788473e-02
1.750000000000000000e+00 2.165063509461093716e+00 1.051947884714165005e-01
2.750000000000000000e+00 2.165063509461093716e+00 4.096174303208423295e-02
3.250000000000000000e+00 3.031088913245531202e+00 1.055110550839499783e-01
4.250000000000000000e+00 3.031088913245531202e+00 5.978799770571031208e-02
1.750000000000000000e+00 3.897114317029972241e+00 1.085654484090515237e-01
2.750000000000000000e+00 3.897114317029972241e+00 5.362570330706359356e-02
3.250000000000000000e+00 4.763139720814409728e+00 1.037410487464225373e-01
4.250000000000000000e+00 4.763139720814409728e+00 7.243812567031070182e-02
1.750000000000000000e+00 5.629165124598847214e+00 1.037494032641874675e-01
2.750000000000000000e+00 5.629165124598847214e+00 6.872516588721191977e-02
3.250000000000000000e+00 6.495190528383284700e+00 1.042119994497335278e-01
4.250000000000000000e+00 6.495190528383284700e+00 8.361406571325102899e-02
1.750000000000000000e+00 7.361215932167725740e+00 1.036659782436502031e-01
2.750000000000000000e+00 7.361215932167725740e+00 8.364980414678865883e-02
3.250000000000000000e+00 8.227241335952166779e+00 1.035857145666915918e-01
4.250000000000000000e+00 8.227241335952166779e+00 9.244035738082800879e-02
1.750000000000000000e+00 9.093266739736600712e+00 1.039236751393425584e-01
2.750000000000000000e+00 9.093266739736600712e+00 9.360649551226167542e-02
3.250000000000000000e+00 9.959292143521041751e+00 1.041073135817480733e-01
4.250000000000000000e+00 9.959292143521041751e+00 9.883562380096032329e-02
1.750000000000000000e+00 1.082531754730548279e+01 1.047883121736695872e-01
2.750000000000000000e+00 1.082531754730548279e+01 1.001923583840336335e-01
3.250000000000000000e+00 1.169134295108992383e+01 1.059702871803903101e-01
4.250000000000000000e+00 1.169134295108992383e+01 1.037174820554713356e-01
1.750000000000000000e+00 1.255736835487435776e+01 1.090707697468517035e-01
2.750000000000000000e+00 1.255736835487435776e+01 1.072635208750120916e-01
3.250000000000000000e+00 1.342339375865879880e+01 1.120659814363998974e-01
4.250000000000000000e+00 1.342339375865879880e+01 1.112158258622205631e-01
1.750000000000000000e+00 1.428941916244323274e+01 1.190052861318761090e-01
2.750000000000000000e+00 1.428941916244323274e+01 1.183648367667297363e-01
3.250000000000000000e+00 1.515544456622767377e+01 1.315725774834554385e-01
4.250000000000000000e+00 1.515544456622767377e+01 1.312858237678700690e-01
1.750000000000000000e+00 1.602146997001211304e+01 1.374175878700082121e-01
2.750000000000000000e+00 1.602146997001211304e+01 1.372134731326342949e-01
3.250000000000000000e+00 1.688749537379655408e+01 1.599514698063858320e-01
4.250000000000000000e+00 1.688749537379655408e+01 1.598624015763284723e-01
1.750000000000000000e+00 1.775352077758098801e+01 1.849713858674869316e-01
2.750000000000000000e+00 1.775352077758098801e+01 1.849128817086462262e-01
3.250000000000000000e+00 1.861954618136542905e+01 1.744140278750001827e-01
4.250000000000000000e+00 1.861954618136542905e+01 1.743885784982946718e-01
1.750000000000000000e+00 1.948557158514986298e+01 2.113275651791280407e-01
2.750000000000000000e+00 1.948557158514986298e+01 2.113123097098316416e-01
3.250000000000000000e+00 2.035159698893430402e+01 2.293281854290877275e-01
4.250000000000000000e+00 2.035159698893430402e+01 2.293216028750371394e-01
1.750000000000000000e+00 2.121762239271873796e+01 1.576157100965215330e-01
2.750000000000000000e+00 2.121762239271873796e+01 1.576123718254118511e-01
3.250000000000000000e+00 2.208364779650317899e+01 1.972712332156882353e-01
4.250000000000000000e+00 2.208364779650317899e+01 1.972697112659157759e-01
1.750000000000000000e+00 2.294967320028762003e+01 1.969900691348990818e-01
2.750000000000000000e+00 2.294967320028762003e+01 1.969896704630045292e-01
3.250000000000000000e+00 2.381569860407206107e+01 6.596669413810085647e-02
4.250000000000000000e+00 2.381569860407206107e+01 6.596643294699637561e-02
1.750000000000000000e+00 2.468172400785649501e+01 1.312362342309839336e-01
2.750000000000000000e+00 2.468172400785649501e+01 1.312362530767493540e-01
3.250000000000000000e+00 2.554774941164093605e+01 1.308550502587764730e-01
4.250000000000000000e+00 2.554774941164093605e+01 1.308550644354121995e-01
4.750000000000000000e+00 -2.554774941164094315e+01 1.308550600222775084e-01
5.750000000000000000e+00 -2.554774941164094315e+01 1.308550219980785800e-01
6.250000000000000000e+00 -2.468172400785650566e+01 1.312362482764295180e-01
7.250000000000000000e+00 -2.468172400785650566e+01 1.312361912974731037e-01
4.750000000000000000e+00 -2.381569860407206463e+01 6.596669761285464673e-02
5.750000000000000000e+00 -2.381569860407206463e+01 6.596653966705268157e-02
6.250000000000000000e+00 -2.294967320028762714e+01 1.969900974748212130e-01
7.250000000000000000e+00 -2.294967320028762714e+01 1.969898391240606228e-01
4.750000000000000000e+00 -2.208364779650318965e+01 1.972712590219106166e-01
5.750000000000000000e+00 -2.208364779650318965e+01 1.972705717863734165e-01
6.250000000000000000e+00 -2.121762239271875217e+01 1.576156757889102533e-01
7.250000000000000000e+00 -2.121762239271875217e+01 1.576148710968405808e-01
4.750000000000000000e+00 -2.035159698893431113e+01 2.293282679540319668e-01
5.750000000000000000e+00 -2.035159698893431113e+01 2.293257401180427424e-01
6.250000000000000000e+00 -1.948557158514987364e+01 2.113275123900039687e-01
7.250000000000000000e+00 -1.948557158514987364e+01 2.113246023775855742e-01
4.750000000000000000e+00 -1.861954618136543615e+01 1.744138909774720636e-01
5.750000000000000000e+00 -1.861954618136543615e+01 1.744047771020481585e-01
6.250000000000000000e+00 -1.775352077758099512e+01 1.849715330569219329e-01
7.250000000000000000e+00 -1.775352077758099512e+01 1.849602787645428514e-01
4.750000000000000000e+00 -1.688749537379655763e+01 1.599507843138723295e-01
5.750000000000000000e+00 -1.688749537379655763e+01 1.599176012765108623e-01
6.250000000000000000e+00 -1.602146997001212014e+01 1.374161427584625894e-01
7.250000000000000000e+00 -1.602146997001212014e+01 1.373760931030733601e-01
4.750000000000000000e+00 -1.515544456622767733e+01 1.315733309797758599e-01
5.750000000000000000e+00 -1.515544456622767733e+01 1.314598962322043874e-01
6.250000000000000000e+00 -1.428941916244323806e+01 1.189973849662222388e-01
7.250000000000000000e+00 -1.428941916244323806e+01 1.188685378323102448e-01
4.750000000000000000e+00 -1.342339375865880058e+01 1.120647553946922115e-01
5.750000000000000000e+00 -1.342339375865880058e+01 1.117153002355099761e-01
6.250000000000000000e+00 -1.255736835487436132e+01 1.090682795379419867e-01
7.250000000000000000e+00 -1.255736835487436132e+01 1.086910280813158380e-01
4.750000000000000000e+00 -1.169134295108992383e+01 1.059341568535484279e-01
5.750000000000000000e+00 -1.169134295108992383e+01 1.049671188007963024e-01
6.250000000000000000e+00 -1.082531754730548457e+01 1.047780776801756214e-01
7.250000000000000000e+00 -1.082531754730548457e+01 1.037976211374173341e-01
4.750000000000000000e+00 -9.959292143521047080e+00 1.040919699971579321e-01
5.750000000000000000e+00 -9.959292143521047080e+00 1.016624184057537961e-01
6.250000000000000000e+00 -9.093266739736607818e+00 1.036562090362441735e-01
7.250000000000000000e+00 -9.093266739736607818e+00 1.014324702150938007e-01
4.750000000000000000e+00 -8.227241335952170331e+00 1.036343147418450905e-01
5.750000000000000000e+00 -8.227241335952170331e+00 9.826790043347072290e-02
6.250000000000000000e+00 -7.361215932167732845e+00 1.034399053824399117e-01
7.250000000000000000e+00 -7.361215932167732845e+00 9.884514370740199452e-02
4.750000000000000000e+00 -6.495190528383291806e+00 1.034530318035552232e-01
5.750000000000000000e+00 -6.495190528383291806e+00 9.334143254022626846e-02
6.250000000000000000e+00 -5.629165124598854320e+00 1.036414279764343860e-01
7.250000000000000000e+00 -5.629165124598854320e+00 9.525325069957299440e-02
4.750000000000000000e+00 -4.763139720814413280e+00 1.036071323997618254e-01
5.750000000000000000e+00 -4.763139720814413280e+00 8.612160670306351351e-02
6.250000000000000000e+00 -3.897114317029975794e+00 1.034226294564788845e-01
7.250000000000000000e+00 -3.897114317029975794e+00 9.086741664677834562e-02
4.750000000000000000e+00 -3.031088913245538308e+00 1.049982714541418116e-01
5.750000000000000000e+00 -3.031088913245538308e+00 7.853712911760168947e-02
6.250000000000000000e+00 -2.165063509461100821e+00 1.041087816709455327e-01
7.250000000000000000e+00 -2.165063509461100821e+00 8.611754739901208988e-02
4.750000000000000000e+00 -1.299038105676659782e+00 1.033793099748989142e-01
5.750000000000000000e+00 -1.299038105676659782e+00 7.243437694393561888e-02
6.250000000000000000e+00 -4.330127018922222959e-01 1.047902885698120679e-01
7.250000000000000000e+00 -4.330127018922222959e-01 8.358765739731646716e-02
4.750000000000000000e+00 4.330127018922151905e-01 1.106446794346854223e-01
5.750000000000000000e+00 4.330127018922151905e-01 6.871248252589720606e-02
6.250000000000000000e+00 1.299038105676652677e+00 1.047902953795491060e-01
7.250000000000000000e+00 1.299038105676652677e+00 8.358772951353954372e-02
4.750000000000000000e+00 2.165063509461093716e+00 1.033794746362968336e-01
5.750000000000000000e+00 2.165063509461093716e+00 7.243445838347188637e-02
6.250000000000000000e+00 3.031088913245531202e+00 1.041091776493163479e-01
7.250000000000000000e+00 3.031088913245531202e+00 8.611801693025329663e-02
4.750000000000000000e+00 3.897114317029972241e+00 1.049996205489852064e-01
5.750000000000000000e+00 3.897114317029972241e+00 7.853837666741507462e-02
6.250000000000000000e+00 4.763139720814409728e+00 1.034248857299063795e-01
7.250000000000000000e+00 4.763139720814409728e+00 9.086979621942403718e-02
4.750000000000000000e+00 5.629165124598847214e+00 1.036154752555513703e-01
5.750000000000000000e+00 5.629165124598847214e+00 8.612981757457995047e-02
6.250000000000000000e+00 6.495190528383284700e+00 1.036560785650812999e-01
7.250000000000000000e+00 6.495190528383284700e+00 9.526831319465614567e-02
4.750000000000000000e+00 7.361215932167725740e+00 1.034887560557154751e-01
5.750000000000000000e+00 7.361215932167725740e+00 9.337688763229126665e-02
6.250000000000000000e+00 8.227241335952166779e+00 1.035369273598667206e-01
7.250000000000000000e+00 8.227241335952166779e+00 9.894284711347452188e-02
4.750000000000000000e+00 9.093266739736600712e+00 1.037688239041877347e-01
5.750000000000000000e+00 9.093266739736600712e+00 9.840238769984099854e-02
6.250000000000000000e+00 9.959292143521041751e+00 1.040919477458580600e-01
7.250000000000000000e+00 9.959292143521041751e+00 1.018691539432694110e-01
4.750000000000000000e+00 1.082531754730548279e+01 1.047749263595610936e-01
5.750000000000000000e+00 1.082531754730548279e+01 1.023455338267818676e-01
6.250000000000000000e+00 1.169134295108992383e+01 1.059472047107665876e-01
7.250000000000000000e+00 1.169134295108992383e+01 1.049681726874141796e-01
4.750000000000000000e+00 1.255736835487435776e+01 1.090689996143153762e-01
5.750000000000000000e+00 1.255736835487435776e+01 1.081016641676902923e-01
6.250000000000000000e+00 1.342339375865879880e+01 1.120622598784928037e-01
7.250000000000000000e+00 1.342339375865879880e+01 1.116864539132541301e-01
4.750000000000000000e+00 1.428941916244323274e+01 1.190012277978026722e-01
5.750000000000000000e+00 1.428941916244323274e+01 1.186512650503815242e-01
6.250000000000000000e+00 1.515544456622767377e+01 1.315726094630101928e-01
7.250000000000000000e+00 1.515544456622767377e+01 1.314447761594784436e-01
4.750000000000000000e+00 1.602146997001211304e+01 1.374163879817252298e-01
5.750000000000000000e+00 1.602146997001211304e+01 1.373021365646576730e-01
6.250000000000000000e+00 1.688749537379655408e+01 1.599509871697771535e-01
7.250000000000000000e+00 1.688749537379655408e+01 1.599114498776495474e-01
4.750000000000000000e+00 1.775352077758098801e+01 1.849713816684245282e-01
5.750000000000000000e+00 1.775352077758098801e+01 1.849368573106787705e-01
6.250000000000000000e+00 1.861954618136542905e+01 1.744138794047608854e-01
7.250000000000000000e+00 1.861954618136542905e+01 1.744024281828320255e-01
4.750000000000000000e+00 1.948557158514986298e+01 2.113275169438849632e-01
5.750000000000000000e+00 1.948557158514986298e+01 2.113174430113360924e-01
6.250000000000000000e+00 2.035159698893430402e+01 2.293282294395141141e-01
7.250000000000000000e+00 2.035159698893430402e+01 2.293248275627950694e-01
4.750000000000000000e+00 2.121762239271873796e+01 1.576156499556211066e-01
5.750000000000000000e+00 2.121762239271873796e+01 1.576128886996485956e-01
6.250000000000000000e+00 2.208364779650317899e+01 1.972712382177951029e-01
7.250000000000000000e+00 2.208364779650317899e+01 1.972702089724289176e-01
4.750000000000000000e+00 2.294967320028762003e+01 1.969900701097255236e-01
5.750000000000000000e+00 2.294967320028762003e+01 1.969894240711966837e-01
6.250000000000000000e+00 2.381569860407206107e+01 6.596669109037744949e-02
7.250000000000000000e+00 2.381569860407206107e+01 6.596640123750005524e-02
4.750000000000000000e+00 2.468172400785649501e+01 1.312362396530057929e-01
5.750000000000000000e+00 2.468172400785649501e+01 1.312361440460576012e-01
6.250000000000000000e+00 2.554774941164093605e+01 1.308550556371125828e-01
7.250000000000000000e+00 2.554774941164093605e+01 1.308549549086039099e-01
