-7.250000000000000000e+00 -2.554774941164094315e+01 1.498234964632526589e-01
-6.250000000000000000e+00 -2.554774941164094315e+01 1.498235710358736261e-01
-5.750000000000000000e+00 -2.468172400785650566e+01 1.491150557103028684e-01
-4.750000000000000000e+00 -2.468172400785650566e+01 1.491151322946779600e-01
-7.250000000000000000e+00 -2.381569860407206463e+01 3.384466157910759332e-02
-6.250000000000000000e+00 -2.381569860407206463e+01 3.384480040936781869e-02
-5.750000000000000000e+00 -2.294967320028762714e+01 1.160034971277171673e-01
-4.750000000000000000e+00 -2.294967320028762714e+01 1.160039742669909807e-01
-7.250000000000000000e+00 -2.208364779650318965e+01 1.027628590521064145e-01
-6.250000000000000000e+00 -2.208364779650318965e+01 1.027635890825974313e-01
-5.750000000000000000e+00 -2.121762239271875217e+01 4.095871671212697462e-02
-4.750000000000000000e+00 -2.121762239271875217e+01 4.096067638498863267e-02
-7.250000000000000000e+00 -2.035159698893431113e+01 6.140738108192886346e-02
-6.250000000000000000e+00 -2.035159698893431113e+01 6.141060510002190748e-02
-5.750000000000000000e+00 -1.948557158514987364e+01 4.541246601745421718e-02
-4.750000000000000000e+00 -1.948557158514987364e+01 4.542072983362047817e-02
-7.250000000000000000e+00 -1.861954618136543615e+01 2.626669349863123767e-02
-6.250000000000000000e+00 -1.861954618136543615e+01 2.627842731982949626e-02
-5.750000000000000000e+00 -1.775352077758099512e+01 2.783706588937942539e-02
-4.750000000000000000e+00 -1.775352077758099512e+01 2.786911122215788433e-02
-7.250000000000000000e+00 -1.688749537379655763e+01 2.101870343779718361e-02
-6.250000000000000000e+00 -1.688749537379655763e+01 2.106061177707196919e-02
-5.750000000000000000e+00 -1.602146997001212014e+01 1.805227362874066432e-02
-4.750000000000000000e+00 -1.602146997001212014e+01 1.815873883323736171e-02
-7.250000000000000000e+00 -1.515544456622767733e+01 1.739964319840112822e-02
-6.250000000000000000e+00 -1.515544456622767733e+01 1.754318455497299103e-02
-5.750000000000000000e+00 -1.428941916244323806e+01 1.610182752754039937e-02
-4.750000000000000000e+00 -1.428941916244323806e+01 1.642770659632551006e-02
-7.250000000000000000e+00 -1.342339375865880058e+01 1.589093856308172736e-02
-6.250000000000000000e+00 -1.342339375865880058e+01 1.630913741512469636e-02
-5.750000000000000000e+00 -1.255736835487436132e+01 1.559556599099523946e-02
-4.750000000000000000e+00 -1.255736835487436132e+01 1.656241863064639511e-02
-7.250000000000000000e+00 -1.169134295108992383e+01 1.567375927616545053e-02
-6.250000000000000000e+00 -1.169134295108992383e+01 1.664241745274176384e-02
-5.750000000000000000e+00 -1.082531754730548457e+01 1.569926616525391463e-02
-4.750000000000000000e+00 -1.082531754730548457e+01 1.808528085022828927e-02
-7.250000000000000000e+00 -9.959292143521047080e+00 1.566321656773213972e-02
-6.250000000000000000e+00 -9.959292143521047080e+00 1.790447475552253698e-02
-5.750000000000000000e+00 -9.093266739736607818e+00 1.682691349397848202e-02
-4.750000000000000000e+00 -9.093266739736607818e+00 2.102164153836656030e-02
-7.250000000000000000e+00 -8.227241335952170331e+00 1.542698954154011343e-02
-6.250000000000000000e+00 -8.227241335952170331e+00 2.101332968811970431e-02
-5.750000000000000000e+00 -7.361215932167732845e+00 1.708464634504586188e-02
-4.750000000000000000e+00 -7.361215932167732845e+00 2.483581275810354400e-02
-7.250000000000000000e+00 -6.495190528383291806e+00 1.671506363965587563e-02
-6.250000000000000000e+00 -6.495190528383291806e+00 2.607413228692864043e-02
-5.750000000000000000e+00 -5.629165124598854320e+00 1.542575955045014970e-02
-4.750000000000000000e+00 -5.629165124598854320e+00 3.368744102212248293e-02
-7.250000000000000000e+00 -4.763139720814413280e+00 1.843097087414395999e-02
-6.250000000000000000e+00 -4.763139720814413280e+00 2.961400082285480656e-02
-5.750000000000000000e+00 -3.897114317029975794e+00 2.129251226376752126e-02
-4.750000000000000000e+00 -3.897114317029975794e+00 4.379274412348697215e-02
-7.250000000000000000e+00 -3.031088913245538308e+00 1.592934460276443018e-02
-6.250000000000000000e+00 -3.031088913245538308e+00 3.737061274023011082e-02
-5.750000000000000000e+00 -2.165063509461100821e+00 2.762218754771135487e-02
-4.750000000000000000e+00 -2.165063509461100821e+00 4.111561546343017043e-02
-7.250000000000000000e+00 -1.299038105676659782e+00 1.739910942628917351e-02
-6.250000000000000000e+00 -1.299038105676659782e+00 4.379272388139250627e-02
-5.750000000000000000e+00 -4.330127018922222959e-01 1.819308776510904571e-02
-4.750000000000000000e+00 -4.330127018922222959e-01 5.262809821964814505e-02
-7.250000000000000000e+00 4.330127018922151905e-01 2.172028375411903800e-02
-6.250000000000000000e+00 4.330127018922151905e-01 3.671394308632720122e-02
-5.750000000000000000e+00 1.299038105676652677e+00 1.819305852018594100e-02
-4.750000000000000000e+00 1.299038105676652677e+00 5.262808864095142036e-02
-7.250000000000000000e+00 2.165063509461093716e+00 1.739908211413294936e-02
-6.250000000000000000e+00 2.165063509461093716e+00 4.379277690261547396e-02
-5.750000000000000000e+00 3.031088913245531202e+00 2.762201543959928729e-02
-4.750000000000000000e+00 3.031088913245531202e+00 4.111562526745063395e-02
-7.250000000000000000e+00 3.897114317029972241e+00 1.592939254266510785e-02
-6.250000000000000000e+00 3.897114317029972241e+00 3.737062090291801142e-02
-5.750000000000000000e+00 4.763139720814409728e+00 2.129244951735791494e-02
-4.750000000000000000e+00 4.763139720814409728e+00 4.379288940813459707e-02
-7.250000000000000000e+00 5.629165124598847214e+00 1.843080343643306585e-02
-6.250000000000000000e+00 5.629165124598847214e+00 2.961380260979571202e-02
-5.750000000000000000e+00 6.495190528383284700e+00 1.542654439468421797e-02
-4.750000000000000000e+00 6.495190528383284700e+00 3.368807879344179468e-02
-7.250000000000000000e+00 7.361215932167725740e+00 1.671513789428788824e-02
-6.250000000000000000e+00 7.361215932167725740e+00 2.607453127541732932e-02
-5.750000000000000000e+00 8.227241335952166779e+00 1.708502403989325263e-02
-4.750000000000000000e+00 8.227241335952166779e+00 2.483653582502002438e-02
-7.250000000000000000e+00 9.093266739736600712e+00 1.543529189571212108e-02
-6.250000000000000000e+00 9.093266739736600712e+00 2.102159175896246845e-02
-5.750000000000000000e+00 9.959292143521041751e+00 1.682525662547280226e-02
-4.750000000000000000e+00 9.959292143521041751e+00 2.102087120675705939e-02
-7.250000000000000000e+00 1.082531754730548279e+01 1.569907418968702340e-02
-6.250000000000000000e+00 1.082531754730548279e+01 1.794021671593358166e-02
-5.750000000000000000e+00 1.169134295108992383e+01 1.573222434715169926e-02
-4.750000000000000000e+00 1.169134295108992383e+01 1.811798044433560878e-02
-7.250000000000000000e+00 1.255736835487435776e+01 1.576796836123491030e-02
-6.250000000000000000e+00 1.255736835487435776e+01 1.673749963468027652e-02
-5.750000000000000000e+00 1.342339375865879880e+01 1.586359259160083357e-02
-4.750000000000000000e+00 1.342339375865879880e+01 1.683032218627605880e-02
-7.250000000000000000e+00 1.428941916244323274e+01 1.610881698752868879e-02
-6.250000000000000000e+00 1.428941916244323274e+01 1.652727731963745533e-02
-5.750000000000000000e+00 1.515544456622767377e+01 1.741946466267293644e-02
-4.750000000000000000e+00 1.515544456622767377e+01 1.774577198032574119e-02
-7.250000000000000000e+00 1.602146997001211304e+01 1.804297430719356207e-02
-6.250000000000000000e+00 1.602146997001211304e+01 1.818637650408070836e-02
-5.750000000000000000e+00 1.688749537379655408e+01 2.102664600325454547e-02
-4.750000000000000000e+00 1.688749537379655408e+01 2.113250522917503246e-02
-7.250000000000000000e+00 1.775352077758098801e+01 2.783736398988177416e-02
-6.250000000000000000e+00 1.775352077758098801e+01 2.787975369879185095e-02
-5.750000000000000000e+00 1.861954618136542905e+01 2.626711073639517724e-02
-4.750000000000000000e+00 1.861954618136542905e+01 2.629882317840458172e-02
-7.250000000000000000e+00 1.948557158514986298e+01 4.541330814377025904e-02
-6.250000000000000000e+00 1.948557158514986298e+01 4.542497992593087786e-02
-5.750000000000000000e+00 2.035159698893430402e+01 6.140728194985654864e-02
-4.750000000000000000e+00 2.035159698893430402e+01 6.141572093415208211e-02
-7.250000000000000000e+00 2.121762239271873796e+01 4.095888967638319778e-02
-6.250000000000000000e+00 2.121762239271873796e+01 4.096190233742254272e-02
-5.750000000000000000e+00 2.208364779650317899e+01 1.027629200498663686e-01
-4.750000000000000000e+00 2.208364779650317899e+01 1.027647047938324842e-01
-7.250000000000000000e+00 2.294967320028762003e+01 1.160034895973893754e-01
-6.250000000000000000e+00 2.294967320028762003e+01 1.160043766536874299e-01
-5.750000000000000000e+00 2.381569860407206107e+01 3.384467796311666637e-02
-4.750000000000000000e+00 2.381569860407206107e+01 3.384504091496886441e-02
-7.250000000000000000e+00 2.468172400785649501e+01 1.491150511011825053e-01
-6.250000000000000000e+00 2.468172400785649501e+01 1.491152417149410048e-01
-5.750000000000000000e+00 2.554774941164093605e+01 1.498234899099045170e-01
-4.750000000000000000e+00 2.554774941164093605e+01 1.498236826105741049e-01
-4.250000000000000000e+00 -2.554774941164094315e+01 1.498234994831827982e-01
-3.250000000000000000e+00 -2.554774941164094315e+01 1.498235752313791525e-01
-2.750000000000000000e+00 -2.468172400785650566e+01 1.491150577519737286e-01
-1.750000000000000000e+00 -2.468172400785650566e+01 1.491151429323859245e-01
-4.250000000000000000e+00 -2.381569860407206463e+01 3.384466490414173023e-02
-3.250000000000000000e+00 -2.381569860407206463e+01 3.384487750716905219e-02
-2.750000000000000000e+00 -2.294967320028762714e+01 1.160035062680428719e-01
-1.750000000000000000e+00 -2.294967320028762714e+01 1.160041151228431433e-01
-4.250000000000000000e+00 -2.208364779650318965e+01 1.027629116929069941e-01
-3.250000000000000000e+00 -2.208364779650318965e+01 1.027639546409616494e-01
-2.750000000000000000e+00 -2.121762239271875217e+01 4.095870302033423338e-02
-1.750000000000000000e+00 -2.121762239271875217e+01 4.096151563155608910e-02
-4.250000000000000000e+00 -2.035159698893431113e+01 6.140752958650395887e-02
-3.250000000000000000e+00 -2.035159698893431113e+01 6.141253710793033449e-02
-2.750000000000000000e+00 -1.948557158514987364e+01 4.541265422710163285e-02
-1.750000000000000000e+00 -1.948557158514987364e+01 4.542433371323847252e-02
-4.250000000000000000e+00 -1.861954618136543615e+01 2.626652503894329541e-02
-3.250000000000000000e+00 -1.861954618136543615e+01 2.628664949271698401e-02
-2.750000000000000000e+00 -1.775352077758099512e+01 2.783851972028471289e-02
-1.750000000000000000e+00 -1.775352077758099512e+01 2.788361416537323348e-02
-4.250000000000000000e+00 -1.688749537379655763e+01 2.101725338168806967e-02
-3.250000000000000000e+00 -1.688749537379655763e+01 2.109191876179238728e-02
-2.750000000000000000e+00 -1.602146997001212014e+01 1.805310720614965517e-02
-1.750000000000000000e+00 -1.602146997001212014e+01 1.820963874842479457e-02
-4.250000000000000000e+00 -1.515544456622767733e+01 1.740671896534881635e-02
-3.250000000000000000e+00 -1.515544456622767733e+01 1.765839259983072868e-02
-2.750000000000000000e+00 -1.428941916244323806e+01 1.608834636312440544e-02
-1.750000000000000000e+00 -1.428941916244323806e+01 1.658755590569825633e-02
-4.250000000000000000e+00 -1.342339375865880058e+01 1.594701055557407043e-02
-3.250000000000000000e+00 -1.342339375865880058e+01 1.666715449974018326e-02
-2.750000000000000000e+00 -1.255736835487436132e+01 1.562821963952970919e-02
-1.750000000000000000e+00 -1.255736835487436132e+01 1.706200486261108540e-02
-4.250000000000000000e+00 -1.169134295108992383e+01 1.569233390690009944e-02
-3.250000000000000000e+00 -1.169134295108992383e+01 1.752426528659174407e-02
-2.750000000000000000e+00 -1.082531754730548457e+01 1.603973452680715339e-02
-1.750000000000000000e+00 -1.082531754730548457e+01 1.943893747909235248e-02
-4.250000000000000000e+00 -9.959292143521047080e+00 1.543441204308338560e-02
-3.250000000000000000e+00 -9.959292143521047080e+00 2.001660499091142617e-02
-2.750000000000000000e+00 -9.093266739736607818e+00 1.672442472703924987e-02
-1.750000000000000000e+00 -9.093266739736607818e+00 2.364653664141824416e-02
-4.250000000000000000e+00 -8.227241335952170331e+00 1.708529280186142640e-02
-3.250000000000000000e+00 -8.227241335952170331e+00 2.607534366708412835e-02
-2.750000000000000000e+00 -7.361215932167732845e+00 1.542687367584486859e-02
-1.750000000000000000e+00 -7.361215932167732845e+00 2.961483176885220531e-02
-4.250000000000000000e+00 -6.495190528383291806e+00 2.461241690598894166e-02
-3.250000000000000000e+00 -6.495190528383291806e+00 3.368820013031698785e-02
-2.750000000000000000e+00 -5.629165124598854320e+00 2.590624077648911311e-02
-1.750000000000000000e+00 -5.629165124598854320e+00 4.379276376243967234e-02
-4.250000000000000000e+00 -4.763139720814413280e+00 2.590682914159890202e-02
-3.250000000000000000e+00 -4.763139720814413280e+00 3.671410488410675743e-02
-2.750000000000000000e+00 -3.897114317029975794e+00 6.741375495134806217e-02
-1.750000000000000000e+00 -3.897114317029975794e+00 5.262814867431822585e-02
-4.250000000000000000e+00 -3.031088913245538308e+00 1.557035338513973466e-02
-3.250000000000000000e+00 -3.031088913245538308e+00 5.262812758431190119e-02
-2.750000000000000000e+00 -2.165063509461100821e+00 7.918721158952346517e-02
-1.750000000000000000e+00 -2.165063509461100821e+00 3.519576090493144876e-02
-4.250000000000000000e+00 -1.299038105676659782e+00 3.121625452177609339e-02
-3.250000000000000000e+00 -1.299038105676659782e+00 6.231635365333390575e-02
-2.750000000000000000e+00 -4.330127018922222959e-01 2.747378549805934433e-02
-1.750000000000000000e+00 -4.330127018922222959e-01 5.927021795578157892e-02
-4.250000000000000000e+00 4.330127018922151905e-01 5.215983185545550183e-02
-3.250000000000000000e+00 4.330127018922151905e-01 3.519574916762934630e-02
-2.750000000000000000e+00 1.299038105676652677e+00 2.747371419819227834e-02
-1.750000000000000000e+00 1.299038105676652677e+00 5.927022158652188455e-02
-4.250000000000000000e+00 2.165063509461093716e+00 3.121635920736948525e-02
-3.250000000000000000e+00 2.165063509461093716e+00 6.231632287443392149e-02
-2.750000000000000000e+00 3.031088913245531202e+00 7.918729086611289714e-02
-1.750000000000000000e+00 3.031088913245531202e+00 3.519573951556781433e-02
-4.250000000000000000e+00 3.897114317029972241e+00 1.557033370610858697e-02
-3.250000000000000000e+00 3.897114317029972241e+00 5.262807509054642785e-02
-2.750000000000000000e+00 4.763139720814409728e+00 6.741461601434453610e-02
-1.750000000000000000e+00 4.763139720814409728e+00 5.262814480399128497e-02
-4.250000000000000000e+00 5.629165124598847214e+00 2.590618628969143869e-02
-3.250000000000000000e+00 5.629165124598847214e+00 3.671397346326273764e-02
-2.750000000000000000e+00 6.495190528383284700e+00 2.590778027074551459e-02
-1.750000000000000000e+00 6.495190528383284700e+00 4.379344137802598097e-02
-4.250000000000000000e+00 7.361215932167725740e+00 2.461247608657647634e-02
-3.250000000000000000e+00 7.361215932167725740e+00 3.368840463862276396e-02
-2.750000000000000000e+00 8.227241335952166779e+00 1.542759867775934240e-02
-1.750000000000000000e+00 8.227241335952166779e+00 2.961565527583956067e-02
-4.250000000000000000e+00 9.093266739736600712e+00 1.709404026949440381e-02
-3.250000000000000000e+00 9.093266739736600712e+00 2.608327645987499124e-02
-2.750000000000000000e+00 9.959292143521041751e+00 1.672386215903770568e-02
-1.750000000000000000e+00 9.959292143521041751e+00 2.364524544830936756e-02
-4.250000000000000000e+00 1.082531754730548279e+01 1.547021372068237144e-02
-3.250000000000000000e+00 1.082531754730548279e+01 2.005244676541732829e-02
-2.750000000000000000e+00 1.169134295108992383e+01 1.607360454580301912e-02
-1.750000000000000000e+00 1.169134295108992383e+01 1.947144385060964322e-02
-4.250000000000000000e+00 1.255736835487435776e+01 1.578694083676586424e-02
-3.250000000000000000e+00 1.255736835487435776e+01 1.761888636039806583e-02
-2.750000000000000000e+00 1.342339375865879880e+01 1.589640975038459497e-02
-1.750000000000000000e+00 1.342339375865879880e+01 1.733022457397642019e-02
-4.250000000000000000e+00 1.428941916244323274e+01 1.616563100497479116e-02
-3.250000000000000000e+00 1.428941916244323274e+01 1.688456872531870698e-02
-2.750000000000000000e+00 1.515544456622767377e+01 1.740636469922757223e-02
-1.750000000000000000e+00 1.515544456622767377e+01 1.790525692808499214e-02
-4.250000000000000000e+00 1.602146997001211304e+01 1.805022594929856991e-02
-3.250000000000000000e+00 1.602146997001211304e+01 1.830159258840944464e-02
-2.750000000000000000e+00 1.688749537379655408e+01 2.102751018173587561e-02
-1.750000000000000000e+00 1.688749537379655408e+01 2.118332457115564005e-02
-4.250000000000000000e+00 1.775352077758098801e+01 2.783612962288567472e-02
-3.250000000000000000e+00 1.775352077758098801e+01 2.791075072895942560e-02
-2.750000000000000000e+00 1.861954618136542905e+01 2.626832617459461117e-02
-1.750000000000000000e+00 1.861954618136542905e+01 2.631359425577809927e-02
-4.250000000000000000e+00 1.948557158514986298e+01 4.541326534143587390e-02
-3.250000000000000000e+00 1.948557158514986298e+01 4.543281863399834669e-02
-2.750000000000000000e+00 2.035159698893430402e+01 6.140742370220936275e-02
-1.750000000000000000e+00 2.035159698893430402e+01 6.141916878449767830e-02
-4.250000000000000000e+00 2.121762239271873796e+01 4.095893838495133499e-02
-3.250000000000000000e+00 2.121762239271873796e+01 4.096387912529932118e-02
-2.750000000000000000e+00 2.208364779650317899e+01 1.027628567192013370e-01
-1.750000000000000000e+00 2.208364779650317899e+01 1.027654349671451167e-01
-4.250000000000000000e+00 2.294967320028762003e+01 1.160035001777206809e-01
-3.250000000000000000e+00 2.294967320028762003e+01 1.160047062080335201e-01
-2.750000000000000000e+00 2.381569860407206107e+01 3.384466414233538306e-02
-1.750000000000000000e+00 2.381569860407206107e+01 3.384521218057603281e-02
-4.250000000000000000e+00 2.468172400785649501e+01 1.491150530863712687e-01
-3.250000000000000000e+00 2.468172400785649501e+01 1.491152336343252727e-01
-2.750000000000000000e+00 2.554774941164093605e+01 1.498235167454236849e-01
-1.750000000000000000e+00 2.554774941164093605e+01 1.498236835949095236e-01
-1.250000000000000000e+00 -2.554774941164094315e+01 1.498234972331879411e-01
-2.500000000000000000e-01 -2.554774941164094315e+01 1.498235945082275755e-01
2.500000000000000000e-01 -2.468172400785650566e+01 1.491150475410271958e-01
1.250000000000000000e+00 -2.468172400785650566e+01 1.491151710404266806e-01
-1.250000000000000000e+00 -2.381569860407206463e+01 3.384466358470336611e-02
-2.500000000000000000e-01 -2.381569860407206463e+01 3.384495795315255184e-02
2.500000000000000000e-01 -2.294967320028762714e+01 1.160034890631804760e-01
1.250000000000000000e+00 -2.294967320028762714e+01 1.160041793244733083e-01
-1.250000000000000000e+00 -2.208364779650318965e+01 1.027629118900689337e-01
-2.500000000000000000e-01 -2.208364779650318965e+01 1.027642595966036659e-01
2.500000000000000000e-01 -2.121762239271875217e+01 4.095870253450337867e-02
1.250000000000000000e+00 -2.121762239271875217e+01 4.096161115489649340e-02
-1.250000000000000000e+00 -2.035159698893431113e+01 6.140754550744289414e-02
-2.500000000000000000e-01 -2.035159698893431113e+01 6.141358077258463749e-02
2.500000000000000000e-01 -1.948557158514987364e+01 4.541271040955788263e-02
1.250000000000000000e+00 -1.948557158514987364e+01 4.542445963007410437e-02
-1.250000000000000000e+00 -1.861954618136543615e+01 2.626622905951347953e-02
-2.500000000000000000e-01 -1.861954618136543615e+01 2.629072336955090572e-02
2.500000000000000000e-01 -1.775352077758099512e+01 2.783855078549810069e-02
1.250000000000000000e+00 -1.775352077758099512e+01 2.788359208989353924e-02
-1.250000000000000000e+00 -1.688749537379655763e+01 2.101728975964820001e-02
-2.500000000000000000e-01 -1.688749537379655763e+01 2.110751722350590401e-02
2.500000000000000000e-01 -1.602146997001212014e+01 1.805031197520283459e-02
1.250000000000000000e+00 -1.602146997001212014e+01 1.820959569343578305e-02
-1.250000000000000000e+00 -1.515544456622767733e+01 1.741532639759237056e-02
-2.500000000000000000e-01 -1.515544456622767733e+01 1.771516626452167287e-02
2.500000000000000000e-01 -1.428941916244323806e+01 1.608269177037830941e-02
1.250000000000000000e+00 -1.428941916244323806e+01 1.658776699664192208e-02
-1.250000000000000000e+00 -1.342339375865880058e+01 1.595446512223595847e-02
-2.500000000000000000e-01 -1.342339375865880058e+01 1.684090033227714223e-02
2.500000000000000000e-01 -1.255736835487436132e+01 1.565980048410980929e-02
1.250000000000000000e+00 -1.255736835487436132e+01 1.706203247912798510e-02
-1.250000000000000000e+00 -1.169134295108992383e+01 1.559015075483108533e-02
-2.500000000000000000e-01 -1.169134295108992383e+01 1.796021623046376720e-02
2.500000000000000000e-01 -1.082531754730548457e+01 1.600318081118820568e-02
1.250000000000000000e+00 -1.082531754730548457e+01 1.943884359184802277e-02
-1.250000000000000000e+00 -9.959292143521047080e+00 1.555500408105260808e-02
-2.500000000000000000e-01 -9.959292143521047080e+00 2.112032980575129226e-02
2.500000000000000000e-01 -9.093266739736607818e+00 1.601608965841562482e-02
1.250000000000000000e+00 -9.093266739736607818e+00 2.364670901638229669e-02
-1.250000000000000000e+00 -8.227241335952170331e+00 1.843236407633541685e-02
-2.500000000000000000e-01 -8.227241335952170331e+00 2.866942810654681331e-02
2.500000000000000000e-01 -7.361215932167732845e+00 1.593053722558976024e-02
1.250000000000000000e+00 -7.361215932167732845e+00 2.961490883196037441e-02
-1.250000000000000000e+00 -6.495190528383291806e+00 2.129295483885518259e-02
-2.500000000000000000e-01 -6.495190528383291806e+00 3.737141486874197283e-02
2.500000000000000000e-01 -5.629165124598854320e+00 2.762214079518056364e-02
1.250000000000000000e+00 -5.629165124598854320e+00 4.379265165266640891e-02
-1.250000000000000000e+00 -4.763139720814413280e+00 1.557050783664876148e-02
-2.500000000000000000e-01 -4.763139720814413280e+00 4.111573086077083272e-02
2.500000000000000000e-01 -3.897114317029975794e+00 3.121618443159984713e-02
1.250000000000000000e+00 -3.897114317029975794e+00 5.262809016596690925e-02
-1.250000000000000000e+00 -3.031088913245538308e+00 7.918708491889114853e-02
-2.500000000000000000e-01 -3.031088913245538308e+00 6.231632667920705693e-02
2.500000000000000000e-01 -2.165063509461100821e+00 2.747382949979642469e-02
1.250000000000000000e+00 -2.165063509461100821e+00 3.519575957899138963e-02
-1.250000000000000000e+00 -1.299038105676659782e+00 2.977498849148798588e-01
-2.500000000000000000e-01 -1.299038105676659782e+00 5.927021751826280771e-02
2.500000000000000000e-01 -4.330127018922222959e-01 4.379249798606047461e-01
1.250000000000000000e+00 -4.330127018922222959e-01 5.927021795578192587e-02
-1.250000000000000000e+00 4.330127018922151905e-01 4.379247577613768483e-01
-2.500000000000000000e-01 4.330127018922151905e-01 3.822165001911210944e-06
2.500000000000000000e-01 1.299038105676652677e+00 4.379241847618297601e-01
1.250000000000000000e+00 1.299038105676652677e+00 5.927020675338893346e-02
-1.250000000000000000e+00 2.165063509461093716e+00 2.977501835091245219e-01
-2.500000000000000000e-01 2.165063509461093716e+00 5.927022005460774734e-02
2.500000000000000000e-01 3.031088913245531202e+00 2.747364071533765773e-02
1.250000000000000000e+00 3.031088913245531202e+00 3.519572381982297160e-02
-1.250000000000000000e+00 3.897114317029972241e+00 7.918707157865165214e-02
-2.500000000000000000e-01 3.897114317029972241e+00 6.231636956589250986e-02
2.500000000000000000e-01 4.763139720814409728e+00 3.121647567713362742e-02
1.250000000000000000e+00 4.763139720814409728e+00 5.262828665557545832e-02
-1.250000000000000000e+00 5.629165124598847214e+00 1.557029698049729183e-02
-2.500000000000000000e-01 5.629165124598847214e+00 4.111553163247112785e-02
2.500000000000000000e-01 6.495190528383284700e+00 2.762256468459864389e-02
1.250000000000000000e+00 6.495190528383284700e+00 4.379369232415010471e-02
-1.250000000000000000e+00 7.361215932167725740e+00 2.129409925282423066e-02
-2.500000000000000000e-01 7.361215932167725740e+00 3.737150491653813689e-02
2.500000000000000000e-01 8.227241335952166779e+00 1.593097637784329432e-02
1.250000000000000000e+00 8.227241335952166779e+00 2.961572870756068107e-02
-1.250000000000000000e+00 9.093266739736600712e+00 1.844142521921605937e-02
-2.500000000000000000e-01 9.093266739736600712e+00 2.867786882111972996e-02
2.500000000000000000e-01 9.959292143521041751e+00 1.601569958681300920e-02
1.250000000000000000e+00 9.959292143521041751e+00 2.364573016726968444e-02
-1.250000000000000000e+00 1.082531754730548279e+01 1.559081248660676433e-02
-2.500000000000000000e-01 1.082531754730548279e+01 2.115653800373790486e-02
2.500000000000000000e-01 1.169134295108992383e+01 1.603635682023872577e-02
1.250000000000000000e+00 1.169134295108992383e+01 1.947248075591993810e-02
-1.250000000000000000e+00 1.255736835487435776e+01 1.568527419099798731e-02
-2.500000000000000000e-01 1.255736835487435776e+01 1.805468537108126034e-02
2.500000000000000000e-01 1.342339375865879880e+01 1.592757737584890587e-02
1.250000000000000000e+00 1.342339375865879880e+01 1.733063956616578624e-02
-1.250000000000000000e+00 1.428941916244323274e+01 1.617297986070515003e-02
-2.500000000000000000e-01 1.428941916244323274e+01 1.705898348817184995e-02
2.500000000000000000e-01 1.515544456622767377e+01 1.740063808084377217e-02
1.250000000000000000e+00 1.515544456622767377e+01 1.790547355936277646e-02
-1.250000000000000000e+00 1.602146997001211304e+01 1.805856535511845412e-02
-2.500000000000000000e-01 1.602146997001211304e+01 1.835900516893959958e-02
2.500000000000000000e-01 1.688749537379655408e+01 2.102447701570787919e-02
1.250000000000000000e+00 1.688749537379655408e+01 2.118390579828273446e-02
-1.250000000000000000e+00 1.775352077758098801e+01 2.783611424678487586e-02
-2.500000000000000000e-01 1.775352077758098801e+01 2.792635226955840488e-02
2.500000000000000000e-01 1.861954618136542905e+01 2.626840288485342637e-02
1.250000000000000000e+00 1.861954618136542905e+01 2.631392839507335976e-02
-1.250000000000000000e+00 1.948557158514986298e+01 4.541278353010658880e-02
-2.500000000000000000e-01 1.948557158514986298e+01 4.543714938783665475e-02
2.500000000000000000e-01 2.035159698893430402e+01 6.140756590030739537e-02
1.250000000000000000e+00 2.035159698893430402e+01 6.141937513819634153e-02
-1.250000000000000000e+00 2.121762239271873796e+01 4.095892550852378577e-02
-2.500000000000000000e-01 2.121762239271873796e+01 4.096513443406150923e-02
2.500000000000000000e-01 2.208364779650317899e+01 1.027628609398271858e-01
1.250000000000000000e+00 2.208364779650317899e+01 1.027656537727131142e-01
-1.250000000000000000e+00 2.294967320028762003e+01 1.160035709266479809e-01
-2.500000000000000000e-01 2.294967320028762003e+01 1.160049989226462491e-01
2.500000000000000000e-01 2.381569860407206107e+01 3.384467274768221401e-02
1.250000000000000000e+00 2.381569860407206107e+01 3.384532724582955954e-02
-1.250000000000000000e+00 2.468172400785649501e+01 1.491150689150816111e-01
-2.500000000000000000e-01 2.468172400785649501e+01 1.491152915688044867e-01
2.500000000000000000e-01 2.554774941164093605e+01 1.498235141304692930e-01
1.250000000000000000e+00 2.554774941164093605e+01 1.498237613782283095e-01
1.750000000000000000e+00 -2.554774941164094315e+01 1.498234969520147730e-01
2.750000000000000000e+00 -2.554774941164094315e+01 1.498236206818590044e-01
3.250000000000000000e+00 -2.468172400785650566e+01 1.491150502978496051e-01
4.250000000000000000e+00 -2.468172400785650566e+01 1.491151190291006845e-01
1.750000000000000000e+00 -2.381569860407206463e+01 3.384466549962453913e-02
2.750000000000000000e+00 -2.381569860407206463e+01 3.384494437523710708e-02
3.250000000000000000e+00 -2.294967320028762714e+01 1.160034889986018003e-01
4.250000000000000000e+00 -2.294967320028762714e+01 1.160039405290557157e-01
1.750000000000000000e+00 -2.208364779650318965e+01 1.027628882179275616e-01
2.750000000000000000e+00 -2.208364779650318965e+01 1.027640380512944845e-01
3.250000000000000000e+00 -2.121762239271875217e+01 4.095870174244600065e-02
4.250000000000000000e+00 -2.121762239271875217e+01 4.096074067596697232e-02
1.750000000000000000e+00 -2.035159698893431113e+01 6.140745205279676822e-02
2.750000000000000000e+00 -2.035159698893431113e+01 6.141252353435115025e-02
3.250000000000000000e+00 -1.948557158514987364e+01 4.541262178463946475e-02
4.250000000000000000e+00 -1.948557158514987364e+01 4.542086030877894032e-02
1.750000000000000000e+00 -1.861954618136543615e+01 2.626608722505731353e-02
2.750000000000000000e+00 -1.861954618136543615e+01 2.628667646265890959e-02
3.250000000000000000e+00 -1.775352077758099512e+01 2.783769303952667376e-02
4.250000000000000000e+00 -1.775352077758099512e+01 2.786897157337782024e-02
1.750000000000000000e+00 -1.688749537379655763e+01 2.101741837895861054e-02
2.750000000000000000e+00 -1.688749537379655763e+01 2.109213586566868748e-02
3.250000000000000000e+00 -1.602146997001212014e+01 1.804781929854695766e-02
4.250000000000000000e+00 -1.602146997001212014e+01 1.815862739839629175e-02
1.750000000000000000e+00 -1.515544456622767733e+01 1.741343926143515408e-02
2.750000000000000000e+00 -1.515544456622767733e+01 1.765827654253377885e-02
3.250000000000000000e+00 -1.428941916244323806e+01 1.608222681429298181e-02
4.250000000000000000e+00 -1.428941916244323806e+01 1.642791634704946629e-02
1.750000000000000000e+00 -1.342339375865880058e+01 1.592694918650715274e-02
2.750000000000000000e+00 -1.342339375865880058e+01 1.666694053642314363e-02
3.250000000000000000e+00 -1.255736835487436132e+01 1.563895767735765802e-02
4.250000000000000000e+00 -1.255736835487436132e+01 1.656233497202921554e-02
1.750000000000000000e+00 -1.169134295108992383e+01 1.553503967301858579e-02
2.750000000000000000e+00 -1.169134295108992383e+01 1.752450142692799778e-02
3.250000000000000000e+00 -1.082531754730548457e+01 1.577788675803179497e-02
4.250000000000000000e+00 -1.082531754730548457e+01 1.808499512554380753e-02
1.750000000000000000e+00 -9.959292143521047080e+00 1.562875527969335987e-02
2.750000000000000000e+00 -9.959292143521047080e+00 2.001663029955338957e-02
3.250000000000000000e+00 -9.093266739736607818e+00 1.565728281567466823e-02
4.250000000000000000e+00 -9.093266739736607818e+00 2.102158606582094774e-02
1.750000000000000000e+00 -8.227241335952170331e+00 1.760797553373413815e-02
2.750000000000000000e+00 -8.227241335952170331e+00 2.607510686635262920e-02
3.250000000000000000e+00 -7.361215932167732845e+00 1.600572192994615880e-02
4.250000000000000000e+00 -7.361215932167732845e+00 2.483578263611144199e-02
1.750000000000000000e+00 -6.495190528383291806e+00 1.739984245374428390e-02
2.750000000000000000e+00 -6.495190528383291806e+00 3.368816606753123610e-02
3.250000000000000000e+00 -5.629165124598854320e+00 2.172048467756154677e-02
4.250000000000000000e+00 -5.629165124598854320e+00 3.368737563271746033e-02
1.750000000000000000e+00 -4.763139720814413280e+00 1.819332298357950739e-02
2.750000000000000000e+00 -4.763139720814413280e+00 3.671411973816657293e-02
3.250000000000000000e+00 -3.897114317029975794e+00 1.819315385699731003e-02
4.250000000000000000e+00 -3.897114317029975794e+00 4.379273185044382094e-02
1.750000000000000000e+00 -3.031088913245538308e+00 5.215998395287838041e-02
2.750000000000000000e+00 -3.031088913245538308e+00 5.262807764467385130e-02
3.250000000000000000e+00 -2.165063509461100821e+00 3.121625165999954848e-02
4.250000000000000000e+00 -2.165063509461100821e+00 4.111562173575805668e-02
1.750000000000000000e+00 -1.299038105676659782e+00 2.747376704418860727e-02
2.750000000000000000e+00 -1.299038105676659782e+00 6.231631649015967334e-02
3.250000000000000000e+00 -4.330127018922222959e-01 7.918715064403880621e-02
4.250000000000000000e+00 -4.330127018922222959e-01 5.262809821964727075e-02
1.750000000000000000e+00 4.330127018922151905e-01 2.977501135956246991e-01
2.750000000000000000e+00 4.330127018922151905e-01 3.519574916762922834e-02
3.250000000000000000e+00 1.299038105676652677e+00 7.918720412602685277e-02
4.250000000000000000e+00 1.299038105676652677e+00 5.262808738265229574e-02
1.750000000000000000e+00 2.165063509461093716e+00 2.747365634581669033e-02
2.750000000000000000e+00 2.165063509461093716e+00 6.231638931906604423e-02
3.250000000000000000e+00 3.031088913245531202e+00 3.121641190560207196e-02
4.250000000000000000e+00 3.031088913245531202e+00 4.111564038487020012e-02
1.750000000000000000e+00 3.897114317029972241e+00 5.215948786135232024e-02
2.750000000000000000e+00 3.897114317029972241e+00 5.262814121785905352e-02
3.250000000000000000e+00 4.763139720814409728e+00 1.819310006137629665e-02
4.250000000000000000e+00 4.763139720814409728e+00 4.379299090344253298e-02
1.750000000000000000e+00 5.629165124598847214e+00 1.819298722844486099e-02
2.750000000000000000e+00 5.629165124598847214e+00 3.671393968232694593e-02
3.250000000000000000e+00 6.495190528383284700e+00 2.172076948180346606e-02
4.250000000000000000e+00 6.495190528383284700e+00 3.368818452265050223e-02
1.750000000000000000e+00 7.361215932167725740e+00 1.740010549302534529e-02
2.750000000000000000e+00 7.361215932167725740e+00 3.368870266092444804e-02
3.250000000000000000e+00 8.227241335952166779e+00 1.600638047646239098e-02
4.250000000000000000e+00 8.227241335952166779e+00 2.483636412155734371e-02
1.750000000000000000e+00 9.093266739736600712e+00 1.761559578442473128e-02
2.750000000000000000e+00 9.093266739736600712e+00 2.608391303061332114e-02
3.250000000000000000e+00 9.959292143521041751e+00 1.565617990038710439e-02
4.250000000000000000e+00 9.959292143521041751e+00 2.102082814846157818e-02
1.750000000000000000e+00 1.082531754730548279e+01 1.566418004552909415e-02
2.750000000000000000e+00 1.082531754730548279e+01 2.005247234958782224e-02
3.250000000000000000e+00 1.169134295108992383e+01 1.581025561195991552e-02
4.250000000000000000e+00 1.169134295108992383e+01 1.811829975167102147e-02
1.750000000000000000e+00 1.255736835487435776e+01 1.562993252526925780e-02
2.750000000000000000e+00 1.255736835487435776e+01 1.761914189510992504e-02
3.250000000000000000e+00 1.342339375865879880e+01 1.590673259512521975e-02
4.250000000000000000e+00 1.342339375865879880e+01 1.683006309780138432e-02
1.750000000000000000e+00 1.428941916244323274e+01 1.614491314293919899e-02
2.750000000000000000e+00 1.428941916244323274e+01 1.688561513100367978e-02
3.250000000000000000e+00 1.515544456622767377e+01 1.740012931184910933e-02
4.250000000000000000e+00 1.515544456622767377e+01 1.774556508514291142e-02
1.750000000000000000e+00 1.602146997001211304e+01 1.805657542365276050e-02
2.750000000000000000e+00 1.602146997001211304e+01 1.830187058555329122e-02
3.250000000000000000e+00 1.688749537379655408e+01 2.102191261527606991e-02
4.250000000000000000e+00 1.688749537379655408e+01 2.113304742874803910e-02
1.750000000000000000e+00 1.775352077758098801e+01 2.783625227785010980e-02
2.750000000000000000e+00 1.775352077758098801e+01 2.791071274711466599e-02
3.250000000000000000e+00 1.861954618136542905e+01 2.626752205032232418e-02
4.250000000000000000e+00 1.861954618136542905e+01 2.629892283439032655e-02
1.750000000000000000e+00 1.948557158514986298e+01 4.541269412876500211e-02
2.750000000000000000e+00 1.948557158514986298e+01 4.543324098011719547e-02
3.250000000000000000e+00 2.035159698893430402e+01 6.140741402468132687e-02
4.250000000000000000e+00 2.035159698893430402e+01 6.141545155655563776e-02
1.750000000000000000e+00 2.121762239271873796e+01 4.095891456681609311e-02
2.750000000000000000e+00 2.121762239271873796e+01 4.096419930216942118e-02
3.250000000000000000e+00 2.208364779650317899e+01 1.027628591349882548e-01
4.250000000000000000e+00 2.208364779650317899e+01 1.027647373555720944e-01
1.750000000000000000e+00 2.294967320028762003e+01 1.160035329214537392e-01
2.750000000000000000e+00 2.294967320028762003e+01 1.160048488651694576e-01
3.250000000000000000e+00 2.381569860407206107e+01 3.384467040277893551e-02
4.250000000000000000e+00 2.381569860407206107e+01 3.384516657196345868e-02
1.750000000000000000e+00 2.468172400785649501e+01 1.491150498067902452e-01
2.750000000000000000e+00 2.468172400785649501e+01 1.491152950871975080e-01
3.250000000000000000e+00 2.554774941164093605e+01 1.498234912446161915e-01
4.250000000000000000e+00 2.554774941164093605e+01 1.498237475345122194e-01
4.750000000000000000e+00 -2.554774941164094315e+01 1.498234969042850362e-01
5.750000000000000000e+00 -2.554774941164094315e+01 1.498235633354059737e-01
6.250000000000000000e+00 -2.468172400785650566e+01 1.491150538199636222e-01
7.250000000000000000e+00 -2.468172400785650566e+01 1.491150799430321083e-01
4.750000000000000000e+00 -2.381569860407206463e+01 3.384466388632263734e-02
5.750000000000000000e+00 -2.381569860407206463e+01 3.384483700718782934e-02
6.250000000000000000e+00 -2.294967320028762714e+01 1.160034985325764240e-01
7.250000000000000000e+00 -2.294967320028762714e+01 1.160037272914692663e-01
4.750000000000000000e+00 -2.208364779650318965e+01 1.027628904426758361e-01
5.750000000000000000e+00 -2.208364779650318965e+01 1.027635795347455333e-01
6.250000000000000000e+00 -2.121762239271875217e+01 4.095870752358399258e-02
7.250000000000000000e+00 -2.121762239271875217e+01 4.095982783151076723e-02
4.750000000000000000e+00 -2.035159698893431113e+01 6.140741981668853405e-02
5.750000000000000000e+00 -2.035159698893431113e+01 6.141046330618388227e-02
6.250000000000000000e+00 -1.948557158514987364e+01 4.541249344579181141e-02
7.250000000000000000e+00 -1.948557158514987364e+01 4.541683053289109762e-02
4.750000000000000000e+00 -1.861954618136543615e+01 2.626608577975267020e-02
5.750000000000000000e+00 -1.861954618136543615e+01 2.627843310036842919e-02
6.250000000000000000e+00 -1.775352077758099512e+01 2.783669649158629356e-02
7.250000000000000000e+00 -1.775352077758099512e+01 2.785206211661135633e-02
4.750000000000000000e+00 -1.688749537379655763e+01 2.101717395860341203e-02
5.750000000000000000e+00 -1.688749537379655763e+01 2.106077804662750269e-02
6.250000000000000000e+00 -1.602146997001212014e+01 1.804580285413320828e-02
7.250000000000000000e+00 -1.602146997001212014e+01 1.809865297079613425e-02
4.750000000000000000e+00 -1.515544456622767733e+01 1.740613772538372739e-02
5.750000000000000000e+00 -1.515544456622767733e+01 1.754314571367115994e-02
6.250000000000000000e+00 -1.428941916244323806e+01 1.608289039643917562e-02
7.250000000000000000e+00 -1.428941916244323806e+01 1.624747759516236012e-02
4.750000000000000000e+00 -1.342339375865880058e+01 1.589735241903850183e-02
5.750000000000000000e+00 -1.342339375865880058e+01 1.630903468932112799e-02
6.250000000000000000e+00 -1.255736835487436132e+01 1.560855436888558545e-02
7.250000000000000000e+00 -1.255736835487436132e+01 1.603035522369088139e-02
4.750000000000000000e+00 -1.169134295108992383e+01 1.551999999445251299e-02
5.750000000000000000e+00 -1.169134295108992383e+01 1.664238040437078514e-02
6.250000000000000000e+00 -1.082531754730548457e+01 1.559319390950342221e-02
7.250000000000000000e+00 -1.082531754730548457e+01 1.660940786741187114e-02
4.750000000000000000e+00 -9.959292143521047080e+00 1.552995573642573096e-02
5.750000000000000000e+00 -9.959292143521047080e+00 1.790443813235467752e-02
6.250000000000000000e+00 -9.093266739736607818e+00 1.553091094282529894e-02
7.250000000000000000e+00 -9.093266739736607818e+00 1.805020914334134335e-02
4.750000000000000000e+00 -8.227241335952170331e+00 1.641133297990386708e-02
5.750000000000000000e+00 -8.227241335952170331e+00 2.101332923925888774e-02
6.250000000000000000e+00 -7.361215932167732845e+00 1.564814662328495309e-02
7.250000000000000000e+00 -7.361215932167732845e+00 2.000851538798747997e-02
4.750000000000000000e+00 -6.495190528383291806e+00 1.600541048155128265e-02
5.750000000000000000e+00 -6.495190528383291806e+00 2.607412885648205392e-02
6.250000000000000000e+00 -5.629165124598854320e+00 1.760595827480555819e-02
7.250000000000000000e+00 -5.629165124598854320e+00 2.363645357071822439e-02
4.750000000000000000e+00 -4.763139720814413280e+00 1.739921661476860615e-02
5.750000000000000000e+00 -4.763139720814413280e+00 2.961400115180598536e-02
6.250000000000000000e+00 -3.897114317029975794e+00 1.592938129642540446e-02
7.250000000000000000e+00 -3.897114317029975794e+00 2.866765002781274108e-02
4.750000000000000000e+00 -3.031088913245538308e+00 2.762212431745128538e-02
5.750000000000000000e+00 -3.031088913245538308e+00 3.737063346939685504e-02
6.250000000000000000e+00 -2.165063509461100821e+00 2.129238591719662121e-02
7.250000000000000000e+00 -2.165063509461100821e+00 2.961383844610977062e-02
4.750000000000000000e+00 -1.299038105676659782e+00 1.557033687821082757e-02
5.750000000000000000e+00 -1.299038105676659782e+00 4.379273958044246906e-02
6.250000000000000000e+00 -4.330127018922222959e-01 2.590644653365670180e-02
7.250000000000000000e+00 -4.330127018922222959e-01 3.368738726437618680e-02
4.750000000000000000e+00 4.330127018922151905e-01 6.741389239084416563e-02
5.750000000000000000e+00 4.330127018922151905e-01 3.671394308632769388e-02
6.250000000000000000e+00 1.299038105676652677e+00 2.590654890276930522e-02
7.250000000000000000e+00 1.299038105676652677e+00 3.368738319455824581e-02
4.750000000000000000e+00 2.165063509461093716e+00 1.557035309003453050e-02
5.750000000000000000e+00 2.165063509461093716e+00 4.379274762277825250e-02
6.250000000000000000e+00 3.031088913245531202e+00 2.129246619021249454e-02
7.250000000000000000e+00 3.031088913245531202e+00 2.961383756062571648e-02
4.750000000000000000e+00 3.897114317029972241e+00 2.762225297026510429e-02
5.750000000000000000e+00 3.897114317029972241e+00 3.737059045785624811e-02
6.250000000000000000e+00 4.763139720814409728e+00 1.592951816639362472e-02
7.250000000000000000e+00 4.763139720814409728e+00 2.866775181037484882e-02
4.750000000000000000e+00 5.629165124598847214e+00 1.739924290720373801e-02
5.750000000000000000e+00 5.629165124598847214e+00 2.961381508320026779e-02
6.250000000000000000e+00 6.495190528383284700e+00 1.760689761406980525e-02
7.250000000000000000e+00 6.495190528383284700e+00 2.363710966524211476e-02
4.750000000000000000e+00 7.361215932167725740e+00 1.600550781724888183e-02
5.750000000000000000e+00 7.361215932167725740e+00 2.607451129260093814e-02
6.250000000000000000e+00 8.227241335952166779e+00 1.564904873364286741e-02
7.250000000000000000e+00 8.227241335952166779e+00 2.000923447213762835e-02
4.750000000000000000e+00 9.093266739736600712e+00 1.641934541886723789e-02
5.750000000000000000e+00 9.093266739736600712e+00 2.102149032652922411e-02
6.250000000000000000e+00 9.959292143521041751e+00 1.552983873618496435e-02
7.250000000000000000e+00 9.959292143521041751e+00 1.804938539081044069e-02
4.750000000000000000e+00 1.082531754730548279e+01 1.556585451404804421e-02
5.750000000000000000e+00 1.082531754730548279e+01 1.793998721114251071e-02
6.250000000000000000e+00 1.169134295108992383e+01 1.562615982656137548e-02
7.250000000000000000e+00 1.169134295108992383e+01 1.664227125548004005e-02
4.750000000000000000e+00 1.255736835487435776e+01 1.561459915050752989e-02
5.750000000000000000e+00 1.255736835487435776e+01 1.673728227101878296e-02
6.250000000000000000e+00 1.342339375865879880e+01 1.587670424474361963e-02
7.250000000000000000e+00 1.342339375865879880e+01 1.629822726667483346e-02
4.750000000000000000e+00 1.428941916244323274e+01 1.611516757169823011e-02
5.750000000000000000e+00 1.428941916244323274e+01 1.652734053525284352e-02
6.250000000000000000e+00 1.515544456622767377e+01 1.740071802656950606e-02
7.250000000000000000e+00 1.515544456622767377e+01 1.756557539581546715e-02
4.750000000000000000e+00 1.602146997001211304e+01 1.804938527099420736e-02
5.750000000000000000e+00 1.602146997001211304e+01 1.818620404486522013e-02
6.250000000000000000e+00 1.688749537379655408e+01 2.101987907260378929e-02
7.250000000000000000e+00 1.688749537379655408e+01 2.107301154994692394e-02
4.750000000000000000e+00 1.775352077758098801e+01 2.783602105119893644e-02
5.750000000000000000e+00 1.775352077758098801e+01 2.787944726464351708e-02
6.250000000000000000e+00 1.861954618136542905e+01 2.626656480993373732e-02
7.250000000000000000e+00 1.861954618136542905e+01 2.628187077399948141e-02
4.750000000000000000e+00 1.948557158514986298e+01 4.541266516780542717e-02
5.750000000000000000e+00 1.948557158514986298e+01 4.542513539758100127e-02
6.250000000000000000e+00 2.035159698893430402e+01 6.140731507671581824e-02
7.250000000000000000e+00 2.035159698893430402e+01 6.141154676513140009e-02
4.750000000000000000e+00 2.121762239271873796e+01 4.095881567431330916e-02
5.750000000000000000e+00 2.121762239271873796e+01 4.096197288483886811e-02
6.250000000000000000e+00 2.208364779650317899e+01 1.027628562145589397e-01
7.250000000000000000e+00 2.208364779650317899e+01 1.027639811614632220e-01
4.750000000000000000e+00 2.294967320028762003e+01 1.160034950432706768e-01
5.750000000000000000e+00 2.294967320028762003e+01 1.160041604065775722e-01
6.250000000000000000e+00 2.381569860407206107e+01 3.384466339710151539e-02
7.250000000000000000e+00 2.381569860407206107e+01 3.384495031742908167e-02
4.750000000000000000e+00 2.468172400785649501e+01 1.491150452351951983e-01
5.750000000000000000e+00 2.468172400785649501e+01 1.491151326178705161e-01
6.250000000000000000e+00 2.554774941164093605e+01 1.498234973375618673e-01
7.250000000000000000e+00 2.554774941164093605e+01 1.498235813571652808e-01
