-7.250000000000000000e+00 -2.554774941164094315e+01 1.386920440014678402e-01
-6.250000000000000000e+00 -2.554774941164094315e+01 1.386919950830266257e-01
-5.750000000000000000e+00 -2.468172400785650566e+01 1.396439889053069650e-01
-4.750000000000000000e+00 -2.468172400785650566e+01 1.396439448614827938e-01
-7.250000000000000000e+00 -2.381569860407206463e+01 5.821700135881396898e-02
-6.250000000000000000e+00 -2.381569860407206463e+01 5.821694197844336921e-02
-5.750000000000000000e+00 -2.294967320028762714e+01 1.811495230316777783e-01
-4.750000000000000000e+00 -2.294967320028762714e+01 1.811493424555980225e-01
-7.250000000000000000e+00 -2.208364779650318965e+01 1.766581145156922994e-01
-6.250000000000000000e+00 -2.208364779650318965e+01 1.766578530163294136e-01
-5.750000000000000000e+00 -2.121762239271875217e+01 1.191141832939466572e-01
-4.750000000000000000e+00 -2.121762239271875217e+01 1.191137058320465986e-01
-7.250000000000000000e+00 -2.035159698893431113e+01 1.731480403672437385e-01
-6.250000000000000000e+00 -2.035159698893431113e+01 1.731470914597516009e-01
-5.750000000000000000e+00 -1.948557158514987364e+01 1.513011674416668284e-01
-4.750000000000000000e+00 -1.948557158514987364e+01 1.512993402678239341e-01
-7.250000000000000000e+00 -1.861954618136543615e+01 1.102350946674568732e-01
-6.250000000000000000e+00 -1.861954618136543615e+01 1.102319578304043479e-01
-5.750000000000000000e+00 -1.775352077758099512e+01 1.148325090144422245e-01
-4.750000000000000000e+00 -1.775352077758099512e+01 1.148249333097737940e-01
-7.250000000000000000e+00 -1.688749537379655763e+01 9.394757644521084528e-02
-6.250000000000000000e+00 -1.688749537379655763e+01 9.393623265190118032e-02
-5.750000000000000000e+00 -1.602146997001212014e+01 7.604313275560198315e-02
-4.750000000000000000e+00 -1.602146997001212014e+01 7.601461419653496310e-02
-7.250000000000000000e+00 -1.515544456622767733e+01 7.201753834704642532e-02
-6.250000000000000000e+00 -1.515544456622767733e+01 7.197999255581823130e-02
-5.750000000000000000e+00 -1.428941916244323806e+01 6.366421621548448706e-02
-4.750000000000000000e+00 -1.428941916244323806e+01 6.356703472857479220e-02
-7.250000000000000000e+00 -1.342339375865880058e+01 5.950230701479924944e-02
-6.250000000000000000e+00 -1.342339375865880058e+01 5.938487350330180770e-02
-5.750000000000000000e+00 -1.255736835487436132e+01 5.784889777470133415e-02
-4.750000000000000000e+00 -1.255736835487436132e+01 5.756260486596456727e-02
-7.250000000000000000e+00 -1.169134295108992383e+01 5.614072661223254435e-02
-6.250000000000000000e+00 -1.169134295108992383e+01 5.578558068944267090e-02
-5.750000000000000000e+00 -1.082531754730548457e+01 5.559654296634278930e-02
-4.750000000000000000e+00 -1.082531754730548457e+01 5.481284851308655670e-02
-7.250000000000000000e+00 -9.959292143521047080e+00 5.525330978860973352e-02
-6.250000000000000000e+00 -9.959292143521047080e+00 5.435465646530023009e-02
-5.750000000000000000e+00 -9.093266739736607818e+00 5.525951738341178254e-02
-4.750000000000000000e+00 -9.093266739736607818e+00 5.317897208005185200e-02
-7.250000000000000000e+00 -8.227241335952170331e+00 5.495379846154153924e-02
-6.250000000000000000e+00 -8.227241335952170331e+00 5.312196067392167820e-02
-5.750000000000000000e+00 -7.361215932167732845e+00 5.521143888199574884e-02
-4.750000000000000000e+00 -7.361215932167732845e+00 5.075838713793894702e-02
-7.250000000000000000e+00 -6.495190528383291806e+00 5.512342535137984556e-02
-6.250000000000000000e+00 -6.495190528383291806e+00 5.138506374104057778e-02
-5.750000000000000000e+00 -5.629165124598854320e+00 5.488991502799543676e-02
-4.750000000000000000e+00 -5.629165124598854320e+00 4.764897072155994256e-02
-7.250000000000000000e+00 -4.763139720814413280e+00 5.542907639351967591e-02
-6.250000000000000000e+00 -4.763139720814413280e+00 4.836909371352059173e-02
-5.750000000000000000e+00 -3.897114317029975794e+00 5.594488238933089524e-02
-4.750000000000000000e+00 -3.897114317029975794e+00 4.354188708936743840e-02
-7.250000000000000000e+00 -3.031088913245538308e+00 5.498120848556582729e-02
-6.250000000000000000e+00 -3.031088913245538308e+00 4.567304083363791373e-02
-5.750000000000000000e+00 -2.165063509461100821e+00 5.714922158502249577e-02
-4.750000000000000000e+00 -2.165063509461100821e+00 3.714385107803582636e-02
-7.250000000000000000e+00 -1.299038105676659782e+00 5.523943038671095401e-02
-6.250000000000000000e+00 -1.299038105676659782e+00 4.354108161177965008e-02
-5.750000000000000000e+00 -4.330127018922222959e-01 5.541062694990993992e-02
-4.750000000000000000e+00 -4.330127018922222959e-01 3.557538920801535387e-02
-7.250000000000000000e+00 4.330127018922151905e-01 5.603992459598570314e-02
-6.250000000000000000e+00 4.330127018922151905e-01 4.088308467717451100e-02
-5.750000000000000000e+00 1.299038105676652677e+00 5.541066519405499213e-02
-4.750000000000000000e+00 1.299038105676652677e+00 3.557544244652584980e-02
-7.250000000000000000e+00 2.165063509461093716e+00 5.523949558351421568e-02
-6.250000000000000000e+00 2.165063509461093716e+00 4.354113697362172603e-02
-5.750000000000000000e+00 3.031088913245531202e+00 5.714942806596246677e-02
-4.750000000000000000e+00 3.031088913245531202e+00 3.714408996047913192e-02
-7.250000000000000000e+00 3.897114317029972241e+00 5.498173251766644287e-02
-6.250000000000000000e+00 3.897114317029972241e+00 4.567364437930783450e-02
-5.750000000000000000e+00 4.763139720814409728e+00 5.594577807153636173e-02
-4.750000000000000000e+00 4.763139720814409728e+00 4.354282711886720697e-02
-7.250000000000000000e+00 5.629165124598847214e+00 5.543238671586223076e-02
-6.250000000000000000e+00 5.629165124598847214e+00 4.837252554799249121e-02
-5.750000000000000000e+00 6.495190528383284700e+00 5.489619193156699412e-02
-4.750000000000000000e+00 6.495190528383284700e+00 4.765515226659090137e-02
-7.250000000000000000e+00 7.361215932167725740e+00 5.513749918371685377e-02
-6.250000000000000000e+00 7.361215932167725740e+00 5.139911118108499155e-02
-5.750000000000000000e+00 8.227241335952166779e+00 5.525549189267011524e-02
-4.750000000000000000e+00 8.227241335952166779e+00 5.080173888229413959e-02
-7.250000000000000000e+00 9.093266739736600712e+00 5.501115896570678981e-02
-6.250000000000000000e+00 9.093266739736600712e+00 5.317918635723051929e-02
-5.750000000000000000e+00 9.959292143521041751e+00 5.546125323786858796e-02
-4.750000000000000000e+00 9.959292143521041751e+00 5.337955613109295061e-02
-7.250000000000000000e+00 1.082531754730548279e+01 5.559661676078297282e-02
-6.250000000000000000e+00 1.082531754730548279e+01 5.469741265622888454e-02
-5.750000000000000000e+00 1.169134295108992383e+01 5.615150746975222651e-02
-4.750000000000000000e+00 1.169134295108992383e+01 5.536704021217575544e-02
-7.250000000000000000e+00 1.255736835487435776e+01 5.787954726200703753e-02
-6.250000000000000000e+00 1.255736835487435776e+01 5.752299753496521034e-02
-5.750000000000000000e+00 1.342339375865879880e+01 5.949763792298176646e-02
-4.750000000000000000e+00 1.342339375865879880e+01 5.921047476230111017e-02
-7.250000000000000000e+00 1.428941916244323274e+01 6.366578284113122432e-02
-6.250000000000000000e+00 1.428941916244323274e+01 6.354710898224789906e-02
-5.750000000000000000e+00 1.515544456622767377e+01 7.202112919229128329e-02
-4.750000000000000000e+00 1.515544456622767377e+01 7.192282436290051151e-02
-7.250000000000000000e+00 1.602146997001211304e+01 7.604153360547538654e-02
-6.250000000000000000e+00 1.602146997001211304e+01 7.600320573576040128e-02
-5.750000000000000000e+00 1.688749537379655408e+01 9.394887301050300343e-02
-4.750000000000000000e+00 1.688749537379655408e+01 9.392003077047975101e-02
-7.250000000000000000e+00 1.775352077758098801e+01 1.148326137364905908e-01
-6.250000000000000000e+00 1.775352077758098801e+01 1.148202551179174635e-01
-5.750000000000000000e+00 1.861954618136542905e+01 1.102350812493886889e-01
-4.750000000000000000e+00 1.861954618136542905e+01 1.102272914113514857e-01
-7.250000000000000000e+00 1.948557158514986298e+01 1.513013017689326944e-01
-6.250000000000000000e+00 1.948557158514986298e+01 1.512976560801877479e-01
-5.750000000000000000e+00 2.035159698893430402e+01 1.731479867436064857e-01
-4.750000000000000000e+00 2.035159698893430402e+01 1.731456853267082374e-01
-7.250000000000000000e+00 2.121762239271873796e+01 1.191141488155222083e-01
-6.250000000000000000e+00 2.121762239271873796e+01 1.191131459953801569e-01
-5.750000000000000000e+00 2.208364779650317899e+01 1.766580819882803133e-01
-4.750000000000000000e+00 2.208364779650317899e+01 1.766574976611560988e-01
-7.250000000000000000e+00 2.294967320028762003e+01 1.811495004904290218e-01
-6.250000000000000000e+00 2.294967320028762003e+01 1.811490794635405022e-01
-5.750000000000000000e+00 2.381569860407206107e+01 5.821699606325722587e-02
-4.750000000000000000e+00 2.381569860407206107e+01 5.821684786532017875e-02
-7.250000000000000000e+00 2.468172400785649501e+01 1.396439833056217494e-01
-6.250000000000000000e+00 2.468172400785649501e+01 1.396438516043027878e-01
-5.750000000000000000e+00 2.554774941164093605e+01 1.386920472335977372e-01
-4.750000000000000000e+00 2.554774941164093605e+01 1.386919107261027073e-01
-4.250000000000000000e+00 -2.554774941164094315e+01 1.386920415850551036e-01
-3.250000000000000000e+00 -2.554774941164094315e+01 1.386920022429158073e-01
-2.750000000000000000e+00 -2.468172400785650566e+01 1.396439844961901156e-01
-1.750000000000000000e+00 -2.468172400785650566e+01 1.396439958300414730e-01
-4.250000000000000000e+00 -2.381569860407206463e+01 5.821699958367275440e-02
-3.250000000000000000e+00 -2.381569860407206463e+01 5.821695810967879303e-02
-2.750000000000000000e+00 -2.294967320028762714e+01 1.811495099787621410e-01
-1.750000000000000000e+00 -2.294967320028762714e+01 1.811494734501524762e-01
-4.250000000000000000e+00 -2.208364779650318965e+01 1.766581085835408904e-01
-3.250000000000000000e+00 -2.208364779650318965e+01 1.766579716230899932e-01
-2.750000000000000000e+00 -2.121762239271875217e+01 1.191141758485822627e-01
-1.750000000000000000e+00 -2.121762239271875217e+01 1.191137999759185467e-01
-4.250000000000000000e+00 -2.035159698893431113e+01 1.731480713041420594e-01
-3.250000000000000000e+00 -2.035159698893431113e+01 1.731471210428443541e-01
-2.750000000000000000e+00 -1.948557158514987364e+01 1.513011668527522446e-01
-1.750000000000000000e+00 -1.948557158514987364e+01 1.512991259837362656e-01
-4.250000000000000000e+00 -1.861954618136543615e+01 1.102351579713643781e-01
-3.250000000000000000e+00 -1.861954618136543615e+01 1.102307467153709336e-01
-2.750000000000000000e+00 -1.775352077758099512e+01 1.148327043031314998e-01
-1.750000000000000000e+00 -1.775352077758099512e+01 1.148227113537046012e-01
-4.250000000000000000e+00 -1.688749537379655763e+01 9.394738311422329291e-02
-3.250000000000000000e+00 -1.688749537379655763e+01 9.392966432762601958e-02
-2.750000000000000000e+00 -1.602146997001212014e+01 7.604341567549860459e-02
-1.750000000000000000e+00 -1.602146997001212014e+01 7.600300533500414790e-02
-4.250000000000000000e+00 -1.515544456622767733e+01 7.201887854694122293e-02
-3.250000000000000000e+00 -1.515544456622767733e+01 7.195397939821854272e-02
-2.750000000000000000e+00 -1.428941916244323806e+01 6.366204221605054059e-02
-1.750000000000000000e+00 -1.428941916244323806e+01 6.352238199337084668e-02
-4.250000000000000000e+00 -1.342339375865880058e+01 5.951229505481671345e-02
-3.250000000000000000e+00 -1.342339375865880058e+01 5.929440779975561626e-02
-2.750000000000000000e+00 -1.255736835487436132e+01 5.785480631478562979e-02
-1.750000000000000000e+00 -1.255736835487436132e+01 5.742404591652760376e-02
-4.250000000000000000e+00 -1.169134295108992383e+01 5.614368216628815023e-02
-3.250000000000000000e+00 -1.169134295108992383e+01 5.549474838548480032e-02
-2.750000000000000000e+00 -1.082531754730548457e+01 5.565674604283767091e-02
-1.750000000000000000e+00 -1.082531754730548457e+01 5.442694388120899313e-02
-4.250000000000000000e+00 -9.959292143521047080e+00 5.521255918284134756e-02
-3.250000000000000000e+00 -9.959292143521047080e+00 5.358356036377006498e-02
-2.750000000000000000e+00 -9.093266739736607818e+00 5.523869393305680386e-02
-1.750000000000000000e+00 -9.093266739736607818e+00 5.212702171365161258e-02
-4.250000000000000000e+00 -8.227241335952170331e+00 5.525540520695723656e-02
-3.250000000000000000e+00 -8.227241335952170331e+00 5.144261144112276252e-02
-2.750000000000000000e+00 -7.361215932167732845e+00 5.491015549291863862e-02
-1.750000000000000000e+00 -7.361215932167732845e+00 4.839275673954775842e-02
-4.250000000000000000e+00 -6.495190528383291806e+00 5.657969874134635702e-02
-3.250000000000000000e+00 -6.495190528383291806e+00 4.765510393892224972e-02
-2.750000000000000000e+00 -5.629165124598854320e+00 5.685773618156823861e-02
-1.750000000000000000e+00 -5.629165124598854320e+00 4.354601087206023957e-02
-4.250000000000000000e+00 -4.763139720814413280e+00 5.685441142868510878e-02
-3.250000000000000000e+00 -4.763139720814413280e+00 4.088463180711231215e-02
-2.750000000000000000e+00 -3.897114317029975794e+00 6.478263564239626626e-02
-1.750000000000000000e+00 -3.897114317029975794e+00 3.557609567920332755e-02
-4.250000000000000000e+00 -3.031088913245538308e+00 5.492149564673814988e-02
-3.250000000000000000e+00 -3.031088913245538308e+00 3.557560628894444743e-02
-2.750000000000000000e+00 -2.165063509461100821e+00 6.734852032564543622e-02
-1.750000000000000000e+00 -2.165063509461100821e+00 2.235117644711737128e-02
-4.250000000000000000e+00 -1.299038105676659782e+00 5.784041471483197805e-02
-3.250000000000000000e+00 -1.299038105676659782e+00 3.072326630600737823e-02
-2.750000000000000000e+00 -4.330127018922222959e-01 5.732203181584207691e-02
-1.750000000000000000e+00 -4.330127018922222959e-01 2.091458030528817527e-02
-4.250000000000000000e+00 4.330127018922151905e-01 6.193282389817097999e-02
-3.250000000000000000e+00 4.330127018922151905e-01 2.235117932858185150e-02
-2.750000000000000000e+00 1.299038105676652677e+00 5.732206419840957246e-02
-1.750000000000000000e+00 1.299038105676652677e+00 2.091458589659812503e-02
-4.250000000000000000e+00 2.165063509461093716e+00 5.784045230429060713e-02
-3.250000000000000000e+00 2.165063509461093716e+00 3.072334533097866721e-02
-2.750000000000000000e+00 3.031088913245531202e+00 6.734865368743427061e-02
-1.750000000000000000e+00 3.031088913245531202e+00 2.235126928975256222e-02
-4.250000000000000000e+00 3.897114317029972241e+00 5.492203150333837408e-02
-3.250000000000000000e+00 3.897114317029972241e+00 3.557607839126705751e-02
-2.750000000000000000e+00 4.763139720814409728e+00 6.478339593825493958e-02
-1.750000000000000000e+00 4.763139720814409728e+00 3.557684780809503011e-02
-4.250000000000000000e+00 5.629165124598847214e+00 5.685772282363763669e-02
-3.250000000000000000e+00 5.629165124598847214e+00 4.088766027847828138e-02
-2.750000000000000000e+00 6.495190528383284700e+00 5.686396533596002612e-02
-1.750000000000000000e+00 6.495190528383284700e+00 4.355219682319864949e-02
-4.250000000000000000e+00 7.361215932167725740e+00 5.659351358827282436e-02
-3.250000000000000000e+00 7.361215932167725740e+00 4.766869013228269142e-02
-2.750000000000000000e+00 8.227241335952166779e+00 5.495399612224274866e-02
-1.750000000000000000e+00 8.227241335952166779e+00 4.843679577692300287e-02
-4.250000000000000000e+00 9.093266739736600712e+00 5.531247279811923878e-02
-3.250000000000000000e+00 9.093266739736600712e+00 5.149958135516465030e-02
-2.750000000000000000e+00 9.959292143521041751e+00 5.543976318949725424e-02
-1.750000000000000000e+00 9.959292143521041751e+00 5.232918772742193442e-02
-4.250000000000000000e+00 1.082531754730548279e+01 5.555587147669857617e-02
-3.250000000000000000e+00 1.082531754730548279e+01 5.392655015163029530e-02
-2.750000000000000000e+00 1.169134295108992383e+01 5.621134576112483267e-02
-1.750000000000000000e+00 1.169134295108992383e+01 5.498302483058857548e-02
-4.250000000000000000e+00 1.255736835487435776e+01 5.788212247845826719e-02
-3.250000000000000000e+00 1.255736835487435776e+01 5.723336822835654869e-02
-2.750000000000000000e+00 1.342339375865879880e+01 5.950355837120956809e-02
-1.750000000000000000e+00 1.342339375865879880e+01 5.907399777200815494e-02
-4.250000000000000000e+00 1.428941916244323274e+01 6.367509937554946542e-02
-3.250000000000000000e+00 1.428941916244323274e+01 6.345818645984487028e-02
-2.750000000000000000e+00 1.515544456622767377e+01 7.201855011567723230e-02
-1.750000000000000000e+00 1.515544456622767377e+01 7.188058982314364520e-02
-4.250000000000000000e+00 1.602146997001211304e+01 7.604268694813141882e-02
-3.250000000000000000e+00 1.602146997001211304e+01 7.597815657906387132e-02
-2.750000000000000000e+00 1.688749537379655408e+01 9.394894543303272672e-02
-1.750000000000000000e+00 1.688749537379655408e+01 9.391010712121275472e-02
-4.250000000000000000e+00 1.775352077758098801e+01 1.148322487834824712e-01
-3.250000000000000000e+00 1.775352077758098801e+01 1.148145766278460406e-01
-2.750000000000000000e+00 1.861954618136542905e+01 1.102354780244536037e-01
-1.750000000000000000e+00 1.861954618136542905e+01 1.102259168560110469e-01
-4.250000000000000000e+00 1.948557158514986298e+01 1.513011701735097470e-01
-3.250000000000000000e+00 1.948557158514986298e+01 1.512970706581146518e-01
-2.750000000000000000e+00 2.035159698893430402e+01 1.731480702352626022e-01
-1.750000000000000000e+00 2.035159698893430402e+01 1.731461894989178296e-01
-4.250000000000000000e+00 2.121762239271873796e+01 1.191141997350432385e-01
-3.250000000000000000e+00 2.121762239271873796e+01 1.191131720252458781e-01
-2.750000000000000000e+00 2.208364779650317899e+01 1.766580956675138370e-01
-1.750000000000000000e+00 2.208364779650317899e+01 1.766578961160215344e-01
-4.250000000000000000e+00 2.294967320028762003e+01 1.811495345381334277e-01
-3.250000000000000000e+00 2.294967320028762003e+01 1.811491513491974847e-01
-2.750000000000000000e+00 2.381569860407206107e+01 5.821700643031575695e-02
-1.750000000000000000e+00 2.381569860407206107e+01 5.821692683736159196e-02
-4.250000000000000000e+00 2.468172400785649501e+01 1.396439883460704467e-01
-3.250000000000000000e+00 2.468172400785649501e+01 1.396439006468685184e-01
-2.750000000000000000e+00 2.554774941164093605e+01 1.386920460324198578e-01
-1.750000000000000000e+00 2.554774941164093605e+01 1.386919651753463212e-01
-1.250000000000000000e+00 -2.554774941164094315e+01 1.386920426713343923e-01
-2.500000000000000000e-01 -2.554774941164094315e+01 1.386920523328137034e-01
2.500000000000000000e-01 -2.468172400785650566e+01 1.396439867576081406e-01
1.250000000000000000e+00 -2.468172400785650566e+01 1.396440114244481834e-01
-1.250000000000000000e+00 -2.381569860407206463e+01 5.821700224353207331e-02
-2.500000000000000000e-01 -2.381569860407206463e+01 5.821699503573263268e-02
2.500000000000000000e-01 -2.294967320028762714e+01 1.811495092128539430e-01
1.250000000000000000e+00 -2.294967320028762714e+01 1.811494978093589892e-01
-1.250000000000000000e+00 -2.208364779650318965e+01 1.766580994358375456e-01
-2.500000000000000000e-01 -2.208364779650318965e+01 1.766580257021934108e-01
2.500000000000000000e-01 -2.121762239271875217e+01 1.191141772015560929e-01
1.250000000000000000e+00 -2.121762239271875217e+01 1.191136376430203120e-01
-1.250000000000000000e+00 -2.035159698893431113e+01 1.731480123009442873e-01
-2.500000000000000000e-01 -2.035159698893431113e+01 1.731470850389840443e-01
2.500000000000000000e-01 -1.948557158514987364e+01 1.513011928363645897e-01
1.250000000000000000e+00 -1.948557158514987364e+01 1.512984477822485185e-01
-1.250000000000000000e+00 -1.861954618136543615e+01 1.102350672704779655e-01
-2.500000000000000000e-01 -1.861954618136543615e+01 1.102297560614429600e-01
2.500000000000000000e-01 -1.775352077758099512e+01 1.148326177039251106e-01
1.250000000000000000e+00 -1.775352077758099512e+01 1.148215362110533017e-01
-1.250000000000000000e+00 -1.688749537379655763e+01 9.394737447291079402e-02
-2.500000000000000000e-01 -1.688749537379655763e+01 9.392548793620492109e-02
2.500000000000000000e-01 -1.602146997001212014e+01 7.604276253369493532e-02
1.250000000000000000e+00 -1.602146997001212014e+01 7.600147639384925713e-02
-1.250000000000000000e+00 -1.515544456622767733e+01 7.202019539793654002e-02
-2.500000000000000000e-01 -1.515544456622767733e+01 7.194017436111246888e-02
2.500000000000000000e-01 -1.428941916244323806e+01 6.366104796534649557e-02
1.250000000000000000e+00 -1.428941916244323806e+01 6.352048130439262585e-02
-1.250000000000000000e+00 -1.342339375865880058e+01 5.951347738288206846e-02
-2.500000000000000000e-01 -1.342339375865880058e+01 5.924825681855040022e-02
2.500000000000000000e-01 -1.255736835487436132e+01 5.786019838846165331e-02
1.250000000000000000e+00 -1.255736835487436132e+01 5.742214561187239386e-02
-1.250000000000000000e+00 -1.169134295108992383e+01 5.612587402266958070e-02
-2.500000000000000000e-01 -1.169134295108992383e+01 5.534801864405788918e-02
2.500000000000000000e-01 -1.082531754730548457e+01 5.564961446010099899e-02
1.250000000000000000e+00 -1.082531754730548457e+01 5.442549906134624971e-02
-1.250000000000000000e+00 -9.959292143521047080e+00 5.523503265743656687e-02
-2.500000000000000000e-01 -9.959292143521047080e+00 5.320045894170762069e-02
2.500000000000000000e-01 -9.093266739736607818e+00 5.511261556708435538e-02
1.250000000000000000e+00 -9.093266739736607818e+00 5.212614720422439896e-02
-1.250000000000000000e+00 -8.227241335952170331e+00 5.549642174048190213e-02
-2.500000000000000000e-01 -8.227241335952170331e+00 5.058621304248681061e-02
2.500000000000000000e-01 -7.361215932167732845e+00 5.500611953258098541e-02
1.250000000000000000e+00 -7.361215932167732845e+00 4.839244668591204807e-02
-1.250000000000000000e+00 -6.495190528383291806e+00 5.595534732530185740e-02
-2.500000000000000000e-01 -6.495190528383291806e+00 4.568426792033829231e-02
2.500000000000000000e-01 -5.629165124598854320e+00 5.715408063404615185e-02
1.250000000000000000e+00 -5.629165124598854320e+00 4.354609390952744741e-02
-1.250000000000000000e+00 -4.763139720814413280e+00 5.492290459218397702e-02
-2.500000000000000000e-01 -4.763139720814413280e+00 3.714554771903844782e-02
2.500000000000000000e-01 -3.897114317029975794e+00 5.784118159341030546e-02
1.250000000000000000e+00 -3.897114317029975794e+00 3.557627279211982713e-02
-1.250000000000000000e+00 -3.031088913245538308e+00 6.734869353003909709e-02
-2.500000000000000000e-01 -3.031088913245538308e+00 3.072351151169408490e-02
2.500000000000000000e-01 -2.165063509461100821e+00 5.732211335697319499e-02
1.250000000000000000e+00 -2.165063509461100821e+00 2.235126438918196706e-02
-1.250000000000000000e+00 -1.299038105676659782e+00 1.112412875144380142e-01
-2.500000000000000000e-01 -1.299038105676659782e+00 2.091458418014186665e-02
2.500000000000000000e-01 -4.330127018922222959e-01 1.409409262570822663e-01
1.250000000000000000e+00 -4.330127018922222959e-01 2.091458030528786302e-02
-1.250000000000000000e+00 4.330127018922151905e-01 1.409409703938062641e-01
-2.500000000000000000e-01 4.330127018922151905e-01 7.942272094156412634e-07
2.500000000000000000e-01 1.299038105676652677e+00 1.409410690027540491e-01
1.250000000000000000e+00 1.299038105676652677e+00 2.091462868638612610e-02
-1.250000000000000000e+00 2.165063509461093716e+00 1.112413402220740061e-01
-2.500000000000000000e-01 2.165063509461093716e+00 2.091461696425212305e-02
2.500000000000000000e-01 3.031088913245531202e+00 5.732230947059103326e-02
1.250000000000000000e+00 3.031088913245531202e+00 2.235152769710097020e-02
-1.250000000000000000e+00 3.897114317029972241e+00 6.734926773758334595e-02
-2.500000000000000000e-01 3.897114317029972241e+00 3.072404670024257711e-02
2.500000000000000000e-01 4.763139720814409728e+00 5.784206492306781522e-02
1.250000000000000000e+00 4.763139720814409728e+00 3.557733897599574258e-02
-1.250000000000000000e+00 5.629165124598847214e+00 5.492619004279317152e-02
-2.500000000000000000e-01 5.629165124598847214e+00 3.714901622853453156e-02
2.500000000000000000e-01 6.495190528383284700e+00 5.716042290072642640e-02
1.250000000000000000e+00 6.495190528383284700e+00 4.355262241883187113e-02
-1.250000000000000000e+00 7.361215932167725740e+00 5.596926106828251091e-02
-2.500000000000000000e-01 7.361215932167725740e+00 4.569872901996967218e-02
2.500000000000000000e-01 8.227241335952166779e+00 5.504998484708671647e-02
1.250000000000000000e+00 8.227241335952166779e+00 4.843653052668883685e-02
-1.250000000000000000e+00 9.093266739736600712e+00 5.555392220085304811e-02
-2.500000000000000000e-01 9.093266739736600712e+00 5.064433245270597017e-02
2.500000000000000000e-01 9.959292143521041751e+00 5.531410707482625755e-02
1.250000000000000000e+00 9.959292143521041751e+00 5.232759744802207430e-02
-1.250000000000000000e+00 1.082531754730548279e+01 5.557848066106657603e-02
-2.500000000000000000e-01 1.082531754730548279e+01 5.354484483792264216e-02
2.500000000000000000e-01 1.169134295108992383e+01 5.620495512323104431e-02
1.250000000000000000e+00 1.169134295108992383e+01 5.498028055461213343e-02
-1.250000000000000000e+00 1.255736835487435776e+01 5.786415424957858100e-02
-2.500000000000000000e-01 1.255736835487435776e+01 5.708783662673702630e-02
2.500000000000000000e-01 1.342339375865879880e+01 5.950915411433557733e-02
1.250000000000000000e+00 1.342339375865879880e+01 5.907079426877506062e-02
-1.250000000000000000e+00 1.428941916244323274e+01 6.367672851643535470e-02
-2.500000000000000000e-01 1.428941916244323274e+01 6.341266942648737803e-02
2.500000000000000000e-01 1.515544456622767377e+01 7.201771567927772733e-02
1.250000000000000000e+00 1.515544456622767377e+01 7.187720029753300044e-02
-1.250000000000000000e+00 1.602146997001211304e+01 7.604448170993277634e-02
-2.500000000000000000e-01 1.602146997001211304e+01 7.596532299328478954e-02
2.500000000000000000e-01 1.688749537379655408e+01 9.394880102461478089e-02
1.250000000000000000e+00 1.688749537379655408e+01 9.390736549203040906e-02
-1.250000000000000000e+00 1.775352077758098801e+01 1.148323015595021507e-01
-2.500000000000000000e-01 1.775352077758098801e+01 1.148116900065791479e-01
2.500000000000000000e-01 1.861954618136542905e+01 1.102355491836327916e-01
1.250000000000000000e+00 1.861954618136542905e+01 1.102247174582860617e-01
-1.250000000000000000e+00 1.948557158514986298e+01 1.513012268039475861e-01
-2.500000000000000000e-01 1.948557158514986298e+01 1.512967175852273916e-01
2.500000000000000000e-01 2.035159698893430402e+01 1.731480255757848474e-01
1.250000000000000000e+00 2.035159698893430402e+01 1.731459270766067537e-01
-1.250000000000000000e+00 2.121762239271873796e+01 1.191142615653641851e-01
-2.500000000000000000e-01 2.121762239271873796e+01 1.191134472052749610e-01
2.500000000000000000e-01 2.208364779650317899e+01 1.766580971991776605e-01
1.250000000000000000e+00 2.208364779650317899e+01 1.766578489686044251e-01
-1.250000000000000000e+00 2.294967320028762003e+01 1.811495261794882627e-01
-2.500000000000000000e-01 2.294967320028762003e+01 1.811495211919091630e-01
2.500000000000000000e-01 2.381569860407206107e+01 5.821700489719420363e-02
1.250000000000000000e+00 2.381569860407206107e+01 5.821699502616736049e-02
-1.250000000000000000e+00 2.468172400785649501e+01 1.396439823786664314e-01
-2.500000000000000000e-01 2.468172400785649501e+01 1.396440361170014355e-01
2.500000000000000000e-01 2.554774941164093605e+01 1.386920359049783058e-01
1.250000000000000000e+00 2.554774941164093605e+01 1.386920950903073324e-01
1.750000000000000000e+00 -2.554774941164094315e+01 1.386920430118073200e-01
2.750000000000000000e+00 -2.554774941164094315e+01 1.386920637337749895e-01
3.250000000000000000e+00 -2.468172400785650566e+01 1.396439912236419889e-01
4.250000000000000000e+00 -2.468172400785650566e+01 1.396439564852096082e-01
1.750000000000000000e+00 -2.381569860407206463e+01 5.821700490566732861e-02
2.750000000000000000e+00 -2.381569860407206463e+01 5.821695848960632691e-02
3.250000000000000000e+00 -2.294967320028762714e+01 1.811495178164725939e-01
4.250000000000000000e+00 -2.294967320028762714e+01 1.811493457707150090e-01
1.750000000000000000e+00 -2.208364779650318965e+01 1.766581226411194361e-01
2.750000000000000000e+00 -2.208364779650318965e+01 1.766577896410085335e-01
3.250000000000000000e+00 -2.121762239271875217e+01 1.191141777946204683e-01
4.250000000000000000e+00 -2.121762239271875217e+01 1.191135726634169056e-01
1.750000000000000000e+00 -2.035159698893431113e+01 1.731480245959756692e-01
2.750000000000000000e+00 -2.035159698893431113e+01 1.731466826845732554e-01
3.250000000000000000e+00 -1.948557158514987364e+01 1.513012176945422449e-01
4.250000000000000000e+00 -1.948557158514987364e+01 1.512990288718972787e-01
1.750000000000000000e+00 -1.861954618136543615e+01 1.102350139065313983e-01
2.750000000000000000e+00 -1.861954618136543615e+01 1.102298646408151339e-01
3.250000000000000000e+00 -1.775352077758099512e+01 1.148325840383665197e-01
4.250000000000000000e+00 -1.775352077758099512e+01 1.148246913520549473e-01
1.750000000000000000e+00 -1.688749537379655763e+01 9.394742930306999862e-02
2.750000000000000000e+00 -1.688749537379655763e+01 9.392816010449861475e-02
3.250000000000000000e+00 -1.602146997001212014e+01 7.604235793256071407e-02
4.250000000000000000e+00 -1.602146997001212014e+01 7.601457222552902848e-02
1.750000000000000000e+00 -1.515544456622767733e+01 7.201990544358771729e-02
2.750000000000000000e+00 -1.515544456622767733e+01 7.195229224313959282e-02
3.250000000000000000e+00 -1.428941916244323806e+01 6.366094765626430230e-02
4.250000000000000000e+00 -1.428941916244323806e+01 6.356723457442142733e-02
1.750000000000000000e+00 -1.342339375865880058e+01 5.950853710288286913e-02
2.750000000000000000e+00 -1.342339375865880058e+01 5.929296450487234194e-02
3.250000000000000000e+00 -1.255736835487436132e+01 5.785657702440100136e-02
4.250000000000000000e+00 -1.255736835487436132e+01 5.756315703229739067e-02
1.750000000000000000e+00 -1.169134295108992383e+01 5.611627085373322582e-02
2.750000000000000000e+00 -1.169134295108992383e+01 5.549358792147940367e-02
3.250000000000000000e+00 -1.082531754730548457e+01 5.560997126939004609e-02
4.250000000000000000e+00 -1.082531754730548457e+01 5.481354996151063808e-02
1.750000000000000000e+00 -9.959292143521047080e+00 5.524776931711768146e-02
2.750000000000000000e+00 -9.959292143521047080e+00 5.358285416799038470e-02
3.250000000000000000e+00 -9.093266739736607818e+00 5.505008996764322593e-02
4.250000000000000000e+00 -9.093266739736607818e+00 5.317951351144306615e-02
1.750000000000000000e+00 -8.227241335952170331e+00 5.534522498537250423e-02
2.750000000000000000e+00 -8.227241335952170331e+00 5.144238428539121832e-02
3.250000000000000000e+00 -7.361215932167732845e+00 5.501562520233391901e-02
4.250000000000000000e+00 -7.361215932167732845e+00 5.075865504445634113e-02
1.750000000000000000e+00 -6.495190528383291806e+00 5.525063124659108926e-02
2.750000000000000000e+00 -6.495190528383291806e+00 4.765511207366053548e-02
3.250000000000000000e+00 -5.629165124598854320e+00 5.604484662306674636e-02
4.250000000000000000e+00 -5.629165124598854320e+00 4.764898461399161983e-02
1.750000000000000000e+00 -4.763139720814413280e+00 5.541229352304764821e-02
2.750000000000000000e+00 -4.763139720814413280e+00 4.088469194718818978e-02
3.250000000000000000e+00 -3.897114317029975794e+00 5.541141466287582973e-02
4.250000000000000000e+00 -3.897114317029975794e+00 4.354178269698884968e-02
1.750000000000000000e+00 -3.031088913245538308e+00 6.193307276241297177e-02
2.750000000000000000e+00 -3.031088913245538308e+00 3.557564721779887112e-02
3.250000000000000000e+00 -2.165063509461100821e+00 5.784047425787869345e-02
4.250000000000000000e+00 -2.165063509461100821e+00 3.714378380387289152e-02
1.750000000000000000e+00 -1.299038105676659782e+00 5.732206074039961768e-02
2.750000000000000000e+00 -1.299038105676659782e+00 3.072327810311067942e-02
3.250000000000000000e+00 -4.330127018922222959e-01 6.734843056559051966e-02
4.250000000000000000e+00 -4.330127018922222959e-01 3.557538920801576326e-02
1.750000000000000000e+00 4.330127018922151905e-01 1.112412320459039705e-01
2.750000000000000000e+00 4.330127018922151905e-01 2.235117932858177170e-02
3.250000000000000000e+00 1.299038105676652677e+00 6.734845052142712785e-02
4.250000000000000000e+00 1.299038105676652677e+00 3.557541171739297264e-02
1.750000000000000000e+00 2.165063509461093716e+00 5.732213593525334328e-02
2.750000000000000000e+00 2.165063509461093716e+00 3.072336692148713855e-02
3.250000000000000000e+00 3.031088913245531202e+00 5.784063033429362455e-02
4.250000000000000000e+00 3.031088913245531202e+00 3.714390427445088405e-02
1.750000000000000000e+00 3.897114317029972241e+00 6.193365410375469005e-02
2.750000000000000000e+00 3.897114317029972241e+00 3.557620537169634001e-02
3.250000000000000000e+00 4.763139720814409728e+00 5.541231766503126877e-02
4.250000000000000000e+00 4.763139720814409728e+00 4.354250219194818333e-02
1.750000000000000000e+00 5.629165124598847214e+00 5.541557832258055261e-02
2.750000000000000000e+00 5.629165124598847214e+00 4.088790909789765532e-02
3.250000000000000000e+00 6.495190528383284700e+00 5.605116743683574709e-02
4.250000000000000000e+00 6.495190528383284700e+00 4.765498455054114485e-02
1.750000000000000000e+00 7.361215932167725740e+00 5.526460414913619834e-02
2.750000000000000000e+00 7.361215932167725740e+00 4.766877657756599801e-02
3.250000000000000000e+00 8.227241335952166779e+00 5.505947705189799535e-02
4.250000000000000000e+00 8.227241335952166779e+00 5.080212365730089885e-02
1.750000000000000000e+00 9.093266739736600712e+00 5.540259146424848791e-02
2.750000000000000000e+00 9.093266739736600712e+00 5.149910982757795880e-02
3.250000000000000000e+00 9.959292143521041751e+00 5.525149040941068623e-02
4.250000000000000000e+00 9.959292143521041751e+00 5.338042687529002961e-02
1.750000000000000000e+00 1.082531754730548279e+01 5.559100426473970874e-02
2.750000000000000000e+00 1.082531754730548279e+01 5.392519195597571258e-02
3.250000000000000000e+00 1.169134295108992383e+01 5.616483685652901015e-02
4.250000000000000000e+00 1.169134295108992383e+01 5.536790703950746073e-02
1.750000000000000000e+00 1.255736835487435776e+01 5.785486242535115009e-02
2.750000000000000000e+00 1.255736835487435776e+01 5.723073520990874102e-02
3.250000000000000000e+00 1.342339375865879880e+01 5.950514576739290851e-02
4.250000000000000000e+00 1.342339375865879880e+01 5.921105305821432879e-02
1.750000000000000000e+00 1.428941916244323274e+01 6.367205956976634829e-02
2.750000000000000000e+00 1.428941916244323274e+01 6.345482339798558247e-02
3.250000000000000000e+00 1.515544456622767377e+01 7.201764475762460760e-02
4.250000000000000000e+00 1.515544456622767377e+01 7.192279536002596507e-02
1.750000000000000000e+00 1.602146997001211304e+01 7.604392812372597066e-02
2.750000000000000000e+00 1.602146997001211304e+01 7.597532085461017326e-02
3.250000000000000000e+00 1.688749537379655408e+01 9.394822148974446563e-02
4.250000000000000000e+00 1.688749537379655408e+01 9.391936255184249460e-02
1.750000000000000000e+00 1.775352077758098801e+01 1.148322619978809078e-01
2.750000000000000000e+00 1.775352077758098801e+01 1.148124298369031793e-01
3.250000000000000000e+00 1.861954618136542905e+01 1.102352112246953175e-01
4.250000000000000000e+00 1.861954618136542905e+01 1.102267296491626219e-01
1.750000000000000000e+00 1.948557158514986298e+01 1.513012433624105202e-01
2.750000000000000000e+00 1.948557158514986298e+01 1.512957522074331040e-01
3.250000000000000000e+00 2.035159698893430402e+01 1.731479836899488256e-01
4.250000000000000000e+00 2.035159698893430402e+01 1.731454565660165978e-01
1.750000000000000000e+00 2.121762239271873796e+01 1.191142097340319728e-01
2.750000000000000000e+00 2.121762239271873796e+01 1.191129933888335213e-01
3.250000000000000000e+00 2.208364779650317899e+01 1.766581048018419087e-01
4.250000000000000000e+00 2.208364779650317899e+01 1.766573788453224547e-01
1.750000000000000000e+00 2.294967320028762003e+01 1.811494934087678477e-01
2.750000000000000000e+00 2.294967320028762003e+01 1.811494287568234385e-01
3.250000000000000000e+00 2.381569860407206107e+01 5.821699909160917008e-02
4.250000000000000000e+00 2.381569860407206107e+01 5.821688050657820857e-02
1.750000000000000000e+00 2.468172400785649501e+01 1.396439783917571009e-01
2.750000000000000000e+00 2.468172400785649501e+01 1.396440213490645621e-01
3.250000000000000000e+00 2.554774941164093605e+01 1.386920348628654931e-01
4.250000000000000000e+00 2.554774941164093605e+01 1.386920707722445190e-01
4.750000000000000000e+00 -2.554774941164094315e+01 1.386920438668909628e-01
5.750000000000000000e+00 -2.554774941164094315e+01 1.386920094340611531e-01
6.250000000000000000e+00 -2.468172400785650566e+01 1.396439910546239394e-01
7.250000000000000000e+00 -2.468172400785650566e+01 1.396439688763863041e-01
4.750000000000000000e+00 -2.381569860407206463e+01 5.821700246545106344e-02
5.750000000000000000e+00 -2.381569860407206463e+01 5.821693220734930341e-02
6.250000000000000000e+00 -2.294967320028762714e+01 1.811495214028223388e-01
7.250000000000000000e+00 -2.294967320028762714e+01 1.811494502933971573e-01
4.750000000000000000e+00 -2.208364779650318965e+01 1.766581246412027573e-01
5.750000000000000000e+00 -2.208364779650318965e+01 1.766578964701201460e-01
6.250000000000000000e+00 -2.121762239271875217e+01 1.191141820617283298e-01
7.250000000000000000e+00 -2.121762239271875217e+01 1.191140236040671568e-01
4.750000000000000000e+00 -2.035159698893431113e+01 1.731480512061621957e-01
5.750000000000000000e+00 -2.035159698893431113e+01 1.731473120098441232e-01
6.250000000000000000e+00 -1.948557158514987364e+01 1.513011726132493240e-01
7.250000000000000000e+00 -1.948557158514987364e+01 1.513004630553561880e-01
4.750000000000000000e+00 -1.861954618136543615e+01 1.102350449919140690e-01
5.750000000000000000e+00 -1.861954618136543615e+01 1.102324292031894026e-01
6.250000000000000000e+00 -1.775352077758099512e+01 1.148324000404253170e-01
7.250000000000000000e+00 -1.775352077758099512e+01 1.148289718986403862e-01
4.750000000000000000e+00 -1.688749537379655763e+01 9.394738099490999861e-02
5.750000000000000000e+00 -1.688749537379655763e+01 9.393714405773789800e-02
6.250000000000000000e+00 -1.602146997001212014e+01 7.604206787144539292e-02
7.250000000000000000e+00 -1.602146997001212014e+01 7.602916747174134904e-02
4.750000000000000000e+00 -1.515544456622767733e+01 7.201871320623820516e-02
5.750000000000000000e+00 -1.515544456622767733e+01 7.198132526907435880e-02
6.250000000000000000e+00 -1.428941916244323806e+01 6.366107919257932291e-02
7.250000000000000000e+00 -1.428941916244323806e+01 6.361899505866380755e-02
4.750000000000000000e+00 -1.342339375865880058e+01 5.950352888656518235e-02
5.750000000000000000e+00 -1.342339375865880058e+01 5.938625454511482771e-02
6.250000000000000000e+00 -1.255736835487436132e+01 5.785115550658524730e-02
7.250000000000000000e+00 -1.255736835487436132e+01 5.772142380107118942e-02
4.750000000000000000e+00 -1.169134295108992383e+01 5.611374529171728881e-02
5.750000000000000000e+00 -1.169134295108992383e+01 5.578680282155173281e-02
6.250000000000000000e+00 -1.082531754730548457e+01 5.557743199375136944e-02
7.250000000000000000e+00 -1.082531754730548457e+01 5.523136289896232731e-02
4.750000000000000000e+00 -9.959292143521047080e+00 5.522956055689257071e-02
5.750000000000000000e+00 -9.959292143521047080e+00 5.435555783898367993e-02
6.250000000000000000e+00 -9.093266739736607818e+00 5.502815301819613536e-02
7.250000000000000000e+00 -9.093266739736607818e+00 5.426874508860440177e-02
4.750000000000000000e+00 -8.227241335952170331e+00 5.512943857843667639e-02
5.750000000000000000e+00 -8.227241335952170331e+00 5.312238663006751960e-02
6.250000000000000000e+00 -7.361215932167732845e+00 5.494888687109106273e-02
7.250000000000000000e+00 -7.361215932167732845e+00 5.328085422305516017e-02
4.750000000000000000e+00 -6.495190528383291806e+00 5.500166367699288461e-02
5.750000000000000000e+00 -6.495190528383291806e+00 5.138512639564205009e-02
6.250000000000000000e+00 -5.629165124598854320e+00 5.528113971870457499e-02
7.250000000000000000e+00 -5.629165124598854320e+00 5.200507023094685932e-02
4.750000000000000000e+00 -4.763139720814413280e+00 5.524108018743734139e-02
5.750000000000000000e+00 -4.763139720814413280e+00 4.836903273440004702e-02
6.250000000000000000e+00 -3.897114317029975794e+00 5.498173162839267714e-02
7.250000000000000000e+00 -3.897114317029975794e+00 5.051758567016049334e-02
4.750000000000000000e+00 -3.031088913245538308e+00 5.714940912915885546e-02
5.750000000000000000e+00 -3.031088913245538308e+00 4.567299681985237392e-02
6.250000000000000000e+00 -2.165063509461100821e+00 5.594419602482481046e-02
7.250000000000000000e+00 -2.165063509461100821e+00 4.836741867179401855e-02
4.750000000000000000e+00 -1.299038105676659782e+00 5.492126381941470070e-02
5.750000000000000000e+00 -1.299038105676659782e+00 4.354107183866513797e-02
6.250000000000000000e+00 -4.330127018922222959e-01 5.685276722607347788e-02
7.250000000000000000e+00 -4.330127018922222959e-01 4.764412956597054855e-02
4.750000000000000000e+00 4.330127018922151905e-01 6.478180793733109843e-02
5.750000000000000000e+00 4.330127018922151905e-01 4.088308467717437916e-02
6.250000000000000000e+00 1.299038105676652677e+00 5.685278030144343131e-02
7.250000000000000000e+00 1.299038105676652677e+00 4.764416212205582063e-02
4.750000000000000000e+00 2.165063509461093716e+00 5.492132236014077296e-02
5.750000000000000000e+00 2.165063509461093716e+00 4.354110087542735485e-02
6.250000000000000000e+00 3.031088913245531202e+00 5.594435585847459813e-02
7.250000000000000000e+00 3.031088913245531202e+00 4.836761576782853261e-02
4.750000000000000000e+00 3.897114317029972241e+00 5.714992911663718811e-02
5.750000000000000000e+00 3.897114317029972241e+00 4.567348775926940996e-02
6.250000000000000000e+00 4.763139720814409728e+00 5.498261832721695885e-02
7.250000000000000000e+00 4.763139720814409728e+00 5.051855189581369587e-02
4.750000000000000000e+00 5.629165124598847214e+00 5.524433841800463485e-02
5.750000000000000000e+00 5.629165124598847214e+00 4.837228742055825481e-02
6.250000000000000000e+00 6.495190528383284700e+00 5.528742063387648287e-02
7.250000000000000000e+00 6.495190528383284700e+00 5.201154302316660094e-02
4.750000000000000000e+00 7.361215932167725740e+00 5.501564285642301932e-02
5.750000000000000000e+00 7.361215932167725740e+00 5.139914053003218769e-02
6.250000000000000000e+00 8.227241335952166779e+00 5.499272813377970026e-02
7.250000000000000000e+00 8.227241335952166779e+00 5.332500346944787917e-02
4.750000000000000000e+00 9.093266739736600712e+00 5.518682271980659970e-02
5.750000000000000000e+00 9.093266739736600712e+00 5.317996494628968174e-02
6.250000000000000000e+00 9.959292143521041751e+00 5.522957092779473554e-02
7.250000000000000000e+00 9.959292143521041751e+00 5.447058003151947214e-02
4.750000000000000000e+00 1.082531754730548279e+01 5.557288263048884569e-02
5.750000000000000000e+00 1.082531754730548279e+01 5.469928920311895731e-02
6.250000000000000000e+00 1.169134295108992383e+01 5.613244587599616059e-02
7.250000000000000000e+00 1.169134295108992383e+01 5.578696277066244602e-02
4.750000000000000000e+00 1.255736835487435776e+01 5.785217477588977530e-02
5.750000000000000000e+00 1.255736835487435776e+01 5.752582043144925661e-02
6.250000000000000000e+00 1.342339375865879880e+01 5.949994405567005096e-02
7.250000000000000000e+00 1.342339375865879880e+01 5.937099609843435322e-02
4.750000000000000000e+00 1.428941916244323274e+01 6.366658219158470577e-02
5.750000000000000000e+00 1.428941916244323274e+01 6.354992272976528467e-02
6.250000000000000000e+00 1.515544456622767377e+01 7.201770129522638841e-02
7.250000000000000000e+00 1.515544456622767377e+01 7.197659127610844809e-02
4.750000000000000000e+00 1.602146997001211304e+01 7.604257157909202758e-02
5.750000000000000000e+00 1.602146997001211304e+01 7.600533123445825379e-02
6.250000000000000000e+00 1.688749537379655408e+01 9.394776335125412658e-02
7.250000000000000000e+00 1.688749537379655408e+01 9.393567765644139644e-02
4.750000000000000000e+00 1.775352077758098801e+01 1.148322611951745065e-01
5.750000000000000000e+00 1.775352077758098801e+01 1.148216575216835234e-01
6.250000000000000000e+00 1.861954618136542905e+01 1.102350933883063655e-01
7.250000000000000000e+00 1.861954618136542905e+01 1.102319079193343765e-01
4.750000000000000000e+00 1.948557158514986298e+01 1.513011772923097686e-01
5.750000000000000000e+00 1.948557158514986298e+01 1.512981968036373470e-01
6.250000000000000000e+00 2.035159698893430402e+01 1.731480184953958501e-01
7.250000000000000000e+00 2.035159698893430402e+01 1.731472115725047611e-01
4.750000000000000000e+00 2.121762239271873796e+01 1.191141655080880934e-01
5.750000000000000000e+00 2.121762239271873796e+01 1.191132077863809174e-01
6.250000000000000000e+00 2.208364779650317899e+01 1.766581041757941950e-01
7.250000000000000000e+00 2.208364779650317899e+01 1.766578682241267129e-01
4.750000000000000000e+00 2.294967320028762003e+01 1.811495070267228613e-01
5.750000000000000000e+00 2.294967320028762003e+01 1.811491516176829408e-01
6.250000000000000000e+00 2.381569860407206107e+01 5.821699860832092038e-02
7.250000000000000000e+00 2.381569860407206107e+01 5.821688503481633331e-02
4.750000000000000000e+00 2.468172400785649501e+01 1.396439863792780511e-01
5.750000000000000000e+00 2.468172400785649501e+01 1.396439021053755836e-01
6.250000000000000000e+00 2.554774941164093605e+01 1.386920433020692456e-01
7.250000000000000000e+00 2.554774941164093605e+01 1.386919560990515776e-01
