-7.250000000000000000e+00 -2.554774941164094315e+01 2.326961684663308993e-01
-6.250000000000000000e+00 -2.554774941164094315e+01 2.326960991010109392e-01
-5.750000000000000000e+00 -2.468172400785650566e+01 2.177251978488034811e-01
-4.750000000000000000e+00 -2.468172400785650566e+01 2.177251012265372931e-01
-7.250000000000000000e+00 -2.381569860407206463e+01 3.641859070558828987e-02
-6.250000000000000000e+00 -2.381569860407206463e+01 3.641850351212943399e-02
-5.750000000000000000e+00 -2.294967320028762714e+01 1.416693330560253872e-01
-4.750000000000000000e+00 -2.294967320028762714e+01 1.416689462593099247e-01
-7.250000000000000000e+00 -2.208364779650318965e+01 1.045348620446011623e-01
-6.250000000000000000e+00 -2.208364779650318965e+01 1.045343119439529345e-01
-5.750000000000000000e+00 -2.121762239271875217e+01 4.258177626238840441e-02
-4.750000000000000000e+00 -2.121762239271875217e+01 4.258079165072596595e-02
-7.250000000000000000e+00 -2.035159698893431113e+01 6.285445688895044403e-02
-6.250000000000000000e+00 -2.035159698893431113e+01 6.285249128092075532e-02
-5.750000000000000000e+00 -1.948557158514987364e+01 3.975095058176526114e-02
-4.750000000000000000e+00 -1.948557158514987364e+01 3.974711576787041262e-02
-7.250000000000000000e+00 -1.861954618136543615e+01 3.581965478749846860e-02
-6.250000000000000000e+00 -1.861954618136543615e+01 3.581601422611632030e-02
-5.750000000000000000e+00 -1.775352077758099512e+01 3.200041225646628462e-02
-4.750000000000000000e+00 -1.775352077758099512e+01 3.198708858707523944e-02
-7.250000000000000000e+00 -1.688749537379655763e+01 2.728609954711374089e-02
-6.250000000000000000e+00 -1.688749537379655763e+01 2.727881091259648505e-02
-5.750000000000000000e+00 -1.602146997001212014e+01 3.061610089886940278e-02
-4.750000000000000000e+00 -1.602146997001212014e+01 3.059410822145770467e-02
-7.250000000000000000e+00 -1.515544456622767733e+01 2.622245792709137352e-02
-6.250000000000000000e+00 -1.515544456622767733e+01 2.618822758634881467e-02
-5.750000000000000000e+00 -1.428941916244323806e+01 2.691672483634365357e-02
-4.750000000000000000e+00 -1.428941916244323806e+01 2.690223485687280938e-02
-7.250000000000000000e+00 -1.342339375865880058e+01 2.772859030979181461e-02
-6.250000000000000000e+00 -1.342339375865880058e+01 2.764869437186075890e-02
-5.750000000000000000e+00 -1.255736835487436132e+01 2.619717550853860322e-02
-4.750000000000000000e+00 -1.255736835487436132e+01 2.610557018288421974e-02
-7.250000000000000000e+00 -1.169134295108992383e+01 2.664899241046211203e-02
-6.250000000000000000e+00 -1.169134295108992383e+01 2.670921511062233911e-02
-5.750000000000000000e+00 -1.082531754730548457e+01 2.655572757888850430e-02
-4.750000000000000000e+00 -1.082531754730548457e+01 2.639057305072684337e-02
-7.250000000000000000e+00 -9.959292143521047080e+00 2.628453064885847776e-02
-6.250000000000000000e+00 -9.959292143521047080e+00 2.644180078577540102e-02
-5.750000000000000000e+00 -9.093266739736607818e+00 2.552951960485287664e-02
-4.750000000000000000e+00 -9.093266739736607818e+00 2.624374859413295888e-02
-7.250000000000000000e+00 -8.227241335952170331e+00 2.655173777158838233e-02
-6.250000000000000000e+00 -8.227241335952170331e+00 2.613233794018487988e-02
-5.750000000000000000e+00 -7.361215932167732845e+00 2.582566289537360782e-02
-4.750000000000000000e+00 -7.361215932167732845e+00 2.687905077231212900e-02
-7.250000000000000000e+00 -6.495190528383291806e+00 2.524281323807728641e-02
-6.250000000000000000e+00 -6.495190528383291806e+00 2.607423693374581741e-02
-5.750000000000000000e+00 -5.629165124598854320e+00 2.645212854668548691e-02
-4.750000000000000000e+00 -5.629165124598854320e+00 2.619955469228229389e-02
-7.250000000000000000e+00 -4.763139720814413280e+00 2.501803469025284249e-02
-6.250000000000000000e+00 -4.763139720814413280e+00 2.712572683008377186e-02
-5.750000000000000000e+00 -3.897114317029975794e+00 2.378556726120602607e-02
-4.750000000000000000e+00 -3.897114317029975794e+00 2.674544152912182102e-02
-7.250000000000000000e+00 -3.031088913245538308e+00 2.659661089731930883e-02
-6.250000000000000000e+00 -3.031088913245538308e+00 2.614273105712866530e-02
-5.750000000000000000e+00 -2.165063509461100821e+00 2.396044923250131159e-02
-4.750000000000000000e+00 -2.165063509461100821e+00 2.648104663630463859e-02
-7.250000000000000000e+00 -1.299038105676659782e+00 2.546251994926560305e-02
-6.250000000000000000e+00 -1.299038105676659782e+00 2.674500305611494239e-02
-5.750000000000000000e+00 -4.330127018922222959e-01 2.628979549220106585e-02
-4.750000000000000000e+00 -4.330127018922222959e-01 2.633634472113861522e-02
-7.250000000000000000e+00 4.330127018922151905e-01 2.428498107841027889e-02
-6.250000000000000000e+00 4.330127018922151905e-01 2.682518173339278056e-02
-5.750000000000000000e+00 1.299038105676652677e+00 2.628950564099871018e-02
-4.750000000000000000e+00 1.299038105676652677e+00 2.633603997352316345e-02
-7.250000000000000000e+00 2.165063509461093716e+00 2.546340322757567609e-02
-6.250000000000000000e+00 2.165063509461093716e+00 2.674562702009141910e-02
-5.750000000000000000e+00 3.031088913245531202e+00 2.395998394949831051e-02
-4.750000000000000000e+00 3.031088913245531202e+00 2.648028176101543257e-02
-7.250000000000000000e+00 3.897114317029972241e+00 2.659702498647294883e-02
-6.250000000000000000e+00 3.897114317029972241e+00 2.614310826711643831e-02
-5.750000000000000000e+00 4.763139720814409728e+00 2.378984038070407203e-02
-4.750000000000000000e+00 4.763139720814409728e+00 2.674892337152241090e-02
-7.250000000000000000e+00 5.629165124598847214e+00 2.500829390860651036e-02
-6.250000000000000000e+00 5.629165124598847214e+00 2.711653887385837361e-02
-5.750000000000000000e+00 6.495190528383284700e+00 2.647498778800939229e-02
-4.750000000000000000e+00 6.495190528383284700e+00 2.622249802561666537e-02
-7.250000000000000000e+00 7.361215932167725740e+00 2.522469753272897630e-02
-6.250000000000000000e+00 7.361215932167725740e+00 2.605552606236194099e-02
-5.750000000000000000e+00 8.227241335952166779e+00 2.582393193970042300e-02
-4.750000000000000000e+00 8.227241335952166779e+00 2.687728536046517930e-02
-7.250000000000000000e+00 9.093266739736600712e+00 2.666328836885255987e-02
-6.250000000000000000e+00 9.093266739736600712e+00 2.624344689161075064e-02
-5.750000000000000000e+00 9.959292143521041751e+00 2.533097236717496772e-02
-4.750000000000000000e+00 9.959292143521041751e+00 2.604282619893932837e-02
-7.250000000000000000e+00 1.082531754730548279e+01 2.655581261051901190e-02
-6.250000000000000000e+00 1.082531754730548279e+01 2.671464631707516635e-02
-5.750000000000000000e+00 1.169134295108992383e+01 2.668773256528676405e-02
-4.750000000000000000e+00 1.169134295108992383e+01 2.652265768130264087e-02
-7.250000000000000000e+00 1.255736835487435776e+01 2.593733902158312093e-02
-6.250000000000000000e+00 1.255736835487435776e+01 2.599658317924376585e-02
-5.750000000000000000e+00 1.342339375865879880e+01 2.776816688357131024e-02
-4.750000000000000000e+00 1.342339375865879880e+01 2.767730676681828816e-02
-7.250000000000000000e+00 1.428941916244323274e+01 2.693508808263437443e-02
-6.250000000000000000e+00 1.428941916244323274e+01 2.685433652105124677e-02
-5.750000000000000000e+00 1.515544456622767377e+01 2.615944349398838242e-02
-4.750000000000000000e+00 1.515544456622767377e+01 2.614326256713785795e-02
-7.250000000000000000e+00 1.602146997001211304e+01 3.064359816622791444e-02
-6.250000000000000000e+00 1.602146997001211304e+01 3.061016358854841413e-02
-5.750000000000000000e+00 1.688749537379655408e+01 2.726574724725351964e-02
-4.750000000000000000e+00 1.688749537379655408e+01 2.724423995935355836e-02
-7.250000000000000000e+00 1.775352077758098801e+01 3.199571573240766326e-02
-6.250000000000000000e+00 1.775352077758098801e+01 3.198773162572116774e-02
-5.750000000000000000e+00 1.861954618136542905e+01 3.582058666218250476e-02
-4.750000000000000000e+00 1.861954618136542905e+01 3.580787632843613483e-02
-7.250000000000000000e+00 1.948557158514986298e+01 3.974742988201810517e-02
-6.250000000000000000e+00 1.948557158514986298e+01 3.974359673747501071e-02
-5.750000000000000000e+00 2.035159698893430402e+01 6.285495027398270429e-02
-4.750000000000000000e+00 2.035159698893430402e+01 6.285061262740514187e-02
-7.250000000000000000e+00 2.121762239271873796e+01 4.258156759878953257e-02
-6.250000000000000000e+00 2.121762239271873796e+01 4.257988172462938425e-02
-5.750000000000000000e+00 2.208364779650317899e+01 1.045345647061498573e-01
-4.750000000000000000e+00 2.208364779650317899e+01 1.045335925908679603e-01
-7.250000000000000000e+00 2.294967320028762003e+01 1.416694730040656824e-01
-6.250000000000000000e+00 2.294967320028762003e+01 1.416687622395388646e-01
-5.750000000000000000e+00 2.381569860407206107e+01 3.641846683282498609e-02
-4.750000000000000000e+00 2.381569860407206107e+01 3.641823776261850915e-02
-7.250000000000000000e+00 2.468172400785649501e+01 2.177252230203979844e-01
-6.250000000000000000e+00 2.468172400785649501e+01 2.177250308205945228e-01
-5.750000000000000000e+00 2.554774941164093605e+01 2.326961391804230894e-01
-4.750000000000000000e+00 2.554774941164093605e+01 2.326959217288873671e-01
-4.250000000000000000e+00 -2.554774941164094315e+01 2.326961774114020831e-01
-3.250000000000000000e+00 -2.554774941164094315e+01 2.326960762994177423e-01
-2.750000000000000000e+00 -2.468172400785650566e+01 2.177251861849417436e-01
-1.750000000000000000e+00 -2.468172400785650566e+01 2.177251139909248678e-01
-4.250000000000000000e+00 -2.381569860407206463e+01 3.641860337106726797e-02
-3.250000000000000000e+00 -2.381569860407206463e+01 3.641842430704420042e-02
-2.750000000000000000e+00 -2.294967320028762714e+01 1.416693369539460956e-01
-1.750000000000000000e+00 -2.294967320028762714e+01 1.416688645365355159e-01
-4.250000000000000000e+00 -2.208364779650318965e+01 1.045347176655159332e-01
-3.250000000000000000e+00 -2.208364779650318965e+01 1.045339947804613118e-01
-2.750000000000000000e+00 -2.121762239271875217e+01 4.258197358412314781e-02
-1.750000000000000000e+00 -2.121762239271875217e+01 4.258026014704721640e-02
-4.250000000000000000e+00 -2.035159698893431113e+01 6.285361701027319947e-02
-3.250000000000000000e+00 -2.035159698893431113e+01 6.285087462080357623e-02
-2.750000000000000000e+00 -1.948557158514987364e+01 3.975077176132978118e-02
-1.750000000000000000e+00 -1.948557158514987364e+01 3.974517693213702046e-02
-4.250000000000000000e+00 -1.861954618136543615e+01 3.581876768344074285e-02
-3.250000000000000000e+00 -1.861954618136543615e+01 3.581184598521665319e-02
-2.750000000000000000e+00 -1.775352077758099512e+01 3.199519323999402975e-02
-1.750000000000000000e+00 -1.775352077758099512e+01 3.197889210148822242e-02
-4.250000000000000000e+00 -1.688749537379655763e+01 2.729048786913746555e-02
-3.250000000000000000e+00 -1.688749537379655763e+01 2.727079325950177574e-02
-2.750000000000000000e+00 -1.602146997001212014e+01 3.060562425796289898e-02
-1.750000000000000000e+00 -1.602146997001212014e+01 3.057371585190218205e-02
-4.250000000000000000e+00 -1.515544456622767733e+01 2.621512000530507036e-02
-3.250000000000000000e+00 -1.515544456622767733e+01 2.615520812843482798e-02
-2.750000000000000000e+00 -1.428941916244323806e+01 2.693901836134887651e-02
-1.750000000000000000e+00 -1.428941916244323806e+01 2.688026489158084481e-02
-4.250000000000000000e+00 -1.342339375865880058e+01 2.761992673012975130e-02
-3.250000000000000000e+00 -1.342339375865880058e+01 2.755289253490349893e-02
-2.750000000000000000e+00 -1.255736835487436132e+01 2.619321895066711869e-02
-1.750000000000000000e+00 -1.255736835487436132e+01 2.605612837035019974e-02
-4.250000000000000000e+00 -1.169134295108992383e+01 2.654158755072003745e-02
-3.250000000000000000e+00 -1.169134295108992383e+01 2.664244570136084511e-02
-2.750000000000000000e+00 -1.082531754730548457e+01 2.618029156230811116e-02
-1.750000000000000000e+00 -1.082531754730548457e+01 2.622299517035476396e-02
-4.250000000000000000e+00 -9.959292143521047080e+00 2.646223004158249764e-02
-3.250000000000000000e+00 -9.959292143521047080e+00 2.648546061545510588e-02
-2.750000000000000000e+00 -9.093266739736607818e+00 2.533275809347230317e-02
-1.750000000000000000e+00 -9.093266739736607818e+00 2.618146167452311754e-02
-4.250000000000000000e+00 -8.227241335952170331e+00 2.582334207835849244e-02
-3.250000000000000000e+00 -8.227241335952170331e+00 2.605345595109931703e-02
-2.750000000000000000e+00 -7.361215932167732845e+00 2.645611904956188254e-02
-1.750000000000000000e+00 -7.361215932167732845e+00 2.712071532984656336e-02
-4.250000000000000000e+00 -6.495190528383291806e+00 2.335403559917243604e-02
-3.250000000000000000e+00 -6.495190528383291806e+00 2.622239124645320968e-02
-2.750000000000000000e+00 -5.629165124598854320e+00 2.507398855090271772e-02
-1.750000000000000000e+00 -5.629165124598854320e+00 2.673950217558253295e-02
-4.250000000000000000e+00 -4.763139720814413280e+00 2.508244082237300054e-02
-3.250000000000000000e+00 -4.763139720814413280e+00 2.682879590065448405e-02
-2.750000000000000000e+00 -3.897114317029975794e+00 2.288215625773264844e-02
-1.750000000000000000e+00 -3.897114317029975794e+00 2.633648559837773254e-02
-4.250000000000000000e+00 -3.031088913245538308e+00 2.654120286842428025e-02
-3.250000000000000000e+00 -3.031088913245538308e+00 2.633592825316957708e-02
-2.750000000000000000e+00 -2.165063509461100821e+00 2.711890546737359339e-02
-1.750000000000000000e+00 -2.165063509461100821e+00 2.023470006686338071e-02
-4.250000000000000000e+00 -1.299038105676659782e+00 2.448857254922823246e-02
-3.250000000000000000e+00 -1.299038105676659782e+00 2.710136648231159517e-02
-2.750000000000000000e+00 -4.330127018922222959e-01 2.717287812541964789e-02
-1.750000000000000000e+00 -4.330127018922222959e-01 2.365702313620283298e-02
-4.250000000000000000e+00 4.330127018922151905e-01 2.453503060275450537e-02
-3.250000000000000000e+00 4.330127018922151905e-01 2.023434122621118464e-02
-2.750000000000000000e+00 1.299038105676652677e+00 2.717278642352871643e-02
-1.750000000000000000e+00 1.299038105676652677e+00 2.365681464772026801e-02
-4.250000000000000000e+00 2.165063509461093716e+00 2.448919854080266675e-02
-3.250000000000000000e+00 2.165063509461093716e+00 2.710218178609402617e-02
-2.750000000000000000e+00 3.031088913245531202e+00 2.711844072778273745e-02
-1.750000000000000000e+00 3.031088913245531202e+00 2.023391503542000536e-02
-4.250000000000000000e+00 3.897114317029972241e+00 2.654166359573496142e-02
-3.250000000000000000e+00 3.897114317029972241e+00 2.633661567065200687e-02
-2.750000000000000000e+00 4.763139720814409728e+00 2.288473191590680023e-02
-1.750000000000000000e+00 4.763139720814409728e+00 2.634005624869162343e-02
-4.250000000000000000e+00 5.629165124598847214e+00 2.507433718954454188e-02
-3.250000000000000000e+00 5.629165124598847214e+00 2.681953609631706342e-02
-2.750000000000000000e+00 6.495190528383284700e+00 2.509493023666513334e-02
-1.750000000000000000e+00 6.495190528383284700e+00 2.676268275638363919e-02
-4.250000000000000000e+00 7.361215932167725740e+00 2.333709563709079893e-02
-3.250000000000000000e+00 7.361215932167725740e+00 2.620407549459638843e-02
-2.750000000000000000e+00 8.227241335952166779e+00 2.645461051390914087e-02
-1.750000000000000000e+00 8.227241335952166779e+00 2.711846749199941370e-02
-4.250000000000000000e+00 9.093266739736600712e+00 2.593413825929914707e-02
-3.250000000000000000e+00 9.093266739736600712e+00 2.616591622039420029e-02
-2.750000000000000000e+00 9.959292143521041751e+00 2.513231891565023690e-02
-1.750000000000000000e+00 9.959292143521041751e+00 2.598108704751036363e-02
-4.250000000000000000e+00 1.082531754730548279e+01 2.673491841221661142e-02
-3.250000000000000000e+00 1.082531754730548279e+01 2.675767822221677278e-02
-2.750000000000000000e+00 1.169134295108992383e+01 2.630901645533946509e-02
-1.750000000000000000e+00 1.169134295108992383e+01 2.635542404942411987e-02
-4.250000000000000000e+00 1.255736835487435776e+01 2.583096911022755154e-02
-3.250000000000000000e+00 1.255736835487435776e+01 2.592978509511136703e-02
-2.750000000000000000e+00 1.342339375865879880e+01 2.776355818763452665e-02
-1.750000000000000000e+00 1.342339375865879880e+01 2.762615818597261713e-02
-4.250000000000000000e+00 1.428941916244323274e+01 2.682505586612341647e-02
-3.250000000000000000e+00 1.428941916244323274e+01 2.676034059099979129e-02
-2.750000000000000000e+00 1.515544456622767377e+01 2.618090709242469616e-02
-1.750000000000000000e+00 1.515544456622767377e+01 2.612194259490878759e-02
-4.250000000000000000e+00 1.602146997001211304e+01 3.063586076550398746e-02
-3.250000000000000000e+00 1.602146997001211304e+01 3.057663983076384234e-02
-2.750000000000000000e+00 1.688749537379655408e+01 2.725447741709326188e-02
-1.750000000000000000e+00 1.688749537379655408e+01 2.722468523878712743e-02
-4.250000000000000000e+00 1.775352077758098801e+01 3.200000187815860847e-02
-3.250000000000000000e+00 1.775352077758098801e+01 3.197955347721781472e-02
-2.750000000000000000e+00 1.861954618136542905e+01 3.581531610175298086e-02
-1.750000000000000000e+00 1.861954618136542905e+01 3.579890798228420323e-02
-4.250000000000000000e+00 1.948557158514986298e+01 3.974632341117079193e-02
-3.250000000000000000e+00 1.948557158514986298e+01 3.974012752161251022e-02
-2.750000000000000000e+00 2.035159698893430402e+01 6.285476376395310316e-02
-1.750000000000000000e+00 2.035159698893430402e+01 6.284872770446363333e-02
-4.250000000000000000e+00 2.121762239271873796e+01 4.258069143386258165e-02
-3.250000000000000000e+00 2.121762239271873796e+01 4.257810672919097594e-02
-2.750000000000000000e+00 2.208364779650317899e+01 1.045347810127268962e-01
-1.750000000000000000e+00 2.208364779650317899e+01 1.045333319503504860e-01
-4.250000000000000000e+00 2.294967320028762003e+01 1.416693130280836654e-01
-3.250000000000000000e+00 2.294967320028762003e+01 1.416682443181747630e-01
-2.750000000000000000e+00 2.381569860407206107e+01 3.641846994251764225e-02
-1.750000000000000000e+00 2.381569860407206107e+01 3.641807049954703945e-02
-4.250000000000000000e+00 2.468172400785649501e+01 2.177252144988567339e-01
-3.250000000000000000e+00 2.468172400785649501e+01 2.177249856503038483e-01
-2.750000000000000000e+00 2.554774941164093605e+01 2.326960875518276350e-01
-1.750000000000000000e+00 2.554774941164093605e+01 2.326958574623300413e-01
-1.250000000000000000e+00 -2.554774941164094315e+01 2.326961864686867276e-01
-2.500000000000000000e-01 -2.554774941164094315e+01 2.326960758243513394e-01
2.500000000000000000e-01 -2.468172400785650566e+01 2.177252063182538167e-01
1.250000000000000000e+00 -2.468172400785650566e+01 2.177251085577357470e-01
-1.250000000000000000e+00 -2.381569860407206463e+01 3.641859897081912295e-02
-2.500000000000000000e-01 -2.381569860407206463e+01 3.641834695844997638e-02
2.500000000000000000e-01 -2.294967320028762714e+01 1.416693933614458223e-01
1.250000000000000000e+00 -2.294967320028762714e+01 1.416688714001292926e-01
-1.250000000000000000e+00 -2.208364779650318965e+01 1.045346108973587984e-01
-2.500000000000000000e-01 -2.208364779650318965e+01 1.045337773117689106e-01
2.500000000000000000e-01 -2.121762239271875217e+01 4.258204532903294565e-02
1.250000000000000000e+00 -2.121762239271875217e+01 4.258016714283430204e-02
-1.250000000000000000e+00 -2.035159698893431113e+01 6.285336450548574538e-02
-2.500000000000000000e-01 -2.035159698893431113e+01 6.285025970564013520e-02
2.500000000000000000e-01 -1.948557158514987364e+01 3.975046755568202583e-02
1.250000000000000000e+00 -1.948557158514987364e+01 3.974496609657964669e-02
-1.250000000000000000e+00 -1.861954618136543615e+01 3.581989100409047055e-02
-2.500000000000000000e-01 -1.861954618136543615e+01 3.580992319535818841e-02
2.500000000000000000e-01 -1.775352077758099512e+01 3.199390514160679877e-02
1.250000000000000000e+00 -1.775352077758099512e+01 3.197921211548818837e-02
-1.250000000000000000e+00 -1.688749537379655763e+01 2.729337055151830407e-02
-2.500000000000000000e-01 -1.688749537379655763e+01 2.726616341921705294e-02
2.500000000000000000e-01 -1.602146997001212014e+01 3.061204000325672137e-02
1.250000000000000000e+00 -1.602146997001212014e+01 3.057400883062970712e-02
-1.250000000000000000e+00 -1.515544456622767733e+01 2.619680762854552369e-02
-2.500000000000000000e-01 -1.515544456622767733e+01 2.613759498387576569e-02
2.500000000000000000e-01 -1.428941916244323806e+01 2.696378118134793583e-02
1.250000000000000000e+00 -1.428941916244323806e+01 2.687975004727515688e-02
-1.250000000000000000e+00 -1.342339375865880058e+01 2.757583102750348764e-02
-2.500000000000000000e-01 -1.342339375865880058e+01 2.750638656119053921e-02
2.500000000000000000e-01 -1.255736835487436132e+01 2.615189589125033187e-02
1.250000000000000000e+00 -1.255736835487436132e+01 2.605653336948099072e-02
-1.250000000000000000e+00 -1.169134295108992383e+01 2.665540465972867853e-02
-2.500000000000000000e-01 -1.169134295108992383e+01 2.661244609764080657e-02
2.500000000000000000e-01 -1.082531754730548457e+01 2.612379123721675356e-02
1.250000000000000000e+00 -1.082531754730548457e+01 2.622361464328076819e-02
-1.250000000000000000e+00 -9.959292143521047080e+00 2.650950054112806431e-02
-2.500000000000000000e-01 -9.959292143521047080e+00 2.650436717791213384e-02
2.500000000000000000e-01 -9.093266739736607818e+00 2.589716560611102919e-02
1.250000000000000000e+00 -9.093266739736607818e+00 2.618112049354311480e-02
-1.250000000000000000e+00 -8.227241335952170331e+00 2.501157076540765772e-02
-2.500000000000000000e-01 -8.227241335952170331e+00 2.602788209212269360e-02
2.500000000000000000e-01 -7.361215932167732845e+00 2.659533978109092367e-02
1.250000000000000000e+00 -7.361215932167732845e+00 2.712068977552040475e-02
-1.250000000000000000e+00 -6.495190528383291806e+00 2.380308319130802416e-02
-2.500000000000000000e-01 -6.495190528383291806e+00 2.615995392365022543e-02
2.500000000000000000e-01 -5.629165124598854320e+00 2.395472081920747842e-02
1.250000000000000000e+00 -5.629165124598854320e+00 2.673972969608683428e-02
-1.250000000000000000e+00 -4.763139720814413280e+00 2.654513208657546114e-02
-2.500000000000000000e-01 -4.763139720814413280e+00 2.648417344526540762e-02
2.500000000000000000e-01 -3.897114317029975794e+00 2.448938552835325938e-02
1.250000000000000000e+00 -3.897114317029975794e+00 2.633653829527645568e-02
-1.250000000000000000e+00 -3.031088913245538308e+00 2.711870130101167245e-02
-2.500000000000000000e-01 -3.031088913245538308e+00 2.710130872976397945e-02
2.500000000000000000e-01 -2.165063509461100821e+00 2.717331216627709781e-02
1.250000000000000000e+00 -2.165063509461100821e+00 2.023473132949966252e-02
-1.250000000000000000e+00 -1.299038105676659782e+00 3.858257869413080077e-02
-2.500000000000000000e-01 -1.299038105676659782e+00 2.365682051527838448e-02
2.500000000000000000e-01 -4.330127018922222959e-01 5.021988211297304106e-02
1.250000000000000000e+00 -4.330127018922222959e-01 2.365702313620256930e-02
-1.250000000000000000e+00 4.330127018922151905e-01 5.021992192018137624e-02
-2.500000000000000000e-01 4.330127018922151905e-01 2.381670563663881603e-07
2.500000000000000000e-01 1.299038105676652677e+00 5.022037047796931719e-02
1.250000000000000000e+00 1.299038105676652677e+00 2.365683015500446087e-02
-1.250000000000000000e+00 2.165063509461093716e+00 3.858243139888350992e-02
-2.500000000000000000e-01 2.165063509461093716e+00 2.365732080685878369e-02
2.500000000000000000e-01 3.031088913245531202e+00 2.717280778846868639e-02
1.250000000000000000e+00 3.031088913245531202e+00 2.023394318245343160e-02
-1.250000000000000000e+00 3.897114317029972241e+00 2.711852964945089817e-02
-2.500000000000000000e-01 3.897114317029972241e+00 2.710193266787375155e-02
2.500000000000000000e-01 4.763139720814409728e+00 2.449198298378376173e-02
1.250000000000000000e+00 4.763139720814409728e+00 2.633968971918206753e-02
-1.250000000000000000e+00 5.629165124598847214e+00 2.653584394171585106e-02
-2.500000000000000000e-01 5.629165124598847214e+00 2.647498808318077615e-02
2.500000000000000000e-01 6.495190528383284700e+00 2.397717598903973540e-02
1.250000000000000000e+00 6.495190528383284700e+00 2.676185147007759807e-02
-1.250000000000000000e+00 7.361215932167725740e+00 2.378254694706569139e-02
-2.500000000000000000e-01 7.361215932167725740e+00 2.614149379544740415e-02
2.500000000000000000e-01 8.227241335952166779e+00 2.659358313778757005e-02
1.250000000000000000e+00 8.227241335952166779e+00 2.711847288966770173e-02
-1.250000000000000000e+00 9.093266739736600712e+00 2.511993581341505355e-02
-2.500000000000000000e-01 9.093266739736600712e+00 2.613881732755742732e-02
2.500000000000000000e-01 9.959292143521041751e+00 2.569455107636546207e-02
1.250000000000000000e+00 9.959292143521041751e+00 2.598083048075044976e-02
-1.250000000000000000e+00 1.082531754730548279e+01 2.678142136949744623e-02
-2.500000000000000000e-01 1.082531754730548279e+01 2.677535374761016301e-02
2.500000000000000000e-01 1.169134295108992383e+01 2.625359770287959138e-02
1.250000000000000000e+00 1.169134295108992383e+01 2.635334592999636141e-02
-1.250000000000000000e+00 1.255736835487435776e+01 2.594224517319487083e-02
-2.500000000000000000e-01 1.255736835487435776e+01 2.590082470795636999e-02
2.500000000000000000e-01 1.342339375865879880e+01 2.772307720810487930e-02
1.250000000000000000e+00 1.342339375865879880e+01 2.762585858237232017e-02
-1.250000000000000000e+00 1.428941916244323274e+01 2.677984706065596882e-02
-2.500000000000000000e-01 1.428941916244323274e+01 2.671268336507429120e-02
2.500000000000000000e-01 1.515544456622767377e+01 2.620529675846978990e-02
1.250000000000000000e+00 1.515544456622767377e+01 2.612245246222334727e-02
-1.250000000000000000e+00 1.602146997001211304e+01 3.061770918611740264e-02
-2.500000000000000000e-01 1.602146997001211304e+01 3.055739113115071848e-02
2.500000000000000000e-01 1.688749537379655408e+01 2.726159040000084022e-02
1.250000000000000000e+00 1.688749537379655408e+01 2.722358092698740073e-02
-1.250000000000000000e+00 1.775352077758098801e+01 3.200279969319178713e-02
-2.500000000000000000e-01 1.775352077758098801e+01 3.197570324883030474e-02
2.500000000000000000e-01 1.861954618136542905e+01 3.581424803650062189e-02
1.250000000000000000e+00 1.861954618136542905e+01 3.579855214262864238e-02
-1.250000000000000000e+00 1.948557158514986298e+01 3.974763524992946245e-02
-2.500000000000000000e-01 1.948557158514986298e+01 3.973833070942983658e-02
2.500000000000000000e-01 2.035159698893430402e+01 6.285435897011362738e-02
1.250000000000000000e+00 2.035159698893430402e+01 6.284899844669453173e-02
-1.250000000000000000e+00 2.121762239271873796e+01 4.258047126503029800e-02
-2.500000000000000000e-01 2.121762239271873796e+01 4.257709339090567230e-02
2.500000000000000000e-01 2.208364779650317899e+01 1.045348549392006998e-01
1.250000000000000000e+00 2.208364779650317899e+01 1.045332742451443031e-01
-1.250000000000000000e+00 2.294967320028762003e+01 1.416691200337884537e-01
-2.500000000000000000e-01 2.294967320028762003e+01 1.416680788729065277e-01
2.500000000000000000e-01 2.381569860407206107e+01 3.641848855177420852e-02
1.250000000000000000e+00 2.381569860407206107e+01 3.641797974323770365e-02
-1.250000000000000000e+00 2.468172400785649501e+01 2.177251784498052400e-01
-2.500000000000000000e-01 2.468172400785649501e+01 2.177249977996288943e-01
2.500000000000000000e-01 2.554774941164093605e+01 2.326960768017187209e-01
1.250000000000000000e+00 2.554774941164093605e+01 2.326958452100978403e-01
1.750000000000000000e+00 -2.554774941164094315e+01 2.326961909594412181e-01
2.750000000000000000e+00 -2.554774941164094315e+01 2.326960673416535175e-01
3.250000000000000000e+00 -2.468172400785650566e+01 2.177252128481234061e-01
4.250000000000000000e+00 -2.468172400785650566e+01 2.177251509964583387e-01
1.750000000000000000e+00 -2.381569860407206463e+01 3.641859783424438585e-02
2.750000000000000000e+00 -2.381569860407206463e+01 3.641835515304277238e-02
3.250000000000000000e+00 -2.294967320028762714e+01 1.416694204670967960e-01
4.250000000000000000e+00 -2.294967320028762714e+01 1.416690611609333350e-01
1.750000000000000000e+00 -2.208364779650318965e+01 1.045346828386263388e-01
2.750000000000000000e+00 -2.208364779650318965e+01 1.045339299211739820e-01
3.250000000000000000e+00 -2.121762239271875217e+01 4.258204576570706612e-02
4.250000000000000000e+00 -2.121762239271875217e+01 4.258070336249176330e-02
1.750000000000000000e+00 -2.035159698893431113e+01 6.285374587423298021e-02
2.750000000000000000e+00 -2.035159698893431113e+01 6.285112060041232740e-02
3.250000000000000000e+00 -1.948557158514987364e+01 3.975068097461015304e-02
4.250000000000000000e+00 -1.948557158514987364e+01 3.974690907471922774e-02
1.750000000000000000e+00 -1.861954618136543615e+01 3.582096669718104476e-02
2.750000000000000000e+00 -1.861954618136543615e+01 3.581189416613341642e-02
3.250000000000000000e+00 -1.775352077758099512e+01 3.199695245711444563e-02
4.250000000000000000e+00 -1.775352077758099512e+01 3.198760107087118831e-02
1.750000000000000000e+00 -1.688749537379655763e+01 2.729361147334159396e-02
2.750000000000000000e+00 -1.688749537379655763e+01 2.727027965472956714e-02
3.250000000000000000e+00 -1.602146997001212014e+01 3.062370027334107916e-02
4.250000000000000000e+00 -1.602146997001212014e+01 3.059440443303671278e-02
1.750000000000000000e+00 -1.515544456622767733e+01 2.619582087680265986e-02
2.750000000000000000e+00 -1.515544456622767733e+01 2.615593268444310615e-02
3.250000000000000000e+00 -1.428941916244323806e+01 2.697333007090545881e-02
4.250000000000000000e+00 -1.428941916244323806e+01 2.690159493406460087e-02
1.750000000000000000e+00 -1.342339375865880058e+01 2.762480346465637226e-02
2.750000000000000000e+00 -1.342339375865880058e+01 2.755364357814535370e-02
3.250000000000000000e+00 -1.255736835487436132e+01 2.615319616639459610e-02
4.250000000000000000e+00 -1.255736835487436132e+01 2.610584966729273537e-02
1.750000000000000000e+00 -1.169134295108992383e+01 2.679610074167282363e-02
2.750000000000000000e+00 -1.169134295108992383e+01 2.664167074792909984e-02
3.250000000000000000e+00 -1.082531754730548457e+01 2.635405736192454607e-02
4.250000000000000000e+00 -1.082531754730548457e+01 2.639093710555296193e-02
1.750000000000000000e+00 -9.959292143521047080e+00 2.642186756705912007e-02
2.750000000000000000e+00 -9.959292143521047080e+00 2.648559165413984923e-02
3.250000000000000000e+00 -9.093266739736607818e+00 2.640876458558478676e-02
4.250000000000000000e+00 -9.093266739736607818e+00 2.624336752310622509e-02
1.750000000000000000e+00 -8.227241335952170331e+00 2.512962988566493430e-02
2.750000000000000000e+00 -8.227241335952170331e+00 2.605396651383775491e-02
3.250000000000000000e+00 -7.361215932167732845e+00 2.632709448496629856e-02
4.250000000000000000e+00 -7.361215932167732845e+00 2.687903153033579726e-02
1.750000000000000000e+00 -6.495190528383291806e+00 2.548022533062437381e-02
2.750000000000000000e+00 -6.495190528383291806e+00 2.622225491398441286e-02
3.250000000000000000e+00 -5.629165124598854320e+00 2.427873586791287619e-02
4.250000000000000000e+00 -5.629165124598854320e+00 2.619973115164333718e-02
1.750000000000000000e+00 -4.763139720814413280e+00 2.629316831783998915e-02
2.750000000000000000e+00 -4.763139720814413280e+00 2.682880846506902756e-02
3.250000000000000000e+00 -3.897114317029975794e+00 2.628988288802602130e-02
4.250000000000000000e+00 -3.897114317029975794e+00 2.674547438681178918e-02
1.750000000000000000e+00 -3.031088913245538308e+00 2.453436502502408592e-02
2.750000000000000000e+00 -3.031088913245538308e+00 2.633606972652063893e-02
3.250000000000000000e+00 -2.165063509461100821e+00 2.448921745898599567e-02
4.250000000000000000e+00 -2.165063509461100821e+00 2.648104698890419578e-02
1.750000000000000000e+00 -1.299038105676659782e+00 2.717267744827509338e-02
2.750000000000000000e+00 -1.299038105676659782e+00 2.710142316129334275e-02
3.250000000000000000e+00 -4.330127018922222959e-01 2.711856483221877084e-02
4.250000000000000000e+00 -4.330127018922222959e-01 2.633634472113863603e-02
1.750000000000000000e+00 4.330127018922151905e-01 3.858248719964254420e-02
2.750000000000000000e+00 4.330127018922151905e-01 2.023434122621096953e-02
3.250000000000000000e+00 1.299038105676652677e+00 2.711854933583202065e-02
4.250000000000000000e+00 1.299038105676652677e+00 2.633603149985967382e-02
1.750000000000000000e+00 2.165063509461093716e+00 2.717351813787614867e-02
2.750000000000000000e+00 2.165063509461093716e+00 2.710202600585897084e-02
3.250000000000000000e+00 3.031088913245531202e+00 2.448833367642791470e-02
4.250000000000000000e+00 3.031088913245531202e+00 2.648027889612118713e-02
1.750000000000000000e+00 3.897114317029972241e+00 2.453600751921602985e-02
2.750000000000000000e+00 3.897114317029972241e+00 2.633633122204821070e-02
3.250000000000000000e+00 4.763139720814409728e+00 2.629368184612401738e-02
4.250000000000000000e+00 4.763139720814409728e+00 2.674875235973958251e-02
1.750000000000000000e+00 5.629165124598847214e+00 2.628448357199589941e-02
2.750000000000000000e+00 5.629165124598847214e+00 2.681953263254625158e-02
3.250000000000000000e+00 6.495190528383284700e+00 2.430320944968233574e-02
4.250000000000000000e+00 6.495190528383284700e+00 2.622201573600386332e-02
1.750000000000000000e+00 7.361215932167725740e+00 2.546116174753255967e-02
2.750000000000000000e+00 7.361215932167725740e+00 2.620345574684699100e-02
3.250000000000000000e+00 8.227241335952166779e+00 2.632575366315789353e-02
4.250000000000000000e+00 8.227241335952166779e+00 2.687731992602126682e-02
1.750000000000000000e+00 9.093266739736600712e+00 2.524205126777068903e-02
2.750000000000000000e+00 9.093266739736600712e+00 2.616388072019297517e-02
3.250000000000000000e+00 9.959292143521041751e+00 2.620821108650686279e-02
4.250000000000000000e+00 9.959292143521041751e+00 2.604268988372204774e-02
1.750000000000000000e+00 1.082531754730548279e+01 2.669491692717337883e-02
2.750000000000000000e+00 1.082531754730548279e+01 2.675763179449640317e-02
3.250000000000000000e+00 1.169134295108992383e+01 2.648694449858160146e-02
4.250000000000000000e+00 1.169134295108992383e+01 2.652091500699722132e-02
1.750000000000000000e+00 1.255736835487435776e+01 2.608316903382501897e-02
2.750000000000000000e+00 1.255736835487435776e+01 2.593017259881658793e-02
3.250000000000000000e+00 1.342339375865879880e+01 2.772485752843521778e-02
4.250000000000000000e+00 1.342339375865879880e+01 2.767722461032080111e-02
1.750000000000000000e+00 1.428941916244323274e+01 2.683105858011737566e-02
2.750000000000000000e+00 1.428941916244323274e+01 2.675783556273246544e-02
3.250000000000000000e+00 1.515544456622767377e+01 2.621517910297866891e-02
4.250000000000000000e+00 1.515544456622767377e+01 2.614405265471069634e-02
1.750000000000000000e+00 1.602146997001211304e+01 3.061746905905975147e-02
2.750000000000000000e+00 1.602146997001211304e+01 3.057614889374232758e-02
3.250000000000000000e+00 1.688749537379655408e+01 2.727370224291869594e-02
4.250000000000000000e+00 1.688749537379655408e+01 2.724304044819331888e-02
1.750000000000000000e+00 1.775352077758098801e+01 3.200305339044484665e-02
2.750000000000000000e+00 1.775352077758098801e+01 3.198040935030350279e-02
3.250000000000000000e+00 1.861954618136542905e+01 3.581730340077828034e-02
4.250000000000000000e+00 1.861954618136542905e+01 3.580756464074193873e-02
1.750000000000000000e+00 1.948557158514986298e+01 3.974880119327037914e-02
2.750000000000000000e+00 1.948557158514986298e+01 3.973960398205365202e-02
3.250000000000000000e+00 2.035159698893430402e+01 6.285461709699127764e-02
4.250000000000000000e+00 2.035159698893430402e+01 6.285124757657480077e-02
1.750000000000000000e+00 2.121762239271873796e+01 4.258076096289634127e-02
2.750000000000000000e+00 2.121762239271873796e+01 4.257779541655744293e-02
3.250000000000000000e+00 2.208364779650317899e+01 1.045348395581964934e-01
4.250000000000000000e+00 2.208364779650317899e+01 1.045336408301964920e-01
1.750000000000000000e+00 2.294967320028762003e+01 1.416691677380105818e-01
2.750000000000000000e+00 2.294967320028762003e+01 1.416683900455307510e-01
3.250000000000000000e+00 2.381569860407206107e+01 3.641850837617503778e-02
4.250000000000000000e+00 2.381569860407206107e+01 3.641809912157175505e-02
1.750000000000000000e+00 2.468172400785649501e+01 2.177251910904131615e-01
2.750000000000000000e+00 2.468172400785649501e+01 2.177250485321503559e-01
3.250000000000000000e+00 2.554774941164093605e+01 2.326961286229244918e-01
4.250000000000000000e+00 2.554774941164093605e+01 2.326959249822654618e-01
4.750000000000000000e+00 -2.554774941164094315e+01 2.326961883342211213e-01
5.750000000000000000e+00 -2.554774941164094315e+01 2.326961163855033599e-01
6.250000000000000000e+00 -2.468172400785650566e+01 2.177252111571296167e-01
7.250000000000000000e+00 -2.468172400785650566e+01 2.177251849338784906e-01
4.750000000000000000e+00 -2.381569860407206463e+01 3.641860185384604431e-02
5.750000000000000000e+00 -2.381569860407206463e+01 3.641844573825646358e-02
6.250000000000000000e+00 -2.294967320028762714e+01 1.416694235314640005e-01
7.250000000000000000e+00 -2.294967320028762714e+01 1.416692380841950982e-01
4.750000000000000000e+00 -2.208364779650318965e+01 1.045347652015712892e-01
5.750000000000000000e+00 -2.208364779650318965e+01 1.045343263523789146e-01
6.250000000000000000e+00 -2.121762239271875217e+01 4.258201947881676275e-02
7.250000000000000000e+00 -2.121762239271875217e+01 4.258126363128537234e-02
4.750000000000000000e+00 -2.035159698893431113e+01 6.285423647509708056e-02
5.750000000000000000e+00 -2.035159698893431113e+01 6.285272781146261645e-02
6.250000000000000000e+00 -1.948557158514987364e+01 3.975094796531236652e-02
7.250000000000000000e+00 -1.948557158514987364e+01 3.974887882290298324e-02
4.750000000000000000e+00 -1.861954618136543615e+01 3.582167309452837650e-02
5.750000000000000000e+00 -1.861954618136543615e+01 3.581598516092124318e-02
6.250000000000000000e+00 -1.775352077758099512e+01 3.200061332663314828e-02
7.250000000000000000e+00 -1.775352077758099512e+01 3.199630686900951232e-02
4.750000000000000000e+00 -1.688749537379655763e+01 2.729350524877036110e-02
5.750000000000000000e+00 -1.688749537379655763e+01 2.727853067900252310e-02
6.250000000000000000e+00 -1.602146997001212014e+01 3.063374557581959728e-02
7.250000000000000000e+00 -1.602146997001212014e+01 3.061926618075484774e-02
4.750000000000000000e+00 -1.515544456622767733e+01 2.620881135654325525e-02
5.750000000000000000e+00 -1.515544456622767733e+01 2.618834390242280596e-02
6.250000000000000000e+00 -1.428941916244323806e+01 2.697593217604132843e-02
7.250000000000000000e+00 -1.428941916244323806e+01 2.693023143131324793e-02
4.750000000000000000e+00 -1.342339375865880058e+01 2.769510308107386160e-02
5.750000000000000000e+00 -1.342339375865880058e+01 2.764863857424847138e-02
6.250000000000000000e+00 -1.255736835487436132e+01 2.618074949608723001e-02
7.250000000000000000e+00 -1.255736835487436132e+01 2.614790024903271282e-02
4.750000000000000000e+00 -1.169134295108992383e+01 2.686740223201493361e-02
5.750000000000000000e+00 -1.169134295108992383e+01 2.670897942550240142e-02
6.250000000000000000e+00 -1.082531754730548457e+01 2.657839576345115071e-02
7.250000000000000000e+00 -1.082531754730548457e+01 2.657796610331410181e-02
4.750000000000000000e+00 -9.959292143521047080e+00 2.641042183455279135e-02
5.750000000000000000e+00 -9.959292143521047080e+00 2.644172993118592413e-02
6.250000000000000000e+00 -9.093266739736607818e+00 2.661107744259161301e-02
7.250000000000000000e+00 -9.093266739736607818e+00 2.631923043328472309e-02
4.750000000000000000e+00 -8.227241335952170331e+00 2.571026439045753093e-02
5.750000000000000000e+00 -8.227241335952170331e+00 2.613233465527367919e-02
6.250000000000000000e+00 -7.361215932167732845e+00 2.629954620729016423e-02
7.250000000000000000e+00 -7.361215932167732845e+00 2.657690121277274387e-02
4.750000000000000000e+00 -6.495190528383291806e+00 2.634579874875734445e-02
5.750000000000000000e+00 -6.495190528383291806e+00 2.607433224200985528e-02
6.250000000000000000e+00 -5.629165124598854320e+00 2.512749748375395220e-02
7.250000000000000000e+00 -5.629165124598854320e+00 2.606804361647929377e-02
4.750000000000000000e+00 -4.763139720814413280e+00 2.546647734953474268e-02
5.750000000000000000e+00 -4.763139720814413280e+00 2.712573651889210388e-02
6.250000000000000000e+00 -3.897114317029975794e+00 2.659705526314015342e-02
7.250000000000000000e+00 -3.897114317029975794e+00 2.603171311573765009e-02
4.750000000000000000e+00 -3.031088913245538308e+00 2.395960310905412283e-02
5.750000000000000000e+00 -3.031088913245538308e+00 2.614267457080809987e-02
6.250000000000000000e+00 -2.165063509461100821e+00 2.378625190744751428e-02
7.250000000000000000e+00 -2.165063509461100821e+00 2.712259058395165637e-02
4.750000000000000000e+00 -1.299038105676659782e+00 2.654126379783120285e-02
5.750000000000000000e+00 -1.299038105676659782e+00 2.674497775087916057e-02
6.250000000000000000e+00 -4.330127018922222959e-01 2.507933607164926360e-02
7.250000000000000000e+00 -4.330127018922222959e-01 2.620525761611910281e-02
4.750000000000000000e+00 4.330127018922151905e-01 2.288190956080246585e-02
5.750000000000000000e+00 4.330127018922151905e-01 2.682518173339271117e-02
6.250000000000000000e+00 1.299038105676652677e+00 2.507873865541049296e-02
7.250000000000000000e+00 1.299038105676652677e+00 2.620501412379664177e-02
4.750000000000000000e+00 2.165063509461093716e+00 2.654194576213034229e-02
5.750000000000000000e+00 2.165063509461093716e+00 2.674571738395914444e-02
6.250000000000000000e+00 3.031088913245531202e+00 2.378501658362641713e-02
7.250000000000000000e+00 3.031088913245531202e+00 2.712181936393694842e-02
4.750000000000000000e+00 3.897114317029972241e+00 2.396022398297590478e-02
5.750000000000000000e+00 3.897114317029972241e+00 2.614327052567903473e-02
6.250000000000000000e+00 4.763139720814409728e+00 2.660056394302218186e-02
7.250000000000000000e+00 4.763139720814409728e+00 2.603520340332493924e-02
4.750000000000000000e+00 5.629165124598847214e+00 2.545688069101632867e-02
5.750000000000000000e+00 5.629165124598847214e+00 2.711657879822250081e-02
6.250000000000000000e+00 6.495190528383284700e+00 2.515009082570146548e-02
7.250000000000000000e+00 6.495190528383284700e+00 2.609111978207980659e-02
4.750000000000000000e+00 7.361215932167725740e+00 2.632782532949568335e-02
5.750000000000000000e+00 7.361215932167725740e+00 2.605558909580357740e-02
6.250000000000000000e+00 8.227241335952166779e+00 2.629704544548425518e-02
7.250000000000000000e+00 8.227241335952166779e+00 2.657508682528260391e-02
4.750000000000000000e+00 9.093266739736600712e+00 2.582304267117951566e-02
5.750000000000000000e+00 9.093266739736600712e+00 2.624358011915578492e-02
6.250000000000000000e+00 9.959292143521041751e+00 2.641095467005843966e-02
7.250000000000000000e+00 9.959292143521041751e+00 2.611816567433317138e-02
4.750000000000000000e+00 1.082531754730548279e+01 2.668285361059061223e-02
5.750000000000000000e+00 1.082531754730548279e+01 2.671474417825955849e-02
6.250000000000000000e+00 1.169134295108992383e+01 2.671000806779402770e-02
7.250000000000000000e+00 1.169134295108992383e+01 2.670934495319687851e-02
4.750000000000000000e+00 1.255736835487435776e+01 2.615549998101549672e-02
5.750000000000000000e+00 1.255736835487435776e+01 2.599668717243740906e-02
6.250000000000000000e+00 1.342339375865879880e+01 2.775151610923073942e-02
7.250000000000000000e+00 1.342339375865879880e+01 2.771954823972676285e-02
4.750000000000000000e+00 1.428941916244323274e+01 2.690165025631569007e-02
5.750000000000000000e+00 1.428941916244323274e+01 2.685376923355368636e-02
6.250000000000000000e+00 1.515544456622767377e+01 2.621789357833675949e-02
7.250000000000000000e+00 1.515544456622767377e+01 2.617184870527763940e-02
4.750000000000000000e+00 1.602146997001211304e+01 3.063010868324037017e-02
5.750000000000000000e+00 1.602146997001211304e+01 3.061009996237895950e-02
6.250000000000000000e+00 1.688749537379655408e+01 2.728332267237089034e-02
7.250000000000000000e+00 1.688749537379655408e+01 2.726857177487054806e-02
4.750000000000000000e+00 1.775352077758098801e+01 3.200296218078824834e-02
5.750000000000000000e+00 1.775352077758098801e+01 3.198829237953799282e-02
6.250000000000000000e+00 1.861954618136542905e+01 3.582084710429947472e-02
7.250000000000000000e+00 1.861954618136542905e+01 3.581686133017059070e-02
4.750000000000000000e+00 1.948557158514986298e+01 3.974941363724748128e-02
5.750000000000000000e+00 1.948557158514986298e+01 3.974335994895183966e-02
6.250000000000000000e+00 2.035159698893430402e+01 6.285493905395067582e-02
7.250000000000000000e+00 2.035159698893430402e+01 6.285301900191916924e-02
4.750000000000000000e+00 2.121762239271873796e+01 4.258130056233488253e-02
5.750000000000000000e+00 2.121762239271873796e+01 4.257967760124112266e-02
6.250000000000000000e+00 2.208364779650317899e+01 1.045348034150279243e-01
7.250000000000000000e+00 2.208364779650317899e+01 1.045340367404175713e-01
4.750000000000000000e+00 2.294967320028762003e+01 1.416693541670865086e-01
5.750000000000000000e+00 2.294967320028762003e+01 1.416689889117016266e-01
6.250000000000000000e+00 2.381569860407206107e+01 3.641854226432078567e-02
7.250000000000000000e+00 2.381569860407206107e+01 3.641831408033893713e-02
4.750000000000000000e+00 2.468172400785649501e+01 2.177252198843654951e-01
5.750000000000000000e+00 2.468172400785649501e+01 2.177251605790952171e-01
6.250000000000000000e+00 2.554774941164093605e+01 2.326961634338379770e-01
7.250000000000000000e+00 2.554774941164093605e+01 2.326960849089433903e-01
