-7.250000000000000000e+00 -2.554774941164094315e+01 4.032325691948421831e-01
-6.250000000000000000e+00 -2.554774941164094315e+01 4.032218543069782113e-01
-5.750000000000000000e+00 -2.468172400785650566e+01 3.889560322427125238e-01
-4.750000000000000000e+00 -2.468172400785650566e+01 3.889462577063507731e-01
-7.250000000000000000e+00 -2.381569860407206463e+01 2.569503660319962246e-01
-6.250000000000000000e+00 -2.381569860407206463e+01 2.569392293073210487e-01
-5.750000000000000000e+00 -2.294967320028762714e+01 2.737552202684169766e-01
-4.750000000000000000e+00 -2.294967320028762714e+01 2.737577384028238026e-01
-7.250000000000000000e+00 -2.208364779650318965e+01 3.139958826151384996e-01
-6.250000000000000000e+00 -2.208364779650318965e+01 3.140106217434833202e-01
-5.750000000000000000e+00 -2.121762239271875217e+01 6.056076892508955867e-01
-4.750000000000000000e+00 -2.121762239271875217e+01 6.056048730237479916e-01
-7.250000000000000000e+00 -2.035159698893431113e+01 2.595618856192156154e-01
-6.250000000000000000e+00 -2.035159698893431113e+01 2.597350122227284897e-01
-5.750000000000000000e+00 -1.948557158514987364e+01 3.205058681332313975e-01
-4.750000000000000000e+00 -1.948557158514987364e+01 3.205756040829970122e-01
-7.250000000000000000e+00 -1.861954618136543615e+01 5.119301161033336101e-01
-6.250000000000000000e+00 -1.861954618136543615e+01 5.120138094769398629e-01
-5.750000000000000000e+00 -1.775352077758099512e+01 3.891550372592208484e-01
-4.750000000000000000e+00 -1.775352077758099512e+01 3.901362742952428908e-01
-7.250000000000000000e+00 -1.688749537379655763e+01 4.196032705550487574e-01
-6.250000000000000000e+00 -1.688749537379655763e+01 4.196507092380499238e-01
-5.750000000000000000e+00 -1.602146997001212014e+01 2.951471195542934578e-01
-4.750000000000000000e+00 -1.602146997001212014e+01 2.957119876748623977e-01
-7.250000000000000000e+00 -1.515544456622767733e+01 5.198745229142518465e-01
-6.250000000000000000e+00 -1.515544456622767733e+01 5.208365082120077760e-01
-5.750000000000000000e+00 -1.428941916244323806e+01 4.653851907443176117e-01
-4.750000000000000000e+00 -1.428941916244323806e+01 4.629924213164702262e-01
-7.250000000000000000e+00 -1.342339375865880058e+01 2.769834858541194711e-01
-6.250000000000000000e+00 -1.342339375865880058e+01 2.788070559231681234e-01
-5.750000000000000000e+00 -1.255736835487436132e+01 4.857278531866585647e-01
-4.750000000000000000e+00 -1.255736835487436132e+01 4.845676849854375079e-01
-7.250000000000000000e+00 -1.169134295108992383e+01 3.769951209510221668e-01
-6.250000000000000000e+00 -1.169134295108992383e+01 3.725137267852007272e-01
-5.750000000000000000e+00 -1.082531754730548457e+01 3.158689039696355172e-01
-4.750000000000000000e+00 -1.082531754730548457e+01 3.157485838081393603e-01
-7.250000000000000000e+00 -9.959292143521047080e+00 3.831305750942293753e-01
-6.250000000000000000e+00 -9.959292143521047080e+00 3.778467825136764824e-01
-5.750000000000000000e+00 -9.093266739736607818e+00 3.242319755847297147e-01
-4.750000000000000000e+00 -9.093266739736607818e+00 3.140839344108895537e-01
-7.250000000000000000e+00 -8.227241335952170331e+00 3.241015572955814328e-01
-6.250000000000000000e+00 -8.227241335952170331e+00 3.221811141163953840e-01
-5.750000000000000000e+00 -7.361215932167732845e+00 3.184028331296689940e-01
-4.750000000000000000e+00 -7.361215932167732845e+00 3.263864690583650474e-01
-7.250000000000000000e+00 -6.495190528383291806e+00 3.219493647001857028e-01
-6.250000000000000000e+00 -6.495190528383291806e+00 3.031413290952607031e-01
-5.750000000000000000e+00 -5.629165124598854320e+00 3.178862937731847249e-01
-4.750000000000000000e+00 -5.629165124598854320e+00 3.086299071076072376e-01
-7.250000000000000000e+00 -4.763139720814413280e+00 3.009689897600315023e-01
-6.250000000000000000e+00 -4.763139720814413280e+00 3.260136841745574499e-01
-5.750000000000000000e+00 -3.897114317029975794e+00 2.831139703691395448e-01
-4.750000000000000000e+00 -3.897114317029975794e+00 3.103678597054329580e-01
-7.250000000000000000e+00 -3.031088913245538308e+00 3.095367680524457876e-01
-6.250000000000000000e+00 -3.031088913245538308e+00 3.038993079410318709e-01
-5.750000000000000000e+00 -2.165063509461100821e+00 2.651646213988080869e-01
-4.750000000000000000e+00 -2.165063509461100821e+00 3.483137237873659142e-01
-7.250000000000000000e+00 -1.299038105676659782e+00 3.034961217913418885e-01
-6.250000000000000000e+00 -1.299038105676659782e+00 3.101935668453781325e-01
-5.750000000000000000e+00 -4.330127018922222959e-01 3.027028036480431950e-01
-4.750000000000000000e+00 -4.330127018922222959e-01 2.980185393950021133e-01
-7.250000000000000000e+00 4.330127018922151905e-01 2.895133059897644912e-01
-6.250000000000000000e+00 4.330127018922151905e-01 3.394649016907361205e-01
-5.750000000000000000e+00 1.299038105676652677e+00 3.028754933532565863e-01
-4.750000000000000000e+00 1.299038105676652677e+00 2.982003957768649127e-01
-7.250000000000000000e+00 2.165063509461093716e+00 3.031581375760808439e-01
-6.250000000000000000e+00 2.165063509461093716e+00 3.099393350842294392e-01
-5.750000000000000000e+00 3.031088913245531202e+00 2.657244271698966931e-01
-4.750000000000000000e+00 3.031088913245531202e+00 3.489766259394603276e-01
-7.250000000000000000e+00 3.897114317029972241e+00 3.093035947041840039e-01
-6.250000000000000000e+00 3.897114317029972241e+00 3.037028526840458986e-01
-5.750000000000000000e+00 4.763139720814409728e+00 2.827760306233724208e-01
-4.750000000000000000e+00 4.763139720814409728e+00 3.104584721382834811e-01
-7.250000000000000000e+00 5.629165124598847214e+00 3.053743432666649604e-01
-6.250000000000000000e+00 5.629165124598847214e+00 3.300061726086980785e-01
-5.750000000000000000e+00 6.495190528383284700e+00 3.116650055560338251e-01
-4.750000000000000000e+00 6.495190528383284700e+00 3.025751373293922852e-01
-7.250000000000000000e+00 7.361215932167725740e+00 3.366519896075775287e-01
-6.250000000000000000e+00 7.361215932167725740e+00 3.177731940354878160e-01
-5.750000000000000000e+00 8.227241335952166779e+00 3.165279674455864223e-01
-4.750000000000000000e+00 8.227241335952166779e+00 3.243422415921189406e-01
-7.250000000000000000e+00 9.093266739736600712e+00 3.153172231998498387e-01
-6.250000000000000000e+00 9.093266739736600712e+00 3.138745291318196795e-01
-5.750000000000000000e+00 9.959292143521041751e+00 3.911068383527930292e-01
-4.750000000000000000e+00 9.959292143521041751e+00 3.827798834143749107e-01
-7.250000000000000000e+00 1.082531754730548279e+01 3.156752363169085251e-01
-6.250000000000000000e+00 1.082531754730548279e+01 3.093543972672295195e-01
-5.750000000000000000e+00 1.169134295108992383e+01 3.706677566837280891e-01
-4.750000000000000000e+00 1.169134295108992383e+01 3.717181552440765868e-01
-7.250000000000000000e+00 1.255736835487435776e+01 4.943511977517802691e-01
-6.250000000000000000e+00 1.255736835487435776e+01 4.902065317064652206e-01
-5.750000000000000000e+00 1.342339375865879880e+01 2.758574971537277598e-01
-4.750000000000000000e+00 1.342339375865879880e+01 2.741389419016683204e-01
-7.250000000000000000e+00 1.428941916244323274e+01 4.618840976604186022e-01
-6.250000000000000000e+00 1.428941916244323274e+01 4.649649383033994110e-01
-5.750000000000000000e+00 1.515544456622767377e+01 5.241274903629068449e-01
-4.750000000000000000e+00 1.515544456622767377e+01 5.233137589389553757e-01
-7.250000000000000000e+00 1.602146997001211304e+01 2.932188233839941316e-01
-6.250000000000000000e+00 1.602146997001211304e+01 2.935755218352159579e-01
-5.750000000000000000e+00 1.688749537379655408e+01 4.205790447845474400e-01
-4.750000000000000000e+00 1.688749537379655408e+01 4.213354614188182246e-01
-7.250000000000000000e+00 1.775352077758098801e+01 3.898230561367270752e-01
-6.250000000000000000e+00 1.775352077758098801e+01 3.901628178376359557e-01
-5.750000000000000000e+00 1.861954618136542905e+01 5.116658865996781547e-01
-4.750000000000000000e+00 1.861954618136542905e+01 5.121306477124650813e-01
-7.250000000000000000e+00 1.948557158514986298e+01 3.208067452788115892e-01
-6.250000000000000000e+00 1.948557158514986298e+01 3.210097529386338744e-01
-5.750000000000000000e+00 2.035159698893430402e+01 2.595879244298654465e-01
-4.750000000000000000e+00 2.035159698893430402e+01 2.598241253844019716e-01
-7.250000000000000000e+00 2.121762239271873796e+01 6.055639779700247027e-01
-6.250000000000000000e+00 2.121762239271873796e+01 6.055967322551113474e-01
-5.750000000000000000e+00 2.208364779650317899e+01 3.140201882643594011e-01
-4.750000000000000000e+00 2.208364779650317899e+01 3.140414951370998908e-01
-7.250000000000000000e+00 2.294967320028762003e+01 2.737024099973625058e-01
-6.250000000000000000e+00 2.294967320028762003e+01 2.737419060276338190e-01
-5.750000000000000000e+00 2.381569860407206107e+01 2.569442481651543764e-01
-4.750000000000000000e+00 2.381569860407206107e+01 2.569569251801324672e-01
-7.250000000000000000e+00 2.468172400785649501e+01 3.889411652863080104e-01
-6.250000000000000000e+00 2.468172400785649501e+01 3.889471919954751167e-01
-5.750000000000000000e+00 2.554774941164093605e+01 4.032279016626373336e-01
-4.750000000000000000e+00 2.554774941164093605e+01 4.032333454323672184e-01
-4.250000000000000000e+00 -2.554774941164094315e+01 4.032319128669499264e-01
-3.250000000000000000e+00 -2.554774941164094315e+01 4.032250827650647462e-01
-2.750000000000000000e+00 -2.468172400785650566e+01 3.889520686732402255e-01
-1.750000000000000000e+00 -2.468172400785650566e+01 3.889459717502630753e-01
-4.250000000000000000e+00 -2.381569860407206463e+01 2.569546925868099185e-01
-3.250000000000000000e+00 -2.381569860407206463e+01 2.569451318500091674e-01
-2.750000000000000000e+00 -2.294967320028762714e+01 2.737734281889787069e-01
-1.750000000000000000e+00 -2.294967320028762714e+01 2.737992543131237411e-01
-4.250000000000000000e+00 -2.208364779650318965e+01 3.140132651441880918e-01
-3.250000000000000000e+00 -2.208364779650318965e+01 3.140050775343178890e-01
-2.750000000000000000e+00 -2.121762239271875217e+01 6.056598550946410420e-01
-1.750000000000000000e+00 -2.121762239271875217e+01 6.057702552813338803e-01
-4.250000000000000000e+00 -2.035159698893431113e+01 2.596985945918912631e-01
-3.250000000000000000e+00 -2.035159698893431113e+01 2.599831340953289716e-01
-2.750000000000000000e+00 -1.948557158514987364e+01 3.204596893890171438e-01
-1.750000000000000000e+00 -1.948557158514987364e+01 3.206150105372140846e-01
-4.250000000000000000e+00 -1.861954618136543615e+01 5.122826040909439493e-01
-3.250000000000000000e+00 -1.861954618136543615e+01 5.126060323656458362e-01
-2.750000000000000000e+00 -1.775352077758099512e+01 3.894723245295328429e-01
-1.750000000000000000e+00 -1.775352077758099512e+01 3.904560187255319281e-01
-4.250000000000000000e+00 -1.688749537379655763e+01 4.197763652751015373e-01
-3.250000000000000000e+00 -1.688749537379655763e+01 4.194541926821846456e-01
-2.750000000000000000e+00 -1.602146997001212014e+01 2.966273693332303618e-01
-1.750000000000000000e+00 -1.602146997001212014e+01 2.971383345371446660e-01
-4.250000000000000000e+00 -1.515544456622767733e+01 5.196431175581194273e-01
-3.250000000000000000e+00 -1.515544456622767733e+01 5.212840556229056954e-01
-2.750000000000000000e+00 -1.428941916244323806e+01 4.660585279117311353e-01
-1.750000000000000000e+00 -1.428941916244323806e+01 4.629142543979684610e-01
-4.250000000000000000e+00 -1.342339375865880058e+01 2.811120703112052199e-01
-3.250000000000000000e+00 -1.342339375865880058e+01 2.808085807988632276e-01
-2.750000000000000000e+00 -1.255736835487436132e+01 4.843044660588289307e-01
-1.750000000000000000e+00 -1.255736835487436132e+01 4.827262891255894584e-01
-4.250000000000000000e+00 -1.169134295108992383e+01 3.832998120419290333e-01
-3.250000000000000000e+00 -1.169134295108992383e+01 3.724309542954613583e-01
-2.750000000000000000e+00 -1.082531754730548457e+01 3.190225740768278806e-01
-1.750000000000000000e+00 -1.082531754730548457e+01 3.133987936907382532e-01
-4.250000000000000000e+00 -9.959292143521047080e+00 3.836809332421459717e-01
-3.250000000000000000e+00 -9.959292143521047080e+00 3.770600313949745153e-01
-2.750000000000000000e+00 -9.093266739736607818e+00 3.268621736794310451e-01
-1.750000000000000000e+00 -9.093266739736607818e+00 3.141228143498192571e-01
-4.250000000000000000e+00 -8.227241335952170331e+00 3.169495983587460319e-01
-3.250000000000000000e+00 -8.227241335952170331e+00 3.160969200003935775e-01
-2.750000000000000000e+00 -7.361215932167732845e+00 3.265339850998129623e-01
-1.750000000000000000e+00 -7.361215932167732845e+00 3.384580523683636266e-01
-4.250000000000000000e+00 -6.495190528383291806e+00 2.753435456518559254e-01
-3.250000000000000000e+00 -6.495190528383291806e+00 3.027404030550391867e-01
-2.750000000000000000e+00 -5.629165124598854320e+00 2.829117932285498682e-01
-1.750000000000000000e+00 -5.629165124598854320e+00 3.145664713858579153e-01
-4.250000000000000000e+00 -4.763139720814413280e+00 2.792571332853772126e-01
-3.250000000000000000e+00 -4.763139720814413280e+00 3.396882914959964417e-01
-2.750000000000000000e+00 -3.897114317029975794e+00 2.088772804078687928e-01
-1.750000000000000000e+00 -3.897114317029975794e+00 2.982631361012051951e-01
-4.250000000000000000e+00 -3.031088913245538308e+00 3.111347031244319217e-01
-3.250000000000000000e+00 -3.031088913245538308e+00 2.985184624089538552e-01
-2.750000000000000000e+00 -2.165063509461100821e+00 2.778808889839883833e-01
-1.750000000000000000e+00 -2.165063509461100821e+00 2.435487024745508211e-01
-4.250000000000000000e+00 -1.299038105676659782e+00 2.633223780558611171e-01
-3.250000000000000000e+00 -1.299038105676659782e+00 3.187018345291413590e-01
-2.750000000000000000e+00 -4.330127018922222959e-01 3.105889195557560711e-01
-1.750000000000000000e+00 -4.330127018922222959e-01 2.554568966166005373e-01
-4.250000000000000000e+00 4.330127018922151905e-01 2.468791252860321472e-01
-3.250000000000000000e+00 4.330127018922151905e-01 2.437402275634285298e-01
-2.750000000000000000e+00 1.299038105676652677e+00 3.106902876747948405e-01
-1.750000000000000000e+00 1.299038105676652677e+00 2.555269330384882798e-01
-4.250000000000000000e+00 2.165063509461093716e+00 2.630588341221322679e-01
-3.250000000000000000e+00 2.165063509461093716e+00 3.184253662678013796e-01
-2.750000000000000000e+00 3.031088913245531202e+00 2.783389140993073330e-01
-1.750000000000000000e+00 3.031088913245531202e+00 2.440684870133830731e-01
-4.250000000000000000e+00 3.897114317029972241e+00 3.109176952443644115e-01
-3.250000000000000000e+00 3.897114317029972241e+00 2.981739788919366418e-01
-2.750000000000000000e+00 4.763139720814409728e+00 2.090362256088587611e-01
-1.750000000000000000e+00 4.763139720814409728e+00 2.982848912103613914e-01
-4.250000000000000000e+00 5.629165124598847214e+00 2.827578453861621099e-01
-3.250000000000000000e+00 5.629165124598847214e+00 3.435452127656855592e-01
-2.750000000000000000e+00 6.495190528383284700e+00 2.774836938118520613e-01
-1.750000000000000000e+00 6.495190528383284700e+00 3.083885927090795342e-01
-4.250000000000000000e+00 7.361215932167725740e+00 2.886578940777325686e-01
-3.250000000000000000e+00 7.361215932167725740e+00 3.172923297836505174e-01
-2.750000000000000000e+00 8.227241335952166779e+00 3.240716810799881831e-01
-1.750000000000000000e+00 8.227241335952166779e+00 3.364210877019736534e-01
-4.250000000000000000e+00 9.093266739736600712e+00 3.081229812000723656e-01
-3.250000000000000000e+00 9.093266739736600712e+00 3.072552554459112573e-01
-2.750000000000000000e+00 9.959292143521041751e+00 3.941051195973391819e-01
-1.750000000000000000e+00 9.959292143521041751e+00 3.819695547424956650e-01
-4.250000000000000000e+00 1.082531754730548279e+01 3.150487571393809638e-01
-3.250000000000000000e+00 1.082531754730548279e+01 3.088181857237366490e-01
-2.750000000000000000e+00 1.169134295108992383e+01 3.758024730721630791e-01
-1.750000000000000000e+00 1.169134295108992383e+01 3.683162123980908143e-01
-4.250000000000000000e+00 1.255736835487435776e+01 4.987021064323444164e-01
-3.250000000000000000e+00 1.255736835487435776e+01 4.903589053489567640e-01
-2.750000000000000000e+00 1.342339375865879880e+01 2.745550360823329483e-01
-1.750000000000000000e+00 1.342339375865879880e+01 2.731983045286499046e-01
-4.250000000000000000e+00 1.428941916244323274e+01 4.662182054385630159e-01
-3.250000000000000000e+00 1.428941916244323274e+01 4.654282149629098697e-01
-2.750000000000000000e+00 1.515544456622767377e+01 5.252651827570564702e-01
-1.750000000000000000e+00 1.515544456622767377e+01 5.227386175763006904e-01
-4.250000000000000000e+00 1.602146997001211304e+01 2.930619087872510797e-01
-3.250000000000000000e+00 1.602146997001211304e+01 2.941494593947995839e-01
-2.750000000000000000e+00 1.688749537379655408e+01 4.226763316819274197e-01
-1.750000000000000000e+00 1.688749537379655408e+01 4.217989987889682046e-01
-4.250000000000000000e+00 1.775352077758098801e+01 3.899553683253442760e-01
-3.250000000000000000e+00 1.775352077758098801e+01 3.902936255542654442e-01
-2.750000000000000000e+00 1.861954618136542905e+01 5.120181234747818166e-01
-1.750000000000000000e+00 1.861954618136542905e+01 5.130204691877097156e-01
-4.250000000000000000e+00 1.948557158514986298e+01 3.210845696045711017e-01
-3.250000000000000000e+00 1.948557158514986298e+01 3.210917955763600840e-01
-2.750000000000000000e+00 2.035159698893430402e+01 2.595219590848878988e-01
-1.750000000000000000e+00 2.035159698893430402e+01 2.599456120526947855e-01
-4.250000000000000000e+00 2.121762239271873796e+01 6.056228940822284690e-01
-3.250000000000000000e+00 2.121762239271873796e+01 6.058426204462357134e-01
-2.750000000000000000e+00 2.208364779650317899e+01 3.140151722848119609e-01
-1.750000000000000000e+00 2.208364779650317899e+01 3.140706985106086480e-01
-4.250000000000000000e+00 2.294967320028762003e+01 2.737203117013233267e-01
-3.250000000000000000e+00 2.294967320028762003e+01 2.738108986351704410e-01
-2.750000000000000000e+00 2.381569860407206107e+01 2.569803481988662819e-01
-1.750000000000000000e+00 2.381569860407206107e+01 2.570117657206064665e-01
-4.250000000000000000e+00 2.468172400785649501e+01 3.889439306273516639e-01
-3.250000000000000000e+00 2.468172400785649501e+01 3.889498105131812267e-01
-2.750000000000000000e+00 2.554774941164093605e+01 4.032542066901531053e-01
-1.750000000000000000e+00 2.554774941164093605e+01 4.032559303262833739e-01
-1.250000000000000000e+00 -2.554774941164094315e+01 4.032239049026551947e-01
-2.500000000000000000e-01 -2.554774941164094315e+01 4.032319747946896404e-01
2.500000000000000000e-01 -2.468172400785650566e+01 3.889407104465390508e-01
1.250000000000000000e+00 -2.468172400785650566e+01 3.889566688470800226e-01
-1.250000000000000000e+00 -2.381569860407206463e+01 2.569475083122625403e-01
-2.500000000000000000e-01 -2.381569860407206463e+01 2.569773148618519909e-01
2.500000000000000000e-01 -2.294967320028762714e+01 2.737525261534030641e-01
1.250000000000000000e+00 -2.294967320028762714e+01 2.738196102707122770e-01
-1.250000000000000000e+00 -2.208364779650318965e+01 3.139951843008613186e-01
-2.500000000000000000e-01 -2.208364779650318965e+01 3.140551711214023545e-01
2.500000000000000000e-01 -2.121762239271875217e+01 6.056459590183063124e-01
1.250000000000000000e+00 -2.121762239271875217e+01 6.058840006409129675e-01
-1.250000000000000000e+00 -2.035159698893431113e+01 2.598352702778435885e-01
-2.500000000000000000e-01 -2.035159698893431113e+01 2.600404736425034891e-01
2.500000000000000000e-01 -1.948557158514987364e+01 3.204432002341371932e-01
1.250000000000000000e+00 -1.948557158514987364e+01 3.207989932947374334e-01
-1.250000000000000000e+00 -1.861954618136543615e+01 5.124901622309301352e-01
-2.500000000000000000e-01 -1.861954618136543615e+01 5.130398654552970061e-01
2.500000000000000000e-01 -1.775352077758099512e+01 3.899910583732453806e-01
1.250000000000000000e+00 -1.775352077758099512e+01 3.899938167010685852e-01
-1.250000000000000000e+00 -1.688749537379655763e+01 4.192669637661470272e-01
-2.500000000000000000e-01 -1.688749537379655763e+01 4.196329260137093842e-01
2.500000000000000000e-01 -1.602146997001212014e+01 2.966591736443581762e-01
1.250000000000000000e+00 -1.602146997001212014e+01 2.969908773256275669e-01
-1.250000000000000000e+00 -1.515544456622767733e+01 5.201266004352206318e-01
-2.500000000000000000e-01 -1.515544456622767733e+01 5.205504857608488356e-01
2.500000000000000000e-01 -1.428941916244323806e+01 4.632831094724214616e-01
1.250000000000000000e+00 -1.428941916244323806e+01 4.639130048493169123e-01
-1.250000000000000000e+00 -1.342339375865880058e+01 2.839012246202078926e-01
-2.500000000000000000e-01 -1.342339375865880058e+01 2.814411529093652220e-01
2.500000000000000000e-01 -1.255736835487436132e+01 4.844878517907783011e-01
1.250000000000000000e+00 -1.255736835487436132e+01 4.824185291431427602e-01
-1.250000000000000000e+00 -1.169134295108992383e+01 3.823096226253787644e-01
-2.500000000000000000e-01 -1.169134295108992383e+01 3.736954200401029214e-01
2.500000000000000000e-01 -1.082531754730548457e+01 3.231832739099442797e-01
1.250000000000000000e+00 -1.082531754730548457e+01 3.129523674871503292e-01
-1.250000000000000000e+00 -9.959292143521047080e+00 3.800821581162879825e-01
-2.500000000000000000e-01 -9.959292143521047080e+00 3.768640427201557230e-01
2.500000000000000000e-01 -9.093266739736607818e+00 3.248498072054050723e-01
1.250000000000000000e+00 -9.093266739736607818e+00 3.148380548599878370e-01
-1.250000000000000000e+00 -8.227241335952170331e+00 3.109551087778493761e-01
-2.500000000000000000e-01 -8.227241335952170331e+00 3.118171005817664265e-01
2.500000000000000000e-01 -7.361215932167732845e+00 3.218459375072798001e-01
1.250000000000000000e+00 -7.361215932167732845e+00 3.385925441308392236e-01
-1.250000000000000000e+00 -6.495190528383291806e+00 2.808293619106269623e-01
-2.500000000000000000e-01 -6.495190528383291806e+00 3.015892977731712832e-01
2.500000000000000000e-01 -5.629165124598854320e+00 2.694083218248340406e-01
1.250000000000000000e+00 -5.629165124598854320e+00 3.142624833357359204e-01
-1.250000000000000000e+00 -4.763139720814413280e+00 3.109785466498089512e-01
-2.500000000000000000e-01 -4.763139720814413280e+00 3.488677063596141159e-01
2.500000000000000000e-01 -3.897114317029975794e+00 2.632672104876176977e-01
1.250000000000000000e+00 -3.897114317029975794e+00 2.982635827235243231e-01
-1.250000000000000000e+00 -3.031088913245538308e+00 2.782968713385713944e-01
-2.500000000000000000e-01 -3.031088913245538308e+00 3.191216120754345464e-01
2.500000000000000000e-01 -2.165063509461100821e+00 3.104676449811628047e-01
1.250000000000000000e+00 -2.165063509461100821e+00 2.436296628824203281e-01
-1.250000000000000000e+00 -1.299038105676659782e+00 3.629504136565589456e-01
-2.500000000000000000e-01 -1.299038105676659782e+00 2.555233236293780186e-01
2.500000000000000000e-01 -4.330127018922222959e-01 4.547238397835967616e-01
1.250000000000000000e+00 -4.330127018922222959e-01 2.554568966165992050e-01
-1.250000000000000000e+00 4.330127018922151905e-01 4.547752422152964713e-01
-2.500000000000000000e-01 4.330127018922151905e-01 1.400843834454317742e-06
2.500000000000000000e-01 1.299038105676652677e+00 4.548394334998837607e-01
1.250000000000000000e+00 1.299038105676652677e+00 2.555822675283998535e-01
-1.250000000000000000e+00 2.165063509461093716e+00 3.629036046064673116e-01
-2.500000000000000000e-01 2.165063509461093716e+00 2.553456559636433920e-01
2.500000000000000000e-01 3.031088913245531202e+00 3.110537288216386198e-01
1.250000000000000000e+00 3.031088913245531202e+00 2.443071424645608114e-01
-1.250000000000000000e+00 3.897114317029972241e+00 2.783103611984202863e-01
-2.500000000000000000e-01 3.897114317029972241e+00 3.187970205679107605e-01
2.500000000000000000e-01 4.763139720814409728e+00 2.637101791872965562e-01
1.250000000000000000e+00 4.763139720814409728e+00 2.984242455156134732e-01
-1.250000000000000000e+00 5.629165124598847214e+00 3.149594113805794238e-01
-2.500000000000000000e-01 5.629165124598847214e+00 3.527364264281416251e-01
2.500000000000000000e-01 6.495190528383284700e+00 2.636105181759727523e-01
1.250000000000000000e+00 6.495190528383284700e+00 3.083804615941854732e-01
-1.250000000000000000e+00 7.361215932167725740e+00 2.962422948380536436e-01
-2.500000000000000000e-01 7.361215932167725740e+00 3.159300699588361017e-01
2.500000000000000000e-01 8.227241335952166779e+00 3.198400687364322259e-01
1.250000000000000000e+00 8.227241335952166779e+00 3.366908233922609739e-01
-1.250000000000000000e+00 9.093266739736600712e+00 3.039999495695790976e-01
-2.500000000000000000e-01 9.093266739736600712e+00 3.031413219578557583e-01
2.500000000000000000e-01 9.959292143521041751e+00 3.946189432265002628e-01
1.250000000000000000e+00 9.959292143521041751e+00 3.825175668500062631e-01
-1.250000000000000000e+00 1.082531754730548279e+01 3.119020711875019614e-01
-2.500000000000000000e-01 1.082531754730548279e+01 3.089789731374840143e-01
2.500000000000000000e-01 1.169134295108992383e+01 3.804578633932828025e-01
1.250000000000000000e+00 1.169134295108992383e+01 3.690813145260176675e-01
-1.250000000000000000e+00 1.255736835487435776e+01 5.002655008021389405e-01
-2.500000000000000000e-01 1.255736835487435776e+01 4.902011325639278883e-01
2.500000000000000000e-01 1.342339375865879880e+01 2.744670070134165862e-01
1.250000000000000000e+00 1.342339375865879880e+01 2.731775356927515497e-01
-1.250000000000000000e+00 1.428941916244323274e+01 4.708900143258649695e-01
-2.500000000000000000e-01 1.428941916244323274e+01 4.660971456231099430e-01
2.500000000000000000e-01 1.515544456622767377e+01 5.234272498572742904e-01
1.250000000000000000e+00 1.515544456622767377e+01 5.225293828680203090e-01
-1.250000000000000000e+00 1.602146997001211304e+01 2.936240994713413266e-01
-2.500000000000000000e-01 1.602146997001211304e+01 2.947323365397032102e-01
2.500000000000000000e-01 1.688749537379655408e+01 4.226620804094951001e-01
1.250000000000000000e+00 1.688749537379655408e+01 4.226016412345079409e-01
-1.250000000000000000e+00 1.775352077758098801e+01 3.895901694069278665e-01
-2.500000000000000000e-01 1.775352077758098801e+01 3.899210978300616803e-01
2.500000000000000000e-01 1.861954618136542905e+01 5.124607963537084476e-01
1.250000000000000000e+00 1.861954618136542905e+01 5.132635339536031349e-01
-1.250000000000000000e+00 1.948557158514986298e+01 3.212241213181752930e-01
-2.500000000000000000e-01 1.948557158514986298e+01 3.213952114664855308e-01
2.500000000000000000e-01 2.035159698893430402e+01 2.595496325045183461e-01
1.250000000000000000e+00 2.035159698893430402e+01 2.598309586609900967e-01
-1.250000000000000000e+00 2.121762239271873796e+01 6.058309757096239645e-01
-2.500000000000000000e-01 2.121762239271873796e+01 6.062012991293240782e-01
2.500000000000000000e-01 2.208364779650317899e+01 3.140278227807656308e-01
1.250000000000000000e+00 2.208364779650317899e+01 3.141618057121193242e-01
-1.250000000000000000e+00 2.294967320028762003e+01 2.737764542810253166e-01
-2.500000000000000000e-01 2.294967320028762003e+01 2.738749245563192325e-01
2.500000000000000000e-01 2.381569860407206107e+01 2.570076077063950248e-01
1.250000000000000000e+00 2.381569860407206107e+01 2.570747423513049523e-01
-1.250000000000000000e+00 2.468172400785649501e+01 3.889498772711727503e-01
-2.500000000000000000e-01 2.468172400785649501e+01 3.889555247132371329e-01
2.500000000000000000e-01 2.554774941164093605e+01 4.032569365632758807e-01
1.250000000000000000e+00 2.554774941164093605e+01 4.032744681926542230e-01
1.750000000000000000e+00 -2.554774941164094315e+01 4.032191698299996685e-01
2.750000000000000000e+00 -2.554774941164094315e+01 4.032437494739376516e-01
3.250000000000000000e+00 -2.468172400785650566e+01 3.889388565977984213e-01
4.250000000000000000e+00 -2.468172400785650566e+01 3.889653480452094358e-01
1.750000000000000000e+00 -2.381569860407206463e+01 2.569477605821573474e-01
2.750000000000000000e+00 -2.381569860407206463e+01 2.570049635270044153e-01
3.250000000000000000e+00 -2.294967320028762714e+01 2.737259309342451319e-01
4.250000000000000000e+00 -2.294967320028762714e+01 2.737907650685323935e-01
1.750000000000000000e+00 -2.208364779650318965e+01 3.139873469177234533e-01
2.750000000000000000e+00 -2.208364779650318965e+01 3.141181168495527087e-01
3.250000000000000000e+00 -2.121762239271875217e+01 6.056038885287335916e-01
4.250000000000000000e+00 -2.121762239271875217e+01 6.057559212032558316e-01
1.750000000000000000e+00 -2.035159698893431113e+01 2.597955127438615897e-01
2.750000000000000000e+00 -2.035159698893431113e+01 2.598517935909353538e-01
3.250000000000000000e+00 -1.948557158514987364e+01 3.204754399779241592e-01
4.250000000000000000e+00 -1.948557158514987364e+01 3.208197486218218319e-01
1.750000000000000000e+00 -1.861954618136543615e+01 5.122757376662803175e-01
2.750000000000000000e+00 -1.861954618136543615e+01 5.126570308650395535e-01
3.250000000000000000e+00 -1.775352077758099512e+01 3.898235559435774267e-01
4.250000000000000000e+00 -1.775352077758099512e+01 3.897085817734369795e-01
1.750000000000000000e+00 -1.688749537379655763e+01 4.189166255787447057e-01
2.750000000000000000e+00 -1.688749537379655763e+01 4.200649441505608372e-01
3.250000000000000000e+00 -1.602146997001212014e+01 2.953868209095381614e-01
4.250000000000000000e+00 -1.602146997001212014e+01 2.955787859692262098e-01
1.750000000000000000e+00 -1.515544456622767733e+01 5.211899489544427055e-01
2.750000000000000000e+00 -1.515544456622767733e+01 5.205048881437633890e-01
3.250000000000000000e+00 -1.428941916244323806e+01 4.613646258561875935e-01
4.250000000000000000e+00 -1.428941916244323806e+01 4.636523357631420761e-01
1.750000000000000000e+00 -1.342339375865880058e+01 2.831397603396518803e-01
2.750000000000000000e+00 -1.342339375865880058e+01 2.804918262119473482e-01
3.250000000000000000e+00 -1.255736835487436132e+01 4.860923618561052706e-01
4.250000000000000000e+00 -1.255736835487436132e+01 4.843506076434334617e-01
1.750000000000000000e+00 -1.169134295108992383e+01 3.747719617166743733e-01
2.750000000000000000e+00 -1.169134295108992383e+01 3.737986611582743701e-01
3.250000000000000000e+00 -1.082531754730548457e+01 3.242382739208078402e-01
4.250000000000000000e+00 -1.082531754730548457e+01 3.154576012078375569e-01
1.750000000000000000e+00 -9.959292143521047080e+00 3.792723644530047178e-01
2.750000000000000000e+00 -9.959292143521047080e+00 3.769955966765576871e-01
3.250000000000000000e+00 -9.093266739736607818e+00 3.180883378843045728e-01
4.250000000000000000e+00 -9.093266739736607818e+00 3.141580908991795651e-01
1.750000000000000000e+00 -8.227241335952170331e+00 3.227521965792500280e-01
2.750000000000000000e+00 -8.227241335952170331e+00 3.154476737364432792e-01
3.250000000000000000e+00 -7.361215932167732845e+00 3.218495763263033438e-01
4.250000000000000000e+00 -7.361215932167732845e+00 3.263863268493704117e-01
1.750000000000000000e+00 -6.495190528383291806e+00 3.014430092940421080e-01
2.750000000000000000e+00 -6.495190528383291806e+00 3.028503214295411028e-01
3.250000000000000000e+00 -5.629165124598854320e+00 2.942052562593974185e-01
4.250000000000000000e+00 -5.629165124598854320e+00 3.086757459064663478e-01
1.750000000000000000e+00 -4.763139720814413280e+00 3.031497766853973874e-01
2.750000000000000000e+00 -4.763139720814413280e+00 3.398133781976248047e-01
3.250000000000000000e+00 -3.897114317029975794e+00 3.030094321155442083e-01
4.250000000000000000e+00 -3.897114317029975794e+00 3.103793176882971294e-01
1.750000000000000000e+00 -3.031088913245538308e+00 2.475270781281410371e-01
2.750000000000000000e+00 -3.031088913245538308e+00 2.984814806108013197e-01
3.250000000000000000e+00 -2.165063509461100821e+00 2.630685345137986353e-01
4.250000000000000000e+00 -2.165063509461100821e+00 3.482748226078917209e-01
1.750000000000000000e+00 -1.299038105676659782e+00 3.107151585920524539e-01
2.750000000000000000e+00 -1.299038105676659782e+00 3.186811561510550783e-01
3.250000000000000000e+00 -4.330127018922222959e-01 2.779695814415667487e-01
4.250000000000000000e+00 -4.330127018922222959e-01 2.980185393950020578e-01
1.750000000000000000e+00 4.330127018922151905e-01 3.628694068198943246e-01
2.750000000000000000e+00 4.330127018922151905e-01 2.437402275634262261e-01
3.250000000000000000e+00 1.299038105676652677e+00 2.779904739497137678e-01
4.250000000000000000e+00 1.299038105676652677e+00 2.981828513066843156e-01
1.750000000000000000e+00 2.165063509461093716e+00 3.104409164798235254e-01
2.750000000000000000e+00 2.165063509461093716e+00 3.184329309894970428e-01
3.250000000000000000e+00 3.031088913245531202e+00 2.637051028362873417e-01
4.250000000000000000e+00 3.031088913245531202e+00 3.489002016863984035e-01
1.750000000000000000e+00 3.897114317029972241e+00 2.469036787204552386e-01
2.750000000000000000e+00 3.897114317029972241e+00 2.983214068648500916e-01
3.250000000000000000e+00 4.763139720814409728e+00 3.029651508510112778e-01
4.250000000000000000e+00 4.763139720814409728e+00 3.104931540696529435e-01
1.750000000000000000e+00 5.629165124598847214e+00 3.068816376596310014e-01
2.750000000000000000e+00 5.629165124598847214e+00 3.439087305981305409e-01
3.250000000000000000e+00 6.495190528383284700e+00 2.874075423208072855e-01
4.250000000000000000e+00 6.495190528383284700e+00 3.027976268966180995e-01
1.750000000000000000e+00 7.361215932167725740e+00 3.163246860666289462e-01
2.750000000000000000e+00 7.361215932167725740e+00 3.175022674526473132e-01
3.250000000000000000e+00 8.227241335952166779e+00 3.195564201229717516e-01
4.250000000000000000e+00 8.227241335952166779e+00 3.243495967181453943e-01
1.750000000000000000e+00 9.093266739736600712e+00 3.136524652077075093e-01
2.750000000000000000e+00 9.093266739736600712e+00 3.073455977475335610e-01
3.250000000000000000e+00 9.959292143521041751e+00 3.860774510601177600e-01
4.250000000000000000e+00 9.959292143521041751e+00 3.825749751684590083e-01
1.750000000000000000e+00 1.082531754730548279e+01 3.105538169147088468e-01
2.750000000000000000e+00 1.082531754730548279e+01 3.087367459028008687e-01
3.250000000000000000e+00 1.169134295108992383e+01 3.787824018707710572e-01
4.250000000000000000e+00 1.169134295108992383e+01 3.720131821285391771e-01
1.750000000000000000e+00 1.255736835487435776e+01 4.930359357920131025e-01
2.750000000000000000e+00 1.255736835487435776e+01 4.905464204425497021e-01
3.250000000000000000e+00 1.342339375865879880e+01 2.756091023532326600e-01
4.250000000000000000e+00 1.342339375865879880e+01 2.740591823561557838e-01
1.750000000000000000e+00 1.428941916244323274e+01 4.686685382914347331e-01
2.750000000000000000e+00 1.428941916244323274e+01 4.668210381208519610e-01
3.250000000000000000e+00 1.515544456622767377e+01 5.209932360283534569e-01
4.250000000000000000e+00 1.515544456622767377e+01 5.228904382642276527e-01
1.750000000000000000e+00 1.602146997001211304e+01 2.940991730576138496e-01
2.750000000000000000e+00 1.602146997001211304e+01 2.942801917745137552e-01
3.250000000000000000e+00 1.688749537379655408e+01 4.209021153728189635e-01
4.250000000000000000e+00 1.688749537379655408e+01 4.220633746149635157e-01
1.750000000000000000e+00 1.775352077758098801e+01 3.892268276552109940e-01
2.750000000000000000e+00 1.775352077758098801e+01 3.897492245682180889e-01
3.250000000000000000e+00 1.861954618136542905e+01 5.123567450078405638e-01
4.250000000000000000e+00 1.861954618136542905e+01 5.123909833802202662e-01
1.750000000000000000e+00 1.948557158514986298e+01 3.210525334614202642e-01
2.750000000000000000e+00 1.948557158514986298e+01 3.215987583064201516e-01
3.250000000000000000e+00 2.035159698893430402e+01 2.595563573872698981e-01
4.250000000000000000e+00 2.035159698893430402e+01 2.596581486605976097e-01
1.750000000000000000e+00 2.121762239271873796e+01 6.059098825686751733e-01
2.750000000000000000e+00 2.121762239271873796e+01 6.061568253300075870e-01
3.250000000000000000e+00 2.208364779650317899e+01 3.140363192559663119e-01
4.250000000000000000e+00 2.208364779650317899e+01 3.141846639399659691e-01
1.750000000000000000e+00 2.294967320028762003e+01 2.737744110150360233e-01
2.750000000000000000e+00 2.294967320028762003e+01 2.738447317132783887e-01
3.250000000000000000e+00 2.381569860407206107e+01 2.570026496816256167e-01
4.250000000000000000e+00 2.381569860407206107e+01 2.570597768992338716e-01
1.750000000000000000e+00 2.468172400785649501e+01 3.889439859259892773e-01
2.750000000000000000e+00 2.468172400785649501e+01 3.889643152420534378e-01
3.250000000000000000e+00 2.554774941164093605e+01 4.032369592942596781e-01
4.250000000000000000e+00 2.554774941164093605e+01 4.032718829612881306e-01
4.750000000000000000e+00 -2.554774941164094315e+01 4.032176484181875242e-01
5.750000000000000000e+00 -2.554774941164094315e+01 4.032466651089909870e-01
6.250000000000000000e+00 -2.468172400785650566e+01 3.889438469390585351e-01
7.250000000000000000e+00 -2.468172400785650566e+01 3.889536246890573645e-01
4.750000000000000000e+00 -2.381569860407206463e+01 2.569516524468069552e-01
5.750000000000000000e+00 -2.381569860407206463e+01 2.569852996418012792e-01
6.250000000000000000e+00 -2.294967320028762714e+01 2.737118260544733062e-01
7.250000000000000000e+00 -2.294967320028762714e+01 2.737362614403851535e-01
4.750000000000000000e+00 -2.208364779650318965e+01 3.140066414825972707e-01
5.750000000000000000e+00 -2.208364779650318965e+01 3.140751610170539054e-01
6.250000000000000000e+00 -2.121762239271875217e+01 6.055602978406267045e-01
7.250000000000000000e+00 -2.121762239271875217e+01 6.055971630931128447e-01
4.750000000000000000e+00 -2.035159698893431113e+01 2.596374249292296432e-01
5.750000000000000000e+00 -2.035159698893431113e+01 2.596839582841330429e-01
6.250000000000000000e+00 -1.948557158514987364e+01 3.204780590105190119e-01
7.250000000000000000e+00 -1.948557158514987364e+01 3.206056435978298369e-01
4.750000000000000000e+00 -1.861954618136543615e+01 5.118840297795428373e-01
5.750000000000000000e+00 -1.861954618136543615e+01 5.120631594963463984e-01
6.250000000000000000e+00 -1.775352077758099512e+01 3.892880885603092755e-01
7.250000000000000000e+00 -1.775352077758099512e+01 3.895430645002199155e-01
4.750000000000000000e+00 -1.688749537379655763e+01 4.188670449752138203e-01
5.750000000000000000e+00 -1.688749537379655763e+01 4.197398156214878773e-01
6.250000000000000000e+00 -1.602146997001212014e+01 2.941144845996623847e-01
7.250000000000000000e+00 -1.602146997001212014e+01 2.943815146919184778e-01
4.750000000000000000e+00 -1.515544456622767733e+01 5.207205443544202783e-01
5.750000000000000000e+00 -1.515544456622767733e+01 5.208039494085138221e-01
6.250000000000000000e+00 -1.428941916244323806e+01 4.609140909557555288e-01
7.250000000000000000e+00 -1.428941916244323806e+01 4.620899577798717184e-01
4.750000000000000000e+00 -1.342339375865880058e+01 2.800839837055283388e-01
5.750000000000000000e+00 -1.342339375865880058e+01 2.787277322549369662e-01
6.250000000000000000e+00 -1.255736835487436132e+01 4.857334481966988360e-01
7.250000000000000000e+00 -1.255736835487436132e+01 4.850162415175610642e-01
4.750000000000000000e+00 -1.169134295108992383e+01 3.703978041231921758e-01
5.750000000000000000e+00 -1.169134295108992383e+01 3.719091481229080953e-01
6.250000000000000000e+00 -1.082531754730548457e+01 3.205025185566265367e-01
7.250000000000000000e+00 -1.082531754730548457e+01 3.161211249902313725e-01
4.750000000000000000e+00 -9.959292143521047080e+00 3.820628942674428874e-01
5.750000000000000000e+00 -9.959292143521047080e+00 3.778531353947094940e-01
6.250000000000000000e+00 -9.093266739736607818e+00 3.140084352467531481e-01
7.250000000000000000e+00 -9.093266739736607818e+00 3.151181232966793200e-01
4.750000000000000000e+00 -8.227241335952170331e+00 3.325857318415675334e-01
5.750000000000000000e+00 -8.227241335952170331e+00 3.226444673679593755e-01
6.250000000000000000e+00 -7.361215932167732845e+00 3.285518921393678626e-01
7.250000000000000000e+00 -7.361215932167732845e+00 3.193689560107731973e-01
4.750000000000000000e+00 -6.495190528383291806e+00 3.071742252801753503e-01
5.750000000000000000e+00 -6.495190528383291806e+00 3.031504326237887126e-01
6.250000000000000000e+00 -5.629165124598854320e+00 3.158234430561807082e-01
7.250000000000000000e+00 -5.629165124598854320e+00 3.166795255117475505e-01
4.750000000000000000e+00 -4.763139720814413280e+00 3.036147587415307658e-01
5.750000000000000000e+00 -4.763139720814413280e+00 3.259618144797807315e-01
6.250000000000000000e+00 -3.897114317029975794e+00 3.092947784778950493e-01
7.250000000000000000e+00 -3.897114317029975794e+00 3.013499196107433664e-01
4.750000000000000000e+00 -3.031088913245538308e+00 2.658095165810939187e-01
5.750000000000000000e+00 -3.031088913245538308e+00 3.039667954275648842e-01
6.250000000000000000e+00 -2.165063509461100821e+00 2.825450403615287764e-01
7.250000000000000000e+00 -2.165063509461100821e+00 3.255278212139190441e-01
4.750000000000000000e+00 -1.299038105676659782e+00 3.107656337583074579e-01
5.750000000000000000e+00 -1.299038105676659782e+00 3.102237253692071706e-01
6.250000000000000000e+00 -4.330127018922222959e-01 2.787832469041221506e-01
7.250000000000000000e+00 -4.330127018922222959e-01 3.044487772729906339e-01
4.750000000000000000e+00 4.330127018922151905e-01 2.086315736543268295e-01
5.750000000000000000e+00 4.330127018922151905e-01 3.394649016907350658e-01
6.250000000000000000e+00 1.299038105676652677e+00 2.790224907725883385e-01
7.250000000000000000e+00 1.299038105676652677e+00 3.045860585675945753e-01
4.750000000000000000e+00 2.165063509461093716e+00 3.105150725800406297e-01
5.750000000000000000e+00 2.165063509461093716e+00 3.099674978203592612e-01
6.250000000000000000e+00 3.031088913245531202e+00 2.833198696982976994e-01
7.250000000000000000e+00 3.031088913245531202e+00 3.261523652755488056e-01
4.750000000000000000e+00 3.897114317029972241e+00 2.655260784799670093e-01
5.750000000000000000e+00 3.897114317029972241e+00 3.036775858788554605e-01
6.250000000000000000e+00 4.763139720814409728e+00 3.093417146376098437e-01
7.250000000000000000e+00 4.763139720814409728e+00 3.014347147552339790e-01
4.750000000000000000e+00 5.629165124598847214e+00 3.078079868714297951e-01
5.750000000000000000e+00 5.629165124598847214e+00 3.298534987313448408e-01
6.250000000000000000e+00 6.495190528383284700e+00 3.099974044157438602e-01
7.250000000000000000e+00 6.495190528383284700e+00 3.105799757119984683e-01
4.750000000000000000e+00 7.361215932167725740e+00 3.213891640893381529e-01
5.750000000000000000e+00 7.361215932167725740e+00 3.178363048085941500e-01
6.250000000000000000e+00 8.227241335952166779e+00 3.269815228699431975e-01
7.250000000000000000e+00 8.227241335952166779e+00 3.173515772955842751e-01
4.750000000000000000e+00 9.093266739736600712e+00 3.231919571389566537e-01
5.750000000000000000e+00 9.093266739736600712e+00 3.141785081175322847e-01
6.250000000000000000e+00 9.959292143521041751e+00 3.817560786946460061e-01
7.250000000000000000e+00 9.959292143521041751e+00 3.835646293088313397e-01
4.750000000000000000e+00 1.082531754730548279e+01 3.137862488234918201e-01
5.750000000000000000e+00 1.082531754730548279e+01 3.093521261164393632e-01
6.250000000000000000e+00 1.169134295108992383e+01 3.760364051124293061e-01
7.250000000000000000e+00 1.169134295108992383e+01 3.718668003420898538e-01
4.750000000000000000e+00 1.255736835487435776e+01 4.872230233037554425e-01
5.750000000000000000e+00 1.255736835487435776e+01 4.897693113102619122e-01
6.250000000000000000e+00 1.342339375865879880e+01 2.760497289751824290e-01
7.250000000000000000e+00 1.342339375865879880e+01 2.748707810650747874e-01
4.750000000000000000e+00 1.428941916244323274e+01 4.647507155849829874e-01
5.750000000000000000e+00 1.428941916244323274e+01 4.647687220749960879e-01
6.250000000000000000e+00 1.515544456622767377e+01 5.202150722833975838e-01
7.250000000000000000e+00 1.515544456622767377e+01 5.222164707172857190e-01
4.750000000000000000e+00 1.602146997001211304e+01 2.939258785284824538e-01
5.750000000000000000e+00 1.602146997001211304e+01 2.935891835864048449e-01
6.250000000000000000e+00 1.688749537379655408e+01 4.197889771141299908e-01
7.250000000000000000e+00 1.688749537379655408e+01 4.202900824523088108e-01
4.750000000000000000e+00 1.775352077758098801e+01 3.891203362469977112e-01
5.750000000000000000e+00 1.775352077758098801e+01 3.899399017215643415e-01
6.250000000000000000e+00 1.861954618136542905e+01 5.119077122083557363e-01
7.250000000000000000e+00 1.861954618136542905e+01 5.118009760043580325e-01
4.750000000000000000e+00 1.948557158514986298e+01 3.207916253773226423e-01
5.750000000000000000e+00 1.948557158514986298e+01 3.212206860424469679e-01
6.250000000000000000e+00 2.035159698893430402e+01 2.595268897587272861e-01
7.250000000000000000e+00 2.035159698893430402e+01 2.596499423756114533e-01
4.750000000000000000e+00 2.121762239271873796e+01 6.057696627767680253e-01
5.750000000000000000e+00 2.121762239271873796e+01 6.057678946468116887e-01
6.250000000000000000e+00 2.208364779650317899e+01 3.140297085133759714e-01
7.250000000000000000e+00 2.208364779650317899e+01 3.140846628690179276e-01
4.750000000000000000e+00 2.294967320028762003e+01 2.737295329812037825e-01
5.750000000000000000e+00 2.294967320028762003e+01 2.737587964411587471e-01
6.250000000000000000e+00 2.381569860407206107e+01 2.569747366586900839e-01
7.250000000000000000e+00 2.381569860407206107e+01 2.569859197688709740e-01
4.750000000000000000e+00 2.468172400785649501e+01 3.889393100115388635e-01
5.750000000000000000e+00 2.468172400785649501e+01 3.889606073094506455e-01
6.250000000000000000e+00 2.554774941164093605e+01 4.032208506766000178e-01
7.250000000000000000e+00 2.554774941164093605e+01 4.032465384051028834e-01
