-7.250000000000000000e+00 -2.554774941164094315e+01 4.473201815798897862e-01
-6.250000000000000000e+00 -2.554774941164094315e+01 4.473262833250719606e-01
-5.750000000000000000e+00 -2.468172400785650566e+01 4.235027792525697388e-01
-4.750000000000000000e+00 -2.468172400785650566e+01 4.235252134244325006e-01
-7.250000000000000000e+00 -2.381569860407206463e+01 2.609062680761694564e-01
-6.250000000000000000e+00 -2.381569860407206463e+01 2.609147766423338677e-01
-5.750000000000000000e+00 -2.294967320028762714e+01 2.846222584783578702e-01
-4.750000000000000000e+00 -2.294967320028762714e+01 2.847385565139244901e-01
-7.250000000000000000e+00 -2.208364779650318965e+01 2.697858187161227272e-01
-6.250000000000000000e+00 -2.208364779650318965e+01 2.699358529893041703e-01
-5.750000000000000000e+00 -2.121762239271875217e+01 5.478292395508879142e-01
-4.750000000000000000e+00 -2.121762239271875217e+01 5.480179648641764212e-01
-7.250000000000000000e+00 -2.035159698893431113e+01 2.496047538759766093e-01
-6.250000000000000000e+00 -2.035159698893431113e+01 2.502349209349252201e-01
-5.750000000000000000e+00 -1.948557158514987364e+01 2.410890849192413032e-01
-4.750000000000000000e+00 -1.948557158514987364e+01 2.418203395437872882e-01
-7.250000000000000000e+00 -1.861954618136543615e+01 3.842981551010992702e-01
-6.250000000000000000e+00 -1.861954618136543615e+01 3.850193564263589829e-01
-5.750000000000000000e+00 -1.775352077758099512e+01 3.372017941883183045e-01
-4.750000000000000000e+00 -1.775352077758099512e+01 3.403458898960602941e-01
-7.250000000000000000e+00 -1.688749537379655763e+01 3.640524611116678910e-01
-6.250000000000000000e+00 -1.688749537379655763e+01 3.642204367563802725e-01
-5.750000000000000000e+00 -1.602146997001212014e+01 1.974638863924740029e-01
-4.750000000000000000e+00 -1.602146997001212014e+01 2.006559259982000631e-01
-7.250000000000000000e+00 -1.515544456622767733e+01 3.829073410568014091e-01
-6.250000000000000000e+00 -1.515544456622767733e+01 3.872209967447119983e-01
-5.750000000000000000e+00 -1.428941916244323806e+01 3.721471160342400553e-01
-4.750000000000000000e+00 -1.428941916244323806e+01 3.664188945327673252e-01
-7.250000000000000000e+00 -1.342339375865880058e+01 1.804971299871964696e-01
-6.250000000000000000e+00 -1.342339375865880058e+01 1.925392572296870386e-01
-5.750000000000000000e+00 -1.255736835487436132e+01 3.172904852829136479e-01
-4.750000000000000000e+00 -1.255736835487436132e+01 3.191457480923806656e-01
-7.250000000000000000e+00 -1.169134295108992383e+01 2.847673283619596707e-01
-6.250000000000000000e+00 -1.169134295108992383e+01 2.645619144239254594e-01
-5.750000000000000000e+00 -1.082531754730548457e+01 2.138377969354123831e-01
-4.750000000000000000e+00 -1.082531754730548457e+01 2.279790517736810518e-01
-7.250000000000000000e+00 -9.959292143521047080e+00 2.533861547301191064e-01
-6.250000000000000000e+00 -9.959292143521047080e+00 2.266900079620523256e-01
-5.750000000000000000e+00 -9.093266739736607818e+00 3.036077806057373984e-01
-4.750000000000000000e+00 -9.093266739736607818e+00 2.296842808520361823e-01
-7.250000000000000000e+00 -8.227241335952170331e+00 2.020560704822462195e-01
-6.250000000000000000e+00 -8.227241335952170331e+00 2.327137823987213694e-01
-5.750000000000000000e+00 -7.361215932167732845e+00 2.274917422190304572e-01
-4.750000000000000000e+00 -7.361215932167732845e+00 1.963157670228859730e-01
-7.250000000000000000e+00 -6.495190528383291806e+00 3.196779675493200967e-01
-6.250000000000000000e+00 -6.495190528383291806e+00 2.147477644335190616e-01
-5.750000000000000000e+00 -5.629165124598854320e+00 2.054978319270622245e-01
-4.750000000000000000e+00 -5.629165124598854320e+00 2.198815406436253339e-01
-7.250000000000000000e+00 -4.763139720814413280e+00 2.584865369907695110e-01
-6.250000000000000000e+00 -4.763139720814413280e+00 2.214077867176551251e-01
-5.750000000000000000e+00 -3.897114317029975794e+00 2.803733736344844463e-01
-4.750000000000000000e+00 -3.897114317029975794e+00 2.169698585682475478e-01
-7.250000000000000000e+00 -3.031088913245538308e+00 1.790015926205681951e-01
-6.250000000000000000e+00 -3.031088913245538308e+00 2.255146665326805966e-01
-5.750000000000000000e+00 -2.165063509461100821e+00 2.128832268913439241e-01
-4.750000000000000000e+00 -2.165063509461100821e+00 3.714647114431410269e-01
-7.250000000000000000e+00 -1.299038105676659782e+00 2.362753325852771646e-01
-6.250000000000000000e+00 -1.299038105676659782e+00 2.167434999509745552e-01
-5.750000000000000000e+00 -4.330127018922222959e-01 1.809865072468235525e-01
-4.750000000000000000e+00 -4.330127018922222959e-01 2.130254869761328829e-01
-7.250000000000000000e+00 4.330127018922151905e-01 2.714394839025387474e-01
-6.250000000000000000e+00 4.330127018922151905e-01 3.048764598736475873e-01
-5.750000000000000000e+00 1.299038105676652677e+00 1.810212622944478988e-01
-4.750000000000000000e+00 1.299038105676652677e+00 2.130114913627761675e-01
-7.250000000000000000e+00 2.165063509461093716e+00 2.362279422772443349e-01
-6.250000000000000000e+00 2.165063509461093716e+00 2.166756274750894495e-01
-5.750000000000000000e+00 3.031088913245531202e+00 2.130820389328438869e-01
-4.750000000000000000e+00 3.031088913245531202e+00 3.715786591371454950e-01
-7.250000000000000000e+00 3.897114317029972241e+00 1.790148738341842405e-01
-6.250000000000000000e+00 3.897114317029972241e+00 2.253717153498873138e-01
-5.750000000000000000e+00 4.763139720814409728e+00 2.804184355422351116e-01
-4.750000000000000000e+00 4.763139720814409728e+00 2.169856475013101638e-01
-7.250000000000000000e+00 5.629165124598847214e+00 2.604268428919644940e-01
-6.250000000000000000e+00 5.629165124598847214e+00 2.234005828920668235e-01
-5.750000000000000000e+00 6.495190528383284700e+00 2.028738971804027735e-01
-4.750000000000000000e+00 6.495190528383284700e+00 2.170585183187295486e-01
-7.250000000000000000e+00 7.361215932167725740e+00 3.272689569675695243e-01
-6.250000000000000000e+00 7.361215932167725740e+00 2.226087468907557709e-01
-5.750000000000000000e+00 8.227241335952166779e+00 2.275195698936279820e-01
-4.750000000000000000e+00 8.227241335952166779e+00 1.962738354616785919e-01
-7.250000000000000000e+00 9.093266739736600712e+00 1.986448393219743813e-01
-6.250000000000000000e+00 9.093266739736600712e+00 2.292278761880293114e-01
-5.750000000000000000e+00 9.959292143521041751e+00 3.456085998076654509e-01
-4.750000000000000000e+00 9.959292143521041751e+00 2.720809700552264676e-01
-7.250000000000000000e+00 1.082531754730548279e+01 2.136099515387817616e-01
-6.250000000000000000e+00 1.082531754730548279e+01 1.870707299308945748e-01
-5.750000000000000000e+00 1.169134295108992383e+01 2.621338349344193852e-01
-4.750000000000000000e+00 1.169134295108992383e+01 2.769882178278194051e-01
-7.250000000000000000e+00 1.255736835487435776e+01 3.632092454453500485e-01
-6.250000000000000000e+00 1.255736835487435776e+01 3.436326615359492909e-01
-5.750000000000000000e+00 1.342339375865879880e+01 1.748412906211335716e-01
-4.750000000000000000e+00 1.342339375865879880e+01 1.767245979764709152e-01
-7.250000000000000000e+00 1.428941916244323274e+01 3.610708269937104586e-01
-6.250000000000000000e+00 1.428941916244323274e+01 3.740352960084253331e-01
-5.750000000000000000e+00 1.515544456622767377e+01 4.020407743148907143e-01
-4.750000000000000000e+00 1.515544456622767377e+01 3.971722277543448532e-01
-7.250000000000000000e+00 1.602146997001211304e+01 1.893677591709863883e-01
-6.250000000000000000e+00 1.602146997001211304e+01 1.935588933560442593e-01
-5.750000000000000000e+00 1.688749537379655408e+01 3.687897772023697729e-01
-4.750000000000000000e+00 1.688749537379655408e+01 3.723885440167489236e-01
-7.250000000000000000e+00 1.775352077758098801e+01 3.397885338616992712e-01
-6.250000000000000000e+00 1.775352077758098801e+01 3.403701095703914881e-01
-5.750000000000000000e+00 1.861954618136542905e+01 3.832224795206217727e-01
-4.750000000000000000e+00 1.861954618136542905e+01 3.860502460443643313e-01
-7.250000000000000000e+00 1.948557158514986298e+01 2.423296124424654252e-01
-6.250000000000000000e+00 1.948557158514986298e+01 2.432396874597647640e-01
-5.750000000000000000e+00 2.035159698893430402e+01 2.495910984073297645e-01
-4.750000000000000000e+00 2.035159698893430402e+01 2.504873323094447546e-01
-7.250000000000000000e+00 2.121762239271873796e+01 5.477310046655052833e-01
-6.250000000000000000e+00 2.121762239271873796e+01 5.481618434552906205e-01
-5.750000000000000000e+00 2.208364779650317899e+01 2.700040510414511985e-01
-4.750000000000000000e+00 2.208364779650317899e+01 2.701644029494921773e-01
-7.250000000000000000e+00 2.294967320028762003e+01 2.845087627966085830e-01
-6.250000000000000000e+00 2.294967320028762003e+01 2.846857387433412434e-01
-5.750000000000000000e+00 2.381569860407206107e+01 2.609577776903240776e-01
-4.750000000000000000e+00 2.381569860407206107e+01 2.610225572314458509e-01
-7.250000000000000000e+00 2.468172400785649501e+01 4.234807782885814942e-01
-6.250000000000000000e+00 2.468172400785649501e+01 4.235155506834401562e-01
-5.750000000000000000e+00 2.554774941164093605e+01 4.473264894060463570e-01
-4.750000000000000000e+00 2.554774941164093605e+01 4.473737253347919163e-01
-4.250000000000000000e+00 -2.554774941164094315e+01 4.473177105770352324e-01
-3.250000000000000000e+00 -2.554774941164094315e+01 4.473434604828768202e-01
-2.750000000000000000e+00 -2.468172400785650566e+01 4.235067856839137557e-01
-1.750000000000000000e+00 -2.468172400785650566e+01 4.235388665336518033e-01
-4.250000000000000000e+00 -2.381569860407206463e+01 2.608995047062299677e-01
-3.250000000000000000e+00 -2.381569860407206463e+01 2.609471800097665772e-01
-2.750000000000000000e+00 -2.294967320028762714e+01 2.846556464685746635e-01
-1.750000000000000000e+00 -2.294967320028762714e+01 2.848354876035897876e-01
-4.250000000000000000e+00 -2.208364779650318965e+01 2.698245478393054286e-01
-3.250000000000000000e+00 -2.208364779650318965e+01 2.700568779057095359e-01
-2.750000000000000000e+00 -2.121762239271875217e+01 5.477871544175324514e-01
-1.750000000000000000e+00 -2.121762239271875217e+01 5.482778249236667234e-01
-4.250000000000000000e+00 -2.035159698893431113e+01 2.500371454291825946e-01
-3.250000000000000000e+00 -2.035159698893431113e+01 2.509503238223445010e-01
-2.750000000000000000e+00 -1.948557158514987364e+01 2.409150174635711905e-01
-1.750000000000000000e+00 -1.948557158514987364e+01 2.422056861030619512e-01
-4.250000000000000000e+00 -1.861954618136543615e+01 3.852830610315405302e-01
-3.250000000000000000e+00 -1.861954618136543615e+01 3.864159247725401647e-01
-2.750000000000000000e+00 -1.775352077758099512e+01 3.387933157059320743e-01
-1.750000000000000000e+00 -1.775352077758099512e+01 3.421948488274079159e-01
-4.250000000000000000e+00 -1.688749537379655763e+01 3.635054927896052557e-01
-3.250000000000000000e+00 -1.688749537379655763e+01 3.650827154321664159e-01
-2.750000000000000000e+00 -1.602146997001212014e+01 2.026109052849423831e-01
-1.750000000000000000e+00 -1.602146997001212014e+01 2.053320527237744997e-01
-4.250000000000000000e+00 -1.515544456622767733e+01 3.828542249840817258e-01
-3.250000000000000000e+00 -1.515544456622767733e+01 3.908209134704838106e-01
-2.750000000000000000e+00 -1.428941916244323806e+01 3.707394727710124904e-01
-1.750000000000000000e+00 -1.428941916244323806e+01 3.693395793569659857e-01
-4.250000000000000000e+00 -1.342339375865880058e+01 2.010935152980819762e-01
-3.250000000000000000e+00 -1.342339375865880058e+01 2.049973444226231567e-01
-2.750000000000000000e+00 -1.255736835487436132e+01 3.129600571203787207e-01
-1.750000000000000000e+00 -1.255736835487436132e+01 3.194180682680516359e-01
-4.250000000000000000e+00 -1.169134295108992383e+01 3.079483754345173629e-01
-3.250000000000000000e+00 -1.169134295108992383e+01 2.731632840340827428e-01
-2.750000000000000000e+00 -1.082531754730548457e+01 2.516889826239825378e-01
-1.750000000000000000e+00 -1.082531754730548457e+01 2.340983957266472293e-01
-4.250000000000000000e+00 -9.959292143521047080e+00 2.409879221251317039e-01
-3.250000000000000000e+00 -9.959292143521047080e+00 2.240271493920721890e-01
-2.750000000000000000e+00 -9.093266739736607818e+00 3.237026816788091121e-01
-1.750000000000000000e+00 -9.093266739736607818e+00 2.401098208647404753e-01
-4.250000000000000000e+00 -8.227241335952170331e+00 2.276436701973229837e-01
-3.250000000000000000e+00 -8.227241335952170331e+00 2.229749672343948885e-01
-2.750000000000000000e+00 -7.361215932167732845e+00 2.104511194910640981e-01
-1.750000000000000000e+00 -7.361215932167732845e+00 2.283937221946128471e-01
-4.250000000000000000e+00 -6.495190528383291806e+00 2.914455128998101330e-01
-3.250000000000000000e+00 -6.495190528383291806e+00 2.172967059698861225e-01
-2.750000000000000000e+00 -5.629165124598854320e+00 1.876353177024807084e-01
-1.750000000000000000e+00 -5.629165124598854320e+00 2.191292131753506400e-01
-4.250000000000000000e+00 -4.763139720814413280e+00 1.855321235132622038e-01
-3.250000000000000000e+00 -4.763139720814413280e+00 3.050422330637615476e-01
-2.750000000000000000e+00 -3.897114317029975794e+00 1.402993762015238288e-01
-1.750000000000000000e+00 -3.897114317029975794e+00 2.131624415013539942e-01
-4.250000000000000000e+00 -3.031088913245538308e+00 1.906023081163462918e-01
-3.250000000000000000e+00 -3.031088913245538308e+00 2.132026005016312564e-01
-2.750000000000000000e+00 -2.165063509461100821e+00 1.663278378412383351e-01
-1.750000000000000000e+00 -2.165063509461100821e+00 3.345587955058417773e-01
-4.250000000000000000e+00 -1.299038105676659782e+00 1.703816157473290738e-01
-3.250000000000000000e+00 -1.299038105676659782e+00 2.627430776473628216e-01
-2.750000000000000000e+00 -4.330127018922222959e-01 1.831804064267405496e-01
-1.750000000000000000e+00 -4.330127018922222959e-01 1.665476513078435750e-01
-4.250000000000000000e+00 4.330127018922151905e-01 1.553787420705197708e-01
-3.250000000000000000e+00 4.330127018922151905e-01 3.347286567202387153e-01
-2.750000000000000000e+00 1.299038105676652677e+00 1.831744976086436272e-01
-1.750000000000000000e+00 1.299038105676652677e+00 1.666062866659379360e-01
-4.250000000000000000e+00 2.165063509461093716e+00 1.703140263614514316e-01
-3.250000000000000000e+00 2.165063509461093716e+00 2.626817041822296916e-01
-2.750000000000000000e+00 3.031088913245531202e+00 1.664624737403588572e-01
-1.750000000000000000e+00 3.031088913245531202e+00 3.348736088010896284e-01
-4.250000000000000000e+00 3.897114317029972241e+00 1.905953411754700011e-01
-3.250000000000000000e+00 3.897114317029972241e+00 2.131180884372693707e-01
-2.750000000000000000e+00 4.763139720814409728e+00 1.403830156440021848e-01
-1.750000000000000000e+00 4.763139720814409728e+00 2.131108004276657808e-01
-4.250000000000000000e+00 5.629165124598847214e+00 1.876734880493456104e-01
-3.250000000000000000e+00 5.629165124598847214e+00 3.070190990935402486e-01
-2.750000000000000000e+00 6.495190528383284700e+00 1.849067043345616612e-01
-1.750000000000000000e+00 6.495190528383284700e+00 2.165939463017093614e-01
-4.250000000000000000e+00 7.361215932167725740e+00 2.993948662217837953e-01
-3.250000000000000000e+00 7.361215932167725740e+00 2.249106789404414775e-01
-2.750000000000000000e+00 8.227241335952166779e+00 2.110257785984501200e-01
-1.750000000000000000e+00 8.227241335952166779e+00 2.288842245767551964e-01
-4.250000000000000000e+00 9.093266739736600712e+00 2.242011172892612036e-01
-3.250000000000000000e+00 9.093266739736600712e+00 2.196789813978695660e-01
-2.750000000000000000e+00 9.959292143521041751e+00 3.671550979441293161e-01
-1.750000000000000000e+00 9.959292143521041751e+00 2.821298305494507330e-01
-4.250000000000000000e+00 1.082531754730548279e+01 2.013315017043972033e-01
-3.250000000000000000e+00 1.082531754730548279e+01 1.842699013926434037e-01
-2.750000000000000000e+00 1.169134295108992383e+01 3.009774730154163302e-01
-1.750000000000000000e+00 1.169134295108992383e+01 2.827222947749118420e-01
-4.250000000000000000e+00 1.255736835487435776e+01 3.864885196631935860e-01
-3.250000000000000000e+00 1.255736835487435776e+01 3.514507659065799761e-01
-2.750000000000000000e+00 1.342339375865879880e+01 1.705664142680655693e-01
-1.750000000000000000e+00 1.342339375865879880e+01 1.769126901337471636e-01
-4.250000000000000000e+00 1.428941916244323274e+01 3.820493692166357924e-01
-3.250000000000000000e+00 1.428941916244323274e+01 3.858018816602105661e-01
-2.750000000000000000e+00 1.515544456622767377e+01 4.017627991465544390e-01
-1.750000000000000000e+00 1.515544456622767377e+01 3.996006196558087864e-01
-4.250000000000000000e+00 1.602146997001211304e+01 1.893611357102347181e-01
-3.250000000000000000e+00 1.602146997001211304e+01 1.972055433110139755e-01
-2.750000000000000000e+00 1.688749537379655408e+01 3.752093321465457820e-01
-1.750000000000000000e+00 1.688749537379655408e+01 3.767590680980079654e-01
-4.250000000000000000e+00 1.775352077758098801e+01 3.394676648592523382e-01
-3.250000000000000000e+00 1.775352077758098801e+01 3.413328963830725149e-01
-2.750000000000000000e+00 1.861954618136542905e+01 3.849508087482269025e-01
-1.750000000000000000e+00 1.861954618136542905e+01 3.884414018768866939e-01
-4.250000000000000000e+00 1.948557158514986298e+01 2.435432775713748110e-01
-3.250000000000000000e+00 1.948557158514986298e+01 2.442918763681385386e-01
-2.750000000000000000e+00 2.035159698893430402e+01 2.494360570221356155e-01
-1.750000000000000000e+00 2.035159698893430402e+01 2.509220466854754084e-01
-4.250000000000000000e+00 2.121762239271873796e+01 5.481551881026528461e-01
-3.250000000000000000e+00 2.121762239271873796e+01 5.489682707468094280e-01
-2.750000000000000000e+00 2.208364779650317899e+01 2.699630555431987711e-01
-1.750000000000000000e+00 2.208364779650317899e+01 2.703180896997605109e-01
-4.250000000000000000e+00 2.294967320028762003e+01 2.845635484667177750e-01
-3.250000000000000000e+00 2.294967320028762003e+01 2.849145665935127747e-01
-2.750000000000000000e+00 2.381569860407206107e+01 2.610232646338862539e-01
-1.750000000000000000e+00 2.381569860407206107e+01 2.611651483993671641e-01
-4.250000000000000000e+00 2.468172400785649501e+01 4.234813894597675432e-01
-3.250000000000000000e+00 2.468172400785649501e+01 4.235408366751068909e-01
-2.750000000000000000e+00 2.554774941164093605e+01 4.473734676252212328e-01
-1.750000000000000000e+00 2.554774941164093605e+01 4.474445621016862606e-01
-1.250000000000000000e+00 -2.554774941164094315e+01 4.473053797947557642e-01
-2.500000000000000000e-01 -2.554774941164094315e+01 4.473616667205418396e-01
2.500000000000000000e-01 -2.468172400785650566e+01 4.234977758754231436e-01
1.250000000000000000e+00 -2.468172400785650566e+01 4.235495538821568151e-01
-1.250000000000000000e+00 -2.381569860407206463e+01 2.608912256856273371e-01
-2.500000000000000000e-01 -2.381569860407206463e+01 2.610023869906720750e-01
2.500000000000000000e-01 -2.294967320028762714e+01 2.846284694146758998e-01
1.250000000000000000e+00 -2.294967320028762714e+01 2.848396353037912498e-01
-1.250000000000000000e+00 -2.208364779650318965e+01 2.698746750428010488e-01
-2.500000000000000000e-01 -2.208364779650318965e+01 2.701727923126683861e-01
2.500000000000000000e-01 -2.121762239271875217e+01 5.477057185952283191e-01
1.250000000000000000e+00 -2.121762239271875217e+01 5.483333417411242472e-01
-1.250000000000000000e+00 -2.035159698893431113e+01 2.503654300049843462e-01
-2.500000000000000000e-01 -2.035159698893431113e+01 2.511810277977312156e-01
2.500000000000000000e-01 -1.948557158514987364e+01 2.409783157645999374e-01
1.250000000000000000e+00 -1.948557158514987364e+01 2.423252641821206643e-01
-1.250000000000000000e+00 -1.861954618136543615e+01 3.851642435269340692e-01
-2.500000000000000000e-01 -1.861954618136543615e+01 3.870655865256608097e-01
2.500000000000000000e-01 -1.775352077758099512e+01 3.398575882578807605e-01
1.250000000000000000e+00 -1.775352077758099512e+01 3.419705299319746317e-01
-1.250000000000000000e+00 -1.688749537379655763e+01 3.617612334501297822e-01
-2.500000000000000000e-01 -1.688749537379655763e+01 3.657278514904027666e-01
2.500000000000000000e-01 -1.602146997001212014e+01 2.015236846970658302e-01
1.250000000000000000e+00 -1.602146997001212014e+01 2.053494310741534878e-01
-1.250000000000000000e+00 -1.515544456622767733e+01 3.860644548244900887e-01
-2.500000000000000000e-01 -1.515544456622767733e+01 3.925297179329541586e-01
2.500000000000000000e-01 -1.428941916244323806e+01 3.622585681396732760e-01
1.250000000000000000e+00 -1.428941916244323806e+01 3.698770048575575342e-01
-1.250000000000000000e+00 -1.342339375865880058e+01 2.140663918380891761e-01
-2.500000000000000000e-01 -1.342339375865880058e+01 2.110606358049635645e-01
2.500000000000000000e-01 -1.255736835487436132e+01 3.163617108227477770e-01
1.250000000000000000e+00 -1.255736835487436132e+01 3.196201026023521297e-01
-1.250000000000000000e+00 -1.169134295108992383e+01 2.976342371390433006e-01
-2.500000000000000000e-01 -1.169134295108992383e+01 2.786596076109971731e-01
2.500000000000000000e-01 -1.082531754730548457e+01 2.699581492741983668e-01
1.250000000000000000e+00 -1.082531754730548457e+01 2.340403205665210207e-01
-1.250000000000000000e+00 -9.959292143521047080e+00 2.261863794074259193e-01
-2.500000000000000000e-01 -9.959292143521047080e+00 2.240123882282297196e-01
2.500000000000000000e-01 -9.093266739736607818e+00 2.829527935081636580e-01
1.250000000000000000e+00 -9.093266739736607818e+00 2.401370788421965385e-01
-1.250000000000000000e+00 -8.227241335952170331e+00 2.656552574038546499e-01
-2.500000000000000000e-01 -8.227241335952170331e+00 2.148877970119855985e-01
2.500000000000000000e-01 -7.361215932167732845e+00 1.861443180899708949e-01
1.250000000000000000e+00 -7.361215932167732845e+00 2.283418004633461784e-01
-1.250000000000000000e+00 -6.495190528383291806e+00 2.795302965166501785e-01
-2.500000000000000000e-01 -6.495190528383291806e+00 2.246640785251917127e-01
2.500000000000000000e-01 -5.629165124598854320e+00 2.153840416944772795e-01
1.250000000000000000e+00 -5.629165124598854320e+00 2.189605915399567282e-01
-1.250000000000000000e+00 -4.763139720814413280e+00 1.905095212606565114e-01
-2.500000000000000000e-01 -4.763139720814413280e+00 3.713936155475870970e-01
2.500000000000000000e-01 -3.897114317029975794e+00 1.705492831981381130e-01
1.250000000000000000e+00 -3.897114317029975794e+00 2.131833002452745707e-01
-1.250000000000000000e+00 -3.031088913245538308e+00 1.664343220294495773e-01
-2.500000000000000000e-01 -3.031088913245538308e+00 2.628559928275034929e-01
2.500000000000000000e-01 -2.165063509461100821e+00 1.831322294182750055e-01
1.250000000000000000e+00 -2.165063509461100821e+00 3.346206003755576308e-01
-1.250000000000000000e+00 -1.299038105676659782e+00 3.463014820413523598e-01
-2.500000000000000000e-01 -1.299038105676659782e+00 1.665996699197493380e-01
2.500000000000000000e-01 -4.330127018922222959e-01 5.079172108939316033e-01
1.250000000000000000e+00 -4.330127018922222959e-01 1.665476513078418541e-01
-1.250000000000000000e+00 4.330127018922151905e-01 5.080056124672978068e-01
-2.500000000000000000e-01 4.330127018922151905e-01 3.022037857823307166e-06
2.500000000000000000e-01 1.299038105676652677e+00 5.078543499602219402e-01
1.250000000000000000e+00 1.299038105676652677e+00 1.666504459036377561e-01
-1.250000000000000000e+00 2.165063509461093716e+00 3.465627217839116758e-01
-2.500000000000000000e-01 2.165063509461093716e+00 1.664805711080699357e-01
2.500000000000000000e-01 3.031088913245531202e+00 1.833320021075568462e-01
1.250000000000000000e+00 3.031088913245531202e+00 3.350112315732987622e-01
-1.250000000000000000e+00 3.897114317029972241e+00 1.666277304378049884e-01
-2.500000000000000000e-01 3.897114317029972241e+00 2.631157630097182287e-01
2.500000000000000000e-01 4.763139720814409728e+00 1.704633974924716910e-01
1.250000000000000000e+00 4.763139720814409728e+00 2.131551466788320359e-01
-1.250000000000000000e+00 5.629165124598847214e+00 1.928537573890904411e-01
-2.500000000000000000e-01 5.629165124598847214e+00 3.742122017345147489e-01
2.500000000000000000e-01 6.495190528383284700e+00 2.122345148891375266e-01
1.250000000000000000e+00 6.495190528383284700e+00 2.163603040075784412e-01
-1.250000000000000000e+00 7.361215932167725740e+00 2.876807342263050238e-01
-2.500000000000000000e-01 7.361215932167725740e+00 2.325705144768727417e-01
2.500000000000000000e-01 8.227241335952166779e+00 1.863343253929078958e-01
1.250000000000000000e+00 8.227241335952166779e+00 2.291040237165004601e-01
-1.250000000000000000e+00 9.093266739736600712e+00 2.620076174530572843e-01
-2.500000000000000000e-01 9.093266739736600712e+00 2.115318030041958564e-01
2.500000000000000000e-01 9.959292143521041751e+00 3.255370177342794547e-01
1.250000000000000000e+00 9.959292143521041751e+00 2.833402355416324570e-01
-1.250000000000000000e+00 1.082531754730548279e+01 1.866378994633980104e-01
-2.500000000000000000e-01 1.082531754730548279e+01 1.844564674639838364e-01
2.500000000000000000e-01 1.169134295108992383e+01 3.185148599714468509e-01
1.250000000000000000e+00 1.169134295108992383e+01 2.831986340861855078e-01
-1.250000000000000000e+00 1.255736835487435776e+01 3.778127330381477189e-01
-2.500000000000000000e-01 1.255736835487435776e+01 3.574070913560251084e-01
2.500000000000000000e-01 1.342339375865879880e+01 1.736721229487635798e-01
1.250000000000000000e+00 1.342339375865879880e+01 1.769400674716791744e-01
-1.250000000000000000e+00 1.428941916244323274e+01 3.965088734559429895e-01
-2.500000000000000000e-01 1.428941916244323274e+01 3.923918858918418184e-01
2.500000000000000000e-01 1.515544456622767377e+01 3.935607478214556143e-01
1.250000000000000000e+00 1.515544456622767377e+01 4.005749582292618127e-01
-1.250000000000000000e+00 1.602146997001211304e+01 1.925855941798955140e-01
-2.500000000000000000e-01 1.602146997001211304e+01 1.992207594422300831e-01
2.500000000000000000e-01 1.688749537379655408e+01 3.739955018240136431e-01
1.250000000000000000e+00 1.688749537379655408e+01 3.777362715042963393e-01
-1.250000000000000000e+00 1.775352077758098801e+01 3.380103568281244142e-01
-2.500000000000000000e-01 1.775352077758098801e+01 3.415766283940666614e-01
2.500000000000000000e-01 1.861954618136542905e+01 3.858688282246010015e-01
1.250000000000000000e+00 1.861954618136542905e+01 3.884403331952437366e-01
-1.250000000000000000e+00 1.948557158514986298e+01 2.436090932964931621e-01
-2.500000000000000000e-01 1.948557158514986298e+01 2.451080268379757510e-01
2.500000000000000000e-01 2.035159698893430402e+01 2.494992487897030875e-01
1.250000000000000000e+00 2.035159698893430402e+01 2.507738832673737650e-01
-1.250000000000000000e+00 2.121762239271873796e+01 5.485632808929247206e-01
-2.500000000000000000e-01 2.121762239271873796e+01 5.495940380317823060e-01
2.500000000000000000e-01 2.208364779650317899e+01 2.699118152006719784e-01
1.250000000000000000e+00 2.208364779650317899e+01 2.704390901749069709e-01
-1.250000000000000000e+00 2.294967320028762003e+01 2.846697266800640724e-01
-2.500000000000000000e-01 2.294967320028762003e+01 2.850674365503521601e-01
2.500000000000000000e-01 2.381569860407206107e+01 2.610416165279837997e-01
1.250000000000000000e+00 2.381569860407206107e+01 2.612530953747116969e-01
-1.250000000000000000e+00 2.468172400785649501e+01 4.234894223641177957e-01
-2.500000000000000000e-01 2.468172400785649501e+01 4.235677889398771767e-01
2.500000000000000000e-01 2.554774941164093605e+01 4.473710680378079063e-01
1.250000000000000000e+00 2.554774941164093605e+01 4.474880206512896752e-01
1.750000000000000000e+00 -2.554774941164094315e+01 4.473001431049142274e-01
2.750000000000000000e+00 -2.554774941164094315e+01 4.473732888141306319e-01
3.250000000000000000e+00 -2.468172400785650566e+01 4.234956709001460595e-01
4.250000000000000000e+00 -2.468172400785650566e+01 4.235349942805473611e-01
1.750000000000000000e+00 -2.381569860407206463e+01 2.608924432392681347e-01
2.750000000000000000e+00 -2.381569860407206463e+01 2.610134713789830641e-01
3.250000000000000000e+00 -2.294967320028762714e+01 2.845906682497250650e-01
4.250000000000000000e+00 -2.294967320028762714e+01 2.847372397260167776e-01
1.750000000000000000e+00 -2.208364779650318965e+01 2.698803630590381752e-01
2.750000000000000000e+00 -2.208364779650318965e+01 2.701407116961943022e-01
3.250000000000000000e+00 -2.121762239271875217e+01 5.476507586125050064e-01
4.250000000000000000e+00 -2.121762239271875217e+01 5.480903723447131393e-01
1.750000000000000000e+00 -2.035159698893431113e+01 2.502446672798495642e-01
2.750000000000000000e+00 -2.035159698893431113e+01 2.507715430409082624e-01
3.250000000000000000e+00 -1.948557158514987364e+01 2.409858794748642452e-01
4.250000000000000000e+00 -1.948557158514987364e+01 2.419387031527142073e-01
1.750000000000000000e+00 -1.861954618136543615e+01 3.844104730744209997e-01
2.750000000000000000e+00 -1.861954618136543615e+01 3.863456666164419850e-01
3.250000000000000000e+00 -1.775352077758099512e+01 3.389717207107059704e-01
4.250000000000000000e+00 -1.775352077758099512e+01 3.402228165257728532e-01
1.750000000000000000e+00 -1.688749537379655763e+01 3.609666557575215151e-01
2.750000000000000000e+00 -1.688749537379655763e+01 3.654546604222873030e-01
3.250000000000000000e+00 -1.602146997001212014e+01 1.969284117063050121e-01
4.250000000000000000e+00 -1.602146997001212014e+01 2.006560766866676560e-01
1.750000000000000000e+00 -1.515544456622767733e+01 3.878125510855784386e-01
2.750000000000000000e+00 -1.515544456622767733e+01 3.909185192386249730e-01
3.250000000000000000e+00 -1.428941916244323806e+01 3.563661378069842289e-01
4.250000000000000000e+00 -1.428941916244323806e+01 3.663592310821203180e-01
1.750000000000000000e+00 -1.342339375865880058e+01 2.071326984281456618e-01
2.750000000000000000e+00 -1.342339375865880058e+01 2.051265875193130361e-01
3.250000000000000000e+00 -1.255736835487436132e+01 3.198846667963003432e-01
4.250000000000000000e+00 -1.255736835487436132e+01 3.192499858411925184e-01
1.750000000000000000e+00 -1.169134295108992383e+01 2.675227964329742192e-01
2.750000000000000000e+00 -1.169134295108992383e+01 2.733057724028084001e-01
3.250000000000000000e+00 -1.082531754730548457e+01 2.539901886867353964e-01
4.250000000000000000e+00 -1.082531754730548457e+01 2.278635896679379325e-01
1.750000000000000000e+00 -9.959292143521047080e+00 2.291313208792504219e-01
2.750000000000000000e+00 -9.959292143521047080e+00 2.240170828405415038e-01
3.250000000000000000e+00 -9.093266739736607818e+00 2.252260292146469334e-01
4.250000000000000000e+00 -9.093266739736607818e+00 2.292459672849222752e-01
1.750000000000000000e+00 -8.227241335952170331e+00 2.940524155066664980e-01
2.750000000000000000e+00 -8.227241335952170331e+00 2.226935167847960972e-01
3.250000000000000000e+00 -7.361215932167732845e+00 2.031319459391153770e-01
4.250000000000000000e+00 -7.361215932167732845e+00 1.963145312938160414e-01
1.750000000000000000e+00 -6.495190528383291806e+00 2.360867359219550599e-01
2.750000000000000000e+00 -6.495190528383291806e+00 2.171706447808892937e-01
3.250000000000000000e+00 -5.629165124598854320e+00 2.737473537728956074e-01
4.250000000000000000e+00 -5.629165124598854320e+00 2.200074540840328274e-01
1.750000000000000000e+00 -4.763139720814413280e+00 1.811471371736858016e-01
2.750000000000000000e+00 -4.763139720814413280e+00 3.050999667864334741e-01
3.250000000000000000e+00 -3.897114317029975794e+00 1.812095996574292767e-01
4.250000000000000000e+00 -3.897114317029975794e+00 2.169784490963637402e-01
1.750000000000000000e+00 -3.031088913245538308e+00 1.556267263391337141e-01
2.750000000000000000e+00 -3.031088913245538308e+00 2.132001862907646483e-01
3.250000000000000000e+00 -2.165063509461100821e+00 1.702497024567419803e-01
4.250000000000000000e+00 -2.165063509461100821e+00 3.714405123925784702e-01
1.750000000000000000e+00 -1.299038105676659782e+00 1.832139934808187376e-01
2.750000000000000000e+00 -1.299038105676659782e+00 2.627386432202107325e-01
3.250000000000000000e+00 -4.330127018922222959e-01 1.663447313149384876e-01
4.250000000000000000e+00 -4.330127018922222959e-01 2.130254869761308567e-01
1.750000000000000000e+00 4.330127018922151905e-01 3.463461491339903109e-01
2.750000000000000000e+00 4.330127018922151905e-01 3.347286567202324425e-01
3.250000000000000000e+00 1.299038105676652677e+00 1.663075116813367837e-01
4.250000000000000000e+00 1.299038105676652677e+00 2.129947225810994160e-01
1.750000000000000000e+00 2.165063509461093716e+00 1.830919078163970592e-01
2.750000000000000000e+00 2.165063509461093716e+00 2.626744397268485076e-01
3.250000000000000000e+00 3.031088913245531202e+00 1.705839576307242311e-01
4.250000000000000000e+00 3.031088913245531202e+00 3.714953290638165484e-01
1.750000000000000000e+00 3.897114317029972241e+00 1.555908536257685493e-01
2.750000000000000000e+00 3.897114317029972241e+00 2.131413237194406396e-01
3.250000000000000000e+00 4.763139720814409728e+00 1.811782660406095202e-01
4.250000000000000000e+00 4.763139720814409728e+00 2.169166344056563389e-01
1.750000000000000000e+00 5.629165124598847214e+00 1.834233654173541006e-01
2.750000000000000000e+00 5.629165124598847214e+00 3.071670593601273369e-01
3.250000000000000000e+00 6.495190528383284700e+00 2.715313009649523712e-01
4.250000000000000000e+00 6.495190528383284700e+00 2.170065101711391442e-01
1.750000000000000000e+00 7.361215932167725740e+00 2.431970333497534276e-01
2.750000000000000000e+00 7.361215932167725740e+00 2.251053698408191639e-01
3.250000000000000000e+00 8.227241335952166779e+00 2.038611644541970525e-01
4.250000000000000000e+00 8.227241335952166779e+00 1.962547824590673007e-01
1.750000000000000000e+00 9.093266739736600712e+00 2.898733651986594717e-01
2.750000000000000000e+00 9.093266739736600712e+00 2.191690915317911492e-01
3.250000000000000000e+00 9.959292143521041751e+00 2.667250038043683658e-01
4.250000000000000000e+00 9.959292143521041751e+00 2.721123042158287708e-01
1.750000000000000000e+00 1.082531754730548279e+01 1.893577541829011002e-01
2.750000000000000000e+00 1.082531754730548279e+01 1.843353657317959304e-01
3.250000000000000000e+00 1.169134295108992383e+01 3.020521250130122626e-01
4.250000000000000000e+00 1.169134295108992383e+01 2.764262075717837663e-01
1.750000000000000000e+00 1.255736835487435776e+01 3.460673953510562395e-01
2.750000000000000000e+00 1.255736835487435776e+01 3.532928167231075278e-01
3.250000000000000000e+00 1.342339375865879880e+01 1.774299653467721616e-01
4.250000000000000000e+00 1.342339375865879880e+01 1.766188373903059550e-01
1.750000000000000000e+00 1.428941916244323274e+01 3.878496319564146977e-01
2.750000000000000000e+00 1.428941916244323274e+01 3.869575491486407781e-01
3.250000000000000000e+00 1.515544456622767377e+01 3.867971466163374616e-01
4.250000000000000000e+00 1.515544456622767377e+01 3.978154660430474610e-01
1.750000000000000000e+00 1.602146997001211304e+01 1.939534735279306310e-01
2.750000000000000000e+00 1.602146997001211304e+01 1.970888228239207063e-01
3.250000000000000000e+00 1.688749537379655408e+01 3.684132904378485396e-01
4.250000000000000000e+00 1.688749537379655408e+01 3.728857535146043456e-01
1.750000000000000000e+00 1.775352077758098801e+01 3.370844336878596192e-01
2.750000000000000000e+00 1.775352077758098801e+01 3.413796051070816517e-01
3.250000000000000000e+00 1.861954618136542905e+01 3.848993609506654034e-01
4.250000000000000000e+00 1.861954618136542905e+01 3.860389159335793074e-01
1.750000000000000000e+00 1.948557158514986298e+01 2.426891312665009348e-01
2.750000000000000000e+00 1.948557158514986298e+01 2.448579626312517854e-01
3.250000000000000000e+00 2.035159698893430402e+01 2.495024530770481863e-01
4.250000000000000000e+00 2.035159698893430402e+01 2.503363238857035933e-01
1.750000000000000000e+00 2.121762239271873796e+01 5.484672781726208646e-01
2.750000000000000000e+00 2.121762239271873796e+01 5.491850436676661840e-01
3.250000000000000000e+00 2.208364779650317899e+01 2.698759991588156049e-01
4.250000000000000000e+00 2.208364779650317899e+01 2.703126025590605885e-01
1.750000000000000000e+00 2.294967320028762003e+01 2.846568532199634238e-01
2.750000000000000000e+00 2.294967320028762003e+01 2.849422617400890756e-01
3.250000000000000000e+00 2.381569860407206107e+01 2.609989935979500353e-01
4.250000000000000000e+00 2.381569860407206107e+01 2.611569206523254860e-01
1.750000000000000000e+00 2.468172400785649501e+01 4.234823088307466676e-01
2.750000000000000000e+00 2.468172400785649501e+01 4.235679029538574336e-01
3.250000000000000000e+00 2.554774941164093605e+01 4.473337695177606599e-01
4.250000000000000000e+00 2.554774941164093605e+01 4.474560663854406095e-01
4.750000000000000000e+00 -2.554774941164094315e+01 4.473017240580341447e-01
5.750000000000000000e+00 -2.554774941164094315e+01 4.473573554936730035e-01
6.250000000000000000e+00 -2.468172400785650566e+01 4.234938056323845901e-01
7.250000000000000000e+00 -2.468172400785650566e+01 4.234975853643401233e-01
4.750000000000000000e+00 -2.381569860407206463e+01 2.608945077832247605e-01
5.750000000000000000e+00 -2.381569860407206463e+01 2.609637298104507952e-01
6.250000000000000000e+00 -2.294967320028762714e+01 2.845587872599804613e-01
7.250000000000000000e+00 -2.294967320028762714e+01 2.846122081229915390e-01
4.750000000000000000e+00 -2.208364779650318965e+01 2.698463739379751702e-01
5.750000000000000000e+00 -2.208364779650318965e+01 2.699567361256385856e-01
6.250000000000000000e+00 -2.121762239271875217e+01 5.476264636949734754e-01
7.250000000000000000e+00 -2.121762239271875217e+01 5.478756833159738049e-01
4.750000000000000000e+00 -2.035159698893431113e+01 2.498579849336372560e-01
5.750000000000000000e+00 -2.035159698893431113e+01 2.501801098182273586e-01
6.250000000000000000e+00 -1.948557158514987364e+01 2.409300127479599707e-01
7.250000000000000000e+00 -1.948557158514987364e+01 2.414672362799059335e-01
4.750000000000000000e+00 -1.861954618136543615e+01 3.836863805481972034e-01
5.750000000000000000e+00 -1.861954618136543615e+01 3.850501191995664985e-01
6.250000000000000000e+00 -1.775352077758099512e+01 3.375826526615661183e-01
7.250000000000000000e+00 -1.775352077758099512e+01 3.382558003936534385e-01
4.750000000000000000e+00 -1.688749537379655763e+01 3.608742945332140684e-01
5.750000000000000000e+00 -1.688749537379655763e+01 3.640590287553452375e-01
6.250000000000000000e+00 -1.602146997001212014e+01 1.929222604265067587e-01
7.250000000000000000e+00 -1.602146997001212014e+01 1.949669689261525063e-01
4.750000000000000000e+00 -1.515544456622767733e+01 3.858049432441606474e-01
5.750000000000000000e+00 -1.515544456622767733e+01 3.872701245680149618e-01
6.250000000000000000e+00 -1.428941916244323806e+01 3.540089336761656491e-01
7.250000000000000000e+00 -1.428941916244323806e+01 3.617230235717954767e-01
4.750000000000000000e+00 -1.342339375865880058e+01 1.920437995849912372e-01
5.750000000000000000e+00 -1.342339375865880058e+01 1.923870693704133328e-01
6.250000000000000000e+00 -1.255736835487436132e+01 3.183732235935514687e-01
7.250000000000000000e+00 -1.255736835487436132e+01 3.181043556451441101e-01
4.750000000000000000e+00 -1.169134295108992383e+01 2.472621686142679465e-01
5.750000000000000000e+00 -1.169134295108992383e+01 2.637898379900281420e-01
6.250000000000000000e+00 -1.082531754730548457e+01 2.272589642829349055e-01
7.250000000000000000e+00 -1.082531754730548457e+01 2.154517376088555258e-01
4.750000000000000000e+00 -9.959292143521047080e+00 2.390514866051400289e-01
5.750000000000000000e+00 -9.959292143521047080e+00 2.266217310399905871e-01
6.250000000000000000e+00 -9.093266739736607818e+00 1.968313988343787790e-01
7.250000000000000000e+00 -9.093266739736607818e+00 2.248141104641901977e-01
4.750000000000000000e+00 -8.227241335952170331e+00 2.853320452950008357e-01
5.750000000000000000e+00 -8.227241335952170331e+00 2.330458227446015607e-01
6.250000000000000000e+00 -7.361215932167732845e+00 2.280864170799802304e-01
7.250000000000000000e+00 -7.361215932167732845e+00 1.847897499539617183e-01
4.750000000000000000e+00 -6.495190528383291806e+00 1.955092726163259464e-01
5.750000000000000000e+00 -6.495190528383291806e+00 2.148370033402953183e-01
6.250000000000000000e+00 -5.629165124598854320e+00 2.881423635501376146e-01
7.250000000000000000e+00 -5.629165124598854320e+00 2.385843836788172634e-01
4.750000000000000000e+00 -4.763139720814413280e+00 2.363096356295837364e-01
5.750000000000000000e+00 -4.763139720814413280e+00 2.213853881971402371e-01
6.250000000000000000e+00 -3.897114317029975794e+00 1.790070637790145414e-01
7.250000000000000000e+00 -3.897114317029975794e+00 2.077681910151309985e-01
4.750000000000000000e+00 -3.031088913245538308e+00 2.130145010142557582e-01
5.750000000000000000e+00 -3.031088913245538308e+00 2.255302878041268722e-01
6.250000000000000000e+00 -2.165063509461100821e+00 2.801942445865611697e-01
7.250000000000000000e+00 -2.165063509461100821e+00 2.210609186389197456e-01
4.750000000000000000e+00 -1.299038105676659782e+00 1.904561499760411003e-01
5.750000000000000000e+00 -1.299038105676659782e+00 2.167582846323911072e-01
6.250000000000000000e+00 -4.330127018922222959e-01 1.853632146941502912e-01
7.250000000000000000e+00 -4.330127018922222959e-01 2.175617912243995034e-01
4.750000000000000000e+00 4.330127018922151905e-01 1.401323361412699364e-01
5.750000000000000000e+00 4.330127018922151905e-01 3.048764598736438680e-01
6.250000000000000000e+00 1.299038105676652677e+00 1.853672784895074033e-01
7.250000000000000000e+00 1.299038105676652677e+00 2.176558143358552078e-01
4.750000000000000000e+00 2.165063509461093716e+00 1.903114353959729499e-01
5.750000000000000000e+00 2.165063509461093716e+00 2.167121892997327937e-01
6.250000000000000000e+00 3.031088913245531202e+00 2.801826067405774889e-01
7.250000000000000000e+00 3.031088913245531202e+00 2.213509139026788031e-01
4.750000000000000000e+00 3.897114317029972241e+00 2.131837304174943881e-01
5.750000000000000000e+00 3.897114317029972241e+00 2.254418993922646663e-01
6.250000000000000000e+00 4.763139720814409728e+00 1.789578151365136538e-01
7.250000000000000000e+00 4.763139720814409728e+00 2.077008420845816716e-01
4.750000000000000000e+00 5.629165124598847214e+00 2.386434769746346163e-01
5.750000000000000000e+00 5.629165124598847214e+00 2.233148881594068103e-01
6.250000000000000000e+00 6.495190528383284700e+00 2.857510324723416817e-01
7.250000000000000000e+00 6.495190528383284700e+00 2.358518563388472267e-01
4.750000000000000000e+00 7.361215932167725740e+00 2.033608747492676172e-01
5.750000000000000000e+00 7.361215932167725740e+00 2.223704312700285346e-01
6.250000000000000000e+00 8.227241335952166779e+00 2.282371959699065755e-01
7.250000000000000000e+00 8.227241335952166779e+00 1.850203345701391666e-01
4.750000000000000000e+00 9.093266739736600712e+00 2.828322407646062797e-01
5.750000000000000000e+00 9.093266739736600712e+00 2.291980994654538861e-01
6.250000000000000000e+00 9.959292143521041751e+00 2.395687186517869993e-01
7.250000000000000000e+00 9.959292143521041751e+00 2.665959528771868481e-01
4.750000000000000000e+00 1.082531754730548279e+01 1.999410177344346229e-01
5.750000000000000000e+00 1.082531754730548279e+01 1.870482235625088308e-01
6.250000000000000000e+00 1.169134295108992383e+01 2.767994350238994761e-01
7.250000000000000000e+00 1.169134295108992383e+01 2.635646554298151090e-01
4.750000000000000000e+00 1.255736835487435776e+01 3.255395705382060911e-01
5.750000000000000000e+00 1.255736835487435776e+01 3.429058922912460172e-01
6.250000000000000000e+00 1.342339375865879880e+01 1.761627517055781578e-01
7.250000000000000000e+00 1.342339375865879880e+01 1.759368914708218656e-01
4.750000000000000000e+00 1.428941916244323274e+01 3.726889638116579473e-01
5.750000000000000000e+00 1.428941916244323274e+01 3.729990442527696959e-01
6.250000000000000000e+00 1.515544456622767377e+01 3.845131908599950799e-01
7.250000000000000000e+00 1.515544456622767377e+01 3.924337156735574483e-01
4.750000000000000000e+00 1.602146997001211304e+01 1.922239709647721728e-01
5.750000000000000000e+00 1.602146997001211304e+01 1.934749345464898962e-01
6.250000000000000000e+00 1.688749537379655408e+01 3.645551442818435461e-01
7.250000000000000000e+00 1.688749537379655408e+01 3.663725007786904908e-01
4.750000000000000000e+00 1.775352077758098801e+01 3.368902993793780332e-01
5.750000000000000000e+00 1.775352077758098801e+01 3.404235464863885618e-01
6.250000000000000000e+00 1.861954618136542905e+01 3.835463573980384955e-01
7.250000000000000000e+00 1.861954618136542905e+01 3.841295229882170648e-01
4.750000000000000000e+00 1.948557158514986298e+01 2.418307560194203898e-01
5.750000000000000000e+00 1.948557158514986298e+01 2.433287802403404365e-01
6.250000000000000000e+00 2.035159698893430402e+01 2.494411474124918482e-01
7.250000000000000000e+00 2.035159698893430402e+01 2.500250948505992610e-01
4.750000000000000000e+00 2.121762239271873796e+01 5.480077052145393424e-01
5.750000000000000000e+00 2.121762239271873796e+01 5.482861650726944536e-01
6.250000000000000000e+00 2.208364779650317899e+01 2.698396868496862888e-01
7.250000000000000000e+00 2.208364779650317899e+01 2.700498602907993040e-01
4.750000000000000000e+00 2.294967320028762003e+01 2.845662705622110655e-01
5.750000000000000000e+00 2.294967320028762003e+01 2.846927477536977946e-01
6.250000000000000000e+00 2.381569860407206107e+01 2.609332397105994517e-01
7.250000000000000000e+00 2.381569860407206107e+01 2.609959978356906074e-01
4.750000000000000000e+00 2.468172400785649501e+01 4.234778394707228166e-01
5.750000000000000000e+00 2.468172400785649501e+01 4.235224470805454833e-01
6.250000000000000000e+00 2.554774941164093605e+01 4.473067262463377158e-01
7.250000000000000000e+00 2.554774941164093605e+01 4.473650715242788456e-01
