-7.250000000000000000e+00 -2.554774941164094315e+01 1.828923506994676873e-01
-6.250000000000000000e+00 -2.554774941164094315e+01 1.828923466448520441e-01
-5.750000000000000000e+00 -2.468172400785650566e+01 1.790244329324932326e-01
-4.750000000000000000e+00 -2.468172400785650566e+01 1.790244198876114190e-01
-7.250000000000000000e+00 -2.381569860407206463e+01 3.429280948647574212e-02
-6.250000000000000000e+00 -2.381569860407206463e+01 3.429281111214370348e-02
-5.750000000000000000e+00 -2.294967320028762714e+01 1.243246304438129918e-01
-4.750000000000000000e+00 -2.294967320028762714e+01 1.243246214623899698e-01
-7.250000000000000000e+00 -2.208364779650318965e+01 1.037788454393366172e-01
-6.250000000000000000e+00 -2.208364779650318965e+01 1.037788474055077043e-01
-5.750000000000000000e+00 -2.121762239271875217e+01 3.744944831528777829e-02
-4.750000000000000000e+00 -2.121762239271875217e+01 3.744954048644830863e-02
-7.250000000000000000e+00 -2.035159698893431113e+01 5.797047548540165685e-02
-6.250000000000000000e+00 -2.035159698893431113e+01 5.797059707275804136e-02
-5.750000000000000000e+00 -1.948557158514987364e+01 3.952375346910081549e-02
-4.750000000000000000e+00 -1.948557158514987364e+01 3.952419826187523327e-02
-7.250000000000000000e+00 -1.861954618136543615e+01 2.427245034885392935e-02
-6.250000000000000000e+00 -1.861954618136543615e+01 2.427332747512482916e-02
-5.750000000000000000e+00 -1.775352077758099512e+01 2.534836001743122347e-02
-4.750000000000000000e+00 -1.775352077758099512e+01 2.535037550994303709e-02
-7.250000000000000000e+00 -1.688749537379655763e+01 1.918240365859288574e-02
-6.250000000000000000e+00 -1.688749537379655763e+01 1.918624721476307540e-02
-5.750000000000000000e+00 -1.602146997001212014e+01 1.795359404851046281e-02
-4.750000000000000000e+00 -1.602146997001212014e+01 1.796321235288313167e-02
-7.250000000000000000e+00 -1.515544456622767733e+01 1.693885345483856983e-02
-6.250000000000000000e+00 -1.515544456622767733e+01 1.695108745018676644e-02
-5.750000000000000000e+00 -1.428941916244323806e+01 1.617363732766134710e-02
-4.750000000000000000e+00 -1.428941916244323806e+01 1.621013733550744074e-02
-7.250000000000000000e+00 -1.342339375865880058e+01 1.618412709431468408e-02
-6.250000000000000000e+00 -1.342339375865880058e+01 1.622310414739841153e-02
-5.750000000000000000e+00 -1.255736835487436132e+01 1.583961421155399146e-02
-4.750000000000000000e+00 -1.255736835487436132e+01 1.594231783792256218e-02
-7.250000000000000000e+00 -1.169134295108992383e+01 1.586570330174191801e-02
-6.250000000000000000e+00 -1.169134295108992383e+01 1.599240367659619799e-02
-5.750000000000000000e+00 -1.082531754730548457e+01 1.583512637852048030e-02
-4.750000000000000000e+00 -1.082531754730548457e+01 1.610146079747362333e-02
-7.250000000000000000e+00 -9.959292143521047080e+00 1.579697308845852410e-02
-6.250000000000000000e+00 -9.959292143521047080e+00 1.609723278857843470e-02
-5.750000000000000000e+00 -9.093266739736607818e+00 1.580083233826752240e-02
-4.750000000000000000e+00 -9.093266739736607818e+00 1.643593587189386834e-02
-7.250000000000000000e+00 -8.227241335952170331e+00 1.580415906749337018e-02
-6.250000000000000000e+00 -8.227241335952170331e+00 1.642116173731562184e-02
-5.750000000000000000e+00 -7.361215932167732845e+00 1.588026110735253627e-02
-4.750000000000000000e+00 -7.361215932167732845e+00 1.702369938109607808e-02
-7.250000000000000000e+00 -6.495190528383291806e+00 1.574330487153754662e-02
-6.250000000000000000e+00 -6.495190528383291806e+00 1.703089594484788818e-02
-5.750000000000000000e+00 -5.629165124598854320e+00 1.579067215503735314e-02
-4.750000000000000000e+00 -5.629165124598854320e+00 1.798823628876885031e-02
-7.250000000000000000e+00 -4.763139720814413280e+00 1.589888864079085085e-02
-6.250000000000000000e+00 -4.763139720814413280e+00 1.767004374833193447e-02
-5.750000000000000000e+00 -3.897114317029975794e+00 1.601902825724702342e-02
-4.750000000000000000e+00 -3.897114317029975794e+00 1.935174839123840820e-02
-7.250000000000000000e+00 -3.031088913245538308e+00 1.587652649062324187e-02
-6.250000000000000000e+00 -3.031088913245538308e+00 1.842371690787960453e-02
-5.750000000000000000e+00 -2.165063509461100821e+00 1.687575501012830367e-02
-4.750000000000000000e+00 -2.165063509461100821e+00 1.888981052374832242e-02
-7.250000000000000000e+00 -1.299038105676659782e+00 1.584951722991386619e-02
-6.250000000000000000e+00 -1.299038105676659782e+00 1.935174171448497682e-02
-5.750000000000000000e+00 -4.330127018922222959e-01 1.612194177624044766e-02
-4.750000000000000000e+00 -4.330127018922222959e-01 2.020508417819522409e-02
-7.250000000000000000e+00 4.330127018922151905e-01 1.618801997347365032e-02
-6.250000000000000000e+00 4.330127018922151905e-01 1.841720317108379301e-02
-5.750000000000000000e+00 1.299038105676652677e+00 1.612191764140320782e-02
-4.750000000000000000e+00 1.299038105676652677e+00 2.020506192148675481e-02
-7.250000000000000000e+00 2.165063509461093716e+00 1.584957767566059703e-02
-6.250000000000000000e+00 2.165063509461093716e+00 1.935179088210996559e-02
-5.750000000000000000e+00 3.031088913245531202e+00 1.687571712242808691e-02
-4.750000000000000000e+00 3.031088913245531202e+00 1.888976653168533346e-02
-7.250000000000000000e+00 3.897114317029972241e+00 1.587652557396033309e-02
-6.250000000000000000e+00 3.897114317029972241e+00 1.842371326440757351e-02
-5.750000000000000000e+00 4.763139720814409728e+00 1.601943106010639273e-02
-4.750000000000000000e+00 4.763139720814409728e+00 1.935211372544462169e-02
-7.250000000000000000e+00 5.629165124598847214e+00 1.589801808292051061e-02
-6.250000000000000000e+00 5.629165124598847214e+00 1.766920208402935136e-02
-5.750000000000000000e+00 6.495190528383284700e+00 1.579264886046684302e-02
-4.750000000000000000e+00 6.495190528383284700e+00 1.799021515715084479e-02
-7.250000000000000000e+00 7.361215932167725740e+00 1.574241385006898419e-02
-6.250000000000000000e+00 7.361215932167725740e+00 1.702997361226515904e-02
-5.750000000000000000e+00 8.227241335952166779e+00 1.587906331713778360e-02
-4.750000000000000000e+00 8.227241335952166779e+00 1.702252124848882900e-02
-7.250000000000000000e+00 9.093266739736600712e+00 1.581894424822202078e-02
-6.250000000000000000e+00 9.093266739736600712e+00 1.643592204807622914e-02
-5.750000000000000000e+00 9.959292143521041751e+00 1.578178218545048597e-02
-4.750000000000000000e+00 9.959292143521041751e+00 1.641678678808142222e-02
-7.250000000000000000e+00 1.082531754730548279e+01 1.583511765013163874e-02
-6.250000000000000000e+00 1.082531754730548279e+01 1.613549156806699456e-02
-5.750000000000000000e+00 1.169134295108992383e+01 1.587586980096693245e-02
-4.750000000000000000e+00 1.169134295108992383e+01 1.614220212635805035e-02
-7.250000000000000000e+00 1.255736835487435776e+01 1.582171049587438247e-02
-6.250000000000000000e+00 1.255736835487435776e+01 1.594841309964116841e-02
-5.750000000000000000e+00 1.342339375865879880e+01 1.618692038268987332e-02
-4.750000000000000000e+00 1.342339375865879880e+01 1.628964934119258440e-02
-7.250000000000000000e+00 1.428941916244323274e+01 1.617610723832572581e-02
-6.250000000000000000e+00 1.428941916244323274e+01 1.621504269672271320e-02
-5.750000000000000000e+00 1.515544456622767377e+01 1.693309848456585331e-02
-4.750000000000000000e+00 1.515544456622767377e+01 1.696943254586457533e-02
-7.250000000000000000e+00 1.602146997001211304e+01 1.795608767358333746e-02
-6.250000000000000000e+00 1.602146997001211304e+01 1.796838494626282548e-02
-5.750000000000000000e+00 1.688749537379655408e+01 1.918062462113467870e-02
-4.750000000000000000e+00 1.688749537379655408e+01 1.919014887263324060e-02
-7.250000000000000000e+00 1.775352077758098801e+01 2.534792312318748589e-02
-6.250000000000000000e+00 1.775352077758098801e+01 2.535175045395490767e-02
-5.750000000000000000e+00 1.861954618136542905e+01 2.427254790608859500e-02
-4.750000000000000000e+00 1.861954618136542905e+01 2.427455976498282125e-02
-7.250000000000000000e+00 1.948557158514986298e+01 3.952345943475428502e-02
-6.250000000000000000e+00 1.948557158514986298e+01 3.952425843971672792e-02
-5.750000000000000000e+00 2.035159698893430402e+01 5.797053267919155539e-02
-4.750000000000000000e+00 2.035159698893430402e+01 5.797090441836549174e-02
-7.250000000000000000e+00 2.121762239271873796e+01 3.744944017948558662e-02
-6.250000000000000000e+00 2.121762239271873796e+01 3.744955577065668673e-02
-5.750000000000000000e+00 2.208364779650317899e+01 1.037788329952230859e-01
-4.750000000000000000e+00 2.208364779650317899e+01 1.037788629922780648e-01
-7.250000000000000000e+00 2.294967320028762003e+01 1.243246343525408193e-01
-6.250000000000000000e+00 2.294967320028762003e+01 1.243246501106304719e-01
-5.750000000000000000e+00 2.381569860407206107e+01 3.429279587697306453e-02
-4.750000000000000000e+00 2.381569860407206107e+01 3.429280132770207157e-02
-7.250000000000000000e+00 2.468172400785649501e+01 1.790244333293243006e-01
-6.250000000000000000e+00 2.468172400785649501e+01 1.790244246347670043e-01
-5.750000000000000000e+00 2.554774941164093605e+01 1.828923433341487770e-01
-4.750000000000000000e+00 2.554774941164093605e+01 1.828923299884780418e-01
-4.250000000000000000e+00 -2.554774941164094315e+01 1.828923516944884198e-01
-3.250000000000000000e+00 -2.554774941164094315e+01 1.828923410027933905e-01
-2.750000000000000000e+00 -2.468172400785650566e+01 1.790244285615649744e-01
-1.750000000000000000e+00 -2.468172400785650566e+01 1.790244357303530376e-01
-4.250000000000000000e+00 -2.381569860407206463e+01 3.429281089894076207e-02
-3.250000000000000000e+00 -2.381569860407206463e+01 3.429281360903906062e-02
-2.750000000000000000e+00 -2.294967320028762714e+01 1.243246299341537187e-01
-1.750000000000000000e+00 -2.294967320028762714e+01 1.243246536565812826e-01
-4.250000000000000000e+00 -2.208364779650318965e+01 1.037788389929245186e-01
-3.250000000000000000e+00 -2.208364779650318965e+01 1.037788716485925494e-01
-2.750000000000000000e+00 -2.121762239271875217e+01 3.744947113299683383e-02
-1.750000000000000000e+00 -2.121762239271875217e+01 3.744959905790096188e-02
-4.250000000000000000e+00 -2.035159698893431113e+01 5.797042097032324010e-02
-3.250000000000000000e+00 -2.035159698893431113e+01 5.797065734134307369e-02
-2.750000000000000000e+00 -1.948557158514987364e+01 3.952373546665666204e-02
-1.750000000000000000e+00 -1.948557158514987364e+01 3.952440732215787428e-02
-4.250000000000000000e+00 -1.861954618136543615e+01 2.427237705357687680e-02
-3.250000000000000000e+00 -1.861954618136543615e+01 2.427381712611715453e-02
-2.750000000000000000e+00 -1.775352077758099512e+01 2.534788293385560609e-02
-1.750000000000000000e+00 -1.775352077758099512e+01 2.535107756587204331e-02
-4.250000000000000000e+00 -1.688749537379655763e+01 1.918281812481363591e-02
-3.250000000000000000e+00 -1.688749537379655763e+01 1.918886119290544312e-02
-2.750000000000000000e+00 -1.602146997001212014e+01 1.795256558029745264e-02
-1.750000000000000000e+00 -1.602146997001212014e+01 1.796669834715838854e-02
-4.250000000000000000e+00 -1.515544456622767733e+01 1.693842796596442546e-02
-3.250000000000000000e+00 -1.515544456622767733e+01 1.696004076675759753e-02
-2.750000000000000000e+00 -1.428941916244323806e+01 1.617551917306174480e-02
-1.750000000000000000e+00 -1.428941916244323806e+01 1.622635615775386980e-02
-4.250000000000000000e+00 -1.342339375865880058e+01 1.617512350692902612e-02
-3.250000000000000000e+00 -1.342339375865880058e+01 1.625232709401398454e-02
-2.750000000000000000e+00 -1.255736835487436132e+01 1.584186518826591339e-02
-1.750000000000000000e+00 -1.255736835487436132e+01 1.599468198052709719e-02
-4.250000000000000000e+00 -1.169134295108992383e+01 1.585322478186833306e-02
-3.250000000000000000e+00 -1.169134295108992383e+01 1.609070180132182032e-02
-2.750000000000000000e+00 -1.082531754730548457e+01 1.581512207601988573e-02
-1.750000000000000000e+00 -1.082531754730548457e+01 1.623870562024135739e-02
-4.250000000000000000e+00 -9.959292143521047080e+00 1.579976634621852588e-02
-3.250000000000000000e+00 -9.959292143521047080e+00 1.636511612064111415e-02
-2.750000000000000000e+00 -9.093266739736607818e+00 1.575592059892567953e-02
-1.750000000000000000e+00 -9.093266739736607818e+00 1.675129460669643605e-02
-4.250000000000000000e+00 -8.227241335952170331e+00 1.587903873414815703e-02
-3.250000000000000000e+00 -8.227241335952170331e+00 1.702877201716579761e-02
-2.750000000000000000e+00 -7.361215932167732845e+00 1.579172008906023009e-02
-1.750000000000000000e+00 -7.361215932167732845e+00 1.767025511633084356e-02
-4.250000000000000000e+00 -6.495190528383291806e+00 1.637422170281964406e-02
-3.250000000000000000e+00 -6.495190528383291806e+00 1.799021189239458085e-02
-2.750000000000000000e+00 -5.629165124598854320e+00 1.689083674713142899e-02
-1.750000000000000000e+00 -5.629165124598854320e+00 1.935126076102163667e-02
-4.250000000000000000e+00 -4.763139720814413280e+00 1.689165809558668130e-02
-3.250000000000000000e+00 -4.763139720814413280e+00 1.841755515203898075e-02
-2.750000000000000000e+00 -3.897114317029975794e+00 2.206720111998746597e-02
-1.750000000000000000e+00 -3.897114317029975794e+00 2.020507240825460127e-02
-4.250000000000000000e+00 -3.031088913245538308e+00 1.583572758017779900e-02
-3.250000000000000000e+00 -3.031088913245538308e+00 2.020506451873286050e-02
-2.750000000000000000e+00 -2.165063509461100821e+00 2.493749111917210881e-02
-1.750000000000000000e+00 -2.165063509461100821e+00 1.584007774308423752e-02
-4.250000000000000000e+00 -1.299038105676659782e+00 1.744840390178212242e-02
-3.250000000000000000e+00 -1.299038105676659782e+00 2.164335669852741548e-02
-2.750000000000000000e+00 -4.330127018922222959e-01 1.773012008114486018e-02
-1.750000000000000000e+00 -4.330127018922222959e-01 1.951814966384998740e-02
-4.250000000000000000e+00 4.330127018922151905e-01 2.041909894548875337e-02
-3.250000000000000000e+00 4.330127018922151905e-01 1.584004937541911781e-02
-2.750000000000000000e+00 1.299038105676652677e+00 1.773010913255593929e-02
-1.750000000000000000e+00 1.299038105676652677e+00 1.951813216366814902e-02
-4.250000000000000000e+00 2.165063509461093716e+00 1.744845712000775775e-02
-3.250000000000000000e+00 2.165063509461093716e+00 2.164341258230672096e-02
-2.750000000000000000e+00 3.031088913245531202e+00 2.493747715469635598e-02
-1.750000000000000000e+00 3.031088913245531202e+00 1.584002559700934537e-02
-4.250000000000000000e+00 3.897114317029972241e+00 1.583572499953399271e-02
-3.250000000000000000e+00 3.897114317029972241e+00 2.020507717052744123e-02
-2.750000000000000000e+00 4.763139720814409728e+00 2.206756103485268267e-02
-1.750000000000000000e+00 4.763139720814409728e+00 2.020543494115448549e-02
-4.250000000000000000e+00 5.629165124598847214e+00 1.689085472129301865e-02
-3.250000000000000000e+00 5.629165124598847214e+00 1.841671644665159729e-02
-2.750000000000000000e+00 6.495190528383284700e+00 1.689274510960422221e-02
-1.750000000000000000e+00 6.495190528383284700e+00 1.935325270246698176e-02
-4.250000000000000000e+00 7.361215932167725740e+00 1.637338369880471378e-02
-3.250000000000000000e+00 7.361215932167725740e+00 1.798931047278879564e-02
-2.750000000000000000e+00 8.227241335952166779e+00 1.579054277940843132e-02
-1.750000000000000000e+00 8.227241335952166779e+00 1.766903319828944802e-02
-4.250000000000000000e+00 9.093266739736600712e+00 1.589379221863906552e-02
-3.250000000000000000e+00 9.093266739736600712e+00 1.704358939092946029e-02
-2.750000000000000000e+00 9.959292143521041751e+00 1.573677873505090891e-02
-1.750000000000000000e+00 9.959292143521041751e+00 1.673211862389672316e-02
-4.250000000000000000e+00 1.082531754730548279e+01 1.583800406001621003e-02
-3.250000000000000000e+00 1.082531754730548279e+01 1.640330912661274246e-02
-2.750000000000000000e+00 1.169134295108992383e+01 1.585569819067117470e-02
-1.750000000000000000e+00 1.169134295108992383e+01 1.627941697140828509e-02
-4.250000000000000000e+00 1.255736835487435776e+01 1.580931276347463665e-02
-3.250000000000000000e+00 1.255736835487435776e+01 1.604664147588570622e-02
-2.750000000000000000e+00 1.342339375865879880e+01 1.618913760610495023e-02
-1.750000000000000000e+00 1.342339375865879880e+01 1.634192505750200336e-02
-4.250000000000000000e+00 1.428941916244323274e+01 1.616701092453929484e-02
-3.250000000000000000e+00 1.428941916244323274e+01 1.624428133476588099e-02
-2.750000000000000000e+00 1.515544456622767377e+01 1.693488388118640289e-02
-1.750000000000000000e+00 1.515544456622767377e+01 1.698574430043667954e-02
-4.250000000000000000e+00 1.602146997001211304e+01 1.795561915524587770e-02
-3.250000000000000000e+00 1.602146997001211304e+01 1.797722631071126120e-02
-2.750000000000000000e+00 1.688749537379655408e+01 1.917944898138339987e-02
-1.750000000000000000e+00 1.688749537379655408e+01 1.919376123741239892e-02
-4.250000000000000000e+00 1.775352077758098801e+01 2.534835276769323645e-02
-3.250000000000000000e+00 1.775352077758098801e+01 2.535427721949463920e-02
-2.750000000000000000e+00 1.861954618136542905e+01 2.427203976772835531e-02
-1.750000000000000000e+00 1.861954618136542905e+01 2.427525530957060085e-02
-4.250000000000000000e+00 1.948557158514986298e+01 3.952333587969866086e-02
-3.250000000000000000e+00 1.948557158514986298e+01 3.952477491308860336e-02
-2.750000000000000000e+00 2.035159698893430402e+01 5.797052276306795260e-02
-1.750000000000000000e+00 2.035159698893430402e+01 5.797115698341935575e-02
-4.250000000000000000e+00 2.121762239271873796e+01 3.744933212313029947e-02
-3.250000000000000000e+00 2.121762239271873796e+01 3.744958296120715069e-02
-2.750000000000000000e+00 2.208364779650317899e+01 1.037788357332699168e-01
-1.750000000000000000e+00 2.208364779650317899e+01 1.037789894251504169e-01
-4.250000000000000000e+00 2.294967320028762003e+01 1.243246221843645472e-01
-3.250000000000000000e+00 2.294967320028762003e+01 1.243245988429621945e-01
-2.750000000000000000e+00 2.381569860407206107e+01 3.429279812668004079e-02
-1.750000000000000000e+00 2.381569860407206107e+01 3.429281863055071156e-02
-4.250000000000000000e+00 2.468172400785649501e+01 1.790244345290540884e-01
-3.250000000000000000e+00 2.468172400785649501e+01 1.790244058271891758e-01
-2.750000000000000000e+00 2.554774941164093605e+01 1.828923540869520359e-01
-1.750000000000000000e+00 2.554774941164093605e+01 1.828923215136671887e-01
-1.250000000000000000e+00 -2.554774941164094315e+01 1.828923510064017488e-01
-2.500000000000000000e-01 -2.554774941164094315e+01 1.828923575027833759e-01
2.500000000000000000e-01 -2.468172400785650566e+01 1.790244281105890511e-01
1.250000000000000000e+00 -2.468172400785650566e+01 1.790244364898241347e-01
-1.250000000000000000e+00 -2.381569860407206463e+01 3.429280962502455343e-02
-2.500000000000000000e-01 -2.381569860407206463e+01 3.429282006025158314e-02
2.500000000000000000e-01 -2.294967320028762714e+01 1.243246288062565263e-01
1.250000000000000000e+00 -2.294967320028762714e+01 1.243246551833004920e-01
-1.250000000000000000e+00 -2.208364779650318965e+01 1.037788153831213228e-01
-2.500000000000000000e-01 -2.208364779650318965e+01 1.037788898242375940e-01
2.500000000000000000e-01 -2.121762239271875217e+01 3.744947545512344184e-02
1.250000000000000000e+00 -2.121762239271875217e+01 3.744957526264020009e-02
-1.250000000000000000e+00 -2.035159698893431113e+01 5.797038155819644184e-02
-2.500000000000000000e-01 -2.035159698893431113e+01 5.797071927085515469e-02
2.500000000000000000e-01 -1.948557158514987364e+01 3.952370040828739189e-02
1.250000000000000000e+00 -1.948557158514987364e+01 3.952433665720181399e-02
-1.250000000000000000e+00 -1.861954618136543615e+01 2.427248988694809262e-02
-2.500000000000000000e-01 -1.861954618136543615e+01 2.427406193533482998e-02
2.500000000000000000e-01 -1.775352077758099512e+01 2.534774110190624041e-02
1.250000000000000000e+00 -1.775352077758099512e+01 2.535101587229518158e-02
-1.250000000000000000e+00 -1.688749537379655763e+01 1.918310844961904418e-02
-2.500000000000000000e-01 -1.688749537379655763e+01 1.919004258653758677e-02
2.500000000000000000e-01 -1.602146997001212014e+01 1.795312573055234118e-02
1.250000000000000000e+00 -1.602146997001212014e+01 1.796665301439998724e-02
-1.250000000000000000e+00 -1.515544456622767733e+01 1.693679378712799333e-02
-2.500000000000000000e-01 -1.515544456622767733e+01 1.696420164013637960e-02
2.500000000000000000e-01 -1.428941916244323806e+01 1.617792188182154423e-02
1.250000000000000000e+00 -1.428941916244323806e+01 1.622629579686347273e-02
-1.250000000000000000e+00 -1.342339375865880058e+01 1.617035497837210692e-02
-2.500000000000000000e-01 -1.342339375865880058e+01 1.626660173881433816e-02
2.500000000000000000e-01 -1.255736835487436132e+01 1.583897227683475628e-02
1.250000000000000000e+00 -1.255736835487436132e+01 1.599467976907705674e-02
-1.250000000000000000e+00 -1.169134295108992383e+01 1.585956050152510094e-02
-2.500000000000000000e-01 -1.169134295108992383e+01 1.614016441152655440e-02
2.500000000000000000e-01 -1.082531754730548457e+01 1.580401951565619384e-02
1.250000000000000000e+00 -1.082531754730548457e+01 1.623872655775156215e-02
-1.250000000000000000e+00 -9.959292143521047080e+00 1.581980292808668823e-02
-2.500000000000000000e-01 -9.959292143521047080e+00 1.650437464009204061e-02
2.500000000000000000e-01 -9.093266739736607818e+00 1.576597246129832902e-02
1.250000000000000000e+00 -9.093266739736607818e+00 1.675128589339105328e-02
-1.250000000000000000e+00 -8.227241335952170331e+00 1.589792351390731384e-02
-2.500000000000000000e-01 -8.227241335952170331e+00 1.734079973102777353e-02
2.500000000000000000e-01 -7.361215932167732845e+00 1.587710646515738677e-02
1.250000000000000000e+00 -7.361215932167732845e+00 1.767026570336806962e-02
-1.250000000000000000e+00 -6.495190528383291806e+00 1.602053831965107034e-02
-2.500000000000000000e-01 -6.495190528383291806e+00 1.842520391913663944e-02
2.500000000000000000e-01 -5.629165124598854320e+00 1.687525456291577228e-02
1.250000000000000000e+00 -5.629165124598854320e+00 1.935127420641545234e-02
-1.250000000000000000e+00 -4.763139720814413280e+00 1.583609477381184294e-02
-2.500000000000000000e-01 -4.763139720814413280e+00 1.889012918372163369e-02
2.500000000000000000e-01 -3.897114317029975794e+00 1.744843294845932480e-02
1.250000000000000000e+00 -3.897114317029975794e+00 2.020507276691540025e-02
-1.250000000000000000e+00 -3.031088913245538308e+00 2.493748061946624364e-02
-2.500000000000000000e-01 -3.031088913245538308e+00 2.164336025487066661e-02
2.500000000000000000e-01 -2.165063509461100821e+00 1.773015379078640014e-02
1.250000000000000000e+00 -2.165063509461100821e+00 1.584007902300163875e-02
-1.250000000000000000e+00 -1.299038105676659782e+00 5.973242692294253309e-02
-2.500000000000000000e-01 -1.299038105676659782e+00 1.951813329338461175e-02
2.500000000000000000e-01 -4.330127018922222959e-01 8.457372863771869809e-02
1.250000000000000000e+00 -4.330127018922222959e-01 1.951814966385025454e-02
-1.250000000000000000e+00 4.330127018922151905e-01 8.457371312898598337e-02
-2.500000000000000000e-01 4.330127018922151905e-01 6.409153897839187227e-07
2.500000000000000000e-01 1.299038105676652677e+00 8.457370947516203163e-02
1.250000000000000000e+00 1.299038105676652677e+00 1.951813154988556870e-02
-1.250000000000000000e+00 2.165063509461093716e+00 5.973242683868628528e-02
-2.500000000000000000e-01 2.165063509461093716e+00 1.951817028601811332e-02
2.500000000000000000e-01 3.031088913245531202e+00 1.773011501331617223e-02
1.250000000000000000e+00 3.031088913245531202e+00 1.584002473211456805e-02
-1.250000000000000000e+00 3.897114317029972241e+00 2.493742302541442080e-02
-2.500000000000000000e-01 3.897114317029972241e+00 2.164336870073260005e-02
2.500000000000000000e-01 4.763139720814409728e+00 1.744874343245002291e-02
1.250000000000000000e+00 4.763139720814409728e+00 2.020541981475054011e-02
-1.250000000000000000e+00 5.629165124598847214e+00 1.583524049286142571e-02
-2.500000000000000000e-01 5.629165124598847214e+00 1.888927495559062503e-02
2.500000000000000000e-01 6.495190528383284700e+00 1.687717431305742199e-02
1.250000000000000000e+00 6.495190528383284700e+00 1.935322006714720183e-02
-1.250000000000000000e+00 7.361215932167725740e+00 1.601955433202348345e-02
-2.500000000000000000e-01 7.361215932167725740e+00 1.842427514159670349e-02
2.500000000000000000e-01 8.227241335952166779e+00 1.587589689138725960e-02
1.250000000000000000e+00 8.227241335952166779e+00 1.766905193427891971e-02
-1.250000000000000000e+00 9.093266739736600712e+00 1.591256651143065082e-02
-2.500000000000000000e-01 9.093266739736600712e+00 1.735555400699775874e-02
2.500000000000000000e-01 9.959292143521041751e+00 1.574673513984701373e-02
1.250000000000000000e+00 9.959292143521041751e+00 1.673215852643375468e-02
-1.250000000000000000e+00 1.082531754730548279e+01 1.585798957800381437e-02
-2.500000000000000000e-01 1.082531754730548279e+01 1.654253777646601253e-02
2.500000000000000000e-01 1.169134295108992383e+01 1.584464303776543515e-02
1.250000000000000000e+00 1.169134295108992383e+01 1.627938730343379825e-02
-1.250000000000000000e+00 1.255736835487435776e+01 1.581550928515418342e-02
-2.500000000000000000e-01 1.255736835487435776e+01 1.609620459363074116e-02
2.500000000000000000e-01 1.342339375865879880e+01 1.618626670208375695e-02
1.250000000000000000e+00 1.342339375865879880e+01 1.634193294467638224e-02
-1.250000000000000000e+00 1.428941916244323274e+01 1.616221281010461752e-02
-2.500000000000000000e-01 1.428941916244323274e+01 1.625859263453994022e-02
2.500000000000000000e-01 1.515544456622767377e+01 1.693728963324646342e-02
1.250000000000000000e+00 1.515544456622767377e+01 1.698570714665514209e-02
-1.250000000000000000e+00 1.602146997001211304e+01 1.795404464282888621e-02
-2.500000000000000000e-01 1.602146997001211304e+01 1.798144739705167389e-02
2.500000000000000000e-01 1.688749537379655408e+01 1.918013339413972285e-02
1.250000000000000000e+00 1.688749537379655408e+01 1.919361804639019981e-02
-1.250000000000000000e+00 1.775352077758098801e+01 2.534862692388419741e-02
-2.500000000000000000e-01 1.775352077758098801e+01 2.535565863621774135e-02
2.500000000000000000e-01 1.861954618136542905e+01 2.427197091227974862e-02
1.250000000000000000e+00 1.861954618136542905e+01 2.427521115036939542e-02
-1.250000000000000000e+00 1.948557158514986298e+01 3.952344347927126689e-02
-2.500000000000000000e-01 1.948557158514986298e+01 3.952512754087926516e-02
2.500000000000000000e-01 2.035159698893430402e+01 5.797047803630422935e-02
1.250000000000000000e+00 2.035159698893430402e+01 5.797118503208573137e-02
-1.250000000000000000e+00 2.121762239271873796e+01 3.744934207885883271e-02
-2.500000000000000000e-01 2.121762239271873796e+01 3.744967556517669882e-02
2.500000000000000000e-01 2.208364779650317899e+01 1.037788467328491226e-01
1.250000000000000000e+00 2.208364779650317899e+01 1.037789834059708594e-01
-1.250000000000000000e+00 2.294967320028762003e+01 1.243246252517774819e-01
-2.500000000000000000e-01 2.294967320028762003e+01 1.243246931217227569e-01
2.500000000000000000e-01 2.381569860407206107e+01 3.429280572224385759e-02
1.250000000000000000e+00 2.381569860407206107e+01 3.429282839617703998e-02
-1.250000000000000000e+00 2.468172400785649501e+01 1.790244330600464229e-01
-2.500000000000000000e-01 2.468172400785649501e+01 1.790244537523395241e-01
2.500000000000000000e-01 2.554774941164093605e+01 1.828923416086295772e-01
1.250000000000000000e+00 2.554774941164093605e+01 1.828923716284033552e-01
1.750000000000000000e+00 -2.554774941164094315e+01 1.828923511045268957e-01
2.750000000000000000e+00 -2.554774941164094315e+01 1.828923533399851586e-01
3.250000000000000000e+00 -2.468172400785650566e+01 1.790244329078571894e-01
4.250000000000000000e+00 -2.468172400785650566e+01 1.790244233936896245e-01
1.750000000000000000e+00 -2.381569860407206463e+01 3.429281106149780628e-02
2.750000000000000000e+00 -2.381569860407206463e+01 3.429280915000798569e-02
3.250000000000000000e+00 -2.294967320028762714e+01 1.243246370647575205e-01
4.250000000000000000e+00 -2.294967320028762714e+01 1.243246284018924147e-01
1.750000000000000000e+00 -2.208364779650318965e+01 1.037788314074293977e-01
2.750000000000000000e+00 -2.208364779650318965e+01 1.037788451281449059e-01
3.250000000000000000e+00 -2.121762239271875217e+01 3.744947467490788995e-02
4.250000000000000000e+00 -2.121762239271875217e+01 3.744954706537102079e-02
1.750000000000000000e+00 -2.035159698893431113e+01 5.797042132989273927e-02
2.750000000000000000e+00 -2.035159698893431113e+01 5.797063806600297881e-02
3.250000000000000000e+00 -1.948557158514987364e+01 3.952373014155789732e-02
4.250000000000000000e+00 -1.948557158514987364e+01 3.952422642170257128e-02
1.750000000000000000e+00 -1.861954618136543615e+01 2.427257999761413265e-02
2.750000000000000000e+00 -1.861954618136543615e+01 2.427379301053380831e-02
3.250000000000000000e+00 -1.775352077758099512e+01 2.534805698961070664e-02
4.250000000000000000e+00 -1.775352077758099512e+01 2.535045051972802804e-02
1.750000000000000000e+00 -1.688749537379655763e+01 1.918311780534549815e-02
2.750000000000000000e+00 -1.688749537379655763e+01 1.918881531649312133e-02
3.250000000000000000e+00 -1.602146997001212014e+01 1.795425412146284261e-02
4.250000000000000000e+00 -1.602146997001212014e+01 1.796326964368538323e-02
1.750000000000000000e+00 -1.515544456622767733e+01 1.693664131906216092e-02
2.750000000000000000e+00 -1.515544456622767733e+01 1.696005724760880906e-02
3.250000000000000000e+00 -1.428941916244323806e+01 1.617878705218425694e-02
4.250000000000000000e+00 -1.428941916244323806e+01 1.621014613767861323e-02
1.750000000000000000e+00 -1.342339375865880058e+01 1.617442887563827481e-02
2.750000000000000000e+00 -1.342339375865880058e+01 1.625235250339837970e-02
3.250000000000000000e+00 -1.255736835487436132e+01 1.583747890008476225e-02
4.250000000000000000e+00 -1.255736835487436132e+01 1.594235720241999471e-02
1.750000000000000000e+00 -1.169134295108992383e+01 1.587256281156069690e-02
2.750000000000000000e+00 -1.169134295108992383e+01 1.609066882711891397e-02
3.250000000000000000e+00 -1.082531754730548457e+01 1.581544526738572903e-02
4.250000000000000000e+00 -1.082531754730548457e+01 1.610148141518805837e-02
1.750000000000000000e+00 -9.959292143521047080e+00 1.581321005309460626e-02
2.750000000000000000e+00 -9.959292143521047080e+00 1.636512804579813574e-02
3.250000000000000000e+00 -9.093266739736607818e+00 1.580415330529204299e-02
4.250000000000000000e+00 -9.093266739736607818e+00 1.643590979261743551e-02
1.750000000000000000e+00 -8.227241335952170331e+00 1.582571762520268432e-02
2.750000000000000000e+00 -8.227241335952170331e+00 1.702879200951619779e-02
3.250000000000000000e+00 -7.361215932167732845e+00 1.583564010168524508e-02
4.250000000000000000e+00 -7.361215932167732845e+00 1.702369117095819256e-02
1.750000000000000000e+00 -6.495190528383291806e+00 1.585103583554059448e-02
2.750000000000000000e+00 -6.495190528383291806e+00 1.799020035546901319e-02
3.250000000000000000e+00 -5.629165124598854320e+00 1.618749830253303490e-02
4.250000000000000000e+00 -5.629165124598854320e+00 1.798824085449182708e-02
1.750000000000000000e+00 -4.763139720814413280e+00 1.612228097138137736e-02
2.750000000000000000e+00 -4.763139720814413280e+00 1.841755594730393186e-02
3.250000000000000000e+00 -3.897114317029975794e+00 1.612192593412915820e-02
4.250000000000000000e+00 -3.897114317029975794e+00 1.935174958621512301e-02
1.750000000000000000e+00 -3.031088913245538308e+00 2.041906868135902331e-02
2.750000000000000000e+00 -3.031088913245538308e+00 2.020507146006481070e-02
3.250000000000000000e+00 -2.165063509461100821e+00 1.744845146567625127e-02
4.250000000000000000e+00 -2.165063509461100821e+00 1.888981129123173952e-02
1.750000000000000000e+00 -1.299038105676659782e+00 1.773010384351823149e-02
2.750000000000000000e+00 -1.299038105676659782e+00 2.164335839535987821e-02
3.250000000000000000e+00 -4.330127018922222959e-01 2.493746447768092900e-02
4.250000000000000000e+00 -4.330127018922222959e-01 2.020508417819496735e-02
1.750000000000000000e+00 4.330127018922151905e-01 5.973243516554485599e-02
2.750000000000000000e+00 4.330127018922151905e-01 1.584004937541923924e-02
3.250000000000000000e+00 1.299038105676652677e+00 2.493746686675442359e-02
4.250000000000000000e+00 1.299038105676652677e+00 2.020506149078350050e-02
1.750000000000000000e+00 2.165063509461093716e+00 1.773015723470476590e-02
2.750000000000000000e+00 2.165063509461093716e+00 2.164340691693630511e-02
3.250000000000000000e+00 3.031088913245531202e+00 1.744840549951504755e-02
4.250000000000000000e+00 3.031088913245531202e+00 1.888976875876377526e-02
1.750000000000000000e+00 3.897114317029972241e+00 2.041911987213765323e-02
2.750000000000000000e+00 3.897114317029972241e+00 2.020506217467894772e-02
3.250000000000000000e+00 4.763139720814409728e+00 1.612230232454124612e-02
4.250000000000000000e+00 4.763139720814409728e+00 1.935210957421755820e-02
1.750000000000000000e+00 5.629165124598847214e+00 1.612146652774506042e-02
2.750000000000000000e+00 5.629165124598847214e+00 1.841671162653134297e-02
3.250000000000000000e+00 6.495190528383284700e+00 1.618955673645330190e-02
4.250000000000000000e+00 6.495190528383284700e+00 1.799018558552704927e-02
1.750000000000000000e+00 7.361215932167725740e+00 1.585008131542310628e-02
2.750000000000000000e+00 7.361215932167725740e+00 1.798928573421073804e-02
3.250000000000000000e+00 8.227241335952166779e+00 1.583447954430657056e-02
4.250000000000000000e+00 8.227241335952166779e+00 1.702249863046608608e-02
1.750000000000000000e+00 9.093266739736600712e+00 1.584050049838069130e-02
2.750000000000000000e+00 9.093266739736600712e+00 1.704350027135501447e-02
3.250000000000000000e+00 9.959292143521041751e+00 1.578499038222488937e-02
4.250000000000000000e+00 9.959292143521041751e+00 1.641675088380171316e-02
1.750000000000000000e+00 1.082531754730548279e+01 1.585143752138826190e-02
2.750000000000000000e+00 1.082531754730548279e+01 1.640330870667389834e-02
3.250000000000000000e+00 1.169134295108992383e+01 1.585618839592066454e-02
4.250000000000000000e+00 1.169134295108992383e+01 1.614209016088664905e-02
1.750000000000000000e+00 1.255736835487435776e+01 1.582853255878966664e-02
2.750000000000000000e+00 1.255736835487435776e+01 1.604667381859308309e-02
3.250000000000000000e+00 1.342339375865879880e+01 1.618480251868470443e-02
4.250000000000000000e+00 1.342339375865879880e+01 1.628963984432945517e-02
1.750000000000000000e+00 1.428941916244323274e+01 1.616636584672826935e-02
2.750000000000000000e+00 1.428941916244323274e+01 1.624417962979437732e-02
3.250000000000000000e+00 1.515544456622767377e+01 1.693816794049680940e-02
4.250000000000000000e+00 1.515544456622767377e+01 1.696953869263230497e-02
1.750000000000000000e+00 1.602146997001211304e+01 1.795386154973591109e-02
2.750000000000000000e+00 1.602146997001211304e+01 1.797719500112435198e-02
3.250000000000000000e+00 1.688749537379655408e+01 1.918122126094094770e-02
4.250000000000000000e+00 1.688749537379655408e+01 1.919018582560179723e-02
1.750000000000000000e+00 1.775352077758098801e+01 2.534862713419666624e-02
2.750000000000000000e+00 1.775352077758098801e+01 2.535427772213659503e-02
3.250000000000000000e+00 1.861954618136542905e+01 2.427220974797317937e-02
4.250000000000000000e+00 1.861954618136542905e+01 2.427457467274417996e-02
1.750000000000000000e+00 1.948557158514986298e+01 3.952357933938891593e-02
2.750000000000000000e+00 1.948557158514986298e+01 3.952469596752407333e-02
3.250000000000000000e+00 2.035159698893430402e+01 5.797048704694582333e-02
4.250000000000000000e+00 2.035159698893430402e+01 5.797093810258890922e-02
1.750000000000000000e+00 2.121762239271873796e+01 3.744936346579941233e-02
2.750000000000000000e+00 2.121762239271873796e+01 3.744956810222706267e-02
3.250000000000000000e+00 2.208364779650317899e+01 1.037788455346868588e-01
4.250000000000000000e+00 2.208364779650317899e+01 1.037788746314001892e-01
1.750000000000000000e+00 2.294967320028762003e+01 1.243245978266056401e-01
2.750000000000000000e+00 2.294967320028762003e+01 1.243246625352611712e-01
3.250000000000000000e+00 2.381569860407206107e+01 3.429280142375973339e-02
4.250000000000000000e+00 2.381569860407206107e+01 3.429279761849367975e-02
1.750000000000000000e+00 2.468172400785649501e+01 1.790244222994621659e-01
2.750000000000000000e+00 2.468172400785649501e+01 1.790244404074051165e-01
3.250000000000000000e+00 2.554774941164093605e+01 1.828923386980094434e-01
4.250000000000000000e+00 2.554774941164093605e+01 1.828923449591778050e-01
4.750000000000000000e+00 -2.554774941164094315e+01 1.828923518167434592e-01
5.750000000000000000e+00 -2.554774941164094315e+01 1.828923435055031244e-01
6.250000000000000000e+00 -2.468172400785650566e+01 1.790244301536003668e-01
7.250000000000000000e+00 -2.468172400785650566e+01 1.790244371672654600e-01
4.750000000000000000e+00 -2.381569860407206463e+01 3.429281029490996446e-02
5.750000000000000000e+00 -2.381569860407206463e+01 3.429281458429089824e-02
6.250000000000000000e+00 -2.294967320028762714e+01 1.243246343652262137e-01
7.250000000000000000e+00 -2.294967320028762714e+01 1.243246522702038670e-01
4.750000000000000000e+00 -2.208364779650318965e+01 1.037788389896842078e-01
5.750000000000000000e+00 -2.208364779650318965e+01 1.037788821481305940e-01
6.250000000000000000e+00 -2.121762239271875217e+01 3.744947293241607245e-02
7.250000000000000000e+00 -2.121762239271875217e+01 3.744951463183644746e-02
4.750000000000000000e+00 -2.035159698893431113e+01 5.797047209773388554e-02
5.750000000000000000e+00 -2.035159698893431113e+01 5.797065124905217970e-02
6.250000000000000000e+00 -1.948557158514987364e+01 3.952374677839887163e-02
7.250000000000000000e+00 -1.948557158514987364e+01 3.952398921475908100e-02
4.750000000000000000e+00 -1.861954618136543615e+01 2.427264740257917275e-02
5.750000000000000000e+00 -1.861954618136543615e+01 2.427336478563729347e-02
6.250000000000000000e+00 -1.775352077758099512e+01 2.534836940502202540e-02
7.250000000000000000e+00 -1.775352077758099512e+01 2.534959005196481263e-02
4.750000000000000000e+00 -1.688749537379655763e+01 1.918307910111155534e-02
5.750000000000000000e+00 -1.688749537379655763e+01 1.918627688460097444e-02
6.250000000000000000e+00 -1.602146997001212014e+01 1.795517805203512493e-02
7.250000000000000000e+00 -1.602146997001212014e+01 1.795941542992884193e-02
4.750000000000000000e+00 -1.515544456622767733e+01 1.693769864501645794e-02
5.750000000000000000e+00 -1.515544456622767733e+01 1.695112437245911707e-02
6.250000000000000000e+00 -1.428941916244323806e+01 1.617902126948916885e-02
7.250000000000000000e+00 -1.428941916244323806e+01 1.619236524328032667e-02
4.750000000000000000e+00 -1.342339375865880058e+01 1.618072836628647870e-02
5.750000000000000000e+00 -1.342339375865880058e+01 1.622311095287116978e-02
6.250000000000000000e+00 -1.255736835487436132e+01 1.583848068967783074e-02
7.250000000000000000e+00 -1.255736835487436132e+01 1.588450507759135710e-02
4.750000000000000000e+00 -1.169134295108992383e+01 1.587988336140960799e-02
5.750000000000000000e+00 -1.169134295108992383e+01 1.599238980645828131e-02
6.250000000000000000e+00 -1.082531754730548457e+01 1.582867392986317401e-02
7.250000000000000000e+00 -1.082531754730548457e+01 1.595169700026599635e-02
4.750000000000000000e+00 -9.959292143521047080e+00 1.580119285628577008e-02
5.750000000000000000e+00 -9.959292143521047080e+00 1.609722499091550615e-02
6.250000000000000000e+00 -9.093266739736607818e+00 1.582034971094314901e-02
7.250000000000000000e+00 -9.093266739736607818e+00 1.608241854586645384e-02
4.750000000000000000e+00 -8.227241335952170331e+00 1.578616892047112613e-02
5.750000000000000000e+00 -8.227241335952170331e+00 1.642116164891793337e-02
6.250000000000000000e+00 -7.361215932167732845e+00 1.579058495507371096e-02
7.250000000000000000e+00 -7.361215932167732845e+00 1.637071891846707261e-02
4.750000000000000000e+00 -6.495190528383291806e+00 1.583656409883875751e-02
5.750000000000000000e+00 -6.495190528383291806e+00 1.703090353294573617e-02
6.250000000000000000e+00 -5.629165124598854320e+00 1.582585250350471151e-02
7.250000000000000000e+00 -5.629165124598854320e+00 1.673667526322499335e-02
4.750000000000000000e+00 -4.763139720814413280e+00 1.584989152894669684e-02
5.750000000000000000e+00 -4.763139720814413280e+00 1.767004542601802175e-02
6.250000000000000000e+00 -3.897114317029975794e+00 1.587652675423245618e-02
7.250000000000000000e+00 -3.897114317029975794e+00 1.734143264724155239e-02
4.750000000000000000e+00 -3.031088913245538308e+00 1.687569952887716523e-02
5.750000000000000000e+00 -3.031088913245538308e+00 1.842371395037565099e-02
6.250000000000000000e+00 -2.165063509461100821e+00 1.601909176524168865e-02
7.250000000000000000e+00 -2.165063509461100821e+00 1.766972795710246291e-02
4.750000000000000000e+00 -1.299038105676659782e+00 1.583572143050841763e-02
5.750000000000000000e+00 -1.299038105676659782e+00 1.935174068421428861e-02
6.250000000000000000e+00 -4.330127018922222959e-01 1.689132573273106203e-02
7.250000000000000000e+00 -4.330127018922222959e-01 1.798872902159212930e-02
4.750000000000000000e+00 4.330127018922151905e-01 2.206722099926902714e-02
5.750000000000000000e+00 4.330127018922151905e-01 1.841720317108379301e-02
6.250000000000000000e+00 1.299038105676652677e+00 1.689128899994806615e-02
7.250000000000000000e+00 1.299038105676652677e+00 1.798870931905238377e-02
4.750000000000000000e+00 2.165063509461093716e+00 1.583577297785423998e-02
5.750000000000000000e+00 2.165063509461093716e+00 1.935179366797694367e-02
6.250000000000000000e+00 3.031088913245531202e+00 1.601902049384229532e-02
7.250000000000000000e+00 3.031088913245531202e+00 1.766968043711714120e-02
4.750000000000000000e+00 3.897114317029972241e+00 1.687571611014464235e-02
5.750000000000000000e+00 3.897114317029972241e+00 1.842372006210810445e-02
6.250000000000000000e+00 4.763139720814409728e+00 1.587689556227217524e-02
7.250000000000000000e+00 4.763139720814409728e+00 1.734179770873657198e-02
4.750000000000000000e+00 5.629165124598847214e+00 1.584903294304867982e-02
5.750000000000000000e+00 5.629165124598847214e+00 1.766920731516969517e-02
6.250000000000000000e+00 6.495190528383284700e+00 1.582782209927222072e-02
7.250000000000000000e+00 6.495190528383284700e+00 1.673866352441501920e-02
4.750000000000000000e+00 7.361215932167725740e+00 1.583567724652219788e-02
5.750000000000000000e+00 7.361215932167725740e+00 1.702998091416705467e-02
6.250000000000000000e+00 8.227241335952166779e+00 1.578935951678084315e-02
7.250000000000000000e+00 8.227241335952166779e+00 1.636953306390066115e-02
4.750000000000000000e+00 9.093266739736600712e+00 1.580102332145857588e-02
5.750000000000000000e+00 9.093266739736600712e+00 1.643592331391398667e-02
6.250000000000000000e+00 9.959292143521041751e+00 1.580122286236541884e-02
7.250000000000000000e+00 9.959292143521041751e+00 1.606325455020107471e-02
4.750000000000000000e+00 1.082531754730548279e+01 1.583942536477729590e-02
5.750000000000000000e+00 1.082531754730548279e+01 1.613548071088599656e-02
6.250000000000000000e+00 1.169134295108992383e+01 1.586939980220899993e-02
7.250000000000000000e+00 1.169134295108992383e+01 1.599240727388732963e-02
4.750000000000000000e+00 1.255736835487435776e+01 1.583588707605620635e-02
5.750000000000000000e+00 1.255736835487435776e+01 1.594841524568987867e-02
6.250000000000000000e+00 1.342339375865879880e+01 1.618578412411939005e-02
7.250000000000000000e+00 1.342339375865879880e+01 1.623185720911479724e-02
4.750000000000000000e+00 1.428941916244323274e+01 1.617268146192672035e-02
5.750000000000000000e+00 1.428941916244323274e+01 1.621503486554137785e-02
6.250000000000000000e+00 1.515544456622767377e+01 1.693840302269483677e-02
7.250000000000000000e+00 1.515544456622767377e+01 1.695176119397157066e-02
4.750000000000000000e+00 1.602146997001211304e+01 1.795494900937512003e-02
5.750000000000000000e+00 1.602146997001211304e+01 1.796841195958169893e-02
6.250000000000000000e+00 1.688749537379655408e+01 1.918215038794594124e-02
7.250000000000000000e+00 1.688749537379655408e+01 1.918640134639540418e-02
4.750000000000000000e+00 1.775352077758098801e+01 2.534860191127652485e-02
5.750000000000000000e+00 1.775352077758098801e+01 2.535186000586761579e-02
6.250000000000000000e+00 1.861954618136542905e+01 2.427257742074051539e-02
7.250000000000000000e+00 1.861954618136542905e+01 2.427383277470449713e-02
4.750000000000000000e+00 1.948557158514986298e+01 3.952359696123006194e-02
5.750000000000000000e+00 1.948557158514986298e+01 3.952436192828247263e-02
6.250000000000000000e+00 2.035159698893430402e+01 5.797053598405768615e-02
7.250000000000000000e+00 2.035159698893430402e+01 5.797082862521384106e-02
4.750000000000000000e+00 2.121762239271873796e+01 3.744939596677654414e-02
5.750000000000000000e+00 2.121762239271873796e+01 3.744957561358329412e-02
6.250000000000000000e+00 2.208364779650317899e+01 1.037788363403576719e-01
7.250000000000000000e+00 2.208364779650317899e+01 1.037789197274353037e-01
4.750000000000000000e+00 2.294967320028762003e+01 1.243246274876240454e-01
5.750000000000000000e+00 2.294967320028762003e+01 1.243246335385612689e-01
6.250000000000000000e+00 2.381569860407206107e+01 3.429280424508375502e-02
7.250000000000000000e+00 2.381569860407206107e+01 3.429281941175256476e-02
4.750000000000000000e+00 2.468172400785649501e+01 1.790244317472951818e-01
5.750000000000000000e+00 2.468172400785649501e+01 1.790244206026046503e-01
6.250000000000000000e+00 2.554774941164093605e+01 1.828923537608862504e-01
7.250000000000000000e+00 2.554774941164093605e+01 1.828923385485416442e-01
