-7.250000000000000000e+00 -2.554774941164094315e+01 5.155626478246450040e-01
-6.250000000000000000e+00 -2.554774941164094315e+01 5.155387605983936528e-01
-5.750000000000000000e+00 -2.468172400785650566e+01 4.735726210080698495e-01
-4.750000000000000000e+00 -2.468172400785650566e+01 4.735337497195761247e-01
-7.250000000000000000e+00 -2.381569860407206463e+01 2.406032656124194036e-01
-6.250000000000000000e+00 -2.381569860407206463e+01 2.405622338853976305e-01
-5.750000000000000000e+00 -2.294967320028762714e+01 4.360645680317358774e-01
-4.750000000000000000e+00 -2.294967320028762714e+01 4.359182639103217349e-01
-7.250000000000000000e+00 -2.208364779650318965e+01 4.727605304584912016e-01
-6.250000000000000000e+00 -2.208364779650318965e+01 4.725588416200425801e-01
-5.750000000000000000e+00 -2.121762239271875217e+01 7.179256110028651161e-01
-4.750000000000000000e+00 -2.121762239271875217e+01 7.175443318352481281e-01
-7.250000000000000000e+00 -2.035159698893431113e+01 5.532879766821281464e-01
-6.250000000000000000e+00 -2.035159698893431113e+01 5.526113340249488859e-01
-5.750000000000000000e+00 -1.948557158514987364e+01 7.579846636719729247e-01
-4.750000000000000000e+00 -1.948557158514987364e+01 7.565898165666130604e-01
-7.250000000000000000e+00 -1.861954618136543615e+01 1.005033545504269155e+00
-6.250000000000000000e+00 -1.861954618136543615e+01 1.003656031778235036e+00
-5.750000000000000000e+00 -1.775352077758099512e+01 8.300659126000264898e-01
-4.750000000000000000e+00 -1.775352077758099512e+01 8.258390154841654951e-01
-7.250000000000000000e+00 -1.688749537379655763e+01 1.041589524058674110e+00
-6.250000000000000000e+00 -1.688749537379655763e+01 1.039762800899332706e+00
-5.750000000000000000e+00 -1.602146997001212014e+01 1.091237645533698730e+00
-4.750000000000000000e+00 -1.602146997001212014e+01 1.084466686497765453e+00
-7.250000000000000000e+00 -1.515544456622767733e+01 1.236184488440786655e+00
-6.250000000000000000e+00 -1.515544456622767733e+01 1.227024681837601605e+00
-5.750000000000000000e+00 -1.428941916244323806e+01 1.236308789362222216e+00
-4.750000000000000000e+00 -1.428941916244323806e+01 1.235194749869438668e+00
-7.250000000000000000e+00 -1.342339375865880058e+01 1.279846593137467847e+00
-6.250000000000000000e+00 -1.342339375865880058e+01 1.254694192037841383e+00
-5.750000000000000000e+00 -1.255736835487436132e+01 1.585640128462490361e+00
-4.750000000000000000e+00 -1.255736835487436132e+01 1.566051307799158465e+00
-7.250000000000000000e+00 -1.169134295108992383e+01 1.384901354957769559e+00
-6.250000000000000000e+00 -1.169134295108992383e+01 1.407340456842058884e+00
-5.750000000000000000e+00 -1.082531754730548457e+01 1.499306341391792419e+00
-4.750000000000000000e+00 -1.082531754730548457e+01 1.451327895681842506e+00
-7.250000000000000000e+00 -9.959292143521047080e+00 1.654671686928077312e+00
-6.250000000000000000e+00 -9.959292143521047080e+00 1.696718747185855802e+00
-5.750000000000000000e+00 -9.093266739736607818e+00 1.322002564576716610e+00
-4.750000000000000000e+00 -9.093266739736607818e+00 1.482774260916756237e+00
-7.250000000000000000e+00 -8.227241335952170331e+00 1.680900951725132986e+00
-6.250000000000000000e+00 -8.227241335952170331e+00 1.566919069142427512e+00
-5.750000000000000000e+00 -7.361215932167732845e+00 1.557903555710727916e+00
-4.750000000000000000e+00 -7.361215932167732845e+00 1.722024335630062852e+00
-7.250000000000000000e+00 -6.495190528383291806e+00 1.344201070295682143e+00
-6.250000000000000000e+00 -6.495190528383291806e+00 1.542483324835772107e+00
-5.750000000000000000e+00 -5.629165124598854320e+00 1.679867020907021224e+00
-4.750000000000000000e+00 -5.629165124598854320e+00 1.562237113364730812e+00
-7.250000000000000000e+00 -4.763139720814413280e+00 1.389671194896769046e+00
-6.250000000000000000e+00 -4.763139720814413280e+00 1.707564046629459709e+00
-5.750000000000000000e+00 -3.897114317029975794e+00 1.180850445939422233e+00
-4.750000000000000000e+00 -3.897114317029975794e+00 1.602810598671715603e+00
-7.250000000000000000e+00 -3.031088913245538308e+00 1.722114047030564032e+00
-6.250000000000000000e+00 -3.031088913245538308e+00 1.524770796823551322e+00
-5.750000000000000000e+00 -2.165063509461100821e+00 1.269713471888701539e+00
-4.750000000000000000e+00 -2.165063509461100821e+00 1.388014170117082724e+00
-7.250000000000000000e+00 -1.299038105676659782e+00 1.487932153631188914e+00
-6.250000000000000000e+00 -1.299038105676659782e+00 1.605644398419603158e+00
-5.750000000000000000e+00 -4.330127018922222959e-01 1.664757107143629566e+00
-4.750000000000000000e+00 -4.330127018922222959e-01 1.522516069331838251e+00
-7.250000000000000000e+00 4.330127018922151905e-01 1.264211301710626678e+00
-6.250000000000000000e+00 4.330127018922151905e-01 1.541306027188974026e+00
-5.750000000000000000e+00 1.299038105676652677e+00 1.665573983381106071e+00
-4.750000000000000000e+00 1.299038105676652677e+00 1.523588372743337471e+00
-7.250000000000000000e+00 2.165063509461093716e+00 1.485478048693741782e+00
-6.250000000000000000e+00 2.165063509461093716e+00 1.603832330425323027e+00
-5.750000000000000000e+00 3.031088913245531202e+00 1.271780772456279962e+00
-4.750000000000000000e+00 3.031088913245531202e+00 1.390932616034319391e+00
-7.250000000000000000e+00 3.897114317029972241e+00 1.718913375817458178e+00
-6.250000000000000000e+00 3.897114317029972241e+00 1.522287187539022923e+00
-5.750000000000000000e+00 4.763139720814409728e+00 1.176065572826366923e+00
-4.750000000000000000e+00 4.763139720814409728e+00 1.599900246888098732e+00
-7.250000000000000000e+00 5.629165124598847214e+00 1.401146828467866090e+00
-6.250000000000000000e+00 5.629165124598847214e+00 1.717436955698255163e+00
-5.750000000000000000e+00 6.495190528383284700e+00 1.647586268520986774e+00
-4.750000000000000000e+00 6.495190528383284700e+00 1.530460259230570275e+00
-7.250000000000000000e+00 7.361215932167725740e+00 1.368378584727951486e+00
-6.250000000000000000e+00 7.361215932167725740e+00 1.567129126226591174e+00
-5.750000000000000000e+00 8.227241335952166779e+00 1.538738129353419470e+00
-4.750000000000000000e+00 8.227241335952166779e+00 1.703180190637567204e+00
-7.250000000000000000e+00 9.093266739736600712e+00 1.596692777431032884e+00
-6.250000000000000000e+00 9.093266739736600712e+00 1.484239429377650410e+00
-5.750000000000000000e+00 9.959292143521041751e+00 1.416228614121831209e+00
-4.750000000000000000e+00 9.959292143521041751e+00 1.582304374104919642e+00
-7.250000000000000000e+00 1.082531754730548279e+01 1.499516743201823488e+00
-6.250000000000000000e+00 1.082531754730548279e+01 1.538070476218944105e+00
-5.750000000000000000e+00 1.169134295108992383e+01 1.408194433211668040e+00
-4.750000000000000000e+00 1.169134295108992383e+01 1.359344735843522001e+00
-7.250000000000000000e+00 1.255736835487435776e+01 1.504808713846803814e+00
-6.250000000000000000e+00 1.255736835487435776e+01 1.528577208084939576e+00
-5.750000000000000000e+00 1.342339375865879880e+01 1.290640455557870325e+00
-4.750000000000000000e+00 1.342339375865879880e+01 1.269768414058806583e+00
-7.250000000000000000e+00 1.428941916244323274e+01 1.246032768489264031e+00
-6.250000000000000000e+00 1.428941916244323274e+01 1.221405016460613835e+00
-5.750000000000000000e+00 1.515544456622767377e+01 1.211034076763421119e+00
-4.750000000000000000e+00 1.515544456622767377e+01 1.212242752351238684e+00
-7.250000000000000000e+00 1.602146997001211304e+01 1.101728191406030177e+00
-6.250000000000000000e+00 1.602146997001211304e+01 1.091377860844868541e+00
-5.750000000000000000e+00 1.688749537379655408e+01 1.034540147373517849e+00
-4.750000000000000000e+00 1.688749537379655408e+01 1.026858394973803712e+00
-7.250000000000000000e+00 1.775352077758098801e+01 8.277695607348168894e-01
-6.250000000000000000e+00 1.775352077758098801e+01 8.263662618884057842e-01
-5.750000000000000000e+00 1.861954618136542905e+01 1.005781415253935052e+00
-4.750000000000000000e+00 1.861954618136542905e+01 1.001290040828189287e+00
-7.250000000000000000e+00 1.948557158514986298e+01 7.565233898259053902e-01
-6.250000000000000000e+00 1.948557158514986298e+01 7.552242752989661856e-01
-5.750000000000000000e+00 2.035159698893430402e+01 5.533946521132282470e-01
-4.750000000000000000e+00 2.035159698893430402e+01 5.523862051486143621e-01
-7.250000000000000000e+00 2.121762239271873796e+01 7.177962573358478426e-01
-6.250000000000000000e+00 2.121762239271873796e+01 7.171828065908791849e-01
-5.750000000000000000e+00 2.208364779650317899e+01 4.725230047569943248e-01
-4.750000000000000000e+00 2.208364779650317899e+01 4.722921277731575440e-01
-7.250000000000000000e+00 2.294967320028762003e+01 4.360855741036185340e-01
-6.250000000000000000e+00 2.294967320028762003e+01 4.359457099143859704e-01
-5.750000000000000000e+00 2.381569860407206107e+01 2.405098177181104746e-01
-4.750000000000000000e+00 2.381569860407206107e+01 2.404481219177386497e-01
-7.250000000000000000e+00 2.468172400785649501e+01 4.735731524680300009e-01
-6.250000000000000000e+00 2.468172400785649501e+01 4.735481316935424845e-01
-5.750000000000000000e+00 2.554774941164093605e+01 5.155429527229500319e-01
-4.750000000000000000e+00 2.554774941164093605e+01 5.155060394405054369e-01
-4.250000000000000000e+00 -2.554774941164094315e+01 5.155635444818116309e-01
-3.250000000000000000e+00 -2.554774941164094315e+01 5.155262507695959062e-01
-2.750000000000000000e+00 -2.468172400785650566e+01 4.735630412773554898e-01
-1.750000000000000000e+00 -2.468172400785650566e+01 4.735140538594716508e-01
-4.250000000000000000e+00 -2.381569860407206463e+01 2.406122510690141270e-01
-3.250000000000000000e+00 -2.381569860407206463e+01 2.405304811576261248e-01
-2.750000000000000000e+00 -2.294967320028762714e+01 4.360555111050337662e-01
-1.750000000000000000e+00 -2.294967320028762714e+01 4.358489738484263021e-01
-4.250000000000000000e+00 -2.208364779650318965e+01 4.727279892910435377e-01
-3.250000000000000000e+00 -2.208364779650318965e+01 4.723608867590312621e-01
-2.750000000000000000e+00 -2.121762239271875217e+01 7.180443719751019582e-01
-1.750000000000000000e+00 -2.121762239271875217e+01 7.174202517266319301e-01
-4.250000000000000000e+00 -2.035159698893431113e+01 5.529663356494283200e-01
-3.250000000000000000e+00 -2.035159698893431113e+01 5.519493041069754025e-01
-2.750000000000000000e+00 -1.948557158514987364e+01 7.580643429466377148e-01
-1.750000000000000000e+00 -1.948557158514987364e+01 7.558522054865050022e-01
-4.250000000000000000e+00 -1.861954618136543615e+01 1.004473881589508899e+00
-3.250000000000000000e+00 -1.861954618136543615e+01 1.002454815806777644e+00
-2.750000000000000000e+00 -1.775352077758099512e+01 8.280631402968439136e-01
-1.750000000000000000e+00 -1.775352077758099512e+01 8.227789689837343712e-01
-4.250000000000000000e+00 -1.688749537379655763e+01 1.043113615685020257e+00
-3.250000000000000000e+00 -1.688749537379655763e+01 1.037273454389392224e+00
-2.750000000000000000e+00 -1.602146997001212014e+01 1.085950735295728498e+00
-1.750000000000000000e+00 -1.602146997001212014e+01 1.078670699913053754e+00
-4.250000000000000000e+00 -1.515544456622767733e+01 1.234767938726059056e+00
-3.250000000000000000e+00 -1.515544456622767733e+01 1.218135317070984769e+00
-2.750000000000000000e+00 -1.428941916244323806e+01 1.242007231329956829e+00
-1.750000000000000000e+00 -1.428941916244323806e+01 1.229219414751580919e+00
-4.250000000000000000e+00 -1.342339375865880058e+01 1.245235618479904716e+00
-3.250000000000000000e+00 -1.342339375865880058e+01 1.228693244454061251e+00
-2.750000000000000000e+00 -1.255736835487436132e+01 1.588332148659981291e+00
-1.750000000000000000e+00 -1.255736835487436132e+01 1.555241142709578694e+00
-4.250000000000000000e+00 -1.169134295108992383e+01 1.350251248493260725e+00
-3.250000000000000000e+00 -1.169134295108992383e+01 1.385281101005088722e+00
-2.750000000000000000e+00 -1.082531754730548457e+01 1.402529318486449350e+00
-1.750000000000000000e+00 -1.082531754730548457e+01 1.415108522213287090e+00
-4.250000000000000000e+00 -9.959292143521047080e+00 1.696184998032965296e+00
-3.250000000000000000e+00 -9.959292143521047080e+00 1.700323083000631286e+00
-2.750000000000000000e+00 -9.093266739736607818e+00 1.270441794544163283e+00
-1.750000000000000000e+00 -9.093266739736607818e+00 1.453153507587584103e+00
-4.250000000000000000e+00 -8.227241335952170331e+00 1.540009625064406862e+00
-3.250000000000000000e+00 -8.227241335952170331e+00 1.548138617160878194e+00
-2.750000000000000000e+00 -7.361215932167732845e+00 1.673754866390485319e+00
-1.750000000000000000e+00 -7.361215932167732845e+00 1.710687876525036177e+00
-4.250000000000000000e+00 -6.495190528383291806e+00 1.072476071519290475e+00
-3.250000000000000000e+00 -6.495190528383291806e+00 1.530152364801370624e+00
-2.750000000000000000e+00 -5.629165124598854320e+00 1.470807205060927547e+00
-1.750000000000000000e+00 -5.629165124598854320e+00 1.609976089607848548e+00
-4.250000000000000000e+00 -4.763139720814413280e+00 1.462708349567638955e+00
-3.250000000000000000e+00 -4.763139720814413280e+00 1.536612749027203240e+00
-2.750000000000000000e+00 -3.897114317029975794e+00 1.078616093794532604e+00
-1.750000000000000000e+00 -3.897114317029975794e+00 1.520719338835329060e+00
-4.250000000000000000e+00 -3.031088913245538308e+00 1.695606649122977094e+00
-3.250000000000000000e+00 -3.031088913245538308e+00 1.524055855339743859e+00
-2.750000000000000000e+00 -2.165063509461100821e+00 1.526225010739512111e+00
-1.750000000000000000e+00 -2.165063509461100821e+00 7.036432556683229755e-01
-4.250000000000000000e+00 -1.299038105676659782e+00 1.398170866465641815e+00
-3.250000000000000000e+00 -1.299038105676659782e+00 1.516422231707830415e+00
-2.750000000000000000e+00 -4.330127018922222959e-01 1.717793655443954570e+00
-1.750000000000000000e+00 -4.330127018922222959e-01 1.354771245647905520e+00
-4.250000000000000000e+00 4.330127018922151905e-01 1.321780838063666419e+00
-3.250000000000000000e+00 4.330127018922151905e-01 7.042365471009842670e-01
-2.750000000000000000e+00 1.299038105676652677e+00 1.718281058135299855e+00
-1.750000000000000000e+00 1.299038105676652677e+00 1.354993685141976156e+00
-4.250000000000000000e+00 2.165063509461093716e+00 1.396357789228226842e+00
-3.250000000000000000e+00 2.165063509461093716e+00 1.514361695610285663e+00
-2.750000000000000000e+00 3.031088913245531202e+00 1.527886902630743560e+00
-1.750000000000000000e+00 3.031088913245531202e+00 7.055712770399362732e-01
-4.250000000000000000e+00 3.897114317029972241e+00 1.692558172376571024e+00
-3.250000000000000000e+00 3.897114317029972241e+00 1.520514747074337203e+00
-2.750000000000000000e+00 4.763139720814409728e+00 1.076458357533969679e+00
-1.750000000000000000e+00 4.763139720814409728e+00 1.518073575083890958e+00
-4.250000000000000000e+00 5.629165124598847214e+00 1.469833137404769730e+00
-3.250000000000000000e+00 5.629165124598847214e+00 1.546275009718712790e+00
-2.750000000000000000e+00 6.495190528383284700e+00 1.442601075563851865e+00
-1.750000000000000000e+00 6.495190528383284700e+00 1.576788695439212962e+00
-4.250000000000000000e+00 7.361215932167725740e+00 1.092602134984817841e+00
-3.250000000000000000e+00 7.361215932167725740e+00 1.554852825231365809e+00
-2.750000000000000000e+00 8.227241335952166779e+00 1.652054950567305447e+00
-1.750000000000000000e+00 8.227241335952166779e+00 1.691002969511582910e+00
-4.250000000000000000e+00 9.093266739736600712e+00 1.457531351800857244e+00
-3.250000000000000000e+00 9.093266739736600712e+00 1.462261618168068100e+00
-2.750000000000000000e+00 9.959292143521041751e+00 1.364780357016478041e+00
-1.750000000000000000e+00 9.959292143521041751e+00 1.551056807713087293e+00
-4.250000000000000000e+00 1.082531754730548279e+01 1.537157205682529337e+00
-3.250000000000000000e+00 1.082531754730548279e+01 1.543231621866952175e+00
-2.750000000000000000e+00 1.169134295108992383e+01 1.316030289969476019e+00
-1.750000000000000000e+00 1.169134295108992383e+01 1.321575174535748687e+00
-4.250000000000000000e+00 1.255736835487435776e+01 1.466311158744371568e+00
-3.250000000000000000e+00 1.255736835487435776e+01 1.507170816106159439e+00
-2.750000000000000000e+00 1.342339375865879880e+01 1.294022132642495215e+00
-1.750000000000000000e+00 1.342339375865879880e+01 1.262110645752611227e+00
-4.250000000000000000e+00 1.428941916244323274e+01 1.212208371865317824e+00
-3.250000000000000000e+00 1.428941916244323274e+01 1.191752316050362914e+00
-2.750000000000000000e+00 1.515544456622767377e+01 1.215785224872502734e+00
-1.750000000000000000e+00 1.515544456622767377e+01 1.204834941188350550e+00
-4.250000000000000000e+00 1.602146997001211304e+01 1.100425191638211952e+00
-3.250000000000000000e+00 1.602146997001211304e+01 1.083127400292019704e+00
-2.750000000000000000e+00 1.688749537379655408e+01 1.028459700181696190e+00
-1.750000000000000000e+00 1.688749537379655408e+01 1.019206307999564798e+00
-4.250000000000000000e+00 1.775352077758098801e+01 8.286638927230874918e-01
-3.250000000000000000e+00 1.775352077758098801e+01 8.239945983366565585e-01
-2.750000000000000000e+00 1.861954618136542905e+01 1.003799384475438927e+00
-1.750000000000000000e+00 1.861954618136542905e+01 9.987599635631643213e-01
-4.250000000000000000e+00 1.948557158514986298e+01 7.554474660680823295e-01
-3.250000000000000000e+00 1.948557158514986298e+01 7.533514786984863987e-01
-2.750000000000000000e+00 2.035159698893430402e+01 5.534530945826713344e-01
-1.750000000000000000e+00 2.035159698893430402e+01 5.516728193380104894e-01
-4.250000000000000000e+00 2.121762239271873796e+01 7.173786021716077599e-01
-3.250000000000000000e+00 2.121762239271873796e+01 7.165114806166830164e-01
-2.750000000000000000e+00 2.208364779650317899e+01 4.725670737898750584e-01
-1.750000000000000000e+00 2.208364779650317899e+01 4.720523643414655801e-01
-4.250000000000000000e+00 2.294967320028762003e+01 4.360566648659726652e-01
-3.250000000000000000e+00 2.294967320028762003e+01 4.357904350886510625e-01
-2.750000000000000000e+00 2.381569860407206107e+01 2.405141390127786272e-01
-1.750000000000000000e+00 2.381569860407206107e+01 2.403773684198166338e-01
-4.250000000000000000e+00 2.468172400785649501e+01 4.735774578967618109e-01
-3.250000000000000000e+00 2.468172400785649501e+01 4.735217481040854270e-01
-2.750000000000000000e+00 2.554774941164093605e+01 5.155479264041545884e-01
-1.750000000000000000e+00 2.554774941164093605e+01 5.154718505251140170e-01
-1.250000000000000000e+00 -2.554774941164094315e+01 5.155620613040542422e-01
-2.500000000000000000e-01 -2.554774941164094315e+01 5.155108193450333998e-01
2.500000000000000000e-01 -2.468172400785650566e+01 4.735544493166201629e-01
1.250000000000000000e+00 -2.468172400785650566e+01 4.735093395847396192e-01
-1.250000000000000000e+00 -2.381569860407206463e+01 2.406075656971657928e-01
-2.500000000000000000e-01 -2.381569860407206463e+01 2.405056398622912317e-01
2.500000000000000000e-01 -2.294967320028762714e+01 4.360458220038181398e-01
1.250000000000000000e+00 -2.294967320028762714e+01 4.358263665248542917e-01
-1.250000000000000000e+00 -2.208364779650318965e+01 4.726376475220899764e-01
-2.500000000000000000e-01 -2.208364779650318965e+01 4.722438613185010459e-01
2.500000000000000000e-01 -2.121762239271875217e+01 7.180990766879513654e-01
1.250000000000000000e+00 -2.121762239271875217e+01 7.174404892657442190e-01
-1.250000000000000000e+00 -2.035159698893431113e+01 5.527494393006626705e-01
-2.500000000000000000e-01 -2.035159698893431113e+01 5.515523425977363337e-01
2.500000000000000000e-01 -1.948557158514987364e+01 7.578940281567100312e-01
1.250000000000000000e+00 -1.948557158514987364e+01 7.559296156792296717e-01
-1.250000000000000000e+00 -1.861954618136543615e+01 1.004967054024825002e+00
-2.500000000000000000e-01 -1.861954618136543615e+01 1.002073963882411656e+00
2.500000000000000000e-01 -1.775352077758099512e+01 8.272217146112895714e-01
1.250000000000000000e+00 -1.775352077758099512e+01 8.222833709172644445e-01
-1.250000000000000000e+00 -1.688749537379655763e+01 1.044732805639229323e+00
-2.500000000000000000e-01 -1.688749537379655763e+01 1.036358055183874249e+00
2.500000000000000000e-01 -1.602146997001212014e+01 1.088055686709525904e+00
1.250000000000000000e+00 -1.602146997001212014e+01 1.078506418560615687e+00
-1.250000000000000000e+00 -1.515544456622767733e+01 1.228903265452225169e+00
-2.500000000000000000e-01 -1.515544456622767733e+01 1.212228458235276252e+00
2.500000000000000000e-01 -1.428941916244323806e+01 1.251616774498712559e+00
1.250000000000000000e+00 -1.428941916244323806e+01 1.230507332323999004e+00
-1.250000000000000000e+00 -1.342339375865880058e+01 1.226542437036993061e+00
-2.500000000000000000e-01 -1.342339375865880058e+01 1.216173082793175597e+00
2.500000000000000000e-01 -1.255736835487436132e+01 1.578109236574420482e+00
1.250000000000000000e+00 -1.255736835487436132e+01 1.554284020083199991e+00
-1.250000000000000000e+00 -1.169134295108992383e+01 1.376531052754246698e+00
-2.500000000000000000e-01 -1.169134295108992383e+01 1.376757768011198202e+00
2.500000000000000000e-01 -1.082531754730548457e+01 1.376300607761499872e+00
1.250000000000000000e+00 -1.082531754730548457e+01 1.414565637913423712e+00
-1.250000000000000000e+00 -9.959292143521047080e+00 1.716976492225636308e+00
-2.500000000000000000e-01 -9.959292143521047080e+00 1.701006918179438721e+00
2.500000000000000000e-01 -9.093266739736607818e+00 1.394749907363557195e+00
1.250000000000000000e+00 -9.093266739736607818e+00 1.455007484658300321e+00
-1.250000000000000000e+00 -8.227241335952170331e+00 1.372487866509445986e+00
-2.500000000000000000e-01 -8.227241335952170331e+00 1.545179837681609936e+00
2.500000000000000000e-01 -7.361215932167732845e+00 1.718887666840790418e+00
1.250000000000000000e+00 -7.361215932167732845e+00 1.710927781684067783e+00
-1.250000000000000000e+00 -6.495190528383291806e+00 1.155757652322194184e+00
-2.500000000000000000e-01 -6.495190528383291806e+00 1.497800338747631521e+00
2.500000000000000000e-01 -5.629165124598854320e+00 1.274342451966711032e+00
1.250000000000000000e+00 -5.629165124598854320e+00 1.609759455167130593e+00
-1.250000000000000000e+00 -4.763139720814413280e+00 1.690012341131271523e+00
-2.500000000000000000e-01 -4.763139720814413280e+00 1.385861766664540751e+00
2.500000000000000000e-01 -3.897114317029975794e+00 1.394540822627307719e+00
1.250000000000000000e+00 -3.897114317029975794e+00 1.520690512030315800e+00
-1.250000000000000000e+00 -3.031088913245538308e+00 1.527689748717850238e+00
-2.500000000000000000e-01 -3.031088913245538308e+00 1.517340107423233553e+00
2.500000000000000000e-01 -2.165063509461100821e+00 1.716597791208819945e+00
1.250000000000000000e+00 -2.165063509461100821e+00 7.034880377010029884e-01
-1.250000000000000000e+00 -1.299038105676659782e+00 1.587301891787664676e+00
-2.500000000000000000e-01 -1.299038105676659782e+00 1.355082188470391635e+00
2.500000000000000000e-01 -4.330127018922222959e-01 1.739193241339886953e+00
1.250000000000000000e+00 -4.330127018922222959e-01 1.354771245647911071e+00
-1.250000000000000000e+00 4.330127018922151905e-01 1.739244782637234144e+00
-2.500000000000000000e-01 4.330127018922151905e-01 5.413043854741020568e-07
2.500000000000000000e-01 1.299038105676652677e+00 1.739819696410396688e+00
1.250000000000000000e+00 1.299038105676652677e+00 1.354915609743240434e+00
-1.250000000000000000e+00 2.165063509461093716e+00 1.586016409858204357e+00
-2.500000000000000000e-01 2.165063509461093716e+00 1.354006676068546078e+00
2.500000000000000000e-01 3.031088913245531202e+00 1.718854719779334017e+00
1.250000000000000000e+00 3.031088913245531202e+00 7.054538290407761369e-01
-1.250000000000000000e+00 3.897114317029972241e+00 1.525652479486528490e+00
-2.500000000000000000e-01 3.897114317029972241e+00 1.512707196147707656e+00
2.500000000000000000e-01 4.763139720814409728e+00 1.394221963622976235e+00
1.250000000000000000e+00 4.763139720814409728e+00 1.518709416193527506e+00
-1.250000000000000000e+00 5.629165124598847214e+00 1.698970053431626104e+00
-2.500000000000000000e-01 5.629165124598847214e+00 1.392981145668132248e+00
2.500000000000000000e-01 6.495190528383284700e+00 1.245488463669190082e+00
1.250000000000000000e+00 6.495190528383284700e+00 1.578667915626945639e+00
-1.250000000000000000e+00 7.361215932167725740e+00 1.183250862844153151e+00
-2.500000000000000000e-01 7.361215932167725740e+00 1.521734500938102919e+00
2.500000000000000000e-01 8.227241335952166779e+00 1.699840204403866073e+00
1.250000000000000000e+00 8.227241335952166779e+00 1.690742782348744644e+00
-1.250000000000000000e+00 9.093266739736600712e+00 1.296295170924867346e+00
-2.500000000000000000e-01 9.093266739736600712e+00 1.461574996791634717e+00
2.500000000000000000e-01 9.959292143521041751e+00 1.497234024392668950e+00
1.250000000000000000e+00 9.959292143521041751e+00 1.550201718185638455e+00
-1.250000000000000000e+00 1.082531754730548279e+01 1.559853690716041630e+00
-2.500000000000000000e-01 1.082531754730548279e+01 1.545401143091674534e+00
2.500000000000000000e-01 1.169134295108992383e+01 1.290164858588837671e+00
1.250000000000000000e+00 1.169134295108992383e+01 1.325885135060436149e+00
-1.250000000000000000e+00 1.255736835487435776e+01 1.495575184109350086e+00
-2.500000000000000000e-01 1.255736835487435776e+01 1.494458454338293718e+00
2.500000000000000000e-01 1.342339375865879880e+01 1.283643377058433455e+00
1.250000000000000000e+00 1.342339375865879880e+01 1.262847442724073899e+00
-1.250000000000000000e+00 1.428941916244323274e+01 1.194130882988875930e+00
-2.500000000000000000e-01 1.428941916244323274e+01 1.179816962676610625e+00
2.500000000000000000e-01 1.515544456622767377e+01 1.226155026753419142e+00
1.250000000000000000e+00 1.515544456622767377e+01 1.202972249256803794e+00
-1.250000000000000000e+00 1.602146997001211304e+01 1.094857191676698260e+00
-2.500000000000000000e-01 1.602146997001211304e+01 1.079754985354307140e+00
2.500000000000000000e-01 1.688749537379655408e+01 1.030034163048369811e+00
1.250000000000000000e+00 1.688749537379655408e+01 1.020146405200420991e+00
-1.250000000000000000e+00 1.775352077758098801e+01 8.300548506214621147e-01
-2.500000000000000000e-01 1.775352077758098801e+01 8.220015287809101512e-01
2.500000000000000000e-01 1.861954618136542905e+01 1.003238669438869746e+00
1.250000000000000000e+00 1.861954618136542905e+01 9.990543101407994842e-01
-1.250000000000000000e+00 1.948557158514986298e+01 7.555828936887852842e-01
-2.500000000000000000e-01 1.948557158514986298e+01 7.524280704632548833e-01
2.500000000000000000e-01 2.035159698893430402e+01 5.534461496862799201e-01
1.250000000000000000e+00 2.035159698893430402e+01 5.513283856322270804e-01
-1.250000000000000000e+00 2.121762239271873796e+01 7.172894681722566945e-01
-2.500000000000000000e-01 2.121762239271873796e+01 7.162051290742577070e-01
2.500000000000000000e-01 2.208364779650317899e+01 4.726452837659037565e-01
1.250000000000000000e+00 2.208364779650317899e+01 4.719436842680392874e-01
-1.250000000000000000e+00 2.294967320028762003e+01 4.360560461984268055e-01
-2.500000000000000000e-01 2.294967320028762003e+01 4.356571578613946949e-01
2.500000000000000000e-01 2.381569860407206107e+01 2.405425946423356831e-01
1.250000000000000000e+00 2.381569860407206107e+01 2.403454295997393131e-01
-1.250000000000000000e+00 2.468172400785649501e+01 4.735817667416588606e-01
-2.500000000000000000e-01 2.468172400785649501e+01 4.734907365042380079e-01
2.500000000000000000e-01 2.554774941164093605e+01 5.155539599662866124e-01
1.250000000000000000e+00 2.554774941164093605e+01 5.154418897150621071e-01
1.750000000000000000e+00 -2.554774941164094315e+01 5.155598808352312989e-01
2.750000000000000000e+00 -2.554774941164094315e+01 5.155040067469998100e-01
3.250000000000000000e+00 -2.468172400785650566e+01 4.735534828805570973e-01
4.250000000000000000e+00 -2.468172400785650566e+01 4.735282454436612332e-01
1.750000000000000000e+00 -2.381569860407206463e+01 2.406061300122783186e-01
2.750000000000000000e+00 -2.381569860407206463e+01 2.405134317077996242e-01
3.250000000000000000e+00 -2.294967320028762714e+01 4.360413174172682593e-01
4.250000000000000000e+00 -2.294967320028762714e+01 4.358828306401677510e-01
1.750000000000000000e+00 -2.208364779650318965e+01 4.726097235377306749e-01
2.750000000000000000e+00 -2.208364779650318965e+01 4.723443362274188373e-01
3.250000000000000000e+00 -2.121762239271875217e+01 7.180943466661113828e-01
4.250000000000000000e+00 -2.121762239271875217e+01 7.175822514351928305e-01
1.750000000000000000e+00 -2.035159698893431113e+01 5.527773487532580132e-01
2.750000000000000000e+00 -2.035159698893431113e+01 5.517649233982425683e-01
3.250000000000000000e+00 -1.948557158514987364e+01 7.579215372218748303e-01
4.250000000000000000e+00 -1.948557158514987364e+01 7.567619211368853405e-01
1.750000000000000000e+00 -1.861954618136543615e+01 1.005581125311397095e+00
2.750000000000000000e+00 -1.861954618136543615e+01 1.002559425299304863e+00
3.250000000000000000e+00 -1.775352077758099512e+01 8.282146635856262318e-01
4.250000000000000000e+00 -1.775352077758099512e+01 8.251441179863202580e-01
1.750000000000000000e+00 -1.688749537379655763e+01 1.045141446951267428e+00
2.750000000000000000e+00 -1.688749537379655763e+01 1.038080082371364954e+00
3.250000000000000000e+00 -1.602146997001212014e+01 1.093273666510239828e+00
4.250000000000000000e+00 -1.602146997001212014e+01 1.084348705690309611e+00
1.750000000000000000e+00 -1.515544456622767733e+01 1.227928832129006498e+00
2.750000000000000000e+00 -1.515544456622767733e+01 1.216615260580216962e+00
3.250000000000000000e+00 -1.428941916244323806e+01 1.257095342904502200e+00
4.250000000000000000e+00 -1.428941916244323806e+01 1.237327855971114277e+00
1.750000000000000000e+00 -1.342339375865880058e+01 1.241287794646217302e+00
2.750000000000000000e+00 -1.342339375865880058e+01 1.227990410829705281e+00
3.250000000000000000e+00 -1.255736835487436132e+01 1.576207660275899203e+00
4.250000000000000000e+00 -1.255736835487436132e+01 1.565141308680159105e+00
1.750000000000000000e+00 -1.169134295108992383e+01 1.422801984358886607e+00
2.750000000000000000e+00 -1.169134295108992383e+01 1.388502552293294778e+00
3.250000000000000000e+00 -1.082531754730548457e+01 1.432310431505964265e+00
4.250000000000000000e+00 -1.082531754730548457e+01 1.450711748711860372e+00
1.750000000000000000e+00 -9.959292143521047080e+00 1.699430559293977128e+00
2.750000000000000000e+00 -9.959292143521047080e+00 1.700151888574799486e+00
3.250000000000000000e+00 -9.093266739736607818e+00 1.531325638635255615e+00
4.250000000000000000e+00 -9.093266739736607818e+00 1.484843178064883862e+00
1.750000000000000000e+00 -8.227241335952170331e+00 1.366041801828978386e+00
2.750000000000000000e+00 -8.227241335952170331e+00 1.547620342469045784e+00
3.250000000000000000e+00 -7.361215932167732845e+00 1.661791311237476476e+00
4.250000000000000000e+00 -7.361215932167732845e+00 1.722042274302131748e+00
1.750000000000000000e+00 -6.495190528383291806e+00 1.458726626476318788e+00
2.750000000000000000e+00 -6.495190528383291806e+00 1.531168839057694075e+00
3.250000000000000000e+00 -5.629165124598854320e+00 1.270460277275207162e+00
4.250000000000000000e+00 -5.629165124598854320e+00 1.561603498300134563e+00
1.750000000000000000e+00 -4.763139720814413280e+00 1.660728124499573077e+00
2.750000000000000000e+00 -4.763139720814413280e+00 1.536480019778073913e+00
3.250000000000000000e+00 -3.897114317029975794e+00 1.662755459442470496e+00
4.250000000000000000e+00 -3.897114317029975794e+00 1.602730105109305914e+00
1.750000000000000000e+00 -3.031088913245538308e+00 1.323560614774893063e+00
2.750000000000000000e+00 -3.031088913245538308e+00 1.523756942672395143e+00
3.250000000000000000e+00 -2.165063509461100821e+00 1.396856563808013041e+00
4.250000000000000000e+00 -2.165063509461100821e+00 1.388000366186032952e+00
1.750000000000000000e+00 -1.299038105676659782e+00 1.718335720704833980e+00
2.750000000000000000e+00 -1.299038105676659782e+00 1.516354244885051328e+00
3.250000000000000000e+00 -4.330127018922222959e-01 1.527372337417167492e+00
4.250000000000000000e+00 -4.330127018922222959e-01 1.522516069331838695e+00
1.750000000000000000e+00 4.330127018922151905e-01 1.586854807890338614e+00
2.750000000000000000e+00 4.330127018922151905e-01 7.042365471009853772e-01
3.250000000000000000e+00 1.299038105676652677e+00 1.527201761538826474e+00
4.250000000000000000e+00 1.299038105676652677e+00 1.523637594595694145e+00
1.750000000000000000e+00 2.165063509461093716e+00 1.716519451568856214e+00
2.750000000000000000e+00 2.165063509461093716e+00 1.514653383928487029e+00
3.250000000000000000e+00 3.031088913245531202e+00 1.398613778272547403e+00
4.250000000000000000e+00 3.031088913245531202e+00 1.391036386725023721e+00
1.750000000000000000e+00 3.897114317029972241e+00 1.318215496385810148e+00
2.750000000000000000e+00 3.897114317029972241e+00 1.521155726848052891e+00
3.250000000000000000e+00 4.763139720814409728e+00 1.659662489542921060e+00
4.250000000000000000e+00 4.763139720814409728e+00 1.600509055143051418e+00
1.750000000000000000e+00 5.629165124598847214e+00 1.668549244777632001e+00
2.750000000000000000e+00 5.629165124598847214e+00 1.546304825660204552e+00
3.250000000000000000e+00 6.495190528383284700e+00 1.233599289820217493e+00
4.250000000000000000e+00 6.495190528383284700e+00 1.532300601336460177e+00
1.750000000000000000e+00 7.361215932167725740e+00 1.486812946622767972e+00
2.750000000000000000e+00 7.361215932167725740e+00 1.555758125280971127e+00
3.250000000000000000e+00 8.227241335952166779e+00 1.639690612748991638e+00
4.250000000000000000e+00 8.227241335952166779e+00 1.703261449299051433e+00
1.750000000000000000e+00 9.093266739736600712e+00 1.282864291303406734e+00
2.750000000000000000e+00 9.093266739736600712e+00 1.467626056897564535e+00
3.250000000000000000e+00 9.959292143521041751e+00 1.631563511213236506e+00
4.250000000000000000e+00 9.959292143521041751e+00 1.581897090266740191e+00
1.750000000000000000e+00 1.082531754730548279e+01 1.540916692484390005e+00
2.750000000000000000e+00 1.082531754730548279e+01 1.543346024400867433e+00
3.250000000000000000e+00 1.169134295108992383e+01 1.339868149235729389e+00
4.250000000000000000e+00 1.169134295108992383e+01 1.364662001406964364e+00
1.750000000000000000e+00 1.255736835487435776e+01 1.544711873700259641e+00
2.750000000000000000e+00 1.255736835487435776e+01 1.504287941715222399e+00
3.250000000000000000e+00 1.342339375865879880e+01 1.280051755367619837e+00
4.250000000000000000e+00 1.342339375865879880e+01 1.270280646698577653e+00
1.750000000000000000e+00 1.428941916244323274e+01 1.207309212613141503e+00
2.750000000000000000e+00 1.428941916244323274e+01 1.196300478841334058e+00
3.250000000000000000e+00 1.515544456622767377e+01 1.232165562365999278e+00
4.250000000000000000e+00 1.515544456622767377e+01 1.209732383032665837e+00
1.750000000000000000e+00 1.602146997001211304e+01 1.093402197890430250e+00
2.750000000000000000e+00 1.602146997001211304e+01 1.084231616290331379e+00
3.250000000000000000e+00 1.688749537379655408e+01 1.035891693053226259e+00
4.250000000000000000e+00 1.688749537379655408e+01 1.028528098762528931e+00
1.750000000000000000e+00 1.775352077758098801e+01 8.306161358947367068e-01
2.750000000000000000e+00 1.775352077758098801e+01 8.223853805463051669e-01
3.250000000000000000e+00 1.861954618136542905e+01 1.004480099451369624e+00
4.250000000000000000e+00 1.861954618136542905e+01 1.001643277720175362e+00
1.750000000000000000e+00 1.948557158514986298e+01 7.564166236958607126e-01
2.750000000000000000e+00 1.948557158514986298e+01 7.533048627075228376e-01
3.250000000000000000e+00 2.035159698893430402e+01 5.534377371066465656e-01
4.250000000000000000e+00 2.035159698893430402e+01 5.517580920750707607e-01
1.750000000000000000e+00 2.121762239271873796e+01 7.175230190834598343e-01
2.750000000000000000e+00 2.121762239271873796e+01 7.164911269743378108e-01
3.250000000000000000e+00 2.208364779650317899e+01 4.726917826422847302e-01
4.250000000000000000e+00 2.208364779650317899e+01 4.721149941012142137e-01
1.750000000000000000e+00 2.294967320028762003e+01 4.360667872254953004e-01
2.750000000000000000e+00 2.294967320028762003e+01 4.356506629084188065e-01
3.250000000000000000e+00 2.381569860407206107e+01 2.405700657480739080e-01
4.250000000000000000e+00 2.381569860407206107e+01 2.403804107973653847e-01
1.750000000000000000e+00 2.468172400785649501e+01 4.735790128247255870e-01
2.750000000000000000e+00 2.468172400785649501e+01 4.734834617906281684e-01
3.250000000000000000e+00 2.554774941164093605e+01 5.155540333356467553e-01
4.250000000000000000e+00 2.554774941164093605e+01 5.154389112678670060e-01
4.750000000000000000e+00 -2.554774941164094315e+01 5.155569487136848483e-01
5.750000000000000000e+00 -2.554774941164094315e+01 5.155159338767175692e-01
6.250000000000000000e+00 -2.468172400785650566e+01 4.735607507024944818e-01
7.250000000000000000e+00 -2.468172400785650566e+01 4.735553724915022578e-01
4.750000000000000000e+00 -2.381569860407206463e+01 2.406098954801682011e-01
5.750000000000000000e+00 -2.381569860407206463e+01 2.405442236121104471e-01
6.250000000000000000e+00 -2.294967320028762714e+01 4.360509264971446086e-01
7.250000000000000000e+00 -2.294967320028762714e+01 4.359851805240173017e-01
4.750000000000000000e+00 -2.208364779650318965e+01 4.726732179665422695e-01
5.750000000000000000e+00 -2.208364779650318965e+01 4.725555138492411045e-01
6.250000000000000000e+00 -2.121762239271875217e+01 7.180601095817493729e-01
7.250000000000000000e+00 -2.121762239271875217e+01 7.177530357053160115e-01
4.750000000000000000e+00 -2.035159698893431113e+01 5.529973135326468059e-01
5.750000000000000000e+00 -2.035159698893431113e+01 5.524768211498534143e-01
6.250000000000000000e+00 -1.948557158514987364e+01 7.580563247900491408e-01
7.250000000000000000e+00 -1.948557158514987364e+01 7.574193406268660000e-01
4.750000000000000000e+00 -1.861954618136543615e+01 1.005913411531806911e+00
5.750000000000000000e+00 -1.861954618136543615e+01 1.003763272762995484e+00
6.250000000000000000e+00 -1.775352077758099512e+01 8.296690374885955510e-01
7.250000000000000000e+00 -1.775352077758099512e+01 8.285667961582336982e-01
4.750000000000000000e+00 -1.688749537379655763e+01 1.045127035607799071e+00
5.750000000000000000e+00 -1.688749537379655763e+01 1.040501816023358339e+00
6.250000000000000000e+00 -1.602146997001212014e+01 1.097461547983827224e+00
7.250000000000000000e+00 -1.602146997001212014e+01 1.092662105131531280e+00
4.750000000000000000e+00 -1.515544456622767733e+01 1.231640996273625666e+00
5.750000000000000000e+00 -1.515544456622767733e+01 1.226458095146193639e+00
6.250000000000000000e+00 -1.428941916244323806e+01 1.259223288101714910e+00
7.250000000000000000e+00 -1.428941916244323806e+01 1.244949979798863460e+00
4.750000000000000000e+00 -1.342339375865880058e+01 1.265901303097142883e+00
5.750000000000000000e+00 -1.342339375865880058e+01 1.254417424012695292e+00
6.250000000000000000e+00 -1.255736835487436132e+01 1.581906047378931701e+00
7.250000000000000000e+00 -1.255736835487436132e+01 1.575445489593276349e+00
4.750000000000000000e+00 -1.169134295108992383e+01 1.451599985923279768e+00
5.750000000000000000e+00 -1.169134295108992383e+01 1.408701525991381098e+00
6.250000000000000000e+00 -1.082531754730548457e+01 1.493615016428415210e+00
7.250000000000000000e+00 -1.082531754730548457e+01 1.497126534329833447e+00
4.750000000000000000e+00 -9.959292143521047080e+00 1.689425093713430748e+00
5.750000000000000000e+00 -9.959292143521047080e+00 1.696807868998495339e+00
6.250000000000000000e+00 -9.093266739736607818e+00 1.590812856609957304e+00
7.250000000000000000e+00 -9.093266739736607818e+00 1.510216405301322951e+00
4.750000000000000000e+00 -8.227241335952170331e+00 1.472267482418798457e+00
5.750000000000000000e+00 -8.227241335952170331e+00 1.566159392887455537e+00
6.250000000000000000e+00 -7.361215932167732845e+00 1.634869088324681030e+00
7.250000000000000000e+00 -7.361215932167732845e+00 1.704580224483603912e+00
4.750000000000000000e+00 -6.495190528383291806e+00 1.636178299908525702e+00
5.750000000000000000e+00 -6.495190528383291806e+00 1.541958470198417697e+00
6.250000000000000000e+00 -5.629165124598854320e+00 1.394170043151944371e+00
7.250000000000000000e+00 -5.629165124598854320e+00 1.562063495725615203e+00
4.750000000000000000e+00 -4.763139720814413280e+00 1.482932628986311618e+00
5.750000000000000000e+00 -4.763139720814413280e+00 1.707568986222378182e+00
6.250000000000000000e+00 -3.897114317029975794e+00 1.718906071691558513e+00
7.250000000000000000e+00 -3.897114317029975794e+00 1.563242294433420110e+00
4.750000000000000000e+00 -3.031088913245538308e+00 1.272958908394942634e+00
5.750000000000000000e+00 -3.031088913245538308e+00 1.524853867981697420e+00
6.250000000000000000e+00 -2.165063509461100821e+00 1.180371288514113326e+00
7.250000000000000000e+00 -2.165063509461100821e+00 1.711361405226087484e+00
4.750000000000000000e+00 -1.299038105676659782e+00 1.694962428084642259e+00
5.750000000000000000e+00 -1.299038105676659782e+00 1.605624869439091773e+00
6.250000000000000000e+00 -4.330127018922222959e-01 1.466287860752282013e+00
7.250000000000000000e+00 -4.330127018922222959e-01 1.557459733381955314e+00
4.750000000000000000e+00 4.330127018922151905e-01 1.080480158008111369e+00
5.750000000000000000e+00 4.330127018922151905e-01 1.541306027188970251e+00
6.250000000000000000e+00 1.299038105676652677e+00 1.467921521309733190e+00
7.250000000000000000e+00 1.299038105676652677e+00 1.557885186972062241e+00
4.750000000000000000e+00 2.165063509461093716e+00 1.693483286380397912e+00
5.750000000000000000e+00 2.165063509461093716e+00 1.603647795965107203e+00
6.250000000000000000e+00 3.031088913245531202e+00 1.185118123663495338e+00
7.250000000000000000e+00 3.031088913245531202e+00 1.713638743057306346e+00
4.750000000000000000e+00 3.897114317029972241e+00 1.268086592704706250e+00
5.750000000000000000e+00 3.897114317029972241e+00 1.521890776701305903e+00
6.250000000000000000e+00 4.763139720814409728e+00 1.716149444826944981e+00
7.250000000000000000e+00 4.763139720814409728e+00 1.560797826582328574e+00
4.750000000000000000e+00 5.629165124598847214e+00 1.492002664759612962e+00
5.750000000000000000e+00 5.629165124598847214e+00 1.717442557001675363e+00
6.250000000000000000e+00 6.495190528383284700e+00 1.360826787838567808e+00
7.250000000000000000e+00 6.495190528383284700e+00 1.529996597917171908e+00
4.750000000000000000e+00 7.361215932167725740e+00 1.659513549468241811e+00
5.750000000000000000e+00 7.361215932167725740e+00 1.567633271479469403e+00
6.250000000000000000e+00 8.227241335952166779e+00 1.616441114007095337e+00
7.250000000000000000e+00 8.227241335952166779e+00 1.684772384799757328e+00
4.750000000000000000e+00 9.093266739736600712e+00 1.383005355789173940e+00
5.750000000000000000e+00 9.093266739736600712e+00 1.485108715737136098e+00
6.250000000000000000e+00 9.959292143521041751e+00 1.687320780896340411e+00
7.250000000000000000e+00 9.959292143521041751e+00 1.610583742993625167e+00
4.750000000000000000e+00 1.082531754730548279e+01 1.529981255287051312e+00
5.750000000000000000e+00 1.082531754730548279e+01 1.537699742464526453e+00
6.250000000000000000e+00 1.169134295108992383e+01 1.400923156214289422e+00
7.250000000000000000e+00 1.169134295108992383e+01 1.408620308812761124e+00
4.750000000000000000e+00 1.255736835487435776e+01 1.571834239064612060e+00
5.750000000000000000e+00 1.255736835487435776e+01 1.527991755419074282e+00
6.250000000000000000e+00 1.342339375865879880e+01 1.286773058653305934e+00
7.250000000000000000e+00 1.342339375865879880e+01 1.278404250588941249e+00
4.750000000000000000e+00 1.428941916244323274e+01 1.231497389593142699e+00
5.750000000000000000e+00 1.428941916244323274e+01 1.223999958271951183e+00
6.250000000000000000e+00 1.515544456622767377e+01 1.234310565891170164e+00
7.250000000000000000e+00 1.515544456622767377e+01 1.220247345890100865e+00
4.750000000000000000e+00 1.602146997001211304e+01 1.097136381535462668e+00
5.750000000000000000e+00 1.602146997001211304e+01 1.091574414035471730e+00
6.250000000000000000e+00 1.688749537379655408e+01 1.041041296227179336e+00
7.250000000000000000e+00 1.688749537379655408e+01 1.037240432145639657e+00
4.750000000000000000e+00 1.775352077758098801e+01 8.307137023779730400e-01
5.750000000000000000e+00 1.775352077758098801e+01 8.251932136380379923e-01
6.250000000000000000e+00 1.861954618136542905e+01 1.005908459219910789e+00
7.250000000000000000e+00 1.861954618136542905e+01 1.004323417998886026e+00
4.750000000000000000e+00 1.948557158514986298e+01 7.572497824554361712e-01
5.750000000000000000e+00 1.948557158514986298e+01 7.553109216809412718e-01
6.250000000000000000e+00 2.035159698893430402e+01 5.534533083478098137e-01
7.250000000000000000e+00 2.035159698893430402e+01 5.525868285350181708e-01
4.750000000000000000e+00 2.121762239271873796e+01 7.178289943940703299e-01
5.750000000000000000e+00 2.121762239271873796e+01 7.171378687719106582e-01
6.250000000000000000e+00 2.208364779650317899e+01 4.727280294999289256e-01
7.250000000000000000e+00 2.208364779650317899e+01 4.724253037847138126e-01
4.750000000000000000e+00 2.294967320028762003e+01 4.360781967526696223e-01
5.750000000000000000e+00 2.294967320028762003e+01 4.357993463524243438e-01
6.250000000000000000e+00 2.381569860407206107e+01 2.405911287692742984e-01
7.250000000000000000e+00 2.381569860407206107e+01 2.404682700132169393e-01
4.750000000000000000e+00 2.468172400785649501e+01 4.735740887748623451e-01
5.750000000000000000e+00 2.468172400785649501e+01 4.735134811437549107e-01
6.250000000000000000e+00 2.554774941164093605e+01 5.155542632136095316e-01
7.250000000000000000e+00 2.554774941164093605e+01 5.154773856516152719e-01
