-7.250000000000000000e+00 -2.554774941164094315e+01 2.326961683722276741e-01
-6.250000000000000000e+00 -2.554774941164094315e+01 2.326960987478350062e-01
-5.750000000000000000e+00 -2.468172400785650566e+01 2.177251977416062023e-01
-4.750000000000000000e+00 -2.468172400785650566e+01 2.177251007755330592e-01
-7.250000000000000000e+00 -2.381569860407206463e+01 3.641859064621329883e-02
-6.250000000000000000e+00 -2.381569860407206463e+01 3.641850321195858053e-02
-5.750000000000000000e+00 -2.294967320028762714e+01 1.416693324579202662e-01
-4.750000000000000000e+00 -2.294967320028762714e+01 1.416689444398968878e-01
-7.250000000000000000e+00 -2.208364779650318965e+01 1.045348620248459232e-01
-6.250000000000000000e+00 -2.208364779650318965e+01 1.045343102512313466e-01
-5.750000000000000000e+00 -2.121762239271875217e+01 4.258177499235606123e-02
-4.750000000000000000e+00 -2.121762239271875217e+01 4.258078797856056086e-02
-7.250000000000000000e+00 -2.035159698893431113e+01 6.285445499443073625e-02
-6.250000000000000000e+00 -2.035159698893431113e+01 6.285248380893787568e-02
-5.750000000000000000e+00 -1.948557158514987364e+01 3.975095039779356215e-02
-4.750000000000000000e+00 -1.948557158514987364e+01 3.974710656735050418e-02
-7.250000000000000000e+00 -1.861954618136543615e+01 3.581964148985437857e-02
-6.250000000000000000e+00 -1.861954618136543615e+01 3.581599441080776658e-02
-5.750000000000000000e+00 -1.775352077758099512e+01 3.200040419384298646e-02
-4.750000000000000000e+00 -1.775352077758099512e+01 3.198704979418937056e-02
-7.250000000000000000e+00 -1.688749537379655763e+01 2.728607204124652158e-02
-6.250000000000000000e+00 -1.688749537379655763e+01 2.727878121740084927e-02
-5.750000000000000000e+00 -1.602146997001212014e+01 3.061600646745932935e-02
-4.750000000000000000e+00 -1.602146997001212014e+01 3.059399114950991927e-02
-7.250000000000000000e+00 -1.515544456622767733e+01 2.622245623795418576e-02
-6.250000000000000000e+00 -1.515544456622767733e+01 2.618818183719142864e-02
-5.750000000000000000e+00 -1.428941916244323806e+01 2.691650456005396930e-02
-4.750000000000000000e+00 -1.428941916244323806e+01 2.690212895548638530e-02
-7.250000000000000000e+00 -1.342339375865880058e+01 2.772845291418962396e-02
-6.250000000000000000e+00 -1.342339375865880058e+01 2.764848276109270475e-02
-5.750000000000000000e+00 -1.255736835487436132e+01 2.619714517680650501e-02
-4.750000000000000000e+00 -1.255736835487436132e+01 2.610569123278600606e-02
-7.250000000000000000e+00 -1.169134295108992383e+01 2.664823288230872000e-02
-6.250000000000000000e+00 -1.169134295108992383e+01 2.670904174001387590e-02
-5.750000000000000000e+00 -1.082531754730548457e+01 2.655519760688195008e-02
-4.750000000000000000e+00 -1.082531754730548457e+01 2.639048579803784933e-02
-7.250000000000000000e+00 -9.959292143521047080e+00 2.628400460773868200e-02
-6.250000000000000000e+00 -9.959292143521047080e+00 2.644254009402730726e-02
-5.750000000000000000e+00 -9.093266739736607818e+00 2.552706158257995669e-02
-4.750000000000000000e+00 -9.093266739736607818e+00 2.624449599109029974e-02
-7.250000000000000000e+00 -8.227241335952170331e+00 2.655153927925220370e-02
-6.250000000000000000e+00 -8.227241335952170331e+00 2.613308441377496308e-02
-5.750000000000000000e+00 -7.361215932167732845e+00 2.582492864740580651e-02
-4.750000000000000000e+00 -7.361215932167732845e+00 2.688240157503416286e-02
-7.250000000000000000e+00 -6.495190528383291806e+00 2.523958631796765009e-02
-6.250000000000000000e+00 -6.495190528383291806e+00 2.607683335462498975e-02
-5.750000000000000000e+00 -5.629165124598854320e+00 2.645156995196897010e-02
-4.750000000000000000e+00 -5.629165124598854320e+00 2.620426625378711322e-02
-7.250000000000000000e+00 -4.763139720814413280e+00 2.501619623765117401e-02
-6.250000000000000000e+00 -4.763139720814413280e+00 2.713060700860896179e-02
-5.750000000000000000e+00 -3.897114317029975794e+00 2.378306768601237686e-02
-4.750000000000000000e+00 -3.897114317029975794e+00 2.675474609375934343e-02
-7.250000000000000000e+00 -3.031088913245538308e+00 2.659705577177558927e-02
-6.250000000000000000e+00 -3.031088913245538308e+00 2.614789519891060066e-02
-5.750000000000000000e+00 -2.165063509461100821e+00 2.396471037588586428e-02
-4.750000000000000000e+00 -2.165063509461100821e+00 2.648024347154660785e-02
-7.250000000000000000e+00 -1.299038105676659782e+00 2.546101963549485953e-02
-6.250000000000000000e+00 -1.299038105676659782e+00 2.675430766548286474e-02
-5.750000000000000000e+00 -4.330127018922222959e-01 2.629139733909906240e-02
-4.750000000000000000e+00 -4.330127018922222959e-01 2.634388403692625169e-02
-7.250000000000000000e+00 4.330127018922151905e-01 2.428417004803427176e-02
-6.250000000000000000e+00 4.330127018922151905e-01 2.682650591041086524e-02
-5.750000000000000000e+00 1.299038105676652677e+00 2.629110734775937444e-02
-4.750000000000000000e+00 1.299038105676652677e+00 2.634357909505363401e-02
-7.250000000000000000e+00 2.165063509461093716e+00 2.546190369188810337e-02
-6.250000000000000000e+00 2.165063509461093716e+00 2.675493135062182587e-02
-5.750000000000000000e+00 3.031088913245531202e+00 2.396424620512685455e-02
-4.750000000000000000e+00 3.031088913245531202e+00 2.647947859940200793e-02
-7.250000000000000000e+00 3.897114317029972241e+00 2.659746944904703425e-02
-6.250000000000000000e+00 3.897114317029972241e+00 2.614827175656612296e-02
-5.750000000000000000e+00 4.763139720814409728e+00 2.378734429653042368e-02
-4.750000000000000000e+00 4.763139720814409728e+00 2.675822816536911272e-02
-7.250000000000000000e+00 5.629165124598847214e+00 2.500645325144080708e-02
-6.250000000000000000e+00 5.629165124598847214e+00 2.712141930214217317e-02
-5.750000000000000000e+00 6.495190528383284700e+00 2.647443003890940713e-02
-4.750000000000000000e+00 6.495190528383284700e+00 2.622721053079764969e-02
-7.250000000000000000e+00 7.361215932167725740e+00 2.522147226646984097e-02
-6.250000000000000000e+00 7.361215932167725740e+00 2.605812195326955710e-02
-5.750000000000000000e+00 8.227241335952166779e+00 2.582319852135186999e-02
-4.750000000000000000e+00 8.227241335952166779e+00 2.688063718488342690e-02
-7.250000000000000000e+00 9.093266739736600712e+00 2.666309144104583168e-02
-6.250000000000000000e+00 9.093266739736600712e+00 2.624419281421924710e-02
-5.750000000000000000e+00 9.959292143521041751e+00 2.532852276468697955e-02
-4.750000000000000000e+00 9.959292143521041751e+00 2.604357247053998292e-02
-7.250000000000000000e+00 1.082531754730548279e+01 2.655528276555995520e-02
-6.250000000000000000e+00 1.082531754730548279e+01 2.671538853505231112e-02
-5.750000000000000000e+00 1.169134295108992383e+01 2.668720649878093126e-02
-4.750000000000000000e+00 1.169134295108992383e+01 2.652257438843538123e-02
-7.250000000000000000e+00 1.255736835487435776e+01 2.593658139697977566e-02
-6.250000000000000000e+00 1.255736835487435776e+01 2.599640819456196933e-02
-5.750000000000000000e+00 1.342339375865879880e+01 2.776813699552308293e-02
-4.750000000000000000e+00 1.342339375865879880e+01 2.767743143805007078e-02
-7.250000000000000000e+00 1.428941916244323274e+01 2.693495386213791074e-02
-6.250000000000000000e+00 1.428941916244323274e+01 2.685412443969385082e-02
-5.750000000000000000e+00 1.515544456622767377e+01 2.615922679739068196e-02
-4.750000000000000000e+00 1.515544456622767377e+01 2.614315328279338130e-02
-7.250000000000000000e+00 1.602146997001211304e+01 3.064359635597735734e-02
-6.250000000000000000e+00 1.602146997001211304e+01 3.061012105849862316e-02
-5.750000000000000000e+00 1.688749537379655408e+01 2.726565325199287529e-02
-4.750000000000000000e+00 1.688749537379655408e+01 2.724412510295620357e-02
-7.250000000000000000e+00 1.775352077758098801e+01 3.199568882002183645e-02
-6.250000000000000000e+00 1.775352077758098801e+01 3.198769981028449366e-02
-5.750000000000000000e+00 1.861954618136542905e+01 3.582057813932947032e-02
-4.750000000000000000e+00 1.861954618136542905e+01 3.580783954299894545e-02
-7.250000000000000000e+00 1.948557158514986298e+01 3.974741693019497035e-02
-6.250000000000000000e+00 1.948557158514986298e+01 3.974357632291319192e-02
-5.750000000000000000e+00 2.035159698893430402e+01 6.285495011050681868e-02
-4.750000000000000000e+00 2.035159698893430402e+01 6.285060140147290253e-02
-7.250000000000000000e+00 2.121762239271873796e+01 4.258156579775559947e-02
-6.250000000000000000e+00 2.121762239271873796e+01 4.257987540121775660e-02
-5.750000000000000000e+00 2.208364779650317899e+01 1.045345634674481050e-01
-4.750000000000000000e+00 2.208364779650317899e+01 1.045335888974566613e-01
-7.250000000000000000e+00 2.294967320028762003e+01 1.416694729692268007e-01
-6.250000000000000000e+00 2.294967320028762003e+01 1.416687599447112589e-01
-5.750000000000000000e+00 2.381569860407206107e+01 3.641846628729328988e-02
-4.750000000000000000e+00 2.381569860407206107e+01 3.641823658767470717e-02
-7.250000000000000000e+00 2.468172400785649501e+01 2.177252230061945126e-01
-6.250000000000000000e+00 2.468172400785649501e+01 2.177250301285957867e-01
-5.750000000000000000e+00 2.554774941164093605e+01 2.326961389746131925e-01
-4.750000000000000000e+00 2.554774941164093605e+01 2.326959207292390863e-01
-4.250000000000000000e+00 -2.554774941164094315e+01 2.326961773480215601e-01
-3.250000000000000000e+00 -2.554774941164094315e+01 2.326960758980017863e-01
-2.750000000000000000e+00 -2.468172400785650566e+01 2.177251860073074197e-01
-1.750000000000000000e+00 -2.468172400785650566e+01 2.177251136535566789e-01
-4.250000000000000000e+00 -2.381569860407206463e+01 3.641860337192799613e-02
-3.250000000000000000e+00 -2.381569860407206463e+01 3.641842378204175612e-02
-2.750000000000000000e+00 -2.294967320028762714e+01 1.416693363272772399e-01
-1.750000000000000000e+00 -2.294967320028762714e+01 1.416688625947723490e-01
-4.250000000000000000e+00 -2.208364779650318965e+01 1.045347171191194219e-01
-3.250000000000000000e+00 -2.208364779650318965e+01 1.045339922604381772e-01
-2.750000000000000000e+00 -2.121762239271875217e+01 4.258197308680292115e-02
-1.750000000000000000e+00 -2.121762239271875217e+01 4.258025498638224465e-02
-4.250000000000000000e+00 -2.035159698893431113e+01 6.285361190440935664e-02
-3.250000000000000000e+00 -2.035159698893431113e+01 6.285086231833970916e-02
-2.750000000000000000e+00 -1.948557158514987364e+01 3.975077125234527387e-02
-1.750000000000000000e+00 -1.948557158514987364e+01 3.974516283258022753e-02
-4.250000000000000000e+00 -1.861954618136543615e+01 3.581875037904273806e-02
-3.250000000000000000e+00 -1.861954618136543615e+01 3.581181522050894128e-02
-2.750000000000000000e+00 -1.775352077758099512e+01 3.199516680234658350e-02
-1.750000000000000000e+00 -1.775352077758099512e+01 3.197883180867314157e-02
-4.250000000000000000e+00 -1.688749537379655763e+01 2.729047504043708577e-02
-3.250000000000000000e+00 -1.688749537379655763e+01 2.727075271724213601e-02
-2.750000000000000000e+00 -1.602146997001212014e+01 3.060548896587589329e-02
-1.750000000000000000e+00 -1.602146997001212014e+01 3.057355105822870053e-02
-4.250000000000000000e+00 -1.515544456622767733e+01 2.621510252189675899e-02
-3.250000000000000000e+00 -1.515544456622767733e+01 2.615511126408368026e-02
-2.750000000000000000e+00 -1.428941916244323806e+01 2.693886015105347032e-02
-1.750000000000000000e+00 -1.428941916244323806e+01 2.688015944608930161e-02
-4.250000000000000000e+00 -1.342339375865880058e+01 2.761946257893304474e-02
-3.250000000000000000e+00 -1.342339375865880058e+01 2.755253187635162138e-02
-2.750000000000000000e+00 -1.255736835487436132e+01 2.619322403622546119e-02
-1.750000000000000000e+00 -1.255736835487436132e+01 2.605633564547908676e-02
-4.250000000000000000e+00 -1.169134295108992383e+01 2.654045334133426845e-02
-3.250000000000000000e+00 -1.169134295108992383e+01 2.664240371636232563e-02
-2.750000000000000000e+00 -1.082531754730548457e+01 2.617887279818190138e-02
-1.750000000000000000e+00 -1.082531754730548457e+01 2.622300688973758578e-02
-4.250000000000000000e+00 -9.959292143521047080e+00 2.646203132398809721e-02
-3.250000000000000000e+00 -9.959292143521047080e+00 2.648711420274574985e-02
-2.750000000000000000e+00 -9.093266739736607818e+00 2.532952805557855611e-02
-1.750000000000000000e+00 -9.093266739736607818e+00 2.618281353388443589e-02
-4.250000000000000000e+00 -8.227241335952170331e+00 2.582260637121826241e-02
-3.250000000000000000e+00 -8.227241335952170331e+00 2.605605172416288959e-02
-2.750000000000000000e+00 -7.361215932167732845e+00 2.645555990484974029e-02
-1.750000000000000000e+00 -7.361215932167732845e+00 2.712559594744507266e-02
-4.250000000000000000e+00 -6.495190528383291806e+00 2.335335876884635925e-02
-3.250000000000000000e+00 -6.495190528383291806e+00 2.622710347616218768e-02
-2.750000000000000000e+00 -5.629165124598854320e+00 2.507958431343771527e-02
-1.750000000000000000e+00 -5.629165124598854320e+00 2.674880627141950837e-02
-4.250000000000000000e+00 -4.763139720814413280e+00 2.508803354084064921e-02
-3.250000000000000000e+00 -4.763139720814413280e+00 2.683012004289374308e-02
-2.750000000000000000e+00 -3.897114317029975794e+00 2.291919800344590155e-02
-1.750000000000000000e+00 -3.897114317029975794e+00 2.634402473308951678e-02
-4.250000000000000000e+00 -3.031088913245538308e+00 2.654086891031537040e-02
-3.250000000000000000e+00 -3.031088913245538308e+00 2.634346722025993418e-02
-2.750000000000000000e+00 -2.165063509461100821e+00 2.717245474013320339e-02
-1.750000000000000000e+00 -2.165063509461100821e+00 2.020851282701352850e-02
-4.250000000000000000e+00 -1.299038105676659782e+00 2.449792922458240291e-02
-3.250000000000000000e+00 -1.299038105676659782e+00 2.711151702119148424e-02
-2.750000000000000000e+00 -4.330127018922222959e-01 2.718263607208985799e-02
-1.750000000000000000e+00 -4.330127018922222959e-01 2.365997247836124084e-02
-4.250000000000000000e+00 4.330127018922151905e-01 2.456163971021879666e-02
-3.250000000000000000e+00 4.330127018922151905e-01 2.020815434908903099e-02
-2.750000000000000000e+00 1.299038105676652677e+00 2.718254503920863180e-02
-1.750000000000000000e+00 1.299038105676652677e+00 2.365976426704502131e-02
-4.250000000000000000e+00 2.165063509461093716e+00 2.449855501116512957e-02
-3.250000000000000000e+00 2.165063509461093716e+00 2.711233279421041212e-02
-2.750000000000000000e+00 3.031088913245531202e+00 2.717199139270445180e-02
-1.750000000000000000e+00 3.031088913245531202e+00 2.020772771866308215e-02
-4.250000000000000000e+00 3.897114317029972241e+00 2.654132934690409812e-02
-3.250000000000000000e+00 3.897114317029972241e+00 2.634415528267112366e-02
-2.750000000000000000e+00 4.763139720814409728e+00 2.292177073420906264e-02
-1.750000000000000000e+00 4.763139720814409728e+00 2.634759581273747597e-02
-4.250000000000000000e+00 5.629165124598847214e+00 2.507993443596932825e-02
-3.250000000000000000e+00 5.629165124598847214e+00 2.682086021647398649e-02
-2.750000000000000000e+00 6.495190528383284700e+00 2.510051920938184342e-02
-1.750000000000000000e+00 6.495190528383284700e+00 2.677198899657456249e-02
-4.250000000000000000e+00 7.361215932167725740e+00 2.333642576043098299e-02
-3.250000000000000000e+00 7.361215932167725740e+00 2.620878864925116347e-02
-2.750000000000000000e+00 8.227241335952166779e+00 2.645405373907674246e-02
-1.750000000000000000e+00 8.227241335952166779e+00 2.712334732848727115e-02
-4.250000000000000000e+00 9.093266739736600712e+00 2.593340129847390013e-02
-3.250000000000000000e+00 9.093266739736600712e+00 2.616851713478926880e-02
-2.750000000000000000e+00 9.959292143521041751e+00 2.512909047130863771e-02
-1.750000000000000000e+00 9.959292143521041751e+00 2.598243979028640877e-02
-4.250000000000000000e+00 1.082531754730548279e+01 2.673472210754009037e-02
-3.250000000000000000e+00 1.082531754730548279e+01 2.675933222102815090e-02
-2.750000000000000000e+00 1.169134295108992383e+01 2.630758829459819981e-02
-1.750000000000000000e+00 1.169134295108992383e+01 2.635544129603306640e-02
-4.250000000000000000e+00 1.255736835487435776e+01 2.582984179900867788e-02
-3.250000000000000000e+00 1.255736835487435776e+01 2.592974107377116894e-02
-2.750000000000000000e+00 1.342339375865879880e+01 2.776356113476019516e-02
-1.750000000000000000e+00 1.342339375865879880e+01 2.762636205766962408e-02
-4.250000000000000000e+00 1.428941916244323274e+01 2.682458954456810873e-02
-3.250000000000000000e+00 1.428941916244323274e+01 2.675998697795151787e-02
-2.750000000000000000e+00 1.515544456622767377e+01 2.618074927759946741e-02
-1.750000000000000000e+00 1.515544456622767377e+01 2.612183632233896352e-02
-4.250000000000000000e+00 1.602146997001211304e+01 3.063584165182408475e-02
-3.250000000000000000e+00 1.602146997001211304e+01 3.057654419024513279e-02
-2.750000000000000000e+00 1.688749537379655408e+01 2.725433934806516245e-02
-1.750000000000000000e+00 1.688749537379655408e+01 2.722452621933382430e-02
-4.250000000000000000e+00 1.775352077758098801e+01 3.199998935687354412e-02
-3.250000000000000000e+00 1.775352077758098801e+01 3.197951010521346560e-02
-2.750000000000000000e+00 1.861954618136542905e+01 3.581528897011660578e-02
-1.750000000000000000e+00 1.861954618136542905e+01 3.579884662822661184e-02
-4.250000000000000000e+00 1.948557158514986298e+01 3.974630552870930117e-02
-3.250000000000000000e+00 1.948557158514986298e+01 3.974009904320278258e-02
-2.750000000000000000e+00 2.035159698893430402e+01 6.285476323899857887e-02
-1.750000000000000000e+00 2.035159698893430402e+01 6.284871187227686340e-02
-4.250000000000000000e+00 2.121762239271873796e+01 4.258068621747089499e-02
-3.250000000000000000e+00 2.121762239271873796e+01 4.257809491326546014e-02
-2.750000000000000000e+00 2.208364779650317899e+01 1.045347806132373020e-01
-1.750000000000000000e+00 2.208364779650317899e+01 1.045333278735217364e-01
-4.250000000000000000e+00 2.294967320028762003e+01 1.416693124124987213e-01
-3.250000000000000000e+00 2.294967320028762003e+01 1.416682403559059722e-01
-2.750000000000000000e+00 2.381569860407206107e+01 3.641846939489885165e-02
-1.750000000000000000e+00 2.381569860407206107e+01 3.641806880570075400e-02
-4.250000000000000000e+00 2.468172400785649501e+01 2.177252144593123107e-01
-3.250000000000000000e+00 2.468172400785649501e+01 2.177249848639927488e-01
-2.750000000000000000e+00 2.554774941164093605e+01 2.326960871290937594e-01
-1.750000000000000000e+00 2.554774941164093605e+01 2.326958563070963271e-01
-1.250000000000000000e+00 -2.554774941164094315e+01 2.326961864416343118e-01
-2.500000000000000000e-01 -2.554774941164094315e+01 2.326960754716987101e-01
2.500000000000000000e-01 -2.468172400785650566e+01 2.177252062372550534e-01
1.250000000000000000e+00 -2.468172400785650566e+01 2.177251081448497438e-01
-1.250000000000000000e+00 -2.381569860407206463e+01 3.641859896243905548e-02
-2.500000000000000000e-01 -2.381569860407206463e+01 3.641834616372907618e-02
2.500000000000000000e-01 -2.294967320028762714e+01 1.416693929783227057e-01
1.250000000000000000e+00 -2.294967320028762714e+01 1.416688693950898248e-01
-1.250000000000000000e+00 -2.208364779650318965e+01 1.045346099200282347e-01
-2.500000000000000000e-01 -2.208364779650318965e+01 1.045337740146607824e-01
2.500000000000000000e-01 -2.121762239271875217e+01 4.258204513731561613e-02
1.250000000000000000e+00 -2.121762239271875217e+01 4.258016156012023323e-02
-1.250000000000000000e+00 -2.035159698893431113e+01 6.285335824544104055e-02
-2.500000000000000000e-01 -2.035159698893431113e+01 6.285024554646471973e-02
2.500000000000000000e-01 -1.948557158514987364e+01 3.975046604457205257e-02
1.250000000000000000e+00 -1.948557158514987364e+01 3.974495106067964939e-02
-1.250000000000000000e+00 -1.861954618136543615e+01 3.581987745426758879e-02
-2.500000000000000000e-01 -1.861954618136543615e+01 3.580988730523486374e-02
2.500000000000000000e-01 -1.775352077758099512e+01 3.199387348710365508e-02
1.250000000000000000e+00 -1.775352077758099512e+01 3.197915300570127600e-02
-1.250000000000000000e+00 -1.688749537379655763e+01 2.729336963066008453e-02
-2.500000000000000000e-01 -1.688749537379655763e+01 2.726611496029632958e-02
2.500000000000000000e-01 -1.602146997001212014e+01 3.061192464024345417e-02
1.250000000000000000e+00 -1.602146997001212014e+01 3.057384513089759018e-02
-1.250000000000000000e+00 -1.515544456622767733e+01 2.619673388666180630e-02
-2.500000000000000000e-01 -1.515544456622767733e+01 2.613746867055989631e-02
2.500000000000000000e-01 -1.428941916244323806e+01 2.696371123567543882e-02
1.250000000000000000e+00 -1.428941916244323806e+01 2.687964243074214554e-02
-1.250000000000000000e+00 -1.342339375865880058e+01 2.757520817512267020e-02
-2.500000000000000000e-01 -1.342339375865880058e+01 2.750595092723184115e-02
2.500000000000000000e-01 -1.255736835487436132e+01 2.615179621389382425e-02
1.250000000000000000e+00 -1.255736835487436132e+01 2.605674233797256045e-02
-1.250000000000000000e+00 -1.169134295108992383e+01 2.665453940963544155e-02
-2.500000000000000000e-01 -1.169134295108992383e+01 2.661247210427214460e-02
2.500000000000000000e-01 -1.082531754730548457e+01 2.612211111773339589e-02
1.250000000000000000e+00 -1.082531754730548457e+01 2.622362881722619526e-02
-1.250000000000000000e+00 -9.959292143521047080e+00 2.650962236882519613e-02
-2.500000000000000000e-01 -9.959292143521047080e+00 2.650651297739099743e-02
2.500000000000000000e-01 -9.093266739736607818e+00 2.589500849607028615e-02
1.250000000000000000e+00 -9.093266739736607818e+00 2.618247088237522779e-02
-1.250000000000000000e+00 -8.227241335952170331e+00 2.500973507342256485e-02
-2.500000000000000000e-01 -8.227241335952170331e+00 2.603150416526381697e-02
2.500000000000000000e-01 -7.361215932167732845e+00 2.659578440722527859e-02
1.250000000000000000e+00 -7.361215932167732845e+00 2.712557030180001716e-02
-1.250000000000000000e+00 -6.495190528383291806e+00 2.380058612301969717e-02
-2.500000000000000000e-01 -6.495190528383291806e+00 2.616511739935251102e-02
2.500000000000000000e-01 -5.629165124598854320e+00 2.395898342364521233e-02
1.250000000000000000e+00 -5.629165124598854320e+00 2.674903463929231839e-02
-1.250000000000000000e+00 -4.763139720814413280e+00 2.654479800802896777e-02
-2.500000000000000000e-01 -4.763139720814413280e+00 2.648336992280829472e-02
2.500000000000000000e-01 -3.897114317029975794e+00 2.449874368586430623e-02
1.250000000000000000e+00 -3.897114317029975794e+00 2.634407760691946307e-02
-1.250000000000000000e+00 -3.031088913245538308e+00 2.717225286176389379e-02
-2.500000000000000000e-01 -3.031088913245538308e+00 2.711145925579863669e-02
2.500000000000000000e-01 -2.165063509461100821e+00 2.718307015718926523e-02
1.250000000000000000e+00 -2.165063509461100821e+00 2.020854424366995417e-02
-1.250000000000000000e+00 -1.299038105676659782e+00 3.882247128531737812e-02
-2.500000000000000000e-01 -1.299038105676659782e+00 2.365977014348044291e-02
2.500000000000000000e-01 -4.330127018922222959e-01 5.056068318992808230e-02
1.250000000000000000e+00 -4.330127018922222959e-01 2.365997247836108819e-02
-1.250000000000000000e+00 4.330127018922151905e-01 5.056072293731765643e-02
-2.500000000000000000e-01 4.330127018922151905e-01 2.410338757134762426e-07
2.500000000000000000e-01 1.299038105676652677e+00 5.056117391309711967e-02
1.250000000000000000e+00 1.299038105676652677e+00 2.365977984115642807e-02
-1.250000000000000000e+00 2.165063509461093716e+00 3.882232071227360859e-02
-2.500000000000000000e-01 2.165063509461093716e+00 2.366026953939156380e-02
2.500000000000000000e-01 3.031088913245531202e+00 2.718256669020274741e-02
1.250000000000000000e+00 3.031088913245531202e+00 2.020775601418480644e-02
-1.250000000000000000e+00 3.897114317029972241e+00 2.717207822077037302e-02
-2.500000000000000000e-01 3.897114317029972241e+00 2.711208375761922640e-02
2.500000000000000000e-01 4.763139720814409728e+00 2.450133764538367509e-02
1.250000000000000000e+00 4.763139720814409728e+00 2.634722785932069183e-02
-1.250000000000000000e+00 5.629165124598847214e+00 2.653550971957153656e-02
-2.500000000000000000e-01 5.629165124598847214e+00 2.647418498638959283e-02
2.500000000000000000e-01 6.495190528383284700e+00 2.398143718475257216e-02
1.250000000000000000e+00 6.495190528383284700e+00 2.677115428903792047e-02
-1.250000000000000000e+00 7.361215932167725740e+00 2.378004214859237575e-02
-2.500000000000000000e-01 7.361215932167725740e+00 2.614665755545948767e-02
2.500000000000000000e-01 8.227241335952166779e+00 2.659402860891482007e-02
1.250000000000000000e+00 8.227241335952166779e+00 2.712335273868557786e-02
-1.250000000000000000e+00 9.093266739736600712e+00 2.511808832507020361e-02
-2.500000000000000000e-01 9.093266739736600712e+00 2.614243846476716968e-02
2.500000000000000000e-01 9.959292143521041751e+00 2.569238579066521200e-02
1.250000000000000000e+00 9.959292143521041751e+00 2.598218243839226296e-02
-1.250000000000000000e+00 1.082531754730548279e+01 2.678154221945874131e-02
-2.500000000000000000e-01 1.082531754730548279e+01 2.677749491671246179e-02
2.500000000000000000e-01 1.169134295108992383e+01 2.625191188084463612e-02
1.250000000000000000e+00 1.169134295108992383e+01 2.635335466943933974e-02
-1.250000000000000000e+00 1.255736835487435776e+01 2.594137635776601336e-02
-2.500000000000000000e-01 1.255736835487435776e+01 2.590085300446459682e-02
2.500000000000000000e-01 1.342339375865879880e+01 2.772297844878224282e-02
1.250000000000000000e+00 1.342339375865879880e+01 2.762606107996321697e-02
-1.250000000000000000e+00 1.428941916244323274e+01 2.677921726397840263e-02
-2.500000000000000000e-01 1.428941916244323274e+01 2.671225022288108153e-02
2.500000000000000000e-01 1.515544456622767377e+01 2.620522548966247936e-02
1.250000000000000000e+00 1.515544456622767377e+01 2.612234831227583376e-02
-1.250000000000000000e+00 1.602146997001211304e+01 3.061763423376664961e-02
-2.500000000000000000e-01 1.602146997001211304e+01 3.055725928773798949e-02
2.500000000000000000e-01 1.688749537379655408e+01 2.726147507589472829e-02
1.250000000000000000e+00 1.688749537379655408e+01 2.722341732451956028e-02
-1.250000000000000000e+00 1.775352077758098801e+01 3.200279868803850014e-02
-2.500000000000000000e-01 1.775352077758098801e+01 3.197565510300631741e-02
2.500000000000000000e-01 1.861954618136542905e+01 3.581421643276684608e-02
1.250000000000000000e+00 1.861954618136542905e+01 3.579848917795380725e-02
-1.250000000000000000e+00 1.948557158514986298e+01 3.974762198873914992e-02
-2.500000000000000000e-01 1.948557158514986298e+01 3.973829762716032943e-02
2.500000000000000000e-01 2.035159698893430402e+01 6.285435695078282758e-02
1.250000000000000000e+00 2.035159698893430402e+01 6.284898351466117195e-02
-1.250000000000000000e+00 2.121762239271873796e+01 4.258046506957719607e-02
-2.500000000000000000e-01 2.121762239271873796e+01 4.257707822785922191e-02
2.500000000000000000e-01 2.208364779650317899e+01 1.045348548660472027e-01
1.250000000000000000e+00 2.208364779650317899e+01 1.045332698174020747e-01
-1.250000000000000000e+00 2.294967320028762003e+01 1.416691186112156164e-01
-2.500000000000000000e-01 2.294967320028762003e+01 1.416680744825920824e-01
2.500000000000000000e-01 2.381569860407206107e+01 3.641848806643897818e-02
1.250000000000000000e+00 2.381569860407206107e+01 3.641797768882971270e-02
-1.250000000000000000e+00 2.468172400785649501e+01 2.177251782501114785e-01
-2.500000000000000000e-01 2.468172400785649501e+01 2.177249971149450014e-01
2.500000000000000000e-01 2.554774941164093605e+01 2.326960763000784638e-01
1.250000000000000000e+00 2.554774941164093605e+01 2.326958440242526960e-01
1.750000000000000000e+00 -2.554774941164094315e+01 2.326961909568206477e-01
2.750000000000000000e+00 -2.554774941164094315e+01 2.326960668965899759e-01
3.250000000000000000e+00 -2.468172400785650566e+01 2.177252127976127827e-01
4.250000000000000000e+00 -2.468172400785650566e+01 2.177251507517272699e-01
1.750000000000000000e+00 -2.381569860407206463e+01 3.641859781970269161e-02
2.750000000000000000e+00 -2.381569860407206463e+01 3.641835435925702691e-02
3.250000000000000000e+00 -2.294967320028762714e+01 1.416694202150399484e-01
4.250000000000000000e+00 -2.294967320028762714e+01 1.416690598330885842e-01
1.750000000000000000e+00 -2.208364779650318965e+01 1.045346821835882178e-01
2.750000000000000000e+00 -2.208364779650318965e+01 1.045339270850843688e-01
3.250000000000000000e+00 -2.121762239271875217e+01 4.258204558831146791e-02
4.250000000000000000e+00 -2.121762239271875217e+01 4.258069940810971926e-02
1.750000000000000000e+00 -2.035159698893431113e+01 6.285374116320964488e-02
2.750000000000000000e+00 -2.035159698893431113e+01 6.285110920359789077e-02
3.250000000000000000e+00 -1.948557158514987364e+01 3.975068008173873735e-02
4.250000000000000000e+00 -1.948557158514987364e+01 3.974689913599487034e-02
1.750000000000000000e+00 -1.861954618136543615e+01 3.582095738179698341e-02
2.750000000000000000e+00 -1.861954618136543615e+01 3.581186357964307593e-02
3.250000000000000000e+00 -1.775352077758099512e+01 3.199693135786006032e-02
4.250000000000000000e+00 -1.775352077758099512e+01 3.198756447440807144e-02
1.750000000000000000e+00 -1.688749537379655763e+01 2.729361206449174015e-02
2.750000000000000000e+00 -1.688749537379655763e+01 2.727023704327657255e-02
3.250000000000000000e+00 -1.602146997001212014e+01 3.062362726622355757e-02
4.250000000000000000e+00 -1.602146997001212014e+01 3.059428861365246291e-02
1.750000000000000000e+00 -1.515544456622767733e+01 2.619573930118512806e-02
2.750000000000000000e+00 -1.515544456622767733e+01 2.615583887247096423e-02
3.250000000000000000e+00 -1.428941916244323806e+01 2.697329920584817103e-02
4.250000000000000000e+00 -1.428941916244323806e+01 2.690148642429095530e-02
1.750000000000000000e+00 -1.342339375865880058e+01 2.762432249479807034e-02
2.750000000000000000e+00 -1.342339375865880058e+01 2.755328594789262231e-02
3.250000000000000000e+00 -1.255736835487436132e+01 2.615306801902572698e-02
4.250000000000000000e+00 -1.255736835487436132e+01 2.610597192307245046e-02
1.750000000000000000e+00 -1.169134295108992383e+01 2.679568766392533691e-02
2.750000000000000000e+00 -1.169134295108992383e+01 2.664162549258965174e-02
3.250000000000000000e+00 -1.082531754730548457e+01 2.635289075993239860e-02
4.250000000000000000e+00 -1.082531754730548457e+01 2.639085121218714622e-02
1.750000000000000000e+00 -9.959292143521047080e+00 2.642178999569674488e-02
2.750000000000000000e+00 -9.959292143521047080e+00 2.648724580219926489e-02
3.250000000000000000e+00 -9.093266739736607818e+00 2.640795748761667894e-02
4.250000000000000000e+00 -9.093266739736607818e+00 2.624411321862210253e-02
1.750000000000000000e+00 -8.227241335952170331e+00 2.512717863101409516e-02
2.750000000000000000e+00 -8.227241335952170331e+00 2.605656422023622590e-02
3.250000000000000000e+00 -7.361215932167732845e+00 2.632680602004282971e-02
4.250000000000000000e+00 -7.361215932167732845e+00 2.688238226532310357e-02
1.750000000000000000e+00 -6.495190528383291806e+00 2.547872674344819205e-02
2.750000000000000000e+00 -6.495190528383291806e+00 2.622696648080967419e-02
3.250000000000000000e+00 -5.629165124598854320e+00 2.427792239548019759e-02
4.250000000000000000e+00 -5.629165124598854320e+00 2.620444342914514044e-02
1.750000000000000000e+00 -4.763139720814413280e+00 2.629476916368044329e-02
2.750000000000000000e+00 -4.763139720814413280e+00 2.683013269448557975e-02
3.250000000000000000e+00 -3.897114317029975794e+00 2.629148436326574079e-02
4.250000000000000000e+00 -3.897114317029975794e+00 2.675477907212235260e-02
1.750000000000000000e+00 -3.031088913245538308e+00 2.456097284821878030e-02
2.750000000000000000e+00 -3.031088913245538308e+00 2.634360925648535079e-02
3.250000000000000000e+00 -2.165063509461100821e+00 2.449857386614881505e-02
4.250000000000000000e+00 -2.165063509461100821e+00 2.648024382609457522e-02
1.750000000000000000e+00 -1.299038105676659782e+00 2.718243565821580610e-02
2.750000000000000000e+00 -1.299038105676659782e+00 2.711157390288364277e-02
3.250000000000000000e+00 -4.330127018922222959e-01 2.717211444107755364e-02
4.250000000000000000e+00 -4.330127018922222959e-01 2.634388403692613026e-02
1.750000000000000000e+00 4.330127018922151905e-01 3.882237850819025143e-02
2.750000000000000000e+00 4.330127018922151905e-01 2.020815434908854180e-02
3.250000000000000000e+00 1.299038105676652677e+00 2.717210010510356932e-02
4.250000000000000000e+00 1.299038105676652677e+00 2.634357057600492796e-02
1.750000000000000000e+00 2.165063509461093716e+00 2.718327682480050494e-02
2.750000000000000000e+00 2.165063509461093716e+00 2.711217640570100923e-02
3.250000000000000000e+00 3.031088913245531202e+00 2.449768978504864025e-02
4.250000000000000000e+00 3.031088913245531202e+00 2.647947571391813179e-02
1.750000000000000000e+00 3.897114317029972241e+00 2.456261968222068354e-02
2.750000000000000000e+00 3.897114317029972241e+00 2.634386967290167081e-02
3.250000000000000000e+00 4.763139720814409728e+00 2.629528469487333459e-02
4.250000000000000000e+00 4.763139720814409728e+00 2.675805649810066716e-02
1.750000000000000000e+00 5.629165124598847214e+00 2.628608673842237897e-02
2.750000000000000000e+00 5.629165124598847214e+00 2.682085673203265380e-02
3.250000000000000000e+00 6.495190528383284700e+00 2.430240336755284600e-02
4.250000000000000000e+00 6.495190528383284700e+00 2.622672625395604945e-02
1.750000000000000000e+00 7.361215932167725740e+00 2.545966084845011773e-02
2.750000000000000000e+00 7.361215932167725740e+00 2.620816650889924021e-02
3.250000000000000000e+00 8.227241335952166779e+00 2.632546815829325121e-02
4.250000000000000000e+00 8.227241335952166779e+00 2.688067181441772951e-02
1.750000000000000000e+00 9.093266739736600712e+00 2.523960465065431397e-02
2.750000000000000000e+00 9.093266739736600712e+00 2.616647321646740215e-02
3.250000000000000000e+00 9.959292143521041751e+00 2.620740418182505860e-02
4.250000000000000000e+00 9.959292143521041751e+00 2.604343571409730926e-02
1.750000000000000000e+00 1.082531754730548279e+01 2.669484295163165183e-02
2.750000000000000000e+00 1.082531754730548279e+01 2.675928549585925714e-02
3.250000000000000000e+00 1.169134295108992383e+01 2.648578524061074094e-02
4.250000000000000000e+00 1.169134295108992383e+01 2.652082452755960551e-02
1.750000000000000000e+00 1.255736835487435776e+01 2.608275281758826170e-02
2.750000000000000000e+00 1.255736835487435776e+01 2.593013052551004088e-02
3.250000000000000000e+00 1.342339375865879880e+01 2.772473264128393761e-02
4.250000000000000000e+00 1.342339375865879880e+01 2.767734884099009446e-02
1.750000000000000000e+00 1.428941916244323274e+01 2.683057966547307271e-02
2.750000000000000000e+00 1.428941916244323274e+01 2.675747175827926719e-02
3.250000000000000000e+00 1.515544456622767377e+01 2.621514824119074161e-02
4.250000000000000000e+00 1.515544456622767377e+01 2.614394684979684524e-02
1.750000000000000000e+00 1.602146997001211304e+01 3.061738933182819866e-02
2.750000000000000000e+00 1.602146997001211304e+01 3.057605109109374358e-02
3.250000000000000000e+00 1.688749537379655408e+01 2.727363102848956444e-02
4.250000000000000000e+00 1.688749537379655408e+01 2.724292093835027628e-02
1.750000000000000000e+00 1.775352077758098801e+01 3.200305395852506840e-02
2.750000000000000000e+00 1.775352077758098801e+01 3.198036943539094012e-02
3.250000000000000000e+00 1.861954618136542905e+01 3.581728246427497847e-02
4.250000000000000000e+00 1.861954618136542905e+01 3.580752669285580669e-02
1.750000000000000000e+00 1.948557158514986298e+01 3.974879245608266970e-02
2.750000000000000000e+00 1.948557158514986298e+01 3.973957340849799957e-02
3.250000000000000000e+00 2.035159698893430402e+01 6.285461596915387084e-02
4.250000000000000000e+00 2.035159698893430402e+01 6.285123896931067711e-02
1.750000000000000000e+00 2.121762239271873796e+01 4.258075580802297977e-02
2.750000000000000000e+00 2.121762239271873796e+01 4.257778236872530181e-02
3.250000000000000000e+00 2.208364779650317899e+01 1.045348394096047850e-01
4.250000000000000000e+00 2.208364779650317899e+01 1.045336374237738619e-01
1.750000000000000000e+00 2.294967320028762003e+01 1.416691664911473303e-01
2.750000000000000000e+00 2.294967320028762003e+01 1.416683866062377617e-01
3.250000000000000000e+00 2.381569860407206107e+01 3.641850797362277542e-02
4.250000000000000000e+00 2.381569860407206107e+01 3.641809747742826009e-02
1.750000000000000000e+00 2.468172400785649501e+01 2.177251909449344769e-01
2.750000000000000000e+00 2.468172400785649501e+01 2.177250479486062817e-01
3.250000000000000000e+00 2.554774941164093605e+01 2.326961283707038031e-01
4.250000000000000000e+00 2.554774941164093605e+01 2.326959240322867828e-01
4.750000000000000000e+00 -2.554774941164094315e+01 2.326961883193389147e-01
5.750000000000000000e+00 -2.554774941164094315e+01 2.326961161503882103e-01
6.250000000000000000e+00 -2.468172400785650566e+01 2.177252110873184876e-01
7.250000000000000000e+00 -2.468172400785650566e+01 2.177251847981294675e-01
4.750000000000000000e+00 -2.381569860407206463e+01 3.641860184842247300e-02
5.750000000000000000e+00 -2.381569860407206463e+01 3.641844525990253767e-02
6.250000000000000000e+00 -2.294967320028762714e+01 1.416694232766658179e-01
7.250000000000000000e+00 -2.294967320028762714e+01 1.416692372893612051e-01
4.750000000000000000e+00 -2.208364779650318965e+01 1.045347648072526836e-01
5.750000000000000000e+00 -2.208364779650318965e+01 1.045343247865385961e-01
6.250000000000000000e+00 -2.121762239271875217e+01 4.258201920584095412e-02
7.250000000000000000e+00 -2.121762239271875217e+01 4.258126115883592577e-02
4.750000000000000000e+00 -2.035159698893431113e+01 6.285423363736046543e-02
5.750000000000000000e+00 -2.035159698893431113e+01 6.285272133787900284e-02
6.250000000000000000e+00 -1.948557158514987364e+01 3.975094787349736647e-02
7.250000000000000000e+00 -1.948557158514987364e+01 3.974887347246455760e-02
4.750000000000000000e+00 -1.861954618136543615e+01 3.582166680241414408e-02
5.750000000000000000e+00 -1.861954618136543615e+01 3.581596524458242892e-02
6.250000000000000000e+00 -1.775352077758099512e+01 3.200060507573154744e-02
7.250000000000000000e+00 -1.775352077758099512e+01 3.199629165607248416e-02
4.750000000000000000e+00 -1.688749537379655763e+01 2.729350507299368664e-02
5.750000000000000000e+00 -1.688749537379655763e+01 2.727849987444666557e-02
6.250000000000000000e+00 -1.602146997001212014e+01 3.063370943420891390e-02
7.250000000000000000e+00 -1.602146997001212014e+01 3.061920750889114695e-02
4.750000000000000000e+00 -1.515544456622767733e+01 2.620876737546694660e-02
5.750000000000000000e+00 -1.515544456622767733e+01 2.618829861738108944e-02
6.250000000000000000e+00 -1.428941916244323806e+01 2.697591389081976931e-02
7.250000000000000000e+00 -1.428941916244323806e+01 2.693013672773806461e-02
4.750000000000000000e+00 -1.342339375865880058e+01 2.769484485264182838e-02
5.750000000000000000e+00 -1.342339375865880058e+01 2.764842660209469727e-02
6.250000000000000000e+00 -1.255736835487436132e+01 2.618067845314098196e-02
7.250000000000000000e+00 -1.255736835487436132e+01 2.614791171514423140e-02
4.750000000000000000e+00 -1.169134295108992383e+01 2.686724218689511001e-02
5.750000000000000000e+00 -1.169134295108992383e+01 2.670880498362662725e-02
6.250000000000000000e+00 -1.082531754730548457e+01 2.657779302700952195e-02
7.250000000000000000e+00 -1.082531754730548457e+01 2.657779207819487705e-02
4.750000000000000000e+00 -9.959292143521047080e+00 2.641017464395280928e-02
5.750000000000000000e+00 -9.959292143521047080e+00 2.644246892867454374e-02
6.250000000000000000e+00 -9.093266739736607818e+00 2.661083031283423272e-02
7.250000000000000000e+00 -9.093266739736607818e+00 2.631914361285860038e-02
4.750000000000000000e+00 -8.227241335952170331e+00 2.570831793262406961e-02
5.750000000000000000e+00 -8.227241335952170331e+00 2.613308115524087816e-02
6.250000000000000000e+00 -7.361215932167732845e+00 2.629873880959476828e-02
7.250000000000000000e+00 -7.361215932167732845e+00 2.657855464610642260e-02
4.750000000000000000e+00 -6.495190528383291806e+00 2.634551091749248730e-02
5.750000000000000000e+00 -6.495190528383291806e+00 2.607692909378792057e-02
6.250000000000000000e+00 -5.629165124598854320e+00 2.512504579172061478e-02
7.250000000000000000e+00 -5.629165124598854320e+00 2.606939496398100534e-02
4.750000000000000000e+00 -4.763139720814413280e+00 2.546497727298943636e-02
5.750000000000000000e+00 -4.763139720814413280e+00 2.713061673372002547e-02
6.250000000000000000e+00 -3.897114317029975794e+00 2.659749984323817040e-02
7.250000000000000000e+00 -3.897114317029975794e+00 2.603533570137583908e-02
4.750000000000000000e+00 -3.031088913245538308e+00 2.396386380537056382e-02
5.750000000000000000e+00 -3.031088913245538308e+00 2.614783848883733830e-02
6.250000000000000000e+00 -2.165063509461100821e+00 2.378375413522258730e-02
7.250000000000000000e+00 -2.165063509461100821e+00 2.712747094465524367e-02
4.750000000000000000e+00 -1.299038105676659782e+00 2.654092980897755638e-02
5.750000000000000000e+00 -1.299038105676659782e+00 2.675428227026599437e-02
6.250000000000000000e+00 -4.330127018922222959e-01 2.508493080066622610e-02
7.250000000000000000e+00 -4.330127018922222959e-01 2.620996940327065955e-02
4.750000000000000000e+00 4.330127018922151905e-01 2.291895122958670372e-02
5.750000000000000000e+00 4.330127018922151905e-01 2.682650591041062932e-02
6.250000000000000000e+00 1.299038105676652677e+00 2.508433204386262272e-02
7.250000000000000000e+00 1.299038105676652677e+00 2.620972601696937992e-02
4.750000000000000000e+00 2.165063509461093716e+00 2.654161169041989454e-02
5.750000000000000000e+00 2.165063509461093716e+00 2.675502208583678543e-02
6.250000000000000000e+00 3.031088913245531202e+00 2.378251680281177893e-02
7.250000000000000000e+00 3.031088913245531202e+00 2.712669971179281631e-02
4.750000000000000000e+00 3.897114317029972241e+00 2.396448529619147477e-02
5.750000000000000000e+00 3.897114317029972241e+00 2.614843470076232135e-02
6.250000000000000000e+00 4.763139720814409728e+00 2.660100883818475315e-02
7.250000000000000000e+00 4.763139720814409728e+00 2.603882618938661853e-02
4.750000000000000000e+00 5.629165124598847214e+00 2.545537936808027479e-02
5.750000000000000000e+00 5.629165124598847214e+00 2.712145940095272989e-02
6.250000000000000000e+00 6.495190528383284700e+00 2.514763896513665109e-02
7.250000000000000000e+00 6.495190528383284700e+00 2.609247273798779437e-02
4.750000000000000000e+00 7.361215932167725740e+00 2.632753985699774757e-02
5.750000000000000000e+00 7.361215932167725740e+00 2.605818526330253015e-02
6.250000000000000000e+00 8.227241335952166779e+00 2.629623612190781778e-02
7.250000000000000000e+00 8.227241335952166779e+00 2.657674115684810490e-02
4.750000000000000000e+00 9.093266739736600712e+00 2.582110289070639608e-02
5.750000000000000000e+00 9.093266739736600712e+00 2.624432664050101172e-02
6.250000000000000000e+00 9.959292143521041751e+00 2.641070971386766386e-02
7.250000000000000000e+00 9.959292143521041751e+00 2.611807707922911281e-02
4.750000000000000000e+00 1.082531754730548279e+01 2.668260778483738660e-02
5.750000000000000000e+00 1.082531754730548279e+01 2.671548672828170934e-02
6.250000000000000000e+00 1.169134295108992383e+01 2.670940752357978121e-02
7.250000000000000000e+00 1.169134295108992383e+01 2.670917194564596808e-02
4.750000000000000000e+00 1.255736835487435776e+01 2.615534117328688346e-02
5.750000000000000000e+00 1.255736835487435776e+01 2.599651256029159030e-02
6.250000000000000000e+00 1.342339375865879880e+01 2.775144460974493521e-02
7.250000000000000000e+00 1.342339375865879880e+01 2.771956281932708155e-02
4.750000000000000000e+00 1.428941916244323274e+01 2.690139546017145805e-02
5.750000000000000000e+00 1.428941916244323274e+01 2.685355483979627589e-02
6.250000000000000000e+00 1.515544456622767377e+01 2.621787578953033160e-02
7.250000000000000000e+00 1.515544456622767377e+01 2.617175306597085971e-02
4.750000000000000000e+00 1.602146997001211304e+01 3.063006530320667997e-02
5.750000000000000000e+00 1.602146997001211304e+01 3.061005712955962299e-02
6.250000000000000000e+00 1.688749537379655408e+01 2.728328656127898544e-02
7.250000000000000000e+00 1.688749537379655408e+01 2.726851206127872684e-02
4.750000000000000000e+00 1.775352077758098801e+01 3.200296206080654321e-02
5.750000000000000000e+00 1.775352077758098801e+01 3.198826291054857052e-02
6.250000000000000000e+00 1.861954618136542905e+01 3.582083857412547007e-02
7.250000000000000000e+00 1.861954618136542905e+01 3.581684716231579857e-02
4.750000000000000000e+00 1.948557158514986298e+01 3.974940749031283943e-02
5.750000000000000000e+00 1.948557158514986298e+01 3.974333879020247595e-02
6.250000000000000000e+00 2.035159698893430402e+01 6.285493894905623546e-02
7.250000000000000000e+00 2.035159698893430402e+01 6.285301419550642921e-02
4.750000000000000000e+00 2.121762239271873796e+01 4.258129758264608128e-02
5.750000000000000000e+00 2.121762239271873796e+01 4.257967062740940223e-02
6.250000000000000000e+00 2.208364779650317899e+01 1.045348031343789896e-01
7.250000000000000000e+00 2.208364779650317899e+01 1.045340342030693370e-01
4.750000000000000000e+00 2.294967320028762003e+01 1.416693537033896222e-01
5.750000000000000000e+00 2.294967320028762003e+01 1.416689875842828683e-01
6.250000000000000000e+00 2.381569860407206107e+01 3.641854202189620526e-02
7.250000000000000000e+00 2.381569860407206107e+01 3.641831316623134196e-02
4.750000000000000000e+00 2.468172400785649501e+01 2.177252198677548101e-01
5.750000000000000000e+00 2.468172400785649501e+01 2.177251604267015361e-01
6.250000000000000000e+00 2.554774941164093605e+01 2.326961633294071519e-01
7.250000000000000000e+00 2.554774941164093605e+01 2.326960846084296652e-01
