-7.250000000000000000e+00 -2.554774941164094315e+01 7.000763364710711478e-01
-6.250000000000000000e+00 -2.554774941164094315e+01 7.000744065427286777e-01
-5.750000000000000000e+00 -2.468172400785650566e+01 6.100095071247809697e-01
-4.750000000000000000e+00 -2.468172400785650566e+01 6.100070734642254466e-01
-7.250000000000000000e+00 -2.381569860407206463e+01 8.593159975386248373e-02
-6.250000000000000000e+00 -2.381569860407206463e+01 8.593021942804567048e-02
-5.750000000000000000e+00 -2.294967320028762714e+01 5.446893462467885527e-01
-4.750000000000000000e+00 -2.294967320028762714e+01 5.446774435674534010e-01
-7.250000000000000000e+00 -2.208364779650318965e+01 3.939852703468009754e-01
-6.250000000000000000e+00 -2.208364779650318965e+01 3.939692384697183192e-01
-5.750000000000000000e+00 -2.121762239271875217e+01 2.859908974279831151e-01
-4.750000000000000000e+00 -2.121762239271875217e+01 2.859703855205649736e-01
-7.250000000000000000e+00 -2.035159698893431113e+01 3.117644500718230738e-01
-6.250000000000000000e+00 -2.035159698893431113e+01 3.117061588045759724e-01
-5.750000000000000000e+00 -1.948557158514987364e+01 2.482389261107358913e-01
-4.750000000000000000e+00 -1.948557158514987364e+01 2.481591459024053425e-01
-7.250000000000000000e+00 -1.861954618136543615e+01 4.956435001950803554e-01
-6.250000000000000000e+00 -1.861954618136543615e+01 4.955942899570983662e-01
-5.750000000000000000e+00 -1.775352077758099512e+01 2.309513336860789523e-01
-4.750000000000000000e+00 -1.775352077758099512e+01 2.306177027268810076e-01
-7.250000000000000000e+00 -1.688749537379655763e+01 2.303899667768324055e-01
-6.250000000000000000e+00 -1.688749537379655763e+01 2.303018049703582371e-01
-5.750000000000000000e+00 -1.602146997001212014e+01 4.649173583368557128e-01
-4.750000000000000000e+00 -1.602146997001212014e+01 4.645065056630772182e-01
-7.250000000000000000e+00 -1.515544456622767733e+01 1.975574600449160334e-01
-6.250000000000000000e+00 -1.515544456622767733e+01 1.968533643484653983e-01
-5.750000000000000000e+00 -1.428941916244323806e+01 2.282229884951049170e-01
-4.750000000000000000e+00 -1.428941916244323806e+01 2.282469715798872700e-01
-7.250000000000000000e+00 -1.342339375865880058e+01 2.983696935707770281e-01
-6.250000000000000000e+00 -1.342339375865880058e+01 2.967615173922246163e-01
-5.750000000000000000e+00 -1.255736835487436132e+01 1.684328277885351610e-01
-4.750000000000000000e+00 -1.255736835487436132e+01 1.668063265145507679e-01
-7.250000000000000000e+00 -1.169134295108992383e+01 1.961620528452114320e-01
-6.250000000000000000e+00 -1.169134295108992383e+01 1.976475719715473645e-01
-5.750000000000000000e+00 -1.082531754730548457e+01 1.910176659795470577e-01
-4.750000000000000000e+00 -1.082531754730548457e+01 1.876042564781879030e-01
-7.250000000000000000e+00 -9.959292143521047080e+00 1.596089838817514595e-01
-6.250000000000000000e+00 -9.959292143521047080e+00 1.623114421578299438e-01
-5.750000000000000000e+00 -9.093266739736607818e+00 1.546179116993541824e-01
-4.750000000000000000e+00 -9.093266739736607818e+00 1.665454681395351355e-01
-7.250000000000000000e+00 -8.227241335952170331e+00 1.656965818665178669e-01
-6.250000000000000000e+00 -8.227241335952170331e+00 1.570539006947322402e-01
-5.750000000000000000e+00 -7.361215932167732845e+00 1.525550959171603771e-01
-4.750000000000000000e+00 -7.361215932167732845e+00 1.653955346819248606e-01
-7.250000000000000000e+00 -6.495190528383291806e+00 1.406061888807741411e-01
-6.250000000000000000e+00 -6.495190528383291806e+00 1.543952524218962230e-01
-5.750000000000000000e+00 -5.629165124598854320e+00 1.607425329611595344e-01
-4.750000000000000000e+00 -5.629165124598854320e+00 1.514168076362475412e-01
-7.250000000000000000e+00 -4.763139720814413280e+00 1.393761650091249193e-01
-6.250000000000000000e+00 -4.763139720814413280e+00 1.647963299198637599e-01
-5.750000000000000000e+00 -3.897114317029975794e+00 1.217883491132302487e-01
-4.750000000000000000e+00 -3.897114317029975794e+00 1.555678050156028003e-01
-7.250000000000000000e+00 -3.031088913245538308e+00 1.640370161600367971e-01
-6.250000000000000000e+00 -3.031088913245538308e+00 1.489747507289807815e-01
-5.750000000000000000e+00 -2.165063509461100821e+00 1.271592302258119089e-01
-4.750000000000000000e+00 -2.165063509461100821e+00 1.419921308884654065e-01
-7.250000000000000000e+00 -1.299038105676659782e+00 1.460179509449940904e-01
-6.250000000000000000e+00 -1.299038105676659782e+00 1.554401921013925936e-01
-5.750000000000000000e+00 -4.330127018922222959e-01 1.594086547749745397e-01
-4.750000000000000000e+00 -4.330127018922222959e-01 1.486052551878040973e-01
-7.250000000000000000e+00 4.330127018922151905e-01 1.283075701391950818e-01
-6.250000000000000000e+00 4.330127018922151905e-01 1.526212063861829282e-01
-5.750000000000000000e+00 1.299038105676652677e+00 1.593865406713748656e-01
-4.750000000000000000e+00 1.299038105676652677e+00 1.485808747050922363e-01
-7.250000000000000000e+00 2.165063509461093716e+00 1.461026269849929893e-01
-6.250000000000000000e+00 2.165063509461093716e+00 1.555009407812125710e-01
-5.750000000000000000e+00 3.031088913245531202e+00 1.271266172120786853e-01
-4.750000000000000000e+00 3.031088913245531202e+00 1.419368714013843624e-01
-7.250000000000000000e+00 3.897114317029972241e+00 1.641420953376562519e-01
-6.250000000000000000e+00 3.897114317029972241e+00 1.490665970050171762e-01
-5.750000000000000000e+00 4.763139720814409728e+00 1.221721120763181595e-01
-4.750000000000000000e+00 4.763139720814409728e+00 1.558713159262567760e-01
-7.250000000000000000e+00 5.629165124598847214e+00 1.388077013826696515e-01
-6.250000000000000000e+00 5.629165124598847214e+00 1.642958693934912784e-01
-5.750000000000000000e+00 6.495190528383284700e+00 1.629515002572345383e-01
-4.750000000000000000e+00 6.495190528383284700e+00 1.535984421820626167e-01
-7.250000000000000000e+00 7.361215932167725740e+00 1.393848308514381018e-01
-6.250000000000000000e+00 7.361215932167725740e+00 1.531381257272680374e-01
-5.750000000000000000e+00 8.227241335952166779e+00 1.546004430850841938e-01
-4.750000000000000000e+00 8.227241335952166779e+00 1.674604615453926526e-01
-7.250000000000000000e+00 9.093266739736600712e+00 1.751940323652609877e-01
-6.250000000000000000e+00 9.093266739736600712e+00 1.664578160438864862e-01
-5.750000000000000000e+00 9.959292143521041751e+00 1.422664643432569043e-01
-4.750000000000000000e+00 9.959292143521041751e+00 1.539630861884025981e-01
-7.250000000000000000e+00 1.082531754730548279e+01 1.909899995467382317e-01
-6.250000000000000000e+00 1.082531754730548279e+01 1.939070203175105034e-01
-5.750000000000000000e+00 1.169134295108992383e+01 1.976702237493916381e-01
-4.750000000000000000e+00 1.169134295108992383e+01 1.942307038192666035e-01
-7.250000000000000000e+00 1.255736835487435776e+01 1.628038450961085126e-01
-6.250000000000000000e+00 1.255736835487435776e+01 1.642633033288353750e-01
-5.750000000000000000e+00 1.342339375865879880e+01 2.992117580560064161e-01
-4.750000000000000000e+00 1.342339375865879880e+01 2.977080536356032092e-01
-7.250000000000000000e+00 1.428941916244323274e+01 2.289793738900918751e-01
-6.250000000000000000e+00 1.428941916244323274e+01 2.272403644282416368e-01
-5.750000000000000000e+00 1.515544456622767377e+01 1.959190730154578286e-01
-4.750000000000000000e+00 1.515544456622767377e+01 1.957588224489829054e-01
-7.250000000000000000e+00 1.602146997001211304e+01 4.656588839675748215e-01
-6.250000000000000000e+00 1.602146997001211304e+01 4.650662200104397903e-01
-5.750000000000000000e+00 1.688749537379655408e+01 2.298752524116452756e-01
-4.750000000000000000e+00 1.688749537379655408e+01 2.295083284338867990e-01
-7.250000000000000000e+00 1.775352077758098801e+01 2.307769093229281587e-01
-6.250000000000000000e+00 1.775352077758098801e+01 2.306347832186435021e-01
-5.750000000000000000e+00 1.861954618136542905e+01 4.956927639433736932e-01
-4.750000000000000000e+00 1.861954618136542905e+01 4.954391984720548647e-01
-7.250000000000000000e+00 1.948557158514986298e+01 2.481192738399144726e-01
-6.250000000000000000e+00 1.948557158514986298e+01 2.480421510328101042e-01
-5.750000000000000000e+00 2.035159698893430402e+01 3.117767329622965211e-01
-4.750000000000000000e+00 2.035159698893430402e+01 3.116485784029433548e-01
-7.250000000000000000e+00 2.121762239271873796e+01 2.859906683646266101e-01
-6.250000000000000000e+00 2.121762239271873796e+01 2.859563954444245826e-01
-5.750000000000000000e+00 2.208364779650317899e+01 3.939708288562070448e-01
-4.750000000000000000e+00 2.208364779650317899e+01 3.939460808873052056e-01
-7.250000000000000000e+00 2.294967320028762003e+01 5.446989572893299325e-01
-6.250000000000000000e+00 2.294967320028762003e+01 5.446705090886686529e-01
-5.750000000000000000e+00 2.381569860407206107e+01 8.592793600753251271e-02
-4.750000000000000000e+00 2.381569860407206107e+01 8.592172766450242860e-02
-7.250000000000000000e+00 2.468172400785649501e+01 6.100108262741408272e-01
-6.250000000000000000e+00 2.468172400785649501e+01 6.100019480326254184e-01
-5.750000000000000000e+00 2.554774941164093605e+01 7.000749867409061800e-01
-4.750000000000000000e+00 2.554774941164093605e+01 7.000647020016965705e-01
-4.250000000000000000e+00 -2.554774941164094315e+01 7.000777208583291999e-01
-3.250000000000000000e+00 -2.554774941164094315e+01 7.000734251509744821e-01
-2.750000000000000000e+00 -2.468172400785650566e+01 6.100105338116165177e-01
-1.750000000000000000e+00 -2.468172400785650566e+01 6.100092383901083437e-01
-4.250000000000000000e+00 -2.381569860407206463e+01 8.593235393676081080e-02
-3.250000000000000000e+00 -2.381569860407206463e+01 8.592718907004717743e-02
-2.750000000000000000e+00 -2.294967320028762714e+01 5.446920572807167904e-01
-1.750000000000000000e+00 -2.294967320028762714e+01 5.446774341262806685e-01
-4.250000000000000000e+00 -2.208364779650318965e+01 3.939784095485283633e-01
-3.250000000000000000e+00 -2.208364779650318965e+01 3.939653433173730401e-01
-2.750000000000000000e+00 -2.121762239271875217e+01 2.859984785002849250e-01
-1.750000000000000000e+00 -2.121762239271875217e+01 2.859474497407114568e-01
-4.250000000000000000e+00 -2.035159698893431113e+01 3.117318691966313726e-01
-3.250000000000000000e+00 -2.035159698893431113e+01 3.116552075515260367e-01
-2.750000000000000000e+00 -1.948557158514987364e+01 2.482369252606000110e-01
-1.750000000000000000e+00 -1.948557158514987364e+01 2.481157613651455429e-01
-4.250000000000000000e+00 -1.861954618136543615e+01 4.956155095754329887e-01
-3.250000000000000000e+00 -1.861954618136543615e+01 4.954463041411175661e-01
-2.750000000000000000e+00 -1.775352077758099512e+01 2.308164888118070801e-01
-1.750000000000000000e+00 -1.775352077758099512e+01 2.304205527262555842e-01
-4.250000000000000000e+00 -1.688749537379655763e+01 2.305035941329645344e-01
-3.250000000000000000e+00 -1.688749537379655763e+01 2.301369866845068279e-01
-2.750000000000000000e+00 -1.602146997001212014e+01 4.646457236269324609e-01
-1.750000000000000000e+00 -1.602146997001212014e+01 4.639140561369403115e-01
-4.250000000000000000e+00 -1.515544456622767733e+01 1.974459448782168725e-01
-3.250000000000000000e+00 -1.515544456622767733e+01 1.961544860992829598e-01
-2.750000000000000000e+00 -1.428941916244323806e+01 2.286821650515163118e-01
-1.750000000000000000e+00 -1.428941916244323806e+01 2.277235315554174411e-01
-4.250000000000000000e+00 -1.342339375865880058e+01 2.959305805631023412e-01
-3.250000000000000000e+00 -1.342339375865880058e+01 2.946329298218619552e-01
-2.750000000000000000e+00 -1.255736835487436132e+01 1.685798146354713367e-01
-1.750000000000000000e+00 -1.255736835487436132e+01 1.659815058360583628e-01
-4.250000000000000000e+00 -1.169134295108992383e+01 1.934988954307567122e-01
-3.250000000000000000e+00 -1.169134295108992383e+01 1.960695818801558299e-01
-2.750000000000000000e+00 -1.082531754730548457e+01 1.841013924809630498e-01
-1.750000000000000000e+00 -1.082531754730548457e+01 1.844977950780403442e-01
-4.250000000000000000e+00 -9.959292143521047080e+00 1.625740525830144667e-01
-3.250000000000000000e+00 -9.959292143521047080e+00 1.625575811657496705e-01
-2.750000000000000000e+00 -9.093266739736607818e+00 1.507619889801337376e-01
-1.750000000000000000e+00 -9.093266739736607818e+00 1.642144245198975672e-01
-4.250000000000000000e+00 -8.227241335952170331e+00 1.545606270879004707e-01
-3.250000000000000000e+00 -8.227241335952170331e+00 1.552104705687941399e-01
-2.750000000000000000e+00 -7.361215932167732845e+00 1.616620698558167701e-01
-1.750000000000000000e+00 -7.361215932167732845e+00 1.652308908912919483e-01
-4.250000000000000000e+00 -6.495190528383291806e+00 1.167809649884840040e-01
-3.250000000000000000e+00 -6.495190528383291806e+00 1.536136644851335276e-01
-2.750000000000000000e+00 -5.629165124598854320e+00 1.427083829374250490e-01
-1.750000000000000000e+00 -5.629165124598854320e+00 1.553590365280947960e-01
-4.250000000000000000e+00 -4.763139720814413280e+00 1.431495246844515512e-01
-3.250000000000000000e+00 -4.763139720814413280e+00 1.530201007923405188e-01
-2.750000000000000000e+00 -3.897114317029975794e+00 1.085762594836791189e-01
-1.750000000000000000e+00 -3.897114317029975794e+00 1.487050595707407608e-01
-4.250000000000000000e+00 -3.031088913245538308e+00 1.622092285131847833e-01
-3.250000000000000000e+00 -3.031088913245538308e+00 1.485903695621758336e-01
-2.750000000000000000e+00 -2.165063509461100821e+00 1.475263384283603263e-01
-1.750000000000000000e+00 -2.165063509461100821e+00 8.236803204524074939e-02
-4.250000000000000000e+00 -1.299038105676659782e+00 1.362792646129870611e-01
-3.250000000000000000e+00 -1.299038105676659782e+00 1.497215055508536452e-01
-2.750000000000000000e+00 -4.330127018922222959e-01 1.641789724328094335e-01
-1.750000000000000000e+00 -4.330127018922222959e-01 1.317368542151352850e-01
-4.250000000000000000e+00 4.330127018922151905e-01 1.296454777526088176e-01
-3.250000000000000000e+00 4.330127018922151905e-01 8.233844903317009967e-02
-2.750000000000000000e+00 1.299038105676652677e+00 1.641698604595275834e-01
-1.750000000000000000e+00 1.299038105676652677e+00 1.317239790845447234e-01
-4.250000000000000000e+00 2.165063509461093716e+00 1.363438435762421297e-01
-3.250000000000000000e+00 2.165063509461093716e+00 1.497982805637754766e-01
-2.750000000000000000e+00 3.031088913245531202e+00 1.474960284811571154e-01
-1.750000000000000000e+00 3.031088913245531202e+00 8.231193837427232263e-02
-4.250000000000000000e+00 3.897114317029972241e+00 1.623140136187758431e-01
-3.250000000000000000e+00 3.897114317029972241e+00 1.487094286410307054e-01
-2.750000000000000000e+00 4.763139720814409728e+00 1.088202196328730692e-01
-1.750000000000000000e+00 4.763139720814409728e+00 1.490071715692328769e-01
-4.250000000000000000e+00 5.629165124598847214e+00 1.427447285822439071e-01
-3.250000000000000000e+00 5.629165124598847214e+00 1.525138851809047513e-01
-2.750000000000000000e+00 6.495190528383284700e+00 1.447394240326363990e-01
-1.750000000000000000e+00 6.495190528383284700e+00 1.575959734760960795e-01
-4.250000000000000000e+00 7.361215932167725740e+00 1.157205541508614932e-01
-3.250000000000000000e+00 7.361215932167725740e+00 1.523977402586582097e-01
-2.750000000000000000e+00 8.227241335952166779e+00 1.637934055548797840e-01
-1.750000000000000000e+00 8.227241335952166779e+00 1.672800108069559255e-01
-4.250000000000000000e+00 9.093266739736600712e+00 1.639933174046844244e-01
-3.250000000000000000e+00 9.093266739736600712e+00 1.647955193823006648e-01
-2.750000000000000000e+00 9.959292143521041751e+00 1.382801012221313575e-01
-1.750000000000000000e+00 9.959292143521041751e+00 1.516624823935161237e-01
-4.250000000000000000e+00 1.082531754730548279e+01 1.941706944290601533e-01
-3.250000000000000000e+00 1.082531754730548279e+01 1.941006012809617376e-01
-2.750000000000000000e+00 1.169134295108992383e+01 1.903610647452640969e-01
-1.750000000000000000e+00 1.169134295108992383e+01 1.911686372943458556e-01
-4.250000000000000000e+00 1.255736835487435776e+01 1.603667191501161604e-01
-3.250000000000000000e+00 1.255736835487435776e+01 1.626438740496025381e-01
-2.750000000000000000e+00 1.342339375865879880e+01 2.993016680697306864e-01
-1.750000000000000000e+00 1.342339375865879880e+01 2.966703729369338238e-01
-4.250000000000000000e+00 1.428941916244323274e+01 2.263946214190931949e-01
-3.250000000000000000e+00 1.428941916244323274e+01 2.253596171611437771e-01
-2.750000000000000000e+00 1.515544456622767377e+01 1.963196828355447399e-01
-1.750000000000000000e+00 1.515544456622767377e+01 1.952867199924405439e-01
-4.250000000000000000e+00 1.602146997001211304e+01 4.655108608268896386e-01
-3.250000000000000000e+00 1.602146997001211304e+01 4.643314238303886121e-01
-2.750000000000000000e+00 1.688749537379655408e+01 2.294995791097158566e-01
-1.750000000000000000e+00 1.688749537379655408e+01 2.290337866467438699e-01
-4.250000000000000000e+00 1.775352077758098801e+01 2.309007472533299021e-01
-3.250000000000000000e+00 1.775352077758098801e+01 2.304397456321814752e-01
-2.750000000000000000e+00 1.861954618136542905e+01 4.955357006472919656e-01
-1.750000000000000000e+00 1.861954618136542905e+01 4.951479499447164478e-01
-4.250000000000000000e+00 1.948557158514986298e+01 2.480773263243779558e-01
-3.250000000000000000e+00 1.948557158514986298e+01 2.479849464982816776e-01
-2.750000000000000000e+00 2.035159698893430402e+01 3.117747009906804978e-01
-1.750000000000000000e+00 2.035159698893430402e+01 3.116038913717156800e-01
-4.250000000000000000e+00 2.121762239271873796e+01 2.859568834832685313e-01
-3.250000000000000000e+00 2.121762239271873796e+01 2.858945404875848362e-01
-2.750000000000000000e+00 2.208364779650317899e+01 3.939841544380482952e-01
-1.750000000000000000e+00 2.208364779650317899e+01 3.939513697275682791e-01
-4.250000000000000000e+00 2.294967320028762003e+01 5.446900626858781624e-01
-3.250000000000000000e+00 2.294967320028762003e+01 5.446468904794674604e-01
-2.750000000000000000e+00 2.381569860407206107e+01 8.592618284908538906e-02
-1.750000000000000000e+00 2.381569860407206107e+01 8.591364055192154958e-02
-4.250000000000000000e+00 2.468172400785649501e+01 6.100102493000313375e-01
-3.250000000000000000e+00 2.468172400785649501e+01 6.100004267648778677e-01
-2.750000000000000000e+00 2.554774941164093605e+01 7.000697565200522110e-01
-1.750000000000000000e+00 2.554774941164093605e+01 7.000600614345574568e-01
-1.250000000000000000e+00 -2.554774941164094315e+01 7.000793351936827058e-01
-2.500000000000000000e-01 -2.554774941164094315e+01 7.000750104457128531e-01
2.500000000000000000e-01 -2.468172400785650566e+01 6.100127056212270027e-01
1.250000000000000000e+00 -2.468172400785650566e+01 6.100114380127841240e-01
-1.250000000000000000e+00 -2.381569860407206463e+01 8.593244311528626389e-02
-2.500000000000000000e-01 -2.381569860407206463e+01 8.592413551788730119e-02
2.500000000000000000e-01 -2.294967320028762714e+01 5.446974091652510008e-01
1.250000000000000000e+00 -2.294967320028762714e+01 5.446858072579044974e-01
-1.250000000000000000e+00 -2.208364779650318965e+01 3.939781658357293104e-01
-2.500000000000000000e-01 -2.208364779650318965e+01 3.939625343348889253e-01
2.500000000000000000e-01 -2.121762239271875217e+01 2.860008639576200884e-01
1.250000000000000000e+00 -2.121762239271875217e+01 2.859459956455954188e-01
-1.250000000000000000e+00 -2.035159698893431113e+01 3.117285627039691476e-01
-2.500000000000000000e-01 -2.035159698893431113e+01 3.116556437592056250e-01
2.500000000000000000e-01 -1.948557158514987364e+01 2.482321205162404953e-01
1.250000000000000000e+00 -1.948557158514987364e+01 2.480959317528094177e-01
-1.250000000000000000e+00 -1.861954618136543615e+01 4.956493402809564741e-01
-2.500000000000000000e-01 -1.861954618136543615e+01 4.953812837499897426e-01
2.500000000000000000e-01 -1.775352077758099512e+01 2.307682762622761397e-01
1.250000000000000000e+00 -1.775352077758099512e+01 2.304742891279074890e-01
-1.250000000000000000e+00 -1.688749537379655763e+01 2.306085698941611750e-01
-2.500000000000000000e-01 -1.688749537379655763e+01 2.300140694530886931e-01
2.500000000000000000e-01 -1.602146997001212014e+01 4.647789447475142999e-01
1.250000000000000000e+00 -1.602146997001212014e+01 4.639890608491263890e-01
-1.250000000000000000e+00 -1.515544456622767733e+01 1.970498626512227625e-01
-2.500000000000000000e-01 -1.515544456622767733e+01 1.958459338863747512e-01
2.500000000000000000e-01 -1.428941916244323806e+01 2.293819077101649784e-01
1.250000000000000000e+00 -1.428941916244323806e+01 2.276994035551607731e-01
-1.250000000000000000e+00 -1.342339375865880058e+01 2.948823688349814787e-01
-2.500000000000000000e-01 -1.342339375865880058e+01 2.936127069023185543e-01
2.500000000000000000e-01 -1.255736835487436132e+01 1.678135778699789138e-01
1.250000000000000000e+00 -1.255736835487436132e+01 1.660427858895881237e-01
-1.250000000000000000e+00 -1.169134295108992383e+01 1.956898289350758047e-01
-2.500000000000000000e-01 -1.169134295108992383e+01 1.952319922149499121e-01
2.500000000000000000e-01 -1.082531754730548457e+01 1.825523357780186040e-01
1.250000000000000000e+00 -1.082531754730548457e+01 1.845821739899065894e-01
-1.250000000000000000e+00 -9.959292143521047080e+00 1.639980131662042706e-01
-2.500000000000000000e-01 -9.959292143521047080e+00 1.626229173939691963e-01
2.500000000000000000e-01 -9.093266739736607818e+00 1.605765613707161032e-01
1.250000000000000000e+00 -9.093266739736607818e+00 1.642062677459564801e-01
-1.250000000000000000e+00 -8.227241335952170331e+00 1.419175862426089452e-01
-2.500000000000000000e-01 -8.227241335952170331e+00 1.546735436301432953e-01
2.500000000000000000e-01 -7.361215932167732845e+00 1.648773417210719350e-01
1.250000000000000000e+00 -7.361215932167732845e+00 1.652296865722738539e-01
-1.250000000000000000e+00 -6.495190528383291806e+00 1.238122768753833480e-01
-2.500000000000000000e-01 -6.495190528383291806e+00 1.510330311118656677e-01
2.500000000000000000e-01 -5.629165124598854320e+00 1.270439755342854804e-01
1.250000000000000000e+00 -5.629165124598854320e+00 1.553619378405707296e-01
-1.250000000000000000e+00 -4.763139720814413280e+00 1.626136061312643544e-01
-2.500000000000000000e-01 -4.763139720814413280e+00 1.423298975163581337e-01
2.500000000000000000e-01 -3.897114317029975794e+00 1.364311311202002497e-01
1.250000000000000000e+00 -3.897114317029975794e+00 1.487088501161086540e-01
-1.250000000000000000e+00 -3.031088913245538308e+00 1.475079854470318919e-01
-2.500000000000000000e-01 -3.031088913245538308e+00 1.497316305915445678e-01
2.500000000000000000e-01 -2.165063509461100821e+00 1.642279602767915958e-01
1.250000000000000000e+00 -2.165063509461100821e+00 8.237758999750398325e-02
-1.250000000000000000e+00 -1.299038105676659782e+00 1.616859702885481698e-01
-2.500000000000000000e-01 -1.299038105676659782e+00 1.317226346101467438e-01
2.500000000000000000e-01 -4.330127018922222959e-01 1.854876916962782951e-01
1.250000000000000000e+00 -4.330127018922222959e-01 1.317368542151351463e-01
-1.250000000000000000e+00 4.330127018922151905e-01 1.854844720608094799e-01
-2.500000000000000000e-01 4.330127018922151905e-01 2.486648633725292885e-07
2.500000000000000000e-01 1.299038105676652677e+00 1.854944023625446081e-01
1.250000000000000000e+00 1.299038105676652677e+00 1.317304689734093148e-01
-1.250000000000000000e+00 2.165063509461093716e+00 1.617082569007753934e-01
-2.500000000000000000e-01 2.165063509461093716e+00 1.317676293016479538e-01
2.500000000000000000e-01 3.031088913245531202e+00 1.641856749222482814e-01
1.250000000000000000e+00 3.031088913245531202e+00 8.233012121830129981e-02
-1.250000000000000000e+00 3.897114317029972241e+00 1.475703442228313289e-01
-2.500000000000000000e-01 3.897114317029972241e+00 1.498691344223044286e-01
2.500000000000000000e-01 4.763139720814409728e+00 1.366624755757414045e-01
1.250000000000000000e+00 4.763139720814409728e+00 1.489780558843733504e-01
-1.250000000000000000e+00 5.629165124598847214e+00 1.621162223897033572e-01
-2.500000000000000000e-01 5.629165124598847214e+00 1.418614131654067356e-01
2.500000000000000000e-01 6.495190528383284700e+00 1.291888001204097025e-01
1.250000000000000000e+00 6.495190528383284700e+00 1.574986388604076581e-01
-1.250000000000000000e+00 7.361215932167725740e+00 1.224003025960181540e-01
-2.500000000000000000e-01 7.361215932167725740e+00 1.497867296342038912e-01
2.500000000000000000e-01 8.227241335952166779e+00 1.669435148041037431e-01
1.250000000000000000e+00 8.227241335952166779e+00 1.672890131765533694e-01
-1.250000000000000000e+00 9.093266739736600712e+00 1.510647479500763501e-01
-2.500000000000000000e-01 9.093266739736600712e+00 1.640971194265934685e-01
2.500000000000000000e-01 9.959292143521041751e+00 1.478081661545834757e-01
1.250000000000000000e+00 9.959292143521041751e+00 1.516790516492843022e-01
-1.250000000000000000e+00 1.082531754730548279e+01 1.955053068940801053e-01
-2.500000000000000000e-01 1.082531754730548279e+01 1.940426833671259343e-01
2.500000000000000000e-01 1.169134295108992383e+01 1.889323086064319535e-01
1.250000000000000000e+00 1.169134295108992383e+01 1.909383614177390109e-01
-1.250000000000000000e+00 1.255736835487435776e+01 1.622462709771628486e-01
-2.500000000000000000e-01 1.255736835487435776e+01 1.619136461167474117e-01
2.500000000000000000e-01 1.342339375865879880e+01 2.986202596184658886e-01
1.250000000000000000e+00 1.342339375865879880e+01 2.966422501296888670e-01
-1.250000000000000000e+00 1.428941916244323274e+01 2.251796565255379801e-01
-2.500000000000000000e-01 1.428941916244323274e+01 2.241721237098094621e-01
2.500000000000000000e-01 1.515544456622767377e+01 1.969405447764636385e-01
1.250000000000000000e+00 1.515544456622767377e+01 1.953933492913128844e-01
-1.250000000000000000e+00 1.602146997001211304e+01 4.651162670138371813e-01
-2.500000000000000000e-01 1.602146997001211304e+01 4.637865444693542449e-01
2.500000000000000000e-01 1.688749537379655408e+01 2.297362243639381185e-01
1.250000000000000000e+00 1.688749537379655408e+01 2.289146966852109166e-01
-1.250000000000000000e+00 1.775352077758098801e+01 2.309939228090260310e-01
-2.500000000000000000e-01 1.775352077758098801e+01 2.304071460872422206e-01
2.500000000000000000e-01 1.861954618136542905e+01 4.955289635966070860e-01
1.250000000000000000e+00 1.861954618136542905e+01 4.951116813737984068e-01
-1.250000000000000000e+00 1.948557158514986298e+01 2.481347013903775767e-01
-2.500000000000000000e-01 1.948557158514986298e+01 2.479396929079687173e-01
2.500000000000000000e-01 2.035159698893430402e+01 3.117612379988901061e-01
1.250000000000000000e+00 2.035159698893430402e+01 3.116510420131710091e-01
-1.250000000000000000e+00 2.121762239271873796e+01 2.859476748760202969e-01
-2.500000000000000000e-01 2.121762239271873796e+01 2.858473907880140219e-01
2.500000000000000000e-01 2.208364779650317899e+01 3.939862006552917739e-01
1.250000000000000000e+00 2.208364779650317899e+01 3.939556800666063063e-01
-1.250000000000000000e+00 2.294967320028762003e+01 5.446782745318073937e-01
-2.500000000000000000e-01 2.294967320028762003e+01 5.446479121198395390e-01
2.500000000000000000e-01 2.381569860407206107e+01 8.592652673391104612e-02
1.250000000000000000e+00 2.381569860407206107e+01 8.591039658267526913e-02
-1.250000000000000000e+00 2.468172400785649501e+01 6.100082217007261054e-01
-2.500000000000000000e-01 2.468172400785649501e+01 6.100047040187350778e-01
2.500000000000000000e-01 2.554774941164093605e+01 7.000707959375509493e-01
1.250000000000000000e+00 2.554774941164093605e+01 7.000642807518929756e-01
1.750000000000000000e+00 -2.554774941164094315e+01 7.000799308683294253e-01
2.750000000000000000e+00 -2.554774941164094315e+01 7.000779626837124736e-01
3.250000000000000000e+00 -2.468172400785650566e+01 6.100129868391489518e-01
4.250000000000000000e+00 -2.468172400785650566e+01 6.100107806517467424e-01
1.750000000000000000e+00 -2.381569860407206463e+01 8.593241923860825415e-02
2.750000000000000000e+00 -2.381569860407206463e+01 8.592495364667662727e-02
3.250000000000000000e+00 -2.294967320028762714e+01 5.446986922488268323e-01
4.250000000000000000e+00 -2.294967320028762714e+01 5.446898966308378887e-01
1.750000000000000000e+00 -2.208364779650318965e+01 3.939831194342147125e-01
2.750000000000000000e+00 -2.208364779650318965e+01 3.939597916733502125e-01
3.250000000000000000e+00 -2.121762239271875217e+01 2.860006284173991498e-01
4.250000000000000000e+00 -2.121762239271875217e+01 2.859682775336387373e-01
1.750000000000000000e+00 -2.035159698893431113e+01 3.117429915572091370e-01
2.750000000000000000e+00 -2.035159698893431113e+01 3.116885219305295385e-01
3.250000000000000000e+00 -1.948557158514987364e+01 2.482387575246634559e-01
4.250000000000000000e+00 -1.948557158514987364e+01 2.481370331638008964e-01
1.750000000000000000e+00 -1.861954618136543615e+01 4.956714791691094746e-01
2.750000000000000000e+00 -1.861954618136543615e+01 4.954720189611709902e-01
3.250000000000000000e+00 -1.775352077758099512e+01 2.308448435144968836e-01
4.250000000000000000e+00 -1.775352077758099512e+01 2.306670384283145137e-01
1.750000000000000000e+00 -1.688749537379655763e+01 2.306263894555061478e-01
2.750000000000000000e+00 -1.688749537379655763e+01 2.300930057012670060e-01
3.250000000000000000e+00 -1.602146997001212014e+01 4.650717582110258652e-01
4.250000000000000000e+00 -1.602146997001212014e+01 4.645375265737985426e-01
1.750000000000000000e+00 -1.515544456622767733e+01 1.969542584494177184e-01
2.750000000000000000e+00 -1.515544456622767733e+01 1.962522877065637217e-01
3.250000000000000000e+00 -1.428941916244323806e+01 2.297028514867979210e-01
4.250000000000000000e+00 -1.428941916244323806e+01 2.281837573609073466e-01
1.750000000000000000e+00 -1.342339375865880058e+01 2.958275927430922270e-01
2.750000000000000000e+00 -1.342339375865880058e+01 2.947478470416759477e-01
3.250000000000000000e+00 -1.255736835487436132e+01 1.676522130794473875e-01
4.250000000000000000e+00 -1.255736835487436132e+01 1.668291121899816154e-01
1.750000000000000000e+00 -1.169134295108992383e+01 1.989967202530070201e-01
2.750000000000000000e+00 -1.169134295108992383e+01 1.960196618125534251e-01
3.250000000000000000e+00 -1.082531754730548457e+01 1.864666502845177543e-01
4.250000000000000000e+00 -1.082531754730548457e+01 1.876080273402447596e-01
1.750000000000000000e+00 -9.959292143521047080e+00 1.625836873683483008e-01
2.750000000000000000e+00 -9.959292143521047080e+00 1.625711384944106275e-01
3.250000000000000000e+00 -9.093266739736607818e+00 1.704164059132003417e-01
4.250000000000000000e+00 -9.093266739736607818e+00 1.664880968714601284e-01
1.750000000000000000e+00 -8.227241335952170331e+00 1.419377750806444238e-01
2.750000000000000000e+00 -8.227241335952170331e+00 1.552355391521730577e-01
3.250000000000000000e+00 -7.361215932167732845e+00 1.604439816198290070e-01
4.250000000000000000e+00 -7.361215932167732845e+00 1.653947440158511917e-01
1.750000000000000000e+00 -6.495190528383291806e+00 1.481562681486361943e-01
2.750000000000000000e+00 -6.495190528383291806e+00 1.535983424221464555e-01
3.250000000000000000e+00 -5.629165124598854320e+00 1.281674312603032218e-01
4.250000000000000000e+00 -5.629165124598854320e+00 1.514348611346721385e-01
1.750000000000000000e+00 -4.763139720814413280e+00 1.597933751511910749e-01
2.750000000000000000e+00 -4.763139720814413280e+00 1.530282971925957802e-01
3.250000000000000000e+00 -3.897114317029975794e+00 1.595092867608961795e-01
4.250000000000000000e+00 -3.897114317029975794e+00 1.555700852221279795e-01
1.750000000000000000e+00 -3.031088913245538308e+00 1.296187649042637724e-01
2.750000000000000000e+00 -3.031088913245538308e+00 1.486001378373903448e-01
3.250000000000000000e+00 -2.165063509461100821e+00 1.363374990002146070e-01
4.250000000000000000e+00 -2.165063509461100821e+00 1.419905953426466028e-01
1.750000000000000000e+00 -1.299038105676659782e+00 1.641650009421658230e-01
2.750000000000000000e+00 -1.299038105676659782e+00 1.497238587227638917e-01
3.250000000000000000e+00 -4.330127018922222959e-01 1.474838799095439801e-01
4.250000000000000000e+00 -4.330127018922222959e-01 1.486052551878052908e-01
1.750000000000000000e+00 4.330127018922151905e-01 1.616875904669687614e-01
2.750000000000000000e+00 4.330127018922151905e-01 8.233844903317028008e-02
3.250000000000000000e+00 1.299038105676652677e+00 1.474858056912728144e-01
4.250000000000000000e+00 1.299038105676652677e+00 1.485778923056860212e-01
1.750000000000000000e+00 2.165063509461093716e+00 1.642371868301426840e-01
2.750000000000000000e+00 2.165063509461093716e+00 1.497855541583850703e-01
3.250000000000000000e+00 3.031088913245531202e+00 1.362826667916488543e-01
4.250000000000000000e+00 3.031088913245531202e+00 1.419318158957427745e-01
1.750000000000000000e+00 3.897114317029972241e+00 1.298082535384078029e-01
2.750000000000000000e+00 3.897114317029972241e+00 1.486888834789479863e-01
3.250000000000000000e+00 4.763139720814409728e+00 1.598311600235457486e-01
4.250000000000000000e+00 4.763139720814409728e+00 1.558632535966035793e-01
1.750000000000000000e+00 5.629165124598847214e+00 1.593395589823292657e-01
2.750000000000000000e+00 5.629165124598847214e+00 1.525268715904083139e-01
3.250000000000000000e+00 6.495190528383284700e+00 1.305061898227752315e-01
4.250000000000000000e+00 6.495190528383284700e+00 1.535668510912936158e-01
1.750000000000000000e+00 7.361215932167725740e+00 1.468654702034039305e-01
2.750000000000000000e+00 7.361215932167725740e+00 1.523456469653706735e-01
3.250000000000000000e+00 8.227241335952166779e+00 1.625656842334786134e-01
4.250000000000000000e+00 8.227241335952166779e+00 1.674600281353440523e-01
1.750000000000000000e+00 9.093266739736600712e+00 1.515155126414662323e-01
2.750000000000000000e+00 9.093266739736600712e+00 1.645567636898480901e-01
3.250000000000000000e+00 9.959292143521041751e+00 1.578620055909142339e-01
4.250000000000000000e+00 9.959292143521041751e+00 1.539537638288110410e-01
1.750000000000000000e+00 1.082531754730548279e+01 1.941971248744164824e-01
2.750000000000000000e+00 1.082531754730548279e+01 1.940914008163853732e-01
3.250000000000000000e+00 1.169134295108992383e+01 1.932027733576446582e-01
4.250000000000000000e+00 1.169134295108992383e+01 1.940426089533477949e-01
1.750000000000000000e+00 1.255736835487435776e+01 1.655453176747289923e-01
2.750000000000000000e+00 1.255736835487435776e+01 1.627529017431462999e-01
3.250000000000000000e+00 1.342339375865879880e+01 2.985229319145855098e-01
4.250000000000000000e+00 1.342339375865879880e+01 2.976768277498688109e-01
1.750000000000000000e+00 1.428941916244323274e+01 2.264398699967857809e-01
2.750000000000000000e+00 1.428941916244323274e+01 2.250856739374348936e-01
3.250000000000000000e+00 1.515544456622767377e+01 1.973054796799595390e-01
4.250000000000000000e+00 1.515544456622767377e+01 1.958557791364520517e-01
1.750000000000000000e+00 1.602146997001211304e+01 4.651422175949702087e-01
2.750000000000000000e+00 1.602146997001211304e+01 4.642640357210646718e-01
3.250000000000000000e+00 1.688749537379655408e+01 2.300911953531796506e-01
4.250000000000000000e+00 1.688749537379655408e+01 2.293766141693612814e-01
1.750000000000000000e+00 1.775352077758098801e+01 2.310124908763144247e-01
2.750000000000000000e+00 1.775352077758098801e+01 2.305555943241794914e-01
3.250000000000000000e+00 1.861954618136542905e+01 4.956096197356043564e-01
4.250000000000000000e+00 1.861954618136542905e+01 4.953997254187332833e-01
1.750000000000000000e+00 1.948557158514986298e+01 2.481760333898354598e-01
2.750000000000000000e+00 1.948557158514986298e+01 2.479345876046762376e-01
3.250000000000000000e+00 2.035159698893430402e+01 3.117722242779352726e-01
4.250000000000000000e+00 2.035159698893430402e+01 3.117152643724314109e-01
1.750000000000000000e+00 2.121762239271873796e+01 2.859596286233460072e-01
2.750000000000000000e+00 2.121762239271873796e+01 2.858750198933451836e-01
3.250000000000000000e+00 2.208364779650317899e+01 3.939833607097784074e-01
4.250000000000000000e+00 2.208364779650317899e+01 3.939521124768720073e-01
1.750000000000000000e+00 2.294967320028762003e+01 5.446840627873269503e-01
2.750000000000000000e+00 2.294967320028762003e+01 5.446758506181297310e-01
3.250000000000000000e+00 2.381569860407206107e+01 8.592778829547474684e-02
4.250000000000000000e+00 2.381569860407206107e+01 8.591664847164040553e-02
1.750000000000000000e+00 2.468172400785649501e+01 6.100098983014506926e-01
2.750000000000000000e+00 2.468172400785649501e+01 6.100111123007209146e-01
3.250000000000000000e+00 2.554774941164093605e+01 7.000756913591111852e-01
4.250000000000000000e+00 2.554774941164093605e+01 7.000741890786053023e-01
4.750000000000000000e+00 -2.554774941164094315e+01 7.000798794241458456e-01
5.750000000000000000e+00 -2.554774941164094315e+01 7.000779809402236653e-01
6.250000000000000000e+00 -2.468172400785650566e+01 6.100122897462090243e-01
7.250000000000000000e+00 -2.468172400785650566e+01 6.100107203664212330e-01
4.750000000000000000e+00 -2.381569860407206463e+01 8.593238731990407442e-02
5.750000000000000000e+00 -2.381569860407206463e+01 8.592815567771486251e-02
6.250000000000000000e+00 -2.294967320028762714e+01 5.446980139494186357e-01
7.250000000000000000e+00 -2.294967320028762714e+01 5.446912742621193848e-01
4.750000000000000000e+00 -2.208364779650318965e+01 3.939839619073193244e-01
5.750000000000000000e+00 -2.208364779650318965e+01 3.939684174452646737e-01
6.250000000000000000e+00 -2.121762239271875217e+01 2.860012789001347699e-01
7.250000000000000000e+00 -2.121762239271875217e+01 2.859830527250272203e-01
4.750000000000000000e+00 -2.035159698893431113e+01 3.117593646039945043e-01
5.750000000000000000e+00 -2.035159698893431113e+01 3.117212044350496924e-01
6.250000000000000000e+00 -1.948557158514987364e+01 2.482411563778993691e-01
7.250000000000000000e+00 -1.948557158514987364e+01 2.481909186882055862e-01
4.750000000000000000e+00 -1.861954618136543615e+01 4.957025708453667301e-01
5.750000000000000000e+00 -1.861954618136543615e+01 4.955853257684429414e-01
6.250000000000000000e+00 -1.775352077758099512e+01 2.309520974668076709e-01
7.250000000000000000e+00 -1.775352077758099512e+01 2.308511830390852226e-01
4.750000000000000000e+00 -1.688749537379655763e+01 2.306236862810580046e-01
5.750000000000000000e+00 -1.688749537379655763e+01 2.302750514565665707e-01
6.250000000000000000e+00 -1.602146997001212014e+01 4.653942235173448294e-01
7.250000000000000000e+00 -1.602146997001212014e+01 4.650880652199510523e-01
4.750000000000000000e+00 -1.515544456622767733e+01 1.972349630767674666e-01
5.750000000000000000e+00 -1.515544456622767733e+01 1.968477864786424836e-01
6.250000000000000000e+00 -1.428941916244323806e+01 2.298220824701264764e-01
7.250000000000000000e+00 -1.428941916244323806e+01 2.288041458024571706e-01
4.750000000000000000e+00 -1.342339375865880058e+01 2.974471187334765121e-01
5.750000000000000000e+00 -1.342339375865880058e+01 2.967042989894695948e-01
6.250000000000000000e+00 -1.255736835487436132e+01 1.681357469995342635e-01
7.250000000000000000e+00 -1.255736835487436132e+01 1.675347280354359536e-01
4.750000000000000000e+00 -1.169134295108992383e+01 2.008269673249454546e-01
5.750000000000000000e+00 -1.169134295108992383e+01 1.975901311774541369e-01
6.250000000000000000e+00 -1.082531754730548457e+01 1.908474118990001189e-01
7.250000000000000000e+00 -1.082531754730548457e+01 1.910776139904385995e-01
4.750000000000000000e+00 -9.959292143521047080e+00 1.619398766810794255e-01
5.750000000000000000e+00 -9.959292143521047080e+00 1.622977246003236007e-01
6.250000000000000000e+00 -9.093266739736607818e+00 1.745036008215171408e-01
7.250000000000000000e+00 -9.093266739736607818e+00 1.686036902835147955e-01
4.750000000000000000e+00 -8.227241335952170331e+00 1.501964836000322934e-01
5.750000000000000000e+00 -8.227241335952170331e+00 1.570570514064809076e-01
6.250000000000000000e+00 -7.361215932167732845e+00 1.589111762281985030e-01
7.250000000000000000e+00 -7.361215932167732845e+00 1.636122380146846356e-01
4.750000000000000000e+00 -6.495190528383291806e+00 1.616984031851960157e-01
5.750000000000000000e+00 -6.495190528383291806e+00 1.544050330444324548e-01
6.250000000000000000e+00 -5.629165124598854320e+00 1.389318049076722072e-01
7.250000000000000000e+00 -5.629165124598854320e+00 1.517974433225590947e-01
4.750000000000000000e+00 -4.763139720814413280e+00 1.464415439276394726e-01
5.750000000000000000e+00 -4.763139720814413280e+00 1.647961480800085310e-01
6.250000000000000000e+00 -3.897114317029975794e+00 1.641445567151929019e-01
7.250000000000000000e+00 -3.897114317029975794e+00 1.519206454718831090e-01
4.750000000000000000e+00 -3.031088913245538308e+00 1.270916890891462814e-01
5.750000000000000000e+00 -3.031088913245538308e+00 1.489726721654684172e-01
6.250000000000000000e+00 -2.165063509461100821e+00 1.217670129690920644e-01
7.250000000000000000e+00 -2.165063509461100821e+00 1.644400944891681038e-01
4.750000000000000000e+00 -1.299038105676659782e+00 1.621964598097496157e-01
5.750000000000000000e+00 -1.299038105676659782e+00 1.554398342786589282e-01
6.250000000000000000e+00 -4.330127018922222959e-01 1.427865522271394294e-01
7.250000000000000000e+00 -4.330127018922222959e-01 1.515170804983681230e-01
4.750000000000000000e+00 4.330127018922151905e-01 1.084747035217908384e-01
5.750000000000000000e+00 4.330127018922151905e-01 1.526212063861841217e-01
6.250000000000000000e+00 1.299038105676652677e+00 1.427443872094932564e-01
7.250000000000000000e+00 1.299038105676652677e+00 1.515027536325382063e-01
4.750000000000000000e+00 2.165063509461093716e+00 1.622591136394012090e-01
5.750000000000000000e+00 2.165063509461093716e+00 1.555125844303638649e-01
6.250000000000000000e+00 3.031088913245531202e+00 1.216716215278574320e-01
7.250000000000000000e+00 3.031088913245531202e+00 1.643872708810221739e-01
4.750000000000000000e+00 3.897114317029972241e+00 1.272200400308302060e-01
5.750000000000000000e+00 3.897114317029972241e+00 1.490866749346869413e-01
6.250000000000000000e+00 4.763139720814409728e+00 1.644452015584412785e-01
7.250000000000000000e+00 4.763139720814409728e+00 1.522218903650218169e-01
4.750000000000000000e+00 5.629165124598847214e+00 1.459222858019703639e-01
5.750000000000000000e+00 5.629165124598847214e+00 1.642973845950044809e-01
6.250000000000000000e+00 6.495190528383284700e+00 1.410993593453171158e-01
7.250000000000000000e+00 6.495190528383284700e+00 1.540113457927873575e-01
4.750000000000000000e+00 7.361215932167725740e+00 1.605043365079548701e-01
5.750000000000000000e+00 7.361215932167725740e+00 1.531623118418765639e-01
6.250000000000000000e+00 8.227241335952166779e+00 1.609150622905305417e-01
7.250000000000000000e+00 8.227241335952166779e+00 1.656812805261698163e-01
4.750000000000000000e+00 9.093266739736600712e+00 1.597895536563239960e-01
5.750000000000000000e+00 9.093266739736600712e+00 1.665205383032764552e-01
6.250000000000000000e+00 9.959292143521041751e+00 1.619891506229193534e-01
7.250000000000000000e+00 9.959292143521041751e+00 1.560013374409080777e-01
4.750000000000000000e+00 1.082531754730548279e+01 1.934905228090510743e-01
5.750000000000000000e+00 1.082531754730548279e+01 1.939040635332783813e-01
6.250000000000000000e+00 1.169134295108992383e+01 1.973900519445193069e-01
7.250000000000000000e+00 1.169134295108992383e+01 1.976348544984030398e-01
4.750000000000000000e+00 1.255736835487435776e+01 1.675021345024393649e-01
5.750000000000000000e+00 1.255736835487435776e+01 1.642368820684493858e-01
6.250000000000000000e+00 1.342339375865879880e+01 2.988842681353026665e-01
7.250000000000000000e+00 1.342339375865879880e+01 2.983814678371340401e-01
4.750000000000000000e+00 1.428941916244323274e+01 2.280528823837234542e-01
5.750000000000000000e+00 1.428941916244323274e+01 2.271898824980135567e-01
6.250000000000000000e+00 1.515544456622767377e+01 1.974373349620464069e-01
7.250000000000000000e+00 1.515544456622767377e+01 1.963755651825053183e-01
4.750000000000000000e+00 1.602146997001211304e+01 4.653597227764353916e-01
5.750000000000000000e+00 1.602146997001211304e+01 4.650430044968277277e-01
6.250000000000000000e+00 1.688749537379655408e+01 2.303243114259652946e-01
7.250000000000000000e+00 1.688749537379655408e+01 2.300301790433271210e-01
4.750000000000000000e+00 1.775352077758098801e+01 2.310107504770673725e-01
5.750000000000000000e+00 1.775352077758098801e+01 2.306780576628624790e-01
6.250000000000000000e+00 1.861954618136542905e+01 4.956897008514783987e-01
7.250000000000000000e+00 1.861954618136542905e+01 4.956376472217244311e-01
4.750000000000000000e+00 1.948557158514986298e+01 2.481834009109702421e-01
5.750000000000000000e+00 1.948557158514986298e+01 2.480240170040081682e-01
6.250000000000000000e+00 2.035159698893430402e+01 3.117820161606681961e-01
7.250000000000000000e+00 2.035159698893430402e+01 3.117314623748471680e-01
4.750000000000000000e+00 2.121762239271873796e+01 2.859766257608413187e-01
5.750000000000000000e+00 2.121762239271873796e+01 2.859454120521747189e-01
6.250000000000000000e+00 2.208364779650317899e+01 3.939797071949409646e-01
7.250000000000000000e+00 2.208364779650317899e+01 3.939577601212546076e-01
4.750000000000000000e+00 2.294967320028762003e+01 5.446960253325835444e-01
5.750000000000000000e+00 2.294967320028762003e+01 5.446937635020679958e-01
6.250000000000000000e+00 2.381569860407206107e+01 8.592967752577378160e-02
7.250000000000000000e+00 2.381569860407206107e+01 8.592544295921189512e-02
4.750000000000000000e+00 2.468172400785649501e+01 6.100122509438353768e-01
5.750000000000000000e+00 2.468172400785649501e+01 6.100122774587560803e-01
6.250000000000000000e+00 2.554774941164093605e+01 7.000793145332768752e-01
7.250000000000000000e+00 2.554774941164093605e+01 7.000789026490981115e-01
