-7.250000000000000000e+00 -2.554774941164094315e+01 1.439491568481562067e-01
-6.250000000000000000e+00 -2.554774941164094315e+01 1.439491756332809125e-01
-5.750000000000000000e+00 -2.468172400785650566e+01 1.451657295545475679e-01
-4.750000000000000000e+00 -2.468172400785650566e+01 1.451658128082153609e-01
-7.250000000000000000e+00 -2.381569860407206463e+01 4.424418529613076412e-02
-6.250000000000000000e+00 -2.381569860407206463e+01 4.424428025444020890e-02
-5.750000000000000000e+00 -2.294967320028762714e+01 1.454960327490320560e-01
-4.750000000000000000e+00 -2.294967320028762714e+01 1.454964244824389352e-01
-7.250000000000000000e+00 -2.208364779650318965e+01 1.366360462648820440e-01
-6.250000000000000000e+00 -2.208364779650318965e+01 1.366365972196384726e-01
-5.750000000000000000e+00 -2.121762239271875217e+01 6.933744255978892268e-02
-4.750000000000000000e+00 -2.121762239271875217e+01 6.933903416253175966e-02
-7.250000000000000000e+00 -2.035159698893431113e+01 1.015006744367527719e-01
-6.250000000000000000e+00 -2.035159698893431113e+01 1.015030406314260947e-01
-5.750000000000000000e+00 -1.948557158514987364e+01 8.220387237014017967e-02
-4.750000000000000000e+00 -1.948557158514987364e+01 8.221047296947192606e-02
-7.250000000000000000e+00 -1.861954618136543615e+01 5.006585888030909426e-02
-6.250000000000000000e+00 -1.861954618136543615e+01 5.007470549908703272e-02
-5.750000000000000000e+00 -1.775352077758099512e+01 5.214450162590808513e-02
-4.750000000000000000e+00 -1.775352077758099512e+01 5.216906930562326128e-02
-7.250000000000000000e+00 -1.688749537379655763e+01 3.999914792930646390e-02
-6.250000000000000000e+00 -1.688749537379655763e+01 4.003050684007378179e-02
-5.750000000000000000e+00 -1.602146997001212014e+01 3.125272632405991929e-02
-4.750000000000000000e+00 -1.602146997001212014e+01 3.133237952270505333e-02
-7.250000000000000000e+00 -1.515544456622767733e+01 2.986907489333096716e-02
-6.250000000000000000e+00 -1.515544456622767733e+01 2.997640597629540327e-02
-5.750000000000000000e+00 -1.428941916244323806e+01 2.635612158461816956e-02
-4.750000000000000000e+00 -1.428941916244323806e+01 2.659604047745464661e-02
-7.250000000000000000e+00 -1.342339375865880058e+01 2.508143942158430617e-02
-6.250000000000000000e+00 -1.342339375865880058e+01 2.539180655079061391e-02
-5.750000000000000000e+00 -1.255736835487436132e+01 2.451998675403596617e-02
-4.750000000000000000e+00 -1.255736835487436132e+01 2.523243314483978803e-02
-7.250000000000000000e+00 -1.169134295108992383e+01 2.413860596201845149e-02
-6.250000000000000000e+00 -1.169134295108992383e+01 2.483271467532489896e-02
-5.750000000000000000e+00 -1.082531754730548457e+01 2.406734506889495612e-02
-4.750000000000000000e+00 -1.082531754730548457e+01 2.580560708856122210e-02
-7.250000000000000000e+00 -9.959292143521047080e+00 2.396477769696072485e-02
-6.250000000000000000e+00 -9.959292143521047080e+00 2.555250963682209608e-02
-5.750000000000000000e+00 -9.093266739736607818e+00 2.492707702568080705e-02
-4.750000000000000000e+00 -9.093266739736607818e+00 2.779716772946860120e-02
-7.250000000000000000e+00 -8.227241335952170331e+00 2.371130539972522017e-02
-6.250000000000000000e+00 -8.227241335952170331e+00 2.778304577091771782e-02
-5.750000000000000000e+00 -7.361215932167732845e+00 2.511735606445057375e-02
-4.750000000000000000e+00 -7.361215932167732845e+00 3.029152248554575766e-02
-7.250000000000000000e+00 -6.495190528383291806e+00 2.482006914542379122e-02
-6.250000000000000000e+00 -6.495190528383291806e+00 3.144740554539025845e-02
-5.750000000000000000e+00 -5.629165124598854320e+00 2.370091700757501890e-02
-4.750000000000000000e+00 -5.629165124598854320e+00 3.670082605162797162e-02
-7.250000000000000000e+00 -4.763139720814413280e+00 2.626952560962622640e-02
-6.250000000000000000e+00 -4.763139720814413280e+00 3.357221580294175028e-02
-5.750000000000000000e+00 -3.897114317029975794e+00 2.871260378032966867e-02
-4.750000000000000000e+00 -3.897114317029975794e+00 4.384660255654967281e-02
-7.250000000000000000e+00 -3.031088913245538308e+00 2.411956088493071373e-02
-6.250000000000000000e+00 -3.031088913245538308e+00 3.921019309464878616e-02
-5.750000000000000000e+00 -2.165063509461100821e+00 3.402572828872899025e-02
-4.750000000000000000e+00 -2.165063509461100821e+00 4.031056598177701344e-02
-7.250000000000000000e+00 -1.299038105676659782e+00 2.538885880246577464e-02
-6.250000000000000000e+00 -1.299038105676659782e+00 4.384644944027224489e-02
-5.750000000000000000e+00 -4.330127018922222959e-01 2.603139057894557351e-02
-4.750000000000000000e+00 -4.330127018922222959e-01 4.917573260943913782e-02
-7.250000000000000000e+00 4.330127018922151905e-01 2.905541097805868986e-02
-6.250000000000000000e+00 4.330127018922151905e-01 3.760776369665466690e-02
-5.750000000000000000e+00 1.299038105676652677e+00 2.603137450964283783e-02
-4.750000000000000000e+00 1.299038105676652677e+00 4.917574033069956052e-02
-7.250000000000000000e+00 2.165063509461093716e+00 2.538883060158419677e-02
-6.250000000000000000e+00 2.165063509461093716e+00 4.384648477473733486e-02
-5.750000000000000000e+00 3.031088913245531202e+00 3.402561655560969872e-02
-4.750000000000000000e+00 3.031088913245531202e+00 4.031063433553523645e-02
-7.250000000000000000e+00 3.897114317029972241e+00 2.411968226117419678e-02
-6.250000000000000000e+00 3.897114317029972241e+00 3.921029333206725587e-02
-5.750000000000000000e+00 4.763139720814409728e+00 2.871261409679202320e-02
-4.750000000000000000e+00 4.763139720814409728e+00 4.384682962694015640e-02
-7.250000000000000000e+00 5.629165124598847214e+00 2.627008308060110875e-02
-6.250000000000000000e+00 5.629165124598847214e+00 3.357276218395743167e-02
-5.750000000000000000e+00 6.495190528383284700e+00 2.370239995508189104e-02
-4.750000000000000000e+00 6.495190528383284700e+00 3.670214202504727685e-02
-7.250000000000000000e+00 7.361215932167725740e+00 2.482242872163440903e-02
-6.250000000000000000e+00 7.361215932167725740e+00 3.145004303843303844e-02
-5.750000000000000000e+00 8.227241335952166779e+00 2.512667937658726730e-02
-4.750000000000000000e+00 8.227241335952166779e+00 3.030090352886789795e-02
-7.250000000000000000e+00 9.093266739736600712e+00 2.372553106617887597e-02
-6.250000000000000000e+00 9.093266739736600712e+00 2.779719189549903144e-02
-5.750000000000000000e+00 9.959292143521041751e+00 2.496815072427474580e-02
-4.750000000000000000e+00 9.959292143521041751e+00 2.783880190722881620e-02
-7.250000000000000000e+00 1.082531754730548279e+01 2.406724341363110017e-02
-6.250000000000000000e+00 1.082531754730548279e+01 2.565446642169027722e-02
-5.750000000000000000e+00 1.169134295108992383e+01 2.418715654547939908e-02
-4.750000000000000000e+00 1.169134295108992383e+01 2.592519972797865946e-02
-7.250000000000000000e+00 1.255736835487435776e+01 2.467177806817319463e-02
-6.250000000000000000e+00 1.255736835487435776e+01 2.536585774616697056e-02
-5.750000000000000000e+00 1.342339375865879880e+01 2.505746999480005718e-02
-4.750000000000000000e+00 1.342339375865879880e+01 2.576961639011386695e-02
-7.250000000000000000e+00 1.428941916244323274e+01 2.636181269476089301e-02
-6.250000000000000000e+00 1.428941916244323274e+01 2.667200053869601267e-02
-5.750000000000000000e+00 1.515544456622767377e+01 2.988711546384558576e-02
-4.750000000000000000e+00 1.515544456622767377e+01 3.012741569393430699e-02
-7.250000000000000000e+00 1.602146997001211304e+01 3.124421811509682512e-02
-6.250000000000000000e+00 1.602146997001211304e+01 3.135112787248447302e-02
-5.750000000000000000e+00 1.688749537379655408e+01 4.000612784757030110e-02
-4.750000000000000000e+00 1.688749537379655408e+01 4.008587970145086055e-02
-7.250000000000000000e+00 1.775352077758098801e+01 5.214485106709992185e-02
-6.250000000000000000e+00 1.775352077758098801e+01 5.217604442726268138e-02
-5.750000000000000000e+00 1.861954618136542905e+01 5.006614007176291015e-02
-4.750000000000000000e+00 1.861954618136542905e+01 5.009061052313613926e-02
-7.250000000000000000e+00 1.948557158514986298e+01 8.220458549741307963e-02
-6.250000000000000000e+00 1.948557158514986298e+01 8.221332614693067919e-02
-5.750000000000000000e+00 2.035159698893430402e+01 1.015005361690655972e-01
-4.750000000000000000e+00 2.035159698893430402e+01 1.015071955913823404e-01
-7.250000000000000000e+00 2.121762239271873796e+01 6.933750885355591254e-02
-6.250000000000000000e+00 2.121762239271873796e+01 6.933977132597987647e-02
-5.750000000000000000e+00 2.208364779650317899e+01 1.366360369293939947e-01
-4.750000000000000000e+00 2.208364779650317899e+01 1.366376446060239558e-01
-7.250000000000000000e+00 2.294967320028762003e+01 1.454960171156292614e-01
-6.250000000000000000e+00 2.294967320028762003e+01 1.454965242502346545e-01
-5.750000000000000000e+00 2.381569860407206107e+01 4.424420012099485044e-02
-4.750000000000000000e+00 2.381569860407206107e+01 4.424449596334737583e-02
-7.250000000000000000e+00 2.468172400785649501e+01 1.451657249378865977e-01
-6.250000000000000000e+00 2.468172400785649501e+01 1.451658112274465395e-01
-5.750000000000000000e+00 2.554774941164093605e+01 1.439491690872818086e-01
-4.750000000000000000e+00 2.554774941164093605e+01 1.439492533558659748e-01
-4.250000000000000000e+00 -2.554774941164094315e+01 1.439491530144327847e-01
-3.250000000000000000e+00 -2.554774941164094315e+01 1.439492420730013322e-01
-2.750000000000000000e+00 -2.468172400785650566e+01 1.451657259833518954e-01
-1.750000000000000000e+00 -2.468172400785650566e+01 1.451658651461910643e-01
-4.250000000000000000e+00 -2.381569860407206463e+01 4.424418436618885592e-02
-3.250000000000000000e+00 -2.381569860407206463e+01 4.424439285985762998e-02
-2.750000000000000000e+00 -2.294967320028762714e+01 1.454960129753437581e-01
-1.750000000000000000e+00 -2.294967320028762714e+01 1.454966491084923597e-01
-4.250000000000000000e+00 -2.208364779650318965e+01 1.366360543514518466e-01
-3.250000000000000000e+00 -2.208364779650318965e+01 1.366370809457080060e-01
-2.750000000000000000e+00 -2.121762239271875217e+01 6.933741155016555358e-02
-1.750000000000000000e+00 -2.121762239271875217e+01 6.933969417763462262e-02
-4.250000000000000000e+00 -2.035159698893431113e+01 1.015007632368473967e-01
-3.250000000000000000e+00 -2.035159698893431113e+01 1.015049334793330787e-01
-2.750000000000000000e+00 -1.948557158514987364e+01 8.220399045761578316e-02
-1.750000000000000000e+00 -1.948557158514987364e+01 8.221306861258802223e-02
-4.250000000000000000e+00 -1.861954618136543615e+01 5.006581607312792642e-02
-3.250000000000000000e+00 -1.861954618136543615e+01 5.008134894606403736e-02
-2.750000000000000000e+00 -1.775352077758099512e+01 5.214566402527362476e-02
-1.750000000000000000e+00 -1.775352077758099512e+01 5.218003174640926251e-02
-4.250000000000000000e+00 -1.688749537379655763e+01 3.999791434393583367e-02
-3.250000000000000000e+00 -1.688749537379655763e+01 4.005458404637809305e-02
-2.750000000000000000e+00 -1.602146997001212014e+01 3.125358675994907576e-02
-1.750000000000000000e+00 -1.602146997001212014e+01 3.137061934654278295e-02
-4.250000000000000000e+00 -1.515544456622767733e+01 2.987527690438181172e-02
-3.250000000000000000e+00 -1.515544456622767733e+01 3.006417183302208251e-02
-2.750000000000000000e+00 -1.428941916244323806e+01 2.634429785549885494e-02
-1.750000000000000000e+00 -1.428941916244323806e+01 2.671413869158507925e-02
-4.250000000000000000e+00 -1.342339375865880058e+01 2.513146928320134088e-02
-3.250000000000000000e+00 -1.342339375865880058e+01 2.566111083228046069e-02
-2.750000000000000000e+00 -1.255736835487436132e+01 2.454767098021284205e-02
-1.750000000000000000e+00 -1.255736835487436132e+01 2.560253512192773792e-02
-4.250000000000000000e+00 -1.169134295108992383e+01 2.415691570044883885e-02
-3.250000000000000000e+00 -1.169134295108992383e+01 2.547533389884282587e-02
-2.750000000000000000e+00 -1.082531754730548457e+01 2.436389949789843218e-02
-1.750000000000000000e+00 -1.082531754730548457e+01 2.680747467171801582e-02
-4.250000000000000000e+00 -9.959292143521047080e+00 2.376730605129005053e-02
-3.250000000000000000e+00 -9.959292143521047080e+00 2.706857514062349993e-02
-2.750000000000000000e+00 -9.093266739736607818e+00 2.484643207061533812e-02
-1.750000000000000000e+00 -9.093266739736607818e+00 2.966367376797118122e-02
-4.250000000000000000e+00 -8.227241335952170331e+00 2.512689678157446760e-02
-3.250000000000000000e+00 -8.227241335952170331e+00 3.145960843755656738e-02
-2.750000000000000000e+00 -7.361215932167732845e+00 2.370494198052976870e-02
-1.750000000000000000e+00 -7.361215932167732845e+00 3.357675771332159498e-02
-4.250000000000000000e+00 -6.495190528383291806e+00 3.151649592624935353e-02
-3.250000000000000000e+00 -6.495190528383291806e+00 3.670225100799802409e-02
-2.750000000000000000e+00 -5.629165124598854320e+00 3.254986923398883736e-02
-1.750000000000000000e+00 -5.629165124598854320e+00 4.384737694808615166e-02
-4.250000000000000000e+00 -4.763139720814413280e+00 3.254971885655406905e-02
-3.250000000000000000e+00 -4.763139720814413280e+00 3.760806567642967224e-02
-2.750000000000000000e+00 -3.897114317029975794e+00 6.748992765467745625e-02
-1.750000000000000000e+00 -3.897114317029975794e+00 4.917588304309599562e-02
-4.250000000000000000e+00 -3.031088913245538308e+00 2.382066147034600512e-02
-3.250000000000000000e+00 -3.031088913245538308e+00 4.917579569749976065e-02
-2.750000000000000000e+00 -2.165063509461100821e+00 7.726213367011365574e-02
-1.750000000000000000e+00 -2.165063509461100821e+00 3.262573170459816263e-02
-4.250000000000000000e+00 -1.299038105676659782e+00 3.702825167480433555e-02
-3.250000000000000000e+00 -1.299038105676659782e+00 5.580922599260162986e-02
-2.750000000000000000e+00 -4.330127018922222959e-01 3.381881226550388642e-02
-1.750000000000000000e+00 -4.330127018922222959e-01 5.137295929781476866e-02
-4.250000000000000000e+00 4.330127018922151905e-01 5.462799570531703952e-02
-3.250000000000000000e+00 4.330127018922151905e-01 3.262573862106869782e-02
-2.750000000000000000e+00 1.299038105676652677e+00 3.381877020946324336e-02
-1.750000000000000000e+00 1.299038105676652677e+00 5.137296558346551162e-02
-4.250000000000000000e+00 2.165063509461093716e+00 3.702833858127868583e-02
-3.250000000000000000e+00 2.165063509461093716e+00 5.580920474377969176e-02
-2.750000000000000000e+00 3.031088913245531202e+00 7.726225990379523290e-02
-1.750000000000000000e+00 3.031088913245531202e+00 3.262573313490323146e-02
-4.250000000000000000e+00 3.897114317029972241e+00 2.382072325706813959e-02
-3.250000000000000000e+00 3.897114317029972241e+00 4.917581672062251719e-02
-2.750000000000000000e+00 4.763139720814409728e+00 6.749076917862766034e-02
-1.750000000000000000e+00 4.763139720814409728e+00 4.917594340096872324e-02
-4.250000000000000000e+00 5.629165124598847214e+00 3.254981382251139616e-02
-3.250000000000000000e+00 5.629165124598847214e+00 3.760855410746754418e-02
-2.750000000000000000e+00 6.495190528383284700e+00 3.255203553120009780e-02
-1.750000000000000000e+00 6.495190528383284700e+00 4.384879661767206172e-02
-4.250000000000000000e+00 7.361215932167725740e+00 3.151871942130632376e-02
-3.250000000000000000e+00 7.361215932167725740e+00 3.670458093153436407e-02
-2.750000000000000000e+00 8.227241335952166779e+00 2.371449440933470765e-02
-1.750000000000000000e+00 8.227241335952166779e+00 3.358655619488378624e-02
-4.250000000000000000e+00 9.093266739736600712e+00 2.514145745881457561e-02
-3.250000000000000000e+00 9.093266739736600712e+00 3.147345885445718139e-02
-2.750000000000000000e+00 9.959292143521041751e+00 2.488843397751133724e-02
-1.750000000000000000e+00 9.959292143521041751e+00 2.970542077551505122e-02
-4.250000000000000000e+00 1.082531754730548279e+01 2.386958049237337259e-02
-3.250000000000000000e+00 1.082531754730548279e+01 2.717101965105613026e-02
-2.750000000000000000e+00 1.169134295108992383e+01 2.448481771649868577e-02
-1.750000000000000000e+00 1.169134295108992383e+01 2.692753006388758086e-02
-4.250000000000000000e+00 1.255736835487435776e+01 2.468982978733725436e-02
-3.250000000000000000e+00 1.255736835487435776e+01 2.600900169273192078e-02
-2.750000000000000000e+00 1.342339375865879880e+01 2.508544126967661783e-02
-1.750000000000000000e+00 1.342339375865879880e+01 2.614076881320944942e-02
-4.250000000000000000e+00 1.428941916244323274e+01 2.641204604444119530e-02
-3.250000000000000000e+00 1.428941916244323274e+01 2.694155737913948509e-02
-2.750000000000000000e+00 1.515544456622767377e+01 2.987546856659258065e-02
-1.750000000000000000e+00 1.515544456622767377e+01 3.024584507630433128e-02
-4.250000000000000000e+00 1.602146997001211304e+01 3.125058139234099253e-02
-3.250000000000000000e+00 1.602146997001211304e+01 3.143963870114890868e-02
-2.750000000000000000e+00 1.688749537379655408e+01 4.000735909442920679e-02
-1.750000000000000000e+00 1.688749537379655408e+01 4.012417673584839362e-02
-4.250000000000000000e+00 1.775352077758098801e+01 5.214356370050342304e-02
-3.250000000000000000e+00 1.775352077758098801e+01 5.220085170566367283e-02
-2.750000000000000000e+00 1.861954618136542905e+01 5.006753098642669625e-02
-1.750000000000000000e+00 1.861954618136542905e+01 5.010212606701562599e-02
-4.250000000000000000e+00 1.948557158514986298e+01 8.220451725366237361e-02
-3.250000000000000000e+00 1.948557158514986298e+01 8.222022029722717007e-02
-2.750000000000000000e+00 2.035159698893430402e+01 1.015006897558225762e-01
-1.750000000000000000e+00 2.035159698893430402e+01 1.015102517006271771e-01
-4.250000000000000000e+00 2.121762239271873796e+01 6.933768102087320417e-02
-3.250000000000000000e+00 2.121762239271873796e+01 6.934177797261138754e-02
-2.750000000000000000e+00 2.208364779650317899e+01 1.366360367264253806e-01
-1.750000000000000000e+00 2.208364779650317899e+01 1.366383572538504010e-01
-4.250000000000000000e+00 2.294967320028762003e+01 1.454960679907981724e-01
-3.250000000000000000e+00 2.294967320028762003e+01 1.454971841626541695e-01
-2.750000000000000000e+00 2.381569860407206107e+01 4.424420243040027428e-02
-1.750000000000000000e+00 2.381569860407206107e+01 4.424471126317294778e-02
-4.250000000000000000e+00 2.468172400785649501e+01 1.451657301084995355e-01
-3.250000000000000000e+00 2.468172400785649501e+01 1.451659761672346449e-01
-2.750000000000000000e+00 2.554774941164093605e+01 1.439491573327509599e-01
-1.750000000000000000e+00 2.554774941164093605e+01 1.439494179419119613e-01
-1.250000000000000000e+00 -2.554774941164094315e+01 1.439491547577471942e-01
-2.500000000000000000e-01 -2.554774941164094315e+01 1.439492894338419149e-01
2.500000000000000000e-01 -2.468172400785650566e+01 1.451657333855802812e-01
1.250000000000000000e+00 -2.468172400785650566e+01 1.451658037839511639e-01
-1.250000000000000000e+00 -2.381569860407206463e+01 4.424419094812501868e-02
-2.500000000000000000e-01 -2.381569860407206463e+01 4.424443156130600935e-02
2.500000000000000000e-01 -2.294967320028762714e+01 1.454960200418680960e-01
1.250000000000000000e+00 -2.294967320028762714e+01 1.454964865956337450e-01
-1.250000000000000000e+00 -2.208364779650318965e+01 1.366360783389334865e-01
-2.500000000000000000e-01 -2.208364779650318965e+01 1.366370784272877281e-01
2.500000000000000000e-01 -2.121762239271875217e+01 6.933741374028426496e-02
1.250000000000000000e+00 -2.121762239271875217e+01 6.933948182248363123e-02
-1.250000000000000000e+00 -2.035159698893431113e+01 1.015007317919467827e-01
-2.500000000000000000e-01 -2.035159698893431113e+01 1.015053006738069058e-01
2.500000000000000000e-01 -1.948557158514987364e+01 8.220412830907096458e-02
1.250000000000000000e+00 -1.948557158514987364e+01 8.221266170075738899e-02
-1.250000000000000000e+00 -1.861954618136543615e+01 5.006544569451096965e-02
-2.500000000000000000e-01 -1.861954618136543615e+01 5.008381692918153355e-02
2.500000000000000000e-01 -1.775352077758099512e+01 5.214580435869958785e-02
1.250000000000000000e+00 -1.775352077758099512e+01 5.217929931247453079e-02
-1.250000000000000000e+00 -1.688749537379655763e+01 3.999787789075009981e-02
-2.500000000000000000e-01 -1.688749537379655763e+01 4.006536306555457533e-02
2.500000000000000000e-01 -1.602146997001212014e+01 3.125098532033723786e-02
1.250000000000000000e+00 -1.602146997001212014e+01 3.136998238631977243e-02
-1.250000000000000000e+00 -1.515544456622767733e+01 2.988283568731890660e-02
-2.500000000000000000e-01 -1.515544456622767733e+01 3.010597649300468873e-02
2.500000000000000000e-01 -1.428941916244323806e+01 2.633894598558128922e-02
1.250000000000000000e+00 -1.428941916244323806e+01 2.671377301015365191e-02
-1.250000000000000000e+00 -1.342339375865880058e+01 2.513848247509370415e-02
-2.500000000000000000e-01 -1.342339375865880058e+01 2.579021392025067708e-02
2.500000000000000000e-01 -1.255736835487436132e+01 2.457544285485669874e-02
1.250000000000000000e+00 -1.255736835487436132e+01 2.560187444478745009e-02
-1.250000000000000000e+00 -1.169134295108992383e+01 2.406776121428544357e-02
-2.500000000000000000e-01 -1.169134295108992383e+01 2.579145255305147211e-02
2.500000000000000000e-01 -1.082531754730548457e+01 2.433438520532840710e-02
1.250000000000000000e+00 -1.082531754730548457e+01 2.680670462697511136e-02
-1.250000000000000000e+00 -9.959292143521047080e+00 2.386770231382046026e-02
-2.500000000000000000e-01 -9.959292143521047080e+00 2.786487742961850367e-02
2.500000000000000000e-01 -9.093266739736607818e+00 2.423477406109378340e-02
1.250000000000000000e+00 -9.093266739736607818e+00 2.966332647082290525e-02
-1.250000000000000000e+00 -8.227241335952170331e+00 2.628337983702164204e-02
-2.500000000000000000e-01 -8.227241335952170331e+00 3.334432513026289180e-02
2.500000000000000000e-01 -7.361215932167732845e+00 2.412448485827510883e-02
1.250000000000000000e+00 -7.361215932167732845e+00 3.357658993977918893e-02
-1.250000000000000000e+00 -6.495190528383291806e+00 2.871453037281462839e-02
-2.500000000000000000e-01 -6.495190528383291806e+00 3.921259740003343874e-02
2.500000000000000000e-01 -5.629165124598854320e+00 3.402657227559519743e-02
1.250000000000000000e+00 -5.629165124598854320e+00 4.384724601251383663e-02
-1.250000000000000000e+00 -4.763139720814413280e+00 2.382095607702097370e-02
-2.500000000000000000e-01 -4.763139720814413280e+00 4.031091264956107589e-02
2.500000000000000000e-01 -3.897114317029975794e+00 3.702832033985929694e-02
1.250000000000000000e+00 -3.897114317029975794e+00 4.917587064295571297e-02
-1.250000000000000000e+00 -3.031088913245538308e+00 7.726209036820456955e-02
-2.500000000000000000e-01 -3.031088913245538308e+00 5.580925209452556462e-02
2.500000000000000000e-01 -2.165063509461100821e+00 3.381885224295680392e-02
1.250000000000000000e+00 -2.165063509461100821e+00 3.262575412616779136e-02
-1.250000000000000000e+00 -1.299038105676659782e+00 2.607238494076667412e-01
-2.500000000000000000e-01 -1.299038105676659782e+00 5.137296179658426554e-02
2.500000000000000000e-01 -4.330127018922222959e-01 3.786710045449330764e-01
1.250000000000000000e+00 -4.330127018922222959e-01 5.137295929781478254e-02
-1.250000000000000000e+00 4.330127018922151905e-01 3.786708445746295171e-01
-2.500000000000000000e-01 4.330127018922151905e-01 3.215885622294873907e-06
2.500000000000000000e-01 1.299038105676652677e+00 3.786704271945650069e-01
1.250000000000000000e+00 1.299038105676652677e+00 5.137296513320997737e-02
-1.250000000000000000e+00 2.165063509461093716e+00 2.607240642683447129e-01
-2.500000000000000000e-01 2.165063509461093716e+00 5.137296010297576904e-02
2.500000000000000000e-01 3.031088913245531202e+00 3.381875514734662691e-02
1.250000000000000000e+00 3.031088913245531202e+00 3.262579128540664397e-02
-1.250000000000000000e+00 3.897114317029972241e+00 7.726213021579522722e-02
-2.500000000000000000e-01 3.897114317029972241e+00 5.580937413325868374e-02
2.500000000000000000e-01 4.763139720814409728e+00 3.702861878002694507e-02
1.250000000000000000e+00 4.763139720814409728e+00 4.917616010361029744e-02
-1.250000000000000000e+00 5.629165124598847214e+00 2.382144359960663982e-02
-2.500000000000000000e-01 5.629165124598847214e+00 4.031147758912235340e-02
2.500000000000000000e-01 6.495190528383284700e+00 3.402770785092962269e-02
1.250000000000000000e+00 6.495190528383284700e+00 4.384894901818302271e-02
-1.250000000000000000e+00 7.361215932167725740e+00 2.871779470785630617e-02
-2.500000000000000000e-01 7.361215932167725740e+00 3.921509187386246903e-02
2.500000000000000000e-01 8.227241335952166779e+00 2.413378713900299691e-02
1.250000000000000000e+00 8.227241335952166779e+00 3.358613884238646763e-02
-1.250000000000000000e+00 9.093266739736600712e+00 2.629830841607236347e-02
-2.500000000000000000e-01 9.093266739736600712e+00 3.335887343431308966e-02
2.500000000000000000e-01 9.959292143521041751e+00 2.427698871363589972e-02
1.250000000000000000e+00 9.959292143521041751e+00 2.970478339727864250e-02
-1.250000000000000000e+00 1.082531754730548279e+01 2.396999748729904817e-02
-2.500000000000000000e-01 1.082531754730548279e+01 2.796764896902707853e-02
2.500000000000000000e-01 1.169134295108992383e+01 2.445453313264825401e-02
1.250000000000000000e+00 1.169134295108992383e+01 2.692689127724316039e-02
-1.250000000000000000e+00 1.255736835487435776e+01 2.460150896774374735e-02
-2.500000000000000000e-01 1.255736835487435776e+01 2.632448039243995980e-02
2.500000000000000000e-01 1.342339375865879880e+01 2.511256981258935816e-02
1.250000000000000000e+00 1.342339375865879880e+01 2.613926897795500193e-02
-1.250000000000000000e+00 1.428941916244323274e+01 2.641968253847103848e-02
-2.500000000000000000e-01 1.428941916244323274e+01 2.707052320519580738e-02
2.500000000000000000e-01 1.515544456622767377e+01 2.987024190250217592e-02
1.250000000000000000e+00 1.515544456622767377e+01 3.024405338456751663e-02
-1.250000000000000000e+00 1.602146997001211304e+01 3.125811497549337015e-02
-2.500000000000000000e-01 1.602146997001211304e+01 3.148160115583070739e-02
2.500000000000000000e-01 1.688749537379655408e+01 4.000471762413319865e-02
1.250000000000000000e+00 1.688749537379655408e+01 4.012303362125518857e-02
-1.250000000000000000e+00 1.775352077758098801e+01 5.214353924126923640e-02
-2.500000000000000000e-01 1.775352077758098801e+01 5.221114462953288515e-02
2.500000000000000000e-01 1.861954618136542905e+01 5.006738680839553646e-02
1.250000000000000000e+00 1.861954618136542905e+01 5.010110251504787393e-02
-1.250000000000000000e+00 1.948557158514986298e+01 8.220429697255889068e-02
-2.500000000000000000e-01 1.948557158514986298e+01 8.222238174028534408e-02
2.500000000000000000e-01 2.035159698893430402e+01 1.015006984452762467e-01
1.250000000000000000e+00 2.035159698893430402e+01 1.015092480917363094e-01
-1.250000000000000000e+00 2.121762239271873796e+01 6.933767125973931689e-02
-2.500000000000000000e-01 2.121762239271873796e+01 6.934240887994577718e-02
2.500000000000000000e-01 2.208364779650317899e+01 1.366360334541765198e-01
1.250000000000000000e+00 2.208364779650317899e+01 1.366378900397717533e-01
-1.250000000000000000e+00 2.294967320028762003e+01 1.454960405662444889e-01
-2.500000000000000000e-01 2.294967320028762003e+01 1.454974086235053532e-01
2.500000000000000000e-01 2.381569860407206107e+01 4.424418962181279197e-02
1.250000000000000000e+00 2.381569860407206107e+01 4.424467643650936699e-02
-1.250000000000000000e+00 2.468172400785649501e+01 1.451657217309864079e-01
-2.500000000000000000e-01 2.468172400785649501e+01 1.451660149614662221e-01
2.500000000000000000e-01 2.554774941164093605e+01 1.439491488941614661e-01
1.250000000000000000e+00 2.554774941164093605e+01 1.439494398379291829e-01
1.750000000000000000e+00 -2.554774941164094315e+01 1.439491547780672731e-01
2.750000000000000000e+00 -2.554774941164094315e+01 1.439492254206182487e-01
3.250000000000000000e+00 -2.468172400785650566e+01 1.451657350362915710e-01
4.250000000000000000e+00 -2.468172400785650566e+01 1.451657546275379185e-01
1.750000000000000000e+00 -2.381569860407206463e+01 4.424418934147857779e-02
2.750000000000000000e+00 -2.381569860407206463e+01 4.424436314437044104e-02
3.250000000000000000e+00 -2.294967320028762714e+01 1.454960279537382828e-01
4.250000000000000000e+00 -2.294967320028762714e+01 1.454963082512127359e-01
1.750000000000000000e+00 -2.208364779650318965e+01 1.366360984804979306e-01
2.750000000000000000e+00 -2.208364779650318965e+01 1.366368238182656958e-01
3.250000000000000000e+00 -2.121762239271875217e+01 6.933741230362755470e-02
4.250000000000000000e+00 -2.121762239271875217e+01 6.933901509783860218e-02
1.750000000000000000e+00 -2.035159698893431113e+01 1.015007480514180799e-01
2.750000000000000000e+00 -2.035159698893431113e+01 1.015043894022554516e-01
3.250000000000000000e+00 -1.948557158514987364e+01 8.220402169728509290e-02
4.250000000000000000e+00 -1.948557158514987364e+01 8.221051973716070327e-02
1.750000000000000000e+00 -1.861954618136543615e+01 5.006534021206422019e-02
2.750000000000000000e+00 -1.861954618136543615e+01 5.008093071136907048e-02
3.250000000000000000e+00 -1.775352077758099512e+01 5.214507515736425264e-02
4.250000000000000000e+00 -1.775352077758099512e+01 5.216898224578217502e-02
1.750000000000000000e+00 -1.688749537379655763e+01 3.999801726417695491e-02
2.750000000000000000e+00 -1.688749537379655763e+01 4.005434998414249270e-02
3.250000000000000000e+00 -1.602146997001212014e+01 3.124877715226948710e-02
4.250000000000000000e+00 -1.602146997001212014e+01 3.133237418229112975e-02
1.750000000000000000e+00 -1.515544456622767733e+01 2.988143535260341654e-02
2.750000000000000000e+00 -1.515544456622767733e+01 3.006359286184984853e-02
3.250000000000000000e+00 -1.428941916244323806e+01 2.633842339904159113e-02
4.250000000000000000e+00 -1.428941916244323806e+01 2.659632586070139262e-02
1.750000000000000000e+00 -1.342339375865880058e+01 2.511425105632271448e-02
2.750000000000000000e+00 -1.342339375865880058e+01 2.566052643887942186e-02
3.250000000000000000e+00 -1.255736835487436132e+01 2.455771685533866128e-02
4.250000000000000000e+00 -1.255736835487436132e+01 2.523264486050280989e-02
1.750000000000000000e+00 -1.169134295108992383e+01 2.401806922782040443e-02
2.750000000000000000e+00 -1.169134295108992383e+01 2.547523536894313184e-02
3.250000000000000000e+00 -1.082531754730548457e+01 2.413841026720753291e-02
4.250000000000000000e+00 -1.082531754730548457e+01 2.580579293441522329e-02
1.750000000000000000e+00 -9.959292143521047080e+00 2.393233350792520198e-02
2.750000000000000000e+00 -9.959292143521047080e+00 2.706840210598666918e-02
3.250000000000000000e+00 -9.093266739736607818e+00 2.391922043495225969e-02
4.250000000000000000e+00 -9.093266739736607818e+00 2.779748310379289572e-02
1.750000000000000000e+00 -8.227241335952170331e+00 2.558583267143659662e-02
2.750000000000000000e+00 -8.227241335952170331e+00 3.145933637654500098e-02
3.250000000000000000e+00 -7.361215932167732845e+00 2.419573702481409017e-02
4.250000000000000000e+00 -7.361215932167732845e+00 3.029168889442152013e-02
1.750000000000000000e+00 -6.495190528383291806e+00 2.539118097871401192e-02
2.750000000000000000e+00 -6.495190528383291806e+00 3.670221835914494468e-02
3.250000000000000000e+00 -5.629165124598854320e+00 2.905643637646450339e-02
4.250000000000000000e+00 -5.629165124598854320e+00 3.670081446245906237e-02
1.750000000000000000e+00 -4.763139720814413280e+00 2.603178827555202579e-02
2.750000000000000000e+00 -4.763139720814413280e+00 3.760808285108916543e-02
3.250000000000000000e+00 -3.897114317029975794e+00 2.603156364315321186e-02
4.250000000000000000e+00 -3.897114317029975794e+00 4.384656683107772401e-02
1.750000000000000000e+00 -3.031088913245538308e+00 5.462815333358385372e-02
2.750000000000000000e+00 -3.031088913245538308e+00 4.917575265588398914e-02
3.250000000000000000e+00 -2.165063509461100821e+00 3.702825355282230585e-02
4.250000000000000000e+00 -2.165063509461100821e+00 4.031055020037740966e-02
1.750000000000000000e+00 -1.299038105676659782e+00 3.381880694253855402e-02
2.750000000000000000e+00 -1.299038105676659782e+00 5.580919454311547567e-02
3.250000000000000000e+00 -4.330127018922222959e-01 7.726209106691206419e-02
4.250000000000000000e+00 -4.330127018922222959e-01 4.917573260943895741e-02
1.750000000000000000e+00 4.330127018922151905e-01 2.607240097336267493e-01
2.750000000000000000e+00 4.330127018922151905e-01 3.262573862106868394e-02
3.250000000000000000e+00 1.299038105676652677e+00 7.726212618342570559e-02
4.250000000000000000e+00 1.299038105676652677e+00 4.917572837284687332e-02
1.750000000000000000e+00 2.165063509461093716e+00 3.381872341725451064e-02
2.750000000000000000e+00 2.165063509461093716e+00 5.580925532707720071e-02
3.250000000000000000e+00 3.031088913245531202e+00 3.702840712333438367e-02
4.250000000000000000e+00 3.031088913245531202e+00 4.031058428931875992e-02
1.750000000000000000e+00 3.897114317029972241e+00 5.462786180384521240e-02
2.750000000000000000e+00 3.897114317029972241e+00 4.917587827475081164e-02
3.250000000000000000e+00 4.763139720814409728e+00 2.603162690177091010e-02
4.250000000000000000e+00 4.763139720814409728e+00 4.384683118296445886e-02
1.750000000000000000e+00 5.629165124598847214e+00 2.603219576371764571e-02
2.750000000000000000e+00 5.629165124598847214e+00 3.760855139025857941e-02
3.250000000000000000e+00 6.495190528383284700e+00 2.905756502934667487e-02
4.250000000000000000e+00 6.495190528383284700e+00 3.670229739777682715e-02
1.750000000000000000e+00 7.361215932167725740e+00 2.539363198304435409e-02
2.750000000000000000e+00 7.361215932167725740e+00 3.670479306273301962e-02
3.250000000000000000e+00 8.227241335952166779e+00 2.420527396159261740e-02
4.250000000000000000e+00 8.227241335952166779e+00 3.030116169801321327e-02
1.750000000000000000e+00 9.093266739736600712e+00 2.559943349460258588e-02
2.750000000000000000e+00 9.093266739736600712e+00 3.147374572802980747e-02
3.250000000000000000e+00 9.959292143521041751e+00 2.396076819820525117e-02
4.250000000000000000e+00 9.959292143521041751e+00 2.783946031833348100e-02
1.750000000000000000e+00 1.082531754730548279e+01 2.403428914641063396e-02
2.750000000000000000e+00 1.082531754730548279e+01 2.717044104527188697e-02
3.250000000000000000e+00 1.169134295108992383e+01 2.425788479988198396e-02
4.250000000000000000e+00 1.169134295108992383e+01 2.592625984127117089e-02
1.750000000000000000e+00 1.255736835487435776e+01 2.455148713365573609e-02
2.750000000000000000e+00 1.255736835487435776e+01 2.600822048586360485e-02
3.250000000000000000e+00 1.342339375865879880e+01 2.509502820891276742e-02
4.250000000000000000e+00 1.342339375865879880e+01 2.577013925439084613e-02
1.750000000000000000e+00 1.428941916244323274e+01 2.639442126781352260e-02
2.750000000000000000e+00 1.428941916244323274e+01 2.694123771859777833e-02
3.250000000000000000e+00 1.515544456622767377e+01 2.986958597664293724e-02
4.250000000000000000e+00 1.515544456622767377e+01 3.012768584890010773e-02
1.750000000000000000e+00 1.602146997001211304e+01 3.125617767124642954e-02
2.750000000000000000e+00 1.602146997001211304e+01 3.143850569060203937e-02
3.250000000000000000e+00 1.688749537379655408e+01 4.000205051453890881e-02
4.250000000000000000e+00 1.688749537379655408e+01 4.008639614825202507e-02
1.750000000000000000e+00 1.775352077758098801e+01 5.214365083330475131e-02
2.750000000000000000e+00 1.775352077758098801e+01 5.219922379767300696e-02
3.250000000000000000e+00 1.861954618136542905e+01 5.006657793229268849e-02
4.250000000000000000e+00 1.861954618136542905e+01 5.009061130966735442e-02
1.750000000000000000e+00 1.948557158514986298e+01 8.220408040133396488e-02
2.750000000000000000e+00 1.948557158514986298e+01 8.221930951465863946e-02
3.250000000000000000e+00 2.035159698893430402e+01 1.015006878603236795e-01
4.250000000000000000e+00 2.035159698893430402e+01 1.015067502712417441e-01
1.750000000000000000e+00 2.121762239271873796e+01 6.933755199464097796e-02
2.750000000000000000e+00 2.121762239271873796e+01 6.934135310774877659e-02
3.250000000000000000e+00 2.208364779650317899e+01 1.366360389184650970e-01
4.250000000000000000e+00 2.208364779650317899e+01 1.366374311385998852e-01
1.750000000000000000e+00 2.294967320028762003e+01 1.454960367304124202e-01
2.750000000000000000e+00 2.294967320028762003e+01 1.454968310396423936e-01
3.250000000000000000e+00 2.381569860407206107e+01 4.424418579911407884e-02
4.250000000000000000e+00 2.381569860407206107e+01 4.424451754156409622e-02
1.750000000000000000e+00 2.468172400785649501e+01 1.451657302968435981e-01
2.750000000000000000e+00 2.468172400785649501e+01 1.451658298996639507e-01
3.250000000000000000e+00 2.554774941164093605e+01 1.439491624851327312e-01
4.250000000000000000e+00 2.554774941164093605e+01 1.439492567200622575e-01
4.750000000000000000e+00 -2.554774941164094315e+01 1.439491562363993116e-01
5.750000000000000000e+00 -2.554774941164094315e+01 1.439491833192940162e-01
6.250000000000000000e+00 -2.468172400785650566e+01 1.451657286847770068e-01
7.250000000000000000e+00 -2.468172400785650566e+01 1.451657817741906498e-01
4.750000000000000000e+00 -2.381569860407206463e+01 4.424418460975426681e-02
5.750000000000000000e+00 -2.381569860407206463e+01 4.424433573588680557e-02
6.250000000000000000e+00 -2.294967320028762714e+01 1.454960181516799789e-01
7.250000000000000000e+00 -2.294967320028762714e+01 1.454962725920912192e-01
4.750000000000000000e+00 -2.208364779650318965e+01 1.366360561132045903e-01
5.750000000000000000e+00 -2.208364779650318965e+01 1.366367147502085544e-01
6.250000000000000000e+00 -2.121762239271875217e+01 6.933741923688781228e-02
7.250000000000000000e+00 -2.121762239271875217e+01 6.933832106033602227e-02
4.750000000000000000e+00 -2.035159698893431113e+01 1.015006669991255772e-01
5.750000000000000000e+00 -2.035159698893431113e+01 1.015031994879833366e-01
6.250000000000000000e+00 -1.948557158514987364e+01 8.220388325097401083e-02
7.250000000000000000e+00 -1.948557158514987364e+01 8.220714187601285694e-02
4.750000000000000000e+00 -1.861954618136543615e+01 5.006535419180796476e-02
5.750000000000000000e+00 -1.861954618136543615e+01 5.007491841823144552e-02
6.250000000000000000e+00 -1.775352077758099512e+01 5.214405273276950803e-02
7.250000000000000000e+00 -1.775352077758099512e+01 5.215550836534768586e-02
4.750000000000000000e+00 -1.688749537379655763e+01 3.999778459651436718e-02
5.750000000000000000e+00 -1.688749537379655763e+01 4.003078217341406175e-02
6.250000000000000000e+00 -1.602146997001212014e+01 3.124678967241062422e-02
7.250000000000000000e+00 -1.602146997001212014e+01 3.128632306811368613e-02
4.750000000000000000e+00 -1.515544456622767733e+01 2.987482445250073948e-02
5.750000000000000000e+00 -1.515544456622767733e+01 2.997666337665567601e-02
6.250000000000000000e+00 -1.428941916244323806e+01 2.633894782917253763e-02
7.250000000000000000e+00 -1.428941916244323806e+01 2.646211875981405170e-02
4.750000000000000000e+00 -1.342339375865880058e+01 2.508758807657990308e-02
5.750000000000000000e+00 -1.342339375865880058e+01 2.539207777789666623e-02
6.250000000000000000e+00 -1.255736835487436132e+01 2.453135801723022730e-02
7.250000000000000000e+00 -1.255736835487436132e+01 2.484055907521053735e-02
4.750000000000000000e+00 -1.169134295108992383e+01 2.400384261044324896e-02
5.750000000000000000e+00 -1.169134295108992383e+01 2.483299326101351401e-02
6.250000000000000000e+00 -1.082531754730548457e+01 2.397703895166922172e-02
7.250000000000000000e+00 -1.082531754730548457e+01 2.471278819503956725e-02
4.750000000000000000e+00 -9.959292143521047080e+00 2.384929037630166559e-02
5.750000000000000000e+00 -9.959292143521047080e+00 2.555272151842911260e-02
6.250000000000000000e+00 -9.093266739736607818e+00 2.380758743528240545e-02
7.250000000000000000e+00 -9.093266739736607818e+00 2.566144753137358445e-02
4.750000000000000000e+00 -8.227241335952170331e+00 2.456209386522406266e-02
5.750000000000000000e+00 -8.227241335952170331e+00 2.778316735273370086e-02
6.250000000000000000e+00 -7.361215932167732845e+00 2.389533802508186922e-02
7.250000000000000000e+00 -7.361215932167732845e+00 2.700282656546405466e-02
4.750000000000000000e+00 -6.495190528383291806e+00 2.419321368740692813e-02
5.750000000000000000e+00 -6.495190528383291806e+00 3.144742029143709344e-02
6.250000000000000000e+00 -5.629165124598854320e+00 2.557208389750359467e-02
7.250000000000000000e+00 -5.629165124598854320e+00 2.963564384877671876e-02
4.750000000000000000e+00 -4.763139720814413280e+00 2.538915773894906414e-02
5.750000000000000000e+00 -4.763139720814413280e+00 3.357220943768536581e-02
6.250000000000000000e+00 -3.897114317029975794e+00 2.411967138567785995e-02
7.250000000000000000e+00 -3.897114317029975794e+00 3.332999868029555557e-02
4.750000000000000000e+00 -3.031088913245538308e+00 3.402572162229064445e-02
5.750000000000000000e+00 -3.031088913245538308e+00 3.921021403069371858e-02
6.250000000000000000e+00 -2.165063509461100821e+00 2.871237340296921986e-02
7.250000000000000000e+00 -2.165063509461100821e+00 3.357184072210638026e-02
4.750000000000000000e+00 -1.299038105676659782e+00 2.382061037655539004e-02
5.750000000000000000e+00 -1.299038105676659782e+00 4.384646509413822613e-02
6.250000000000000000e+00 -4.330127018922222959e-01 3.254917670425772069e-02
7.250000000000000000e+00 -4.330127018922222959e-01 3.669994029370966110e-02
4.750000000000000000e+00 4.330127018922151905e-01 6.748992916212656623e-02
5.750000000000000000e+00 4.330127018922151905e-01 3.760776369665468077e-02
6.250000000000000000e+00 1.299038105676652677e+00 3.254927266072212694e-02
7.250000000000000000e+00 1.299038105676652677e+00 3.669994995206225796e-02
4.750000000000000000e+00 2.165063509461093716e+00 2.382062014660947871e-02
5.750000000000000000e+00 2.165063509461093716e+00 4.384646611145869705e-02
6.250000000000000000e+00 3.031088913245531202e+00 2.871248720118902559e-02
7.250000000000000000e+00 3.031088913245531202e+00 3.357189258752227290e-02
4.750000000000000000e+00 3.897114317029972241e+00 3.402588329238402653e-02
5.750000000000000000e+00 3.897114317029972241e+00 3.921026191287863005e-02
6.250000000000000000e+00 4.763139720814409728e+00 2.411986652983472146e-02
7.250000000000000000e+00 4.763139720814409728e+00 3.333019376313838683e-02
4.750000000000000000e+00 5.629165124598847214e+00 2.538982133180406331e-02
5.750000000000000000e+00 5.629165124598847214e+00 3.357274934762509433e-02
6.250000000000000000e+00 6.495190528383284700e+00 2.557366203452760001e-02
7.250000000000000000e+00 6.495190528383284700e+00 2.963704497927183157e-02
4.750000000000000000e+00 7.361215932167725740e+00 2.419558705745153415e-02
5.750000000000000000e+00 7.361215932167725740e+00 3.145008997886390711e-02
6.250000000000000000e+00 8.227241335952166779e+00 2.390501746343273726e-02
7.250000000000000000e+00 8.227241335952166779e+00 2.701237325239795942e-02
4.750000000000000000e+00 9.093266739736600712e+00 2.457615263373492259e-02
5.750000000000000000e+00 9.093266739736600712e+00 2.779746160987208586e-02
6.250000000000000000e+00 9.959292143521041751e+00 2.384923314324881305e-02
7.250000000000000000e+00 9.959292143521041751e+00 2.570322214085928730e-02
4.750000000000000000e+00 1.082531754730548279e+01 2.395169895665779161e-02
5.750000000000000000e+00 1.082531754730548279e+01 2.565506176218898537e-02
6.250000000000000000e+00 1.169134295108992383e+01 2.409711620370802443e-02
7.250000000000000000e+00 1.169134295108992383e+01 2.483267175065639876e-02
4.750000000000000000e+00 1.255736835487435776e+01 2.453701753108854244e-02
5.750000000000000000e+00 1.255736835487435776e+01 2.536673514174757685e-02
6.250000000000000000e+00 1.342339375865879880e+01 2.506895870421030348e-02
7.250000000000000000e+00 1.342339375865879880e+01 2.537787021857765279e-02
4.750000000000000000e+00 1.428941916244323274e+01 2.636786871294109422e-02
5.750000000000000000e+00 1.428941916244323274e+01 2.667306489562114649e-02
6.250000000000000000e+00 1.515544456622767377e+01 2.987008993879894381e-02
7.250000000000000000e+00 1.515544456622767377e+01 2.999342106111133402e-02
4.750000000000000000e+00 1.602146997001211304e+01 3.125002543729193949e-02
5.750000000000000000e+00 1.602146997001211304e+01 3.135202145915164107e-02
6.250000000000000000e+00 1.688749537379655408e+01 4.000034754834481260e-02
7.250000000000000000e+00 1.688749537379655408e+01 4.004004144809342192e-02
4.750000000000000000e+00 1.775352077758098801e+01 5.214349484943474333e-02
5.750000000000000000e+00 1.775352077758098801e+01 5.217682138155477212e-02
6.250000000000000000e+00 1.861954618136542905e+01 5.006582166123324518e-02
7.250000000000000000e+00 1.861954618136542905e+01 5.007733009289368209e-02
4.750000000000000000e+00 1.948557158514986298e+01 8.220402657522805911e-02
5.750000000000000000e+00 1.948557158514986298e+01 8.221405444610116464e-02
6.250000000000000000e+00 2.035159698893430402e+01 1.015005825909176540e-01
7.250000000000000000e+00 2.035159698893430402e+01 1.015040075675836262e-01
4.750000000000000000e+00 2.121762239271873796e+01 6.933753048054076829e-02
5.750000000000000000e+00 2.121762239271873796e+01 6.934012781688859983e-02
6.250000000000000000e+00 2.208364779650317899e+01 1.366360389980597612e-01
7.250000000000000000e+00 2.208364779650317899e+01 1.366370668866360438e-01
4.750000000000000000e+00 2.294967320028762003e+01 1.454960597750118434e-01
5.750000000000000000e+00 2.294967320028762003e+01 1.454965548632745631e-01
6.250000000000000000e+00 2.381569860407206107e+01 4.424419457539764677e-02
7.250000000000000000e+00 2.381569860407206107e+01 4.424445800639618953e-02
4.750000000000000000e+00 2.468172400785649501e+01 1.451657387388683718e-01
5.750000000000000000e+00 2.468172400785649501e+01 1.451657883457422860e-01
6.250000000000000000e+00 2.554774941164093605e+01 1.439491684514239700e-01
7.250000000000000000e+00 2.554774941164093605e+01 1.439492270706676513e-01
