-7.250000000000000000e+00 -2.554774941164094315e+01 1.439491568295929447e-01
-6.250000000000000000e+00 -2.554774941164094315e+01 1.439491733848237420e-01
-5.750000000000000000e+00 -2.468172400785650566e+01 1.451657295372380807e-01
-4.750000000000000000e+00 -2.468172400785650566e+01 1.451658081802155997e-01
-7.250000000000000000e+00 -2.381569860407206463e+01 4.424418529453657406e-02
-6.250000000000000000e+00 -2.381569860407206463e+01 4.424427426418713061e-02
-5.750000000000000000e+00 -2.294967320028762714e+01 1.454960322401816497e-01
-4.750000000000000000e+00 -2.294967320028762714e+01 1.454964011451914674e-01
-7.250000000000000000e+00 -2.208364779650318965e+01 1.366360460849654068e-01
-6.250000000000000000e+00 -2.208364779650318965e+01 1.366365641227370864e-01
-5.750000000000000000e+00 -2.121762239271875217e+01 6.933744152753740231e-02
-4.750000000000000000e+00 -2.121762239271875217e+01 6.933894232451090489e-02
-7.250000000000000000e+00 -2.035159698893431113e+01 1.015006694259510817e-01
-6.250000000000000000e+00 -2.035159698893431113e+01 1.015028936028284229e-01
-5.750000000000000000e+00 -1.948557158514987364e+01 8.220387227821726595e-02
-4.750000000000000000e+00 -1.948557158514987364e+01 8.221009343374893752e-02
-7.250000000000000000e+00 -1.861954618136543615e+01 5.006582882422042080e-02
-6.250000000000000000e+00 -1.861954618136543615e+01 5.007414341903441285e-02
-5.750000000000000000e+00 -1.775352077758099512e+01 5.214446120708231269e-02
-4.750000000000000000e+00 -1.775352077758099512e+01 5.216757682503405519e-02
-7.250000000000000000e+00 -1.688749537379655763e+01 3.999909214638942834e-02
-6.250000000000000000e+00 -1.688749537379655763e+01 4.002853753675581633e-02
-5.750000000000000000e+00 -1.602146997001212014e+01 3.125238899506108115e-02
-4.750000000000000000e+00 -1.602146997001212014e+01 3.132716221313298216e-02
-7.250000000000000000e+00 -1.515544456622767733e+01 2.986907434742031020e-02
-6.250000000000000000e+00 -1.515544456622767733e+01 2.996987832638489668e-02
-5.750000000000000000e+00 -1.428941916244323806e+01 2.635539739423967132e-02
-4.750000000000000000e+00 -1.428941916244323806e+01 2.658017059613474245e-02
-7.250000000000000000e+00 -1.342339375865880058e+01 2.508047056724814136e-02
-6.250000000000000000e+00 -1.342339375865880058e+01 2.537159488571702134e-02
-5.750000000000000000e+00 -1.255736835487436132e+01 2.451998260551771502e-02
-4.750000000000000000e+00 -1.255736835487436132e+01 2.518756169068861808e-02
-7.250000000000000000e+00 -1.169134295108992383e+01 2.413248962487088423e-02
-6.250000000000000000e+00 -1.169134295108992383e+01 2.478004698125028590e-02
-5.750000000000000000e+00 -1.082531754730548457e+01 2.405919905013268259e-02
-4.750000000000000000e+00 -1.082531754730548457e+01 2.568488867607866127e-02
-7.250000000000000000e+00 -9.959292143521047080e+00 2.395664305205680300e-02
-6.250000000000000000e+00 -9.959292143521047080e+00 2.543477960881265418e-02
-5.750000000000000000e+00 -9.093266739736607818e+00 2.487809095259754452e-02
-4.750000000000000000e+00 -9.093266739736607818e+00 2.753355843608558395e-02
-7.250000000000000000e+00 -8.227241335952170331e+00 2.371119144082609043e-02
-6.250000000000000000e+00 -8.227241335952170331e+00 2.751943342540894705e-02
-5.750000000000000000e+00 -7.361215932167732845e+00 2.505908400009292450e-02
-4.750000000000000000e+00 -7.361215932167732845e+00 2.982225834777722795e-02
-7.250000000000000000e+00 -6.495190528383291806e+00 2.477465716241453175e-02
-6.250000000000000000e+00 -6.495190528383291806e+00 3.094453514456927540e-02
-5.750000000000000000e+00 -5.629165124598854320e+00 2.370070288135108991e-02
-4.750000000000000000e+00 -5.629165124598854320e+00 3.580986479739484141e-02
-7.250000000000000000e+00 -4.763139720814413280e+00 2.616408772279401121e-02
-6.250000000000000000e+00 -4.763139720814413280e+00 3.285830184515241975e-02
-5.750000000000000000e+00 -3.897114317029975794e+00 2.850703863415608025e-02
-4.750000000000000000e+00 -3.897114317029975794e+00 4.245951663276142235e-02
-7.250000000000000000e+00 -3.031088913245538308e+00 2.410167358880462365e-02
-6.250000000000000000e+00 -3.031088913245538308e+00 3.812773985440625485e-02
-5.750000000000000000e+00 -2.165063509461100821e+00 3.359699344874381849e-02
-4.750000000000000000e+00 -2.165063509461100821e+00 3.888194080989245544e-02
-7.250000000000000000e+00 -1.299038105676659782e+00 2.531961850543153203e-02
-6.250000000000000000e+00 -1.299038105676659782e+00 4.245936402643182839e-02
-5.750000000000000000e+00 -4.330127018922222959e-01 2.593345639209915232e-02
-4.750000000000000000e+00 -4.330127018922222959e-01 4.725902631282350580e-02
-7.250000000000000000e+00 4.330127018922151905e-01 2.883423712774320358e-02
-6.250000000000000000e+00 4.330127018922151905e-01 3.644055222588347270e-02
-5.750000000000000000e+00 1.299038105676652677e+00 2.593344148561524398e-02
-4.750000000000000000e+00 1.299038105676652677e+00 4.725903410591751619e-02
-7.250000000000000000e+00 2.165063509461093716e+00 2.531959228194682887e-02
-6.250000000000000000e+00 2.165063509461093716e+00 4.245939793854493216e-02
-5.750000000000000000e+00 3.031088913245531202e+00 3.359688934799569260e-02
-4.750000000000000000e+00 3.031088913245531202e+00 3.888200796560330880e-02
-7.250000000000000000e+00 3.897114317029972241e+00 2.410179323102244059e-02
-6.250000000000000000e+00 3.897114317029972241e+00 3.812784001306769588e-02
-5.750000000000000000e+00 4.763139720814409728e+00 2.850705859953560350e-02
-4.750000000000000000e+00 4.763139720814409728e+00 4.245974332819586056e-02
-7.250000000000000000e+00 5.629165124598847214e+00 2.616464475407106333e-02
-6.250000000000000000e+00 5.629165124598847214e+00 3.285884860790336953e-02
-5.750000000000000000e+00 6.495190528383284700e+00 2.370218592948455591e-02
-4.750000000000000000e+00 6.495190528383284700e+00 3.581118852591007318e-02
-7.250000000000000000e+00 7.361215932167725740e+00 2.477702731621305929e-02
-6.250000000000000000e+00 7.361215932167725740e+00 3.094716814545681038e-02
-5.750000000000000000e+00 8.227241335952166779e+00 2.506842334750990220e-02
-4.750000000000000000e+00 8.227241335952166779e+00 2.983164378632580105e-02
-7.250000000000000000e+00 9.093266739736600712e+00 2.372541832353360775e-02
-6.250000000000000000e+00 9.093266739736600712e+00 2.753358396524805546e-02
-5.750000000000000000e+00 9.959292143521041751e+00 2.491920110472071320e-02
-4.750000000000000000e+00 9.959292143521041751e+00 2.757519041203719198e-02
-7.250000000000000000e+00 1.082531754730548279e+01 2.405910435016087034e-02
-6.250000000000000000e+00 1.082531754730548279e+01 2.553674846210973043e-02
-5.750000000000000000e+00 1.169134295108992383e+01 2.417901944205586712e-02
-4.750000000000000000e+00 1.169134295108992383e+01 2.580449894783655787e-02
-7.250000000000000000e+00 1.255736835487435776e+01 2.466567835343894816e-02
-6.250000000000000000e+00 1.255736835487435776e+01 2.531318619666711456e-02
-5.750000000000000000e+00 1.342339375865879880e+01 2.505746640094563826e-02
-4.750000000000000000e+00 1.342339375865879880e+01 2.572475279538693343e-02
-7.250000000000000000e+00 1.428941916244323274e+01 2.636085477842855032e-02
-6.250000000000000000e+00 1.428941916244323274e+01 2.665179513380997248e-02
-5.750000000000000000e+00 1.515544456622767377e+01 2.988640443292436832e-02
-4.750000000000000000e+00 1.515544456622767377e+01 3.011153133647776273e-02
-7.250000000000000000e+00 1.602146997001211304e+01 3.124421757406564693e-02
-6.250000000000000000e+00 1.602146997001211304e+01 3.134461292557038509e-02
-5.750000000000000000e+00 1.688749537379655408e+01 4.000579267596910543e-02
-4.750000000000000000e+00 1.688749537379655408e+01 4.008066782122480382e-02
-7.250000000000000000e+00 1.775352077758098801e+01 5.214479854146298471e-02
-6.250000000000000000e+00 1.775352077758098801e+01 5.217407006197302688e-02
-5.750000000000000000e+00 1.861954618136542905e+01 5.006609682124624205e-02
-4.750000000000000000e+00 1.861954618136542905e+01 5.008912237144703961e-02
-7.250000000000000000e+00 1.948557158514986298e+01 8.220455701805615134e-02
-6.250000000000000000e+00 1.948557158514986298e+01 8.221276560229197339e-02
-5.750000000000000000e+00 2.035159698893430402e+01 1.015005359003498114e-01
-4.750000000000000000e+00 2.035159698893430402e+01 1.015068069742549040e-01
-7.250000000000000000e+00 2.121762239271873796e+01 6.933750384314220361e-02
-6.250000000000000000e+00 2.121762239271873796e+01 6.933963045801058711e-02
-5.750000000000000000e+00 2.208364779650317899e+01 1.366360362466537137e-01
-4.750000000000000000e+00 2.208364779650317899e+01 1.366375534740219277e-01
-7.250000000000000000e+00 2.294967320028762003e+01 1.454960168708180346e-01
-6.250000000000000000e+00 2.294967320028762003e+01 1.454964891882663813e-01
-5.750000000000000000e+00 2.381569860407206107e+01 4.424419942221211044e-02
-4.750000000000000000e+00 2.381569860407206107e+01 4.424447785844835834e-02
-7.250000000000000000e+00 2.468172400785649501e+01 1.451657250485593464e-01
-6.250000000000000000e+00 2.468172400785649501e+01 1.451658041807568078e-01
-5.750000000000000000e+00 2.554774941164093605e+01 1.439491687643084383e-01
-4.750000000000000000e+00 2.554774941164093605e+01 1.439492458313925694e-01
-4.250000000000000000e+00 -2.554774941164094315e+01 1.439491530654022078e-01
-3.250000000000000000e+00 -2.554774941164094315e+01 1.439492374130250385e-01
-2.750000000000000000e+00 -2.468172400785650566e+01 1.451657259816316603e-01
-1.750000000000000000e+00 -2.468172400785650566e+01 1.451658591999255010e-01
-4.250000000000000000e+00 -2.381569860407206463e+01 4.424418434321094468e-02
-3.250000000000000000e+00 -2.381569860407206463e+01 4.424438198417328383e-02
-2.750000000000000000e+00 -2.294967320028762714e+01 1.454960128431977140e-01
-1.750000000000000000e+00 -2.294967320028762714e+01 1.454966172325081741e-01
-4.250000000000000000e+00 -2.208364779650318965e+01 1.366360534226676582e-01
-3.250000000000000000e+00 -2.208364779650318965e+01 1.366370267382683301e-01
-2.750000000000000000e+00 -2.121762239271875217e+01 6.933741156193548583e-02
-1.750000000000000000e+00 -2.121762239271875217e+01 6.933956687943063080e-02
-4.250000000000000000e+00 -2.035159698893431113e+01 1.015007546532800259e-01
-3.250000000000000000e+00 -2.035159698893431113e+01 1.015046903726286309e-01
-2.750000000000000000e+00 -1.948557158514987364e+01 8.220398482907612103e-02
-1.750000000000000000e+00 -1.948557158514987364e+01 8.221253923900580241e-02
-4.250000000000000000e+00 -1.861954618136543615e+01 5.006578995324560688e-02
-3.250000000000000000e+00 -1.861954618136543615e+01 5.008040836771278370e-02
-2.750000000000000000e+00 -1.775352077758099512e+01 5.214557599241786967e-02
-1.750000000000000000e+00 -1.775352077758099512e+01 5.217790490212893123e-02
-4.250000000000000000e+00 -1.688749537379655763e+01 3.999790862326296770e-02
-3.250000000000000000e+00 -1.688749537379655763e+01 4.005118677947433481e-02
-2.750000000000000000e+00 -1.602146997001212014e+01 3.125321972793936032e-02
-1.750000000000000000e+00 -1.602146997001212014e+01 3.136310721655725942e-02
-4.250000000000000000e+00 -1.515544456622767733e+01 2.987502837500982319e-02
-3.250000000000000000e+00 -1.515544456622767733e+01 3.005243215137326507e-02
-2.750000000000000000e+00 -1.428941916244323806e+01 2.634404951886106655e-02
-1.750000000000000000e+00 -1.428941916244323806e+01 2.669089694368824428e-02
-4.250000000000000000e+00 -1.342339375865880058e+01 2.512850748332967621e-02
-3.250000000000000000e+00 -1.342339375865880058e+01 2.562458763206777387e-02
-2.750000000000000000e+00 -1.255736835487436132e+01 2.454653271886586552e-02
-1.750000000000000000e+00 -1.255736835487436132e+01 2.553467405773712090e-02
-4.250000000000000000e+00 -1.169134295108992383e+01 2.415010994257276583e-02
-3.250000000000000000e+00 -1.169134295108992383e+01 2.538097372693614087e-02
-2.750000000000000000e+00 -1.082531754730548457e+01 2.434378814988868989e-02
-1.750000000000000000e+00 -1.082531754730548457e+01 2.662425303085567269e-02
-4.250000000000000000e+00 -9.959292143521047080e+00 2.376719170546112703e-02
-3.250000000000000000e+00 -9.959292143521047080e+00 2.684930020530394007e-02
-2.750000000000000000e+00 -9.093266739736607818e+00 2.480102149602704878e-02
-1.750000000000000000e+00 -9.093266739736607818e+00 2.927164301831044688e-02
-4.250000000000000000e+00 -8.227241335952170331e+00 2.506862860899907591e-02
-3.250000000000000000e+00 -8.227241335952170331e+00 3.095673124529787351e-02
-2.750000000000000000e+00 -7.361215932167732845e+00 2.370472755840053250e-02
-1.750000000000000000e+00 -7.361215932167732845e+00 3.286284634852858211e-02
-4.250000000000000000e+00 -6.495190528383291806e+00 3.119398747952935314e-02
-3.250000000000000000e+00 -6.495190528383291806e+00 3.581129156357260035e-02
-2.750000000000000000e+00 -5.629165124598854320e+00 3.218059018478947042e-02
-1.750000000000000000e+00 -5.629165124598854320e+00 4.246028895768809430e-02
-4.250000000000000000e+00 -4.763139720814413280e+00 3.218042046490129926e-02
-3.250000000000000000e+00 -4.763139720814413280e+00 3.644085500847961401e-02
-2.750000000000000000e+00 -3.897114317029975794e+00 6.565268040479482758e-02
-1.750000000000000000e+00 -3.897114317029975794e+00 4.725917530893323365e-02
-4.250000000000000000e+00 -3.031088913245538308e+00 2.381478126092655134e-02
-3.250000000000000000e+00 -3.031088913245538308e+00 4.725908837344470342e-02
-2.750000000000000000e+00 -2.165063509461100821e+00 7.499085915404382630e-02
-1.750000000000000000e+00 -2.165063509461100821e+00 3.113751402502823104e-02
-4.250000000000000000e+00 -1.299038105676659782e+00 3.647272060352938633e-02
-3.250000000000000000e+00 -1.299038105676659782e+00 5.339091040178204489e-02
-2.750000000000000000e+00 -4.330127018922222959e-01 3.338398169345083155e-02
-1.750000000000000000e+00 -4.330127018922222959e-01 4.890989700663312539e-02
-4.250000000000000000e+00 4.330127018922151905e-01 5.332641460744472206e-02
-3.250000000000000000e+00 4.330127018922151905e-01 3.113752060657769966e-02
-2.750000000000000000e+00 1.299038105676652677e+00 3.338394231343760898e-02
-1.750000000000000000e+00 1.299038105676652677e+00 4.890990301853381794e-02
-4.250000000000000000e+00 2.165063509461093716e+00 3.647280342633471562e-02
-3.250000000000000000e+00 2.165063509461093716e+00 5.339089104029259847e-02
-2.750000000000000000e+00 3.031088913245531202e+00 7.499098068737743150e-02
-1.750000000000000000e+00 3.031088913245531202e+00 3.113751657760198410e-02
-4.250000000000000000e+00 3.897114317029972241e+00 2.381484446414403044e-02
-3.250000000000000000e+00 3.897114317029972241e+00 4.725911233577327619e-02
-2.750000000000000000e+00 4.763139720814409728e+00 6.565348889728275794e-02
-1.750000000000000000e+00 4.763139720814409728e+00 4.725924255070430846e-02
-4.250000000000000000e+00 5.629165124598847214e+00 3.218053720122120154e-02
-3.250000000000000000e+00 5.629165124598847214e+00 3.644134316423561920e-02
-2.750000000000000000e+00 6.495190528383284700e+00 3.218272223138696209e-02
-1.750000000000000000e+00 6.495190528383284700e+00 4.246171210085741138e-02
-4.250000000000000000e+00 7.361215932167725740e+00 3.119622314095516630e-02
-3.250000000000000000e+00 7.361215932167725740e+00 3.581362862998979657e-02
-2.750000000000000000e+00 8.227241335952166779e+00 2.371428074084161453e-02
-1.750000000000000000e+00 8.227241335952166779e+00 3.287263704610735027e-02
-4.250000000000000000e+00 9.093266739736600712e+00 2.508316951079030827e-02
-3.250000000000000000e+00 9.093266739736600712e+00 3.097059933946450655e-02
-2.750000000000000000e+00 9.959292143521041751e+00 2.484300592915318281e-02
-1.750000000000000000e+00 9.959292143521041751e+00 2.931339979467228324e-02
-4.250000000000000000e+00 1.082531754730548279e+01 2.386946872457773594e-02
-3.250000000000000000e+00 1.082531754730548279e+01 2.695173900634165176e-02
-2.750000000000000000e+00 1.169134295108992383e+01 2.446466178124709345e-02
-1.750000000000000000e+00 1.169134295108992383e+01 2.674432172934851706e-02
-4.250000000000000000e+00 1.255736835487435776e+01 2.468303958544945664e-02
-3.250000000000000000e+00 1.255736835487435776e+01 2.591463346938525925e-02
-2.750000000000000000e+00 1.342339375865879880e+01 2.508429202299589100e-02
-1.750000000000000000e+00 1.342339375865879880e+01 2.607288646126198692e-02
-4.250000000000000000e+00 1.428941916244323274e+01 2.640907062129968508e-02
-3.250000000000000000e+00 1.428941916244323274e+01 2.690505123136330626e-02
-2.750000000000000000e+00 1.515544456622767377e+01 2.987521731284580040e-02
-1.750000000000000000e+00 1.515544456622767377e+01 3.022259949602602858e-02
-4.250000000000000000e+00 1.602146997001211304e+01 3.125032272221748425e-02
-3.250000000000000000e+00 1.602146997001211304e+01 3.142789061254472327e-02
-2.750000000000000000e+00 1.688749537379655408e+01 4.000697762932195478e-02
-1.750000000000000000e+00 1.688749537379655408e+01 4.011668134535046476e-02
-4.250000000000000000e+00 1.775352077758098801e+01 5.214355871896210470e-02
-3.250000000000000000e+00 1.775352077758098801e+01 5.219743480120535295e-02
-2.750000000000000000e+00 1.861954618136542905e+01 5.006743738729849125e-02
-1.750000000000000000e+00 1.861954618136542905e+01 5.009998694632221417e-02
-4.250000000000000000e+00 1.948557158514986298e+01 8.220448939588068105e-02
-3.250000000000000000e+00 1.948557158514986298e+01 8.221928393796061607e-02
-2.750000000000000000e+00 2.035159698893430402e+01 1.015006845001363289e-01
-1.750000000000000000e+00 2.035159698893430402e+01 1.015097068019336912e-01
-4.250000000000000000e+00 2.121762239271873796e+01 6.933767046151353974e-02
-3.250000000000000000e+00 2.121762239271873796e+01 6.934153636118287056e-02
-2.750000000000000000e+00 2.208364779650317899e+01 1.366360366487352762e-01
-1.750000000000000000e+00 2.208364779650317899e+01 1.366382344836485629e-01
-4.250000000000000000e+00 2.294967320028762003e+01 1.454960664992280550e-01
-3.250000000000000000e+00 2.294967320028762003e+01 1.454971211157437272e-01
-2.750000000000000000e+00 2.381569860407206107e+01 4.424420192682167879e-02
-1.750000000000000000e+00 2.381569860407206107e+01 4.424468401371006027e-02
-4.250000000000000000e+00 2.468172400785649501e+01 1.451657301237137265e-01
-3.250000000000000000e+00 2.468172400785649501e+01 1.451659636461341552e-01
-2.750000000000000000e+00 2.554774941164093605e+01 1.439491572610340220e-01
-1.750000000000000000e+00 2.554774941164093605e+01 1.439494050474084685e-01
-1.250000000000000000e+00 -2.554774941164094315e+01 1.439491547745624100e-01
-2.500000000000000000e-01 -2.554774941164094315e+01 1.439492835512046764e-01
2.500000000000000000e-01 -2.468172400785650566e+01 1.451657332372837672e-01
1.250000000000000000e+00 -2.468172400785650566e+01 1.451657996711149534e-01
-1.250000000000000000e+00 -2.381569860407206463e+01 4.424419075168927601e-02
-2.500000000000000000e-01 -2.381569860407206463e+01 4.424441851619564242e-02
2.500000000000000000e-01 -2.294967320028762714e+01 1.454960197577546688e-01
1.250000000000000000e+00 -2.294967320028762714e+01 1.454964592655052513e-01
-1.250000000000000000e+00 -2.208364779650318965e+01 1.366360763858318339e-01
-2.500000000000000000e-01 -2.208364779650318965e+01 1.366370199489707893e-01
2.500000000000000000e-01 -2.121762239271875217e+01 6.933741368176600528e-02
1.250000000000000000e+00 -2.121762239271875217e+01 6.933935781997385694e-02
-1.250000000000000000e+00 -2.035159698893431113e+01 1.015007231187351616e-01
-2.500000000000000000e-01 -2.035159698893431113e+01 1.015050271226671103e-01
2.500000000000000000e-01 -1.948557158514987364e+01 8.220411801680144182e-02
1.250000000000000000e+00 -1.948557158514987364e+01 8.221213684705043490e-02
-1.250000000000000000e+00 -1.861954618136543615e+01 5.006543295301170426e-02
-2.500000000000000000e-01 -1.861954618136543615e+01 5.008271276911837461e-02
2.500000000000000000e-01 -1.775352077758099512e+01 5.214571009650770250e-02
1.250000000000000000e+00 -1.775352077758099512e+01 5.217718738662559252e-02
-1.250000000000000000e+00 -1.688749537379655763e+01 3.999787253394505859e-02
-2.500000000000000000e-01 -1.688749537379655763e+01 4.006129154470026987e-02
2.500000000000000000e-01 -1.602146997001212014e+01 3.125071845394380987e-02
1.250000000000000000e+00 -1.602146997001212014e+01 3.136248217256276671e-02
-1.250000000000000000e+00 -1.515544456622767733e+01 2.988228269705320295e-02
-2.500000000000000000e-01 -1.515544456622767733e+01 3.009171931940703842e-02
2.500000000000000000e-01 -1.428941916244323806e+01 2.633890608646108356e-02
1.250000000000000000e+00 -1.428941916244323806e+01 2.669052921845145587e-02
-1.250000000000000000e+00 -1.342339375865880058e+01 2.513525120968314319e-02
-2.500000000000000000e-01 -1.342339375865880058e+01 2.574578610394774592e-02
2.500000000000000000e-01 -1.255736835487436132e+01 2.457318746128124565e-02
1.250000000000000000e+00 -1.255736835487436132e+01 2.553402413595428494e-02
-1.250000000000000000e+00 -1.169134295108992383e+01 2.406455326344775214e-02
-2.500000000000000000e-01 -1.169134295108992383e+01 2.567645381289666157e-02
2.500000000000000000e-01 -1.082531754730548457e+01 2.431552332648857437e-02
1.250000000000000000e+00 -1.082531754730548457e+01 2.662350209134978565e-02
-1.250000000000000000e+00 -9.959292143521047080e+00 2.386339002808586518e-02
-2.500000000000000000e-01 -9.959292143521047080e+00 2.759302927130194427e-02
2.500000000000000000e-01 -9.093266739736607818e+00 2.421420930583936121e-02
1.250000000000000000e+00 -9.093266739736607818e+00 2.927129990234322160e-02
-1.250000000000000000e+00 -8.227241335952170331e+00 2.617795483715236460e-02
-2.500000000000000000e-01 -8.227241335952170331e+00 3.271896601780262953e-02
2.500000000000000000e-01 -7.361215932167732845e+00 2.410659317515952138e-02
1.250000000000000000e+00 -7.361215932167732845e+00 3.286268118906649632e-02
-1.250000000000000000e+00 -6.495190528383291806e+00 2.850898004751734049e-02
-2.500000000000000000e-01 -6.495190528383291806e+00 3.813014169388820318e-02
2.500000000000000000e-01 -5.629165124598854320e+00 3.359783840877839101e-02
1.250000000000000000e+00 -5.629165124598854320e+00 4.246016443532542317e-02
-1.250000000000000000e+00 -4.763139720814413280e+00 2.381507586454240100e-02
-2.500000000000000000e-01 -4.763139720814413280e+00 3.888228794010471084e-02
2.500000000000000000e-01 -3.897114317029975794e+00 3.647279290463967261e-02
1.250000000000000000e+00 -3.897114317029975794e+00 4.725916504956205466e-02
-1.250000000000000000e+00 -3.031088913245538308e+00 7.499082036418849850e-02
-2.500000000000000000e-01 -3.031088913245538308e+00 5.339093780938593270e-02
2.500000000000000000e-01 -2.165063509461100821e+00 3.338402021172912765e-02
1.250000000000000000e+00 -2.165063509461100821e+00 3.113753610030422711e-02
-1.250000000000000000e+00 -1.299038105676659782e+00 2.505925806144201906e-01
-2.500000000000000000e-01 -1.299038105676659782e+00 4.890989937627961137e-02
2.500000000000000000e-01 -4.330127018922222959e-01 3.633861649224406354e-01
1.250000000000000000e+00 -4.330127018922222959e-01 4.890989700663214007e-02
-1.250000000000000000e+00 4.330127018922151905e-01 3.633860146072815378e-01
-2.500000000000000000e-01 4.330127018922151905e-01 3.076421611890590382e-06
2.500000000000000000e-01 1.299038105676652677e+00 3.633856215228943309e-01
1.250000000000000000e+00 1.299038105676652677e+00 4.890990303370774256e-02
-1.250000000000000000e+00 2.165063509461093716e+00 2.505927840584520894e-01
-2.500000000000000000e-01 2.165063509461093716e+00 4.890989833278087950e-02
2.500000000000000000e-01 3.031088913245531202e+00 3.338393077954816823e-02
1.250000000000000000e+00 3.031088913245531202e+00 3.113757420334439807e-02
-1.250000000000000000e+00 3.897114317029972241e+00 7.499086248861969173e-02
-2.500000000000000000e-01 3.897114317029972241e+00 5.339105814424460750e-02
2.500000000000000000e-01 4.763139720814409728e+00 3.647308583327365378e-02
1.250000000000000000e+00 4.763139720814409728e+00 4.725945191311146931e-02
-1.250000000000000000e+00 5.629165124598847214e+00 2.381556560049854360e-02
-2.500000000000000000e-01 5.629165124598847214e+00 3.888285312509495717e-02
2.500000000000000000e-01 6.495190528383284700e+00 3.359899147267830788e-02
1.250000000000000000e+00 6.495190528383284700e+00 4.246185720472982206e-02
-1.250000000000000000e+00 7.361215932167725740e+00 2.851220758411307510e-02
-2.500000000000000000e-01 7.361215932167725740e+00 3.813264355936258482e-02
2.500000000000000000e-01 8.227241335952166779e+00 2.411590923853523111e-02
1.250000000000000000e+00 8.227241335952166779e+00 3.287223049488890991e-02
-1.250000000000000000e+00 9.093266739736600712e+00 2.619285193328314831e-02
-2.500000000000000000e-01 9.093266739736600712e+00 3.273350626781772188e-02
2.500000000000000000e-01 9.959292143521041751e+00 2.425640163372241864e-02
1.250000000000000000e+00 9.959292143521041751e+00 2.931276705293347704e-02
-1.250000000000000000e+00 1.082531754730548279e+01 2.396568859796599504e-02
-2.500000000000000000e-01 1.082531754730548279e+01 2.769578614166110647e-02
2.500000000000000000e-01 1.169134295108992383e+01 2.443566986585807288e-02
1.250000000000000000e+00 1.169134295108992383e+01 2.674367335253616598e-02
-1.250000000000000000e+00 1.255736835487435776e+01 2.459827994125265982e-02
-2.500000000000000000e-01 1.255736835487435776e+01 2.620950314012163163e-02
2.500000000000000000e-01 1.342339375865879880e+01 2.511033258998219414e-02
1.250000000000000000e+00 1.342339375865879880e+01 2.607141172609990856e-02
-1.250000000000000000e+00 1.428941916244323274e+01 2.641642383049218334e-02
-2.500000000000000000e-01 1.428941916244323274e+01 2.702610848758104506e-02
2.500000000000000000e-01 1.515544456622767377e+01 2.987019796693372170e-02
1.250000000000000000e+00 1.515544456622767377e+01 3.022084029683277592e-02
-1.250000000000000000e+00 1.602146997001211304e+01 3.125756258981272212e-02
-2.500000000000000000e-01 1.602146997001211304e+01 3.146732676351136904e-02
2.500000000000000000e-01 1.688749537379655408e+01 4.000444782378695385e-02
1.250000000000000000e+00 1.688749537379655408e+01 4.011554466138071706e-02
-1.250000000000000000e+00 1.775352077758098801e+01 5.214353551987492563e-02
-2.500000000000000000e-01 1.775352077758098801e+01 5.220708013437590223e-02
2.500000000000000000e-01 1.861954618136542905e+01 5.006729879988902621e-02
1.250000000000000000e+00 1.861954618136542905e+01 5.009898082788734330e-02
-1.250000000000000000e+00 1.948557158514986298e+01 8.220428115160280380e-02
-2.500000000000000000e-01 1.948557158514986298e+01 8.222129350735592201e-02
2.500000000000000000e-01 2.035159698893430402e+01 1.015006909494237108e-01
1.250000000000000000e+00 2.035159698893430402e+01 1.015087298518708436e-01
-1.250000000000000000e+00 2.121762239271873796e+01 6.933766224875571871e-02
-2.500000000000000000e-01 2.121762239271873796e+01 6.934212768371000868e-02
2.500000000000000000e-01 2.208364779650317899e+01 1.366360334796237752e-01
1.250000000000000000e+00 2.208364779650317899e+01 1.366377780432102840e-01
-1.250000000000000000e+00 2.294967320028762003e+01 1.454960393922044293e-01
-2.500000000000000000e-01 2.294967320028762003e+01 1.454973379050792381e-01
2.500000000000000000e-01 2.381569860407206107e+01 4.424418948254555534e-02
1.250000000000000000e+00 2.381569860407206107e+01 4.424464914798306031e-02
-1.250000000000000000e+00 2.468172400785649501e+01 1.451657218057932630e-01
-2.500000000000000000e-01 2.468172400785649501e+01 1.451660022682004225e-01
2.500000000000000000e-01 2.554774941164093605e+01 1.439491488673018127e-01
1.250000000000000000e+00 2.554774941164093605e+01 1.439494271173067386e-01
1.750000000000000000e+00 -2.554774941164094315e+01 1.439491547927046755e-01
2.750000000000000000e+00 -2.554774941164094315e+01 1.439492213724877234e-01
3.250000000000000000e+00 -2.468172400785650566e+01 1.451657349119997442e-01
4.250000000000000000e+00 -2.468172400785650566e+01 1.451657520487743824e-01
1.750000000000000000e+00 -2.381569860407206463e+01 4.424418922766983758e-02
2.750000000000000000e+00 -2.381569860407206463e+01 4.424435193573197922e-02
3.250000000000000000e+00 -2.294967320028762714e+01 1.454960275833254713e-01
4.250000000000000000e+00 -2.294967320028762714e+01 1.454962887964419971e-01
1.750000000000000000e+00 -2.208364779650318965e+01 1.366360964797813937e-01
2.750000000000000000e+00 -2.208364779650318965e+01 1.366367742650422268e-01
3.250000000000000000e+00 -2.121762239271875217e+01 6.933741228965334402e-02
4.250000000000000000e+00 -2.121762239271875217e+01 6.933892177657823008e-02
1.750000000000000000e+00 -2.035159698893431113e+01 1.015007398558444990e-01
2.750000000000000000e+00 -2.035159698893431113e+01 1.015041599175490195e-01
3.250000000000000000e+00 -1.948557158514987364e+01 8.220401606547191042e-02
4.250000000000000000e+00 -1.948557158514987364e+01 8.221013565663336242e-02
1.750000000000000000e+00 -1.861954618136543615e+01 5.006533125885334612e-02
2.750000000000000000e+00 -1.861954618136543615e+01 5.007999702712594148e-02
3.250000000000000000e+00 -1.775352077758099512e+01 5.214501176398778082e-02
4.250000000000000000e+00 -1.775352077758099512e+01 5.216749550014927739e-02
1.750000000000000000e+00 -1.688749537379655763e+01 3.999800699528311548e-02
2.750000000000000000e+00 -1.688749537379655763e+01 4.005094795221561532e-02
3.250000000000000000e+00 -1.602146997001212014e+01 3.124859789255341261e-02
4.250000000000000000e+00 -1.602146997001212014e+01 3.132716086227213537e-02
1.750000000000000000e+00 -1.515544456622767733e+01 2.988094137853353205e-02
2.750000000000000000e+00 -1.515544456622767733e+01 3.005186509649287324e-02
3.250000000000000000e+00 -1.428941916244323806e+01 2.633840277289414139e-02
4.250000000000000000e+00 -1.428941916244323806e+01 2.658044623144430879e-02
1.750000000000000000e+00 -1.342339375865880058e+01 2.511198702780098602e-02
2.750000000000000000e+00 -1.342339375865880058e+01 2.562401923413951468e-02
3.250000000000000000e+00 -1.255736835487436132e+01 2.455618792718122778e-02
4.250000000000000000e+00 -1.255736835487436132e+01 2.518777218501082327e-02
1.750000000000000000e+00 -1.169134295108992383e+01 2.401683003722360210e-02
2.750000000000000000e+00 -1.169134295108992383e+01 2.538086964557909053e-02
3.250000000000000000e+00 -1.082531754730548457e+01 2.412746183114766740e-02
4.250000000000000000e+00 -1.082531754730548457e+01 2.568507762254367693e-02
1.750000000000000000e+00 -9.959292143521047080e+00 2.392543429837926117e-02
2.750000000000000000e+00 -9.959292143521047080e+00 2.684912931308261475e-02
3.250000000000000000e+00 -9.093266739736607818e+00 2.391130462115121508e-02
4.250000000000000000e+00 -9.093266739736607818e+00 2.753386747669695628e-02
1.750000000000000000e+00 -8.227241335952170331e+00 2.550922909387598470e-02
2.750000000000000000e+00 -8.227241335952170331e+00 3.095647099122526488e-02
3.250000000000000000e+00 -7.361215932167732845e+00 2.417529679114470073e-02
4.250000000000000000e+00 -7.361215932167732845e+00 2.982242119769135114e-02
1.750000000000000000e+00 -6.495190528383291806e+00 2.532194266194270904e-02
2.750000000000000000e+00 -6.495190528383291806e+00 3.581126059748997170e-02
3.250000000000000000e+00 -5.629165124598854320e+00 2.883525374025865812e-02
4.250000000000000000e+00 -5.629165124598854320e+00 3.580985482943451620e-02
1.750000000000000000e+00 -4.763139720814413280e+00 2.593385100522019315e-02
2.750000000000000000e+00 -4.763139720814413280e+00 3.644087156586325871e-02
3.250000000000000000e+00 -3.897114317029975794e+00 2.593362731778916033e-02
4.250000000000000000e+00 -3.897114317029975794e+00 4.245948187699356835e-02
1.750000000000000000e+00 -3.031088913245538308e+00 5.332656604950838236e-02
2.750000000000000000e+00 -3.031088913245538308e+00 4.725904770522117160e-02
3.250000000000000000e+00 -2.165063509461100821e+00 3.647272321148323920e-02
4.250000000000000000e+00 -2.165063509461100821e+00 3.888192515032619367e-02
1.750000000000000000e+00 -1.299038105676659782e+00 3.338397690512456828e-02
2.750000000000000000e+00 -1.299038105676659782e+00 5.339088065437990610e-02
3.250000000000000000e+00 -4.330127018922222959e-01 7.499081846745750402e-02
4.250000000000000000e+00 -4.330127018922222959e-01 4.725902631282324906e-02
1.750000000000000000e+00 4.330127018922151905e-01 2.505927314556714025e-01
2.750000000000000000e+00 4.330127018922151905e-01 3.113752060657769966e-02
3.250000000000000000e+00 1.299038105676652677e+00 7.499085104508482202e-02
4.250000000000000000e+00 1.299038105676652677e+00 4.725902244494686183e-02
1.750000000000000000e+00 2.165063509461093716e+00 3.338389884141131081e-02
2.750000000000000000e+00 2.165063509461093716e+00 5.339093895660512734e-02
3.250000000000000000e+00 3.031088913245531202e+00 3.647286966416748988e-02
4.250000000000000000e+00 3.031088913245531202e+00 3.888195849330092213e-02
1.750000000000000000e+00 3.897114317029972241e+00 5.332629607658929960e-02
2.750000000000000000e+00 3.897114317029972241e+00 4.725917137346005714e-02
3.250000000000000000e+00 4.763139720814409728e+00 2.593369899955700122e-02
4.250000000000000000e+00 4.763139720814409728e+00 4.245974167786310122e-02
1.750000000000000000e+00 5.629165124598847214e+00 2.593426550024130472e-02
2.750000000000000000e+00 5.629165124598847214e+00 3.644134208203757275e-02
3.250000000000000000e+00 6.495190528383284700e+00 2.883640321257500277e-02
4.250000000000000000e+00 6.495190528383284700e+00 3.581133646555759165e-02
1.750000000000000000e+00 7.361215932167725740e+00 2.532439689357478263e-02
2.750000000000000000e+00 7.361215932167725740e+00 3.581382889402916908e-02
3.250000000000000000e+00 8.227241335952166779e+00 2.418483668268788314e-02
4.250000000000000000e+00 8.227241335952166779e+00 2.983189860510534683e-02
1.750000000000000000e+00 9.093266739736600712e+00 2.552286157663385957e-02
2.750000000000000000e+00 9.093266739736600712e+00 3.097086407875060052e-02
3.250000000000000000e+00 9.959292143521041751e+00 2.395286109984257061e-02
4.250000000000000000e+00 9.959292143521041751e+00 2.757583273087045247e-02
1.750000000000000000e+00 1.082531754730548279e+01 2.402740797288422867e-02
2.750000000000000000e+00 1.082531754730548279e+01 2.695117253420837439e-02
3.250000000000000000e+00 1.169134295108992383e+01 2.424696382995404631e-02
4.250000000000000000e+00 1.169134295108992383e+01 2.580552443952860431e-02
1.750000000000000000e+00 1.255736835487435776e+01 2.455024431534340995e-02
2.750000000000000000e+00 1.255736835487435776e+01 2.591386021600405529e-02
3.250000000000000000e+00 1.342339375865879880e+01 2.509350764820694746e-02
4.250000000000000000e+00 1.342339375865879880e+01 2.572526834994487421e-02
1.750000000000000000e+00 1.428941916244323274e+01 2.639217370540952734e-02
2.750000000000000000e+00 1.428941916244323274e+01 2.690470727841012127e-02
3.250000000000000000e+00 1.515544456622767377e+01 2.986956648296015815e-02
4.250000000000000000e+00 1.515544456622767377e+01 3.011180040445108480e-02
1.750000000000000000e+00 1.602146997001211304e+01 3.125569941223776960e-02
2.750000000000000000e+00 1.602146997001211304e+01 3.142677386359898212e-02
3.250000000000000000e+00 1.688749537379655408e+01 4.000188137466079152e-02
4.250000000000000000e+00 1.688749537379655408e+01 4.008115891278536680e-02
1.750000000000000000e+00 1.775352077758098801e+01 5.214364165610321789e-02
2.750000000000000000e+00 1.775352077758098801e+01 5.219584467329336369e-02
3.250000000000000000e+00 1.861954618136542905e+01 5.006651882873419668e-02
4.250000000000000000e+00 1.861954618136542905e+01 5.008911918412910919e-02
1.750000000000000000e+00 1.948557158514986298e+01 8.220407290114012389e-02
2.750000000000000000e+00 1.948557158514986298e+01 8.221838290549471351e-02
3.250000000000000000e+00 2.035159698893430402e+01 1.015006813156116294e-01
4.250000000000000000e+00 2.035159698893430402e+01 1.015063778540406803e-01
1.750000000000000000e+00 2.121762239271873796e+01 6.933754616862082554e-02
2.750000000000000000e+00 2.121762239271873796e+01 6.934111687076725816e-02
3.250000000000000000e+00 2.208364779650317899e+01 1.366360388762221656e-01
4.250000000000000000e+00 2.208364779650317899e+01 1.366373442430903751e-01
1.750000000000000000e+00 2.294967320028762003e+01 1.454960352290388392e-01
2.750000000000000000e+00 2.294967320028762003e+01 1.454967801067720834e-01
3.250000000000000000e+00 2.381569860407206107e+01 4.424418566328053304e-02
4.250000000000000000e+00 2.381569860407206107e+01 4.424449631180332743e-02
1.750000000000000000e+00 2.468172400785649501e+01 1.451657300792076610e-01
2.750000000000000000e+00 2.468172400785649501e+01 1.451658228868610290e-01
3.250000000000000000e+00 2.554774941164093605e+01 1.439491621145118638e-01
4.250000000000000000e+00 2.554774941164093605e+01 1.439492494827294689e-01
4.750000000000000000e+00 -2.554774941164094315e+01 1.439491562232449451e-01
5.750000000000000000e+00 -2.554774941164094315e+01 1.439491806529890616e-01
6.250000000000000000e+00 -2.468172400785650566e+01 1.451657287069545998e-01
7.250000000000000000e+00 -2.468172400785650566e+01 1.451657795526858363e-01
4.750000000000000000e+00 -2.381569860407206463e+01 4.424418461212564768e-02
5.750000000000000000e+00 -2.381569860407206463e+01 4.424432720632243132e-02
6.250000000000000000e+00 -2.294967320028762714e+01 1.454960180331182351e-01
7.250000000000000000e+00 -2.294967320028762714e+01 1.454962601451574300e-01
4.750000000000000000e+00 -2.208364779650318965e+01 1.366360554820412743e-01
5.750000000000000000e+00 -2.208364779650318965e+01 1.366366791347534693e-01
6.250000000000000000e+00 -2.121762239271875217e+01 6.933741902312065553e-02
7.250000000000000000e+00 -2.121762239271875217e+01 6.933827108966740538e-02
4.750000000000000000e+00 -2.035159698893431113e+01 1.015006621129437292e-01
5.750000000000000000e+00 -2.035159698893431113e+01 1.015030526507233188e-01
6.250000000000000000e+00 -1.948557158514987364e+01 8.220388251414097180e-02
7.250000000000000000e+00 -1.948557158514987364e+01 8.220695025742180695e-02
4.750000000000000000e+00 -1.861954618136543615e+01 5.006534526651120615e-02
5.750000000000000000e+00 -1.861954618136543615e+01 5.007435390425876709e-02
6.250000000000000000e+00 -1.775352077758099512e+01 5.214402832660525178e-02
7.250000000000000000e+00 -1.775352077758099512e+01 5.215479350028837807e-02
4.750000000000000000e+00 -1.688749537379655763e+01 3.999778357488306679e-02
5.750000000000000000e+00 -1.688749537379655763e+01 4.002880772634978546e-02
6.250000000000000000e+00 -1.602146997001212014e+01 3.124668767465588193e-02
7.250000000000000000e+00 -1.602146997001212014e+01 3.128383195252085885e-02
4.750000000000000000e+00 -1.515544456622767733e+01 2.987459427483726837e-02
5.750000000000000000e+00 -1.515544456622767733e+01 2.997013582047969305e-02
6.250000000000000000e+00 -1.428941916244323806e+01 2.633890567893169832e-02
7.250000000000000000e+00 -1.428941916244323806e+01 2.645459375485071513e-02
4.750000000000000000e+00 -1.342339375865880058e+01 2.508638328519732438e-02
5.750000000000000000e+00 -1.342339375865880058e+01 2.537186585181598619e-02
6.250000000000000000e+00 -1.255736835487436132e+01 2.453089680707520870e-02
7.250000000000000000e+00 -1.255736835487436132e+01 2.482041054991739049e-02
4.750000000000000000e+00 -1.169134295108992383e+01 2.400315523535310330e-02
5.750000000000000000e+00 -1.169134295108992383e+01 2.478032247765481200e-02
6.250000000000000000e+00 -1.082531754730548457e+01 2.397259677144386592e-02
7.250000000000000000e+00 -1.082531754730548457e+01 2.466011803586405648e-02
4.750000000000000000e+00 -9.959292143521047080e+00 2.384583836532808837e-02
5.750000000000000000e+00 -9.959292143521047080e+00 2.543498912122094113e-02
6.250000000000000000e+00 -9.093266739736607818e+00 2.380413345195669939e-02
7.250000000000000000e+00 -9.093266739736607818e+00 2.554073644060522036e-02
4.750000000000000000e+00 -8.227241335952170331e+00 2.452739434116685269e-02
5.750000000000000000e+00 -8.227241335952170331e+00 2.751955302298839112e-02
6.250000000000000000e+00 -7.361215932167732845e+00 2.388742517735342741e-02
7.250000000000000000e+00 -7.361215932167732845e+00 2.678355552645304144e-02
4.750000000000000000e+00 -6.495190528383291806e+00 2.417277301147602309e-02
5.750000000000000000e+00 -6.495190528383291806e+00 3.094454983261450687e-02
6.250000000000000000e+00 -5.629165124598854320e+00 2.549548818716451670e-02
7.250000000000000000e+00 -5.629165124598854320e+00 2.924361534034748689e-02
4.750000000000000000e+00 -4.763139720814413280e+00 2.531991987146459122e-02
5.750000000000000000e+00 -4.763139720814413280e+00 3.285829548193956728e-02
6.250000000000000000e+00 -3.897114317029975794e+00 2.410178290288729486e-02
7.250000000000000000e+00 -3.897114317029975794e+00 3.270463717687681349e-02
4.750000000000000000e+00 -3.031088913245538308e+00 3.359698929991111749e-02
5.750000000000000000e+00 -3.031088913245538308e+00 3.812775961028269656e-02
6.250000000000000000e+00 -2.165063509461100821e+00 2.850681377822547602e-02
7.250000000000000000e+00 -2.165063509461100821e+00 3.285792805884919093e-02
4.750000000000000000e+00 -1.299038105676659782e+00 2.381473051092258125e-02
5.750000000000000000e+00 -1.299038105676659782e+00 4.245937887677100897e-02
6.250000000000000000e+00 -4.330127018922222959e-01 3.217988846325892105e-02
7.250000000000000000e+00 -4.330127018922222959e-01 3.580898100642210952e-02
4.750000000000000000e+00 4.330127018922151905e-01 6.565267477124411832e-02
5.750000000000000000e+00 4.330127018922151905e-01 3.644055222588365311e-02
6.250000000000000000e+00 1.299038105676652677e+00 3.217997974006246709e-02
7.250000000000000000e+00 1.299038105676652677e+00 3.580899051507832609e-02
4.750000000000000000e+00 2.165063509461093716e+00 2.381474027170323027e-02
5.750000000000000000e+00 2.165063509461093716e+00 4.245938021714758259e-02
6.250000000000000000e+00 3.031088913245531202e+00 2.850692373357641834e-02
7.250000000000000000e+00 3.031088913245531202e+00 3.285797939505138987e-02
4.750000000000000000e+00 3.897114317029972241e+00 3.359714597737653574e-02
5.750000000000000000e+00 3.897114317029972241e+00 3.812780948627662175e-02
6.250000000000000000e+00 4.763139720814409728e+00 2.410197845322480797e-02
7.250000000000000000e+00 4.763139720814409728e+00 3.270483384778800906e-02
4.750000000000000000e+00 5.629165124598847214e+00 2.532057536166473777e-02
5.750000000000000000e+00 5.629165124598847214e+00 3.285883513805196166e-02
6.250000000000000000e+00 6.495190528383284700e+00 2.549706011096219971e-02
7.250000000000000000e+00 6.495190528383284700e+00 2.924502224704160491e-02
4.750000000000000000e+00 7.361215932167725740e+00 2.417515577696957574e-02
5.750000000000000000e+00 7.361215932167725740e+00 3.094721434225550238e-02
6.250000000000000000e+00 8.227241335952166779e+00 2.389709803237280439e-02
7.250000000000000000e+00 8.227241335952166779e+00 2.679310444503144040e-02
4.750000000000000000e+00 9.093266739736600712e+00 2.454146580047673193e-02
5.750000000000000000e+00 9.093266739736600712e+00 2.753385039744024598e-02
6.250000000000000000e+00 9.959292143521041751e+00 2.384578561547456843e-02
7.250000000000000000e+00 9.959292143521041751e+00 2.558251000274198994e-02
4.750000000000000000e+00 1.082531754730548279e+01 2.394824444055120016e-02
5.750000000000000000e+00 1.082531754730548279e+01 2.553733757206955168e-02
6.250000000000000000e+00 1.169134295108992383e+01 2.409267615898585957e-02
7.250000000000000000e+00 1.169134295108992383e+01 2.478001278036429111e-02
4.750000000000000000e+00 1.255736835487435776e+01 2.453633681364378663e-02
5.750000000000000000e+00 1.255736835487435776e+01 2.531405360520194714e-02
6.250000000000000000e+00 1.342339375865879880e+01 2.506849348520918952e-02
7.250000000000000000e+00 1.342339375865879880e+01 2.535773485702205732e-02
4.750000000000000000e+00 1.428941916244323274e+01 2.636667445756359085e-02
5.750000000000000000e+00 1.428941916244323274e+01 2.665283992479282327e-02
6.250000000000000000e+00 1.515544456622767377e+01 2.987004974394750351e-02
7.250000000000000000e+00 1.515544456622767377e+01 2.998589480865757051e-02
4.750000000000000000e+00 1.602146997001211304e+01 3.124979361695741364e-02
5.750000000000000000e+00 1.602146997001211304e+01 3.134549472800678138e-02
6.250000000000000000e+00 1.688749537379655408e+01 4.000024550019587455e-02
7.250000000000000000e+00 1.688749537379655408e+01 4.003754727307010791e-02
4.750000000000000000e+00 1.775352077758098801e+01 5.214349296938430856e-02
5.750000000000000000e+00 1.775352077758098801e+01 5.217484014543014026e-02
6.250000000000000000e+00 1.861954618136542905e+01 5.006579427682490008e-02
7.250000000000000000e+00 1.861954618136542905e+01 5.007661551666438282e-02
4.750000000000000000e+00 1.948557158514986298e+01 8.220401974767972686e-02
5.750000000000000000e+00 1.948557158514986298e+01 8.221347594786063140e-02
6.250000000000000000e+00 2.035159698893430402e+01 1.015005809711517493e-01
7.250000000000000000e+00 2.035159698893430402e+01 1.015038138176383581e-01
4.750000000000000000e+00 2.121762239271873796e+01 6.933752543264121160e-02
5.750000000000000000e+00 2.121762239271873796e+01 6.933997543838794908e-02
6.250000000000000000e+00 2.208364779650317899e+01 1.366360388641421342e-01
7.250000000000000000e+00 2.208364779650317899e+01 1.366370142073319582e-01
4.750000000000000000e+00 2.294967320028762003e+01 1.454960581829877753e-01
5.750000000000000000e+00 2.294967320028762003e+01 1.454965213646930433e-01
6.250000000000000000e+00 2.381569860407206107e+01 4.424419420608393522e-02
7.250000000000000000e+00 2.381569860407206107e+01 4.424444357870448152e-02
4.750000000000000000e+00 2.468172400785649501e+01 1.451657384623936120e-01
5.750000000000000000e+00 2.468172400785649501e+01 1.451657835184390066e-01
6.250000000000000000e+00 2.554774941164093605e+01 1.439491680896283765e-01
7.250000000000000000e+00 2.554774941164093605e+01 1.439492218327013684e-01
