-7.250000000000000000e+00 -2.554774941164094315e+01 3.963358888912010269e-01
-6.250000000000000000e+00 -2.554774941164094315e+01 3.963349486491237750e-01
-5.750000000000000000e+00 -2.468172400785650566e+01 3.485839663034430158e-01
-4.750000000000000000e+00 -2.468172400785650566e+01 3.485826605457219562e-01
-7.250000000000000000e+00 -2.381569860407206463e+01 5.806725555610833117e-02
-6.250000000000000000e+00 -2.381569860407206463e+01 5.806635933949996081e-02
-5.750000000000000000e+00 -2.294967320028762714e+01 2.884402094569593622e-01
-4.750000000000000000e+00 -2.294967320028762714e+01 2.884342061956983727e-01
-7.250000000000000000e+00 -2.208364779650318965e+01 2.062476864549327715e-01
-6.250000000000000000e+00 -2.208364779650318965e+01 2.062393972748576831e-01
-5.750000000000000000e+00 -2.121762239271875217e+01 1.489611182902325359e-01
-4.750000000000000000e+00 -2.121762239271875217e+01 1.489491368471296540e-01
-7.250000000000000000e+00 -2.035159698893431113e+01 1.661259143152854501e-01
-6.250000000000000000e+00 -2.035159698893431113e+01 1.660955068292069847e-01
-5.750000000000000000e+00 -1.948557158514987364e+01 1.284548486110724252e-01
-4.750000000000000000e+00 -1.948557158514987364e+01 1.284081212125681160e-01
-7.250000000000000000e+00 -1.861954618136543615e+01 2.296032064588179322e-01
-6.250000000000000000e+00 -1.861954618136543615e+01 2.295674259828388575e-01
-5.750000000000000000e+00 -1.775352077758099512e+01 1.250704445947823651e-01
-4.750000000000000000e+00 -1.775352077758099512e+01 1.248879170148429751e-01
-7.250000000000000000e+00 -1.688749537379655763e+01 1.244429661016525357e-01
-6.250000000000000000e+00 -1.688749537379655763e+01 1.243813277626311664e-01
-5.750000000000000000e+00 -1.602146997001212014e+01 2.168055836962203831e-01
-4.750000000000000000e+00 -1.602146997001212014e+01 2.165571384901406327e-01
-7.250000000000000000e+00 -1.515544456622767733e+01 1.133235814515784617e-01
-6.250000000000000000e+00 -1.515544456622767733e+01 1.129197993427669827e-01
-5.750000000000000000e+00 -1.428941916244323806e+01 1.282880013968485944e-01
-4.750000000000000000e+00 -1.428941916244323806e+01 1.282523970402592861e-01
-7.250000000000000000e+00 -1.342339375865880058e+01 1.556504610706633540e-01
-6.250000000000000000e+00 -1.342339375865880058e+01 1.547067694665404392e-01
-5.750000000000000000e+00 -1.255736835487436132e+01 1.062077359906249269e-01
-4.750000000000000000e+00 -1.255736835487436132e+01 1.052376100829323230e-01
-7.250000000000000000e+00 -1.169134295108992383e+01 1.178880971668172933e-01
-6.250000000000000000e+00 -1.169134295108992383e+01 1.186741677334898493e-01
-5.750000000000000000e+00 -1.082531754730548457e+01 1.161141182362504798e-01
-4.750000000000000000e+00 -1.082531754730548457e+01 1.140906914286953650e-01
-7.250000000000000000e+00 -9.959292143521047080e+00 1.043027646796530206e-01
-6.250000000000000000e+00 -9.959292143521047080e+00 1.058096751917408651e-01
-5.750000000000000000e+00 -9.093266739736607818e+00 9.963067433278166574e-02
-4.750000000000000000e+00 -9.093266739736607818e+00 1.064455129877951711e-01
-7.250000000000000000e+00 -8.227241335952170331e+00 1.077755521943315614e-01
-6.250000000000000000e+00 -8.227241335952170331e+00 1.027048678068803178e-01
-5.750000000000000000e+00 -7.361215932167732845e+00 1.005025982012474339e-01
-4.750000000000000000e+00 -7.361215932167732845e+00 1.081627552969721129e-01
-7.250000000000000000e+00 -6.495190528383291806e+00 9.364637781464466015e-02
-6.250000000000000000e+00 -6.495190528383291806e+00 1.014391974838038113e-01
-5.750000000000000000e+00 -5.629165124598854320e+00 1.056829077936723982e-01
-4.750000000000000000e+00 -5.629165124598854320e+00 1.001381386378654009e-01
-7.250000000000000000e+00 -4.763139720814413280e+00 9.289717857906149012e-02
-6.250000000000000000e+00 -4.763139720814413280e+00 1.082102814669889529e-01
-5.750000000000000000e+00 -3.897114317029975794e+00 8.236338376626371749e-02
-4.750000000000000000e+00 -3.897114317029975794e+00 1.026813340775947075e-01
-7.250000000000000000e+00 -3.031088913245538308e+00 1.075464628903533837e-01
-6.250000000000000000e+00 -3.031088913245538308e+00 9.874398309457865786e-02
-5.750000000000000000e+00 -2.165063509461100821e+00 8.515749301003590344e-02
-4.750000000000000000e+00 -2.165063509461100821e+00 9.554430643025689507e-02
-7.250000000000000000e+00 -1.299038105676659782e+00 9.692173100430233335e-02
-6.250000000000000000e+00 -1.299038105676659782e+00 1.026355287651323639e-01
-5.750000000000000000e+00 -4.330127018922222959e-01 1.047360977505732843e-01
-4.750000000000000000e+00 -4.330127018922222959e-01 9.847482313899978690e-02
-7.250000000000000000e+00 4.330127018922151905e-01 8.631173522211250948e-02
-6.250000000000000000e+00 4.330127018922151905e-01 1.015260262344647724e-01
-5.750000000000000000e+00 1.299038105676652677e+00 1.047260627751974149e-01
-4.750000000000000000e+00 1.299038105676652677e+00 9.846383709201000922e-02
-7.250000000000000000e+00 2.165063509461093716e+00 9.695718257126839656e-02
-6.250000000000000000e+00 2.165063509461093716e+00 1.026611137323413386e-01
-5.750000000000000000e+00 3.031088913245531202e+00 8.514042775560903831e-02
-4.750000000000000000e+00 3.031088913245531202e+00 9.551758146760258583e-02
-7.250000000000000000e+00 3.897114317029972241e+00 1.075865071531144079e-01
-6.250000000000000000e+00 3.897114317029972241e+00 9.877912491501734948e-02
-5.750000000000000000e+00 4.763139720814409728e+00 8.251494088352115397e-02
-4.750000000000000000e+00 4.763139720814409728e+00 1.028006138584471596e-01
-7.250000000000000000e+00 5.629165124598847214e+00 9.263593716948241574e-02
-6.250000000000000000e+00 5.629165124598847214e+00 1.079758881192405540e-01
-5.750000000000000000e+00 6.495190528383284700e+00 1.065691592369975571e-01
-4.750000000000000000e+00 6.495190528383284700e+00 1.010161654580497836e-01
-7.250000000000000000e+00 7.361215932167725740e+00 9.307943328397076665e-02
-6.250000000000000000e+00 7.361215932167725740e+00 1.008566481363189493e-01
-5.750000000000000000e+00 8.227241335952166779e+00 1.011689847829213840e-01
-4.750000000000000000e+00 8.227241335952166779e+00 1.088352176936719651e-01
-7.250000000000000000e+00 9.093266739736600712e+00 1.115198448978974577e-01
-6.250000000000000000e+00 9.093266739736600712e+00 1.064157120764815251e-01
-5.750000000000000000e+00 9.959292143521041751e+00 9.426336483458487570e-02
-4.750000000000000000e+00 9.959292143521041751e+00 1.009842732819206668e-01
-7.250000000000000000e+00 1.082531754730548279e+01 1.161064135951872245e-01
-6.250000000000000000e+00 1.082531754730548279e+01 1.176941811762027001e-01
-5.750000000000000000e+00 1.169134295108992383e+01 1.186788652979770264e-01
-4.750000000000000000e+00 1.169134295108992383e+01 1.166475563675120342e-01
-7.250000000000000000e+00 1.255736835487435776e+01 1.030371230683135575e-01
-6.250000000000000000e+00 1.255736835487435776e+01 1.038064089219047914e-01
-5.750000000000000000e+00 1.342339375865879880e+01 1.561214280965988466e-01
-4.750000000000000000e+00 1.342339375865879880e+01 1.551956747282056126e-01
-7.250000000000000000e+00 1.428941916244323274e+01 1.286703872162932027e-01
-6.250000000000000000e+00 1.428941916244323274e+01 1.276790718509924760e-01
-5.750000000000000000e+00 1.515544456622767377e+01 1.124189765771163169e-01
-4.750000000000000000e+00 1.515544456622767377e+01 1.123114202481782370e-01
-7.250000000000000000e+00 1.602146997001211304e+01 2.172064188896457027e-01
-6.250000000000000000e+00 1.602146997001211304e+01 2.168438388611496626e-01
-5.750000000000000000e+00 1.688749537379655408e+01 1.241611342746533619e-01
-4.750000000000000000e+00 1.688749537379655408e+01 1.239300351730358019e-01
-7.250000000000000000e+00 1.775352077758098801e+01 1.249801949882528573e-01
-6.250000000000000000e+00 1.775352077758098801e+01 1.248964430400486963e-01
-5.750000000000000000e+00 1.861954618136542905e+01 2.296279155319780330e-01
-4.750000000000000000e+00 1.861954618136542905e+01 2.294748354981895888e-01
-7.250000000000000000e+00 1.948557158514986298e+01 1.283938474852134026e-01
-6.250000000000000000e+00 1.948557158514986298e+01 1.283482363220102285e-01
-5.750000000000000000e+00 2.035159698893430402e+01 1.661326554837505298e-01
-4.750000000000000000e+00 2.035159698893430402e+01 1.660671684557433192e-01
-7.250000000000000000e+00 2.121762239271873796e+01 1.489603913574594207e-01
-6.250000000000000000e+00 2.121762239271873796e+01 1.489393907997047517e-01
-5.750000000000000000e+00 2.208364779650317899e+01 2.062408254042918943e-01
-4.750000000000000000e+00 2.208364779650317899e+01 2.062275145876655558e-01
-7.250000000000000000e+00 2.294967320028762003e+01 2.884445147299273815e-01
-6.250000000000000000e+00 2.294967320028762003e+01 2.884311653928433028e-01
-5.750000000000000000e+00 2.381569860407206107e+01 5.806523803041947762e-02
-4.750000000000000000e+00 2.381569860407206107e+01 5.806188390470004568e-02
-7.250000000000000000e+00 2.468172400785649501e+01 3.485846159118163867e-01
-6.250000000000000000e+00 2.468172400785649501e+01 3.485806992497368362e-01
-5.750000000000000000e+00 2.554774941164093605e+01 3.963352870681949303e-01
-4.750000000000000000e+00 2.554774941164093605e+01 3.963307623183194850e-01
-4.250000000000000000e+00 -2.554774941164094315e+01 3.963364087065317509e-01
-3.250000000000000000e+00 -2.554774941164094315e+01 3.963344265950881073e-01
-2.750000000000000000e+00 -2.468172400785650566e+01 3.485842635021255687e-01
-1.750000000000000000e+00 -2.468172400785650566e+01 3.485832659221078655e-01
-4.250000000000000000e+00 -2.381569860407206463e+01 5.806760543103449412e-02
-3.250000000000000000e+00 -2.381569860407206463e+01 5.806485656008983365e-02
-2.750000000000000000e+00 -2.294967320028762714e+01 2.884411011324824470e-01
-1.750000000000000000e+00 -2.294967320028762714e+01 2.884333351674102652e-01
-4.250000000000000000e+00 -2.208364779650318965e+01 2.062445913228011518e-01
-3.250000000000000000e+00 -2.208364779650318965e+01 2.062358960953791509e-01
-2.750000000000000000e+00 -2.121762239271875217e+01 1.489648157378136994e-01
-1.750000000000000000e+00 -2.121762239271875217e+01 1.489384119708986320e-01
-4.250000000000000000e+00 -2.035159698893431113e+01 1.661093812484953358e-01
-3.250000000000000000e+00 -2.035159698893431113e+01 1.660685039857640599e-01
-2.750000000000000000e+00 -1.948557158514987364e+01 1.284539644805626213e-01
-1.750000000000000000e+00 -1.948557158514987364e+01 1.283832978763247978e-01
-4.250000000000000000e+00 -1.861954618136543615e+01 2.295857224420762566e-01
-3.250000000000000000e+00 -1.861954618136543615e+01 2.294944285520434668e-01
-2.750000000000000000e+00 -1.775352077758099512e+01 1.249950660650185341e-01
-1.750000000000000000e+00 -1.775352077758099512e+01 1.247775233699823932e-01
-4.250000000000000000e+00 -1.688749537379655763e+01 1.245037525700997960e-01
-3.250000000000000000e+00 -1.688749537379655763e+01 1.242871841884474887e-01
-2.750000000000000000e+00 -1.602146997001212014e+01 2.166452332732413388e-01
-1.750000000000000000e+00 -1.602146997001212014e+01 2.162487541921458978e-01
-4.250000000000000000e+00 -1.515544456622767733e+01 1.132569168061256376e-01
-3.250000000000000000e+00 -1.515544456622767733e+01 1.125276416774957655e-01
-2.750000000000000000e+00 -1.428941916244323806e+01 1.285429915526679068e-01
-1.750000000000000000e+00 -1.428941916244323806e+01 1.279662665715515513e-01
-4.250000000000000000e+00 -1.342339375865880058e+01 1.542831986030138158e-01
-3.250000000000000000e+00 -1.342339375865880058e+01 1.535200590843726343e-01
-2.750000000000000000e+00 -1.255736835487436132e+01 1.062730764190848998e-01
-1.750000000000000000e+00 -1.255736835487436132e+01 1.047446782342310867e-01
-4.250000000000000000e+00 -1.169134295108992383e+01 1.164246182412572300e-01
-3.250000000000000000e+00 -1.169134295108992383e+01 1.177739103647060109e-01
-2.750000000000000000e+00 -1.082531754730548457e+01 1.121090444602653724e-01
-1.750000000000000000e+00 -1.082531754730548457e+01 1.122824791996697297e-01
-4.250000000000000000e+00 -9.959292143521047080e+00 1.060463663182314720e-01
-3.250000000000000000e+00 -9.959292143521047080e+00 1.059376149413959189e-01
-2.750000000000000000e+00 -9.093266739736607818e+00 9.742134332294490051e-02
-1.750000000000000000e+00 -9.093266739736607818e+00 1.051264388581003156e-01
-4.250000000000000000e+00 -8.227241335952170331e+00 1.011510415131187252e-01
-3.250000000000000000e+00 -8.227241335952170331e+00 1.015285571624236355e-01
-2.750000000000000000e+00 -7.361215932167732845e+00 1.059740016336027379e-01
-1.750000000000000000e+00 -7.361215932167732845e+00 1.082736660222481245e-01
-4.250000000000000000e+00 -6.495190528383291806e+00 7.892740230881531427e-02
-3.250000000000000000e+00 -6.495190528383291806e+00 1.010201365383809891e-01
-2.750000000000000000e+00 -5.629165124598854320e+00 9.447986233488996077e-02
-1.750000000000000000e+00 -5.629165124598854320e+00 1.025603382678793724e-01
-4.250000000000000000e+00 -4.763139720814413280e+00 9.468939706065231110e-02
-3.250000000000000000e+00 -4.763139720814413280e+00 1.016778818867949685e-01
-2.750000000000000000e+00 -3.897114317029975794e+00 7.314429983039699712e-02
-1.750000000000000000e+00 -3.897114317029975794e+00 9.850888446987506042e-02
-4.250000000000000000e+00 -3.031088913245538308e+00 1.065341768566412245e-01
-3.250000000000000000e+00 -3.031088913245538308e+00 9.846459828966407091e-02
-2.750000000000000000e+00 -2.165063509461100821e+00 9.754327045710534105e-02
-1.750000000000000000e+00 -2.165063509461100821e+00 5.830618371099244995e-02
-4.250000000000000000e+00 -1.299038105676659782e+00 9.039186017627383329e-02
-3.250000000000000000e+00 -1.299038105676659782e+00 9.965073944657619476e-02
-2.750000000000000000e+00 -4.330127018922222959e-01 1.078095792167752115e-01
-1.750000000000000000e+00 -4.330127018922222959e-01 8.725520796674721136e-02
-4.250000000000000000e+00 4.330127018922151905e-01 8.631297518248230716e-02
-3.250000000000000000e+00 4.330127018922151905e-01 5.829334923775668365e-02
-2.750000000000000000e+00 1.299038105676652677e+00 1.078054465460976108e-01
-1.750000000000000000e+00 1.299038105676652677e+00 8.724931796082144309e-02
-4.250000000000000000e+00 2.165063509461093716e+00 9.041879570971186886e-02
-3.250000000000000000e+00 2.165063509461093716e+00 9.968290617506136986e-02
-2.750000000000000000e+00 3.031088913245531202e+00 9.752794753200103028e-02
-1.750000000000000000e+00 3.031088913245531202e+00 5.827974313127461115e-02
-4.250000000000000000e+00 3.897114317029972241e+00 1.065743327053802342e-01
-3.250000000000000000e+00 3.897114317029972241e+00 9.851140429331098347e-02
-2.750000000000000000e+00 4.763139720814409728e+00 7.323857666772023989e-02
-1.750000000000000000e+00 4.763139720814409728e+00 9.862805035171050283e-02
-4.250000000000000000e+00 5.629165124598847214e+00 9.449461496640414182e-02
-3.250000000000000000e+00 5.629165124598847214e+00 1.014412998899596463e-01
-2.750000000000000000e+00 6.495190528383284700e+00 9.529373895150021478e-02
-1.750000000000000000e+00 6.495190528383284700e+00 1.034582244629691367e-01
-4.250000000000000000e+00 7.361215932167725740e+00 7.842289879581323953e-02
-3.250000000000000000e+00 7.361215932167725740e+00 1.004528491400606266e-01
-2.750000000000000000e+00 8.227241335952166779e+00 1.066709550719538019e-01
-1.750000000000000000e+00 8.227241335952166779e+00 1.089378808953050670e-01
-4.250000000000000000e+00 9.093266739736600712e+00 1.048688044933120123e-01
-3.250000000000000000e+00 9.093266739736600712e+00 1.053076190936811096e-01
-2.750000000000000000e+00 9.959292143521041751e+00 9.199963659561663509e-02
-1.750000000000000000e+00 9.959292143521041751e+00 9.968039178096919917e-02
-4.250000000000000000e+00 1.082531754730548279e+01 1.179304150315241828e-01
-3.250000000000000000e+00 1.082531754730548279e+01 1.177999911507734282e-01
-2.750000000000000000e+00 1.169134295108992383e+01 1.145240770856207485e-01
-1.750000000000000000e+00 1.169134295108992383e+01 1.148576293981021512e-01
-4.250000000000000000e+00 1.255736835487435776e+01 1.016549817441363412e-01
-3.250000000000000000e+00 1.255736835487435776e+01 1.028927540918186112e-01
-2.750000000000000000e+00 1.342339375865879880e+01 1.561636525254206931e-01
-1.750000000000000000e+00 1.342339375865879880e+01 1.546218309973328431e-01
-4.250000000000000000e+00 1.428941916244323274e+01 1.272482082546018134e-01
-3.250000000000000000e+00 1.428941916244323274e+01 1.265854873718293694e-01
-2.750000000000000000e+00 1.515544456622767377e+01 1.126501603116562278e-01
-1.750000000000000000e+00 1.515544456622767377e+01 1.120471815374264324e-01
-4.250000000000000000e+00 1.602146997001211304e+01 2.171256285250711959e-01
-3.250000000000000000e+00 1.602146997001211304e+01 2.164364583398874775e-01
-2.750000000000000000e+00 1.688749537379655408e+01 1.239631010705944669e-01
-1.750000000000000000e+00 1.688749537379655408e+01 1.236659029410557831e-01
-4.250000000000000000e+00 1.775352077758098801e+01 1.250440565791828273e-01
-3.250000000000000000e+00 1.775352077758098801e+01 1.247914491965185502e-01
-2.750000000000000000e+00 1.861954618136542905e+01 2.295448732453818641e-01
-1.750000000000000000e+00 1.861954618136542905e+01 2.293289415853509428e-01
-4.250000000000000000e+00 1.948557158514986298e+01 1.283714440011893831e-01
-3.250000000000000000e+00 1.948557158514986298e+01 1.283088624613749618e-01
-2.750000000000000000e+00 2.035159698893430402e+01 1.661315397820345707e-01
-1.750000000000000000e+00 2.035159698893430402e+01 1.660417731256102758e-01
-4.250000000000000000e+00 2.121762239271873796e+01 1.489434933853605869e-01
-3.250000000000000000e+00 2.121762239271873796e+01 1.489081026700024013e-01
-2.750000000000000000e+00 2.208364779650317899e+01 2.062465068799363976e-01
-1.750000000000000000e+00 2.208364779650317899e+01 2.062273975464757603e-01
-4.250000000000000000e+00 2.294967320028762003e+01 2.884405380419530762e-01
-3.250000000000000000e+00 2.294967320028762003e+01 2.884201914684540458e-01
-2.750000000000000000e+00 2.381569860407206107e+01 5.806454241863664989e-02
-1.750000000000000000e+00 2.381569860407206107e+01 5.805806943129905584e-02
-4.250000000000000000e+00 2.468172400785649501e+01 3.485843665592176510e-01
-3.250000000000000000e+00 2.468172400785649501e+01 3.485798288037346704e-01
-2.750000000000000000e+00 2.554774941164093605e+01 3.963331978281752765e-01
-1.750000000000000000e+00 2.554774941164093605e+01 3.963286193312721140e-01
-1.250000000000000000e+00 -2.554774941164094315e+01 3.963370084393210702e-01
-2.500000000000000000e-01 -2.554774941164094315e+01 3.963348019560099522e-01
2.500000000000000000e-01 -2.468172400785650566e+01 3.485850457939363989e-01
1.250000000000000000e+00 -2.468172400785650566e+01 3.485840626634757466e-01
-1.250000000000000000e+00 -2.381569860407206463e+01 5.806763022736722429e-02
-2.500000000000000000e-01 -2.381569860407206463e+01 5.806337379118817199e-02
2.500000000000000000e-01 -2.294967320028762714e+01 2.884431675997277678e-01
1.250000000000000000e+00 -2.294967320028762714e+01 2.884362488726689433e-01
-1.250000000000000000e+00 -2.208364779650318965e+01 2.062438319339537363e-01
-2.500000000000000000e-01 -2.208364779650318965e+01 2.062337640771712832e-01
2.500000000000000000e-01 -2.121762239271875217e+01 1.489662526624781214e-01
1.250000000000000000e+00 -2.121762239271875217e+01 1.489373836101125781e-01
-1.250000000000000000e+00 -2.035159698893431113e+01 1.661062490008460568e-01
-2.500000000000000000e-01 -2.035159698893431113e+01 1.660648306227246185e-01
2.500000000000000000e-01 -1.948557158514987364e+01 1.284506505885240901e-01
1.250000000000000000e+00 -1.948557158514987364e+01 1.283758285753626993e-01
-1.250000000000000000e+00 -1.861954618136543615e+01 2.296027063338348384e-01
-2.500000000000000000e-01 -1.861954618136543615e+01 2.294618597214490574e-01
2.500000000000000000e-01 -1.775352077758099512e+01 1.249697933851047632e-01
1.250000000000000000e+00 -1.775352077758099512e+01 1.247976516165903438e-01
-1.250000000000000000e+00 -1.688749537379655763e+01 1.245583936068899999e-01
-2.500000000000000000e-01 -1.688749537379655763e+01 1.242238318641709915e-01
2.500000000000000000e-01 -1.602146997001212014e+01 2.167223142988066176e-01
1.250000000000000000e+00 -1.602146997001212014e+01 2.162744600078083945e-01
-1.250000000000000000e+00 -1.515544456622767733e+01 1.130314943536351591e-01
-2.500000000000000000e-01 -1.515544456622767733e+01 1.123406234850541086e-01
2.500000000000000000e-01 -1.428941916244323806e+01 1.289206553691722990e-01
1.250000000000000000e+00 -1.428941916244323806e+01 1.279534283089157898e-01
-1.250000000000000000e+00 -1.342339375865880058e+01 1.536802033150755920e-01
-2.500000000000000000e-01 -1.342339375865880058e+01 1.529455094518717972e-01
2.500000000000000000e-01 -1.255736835487436132e+01 1.058315601980694826e-01
1.250000000000000000e+00 -1.255736835487436132e+01 1.047675596828852307e-01
-1.250000000000000000e+00 -1.169134295108992383e+01 1.176633304822737314e-01
-2.500000000000000000e-01 -1.169134295108992383e+01 1.173113904877857161e-01
2.500000000000000000e-01 -1.082531754730548457e+01 1.112518835174588078e-01
1.250000000000000000e+00 -1.082531754730548457e+01 1.123134600990385451e-01
-1.250000000000000000e+00 -9.959292143521047080e+00 1.068202650298865353e-01
-2.500000000000000000e-01 -9.959292143521047080e+00 1.059701452735964250e-01
2.500000000000000000e-01 -9.093266739736607818e+00 1.031198607736419498e-01
1.250000000000000000e+00 -9.093266739736607818e+00 1.051190711483850626e-01
-1.250000000000000000e+00 -8.227241335952170331e+00 9.364919479502417654e-02
-2.500000000000000000e-01 -8.227241335952170331e+00 1.011618683583247191e-01
2.500000000000000000e-01 -7.361215932167732845e+00 1.077672689498266334e-01
1.250000000000000000e+00 -7.361215932167732845e+00 1.082728708769178372e-01
-1.250000000000000000e+00 -6.495190528383291806e+00 8.314035740279557274e-02
-2.500000000000000000e-01 -6.495190528383291806e+00 9.953320951174224329e-02
2.500000000000000000e-01 -5.629165124598854320e+00 8.506949256334332687e-02
1.250000000000000000e+00 -5.629165124598854320e+00 1.025633846114475251e-01
-1.250000000000000000e+00 -4.763139720814413280e+00 1.066920504922570234e-01
-2.500000000000000000e-01 -4.763139720814413280e+00 9.567122279104470217e-02
2.500000000000000000e-01 -3.897114317029975794e+00 9.044889122991311980e-02
1.250000000000000000e+00 -3.897114317029975794e+00 9.851036778206000155e-02
-1.250000000000000000e+00 -3.031088913245538308e+00 9.753360582163235482e-02
-2.500000000000000000e-01 -3.031088913245538308e+00 9.965165328100579478e-02
2.500000000000000000e-01 -2.165063509461100821e+00 1.078293989375143092e-01
1.250000000000000000e+00 -2.165063509461100821e+00 5.830938901261518287e-02
-1.250000000000000000e+00 -1.299038105676659782e+00 1.096553066016988653e-01
-2.500000000000000000e-01 -1.299038105676659782e+00 8.724885577223660815e-02
2.500000000000000000e-01 -4.330127018922222959e-01 1.282438110390035635e-01
1.250000000000000000e+00 -4.330127018922222959e-01 8.725520796674726687e-02
-1.250000000000000000e+00 4.330127018922151905e-01 1.282426528125872878e-01
-2.500000000000000000e-01 4.330127018922151905e-01 2.299087569879420785e-07
2.500000000000000000e-01 1.299038105676652677e+00 1.282479897183076145e-01
1.250000000000000000e+00 1.299038105676652677e+00 8.725139421004535212e-02
-1.250000000000000000e+00 2.165063509461093716e+00 1.096624082903654152e-01
-2.500000000000000000e-01 2.165063509461093716e+00 8.726792401063263038e-02
2.500000000000000000e-01 3.031088913245531202e+00 1.078089367945145594e-01
1.250000000000000000e+00 3.031088913245531202e+00 5.828535326105731967e-02
-1.250000000000000000e+00 3.897114317029972241e+00 9.755438866893724470e-02
-2.500000000000000000e-01 3.897114317029972241e+00 9.970437240196700079e-02
2.500000000000000000e-01 4.763139720814409728e+00 9.053668027685533859e-02
1.250000000000000000e+00 4.763139720814409728e+00 9.861579545617382703e-02
-1.250000000000000000e+00 5.629165124598847214e+00 1.064582277388459730e-01
-2.500000000000000000e-01 5.629165124598847214e+00 9.544829051204051229e-02
2.500000000000000000e-01 6.495190528383284700e+00 8.592932227710378679e-02
1.250000000000000000e+00 6.495190528383284700e+00 1.034207893023494362e-01
-1.250000000000000000e+00 7.361215932167725740e+00 8.249399446170826988e-02
-2.500000000000000000e-01 7.361215932167725740e+00 9.895625861607744433e-02
2.500000000000000000e-01 8.227241335952166779e+00 1.084397606977211548e-01
1.250000000000000000e+00 8.227241335952166779e+00 1.089404688519321346e-01
-1.250000000000000000e+00 9.093266739736600712e+00 9.725471159145265831e-02
-2.500000000000000000e-01 9.093266739736600712e+00 1.048784484617713841e-01
2.500000000000000000e-01 9.959292143521041751e+00 9.758599549219743041e-02
1.250000000000000000e+00 9.959292143521041751e+00 9.968343580671168436e-02
-1.250000000000000000e+00 1.082531754730548279e+01 1.186690378073518570e-01
-2.500000000000000000e-01 1.082531754730548279e+01 1.177838157241546946e-01
2.500000000000000000e-01 1.169134295108992383e+01 1.137107343313181196e-01
1.250000000000000000e+00 1.169134295108992383e+01 1.147679583277126658e-01
-1.250000000000000000e+00 1.255736835487435776e+01 1.027747115562767238e-01
-2.500000000000000000e-01 1.255736835487435776e+01 1.024748963128119250e-01
2.500000000000000000e-01 1.342339375865879880e+01 1.557545351709505033e-01
1.250000000000000000e+00 1.342339375865879880e+01 1.546106981891626209e-01
-1.250000000000000000e+00 1.428941916244323274e+01 1.265832717731998069e-01
-2.500000000000000000e-01 1.428941916244323274e+01 1.259508392115044062e-01
2.500000000000000000e-01 1.515544456622767377e+01 1.129994589877715838e-01
1.250000000000000000e+00 1.515544456622767377e+01 1.120853362633378592e-01
-1.250000000000000000e+00 1.602146997001211304e+01 2.169011653228637704e-01
-2.500000000000000000e-01 1.602146997001211304e+01 2.161619459073842175e-01
2.500000000000000000e-01 1.688749537379655408e+01 1.240769911553970817e-01
1.250000000000000000e+00 1.688749537379655408e+01 1.236205484000004601e-01
-1.250000000000000000e+00 1.775352077758098801e+01 1.250942495243826946e-01
-2.500000000000000000e-01 1.775352077758098801e+01 1.247625235149990575e-01
2.500000000000000000e-01 1.861954618136542905e+01 2.295339299632844776e-01
1.250000000000000000e+00 1.861954618136542905e+01 2.293154098499960991e-01
-1.250000000000000000e+00 1.948557158514986298e+01 1.283967496786097007e-01
-2.500000000000000000e-01 1.948557158514986298e+01 1.282837900556376975e-01
2.500000000000000000e-01 2.035159698893430402e+01 1.661248932903447717e-01
1.250000000000000000e+00 2.035159698893430402e+01 1.660591123493248000e-01
-1.250000000000000000e+00 2.121762239271873796e+01 1.489382025092158557e-01
-2.500000000000000000e-01 2.121762239271873796e+01 1.488863275727240199e-01
2.500000000000000000e-01 2.208364779650317899e+01 2.062477339478645533e-01
1.250000000000000000e+00 2.208364779650317899e+01 2.062287307171505324e-01
-1.250000000000000000e+00 2.294967320028762003e+01 2.884354581308072873e-01
-2.500000000000000000e-01 2.294967320028762003e+01 2.884191029573658360e-01
2.500000000000000000e-01 2.381569860407206107e+01 5.806476924239460657e-02
1.250000000000000000e+00 2.381569860407206107e+01 5.805647610441744266e-02
-1.250000000000000000e+00 2.468172400785649501e+01 3.485835273178544136e-01
-2.500000000000000000e-01 2.468172400785649501e+01 3.485811301545780339e-01
2.500000000000000000e-01 2.554774941164093605e+01 3.963335387780516084e-01
1.250000000000000000e+00 2.554774941164093605e+01 3.963298050043551624e-01
1.750000000000000000e+00 -2.554774941164094315e+01 3.963372174221911903e-01
2.750000000000000000e+00 -2.554774941164094315e+01 3.963358154737322558e-01
3.250000000000000000e+00 -2.468172400785650566e+01 3.485851857952904087e-01
4.250000000000000000e+00 -2.468172400785650566e+01 3.485840761884060890e-01
1.750000000000000000e+00 -2.381569860407206463e+01 5.806761340077322420e-02
2.750000000000000000e+00 -2.381569860407206463e+01 5.806367090804309683e-02
3.250000000000000000e+00 -2.294967320028762714e+01 2.884437984327373194e-01
4.250000000000000000e+00 -2.294967320028762714e+01 2.884386813850123299e-01
1.750000000000000000e+00 -2.208364779650318965e+01 2.062457246019876456e-01
2.750000000000000000e+00 -2.208364779650318965e+01 2.062338309873830156e-01
3.250000000000000000e+00 -2.121762239271875217e+01 1.489662550213973480e-01
4.250000000000000000e+00 -2.121762239271875217e+01 1.489475057500241062e-01
1.750000000000000000e+00 -2.035159698893431113e+01 1.661132558626568501e-01
2.750000000000000000e+00 -2.035159698893431113e+01 1.660810058865866690e-01
3.250000000000000000e+00 -1.948557158514987364e+01 1.284538279092641011e-01
4.250000000000000000e+00 -1.948557158514987364e+01 1.283993407836786782e-01
1.750000000000000000e+00 -1.861954618136543615e+01 2.296178493146483202e-01
2.750000000000000000e+00 -1.861954618136543615e+01 2.295026136847621856e-01
3.250000000000000000e+00 -1.775352077758099512e+01 1.250129430234484529e-01
4.250000000000000000e+00 -1.775352077758099512e+01 1.249074162428959744e-01
1.750000000000000000e+00 -1.688749537379655763e+01 1.245678767497482298e-01
2.750000000000000000e+00 -1.688749537379655763e+01 1.242689221440705649e-01
3.250000000000000000e+00 -1.602146997001212014e+01 2.168919213120547307e-01
4.250000000000000000e+00 -1.602146997001212014e+01 2.165685318581312135e-01
1.750000000000000000e+00 -1.515544456622767733e+01 1.129877829236281411e-01
2.750000000000000000e+00 -1.515544456622767733e+01 1.125648028810519452e-01
3.250000000000000000e+00 -1.428941916244323806e+01 1.290955440364112139e-01
4.250000000000000000e+00 -1.428941916244323806e+01 1.282257468857949667e-01
1.750000000000000000e+00 -1.342339375865880058e+01 1.542367637374682243e-01
2.750000000000000000e+00 -1.342339375865880058e+01 1.535611712198005629e-01
3.250000000000000000e+00 -1.255736835487436132e+01 1.057571718413826828e-01
4.250000000000000000e+00 -1.255736835487436132e+01 1.052474296632785605e-01
1.750000000000000000e+00 -1.169134295108992383e+01 1.195101511104381120e-01
2.750000000000000000e+00 -1.169134295108992383e+01 1.177488677943186457e-01
3.250000000000000000e+00 -1.082531754730548457e+01 1.135590508237717539e-01
4.250000000000000000e+00 -1.082531754730548457e+01 1.140950832742441690e-01
1.750000000000000000e+00 -9.959292143521047080e+00 1.059874759896902441e-01
2.750000000000000000e+00 -9.959292143521047080e+00 1.059429743668764412e-01
3.250000000000000000e+00 -9.093266739736607818e+00 1.087756813460967614e-01
4.250000000000000000e+00 -9.093266739736607818e+00 1.064233853879588410e-01
1.750000000000000000e+00 -8.227241335952170331e+00 9.385100744383872984e-02
2.750000000000000000e+00 -8.227241335952170331e+00 1.015408955364385246e-01
3.250000000000000000e+00 -7.361215932167732845e+00 1.051755570315999200e-01
4.250000000000000000e+00 -7.361215932167732845e+00 1.081623888802284439e-01
1.750000000000000000e+00 -6.495190528383291806e+00 9.773991798178956192e-02
2.750000000000000000e+00 -6.495190528383291806e+00 1.010133670731381966e-01
3.250000000000000000e+00 -5.629165124598854320e+00 8.621088296921790295e-02
4.250000000000000000e+00 -5.629165124598854320e+00 1.001453942633102751e-01
1.750000000000000000e+00 -4.763139720814413280e+00 1.048810646940074726e-01
2.750000000000000000e+00 -4.763139720814413280e+00 1.016805226812812213e-01
3.250000000000000000e+00 -3.897114317029975794e+00 1.047700567840821329e-01
4.250000000000000000e+00 -3.897114317029975794e+00 1.026823036711154158e-01
1.750000000000000000e+00 -3.031088913245538308e+00 8.629692050361832678e-02
2.750000000000000000e+00 -3.031088913245538308e+00 9.846894882724843701e-02
3.250000000000000000e+00 -2.165063509461100821e+00 9.041642014284857753e-02
4.250000000000000000e+00 -2.165063509461100821e+00 9.554389744271044038e-02
1.750000000000000000e+00 -1.299038105676659782e+00 1.078030561059033221e-01
2.750000000000000000e+00 -1.299038105676659782e+00 9.965192770075617656e-02
3.250000000000000000e+00 -4.330127018922222959e-01 9.752627551348172497e-02
4.250000000000000000e+00 -4.330127018922222959e-01 9.847482313899984241e-02
1.750000000000000000e+00 4.330127018922151905e-01 1.096558208259995615e-01
2.750000000000000000e+00 4.330127018922151905e-01 5.829334923775672528e-02
3.250000000000000000e+00 1.299038105676652677e+00 9.752703304581346322e-02
4.250000000000000000e+00 1.299038105676652677e+00 9.846284679995109812e-02
1.750000000000000000e+00 2.165063509461093716e+00 1.078337423943873941e-01
2.750000000000000000e+00 2.165063509461093716e+00 9.967759909715281919e-02
3.250000000000000000e+00 3.031088913245531202e+00 9.038990491659823490e-02
4.250000000000000000e+00 3.031088913245531202e+00 9.551605402002993905e-02
1.750000000000000000e+00 3.897114317029972241e+00 8.637404858195238400e-02
2.750000000000000000e+00 3.897114317029972241e+00 9.850228302765945410e-02
3.250000000000000000e+00 4.763139720814409728e+00 1.048974581313442400e-01
4.250000000000000000e+00 4.763139720814409728e+00 1.027963387653878097e-01
1.750000000000000000e+00 5.629165124598847214e+00 1.046663887018222938e-01
2.750000000000000000e+00 5.629165124598847214e+00 1.014448825202939608e-01
3.250000000000000000e+00 6.495190528383284700e+00 8.715316106887882608e-02
4.250000000000000000e+00 6.495190528383284700e+00 1.010010898121279782e-01
1.750000000000000000e+00 7.361215932167725740e+00 9.714102373075991781e-02
2.750000000000000000e+00 7.361215932167725740e+00 1.004314299490021989e-01
3.250000000000000000e+00 8.227241335952166779e+00 1.058711974813151824e-01
4.250000000000000000e+00 8.227241335952166779e+00 1.088352332652455651e-01
1.750000000000000000e+00 9.093266739736600712e+00 9.762504126249421654e-02
2.750000000000000000e+00 9.093266739736600712e+00 1.052152003876471037e-01
3.250000000000000000e+00 9.959292143521041751e+00 1.033256299232839792e-01
4.250000000000000000e+00 9.959292143521041751e+00 1.009808171792176967e-01
1.750000000000000000e+00 1.082531754730548279e+01 1.178786908580191778e-01
2.750000000000000000e+00 1.082531754730548279e+01 1.177965047700773593e-01
3.250000000000000000e+00 1.169134295108992383e+01 1.161564910851476951e-01
4.250000000000000000e+00 1.169134295108992383e+01 1.165724155333892481e-01
1.750000000000000000e+00 1.255736835487435776e+01 1.046189778966493539e-01
2.750000000000000000e+00 1.255736835487435776e+01 1.029304780390162682e-01
3.250000000000000000e+00 1.342339375865879880e+01 1.557048973201400899e-01
4.250000000000000000e+00 1.342339375865879880e+01 1.551847788953173435e-01
1.750000000000000000e+00 1.428941916244323274e+01 1.272552682640363808e-01
2.750000000000000000e+00 1.428941916244323274e+01 1.264786968450307414e-01
3.250000000000000000e+00 1.515544456622767377e+01 1.131905987624880205e-01
4.250000000000000000e+00 1.515544456622767377e+01 1.123488215736708762e-01
1.750000000000000000e+00 1.602146997001211304e+01 2.169010430221816887e-01
2.750000000000000000e+00 1.602146997001211304e+01 2.164116294012228270e-01
3.250000000000000000e+00 1.688749537379655408e+01 1.242691175497280531e-01
4.250000000000000000e+00 1.688749537379655408e+01 1.238788711133705506e-01
1.750000000000000000e+00 1.775352077758098801e+01 1.251040229859646802e-01
2.750000000000000000e+00 1.775352077758098801e+01 1.248350314332878908e-01
3.250000000000000000e+00 1.861954618136542905e+01 2.295780379502027069e-01
4.250000000000000000e+00 1.861954618136542905e+01 2.294596977502625923e-01
1.750000000000000000e+00 1.948557158514986298e+01 1.284184739961000965e-01
2.750000000000000000e+00 1.948557158514986298e+01 1.282894546593679741e-01
3.250000000000000000e+00 2.035159698893430402e+01 1.661295993572398100e-01
4.250000000000000000e+00 2.035159698893430402e+01 1.660923768803343747e-01
1.750000000000000000e+00 2.121762239271873796e+01 1.489439779891662541e-01
2.750000000000000000e+00 2.121762239271873796e+01 1.488997385953657882e-01
3.250000000000000000e+00 2.208364779650317899e+01 2.062468199768902610e-01
4.250000000000000000e+00 2.208364779650317899e+01 2.062294399293131963e-01
1.750000000000000000e+00 2.294967320028762003e+01 2.884375956010039599e-01
2.750000000000000000e+00 2.294967320028762003e+01 2.884303368919698962e-01
3.250000000000000000e+00 2.381569860407206107e+01 5.806537232331544784e-02
4.250000000000000000e+00 2.381569860407206107e+01 5.805920637994365502e-02
1.750000000000000000e+00 2.468172400785649501e+01 3.485841332112212254e-01
2.750000000000000000e+00 2.468172400785649501e+01 3.485836723174158269e-01
3.250000000000000000e+00 2.554774941164093605e+01 3.963353702329452943e-01
4.250000000000000000e+00 2.554774941164093605e+01 3.963336639125470962e-01
4.750000000000000000e+00 -2.554774941164094315e+01 3.963371876506409097e-01
5.750000000000000000e+00 -2.554774941164094315e+01 3.963360205620984900e-01
6.250000000000000000e+00 -2.468172400785650566e+01 3.485850140057423774e-01
7.250000000000000000e+00 -2.468172400785650566e+01 3.485843250772983626e-01
4.750000000000000000e+00 -2.381569860407206463e+01 5.806761489132541976e-02
5.750000000000000000e+00 -2.381569860407206463e+01 5.806518592876727669e-02
6.250000000000000000e+00 -2.294967320028762714e+01 2.884437776053453417e-01
7.250000000000000000e+00 -2.294967320028762714e+01 2.884404658331254367e-01
4.750000000000000000e+00 -2.208364779650318965e+01 2.062466807364164156e-01
5.750000000000000000e+00 -2.208364779650318965e+01 2.062390030698476040e-01
6.250000000000000000e+00 -2.121762239271875217e+01 1.489663904554482665e-01
7.250000000000000000e+00 -2.121762239271875217e+01 1.489559566139259106e-01
4.750000000000000000e+00 -2.035159698893431113e+01 1.661224493152936854e-01
5.750000000000000000e+00 -2.035159698893431113e+01 1.661017325507543330e-01
6.250000000000000000e+00 -1.948557158514987364e+01 1.284559622970262160e-01
7.250000000000000000e+00 -1.948557158514987364e+01 1.284277078381037551e-01
4.750000000000000000e+00 -1.861954618136543615e+01 2.296340715831595991e-01
5.750000000000000000e+00 -1.861954618136543615e+01 2.295641319806204783e-01
6.250000000000000000e+00 -1.775352077758099512e+01 1.250702049836661112e-01
7.250000000000000000e+00 -1.775352077758099512e+01 1.250154023937800618e-01
4.750000000000000000e+00 -1.688749537379655763e+01 1.245664790348451484e-01
5.750000000000000000e+00 -1.688749537379655763e+01 1.243702901887078216e-01
6.250000000000000000e+00 -1.602146997001212014e+01 2.170606928229774635e-01
7.250000000000000000e+00 -1.602146997001212014e+01 2.168872344528505747e-01
4.750000000000000000e+00 -1.515544456622767733e+01 1.131449114075052526e-01
5.750000000000000000e+00 -1.515544456622767733e+01 1.129194860292611208e-01
6.250000000000000000e+00 -1.428941916244323806e+01 1.291571556631810613e-01
7.250000000000000000e+00 -1.428941916244323806e+01 1.285821768414538158e-01
4.750000000000000000e+00 -1.342339375865880058e+01 1.551466972929233523e-01
5.750000000000000000e+00 -1.342339375865880058e+01 1.546892245778685726e-01
6.250000000000000000e+00 -1.255736835487436132e+01 1.060355395188785077e-01
7.250000000000000000e+00 -1.255736835487436132e+01 1.056796295400479202e-01
4.750000000000000000e+00 -1.169134295108992383e+01 1.205254040117580833e-01
5.750000000000000000e+00 -1.169134295108992383e+01 1.186544394441726713e-01
6.250000000000000000e+00 -1.082531754730548457e+01 1.160620661177426682e-01
7.250000000000000000e+00 -1.082531754730548457e+01 1.161430996875826432e-01
4.750000000000000000e+00 -9.959292143521047080e+00 1.056523828923262298e-01
5.750000000000000000e+00 -9.959292143521047080e+00 1.058049212155634800e-01
6.250000000000000000e+00 -9.093266739736607818e+00 1.111046875734074679e-01
7.250000000000000000e+00 -9.093266739736607818e+00 1.076765237971847866e-01
4.750000000000000000e+00 -8.227241335952170331e+00 9.883213150025835225e-02
5.750000000000000000e+00 -8.227241335952170331e+00 1.027059805089232669e-01
6.250000000000000000e+00 -7.361215932167732845e+00 1.043807689119509580e-01
7.250000000000000000e+00 -7.361215932167732845e+00 1.069945620253017343e-01
4.750000000000000000e+00 -6.495190528383291806e+00 1.057582671456002987e-01
5.750000000000000000e+00 -6.495190528383291806e+00 1.014433667664006999e-01
6.250000000000000000e+00 -5.629165124598854320e+00 9.287938791651646764e-02
7.250000000000000000e+00 -5.629165124598854320e+00 1.004410052597926595e-01
4.750000000000000000e+00 -4.763139720814413280e+00 9.708432231456615158e-02
5.750000000000000000e+00 -4.763139720814413280e+00 1.082103204448052747e-01
6.250000000000000000e+00 -3.897114317029975794e+00 1.075875051173959263e-01
7.250000000000000000e+00 -3.897114317029975794e+00 1.003268893476941537e-01
4.750000000000000000e+00 -3.031088913245538308e+00 8.512589799616418484e-02
5.750000000000000000e+00 -3.031088913245538308e+00 9.874276110582283494e-02
6.250000000000000000e+00 -2.165063509461100821e+00 8.236215015332307154e-02
7.250000000000000000e+00 -2.165063509461100821e+00 1.080765198260283388e-01
4.750000000000000000e+00 -1.299038105676659782e+00 1.065321995017533968e-01
5.750000000000000000e+00 -1.299038105676659782e+00 1.026352157520393771e-01
6.250000000000000000e+00 -4.330127018922222959e-01 9.455336495475002989e-02
7.250000000000000000e+00 -4.330127018922222959e-01 1.002210949884969338e-01
4.750000000000000000e+00 4.330127018922151905e-01 7.310918588474460411e-02
5.750000000000000000e+00 4.330127018922151905e-01 1.015260262344652997e-01
6.250000000000000000e+00 1.299038105676652677e+00 9.453416561959124276e-02
7.250000000000000000e+00 1.299038105676652677e+00 1.002141721300177646e-01
4.750000000000000000e+00 2.165063509461093716e+00 1.065585905518742077e-01
5.750000000000000000e+00 2.165063509461093716e+00 1.026654833266469335e-01
6.250000000000000000e+00 3.031088913245531202e+00 8.231783374148057830e-02
7.250000000000000000e+00 3.031088913245531202e+00 1.080508632200383040e-01
4.750000000000000000e+00 3.897114317029972241e+00 8.517620140852469324e-02
5.750000000000000000e+00 3.897114317029972241e+00 9.878683949974478851e-02
6.250000000000000000e+00 4.763139720814409728e+00 1.077060463813232505e-01
7.250000000000000000e+00 4.763139720814409728e+00 1.004451373145222592e-01
4.750000000000000000e+00 5.629165124598847214e+00 9.684133477654943700e-02
5.750000000000000000e+00 5.629165124598847214e+00 1.079768156486590192e-01
6.250000000000000000e+00 6.495190528383284700e+00 9.375163904094385714e-02
7.250000000000000000e+00 6.495190528383284700e+00 1.013302177119560915e-01
4.750000000000000000e+00 7.361215932167725740e+00 1.052017327449309425e-01
5.750000000000000000e+00 7.361215932167725740e+00 1.008639206285218415e-01
6.250000000000000000e+00 8.227241335952166779e+00 1.050281391306994161e-01
7.250000000000000000e+00 8.227241335952166779e+00 1.076685453924583757e-01
4.750000000000000000e+00 9.093266739736600712e+00 1.026195614238635812e-01
5.750000000000000000e+00 9.093266739736600712e+00 1.064344991895476711e-01
6.250000000000000000e+00 9.959292143521041751e+00 1.056733884060573891e-01
7.250000000000000000e+00 9.959292143521041751e+00 1.022076680599972587e-01
4.750000000000000000e+00 1.082531754730548279e+01 1.175206704771145361e-01
5.750000000000000000e+00 1.082531754730548279e+01 1.176942459173007660e-01
6.250000000000000000e+00 1.169134295108992383e+01 1.185914217599144116e-01
7.250000000000000000e+00 1.169134295108992383e+01 1.186709170561881244e-01
4.750000000000000000e+00 1.255736835487435776e+01 1.056826852731503619e-01
5.750000000000000000e+00 1.255736835487435776e+01 1.038001891511089736e-01
6.250000000000000000e+00 1.342339375865879880e+01 1.559384783497948512e-01
7.250000000000000000e+00 1.342339375865879880e+01 1.556206539591298288e-01
4.750000000000000000e+00 1.428941916244323274e+01 1.281662729032026771e-01
5.750000000000000000e+00 1.428941916244323274e+01 1.276573171436668486e-01
6.250000000000000000e+00 1.515544456622767377e+01 1.132568996361970615e-01
7.250000000000000000e+00 1.515544456622767377e+01 1.126655181005880996e-01
4.750000000000000000e+00 1.602146997001211304e+01 2.170359537100438052e-01
5.750000000000000000e+00 1.602146997001211304e+01 2.168358695378015122e-01
6.250000000000000000e+00 1.688749537379655408e+01 1.244064657936311269e-01
7.250000000000000000e+00 1.688749537379655408e+01 1.242336953719150178e-01
4.750000000000000000e+00 1.775352077758098801e+01 1.251030475942842557e-01
5.750000000000000000e+00 1.775352077758098801e+01 1.249147942501720177e-01
6.250000000000000000e+00 1.861954618136542905e+01 2.296261330782969345e-01
7.250000000000000000e+00 1.861954618136542905e+01 2.295891742777901590e-01
4.750000000000000000e+00 1.948557158514986298e+01 1.284262407545863349e-01
5.750000000000000000e+00 1.948557158514986298e+01 1.283404869585215158e-01
6.250000000000000000e+00 2.035159698893430402e+01 1.661346127746681223e-01
7.250000000000000000e+00 2.035159698893430402e+01 1.661076173738736672e-01
4.750000000000000000e+00 2.121762239271873796e+01 1.489533279930155829e-01
5.750000000000000000e+00 2.121762239271873796e+01 1.489341030103817354e-01
6.250000000000000000e+00 2.208364779650317899e+01 2.062454157424390977e-01
7.250000000000000000e+00 2.208364779650317899e+01 2.062338664593086346e-01
4.750000000000000000e+00 2.294967320028762003e+01 2.884425679936326592e-01
5.750000000000000000e+00 2.294967320028762003e+01 2.884396534567953974e-01
6.250000000000000000e+00 2.381569860407206107e+01 5.806624446514460636e-02
7.250000000000000000e+00 2.381569860407206107e+01 5.806347513035741564e-02
4.750000000000000000e+00 2.468172400785649501e+01 3.485850286786893459e-01
5.750000000000000000e+00 2.468172400785649501e+01 3.485846231948154239e-01
6.250000000000000000e+00 2.554774941164093605e+01 3.963367984356064855e-01
7.250000000000000000e+00 2.554774941164093605e+01 3.963360824685020489e-01
