-7.250000000000000000e+00 -2.554774941164094315e+01 2.150007967984302604e-01
-6.250000000000000000e+00 -2.554774941164094315e+01 2.150007533167375418e-01
-5.750000000000000000e+00 -2.468172400785650566e+01 2.036567936187552441e-01
-4.750000000000000000e+00 -2.468172400785650566e+01 2.036567331249837520e-01
-7.250000000000000000e+00 -2.381569860407206463e+01 3.491976234868906376e-02
-6.250000000000000000e+00 -2.381569860407206463e+01 3.491970974838430608e-02
-5.750000000000000000e+00 -2.294967320028762714e+01 1.329660519950311148e-01
-4.750000000000000000e+00 -2.294967320028762714e+01 1.329658222712639393e-01
-7.250000000000000000e+00 -2.208364779650318965e+01 1.013072542343669835e-01
-6.250000000000000000e+00 -2.208364779650318965e+01 1.013069314207516725e-01
-5.750000000000000000e+00 -2.121762239271875217e+01 3.891875919912781562e-02
-4.750000000000000000e+00 -2.121762239271875217e+01 3.891818687517570319e-02
-7.250000000000000000e+00 -2.035159698893431113e+01 5.884744204322477079e-02
-6.250000000000000000e+00 -2.035159698893431113e+01 5.884631779070163132e-02
-5.750000000000000000e+00 -1.948557158514987364e+01 3.757794434957972829e-02
-4.750000000000000000e+00 -1.948557158514987364e+01 3.757572680934013337e-02
-7.250000000000000000e+00 -1.861954618136543615e+01 3.019045309945251818e-02
-6.250000000000000000e+00 -1.861954618136543615e+01 3.018837769694679429e-02
-5.750000000000000000e+00 -1.775352077758099512e+01 2.845366777602397618e-02
-4.750000000000000000e+00 -1.775352077758099512e+01 2.844608366371908711e-02
-7.250000000000000000e+00 -1.688749537379655763e+01 2.343812688534619576e-02
-6.250000000000000000e+00 -1.688749537379655763e+01 2.343406587250058959e-02
-5.750000000000000000e+00 -1.602146997001212014e+01 2.505356150410070759e-02
-4.750000000000000000e+00 -1.602146997001212014e+01 2.504153259766519340e-02
-7.250000000000000000e+00 -1.515544456622767733e+01 2.223474221313868210e-02
-6.250000000000000000e+00 -1.515544456622767733e+01 2.221564894758239206e-02
-5.750000000000000000e+00 -1.428941916244323806e+01 2.241238006022613916e-02
-4.750000000000000000e+00 -1.428941916244323806e+01 2.240714339480836398e-02
-7.250000000000000000e+00 -1.342339375865880058e+01 2.284924735560129802e-02
-6.250000000000000000e+00 -1.342339375865880058e+01 2.280627306522159045e-02
-5.750000000000000000e+00 -1.255736835487436132e+01 2.193025847359425518e-02
-4.750000000000000000e+00 -1.255736835487436132e+01 2.188684879848002557e-02
-7.250000000000000000e+00 -1.169134295108992383e+01 2.218237199811434399e-02
-6.250000000000000000e+00 -1.169134295108992383e+01 2.223413719077139972e-02
-5.750000000000000000e+00 -1.082531754730548457e+01 2.211269960778006194e-02
-4.750000000000000000e+00 -1.082531754730548457e+01 2.204798210748931328e-02
-7.250000000000000000e+00 -9.959292143521047080e+00 2.196955282785429883e-02
-6.250000000000000000e+00 -9.959292143521047080e+00 2.210620281263658143e-02
-5.750000000000000000e+00 -9.093266739736607818e+00 2.148768851597470178e-02
-4.750000000000000000e+00 -9.093266739736607818e+00 2.201723861161665810e-02
-7.250000000000000000e+00 -8.227241335952170331e+00 2.212880700914120549e-02
-6.250000000000000000e+00 -8.227241335952170331e+00 2.195553884410961221e-02
-5.750000000000000000e+00 -7.361215932167732845e+00 2.167973549825823187e-02
-4.750000000000000000e+00 -7.361215932167732845e+00 2.251384054382411098e-02
-7.250000000000000000e+00 -6.495190528383291806e+00 2.131387317544565160e-02
-6.250000000000000000e+00 -6.495190528383291806e+00 2.199977679443237272e-02
-5.750000000000000000e+00 -5.629165124598854320e+00 2.206969346621348582e-02
-4.750000000000000000e+00 -5.629165124598854320e+00 2.222332546601506545e-02
-7.250000000000000000e+00 -4.763139720814413280e+00 2.117082203448508726e-02
-6.250000000000000000e+00 -4.763139720814413280e+00 2.277622128023019943e-02
-5.750000000000000000e+00 -3.897114317029975794e+00 2.039437384762454730e-02
-4.750000000000000000e+00 -3.897114317029975794e+00 2.277166678230846397e-02
-7.250000000000000000e+00 -3.031088913245538308e+00 2.216519101635453307e-02
-6.250000000000000000e+00 -3.031088913245538308e+00 2.225185690138876266e-02
-5.750000000000000000e+00 -2.165063509461100821e+00 2.060250819813138484e-02
-4.750000000000000000e+00 -2.165063509461100821e+00 2.259335911203330313e-02
-7.250000000000000000e+00 -1.299038105676659782e+00 2.144558661806691621e-02
-6.250000000000000000e+00 -1.299038105676659782e+00 2.277151443040951323e-02
-5.750000000000000000e+00 -4.330127018922222959e-01 2.200485549687849693e-02
-4.750000000000000000e+00 -4.330127018922222959e-01 2.260237809215843996e-02
-7.250000000000000000e+00 4.330127018922151905e-01 2.074198130520482630e-02
-6.250000000000000000e+00 4.330127018922151905e-01 2.271694269642324238e-02
-5.750000000000000000e+00 1.299038105676652677e+00 2.200471072178778603e-02
-4.750000000000000000e+00 1.299038105676652677e+00 2.260222685766837339e-02
-7.250000000000000000e+00 2.165063509461093716e+00 2.144602491749775589e-02
-6.250000000000000000e+00 2.165063509461093716e+00 2.277182006180935442e-02
-5.750000000000000000e+00 3.031088913245531202e+00 2.060229916616233489e-02
-4.750000000000000000e+00 3.031088913245531202e+00 2.259299139300810152e-02
-7.250000000000000000e+00 3.897114317029972241e+00 2.216532149075349858e-02
-6.250000000000000000e+00 3.897114317029972241e+00 2.225197706609461160e-02
-5.750000000000000000e+00 4.763139720814409728e+00 2.039666349901582409e-02
-4.750000000000000000e+00 4.763139720814409728e+00 2.277355434349278077e-02
-7.250000000000000000e+00 5.629165124598847214e+00 2.116561231569123736e-02
-6.250000000000000000e+00 5.629165124598847214e+00 2.277127917669764454e-02
-5.750000000000000000e+00 6.495190528383284700e+00 2.208144123960009697e-02
-4.750000000000000000e+00 6.495190528383284700e+00 2.223513900434549023e-02
-7.250000000000000000e+00 7.361215932167725740e+00 2.130489360385487072e-02
-6.250000000000000000e+00 7.361215932167725740e+00 2.199046994918844866e-02
-5.750000000000000000e+00 8.227241335952166779e+00 2.167676721965312164e-02
-4.750000000000000000e+00 8.227241335952166779e+00 2.251083674249887076e-02
-7.250000000000000000e+00 9.093266739736600712e+00 2.219057654791480386e-02
-6.250000000000000000e+00 9.093266739736600712e+00 2.201711074443061383e-02
-5.750000000000000000e+00 9.959292143521041751e+00 2.137930070926047366e-02
-4.750000000000000000e+00 9.959292143521041751e+00 2.190763644373538294e-02
-7.250000000000000000e+00 1.082531754730548279e+01 2.211276006562178792e-02
-6.250000000000000000e+00 1.082531754730548279e+01 2.225018380720743261e-02
-5.750000000000000000e+00 1.169134295108992383e+01 2.220363680216294600e-02
-4.750000000000000000e+00 1.169134295108992383e+01 2.213898790195513791e-02
-7.250000000000000000e+00 1.255736835487435776e+01 2.177229530539866870e-02
-6.250000000000000000e+00 1.255736835487435776e+01 2.182352014307227875e-02
-5.750000000000000000e+00 1.342339375865879880e+01 2.287350834045782932e-02
-4.750000000000000000e+00 1.342339375865879880e+01 2.283045773485929686e-02
-7.250000000000000000e+00 1.428941916244323274e+01 2.242239068686288292e-02
-6.250000000000000000e+00 1.428941916244323274e+01 2.237899083783932708e-02
-5.750000000000000000e+00 1.515544456622767377e+01 2.219764384076464148e-02
-4.750000000000000000e+00 1.515544456622767377e+01 2.219151897905119811e-02
-7.250000000000000000e+00 1.602146997001211304e+01 2.506979006245006053e-02
-6.250000000000000000e+00 1.602146997001211304e+01 2.505110361819607237e-02
-5.750000000000000000e+00 1.688749537379655408e+01 2.342602059496482619e-02
-4.750000000000000000e+00 1.688749537379655408e+01 2.341423145197273764e-02
-7.250000000000000000e+00 1.775352077758098801e+01 2.845106410438455469e-02
-6.250000000000000000e+00 1.775352077758098801e+01 2.844662925884859639e-02
-5.750000000000000000e+00 1.861954618136542905e+01 3.019091578180957414e-02
-4.750000000000000000e+00 1.861954618136542905e+01 3.018364495085750637e-02
-7.250000000000000000e+00 1.948557158514986298e+01 3.757593027169958688e-02
-6.250000000000000000e+00 1.948557158514986298e+01 3.757373535996563069e-02
-5.750000000000000000e+00 2.035159698893430402e+01 5.884773749348297389e-02
-4.750000000000000000e+00 2.035159698893430402e+01 5.884523672456200977e-02
-7.250000000000000000e+00 2.121762239271873796e+01 3.891862547316102261e-02
-6.250000000000000000e+00 2.121762239271873796e+01 3.891765153290271950e-02
-5.750000000000000000e+00 2.208364779650317899e+01 1.013070965350471864e-01
-4.750000000000000000e+00 2.208364779650317899e+01 1.013065190285572237e-01
-7.250000000000000000e+00 2.294967320028762003e+01 1.329661209103382147e-01
-6.250000000000000000e+00 2.294967320028762003e+01 1.329657169819296603e-01
-5.750000000000000000e+00 2.381569860407206107e+01 3.491969143914300938e-02
-4.750000000000000000e+00 2.381569860407206107e+01 3.491955801748081872e-02
-7.250000000000000000e+00 2.468172400785649501e+01 2.036568059426568933e-01
-6.250000000000000000e+00 2.468172400785649501e+01 2.036566932486150727e-01
-5.750000000000000000e+00 2.554774941164093605e+01 2.150007783256848715e-01
-4.750000000000000000e+00 2.554774941164093605e+01 2.150006505172185889e-01
-4.250000000000000000e+00 -2.554774941164094315e+01 2.150008008532632575e-01
-3.250000000000000000e+00 -2.554774941164094315e+01 2.150007408727315772e-01
-2.750000000000000000e+00 -2.468172400785650566e+01 2.036567839416277836e-01
-1.750000000000000000e+00 -2.468172400785650566e+01 2.036567480393045304e-01
-4.250000000000000000e+00 -2.381569860407206463e+01 3.491976888262550427e-02
-3.250000000000000000e+00 -2.381569860407206463e+01 3.491966710915830885e-02
-2.750000000000000000e+00 -2.294967320028762714e+01 1.329660513701385882e-01
-1.750000000000000000e+00 -2.294967320028762714e+01 1.329657909544960104e-01
-4.250000000000000000e+00 -2.208364779650318965e+01 1.013071733280086067e-01
-3.250000000000000000e+00 -2.208364779650318965e+01 1.013067616604010901e-01
-2.750000000000000000e+00 -2.121762239271875217e+01 3.891887214504799464e-02
-1.750000000000000000e+00 -2.121762239271875217e+01 3.891789780126942572e-02
-4.250000000000000000e+00 -2.035159698893431113e+01 5.884698149777674303e-02
-3.250000000000000000e+00 -2.035159698893431113e+01 5.884542118993318915e-02
-2.750000000000000000e+00 -1.948557158514987364e+01 3.757781910523660951e-02
-1.750000000000000000e+00 -1.948557158514987364e+01 3.757461560197179057e-02
-4.250000000000000000e+00 -1.861954618136543615e+01 3.019000028106533229e-02
-3.250000000000000000e+00 -1.861954618136543615e+01 3.018605964952477544e-02
-2.750000000000000000e+00 -1.775352077758099512e+01 2.845061192259054628e-02
-1.750000000000000000e+00 -1.775352077758099512e+01 2.844138477729849998e-02
-4.250000000000000000e+00 -1.688749537379655763e+01 2.344074522969031432e-02
-3.250000000000000000e+00 -1.688749537379655763e+01 2.342956321979264289e-02
-2.750000000000000000e+00 -1.602146997001212014e+01 2.504761576160157918e-02
-1.750000000000000000e+00 -1.602146997001212014e+01 2.503011019679133795e-02
-4.250000000000000000e+00 -1.515544456622767733e+01 2.223007691478329217e-02
-3.250000000000000000e+00 -1.515544456622767733e+01 2.219682931694005532e-02
-2.750000000000000000e+00 -1.428941916244323806e+01 2.242617362597884578e-02
-1.750000000000000000e+00 -1.428941916244323806e+01 2.239605036955424899e-02
-4.250000000000000000e+00 -1.342339375865880058e+01 2.278348070632490313e-02
-3.250000000000000000e+00 -1.342339375865880058e+01 2.275252923907979813e-02
-2.750000000000000000e+00 -1.255736835487436132e+01 2.192692066254942063e-02
-1.750000000000000000e+00 -1.255736835487436132e+01 2.186261668917459378e-02
-4.250000000000000000e+00 -1.169134295108992383e+01 2.211799757017078941e-02
-3.250000000000000000e+00 -1.169134295108992383e+01 2.220750086752480701e-02
-2.750000000000000000e+00 -1.082531754730548457e+01 2.187949676798234266e-02
-1.750000000000000000e+00 -1.082531754730548457e+01 2.196221493490238541e-02
-4.250000000000000000e+00 -9.959292143521047080e+00 2.208090780750423393e-02
-3.250000000000000000e+00 -9.959292143521047080e+00 2.217049238641614906e-02
-2.750000000000000000e+00 -9.093266739736607818e+00 2.136279746171995675e-02
-1.750000000000000000e+00 -9.093266739736607818e+00 2.202640821530305049e-02
-4.250000000000000000e+00 -8.227241335952170331e+00 2.167645643968661717e-02
-3.250000000000000000e+00 -8.227241335952170331e+00 2.198729327853911342e-02
-2.750000000000000000e+00 -7.361215932167732845e+00 2.207207356229295980e-02
-1.750000000000000000e+00 -7.361215932167732845e+00 2.277375430078421373e-02
-4.250000000000000000e+00 -6.495190528383291806e+00 2.016639918869329515e-02
-3.250000000000000000e+00 -6.495190528383291806e+00 2.223506971007818689e-02
-2.750000000000000000e+00 -5.629165124598854320e+00 2.132421168709631998e-02
-1.750000000000000000e+00 -5.629165124598854320e+00 2.276848948786701701e-02
-4.250000000000000000e+00 -4.763139720814413280e+00 2.132876651409685784e-02
-3.250000000000000000e+00 -4.763139720814413280e+00 2.271883314468237450e-02
-2.750000000000000000e+00 -3.897114317029975794e+00 2.065708564317896359e-02
-1.750000000000000000e+00 -3.897114317029975794e+00 2.260238227287254473e-02
-4.250000000000000000e+00 -3.031088913245538308e+00 2.213435878455800171e-02
-3.250000000000000000e+00 -3.031088913245538308e+00 2.260217628923692768e-02
-2.750000000000000000e+00 -2.165063509461100821e+00 2.397990059580577121e-02
-1.750000000000000000e+00 -2.165063509461100821e+00 1.782272961699898906e-02
-4.250000000000000000e+00 -1.299038105676659782e+00 2.100600257233346813e-02
-3.250000000000000000e+00 -1.299038105676659782e+00 2.335723055769434869e-02
-2.750000000000000000e+00 -4.330127018922222959e-01 2.287634549254835559e-02
-1.750000000000000000e+00 -4.330127018922222959e-01 2.047620982399539491e-02
-4.250000000000000000e+00 4.330127018922151905e-01 2.151860350259429677e-02
-3.250000000000000000e+00 4.330127018922151905e-01 1.782254977852670841e-02
-2.750000000000000000e+00 1.299038105676652677e+00 2.287630459313914205e-02
-1.750000000000000000e+00 1.299038105676652677e+00 2.047610063572979922e-02
-4.250000000000000000e+00 2.165063509461093716e+00 2.100630561509284067e-02
-3.250000000000000000e+00 2.165063509461093716e+00 2.335763652614340075e-02
-2.750000000000000000e+00 3.031088913245531202e+00 2.397967990373706115e-02
-1.750000000000000000e+00 3.031088913245531202e+00 1.782234561573362019e-02
-4.250000000000000000e+00 3.897114317029972241e+00 2.213451749155566362e-02
-3.250000000000000000e+00 3.897114317029972241e+00 2.260245345024722644e-02
-2.750000000000000000e+00 4.763139720814409728e+00 2.065847766586152018e-02
-1.750000000000000000e+00 4.763139720814409728e+00 2.260432578568479997e-02
-4.250000000000000000e+00 5.629165124598847214e+00 2.132438567766249682e-02
-3.250000000000000000e+00 5.629165124598847214e+00 2.271385280034477622e-02
-2.750000000000000000e+00 6.495190528383284700e+00 2.133496984250354833e-02
-1.750000000000000000e+00 6.495190528383284700e+00 2.278040394295406321e-02
-4.250000000000000000e+00 7.361215932167725740e+00 2.015797797293199939e-02
-3.250000000000000000e+00 7.361215932167725740e+00 2.222597608042660780e-02
-2.750000000000000000e+00 8.227241335952166779e+00 2.206916708042944153e-02
-1.750000000000000000e+00 8.227241335952166779e+00 2.277047853829738261e-02
-4.250000000000000000e+00 9.093266739736600712e+00 2.173782628918487225e-02
-3.250000000000000000e+00 9.093266739736600712e+00 2.204953545236024159e-02
-2.750000000000000000e+00 9.959292143521041751e+00 2.125337593188256907e-02
-1.750000000000000000e+00 9.959292143521041751e+00 2.191708619182245951e-02
-4.250000000000000000e+00 1.082531754730548279e+01 2.222479306783867875e-02
-3.250000000000000000e+00 1.082531754730548279e+01 2.231414250026339530e-02
-2.750000000000000000e+00 1.169134295108992383e+01 2.196877101039251476e-02
-1.750000000000000000e+00 1.169134295108992383e+01 2.205336791859493356e-02
-4.250000000000000000e+00 1.255736835487435776e+01 2.170836601489937318e-02
-3.250000000000000000e+00 1.255736835487435776e+01 2.179688445635356159e-02
-2.750000000000000000e+00 1.342339375865879880e+01 2.286983051325015837e-02
-1.750000000000000000e+00 1.342339375865879880e+01 2.280536639722956574e-02
-4.250000000000000000e+00 1.428941916244323274e+01 2.235587961083193576e-02
-3.250000000000000000e+00 1.428941916244323274e+01 2.232612738698736693e-02
-2.750000000000000000e+00 1.515544456622767377e+01 2.221096009246535663e-02
-1.750000000000000000e+00 1.515544456622767377e+01 2.218078540216507355e-02
-4.250000000000000000e+00 1.602146997001211304e+01 2.506490248382438335e-02
-3.250000000000000000e+00 1.602146997001211304e+01 2.503198797805955556e-02
-2.750000000000000000e+00 1.688749537379655408e+01 2.341963717461563455e-02
-1.750000000000000000e+00 1.688749537379655408e+01 2.340323563429496517e-02
-4.250000000000000000e+00 1.775352077758098801e+01 2.845361404540443229e-02
-3.250000000000000000e+00 1.775352077758098801e+01 2.844203781846112861e-02
-2.750000000000000000e+00 1.861954618136542905e+01 3.018784917806423274e-02
-1.750000000000000000e+00 1.861954618136542905e+01 3.017855622560456155e-02
-4.250000000000000000e+00 1.948557158514986298e+01 3.757532892522942591e-02
-3.250000000000000000e+00 1.948557158514986298e+01 3.757177956044278205e-02
-2.750000000000000000e+00 2.035159698893430402e+01 5.884761528234214167e-02
-1.750000000000000000e+00 2.035159698893430402e+01 5.884418492431103126e-02
-4.250000000000000000e+00 2.121762239271873796e+01 3.891812671629371612e-02
-3.250000000000000000e+00 2.121762239271873796e+01 3.891665452278814108e-02
-2.750000000000000000e+00 2.208364779650317899e+01 1.013072105831268332e-01
-1.750000000000000000e+00 2.208364779650317899e+01 1.013063950444962613e-01
-4.250000000000000000e+00 2.294967320028762003e+01 1.329660342561814201e-01
-3.250000000000000000e+00 2.294967320028762003e+01 1.329654185802623956e-01
-2.750000000000000000e+00 2.381569860407206107e+01 3.491969744573703016e-02
-1.750000000000000000e+00 2.381569860407206107e+01 3.491947307876796386e-02
-4.250000000000000000e+00 2.468172400785649501e+01 2.036568021524986227e-01
-3.250000000000000000e+00 2.468172400785649501e+01 2.036566652835967994e-01
-2.750000000000000000e+00 2.554774941164093605e+01 2.150007573683703765e-01
-1.750000000000000000e+00 2.554774941164093605e+01 2.150006198796180767e-01
-1.250000000000000000e+00 -2.554774941164094315e+01 2.150008044518234018e-01
-2.500000000000000000e-01 -2.554774941164094315e+01 2.150007478801853333e-01
2.500000000000000000e-01 -2.468172400785650566e+01 2.036567951181289526e-01
1.250000000000000000e+00 -2.468172400785650566e+01 2.036567386869812535e-01
-1.250000000000000000e+00 -2.381569860407206463e+01 3.491976585726988547e-02
-2.500000000000000000e-01 -2.381569860407206463e+01 3.491962483320507071e-02
2.500000000000000000e-01 -2.294967320028762714e+01 1.329660802342507719e-01
1.250000000000000000e+00 -2.294967320028762714e+01 1.329657810490080527e-01
-1.250000000000000000e+00 -2.208364779650318965e+01 1.013071060355181796e-01
-2.500000000000000000e-01 -2.208364779650318965e+01 1.013066322106683792e-01
2.500000000000000000e-01 -2.121762239271875217e+01 3.891890867121324676e-02
1.250000000000000000e+00 -2.121762239271875217e+01 3.891783279295026043e-02
-1.250000000000000000e+00 -2.035159698893431113e+01 5.884683355839381846e-02
-2.500000000000000000e-01 -2.035159698893431113e+01 5.884506270916691623e-02
2.500000000000000000e-01 -1.948557158514987364e+01 3.757763887627257882e-02
1.250000000000000000e+00 -1.948557158514987364e+01 3.757447653027119056e-02
-1.250000000000000000e+00 -1.861954618136543615e+01 3.019066485925425009e-02
-2.500000000000000000e-01 -1.861954618136543615e+01 3.018498029139217442e-02
2.500000000000000000e-01 -1.775352077758099512e+01 2.844990002147437802e-02
1.250000000000000000e+00 -1.775352077758099512e+01 2.844150251727777315e-02
-1.250000000000000000e+00 -1.688749537379655763e+01 2.344234282869236269e-02
-2.500000000000000000e-01 -1.688749537379655763e+01 2.342692831905409528e-02
2.500000000000000000e-01 -1.602146997001212014e+01 2.505149340572903477e-02
1.250000000000000000e+00 -1.602146997001212014e+01 2.503022253177929896e-02
-1.250000000000000000e+00 -1.515544456622767733e+01 2.221897336425565292e-02
-2.500000000000000000e-01 -1.515544456622767733e+01 2.218665236063571689e-02
2.500000000000000000e-01 -1.428941916244323806e+01 2.244062819109970963e-02
1.250000000000000000e+00 -1.428941916244323806e+01 2.239576991498026456e-02
-1.250000000000000000e+00 -1.342339375865880058e+01 2.275746043067055843e-02
-2.500000000000000000e-01 -1.342339375865880058e+01 2.272652724479675562e-02
2.500000000000000000e-01 -1.255736835487436132e+01 2.190119898873378601e-02
1.250000000000000000e+00 -1.255736835487436132e+01 2.186280484978644911e-02
-1.250000000000000000e+00 -1.169134295108992383e+01 2.218882555116392929e-02
-2.500000000000000000e-01 -1.169134295108992383e+01 2.219667131387832726e-02
2.500000000000000000e-01 -1.082531754730548457e+01 2.184635396989295653e-02
1.250000000000000000e+00 -1.082531754730548457e+01 2.196252652146492984e-02
-1.250000000000000000e+00 -9.959292143521047080e+00 2.210926164185614620e-02
-2.500000000000000000e-01 -9.959292143521047080e+00 2.220135180509158826e-02
2.500000000000000000e-01 -9.093266739736607818e+00 2.171550944675545991e-02
1.250000000000000000e+00 -9.093266739736607818e+00 2.202623747633491308e-02
-1.250000000000000000e+00 -8.227241335952170331e+00 2.116550505770031093e-02
-2.500000000000000000e-01 -8.227241335952170331e+00 2.201138516083135307e-02
2.500000000000000000e-01 -7.361215932167732845e+00 2.216465393365474323e-02
1.250000000000000000e+00 -7.361215932167732845e+00 2.277374354825164454e-02
-1.250000000000000000e+00 -6.495190528383291806e+00 2.040327735807825893e-02
-2.500000000000000000e-01 -6.495190528383291806e+00 2.226052313038305933e-02
2.500000000000000000e-01 -5.629165124598854320e+00 2.059937856254909216e-02
1.250000000000000000e+00 -5.629165124598854320e+00 2.276861572018818586e-02
-1.250000000000000000e+00 -4.763139720814413280e+00 2.213640170302656751e-02
-2.500000000000000000e-01 -4.763139720814413280e+00 2.259502215064978017e-02
2.500000000000000000e-01 -3.897114317029975794e+00 2.100634961210506857e-02
1.250000000000000000e+00 -3.897114317029975794e+00 2.260241196657581178e-02
-1.250000000000000000e+00 -3.031088913245538308e+00 2.397982422036830374e-02
-2.500000000000000000e-01 -3.031088913245538308e+00 2.335721475393516197e-02
2.500000000000000000e-01 -2.165063509461100821e+00 2.287655540754105973e-02
1.250000000000000000e+00 -2.165063509461100821e+00 1.782274294344491153e-02
-1.250000000000000000e+00 -1.299038105676659782e+00 3.763605520496860618e-02
-2.500000000000000000e-01 -1.299038105676659782e+00 2.047610560069072078e-02
2.500000000000000000e-01 -4.330127018922222959e-01 5.012181031336832709e-02
1.250000000000000000e+00 -4.330127018922222959e-01 2.047620982399520409e-02
-1.250000000000000000e+00 4.330127018922151905e-01 5.012183979108931348e-02
-2.500000000000000000e-01 4.330127018922151905e-01 2.757823652807260959e-07
2.500000000000000000e-01 1.299038105676652677e+00 5.012210600131890292e-02
1.250000000000000000e+00 1.299038105676652677e+00 2.047610715570704135e-02
-1.250000000000000000e+00 2.165063509461093716e+00 3.763594379573881321e-02
-2.500000000000000000e-01 2.165063509461093716e+00 2.047635462424431119e-02
2.500000000000000000e-01 3.031088913245531202e+00 2.287632993387784391e-02
1.250000000000000000e+00 3.031088913245531202e+00 1.782235541743406107e-02
-1.250000000000000000e+00 3.897114317029972241e+00 2.397965517416975750e-02
-2.500000000000000000e-01 3.897114317029972241e+00 2.335744062082503736e-02
2.500000000000000000e-01 4.763139720814409728e+00 2.100778810808542896e-02
1.250000000000000000e+00 4.763139720814409728e+00 2.260413344394627058e-02
-1.250000000000000000e+00 5.629165124598847214e+00 2.213139902603571130e-02
-2.500000000000000000e-01 5.629165124598847214e+00 2.259005489948268108e-02
2.500000000000000000e-01 6.495190528383284700e+00 2.061095920571871104e-02
1.250000000000000000e+00 6.495190528383284700e+00 2.277998378566894327e-02
-1.250000000000000000e+00 7.361215932167725740e+00 2.039301766775858393e-02
-2.500000000000000000e-01 7.361215932167725740e+00 2.225135361342436141e-02
2.500000000000000000e-01 8.227241335952166779e+00 2.216165955235234811e-02
1.250000000000000000e+00 8.227241335952166779e+00 2.277048358246918508e-02
-1.250000000000000000e+00 9.093266739736600712e+00 2.122567318558624822e-02
-2.500000000000000000e-01 9.093266739736600712e+00 2.207283860487774252e-02
2.500000000000000000e-01 9.959292143521041751e+00 2.160504469652195503e-02
1.250000000000000000e+00 9.959292143521041751e+00 2.191694119541771207e-02
-1.250000000000000000e+00 1.082531754730548279e+01 2.225276591558981304e-02
-2.500000000000000000e-01 1.082531754730548279e+01 2.234437259357076669e-02
2.500000000000000000e-01 1.169134295108992383e+01 2.193620713390336679e-02
1.250000000000000000e+00 1.169134295108992383e+01 2.205232095454500579e-02
-1.250000000000000000e+00 1.255736835487435776e+01 2.177792103906816407e-02
-2.500000000000000000e-01 1.255736835487435776e+01 2.178657830886214161e-02
2.500000000000000000e-01 1.342339375865879880e+01 2.284454759773227317e-02
1.250000000000000000e+00 1.342339375865879880e+01 2.280520894736072848e-02
-1.250000000000000000e+00 1.428941916244323274e+01 2.232934782335459223e-02
-2.500000000000000000e-01 1.428941916244323274e+01 2.229955603012065760e-02
2.500000000000000000e-01 1.515544456622767377e+01 2.222526280665965484e-02
1.250000000000000000e+00 1.515544456622767377e+01 2.218099088453925199e-02
-1.250000000000000000e+00 1.602146997001211304e+01 2.505392252437429329e-02
-2.500000000000000000e-01 1.602146997001211304e+01 2.502103866695800510e-02
2.500000000000000000e-01 1.688749537379655408e+01 2.342390546208698854e-02
1.250000000000000000e+00 1.688749537379655408e+01 2.340262722610568502e-02
-1.250000000000000000e+00 1.775352077758098801e+01 2.845516746005193054e-02
-2.500000000000000000e-01 1.775352077758098801e+01 2.843984192760595775e-02
2.500000000000000000e-01 1.861954618136542905e+01 3.018725663342452376e-02
1.250000000000000000e+00 1.861954618136542905e+01 3.017834724632864618e-02
-1.250000000000000000e+00 1.948557158514986298e+01 3.757610016953771837e-02
-2.500000000000000000e-01 1.948557158514986298e+01 3.757077403335421645e-02
2.500000000000000000e-01 2.035159698893430402e+01 5.884737215788180681e-02
1.250000000000000000e+00 2.035159698893430402e+01 5.884429536042446590e-02
-1.250000000000000000e+00 2.121762239271873796e+01 3.891802755263340519e-02
-2.500000000000000000e-01 2.121762239271873796e+01 3.891610867966931175e-02
2.500000000000000000e-01 2.208364779650317899e+01 1.013072531179618485e-01
1.250000000000000000e+00 2.208364779650317899e+01 1.013063371119651279e-01
-1.250000000000000000e+00 2.294967320028762003e+01 1.329659331391256083e-01
-2.500000000000000000e-01 2.294967320028762003e+01 1.329653548535263963e-01
2.500000000000000000e-01 2.381569860407206107e+01 3.491970989166066908e-02
1.250000000000000000e+00 2.381569860407206107e+01 3.491942096813244190e-02
-1.250000000000000000e+00 2.468172400785649501e+01 2.036567814401777643e-01
-2.500000000000000000e-01 2.468172400785649501e+01 2.036566870856542921e-01
2.500000000000000000e-01 2.554774941164093605e+01 2.150007442099166055e-01
1.250000000000000000e+00 2.554774941164093605e+01 2.150006270239221973e-01
1.750000000000000000e+00 -2.554774941164094315e+01 2.150008068449507648e-01
2.750000000000000000e+00 -2.554774941164094315e+01 2.150007343755515887e-01
3.250000000000000000e+00 -2.468172400785650566e+01 2.036568003204102251e-01
4.250000000000000000e+00 -2.468172400785650566e+01 2.036567619037066013e-01
1.750000000000000000e+00 -2.381569860407206463e+01 3.491976564147775824e-02
2.750000000000000000e+00 -2.381569860407206463e+01 3.491962539644220820e-02
3.250000000000000000e+00 -2.294967320028762714e+01 1.329660976593413368e-01
4.250000000000000000e+00 -2.294967320028762714e+01 1.329658874344359643e-01
1.750000000000000000e+00 -2.208364779650318965e+01 1.013071536283722124e-01
2.750000000000000000e+00 -2.208364779650318965e+01 1.013067125224485499e-01
3.250000000000000000e+00 -2.121762239271875217e+01 3.891890823849930570e-02
4.250000000000000000e+00 -2.121762239271875217e+01 3.891814575602559750e-02
1.750000000000000000e+00 -2.035159698893431113e+01 5.884705811993185681e-02
2.750000000000000000e+00 -2.035159698893431113e+01 5.884552856682609412e-02
3.250000000000000000e+00 -1.948557158514987364e+01 3.757777000021972347e-02
4.250000000000000000e+00 -1.948557158514987364e+01 3.757563581673092901e-02
1.750000000000000000e+00 -1.861954618136543615e+01 3.019126897582428970e-02
2.750000000000000000e+00 -1.861954618136543615e+01 3.018607025538022626e-02
3.250000000000000000e+00 -1.775352077758099512e+01 2.845169937774118599e-02
4.250000000000000000e+00 -1.775352077758099512e+01 2.844637338321273287e-02
1.750000000000000000e+00 -1.688749537379655763e+01 2.344243264099506174e-02
2.750000000000000000e+00 -1.688749537379655763e+01 2.342929245694271717e-02
3.250000000000000000e+00 -1.602146997001212014e+01 2.505825938206804326e-02
4.250000000000000000e+00 -1.602146997001212014e+01 2.504171238442240086e-02
1.750000000000000000e+00 -1.515544456622767733e+01 2.221860267022712082e-02
2.750000000000000000e+00 -1.515544456622767733e+01 2.219718433658875167e-02
3.250000000000000000e+00 -1.428941916244323806e+01 2.244588639873359992e-02
4.250000000000000000e+00 -1.428941916244323806e+01 2.240683842184120617e-02
1.750000000000000000e+00 -1.342339375865880058e+01 2.278743852201495224e-02
2.750000000000000000e+00 -1.342339375865880058e+01 2.275291135875517554e-02
3.250000000000000000e+00 -1.255736835487436132e+01 2.190272104487013538e-02
4.250000000000000000e+00 -1.255736835487436132e+01 2.188700054445368026e-02
1.750000000000000000e+00 -1.169134295108992383e+01 2.227328946492965894e-02
2.750000000000000000e+00 -1.169134295108992383e+01 2.220711638989788031e-02
3.250000000000000000e+00 -1.082531754730548457e+01 2.199057234373161945e-02
4.250000000000000000e+00 -1.082531754730548457e+01 2.204818819007753686e-02
1.750000000000000000e+00 -9.959292143521047080e+00 2.205347031179051565e-02
2.750000000000000000e+00 -9.959292143521047080e+00 2.217056012598970713e-02
3.250000000000000000e+00 -9.093266739736607818e+00 2.203234017381919263e-02
4.250000000000000000e+00 -9.093266739736607818e+00 2.201705913186623176e-02
1.750000000000000000e+00 -8.227241335952170331e+00 2.124173499922956537e-02
2.750000000000000000e+00 -8.227241335952170331e+00 2.198756757386799432e-02
3.250000000000000000e+00 -7.361215932167732845e+00 2.199075562778204929e-02
4.250000000000000000e+00 -7.361215932167732845e+00 2.251382835244723768e-02
1.750000000000000000e+00 -6.495190528383291806e+00 2.145449266101787794e-02
2.750000000000000000e+00 -6.495190528383291806e+00 2.223500717767519508e-02
3.250000000000000000e+00 -5.629165124598854320e+00 2.073857659498699879e-02
4.250000000000000000e+00 -5.629165124598854320e+00 2.222341465598597077e-02
1.750000000000000000e+00 -4.763139720814413280e+00 2.200662039623656197e-02
2.750000000000000000e+00 -4.763139720814413280e+00 2.271883617218687507e-02
3.250000000000000000e+00 -3.897114317029975794e+00 2.200482884044843018e-02
4.250000000000000000e+00 -3.897114317029975794e+00 2.277168439850167300e-02
1.750000000000000000e+00 -3.031088913245538308e+00 2.151826754774414929e-02
2.750000000000000000e+00 -3.031088913245538308e+00 2.260225060879797465e-02
3.250000000000000000e+00 -2.165063509461100821e+00 2.100632457803371100e-02
4.250000000000000000e+00 -2.165063509461100821e+00 2.259335952795726160e-02
1.750000000000000000e+00 -1.299038105676659782e+00 2.287624499485790830e-02
2.750000000000000000e+00 -1.299038105676659782e+00 2.335726185389533013e-02
3.250000000000000000e+00 -4.330127018922222959e-01 2.397973982728769313e-02
4.250000000000000000e+00 -4.330127018922222959e-01 2.260237809215806179e-02
1.750000000000000000e+00 4.330127018922151905e-01 3.763599358603712114e-02
2.750000000000000000e+00 4.330127018922151905e-01 1.782254977852659739e-02
3.250000000000000000e+00 1.299038105676652677e+00 2.397972873647166367e-02
4.250000000000000000e+00 1.299038105676652677e+00 2.260222347560078560e-02
1.750000000000000000e+00 2.165063509461093716e+00 2.287667017810978559e-02
2.750000000000000000e+00 2.165063509461093716e+00 2.335755491754867852e-02
3.250000000000000000e+00 3.031088913245531202e+00 2.100588091776546540e-02
4.250000000000000000e+00 3.031088913245531202e+00 2.259299169480998015e-02
1.750000000000000000e+00 3.897114317029972241e+00 2.151904694466489493e-02
2.750000000000000000e+00 3.897114317029972241e+00 2.260230606768396516e-02
3.250000000000000000e+00 4.763139720814409728e+00 2.200688934890271398e-02
4.250000000000000000e+00 4.763139720814409728e+00 2.277346425962345836e-02
1.750000000000000000e+00 5.629165124598847214e+00 2.200193260278851190e-02
2.750000000000000000e+00 5.629165124598847214e+00 2.271384828023921554e-02
3.250000000000000000e+00 6.495190528383284700e+00 2.075115441730384161e-02
4.250000000000000000e+00 6.495190528383284700e+00 2.223489142598111812e-02
1.750000000000000000e+00 7.361215932167725740e+00 2.144503049660684280e-02
2.750000000000000000e+00 7.361215932167725740e+00 2.222564959811069996e-02
3.250000000000000000e+00 8.227241335952166779e+00 2.198794606560366266e-02
4.250000000000000000e+00 8.227241335952166779e+00 2.251085491617675280e-02
1.750000000000000000e+00 9.093266739736600712e+00 2.130398147294697286e-02
2.750000000000000000e+00 9.093266739736600712e+00 2.204851017875938957e-02
3.250000000000000000e+00 9.959292143521041751e+00 2.192293713807990513e-02
4.250000000000000000e+00 9.959292143521041751e+00 2.190755210825440918e-02
1.750000000000000000e+00 1.082531754730548279e+01 2.219756141505434266e-02
2.750000000000000000e+00 1.082531754730548279e+01 2.231412598780571285e-02
3.250000000000000000e+00 1.169134295108992383e+01 2.208197801566741739e-02
4.250000000000000000e+00 1.169134295108992383e+01 2.213810709074794797e-02
1.750000000000000000e+00 1.255736835487435776e+01 2.186253410191797697e-02
2.750000000000000000e+00 1.255736835487435776e+01 2.179704939323311857e-02
3.250000000000000000e+00 1.342339375865879880e+01 2.284630788193562495e-02
4.250000000000000000e+00 1.342339375865879880e+01 2.283044073571756719e-02
1.750000000000000000e+00 1.428941916244323274e+01 2.236042961209738084e-02
2.750000000000000000e+00 1.428941916244323274e+01 2.232485283743756294e-02
3.250000000000000000e+00 1.515544456622767377e+01 2.223068402679121217e-02
4.250000000000000000e+00 1.515544456622767377e+01 2.219194062884966706e-02
1.750000000000000000e+00 1.602146997001211304e+01 2.505389046504637174e-02
2.750000000000000000e+00 1.602146997001211304e+01 2.503174059747365413e-02
3.250000000000000000e+00 1.688749537379655408e+01 2.343087197065088501e-02
4.250000000000000000e+00 1.688749537379655408e+01 2.341364744823887234e-02
1.750000000000000000e+00 1.775352077758098801e+01 2.845526305674130410e-02
2.750000000000000000e+00 1.775352077758098801e+01 2.844244683289501655e-02
3.250000000000000000e+00 1.861954618136542905e+01 3.018903987555686397e-02
4.250000000000000000e+00 1.861954618136542905e+01 3.018350541678586213e-02
1.750000000000000000e+00 1.948557158514986298e+01 3.757675544477000196e-02
2.750000000000000000e+00 1.948557158514986298e+01 3.757147691616953555e-02
3.250000000000000000e+00 2.035159698893430402e+01 5.884752830633892262e-02
4.250000000000000000e+00 2.035159698893430402e+01 5.884558253158669872e-02
1.750000000000000000e+00 2.121762239271873796e+01 3.891818395019390475e-02
2.750000000000000000e+00 2.121762239271873796e+01 3.891647540849127451e-02
3.250000000000000000e+00 2.208364779650317899e+01 1.013072441396425660e-01
4.250000000000000000e+00 2.208364779650317899e+01 1.013065545035819470e-01
1.750000000000000000e+00 2.294967320028762003e+01 1.329659473122378477e-01
2.750000000000000000e+00 2.294967320028762003e+01 1.329654940151752118e-01
3.250000000000000000e+00 2.381569860407206107e+01 3.491971709583129024e-02
4.250000000000000000e+00 2.381569860407206107e+01 3.491948089929775012e-02
1.750000000000000000e+00 2.468172400785649501e+01 2.036567844479700018e-01
2.750000000000000000e+00 2.468172400785649501e+01 2.036566998214139890e-01
3.250000000000000000e+00 2.554774941164093605e+01 2.150007718690500891e-01
4.250000000000000000e+00 2.554774941164093605e+01 2.150006488893225209e-01
4.750000000000000000e+00 -2.554774941164094315e+01 2.150008058295315161e-01
5.750000000000000000e+00 -2.554774941164094315e+01 2.150007642275631181e-01
6.250000000000000000e+00 -2.468172400785650566e+01 2.036567969137185463e-01
7.250000000000000000e+00 -2.468172400785650566e+01 2.036567861709500660e-01
4.750000000000000000e+00 -2.381569860407206463e+01 3.491976774832065977e-02
5.750000000000000000e+00 -2.381569860407206463e+01 3.491968184594640423e-02
6.250000000000000000e+00 -2.294967320028762714e+01 1.329660945457861176e-01
7.250000000000000000e+00 -2.294967320028762714e+01 1.329659950514560929e-01
4.750000000000000000e+00 -2.208364779650318965e+01 1.013071965503976601e-01
5.750000000000000000e+00 -2.208364779650318965e+01 1.013069569047970048e-01
6.250000000000000000e+00 -2.121762239271875217e+01 3.891889149918514867e-02
7.250000000000000000e+00 -2.121762239271875217e+01 3.891845790592446397e-02
4.750000000000000000e+00 -2.035159698893431113e+01 5.884732527056275864e-02
5.750000000000000000e+00 -2.035159698893431113e+01 5.884646772451875008e-02
6.250000000000000000e+00 -1.948557158514987364e+01 3.757793273316561988e-02
7.250000000000000000e+00 -1.948557158514987364e+01 3.757674956769314206e-02
4.750000000000000000e+00 -1.861954618136543615e+01 3.019164315925475586e-02
5.750000000000000000e+00 -1.861954618136543615e+01 3.018837971914452301e-02
6.250000000000000000e+00 -1.775352077758099512e+01 2.845382260455245338e-02
7.250000000000000000e+00 -1.775352077758099512e+01 2.845138868380941988e-02
4.750000000000000000e+00 -1.688749537379655763e+01 2.344237122840156159e-02
5.750000000000000000e+00 -1.688749537379655763e+01 2.343393073902141910e-02
6.250000000000000000e+00 -1.602146997001212014e+01 2.506402386388386500e-02
7.250000000000000000e+00 -1.602146997001212014e+01 2.505584774756940136e-02
4.750000000000000000e+00 -1.515544456622767733e+01 2.222653022011136098e-02
5.750000000000000000e+00 -1.515544456622767733e+01 2.221571844900513404e-02
6.250000000000000000e+00 -1.428941916244323806e+01 2.244720807228658965e-02
7.250000000000000000e+00 -1.428941916244323806e+01 2.242167567541675233e-02
4.750000000000000000e+00 -1.342339375865880058e+01 2.282968495067425399e-02
5.750000000000000000e+00 -1.342339375865880058e+01 2.280626027383986232e-02
6.250000000000000000e+00 -1.255736835487436132e+01 2.192000282350597962e-02
7.250000000000000000e+00 -1.255736835487436132e+01 2.190565685784437097e-02
4.750000000000000000e+00 -1.169134295108992383e+01 2.231528942423652989e-02
5.750000000000000000e+00 -1.169134295108992383e+01 2.223402536408985997e-02
6.250000000000000000e+00 -1.082531754730548457e+01 2.212903507408536807e-02
7.250000000000000000e+00 -1.082531754730548457e+01 2.214356383832975436e-02
4.750000000000000000e+00 -9.959292143521047080e+00 2.204739514694592159e-02
5.750000000000000000e+00 -9.959292143521047080e+00 2.210616680847898863e-02
6.250000000000000000e+00 -9.093266739736607818e+00 2.215686591359045110e-02
7.250000000000000000e+00 -9.093266739736607818e+00 2.201392747454419818e-02
4.750000000000000000e+00 -8.227241335952170331e+00 2.160807079742056019e-02
5.750000000000000000e+00 -8.227241335952170331e+00 2.195553396973968369e-02
6.250000000000000000e+00 -7.361215932167732845e+00 2.197387280479701221e-02
7.250000000000000000e+00 -7.361215932167732845e+00 2.222149576661764173e-02
4.750000000000000000e+00 -6.495190528383291806e+00 2.200004978304065037e-02
5.750000000000000000e+00 -6.495190528383291806e+00 2.199982342692791137e-02
6.250000000000000000e+00 -5.629165124598854320e+00 2.124244050181507693e-02
7.250000000000000000e+00 -5.629165124598854320e+00 2.196544145573926105e-02
4.750000000000000000e+00 -4.763139720814413280e+00 2.144765481672887553e-02
5.750000000000000000e+00 -4.763139720814413280e+00 2.277622705092008371e-02
6.250000000000000000e+00 -3.897114317029975794e+00 2.216533740454641743e-02
7.250000000000000000e+00 -3.897114317029975794e+00 2.201524411435848774e-02
4.750000000000000000e+00 -3.031088913245538308e+00 2.060210433984202560e-02
5.750000000000000000e+00 -3.031088913245538308e+00 2.225182680718819361e-02
6.250000000000000000e+00 -2.165063509461100821e+00 2.039478187816753940e-02
7.250000000000000000e+00 -2.165063509461100821e+00 2.277457007459070260e-02
4.750000000000000000e+00 -1.299038105676659782e+00 2.213438013966216589e-02
5.750000000000000000e+00 -1.299038105676659782e+00 2.277150012225960529e-02
6.250000000000000000e+00 -4.330127018922222959e-01 2.132714423247278335e-02
7.250000000000000000e+00 -4.330127018922222959e-01 2.222645196918843213e-02
4.750000000000000000e+00 4.330127018922151905e-01 2.065701766029227546e-02
5.750000000000000000e+00 4.330127018922151905e-01 2.271694269642279829e-02
6.250000000000000000e+00 1.299038105676652677e+00 2.132683755009440185e-02
7.250000000000000000e+00 1.299038105676652677e+00 2.222632683649447202e-02
4.750000000000000000e+00 2.165063509461093716e+00 2.213471971734779636e-02
5.750000000000000000e+00 2.165063509461093716e+00 2.277186534992269029e-02
6.250000000000000000e+00 3.031088913245531202e+00 2.039417737794957386e-02
7.250000000000000000e+00 3.031088913245531202e+00 2.277419527399317939e-02
4.750000000000000000e+00 3.897114317029972241e+00 2.060232986841073130e-02
5.750000000000000000e+00 3.897114317029972241e+00 2.225205756200923646e-02
6.250000000000000000e+00 4.763139720814409728e+00 2.216724273935494205e-02
7.250000000000000000e+00 4.763139720814409728e+00 2.201714123514813409e-02
4.750000000000000000e+00 5.629165124598847214e+00 2.144248759072954480e-02
5.750000000000000000e+00 5.629165124598847214e+00 2.277130025247242617e-02
6.250000000000000000e+00 6.495190528383284700e+00 2.125405262164026254e-02
7.250000000000000000e+00 6.495190528383284700e+00 2.197731307481433013e-02
4.750000000000000000e+00 7.361215932167725740e+00 2.199112765501722022e-02
5.750000000000000000e+00 7.361215932167725740e+00 2.199050145149578084e-02
6.250000000000000000e+00 8.227241335952166779e+00 2.197048492821060406e-02
7.250000000000000000e+00 8.227241335952166779e+00 2.221845736512455954e-02
4.750000000000000000e+00 9.093266739736600712e+00 2.167045770627660378e-02
5.750000000000000000e+00 9.093266739736600712e+00 2.201717047811346806e-02
6.250000000000000000e+00 9.959292143521041751e+00 2.204766000404470572e-02
7.250000000000000000e+00 9.959292143521041751e+00 2.190425489455703062e-02
4.750000000000000000e+00 1.082531754730548279e+01 2.219114903805472633e-02
5.750000000000000000e+00 1.082531754730548279e+01 2.225023639238038475e-02
6.250000000000000000e+00 1.169134295108992383e+01 2.221978168034996481e-02
7.250000000000000000e+00 1.169134295108992383e+01 2.223421236839753790e-02
4.750000000000000000e+00 1.255736835487435776e+01 2.190505246682385859e-02
5.750000000000000000e+00 1.255736835487435776e+01 2.182357908625190412e-02
6.250000000000000000e+00 1.342339375865879880e+01 2.286313036937751009e-02
7.250000000000000000e+00 1.342339375865879880e+01 2.284923583999590863e-02
4.750000000000000000e+00 1.428941916244323274e+01 2.240285022309908280e-02
5.750000000000000000e+00 1.428941916244323274e+01 2.237870800885125022e-02
6.250000000000000000e+00 1.515544456622767377e+01 2.223206871919025662e-02
7.250000000000000000e+00 1.515544456622767377e+01 2.220635681826060859e-02
4.750000000000000000e+00 1.602146997001211304e+01 2.506166708826604306e-02
5.750000000000000000e+00 1.602146997001211304e+01 2.505109243372301286e-02
6.250000000000000000e+00 1.688749537379655408e+01 2.343645875092773001e-02
7.250000000000000000e+00 1.688749537379655408e+01 2.342812765716668910e-02
4.750000000000000000e+00 1.775352077758098801e+01 2.845521172665948367e-02
5.750000000000000000e+00 1.775352077758098801e+01 2.844695209828679294e-02
6.250000000000000000e+00 1.861954618136542905e+01 3.019112779367325722e-02
7.250000000000000000e+00 1.861954618136542905e+01 3.018885635338705575e-02
4.750000000000000000e+00 1.948557158514986298e+01 3.757707551964821480e-02
5.750000000000000000e+00 1.948557158514986298e+01 3.757364647138883296e-02
6.250000000000000000e+00 2.035159698893430402e+01 5.884772283164110829e-02
7.250000000000000000e+00 2.035159698893430402e+01 5.884663646008361088e-02
4.750000000000000000e+00 2.121762239271873796e+01 3.891848450643699275e-02
5.750000000000000000e+00 2.121762239271873796e+01 3.891755681211100937e-02
6.250000000000000000e+00 2.208364779650317899e+01 1.013072233478946038e-01
7.250000000000000000e+00 2.208364779650317899e+01 1.013067961114874627e-01
4.750000000000000000e+00 2.294967320028762003e+01 1.329660595333347073e-01
5.750000000000000000e+00 2.294967320028762003e+01 1.329658422946403684e-01
6.250000000000000000e+00 2.381569860407206107e+01 3.491973633463579807e-02
7.250000000000000000e+00 2.381569860407206107e+01 3.491960846330949275e-02
4.750000000000000000e+00 2.468172400785649501e+01 2.036568041468175549e-01
5.750000000000000000e+00 2.468172400785649501e+01 2.036567674559271457e-01
6.250000000000000000e+00 2.554774941164093605e+01 2.150007945833544987e-01
7.250000000000000000e+00 2.554774941164093605e+01 2.150007473975466821e-01
