-7.250000000000000000e+00 -2.554774941164094315e+01 1.828923507076943289e-01
-6.250000000000000000e+00 -2.554774941164094315e+01 1.828923468265048757e-01
-5.750000000000000000e+00 -2.468172400785650566e+01 1.790244329834900783e-01
-4.750000000000000000e+00 -2.468172400785650566e+01 1.790244200896120019e-01
-7.250000000000000000e+00 -2.381569860407206463e+01 3.429280947548787872e-02
-6.250000000000000000e+00 -2.381569860407206463e+01 3.429281155892925648e-02
-5.750000000000000000e+00 -2.294967320028762714e+01 1.243246305077056746e-01
-4.750000000000000000e+00 -2.294967320028762714e+01 1.243246230057483415e-01
-7.250000000000000000e+00 -2.208364779650318965e+01 1.037788454552736328e-01
-6.250000000000000000e+00 -2.208364779650318965e+01 1.037788498135978205e-01
-5.750000000000000000e+00 -2.121762239271875217e+01 3.744944828178442542e-02
-4.750000000000000000e+00 -2.121762239271875217e+01 3.744954744159415677e-02
-7.250000000000000000e+00 -2.035159698893431113e+01 5.797047586978690270e-02
-6.250000000000000000e+00 -2.035159698893431113e+01 5.797060859234778180e-02
-5.750000000000000000e+00 -1.948557158514987364e+01 3.952375348236955577e-02
-4.750000000000000000e+00 -1.948557158514987364e+01 3.952422773962348257e-02
-7.250000000000000000e+00 -1.861954618136543615e+01 2.427245337847494522e-02
-6.250000000000000000e+00 -1.861954618136543615e+01 2.427337164372622702e-02
-5.750000000000000000e+00 -1.775352077758099512e+01 2.534836514264085516e-02
-4.750000000000000000e+00 -1.775352077758099512e+01 2.535049330021375835e-02
-7.250000000000000000e+00 -1.688749537379655763e+01 1.918240931819432255e-02
-6.250000000000000000e+00 -1.688749537379655763e+01 1.918639910018225814e-02
-5.750000000000000000e+00 -1.602146997001212014e+01 1.795363438074326634e-02
-4.750000000000000000e+00 -1.602146997001212014e+01 1.796362010601378761e-02
-7.250000000000000000e+00 -1.515544456622767733e+01 1.693885332228405732e-02
-6.250000000000000000e+00 -1.515544456622767733e+01 1.695158768468055244e-02
-5.750000000000000000e+00 -1.428941916244323806e+01 1.617372272938391586e-02
-4.750000000000000000e+00 -1.428941916244323806e+01 1.621132474619051134e-02
-7.250000000000000000e+00 -1.342339375865880058e+01 1.618425680635460218e-02
-6.250000000000000000e+00 -1.342339375865880058e+01 1.622466095048851961e-02
-5.750000000000000000e+00 -1.255736835487436132e+01 1.583961122402387581e-02
-4.750000000000000000e+00 -1.255736835487436132e+01 1.594557850063653415e-02
-7.250000000000000000e+00 -1.169134295108992383e+01 1.586653360996475443e-02
-6.250000000000000000e+00 -1.169134295108992383e+01 1.599628197498772705e-02
-5.750000000000000000e+00 -1.082531754730548457e+01 1.583627124966533947e-02
-4.750000000000000000e+00 -1.082531754730548457e+01 1.611037897303430055e-02
-7.250000000000000000e+00 -9.959292143521047080e+00 1.579811739051459676e-02
-6.250000000000000000e+00 -9.959292143521047080e+00 1.610513911853318769e-02
-5.750000000000000000e+00 -9.093266739736607818e+00 1.580776689653147840e-02
-4.750000000000000000e+00 -9.093266739736607818e+00 1.645414651629326791e-02
-7.250000000000000000e+00 -8.227241335952170331e+00 1.580415255166944463e-02
-6.250000000000000000e+00 -8.227241335952170331e+00 1.643937247918637531e-02
-5.750000000000000000e+00 -7.361215932167732845e+00 1.588858183767941079e-02
-4.750000000000000000e+00 -7.361215932167732845e+00 1.705071433773524756e-02
-7.250000000000000000e+00 -6.495190528383291806e+00 1.574971577523926261e-02
-6.250000000000000000e+00 -6.495190528383291806e+00 1.706555638836741717e-02
-5.750000000000000000e+00 -5.629165124598854320e+00 1.579062676615877389e-02
-4.750000000000000000e+00 -5.629165124598854320e+00 1.804361143823544206e-02
-7.250000000000000000e+00 -4.763139720814413280e+00 1.591402590806521161e-02
-6.250000000000000000e+00 -4.763139720814413280e+00 1.770976313114896311e-02
-5.750000000000000000e+00 -3.897114317029975794e+00 1.604867634357506900e-02
-4.750000000000000000e+00 -3.897114317029975794e+00 1.943706220374659746e-02
-7.250000000000000000e+00 -3.031088913245538308e+00 1.587899513442925931e-02
-6.250000000000000000e+00 -3.031088913245538308e+00 1.848862058273791770e-02
-5.750000000000000000e+00 -2.165063509461100821e+00 1.693642233863269092e-02
-4.750000000000000000e+00 -2.165063509461100821e+00 1.894315333033245660e-02
-7.250000000000000000e+00 -1.299038105676659782e+00 1.585948653706704611e-02
-6.250000000000000000e+00 -1.299038105676659782e+00 1.943705552179485901e-02
-5.750000000000000000e+00 -4.330127018922222959e-01 1.613540927420919688e-02
-4.750000000000000000e+00 -4.330127018922222959e-01 2.030476893706760141e-02
-7.250000000000000000e+00 4.330127018922151905e-01 1.621944407936005278e-02
-6.250000000000000000e+00 4.330127018922151905e-01 1.846386085564336033e-02
-5.750000000000000000e+00 1.299038105676652677e+00 1.613538503635605914e-02
-4.750000000000000000e+00 1.299038105676652677e+00 2.030474665696934550e-02
-7.250000000000000000e+00 2.165063509461093716e+00 1.585954685827495672e-02
-6.250000000000000000e+00 2.165063509461093716e+00 1.943710481502456539e-02
-5.750000000000000000e+00 3.031088913245531202e+00 1.693638386964517115e-02
-4.750000000000000000e+00 3.031088913245531202e+00 1.894310941171857554e-02
-7.250000000000000000e+00 3.897114317029972241e+00 1.587899434109617605e-02
-6.250000000000000000e+00 3.897114317029972241e+00 1.848861690856465692e-02
-5.750000000000000000e+00 4.763139720814409728e+00 1.604907851912473066e-02
-4.750000000000000000e+00 4.763139720814409728e+00 1.943742755218771240e-02
-7.250000000000000000e+00 5.629165124598847214e+00 1.591315526855665782e-02
-6.250000000000000000e+00 5.629165124598847214e+00 1.770892137047216236e-02
-5.750000000000000000e+00 6.495190528383284700e+00 1.579260350876345032e-02
-4.750000000000000000e+00 6.495190528383284700e+00 1.804558976175167986e-02
-7.250000000000000000e+00 7.361215932167725740e+00 1.574882398819008739e-02
-6.250000000000000000e+00 7.361215932167725740e+00 1.706463430976182249e-02
-5.750000000000000000e+00 8.227241335952166779e+00 1.588738281930660023e-02
-4.750000000000000000e+00 8.227241335952166779e+00 1.704953611776292843e-02
-7.250000000000000000e+00 9.093266739736600712e+00 1.581893773488923446e-02
-6.250000000000000000e+00 9.093266739736600712e+00 1.645413249797122307e-02
-5.750000000000000000e+00 9.959292143521041751e+00 1.578871445905343646e-02
-4.750000000000000000e+00 9.959292143521041751e+00 1.643499788378328594e-02
-7.250000000000000000e+00 1.082531754730548279e+01 1.583626180769679564e-02
-6.250000000000000000e+00 1.082531754730548279e+01 1.614339758767487781e-02
-5.750000000000000000e+00 1.169134295108992383e+01 1.587701448604209725e-02
-4.750000000000000000e+00 1.169134295108992383e+01 1.615111930934114148e-02
-7.250000000000000000e+00 1.255736835487435776e+01 1.582253909498647360e-02
-6.250000000000000000e+00 1.255736835487435776e+01 1.595229239699677559e-02
-5.750000000000000000e+00 1.342339375865879880e+01 1.618691737139764386e-02
-4.750000000000000000e+00 1.342339375865879880e+01 1.629290948007214995e-02
-7.250000000000000000e+00 1.428941916244323274e+01 1.617623639079769290e-02
-6.250000000000000000e+00 1.428941916244323274e+01 1.621659948364027534e-02
-5.750000000000000000e+00 1.515544456622767377e+01 1.693318349445180337e-02
-4.750000000000000000e+00 1.515544456622767377e+01 1.697062004307807459e-02
-7.250000000000000000e+00 1.602146997001211304e+01 1.795608753333661003e-02
-6.250000000000000000e+00 1.602146997001211304e+01 1.796888492951007055e-02
-5.750000000000000000e+00 1.688749537379655408e+01 1.918066586197861995e-02
-4.750000000000000000e+00 1.688749537379655408e+01 1.919055503137440458e-02
-7.250000000000000000e+00 1.775352077758098801e+01 2.534792823934428271e-02
-6.250000000000000000e+00 1.775352077758098801e+01 2.535190310056681384e-02
-5.750000000000000000e+00 1.861954618136542905e+01 2.427255340989038779e-02
-4.750000000000000000e+00 1.861954618136542905e+01 2.427467678931903225e-02
-7.250000000000000000e+00 1.948557158514986298e+01 3.952346285948481891e-02
-6.250000000000000000e+00 1.948557158514986298e+01 3.952430210662816190e-02
-5.750000000000000000e+00 2.035159698893430402e+01 5.797053269069950276e-02
-4.750000000000000000e+00 2.035159698893430402e+01 5.797093387958088956e-02
-7.250000000000000000e+00 2.121762239271873796e+01 3.744944094538811552e-02
-6.250000000000000000e+00 2.121762239271873796e+01 3.744956692308085144e-02
-5.750000000000000000e+00 2.208364779650317899e+01 1.037788332072948766e-01
-4.750000000000000000e+00 2.208364779650317899e+01 1.037788691548489350e-01
-7.250000000000000000e+00 2.294967320028762003e+01 1.243246343318699376e-01
-6.250000000000000000e+00 2.294967320028762003e+01 1.243246530740364231e-01
-5.750000000000000000e+00 2.381569860407206107e+01 3.429279588000029577e-02
-4.750000000000000000e+00 2.381569860407206107e+01 3.429280254995116517e-02
-7.250000000000000000e+00 2.468172400785649501e+01 1.790244333483715922e-01
-6.250000000000000000e+00 2.468172400785649501e+01 1.790244251746999915e-01
-5.750000000000000000e+00 2.554774941164093605e+01 1.828923432914699998e-01
-4.750000000000000000e+00 2.554774941164093605e+01 1.828923304298825658e-01
-4.250000000000000000e+00 -2.554774941164094315e+01 1.828923517067446436e-01
-3.250000000000000000e+00 -2.554774941164094315e+01 1.828923412121196967e-01
-2.750000000000000000e+00 -2.468172400785650566e+01 1.790244285626778620e-01
-1.750000000000000000e+00 -2.468172400785650566e+01 1.790244361729966538e-01
-4.250000000000000000e+00 -2.381569860407206463e+01 3.429281090729614789e-02
-3.250000000000000000e+00 -2.381569860407206463e+01 3.429281440396081404e-02
-2.750000000000000000e+00 -2.294967320028762714e+01 1.243246299596825755e-01
-1.750000000000000000e+00 -2.294967320028762714e+01 1.243246560894024910e-01
-4.250000000000000000e+00 -2.208364779650318965e+01 1.037788392224780060e-01
-3.250000000000000000e+00 -2.208364779650318965e+01 1.037788757596638245e-01
-2.750000000000000000e+00 -2.121762239271875217e+01 3.744947110934825074e-02
-1.750000000000000000e+00 -2.121762239271875217e+01 3.744960926593372125e-02
-4.250000000000000000e+00 -2.035159698893431113e+01 5.797042197533699981e-02
-3.250000000000000000e+00 -2.035159698893431113e+01 5.797067619905980906e-02
-2.750000000000000000e+00 -1.948557158514987364e+01 3.952373633441197409e-02
-1.750000000000000000e+00 -1.948557158514987364e+01 3.952445013176365818e-02
-4.250000000000000000e+00 -1.861954618136543615e+01 2.427237914337036784e-02
-3.250000000000000000e+00 -1.861954618136543615e+01 2.427389058688637913e-02
-2.750000000000000000e+00 -1.775352077758099512e+01 2.534789383906562582e-02
-1.750000000000000000e+00 -1.775352077758099512e+01 2.535124768738796983e-02
-4.250000000000000000e+00 -1.688749537379655763e+01 1.918281758900874934e-02
-3.250000000000000000e+00 -1.688749537379655763e+01 1.918912399407361052e-02
-2.750000000000000000e+00 -1.602146997001212014e+01 1.795260698168273106e-02
-1.750000000000000000e+00 -1.602146997001212014e+01 1.796728354559595786e-02
-4.250000000000000000e+00 -1.515544456622767733e+01 1.693846350507038911e-02
-3.250000000000000000e+00 -1.515544456622767733e+01 1.696095030678160254e-02
-2.750000000000000000e+00 -1.428941916244323806e+01 1.617553987336343979e-02
-1.750000000000000000e+00 -1.428941916244323806e+01 1.622808712118156693e-02
-4.250000000000000000e+00 -1.342339375865880058e+01 1.617551785314542967e-02
-3.250000000000000000e+00 -1.342339375865880058e+01 1.625513049233480792e-02
-2.750000000000000000e+00 -1.255736835487436132e+01 1.584203279167237938e-02
-1.750000000000000000e+00 -1.255736835487436132e+01 1.599965922661217982e-02
-4.250000000000000000e+00 -1.169134295108992383e+01 1.585412492345753682e-02
-3.250000000000000000e+00 -1.169134295108992383e+01 1.609743891673301452e-02
-2.750000000000000000e+00 -1.082531754730548457e+01 1.581795631532868784e-02
-1.750000000000000000e+00 -1.082531754730548457e+01 1.625223890410493199e-02
-4.250000000000000000e+00 -9.959292143521047080e+00 1.579975984934888639e-02
-3.250000000000000000e+00 -9.959292143521047080e+00 1.637963432278783174e-02
-2.750000000000000000e+00 -9.093266739736607818e+00 1.576233127763529418e-02
-1.750000000000000000e+00 -9.093266739736607818e+00 1.677738521367314051e-02
-4.250000000000000000e+00 -8.227241335952170331e+00 1.588735909240999999e-02
-3.250000000000000000e+00 -8.227241335952170331e+00 1.706343293129967617e-02
-2.750000000000000000e+00 -7.361215932167732845e+00 1.579167469866950280e-02
-1.750000000000000000e+00 -7.361215932167732845e+00 1.770997412757100223e-02
-4.250000000000000000e+00 -6.495190528383291806e+00 1.642018905582037780e-02
-3.250000000000000000e+00 -6.495190528383291806e+00 1.804558693946135828e-02
-2.750000000000000000e+00 -5.629165124598854320e+00 1.694247962802468421e-02
-1.750000000000000000e+00 -5.629165124598854320e+00 1.943657468014790141e-02
-4.250000000000000000e+00 -4.763139720814413280e+00 1.694330244054854245e-02
-3.250000000000000000e+00 -4.763139720814413280e+00 1.846421282358591889e-02
-2.750000000000000000e+00 -3.897114317029975794e+00 2.232002708143699179e-02
-1.750000000000000000e+00 -3.897114317029975794e+00 2.030475727175484746e-02
-4.250000000000000000e+00 -3.031088913245538308e+00 1.583612200246563295e-02
-3.250000000000000000e+00 -3.031088913245538308e+00 2.030474934643664020e-02
-2.750000000000000000e+00 -2.165063509461100821e+00 2.523819986671527182e-02
-1.750000000000000000e+00 -2.165063509461100821e+00 1.583995071933984658e-02
-4.250000000000000000e+00 -1.299038105676659782e+00 1.752659986534751968e-02
-3.250000000000000000e+00 -1.299038105676659782e+00 2.176685988037227112e-02
-2.750000000000000000e+00 -4.330127018922222959e-01 1.778437861027223899e-02
-1.750000000000000000e+00 -4.330127018922222959e-01 1.962080042252268425e-02
-4.250000000000000000e+00 4.330127018922151905e-01 2.059607083616182138e-02
-3.250000000000000000e+00 4.330127018922151905e-01 1.583992238407023329e-02
-2.750000000000000000e+00 1.299038105676652677e+00 1.778436745760353724e-02
-1.750000000000000000e+00 1.299038105676652677e+00 1.962078296937981234e-02
-4.250000000000000000e+00 2.165063509461093716e+00 1.752665341560026915e-02
-3.250000000000000000e+00 2.165063509461093716e+00 2.176691561404207886e-02
-2.750000000000000000e+00 3.031088913245531202e+00 2.523818633517969229e-02
-1.750000000000000000e+00 3.031088913245531202e+00 1.583989850675344979e-02
-4.250000000000000000e+00 3.897114317029972241e+00 1.583611929262694618e-02
-3.250000000000000000e+00 3.897114317029972241e+00 2.030476178374012591e-02
-2.750000000000000000e+00 4.763139720814409728e+00 2.232038960172755618e-02
-1.750000000000000000e+00 4.763139720814409728e+00 2.030511926536195111e-02
-4.250000000000000000e+00 5.629165124598847214e+00 1.694249745261441897e-02
-3.250000000000000000e+00 5.629165124598847214e+00 1.846337421639353965e-02
-2.750000000000000000e+00 6.495190528383284700e+00 1.694439053735073350e-02
-1.750000000000000000e+00 6.495190528383284700e+00 1.943856634912353998e-02
-4.250000000000000000e+00 7.361215932167725740e+00 1.641935028414361064e-02
-3.250000000000000000e+00 7.361215932167725740e+00 1.804468509375170560e-02
-2.750000000000000000e+00 8.227241335952166779e+00 1.579049744403819566e-02
-1.750000000000000000e+00 8.227241335952166779e+00 1.770875251989937477e-02
-4.250000000000000000e+00 9.093266739736600712e+00 1.590211397285851147e-02
-3.250000000000000000e+00 9.093266739736600712e+00 1.707824903852070419e-02
-2.750000000000000000e+00 9.959292143521041751e+00 1.574319072707724976e-02
-1.750000000000000000e+00 9.959292143521041751e+00 1.675820788817374007e-02
-4.250000000000000000e+00 1.082531754730548279e+01 1.583799751530897554e-02
-3.250000000000000000e+00 1.082531754730548279e+01 1.641782726421756738e-02
-2.750000000000000000e+00 1.169134295108992383e+01 1.585853520608306033e-02
-1.750000000000000000e+00 1.169134295108992383e+01 1.629294860415955726e-02
-4.250000000000000000e+00 1.255736835487435776e+01 1.581021246213014375e-02
-3.250000000000000000e+00 1.255736835487435776e+01 1.605337801470555284e-02
-2.750000000000000000e+00 1.342339375865879880e+01 1.618930582661859408e-02
-1.750000000000000000e+00 1.342339375865879880e+01 1.634690301779959803e-02
-4.250000000000000000e+00 1.428941916244323274e+01 1.616740640024855180e-02
-3.250000000000000000e+00 1.428941916244323274e+01 1.624708236383140547e-02
-2.750000000000000000e+00 1.515544456622767377e+01 1.693490474926936940e-02
-1.750000000000000000e+00 1.515544456622767377e+01 1.698747511612355710e-02
-4.250000000000000000e+00 1.602146997001211304e+01 1.795565503633037019e-02
-3.250000000000000000e+00 1.602146997001211304e+01 1.797813511230880734e-02
-2.750000000000000000e+00 1.688749537379655408e+01 1.917949061695783941e-02
-1.750000000000000000e+00 1.688749537379655408e+01 1.919434539197741388e-02
-4.250000000000000000e+00 1.775352077758098801e+01 2.534835240999881029e-02
-3.250000000000000000e+00 1.775352077758098801e+01 2.535453964675022168e-02
-2.750000000000000000e+00 1.861954618136542905e+01 2.427205043048785704e-02
-1.750000000000000000e+00 1.861954618136542905e+01 2.427542587944667499e-02
-4.250000000000000000e+00 1.948557158514986298e+01 3.952333822446499334e-02
-3.250000000000000000e+00 1.948557158514986298e+01 3.952484703143766681e-02
-2.750000000000000000e+00 2.035159698893430402e+01 5.797052365147085246e-02
-1.750000000000000000e+00 2.035159698893430402e+01 5.797120012528726718e-02
-4.250000000000000000e+00 2.121762239271873796e+01 3.744933279944342996e-02
-3.250000000000000000e+00 2.121762239271873796e+01 3.744960133376713102e-02
-2.750000000000000000e+00 2.208364779650317899e+01 1.037788356427949144e-01
-1.750000000000000000e+00 2.208364779650317899e+01 1.037789991648344068e-01
-4.250000000000000000e+00 2.294967320028762003e+01 1.243246222798783940e-01
-3.250000000000000000e+00 2.294967320028762003e+01 1.243246028617474991e-01
-2.750000000000000000e+00 2.381569860407206107e+01 3.429279810414257584e-02
-1.750000000000000000e+00 2.381569860407206107e+01 3.429282066965871206e-02
-4.250000000000000000e+00 2.468172400785649501e+01 1.790244345839427931e-01
-3.250000000000000000e+00 2.468172400785649501e+01 1.790244063230488347e-01
-2.750000000000000000e+00 2.554774941164093605e+01 1.828923542380891942e-01
-1.750000000000000000e+00 2.554774941164093605e+01 1.828923220592550969e-01
-1.250000000000000000e+00 -2.554774941164094315e+01 1.828923510024210164e-01
-2.500000000000000000e-01 -2.554774941164094315e+01 1.828923579787453402e-01
2.500000000000000000e-01 -2.468172400785650566e+01 1.790244280851930325e-01
1.250000000000000000e+00 -2.468172400785650566e+01 1.790244369230239996e-01
-1.250000000000000000e+00 -2.381569860407206463e+01 3.429280963418143008e-02
-2.500000000000000000e-01 -2.381569860407206463e+01 3.429282117196143231e-02
2.500000000000000000e-01 -2.294967320028762714e+01 1.243246287550862778e-01
1.250000000000000000e+00 -2.294967320028762714e+01 1.243246575918711128e-01
-1.250000000000000000e+00 -2.208364779650318965e+01 1.037788154723765233e-01
-2.500000000000000000e-01 -2.208364779650318965e+01 1.037788948982828752e-01
2.500000000000000000e-01 -2.121762239271875217e+01 3.744947544184974025e-02
1.250000000000000000e+00 -2.121762239271875217e+01 3.744958534883969375e-02
-1.250000000000000000e+00 -2.035159698893431113e+01 5.797038222582589356e-02
-2.500000000000000000e-01 -2.035159698893431113e+01 5.797074167969285680e-02
2.500000000000000000e-01 -1.948557158514987364e+01 3.952370158809026535e-02
1.250000000000000000e+00 -1.948557158514987364e+01 3.952437893256025014e-02
-1.250000000000000000e+00 -1.861954618136543615e+01 2.427249059178243629e-02
-2.500000000000000000e-01 -1.861954618136543615e+01 2.427414931523851072e-02
2.500000000000000000e-01 -1.775352077758099512e+01 2.534775159808084002e-02
1.250000000000000000e+00 -1.775352077758099512e+01 2.535118474739002717e-02
-1.250000000000000000e+00 -1.688749537379655763e+01 1.918310913606560697e-02
-2.500000000000000000e-01 -1.688749537379655763e+01 1.919035997111266656e-02
2.500000000000000000e-01 -1.602146997001212014e+01 1.795315385081540371e-02
1.250000000000000000e+00 -1.602146997001212014e+01 1.796723719362113697e-02
-1.250000000000000000e+00 -1.515544456622767733e+01 1.693686894854587455e-02
-2.500000000000000000e-01 -1.515544456622767733e+01 1.696531284209473744e-02
2.500000000000000000e-01 -1.428941916244323806e+01 1.617792050072950835e-02
1.250000000000000000e+00 -1.428941916244323806e+01 1.622802679303946699e-02
-1.250000000000000000e+00 -1.342339375865880058e+01 1.617077476292075322e-02
-2.500000000000000000e-01 -1.342339375865880058e+01 1.627000531478096923e-02
2.500000000000000000e-01 -1.255736835487436132e+01 1.583929537931809059e-02
1.250000000000000000e+00 -1.255736835487436132e+01 1.599965658220790787e-02
-1.250000000000000000e+00 -1.169134295108992383e+01 1.585995299568811190e-02
-2.500000000000000000e-01 -1.169134295108992383e+01 1.614830557799949023e-02
2.500000000000000000e-01 -1.082531754730548457e+01 1.580665015492498104e-02
1.250000000000000000e+00 -1.082531754730548457e+01 1.625225909659620827e-02
-1.250000000000000000e+00 -9.959292143521047080e+00 1.582042164824922978e-02
-2.500000000000000000e-01 -9.959292143521047080e+00 1.652241836191578606e-02
2.500000000000000000e-01 -9.093266739736607818e+00 1.576882820356270698e-02
1.250000000000000000e+00 -9.093266739736607818e+00 1.677737679061021281e-02
-1.250000000000000000e+00 -8.227241335952170331e+00 1.591305982533175456e-02
-2.500000000000000000e-01 -8.227241335952170331e+00 1.738392547890180509e-02
2.500000000000000000e-01 -7.361215932167732845e+00 1.587957545971626847e-02
1.250000000000000000e+00 -7.361215932167732845e+00 1.770998493920469125e-02
-1.250000000000000000e+00 -6.495190528383291806e+00 1.605018529352310319e-02
-2.500000000000000000e-01 -6.495190528383291806e+00 1.849010770409362583e-02
2.500000000000000000e-01 -5.629165124598854320e+00 1.693592186901983487e-02
1.250000000000000000e+00 -5.629165124598854320e+00 1.943658778541991483e-02
-1.250000000000000000e+00 -4.763139720814413280e+00 1.583648918458284080e-02
-2.500000000000000000e-01 -4.763139720814413280e+00 1.894347186511639511e-02
2.500000000000000000e-01 -3.897114317029975794e+00 1.752662866699947891e-02
1.250000000000000000e+00 -3.897114317029975794e+00 2.030475745706973936e-02
-1.250000000000000000e+00 -3.031088913245538308e+00 2.523818906602095374e-02
-2.500000000000000000e-01 -3.031088913245538308e+00 2.176686330008194975e-02
2.500000000000000000e-01 -2.165063509461100821e+00 1.778441244663164778e-02
1.250000000000000000e+00 -2.165063509461100821e+00 1.583995201611845122e-02
-1.250000000000000000e+00 -1.299038105676659782e+00 6.102769509165811151e-02
-2.500000000000000000e-01 -1.299038105676659782e+00 1.962078408314490291e-02
2.500000000000000000e-01 -4.330127018922222959e-01 8.645773772039376526e-02
1.250000000000000000e+00 -4.330127018922222959e-01 1.962080042252233036e-02
-1.250000000000000000e+00 4.330127018922151905e-01 8.645772138059565348e-02
-2.500000000000000000e-01 4.330127018922151905e-01 6.574678903241407082e-07
2.500000000000000000e-01 1.299038105676652677e+00 8.645771575904109829e-02
1.250000000000000000e+00 1.299038105676652677e+00 1.962078231479239335e-02
-1.250000000000000000e+00 2.165063509461093716e+00 6.102769585817401782e-02
-2.500000000000000000e-01 2.165063509461093716e+00 1.962082096893282696e-02
2.500000000000000000e-01 3.031088913245531202e+00 1.778437304574891076e-02
1.250000000000000000e+00 3.031088913245531202e+00 1.583989763124055497e-02
-1.250000000000000000e+00 3.897114317029972241e+00 2.523813117709804849e-02
-2.500000000000000000e-01 3.897114317029972241e+00 2.176687189959613036e-02
2.500000000000000000e-01 4.763139720814409728e+00 1.752693947328118340e-02
1.250000000000000000e+00 4.763139720814409728e+00 2.030510465291843203e-02
-1.250000000000000000e+00 5.629165124598847214e+00 1.583563472931180660e-02
-2.500000000000000000e-01 5.629165124598847214e+00 1.894261756399676089e-02
2.500000000000000000e-01 6.495190528383284700e+00 1.693784011437013404e-02
1.250000000000000000e+00 6.495190528383284700e+00 1.943853449390391813e-02
-1.250000000000000000e+00 7.361215932167725740e+00 1.604920408342792176e-02
-2.500000000000000000e-01 7.361215932167725740e+00 1.848917815639788964e-02
2.500000000000000000e-01 8.227241335952166779e+00 1.587836477466858173e-02
1.250000000000000000e+00 8.227241335952166779e+00 1.770877143459192310e-02
-1.250000000000000000e+00 9.093266739736600712e+00 1.592770508033818089e-02
-2.500000000000000000e-01 9.093266739736600712e+00 1.739868027743759343e-02
2.500000000000000000e-01 9.959292143521041751e+00 1.574959245809380570e-02
1.250000000000000000e+00 9.959292143521041751e+00 1.675824930652514144e-02
-1.250000000000000000e+00 1.082531754730548279e+01 1.585860810437206628e-02
-2.500000000000000000e-01 1.082531754730548279e+01 1.656058277919273194e-02
2.500000000000000000e-01 1.169134295108992383e+01 1.584727388206257775e-02
1.250000000000000000e+00 1.169134295108992383e+01 1.629292190665353884e-02
-1.250000000000000000e+00 1.255736835487435776e+01 1.581590305253453149e-02
-2.500000000000000000e-01 1.255736835487435776e+01 1.610434494117224391e-02
2.500000000000000000e-01 1.342339375865879880e+01 1.618658864806889891e-02
1.250000000000000000e+00 1.342339375865879880e+01 1.634691138764025192e-02
-1.250000000000000000e+00 1.428941916244323274e+01 1.616263418578846311e-02
-2.500000000000000000e-01 1.428941916244323274e+01 1.626199635119471992e-02
2.500000000000000000e-01 1.515544456622767377e+01 1.693728850609724917e-02
1.250000000000000000e+00 1.515544456622767377e+01 1.698743708723688545e-02
-1.250000000000000000e+00 1.602146997001211304e+01 1.795411996521795173e-02
-2.500000000000000000e-01 1.602146997001211304e+01 1.798256085770184864e-02
2.500000000000000000e-01 1.688749537379655408e+01 1.918016204628283927e-02
1.250000000000000000e+00 1.688749537379655408e+01 1.919420226975277616e-02
-1.250000000000000000e+00 1.775352077758098801e+01 2.534862754795794149e-02
-2.500000000000000000e-01 1.775352077758098801e+01 2.535597684410449346e-02
2.500000000000000000e-01 1.861954618136542905e+01 2.427198157952878410e-02
1.250000000000000000e+00 1.861954618136542905e+01 2.427538169586522521e-02
-1.250000000000000000e+00 1.948557158514986298e+01 3.952344403895970831e-02
-2.500000000000000000e-01 1.948557158514986298e+01 3.952521487009996032e-02
2.500000000000000000e-01 2.035159698893430402e+01 5.797047923157618021e-02
1.250000000000000000e+00 2.035159698893430402e+01 5.797122804968891929e-02
-1.250000000000000000e+00 2.121762239271873796e+01 3.744934289733600763e-02
-2.500000000000000000e-01 2.121762239271873796e+01 3.744969867649276113e-02
2.500000000000000000e-01 2.208364779650317899e+01 1.037788467339000736e-01
1.250000000000000000e+00 2.208364779650317899e+01 1.037789931910598762e-01
-1.250000000000000000e+00 2.294967320028762003e+01 1.243246256415369289e-01
-2.500000000000000000e-01 2.294967320028762003e+01 1.243246990400356938e-01
2.500000000000000000e-01 2.381569860407206107e+01 3.429280576433548638e-02
1.250000000000000000e+00 2.381569860407206107e+01 3.429283078908319793e-02
-1.250000000000000000e+00 2.468172400785649501e+01 1.790244331465320471e-01
-2.500000000000000000e-01 2.468172400785649501e+01 1.790244549009587793e-01
2.500000000000000000e-01 2.554774941164093605e+01 1.828923415996241419e-01
1.250000000000000000e+00 2.554774941164093605e+01 1.828923728779666136e-01
1.750000000000000000e+00 -2.554774941164094315e+01 1.828923511007942981e-01
2.750000000000000000e+00 -2.554774941164094315e+01 1.828923537464328120e-01
3.250000000000000000e+00 -2.468172400785650566e+01 1.790244329388888112e-01
4.250000000000000000e+00 -2.468172400785650566e+01 1.790244235408809947e-01
1.750000000000000000e+00 -2.381569860407206463e+01 3.429281108768500452e-02
2.750000000000000000e+00 -2.381569860407206463e+01 3.429281006143743149e-02
3.250000000000000000e+00 -2.294967320028762714e+01 1.243246371034985448e-01
4.250000000000000000e+00 -2.294967320028762714e+01 1.243246298346562806e-01
1.750000000000000000e+00 -2.208364779650318965e+01 1.037788315923828669e-01
2.750000000000000000e+00 -2.208364779650318965e+01 1.037788490129775004e-01
3.250000000000000000e+00 -2.121762239271875217e+01 3.744947465860305746e-02
4.250000000000000000e+00 -2.121762239271875217e+01 3.744955434708084618e-02
1.750000000000000000e+00 -2.035159698893431113e+01 5.797042191383510595e-02
2.750000000000000000e+00 -2.035159698893431113e+01 5.797065623745611962e-02
3.250000000000000000e+00 -1.948557158514987364e+01 3.952373094551449306e-02
4.250000000000000000e+00 -1.948557158514987364e+01 3.952425672318708033e-02
1.750000000000000000e+00 -1.861954618136543615e+01 2.427258032272962274e-02
2.750000000000000000e+00 -1.861954618136543615e+01 2.427386611943549433e-02
3.250000000000000000e+00 -1.775352077758099512e+01 2.534806424672366582e-02
4.250000000000000000e+00 -1.775352077758099512e+01 2.535056852198918492e-02
1.750000000000000000e+00 -1.688749537379655763e+01 1.918311934849055433e-02
2.750000000000000000e+00 -1.688749537379655763e+01 1.918907844416024161e-02
3.250000000000000000e+00 -1.602146997001212014e+01 1.795427326005967494e-02
4.250000000000000000e+00 -1.602146997001212014e+01 1.796367758049454560e-02
1.750000000000000000e+00 -1.515544456622767733e+01 1.693670631473860599e-02
2.750000000000000000e+00 -1.515544456622767733e+01 1.696096613075506743e-02
3.250000000000000000e+00 -1.428941916244323806e+01 1.617878686015508660e-02
4.250000000000000000e+00 -1.428941916244323806e+01 1.621133456350647845e-02
1.750000000000000000e+00 -1.342339375865880058e+01 1.617471765121560046e-02
2.750000000000000000e+00 -1.342339375865880058e+01 1.625515499418670601e-02
3.250000000000000000e+00 -1.255736835487436132e+01 1.583769222807050736e-02
4.250000000000000000e+00 -1.255736835487436132e+01 1.594561800851822253e-02
1.750000000000000000e+00 -1.169134295108992383e+01 1.587270623900868122e-02
2.750000000000000000e+00 -1.169134295108992383e+01 1.609740650087763958e-02
3.250000000000000000e+00 -1.082531754730548457e+01 1.581695150064943434e-02
4.250000000000000000e+00 -1.082531754730548457e+01 1.611039897240380825e-02
1.750000000000000000e+00 -9.959292143521047080e+00 1.581420130399029123e-02
2.750000000000000000e+00 -9.959292143521047080e+00 1.637964629067777123e-02
3.250000000000000000e+00 -9.093266739736607818e+00 1.580525015091454807e-02
4.250000000000000000e+00 -9.093266739736607818e+00 1.645412035263695699e-02
1.750000000000000000e+00 -8.227241335952170331e+00 1.583666058328100923e-02
2.750000000000000000e+00 -8.227241335952170331e+00 1.706345210986076610e-02
3.250000000000000000e+00 -7.361215932167732845e+00 1.583854264866586120e-02
4.250000000000000000e+00 -7.361215932167732845e+00 1.705070606942869077e-02
1.750000000000000000e+00 -6.495190528383291806e+00 1.586100505072836342e-02
2.750000000000000000e+00 -6.495190528383291806e+00 1.804557523365746263e-02
3.250000000000000000e+00 -5.629165124598854320e+00 1.621892303969195426e-02
4.250000000000000000e+00 -5.629165124598854320e+00 1.804361578669962801e-02
1.750000000000000000e+00 -4.763139720814413280e+00 1.613574869027296910e-02
2.750000000000000000e+00 -4.763139720814413280e+00 1.846421368267705046e-02
3.250000000000000000e+00 -3.897114317029975794e+00 1.613539359995094791e-02
4.250000000000000000e+00 -3.897114317029975794e+00 1.943706333759016164e-02
1.750000000000000000e+00 -3.031088913245538308e+00 2.059604104508637457e-02
2.750000000000000000e+00 -3.031088913245538308e+00 2.030475613500118751e-02
3.250000000000000000e+00 -2.165063509461100821e+00 1.752664734357683995e-02
4.250000000000000000e+00 -2.165063509461100821e+00 1.894315411170840666e-02
1.750000000000000000e+00 -1.299038105676659782e+00 1.778436233929760538e-02
2.750000000000000000e+00 -1.299038105676659782e+00 2.176686144967977798e-02
3.250000000000000000e+00 -4.330127018922222959e-01 2.523817306372128783e-02
4.250000000000000000e+00 -4.330127018922222959e-01 2.030476893706736896e-02
1.750000000000000000e+00 4.330127018922151905e-01 6.102770408836231952e-02
2.750000000000000000e+00 4.330127018922151905e-01 1.583992238406998002e-02
3.250000000000000000e+00 1.299038105676652677e+00 2.523817574138896222e-02
4.250000000000000000e+00 1.299038105676652677e+00 2.030474621207229921e-02
1.750000000000000000e+00 2.165063509461093716e+00 1.778441528905290447e-02
2.750000000000000000e+00 2.165063509461093716e+00 2.176691017138810205e-02
3.250000000000000000e+00 3.031088913245531202e+00 1.752660198326993352e-02
4.250000000000000000e+00 3.031088913245531202e+00 1.894311166612112213e-02
1.750000000000000000e+00 3.897114317029972241e+00 2.059609061036943647e-02
2.750000000000000000e+00 3.897114317029972241e+00 2.030474699606833397e-02
3.250000000000000000e+00 4.763139720814409728e+00 1.613576933308145597e-02
4.250000000000000000e+00 4.763139720814409728e+00 1.943742371181636508e-02
1.750000000000000000e+00 5.629165124598847214e+00 1.613493375706948063e-02
2.750000000000000000e+00 5.629165124598847214e+00 1.846336928941258448e-02
3.250000000000000000e+00 6.495190528383284700e+00 1.622098004992893888e-02
4.250000000000000000e+00 6.495190528383284700e+00 1.804556049302118853e-02
1.750000000000000000e+00 7.361215932167725740e+00 1.586005013021966892e-02
2.750000000000000000e+00 7.361215932167725740e+00 1.804466131082223257e-02
3.250000000000000000e+00 8.227241335952166779e+00 1.583738197298509287e-02
4.250000000000000000e+00 8.227241335952166779e+00 1.704951296484688572e-02
1.750000000000000000e+00 9.093266739736600712e+00 1.585144094883868607e-02
2.750000000000000000e+00 9.093266739736600712e+00 1.707816173096510237e-02
3.250000000000000000e+00 9.959292143521041751e+00 1.578608647913716523e-02
4.250000000000000000e+00 9.959292143521041751e+00 1.643496194790304565e-02
1.750000000000000000e+00 1.082531754730548279e+01 1.585242733971327367e-02
2.750000000000000000e+00 1.082531754730548279e+01 1.641782667378079846e-02
3.250000000000000000e+00 1.169134295108992383e+01 1.585769253326065401e-02
4.250000000000000000e+00 1.169134295108992383e+01 1.615100837684691273e-02
1.750000000000000000e+00 1.255736835487435776e+01 1.582867628631885390e-02
2.750000000000000000e+00 1.255736835487435776e+01 1.605341097253131649e-02
3.250000000000000000e+00 1.342339375865879880e+01 1.618501510067604093e-02
4.250000000000000000e+00 1.342339375865879880e+01 1.629289957465072242e-02
1.750000000000000000e+00 1.428941916244323274e+01 1.616665370484501180e-02
2.750000000000000000e+00 1.428941916244323274e+01 1.624698344901503999e-02
3.250000000000000000e+00 1.515544456622767377e+01 1.693816770060843288e-02
4.250000000000000000e+00 1.515544456622767377e+01 1.697072664049688318e-02
1.750000000000000000e+00 1.602146997001211304e+01 1.795392537360819551e-02
2.750000000000000000e+00 1.602146997001211304e+01 1.797810395044407636e-02
3.250000000000000000e+00 1.688749537379655408e+01 1.918123971328281052e-02
4.250000000000000000e+00 1.688749537379655408e+01 1.919059468541098323e-02
1.750000000000000000e+00 1.775352077758098801e+01 2.534862852922636564e-02
2.750000000000000000e+00 1.775352077758098801e+01 2.535453891944342009e-02
3.250000000000000000e+00 1.861954618136542905e+01 2.427221634052953783e-02
4.250000000000000000e+00 1.861954618136542905e+01 2.427469241735562971e-02
1.750000000000000000e+00 1.948557158514986298e+01 3.952357991784317959e-02
2.750000000000000000e+00 1.948557158514986298e+01 3.952476818711371520e-02
3.250000000000000000e+00 2.035159698893430402e+01 5.797048762985755610e-02
4.250000000000000000e+00 2.035159698893430402e+01 5.797096685393283988e-02
1.750000000000000000e+00 2.121762239271873796e+01 3.744936405195462004e-02
2.750000000000000000e+00 2.121762239271873796e+01 3.744958699230545307e-02
3.250000000000000000e+00 2.208364779650317899e+01 1.037788455266103471e-01
4.250000000000000000e+00 2.208364779650317899e+01 1.037788809533215784e-01
1.750000000000000000e+00 2.294967320028762003e+01 1.243245977876939884e-01
2.750000000000000000e+00 2.294967320028762003e+01 1.243246671164293521e-01
3.250000000000000000e+00 2.381569860407206107e+01 3.429280140009334510e-02
4.250000000000000000e+00 2.381569860407206107e+01 3.429279920796490799e-02
1.750000000000000000e+00 2.468172400785649501e+01 1.790244222291889897e-01
2.750000000000000000e+00 2.468172400785649501e+01 1.790244412027324761e-01
3.250000000000000000e+00 2.554774941164093605e+01 1.828923386072782153e-01
4.250000000000000000e+00 2.554774941164093605e+01 1.828923456669840353e-01
4.750000000000000000e+00 -2.554774941164094315e+01 1.828923518234357171e-01
5.750000000000000000e+00 -2.554774941164094315e+01 1.828923436610058184e-01
6.250000000000000000e+00 -2.468172400785650566e+01 1.790244301489432865e-01
7.250000000000000000e+00 -2.468172400785650566e+01 1.790244373683879953e-01
4.750000000000000000e+00 -2.381569860407206463e+01 3.429281029572586043e-02
5.750000000000000000e+00 -2.381569860407206463e+01 3.429281525314419043e-02
6.250000000000000000e+00 -2.294967320028762714e+01 1.243246343747768101e-01
7.250000000000000000e+00 -2.294967320028762714e+01 1.243246532987550834e-01
4.750000000000000000e+00 -2.208364779650318965e+01 1.037788391000456223e-01
5.750000000000000000e+00 -2.208364779650318965e+01 1.037788850121102724e-01
6.250000000000000000e+00 -2.121762239271875217e+01 3.744947294615469380e-02
7.250000000000000000e+00 -2.121762239271875217e+01 3.744951862381565993e-02
4.750000000000000000e+00 -2.035159698893431113e+01 5.797047261336545076e-02
5.750000000000000000e+00 -2.035159698893431113e+01 5.797066299468085770e-02
6.250000000000000000e+00 -1.948557158514987364e+01 3.952374689185300660e-02
7.250000000000000000e+00 -1.948557158514987364e+01 3.952400444099374299e-02
4.750000000000000000e+00 -1.861954618136543615e+01 2.427264808088504949e-02
5.750000000000000000e+00 -1.861954618136543615e+01 2.427340942265865387e-02
6.250000000000000000e+00 -1.775352077758099512e+01 2.534837224684528822e-02
7.250000000000000000e+00 -1.775352077758099512e+01 2.534964670165142792e-02
4.750000000000000000e+00 -1.688749537379655763e+01 1.918307926132542529e-02
5.750000000000000000e+00 -1.688749537379655763e+01 1.918642962712430178e-02
6.250000000000000000e+00 -1.602146997001212014e+01 1.795518956777483743e-02
7.250000000000000000e+00 -1.602146997001212014e+01 1.795961210535491903e-02
4.750000000000000000e+00 -1.515544456622767733e+01 1.693772852428728631e-02
5.750000000000000000e+00 -1.515544456622767733e+01 1.695162484451531726e-02
6.250000000000000000e+00 -1.428941916244323806e+01 1.617902566276502307e-02
7.250000000000000000e+00 -1.428941916244323806e+01 1.619294139543809435e-02
4.750000000000000000e+00 -1.342339375865880058e+01 1.618088156504389474e-02
5.750000000000000000e+00 -1.342339375865880058e+01 1.622466764388756644e-02
6.250000000000000000e+00 -1.255736835487436132e+01 1.583854200633505460e-02
7.250000000000000000e+00 -1.255736835487436132e+01 1.588597231303146007e-02
4.750000000000000000e+00 -1.169134295108992383e+01 1.587996971567176563e-02
5.750000000000000000e+00 -1.169134295108992383e+01 1.599626807092030534e-02
6.250000000000000000e+00 -1.082531754730548457e+01 1.582927172188808296e-02
7.250000000000000000e+00 -1.082531754730548457e+01 1.595557527966039515e-02
4.750000000000000000e+00 -9.959292143521047080e+00 1.580167533346549247e-02
5.750000000000000000e+00 -9.959292143521047080e+00 1.610513127067896011e-02
6.250000000000000000e+00 -9.093266739736607818e+00 1.582083234892794898e-02
7.250000000000000000e+00 -9.093266739736607818e+00 1.609133632355350119e-02
4.750000000000000000e+00 -8.227241335952170331e+00 1.579106049864845152e-02
5.750000000000000000e+00 -8.227241335952170331e+00 1.643937245206554543e-02
6.250000000000000000e+00 -7.361215932167732845e+00 1.579168152582816065e-02
7.250000000000000000e+00 -7.361215932167732845e+00 1.638523732795637081e-02
4.750000000000000000e+00 -6.495190528383291806e+00 1.583946671978070375e-02
5.750000000000000000e+00 -6.495190528383291806e+00 1.706556400664527295e-02
6.250000000000000000e+00 -5.629165124598854320e+00 1.583679479052027550e-02
7.250000000000000000e+00 -5.629165124598854320e+00 1.676276605263272990e-02
4.750000000000000000e+00 -4.763139720814413280e+00 1.585986063372704299e-02
5.750000000000000000e+00 -4.763139720814413280e+00 1.770976481060615448e-02
6.250000000000000000e+00 -3.897114317029975794e+00 1.587899548000532013e-02
7.250000000000000000e+00 -3.897114317029975794e+00 1.738455854763594835e-02
4.750000000000000000e+00 -3.031088913245538308e+00 1.693636661336374305e-02
5.750000000000000000e+00 -3.031088913245538308e+00 1.848861768663812022e-02
6.250000000000000000e+00 -2.165063509461100821e+00 1.604873948408519491e-02
7.250000000000000000e+00 -2.165063509461100821e+00 1.770944728710171362e-02
4.750000000000000000e+00 -1.299038105676659782e+00 1.583611582479045599e-02
5.750000000000000000e+00 -1.299038105676659782e+00 1.943705454471000849e-02
6.250000000000000000e+00 -4.330127018922222959e-01 1.694296933894445800e-02
7.250000000000000000e+00 -4.330127018922222959e-01 1.804410396636288438e-02
4.750000000000000000e+00 4.330127018922151905e-01 2.232004755077210412e-02
5.750000000000000000e+00 4.330127018922151905e-01 1.846386085564320767e-02
6.250000000000000000e+00 1.299038105676652677e+00 1.694293292492943248e-02
7.250000000000000000e+00 1.299038105676652677e+00 1.804408427384347063e-02
4.750000000000000000e+00 2.165063509461093716e+00 1.583616736692438146e-02
5.750000000000000000e+00 2.165063509461093716e+00 1.943710750183505476e-02
6.250000000000000000e+00 3.031088913245531202e+00 1.604866842177624098e-02
7.250000000000000000e+00 3.031088913245531202e+00 1.770939979058010899e-02
4.750000000000000000e+00 3.897114317029972241e+00 1.693638366103818182e-02
5.750000000000000000e+00 3.897114317029972241e+00 1.848862360121780735e-02
6.250000000000000000e+00 4.763139720814409728e+00 1.587936427419478491e-02
7.250000000000000000e+00 4.763139720814409728e+00 1.738492346697893126e-02
4.750000000000000000e+00 5.629165124598847214e+00 1.585900268007177719e-02
5.750000000000000000e+00 5.629165124598847214e+00 1.770892664463566413e-02
6.250000000000000000e+00 6.495190528383284700e+00 1.583876492919220058e-02
7.250000000000000000e+00 6.495190528383284700e+00 1.676475393010268961e-02
4.750000000000000000e+00 7.361215932167725740e+00 1.583857918436615275e-02
5.750000000000000000e+00 7.361215932167725740e+00 1.706464162304313636e-02
6.250000000000000000e+00 8.227241335952166779e+00 1.579045655906205492e-02
7.250000000000000000e+00 8.227241335952166779e+00 1.638405146205310775e-02
4.750000000000000000e+00 9.093266739736600712e+00 1.580591416900303456e-02
5.750000000000000000e+00 9.093266739736600712e+00 1.645413361356523607e-02
6.250000000000000000e+00 9.959292143521041751e+00 1.580170505293032601e-02
7.250000000000000000e+00 9.959292143521041751e+00 1.607217262259030832e-02
4.750000000000000000e+00 1.082531754730548279e+01 1.583990814157143490e-02
5.750000000000000000e+00 1.082531754730548279e+01 1.614338624393682475e-02
6.250000000000000000e+00 1.169134295108992383e+01 1.586999754686660435e-02
7.250000000000000000e+00 1.169134295108992383e+01 1.599628509234686524e-02
4.750000000000000000e+00 1.255736835487435776e+01 1.583597287287185490e-02
5.750000000000000000e+00 1.255736835487435776e+01 1.595229426148171703e-02
6.250000000000000000e+00 1.342339375865879880e+01 1.618584581315685167e-02
7.250000000000000000e+00 1.342339375865879880e+01 1.623332398169310964e-02
4.750000000000000000e+00 1.428941916244323274e+01 1.617283376456808697e-02
5.750000000000000000e+00 1.428941916244323274e+01 1.621659235276011468e-02
6.250000000000000000e+00 1.515544456622767377e+01 1.693840721096254165e-02
7.250000000000000000e+00 1.515544456622767377e+01 1.695233791347659780e-02
4.750000000000000000e+00 1.602146997001211304e+01 1.795497893434602754e-02
5.750000000000000000e+00 1.602146997001211304e+01 1.796891213429874581e-02
6.250000000000000000e+00 1.688749537379655408e+01 1.918216176781097071e-02
7.250000000000000000e+00 1.688749537379655408e+01 1.918659863155537659e-02
4.750000000000000000e+00 1.775352077758098801e+01 2.534860212239158084e-02
5.750000000000000000e+00 1.775352077758098801e+01 2.535201308430913569e-02
6.250000000000000000e+00 1.861954618136542905e+01 2.427258053733621912e-02
7.250000000000000000e+00 1.861954618136542905e+01 2.427388965086967748e-02
4.750000000000000000e+00 1.948557158514986298e+01 3.952359729881160105e-02
5.750000000000000000e+00 1.948557158514986298e+01 3.952440757666969562e-02
6.250000000000000000e+00 2.035159698893430402e+01 5.797053623880793483e-02
7.250000000000000000e+00 2.035159698893430402e+01 5.797084426231872978e-02
4.750000000000000000e+00 2.121762239271873796e+01 3.744939624553331181e-02
5.750000000000000000e+00 2.121762239271873796e+01 3.744958757204676358e-02
6.250000000000000000e+00 2.208364779650317899e+01 1.037788362655289176e-01
7.250000000000000000e+00 2.208364779650317899e+01 1.037789241671925877e-01
4.750000000000000000e+00 2.294967320028762003e+01 1.243246275765223507e-01
5.750000000000000000e+00 2.294967320028762003e+01 1.243246358380879490e-01
6.250000000000000000e+00 2.381569860407206107e+01 3.429280423900063490e-02
7.250000000000000000e+00 2.381569860407206107e+01 3.429282057418692187e-02
4.750000000000000000e+00 2.468172400785649501e+01 1.790244317609265001e-01
5.750000000000000000e+00 2.468172400785649501e+01 1.790244208069436960e-01
6.250000000000000000e+00 2.554774941164093605e+01 1.828923538318078801e-01
7.250000000000000000e+00 2.554774941164093605e+01 1.828923387976519876e-01
