-7.250000000000000000e+00 -2.554774941164094315e+01 4.032324812096497180e-01
-6.250000000000000000e+00 -2.554774941164094315e+01 4.032217036470798766e-01
-5.750000000000000000e+00 -2.468172400785650566e+01 3.889559468710834800e-01
-4.750000000000000000e+00 -2.468172400785650566e+01 3.889460291334732034e-01
-7.250000000000000000e+00 -2.381569860407206463e+01 2.569503187419469037e-01
-6.250000000000000000e+00 -2.381569860407206463e+01 2.569390918078930941e-01
-5.750000000000000000e+00 -2.294967320028762714e+01 2.737547666859384554e-01
-4.750000000000000000e+00 -2.294967320028762714e+01 2.737566642238534187e-01
-7.250000000000000000e+00 -2.208364779650318965e+01 3.139958939418024397e-01
-6.250000000000000000e+00 -2.208364779650318965e+01 3.140098019329165546e-01
-5.750000000000000000e+00 -2.121762239271875217e+01 6.056065769470798665e-01
-4.750000000000000000e+00 -2.121762239271875217e+01 6.056025537152728289e-01
-7.250000000000000000e+00 -2.035159698893431113e+01 2.595610133578391543e-01
-6.250000000000000000e+00 -2.035159698893431113e+01 2.597309014808426575e-01
-5.750000000000000000e+00 -1.948557158514987364e+01 3.205052205308577262e-01
-4.750000000000000000e+00 -1.948557158514987364e+01 3.205703459095391450e-01
-7.250000000000000000e+00 -1.861954618136543615e+01 5.119221493933339140e-01
-6.250000000000000000e+00 -1.861954618136543615e+01 5.120013681956231411e-01
-5.750000000000000000e+00 -1.775352077758099512e+01 3.891521604474414975e-01
-4.750000000000000000e+00 -1.775352077758099512e+01 3.901159613884122579e-01
-7.250000000000000000e+00 -1.688749537379655763e+01 4.195861309057348221e-01
-6.250000000000000000e+00 -1.688749537379655763e+01 4.196307067436239047e-01
-5.750000000000000000e+00 -1.602146997001212014e+01 2.951005826354612949e-01
-4.750000000000000000e+00 -1.602146997001212014e+01 2.956445962789243098e-01
-7.250000000000000000e+00 -1.515544456622767733e+01 5.198724154763290084e-01
-6.250000000000000000e+00 -1.515544456622767733e+01 5.208057567274610999e-01
-5.750000000000000000e+00 -1.428941916244323806e+01 4.652753811660008121e-01
-4.750000000000000000e+00 -1.428941916244323806e+01 4.629038201525099705e-01
-7.250000000000000000e+00 -1.342339375865880058e+01 2.769262446407838585e-01
-6.250000000000000000e+00 -1.342339375865880058e+01 2.786722384389503371e-01
-5.750000000000000000e+00 -1.255736835487436132e+01 4.857071181041262009e-01
-4.750000000000000000e+00 -1.255736835487436132e+01 4.845151515887377025e-01
-7.250000000000000000e+00 -1.169134295108992383e+01 3.766910591172982214e-01
-6.250000000000000000e+00 -1.169134295108992383e+01 3.723186792483565433e-01
-5.750000000000000000e+00 -1.082531754730548457e+01 3.156808255888399750e-01
-4.750000000000000000e+00 -1.082531754730548457e+01 3.154483717297645873e-01
-7.250000000000000000e+00 -9.959292143521047080e+00 3.829417546531569405e-01
-6.250000000000000000e+00 -9.959292143521047080e+00 3.778194795794548866e-01
-5.750000000000000000e+00 -9.093266739736607818e+00 3.233795936240952962e-01
-4.750000000000000000e+00 -9.093266739736607818e+00 3.137351833080379571e-01
-7.250000000000000000e+00 -8.227241335952170331e+00 3.240132187839537270e-01
-6.250000000000000000e+00 -8.227241335952170331e+00 3.218346619509660500e-01
-5.750000000000000000e+00 -7.361215932167732845e+00 3.180400417435879645e-01
-4.750000000000000000e+00 -7.361215932167732845e+00 3.263592684183506121e-01
-7.250000000000000000e+00 -6.495190528383291806e+00 3.209416315567307221e-01
-6.250000000000000000e+00 -6.495190528383291806e+00 3.028208483103944082e-01
-5.750000000000000000e+00 -5.629165124598854320e+00 3.177257450791510784e-01
-4.750000000000000000e+00 -5.629165124598854320e+00 3.082857375382909160e-01
-7.250000000000000000e+00 -4.763139720814413280e+00 3.002507595877126900e-01
-6.250000000000000000e+00 -4.763139720814413280e+00 3.258445148808701841e-01
-5.750000000000000000e+00 -3.897114317029975794e+00 2.820585695239462010e-01
-4.750000000000000000e+00 -3.897114317029975794e+00 3.100993076633560275e-01
-7.250000000000000000e+00 -3.031088913245538308e+00 3.095378049023833622e-01
-6.250000000000000000e+00 -3.031088913245538308e+00 3.034793385490044404e-01
-5.750000000000000000e+00 -2.165063509461100821e+00 2.645402920357272647e-01
-4.750000000000000000e+00 -2.165063509461100821e+00 3.470681153235605221e-01
-7.250000000000000000e+00 -1.299038105676659782e+00 3.029771539202920638e-01
-6.250000000000000000e+00 -1.299038105676659782e+00 3.099253356875591447e-01
-5.750000000000000000e+00 -4.330127018922222959e-01 3.026360762759135459e-01
-4.750000000000000000e+00 -4.330127018922222959e-01 2.976503663981345804e-01
-7.250000000000000000e+00 4.330127018922151905e-01 2.885969695878489727e-01
-6.250000000000000000e+00 4.330127018922151905e-01 3.387037561288944176e-01
-5.750000000000000000e+00 1.299038105676652677e+00 3.028090141726148543e-01
-4.750000000000000000e+00 1.299038105676652677e+00 2.978328016714135162e-01
-7.250000000000000000e+00 2.165063509461093716e+00 3.026386011435816537e-01
-6.250000000000000000e+00 2.165063509461093716e+00 3.096709619545653935e-01
-5.750000000000000000e+00 3.031088913245531202e+00 2.651002346031093859e-01
-4.750000000000000000e+00 3.031088913245531202e+00 3.477319256341342979e-01
-7.250000000000000000e+00 3.897114317029972241e+00 3.093045779432709308e-01
-6.250000000000000000e+00 3.897114317029972241e+00 3.032838787364208200e-01
-5.750000000000000000e+00 4.763139720814409728e+00 2.817190751149214467e-01
-4.750000000000000000e+00 4.763139720814409728e+00 3.101896227073244194e-01
-7.250000000000000000e+00 5.629165124598847214e+00 3.046584322168138792e-01
-6.250000000000000000e+00 5.629165124598847214e+00 3.298380450282417109e-01
-5.750000000000000000e+00 6.495190528383284700e+00 3.115032790867023893e-01
-4.750000000000000000e+00 6.495190528383284700e+00 3.022310289903952785e-01
-7.250000000000000000e+00 7.361215932167725740e+00 3.356448515744238636e-01
-6.250000000000000000e+00 7.361215932167725740e+00 3.174523778925806838e-01
-5.750000000000000000e+00 8.227241335952166779e+00 3.161659042989082291e-01
-4.750000000000000000e+00 8.227241335952166779e+00 3.243160522665917145e-01
-7.250000000000000000e+00 9.093266739736600712e+00 3.152277097289220564e-01
-6.250000000000000000e+00 9.093266739736600712e+00 3.135284610913183778e-01
-5.750000000000000000e+00 9.959292143521041751e+00 3.902533272894266325e-01
-4.750000000000000000e+00 9.959292143521041751e+00 3.824324110200092997e-01
-7.250000000000000000e+00 1.082531754730548279e+01 3.154882609739764754e-01
-6.250000000000000000e+00 1.082531754730548279e+01 3.093258329584638311e-01
-5.750000000000000000e+00 1.169134295108992383e+01 3.704800252483538836e-01
-4.750000000000000000e+00 1.169134295108992383e+01 3.714159960071599653e-01
-7.250000000000000000e+00 1.255736835487435776e+01 4.940486533911835343e-01
-6.250000000000000000e+00 1.255736835487435776e+01 4.900117525382832184e-01
-5.750000000000000000e+00 1.342339375865879880e+01 2.758364802186892284e-01
-4.750000000000000000e+00 1.342339375865879880e+01 2.740849939293322768e-01
-7.250000000000000000e+00 1.428941916244323274e+01 4.618282462239022279e-01
-6.250000000000000000e+00 1.428941916244323274e+01 4.648294746385793763e-01
-5.750000000000000000e+00 1.515544456622767377e+01 5.240197597849978184e-01
-4.750000000000000000e+00 1.515544456622767377e+01 5.232263055475222524e-01
-7.250000000000000000e+00 1.602146997001211304e+01 2.932166202383267861e-01
-6.250000000000000000e+00 1.602146997001211304e+01 2.935441361431337937e-01
-5.750000000000000000e+00 1.688749537379655408e+01 4.205341386620138344e-01
-4.750000000000000000e+00 1.688749537379655408e+01 4.212678812352005364e-01
-7.250000000000000000e+00 1.775352077758098801e+01 3.898073424072075466e-01
-6.250000000000000000e+00 1.775352077758098801e+01 3.901432252933695888e-01
-5.750000000000000000e+00 1.861954618136542905e+01 5.116627739902108729e-01
-4.750000000000000000e+00 1.861954618136542905e+01 5.121108943408634318e-01
-7.250000000000000000e+00 1.948557158514986298e+01 3.207993734325228496e-01
-6.250000000000000000e+00 1.948557158514986298e+01 3.209974495740050004e-01
-5.750000000000000000e+00 2.035159698893430402e+01 2.595873780131545683e-01
-4.750000000000000000e+00 2.035159698893430402e+01 2.598186709891605051e-01
-7.250000000000000000e+00 2.121762239271873796e+01 6.055630394018793883e-01
-6.250000000000000000e+00 2.121762239271873796e+01 6.055932707438191898e-01
-5.750000000000000000e+00 2.208364779650317899e+01 3.140191115051168547e-01
-4.750000000000000000e+00 2.208364779650317899e+01 3.140394323493731488e-01
-7.250000000000000000e+00 2.294967320028762003e+01 2.737024214566115554e-01
-6.250000000000000000e+00 2.294967320028762003e+01 2.737409877391391300e-01
-5.750000000000000000e+00 2.381569860407206107e+01 2.569438726429995601e-01
-4.750000000000000000e+00 2.381569860407206107e+01 2.569562199692186910e-01
-7.250000000000000000e+00 2.468172400785649501e+01 3.889411627510470093e-01
-6.250000000000000000e+00 2.468172400785649501e+01 3.889469907952169958e-01
-5.750000000000000000e+00 2.554774941164093605e+01 4.032277656608205807e-01
-4.750000000000000000e+00 2.554774941164093605e+01 4.032329429893465877e-01
-4.250000000000000000e+00 -2.554774941164094315e+01 4.032318386507355301e-01
-3.250000000000000000e+00 -2.554774941164094315e+01 4.032248544283811298e-01
-2.750000000000000000e+00 -2.468172400785650566e+01 3.889519550777874590e-01
-1.750000000000000000e+00 -2.468172400785650566e+01 3.889456722082502149e-01
-4.250000000000000000e+00 -2.381569860407206463e+01 2.569546877798811191e-01
-3.250000000000000000e+00 -2.381569860407206463e+01 2.569448376318886895e-01
-2.750000000000000000e+00 -2.294967320028762714e+01 2.737728606336065074e-01
-1.750000000000000000e+00 -2.294967320028762714e+01 2.737977594416404759e-01
-4.250000000000000000e+00 -2.208364779650318965e+01 3.140130727733806415e-01
-3.250000000000000000e+00 -2.208364779650318965e+01 3.140035461915240411e-01
-2.750000000000000000e+00 -2.121762239271875217e+01 6.056590851421522759e-01
-1.750000000000000000e+00 -2.121762239271875217e+01 6.057668604303310111e-01
-4.250000000000000000e+00 -2.035159698893431113e+01 2.596956352976159121e-01
-3.250000000000000000e+00 -2.035159698893431113e+01 2.599755404240793877e-01
-2.750000000000000000e+00 -1.948557158514987364e+01 3.204597116254518374e-01
-1.750000000000000000e+00 -1.948557158514987364e+01 3.206073041740702956e-01
-4.250000000000000000e+00 -1.861954618136543615e+01 5.122703031705944099e-01
-3.250000000000000000e+00 -1.861954618136543615e+01 5.125867310279593747e-01
-2.750000000000000000e+00 -1.775352077758099512e+01 3.894606381428818986e-01
-1.750000000000000000e+00 -1.775352077758099512e+01 3.904245585783129857e-01
-4.250000000000000000e+00 -1.688749537379655763e+01 4.197636966637698364e-01
-3.250000000000000000e+00 -1.688749537379655763e+01 4.194275515279833333e-01
-2.750000000000000000e+00 -1.602146997001212014e+01 2.965546029128599548e-01
-1.750000000000000000e+00 -1.602146997001212014e+01 2.970449581483401436e-01
-4.250000000000000000e+00 -1.515544456622767733e+01 5.196391745859689770e-01
-3.250000000000000000e+00 -1.515544456622767733e+01 5.212275869484152002e-01
-2.750000000000000000e+00 -1.428941916244323806e+01 4.659624941283481703e-01
-1.750000000000000000e+00 -1.428941916244323806e+01 4.628068306093040540e-01
-4.250000000000000000e+00 -1.342339375865880058e+01 2.809299525554303512e-01
-3.250000000000000000e+00 -1.342339375865880058e+01 2.805906747067233864e-01
-2.750000000000000000e+00 -1.255736835487436132e+01 4.843043054914290546e-01
-1.750000000000000000e+00 -1.255736835487436132e+01 4.826601041532497804e-01
-4.250000000000000000e+00 -1.169134295108992383e+01 3.828589755744398748e-01
-3.250000000000000000e+00 -1.169134295108992383e+01 3.721755833712440120e-01
-2.750000000000000000e+00 -1.082531754730548457e+01 3.185612393992870439e-01
-1.750000000000000000e+00 -1.082531754730548457e+01 3.130279910479205618e-01
-4.250000000000000000e+00 -9.959292143521047080e+00 3.835928097452829255e-01
-3.250000000000000000e+00 -9.959292143521047080e+00 3.770539270440158575e-01
-2.750000000000000000e+00 -9.093266739736607818e+00 3.258584829378438075e-01
-1.750000000000000000e+00 -9.093266739736607818e+00 3.136955320757084387e-01
-4.250000000000000000e+00 -8.227241335952170331e+00 3.165878311967172398e-01
-3.250000000000000000e+00 -8.227241335952170331e+00 3.157754749338076428e-01
-2.750000000000000000e+00 -7.361215932167732845e+00 3.263739754321461906e-01
-1.750000000000000000e+00 -7.361215932167732845e+00 3.382899074573041398e-01
-4.250000000000000000e+00 -6.495190528383291806e+00 2.741548098132466915e-01
-3.250000000000000000e+00 -6.495190528383291806e+00 3.023951919518410580e-01
-2.750000000000000000e+00 -5.629165124598854320e+00 2.826309618445075333e-01
-1.750000000000000000e+00 -5.629165124598854320e+00 3.142981383439323317e-01
-4.250000000000000000e+00 -4.763139720814413280e+00 2.789766534191630565e-01
-3.250000000000000000e+00 -4.763139720814413280e+00 3.389272455551017860e-01
-2.750000000000000000e+00 -3.897114317029975794e+00 2.085434853275533740e-01
-1.750000000000000000e+00 -3.897114317029975794e+00 2.978954480786262238e-01
-4.250000000000000000e+00 -3.031088913245538308e+00 3.110470365801109027e-01
-3.250000000000000000e+00 -3.031088913245538308e+00 2.981506749394318700e-01
-2.750000000000000000e+00 -2.165063509461100821e+00 2.779521447892457364e-01
-1.750000000000000000e+00 -2.165063509461100821e+00 2.416517525761996410e-01
-4.250000000000000000e+00 -1.299038105676659782e+00 2.630634133800164309e-01
-3.250000000000000000e+00 -1.299038105676659782e+00 3.180957038337677290e-01
-2.750000000000000000e+00 -4.330127018922222959e-01 3.105873460678581499e-01
-1.750000000000000000e+00 -4.330127018922222959e-01 2.551841450790676147e-01
-4.250000000000000000e+00 4.330127018922151905e-01 2.466700029617530099e-01
-3.250000000000000000e+00 4.330127018922151905e-01 2.418424337077484942e-01
-2.750000000000000000e+00 1.299038105676652677e+00 3.106889448542584087e-01
-1.750000000000000000e+00 1.299038105676652677e+00 2.552539664387120655e-01
-4.250000000000000000e+00 2.165063509461093716e+00 2.627996918335419041e-01
-3.250000000000000000e+00 2.165063509461093716e+00 3.178189634002524522e-01
-2.750000000000000000e+00 3.031088913245531202e+00 2.784102344922509409e-01
-1.750000000000000000e+00 3.031088913245531202e+00 2.421710336905683325e-01
-4.250000000000000000e+00 3.897114317029972241e+00 3.108301610838681839e-01
-3.250000000000000000e+00 3.897114317029972241e+00 2.978063486565295515e-01
-2.750000000000000000e+00 4.763139720814409728e+00 2.087020304426097650e-01
-1.750000000000000000e+00 4.763139720814409728e+00 2.979173067364310756e-01
-4.250000000000000000e+00 5.629165124598847214e+00 2.824762694658535800e-01
-3.250000000000000000e+00 5.629165124598847214e+00 3.427850279356537411e-01
-2.750000000000000000e+00 6.495190528383284700e+00 2.772043876478995084e-01
-1.750000000000000000e+00 6.495190528383284700e+00 3.081183545668175205e-01
-4.250000000000000000e+00 7.361215932167725740e+00 2.874654865228482015e-01
-3.250000000000000000e+00 7.361215932167725740e+00 3.169477453044771131e-01
-2.750000000000000000e+00 8.227241335952166779e+00 3.239085345269482885e-01
-1.750000000000000000e+00 8.227241335952166779e+00 3.362513866567641285e-01
-4.250000000000000000e+00 9.093266739736600712e+00 3.077610885957752229e-01
-3.250000000000000000e+00 9.093266739736600712e+00 3.069314627979922161e-01
-2.750000000000000000e+00 9.959292143521041751e+00 3.930952210391500667e-01
-1.750000000000000000e+00 9.959292143521041751e+00 3.815436855250577408e-01
-4.250000000000000000e+00 1.082531754730548279e+01 3.149590713692027588e-01
-3.250000000000000000e+00 1.082531754730548279e+01 3.088122000019435931e-01
-2.750000000000000000e+00 1.169134295108992383e+01 3.753415800183527717e-01
-1.750000000000000000e+00 1.169134295108992383e+01 3.679432863933448372e-01
-4.250000000000000000e+00 1.255736835487435776e+01 4.982592188216881102e-01
-3.250000000000000000e+00 1.255736835487435776e+01 4.901067838108996710e-01
-2.750000000000000000e+00 1.342339375865879880e+01 2.745547229833560920e-01
-1.750000000000000000e+00 1.342339375865879880e+01 2.731330543720809079e-01
-4.250000000000000000e+00 1.428941916244323274e+01 4.660368625053340486e-01
-3.250000000000000000e+00 1.428941916244323274e+01 4.652087346940744217e-01
-2.750000000000000000e+00 1.515544456622767377e+01 5.251671000616533469e-01
-1.750000000000000000e+00 1.515544456622767377e+01 5.226327121117386731e-01
-4.250000000000000000e+00 1.602146997001211304e+01 2.930577220910026703e-01
-3.250000000000000000e+00 1.602146997001211304e+01 2.940924791014257189e-01
-2.750000000000000000e+00 1.688749537379655408e+01 4.226008502971708714e-01
-1.750000000000000000e+00 1.688749537379655408e+01 4.217047783047855880e-01
-4.250000000000000000e+00 1.775352077758098801e+01 3.899429597401351533e-01
-3.250000000000000000e+00 1.775352077758098801e+01 3.902670822750382573e-01
-2.750000000000000000e+00 1.861954618136542905e+01 5.120057996272258105e-01
-1.750000000000000000e+00 1.861954618136542905e+01 5.129882506959079214e-01
-4.250000000000000000e+00 1.948557158514986298e+01 3.210717673460942723e-01
-3.250000000000000000e+00 1.948557158514986298e+01 3.210731374142311578e-01
-2.750000000000000000e+00 2.035159698893430402e+01 2.595219652803528176e-01
-1.750000000000000000e+00 2.035159698893430402e+01 2.599375407369752811e-01
-4.250000000000000000e+00 2.121762239271873796e+01 6.056197889141370361e-01
-3.250000000000000000e+00 2.121762239271873796e+01 6.058353991024558738e-01
-2.750000000000000000e+00 2.208364779650317899e+01 3.140143695680305269e-01
-1.750000000000000000e+00 2.208364779650317899e+01 3.140678488622783981e-01
-4.250000000000000000e+00 2.294967320028762003e+01 2.737200522038532591e-01
-3.250000000000000000e+00 2.294967320028762003e+01 2.738089379604971563e-01
-2.750000000000000000e+00 2.381569860407206107e+01 2.569797809783173625e-01
-1.750000000000000000e+00 2.381569860407206107e+01 2.570105088523941261e-01
-4.250000000000000000e+00 2.468172400785649501e+01 3.889439292912931778e-01
-3.250000000000000000e+00 2.468172400785649501e+01 3.889494800302054078e-01
-2.750000000000000000e+00 2.554774941164093605e+01 4.032539117169880449e-01
-1.750000000000000000e+00 2.554774941164093605e+01 4.032552386327020177e-01
-1.250000000000000000e+00 -2.554774941164094315e+01 4.032238696443959936e-01
-2.500000000000000000e-01 -2.554774941164094315e+01 4.032316657736257359e-01
2.500000000000000000e-01 -2.468172400785650566e+01 3.889406164177382497e-01
1.250000000000000000e+00 -2.468172400785650566e+01 3.889563427736698054e-01
-1.250000000000000000e+00 -2.381569860407206463e+01 2.569475255098786493e-01
-2.500000000000000000e-01 -2.381569860407206463e+01 2.569768043162643512e-01
2.500000000000000000e-01 -2.294967320028762714e+01 2.737520494959394535e-01
1.250000000000000000e+00 -2.294967320028762714e+01 2.738180772594682177e-01
-1.250000000000000000e+00 -2.208364779650318965e+01 3.139946966568829545e-01
-2.500000000000000000e-01 -2.208364779650318965e+01 3.140531010128647105e-01
2.500000000000000000e-01 -2.121762239271875217e+01 6.056455485904375102e-01
1.250000000000000000e+00 -2.121762239271875217e+01 6.058803814134426924e-01
-1.250000000000000000e+00 -2.035159698893431113e+01 2.598309265264907020e-01
-2.500000000000000000e-01 -2.035159698893431113e+01 2.600314845631148675e-01
2.500000000000000000e-01 -1.948557158514987364e+01 3.204427727482333510e-01
1.250000000000000000e+00 -1.948557158514987364e+01 3.207909631290729591e-01
-1.250000000000000000e+00 -1.861954618136543615e+01 5.124789861114502632e-01
-2.500000000000000000e-01 -1.861954618136543615e+01 5.130175284850795325e-01
2.500000000000000000e-01 -1.775352077758099512e+01 3.899746054016137720e-01
1.250000000000000000e+00 -1.775352077758099512e+01 3.899627857326716240e-01
-1.250000000000000000e+00 -1.688749537379655763e+01 4.192627133837258935e-01
-2.500000000000000000e-01 -1.688749537379655763e+01 4.196025955884176706e-01
2.500000000000000000e-01 -1.602146997001212014e+01 2.965933959490689720e-01
1.250000000000000000e+00 -1.602146997001212014e+01 2.968973650667706687e-01
-1.250000000000000000e+00 -1.515544456622767733e+01 5.201024249411191347e-01
-2.500000000000000000e-01 -1.515544456622767733e+01 5.204799897214816840e-01
2.500000000000000000e-01 -1.428941916244323806e+01 4.632316102297984184e-01
1.250000000000000000e+00 -1.428941916244323806e+01 4.638047325604152116e-01
-1.250000000000000000e+00 -1.342339375865880058e+01 2.836453324058365588e-01
-2.500000000000000000e-01 -1.342339375865880058e+01 2.811826330203928692e-01
2.500000000000000000e-01 -1.255736835487436132e+01 4.844606051052732787e-01
1.250000000000000000e+00 -1.255736835487436132e+01 4.823510725177529435e-01
-1.250000000000000000e+00 -1.169134295108992383e+01 3.819441578265633241e-01
-2.500000000000000000e-01 -1.169134295108992383e+01 3.734073321608034624e-01
2.500000000000000000e-01 -1.082531754730548457e+01 3.226179030822005078e-01
1.250000000000000000e+00 -1.082531754730548457e+01 3.125814196834193481e-01
-1.250000000000000000e+00 -9.959292143521047080e+00 3.800811162956226896e-01
-2.500000000000000000e-01 -9.959292143521047080e+00 3.768631646401230384e-01
2.500000000000000000e-01 -9.093266739736607818e+00 3.241674393431929757e-01
1.250000000000000000e+00 -9.093266739736607818e+00 3.144117981035286502e-01
-1.250000000000000000e+00 -8.227241335952170331e+00 3.102371731022741663e-01
-2.500000000000000000e-01 -8.227241335952170331e+00 3.115306934215847923e-01
2.500000000000000000e-01 -7.361215932167732845e+00 3.218469519103475673e-01
1.250000000000000000e+00 -7.361215932167732845e+00 3.384247338980846953e-01
-1.250000000000000000e+00 -6.495190528383291806e+00 2.797745990836740249e-01
-2.500000000000000000e-01 -6.495190528383291806e+00 3.011707171148698681e-01
2.500000000000000000e-01 -5.629165124598854320e+00 2.687829638404024557e-01
1.250000000000000000e+00 -5.629165124598854320e+00 3.139946627259186940e-01
-1.250000000000000000e+00 -4.763139720814413280e+00 3.108912922274478796e-01
-2.500000000000000000e-01 -4.763139720814413280e+00 3.476240709852148614e-01
2.500000000000000000e-01 -3.897114317029975794e+00 2.630076986748283163e-01
1.250000000000000000e+00 -3.897114317029975794e+00 2.978958198239110011e-01
-1.250000000000000000e+00 -3.031088913245538308e+00 2.783682689673099286e-01
-2.500000000000000000e-01 -3.031088913245538308e+00 3.185158969708162813e-01
2.500000000000000000e-01 -2.165063509461100821e+00 3.104661164747060109e-01
1.250000000000000000e+00 -2.165063509461100821e+00 2.417324052492928477e-01
-1.250000000000000000e+00 -1.299038105676659782e+00 3.628447663693625813e-01
-2.500000000000000000e-01 -1.299038105676659782e+00 2.552504449453517066e-01
2.500000000000000000e-01 -4.330127018922222959e-01 4.540388325767388267e-01
1.250000000000000000e+00 -4.330127018922222959e-01 2.551841450790698351e-01
-1.250000000000000000e+00 4.330127018922151905e-01 4.540899654099504468e-01
-2.500000000000000000e-01 4.330127018922151905e-01 1.391899250688920055e-06
2.500000000000000000e-01 1.299038105676652677e+00 4.541551167013366808e-01
1.250000000000000000e+00 1.299038105676652677e+00 2.553090927861288995e-01
-1.250000000000000000e+00 2.165063509461093716e+00 3.627967371941495101e-01
-2.500000000000000000e-01 2.165063509461093716e+00 2.550732557657710564e-01
2.500000000000000000e-01 3.031088913245531202e+00 3.110524347196170769e-01
1.250000000000000000e+00 3.031088913245531202e+00 2.424091375403961413e-01
-1.250000000000000000e+00 3.897114317029972241e+00 2.783816699650267790e-01
-2.500000000000000000e-01 3.897114317029972241e+00 3.181894859660633901e-01
2.500000000000000000e-01 4.763139720814409728e+00 2.634521642967396216e-01
1.250000000000000000e+00 4.763139720814409728e+00 2.980568223569878272e-01
-1.250000000000000000e+00 5.629165124598847214e+00 3.148712647015105559e-01
-2.500000000000000000e-01 5.629165124598847214e+00 3.514890224297353427e-01
2.500000000000000000e-01 6.495190528383284700e+00 2.629881101255253650e-01
1.250000000000000000e+00 6.495190528383284700e+00 3.081120970372829837e-01
-1.250000000000000000e+00 7.361215932167725740e+00 2.951876414411824245e-01
-2.500000000000000000e-01 7.361215932167725740e+00 3.155105639334568335e-01
2.500000000000000000e-01 8.227241335952166779e+00 3.198411774464848811e-01
1.250000000000000000e+00 8.227241335952166779e+00 3.365201912772619597e-01
-1.250000000000000000e+00 9.093266739736600712e+00 3.032867322823004086e-01
-2.500000000000000000e-01 9.093266739736600712e+00 3.028539327431760686e-01
2.500000000000000000e-01 9.959292143521041751e+00 3.939389364182213082e-01
1.250000000000000000e+00 9.959292143521041751e+00 3.820869788429041014e-01
-1.250000000000000000e+00 1.082531754730548279e+01 3.119004105920382131e-01
-2.500000000000000000e-01 1.082531754730548279e+01 3.089783545826098599e-01
2.500000000000000000e-01 1.169134295108992383e+01 3.798954921100080595e-01
1.250000000000000000e+00 1.169134295108992383e+01 3.687098272075862160e-01
-1.250000000000000000e+00 1.255736835487435776e+01 4.998952143268992065e-01
-2.500000000000000000e-01 1.255736835487435776e+01 4.899120760545399023e-01
2.500000000000000000e-01 1.342339375865879880e+01 2.744405459680102632e-01
1.250000000000000000e+00 1.342339375865879880e+01 2.731128526115949584e-01
-1.250000000000000000e+00 1.428941916244323274e+01 4.706308217683425887e-01
-2.500000000000000000e-01 1.428941916244323274e+01 4.658359646956342082e-01
2.500000000000000000e-01 1.515544456622767377e+01 5.233733988487277999e-01
1.250000000000000000e+00 1.515544456622767377e+01 5.224193968350178130e-01
-1.250000000000000000e+00 1.602146997001211304e+01 2.935998547830834249e-01
-2.500000000000000000e-01 1.602146997001211304e+01 2.946622012111479449e-01
2.500000000000000000e-01 1.688749537379655408e+01 4.225932887911998392e-01
1.250000000000000000e+00 1.688749537379655408e+01 4.225054715849608233e-01
-1.250000000000000000e+00 1.775352077758098801e+01 3.895850969393462870e-01
-2.500000000000000000e-01 1.775352077758098801e+01 3.898912176151393405e-01
2.500000000000000000e-01 1.861954618136542905e+01 5.124443662704136759e-01
1.250000000000000000e+00 1.861954618136542905e+01 5.132314833405351440e-01
-1.250000000000000000e+00 1.948557158514986298e+01 3.212116159935305415e-01
-2.500000000000000000e-01 1.948557158514986298e+01 3.213726532664398228e-01
2.500000000000000000e-01 2.035159698893430402e+01 2.595493034373179131e-01
1.250000000000000000e+00 2.035159698893430402e+01 2.598230350729129334e-01
-1.250000000000000000e+00 2.121762239271873796e+01 6.058263950162896538e-01
-2.500000000000000000e-01 2.121762239271873796e+01 6.061915209132935356e-01
2.500000000000000000e-01 2.208364779650317899e+01 3.140273146795065085e-01
1.250000000000000000e+00 2.208364779650317899e+01 3.141584987341575208e-01
-1.250000000000000000e+00 2.294967320028762003e+01 2.737757918074130159e-01
-2.500000000000000000e-01 2.294967320028762003e+01 2.738722788459871937e-01
2.500000000000000000e-01 2.381569860407206107e+01 2.570070367846337689e-01
1.250000000000000000e+00 2.381569860407206107e+01 2.570731603072352045e-01
-1.250000000000000000e+00 2.468172400785649501e+01 3.889498439737751889e-01
-2.500000000000000000e-01 2.468172400785649501e+01 3.889550837222325863e-01
2.500000000000000000e-01 2.554774941164093605e+01 4.032566450828564686e-01
1.250000000000000000e+00 2.554774941164093605e+01 4.032736128655812768e-01
1.750000000000000000e+00 -2.554774941164094315e+01 4.032191474532140218e-01
2.750000000000000000e+00 -2.554774941164094315e+01 4.032434010170440897e-01
3.250000000000000000e+00 -2.468172400785650566e+01 3.889387762603218612e-01
4.250000000000000000e+00 -2.468172400785650566e+01 3.889651000718387652e-01
1.750000000000000000e+00 -2.381569860407206463e+01 2.569477716709281934e-01
2.750000000000000000e+00 -2.381569860407206463e+01 2.570044166769472338e-01
3.250000000000000000e+00 -2.294967320028762714e+01 2.737255830321563277e-01
4.250000000000000000e+00 -2.294967320028762714e+01 2.737896627292897844e-01
1.750000000000000000e+00 -2.208364779650318965e+01 3.139868349815044812e-01
2.750000000000000000e+00 -2.208364779650318965e+01 3.141163062204183065e-01
3.250000000000000000e+00 -2.121762239271875217e+01 6.056036416174428449e-01
4.250000000000000000e+00 -2.121762239271875217e+01 6.057533067922641346e-01
1.750000000000000000e+00 -2.035159698893431113e+01 2.597917305505424990e-01
2.750000000000000000e+00 -2.035159698893431113e+01 2.598446183654415376e-01
3.250000000000000000e+00 -1.948557158514987364e+01 3.204750445323752972e-01
4.250000000000000000e+00 -1.948557158514987364e+01 3.208142083327630845e-01
1.750000000000000000e+00 -1.861954618136543615e+01 5.122680888876541827e-01
2.750000000000000000e+00 -1.861954618136543615e+01 5.126379703331600535e-01
3.250000000000000000e+00 -1.775352077758099512e+01 3.898118629818127512e-01
4.250000000000000000e+00 -1.775352077758099512e+01 3.896883335333033438e-01
1.750000000000000000e+00 -1.688749537379655763e+01 4.189156354752468503e-01
2.750000000000000000e+00 -1.688749537379655763e+01 4.200377524827872966e-01
3.250000000000000000e+00 -1.602146997001212014e+01 2.953452795599643688e-01
4.250000000000000000e+00 -1.602146997001212014e+01 2.955114037459547482e-01
1.750000000000000000e+00 -1.515544456622767733e+01 5.211581457559231190e-01
2.750000000000000000e+00 -1.515544456622767733e+01 5.204472213818146509e-01
3.250000000000000000e+00 -1.428941916244323806e+01 4.613422023314828757e-01
4.250000000000000000e+00 -1.428941916244323806e+01 4.635652227894088151e-01
1.750000000000000000e+00 -1.342339375865880058e+01 2.829307888006317162e-01
2.750000000000000000e+00 -1.342339375865880058e+01 2.802730623802471288e-01
3.250000000000000000e+00 -1.255736835487436132e+01 4.860485137857391558e-01
4.250000000000000000e+00 -1.255736835487436132e+01 4.842970616615694945e-01
1.750000000000000000e+00 -1.169134295108992383e+01 3.745843420096005572e-01
2.750000000000000000e+00 -1.169134295108992383e+01 3.735448010238134331e-01
3.250000000000000000e+00 -1.082531754730548457e+01 3.238084146536252539e-01
4.250000000000000000e+00 -1.082531754730548457e+01 3.151574503470769839e-01
1.750000000000000000e+00 -9.959292143521047080e+00 3.792358253593005046e-01
2.750000000000000000e+00 -9.959292143521047080e+00 3.769893893348541525e-01
3.250000000000000000e+00 -9.093266739736607818e+00 3.178108674621055174e-01
4.250000000000000000e+00 -9.093266739736607818e+00 3.138121249658380463e-01
1.750000000000000000e+00 -8.227241335952170331e+00 3.219061880774740092e-01
2.750000000000000000e+00 -8.227241335952170331e+00 3.151269440548598033e-01
3.250000000000000000e+00 -7.361215932167732845e+00 3.217088700744353824e-01
4.250000000000000000e+00 -7.361215932167732845e+00 3.263591481162705366e-01
1.750000000000000000e+00 -6.495190528383291806e+00 3.009219633295560081e-01
2.750000000000000000e+00 -6.495190528383291806e+00 3.025061776295893123e-01
3.250000000000000000e+00 -5.629165124598854320e+00 2.932900295621140296e-01
4.250000000000000000e+00 -5.629165124598854320e+00 3.083307806551763841e-01
1.750000000000000000e+00 -4.763139720814413280e+00 3.030835590571451799e-01
2.750000000000000000e+00 -4.763139720814413280e+00 3.390520726718035949e-01
3.250000000000000000e+00 -3.897114317029975794e+00 3.029427416792705441e-01
4.250000000000000000e+00 -3.897114317029975794e+00 3.101106852419159288e-01
1.750000000000000000e+00 -3.031088913245538308e+00 2.473181869108690423e-01
2.750000000000000000e+00 -3.031088913245538308e+00 2.981135613386328154e-01
3.250000000000000000e+00 -2.165063509461100821e+00 2.628099715009243886e-01
4.250000000000000000e+00 -2.165063509461100821e+00 3.470292889369372413e-01
1.750000000000000000e+00 -1.299038105676659782e+00 3.107136745064492667e-01
2.750000000000000000e+00 -1.299038105676659782e+00 3.180750150523814490e-01
3.250000000000000000e+00 -4.330127018922222959e-01 2.780408855954519254e-01
4.250000000000000000e+00 -4.330127018922222959e-01 2.976503663981328041e-01
1.750000000000000000e+00 4.330127018922151905e-01 3.627633609410353399e-01
2.750000000000000000e+00 4.330127018922151905e-01 2.418424337077497155e-01
3.250000000000000000e+00 1.299038105676652677e+00 2.780617366405240820e-01
4.250000000000000000e+00 1.299038105676652677e+00 2.978153491582935519e-01
1.750000000000000000e+00 2.165063509461093716e+00 3.104395390467605820e-01
2.750000000000000000e+00 2.165063509461093716e+00 3.178266888834092585e-01
3.250000000000000000e+00 3.031088913245531202e+00 2.634458574845663925e-01
4.250000000000000000e+00 3.031088913245531202e+00 3.476558591340237481e-01
1.750000000000000000e+00 3.897114317029972241e+00 2.466938567938598281e-01
2.750000000000000000e+00 3.897114317029972241e+00 2.979540524210791408e-01
3.250000000000000000e+00 4.763139720814409728e+00 3.028982760818859643e-01
4.250000000000000000e+00 4.763139720814409728e+00 3.102248247530555725e-01
1.750000000000000000e+00 5.629165124598847214e+00 3.068141994355587099e-01
2.750000000000000000e+00 5.629165124598847214e+00 3.431480876736638375e-01
3.250000000000000000e+00 6.495190528383284700e+00 2.864872416607620043e-01
4.250000000000000000e+00 6.495190528383284700e+00 3.024547218580722618e-01
1.750000000000000000e+00 7.361215932167725740e+00 3.158080556430780117e-01
2.750000000000000000e+00 7.361215932167725740e+00 3.171573595209350449e-01
3.250000000000000000e+00 8.227241335952166779e+00 3.194119953392879907e-01
4.250000000000000000e+00 8.227241335952166779e+00 3.243235543321015268e-01
1.750000000000000000e+00 9.093266739736600712e+00 3.128087531171996893e-01
2.750000000000000000e+00 9.093266739736600712e+00 3.070267261194318253e-01
3.250000000000000000e+00 9.959292143521041751e+00 3.858046271965959728e-01
4.250000000000000000e+00 9.959292143521041751e+00 3.822266447752218910e-01
1.750000000000000000e+00 1.082531754730548279e+01 3.105166571245849272e-01
2.750000000000000000e+00 1.082531754730548279e+01 3.087306102965501897e-01
3.250000000000000000e+00 1.169134295108992383e+01 3.783530661393651462e-01
4.250000000000000000e+00 1.169134295108992383e+01 3.717158947995168328e-01
1.750000000000000000e+00 1.255736835487435776e+01 4.928506140311916806e-01
2.750000000000000000e+00 1.255736835487435776e+01 4.902862280234449033e-01
3.250000000000000000e+00 1.342339375865879880e+01 2.755641614012162011e-01
4.250000000000000000e+00 1.342339375865879880e+01 2.740060364750983579e-01
1.750000000000000000e+00 1.428941916244323274e+01 4.684600009101667628e-01
2.750000000000000000e+00 1.428941916244323274e+01 4.666014184751080540e-01
3.250000000000000000e+00 1.515544456622767377e+01 5.209714112317604950e-01
4.250000000000000000e+00 1.515544456622767377e+01 5.227992063971805825e-01
1.750000000000000000e+00 1.602146997001211304e+01 2.940680502561409115e-01
2.750000000000000000e+00 1.602146997001211304e+01 2.942246750064543281e-01
3.250000000000000000e+00 1.688749537379655408e+01 4.208609208036999116e-01
4.250000000000000000e+00 1.688749537379655408e+01 4.219955233357183810e-01
1.750000000000000000e+00 1.775352077758098801e+01 3.892254682694045176e-01
2.750000000000000000e+00 1.775352077758098801e+01 3.897216136762191030e-01
3.250000000000000000e+00 1.861954618136542905e+01 5.123454927718168461e-01
4.250000000000000000e+00 1.861954618136542905e+01 5.123714942476542689e-01
1.750000000000000000e+00 1.948557158514986298e+01 3.210441460120649904e-01
2.750000000000000000e+00 1.948557158514986298e+01 3.215783508674971425e-01
3.250000000000000000e+00 2.035159698893430402e+01 2.595560539076483542e-01
4.250000000000000000e+00 2.035159698893430402e+01 2.596527250401541309e-01
1.750000000000000000e+00 2.121762239271873796e+01 6.059059544149003607e-01
2.750000000000000000e+00 2.121762239271873796e+01 6.061487219440994112e-01
3.250000000000000000e+00 2.208364779650317899e+01 3.140359636159303358e-01
4.250000000000000000e+00 2.208364779650317899e+01 3.141819817058755238e-01
1.750000000000000000e+00 2.294967320028762003e+01 2.737737998589943600e-01
2.750000000000000000e+00 2.294967320028762003e+01 2.738425573993080731e-01
3.250000000000000000e+00 2.381569860407206107e+01 2.570022402733317946e-01
4.250000000000000000e+00 2.381569860407206107e+01 2.570585193073134378e-01
1.750000000000000000e+00 2.468172400785649501e+01 3.889439682712751423e-01
2.750000000000000000e+00 2.468172400785649501e+01 3.889639023375125459e-01
3.250000000000000000e+00 2.554774941164093605e+01 4.032367839027007905e-01
4.250000000000000000e+00 2.554774941164093605e+01 4.032711581543634849e-01
4.750000000000000000e+00 -2.554774941164094315e+01 4.032176189987944914e-01
5.750000000000000000e+00 -2.554774941164094315e+01 4.032463852602427568e-01
6.250000000000000000e+00 -2.468172400785650566e+01 3.889437883331208212e-01
7.250000000000000000e+00 -2.468172400785650566e+01 3.889535330269224267e-01
4.750000000000000000e+00 -2.381569860407206463e+01 2.569516589557002684e-01
5.750000000000000000e+00 -2.381569860407206463e+01 2.569849502346219783e-01
6.250000000000000000e+00 -2.294967320028762714e+01 2.737116089356672610e-01
7.250000000000000000e+00 -2.294967320028762714e+01 2.737357520011405310e-01
4.750000000000000000e+00 -2.208364779650318965e+01 3.140063480706555277e-01
5.750000000000000000e+00 -2.208364779650318965e+01 3.140742567166335819e-01
6.250000000000000000e+00 -2.121762239271875217e+01 6.055600945434236326e-01
7.250000000000000000e+00 -2.121762239271875217e+01 6.055956494762846365e-01
4.750000000000000000e+00 -2.035159698893431113e+01 2.596353262950663043e-01
5.750000000000000000e+00 -2.035159698893431113e+01 2.596800131659832700e-01
6.250000000000000000e+00 -1.948557158514987364e+01 3.204780207231905376e-01
7.250000000000000000e+00 -1.948557158514987364e+01 3.206026769984590130e-01
4.750000000000000000e+00 -1.861954618136543615e+01 5.118794854770033487e-01
5.750000000000000000e+00 -1.861954618136543615e+01 5.120507553076455443e-01
6.250000000000000000e+00 -1.775352077758099512e+01 3.892834628356474092e-01
7.250000000000000000e+00 -1.775352077758099512e+01 3.895344485643881249e-01
4.750000000000000000e+00 -1.688749537379655763e+01 4.188663406529053446e-01
5.750000000000000000e+00 -1.688749537379655763e+01 4.197207127247225000e-01
6.250000000000000000e+00 -1.602146997001212014e+01 2.940935646157937788e-01
7.250000000000000000e+00 -1.602146997001212014e+01 2.943467422586019122e-01
4.750000000000000000e+00 -1.515544456622767733e+01 5.207013537317389806e-01
5.750000000000000000e+00 -1.515544456622767733e+01 5.207726041182132448e-01
6.250000000000000000e+00 -1.428941916244323806e+01 4.609030219484794300e-01
7.250000000000000000e+00 -1.428941916244323806e+01 4.620306701004411876e-01
4.750000000000000000e+00 -1.342339375865880058e+01 2.799650786999087759e-01
5.750000000000000000e+00 -1.342339375865880058e+01 2.785932792922359291e-01
6.250000000000000000e+00 -1.255736835487436132e+01 4.857032355625590658e-01
7.250000000000000000e+00 -1.255736835487436132e+01 4.849785597500633205e-01
4.750000000000000000e+00 -1.169134295108992383e+01 3.703251487822853960e-01
5.750000000000000000e+00 -1.169134295108992383e+01 3.717175090210621535e-01
6.250000000000000000e+00 -1.082531754730548457e+01 3.202559497316344594e-01
7.250000000000000000e+00 -1.082531754730548457e+01 3.159272496067993541e-01
4.750000000000000000e+00 -9.959292143521047080e+00 3.819733118561958740e-01
5.750000000000000000e+00 -9.959292143521047080e+00 3.778261104975555451e-01
6.250000000000000000e+00 -9.093266739736607818e+00 3.139176976174631872e-01
7.250000000000000000e+00 -9.093266739736607818e+00 3.148194825896156734e-01
4.750000000000000000e+00 -8.227241335952170331e+00 3.319035052244389550e-01
5.750000000000000000e+00 -8.227241335952170331e+00 3.222964229493693877e-01
6.250000000000000000e+00 -7.361215932167732845e+00 3.282768985790796012e-01
7.250000000000000000e+00 -7.361215932167732845e+00 3.193633392960016359e-01
4.750000000000000000e+00 -6.495190528383291806e+00 3.070324296941775999e-01
5.750000000000000000e+00 -6.495190528383291806e+00 3.028293138744834190e-01
6.250000000000000000e+00 -5.629165124598854320e+00 3.149814296655261137e-01
7.250000000000000000e+00 -5.629165124598854320e+00 3.162517059479800774e-01
4.750000000000000000e+00 -4.763139720814413280e+00 3.030963643649719486e-01
5.750000000000000000e+00 -4.763139720814413280e+00 3.257927190402019058e-01
6.250000000000000000e+00 -3.897114317029975794e+00 3.092957905046915257e-01
7.250000000000000000e+00 -3.897114317029975794e+00 3.010620839332090459e-01
4.750000000000000000e+00 -3.031088913245538308e+00 2.651862146338866966e-01
5.750000000000000000e+00 -3.031088913245538308e+00 3.035468166681674074e-01
6.250000000000000000e+00 -2.165063509461100821e+00 2.814885625936597302e-01
7.250000000000000000e+00 -2.165063509461100821e+00 3.253592482089911475e-01
4.750000000000000000e+00 -1.299038105676659782e+00 3.106778518198192174e-01
5.750000000000000000e+00 -1.299038105676659782e+00 3.099554286645342382e-01
6.250000000000000000e+00 -4.330127018922222959e-01 2.785020719967554736e-01
7.250000000000000000e+00 -4.330127018922222959e-01 3.041043992673752583e-01
4.750000000000000000e+00 4.330127018922151905e-01 2.082973791748461978e-01
5.750000000000000000e+00 4.330127018922151905e-01 3.387037561288963050e-01
6.250000000000000000e+00 1.299038105676652677e+00 2.787421052893899187e-01
7.250000000000000000e+00 1.299038105676652677e+00 3.042414555787449348e-01
4.750000000000000000e+00 2.165063509461093716e+00 3.104276548432765570e-01
5.750000000000000000e+00 2.165063509461093716e+00 3.096988890369934966e-01
6.250000000000000000e+00 3.031088913245531202e+00 2.822657975050566481e-01
7.250000000000000000e+00 3.031088913245531202e+00 3.259836328438989184e-01
4.750000000000000000e+00 3.897114317029972241e+00 2.649011624490690830e-01
5.750000000000000000e+00 3.897114317029972241e+00 3.032581019077997819e-01
6.250000000000000000e+00 4.763139720814409728e+00 3.093427551205523152e-01
7.250000000000000000e+00 4.763139720814409728e+00 3.011471517738493753e-01
4.750000000000000000e+00 5.629165124598847214e+00 3.072887372310236787e-01
5.750000000000000000e+00 5.629165124598847214e+00 3.296856538932323444e-01
6.250000000000000000e+00 6.495190528383284700e+00 3.091527969904138695e-01
7.250000000000000000e+00 6.495190528383284700e+00 3.101516072815179714e-01
4.750000000000000000e+00 7.361215932167725740e+00 3.212463744744980532e-01
5.750000000000000000e+00 7.361215932167725740e+00 3.175164967924249959e-01
6.250000000000000000e+00 8.227241335952166779e+00 3.267069689124459941e-01
7.250000000000000000e+00 8.227241335952166779e+00 3.173454058339737482e-01
4.750000000000000000e+00 9.093266739736600712e+00 3.225026438761461334e-01
5.750000000000000000e+00 9.093266739736600712e+00 3.138327588204657959e-01
6.250000000000000000e+00 9.959292143521041751e+00 3.816635277564967010e-01
7.250000000000000000e+00 9.959292143521041751e+00 3.832696115672097337e-01
4.750000000000000000e+00 1.082531754730548279e+01 3.136931860310518960e-01
5.750000000000000000e+00 1.082531754730548279e+01 3.093234032655759469e-01
6.250000000000000000e+00 1.169134295108992383e+01 3.757858033113187224e-01
7.250000000000000000e+00 1.169134295108992383e+01 3.716757244517587266e-01
4.750000000000000000e+00 1.255736835487435776e+01 4.871525403013089450e-01
5.750000000000000000e+00 1.255736835487435776e+01 4.895759820648372118e-01
6.250000000000000000e+00 1.342339375865879880e+01 2.760184124958134921e-01
7.250000000000000000e+00 1.342339375865879880e+01 2.748304744507386044e-01
4.750000000000000000e+00 1.428941916244323274e+01 4.646328036950666540e-01
5.750000000000000000e+00 1.428941916244323274e+01 4.646376068183137864e-01
6.250000000000000000e+00 1.515544456622767377e+01 5.202045985291885444e-01
7.250000000000000000e+00 1.515544456622767377e+01 5.221568695742507815e-01
4.750000000000000000e+00 1.602146997001211304e+01 2.939066593956002338e-01
5.750000000000000000e+00 1.602146997001211304e+01 2.935582887158624810e-01
6.250000000000000000e+00 1.688749537379655408e+01 4.197691232802404082e-01
7.250000000000000000e+00 1.688749537379655408e+01 4.202574031569804580e-01
4.750000000000000000e+00 1.775352077758098801e+01 3.891196734046166728e-01
5.750000000000000000e+00 1.775352077758098801e+01 3.899194519674217263e-01
6.250000000000000000e+00 1.861954618136542905e+01 5.119034330782252784e-01
7.250000000000000000e+00 1.861954618136542905e+01 5.117927481267201539e-01
4.750000000000000000e+00 1.948557158514986298e+01 3.207871392380662323e-01
5.750000000000000000e+00 1.948557158514986298e+01 3.212080698030622683e-01
6.250000000000000000e+00 2.035159698893430402e+01 2.595268797869629274e-01
7.250000000000000000e+00 2.035159698893430402e+01 2.596468535010777456e-01
4.750000000000000000e+00 2.121762239271873796e+01 6.057676658428826633e-01
5.750000000000000000e+00 2.121762239271873796e+01 6.057638607245490192e-01
6.250000000000000000e+00 2.208364779650317899e+01 3.140294731341930490e-01
7.250000000000000000e+00 2.208364779650317899e+01 3.140832260944494969e-01
4.750000000000000000e+00 2.294967320028762003e+01 2.737292737956648625e-01
5.750000000000000000e+00 2.294967320028762003e+01 2.737577435497678957e-01
6.250000000000000000e+00 2.381569860407206107e+01 2.569745543821162492e-01
7.250000000000000000e+00 2.381569860407206107e+01 2.569853238031014064e-01
4.750000000000000000e+00 2.468172400785649501e+01 3.889393107385216708e-01
5.750000000000000000e+00 2.468172400785649501e+01 3.889603880374032929e-01
6.250000000000000000e+00 2.554774941164093605e+01 4.032207815451585575e-01
7.250000000000000000e+00 2.554774941164093605e+01 4.032461766986235041e-01
