-7.250000000000000000e+00 -2.554774941164094315e+01 1.787160407572287446e-01
-6.250000000000000000e+00 -2.554774941164094315e+01 1.787160143339535656e-01
-5.750000000000000000e+00 -2.468172400785650566e+01 1.706822142389174402e-01
-4.750000000000000000e+00 -2.468172400785650566e+01 1.706821761203387855e-01
-7.250000000000000000e+00 -2.381569860407206463e+01 3.136778790337892142e-02
-6.250000000000000000e+00 -2.381569860407206463e+01 3.136775683376194501e-02
-5.750000000000000000e+00 -2.294967320028762714e+01 1.135101743354086923e-01
-4.750000000000000000e+00 -2.294967320028762714e+01 1.135100385132743334e-01
-7.250000000000000000e+00 -2.208364779650318965e+01 8.925191577463524595e-02
-6.250000000000000000e+00 -2.208364779650318965e+01 8.925172774984374557e-02
-5.750000000000000000e+00 -2.121762239271875217e+01 3.473291835386432824e-02
-4.750000000000000000e+00 -2.121762239271875217e+01 3.473259754056325088e-02
-7.250000000000000000e+00 -2.035159698893431113e+01 5.183393574712785723e-02
-6.250000000000000000e+00 -2.035159698893431113e+01 5.183330648149684500e-02
-5.750000000000000000e+00 -1.948557158514987364e+01 3.438755538580541560e-02
-4.750000000000000000e+00 -1.948557158514987364e+01 3.438632833181350101e-02
-7.250000000000000000e+00 -1.861954618136543615e+01 2.613434877910740528e-02
-6.250000000000000000e+00 -1.861954618136543615e+01 2.613327736102136895e-02
-5.750000000000000000e+00 -1.775352077758099512e+01 2.539858860720801970e-02
-4.750000000000000000e+00 -1.775352077758099512e+01 2.539451326496284730e-02
-7.250000000000000000e+00 -1.688749537379655763e+01 2.085574056309716026e-02
-6.250000000000000000e+00 -1.688749537379655763e+01 2.085397030190784193e-02
-5.750000000000000000e+00 -1.602146997001212014e+01 2.150744662145004371e-02
-4.750000000000000000e+00 -1.602146997001212014e+01 2.150208383748511767e-02
-7.250000000000000000e+00 -1.515544456622767733e+01 1.961966904464948133e-02
-6.250000000000000000e+00 -1.515544456622767733e+01 1.961054995398898992e-02
-5.750000000000000000e+00 -1.428941916244323806e+01 1.954118909237648194e-02
-4.750000000000000000e+00 -1.428941916244323806e+01 1.954454900023152100e-02
-7.250000000000000000e+00 -1.342339375865880058e+01 1.978681025645728786e-02
-6.250000000000000000e+00 -1.342339375865880058e+01 1.976864525998131561e-02
-5.750000000000000000e+00 -1.255736835487436132e+01 1.918887058069659174e-02
-4.750000000000000000e+00 -1.255736835487436132e+01 1.918203437512398107e-02
-7.250000000000000000e+00 -1.169134295108992383e+01 1.933740154289152746e-02
-6.250000000000000000e+00 -1.169134295108992383e+01 1.939282455817293443e-02
-5.750000000000000000e+00 -1.082531754730548457e+01 1.928567988390164634e-02
-4.750000000000000000e+00 -1.082531754730548457e+01 1.929897797202682896e-02
-7.250000000000000000e+00 -9.959292143521047080e+00 1.920209283821272192e-02
-6.250000000000000000e+00 -9.959292143521047080e+00 1.934456640795519100e-02
-5.750000000000000000e+00 -9.093266739736607818e+00 1.890026355516649312e-02
-4.750000000000000000e+00 -9.093266739736607818e+00 1.935206145480018042e-02
-7.250000000000000000e+00 -8.227241335952170331e+00 1.929877962783416862e-02
-6.250000000000000000e+00 -8.227241335952170331e+00 1.931491466254822015e-02
-5.750000000000000000e+00 -7.361215932167732845e+00 1.903156340603197327e-02
-4.750000000000000000e+00 -7.361215932167732845e+00 1.978467812077538968e-02
-7.250000000000000000e+00 -6.495190528383291806e+00 1.878706161043704886e-02
-6.250000000000000000e+00 -6.495190528383291806e+00 1.946072018077445176e-02
-5.750000000000000000e+00 -5.629165124598854320e+00 1.926197585221759573e-02
-4.750000000000000000e+00 -5.629165124598854320e+00 1.979510289568423356e-02
-7.250000000000000000e+00 -4.763139720814413280e+00 1.871563149474241711e-02
-6.250000000000000000e+00 -4.763139720814413280e+00 2.008543855130983172e-02
-5.750000000000000000e+00 -3.897114317029975794e+00 1.824468138681694523e-02
-4.750000000000000000e+00 -3.897114317029975794e+00 2.041506115404696786e-02
-7.250000000000000000e+00 -3.031088913245538308e+00 1.933454473928029882e-02
-6.250000000000000000e+00 -3.031088913245538308e+00 1.990095744606496658e-02
-5.750000000000000000e+00 -2.165063509461100821e+00 1.853247728841611597e-02
-4.750000000000000000e+00 -2.165063509461100821e+00 2.024024312924889435e-02
-7.250000000000000000e+00 -1.299038105676659782e+00 1.887851043627779626e-02
-6.250000000000000000e+00 -1.299038105676659782e+00 2.041500977819389606e-02
-5.750000000000000000e+00 -4.330127018922222959e-01 1.928272545215956729e-02
-4.750000000000000000e+00 -4.330127018922222959e-01 2.045657945268630068e-02
-7.250000000000000000e+00 4.330127018922151905e-01 1.850077296664535270e-02
-6.250000000000000000e+00 4.330127018922151905e-01 2.020860018638104272e-02
-5.750000000000000000e+00 1.299038105676652677e+00 1.928264693112796344e-02
-4.750000000000000000e+00 1.299038105676652677e+00 2.045649821444201280e-02
-7.250000000000000000e+00 2.165063509461093716e+00 1.887874544870783711e-02
-6.250000000000000000e+00 2.165063509461093716e+00 2.041517307980586504e-02
-5.750000000000000000e+00 3.031088913245531202e+00 1.853237418790071311e-02
-4.750000000000000000e+00 3.031088913245531202e+00 2.024005278895028848e-02
-7.250000000000000000e+00 3.897114317029972241e+00 1.933457842276925520e-02
-6.250000000000000000e+00 3.897114317029972241e+00 1.990098883722909648e-02
-5.750000000000000000e+00 4.763139720814409728e+00 1.824600148587670820e-02
-4.750000000000000000e+00 4.763139720814409728e+00 2.041616459708945133e-02
-7.250000000000000000e+00 5.629165124598847214e+00 1.871264654442169467e-02
-6.250000000000000000e+00 5.629165124598847214e+00 2.008259249517557396e-02
-5.750000000000000000e+00 6.495190528383284700e+00 1.926851743712821100e-02
-4.750000000000000000e+00 6.495190528383284700e+00 1.980168873916642036e-02
-7.250000000000000000e+00 7.361215932167725740e+00 1.878233273618887950e-02
-6.250000000000000000e+00 7.361215932167725740e+00 1.945580405630378817e-02
-5.750000000000000000e+00 8.227241335952166779e+00 1.902883488576995533e-02
-4.750000000000000000e+00 8.227241335952166779e+00 1.978192520507073004e-02
-7.250000000000000000e+00 9.093266739736600712e+00 1.933596381477403064e-02
-6.250000000000000000e+00 9.093266739736600712e+00 1.935200204797566867e-02
-5.750000000000000000e+00 9.959292143521041751e+00 1.883671703074359799e-02
-4.750000000000000000e+00 9.959292143521041751e+00 1.928785857124432068e-02
-7.250000000000000000e+00 1.082531754730548279e+01 1.928571739040780414e-02
-6.250000000000000000e+00 1.082531754730548279e+01 1.942860570499525125e-02
-5.750000000000000000e+00 1.169134295108992383e+01 1.935039810720299430e-02
-4.750000000000000000e+00 1.169134295108992383e+01 1.936374438246814267e-02
-7.250000000000000000e+00 1.255736835487435776e+01 1.909082561917150450e-02
-6.250000000000000000e+00 1.255736835487435776e+01 1.914594705708080880e-02
-5.750000000000000000e+00 1.342339375865879880e+01 1.980197599225329286e-02
-4.750000000000000000e+00 1.342339375865879880e+01 1.979532523986331574e-02
-7.250000000000000000e+00 1.428941916244323274e+01 1.954700422971598905e-02
-6.250000000000000000e+00 1.428941916244323274e+01 1.952861323882631311e-02
-5.750000000000000000e+00 1.515544456622767377e+01 1.959705299883588575e-02
-4.750000000000000000e+00 1.515544456622767377e+01 1.959990979526442939e-02
-7.250000000000000000e+00 1.602146997001211304e+01 2.151736000771756890e-02
-6.250000000000000000e+00 1.602146997001211304e+01 2.150846592415204400e-02
-5.750000000000000000e+00 1.688749537379655408e+01 2.084831010861585079e-02
-4.750000000000000000e+00 1.688749537379655408e+01 2.084305697166855334e-02
-7.250000000000000000e+00 1.775352077758098801e+01 2.539707387569040825e-02
-6.250000000000000000e+00 1.775352077758098801e+01 2.539509728760074025e-02
-5.750000000000000000e+00 1.861954618136542905e+01 2.613459248894163880e-02
-4.750000000000000000e+00 1.861954618136542905e+01 2.613068214185369081e-02
-7.250000000000000000e+00 1.948557158514986298e+01 3.438635604925451700e-02
-6.250000000000000000e+00 1.948557158514986298e+01 3.438520255427107708e-02
-5.750000000000000000e+00 2.035159698893430402e+01 5.183411888367829568e-02
-4.750000000000000000e+00 2.035159698893430402e+01 5.183272098156514740e-02
-7.250000000000000000e+00 2.121762239271873796e+01 3.473283381454255608e-02
-6.250000000000000000e+00 2.121762239271873796e+01 3.473228589852382642e-02
-5.750000000000000000e+00 2.208364779650317899e+01 8.925182932670572278e-02
-4.750000000000000000e+00 2.208364779650317899e+01 8.925149150400113474e-02
-7.250000000000000000e+00 2.294967320028762003e+01 1.135102103414981911e-01
-6.250000000000000000e+00 2.294967320028762003e+01 1.135099819428621315e-01
-5.750000000000000000e+00 2.381569860407206107e+01 3.136774558218222153e-02
-4.750000000000000000e+00 2.381569860407206107e+01 3.136766839784832506e-02
-7.250000000000000000e+00 2.468172400785649501e+01 1.706822207326836316e-01
-6.250000000000000000e+00 2.468172400785649501e+01 1.706821542894355614e-01
-5.750000000000000000e+00 2.554774941164093605e+01 1.787160284246195885e-01
-4.750000000000000000e+00 2.554774941164093605e+01 1.787159526296986101e-01
-4.250000000000000000e+00 -2.554774941164094315e+01 1.787160429862438005e-01
-3.250000000000000000e+00 -2.554774941164094315e+01 1.787160061431244951e-01
-2.750000000000000000e+00 -2.468172400785650566e+01 1.706822074691370927e-01
-1.750000000000000000e+00 -2.468172400785650566e+01 1.706821891964641902e-01
-4.250000000000000000e+00 -2.381569860407206463e+01 3.136779146110539596e-02
-3.250000000000000000e+00 -2.381569860407206463e+01 3.136773340930386345e-02
-2.750000000000000000e+00 -2.294967320028762714e+01 1.135101736659721861e-01
-1.750000000000000000e+00 -2.294967320028762714e+01 1.135100298014492942e-01
-4.250000000000000000e+00 -2.208364779650318965e+01 8.925186896057579755e-02
-3.250000000000000000e+00 -2.208364779650318965e+01 8.925163671207671234e-02
-2.750000000000000000e+00 -2.121762239271875217e+01 3.473298605991387983e-02
-1.750000000000000000e+00 -2.121762239271875217e+01 3.473244429831127966e-02
-4.250000000000000000e+00 -2.035159698893431113e+01 5.183367165107350544e-02
-3.250000000000000000e+00 -2.035159698893431113e+01 5.183280861399215678e-02
-2.750000000000000000e+00 -1.948557158514987364e+01 3.438746982202132291e-02
-1.750000000000000000e+00 -1.948557158514987364e+01 3.438571448639990424e-02
-4.250000000000000000e+00 -1.861954618136543615e+01 2.613410419170990664e-02
-3.250000000000000000e+00 -1.861954618136543615e+01 2.613203630736447847e-02
-2.750000000000000000e+00 -1.775352077758099512e+01 2.539673564783405391e-02
-1.750000000000000000e+00 -1.775352077758099512e+01 2.539189595197595753e-02
-4.250000000000000000e+00 -1.688749537379655763e+01 2.085735340108938254e-02
-3.250000000000000000e+00 -1.688749537379655763e+01 2.085176506260617846e-02
-2.750000000000000000e+00 -1.602146997001212014e+01 2.150392335482401163e-02
-1.750000000000000000e+00 -1.602146997001212014e+01 2.149608900313505766e-02
-4.250000000000000000e+00 -1.515544456622767733e+01 1.961668552186125736e-02
-3.250000000000000000e+00 -1.515544456622767733e+01 1.960093611344970038e-02
-2.750000000000000000e+00 -1.428941916244323806e+01 1.954990078540480569e-02
-1.750000000000000000e+00 -1.428941916244323806e+01 1.954105124967990548e-02
-4.250000000000000000e+00 -1.342339375865880058e+01 1.974595649988095114e-02
-3.250000000000000000e+00 -1.342339375865880058e+01 1.974213082122917851e-02
-2.750000000000000000e+00 -1.255736835487436132e+01 1.918663665695739123e-02
-1.750000000000000000e+00 -1.255736835487436132e+01 1.917703334606798982e-02
-4.250000000000000000e+00 -1.169134295108992383e+01 1.929729623986548015e-02
-3.250000000000000000e+00 -1.169134295108992383e+01 1.939647370423321776e-02
-2.750000000000000000e+00 -1.082531754730548457e+01 1.913921731535642504e-02
-1.750000000000000000e+00 -1.082531754730548457e+01 1.927285029159184204e-02
-4.250000000000000000e+00 -9.959292143521047080e+00 1.927172249548358973e-02
-3.250000000000000000e+00 -9.959292143521047080e+00 1.943727809157861849e-02
-2.750000000000000000e+00 -9.093266739736607818e+00 1.881630319462415310e-02
-1.750000000000000000e+00 -9.093266739736607818e+00 1.942247735500001599e-02
-4.250000000000000000e+00 -8.227241335952170331e+00 1.902866331817770415e-02
-3.250000000000000000e+00 -8.227241335952170331e+00 1.945295034330358705e-02
-2.750000000000000000e+00 -7.361215932167732845e+00 1.926357684260707887e-02
-1.750000000000000000e+00 -7.361215932167732845e+00 2.008424446050048606e-02
-4.250000000000000000e+00 -6.495190528383291806e+00 1.816963169263016015e-02
-3.250000000000000000e+00 -6.495190528383291806e+00 1.980164583043855786e-02
-2.750000000000000000e+00 -5.629165124598854320e+00 1.899716587707348664e-02
-1.750000000000000000e+00 -5.629165124598854320e+00 2.041325095116076557e-02
-4.250000000000000000e+00 -4.763139720814413280e+00 1.899979941771021141e-02
-3.250000000000000000e+00 -4.763139720814413280e+00 2.020967590811823672e-02
-2.750000000000000000e+00 -3.897114317029975794e+00 1.960661404883871917e-02
-1.750000000000000000e+00 -3.897114317029975794e+00 2.045655122243033794e-02
-4.250000000000000000e+00 -3.031088913245538308e+00 1.931357142542553321e-02
-3.250000000000000000e+00 -3.031088913245538308e+00 2.045647561917831800e-02
-2.750000000000000000e+00 -2.165063509461100821e+00 2.241326967500884004e-02
-1.750000000000000000e+00 -2.165063509461100821e+00 1.638726244705919488e-02
-4.250000000000000000e+00 -1.299038105676659782e+00 1.889259550889928196e-02
-3.250000000000000000e+00 -1.299038105676659782e+00 2.125696750146837191e-02
-2.750000000000000000e+00 -4.330127018922222959e-01 2.020764064052088527e-02
-1.750000000000000000e+00 -4.330127018922222959e-01 1.875025084700303324e-02
-4.250000000000000000e+00 4.330127018922151905e-01 1.984882279914192138e-02
-3.250000000000000000e+00 4.330127018922151905e-01 1.638716471001230857e-02
-2.750000000000000000e+00 1.299038105676652677e+00 2.020761980577714251e-02
-1.750000000000000000e+00 1.299038105676652677e+00 1.875018930060099939e-02
-4.250000000000000000e+00 2.165063509461093716e+00 1.889275640053597258e-02
-3.250000000000000000e+00 2.165063509461093716e+00 2.125718587226739509e-02
-2.750000000000000000e+00 3.031088913245531202e+00 2.241315803250997635e-02
-1.750000000000000000e+00 3.031088913245531202e+00 1.638706002258870018e-02
-4.250000000000000000e+00 3.897114317029972241e+00 1.931362171149871715e-02
-3.250000000000000000e+00 3.897114317029972241e+00 2.045659140979505519e-02
-2.750000000000000000e+00 4.763139720814409728e+00 1.960744058064039369e-02
-1.750000000000000000e+00 4.763139720814409728e+00 2.045768861772687824e-02
-4.250000000000000000e+00 5.629165124598847214e+00 1.899725844216678533e-02
-3.250000000000000000e+00 5.629165124598847214e+00 2.020680937095980373e-02
-2.750000000000000000e+00 6.495190528383284700e+00 1.900317072703710392e-02
-1.750000000000000000e+00 6.495190528383284700e+00 2.041988394618525840e-02
-4.250000000000000000e+00 7.361215932167725740e+00 1.816518690547610018e-02
-3.250000000000000000e+00 7.361215932167725740e+00 1.979685061690812653e-02
-2.750000000000000000e+00 8.227241335952166779e+00 1.926086174825755726e-02
-1.750000000000000000e+00 8.227241335952166779e+00 2.008133195381674868e-02
-4.250000000000000000e+00 9.093266739736600712e+00 1.906562508043441184e-02
-3.250000000000000000e+00 9.093266739736600712e+00 1.949039251306598428e-02
-2.750000000000000000e+00 9.959292143521041751e+00 1.875216817002303346e-02
-1.750000000000000000e+00 9.959292143521041751e+00 1.935841874237195781e-02
-4.250000000000000000e+00 1.082531754730548279e+01 1.935570212772601273e-02
-3.250000000000000000e+00 1.082531754730548279e+01 1.952112955824170104e-02
-2.750000000000000000e+00 1.169134295108992383e+01 1.920303708469407733e-02
-1.750000000000000000e+00 1.169134295108992383e+01 1.933767720817455155e-02
-4.250000000000000000e+00 1.255736835487435776e+01 1.905093287886180237e-02
-3.250000000000000000e+00 1.255736835487435776e+01 1.914959324189471901e-02
-2.750000000000000000e+00 1.342339375865879880e+01 1.979955522534863552e-02
-1.750000000000000000e+00 1.342339375865879880e+01 1.978986176790839199e-02
-4.250000000000000000e+00 1.428941916244323274e+01 1.950572403176751429e-02
-3.250000000000000000e+00 1.428941916244323274e+01 1.950254940803245948e-02
-2.750000000000000000e+00 1.515544456622767377e+01 1.960547658647008445e-02
-1.750000000000000000e+00 1.515544456622767377e+01 1.959662719463875838e-02
-4.250000000000000000e+00 1.602146997001211304e+01 2.151424476235218319e-02
-3.250000000000000000e+00 1.602146997001211304e+01 2.149866302006882626e-02
-2.750000000000000000e+00 1.688749537379655408e+01 2.084451942352082143e-02
-1.750000000000000000e+00 1.688749537379655408e+01 2.083730616950098258e-02
-4.250000000000000000e+00 1.775352077758098801e+01 2.539864706983565104e-02
-3.250000000000000000e+00 1.775352077758098801e+01 2.539282860284622703e-02
-2.750000000000000000e+00 1.861954618136542905e+01 2.613273449848724228e-02
-1.750000000000000000e+00 1.861954618136542905e+01 2.612785930612147867e-02
-4.250000000000000000e+00 1.948557158514986298e+01 3.438601249736462917e-02
-3.250000000000000000e+00 1.948557158514986298e+01 3.438415882472066476e-02
-2.750000000000000000e+00 2.035159698893430402e+01 5.183403916466353123e-02
-1.750000000000000000e+00 2.035159698893430402e+01 5.183215741280134542e-02
-4.250000000000000000e+00 2.121762239271873796e+01 3.473253402762645214e-02
-3.250000000000000000e+00 2.121762239271873796e+01 3.473172284738380161e-02
-2.750000000000000000e+00 2.208364779650317899e+01 8.925189111764586514e-02
-1.750000000000000000e+00 2.208364779650317899e+01 8.925144708213535172e-02
-4.250000000000000000e+00 2.294967320028762003e+01 1.135101602035659546e-01
-3.250000000000000000e+00 2.294967320028762003e+01 1.135098009333267849e-01
-2.750000000000000000e+00 2.381569860407206107e+01 3.136775077644357590e-02
-1.750000000000000000e+00 2.381569860407206107e+01 3.136762600549185265e-02
-4.250000000000000000e+00 2.468172400785649501e+01 1.706822190646066773e-01
-3.250000000000000000e+00 2.468172400785649501e+01 1.706821337222561574e-01
-2.750000000000000000e+00 2.554774941164093605e+01 1.787160215124128926e-01
-1.750000000000000000e+00 2.554774941164093605e+01 1.787159348256405211e-01
-1.250000000000000000e+00 -2.554774941164094315e+01 1.787160444458120723e-01
-2.500000000000000000e-01 -2.554774941164094315e+01 1.787160150079611654e-01
2.500000000000000000e-01 -2.468172400785650566e+01 1.706822133525789376e-01
1.250000000000000000e+00 -2.468172400785650566e+01 1.706821825609418364e-01
-1.250000000000000000e+00 -2.381569860407206463e+01 3.136778930229033174e-02
-2.500000000000000000e-01 -2.381569860407206463e+01 3.136771099340958380e-02
2.500000000000000000e-01 -2.294967320028762714e+01 1.135101883880488827e-01
1.250000000000000000e+00 -2.294967320028762714e+01 1.135100207445632059e-01
-1.250000000000000000e+00 -2.208364779650318965e+01 8.925182515208343603e-02
-2.500000000000000000e-01 -2.208364779650318965e+01 8.925156434124516258e-02
2.500000000000000000e-01 -2.121762239271875217e+01 3.473300569756810480e-02
1.250000000000000000e+00 -2.121762239271875217e+01 3.473239971734182197e-02
-1.250000000000000000e+00 -2.035159698893431113e+01 5.183358224661563374e-02
-2.500000000000000000e-01 -2.035159698893431113e+01 5.183261039556744110e-02
2.500000000000000000e-01 -1.948557158514987364e+01 3.438735823260188895e-02
1.250000000000000000e+00 -1.948557158514987364e+01 3.438561773993122073e-02
-1.250000000000000000e+00 -1.861954618136543615e+01 2.613451321126431318e-02
-2.500000000000000000e-01 -1.861954618136543615e+01 2.613145768724516038e-02
2.500000000000000000e-01 -1.775352077758099512e+01 2.539631905219612296e-02
1.250000000000000000e+00 -1.775352077758099512e+01 2.539193128486484652e-02
-1.250000000000000000e+00 -1.688749537379655763e+01 2.085828353106214741e-02
-2.500000000000000000e-01 -1.688749537379655763e+01 2.085041089305925480e-02
2.500000000000000000e-01 -1.602146997001212014e+01 2.150633070044588591e-02
1.250000000000000000e+00 -1.602146997001212014e+01 2.149612829657789048e-02
-1.250000000000000000e+00 -1.515544456622767733e+01 1.960976945505527730e-02
-2.500000000000000000e-01 -1.515544456622767733e+01 1.959558552585745350e-02
2.500000000000000000e-01 -1.428941916244323806e+01 1.955867110791785490e-02
1.250000000000000000e+00 -1.428941916244323806e+01 1.954088846287614992e-02
-1.250000000000000000e+00 -1.342339375865880058e+01 1.972999928781717788e-02
-2.500000000000000000e-01 -1.342339375865880058e+01 1.972937280393905618e-02
2.500000000000000000e-01 -1.255736835487436132e+01 1.917038031011826515e-02
1.250000000000000000e+00 -1.255736835487436132e+01 1.917712473962426487e-02
-1.250000000000000000e+00 -1.169134295108992383e+01 1.934189083332995412e-02
-2.500000000000000000e-01 -1.169134295108992383e+01 1.940005342968837559e-02
2.500000000000000000e-01 -1.082531754730548457e+01 1.911839490834912891e-02
1.250000000000000000e+00 -1.082531754730548457e+01 1.927301576298142555e-02
-1.250000000000000000e+00 -9.959292143521047080e+00 1.929114140218110562e-02
-2.500000000000000000e-01 -9.959292143521047080e+00 1.948374180994197000e-02
2.500000000000000000e-01 -9.093266739736607818e+00 1.903652549792089754e-02
1.250000000000000000e+00 -9.093266739736607818e+00 1.942238759003673404e-02
-1.250000000000000000e+00 -8.227241335952170331e+00 1.871176376574944927e-02
-2.500000000000000000e-01 -8.227241335952170331e+00 1.952776729761642599e-02
2.500000000000000000e-01 -7.361215932167732845e+00 1.933443813091489591e-02
1.250000000000000000e+00 -7.361215932167732845e+00 2.008424103670970740e-02
-1.250000000000000000e+00 -6.495190528383291806e+00 1.824960334958202618e-02
-2.500000000000000000e-01 -6.495190528383291806e+00 1.990571273736983435e-02
2.500000000000000000e-01 -5.629165124598854320e+00 1.853066432522702117e-02
1.250000000000000000e+00 -5.629165124598854320e+00 2.041332343789000608e-02
-1.250000000000000000e+00 -4.763139720814413280e+00 1.931472537008850632e-02
-2.500000000000000000e-01 -4.763139720814413280e+00 2.024120262966890710e-02
2.500000000000000000e-01 -3.897114317029975794e+00 1.889275393158981048e-02
1.250000000000000000e+00 -3.897114317029975794e+00 2.045656823102735486e-02
-1.250000000000000000e+00 -3.031088913245538308e+00 2.241323960915026642e-02
-2.500000000000000000e-01 -3.031088913245538308e+00 2.125696649258820847e-02
2.500000000000000000e-01 -2.165063509461100821e+00 2.020775155761657046e-02
1.250000000000000000e+00 -2.165063509461100821e+00 1.638726865673138799e-02
-1.250000000000000000e+00 -1.299038105676659782e+00 3.889801274072855058e-02
-2.500000000000000000e-01 -1.299038105676659782e+00 1.875019292276951244e-02
2.500000000000000000e-01 -4.330127018922222959e-01 5.280602733458456682e-02
1.250000000000000000e+00 -4.330127018922222959e-01 1.875025084700297426e-02
-1.250000000000000000e+00 4.330127018922151905e-01 5.280604514302425501e-02
-2.500000000000000000e-01 4.330127018922151905e-01 3.248144164045654213e-07
2.500000000000000000e-01 1.299038105676652677e+00 5.280620121350569629e-02
1.250000000000000000e+00 1.299038105676652677e+00 1.875019222447538852e-02
-1.250000000000000000e+00 2.165063509461093716e+00 3.889793972415903772e-02
-2.500000000000000000e-01 2.165063509461093716e+00 1.875032764866644067e-02
2.500000000000000000e-01 3.031088913245531202e+00 2.020764123815202429e-02
1.250000000000000000e+00 3.031088913245531202e+00 1.638706349335627629e-02
-1.250000000000000000e+00 3.897114317029972241e+00 2.241310796371077246e-02
-2.500000000000000000e-01 3.897114317029972241e+00 2.125704698353706595e-02
2.500000000000000000e-01 4.763139720814409728e+00 1.889361425469885530e-02
1.250000000000000000e+00 4.763139720814409728e+00 2.045758259053702746e-02
-1.250000000000000000e+00 5.629165124598847214e+00 1.931184213149845716e-02
-2.500000000000000000e-01 5.629165124598847214e+00 2.023833124656754245e-02
2.500000000000000000e-01 6.495190528383284700e+00 1.853712695268755484e-02
1.250000000000000000e+00 6.495190528383284700e+00 2.041965867769438003e-02
-1.250000000000000000e+00 7.361215932167725740e+00 1.824416708922248220e-02
-2.500000000000000000e-01 7.361215932167725740e+00 1.990087272239845356e-02
2.500000000000000000e-01 8.227241335952166779e+00 1.933168882310615580e-02
1.250000000000000000e+00 8.227241335952166779e+00 2.008133811715252792e-02
-1.250000000000000000e+00 9.093266739736600712e+00 1.874809321959990116e-02
-2.500000000000000000e-01 9.093266739736600712e+00 1.956477925463596251e-02
2.500000000000000000e-01 9.959292143521041751e+00 1.897185553365909882e-02
1.250000000000000000e+00 9.959292143521041751e+00 1.935834213215432975e-02
-1.250000000000000000e+00 1.082531754730548279e+01 1.937491761820889224e-02
-2.500000000000000000e-01 1.082531754730548279e+01 1.956725634605768066e-02
2.500000000000000000e-01 1.169134295108992383e+01 1.918254051877418126e-02
1.250000000000000000e+00 1.169134295108992383e+01 1.933712570546960302e-02
-1.250000000000000000e+00 1.255736835487435776e+01 1.909484504958030432e-02
-2.500000000000000000e-01 1.255736835487435776e+01 1.915346003596959945e-02
2.500000000000000000e-01 1.342339375865879880e+01 1.978353770908471143e-02
1.250000000000000000e+00 1.342339375865879880e+01 1.978977818374276498e-02
-1.250000000000000000e+00 1.428941916244323274e+01 1.948951709978958419e-02
-2.500000000000000000e-01 1.428941916244323274e+01 1.948950178810279071e-02
2.500000000000000000e-01 1.515544456622767377e+01 1.961418329389752468e-02
1.250000000000000000e+00 1.515544456622767377e+01 1.959670761403679851e-02
-1.250000000000000000e+00 1.602146997001211304e+01 2.150742152220676967e-02
-2.500000000000000000e-01 1.602146997001211304e+01 2.149293883573602168e-02
2.500000000000000000e-01 1.688749537379655408e+01 2.084716823412508663e-02
1.250000000000000000e+00 1.688749537379655408e+01 2.083694512332278509e-02
-1.250000000000000000e+00 1.775352077758098801e+01 2.539955099953479511e-02
-2.500000000000000000e-01 1.775352077758098801e+01 2.539175406360798595e-02
2.500000000000000000e-01 1.861954618136542905e+01 2.613239740960431046e-02
1.250000000000000000e+00 1.861954618136542905e+01 2.612773231410758790e-02
-1.250000000000000000e+00 1.948557158514986298e+01 3.438647944770016618e-02
-2.500000000000000000e-01 1.948557158514986298e+01 3.438363987170971886e-02
2.500000000000000000e-01 2.035159698893430402e+01 5.183388894343349262e-02
1.250000000000000000e+00 2.035159698893430402e+01 5.183221023310647518e-02
-1.250000000000000000e+00 2.121762239271873796e+01 3.473248996216446449e-02
-2.500000000000000000e-01 2.121762239271873796e+01 3.473143608646453440e-02
2.500000000000000000e-01 2.208364779650317899e+01 8.925191665920836903e-02
1.250000000000000000e+00 2.208364779650317899e+01 8.925140468733935850e-02
-1.250000000000000000e+00 2.294967320028762003e+01 1.135101073842670200e-01
-2.500000000000000000e-01 2.294967320028762003e+01 1.135097900919656150e-01
2.500000000000000000e-01 2.381569860407206107e+01 3.136775990771697997e-02
1.250000000000000000e+00 2.381569860407206107e+01 3.136759801154053590e-02
-1.250000000000000000e+00 2.468172400785649501e+01 1.706822073643705917e-01
-2.500000000000000000e-01 2.468172400785649501e+01 1.706821591613605360e-01
2.500000000000000000e-01 2.554774941164093605e+01 1.787160100391925188e-01
1.250000000000000000e+00 2.554774941164093605e+01 1.787159528102605643e-01
1.750000000000000000e+00 -2.554774941164094315e+01 1.787160456303815148e-01
2.750000000000000000e+00 -2.554774941164094315e+01 1.787160043677623045e-01
3.250000000000000000e+00 -2.468172400785650566e+01 1.706822176440856154e-01
4.250000000000000000e+00 -2.468172400785650566e+01 1.706821925855160349e-01
1.750000000000000000e+00 -2.381569860407206463e+01 3.136778960664272226e-02
2.750000000000000000e+00 -2.381569860407206463e+01 3.136770813534482671e-02
3.250000000000000000e+00 -2.294967320028762714e+01 1.135102001411023714e-01
4.250000000000000000e+00 -2.294967320028762714e+01 1.135100754700110876e-01
1.750000000000000000e+00 -2.208364779650318965e+01 8.925185663772641775e-02
2.750000000000000000e+00 -2.208364779650318965e+01 8.925160010283099410e-02
3.250000000000000000e+00 -2.121762239271875217e+01 3.473300487159088068e-02
4.250000000000000000e+00 -2.121762239271875217e+01 3.473257805828842276e-02
1.750000000000000000e+00 -2.035159698893431113e+01 5.183371753351379702e-02
2.750000000000000000e+00 -2.035159698893431113e+01 5.183285502925432525e-02
3.250000000000000000e+00 -1.948557158514987364e+01 3.438744272239199762e-02
4.250000000000000000e+00 -1.948557158514987364e+01 3.438629033168748295e-02
1.750000000000000000e+00 -1.861954618136543615e+01 2.613486532242043775e-02
2.750000000000000000e+00 -1.861954618136543615e+01 2.613203301155047481e-02
3.250000000000000000e+00 -1.775352077758099512e+01 2.539742319919392408e-02
4.250000000000000000e+00 -1.775352077758099512e+01 2.539468796393425098e-02
1.750000000000000000e+00 -1.688749537379655763e+01 2.085831360335775944e-02
2.750000000000000000e+00 -1.688749537379655763e+01 2.085161213174426681e-02
3.250000000000000000e+00 -1.602146997001212014e+01 2.151041279201686141e-02
4.250000000000000000e+00 -1.602146997001212014e+01 2.150219788844228569e-02
1.750000000000000000e+00 -1.515544456622767733e+01 1.960963452480138369e-02
2.750000000000000000e+00 -1.515544456622767733e+01 1.960111973221905640e-02
3.250000000000000000e+00 -1.428941916244323806e+01 1.956170285760266969e-02
4.250000000000000000e+00 -1.428941916244323806e+01 1.954439764762178067e-02
1.750000000000000000e+00 -1.342339375865880058e+01 1.974877049408003266e-02
2.750000000000000000e+00 -1.342339375865880058e+01 1.974233595982215206e-02
3.250000000000000000e+00 -1.255736835487436132e+01 1.917149689026664827e-02
4.250000000000000000e+00 -1.255736835487436132e+01 1.918212362550236055e-02
1.750000000000000000e+00 -1.169134295108992383e+01 1.939417407679105976e-02
2.750000000000000000e+00 -1.169134295108992383e+01 1.939627098980432202e-02
3.250000000000000000e+00 -1.082531754730548457e+01 1.920942201516009917e-02
4.250000000000000000e+00 -1.082531754730548457e+01 1.929909807222392193e-02
1.750000000000000000e+00 -9.959292143521047080e+00 1.925519680179534066e-02
2.750000000000000000e+00 -9.959292143521047080e+00 1.943731568052119163e-02
3.250000000000000000e+00 -9.093266739736607818e+00 1.923633606296972290e-02
4.250000000000000000e+00 -9.093266739736607818e+00 1.935196947323826466e-02
1.750000000000000000e+00 -8.227241335952170331e+00 1.875156806241811552e-02
2.750000000000000000e+00 -8.227241335952170331e+00 1.945310340407477301e-02
3.250000000000000000e+00 -7.361215932167732845e+00 1.921797180507876443e-02
4.250000000000000000e+00 -7.361215932167732845e+00 1.978466965887690915e-02
1.750000000000000000e+00 -6.495190528383291806e+00 1.888339528517716734e-02
2.750000000000000000e+00 -6.495190528383291806e+00 1.980161435998085973e-02
3.250000000000000000e+00 -5.629165124598854320e+00 1.849880793680281493e-02
4.250000000000000000e+00 -5.629165124598854320e+00 1.979515027412646899e-02
1.750000000000000000e+00 -4.763139720814413280e+00 1.928373225349785947e-02
2.750000000000000000e+00 -4.763139720814413280e+00 2.020967628085591772e-02
3.250000000000000000e+00 -3.897114317029975794e+00 1.928267901211690172e-02
4.250000000000000000e+00 -3.897114317029975794e+00 2.041507096731996068e-02
1.750000000000000000e+00 -3.031088913245538308e+00 1.984864378416852440e-02
2.750000000000000000e+00 -3.031088913245538308e+00 2.045651663168142342e-02
3.250000000000000000e+00 -2.165063509461100821e+00 1.889276968237488252e-02
4.250000000000000000e+00 -2.165063509461100821e+00 2.024024351061575952e-02
1.750000000000000000e+00 -1.299038105676659782e+00 2.020758596427551027e-02
2.750000000000000000e+00 -1.299038105676659782e+00 2.125698525936216970e-02
3.250000000000000000e+00 -4.330127018922222959e-01 2.241318621238928832e-02
4.250000000000000000e+00 -4.330127018922222959e-01 2.045657945268604741e-02
1.750000000000000000e+00 4.330127018922151905e-01 3.889797515417416779e-02
2.750000000000000000e+00 4.330127018922151905e-01 1.638716471001266592e-02
3.250000000000000000e+00 1.299038105676652677e+00 2.241317869889133257e-02
4.250000000000000000e+00 1.299038105676652677e+00 2.045649673195474097e-02
1.750000000000000000e+00 2.165063509461093716e+00 2.020781685012901924e-02
2.750000000000000000e+00 2.165063509461093716e+00 2.125714107837045619e-02
3.250000000000000000e+00 3.031088913245531202e+00 1.889253247978977743e-02
4.250000000000000000e+00 3.031088913245531202e+00 2.024005387558401939e-02
1.750000000000000000e+00 3.897114317029972241e+00 1.984903645017174062e-02
2.750000000000000000e+00 3.897114317029972241e+00 2.045651080744147546e-02
3.250000000000000000e+00 4.763139720814409728e+00 1.928388012380094496e-02
4.250000000000000000e+00 4.763139720814409728e+00 2.041611536392086770e-02
1.750000000000000000e+00 5.629165124598847214e+00 1.928102330151381522e-02
2.750000000000000000e+00 5.629165124598847214e+00 2.020680556770725750e-02
3.250000000000000000e+00 6.495190528383284700e+00 1.850580145568406221e-02
4.250000000000000000e+00 6.495190528383284700e+00 1.980155387894766417e-02
1.750000000000000000e+00 7.361215932167725740e+00 1.887840368638292465e-02
2.750000000000000000e+00 7.361215932167725740e+00 1.979667017665799611e-02
3.250000000000000000e+00 8.227241335952166779e+00 1.921531483862978784e-02
4.250000000000000000e+00 8.227241335952166779e+00 1.978193233385643762e-02
1.750000000000000000e+00 9.093266739736600712e+00 1.878901797754943537e-02
2.750000000000000000e+00 9.093266739736600712e+00 1.948984331015813504e-02
3.250000000000000000e+00 9.959292143521041751e+00 1.917224068532649706e-02
4.250000000000000000e+00 9.959292143521041751e+00 1.928780262099648313e-02
1.750000000000000000e+00 1.082531754730548279e+01 1.933929294970063856e-02
2.750000000000000000e+00 1.082531754730548279e+01 1.952112360820026926e-02
3.250000000000000000e+00 1.169134295108992383e+01 1.927439534300739998e-02
4.250000000000000000e+00 1.169134295108992383e+01 1.936326626843911519e-02
1.750000000000000000e+00 1.255736835487435776e+01 1.914722418235483697e-02
2.750000000000000000e+00 1.255736835487435776e+01 1.914967162298614883e-02
3.250000000000000000e+00 1.342339375865879880e+01 1.978478129377597011e-02
4.250000000000000000e+00 1.342339375865879880e+01 1.979532487885391281e-02
1.750000000000000000e+00 1.428941916244323274e+01 1.950886660075363058e-02
2.750000000000000000e+00 1.428941916244323274e+01 1.950186297903551760e-02
3.250000000000000000e+00 1.515544456622767377e+01 1.961730002005223489e-02
4.250000000000000000e+00 1.515544456622767377e+01 1.960015567176165083e-02
1.750000000000000000e+00 1.602146997001211304e+01 2.150744190856782034e-02
2.750000000000000000e+00 1.602146997001211304e+01 2.149852892299450313e-02
3.250000000000000000e+00 1.688749537379655408e+01 2.085133584898000297e-02
4.250000000000000000e+00 1.688749537379655408e+01 2.084276551692988352e-02
1.750000000000000000e+00 1.775352077758098801e+01 2.539958220072817408e-02
2.750000000000000000e+00 1.775352077758098801e+01 2.539303245024610717e-02
3.250000000000000000e+00 1.861954618136542905e+01 2.613347017155817631e-02
4.250000000000000000e+00 1.861954618136542905e+01 2.613061761432747959e-02
1.750000000000000000e+00 1.948557158514986298e+01 3.438686967971861519e-02
2.750000000000000000e+00 1.948557158514986298e+01 3.438397142019877784e-02
3.250000000000000000e+00 2.035159698893430402e+01 5.183398311654864588e-02
4.250000000000000000e+00 2.035159698893430402e+01 5.183291570108021495e-02
1.750000000000000000e+00 2.121762239271873796e+01 3.473257963218642080e-02
2.750000000000000000e+00 2.121762239271873796e+01 3.473161748467085141e-02
3.250000000000000000e+00 2.208364779650317899e+01 8.925191155529421660e-02
4.250000000000000000e+00 2.208364779650317899e+01 8.925151504067793673e-02
1.750000000000000000e+00 2.294967320028762003e+01 1.135101060576163834e-01
2.750000000000000000e+00 2.294967320028762003e+01 1.135098517892308700e-01
3.250000000000000000e+00 2.381569860407206107e+01 3.136776170086989085e-02
4.250000000000000000e+00 2.381569860407206107e+01 3.136762395320889796e-02
1.750000000000000000e+00 2.468172400785649501e+01 1.706822056053545200e-01
2.750000000000000000e+00 2.468172400785649501e+01 1.706821589346393386e-01
3.250000000000000000e+00 2.554774941164093605e+01 1.787160238137130708e-01
4.250000000000000000e+00 2.554774941164093605e+01 1.787159523982314313e-01
4.750000000000000000e+00 -2.554774941164094315e+01 1.787160454368001972e-01
5.750000000000000000e+00 -2.554774941164094315e+01 1.787160195248025940e-01
6.250000000000000000e+00 -2.468172400785650566e+01 1.706822144971175403e-01
7.250000000000000000e+00 -2.468172400785650566e+01 1.706822110779889490e-01
4.750000000000000000e+00 -2.381569860407206463e+01 3.136779062227078307e-02
5.750000000000000000e+00 -2.381569860407206463e+01 3.136774314498885774e-02
6.250000000000000000e+00 -2.294967320028762714e+01 1.135101964047154910e-01
7.250000000000000000e+00 -2.294967320028762714e+01 1.135101445911853996e-01
4.750000000000000000e+00 -2.208364779650318965e+01 8.925188136889428137e-02
5.750000000000000000e+00 -2.208364779650318965e+01 8.925175381851795098e-02
6.250000000000000000e+00 -2.121762239271875217e+01 3.473299464439871809e-02
7.250000000000000000e+00 -2.121762239271875217e+01 3.473275076583350052e-02
4.750000000000000000e+00 -2.035159698893431113e+01 5.183387341245745961e-02
5.750000000000000000e+00 -2.035159698893431113e+01 5.183340545603892791e-02
6.250000000000000000e+00 -1.948557158514987364e+01 3.438754299937879511e-02
7.250000000000000000e+00 -1.948557158514987364e+01 3.438689553602436444e-02
4.750000000000000000e+00 -1.861954618136543615e+01 2.613507611030970249e-02
5.750000000000000000e+00 -1.861954618136543615e+01 2.613329058631424021e-02
6.250000000000000000e+00 -1.775352077758099512e+01 2.539870022403784011e-02
7.250000000000000000e+00 -1.775352077758099512e+01 2.539747667582431534e-02
4.750000000000000000e+00 -1.688749537379655763e+01 2.085827441110813668e-02
5.750000000000000000e+00 -1.688749537379655763e+01 2.085390616970576178e-02
6.250000000000000000e+00 -1.602146997001212014e+01 2.151385943259964684e-02
7.250000000000000000e+00 -1.602146997001212014e+01 2.150977242112905863e-02
4.750000000000000000e+00 -1.515544456622767733e+01 1.961458782112737026e-02
5.750000000000000000e+00 -1.515544456622767733e+01 1.961059588548176580e-02
6.250000000000000000e+00 -1.428941916244323806e+01 1.956240870983193270e-02
7.250000000000000000e+00 -1.428941916244323806e+01 1.954979860313358492e-02
4.750000000000000000e+00 -1.342339375865880058e+01 1.977491757278410436e-02
5.750000000000000000e+00 -1.342339375865880058e+01 1.976864578322629420e-02
6.250000000000000000e+00 -1.255736835487436132e+01 1.918237468329275427e-02
7.250000000000000000e+00 -1.255736835487436132e+01 1.918247323215531430e-02
4.750000000000000000e+00 -1.169134295108992383e+01 1.941986299694363136e-02
5.750000000000000000e+00 -1.169134295108992383e+01 1.939276700906044162e-02
6.250000000000000000e+00 -1.082531754730548457e+01 1.929609638188589660e-02
7.250000000000000000e+00 -1.082531754730548457e+01 1.932829426026469455e-02
4.750000000000000000e+00 -9.959292143521047080e+00 1.925050612156008895e-02
5.750000000000000000e+00 -9.959292143521047080e+00 1.934454638852505654e-02
6.250000000000000000e+00 -9.093266739736607818e+00 1.931464292619031187e-02
7.250000000000000000e+00 -9.093266739736607818e+00 1.927933307381842973e-02
4.750000000000000000e+00 -8.227241335952170331e+00 1.897592909814068904e-02
5.750000000000000000e+00 -8.227241335952170331e+00 1.931491072825249067e-02
6.250000000000000000e+00 -7.361215932167732845e+00 1.920207115245653462e-02
7.250000000000000000e+00 -7.361215932167732845e+00 1.946715087840557301e-02
4.750000000000000000e+00 -6.495190528383291806e+00 1.922287713507474585e-02
5.750000000000000000e+00 -6.495190528383291806e+00 1.946074490449641731e-02
6.250000000000000000e+00 -5.629165124598854320e+00 1.875277778527101313e-02
7.250000000000000000e+00 -5.629165124598854320e+00 1.938654327458832691e-02
4.750000000000000000e+00 -4.763139720814413280e+00 1.887968434501240828e-02
5.750000000000000000e+00 -4.763139720814413280e+00 2.008544215863181798e-02
6.250000000000000000e+00 -3.897114317029975794e+00 1.933458715277122653e-02
7.250000000000000000e+00 -3.897114317029975794e+00 1.953076141216273168e-02
4.750000000000000000e+00 -3.031088913245538308e+00 1.853226875297915577e-02
5.750000000000000000e+00 -3.031088913245538308e+00 1.990094070929969428e-02
6.250000000000000000e+00 -2.165063509461100821e+00 1.824493072738763572e-02
7.250000000000000000e+00 -2.165063509461100821e+00 2.008449238309025636e-02
4.750000000000000000e+00 -1.299038105676659782e+00 1.931357674203901947e-02
5.750000000000000000e+00 -1.299038105676659782e+00 2.041500152168705673e-02
6.250000000000000000e+00 -4.330127018922222959e-01 1.899887138609909765e-02
7.250000000000000000e+00 -4.330127018922222959e-01 1.979691670956837055e-02
4.750000000000000000e+00 4.330127018922151905e-01 1.960660530203275909e-02
5.750000000000000000e+00 4.330127018922151905e-01 2.020860018638082761e-02
6.250000000000000000e+00 1.299038105676652677e+00 1.899870356335212063e-02
7.250000000000000000e+00 1.299038105676652677e+00 1.979684743799968449e-02
4.750000000000000000e+00 2.165063509461093716e+00 1.931376010935972193e-02
5.750000000000000000e+00 2.165063509461093716e+00 2.041519711169030582e-02
6.250000000000000000e+00 3.031088913245531202e+00 1.824461328049389180e-02
7.250000000000000000e+00 3.031088913245531202e+00 2.008429635238095576e-02
4.750000000000000000e+00 3.897114317029972241e+00 1.853235027910579702e-02
5.750000000000000000e+00 3.897114317029972241e+00 1.990103134538645513e-02
6.250000000000000000e+00 4.763139720814409728e+00 1.933570214600319193e-02
7.250000000000000000e+00 4.763139720814409728e+00 1.953187215788190073e-02
4.750000000000000000e+00 5.629165124598847214e+00 1.887671035429359934e-02
5.750000000000000000e+00 5.629165124598847214e+00 2.008260452729640141e-02
6.250000000000000000e+00 6.495190528383284700e+00 1.875924639086576362e-02
7.250000000000000000e+00 6.495190528383284700e+00 1.939315722612676429e-02
4.750000000000000000e+00 7.361215932167725740e+00 1.921817287081090120e-02
5.750000000000000000e+00 7.361215932167725740e+00 1.945582189261824829e-02
6.250000000000000000e+00 8.227241335952166779e+00 1.919910553024418987e-02
7.250000000000000000e+00 8.227241335952166779e+00 1.946437487276696937e-02
4.750000000000000000e+00 9.093266739736600712e+00 1.901344477272729622e-02
5.750000000000000000e+00 9.093266739736600712e+00 1.935203160568093814e-02
6.250000000000000000e+00 9.959292143521041751e+00 1.925064717956148641e-02
7.250000000000000000e+00 9.959292143521041751e+00 1.921509183555560052e-02
4.750000000000000000e+00 1.082531754730548279e+01 1.933441522352788433e-02
5.750000000000000000e+00 1.082531754730548279e+01 1.942863344775255796e-02
6.250000000000000000e+00 1.169134295108992383e+01 1.936071489270288493e-02
7.250000000000000000e+00 1.169134295108992383e+01 1.939286863743780454e-02
4.750000000000000000e+00 1.255736835487435776e+01 1.917318839695848071e-02
5.750000000000000000e+00 1.255736835487435776e+01 1.914598048620527737e-02
6.250000000000000000e+00 1.342339375865879880e+01 1.979541192864400778e-02
7.250000000000000000e+00 1.342339375865879880e+01 1.979575648128213683e-02
4.750000000000000000e+00 1.428941916244323274e+01 1.953511800390936998e-02
5.750000000000000000e+00 1.428941916244323274e+01 1.952846539767971387e-02
6.250000000000000000e+00 1.515544456622767377e+01 1.961804155037397135e-02
7.250000000000000000e+00 1.515544456622767377e+01 1.960533591893220962e-02
4.750000000000000000e+00 1.602146997001211304e+01 2.151233254658314886e-02
5.750000000000000000e+00 1.602146997001211304e+01 2.150847273463723022e-02
6.250000000000000000e+00 1.688749537379655408e+01 2.085470670420175310e-02
7.250000000000000000e+00 1.688749537379655408e+01 2.085053200201023721e-02
4.750000000000000000e+00 1.775352077758098801e+01 2.539955159050925199e-02
5.750000000000000000e+00 1.775352077758098801e+01 2.539529968583856268e-02
6.250000000000000000e+00 1.861954618136542905e+01 2.613474920086852893e-02
7.250000000000000000e+00 1.861954618136542905e+01 2.613361561628821730e-02
4.750000000000000000e+00 1.948557158514986298e+01 3.438703984819710402e-02
5.750000000000000000e+00 1.948557158514986298e+01 3.438518525386181218e-02
6.250000000000000000e+00 2.035159698893430402e+01 5.183410759066907347e-02
7.250000000000000000e+00 2.035159698893430402e+01 5.183352864231963869e-02
4.750000000000000000e+00 2.121762239271873796e+01 3.473275148561250775e-02
5.750000000000000000e+00 2.121762239271873796e+01 3.473224272749299291e-02
6.250000000000000000e+00 2.208364779650317899e+01 8.925189768498680010e-02
7.250000000000000000e+00 2.208364779650317899e+01 8.925167029276262487e-02
4.750000000000000000e+00 2.294967320028762003e+01 1.135101764536688013e-01
5.750000000000000000e+00 2.294967320028762003e+01 1.135100480491929298e-01
6.250000000000000000e+00 2.381569860407206107e+01 3.136777276813609849e-02
7.250000000000000000e+00 2.381569860407206107e+01 3.136770297582609085e-02
4.750000000000000000e+00 2.468172400785649501e+01 1.706822194656270331e-01
5.750000000000000000e+00 2.468172400785649501e+01 1.706821950724178860e-01
6.250000000000000000e+00 2.554774941164093605e+01 1.787160405434611021e-01
7.250000000000000000e+00 2.554774941164093605e+01 1.787160094950257516e-01
