-2.000000000000000000e+00 5.514024475557266491e-01
-1.789473684210526327e+00 6.124756277251020009e-01
-1.578947368421052655e+00 5.310989410226990559e-01
-1.368421052631578982e+00 7.231067659078557197e-01
-1.157894736842105310e+00 6.940133714572387369e-01
-9.473684210526316374e-01 1.009788704006885141e+00
-7.368421052631579649e-01 4.437428435078445421e-01
-5.263157894736842923e-01 2.984676131163529478e-01
-3.157894736842106198e-01 1.966600831648153691e-01
-1.052631578947369473e-01 1.924183951878300214e-01
1.052631578947367252e-01 1.885690162093855426e-01
3.157894736842106198e-01 1.962258150464277762e-01
5.263157894736840703e-01 2.981172391265173305e-01
7.368421052631575208e-01 4.435611660278243606e-01
9.473684210526314153e-01 1.009685833216744433e+00
1.157894736842105310e+00 6.940909213851237380e-01
1.368421052631578760e+00 7.231414388552893646e-01
1.578947368421052211e+00 5.312206762318285591e-01
1.789473684210526105e+00 6.125013916280841464e-01
2.000000000000000000e+00 5.514046414411089003e-01
