0   -3.3040305841993884
0   -1.026229636839016
0   1.0262296368390178
0   3.304030584199388
1   -3.3040074502929047
1   -1.0263041153871808
1   1.0263041153871795
1   3.3040074502929064
2   -3.303938049038533
2   -1.0265275139844663
2   1.0265275139844634
2   3.3039380490385364
3   -3.303822381823231
3   -1.0268997215967877
3   1.0268997215967868
3   3.3038223818232324
4   -3.30366045095861
4   -1.0274205534364456
4   1.0274205534364464
4   3.3036604509586094
5   -3.3034522596809865
5   -1.0280897513642846
5   1.0280897513642866
5   3.3034522596809857
6   -3.303197812151444
6   -1.0289069844498133
6   1.0289069844498113
6   3.3031978121514443
7   -3.302897113455898
7   -1.0298718496863506
7   1.0298718496863513
7   3.3028971134558986
8   -3.3025501696051904
8   -1.0309838728575849
8   1.0309838728575855
8   3.3025501696051904
9   -3.3021569875351924
9   -1.0322425095510264
9   1.032242509551027
9   3.302156987535192
10   -3.3017175751069345
10   -1.0336471463133254
10   1.0336471463133279
10   3.3017175751069328
11   -3.3012319411067397
11   -1.0351971019416149
11   1.0351971019416137
11   3.3012319411067406
12   -3.3007000952463907
12   -1.0368916289044654
12   1.0368916289044652
12   3.300700095246391
13   -3.300122048163294
13   -1.0387299148855798
13   1.0387299148855809
13   3.3001220481632934
14   -3.299497811420667
14   -1.0407110844427063
14   1.0407110844427054
14   3.2994978114206686
15   -3.2988273975077673
15   -1.0428342007739397
15   1.0428342007739404
15   3.2988273975077673
16   -3.2981108198400872
16   -1.0450982675832141
16   1.0450982675832123
16   3.298110819840088
17   -3.2973480927596253
17   -1.0475022310363613
17   1.0475022310363615
17   3.2973480927596253
18   -3.296539231535121
18   -1.0500449817991255
18   1.0500449817991275
18   3.29653923153512
19   -3.2956842523623457
19   -1.052725357148071
19   1.05272535714807
19   3.295684252362347
20   -3.294783172364399
20   -1.0555421431454413
20   1.0555421431454417
20   3.2947831723644008
21   -3.293836009592012
21   -1.058494076868953
21   1.058494076868955
21   3.2938360095920123
22   -3.2928427830238807
22   -1.0615798486874333
22   1.0615798486874357
22   3.2928427830238807
23   -3.291803512567015
23   -1.0647981045734198
23   1.0647981045734198
23   3.2918035125670166
24   -3.290718219057111
24   -1.0681474484439335
24   1.0681474484439353
24   3.2907182190571107
25   -3.2895869242589235
25   -1.0716264445208536
25   1.0716264445208545
25   3.289586924258923
26   -3.2884096508666816
26   -1.0752336197025103
26   1.0752336197025114
26   3.288409650866682
27   -3.2871864225045044
27   -1.0789674659384914
27   1.0789674659384927
27   3.2871864225045044
28   -3.2859172637268452
28   -1.0828264425999077
28   1.0828264425999066
28   3.285917263726846
29   -3.2846022000189556
29   -1.0868089788377375
29   1.0868089788377364
29   3.284602200018956
30   -3.2832412577973584
30   -1.090913475922317
30   1.0909134759223167
30   3.283241257797359
31   -3.2818344644103528
31   -1.0951383095573373
31   1.095138309557339
31   3.2818344644103528
32   -3.280381848138536
32   -1.0994818321622657
32   1.0994818321622661
32   3.280381848138537
33   -3.2788834381953413
33   -1.1039423751174628
33   1.1039423751174637
33   3.2788834381953413
34   -3.2773392647276003
34   -1.1085182509667753
34   1.1085182509667761
34   3.2773392647276007
35   -3.2757493588161264
35   -1.1132077555728026
35   1.113207755572803
35   3.275749358816126
36   -3.2741137524763086
36   -1.1180091702205233
36   1.1180091702205235
36   3.27411375247631
37   -3.272432478658761
37   -1.1229207636654397
37   1.1229207636654397
37   3.2724324786587604
38   -3.270705571249932
38   -1.1279407941227857
38   1.1279407941227864
38   3.2707055712499336
39   -3.2689330650728103
39   -1.1330675111948856
39   1.133067511194886
39   3.268933065072811
40   -3.2671149958875896
40   -1.138299157734085
40   1.1382991577340846
40   3.2671149958875896
41   -3.265251400392395
41   -1.1436339716391768
41   1.1436339716391775
41   3.2652514003923945
42   -3.263342316224015
42   -1.1490701875835814
42   1.1490701875835825
42   3.263342316224016
43   -3.261387781958667
43   -1.1546060386739743
43   1.154606038673974
43   3.2613877819586685
44   -3.259387837112782
44   -1.16023975803838
44   1.1602397580383825
44   3.2593878371127802
45   -3.2573425221437944
45   -1.1659695803431533
45   1.1659695803431536
45   3.2573425221437953
46   -3.2552518784510127
46   -1.1717937432384817
46   1.1717937432384828
46   3.2552518784510114
47   -3.2531159483764385
47   -1.1777104887325103
47   1.1777104887325107
47   3.2531159483764385
48   -3.2509347752056756
48   -1.1837180644942962
48   1.1837180644942944
48   3.2509347752056756
49   -3.2487084031688345
49   -1.1898147250861753
49   1.1898147250861764
49   3.2487084031688345
50   -3.2464368774414654
50   -1.1959987331263353
50   1.1959987331263349
50   3.246436877441466
51   -3.244120244145522
51   -1.202268360382526
51   1.2022683603825253
51   3.244120244145523
52   -3.241758550350357
52   -1.2086218887981617
52   1.208621888798161
52   3.241758550350358
53   -3.239351844073737
53   -1.2150576114521383
53   1.2150576114521383
53   3.2393518440737363
54   -3.2369001742828845
54   -1.221573833453844
54   1.2215738334538448
54   3.2369001742828827
55   -3.234403590895569
55   -1.2281688727750508
55   1.2281688727750515
55   3.234403590895569
56   -3.2318621447811973
56   -1.234841061020393
56   1.234841061020393
56   3.2318621447811977
57   -3.229275887761957
57   -1.2415887441382971
57   1.2415887441382993
57   3.229275887761956
58   -3.2266448726139796
58   -1.2484102830742778
58   1.2484102830742785
58   3.2266448726139805
59   -3.223969153068543
59   -1.2553040543685792
59   1.2553040543685794
59   3.223969153068543
60   -3.221248783813289
60   -1.262268450700203
60   1.2622684507002042
60   3.2212487838132895
61   -3.2184838204935007
61   -1.269301881379387
61   1.2693018813793893
61   3.2184838204935002
62   -3.2156743197133792
62   -1.276402772790621
62   1.2764027727906209
62   3.2156743197133797
63   -3.212820339037388
63   -1.2835695687882942
63   1.2835695687882944
63   3.2128203390373895
64   -3.2099219369916066
64   -1.290800731047104
64   1.2908007310471057
64   3.2099219369916074
65   -3.206979173065128
65   -1.2980947393692808
65   1.2980947393692817
65   3.206979173065128
66   -3.2039921077114903
66   -1.3054500919507308
66   1.3054500919507313
66   3.2039921077114903
67   -3.2009608023501537
67   -1.3128653056081372
67   1.3128653056081385
67   3.200960802350153
68   -3.197885319368001
68   -1.320338915969045
68   1.3203389159690462
68   3.1978853193680004
69   -3.1947657221208767
69   -1.327869477626909
69   1.32786947762691
69   3.194765722120877
70   -3.1916020749351848
70   -1.3354555642630395
70   1.3354555642630401
70   3.1916020749351848
71   -3.188394443109495
71   -1.3430957687373544
71   1.343095768737354
71   3.1883944431094946
72   -3.185142892916214
72   -1.350788703149761
72   1.350788703149761
72   3.1851428929162178
73   -3.1818474916032917
73   -1.3585329988739803
73   1.3585329988739796
73   3.181847491603292
74   -3.1785083073959544
74   -1.3663273065655226
74   1.3663273065655213
74   3.178508307395955
75   -3.1751254094985057
75   -1.3741702961455091
75   1.3741702961455105
75   3.175125409498505
76   -3.171698868096148
76   -1.3820606567619604
76   1.3820606567619595
76   3.171698868096149
77   -3.16822875435687
77   -1.389997096730064
77   1.3899970967300654
77   3.168228754356869
78   -3.1647151404333544
78   -1.3979783434529973
78   1.3979783434529984
78   3.164715140433354
79   -3.161158099464956
79   -1.4060031433246525
79   1.4060031433246518
79   3.1611580994649557
80   -3.1575577055797117
80   -1.4140702616156944
80   1.4140702616156928
80   3.1575577055797126
81   -3.1539140338964096
81   -1.4221784823442407
81   1.4221784823442392
81   3.1539140338964105
82   -3.1502271605266956
82   -1.4303266081324222
82   1.4303266081324235
82   3.150227160526696
83   -3.146497162577236
83   -1.438513460050023
83   1.438513460050024
83   3.146497162577236
84   -3.1427241181519427
84   -1.446737877446289
84   1.446737877446289
84   3.142724118151941
85   -3.1389081063542212
85   -1.454998717771065
85   1.4549987177710655
85   3.138908106354222
86   -3.1350492072893146
86   -1.463294856386206
86   1.4632948563862056
86   3.1350492072893155
87   -3.1311475020666624
87   -1.4716251863682521
87   1.4716251863682512
87   3.131147502066663
88   -3.127203072802336
88   -1.4799886183033037
88   1.4799886183033042
88   3.1272030728023354
89   -3.123216002621527
89   -1.4883840800749304
89   1.4883840800749308
89   3.1232160026215277
90   -3.119186375661101
90   -1.4968105166459287
90   1.496810516645929
90   3.1191863756611014
91   -3.1151142770721956
91   -1.5052668898347095
91   1.5052668898347112
91   3.1151142770721956
92   -3.1109997930228896
92   -1.5137521780870324
92   1.5137521780870327
92   3.1109997930228888
93   -3.1068430107009313
93   -1.522265376243725
93   1.5222653762437257
93   3.106843010700933
94   -3.102644018316548
94   -1.5308054953050816
94   1.5308054953050831
94   3.102644018316547
95   -3.0984029051052713
95   -1.539371562192477
95   1.5393715621924762
95   3.098402905105271
96   -3.0941197613308953
96   -1.5479626195077627
96   1.5479626195077625
96   3.094119761330897
97   -3.089794678288447
97   -1.5565777252909931
97   1.5565777252909943
97   3.089794678288447
98   -3.085427748307258
98   -1.5652159527768972
98   1.5652159527768976
98   3.085427748307259
99   -3.081019064754093
99   -1.5738763901506057
99   1.5738763901506063
99   3.081019064754093
100   -3.0765687220363525
100   -1.5825581403029993
100   1.5825581403030002
100   3.0765687220363542
101   -3.072076815605358
101   -1.591260320586085
101   1.5912603205860845
101   3.072076815605359
102   -3.067543441959695
102   -1.5999820625687502
102   1.5999820625687502
102   3.067543441959696
103   -3.0629686986486546
103   -1.6087225117932105
103   1.6087225117932105
103   3.062968698648656
104   -3.058352684275735
104   -1.6174808275324608
104   1.6174808275324624
104   3.058352684275735
105   -3.0536954985022353
105   -1.6262561825490103
105   1.62625618254901
105   3.0536954985022358
106   -3.048997242050927
106   -1.6350477628551217
106   1.63504776285512
106   3.0489972420509273
107   -3.0442580167098123
107   -1.6438547674748314
107   1.6438547674748332
107   3.0442580167098128
108   -3.0394779253359614
108   -1.6526764082079362
108   1.6526764082079357
108   3.0394779253359623
109   -3.034657071859452
109   -1.6615119093961097
109   1.6615119093961104
109   3.034657071859452
110   -3.0297955612873766
110   -1.6703605076913794
110   1.6703605076913786
110   3.0297955612873775
111   -3.0248934997079653
111   -1.6792214518270638
111   1.6792214518270638
111   3.024893499707965
112   -3.0199509942947835
112   -1.6880940023913475
112   1.6880940023913478
112   3.019950994294784
113   -3.0149681533110417
113   -1.6969774316035828
113   1.696977431603585
113   3.014968153311042
114   -3.009945086113987
114   -1.7058710230934684
114   1.7058710230934682
114   3.0099450861139863
115   -3.004881903159406
115   -1.7147740716831488
115   1.7147740716831488
115   3.0048819031594056
116   -2.9997787160062233
116   -1.723685883172378
116   1.723685883172378
116   2.9997787160062237
117   -2.9946356373212195
117   -1.7326057741267697
117   1.7326057741267695
117   2.9946356373212195
118   -2.9894527808838283
118   -1.7415330716692208
118   1.7415330716692208
118   2.9894527808838296
119   -2.9842302615910765
119   -1.7504671132745524
119   1.750467113274554
119   2.9842302615910783
120   -2.9789681954626013
120   -1.75940724656743
120   1.7594072465674304
120   2.9789681954626013
121   -2.973666699645814
121   -1.7683528291235493
121   1.7683528291235504
121   2.9736666996458143
122   -2.968325892421162
122   -1.7773032282741763
122   1.7773032282741756
122   2.968325892421162
123   -2.9629458932075097
123   -1.786257820914002
123   1.786257820914002
123   2.962945893207511
124   -2.9575268225676563
124   -1.7952159933123792
124   1.7952159933123806
124   2.9575268225676554
125   -2.9520688022139567
125   -1.8041771409278924
125   1.8041771409278924
125   2.952068802213957
126   -2.946571955014093
126   -1.8131406682263
126   1.8131406682262992
126   2.946571955014094
127   -2.9410364049969613
127   -1.8221059885018323
127   1.8221059885018323
127   2.9410364049969617
128   -2.935462277358695
128   -1.8310725237018322
128   1.8310725237018313
128   2.935462277358695
129   -2.9298496984688307
129   -1.8400397042547187
129   1.840039704254719
129   2.9298496984688307
130   -2.924198795876608
130   -1.8490069689012762
130   1.8490069689012771
130   2.924198795876608
131   -2.918509698317414
131   -1.8579737645292234
131   1.8579737645292234
131   2.9185096983174135
132   -2.9127825357193715
132   -1.8669395460110425
132   1.866939546011042
132   2.912782535719373
133   -2.907017439210087
133   -1.8759037760450608
133   1.87590377604506
133   2.907017439210088
134   -2.9012145411235357
134   -1.884865924999718
134   1.8848659249997188
134   2.9012145411235353
135   -2.89537397500711
135   -1.893825470761025
135   1.8938254707610256
135   2.8953739750071095
136   -2.889495875628838
136   -1.9027818985831306
136   1.9027818985831306
136   2.8894958756288385
137   -2.8835803789847505
137   -1.9117347009420156
137   1.911734700942015
137   2.88358037898475
138   -2.8776276223064183
138   -1.9206833773922223
138   1.9206833773922236
138   2.877627622306419
139   -2.8716377440686722
139   -1.9296274344266247
139   1.9296274344266247
139   2.8716377440686727
140   -2.8656108839974817
140   -1.9385663853391406
140   1.9385663853391422
140   2.8656108839974817
141   -2.859547183078025
141   -1.9474997500904143
141   1.9474997500904156
141   2.859547183078024
142   -2.853446783562936
142   -1.956427055176358
142   1.9564270551763567
142   2.8534467835629354
143   -2.847309828980743
143   -1.9653478334995425
143   1.9653478334995442
143   2.847309828980743
144   -2.841136464144494
144   -1.9742616242434048
144   1.974261624243406
144   2.841136464144495
145   -2.8349268351605876
145   -1.9831679727491744
145   1.9831679727491747
145   2.834926835160587
146   -2.828681089437784
146   -1.9920664303955231
146   1.9920664303955238
146   2.8286810894377847
147   -2.8223993756964543
147   -2.0009565544808705
147   2.000956554480869
147   2.8223993756964547
148   -2.816081843978006
148   -2.009837908108293
148   2.009837908108293
148   2.8160818439780066
149   -2.809728645654548
149   -2.018710060073003
149   2.018710060073003
149   2.8097286456545487
150   -2.803339933438761
150   -2.027572584752333
150   2.027572584752333
150   2.8033399334387608
151   -2.7969158613939977
151   -2.0364250619981963
151   2.0364250619981967
151   2.796915861393998
152   -2.7904565849446223
152   -2.045267077031966
152   2.0452670770319665
152   2.790456584944623
153   -2.783962260886566
153   -2.0540982203417264
153   2.0540982203417255
153   2.783962260886566
154   -2.777433047398144
154   -2.062918087581847
154   2.0629180875818474
154   2.777433047398145
155   -2.7708691040511066
155   -2.0717262794748508
155   2.0717262794748503
155   2.770869104051108
156   -2.764270591821946
156   -2.0805224017155015
156   2.0805224017155015
156   2.7642705918219463
157   -2.7576376731034657
157   -2.0893060648770914
157   2.0893060648770923
157   2.7576376731034657
158   -2.750970511716608
158   -2.098076884319865
158   2.098076884319864
158   2.750970511716609
159   -2.7442692729225615
159   -2.1068344801015497
159   2.1068344801015484
159   2.7442692729225624
160   -2.7375341234351325
160   -2.115578476889933
160   2.115578476889934
160   2.737534123435132
161   -2.730765231433413
161   -2.124308503877464
161   2.124308503877465
161   2.7307652314334123
162   -2.72396276657473
162   -2.133024194697808
162   2.1330241946978084
162   2.723962766574731
163   -2.717126900007902
163   -2.1417251873443397
163   2.1417251873443384
163   2.7171269000079015
164   -2.710257804386785
164   -2.1504111240905117
164   2.1504111240905104
164   2.7102578043867847
165   -2.703355653884149
165   -2.159081651412076
165   2.159081651412075
165   2.70335565388415
166   -2.6964206242058557
166   -2.167736419911102
166   2.1677364199111024
166   2.6964206242058544
167   -2.689452892605368
167   -2.1763750842417564
167   2.176375084241756
167   2.689452892605368
168   -2.6824526378986095
168   -2.184997303037805
168   2.184997303037805
168   2.6824526378986095
169   -2.6754200404791364
169   -2.193602738841814
169   2.193602738841814
169   2.6754200404791373
170   -2.6683552823336854
170   -2.2021910580359743
170   2.2021910580359747
170   2.6683552823336854
171   -2.6612585470580674
171   -2.2107619307745634
171   2.210761930774564
171   2.661258547058066
172   -2.6541300198734334
172   -2.219315030917951
172   2.21931503091795
172   2.654130019873433
173   -2.6469698876429124
173   -2.2278500359681663
173   2.2278500359681668
173   2.646969887642912
174   -2.6397783388886396
174   -2.2363666270059617
174   2.2363666270059626
174   2.639778338888639
175   -2.6325555638091735
175   -2.244864488629336
175   2.244864488629336
175   2.6325555638091744
176   -2.625301754297323
176   -2.2533433088934953
176   2.2533433088934967
176   2.6253017542973236
177   -2.6180171039583744
177   -2.2618027792522257
177   2.261802779252226
177   2.6180171039583753
178   -2.6107018081287636
178   -2.2702425945006186
178   2.270242594500619
178   2.610701808128764
179   -2.6033560638951574
179   -2.2786624527191397
179   2.27866245271914
179   2.6033560638951574
180   -2.5959800701139994
180   -2.2870620552190104
180   2.2870620552190104
180   2.595980070114
181   -2.5885740274314983
181   -2.295441106488852
181   2.2954411064888522
181   2.5885740274314983
182   -2.5811381383040817
182   -2.3037993141425814
182   2.3037993141425828
182   2.581138138304082
183   -2.573672607019335
183   -2.3121363888685273
183   2.3121363888685273
183   2.5736726070193354
184   -2.5661776397174196
184   -2.3204520443797207
184   2.3204520443797203
184   2.5661776397174196
185   -2.5586534444129962
185   -2.328745997365362
185   2.3287459973653633
185   2.558653444412997
186   -2.5511002310176627
186   -2.3370179674434075
186   2.337017967443408
186   2.5511002310176627
187   -2.5435182113629042
187   -2.3452676771142653
187   2.3452676771142653
187   2.543518211362905
188   -2.5359075992235978
188   -2.3534948517155714
188   2.3534948517155705
188   2.5359075992235978
189   -2.528268610342054
189   -2.36169921937802
189   2.361699219378021
189   2.528268610342054
190   -2.5206014624526283
190   -2.3698805109822234
190   2.3698805109822234
190   2.5206014624526274
191   -2.512906375306908
191   -2.3780384601165694
191   2.3780384601165703
191   2.5129063753069083
192   -2.5051835706994927
192   -2.3861728030360707
192   2.386172803036073
192   2.505183570699494
193   -2.497433272494379
193   -2.3942832786221655
193   2.3942832786221664
193   2.497433272494379
194   -2.4896557066519587
194   -2.4023696283434464
194   2.4023696283434464
194   2.4896557066519582
195   -2.481851101256668
195   -2.4104315962173137
195   2.4104315962173146
195   2.481851101256669
196   -2.47401968654528
196   -2.4184689287725183
196   2.4184689287725187
196   2.4740196865452795
197   -2.4661616949358502
197   -2.4264813750125565
197   2.426481375012557
197   2.4661616949358494
198   -2.4582773610573754
198   -2.4344686863799407
198   2.434468686379941
198   2.4582773610573754
199   -2.4503669217801267
199   -2.4424306167212766
199   2.4424306167212775
199   2.4503669217801267
200   -2.4503669222531594
200   -2.442430616246707
200   2.4424306162467064
200   2.45036692225316
201   -2.458277361528856
201   -2.4344686859038482
201   2.4344686859038496
201   2.458277361528857
202   -2.466161695405766
202   -2.4264813745349563
202   2.426481374534957
202   2.4661616954057664
203   -2.474019687013615
203   -2.418468928293424
203   2.4184689282934255
203   2.474019687013616
204   -2.4818511017234117
204   -2.410431595736742
204   2.4104315957367426
204   2.4818511017234117
205   -2.4896557071170933
205   -2.4023696278614115
205   2.4023696278614115
205   2.4896557071170937
206   -2.4974332729578936
206   -2.3942832781386834
206   2.394283278138684
206   2.4974332729578936
207   -2.5051835711613726
207   -2.3861728025511555
207   2.386172802551156
207   2.5051835711613735
208   -2.5129063757671393
208   -2.3780384596302366
208   2.378038459630237
208   2.51290637576714
209   -2.520601462911197
209   -2.3698805104944896
209   2.36988051049449
209   2.520601462911198
210   -2.5282686107989485
210   -2.3616992188889
210   2.3616992188889006
210   2.5282686107989494
211   -2.5359075996788065
211   -2.3534948512250815
211   2.3534948512250824
211   2.5359075996788065
212   -2.543518211816412
212   -2.345267676622423
212   2.345267676622423
212   2.5435182118164126
213   -2.551100231469456
213   -2.3370179669502273
213   2.3370179669502273
213   2.551100231469456
214   -2.5586534448630647
214   -2.3287459968708615
214   2.3287459968708624
214   2.5586534448630656
215   -2.5661776401657486
215   -2.320452043883915
215   2.3204520438839147
215   2.5661776401657486
216   -2.573672607465912
216   -2.312136388371434
216   2.3121363883714343
216   2.573672607465913
217   -2.581138138748895
217   -2.303799313644219
217   2.30379931364422
217   2.5811381387488956
218   -2.588574027874537
218   -2.295441105989237
218   2.295441105989236
218   2.5885740278745373
219   -2.5959800705552505
219   -2.287062054718158
219   2.2870620547181595
219   2.595980070555251
220   -2.6033560643346076
220   -2.2786624522170698
220   2.2786624522170698
220   2.6033560643346076
221   -2.610701808566401
221   -2.2702425939973487
221   2.2702425939973483
221   2.6107018085664015
222   -2.6180171043941898
222   -2.2618027787477737
222   2.2618027787477737
222   2.61801710439419
223   -2.6253017547313036
223   -2.2533433083878798
223   2.253343308387879
223   2.625301754731303
224   -2.632555564241306
224   -2.244864488122573
224   2.2448644881225728
224   2.632555564241306
225   -2.6397783393189145
225   -2.236366626498073
225   2.2363666264980733
225   2.639778339318914
226   -2.6469698880713164
226   -2.2278500354591677
226   2.2278500354591686
226   2.6469698880713164
227   -2.654130020299956
227   -2.2193150304078606
227   2.2193150304078615
227   2.6541300202999567
228   -2.661258547482698
228   -2.2107619302634034
228   2.2107619302634034
228   2.661258547482699
229   -2.668355282756412
229   -2.2021910575237644
229   2.202191057523765
229   2.668355282756412
230   -2.67542004089995
230   -2.1936027383285706
230   2.1936027383285714
230   2.67542004089995
231   -2.682452638317497
231   -2.1849973025235503
231   2.1849973025235507
231   2.6824526383174963
232   -2.6894528930223185
232   -2.176375083726508
232   2.17637508372651
232   2.689452893022319
233   -2.696420624620858
233   -2.1677364193948847
233   2.1677364193948847
233   2.6964206246208584
234   -2.7033556542971944
234   -2.1590816508949064
234   2.159081650894907
234   2.7033556542971944
235   -2.7102578047978634
235   -2.1504111235724106
235   2.1504111235724106
235   2.710257804797863
236   -2.717126900417
236   -2.1417251868253295
236   2.14172518682533
236   2.717126900417001
237   -2.7239627669818405
237   -2.133024194177911
237   2.1330241941779104
237   2.723962766981841
238   -2.730765231838524
238   -2.1243085033567004
238   2.1243085033567
238   2.730765231838524
239   -2.7375341238382345
239   -2.115578476368324
239   2.115578476368324
239   2.7375341238382367
240   -2.7442692733236447
240   -2.106834479579117
240   2.1068344795791165
240   2.744269273323645
241   -2.7509705121156607
241   -2.0980768837966326
241   2.098076883796633
241   2.7509705121156616
242   -2.757637673500479
242   -2.0893060643530803
242   2.0893060643530803
242   2.7576376735004784
243   -2.76427059221691
243   -2.080522401190735
243   2.080522401190735
243   2.76427059221691
244   -2.7708691044440115
244   -2.071726278949352
244   2.071726278949353
244   2.770869104444012
245   -2.777433047788981
245   -2.0629180870556407
245   2.06291808705564
245   2.777433047788982
246   -2.783962261275325
246   -2.054098219814834
246   2.054098219814834
246   2.7839622612753248
247   -2.7904565853312935
247   -2.045267076504413
247   2.045267076504413
247   2.790456585331294
248   -2.796915861778571
248   -2.036425061470006
248   2.0364250614700072
248   2.796915861778572
249   -2.803339933821228
249   -2.0275725842235297
249   2.0275725842235297
249   2.8033399338212277
250   -2.809728646034901
250   -2.018710059543613
250   2.018710059543613
250   2.8097286460349022
251   -2.8160818443562357
251   -2.0098379075783397
251   2.009837907578341
251   2.816081844356234
252   -2.822399376072548
252   -2.000956553950381
252   2.0009565539503806
252   2.8223993760725476
253   -2.8286810898117345
253   -1.9920664298645236
253   1.9920664298645248
253   2.8286810898117336
254   -2.834926835532386
254   -1.9831679722176905
254   1.983167972217691
254   2.8349268355323853
255   -2.8411364645141335
255   -1.9742616237114643
255   1.9742616237114636
255   2.841136464514133
256   -2.8473098293482106
256   -1.96534783296717
256   1.9653478329671699
256   2.8473098293482133
257   -2.853446783928227
257   -1.9564270546435816
257   1.9564270546435811
257   2.8534467839282254
258   -2.859547183441128
258   -1.9474997495572626
258   1.9474997495572626
258   2.859547183441128
259   -2.8656108843583903
259   -1.9385663848056427
259   1.9385663848056418
259   2.8656108843583903
260   -2.8716377444273764
260   -1.929627433892806
260   1.9296274338928059
260   2.8716377444273777
261   -2.8776276226629127
261   -1.9206833768581149
261   1.9206833768581149
261   2.8776276226629123
262   -2.883580379339023
262   -1.9117347004076444
262   1.9117347004076455
262   2.8835803793390227
263   -2.8894958759808813
263   -1.9027818980485294
263   1.90278189804853
263   2.8894958759808826
264   -2.895373975356918
264   -1.8938254702262234
264   1.8938254702262227
264   2.895373975356918
265   -2.9012145414710977
265   -1.8848659244647459
265   1.8848659244647457
265   2.901214541471098
266   -2.9070174395553967
266   -1.875903775509947
266   1.875903775509947
266   2.907017439555398
267   -2.912782536062421
267   -1.8669395454758198
267   1.8669395454758198
267   2.9127825360624215
268   -2.9185096986581938
268   -1.8579737639939242
268   1.8579737639939262
268   2.918509698658193
269   -2.9241987962151113
269   -1.8490069683659343
269   1.8490069683659338
269   2.9241987962151117
270   -2.929849698805051
270   -1.840039703719365
270   1.8400397037193645
270   2.9298496988050506
271   -2.935462277692624
271   -1.8310725231664975
271   1.8310725231664995
271   2.935462277692623
272   -2.941036405328591
272   -1.8221059879665544
272   1.8221059879665549
272   2.9410364053285902
273   -2.946571955343415
273   -1.813140667691112
273   1.8131406676911115
273   2.9465719553434155
274   -2.952068802540965
274   -1.80417714039283
274   1.804177140392829
274   2.952068802540965
275   -2.957526822892343
275   -1.7952159927774758
275   1.7952159927774758
275   2.9575268228923424
276   -2.962945893529867
276   -1.7862578203792943
276   1.7862578203792927
276   2.9629458935298696
277   -2.968325892741182
277   -1.7773032277396992
277   1.7773032277396994
277   2.9683258927411824
278   -2.973666699963492
278   -1.7683528285893422
278   1.768352828589342
278   2.973666699963492
279   -2.9789681957779277
279   -1.7594072460335284
279   1.7594072460335302
279   2.9789681957779277
280   -2.984230261904046
280   -1.750467112740996
280   1.7504671127409965
280   2.9842302619040457
281   -2.9894527811944327
281   -1.7415330711360462
281   1.741533071136046
281   2.9894527811944354
282   -2.994635637629453
282   -1.73260577359402
282   1.7326057735940192
282   2.9946356376294534
283   -2.999778716312079
283   -1.7236858826400898
283   1.7236858826400894
283   2.9997787163120795
284   -3.0048819034628766
284   -1.7147740711513635
284   1.7147740711513628
284   3.0048819034628758
285   -3.0099450864150663
285   -1.7058710225622258
285   1.705871022562227
285   3.0099450864150668
286   -3.014968153609722
286   -1.6969774310729262
286   1.696977431072927
286   3.0149681536097237
287   -3.0199509945910594
287   -1.6880940018613189
287   1.6880940018613182
287   3.0199509945910608
288   -3.0248935000018293
288   -1.6792214512977064
288   1.6792214512977062
288   3.0248935000018298
289   -3.0297955615788226
289   -1.670360507162736
289   1.6703605071627357
289   3.0297955615788235
290   -3.034657072148475
290   -1.661511908868226
290   1.6615119088682264
290   3.0346570721484754
291   -3.0394779256225544
291   -1.6526764076808558
291   1.6526764076808556
291   3.0394779256225553
292   -3.044258016993967
292   -1.643854766948605
292   1.6438547669486032
292   3.0442580169939686
293   -3.04899724233264
293   -1.6350477623297885
293   1.635047762329789
293   3.048997242332643
294   -3.0536954987814986
294   -1.6262561820246226
294   1.6262561820246246
294   3.0536954987814986
295   -3.058352684552544
295   -1.6174808270090657
295   1.617480827009067
295   3.058352684552545
296   -3.0629686989230036
296   -1.6087225112708587
296   1.608722511270858
296   3.062968698923003
297   -3.067543442231578
297   -1.5999820620474892
297   1.5999820620474894
297   3.0675434422315777
298   -3.0720768158747678
298   -1.5912603200659658
298   1.5912603200659663
298   3.0720768158747673
299   -3.0765687223032843
299   -1.5825581397840744
299   1.582558139784074
299   3.0765687223032843
300   -3.0810190650185376
300   -1.5738763896329273
300   1.5738763896329273
300   3.0810190650185394
301   -3.0854277485692148
301   -1.5652159522605178
301   1.5652159522605176
301   3.0854277485692148
302   -3.0897946785479076
302   -1.5565777247759656
302   1.5565777247759667
302   3.089794678547907
303   -3.0941197615878546
303   -1.5479626189941436
303   1.5479626189941442
303   3.094119761587854
304   -3.098402905359724
304   -1.539371561680322
304   1.5393715616803212
304   3.0984029053597246
305   -3.102644018568488
305   -1.5308054947944476
305   1.5308054947944492
305   3.102644018568488
306   -3.1068430109503575
306   -1.522265375734668
306   1.522265375734669
306   3.1068430109503566
307   -3.11099979326979
307   -1.5137521775796126
307   1.5137521775796123
307   3.1109997932697895
308   -3.115114277316568
308   -1.5052668893289862
308   1.505266889328987
308   3.1151142773165685
309   -3.1191863759029417
309   -1.4968105161419616
309   1.4968105161419625
309   3.1191863759029417
310   -3.1232160028608282
310   -1.4883840795727812
310   1.488384079572781
310   3.12321600286083
311   -3.1272030730390945
311   -1.4799886178030341
311   1.4799886178030344
311   3.127203073039094
312   -3.1311475023008732
312   -1.4716251858699254
312   1.4716251858699259
312   3.1311475023008732
313   -3.1350492075209724
313   -1.463294855889889
313   1.4632948558898893
313   3.1350492075209733
314   -3.1389081065833215
314   -1.4549987172768237
314   1.4549987172768233
314   3.1389081065833215
315   -3.1427241183784793
315   -1.4467378769541863
315   1.446737876954187
315   3.142724118378478
316   -3.146497162801207
316   -1.4385134595601303
316   1.43851345956013
316   3.1464971628012055
317   -3.150227160748093
317   -1.4303266076448082
317   1.4303266076448078
317   3.1502271607480927
318   -3.1539140341152287
318   -1.4221784818589707
318   1.4221784818589713
318   3.1539140341152305
319   -3.1575577057959494
319   -1.4140702611328415
319   1.4140702611328415
319   3.1575577057959507
320   -3.161158099678607
320   -1.4060031428442914
320   1.406003142844291
320   3.1611580996786084
321   -3.1647151406444154
321   -1.3979783429752002
321   1.3979783429752006
321   3.164715140644416
322   -3.168228754565338
322   -1.3899970962549033
322   1.389997096254903
322   3.168228754565339
323   -3.1716988683020166
323   -1.3820606562895121
323   1.3820606562895124
323   3.171698868302017
324   -3.1751254097017694
324   -1.3741702956758517
324   1.3741702956758521
324   3.1751254097017707
325   -3.178508307596611
325   -1.3663273060987315
325   1.366327306098731
325   3.178508307596612
326   -3.1818474918013377
326   -1.358532998410134
326   1.3585329984101349
326   3.1818474918013373
327   -3.185142893111645
327   -1.350788702688942
327   1.3507887026889425
327   3.185142893111645
328   -3.1883944433023044
328   -1.3430957682796423
328   1.3430957682796414
328   3.188394443302304
329   -3.19160207512537
329   -1.335455563808519
329   1.3354555638085177
329   3.1916020751253695
330   -3.194765722308434
330   -1.3278694771756587
330   1.3278694771756594
330   3.194765722308433
331   -3.1978853195529258
331   -1.3203389155211518
331   1.3203389155211522
331   3.197885319552928
332   -3.2009608025324443
332   -1.3128653051636872
332   1.3128653051636874
332   3.2009608025324443
333   -3.2039921078911417
333   -1.30545009150981
333   1.3054500915098108
333   3.2039921078911417
334   -3.2069791732421353
334   -1.2980947389319781
334   1.2980947389319788
334   3.2069791732421358
335   -3.2099219371659684
335   -1.2908007306135083
335   1.290800730613508
335   3.2099219371659693
336   -3.2128203392090997
336   -1.2835695683584956
336   1.2835695683584953
336   3.2128203392091
337   -3.215674319882436
337   -1.2764027723647118
337   1.2764027723647107
337   3.215674319882437
338   -3.2184838206599
338   -1.2693018809574586
338   1.2693018809574592
338   3.2184838206599005
339   -3.2212487839770283
339   -1.2622684502823478
339   1.2622684502823485
339   3.2212487839770283
340   -3.2239691532296177
340   -1.2553040539548925
340   1.2553040539548923
340   3.2239691532296186
341   -3.2266448727723884
341   -1.2484102826648555
341   1.2484102826648558
341   3.226644872772389
342   -3.2292758879176944
342   -1.2415887437332365
342   1.2415887437332356
342   3.229275887917695
343   -3.2318621449342597
343   -1.2348410606197908
343   1.234841060619789
343   3.2318621449342615
344   -3.234403591045956
344   -1.2281688723790023
344   1.2281688723790036
344   3.234403591045956
345   -3.236900174430594
345   -1.2215738330624524
345   1.2215738330624533
345   3.2369001744305925
346   -3.2393518442187608
346   -1.2150576110655018
346   1.2150576110655014
346   3.2393518442187625
347   -3.2417585504926976
347   -1.208621888416381
347   1.2086218884163809
347   3.2417585504926976
348   -3.244120244285174
348   -1.2022683600057011
348   1.2022683600057025
348   3.244120244285174
349   -3.2464368775784243
349   -1.195998732754572
349   1.195998732754574
349   3.246436877578424
350   -3.248708403303098
350   -1.1898147247195767
350   1.1898147247195772
350   3.2487084033030986
351   -3.2509347753372424
351   -1.1837180641329612
351   1.1837180641329619
351   3.250934775337242
352   -3.253115948505304
352   -1.1777104883765472
352   1.1777104883765486
352   3.2531159485053043
353   -3.255251878577175
353   -1.171793742887996
353   1.1717937428879956
353   3.2552518785771762
354   -3.2573425222672556
354   -1.1659695799982457
354   1.1659695799982466
354   3.2573425222672556
355   -3.2593878372335325
355   -1.160239757699159
355   1.1602397576991597
355   3.2593878372335325
356   -3.2613877820767123
356   -1.15460603834054
356   1.1546060383405414
356   3.261387782076712
357   -3.2633423163393465
357   -1.1490701872560445
357   1.1490701872560443
357   3.2633423163393465
358   -3.26525140050501
358   -1.1436339713176413
358   1.1436339713176413
358   3.2652514005050106
359   -3.2671149959974883
359   -1.1382991574186558
359   1.1382991574186558
359   3.2671149959974892
360   -3.268933065179992
360   -1.1330675108856672
360   1.1330675108856674
360   3.2689330651799913
361   -3.2707055713543927
361   -1.1279407938198838
361   1.1279407938198844
361   3.270705571354392
362   -3.2724324787604955
362   -1.1229207633689589
362   1.122920763368961
362   3.2724324787604955
363   -3.274113752575321
363   -1.1180091699305694
363   1.118009169930571
363   3.27411375257532
364   -3.2757493589124085
364   -1.1132077552894766
364   1.1132077552894784
364   3.275749358912408
365   -3.277339264821155
365   -1.108518250690185
365   1.1085182506901852
365   3.2773392648211543
366   -3.278883438286164
366   -1.1039423748477062
366   1.1039423748477077
366   3.278883438286164
367   -3.280381848226626
367   -1.0994818318994444
367   1.0994818318994455
367   3.2803818482266256
368   -3.2818344644957076
368   -1.0951383093015536
368   1.095138309301555
368   3.2818344644957076
369   -3.2832412578799763
369   -1.0909134756736674
369   1.0909134756736685
369   3.2832412578799763
370   -3.284602200098836
370   -1.0868089785963202
370   1.0868089785963206
370   3.2846022000988366
371   -3.2859172638039853
371   -1.0828264423658205
371   1.0828264423658183
371   3.2859172638039857
372   -3.2871864225789045
372   -1.0789674657118267
372   1.0789674657118282
372   3.2871864225789027
373   -3.2884096509383385
373   -1.0752336194833605
373   1.0752336194833638
373   3.2884096509383376
374   -3.2895869243278355
374   -1.0716264443093155
374   1.0716264443093142
374   3.289586924327835
375   -3.2907182191232778
375   -1.0681474482400917
375   1.0681474482400921
375   3.290718219123277
376   -3.2918035126304352
376   -1.0647981043773604
376   1.0647981043773616
376   3.2918035126304352
377   -3.2928427830845495
377   -1.0615798484992442
377   1.0615798484992442
377   3.2928427830845513
378   -3.2938360096499335
378   -1.058494076688715
378   1.0584940766887136
378   3.293836009649934
379   -3.2947831724195717
379   -1.0555421429732297
379   1.0555421429732306
379   3.2947831724195717
380   -3.295684252414766
380   -1.0527253569839656
380   1.0527253569839663
380   3.2956842524147656
381   -3.2965392315847852
381   -1.0500449816432036
381   1.050044981643204
381   3.296539231584787
382   -3.2973480928065384
382   -1.0475022308886874
382   1.0475022308886883
382   3.2973480928065384
383   -3.298110819884247
383   -1.0450982674438576
383   1.0450982674438571
383   3.298110819884247
384   -3.298827397549168
384   -1.042834200642972
384   1.0428342006429716
384   3.29882739754917
385   -3.299497811459313
385   -1.0407110843201828
385   1.0407110843201814
385   3.2994978114593154
386   -3.3001220481991798
386   -1.0387299147715607
386   1.038729914771559
386   3.300122048199181
387   -3.3007000952795247
387   -1.036891628799
387   1.036891628799002
387   3.300700095279522
388   -3.3012319411371127
388   -1.0351971018447579
388   1.0351971018447572
388   3.301231941137112
389   -3.3017175751345453
389   -1.0336471462251247
389   1.0336471462251253
389   3.3017175751345453
390   -3.3021569875600445
390   -1.0322425094715202
390   1.0322425094715209
390   3.3021569875600445
391   -3.3025501696272794
391   -1.0309838727868157
391   1.0309838727868137
391   3.302550169627283
392   -3.302897113475229
392   -1.0298718496243513
392   1.0298718496243513
392   3.3028971134752303
393   -3.3031978121680146
393   -1.0289069843966119
393   1.0289069843966117
393   3.303197812168016
394   -3.303452259694798
394   -1.0280897513199116
394   1.028089751319912
394   3.303452259694796
395   -3.303660450969657
395   -1.0274205534009209
395   1.027420553400921
395   3.303660450969657
396   -3.303822381831517
396   -1.0268997215701283
396   1.0268997215701272
396   3.3038223818315187
397   -3.303938049044061
397   -1.026527513966683
397   1.0265275139666832
397   3.3039380490440613
398   -3.3040074502956704
398   -1.026304115378285
398   1.0263041153782875
398   3.3040074502956682
399   -3.3040305841993884
399   -1.026229636839016
399   1.0262296368390178
399   3.304030584199388
