-4.5  0.0  -5.5  0.0  1.5703
-5.5  0.0  -4.5  0.0  1.5703
-3.5  0.0  -4.5  0.0  1.5703
-4.5  0.0  -3.5  0.0  1.5703
-2.5  0.0  -3.5  0.0  1.5703
-3.5  0.0  -2.5  0.0  1.5703
-1.5  0.0  -2.5  0.0  1.5703
-2.5  0.0  -1.5  0.0  1.5703
-0.5  0.0  -1.5  0.0  1.5703
-1.5  0.0  -0.5  0.0  1.5703
0.5  0.0  -0.5  0.0  1.5703
-0.5  0.0  0.5  0.0  1.5703
1.5  0.0  0.5  0.0  1.5703
0.5  0.0  1.5  0.0  1.5703
2.5  0.0  1.5  0.0  1.5703
1.5  0.0  2.5  0.0  1.5703
3.5  0.0  2.5  0.0  1.5703
2.5  0.0  3.5  0.0  1.5703
4.5  0.0  3.5  0.0  1.5703
3.5  0.0  4.5  0.0  1.5703
5.5  0.0  4.5  0.0  1.5703
4.5  0.0  5.5  0.0  1.5703
