1    -7.377349784753191
2    -6.8518528146812425
3    -6.557799583774929
4    -6.493201673091359
5    -6.651071019557214
6    -6.900363929789873
7    -7.157850554663087
8    -7.3935154443433975
9    -7.598732453857154
10    -7.772918838738281
11    -7.918544970650912
12    -8.03910561323702
13    -8.138243376590724
14    -8.21937017408312
15    -8.285519537255816
16    -8.339309304966488
17    -8.382956489329258
18    -8.418315037195642
19    -8.446921526074892
20    -8.470041242482896
21    -8.4887110244589
22    -8.503777357248111
23    -8.515929328790115
24    -8.525726623273307
25    -8.533622999529484
26    -8.539985802544525
27    -8.545112068160016
28    -8.549241747257778
29    -8.552568521403256
30    -8.555248621032382
31    -8.557407997299343
32    -8.559148143391639
33    -8.560550812047218
34    -8.561681833551987
35    -8.562594202389848
36    -8.56333057038885
37    -8.563925258960067
38    -8.564405882152725
39    -8.564794655082022
40    -8.565109448224838
41    -8.565364636597382
42    -8.56557178347959
43    -8.565740190752633
44    -8.565877341751422
45    -8.565989257539348
46    -8.566080783470868
47    -8.566155819639992
48    -8.566217506172753
49    -8.566268372191326
50    -8.566310455557948
51    -8.566345399121243
52    -8.566374528069767
53    -8.56639891209801
54    -8.566419415365093
55    -8.56643673664273
56    -8.566451441579721
57    -8.566463988631858
58    -8.56647474990257
59    -8.566484027894798
60    -8.56649206897829
61    -8.566499074218184
62    -8.566505208083935
63    -8.566510605455392
64    -8.566515377260949
65    -8.566519615016576
66    -8.566523394481797
67    -8.566526778605972
68    -8.566529819904318
69    -8.56653256237533
70    -8.566535043049583
71    -8.566537293241915
72    -8.566539339565168
73    -8.566541204751715
74    -8.566542908320393
75    -8.566544467118751
76    -8.566545895764811
77    -8.566547207007762
78    -8.566548412023039
79    -8.566549520654508
80    -8.56655054161377
81    -8.56655148264466
82    -8.566552350659583
83    -8.566553151852817
84    -8.566553891795257
85    -8.566554575513711
86    -8.566555207557828
87    -8.56655579205679
88    -8.56655633276734
89    -8.56655683311516
90    -8.566557296230213
91    -8.56655772497734
92    -8.566558121982897
93    -8.566558489657972
94    -8.566558830218717
95    -8.566559145704417
96    -8.566559437993288
97    -8.566559708816733
98    -8.566559959771952
99    -8.56656019233331
100    -8.566560407862529
101    -8.566560607617909
102    -8.566560792762747
103    -8.566560964372814
104    -8.566561123443307
105    -8.566561270895162
106    -8.566561407580812
107    -8.56656153428939
108    -8.56656165175164
109    -8.566561760644303
110    -8.566561861594225
111    -8.566561955182074
112    -8.566562041945819
113    -8.566562122383951
114    -8.566562196958353
115    -8.566562266097058
116    -8.566562330196735
117    -8.566562389625052
118    -8.566562444722738
119    -8.566562495805655
120    -8.566562543166532
121    -8.566562587076763
122    -8.566562627787892
123    -8.566562665533107
124    -8.566562700528586
125    -8.566562732974724
126    -8.566562763057302
127    -8.566562790948542
128    -8.566562816808128
129    -8.56656284078408
130    -8.56656286301364
131    -8.566562883624043
132    -8.566562902733228
133    -8.566562920450567
134    -8.566562936877464
135    -8.56656295210791
136    -8.56656296622905
137    -8.566562979321715
138    -8.56656299146079
139    -8.566563002715762
140    -8.56656301315101
141    -8.56656302282623
142    -8.566563031796806
143    -8.56656304011404
144    -8.566563047825529
145    -8.56656305497539
146    -8.566563061604517
147    -8.566563067750858
148    -8.566563073449569
149    -8.566563078733244
150    -8.566563083632103
151    -8.566563088174192
152    -8.566563092385485
153    -8.566563096290077
154    -8.566563099910297
155    -8.56656310326686
156    -8.566563106378974
157    -8.566563109264447
158    -8.566563111939763
159    -8.566563114420257
160    -8.566563116720095
161    -8.566563118852432
162    -8.566563120829478
163    -8.566563122662549
164    -8.566563124362121
165    -8.566563125937906
166    -8.566563127398936
167    -8.566563128753561
168    -8.566563130009534
169    -8.566563131174043
170    -8.56656313225374
171    -8.566563133254801
172    -8.566563134182967
173    -8.56656313504353
174    -8.56656313584142
175    -8.566563136581205
176    -8.566563137267103
177    -8.566563137903064
178    -8.5665631384927
179    -8.56656313903941
180    -8.566563139546282
181    -8.566563140016253
182    -8.56656314045199
183    -8.566563140856005
184    -8.566563141230587
185    -8.566563141577891
186    -8.566563141899898
187    -8.566563142198465
188    -8.56656314247528
189    -8.566563142731939
190    -8.566563142969903
191    -8.56656314319054
192    -8.566563143395111
193    -8.566563143584773
194    -8.566563143760636
195    -8.566563143923684
196    -8.566563144074856
197    -8.566563144215028
198    -8.566563144344975
199    -8.566563144465475
200    -8.56656314457719
201    -8.56656314468077
202    -8.566563144776815
203    -8.566563144865853
204    -8.566563144948418
205    -8.566563145024958
206    -8.566563145095927
207    -8.566563145161734
208    -8.566563145222755
209    -8.566563145279316
210    -8.566563145331772
211    -8.566563145380389
212    -8.566563145425473
213    -8.566563145467283
214    -8.566563145506043
215    -8.566563145541977
216    -8.566563145575307
217    -8.56656314560619
218    -8.566563145634834
219    -8.566563145661386
220    -8.566563145686011
221    -8.566563145708855
222    -8.566563145730019
223    -8.56656314574964
224    -8.566563145767828
225    -8.566563145784698
226    -8.56656314580034
227    -8.566563145814854
228    -8.566563145828288
229    -8.566563145840767
230    -8.566563145852312
231    -8.566563145863034
232    -8.566563145872971
233    -8.566563145882188
234    -8.566563145890733
