-4.0     0.0008804620666744426
-3.979949874686717     0.000900334195753551
-3.9598997493734336     0.0009210232703434807
-3.9398496240601504     0.0009425804060974462
-3.919799498746867     0.0009650611026324389
-3.899749373433584     0.000988525726634801
-3.8796992481203008     0.0010130400605410997
-3.8596491228070176     0.0010386759274437151
-3.8395989974937343     0.0010655119048982205
-3.819548872180451     0.0010936341427792123
-3.799498746867168     0.001123137303361376
-3.7794486215538847     0.001154125645525441
-3.7593984962406015     0.0011867142796012848
-3.7393483709273183     0.0012210306250876684
-3.719298245614035     0.0012572161106549577
-3.699248120300752     0.0012954281648420625
-3.6791979949874687     0.0013358425572546813
-3.6591478696741855     0.0013786561645735033
-3.6390977443609023     0.0014240902542705677
-3.619047619047619     0.0014723944029203506
-3.598997493734336     0.0015238511971904282
-3.5789473684210527     0.0015787819064891594
-3.5588972431077694     0.001637553370307997
-3.5388471177944862     0.0017005864154075773
-3.518796992481203     0.001768366215120282
-3.49874686716792     0.001841455135204477
-3.4786967418546366     0.0019205087925244092
-3.4586466165413534     0.00200629630600044
-3.43859649122807     0.002099726076294413
-3.418546365914787     0.0022018789411621924
-3.398496240601504     0.002314051294296866
-3.3784461152882206     0.0024378118484801553
-3.3583959899749374     0.0025750773652768993
-3.338345864661654     0.002728215187171123
-3.318295739348371     0.002900184341287314
-3.2982456140350878     0.0030947332870434694
-3.2781954887218046     0.003316682753585354
-3.2581453634085213     0.0035723397022373636
-3.238095238095238     0.0038701192970471165
-3.218045112781955     0.004221507987191271
-3.1979949874686717     0.004642607904824072
-3.1779448621553885     0.0051567175971634835
-3.1578947368421053     0.005798862011499734
-3.137844611528822     0.006624234701309508
-3.117794486215539     0.007725148864468411
-3.0977443609022557     0.009268488274436106
-3.0776942355889725     0.011589705199812983
-3.0576441102756893     0.01547521402933142
-3.037593984962406     0.02327968305268154
-3.017543859649123     0.046035546621209046
-2.9974937343358397     0.16025921639018714
-2.9774436090225564     0.24064982704070106
-2.9573934837092732     0.2562438521805828
-2.93734335839599     0.2676561764748641
-2.917293233082707     0.2741904988873851
-2.8972431077694236     0.2767316396489641
-2.8771929824561404     0.28152209390252003
-2.857142857142857     0.2882825757861836
-2.837092731829574     0.2829370607818471
-2.817042606516291     0.2677675585516479
-2.7969924812030076     0.27594098434353026
-2.7769423558897244     0.29948072838764006
-2.756892230576441     0.2800102509978855
-2.736842105263158     0.26901604765701664
-2.7167919799498748     0.3033746579390562
-2.6967418546365916     0.2718102486673427
-2.6766917293233083     0.2875128705652196
-2.656641604010025     0.2969387928150391
-2.636591478696742     0.2741554612487936
-2.6165413533834587     0.3141244426421288
-2.5964912280701755     0.268592284375682
-2.5764411027568923     0.3180667869185679
-2.556390977443609     0.2737798664256338
-2.536340852130326     0.3254262294601527
-2.5162907268170427     0.28105352622556323
-2.4962406015037595     0.34002787185743516
-2.4761904761904763     0.27938572571526754
-2.456140350877193     0.32319933704825676
-2.43609022556391     0.28266032129994767
-2.4160401002506267     0.3293067414089808
-2.3959899749373434     0.3087112846899406
-2.3759398496240602     0.29482729132119545
-2.355889724310777     0.30897122960444845
-2.335839598997494     0.28249254637252846
-2.3157894736842106     0.3559137832246608
-2.2957393483709274     0.29109705161778143
-2.275689223057644     0.33743896530045075
-2.255639097744361     0.317447271801449
-2.235588972431078     0.3077283981735225
-2.2155388471177946     0.3357743788908664
-2.1954887218045114     0.2875040796020014
-2.175438596491228     0.3604325268867827
-2.155388471177945     0.30858798168658164
-2.1353383458646618     0.29161481638459097
-2.1152882205513786     0.3642508350295103
-2.0952380952380953     0.3004254447055231
-2.075187969924812     0.3300039319848681
-2.055137844611529     0.3443718155861897
-2.0350877192982457     0.3027825659603101
-2.0150375939849625     0.36744304863322474
-1.9949874686716793     0.3317926883320769
-1.974937343358396     0.3127848705015462
-1.954887218045113     0.36727843410243305
-1.9348370927318297     0.32632601926205607
-1.9147869674185465     0.3321481434374313
-1.8947368421052633     0.35877628097813874
-1.87468671679198     0.32531049281353114
-1.8546365914786969     0.3580159032757443
-1.8345864661654137     0.35650215782724176
-1.8145363408521304     0.3263926453453457
-1.7944862155388472     0.3827035235549609
-1.774436090225564     0.36311075623587835
-1.7543859649122808     0.32946632431391354
-1.7343358395989976     0.40328822375400974
-1.7142857142857144     0.3754631442842293
-1.6942355889724312     0.33654444437323355
-1.674185463659148     0.42253986553599526
-1.6541353383458648     0.38725064382644714
-1.6340852130325816     0.346172830074332
-1.6140350877192984     0.44197543792772664
-1.5939849624060152     0.39497218042517335
-1.573934837092732     0.35330322726799473
-1.5538847117794488     0.4603103099443532
-1.5338345864661656     0.4014254270633668
-1.5137844611528823     0.35855704689750273
-1.4937343358395991     0.47587609695213
-1.473684210526316     0.4121473079091989
-1.4536340852130327     0.3665091131608677
-1.4335839598997495     0.48862669934715475
-1.4135338345864663     0.430123946291489
-1.393483709273183     0.37935357224986926
-1.3734335839599     0.4997385535546066
-1.3533834586466167     0.45473706902697186
-1.3333333333333335     0.40022659086915574
-1.3132832080200503     0.5077309896687929
-1.293233082706767     0.4771661846736786
-1.2731829573934839     0.42897216506984254
-1.2531328320802007     0.5105916474963935
-1.2330827067669174     0.49590960521995436
-1.2130325814536342     0.4409698413222158
-1.192982456140351     0.53039142550152
-1.1729323308270678     0.5670312294144069
-1.1528822055137846     0.4838203646258087
-1.1328320802005014     0.5439453964252617
-1.1127819548872182     0.6393570904617593
-1.092731829573935     0.5389318097673533
-1.0726817042606518     0.588289357304303
-1.0526315789473686     0.7859084545521167
-1.0325814536340854     0.6440651582260631
-1.0125313283208022     0.7661046153675711
-0.992481203007519     0.9569993330751825
-0.9724310776942358     0.6132573361839848
-0.9523809523809526     0.7066217526358735
-0.9323308270676693     0.6239037189162071
-0.9122807017543861     0.47513037410883013
-0.8922305764411029     0.534228931761415
-0.8721804511278197     0.5279188461745443
-0.8521303258145365     0.39431109751063126
-0.8320802005012533     0.4388912887059805
-0.8120300751879701     0.48583902004514223
-0.7919799498746869     0.353112360629655
-0.7719298245614037     0.3656639969619811
-0.7518796992481205     0.42895112978196914
-0.7318295739348373     0.31377172370604195
-0.7117794486215541     0.3157480595395025
-0.6917293233082709     0.37908179953488635
-0.6716791979949877     0.2537337897372039
-0.6516290726817044     0.2688892639786251
-0.6315789473684212     0.3105135670246291
-0.611528822055138     0.23738864194304052
-0.5914786967418548     0.25321468179264855
-0.5714285714285716     0.2702403315157801
-0.5513784461152884     0.21099945015486793
-0.5313283208020052     0.19806323985901145
-0.511278195488722     0.25776778869366945
-0.4912280701754388     0.17867941231975937
-0.4711779448621556     0.1743209054974801
-0.4511278195488724     0.20590125876151713
-0.43107769423558917     0.17012237651337114
-0.41102756892230596     0.15411695552442745
-0.39097744360902276     0.16749181228244495
-0.37092731829573955     0.1562634567619476
-0.35087719298245634     0.11674711911138941
-0.33082706766917314     0.15555331368307268
-0.31077694235588993     0.11002947549010955
-0.2907268170426067     0.10560261664004453
-0.2706766917293235     0.12294479839566616
-0.2506265664160403     0.08902023179099873
-0.2305764411027571     0.09604626849616212
-0.2105263157894739     0.08615457291048591
-0.1904761904761907     0.07552495494034557
-0.17042606516290748     0.06219371405893425
-0.15037593984962427     0.06388389781868968
-0.13032581453634107     0.06065046236285357
-0.11027568922305786     0.0360022048851339
-0.09022556390977465     0.043921899058449745
-0.07017543859649145     0.03483956262427953
-0.05012531328320824     0.020703330298091658
-0.030075187969925032     0.024121453675886525
-0.010025062656641825     0.012477830695257461
0.010025062656641381     0.012477830695257403
0.030075187969924144     0.024121453675885356
0.050125313283207795     0.020703330298091814
0.07017543859649145     0.03483956262427952
0.09022556390977421     0.04392189905844874
0.11027568922305697     0.03600220488513427
0.13032581453634062     0.060650462362853846
0.15037593984962427     0.06388389781868968
0.17042606516290704     0.06219371405893413
0.1904761904761898     0.0755249549403465
0.21052631578947345     0.08615457291048585
0.2305764411027571     0.09604626849616212
0.25062656641603986     0.08902023179099876
0.2706766917293226     0.1229447983956653
0.2907268170426063     0.10560261664004683
0.31077694235588993     0.11002947549010957
0.3308270676691727     0.15555331368307335
0.35087719298245545     0.11674711911139235
0.3709273182957391     0.15626345676194636
0.39097744360902276     0.16749181228244497
0.4110275689223055     0.15411695552442706
0.4310776942355883     0.1701223765133716
0.45112781954887193     0.20590125876151602
0.4711779448621556     0.1743209054974801
0.49122807017543835     0.17867941231975876
0.5112781954887211     0.2577677886936712
0.5313283208020048     0.19806323985900995
0.5513784461152884     0.21099945015486793
0.5714285714285712     0.27024033151578153
0.5914786967418539     0.25321468179265094
0.6115288220551376     0.23738864194303835
0.6315789473684212     0.3105135670246291
0.651629072681704     0.268889263978625
0.6716791979949868     0.2537337897372048
0.6917293233082704     0.37908179953488663
0.7117794486215541     0.31574805953950263
0.7318295739348368     0.3137717237060419
0.7518796992481196     0.428951129781965
0.7719298245614032     0.3656639969619819
0.7919799498746869     0.353112360629655
0.8120300751879697     0.48583902004513796
0.8320802005012524     0.43889128870598243
0.8521303258145361     0.3943110975106325
0.8721804511278197     0.5279188461745443
0.8922305764411025     0.5342289317614161
0.9122807017543852     0.47513037410883147
0.9323308270676689     0.6239037189161991
0.9523809523809526     0.7066217526358735
0.9724310776942353     0.6132573361839871
0.9924812030075181     0.9569993330751333
1.0125313283208017     0.7661046153675826
1.0325814536340854     0.6440651582260631
1.0526315789473681     0.7859084545521153
1.072681704260651     0.5882893573043134
1.0927318295739346     0.5389318097673521
1.1127819548872182     0.6393570904617593
1.132832080200501     0.5439453964252666
1.1528822055137837     0.48382036462580685
1.1729323308270674     0.5670312294144045
1.192982456140351     0.5303914255015197
1.2130325814536338     0.4409698413222154
1.2330827067669166     0.4959096052199489
1.2531328320802002     0.5105916474963995
1.2731829573934839     0.4289721650698424
1.2932330827067666     0.47716618467367555
1.3132832080200494     0.5077309896687999
1.333333333333333     0.4002265908691574
1.3533834586466167     0.454737069026972
1.3734335839598995     0.4997385535546097
1.3934837092731822     0.37935357224987126
1.4135338345864659     0.4301239462914884
1.4335839598997495     0.4886266993471547
1.4536340852130323     0.3665091131608692
1.473684210526315     0.4121473079091988
1.4937343358395987     0.47587609695213057
1.5137844611528823     0.3585570468975027
1.533834586466165     0.4014254270633662
1.5538847117794479     0.4603103099443526
1.5739348370927315     0.3533032272679964
1.5939849624060152     0.39497218042517335
1.614035087719298     0.4419754379277255
1.6340852130325807     0.3461728300743329
1.6541353383458643     0.38725064382644525
1.674185463659148     0.4225398655359952
1.6942355889724308     0.33654444437323366
1.7142857142857135     0.37546314428422406
1.7343358395989972     0.4032882237540102
1.7543859649122808     0.32946632431391354
1.7744360902255636     0.36311075623587447
1.7944862155388464     0.38270352355496556
1.81453634085213     0.3263926453453458
1.8345864661654137     0.3565021578272417
1.8546365914786964     0.35801590327574806
1.8746867167919792     0.3253104928135301
1.8947368421052628     0.3587762809781364
1.9147869674185465     0.33214814343743126
1.9348370927318292     0.3263260192620558
1.954887218045112     0.36727843410242994
1.9749373433583957     0.3127848705015489
1.9949874686716793     0.3317926883320769
2.015037593984962     0.36744304863322547
2.035087719298245     0.30278256596031367
2.0551378446115285     0.3443718155861881
2.075187969924812     0.33000393198486816
2.095238095238095     0.3004254447055246
2.1152882205513777     0.3642508350295066
2.1353383458646613     0.2916148163845916
2.155388471177945     0.3085879816865817
2.1754385964912277     0.3604325268867845
2.1954887218045105     0.2875040796019991
2.215538847117794     0.3357743788908647
2.235588972431078     0.3077283981735225
2.2556390977443606     0.31744727180144655
2.2756892230576433     0.337438965300455
2.295739348370927     0.2910970516177815
2.3157894736842106     0.3559137832246608
2.3358395989974934     0.2824925463725283
2.355889724310776     0.30897122960444556
2.37593984962406     0.2948272913211975
2.3959899749373434     0.3087112846899406
2.416040100250626     0.32930674140898303
2.436090225563909     0.28266032129994567
2.4561403508771926     0.32319933704825804
2.4761904761904763     0.27938572571526754
2.496240601503759     0.3400278718574352
2.516290726817042     0.2810535262255628
2.5363408521303255     0.32542622946015143
2.556390977443609     0.2737798664256338
2.576441102756892     0.31806678691856766
2.5964912280701746     0.26859228437568017
2.6165413533834583     0.3141244426421299
2.636591478696742     0.2741554612487936
2.6566416040100247     0.29693879281504115
2.6766917293233075     0.2875128705652175
2.696741854636591     0.27181024866734443
2.7167919799498748     0.3033746579390562
2.7368421052631575     0.26901604765701587
2.7568922305764403     0.28001025099788873
2.776942355889724     0.29948072838763873
2.7969924812030076     0.27594098434353026
2.8170426065162903     0.26776755855164924
2.837092731829573     0.28293706078184955
2.8571428571428568     0.28828257578618394
2.8771929824561404     0.2815220939025199
2.897243107769423     0.27673163964896347
2.917293233082706     0.27419049888738406
2.9373433583959896     0.2676561764748641
2.9573934837092732     0.25624385218058277
2.977443609022556     0.24064982704070173
2.9974937343358388     0.16025921639019416
3.0175438596491224     0.04603554662121003
3.037593984962406     0.02327968305268154
3.057644110275689     0.015475214029331526
3.0776942355889716     0.011589705199813099
3.0977443609022552     0.00926848827443615
3.117794486215539     0.007725148864468411
3.1378446115288217     0.006624234701309532
3.1578947368421044     0.005798862011499755
3.177944862155388     0.005156717597163496
3.1979949874686717     0.004642607904824072
3.2180451127819545     0.004221507987191276
3.2380952380952372     0.0038701192970471317
3.258145363408521     0.0035723397022373675
3.2781954887218046     0.003316682753585354
3.2982456140350873     0.0030947332870434755
3.31829573934837     0.002900184341287317
3.3383458646616537     0.0027282151871711267
3.3583959899749374     0.002575077365276899
3.37844611528822     0.002437811848480157
3.398496240601503     0.002314051294296875
3.4185463659147866     0.0022018789411621946
3.43859649122807     0.002099726076294413
3.458646616541353     0.002006296306000442
3.4786967418546357     0.0019205087925244116
3.4987468671679194     0.0018414551352044781
3.518796992481203     0.001768366215120282
3.538847117794486     0.0017005864154075777
3.5588972431077686     0.0016375533703080001
3.578947368421052     0.0015787819064891598
3.598997493734336     0.0015238511971904282
3.6190476190476186     0.0014723944029203509
3.6390977443609014     0.0014240902542705693
3.659147869674185     0.001378656164573504
3.6791979949874687     0.0013358425572546813
3.6992481203007515     0.0012954281648420627
3.719298245614034     0.001257216110654959
3.739348370927318     0.0012210306250876684
3.7593984962406015     0.0011867142796012848
3.7794486215538843     0.0011541256455254417
3.799498746867167     0.0011231373033613763
3.8195488721804507     0.0010936341427792138
3.8395989974937343     0.0010655119048982207
3.859649122807017     0.0010386759274437153
3.8796992481203     0.0010130400605411003
3.8997493734335835     0.0009885257266348019
3.919799498746867     0.0009650611026324389
3.93984962406015     0.0009425804060974466
3.9598997493734327     0.0009210232703434814
3.9799498746867163     0.000900334195753551
4.0     0.0008804620666744426
