0   -3.0727348424780105
0   -3.0727348424775154
0   3.0727348424775145
0   3.07273484247801
1   -3.072012281850404
1   -3.0720122818499083
1   3.07201228184991
1   3.072012281850405
2   -3.07080823083668
2   -3.070808230836183
2   3.0708082308361853
2   3.070808230836681
3   -3.069123014455807
3   -3.069123014455311
3   3.0691230144553114
3   3.0691230144558066
4   -3.06695708767551
4   -3.0669570876750134
4   3.066957087675013
4   3.066957087675509
5   -3.064311035353616
5   -3.06431103535312
5   3.064311035353119
5   3.064311035353615
6   -3.0611855721629277
6   -3.061185572162431
6   3.0611855721624326
6   3.061185572162928
7   -3.0575815424997947
7   -3.0575815424992987
7   3.057581542499299
7   3.0575815424997943
8   -3.053499920376675
8   -3.0534999203761797
8   3.0534999203761775
8   3.0534999203766744
9   -3.0489418092989418
9   -3.0489418092984457
9   3.0489418092984453
9   3.048941809298941
10   -3.043908442126305
10   -3.0439084421258094
10   3.0439084421258085
10   3.043908442126305
11   -3.0384011809192515
11   -3.038401180918756
11   3.0384011809187563
11   3.038401180919252
12   -3.0324215167709223
12   -3.032421516770427
12   3.0324215167704276
12   3.0324215167709228
13   -3.0259710696249664
13   -3.025971069624471
13   3.0259710696244704
13   3.0259710696249664
14   -3.019051588079884
14   -3.0190515880793884
14   3.019051588079389
14   3.0190515880798845
15   -3.011664949180515
15   -3.0116649491800205
15   3.01166494918002
15   3.011664949180515
16   -3.0038131581973104
16   -3.0038131581968157
16   3.0038131581968153
16   3.003813158197311
17   -2.9954983483941398
17   -2.995498348393645
17   2.9954983483936437
17   2.9954983483941393
18   -2.986722780785431
18   -2.9867227807849357
18   2.9867227807849357
18   2.98672278078543
19   -2.9774888438835023
19   -2.977488843883008
19   2.9774888438830094
19   2.9774888438835028
20   -2.9677990534370347
20   -2.9677990534365404
20   2.9677990534365417
20   2.9677990534370364
21   -2.957656052161691
21   -2.9576560521611963
21   2.9576560521611985
21   2.957656052161692
22   -2.9470626094639694
22   -2.9470626094634746
22   2.9470626094634738
22   2.9470626094639694
23   -2.936021621159492
23   -2.936021621158998
23   2.9360216211589982
23   2.9360216211594934
24   -2.9245361091869633
24   -2.9245361091864694
24   2.92453610918647
24   2.9245361091869637
25   -2.912609221319172
25   -2.912609221318677
25   2.912609221318678
25   2.9126092213191725
26   -2.900244230872505
26   -2.900244230872011
26   2.9002442308720107
26   2.9002442308725054
27   -2.8874445364165213
27   -2.8874445364160266
27   2.887444536416027
27   2.8874445364165204
28   -2.8742136614852707
28   -2.8742136614847764
28   2.874213661484779
28   2.8742136614852716
29   -2.8605552542921746
29   -2.8605552542916803
29   2.860555254291681
29   2.860555254292174
30   -2.8464730874503577
30   -2.8464730874498643
30   2.8464730874498647
30   2.8464730874503585
31   -2.8319710577005512
31   -2.8319710577000574
31   2.8319710577000565
31   2.831971057700551
32   -2.8170531856487253
32   -2.8170531856482324
32   2.8170531856482333
32   2.817053185648726
33   -2.8017236155158702
33   -2.8017236155153773
33   2.8017236155153755
33   2.8017236155158693
34   -2.7859866149024413
34   -2.7859866149019497
34   2.7859866149019505
34   2.785986614902442
35   -2.769846574570206
35   -2.7698465745697125
35   2.769846574569712
35   2.7698465745702046
36   -2.7533080082443977
36   -2.7533080082439048
36   2.753308008243907
36   2.753308008244399
37   -2.7363755524393367
37   -2.736375552438844
37   2.7363755524388464
37   2.736375552439337
38   -2.719053966310847
38   -2.719053966310355
38   2.7190539663103555
38   2.7190539663108475
39   -2.701348131539093
39   -2.7013481315386008
39   2.7013481315386043
39   2.7013481315390946
40   -2.6832630522456924
40   -2.6832630522452012
40   2.6832630522452
40   2.6832630522456924
41   -2.664803854949274
41   -2.6648038549487825
41   2.6648038549487847
41   2.6648038549492754
42   -2.645975788563916
42   -2.6459757885634247
42   2.645975788563423
42   2.6459757885639146
43   -2.626784224445287
43   -2.6267842244447963
43   2.626784224444797
43   2.626784224445287
44   -2.6072346564896294
44   -2.607234656489138
44   2.607234656489139
44   2.6072346564896303
45   -2.5873327012911287
45   -2.5873327012906384
45   2.5873327012906393
45   2.5873327012911296
46   -2.567084098363639
46   -2.5670840983631487
46   2.5670840983631487
46   2.5670840983636394
47   -2.546494710433197
47   -2.546494710432707
47   2.5464947104327047
47   2.546494710433196
48   -2.5255705238082307
48   -2.5255705238077413
48   2.5255705238077417
48   2.5255705238082307
49   -2.504317648834938
49   -2.504317648834448
49   2.50431764883445
49   2.504317648834938
50   -2.4827423204458707
50   -2.482742320445382
50   2.4827423204453822
50   2.482742320445871
51   -2.460850898810422
51   -2.460850898809933
51   2.460850898809934
51   2.4608508988104223
52   -2.438649870096564
52   -2.4386498700960755
52   2.438649870096076
52   2.438649870096564
53   -2.4161458473539854
53   -2.4161458473534974
53   2.4161458473534965
53   2.4161458473539854
54   -2.3933455715295637
54   -2.3933455715290766
54   2.3933455715290775
54   2.393345571529564
55   -2.370255912626988
55   -2.3702559126265004
55   2.3702559126265
55   2.3702559126269875
56   -2.346883871023364
56   -2.3468838710228774
56   2.346883871022878
56   2.3468838710233646
57   -2.32323657895662
57   -2.323236578956134
57   2.3232365789561342
57   2.3232365789566205
58   -2.2993213021987438
58   -2.299321302198258
58   2.299321302198259
58   2.299321302198744
59   -2.275145441931094
59   -2.2751454419306087
59   2.275145441930608
59   2.275145441931094
60   -2.2507165368394024
60   -2.250716536838918
60   2.2507165368389184
60   2.2507165368394033
61   -2.226042265447577
61   -2.226042265447092
61   2.226042265447093
61   2.226042265447577
62   -2.201130448711017
62   -2.2011304487105328
62   2.201130448710534
62   2.201130448711018
63   -2.175989052891954
63   -2.175989052891471
63   2.1759890528914707
63   2.175989052891954
64   -2.1506261927411905
64   -2.1506261927407078
64   2.1506261927407087
64   2.1506261927411905
65   -2.125050135012774
65   -2.125050135012292
65   2.1250501350122932
65   2.125050135012774
66   -2.0992693023403715
66   -2.0992693023398905
66   2.09926930233989
66   2.099269302340372
67   -2.0732922775066225
67   -2.073292277506141
67   2.073292277506143
67   2.073292277506623
68   -2.0471278081394297
68   -2.0471278081389492
68   2.0471278081389483
68   2.047127808139429
69   -2.020784811872095
69   -2.020784811871616
69   2.020784811871617
69   2.0207848118720957
70   -1.9942723820073809
70   -1.9942723820069022
70   1.9942723820069024
70   1.9942723820073813
71   -1.9675997937290448
71   -1.9675997937285676
71   1.9675997937285676
71   1.9675997937290448
72   -1.9407765109081434
72   -1.9407765109076665
72   1.9407765109076667
72   1.9407765109081434
73   -1.913812193555414
73   -1.9138121935549384
73   1.913812193554938
73   1.913812193555414
74   -1.8867167059754597
74   -1.886716705974985
74   1.8867167059749865
74   1.8867167059754606
75   -1.8595001256831094
75   -1.8595001256826356
75   1.8595001256826362
75   1.8595001256831096
76   -1.8321727531473948
76   -1.8321727531469225
76   1.8321727531469223
76   1.8321727531473952
77   -1.80474512243396
77   -1.8047451224334883
77   1.8047451224334892
77   1.8047451224339603
78   -1.7772280128224358
78   -1.7772280128219653
78   1.7772280128219655
78   1.7772280128224365
79   -1.7496324614813954
79   -1.749632461480926
79   1.7496324614809264
79   1.7496324614813954
80   -1.7219697772898417
80   -1.7219697772893736
80   1.7219697772893732
80   1.7219697772898415
81   -1.6942515559008369
81   -1.6942515559003706
81   1.6942515559003706
81   1.6942515559008373
82   -1.6664896961496964
82   -1.6664896961492317
82   1.6664896961492313
82   1.6664896961496964
83   -1.6386964179161383
83   -1.6386964179156744
83   1.638696417915675
83   1.6386964179161387
84   -1.6108842815566733
84   -1.6108842815562114
84   1.6108842815562119
84   1.6108842815566735
85   -1.5830662090303074
85   -1.5830662090298473
85   1.5830662090298477
85   1.583066209030308
86   -1.555255506846875
86   -1.555255506846416
86   1.555255506846416
86   1.555255506846875
87   -1.527465890972962
87   -1.5274658909725052
87   1.5274658909725056
87   1.527465890972962
88   -1.4997115138347765
88   -1.4997115138343222
88   1.499711513834322
88   1.4997115138347772
89   -1.4720069935601574
89   -1.4720069935597047
89   1.4720069935597049
89   1.4720069935601574
90   -1.4443674456023388
90   -1.4443674456018885
90   1.4443674456018882
90   1.4443674456023388
91   -1.4168085168855105
91   -1.4168085168850624
91   1.4168085168850626
91   1.4168085168855107
92   -1.389346422605261
92   -1.3893464226048156
92   1.3893464226048158
92   1.3893464226052612
93   -1.3619979858046827
93   -1.3619979858042404
93   1.3619979858042408
93   1.3619979858046831
94   -1.3347806798273725
94   -1.3347806798269326
94   1.334780679826933
94   1.3347806798273725
95   -1.307712673719881
95   -1.3077126737194438
95   1.3077126737194444
95   1.307712673719881
96   -1.280812880615938
96   -1.2808128806155044
96   1.2808128806155046
96   1.2808128806159382
97   -1.2541010090799063
97   -1.2541010090794764
97   1.2541010090794766
97   1.2541010090799067
98   -1.2275976173140266
98   -1.2275976173136
98   1.2275976173136003
98   1.2275976173140268
99   -1.2013241700387276
99   -1.201324170038305
99   1.2013241700383048
99   1.2013241700387276
100   -1.175303097732869
100   -1.1753030977324506
100   1.1753030977324515
100   1.1753030977328691
101   -1.1495578577653889
101   -1.1495578577649748
101   1.149557857764975
101   1.149557857765389
102   -1.124112996755424
102   -1.124112996755015
102   1.124112996755015
102   1.124112996755424
103   -1.0989942132572696
103   -1.098994213256866
103   1.0989942132568662
103   1.0989942132572696
104   -1.0742284195726273
104   -1.0742284195722291
104   1.0742284195722294
104   1.0742284195726277
105   -1.0498438011379165
105   -1.049843801137524
105   1.0498438011375242
105   1.0498438011379165
106   -1.0258698715126842
106   -1.025869871512298
106   1.0258698715122982
106   1.0258698715126848
107   -1.0023375205012695
107   -1.0023375205008902
107   1.0023375205008904
107   1.0023375205012697
108   -0.9792790523721414
108   -0.9792790523717692
108   0.9792790523717693
108   0.9792790523721416
109   -0.9567282105006888
109   -0.9567282105003242
109   0.9567282105003244
109   0.9567282105006888
110   -0.9347201840620409
110   -0.9347201840616844
110   0.9347201840616849
110   0.934720184062041
111   -0.9132915916615283
111   -0.9132915916611809
111   0.9132915916611809
111   0.9132915916615285
112   -0.8924804360460912
112   -0.8924804360457531
112   0.8924804360457533
112   0.8924804360460912
113   -0.8723260233426545
113   -0.8723260233423266
113   0.8723260233423269
113   0.8723260233426549
114   -0.8528688396926251
114   -0.8528688396923081
114   0.8528688396923082
114   0.8528688396926255
115   -0.834150377792782
115   -0.8341503777924762
115   0.8341503777924762
115   0.8341503777927823
116   -0.8162129058337618
116   -0.8162129058334682
116   0.8162129058334684
116   0.8162129058337623
117   -0.7990991717915928
117   -0.7990991717913121
117   0.7990991717913122
117   0.7990991717915928
118   -0.7828520371312845
118   -0.7828520371310176
118   0.7828520371310179
118   0.7828520371312848
119   -0.7675140358776784
119   -0.7675140358774258
119   0.767514035877426
119   0.7675140358776785
120   -0.7531268578233902
120   -0.753126857823153
120   0.7531268578231531
120   0.7531268578233905
121   -0.7397307584426601
121   -0.7397307584424386
121   0.7397307584424389
121   0.7397307584426602
122   -0.7273639028305805
122   -0.7273639028303761
122   0.7273639028303762
122   0.7273639028305808
123   -0.7160616565194174
123   -0.7160616565192306
123   0.7160616565192308
123   0.7160616565194178
124   -0.7058558419999077
124   -0.705855841999739
124   0.7058558419997392
124   0.7058558419999079
125   -0.6967739856813961
125   -0.6967739856812463
125   0.6967739856812465
125   0.6967739856813963
126   -0.6888385851932834
126   -0.6888385851931531
126   0.6888385851931534
126   0.6888385851932838
127   -0.6820664306071215
127   -0.682066430607011
127   0.6820664306070113
127   0.6820664306071217
128   -0.676468014609103
128   -0.6764680146090127
128   0.676468014609013
128   0.6764680146091031
129   -0.6720470652979947
129   -0.6720470652979254
129   0.6720470652979256
129   0.6720470652979951
130   -0.6688002308404298
130   -0.6688002308403811
130   0.6688002308403814
130   0.66880023084043
131   -0.666716937803367
131   -0.6667169378033393
131   0.6667169378033395
131   0.6667169378033673
132   -0.665779435164805
132   -0.665779435164798
132   0.6657794351647982
132   0.6657794351648051
133   -0.6659630247347282
133   -0.6659630247347145
133   0.6659630247347146
133   0.6659630247347283
134   -0.6672364672107397
134   -0.6672364672107055
134   0.6672364672107058
134   0.66723646721074
135   -0.6695625426146837
135   -0.6695625426146293
135   0.6695625426146294
135   0.6695625426146838
136   -0.6728987355142649
136   -0.6728987355141911
136   0.6728987355141912
136   0.6728987355142652
137   -0.677198009994802
137   -0.6771980099947088
137   0.677198009994709
137   0.6771980099948021
138   -0.6824096371352874
138   -0.6824096371351758
138   0.6824096371351761
138   0.6824096371352877
139   -0.6884800386351353
139   -0.6884800386350058
139   0.6884800386350061
139   0.6884800386351356
140   -0.6953536137368117
140   -0.6953536137366652
140   0.6953536137366655
140   0.6953536137368119
141   -0.7029735219602764
141   -0.7029735219601132
141   0.7029735219601135
141   0.7029735219602766
142   -0.711282400585701
142   -0.7112824005855222
142   0.7112824005855225
142   0.7112824005857012
143   -0.7202230025156567
143   -0.7202230025154631
143   0.7202230025154633
143   0.720223002515657
144   -0.7297387464823913
144   -0.7297387464821835
144   0.7297387464821837
144   0.7297387464823916
145   -0.7397741770943912
145   -0.7397741770941699
145   0.7397741770941701
145   0.7397741770943915
146   -0.750275336688332
146   -0.7502753366880978
146   0.750275336688098
146   0.7502753366883321
147   -0.7611900542870635
147   -0.7611900542868173
147   0.7611900542868176
147   0.7611900542870638
148   -0.7724681592100882
148   -0.7724681592098305
148   0.7724681592098308
148   0.7724681592100883
149   -0.7840616281726563
149   -0.7840616281723884
149   0.7840616281723884
149   0.7840616281726566
150   -0.7959246752189928
150   -0.7959246752187148
150   0.7959246752187149
150   0.795924675218993
151   -0.8080137937510412
151   -0.8080137937507534
151   0.8080137937507539
151   0.8080137937510413
152   -0.8202877594122504
152   -0.8202877594119541
152   0.8202877594119542
152   0.8202877594122506
153   -0.832707601818166
153   -0.832707601817861
153   0.8327076018178613
153   0.8327076018181662
154   -0.8452365522144316
154   -0.8452365522141186
154   0.8452365522141189
154   0.8452365522144317
155   -0.857839973181073
155   -0.8578399731807527
155   0.857839973180753
155   0.8578399731810732
156   -0.8704852755554159
156   -0.8704852755550889
156   0.8704852755550893
156   0.8704852755554162
157   -0.8831418268579401
157   -0.8831418268576067
157   0.8831418268576068
157   0.8831418268579403
158   -0.895780854701158
158   -0.8957808547008185
158   0.8957808547008186
158   0.8957808547011582
159   -0.9083753479532324
159   -0.9083753479528871
159   0.9083753479528872
159   0.9083753479532328
160   -0.9208999578181926
160   -0.920899957817842
160   0.9208999578178423
160   0.9208999578181928
161   -0.9333309004796629
161   -0.9333309004793071
161   0.9333309004793077
161   0.9333309004796632
162   -0.9456458625275943
162   -0.9456458625272339
162   0.9456458625272339
162   0.9456458625275949
163   -0.9578239100383596
163   -0.9578239100379949
163   0.9578239100379949
163   0.9578239100383599
164   -0.9698454018975498
164   -0.9698454018971807
164   0.969845401897181
164   0.96984540189755
165   -0.9816919077321357
165   -0.9816919077317626
165   0.9816919077317632
165   0.9816919077321362
166   -0.9933461306448469
166   -0.9933461306444703
166   0.9933461306444705
166   0.993346130644847
167   -1.0047918348104041
167   -1.0047918348100238
167   1.0047918348100238
167   1.0047918348104046
168   -1.0160137778931024
168   -1.016013777892719
168   1.016013777892719
168   1.0160137778931029
169   -1.0269976481718976
169   -1.0269976481715115
169   1.0269976481715117
169   1.026997648171898
170   -1.037730006207121
170   -1.0377300062067318
170   1.0377300062067318
170   1.0377300062071215
171   -1.0481982308477962
171   -1.0481982308474043
171   1.048198230847404
171   1.0481982308477964
172   -1.0583904693565023
172   -1.0583904693561077
172   1.058390469356108
172   1.0583904693565027
173   -1.06829559141682
173   -1.0682955914164232
173   1.0682955914164236
173   1.0682955914168204
174   -1.0779031467841231
174   -1.0779031467837241
174   1.0779031467837241
174   1.0779031467841234
175   -1.0872033263419452
175   -1.087203326341544
175   1.0872033263415444
175   1.0872033263419456
176   -1.0961869263317408
176   -1.0961869263313373
176   1.0961869263313375
176   1.0961869263317408
177   -1.1048453155323874
177   -1.1048453155319826
177   1.1048453155319826
177   1.1048453155323876
178   -1.1131704051763096
178   -1.113170405175903
178   1.1131704051759028
178   1.1131704051763103
179   -1.1211546214008468
179   -1.121154621400438
179   1.1211546214004382
179   1.121154621400847
180   -1.1287908800459903
180   -1.1287908800455806
180   1.1287908800455808
180   1.1287908800459907
181   -1.1360725636223512
181   -1.1360725636219402
181   1.1360725636219406
181   1.1360725636223519
182   -1.1429935002859397
182   -1.1429935002855267
182   1.142993500285527
182   1.1429935002859397
183   -1.1495479446688661
183   -1.149547944668453
183   1.149547944668453
183   1.1495479446688666
184   -1.155730560427146
184   -1.1557305604267314
184   1.1557305604267316
184   1.1557305604271466
185   -1.161536404378386
185   -1.1615364043779701
185   1.1615364043779703
185   1.1615364043783858
186   -1.166960912113221
186   -1.1669609121128044
186   1.1669609121128042
186   1.1669609121132214
187   -1.1719998849748126
187   -1.171999884974395
187   1.1719998849743947
187   1.1719998849748128
188   -1.1766494783105903
188   -1.1766494783101715
188   1.1766494783101722
188   1.1766494783105903
189   -1.1809061909097553
189   -1.180906190909336
189   1.180906190909336
189   1.1809061909097551
190   -1.184766855548757
190   -1.1847668555483373
190   1.1847668555483377
190   1.1847668555487572
191   -1.188228630575188
191   -1.1882286305747676
191   1.1882286305747682
191   1.1882286305751881
192   -1.1912889924682477
192   -1.191288992467827
192   1.191288992467827
192   1.1912889924682482
193   -1.1939457293211848
193   -1.1939457293207638
193   1.1939457293207638
193   1.193945729321185
194   -1.1961969351979647
194   -1.196196935197543
194   1.1961969351975432
194   1.196196935197965
195   -1.1980410053229023
195   -1.19804100532248
195   1.19804100532248
195   1.1980410053229023
196   -1.199476632068137
196   -1.199476632067715
196   1.1994766320677155
196   1.1994766320681378
197   -1.2005028017097081
197   -1.2005028017092858
197   1.2005028017092858
197   1.2005028017097084
198   -1.2011187919286177
198   -1.2011187919281956
198   1.2011187919281958
198   1.2011187919286181
199   -1.2013241700387296
199   -1.201324170038307
199   1.2013241700383068
199   1.2013241700387296
200   -1.2011187919286177
200   -1.2011187919281956
200   1.2011187919281958
200   1.2011187919286181
201   -1.2005028017097077
201   -1.2005028017092851
201   1.2005028017092851
201   1.200502801709708
202   -1.199476632068137
202   -1.199476632067715
202   1.1994766320677153
202   1.1994766320681371
203   -1.1980410053229018
203   -1.1980410053224801
203   1.19804100532248
203   1.1980410053229018
204   -1.1961969351979642
204   -1.1961969351975426
204   1.196196935197543
204   1.1961969351979642
205   -1.1939457293211846
205   -1.193945729320763
205   1.1939457293207631
205   1.1939457293211846
206   -1.1912889924682473
206   -1.1912889924678265
206   1.1912889924678272
206   1.191288992468248
207   -1.1882286305751875
207   -1.1882286305747674
207   1.1882286305747665
207   1.1882286305751875
208   -1.1847668555487567
208   -1.1847668555483366
208   1.184766855548337
208   1.1847668555487567
209   -1.1809061909097551
209   -1.1809061909093364
209   1.1809061909093366
209   1.1809061909097558
210   -1.1766494783105899
210   -1.1766494783101715
210   1.1766494783101715
210   1.1766494783105899
211   -1.1719998849748126
211   -1.171999884974395
211   1.1719998849743947
211   1.1719998849748128
212   -1.166960912113221
212   -1.1669609121128044
212   1.1669609121128042
212   1.1669609121132214
213   -1.161536404378386
213   -1.1615364043779703
213   1.1615364043779706
213   1.1615364043783862
214   -1.155730560427146
214   -1.1557305604267314
214   1.155730560426731
214   1.1557305604271464
215   -1.1495479446688672
215   -1.1495479446684533
215   1.149547944668454
215   1.1495479446688674
216   -1.14299350028594
216   -1.1429935002855274
216   1.1429935002855274
216   1.1429935002859402
217   -1.1360725636223523
217   -1.1360725636219409
217   1.1360725636219409
217   1.136072563622352
218   -1.1287908800459918
218   -1.1287908800455821
218   1.1287908800455821
218   1.1287908800459918
219   -1.1211546214008479
219   -1.1211546214004395
219   1.1211546214004402
219   1.1211546214008483
220   -1.113170405176311
220   -1.1131704051759046
220   1.1131704051759046
220   1.1131704051763114
221   -1.1048453155323892
221   -1.1048453155319844
221   1.1048453155319844
221   1.1048453155323896
222   -1.0961869263317425
222   -1.0961869263313395
222   1.0961869263313397
222   1.096186926331743
223   -1.0872033263419478
223   -1.0872033263415468
223   1.0872033263415466
223   1.0872033263419483
224   -1.0779031467841262
224   -1.077903146783727
224   1.077903146783727
224   1.0779031467841265
225   -1.068295591416824
225   -1.0682955914164265
225   1.0682955914164265
225   1.0682955914168235
226   -1.0583904693565054
226   -1.058390469356111
226   1.0583904693561113
226   1.0583904693565054
227   -1.0481982308477997
227   -1.0481982308474078
227   1.0481982308474085
227   1.0481982308478002
228   -1.0377300062071249
228   -1.0377300062067356
228   1.0377300062067352
228   1.0377300062071253
229   -1.026997648171902
229   -1.0269976481715153
229   1.0269976481715157
229   1.026997648171902
230   -1.0160137778931067
230   -1.0160137778927232
230   1.0160137778927234
230   1.0160137778931073
231   -1.0047918348104088
231   -1.0047918348100289
231   1.0047918348100289
231   1.004791834810409
232   -0.9933461306448523
232   -0.9933461306444757
232   0.9933461306444759
232   0.9933461306448527
233   -0.9816919077321414
233   -0.9816919077317683
233   0.9816919077317691
233   0.9816919077321415
234   -0.9698454018975561
234   -0.9698454018971869
234   0.9698454018971876
234   0.9698454018975563
235   -0.9578239100383658
235   -0.9578239100380009
235   0.9578239100380009
235   0.9578239100383661
236   -0.9456458625276013
236   -0.9456458625272407
236   0.9456458625272409
236   0.9456458625276014
237   -0.9333309004796695
237   -0.9333309004793137
237   0.9333309004793139
237   0.9333309004796696
238   -0.9208999578182001
238   -0.9208999578178494
238   0.9208999578178495
238   0.9208999578182004
239   -0.90837534795324
239   -0.9083753479528947
239   0.908375347952895
239   0.9083753479532402
240   -0.8957808547011663
240   -0.8957808547008266
240   0.895780854700827
240   0.8957808547011666
241   -0.8831418268579486
241   -0.8831418268576151
241   0.8831418268576154
241   0.883141826857949
242   -0.8704852755554243
242   -0.8704852755550972
242   0.8704852755550976
242   0.8704852755554245
243   -0.8578399731810818
243   -0.8578399731807619
243   0.8578399731807619
243   0.8578399731810822
244   -0.8452365522144406
244   -0.8452365522141277
244   0.8452365522141279
244   0.8452365522144407
245   -0.8327076018181755
245   -0.8327076018178705
245   0.8327076018178707
245   0.8327076018181757
246   -0.8202877594122597
246   -0.8202877594119633
246   0.8202877594119634
246   0.8202877594122601
247   -0.808013793751051
247   -0.8080137937507631
247   0.8080137937507634
247   0.8080137937510511
248   -0.7959246752190027
248   -0.7959246752187243
248   0.7959246752187246
248   0.7959246752190028
249   -0.7840616281726662
249   -0.7840616281723981
249   0.7840616281723983
249   0.7840616281726664
250   -0.7724681592100976
250   -0.77246815920984
250   0.7724681592098402
250   0.7724681592100978
251   -0.7611900542870729
251   -0.7611900542868268
251   0.7611900542868272
251   0.7611900542870731
252   -0.7502753366883421
252   -0.750275336688108
252   0.7502753366881083
252   0.7502753366883423
253   -0.7397741770944009
253   -0.7397741770941796
253   0.7397741770941797
253   0.7397741770944012
254   -0.7297387464824006
254   -0.7297387464821925
254   0.7297387464821928
254   0.7297387464824007
255   -0.7202230025156654
255   -0.7202230025154717
255   0.720223002515472
255   0.7202230025156655
256   -0.7112824005857092
256   -0.7112824005855304
256   0.7112824005855306
256   0.7112824005857094
257   -0.7029735219602845
257   -0.7029735219601214
257   0.7029735219601217
257   0.7029735219602847
258   -0.6953536137368189
258   -0.6953536137366724
258   0.6953536137366726
258   0.695353613736819
259   -0.6884800386351422
259   -0.6884800386350128
259   0.6884800386350132
259   0.6884800386351426
260   -0.6824096371352937
260   -0.6824096371351822
260   0.6824096371351823
260   0.6824096371352938
261   -0.6771980099948074
261   -0.6771980099947144
261   0.6771980099947146
261   0.6771980099948075
262   -0.6728987355142694
262   -0.6728987355141954
262   0.6728987355141955
262   0.6728987355142696
263   -0.6695625426146865
263   -0.6695625426146321
263   0.6695625426146323
263   0.6695625426146868
264   -0.6672364672107418
264   -0.6672364672107076
264   0.6672364672107078
264   0.667236467210742
265   -0.6659630247347292
265   -0.6659630247347156
265   0.6659630247347156
265   0.6659630247347293
266   -0.6657794351648045
266   -0.6657794351647975
266   0.6657794351647978
266   0.6657794351648046
267   -0.6667169378033652
267   -0.6667169378033374
267   0.6667169378033377
267   0.6667169378033654
268   -0.6688002308404266
268   -0.668800230840378
268   0.6688002308403782
268   0.6688002308404268
269   -0.6720470652979902
269   -0.6720470652979206
269   0.6720470652979209
269   0.6720470652979903
270   -0.6764680146090966
270   -0.6764680146090064
270   0.6764680146090066
270   0.6764680146090969
271   -0.6820664306071132
271   -0.6820664306070027
271   0.6820664306070029
271   0.6820664306071134
272   -0.6888385851932737
272   -0.6888385851931433
272   0.6888385851931436
272   0.6888385851932738
273   -0.6967739856813846
273   -0.6967739856812348
273   0.696773985681235
273   0.6967739856813849
274   -0.7058558419998945
274   -0.7058558419997257
274   0.7058558419997261
274   0.7058558419998947
275   -0.7160616565194021
275   -0.7160616565192153
275   0.7160616565192156
275   0.7160616565194025
276   -0.7273639028305638
276   -0.7273639028303593
276   0.7273639028303596
276   0.7273639028305641
277   -0.7397307584426412
277   -0.73973075844242
277   0.7397307584424202
277   0.7397307584426414
278   -0.7531268578233695
278   -0.7531268578231323
278   0.7531268578231325
278   0.7531268578233699
279   -0.7675140358776561
279   -0.7675140358774035
279   0.7675140358774039
279   0.7675140358776563
280   -0.7828520371312604
280   -0.7828520371309934
280   0.7828520371309935
280   0.7828520371312607
281   -0.7990991717915673
281   -0.7990991717912866
281   0.7990991717912869
281   0.7990991717915676
282   -0.8162129058337341
282   -0.8162129058334402
282   0.8162129058334404
282   0.8162129058337343
283   -0.8341503777927526
283   -0.8341503777924468
283   0.834150377792447
283   0.8341503777927528
284   -0.852868839692595
284   -0.8528688396922778
284   0.852868839692278
284   0.8528688396925952
285   -0.8723260233426222
285   -0.8723260233422943
285   0.8723260233422947
285   0.8723260233426225
286   -0.892480436046057
286   -0.8924804360457192
286   0.8924804360457194
286   0.8924804360460573
287   -0.9132915916614931
287   -0.9132915916611456
287   0.9132915916611458
287   0.9132915916614932
288   -0.934720184062004
288   -0.9347201840616478
288   0.9347201840616479
288   0.9347201840620043
289   -0.9567282105006496
289   -0.9567282105002851
289   0.9567282105002852
289   0.9567282105006497
290   -0.9792790523721013
290   -0.9792790523717291
290   0.9792790523717292
290   0.9792790523721014
291   -1.0023375205012282
291   -1.0023375205008487
291   1.0023375205008496
291   1.0023375205012286
292   -1.025869871512642
292   -1.025869871512256
292   1.025869871512256
292   1.0258698715126422
293   -1.0498438011378721
293   -1.0498438011374795
293   1.04984380113748
293   1.049843801137872
294   -1.0742284195725822
294   -1.0742284195721836
294   1.0742284195721843
294   1.0742284195725824
295   -1.098994213257224
295   -1.0989942132568202
295   1.0989942132568205
295   1.0989942132572244
296   -1.124112996755376
296   -1.124112996754967
296   1.1241129967549672
296   1.1241129967553762
297   -1.14955785776534
297   -1.1495578577649264
297   1.1495578577649261
297   1.1495578577653403
298   -1.1753030977328187
298   -1.1753030977324008
298   1.1753030977324013
298   1.175303097732819
299   -1.2013241700386776
299   -1.2013241700382549
299   1.2013241700382553
299   1.2013241700386776
300   -1.2275976173139733
300   -1.227597617313547
300   1.2275976173135474
300   1.2275976173139735
301   -1.2541010090798532
301   -1.2541010090794233
301   1.2541010090794236
301   1.2541010090798537
302   -1.280812880615884
302   -1.2808128806154504
302   1.2808128806154508
302   1.2808128806158843
303   -1.3077126737198268
303   -1.3077126737193896
303   1.3077126737193896
303   1.3077126737198266
304   -1.3347806798273154
304   -1.3347806798268758
304   1.3347806798268755
304   1.3347806798273159
305   -1.3619979858046265
305   -1.3619979858041837
305   1.361997985804184
305   1.3619979858046265
306   -1.3893464226052032
306   -1.389346422604758
306   1.3893464226047576
306   1.3893464226052035
307   -1.4168085168854512
307   -1.4168085168850035
307   1.4168085168850044
307   1.4168085168854518
308   -1.444367445602279
308   -1.444367445601829
308   1.444367445601829
308   1.4443674456022793
309   -1.4720069935600981
309   -1.4720069935596456
309   1.4720069935596458
309   1.4720069935600983
310   -1.499711513834717
310   -1.4997115138342625
310   1.4997115138342632
310   1.4997115138347172
311   -1.5274658909728993
311   -1.5274658909724428
311   1.527465890972443
311   1.5274658909728995
312   -1.5552555068468128
312   -1.5552555068463543
312   1.5552555068463538
312   1.5552555068468128
313   -1.5830662090302454
313   -1.5830662090297847
313   1.5830662090297845
313   1.5830662090302452
314   -1.610884281556611
314   -1.610884281556149
314   1.6108842815561484
314   1.6108842815566113
315   -1.638696417916074
315   -1.63869641791561
315   1.6386964179156114
315   1.6386964179160743
316   -1.666489696149632
316   -1.6664896961491675
316   1.6664896961491675
316   1.6664896961496325
317   -1.6942515559007725
317   -1.694251555900306
317   1.6942515559003055
317   1.6942515559007727
318   -1.7219697772897757
318   -1.7219697772893077
318   1.7219697772893081
318   1.7219697772897766
319   -1.7496324614813292
319   -1.7496324614808598
319   1.74963246148086
319   1.7496324614813294
320   -1.7772280128223692
320   -1.777228012821899
320   1.7772280128218991
320   1.7772280128223696
321   -1.8047451224338937
321   -1.804745122433422
321   1.804745122433422
321   1.8047451224338937
322   -1.8321727531473273
322   -1.8321727531468543
322   1.8321727531468537
322   1.8321727531473273
323   -1.859500125683042
323   -1.8595001256825678
323   1.8595001256825676
323   1.8595001256830417
324   -1.8867167059753929
324   -1.8867167059749177
324   1.886716705974918
324   1.8867167059753926
325   -1.9138121935553452
325   -1.9138121935548695
325   1.913812193554869
325   1.9138121935553452
326   -1.9407765109080741
326   -1.9407765109075978
326   1.9407765109075985
326   1.9407765109080748
327   -1.9675997937289766
327   -1.967599793728499
327   1.9675997937284995
327   1.967599793728977
328   -1.9942723820073123
328   -1.9942723820068338
328   1.9942723820068344
328   1.9942723820073127
329   -2.020784811872025
329   -2.020784811871547
329   2.020784811871546
329   2.0207848118720255
330   -2.0471278081393605
330   -2.04712780813888
330   2.0471278081388804
330   2.047127808139361
331   -2.0732922775065528
331   -2.073292277506072
331   2.073292277506072
331   2.073292277506553
332   -2.0992693023403026
332   -2.0992693023398212
332   2.0992693023398217
332   2.0992693023403035
333   -2.125050135012704
333   -2.1250501350122217
333   2.1250501350122217
333   2.1250501350127036
334   -2.150626192741121
334   -2.1506261927406394
334   2.1506261927406394
334   2.150626192741121
335   -2.175989052891885
335   -2.175989052891402
335   2.1759890528914014
335   2.1759890528918846
336   -2.201130448710947
336   -2.2011304487104635
336   2.2011304487104626
336   2.201130448710947
337   -2.2260422654475063
337   -2.2260422654470227
337   2.2260422654470227
337   2.2260422654475067
338   -2.250716536839334
338   -2.250716536838849
338   2.2507165368388478
338   2.250716536839333
339   -2.2751454419310257
339   -2.27514544193054
339   2.275145441930541
339   2.275145441931026
340   -2.299321302198674
340   -2.2993213021981878
340   2.2993213021981878
340   2.2993213021986745
341   -2.3232365789565512
341   -2.3232365789560645
341   2.3232365789560636
341   2.323236578956551
342   -2.3468838710232958
342   -2.346883871022809
342   2.3468838710228095
342   2.346883871023296
343   -2.3702559126269196
343   -2.3702559126264324
343   2.3702559126264338
343   2.37025591262692
344   -2.3933455715294953
344   -2.3933455715290073
344   2.3933455715290073
344   2.3933455715294953
345   -2.416145847353919
345   -2.4161458473534307
345   2.4161458473534303
345   2.4161458473539184
346   -2.4386498700964974
346   -2.4386498700960093
346   2.4386498700960084
346   2.438649870096498
347   -2.4608508988103557
347   -2.4608508988098667
347   2.460850898809866
347   2.460850898810355
348   -2.482742320445805
348   -2.482742320445315
348   2.4827423204453156
348   2.482742320445805
349   -2.504317648834872
349   -2.504317648834382
349   2.504317648834382
349   2.504317648834871
350   -2.5255705238081667
350   -2.5255705238076764
350   2.525570523807677
350   2.5255705238081676
351   -2.546494710433133
351   -2.546494710432643
351   2.546494710432643
351   2.5464947104331324
352   -2.567084098363575
352   -2.5670840983630847
352   2.5670840983630847
352   2.567084098363575
353   -2.5873327012910656
353   -2.5873327012905745
353   2.587332701290577
353   2.587332701291067
354   -2.607234656489567
354   -2.6072346564890756
354   2.6072346564890774
354   2.6072346564895676
355   -2.6267842244452257
355   -2.6267842244447346
355   2.626784224444737
355   2.6267842244452266
356   -2.6459757885638555
356   -2.645975788563364
356   2.6459757885633644
356   2.6459757885638555
357   -2.6648038549492146
357   -2.6648038549487225
357   2.6648038549487247
357   2.664803854949216
358   -2.683263052245633
358   -2.6832630522451417
358   2.6832630522451404
358   2.683263052245633
359   -2.7013481315390337
359   -2.7013481315385413
359   2.701348131538543
359   2.701348131539035
360   -2.7190539663107893
360   -2.7190539663102973
360   2.7190539663102955
360   2.719053966310789
361   -2.7363755524392794
361   -2.736375552438787
361   2.736375552438788
361   2.73637555243928
362   -2.753308008244341
362   -2.753308008243849
362   2.753308008243848
362   2.7533080082443404
363   -2.769846574570151
363   -2.769846574569658
363   2.76984657456966
363   2.7698465745701526
364   -2.7859866149023893
364   -2.785986614901897
364   2.7859866149018973
364   2.785986614902389
365   -2.801723615515817
365   -2.801723615515324
365   2.801723615515324
365   2.8017236155158174
366   -2.8170531856486734
366   -2.817053185648179
366   2.817053185648179
366   2.817053185648673
367   -2.8319710577004997
367   -2.831971057700007
367   2.831971057700005
367   2.8319710577004993
368   -2.846473087450309
368   -2.8464730874498154
368   2.846473087449816
368   2.8464730874503092
369   -2.860555254292126
369   -2.8605552542916315
369   2.860555254291632
369   2.8605552542921253
370   -2.874213661485223
370   -2.8742136614847293
370   2.87421366148473
370   2.8742136614852236
371   -2.887444536416475
371   -2.8874445364159813
371   2.8874445364159813
371   2.8874445364164756
372   -2.900244230872461
372   -2.9002442308719667
372   2.9002442308719654
372   2.90024423087246
373   -2.9126092213191286
373   -2.9126092213186348
373   2.912609221318635
373   2.91260922131913
374   -2.9245361091869215
374   -2.9245361091864273
374   2.9245361091864286
374   2.9245361091869224
375   -2.936021621159451
375   -2.936021621158958
375   2.936021621158957
375   2.9360216211594516
376   -2.94706260946393
376   -2.947062609463435
376   2.9470626094634356
376   2.9470626094639303
377   -2.9576560521616524
377   -2.9576560521611586
377   2.9576560521611586
377   2.9576560521616533
378   -2.9677990534369987
378   -2.967799053436504
378   2.967799053436504
378   2.967799053436999
379   -2.9774888438834677
379   -2.977488843882973
379   2.9774888438829734
379   2.9774888438834677
380   -2.986722780785397
380   -2.986722780784902
380   2.9867227807849006
380   2.9867227807853958
381   -2.9954983483941082
381   -2.9954983483936126
381   2.995498348393612
381   2.995498348394108
382   -3.003813158197279
382   -3.0038131581967846
382   3.003813158196782
382   3.0038131581972785
383   -3.0116649491804863
383   -3.0116649491799907
383   3.01166494917999
383   3.011664949180486
384   -3.019051588079858
384   -3.019051588079362
384   3.019051588079361
384   3.0190515880798565
385   -3.0259710696249407
385   -3.0259710696244455
385   3.0259710696244446
385   3.0259710696249402
386   -3.0324215167708983
386   -3.0324215167704036
386   3.032421516770403
386   3.0324215167708988
387   -3.038401180919228
387   -3.0384011809187332
387   3.038401180918734
387   3.0384011809192293
388   -3.043908442126284
388   -3.043908442125789
388   3.0439084421257925
388   3.0439084421262863
389   -3.0489418092989227
389   -3.048941809298427
389   3.048941809298426
389   3.0489418092989222
390   -3.0534999203766597
390   -3.053499920376163
390   3.053499920376165
390   3.05349992037666
391   -3.057581542499779
391   -3.057581542499284
391   3.057581542499284
391   3.0575815424997796
392   -3.0611855721629135
392   -3.0611855721624175
392   3.061185572162419
392   3.0611855721629135
393   -3.0643110353536045
393   -3.064311035353109
393   3.0643110353531093
393   3.064311035353605
394   -3.0669570876754997
394   -3.0669570876750036
394   3.066957087675004
394   3.0669570876755
395   -3.069123014455799
395   -3.0691230144553026
395   3.069123014455304
395   3.0691230144557995
396   -3.0708082308366733
396   -3.0708082308361777
396   3.0708082308361777
396   3.0708082308366738
397   -3.0720122818504008
397   -3.072012281849905
397   3.0720122818499043
397   3.0720122818504008
398   -3.072734842478008
398   -3.0727348424775123
398   3.0727348424775114
398   3.0727348424780083
399   -3.0729757176912833
399   -3.0729757176907877
399   3.072975717690788
399   3.0729757176912833
