0   -2.399753264963321
0   -2.399753264963321
0   3.5997532649633213
0   3.5997532649633213
1   -2.399013120731463
1   -2.399013120731463
1   3.5990131207314633
1   3.5990131207314633
2   -2.39777974992394
2   -2.39777974992394
2   3.5977797499239403
2   3.5977797499239403
3   -2.396053456856543
3   -2.396053456856543
3   3.596053456856543
3   3.596053456856543
4   -2.393834667466256
4   -2.3938346674662556
4   3.5938346674662554
4   3.593834667466256
5   -2.39112392920616
5   -2.39112392920616
5   3.59112392920616
5   3.59112392920616
6   -2.3879219109103595
6   -2.3879219109103595
6   3.5879219109103597
6   3.5879219109103597
7   -2.384229402628956
7   -2.3842294026289554
7   3.584229402628955
7   3.584229402628956
8   -2.3800473154331154
8   -2.3800473154331154
8   3.580047315433115
8   3.580047315433115
9   -2.375376681190276
9   -2.3753766811902755
9   3.575376681190275
9   3.575376681190275
10   -2.370218652309548
10   -2.3702186523095468
10   3.5702186523095474
10   3.570218652309548
11   -2.3645745014573776
11   -2.3645745014573776
11   3.5645745014573778
11   3.5645745014573778
12   -2.358445621243532
12   -2.358445621243531
12   3.5584456212435303
12   3.558445621243531
13   -2.351833523877495
13   -2.351833523877495
13   3.551833523877495
13   3.551833523877495
14   -2.344739840795353
14   -2.344739840795353
14   3.544739840795353
14   3.544739840795353
15   -2.337166322257262
15   -2.337166322257262
15   3.5371663222572622
15   3.5371663222572622
16   -2.329114836915596
16   -2.329114836915596
16   3.5291148369155962
16   3.5291148369155962
17   -2.320587371353886
17   -2.320587371353886
17   3.520587371353886
17   3.520587371353886
18   -2.31158602959666
18   -2.31158602959666
18   3.51158602959666
18   3.51158602959666
19   -2.3021130325903076
19   -2.3021130325903068
19   3.502113032590306
19   3.5021130325903074
20   -2.29217071765509
20   -2.29217071765509
20   3.4921707176550907
20   3.4921707176550907
21   -2.281761537908451
21   -2.281761537908451
21   3.481761537908451
21   3.481761537908451
22   -2.2708880616597344
22   -2.2708880616597344
22   3.4708880616597346
22   3.4708880616597346
23   -2.259552971776503
23   -2.259552971776502
23   3.4595529717765023
23   3.4595529717765023
24   -2.247759065022574
24   -2.2477590650225725
24   3.4477590650225727
24   3.4477590650225736
25   -2.235509251367962
25   -2.235509251367962
25   3.435509251367962
25   3.435509251367962
26   -2.2228065532708903
26   -2.2228065532708903
26   3.4228065532708905
26   3.4228065532708905
27   -2.2096541049320386
27   -2.2096541049320386
27   3.4096541049320392
27   3.4096541049320392
28   -2.1960551515212314
28   -2.1960551515212314
28   3.396055151521231
28   3.396055151521231
29   -2.1820130483767355
29   -2.1820130483767355
29   3.3820130483767357
29   3.3820130483767357
30   -2.1675312601773866
30   -2.1675312601773866
30   3.367531260177386
30   3.367531260177386
31   -2.152613360087727
31   -2.152613360087727
31   3.352613360087727
31   3.352613360087727
32   -2.137263028876382
32   -2.137263028876382
32   3.3372630288763827
32   3.3372630288763827
33   -2.121484054007887
33   -2.121484054007887
33   3.3214840540078874
33   3.3214840540078874
34   -2.1052803287081843
34   -2.1052803287081843
34   3.3052803287081844
34   3.3052803287081844
35   -2.0886558510040296
35   -2.0886558510040287
35   3.2886558510040294
35   3.2886558510040294
36   -2.0716147227365402
36   -2.0716147227365402
36   3.2716147227365404
36   3.2716147227365404
37   -2.0541611485491234
37   -2.0541611485491234
37   3.2541611485491235
37   3.2541611485491235
38   -2.0362994348500467
38   -2.0362994348500463
38   3.236299434850046
38   3.2362994348500465
39   -2.0180339887498944
39   -2.0180339887498944
39   3.2180339887498945
39   3.2180339887498945
40   -1.9993693169741804
40   -1.9993693169741804
40   3.1993693169741806
40   3.1993693169741806
41   -1.9803100247513803
41   -1.9803100247513803
41   3.1803100247513805
41   3.1803100247513805
42   -1.9608608146766593
42   -1.9608608146766593
42   3.1608608146766595
42   3.1608608146766595
43   -1.941026485551578
43   -1.941026485551578
43   3.141026485551578
43   3.141026485551578
44   -1.9208119312000618
44   -1.920811931200061
44   3.120811931200061
44   3.120811931200061
45   -1.9002221392609187
45   -1.9002221392609187
45   3.100222139260919
45   3.100222139260919
46   -1.879262189957219
46   -1.879262189957219
46   3.0792621899572192
46   3.0792621899572192
47   -1.8579372548428228
47   -1.8579372548428228
47   3.0579372548428227
47   3.0579372548428227
48   -1.836252595526377
48   -1.836252595526377
48   3.0362525955263773
48   3.0362525955263773
49   -1.8142135623730948
49   -1.8142135623730948
49   3.014213562373095
49   3.014213562373095
50   -1.7918255931846283
50   -1.7918255931846283
50   2.9918255931846285
50   2.9918255931846285
51   -1.7690942118573765
51   -1.7690942118573765
51   2.9690942118573767
51   2.9690942118573767
52   -1.746025027019546
52   -1.746025027019546
52   2.9460250270195463
52   2.9460250270195463
53   -1.7226237306473031
53   -1.7226237306473031
53   2.9226237306473033
53   2.9226237306473033
54   -1.6988960966603668
54   -1.6988960966603668
54   2.898896096660367
54   2.898896096660367
55   -1.6748479794973785
55   -1.6748479794973785
55   2.8748479794973787
55   2.8748479794973787
56   -1.65048531267141
56   -1.65048531267141
56   2.85048531267141
56   2.85048531267141
57   -1.6258141073059522
57   -1.6258141073059522
57   2.8258141073059524
57   2.8258141073059524
58   -1.6008404506517677
58   -1.6008404506517677
58   2.800840450651768
58   2.800840450651768
59   -1.5755705045849457
59   -1.5755705045849457
59   2.775570504584946
59   2.775570504584946
60   -1.5500105040865564
60   -1.5500105040865564
60   2.7500105040865566
60   2.7500105040865566
61   -1.5241667557042609
61   -1.5241667557042609
61   2.724166755704261
61   2.724166755704261
62   -1.4980456359962626
62   -1.4980456359962626
62   2.698045635996263
62   2.698045635996263
63   -1.4716535899579923
63   -1.4716535899579923
63   2.6716535899579923
63   2.6716535899579923
64   -1.4449971294318968
64   -1.4449971294318968
64   2.644997129431897
64   2.644997129431897
65   -1.4180828315007417
65   -1.4180828315007417
65   2.618082831500742
65   2.618082831500742
66   -1.3909173368648142
66   -1.3909173368648142
66   2.5909173368648144
66   2.5909173368648144
67   -1.36350734820343
67   -1.363507348203429
67   2.563507348203429
67   2.563507348203429
68   -1.335859628521146
68   -1.335859628521146
68   2.535859628521146
68   2.535859628521146
69   -1.3079809994790925
69   -1.3079809994790925
69   2.5079809994790927
69   2.5079809994790927
70   -1.2798783397118294
70   -1.2798783397118287
70   2.4798783397118283
70   2.479878339711829
71   -1.2515585831301441
71   -1.2515585831301441
71   2.451558583130144
71   2.451558583130144
72   -1.2230287172102163
72   -1.2230287172102163
72   2.4230287172102165
72   2.4230287172102165
73   -1.1942957812695605
73   -1.19429578126956
73   2.3942957812695598
73   2.3942957812695598
74   -1.1653668647301783
74   -1.1653668647301783
74   2.3653668647301784
74   2.3653668647301784
75   -1.1362491053693544
75   -1.1362491053693544
75   2.3362491053693546
75   2.3362491053693546
76   -1.106949687558513
76   -1.106949687558513
76   2.306949687558513
76   2.306949687558513
77   -1.0774758404905813
77   -1.0774758404905813
77   2.2774758404905815
77   2.2774758404905815
78   -1.047834836396298
78   -1.047834836396297
78   2.247834836396297
78   2.247834836396297
79   -1.0180339887498935
79   -1.0180339887498935
79   2.2180339887498937
79   2.2180339887498937
80   -0.9880806504646067
80   -0.9880806504646062
80   2.188080650464606
80   2.188080650464606
81   -0.9579822120784569
81   -0.9579822120784569
81   2.157982212078457
81   2.157982212078457
82   -0.9277460999307442
82   -0.9277460999307442
82   2.1277460999307443
82   2.1277460999307443
83   -0.8973797743297087
83   -0.8973797743297083
83   2.097379774329708
83   2.0973797743297085
84   -0.8668907277118096
84   -0.8668907277118092
84   2.066890727711809
84   2.0668907277118094
85   -0.8362864827930837
85   -0.8362864827930837
85   2.0362864827930838
85   2.0362864827930838
86   -0.8055745907130231
86   -0.8055745907130231
86   2.005574590713023
86   2.005574590713023
87   -0.7747626291714478
87   -0.7747626291714478
87   1.974762629171448
87   1.974762629171448
88   -0.743858200558817
88   -0.743858200558817
88   1.9438582005588172
88   1.9438582005588172
89   -0.71286893008046
89   -0.71286893008046
89   1.9128689300804602
89   1.9128689300804602
90   -0.6818024638751636
90   -0.6818024638751636
90   1.8818024638751636
90   1.8818024638751636
91   -0.6506664671286068
91   -0.6506664671286068
91   1.8506664671286068
91   1.8506664671286068
92   -0.6194686221820889
92   -0.6194686221820889
92   1.819468622182089
92   1.819468622182089
93   -0.5882166266370269
93   -0.5882166266370269
93   1.788216626637027
93   1.788216626637027
94   -0.5569181914556883
94   -0.5569181914556883
94   1.7569181914556884
94   1.7569181914556884
95   -0.5255810390586247
95   -0.5255810390586247
95   1.7255810390586248
95   1.7255810390586248
96   -0.4942129014192835
96   -0.4942129014192835
96   1.6942129014192835
96   1.6942129014192835
97   -0.46282151815625433
97   -0.46282151815625433
97   1.6628215181562545
97   1.6628215181562545
98   -0.4314146346236397
98   -0.4314146346236397
98   1.6314146346236398
98   1.6314146346236398
99   -0.399999999999998
99   -0.399999999999998
99   1.5999999999999979
99   1.5999999999999979
100   -0.36858536537635683
100   -0.36858536537635683
100   1.5685853653763568
100   1.5685853653763568
101   -0.3371784818437413
101   -0.3371784818437413
101   1.5371784818437413
101   1.5371784818437413
102   -0.3057870985807126
102   -0.3057870985807126
102   1.5057870985807127
102   1.5057870985807127
103   -0.2744189609413712
103   -0.2744189609413711
103   1.474418960941371
103   1.474418960941371
104   -0.2430818085443082
104   -0.2430818085443082
104   1.4430818085443082
104   1.4430818085443082
105   -0.21178337336296965
105   -0.21178337336296965
105   1.4117833733629697
105   1.4117833733629697
106   -0.1805313778179073
106   -0.1805313778179073
106   1.3805313778179071
106   1.3805313778179071
107   -0.14933353287138967
107   -0.14933353287138945
107   1.3493335328713894
107   1.3493335328713894
108   -0.11819753612483247
108   -0.11819753612483247
108   1.3181975361248326
108   1.3181975361248326
109   -0.08713106991953634
109   -0.08713106991953634
109   1.2871310699195364
109   1.2871310699195364
110   -0.056141799441178475
110   -0.056141799441178475
110   1.2561417994411785
110   1.2561417994411785
111   -0.0252373708285486
111   -0.0252373708285486
111   1.2252373708285487
111   1.2252373708285487
112   0.005574590713027461
112   0.005574590713027461
112   1.1944254092869726
112   1.1944254092869726
113   0.036286482793086994
113   0.036286482793087216
113   1.1637135172069124
113   1.1637135172069126
114   0.0668907277118132
114   0.0668907277118132
114   1.1331092722881868
114   1.1331092722881868
115   0.09737977432971193
115   0.09737977432971193
115   1.1026202256702882
115   1.1026202256702882
116   0.12774609993074817
116   0.12774609993074817
116   1.0722539000692517
116   1.0722539000692517
117   0.15798221207846092
117   0.15798221207846092
117   1.042017787921539
117   1.042017787921539
118   0.18808065046461034
118   0.18808065046461034
118   1.0119193495353895
118   1.0119193495353895
119   0.21803398874989718
119   0.21803398874989718
119   0.9819660112501027
119   0.9819660112501027
120   0.24783483639630086
120   0.24783483639630105
120   0.9521651636036987
120   0.9521651636036988
121   0.277475840490585
121   0.2774758404905852
121   0.9225241595094147
121   0.9225241595094147
122   0.3069496875585165
122   0.3069496875585165
122   0.8930503124414835
122   0.8930503124414835
123   0.3362491053693584
123   0.3362491053693584
123   0.8637508946306416
123   0.8637508946306416
124   0.3653668647301819
124   0.3653668647301819
124   0.8346331352698181
124   0.8346331352698181
125   0.3942957812695637
125   0.3942957812695637
125   0.8057042187304362
125   0.8057042187304362
126   0.42302871721021984
126   0.42302871721021984
126   0.7769712827897801
126   0.7769712827897801
127   0.4515585831301479
127   0.4515585831301479
127   0.7484414168698521
127   0.7484414168698521
128   0.47987833971183264
128   0.47987833971183264
128   0.7201216602881673
128   0.7201216602881673
129   0.5079809994790958
129   0.5079809994790958
129   0.6920190005209041
129   0.6920190005209041
130   0.5358596285211495
130   0.5358596285211495
130   0.6641403714788504
130   0.6641403714788504
131   0.5635073482034333
131   0.5635073482034333
131   0.6364926517965668
131   0.6364926517965668
132   0.5909173368648175
132   0.5909173368648175
132   0.6090826631351824
132   0.6090826631351824
133   0.5819171684992551
133   0.5819171684992551
133   0.6180828315007448
133   0.6180828315007448
134   0.5550028705680999
134   0.5550028705681002
134   0.6449971294318996
134   0.6449971294318998
135   0.528346410042004
135   0.528346410042004
135   0.671653589957996
135   0.671653589957996
136   0.5019543640037337
136   0.5019543640037339
136   0.6980456359962658
136   0.698045635996266
137   0.47583324429573637
137   0.47583324429573637
137   0.7241667557042636
137   0.7241667557042636
138   0.4499894959134406
138   0.4499894959134406
138   0.7500105040865593
138   0.7500105040865593
139   0.4244294954150508
139   0.42442949541505104
139   0.7755705045849487
139   0.7755705045849489
140   0.3991595493482293
140   0.3991595493482293
140   0.8008404506517707
140   0.8008404506517707
141   0.37418589269404456
141   0.37418589269404456
141   0.8258141073059554
141   0.8258141073059554
142   0.34951468732858737
142   0.34951468732858737
142   0.8504853126714126
142   0.8504853126714126
143   0.3251520205026178
143   0.3251520205026178
143   0.8748479794973821
143   0.8748479794973821
144   0.30110390333963
144   0.30110390333963
144   0.89889609666037
144   0.89889609666037
145   0.2773762693526939
145   0.2773762693526939
145   0.9226237306473061
145   0.9226237306473061
146   0.25397497298045113
146   0.25397497298045113
146   0.9460250270195488
146   0.9460250270195488
147   0.23090578814262053
147   0.23090578814262053
147   0.9690942118573794
147   0.9690942118573794
148   0.20817440681536853
148   0.20817440681536875
148   0.9918255931846311
148   0.9918255931846311
149   0.1857864376269026
149   0.1857864376269026
149   1.0142135623730972
149   1.0142135623730972
150   0.16374740447362013
150   0.16374740447362013
150   1.03625259552638
150   1.03625259552638
151   0.1420627451571747
151   0.14206274515717493
151   1.0579372548428247
151   1.057937254842825
152   0.12073781004277795
152   0.12073781004277817
152   1.0792621899572217
152   1.0792621899572217
153   0.09977786073907857
153   0.09977786073907857
153   1.1002221392609215
153   1.1002221392609215
154   0.0791880687999359
154   0.0791880687999359
154   1.120811931200064
154   1.120811931200064
155   0.05897351444841947
155   0.05897351444841947
155   1.1410264855515804
155   1.1410264855515804
156   0.03913918532333821
156   0.03913918532333821
156   1.1608608146766617
156   1.1608608146766617
157   0.01968997524861693
157   0.01968997524861693
157   1.1803100247513831
157   1.1803100247513831
158   0.0006306830258168139
158   0.0006306830258168139
158   1.1993693169741833
158   1.1993693169741833
159   -0.01803398874989698
159   -0.01803398874989698
159   1.2180339887498968
159   1.2180339887498968
160   -0.036299434850048606
160   -0.036299434850048606
160   1.2362994348500487
160   1.2362994348500487
161   -0.054161148549125904
161   -0.054161148549125904
161   1.2541611485491257
161   1.2541611485491257
162   -0.07161472273654262
162   -0.07161472273654262
162   1.2716147227365426
162   1.2716147227365426
163   -0.08865585100403217
163   -0.08865585100403217
163   1.288655851004032
163   1.288655851004032
164   -0.1052803287081861
164   -0.1052803287081861
164   1.3052803287081862
164   1.3052803287081862
165   -0.12148405400788925
165   -0.12148405400788925
165   1.3214840540078892
165   1.3214840540078892
166   -0.13726302887638442
166   -0.13726302887638442
166   1.3372630288763845
166   1.3372630288763845
167   -0.15261336008772897
167   -0.15261336008772897
167   1.3526133600877288
167   1.3526133600877288
168   -0.16753126017738845
168   -0.16753126017738845
168   1.3675312601773886
168   1.3675312601773886
169   -0.1820130483767378
169   -0.1820130483767375
169   1.3820130483767372
169   1.3820130483767374
170   -0.19605515152123315
170   -0.19605515152123315
170   1.396055151521233
170   1.396055151521233
171   -0.20965410493204073
171   -0.20965410493204073
171   1.4096541049320406
171   1.4096541049320406
172   -0.22280655327089194
172   -0.22280655327089194
172   1.4228065532708918
172   1.4228065532708918
173   -0.2355092513679637
173   -0.2355092513679637
173   1.4355092513679635
173   1.4355092513679635
174   -0.24775906502257528
174   -0.24775906502257505
174   1.447759065022575
174   1.447759065022575
175   -0.25955297177650427
175   -0.25955297177650427
175   1.4595529717765041
175   1.4595529717765041
176   -0.2708880616597361
176   -0.2708880616597361
176   1.470888061659736
176   1.470888061659736
177   -0.28176153790845226
177   -0.28176153790845226
177   1.481761537908452
177   1.481761537908452
178   -0.29217071765509234
178   -0.292170717655092
178   1.4921707176550918
178   1.492170717655092
179   -0.3021130325903084
179   -0.3021130325903084
179   1.5021130325903083
179   1.5021130325903083
180   -0.3115860295966614
180   -0.3115860295966614
180   1.5115860295966614
180   1.5115860295966614
181   -0.3205873713538875
181   -0.32058737135388715
181   1.520587371353887
181   1.520587371353887
182   -0.32911483691559756
182   -0.32911483691559756
182   1.5291148369155976
182   1.5291148369155976
183   -0.3371663222572634
183   -0.3371663222572632
183   1.5371663222572631
183   1.5371663222572631
184   -0.34473984079535425
184   -0.34473984079535425
184   1.544739840795354
184   1.544739840795354
185   -0.3518335238774958
185   -0.3518335238774958
185   1.5518335238774958
185   1.5518335238774958
186   -0.35844562124353246
186   -0.35844562124353246
186   1.5584456212435325
186   1.5584456212435325
187   -0.36457450145737813
187   -0.36457450145737813
187   1.5645745014573782
187   1.5645745014573782
188   -0.37021865230954865
188   -0.37021865230954865
188   1.5702186523095487
188   1.5702186523095487
189   -0.37537668119027634
189   -0.37537668119027634
189   1.575376681190276
189   1.575376681190276
190   -0.38004731543311576
190   -0.38004731543311576
190   1.5800473154331156
190   1.5800473154331156
191   -0.3842294026289563
191   -0.3842294026289563
191   1.584229402628956
191   1.584229402628956
192   -0.3879219109103601
192   -0.3879219109103599
192   1.5879219109103595
192   1.5879219109103597
193   -0.39112392920616046
193   -0.39112392920616046
193   1.5911239292061605
193   1.5911239292061605
194   -0.3938346674662564
194   -0.3938346674662564
194   1.5938346674662562
194   1.5938346674662562
195   -0.39605345685654336
195   -0.39605345685654336
195   1.5960534568565432
195   1.5960534568565432
196   -0.39777974992394044
196   -0.3977797499239401
196   1.59777974992394
196   1.5977797499239401
197   -0.3990131207314634
197   -0.39901312073146306
197   1.5990131207314628
197   1.599013120731463
198   -0.3997532649633213
198   -0.3997532649633212
198   1.5997532649633208
198   1.5997532649633213
199   -0.4
199   -0.4
199   1.6
199   1.6
200   -0.3997532649633213
200   -0.3997532649633212
200   1.5997532649633208
200   1.5997532649633213
201   -0.3990131207314631
201   -0.39901312073146294
201   1.5990131207314626
201   1.5990131207314628
202   -0.39777974992394005
202   -0.3977797499239397
202   1.5977797499239395
202   1.59777974992394
203   -0.39605345685654314
203   -0.39605345685654314
203   1.5960534568565432
203   1.5960534568565432
204   -0.39383466746625595
204   -0.39383466746625595
204   1.5938346674662558
204   1.5938346674662558
205   -0.39112392920615996
205   -0.39112392920615996
205   1.59112392920616
205   1.59112392920616
206   -0.3879219109103596
206   -0.3879219109103591
206   1.587921910910359
206   1.5879219109103593
207   -0.38422940262895594
207   -0.38422940262895594
207   1.584229402628956
207   1.584229402628956
208   -0.38004731543311543
208   -0.38004731543311543
208   1.5800473154331152
208   1.5800473154331152
209   -0.375376681190276
209   -0.375376681190276
209   1.575376681190276
209   1.575376681190276
210   -0.3702186523095484
210   -0.3702186523095484
210   1.5702186523095483
210   1.5702186523095483
211   -0.36457450145737813
211   -0.36457450145737813
211   1.5645745014573782
211   1.5645745014573782
212   -0.35844562124353246
212   -0.35844562124353246
212   1.5584456212435325
212   1.5584456212435325
213   -0.351833523877496
213   -0.351833523877496
213   1.5518335238774958
213   1.5518335238774958
214   -0.3447398407953549
214   -0.3447398407953547
214   1.5447398407953543
214   1.5447398407953545
215   -0.33716632225726395
215   -0.33716632225726395
215   1.537166322257264
215   1.537166322257264
216   -0.3291148369155984
216   -0.3291148369155982
216   1.5291148369155978
216   1.529114836915598
217   -0.3205873713538885
217   -0.3205873713538883
217   1.520587371353888
217   1.5205873713538884
218   -0.3115860295966631
218   -0.3115860295966629
218   1.5115860295966628
218   1.5115860295966628
219   -0.3021130325903101
219   -0.3021130325903101
219   1.50211303259031
219   1.50211303259031
220   -0.29217071765509417
220   -0.29217071765509395
220   1.4921707176550936
220   1.4921707176550938
221   -0.28176153790845443
221   -0.28176153790845443
221   1.4817615379084543
221   1.4817615379084543
222   -0.2708880616597389
222   -0.2708880616597388
222   1.4708880616597386
222   1.4708880616597386
223   -0.2595529717765073
223   -0.2595529717765073
223   1.4595529717765072
223   1.4595529717765072
224   -0.24775906502257838
224   -0.24775906502257838
224   1.4477590650225785
224   1.4477590650225785
225   -0.23550925136796785
225   -0.23550925136796785
225   1.435509251367968
225   1.435509251367968
226   -0.22280655327089616
226   -0.22280655327089616
226   1.4228065532708962
226   1.4228065532708962
227   -0.2096541049320454
227   -0.2096541049320454
227   1.4096541049320455
227   1.4096541049320455
228   -0.19605515152123792
228   -0.19605515152123792
228   1.3960551515212378
228   1.3960551515212378
229   -0.1820130483767433
229   -0.18201304837674298
229   1.3820130483767428
229   1.3820130483767432
230   -0.16753126017739456
230   -0.16753126017739456
230   1.3675312601773943
230   1.3675312601773943
231   -0.15261336008773568
231   -0.15261336008773568
231   1.3526133600877355
231   1.3526133600877355
232   -0.13726302887639175
232   -0.13726302887639175
232   1.3372630288763916
232   1.3372630288763916
233   -0.12148405400789686
233   -0.12148405400789686
233   1.3214840540078967
233   1.3214840540078967
234   -0.10528032870819481
234   -0.10528032870819481
234   1.3052803287081947
234   1.3052803287081947
235   -0.08865585100404078
235   -0.08865585100404078
235   1.288655851004041
235   1.288655851004041
236   -0.07161472273655217
236   -0.07161472273655217
236   1.271614722736552
236   1.271614722736552
237   -0.054161148549135674
237   -0.054161148549135674
237   1.2541611485491355
237   1.2541611485491355
238   -0.03629943485005971
238   -0.03629943485005971
238   1.2362994348500598
238   1.2362994348500598
239   -0.01803398874990797
239   -0.01803398874990797
239   1.2180339887499079
239   1.2180339887499079
240   0.0006306830258048235
240   0.0006306830258048235
240   1.1993693169741952
240   1.1993693169741952
241   0.019689975248604052
241   0.019689975248604052
241   1.180310024751396
241   1.180310024751396
242   0.039139185323325054
242   0.039139185323325054
242   1.160860814676675
242   1.160860814676675
243   0.05897351444840504
243   0.05897351444840504
243   1.141026485551595
243   1.141026485551595
244   0.0791880687999213
244   0.0791880687999213
244   1.1208119312000786
244   1.1208119312000786
245   0.09977786073906297
245   0.09977786073906297
245   1.100222139260937
245   1.100222139260937
246   0.12073781004276221
246   0.12073781004276221
246   1.0792621899572379
246   1.0792621899572379
247   0.14206274515715733
247   0.14206274515715756
247   1.0579372548428423
247   1.0579372548428423
248   0.1637474044736024
248   0.1637474044736024
248   1.0362525955263977
248   1.0362525955263977
249   0.185786437626884
249   0.185786437626884
249   1.0142135623731159
249   1.0142135623731159
250   0.20817440681534938
250   0.20817440681534938
250   0.9918255931846506
250   0.9918255931846506
251   0.2309057881426001
251   0.2309057881426001
251   0.9690942118573999
251   0.9690942118573999
252   0.2539749729804296
252   0.2539749729804296
252   0.9460250270195704
252   0.9460250270195704
253   0.2773762693526721
253   0.2773762693526721
253   0.9226237306473278
253   0.9226237306473278
254   0.30110390333960735
254   0.30110390333960735
254   0.8988960966603926
254   0.8988960966603926
255   0.32515202050259495
255   0.32515202050259495
255   0.874847979497405
255   0.874847979497405
256   0.3495146873285634
256   0.3495146873285634
256   0.8504853126714366
256   0.8504853126714366
257   0.3741858926940188
257   0.37418589269401903
257   0.8258141073059807
257   0.8258141073059809
258   0.3991595493482031
258   0.3991595493482033
258   0.8008404506517964
258   0.8008404506517967
259   0.4244294954150246
259   0.4244294954150246
259   0.7755705045849753
259   0.7755705045849753
260   0.44998949591341175
260   0.449989495913412
260   0.7500105040865878
260   0.750010504086588
261   0.4758332442957072
261   0.4758332442957072
261   0.7241667557042927
261   0.7241667557042927
262   0.5019543640037046
262   0.5019543640037046
262   0.6980456359962953
262   0.6980456359962953
263   0.5283464100419745
263   0.5283464100419745
263   0.6716535899580255
263   0.6716535899580255
264   0.555002870568068
264   0.555002870568068
264   0.644997129431932
264   0.644997129431932
265   0.5819171684992225
265   0.5819171684992225
265   0.6180828315007775
265   0.6180828315007775
266   0.5909173368648504
266   0.5909173368648504
266   0.6090826631351496
266   0.6090826631351496
267   0.5635073482034663
267   0.5635073482034663
267   0.6364926517965337
267   0.6364926517965337
268   0.5358596285211845
268   0.5358596285211845
268   0.6641403714788154
268   0.6641403714788154
269   0.5079809994791317
269   0.5079809994791319
269   0.6920190005208678
269   0.6920190005208681
270   0.4798783397118688
270   0.479878339711869
270   0.7201216602881307
270   0.720121660288131
271   0.4515585831301859
271   0.4515585831301861
271   0.7484414168698137
271   0.7484414168698138
272   0.4230287172102588
272   0.4230287172102588
272   0.7769712827897411
272   0.7769712827897411
273   0.39429578126960296
273   0.39429578126960296
273   0.805704218730397
273   0.805704218730397
274   0.36536686473022173
274   0.36536686473022173
274   0.8346331352697782
274   0.8346331352697782
275   0.3362491053694001
275   0.3362491053694001
275   0.8637508946305998
275   0.8637508946305998
276   0.30694968755855884
276   0.30694968755855884
276   0.8930503124414411
276   0.8930503124414411
277   0.27747584049062796
277   0.27747584049062796
277   0.922524159509372
277   0.922524159509372
278   0.24783483639634604
278   0.24783483639634604
278   0.9521651636036539
278   0.9521651636036539
279   0.21803398874994248
279   0.21803398874994248
279   0.9819660112500574
279   0.9819660112500574
280   0.18808065046465577
280   0.188080650464656
280   1.0119193495353438
280   1.0119193495353438
281   0.157982212078507
281   0.157982212078507
281   1.042017787921493
281   1.042017787921493
282   0.1277460999307964
282   0.1277460999307964
282   1.0722539000692035
282   1.0722539000692035
283   0.09737977432976055
283   0.09737977432976055
283   1.1026202256702393
283   1.1026202256702393
284   0.06689072771186211
284   0.06689072771186211
284   1.133109272288138
284   1.133109272288138
285   0.03628648279313673
285   0.03628648279313673
285   1.1637135172068631
285   1.1637135172068631
286   0.005574590713078753
286   0.005574590713078753
286   1.194425409286921
286   1.194425409286921
287   -0.02523737082849664
287   -0.02523737082849664
287   1.2252373708284967
287   1.2252373708284967
288   -0.056141799441126516
288   -0.056141799441126516
288   1.2561417994411266
288   1.2561417994411266
289   -0.08713106991948172
289   -0.08713106991948172
289   1.2871310699194818
289   1.2871310699194818
290   -0.11819753612477785
290   -0.11819753612477785
290   1.318197536124778
290   1.318197536124778
291   -0.1493335328713345
291   -0.1493335328713345
291   1.3493335328713343
291   1.3493335328713343
292   -0.180531377817852
292   -0.180531377817852
292   1.380531377817852
292   1.380531377817852
293   -0.21178337336291186
293   -0.21178337336291186
293   1.411783373362912
293   1.411783373362912
294   -0.2430818085442504
294   -0.2430818085442504
294   1.4430818085442505
294   1.4430818085442505
295   -0.2744189609413135
295   -0.2744189609413132
295   1.474418960941313
295   1.4744189609413132
296   -0.30578709858065267
296   -0.30578709858065267
296   1.5057870985806527
296   1.5057870985806527
297   -0.3371784818436815
297   -0.3371784818436812
297   1.5371784818436809
297   1.537178481843681
298   -0.3685853653762964
298   -0.3685853653762964
298   1.5685853653762964
298   1.5685853653762964
299   -0.3999999999999374
299   -0.3999999999999374
299   1.5999999999999375
299   1.5999999999999375
300   -0.431414634623577
300   -0.431414634623577
300   1.6314146346235772
300   1.6314146346235772
301   -0.46282151815619177
301   -0.46282151815619177
301   1.6628215181561918
301   1.6628215181561918
302   -0.49421290141922036
302   -0.49421290141922036
302   1.6942129014192204
302   1.6942129014192204
303   -0.5255810390585617
303   -0.5255810390585617
303   1.7255810390585617
303   1.7255810390585617
304   -0.556918191455623
304   -0.556918191455623
304   1.7569181914556231
304   1.7569181914556231
305   -0.5882166266369615
305   -0.5882166266369615
305   1.7882166266369617
305   1.7882166266369617
306   -0.6194686221820237
306   -0.6194686221820237
306   1.8194686221820238
306   1.8194686221820238
307   -0.6506664671285397
307   -0.6506664671285397
307   1.8506664671285398
307   1.8506664671285398
308   -0.6818024638750968
308   -0.6818024638750964
308   1.881802463875096
308   1.8818024638750965
309   -0.7128689300803931
309   -0.7128689300803931
309   1.9128689300803932
309   1.9128689300803932
310   -0.74385820055875
310   -0.74385820055875
310   1.9438582005587501
310   1.9438582005587501
311   -0.7747626291713785
311   -0.7747626291713785
311   1.9747626291713787
311   1.9747626291713787
312   -0.8055745907129546
312   -0.8055745907129546
312   2.0055745907129547
312   2.0055745907129547
313   -0.8362864827930152
313   -0.8362864827930148
313   2.0362864827930145
313   2.036286482793015
314   -0.8668907277117405
314   -0.8668907277117405
314   2.0668907277117405
314   2.0668907277117405
315   -0.8973797743296376
315   -0.8973797743296376
315   2.097379774329638
315   2.097379774329638
316   -0.9277460999306744
316   -0.9277460999306739
316   2.1277460999306737
316   2.1277460999306737
317   -0.9579822120783872
317   -0.9579822120783857
317   2.157982212078386
317   2.157982212078387
318   -0.9880806504645347
318   -0.9880806504645347
318   2.188080650464535
318   2.188080650464535
319   -1.018033988749822
319   -1.018033988749822
319   2.218033988749822
319   2.218033988749822
320   -1.047834836396226
320   -1.047834836396226
320   2.247834836396226
320   2.247834836396226
321   -1.0774758404905107
321   -1.0774758404905098
321   2.27747584049051
321   2.2774758404905104
322   -1.1069496875584401
322   -1.1069496875584401
322   2.3069496875584403
322   2.3069496875584403
323   -1.136249105369282
323   -1.136249105369282
323   2.336249105369282
323   2.336249105369282
324   -1.1653668647301063
324   -1.1653668647301063
324   2.3653668647301065
324   2.3653668647301065
325   -1.1942957812694863
325   -1.1942957812694863
325   2.3942957812694865
325   2.3942957812694865
326   -1.2230287172101433
326   -1.2230287172101433
326   2.4230287172101432
326   2.4230287172101432
327   -1.251558583130071
327   -1.251558583130071
327   2.4515585831300712
327   2.4515585831300712
328   -1.2798783397117566
328   -1.2798783397117566
328   2.4798783397117568
328   2.4798783397117568
329   -1.3079809994790188
329   -1.3079809994790188
329   2.507980999479019
329   2.507980999479019
330   -1.3358596285210722
330   -1.3358596285210722
330   2.5358596285210724
330   2.5358596285210724
331   -1.3635073482033568
331   -1.3635073482033562
331   2.5635073482033564
331   2.5635073482033564
332   -1.390917336864742
332   -1.390917336864742
332   2.590917336864742
332   2.590917336864742
333   -1.4180828315006682
333   -1.4180828315006682
333   2.618082831500668
333   2.618082831500668
334   -1.444997129431824
334   -1.444997129431824
334   2.644997129431824
334   2.644997129431824
335   -1.4716535899579202
335   -1.4716535899579202
335   2.6716535899579203
335   2.6716535899579203
336   -1.4980456359961893
336   -1.4980456359961893
336   2.6980456359961895
336   2.6980456359961895
337   -1.524166755704188
337   -1.524166755704188
337   2.724166755704188
337   2.724166755704188
338   -1.5500105040864844
338   -1.5500105040864844
338   2.7500105040864846
338   2.7500105040864846
339   -1.575570504584874
339   -1.575570504584874
339   2.775570504584874
339   2.775570504584874
340   -1.600840450651695
340   -1.600840450651695
340   2.800840450651695
340   2.800840450651695
341   -1.625814107305881
341   -1.625814107305881
341   2.825814107305881
341   2.825814107305881
342   -1.6504853126713388
342   -1.6504853126713388
342   2.850485312671339
342   2.850485312671339
343   -1.6748479794973075
343   -1.6748479794973075
343   2.8748479794973076
343   2.8748479794973076
344   -1.6988960966602957
344   -1.6988960966602957
344   2.898896096660296
344   2.898896096660296
345   -1.7226237306472334
345   -1.7226237306472334
345   2.9226237306472336
345   2.9226237306472336
346   -1.7460250270194773
346   -1.7460250270194773
346   2.9460250270194774
346   2.9460250270194774
347   -1.7690942118573074
347   -1.7690942118573074
347   2.9690942118573074
347   2.9690942118573074
348   -1.7918255931845597
348   -1.7918255931845597
348   2.9918255931845597
348   2.9918255931845597
349   -1.814213562373027
349   -1.814213562373027
349   3.014213562373027
349   3.014213562373027
350   -1.8362525955263105
350   -1.8362525955263105
350   3.0362525955263107
350   3.0362525955263107
351   -1.8579372548427555
351   -1.8579372548427555
351   3.0579372548427557
351   3.0579372548427557
352   -1.8792621899571529
352   -1.8792621899571529
352   3.079262189957153
352   3.079262189957153
353   -1.9002221392608534
353   -1.9002221392608534
353   3.1002221392608535
353   3.1002221392608535
354   -1.920811931199996
354   -1.920811931199996
354   3.1208119311999964
354   3.1208119311999964
355   -1.941026485551514
355   -1.941026485551514
355   3.141026485551514
355   3.141026485551514
356   -1.9608608146765965
356   -1.9608608146765965
356   3.1608608146765964
356   3.1608608146765964
357   -1.9803100247513186
357   -1.9803100247513186
357   3.1803100247513187
357   3.1803100247513187
358   -1.9993693169741193
358   -1.9993693169741193
358   3.1993693169741193
358   3.1993693169741193
359   -2.018033988749834
359   -2.018033988749834
359   3.218033988749834
359   3.218033988749834
360   -2.036299434849987
360   -2.036299434849987
360   3.2362994348499874
360   3.2362994348499874
361   -2.0541611485490643
361   -2.0541611485490643
361   3.2541611485490645
361   3.2541611485490645
362   -2.0716147227364825
362   -2.0716147227364825
362   3.2716147227364822
362   3.2716147227364822
363   -2.088655851003973
363   -2.088655851003973
363   3.2886558510039734
363   3.2886558510039734
364   -2.105280328708129
364   -2.105280328708129
364   3.3052803287081294
364   3.3052803287081294
365   -2.121484054007832
365   -2.121484054007832
365   3.3214840540078323
365   3.3214840540078323
366   -2.1372630288763284
366   -2.1372630288763284
366   3.337263028876329
366   3.337263028876329
367   -2.1526133600876753
367   -2.1526133600876753
367   3.352613360087675
367   3.352613360087675
368   -2.167531260177336
368   -2.167531260177336
368   3.3675312601773353
368   3.3675312601773353
369   -2.1820130483766857
369   -2.1820130483766857
369   3.382013048376686
369   3.382013048376686
370   -2.196055151521182
370   -2.196055151521182
370   3.396055151521182
370   3.396055151521182
371   -2.209654104931992
371   -2.209654104931992
371   3.409654104931992
371   3.409654104931992
372   -2.222806553270844
372   -2.222806553270844
372   3.4228065532708443
372   3.4228065532708443
373   -2.2355092513679176
373   -2.2355092513679176
373   3.4355092513679177
373   3.4355092513679177
374   -2.2477590650225303
374   -2.2477590650225303
374   3.4477590650225305
374   3.4477590650225305
375   -2.2595529717764613
375   -2.259552971776461
375   3.4595529717764606
375   3.4595529717764606
376   -2.2708880616596945
376   -2.270888061659694
376   3.4708880616596938
376   3.4708880616596938
377   -2.281761537908412
377   -2.281761537908412
377   3.481761537908412
377   3.481761537908412
378   -2.2921707176550528
378   -2.2921707176550528
378   3.492170717655053
378   3.492170717655053
379   -2.3021130325902712
379   -2.302113032590271
379   3.50211303259027
379   3.5021130325902705
380   -2.3115860295966257
380   -2.3115860295966257
380   3.5115860295966255
380   3.5115860295966255
381   -2.320587371353853
381   -2.320587371353853
381   3.5205873713538525
381   3.5205873713538534
382   -2.329114836915565
382   -2.329114836915565
382   3.5291148369155643
382   3.529114836915565
383   -2.3371663222572328
383   -2.3371663222572328
383   3.5371663222572325
383   3.5371663222572325
384   -2.3447398407953255
384   -2.344739840795325
384   3.544739840795325
384   3.544739840795325
385   -2.351833523877468
385   -2.351833523877468
385   3.5518335238774683
385   3.5518335238774683
386   -2.358445621243507
386   -2.358445621243507
386   3.558445621243507
386   3.558445621243507
387   -2.3645745014573545
387   -2.3645745014573545
387   3.5645745014573547
387   3.5645745014573547
388   -2.3702186523095263
388   -2.3702186523095263
388   3.5702186523095265
388   3.5702186523095265
389   -2.3753766811902564
389   -2.3753766811902564
389   3.575376681190256
389   3.575376681190256
390   -2.380047315433097
390   -2.380047315433097
390   3.5800473154330974
390   3.5800473154330974
391   -2.38422940262894
391   -2.38422940262894
391   3.58422940262894
391   3.58422940262894
392   -2.3879219109103453
392   -2.3879219109103453
392   3.5879219109103455
392   3.5879219109103455
393   -2.391123929206149
393   -2.391123929206149
393   3.5911239292061485
393   3.5911239292061485
394   -2.393834667466246
394   -2.393834667466246
394   3.593834667466246
394   3.593834667466246
395   -2.396053456856535
395   -2.396053456856535
395   3.596053456856535
395   3.596053456856535
396   -2.3977797499239344
396   -2.3977797499239335
396   3.597779749923933
396   3.5977797499239337
397   -2.399013120731459
397   -2.399013120731459
397   3.5990131207314593
397   3.5990131207314593
398   -2.399753264963319
398   -2.399753264963319
398   3.599753264963319
398   3.599753264963319
399   -2.4
399   -2.4
399   3.6
399   3.6
