1    -4.871947931892821
2    -3.3325314828155173
3    -2.5559915972988057
4    -2.1624086050578883
5    -1.9614643425404843
6    -1.8577167170189952
7    -1.8032323328924043
8    -1.7738876234340273
9    -1.7575049977243595
10    -1.7479096379183379
11    -1.7419496389016298
12    -1.7380001722258158
13    -1.7352113716101771
14    -1.7331292876821465
15    -1.7315042242567322
16    -1.7301933591307421
17    -1.729110925476958
18    -1.728202470505263
19    -1.7274313654135218
20    -1.7267715946912925
21    -1.7262037972615014
22    -1.7257130161642884
23    -1.7252873639437463
24    -1.7249171919762951
25    -1.7245945466536412
26    -1.7243127956191882
27    -1.7240663595207466
28    -1.7238505124132648
29    -1.7236612289062603
30    -1.723495064461126
31    -1.7233490600155537
32    -1.7232206649599784
33    -1.7231076742630096
34    -1.7230081766930858
35    -1.7229205118607869
36    -1.7228432343501507
37    -1.7227750835995912
38    -1.722714958482742
39    -1.7226618957577662
40    -1.722615051720541
41    -1.7225736865263193
42    -1.7225371507455214
43    -1.7225048737990394
44    -1.7224763539817878
45    -1.7224511498339752
46    -1.7224288726603694
47    -1.7224091800309582
48    -1.7223917701233118
49    -1.7223763767890516
50    -1.7223627652449804
51    -1.722350728304463
52    -1.7223400830771411
53    -1.7223306680754853
54    -1.7223223406754649
55    -1.7223149748859559
56    -1.722308459387766
57    -1.7223026958084329
58    -1.7222975972034678
59    -1.722293086718585
60    -1.7222890964107112
61    -1.7222855662084993
62    -1.7222824429954404
63    -1.72227967980083
64    -1.7222772350856772
65    -1.7222750721122315
66    -1.7222731583872026
67    -1.7222714651699458
68    -1.7222699670379336
69    -1.722268641502808
70    -1.722267468671036
71    -1.7222664309439604
72    -1.7222655127526525
