1    1.6505092992129387
2    0.864900651639073
3    0.46483205293180757
4    0.25909854338588356
5    0.15172029416881128
6    0.09442324376865296
7    0.06285972296011666
8    0.04469985979740809
9    0.0336624159044554
10    0.02651927609810034
11    0.02158985447017292
12    0.017982711788399497
13    0.015212376014451023
14    0.013004886858146159
15    0.011198491263965549
16    0.009692471612661069
17    0.008420436848869506
18    0.007336129771733146
19    0.006405698710981733
20    0.005603352318759303
21    0.004908817376206631
22    0.004305781184410273
23    0.0037808887309095374
24    0.0033230646497677263
25    0.0029230338486074814
26    0.00257296944537444
27    0.002266226108218472
28    0.001997133131645734
29    0.0017608308210109724
30    0.0015531392101388874
31    0.0013704514882966201
32    0.00120964666066381
33    0.0010680173996382436
34    0.0009432100359421103
35    0.0008331743462891561
36    0.0007361213125860466
37    0.0006504874149551032
38    0.0005749043151338507
39    0.0005081730132514561
40    0.0004492417372764512
41    0.00039718696276591636
42    0.00035119707008057777
43    0.000310558233512892
44    0.00027464220677464457
45    0.00024289572580415975
46    0.00021483129569999093
47    0.00019001916600580593
48    0.00016808032927939642
49    0.00014868040318150033
50    0.00013152427730056537
51    0.00011635142339128102
52    0.00010293178230491584
53    9.106215315390909e-05
54    8.05630206182073e-05
55    7.127576503096478e-05
56    6.306020736834839e-05
57    5.579244758591173e-05
58    4.9362960194532235e-05
59    4.367491565027137e-05
60    3.864270012510218e-05
61    3.4190609704332076e-05
62    3.025169806347705e-05
63    2.676675927082428e-05
64    2.36834296294397e-05
65    2.0955394424704288e-05
66    1.8541687190509748e-05
67    1.6406070568297793e-05
68    1.4516489186267023e-05
69    1.2844586085747345e-05
70    1.1365275276342679e-05
71    1.0056363852428696e-05
72    8.898217890074278e-06
