S1   0.0  0.0  0.0  
S0   0.0  0.0  1.0  
S0   0.0  1.0  0.0  
S1   0.0  1.0  1.0  
S0   1.0  0.0  0.0  
S1   1.0  0.0  1.0  
S1   1.0  1.0  0.0  
S0   1.0  1.0  1.0  
S1   0.0  0.0  2.0  
S0   0.0  0.0  3.0  
S0   0.0  1.0  2.0  
S1   0.0  1.0  3.0  
S0   1.0  0.0  2.0  
S1   1.0  0.0  3.0  
S1   1.0  1.0  2.0  
S0   1.0  1.0  3.0  
S1   0.0  2.0  0.0  
S0   0.0  2.0  1.0  
S0   0.0  3.0  0.0  
S1   0.0  3.0  1.0  
S0   1.0  2.0  0.0  
S1   1.0  2.0  1.0  
S1   1.0  3.0  0.0  
S0   1.0  3.0  1.0  
S1   0.0  2.0  2.0  
S0   0.0  2.0  3.0  
S0   0.0  3.0  2.0  
S1   0.0  3.0  3.0  
S0   1.0  2.0  2.0  
S1   1.0  2.0  3.0  
S1   1.0  3.0  2.0  
S0   1.0  3.0  3.0  
S1   2.0  0.0  0.0  
S0   2.0  0.0  1.0  
S0   2.0  1.0  0.0  
S1   2.0  1.0  1.0  
S0   3.0  0.0  0.0  
S1   3.0  0.0  1.0  
S1   3.0  1.0  0.0  
S0   3.0  1.0  1.0  
S1   2.0  0.0  2.0  
S0   2.0  0.0  3.0  
S0   2.0  1.0  2.0  
S1   2.0  1.0  3.0  
S1   3.0  0.0  2.0  
S1   3.0  0.0  3.0  
S0   3.0  1.0  2.0  
S0   3.0  1.0  3.0  
S1   2.0  2.0  0.0  
S0   2.0  2.0  1.0  
S0   2.0  3.0  0.0  
S1   2.0  3.0  1.0  
S0   3.0  2.0  0.0  
S1   3.0  2.0  1.0  
S1   3.0  3.0  0.0  
S0   3.0  3.0  1.0  
S1   2.0  2.0  2.0  
S0   2.0  2.0  3.0  
S0   2.0  3.0  2.0  
S1   2.0  3.0  3.0  
S0   3.0  2.0  2.0  
S1   3.0  2.0  3.0  
S1   3.0  3.0  2.0  
S0   3.0  3.0  3.0  
