-5.000000000000000000e-01 1.219631709668315134e-01
-4.743589743589743390e-01 9.744552986972601638e-02
-4.487179487179487336e-01 6.662376159487876093e-02
-4.230769230769230727e-01 2.760589394989759401e-02
-3.974358974358974672e-01 1.042268814055361502e-02
-3.717948717948718063e-01 5.975088885235235736e-03
-3.461538461538461453e-01 4.153590073060689850e-03
-3.205128205128204844e-01 3.178693785795508320e-03
-2.948717948717948789e-01 2.500101542376609136e-03
-2.692307692307692735e-01 2.099301671440317874e-03
-2.435897435897436125e-01 1.660570077628265463e-03
-2.179487179487179516e-01 1.481003407620641718e-03
-1.923076923076922906e-01 1.413232199611346059e-03
-1.666666666666666852e-01 1.295607961470375156e-03
-1.410256410256410242e-01 1.067022556853958496e-03
-1.153846153846154188e-01 1.103427759718672661e-03
-8.974358974358975782e-02 1.058529925455101769e-03
-6.410256410256409687e-02 1.043072668782706221e-03
-3.846153846153849143e-02 9.114029107401688942e-04
-1.282051282051283048e-02 1.006507552451155803e-03
1.282051282051277497e-02 9.655411396943863658e-04
3.846153846153843592e-02 1.036253788673818527e-03
6.410256410256409687e-02 9.557328480733189718e-04
8.974358974358975782e-02 9.791824878552940221e-04
1.153846153846154188e-01 1.045522660136377104e-03
1.410256410256409687e-01 1.195136669586724246e-03
1.666666666666666297e-01 1.268869074498524046e-03
1.923076923076922906e-01 1.309911422883861150e-03
2.179487179487179516e-01 1.547896133280243173e-03
2.435897435897436125e-01 1.767422576771915214e-03
2.692307692307691624e-01 2.096896926691168249e-03
2.948717948717948234e-01 2.503181943786887340e-03
3.205128205128204844e-01 3.025383256562194645e-03
3.461538461538461453e-01 4.038606417859020095e-03
3.717948717948718063e-01 6.006849385842562630e-03
3.974358974358973562e-01 1.048847064541207595e-02
4.230769230769230171e-01 2.775570994810713094e-02
4.487179487179486781e-01 6.667194565240142090e-02
4.743589743589743390e-01 9.747567640994314608e-02
5.000000000000000000e-01 1.219758814572776406e-01
