0.0  0.0  2.3250633732911905e-07
0.0  0.3333333333333333  2.467760668566553e-10
0.0  0.6666666666666666  1.8616749232541767e-18
0.0  1.0  5.5574005635777816e-18
0.0  1.3333333333333333  2.0000000138744127
0.0  1.6666666666666665  2.000000141469722
0.0  2.0  2.076091386268301
0.0  2.333333333333333  2.6085412841754563
0.0  2.6666666666666665  2.257955297435693
0.0  3.0  3.3057999741167468
0.3333333333333333  0.0  0.08933682719700184
0.3333333333333333  0.3333333333333333  7.217085754079351e-18
0.3333333333333333  0.6666666666666666  2.105641362133075e-06
0.3333333333333333  1.0  8.932028719151427e-07
0.3333333333333333  1.3333333333333333  2.252296026843207
0.3333333333333333  1.6666666666666665  2.322841648505859
0.3333333333333333  2.0  2.311714823571992
0.3333333333333333  2.333333333333333  2.4433148859838774
0.3333333333333333  2.6666666666666665  2.98763913642728
0.3333333333333333  3.0  3.4157805577413343
0.6666666666666666  0.0  0.21192527470340367
0.6666666666666666  0.3333333333333333  1.951972497407805e-18
0.6666666666666666  0.6666666666666666  1.5452929387505593e-06
0.6666666666666666  1.0  4.908068651185211e-19
0.6666666666666666  1.3333333333333333  1.9808727675122468
0.6666666666666666  1.6666666666666665  2.659670446021696
0.6666666666666666  2.0  2.6394177034901616
0.6666666666666666  2.333333333333333  2.6198695679458828
0.6666666666666666  2.6666666666666665  2.8172755939893634
0.6666666666666666  3.0  3.367715588085521
1.0  0.0  0.3714795800970462
1.0  0.3333333333333333  0.37147966196803933
1.0  0.6666666666666666  0.6000231567900622
1.0  1.0  1.083672089450081
1.0  1.3333333333333333  1.7788875317264659
1.0  1.6666666666666665  2.738433206397282
1.0  2.0  2.979337427299689
1.0  2.333333333333333  2.9515894486699787
1.0  2.6666666666666665  2.9255385102692237
1.0  3.0  3.1918433005341615
1.3333333333333333  0.0  0.5729257536411212
1.3333333333333333  0.3333333333333333  0.5729257904340157
1.3333333333333333  0.6666666666666666  0.5729257732415272
1.3333333333333333  1.0  6.291659517845626e-13
1.3333333333333333  1.3333333333333333  4.004138522597291e-18
1.3333333333333333  1.6666666666666665  2.4711752820608104
1.3333333333333333  2.0  3.326724831681295
1.3333333333333333  2.333333333333333  3.2942470424622097
1.3333333333333333  2.6666666666666665  3.2605895822955704
1.3333333333333333  3.0  3.2294036748308086
1.6666666666666665  0.0  0.8219603792729464
1.6666666666666665  0.3333333333333333  0.8219603486217577
1.6666666666666665  0.6666666666666666  0.8219603225901035
1.6666666666666665  1.0  0.8219604274630385
1.6666666666666665  1.3333333333333333  9.968936434665076e-11
1.6666666666666665  1.6666666666666665  2.2624347566638496
1.6666666666666665  2.0  3.2253214064924
1.6666666666666665  2.333333333333333  3.6440718764354636
1.6666666666666665  2.6666666666666665  3.6055881845139246
1.6666666666666665  3.0  3.567244449481771
2.0  0.0  1.1249858884961574
2.0  0.3333333333333333  1.1249859222058451
2.0  0.6666666666666666  1.124985891741341
2.0  1.0  1.124985914638186
2.0  1.3333333333333333  1.1249858845320582
2.0  1.6666666666666665  2.1013924247168454
2.0  2.0  2.961419103159546
2.0  2.333333333333333  3.9973814169952844
2.0  2.6666666666666665  3.9574967571962762
2.0  3.0  3.914229455278322
2.333333333333333  0.0  1.4886235222781314
2.333333333333333  0.3333333333333333  1.4886235023091507
2.333333333333333  0.6666666666666666  1.488623498303825
2.333333333333333  1.0  1.4886234814973258
2.333333333333333  1.3333333333333333  1.48862346239437
2.333333333333333  1.6666666666666665  1.976156504477686
2.333333333333333  2.0  2.7478696683221484
2.333333333333333  2.333333333333333  3.7128795112890787
2.333333333333333  2.6666666666666665  4.313162849452158
2.333333333333333  3.0  4.267877472897757
2.6666666666666665  0.0  1.9186550865517762
2.6666666666666665  0.3333333333333333  1.9186550366796622
2.6666666666666665  0.6666666666666666  1.918655082458014
2.6666666666666665  1.0  1.918655045756334
2.6666666666666665  1.3333333333333333  1.9186551102169216
2.6666666666666665  1.6666666666666665  1.9186539023379696
2.6666666666666665  2.0  2.5764381063562074
2.6666666666666665  2.333333333333333  3.451633295364546
2.6666666666666665  2.6666666666666665  4.5023042865624054
2.6666666666666665  3.0  4.625509498792422
3.0  0.0  2.4182982152315606
3.0  0.3333333333333333  2.4182993292866293
3.0  0.6666666666666666  2.4182995393776934
3.0  1.0  2.418299495535163
3.0  1.3333333333333333  2.418299365415897
3.0  1.6666666666666665  2.418299392583509
3.0  2.0  2.418299479176449
3.0  2.333333333333333  2.418299447482058
3.0  2.6666666666666665  2.4183002872143584
3.0  3.0  4.984717484851148
