-1.000000000000000000e+00 2.556922430345533126e+00 2.357093346074588869e+00
-9.797979797979797789e-01 2.469550836587740328e+00 2.348063113239708066e+00
-9.595959595959595578e-01 2.327680862757485869e+00 2.370469035921860979e+00
-9.393939393939394478e-01 2.186184264103365305e+00 2.172041239565984938e+00
-9.191919191919192267e-01 2.098643055310055683e+00 2.115463299951338527e+00
-8.989898989898990056e-01 2.021365507011807949e+00 2.071157736210260669e+00
-8.787878787878787845e-01 1.944361758566278686e+00 2.038357279634557262e+00
-8.585858585858585634e-01 1.871232619890393245e+00 1.961106493310162069e+00
-8.383838383838383423e-01 1.803378879046838357e+00 1.925248028787782451e+00
-8.181818181818181213e-01 1.736040388695830217e+00 1.915336132049952678e+00
-7.979797979797980112e-01 1.669989354364266099e+00 1.812458361463880285e+00
-7.777777777777777901e-01 1.609776672370731410e+00 1.742217588954935836e+00
-7.575757575757575690e-01 1.553885530969005835e+00 1.701581611136848471e+00
-7.373737373737373479e-01 1.497089658232807485e+00 1.743199271656186600e+00
-7.171717171717171269e-01 1.438402596513457476e+00 1.732969223339400067e+00
-6.969696969696970168e-01 1.382137794097903605e+00 1.664030342696894316e+00
-6.767676767676766847e-01 1.328668054425616418e+00 1.662120405146106483e+00
-6.565656565656565746e-01 1.274016464076912492e+00 1.637434143318235114e+00
-6.363636363636363535e-01 1.221187808821226461e+00 1.611116914093428720e+00
-6.161616161616161325e-01 1.170415016299308775e+00 1.530291741456038412e+00
-5.959595959595959114e-01 1.122728220508014463e+00 1.460850706806651855e+00
-5.757575757575756903e-01 1.077161604015859586e+00 1.436316782404710279e+00
-5.555555555555555802e-01 1.031770886494899342e+00 1.410055204143837670e+00
-5.353535353535352481e-01 9.871830417813047820e-01 1.365871842016828097e+00
-5.151515151515151381e-01 9.446140545713740400e-01 1.286613094086905384e+00
-4.949494949494949170e-01 9.048374575145301524e-01 1.247699850475181726e+00
-4.747474747474746959e-01 8.675475997070705159e-01 1.187345963630434653e+00
-4.545454545454544748e-01 8.313840094888198529e-01 1.159322804318485112e+00
-4.343434343434342537e-01 7.947695419813861628e-01 1.175541001626918991e+00
-4.141414141414141437e-01 7.561831934243916642e-01 1.163739447588201248e+00
-3.939393939393939226e-01 7.205653009443935275e-01 1.095829984113336097e+00
-3.737373737373737015e-01 6.883833000099861543e-01 1.033166751577917264e+00
-3.535353535353534804e-01 6.595052684946913768e-01 9.654124835839438257e-01
-3.333333333333332593e-01 6.301481782659711373e-01 9.556800981824095098e-01
-3.131313131313130382e-01 6.000243104487572587e-01 9.111084485830222013e-01
-2.929292929292928171e-01 5.707327257041661106e-01 8.731346020333834446e-01
-2.727272727272727071e-01 5.404558403674062372e-01 8.329119010424773650e-01
-2.525252525252524860e-01 5.147337811467677104e-01 7.428320837694353251e-01
-2.323232323232322649e-01 4.932984148842279870e-01 7.115228631264476356e-01
-2.121212121212120438e-01 4.725744251475109126e-01 6.862283893320441086e-01
-1.919191919191918227e-01 4.533368743985473071e-01 6.412867905988332007e-01
-1.717171717171716017e-01 4.407547038924468641e-01 5.706179165930148622e-01
-1.515151515151514916e-01 4.342960835948480036e-01 5.380835991882471081e-01
-1.313131313131312705e-01 4.367426308824313153e-01 4.936171514179035213e-01
-1.111111111111110494e-01 4.528622263145275495e-01 4.761484822234661740e-01
-9.090909090909082835e-02 5.023851971185766541e-01 4.120251394904804187e-01
-7.070707070707060726e-02 6.356782716847937387e-01 3.364594160266615730e-01
-5.050505050505038618e-02 1.009471544523630193e+00 2.603327466344010355e-01
-3.030303030303027612e-02 2.347899159401997338e+00 1.943479636606414429e-01
-1.010101010101005503e-02 1.131486680361457431e+01 1.444867835108533949e-01
1.010101010101016605e-02 1.131486680361444463e+01 1.444867835108536169e-01
3.030303030303049816e-02 2.347899159401968916e+00 1.943479636606420813e-01
5.050505050505060822e-02 1.009471544523622422e+00 2.603327466344018126e-01
7.070707070707071829e-02 6.356782716847927395e-01 3.364594160266619616e-01
9.090909090909105039e-02 5.023851971185756549e-01 4.120251394904809739e-01
1.111111111111111605e-01 4.528622263145272719e-01 4.761484822234669512e-01
1.313131313131314926e-01 4.367426308824314263e-01 4.936171514179040765e-01
1.515151515151516026e-01 4.342960835948480036e-01 5.380835991882473301e-01
1.717171717171717127e-01 4.407547038924469751e-01 5.706179165930151953e-01
1.919191919191920448e-01 4.533368743985474181e-01 6.412867905988338668e-01
2.121212121212121549e-01 4.725744251475114677e-01 6.862283893320442196e-01
2.323232323232324870e-01 4.932984148842283201e-01 7.115228631264488568e-01
2.525252525252525970e-01 5.147337811467675994e-01 7.428320837694352141e-01
2.727272727272729291e-01 5.404558403674067923e-01 8.329119010424778091e-01
2.929292929292930392e-01 5.707327257041665547e-01 8.731346020333834446e-01
3.131313131313131493e-01 6.000243104487572587e-01 9.111084485830228674e-01
3.333333333333334814e-01 6.301481782659714703e-01 9.556800981824102870e-01
3.535353535353535914e-01 6.595052684946912658e-01 9.654124835839428265e-01
3.737373737373739235e-01 6.883833000099868205e-01 1.033166751577917930e+00
3.939393939393940336e-01 7.205653009443945267e-01 1.095829984113336764e+00
4.141414141414143657e-01 7.561831934243917752e-01 1.163739447588201470e+00
4.343434343434344758e-01 7.947695419813868289e-01 1.175541001626918325e+00
4.545454545454545858e-01 8.313840094888192978e-01 1.159322804318485112e+00
4.747474747474749179e-01 8.675475997070706269e-01 1.187345963630433765e+00
4.949494949494950280e-01 9.048374575145307075e-01 1.247699850475179062e+00
5.151515151515153601e-01 9.446140545713742620e-01 1.286613094086905607e+00
5.353535353535354702e-01 9.871830417813045599e-01 1.365871842016829207e+00
5.555555555555555802e-01 1.031770886494898898e+00 1.410055204143837670e+00
5.757575757575759123e-01 1.077161604015859364e+00 1.436316782404709835e+00
5.959595959595960224e-01 1.122728220508014241e+00 1.460850706806652077e+00
6.161616161616163545e-01 1.170415016299309219e+00 1.530291741456037968e+00
6.363636363636364646e-01 1.221187808821226684e+00 1.611116914093428276e+00
6.565656565656567967e-01 1.274016464076912936e+00 1.637434143318235336e+00
6.767676767676769067e-01 1.328668054425616640e+00 1.662120405146105595e+00
6.969696969696970168e-01 1.382137794097904271e+00 1.664030342696894316e+00
7.171717171717173489e-01 1.438402596513457476e+00 1.732969223339401177e+00
7.373737373737374590e-01 1.497089658232809040e+00 1.743199271656187266e+00
7.575757575757577911e-01 1.553885530969006279e+00 1.701581611136848471e+00
7.777777777777779011e-01 1.609776672370731410e+00 1.742217588954936280e+00
7.979797979797982332e-01 1.669989354364267431e+00 1.812458361463881840e+00
8.181818181818183433e-01 1.736040388695831327e+00 1.915336132049952012e+00
8.383838383838384534e-01 1.803378879046837691e+00 1.925248028787782451e+00
8.585858585858587855e-01 1.871232619890393245e+00 1.961106493310162957e+00
8.787878787878788955e-01 1.944361758566279352e+00 2.038357279634558594e+00
8.989898989898992276e-01 2.021365507011809726e+00 2.071157736210261113e+00
9.191919191919193377e-01 2.098643055310056127e+00 2.115463299951339859e+00
9.393939393939394478e-01 2.186184264103364860e+00 2.172041239565985382e+00
9.595959595959597799e-01 2.327680862757487201e+00 2.370469035921862755e+00
9.797979797979798899e-01 2.469550836587740328e+00 2.348063113239709399e+00
1.000000000000000000e+00 2.556922430345533126e+00 2.357093346074587981e+00
