-5.000000000000000000e-01 -3.464101615137754386e+00 0.000000000000000000e+00 -1.466006425565116728e-17
5.000000000000000000e-01 -3.464101615137754386e+00 0.000000000000000000e+00 2.245198503339604280e-18
-2.000000000000000000e+00 -2.598076211353315568e+00 0.000000000000000000e+00 -1.466006425565116728e-17
-1.000000000000000000e+00 -2.598076211353315568e+00 0.000000000000000000e+00 2.245198503339604280e-18
-3.500000000000000000e+00 -1.732050807568877193e+00 0.000000000000000000e+00 -1.466006425565116728e-17
-2.500000000000000000e+00 -1.732050807568877193e+00 0.000000000000000000e+00 2.245198503339604280e-18
-5.000000000000000000e+00 -8.660254037844382635e-01 0.000000000000000000e+00 -1.466006425565116728e-17
-4.000000000000000000e+00 -8.660254037844382635e-01 0.000000000000000000e+00 2.245198503339604280e-18
-6.500000000000000000e+00 7.105427357601003239e-17 0.000000000000000000e+00 -1.466006425565116728e-17
-5.500000000000000000e+00 7.105427357601003239e-17 0.000000000000000000e+00 2.245198503339604280e-18
1.000000000000000000e+00 -2.598076211353315568e+00 0.000000000000000000e+00 -1.466006425565116728e-17
2.000000000000000000e+00 -2.598076211353315568e+00 0.000000000000000000e+00 2.245198503339604280e-18
-5.000000000000000000e-01 -1.732050807568877193e+00 0.000000000000000000e+00 -1.466006425565116728e-17
5.000000000000000000e-01 -1.732050807568877193e+00 0.000000000000000000e+00 2.245198503339604280e-18
-2.000000000000000000e+00 -8.660254037844382635e-01 0.000000000000000000e+00 -1.466006425565116728e-17
-1.000000000000000000e+00 -8.660254037844382635e-01 0.000000000000000000e+00 2.245198503339604280e-18
-3.500000000000000000e+00 7.105427357601003239e-17 0.000000000000000000e+00 -1.466006425565116728e-17
-2.500000000000000000e+00 7.105427357601003239e-17 0.000000000000000000e+00 2.245198503339604280e-18
-5.000000000000000000e+00 8.660254037844384856e-01 0.000000000000000000e+00 -1.466006425565116728e-17
-4.000000000000000000e+00 8.660254037844384856e-01 0.000000000000000000e+00 2.245198503339604280e-18
2.500000000000000000e+00 -1.732050807568877193e+00 0.000000000000000000e+00 -1.466006425565116728e-17
3.500000000000000000e+00 -1.732050807568877193e+00 0.000000000000000000e+00 2.245198503339604280e-18
1.000000000000000000e+00 -8.660254037844382635e-01 0.000000000000000000e+00 -1.466006425565116728e-17
2.000000000000000000e+00 -8.660254037844382635e-01 0.000000000000000000e+00 2.245198503339604280e-18
-5.000000000000000000e-01 7.105427357601003239e-17 0.000000000000000000e+00 -1.466006425565116728e-17
5.000000000000000000e-01 7.105427357601003239e-17 0.000000000000000000e+00 2.245198503339604280e-18
-2.000000000000000000e+00 8.660254037844384856e-01 0.000000000000000000e+00 -1.466006425565116728e-17
-1.000000000000000000e+00 8.660254037844384856e-01 0.000000000000000000e+00 2.245198503339604280e-18
-3.500000000000000000e+00 1.732050807568877637e+00 0.000000000000000000e+00 -1.466006425565116728e-17
-2.500000000000000000e+00 1.732050807568877637e+00 0.000000000000000000e+00 2.245198503339604280e-18
4.000000000000000000e+00 -8.660254037844382635e-01 0.000000000000000000e+00 -1.466006425565116728e-17
5.000000000000000000e+00 -8.660254037844382635e-01 0.000000000000000000e+00 2.245198503339604280e-18
2.500000000000000000e+00 7.105427357601003239e-17 0.000000000000000000e+00 -1.466006425565116728e-17
3.500000000000000000e+00 7.105427357601003239e-17 0.000000000000000000e+00 2.245198503339604280e-18
1.000000000000000000e+00 8.660254037844384856e-01 0.000000000000000000e+00 -1.466006425565116728e-17
2.000000000000000000e+00 8.660254037844384856e-01 0.000000000000000000e+00 2.245198503339604280e-18
-5.000000000000000000e-01 1.732050807568877637e+00 0.000000000000000000e+00 -1.466006425565116728e-17
5.000000000000000000e-01 1.732050807568877637e+00 0.000000000000000000e+00 2.245198503339604280e-18
-2.000000000000000000e+00 2.598076211353316012e+00 0.000000000000000000e+00 -1.466006425565116728e-17
-1.000000000000000000e+00 2.598076211353316012e+00 0.000000000000000000e+00 2.245198503339604280e-18
5.500000000000000000e+00 7.105427357601003239e-17 0.000000000000000000e+00 -1.466006425565116728e-17
6.500000000000000000e+00 7.105427357601003239e-17 0.000000000000000000e+00 2.245198503339604280e-18
4.000000000000000000e+00 8.660254037844384856e-01 0.000000000000000000e+00 -1.466006425565116728e-17
5.000000000000000000e+00 8.660254037844384856e-01 0.000000000000000000e+00 2.245198503339604280e-18
2.500000000000000000e+00 1.732050807568877637e+00 0.000000000000000000e+00 -1.466006425565116728e-17
3.500000000000000000e+00 1.732050807568877637e+00 0.000000000000000000e+00 2.245198503339604280e-18
1.000000000000000000e+00 2.598076211353316012e+00 0.000000000000000000e+00 -1.466006425565116728e-17
2.000000000000000000e+00 2.598076211353316012e+00 0.000000000000000000e+00 2.245198503339604280e-18
-5.000000000000000000e-01 3.464101615137754386e+00 0.000000000000000000e+00 -1.466006425565116728e-17
5.000000000000000000e-01 3.464101615137754386e+00 0.000000000000000000e+00 2.245198503339604280e-18
