-5.000000000000000000e-01 -3.464101615137754386e+00 0.000000000000000000e+00 -1.954924449542444709e+00
5.000000000000000000e-01 -3.464101615137754386e+00 0.000000000000000000e+00 1.954924449542445153e+00
-2.000000000000000000e+00 -2.598076211353315568e+00 0.000000000000000000e+00 -1.954924449542444709e+00
-1.000000000000000000e+00 -2.598076211353315568e+00 0.000000000000000000e+00 1.954924449542445153e+00
-3.500000000000000000e+00 -1.732050807568877193e+00 0.000000000000000000e+00 -1.954924449542444709e+00
-2.500000000000000000e+00 -1.732050807568877193e+00 0.000000000000000000e+00 1.954924449542445153e+00
-5.000000000000000000e+00 -8.660254037844382635e-01 0.000000000000000000e+00 -1.954924449542444709e+00
-4.000000000000000000e+00 -8.660254037844382635e-01 0.000000000000000000e+00 1.954924449542445153e+00
-6.500000000000000000e+00 7.105427357601003239e-17 0.000000000000000000e+00 -1.954924449542444709e+00
-5.500000000000000000e+00 7.105427357601003239e-17 0.000000000000000000e+00 1.954924449542445153e+00
1.000000000000000000e+00 -2.598076211353315568e+00 0.000000000000000000e+00 -1.954924449542444709e+00
2.000000000000000000e+00 -2.598076211353315568e+00 0.000000000000000000e+00 1.954924449542445153e+00
-5.000000000000000000e-01 -1.732050807568877193e+00 0.000000000000000000e+00 -1.954924449542444709e+00
5.000000000000000000e-01 -1.732050807568877193e+00 0.000000000000000000e+00 1.954924449542445153e+00
-2.000000000000000000e+00 -8.660254037844382635e-01 0.000000000000000000e+00 -1.954924449542444709e+00
-1.000000000000000000e+00 -8.660254037844382635e-01 0.000000000000000000e+00 1.954924449542445153e+00
-3.500000000000000000e+00 7.105427357601003239e-17 0.000000000000000000e+00 -1.954924449542444709e+00
-2.500000000000000000e+00 7.105427357601003239e-17 0.000000000000000000e+00 1.954924449542445153e+00
-5.000000000000000000e+00 8.660254037844384856e-01 0.000000000000000000e+00 -1.954924449542444709e+00
-4.000000000000000000e+00 8.660254037844384856e-01 0.000000000000000000e+00 1.954924449542445153e+00
2.500000000000000000e+00 -1.732050807568877193e+00 0.000000000000000000e+00 -1.954924449542444709e+00
3.500000000000000000e+00 -1.732050807568877193e+00 0.000000000000000000e+00 1.954924449542445153e+00
1.000000000000000000e+00 -8.660254037844382635e-01 0.000000000000000000e+00 -1.954924449542444709e+00
2.000000000000000000e+00 -8.660254037844382635e-01 0.000000000000000000e+00 1.954924449542445153e+00
-5.000000000000000000e-01 7.105427357601003239e-17 0.000000000000000000e+00 -1.954924449542444709e+00
5.000000000000000000e-01 7.105427357601003239e-17 0.000000000000000000e+00 1.954924449542445153e+00
-2.000000000000000000e+00 8.660254037844384856e-01 0.000000000000000000e+00 -1.954924449542444709e+00
-1.000000000000000000e+00 8.660254037844384856e-01 0.000000000000000000e+00 1.954924449542445153e+00
-3.500000000000000000e+00 1.732050807568877637e+00 0.000000000000000000e+00 -1.954924449542444709e+00
-2.500000000000000000e+00 1.732050807568877637e+00 0.000000000000000000e+00 1.954924449542445153e+00
4.000000000000000000e+00 -8.660254037844382635e-01 0.000000000000000000e+00 -1.954924449542444709e+00
5.000000000000000000e+00 -8.660254037844382635e-01 0.000000000000000000e+00 1.954924449542445153e+00
2.500000000000000000e+00 7.105427357601003239e-17 0.000000000000000000e+00 -1.954924449542444709e+00
3.500000000000000000e+00 7.105427357601003239e-17 0.000000000000000000e+00 1.954924449542445153e+00
1.000000000000000000e+00 8.660254037844384856e-01 0.000000000000000000e+00 -1.954924449542444709e+00
2.000000000000000000e+00 8.660254037844384856e-01 0.000000000000000000e+00 1.954924449542445153e+00
-5.000000000000000000e-01 1.732050807568877637e+00 0.000000000000000000e+00 -1.954924449542444709e+00
5.000000000000000000e-01 1.732050807568877637e+00 0.000000000000000000e+00 1.954924449542445153e+00
-2.000000000000000000e+00 2.598076211353316012e+00 0.000000000000000000e+00 -1.954924449542444709e+00
-1.000000000000000000e+00 2.598076211353316012e+00 0.000000000000000000e+00 1.954924449542445153e+00
5.500000000000000000e+00 7.105427357601003239e-17 0.000000000000000000e+00 -1.954924449542444709e+00
6.500000000000000000e+00 7.105427357601003239e-17 0.000000000000000000e+00 1.954924449542445153e+00
4.000000000000000000e+00 8.660254037844384856e-01 0.000000000000000000e+00 -1.954924449542444709e+00
5.000000000000000000e+00 8.660254037844384856e-01 0.000000000000000000e+00 1.954924449542445153e+00
2.500000000000000000e+00 1.732050807568877637e+00 0.000000000000000000e+00 -1.954924449542444709e+00
3.500000000000000000e+00 1.732050807568877637e+00 0.000000000000000000e+00 1.954924449542445153e+00
1.000000000000000000e+00 2.598076211353316012e+00 0.000000000000000000e+00 -1.954924449542444709e+00
2.000000000000000000e+00 2.598076211353316012e+00 0.000000000000000000e+00 1.954924449542445153e+00
-5.000000000000000000e-01 3.464101615137754386e+00 0.000000000000000000e+00 -1.954924449542444709e+00
5.000000000000000000e-01 3.464101615137754386e+00 0.000000000000000000e+00 1.954924449542445153e+00
