-3.897114317029974462e+00 1.450000000000000000e+01 0.000000000000000000e+00 3.805743501799671414e-18 -5.554899872461036948e-17 -1.371872347390919178e-01
-3.031088913245536087e+00 1.400000000000000000e+01 0.000000000000000000e+00 1.782493563226579522e-17 5.498370550802457127e-18 2.080722854774375019e-02
-3.031088913245536087e+00 1.300000000000000000e+01 0.000000000000000000e+00 9.078302755795990520e-19 -2.822964418946884996e-18 -2.954417206206610969e-02
-3.897114317029974462e+00 1.250000000000000000e+01 0.000000000000000000e+00 1.975149668282946119e-18 2.249575882814687994e-18 9.492241331739093013e-03
-3.897114317029974462e+00 1.150000000000000000e+01 0.000000000000000000e+00 1.978454101544139906e-19 -6.070299208675388927e-18 -1.225210223804990006e-02
-3.031088913245536087e+00 1.100000000000000000e+01 0.000000000000000000e+00 -5.591341779636756650e-18 3.042083868529833488e-18 4.949081915214564864e-03
-3.031088913245536087e+00 1.000000000000000000e+01 0.000000000000000000e+00 4.507990381036502400e-18 -2.091760897249159647e-18 -6.239125225928981999e-03
-3.897114317029974462e+00 9.500000000000000000e+00 0.000000000000000000e+00 -1.696716598787473466e-18 2.639513002722501796e-18 2.875986515840700530e-03
-3.897114317029974462e+00 8.500000000000000000e+00 0.000000000000000000e+00 1.126623304088504550e-18 -2.717123232273224915e-19 -3.493146972948946161e-03
-3.031088913245536087e+00 8.000000000000000000e+00 0.000000000000000000e+00 -1.004890559995197556e-18 1.048629352746809580e-18 1.809092825599351029e-03
-3.031088913245536087e+00 7.000000000000000000e+00 0.000000000000000000e+00 2.159896019450516158e-18 -1.639647790021232846e-18 -2.040308616115760199e-03
-3.897114317029974462e+00 6.500000000000000000e+00 0.000000000000000000e+00 -5.683048966017350235e-18 8.586953391613066036e-20 1.199792782495601173e-03
-3.897114317029974462e+00 5.500000000000000000e+00 0.000000000000000000e+00 1.590537320004767859e-18 3.297351154679363963e-18 -1.194949418273860697e-03
-3.031088913245536087e+00 5.000000000000000000e+00 0.000000000000000000e+00 -2.348538839040365697e-18 -1.567634783486479657e-18 8.167453431276450182e-04
-3.031088913245536087e+00 4.000000000000000000e+00 0.000000000000000000e+00 1.118764771294152899e-19 3.245673332733097024e-18 -6.666122178588806957e-04
-3.897114317029974462e+00 3.500000000000000000e+00 0.000000000000000000e+00 6.974169356175101332e-18 1.004120089318923882e-18 5.502222769440401340e-04
-3.897114317029974462e+00 2.500000000000000000e+00 0.000000000000000000e+00 7.752007441481820654e-18 1.477788535648001631e-18 -3.135802092231187999e-04
-3.031088913245536087e+00 2.000000000000000000e+00 0.000000000000000000e+00 1.157561282102972982e-18 -6.000942276199711514e-18 3.404057084522016385e-04
-3.031088913245536087e+00 1.000000000000000000e+00 0.000000000000000000e+00 5.018279518403502165e-18 3.315329769777164105e-19 -5.794766314060062484e-05
-3.897114317029974462e+00 5.000000000000000000e-01 0.000000000000000000e+00 3.813202687536240604e-18 -4.152934204143866007e-19 1.483772655397064266e-04
-3.897114317029974462e+00 -5.000000000000000000e-01 -0.000000000000000000e+00 -5.051806282526394493e-18 -9.374917949034913378e-19 1.483772655401782714e-04
-3.031088913245536087e+00 -1.000000000000000000e+00 -0.000000000000000000e+00 -2.529012401858624296e-18 -3.267471715562828448e-18 -5.794766314201615920e-05
-3.031088913245536087e+00 -2.000000000000000000e+00 -0.000000000000000000e+00 1.643078202912765236e-18 -8.814216686874060349e-19 3.404057084519518384e-04
-3.897114317029974462e+00 -2.500000000000000000e+00 -0.000000000000000000e+00 -6.835126919708193094e-18 4.458504010186784061e-19 -3.135802092230910443e-04
-3.897114317029974462e+00 -3.500000000000000000e+00 -0.000000000000000000e+00 -1.891720834862352824e-18 -3.255242647974978571e-19 5.502222769443176897e-04
-3.031088913245536087e+00 -4.000000000000000000e+00 -0.000000000000000000e+00 -3.917235598894836181e-18 -1.875277112230760283e-18 -6.666122178574651613e-04
-3.031088913245536087e+00 -5.000000000000000000e+00 -0.000000000000000000e+00 2.471967881151035930e-18 -3.259694990572001894e-18 8.167453431278948184e-04
-3.897114317029974462e+00 -5.500000000000000000e+00 -0.000000000000000000e+00 -7.396590415641489327e-19 1.017185263385922669e-19 -1.194949418273416608e-03
-3.897114317029974462e+00 -6.500000000000000000e+00 -0.000000000000000000e+00 -4.529807444408216813e-18 9.198712837931244537e-19 1.199792782495628929e-03
-3.031088913245536087e+00 -7.000000000000000000e+00 -0.000000000000000000e+00 3.968383500120097113e-18 -3.564693309258468351e-18 -2.040308616115843465e-03
-3.031088913245536087e+00 -8.000000000000000000e+00 -0.000000000000000000e+00 -2.843533933501132167e-18 1.190260225568986130e-18 1.809092825599073473e-03
-3.897114317029974462e+00 -8.500000000000000000e+00 -0.000000000000000000e+00 -1.777659870981010537e-18 -4.713710824806560438e-19 -3.493146972948585338e-03
-3.897114317029974462e+00 -9.500000000000000000e+00 -0.000000000000000000e+00 8.494268646776386883e-19 -3.695860686141199459e-19 2.875986515840145419e-03
-3.031088913245536087e+00 -1.000000000000000000e+01 -0.000000000000000000e+00 2.717368907103993635e-18 3.291223109988498745e-19 -6.239125225928926488e-03
-3.031088913245536087e+00 -1.100000000000000000e+01 -0.000000000000000000e+00 8.021048373215841797e-19 -1.198163876357533149e-18 4.949081915215036709e-03
-3.897114317029974462e+00 -1.150000000000000000e+01 -0.000000000000000000e+00 -3.270491079104818974e-18 1.393973477970514850e-18 -1.225210223804917842e-02
-3.897114317029974462e+00 -1.250000000000000000e+01 -0.000000000000000000e+00 2.048489002515610691e-18 -1.469073420423689293e-18 9.492241331739481591e-03
-3.031088913245536087e+00 -1.300000000000000000e+01 -0.000000000000000000e+00 -6.117273835103920582e-18 -5.077375008329982424e-18 -2.954417206206574886e-02
-3.031088913245536087e+00 -1.400000000000000000e+01 -0.000000000000000000e+00 1.019100543123059601e-18 -9.448522643379086443e-18 2.080722854774527675e-02
-3.897114317029974462e+00 -1.450000000000000000e+01 -0.000000000000000000e+00 -1.565130259217734175e-17 1.185177057238537759e-17 -1.371872347390925007e-01
-2.165063509461097269e+00 1.450000000000000000e+01 0.000000000000000000e+00 3.805743501799671414e-18 -5.554899872461036948e-17 -1.371872347390919178e-01
-1.299038105676658894e+00 1.400000000000000000e+01 0.000000000000000000e+00 1.782493563226579522e-17 5.498370550802457127e-18 2.080722854774375019e-02
-1.299038105676658894e+00 1.300000000000000000e+01 0.000000000000000000e+00 9.078302755795990520e-19 -2.822964418946884996e-18 -2.954417206206610969e-02
-2.165063509461097269e+00 1.250000000000000000e+01 0.000000000000000000e+00 1.975149668282946119e-18 2.249575882814687994e-18 9.492241331739093013e-03
-2.165063509461097269e+00 1.150000000000000000e+01 0.000000000000000000e+00 1.978454101544139906e-19 -6.070299208675388927e-18 -1.225210223804990006e-02
-1.299038105676658894e+00 1.100000000000000000e+01 0.000000000000000000e+00 -5.591341779636756650e-18 3.042083868529833488e-18 4.949081915214564864e-03
-1.299038105676658894e+00 1.000000000000000000e+01 0.000000000000000000e+00 4.507990381036502400e-18 -2.091760897249159647e-18 -6.239125225928981999e-03
-2.165063509461097269e+00 9.500000000000000000e+00 0.000000000000000000e+00 -1.696716598787473466e-18 2.639513002722501796e-18 2.875986515840700530e-03
-2.165063509461097269e+00 8.500000000000000000e+00 0.000000000000000000e+00 1.126623304088504550e-18 -2.717123232273224915e-19 -3.493146972948946161e-03
-1.299038105676658894e+00 8.000000000000000000e+00 0.000000000000000000e+00 -1.004890559995197556e-18 1.048629352746809580e-18 1.809092825599351029e-03
-1.299038105676658894e+00 7.000000000000000000e+00 0.000000000000000000e+00 2.159896019450516158e-18 -1.639647790021232846e-18 -2.040308616115760199e-03
-2.165063509461097269e+00 6.500000000000000000e+00 0.000000000000000000e+00 -5.683048966017350235e-18 8.586953391613066036e-20 1.199792782495601173e-03
-2.165063509461097269e+00 5.500000000000000000e+00 0.000000000000000000e+00 1.590537320004767859e-18 3.297351154679363963e-18 -1.194949418273860697e-03
-1.299038105676658894e+00 5.000000000000000000e+00 0.000000000000000000e+00 -2.348538839040365697e-18 -1.567634783486479657e-18 8.167453431276450182e-04
-1.299038105676658894e+00 4.000000000000000000e+00 0.000000000000000000e+00 1.118764771294152899e-19 3.245673332733097024e-18 -6.666122178588806957e-04
-2.165063509461097269e+00 3.500000000000000000e+00 0.000000000000000000e+00 6.974169356175101332e-18 1.004120089318923882e-18 5.502222769440401340e-04
-2.165063509461097269e+00 2.500000000000000000e+00 0.000000000000000000e+00 7.752007441481820654e-18 1.477788535648001631e-18 -3.135802092231187999e-04
-1.299038105676658894e+00 2.000000000000000000e+00 0.000000000000000000e+00 1.157561282102972982e-18 -6.000942276199711514e-18 3.404057084522016385e-04
-1.299038105676658894e+00 1.000000000000000000e+00 0.000000000000000000e+00 5.018279518403502165e-18 3.315329769777164105e-19 -5.794766314060062484e-05
-2.165063509461097269e+00 5.000000000000000000e-01 0.000000000000000000e+00 3.813202687536240604e-18 -4.152934204143866007e-19 1.483772655397064266e-04
-2.165063509461097269e+00 -5.000000000000000000e-01 -0.000000000000000000e+00 -5.051806282526394493e-18 -9.374917949034913378e-19 1.483772655401782714e-04
-1.299038105676658894e+00 -1.000000000000000000e+00 -0.000000000000000000e+00 -2.529012401858624296e-18 -3.267471715562828448e-18 -5.794766314201615920e-05
-1.299038105676658894e+00 -2.000000000000000000e+00 -0.000000000000000000e+00 1.643078202912765236e-18 -8.814216686874060349e-19 3.404057084519518384e-04
-2.165063509461097269e+00 -2.500000000000000000e+00 -0.000000000000000000e+00 -6.835126919708193094e-18 4.458504010186784061e-19 -3.135802092230910443e-04
-2.165063509461097269e+00 -3.500000000000000000e+00 -0.000000000000000000e+00 -1.891720834862352824e-18 -3.255242647974978571e-19 5.502222769443176897e-04
-1.299038105676658894e+00 -4.000000000000000000e+00 -0.000000000000000000e+00 -3.917235598894836181e-18 -1.875277112230760283e-18 -6.666122178574651613e-04
-1.299038105676658894e+00 -5.000000000000000000e+00 -0.000000000000000000e+00 2.471967881151035930e-18 -3.259694990572001894e-18 8.167453431278948184e-04
-2.165063509461097269e+00 -5.500000000000000000e+00 -0.000000000000000000e+00 -7.396590415641489327e-19 1.017185263385922669e-19 -1.194949418273416608e-03
-2.165063509461097269e+00 -6.500000000000000000e+00 -0.000000000000000000e+00 -4.529807444408216813e-18 9.198712837931244537e-19 1.199792782495628929e-03
-1.299038105676658894e+00 -7.000000000000000000e+00 -0.000000000000000000e+00 3.968383500120097113e-18 -3.564693309258468351e-18 -2.040308616115843465e-03
-1.299038105676658894e+00 -8.000000000000000000e+00 -0.000000000000000000e+00 -2.843533933501132167e-18 1.190260225568986130e-18 1.809092825599073473e-03
-2.165063509461097269e+00 -8.500000000000000000e+00 -0.000000000000000000e+00 -1.777659870981010537e-18 -4.713710824806560438e-19 -3.493146972948585338e-03
-2.165063509461097269e+00 -9.500000000000000000e+00 -0.000000000000000000e+00 8.494268646776386883e-19 -3.695860686141199459e-19 2.875986515840145419e-03
-1.299038105676658894e+00 -1.000000000000000000e+01 -0.000000000000000000e+00 2.717368907103993635e-18 3.291223109988498745e-19 -6.239125225928926488e-03
-1.299038105676658894e+00 -1.100000000000000000e+01 -0.000000000000000000e+00 8.021048373215841797e-19 -1.198163876357533149e-18 4.949081915215036709e-03
-2.165063509461097269e+00 -1.150000000000000000e+01 -0.000000000000000000e+00 -3.270491079104818974e-18 1.393973477970514850e-18 -1.225210223804917842e-02
-2.165063509461097269e+00 -1.250000000000000000e+01 -0.000000000000000000e+00 2.048489002515610691e-18 -1.469073420423689293e-18 9.492241331739481591e-03
-1.299038105676658894e+00 -1.300000000000000000e+01 -0.000000000000000000e+00 -6.117273835103920582e-18 -5.077375008329982424e-18 -2.954417206206574886e-02
-1.299038105676658894e+00 -1.400000000000000000e+01 -0.000000000000000000e+00 1.019100543123059601e-18 -9.448522643379086443e-18 2.080722854774527675e-02
-2.165063509461097269e+00 -1.450000000000000000e+01 -0.000000000000000000e+00 -1.565130259217734175e-17 1.185177057238537759e-17 -1.371872347390925007e-01
-4.330127018922199644e-01 1.450000000000000000e+01 0.000000000000000000e+00 3.805743501799671414e-18 -5.554899872461036948e-17 -1.371872347390919178e-01
4.330127018922184101e-01 1.400000000000000000e+01 0.000000000000000000e+00 1.782493563226579522e-17 5.498370550802457127e-18 2.080722854774375019e-02
4.330127018922184101e-01 1.300000000000000000e+01 0.000000000000000000e+00 9.078302755795990520e-19 -2.822964418946884996e-18 -2.954417206206610969e-02
-4.330127018922199644e-01 1.250000000000000000e+01 0.000000000000000000e+00 1.975149668282946119e-18 2.249575882814687994e-18 9.492241331739093013e-03
-4.330127018922199644e-01 1.150000000000000000e+01 0.000000000000000000e+00 1.978454101544139906e-19 -6.070299208675388927e-18 -1.225210223804990006e-02
4.330127018922184101e-01 1.100000000000000000e+01 0.000000000000000000e+00 -5.591341779636756650e-18 3.042083868529833488e-18 4.949081915214564864e-03
4.330127018922184101e-01 1.000000000000000000e+01 0.000000000000000000e+00 4.507990381036502400e-18 -2.091760897249159647e-18 -6.239125225928981999e-03
-4.330127018922199644e-01 9.500000000000000000e+00 0.000000000000000000e+00 -1.696716598787473466e-18 2.639513002722501796e-18 2.875986515840700530e-03
-4.330127018922199644e-01 8.500000000000000000e+00 0.000000000000000000e+00 1.126623304088504550e-18 -2.717123232273224915e-19 -3.493146972948946161e-03
4.330127018922184101e-01 8.000000000000000000e+00 0.000000000000000000e+00 -1.004890559995197556e-18 1.048629352746809580e-18 1.809092825599351029e-03
4.330127018922184101e-01 7.000000000000000000e+00 0.000000000000000000e+00 2.159896019450516158e-18 -1.639647790021232846e-18 -2.040308616115760199e-03
-4.330127018922199644e-01 6.500000000000000000e+00 0.000000000000000000e+00 -5.683048966017350235e-18 8.586953391613066036e-20 1.199792782495601173e-03
-4.330127018922199644e-01 5.500000000000000000e+00 0.000000000000000000e+00 1.590537320004767859e-18 3.297351154679363963e-18 -1.194949418273860697e-03
4.330127018922184101e-01 5.000000000000000000e+00 0.000000000000000000e+00 -2.348538839040365697e-18 -1.567634783486479657e-18 8.167453431276450182e-04
4.330127018922184101e-01 4.000000000000000000e+00 0.000000000000000000e+00 1.118764771294152899e-19 3.245673332733097024e-18 -6.666122178588806957e-04
-4.330127018922199644e-01 3.500000000000000000e+00 0.000000000000000000e+00 6.974169356175101332e-18 1.004120089318923882e-18 5.502222769440401340e-04
-4.330127018922199644e-01 2.500000000000000000e+00 0.000000000000000000e+00 7.752007441481820654e-18 1.477788535648001631e-18 -3.135802092231187999e-04
4.330127018922184101e-01 2.000000000000000000e+00 0.000000000000000000e+00 1.157561282102972982e-18 -6.000942276199711514e-18 3.404057084522016385e-04
4.330127018922184101e-01 1.000000000000000000e+00 0.000000000000000000e+00 5.018279518403502165e-18 3.315329769777164105e-19 -5.794766314060062484e-05
-4.330127018922199644e-01 5.000000000000000000e-01 0.000000000000000000e+00 3.813202687536240604e-18 -4.152934204143866007e-19 1.483772655397064266e-04
-4.330127018922199644e-01 -5.000000000000000000e-01 -0.000000000000000000e+00 -5.051806282526394493e-18 -9.374917949034913378e-19 1.483772655401782714e-04
4.330127018922184101e-01 -1.000000000000000000e+00 -0.000000000000000000e+00 -2.529012401858624296e-18 -3.267471715562828448e-18 -5.794766314201615920e-05
4.330127018922184101e-01 -2.000000000000000000e+00 -0.000000000000000000e+00 1.643078202912765236e-18 -8.814216686874060349e-19 3.404057084519518384e-04
-4.330127018922199644e-01 -2.500000000000000000e+00 -0.000000000000000000e+00 -6.835126919708193094e-18 4.458504010186784061e-19 -3.135802092230910443e-04
-4.330127018922199644e-01 -3.500000000000000000e+00 -0.000000000000000000e+00 -1.891720834862352824e-18 -3.255242647974978571e-19 5.502222769443176897e-04
4.330127018922184101e-01 -4.000000000000000000e+00 -0.000000000000000000e+00 -3.917235598894836181e-18 -1.875277112230760283e-18 -6.666122178574651613e-04
4.330127018922184101e-01 -5.000000000000000000e+00 -0.000000000000000000e+00 2.471967881151035930e-18 -3.259694990572001894e-18 8.167453431278948184e-04
-4.330127018922199644e-01 -5.500000000000000000e+00 -0.000000000000000000e+00 -7.396590415641489327e-19 1.017185263385922669e-19 -1.194949418273416608e-03
-4.330127018922199644e-01 -6.500000000000000000e+00 -0.000000000000000000e+00 -4.529807444408216813e-18 9.198712837931244537e-19 1.199792782495628929e-03
4.330127018922184101e-01 -7.000000000000000000e+00 -0.000000000000000000e+00 3.968383500120097113e-18 -3.564693309258468351e-18 -2.040308616115843465e-03
4.330127018922184101e-01 -8.000000000000000000e+00 -0.000000000000000000e+00 -2.843533933501132167e-18 1.190260225568986130e-18 1.809092825599073473e-03
-4.330127018922199644e-01 -8.500000000000000000e+00 -0.000000000000000000e+00 -1.777659870981010537e-18 -4.713710824806560438e-19 -3.493146972948585338e-03
-4.330127018922199644e-01 -9.500000000000000000e+00 -0.000000000000000000e+00 8.494268646776386883e-19 -3.695860686141199459e-19 2.875986515840145419e-03
4.330127018922184101e-01 -1.000000000000000000e+01 -0.000000000000000000e+00 2.717368907103993635e-18 3.291223109988498745e-19 -6.239125225928926488e-03
4.330127018922184101e-01 -1.100000000000000000e+01 -0.000000000000000000e+00 8.021048373215841797e-19 -1.198163876357533149e-18 4.949081915215036709e-03
-4.330127018922199644e-01 -1.150000000000000000e+01 -0.000000000000000000e+00 -3.270491079104818974e-18 1.393973477970514850e-18 -1.225210223804917842e-02
-4.330127018922199644e-01 -1.250000000000000000e+01 -0.000000000000000000e+00 2.048489002515610691e-18 -1.469073420423689293e-18 9.492241331739481591e-03
4.330127018922184101e-01 -1.300000000000000000e+01 -0.000000000000000000e+00 -6.117273835103920582e-18 -5.077375008329982424e-18 -2.954417206206574886e-02
4.330127018922184101e-01 -1.400000000000000000e+01 -0.000000000000000000e+00 1.019100543123059601e-18 -9.448522643379086443e-18 2.080722854774527675e-02
-4.330127018922199644e-01 -1.450000000000000000e+01 -0.000000000000000000e+00 -1.565130259217734175e-17 1.185177057238537759e-17 -1.371872347390925007e-01
1.299038105676657118e+00 1.450000000000000000e+01 0.000000000000000000e+00 3.805743501799671414e-18 -5.554899872461036948e-17 -1.371872347390919178e-01
2.165063509461096380e+00 1.400000000000000000e+01 0.000000000000000000e+00 1.782493563226579522e-17 5.498370550802457127e-18 2.080722854774375019e-02
2.165063509461096380e+00 1.300000000000000000e+01 0.000000000000000000e+00 9.078302755795990520e-19 -2.822964418946884996e-18 -2.954417206206610969e-02
1.299038105676657118e+00 1.250000000000000000e+01 0.000000000000000000e+00 1.975149668282946119e-18 2.249575882814687994e-18 9.492241331739093013e-03
1.299038105676657118e+00 1.150000000000000000e+01 0.000000000000000000e+00 1.978454101544139906e-19 -6.070299208675388927e-18 -1.225210223804990006e-02
2.165063509461096380e+00 1.100000000000000000e+01 0.000000000000000000e+00 -5.591341779636756650e-18 3.042083868529833488e-18 4.949081915214564864e-03
2.165063509461096380e+00 1.000000000000000000e+01 0.000000000000000000e+00 4.507990381036502400e-18 -2.091760897249159647e-18 -6.239125225928981999e-03
1.299038105676657118e+00 9.500000000000000000e+00 0.000000000000000000e+00 -1.696716598787473466e-18 2.639513002722501796e-18 2.875986515840700530e-03
1.299038105676657118e+00 8.500000000000000000e+00 0.000000000000000000e+00 1.126623304088504550e-18 -2.717123232273224915e-19 -3.493146972948946161e-03
2.165063509461096380e+00 8.000000000000000000e+00 0.000000000000000000e+00 -1.004890559995197556e-18 1.048629352746809580e-18 1.809092825599351029e-03
2.165063509461096380e+00 7.000000000000000000e+00 0.000000000000000000e+00 2.159896019450516158e-18 -1.639647790021232846e-18 -2.040308616115760199e-03
1.299038105676657118e+00 6.500000000000000000e+00 0.000000000000000000e+00 -5.683048966017350235e-18 8.586953391613066036e-20 1.199792782495601173e-03
1.299038105676657118e+00 5.500000000000000000e+00 0.000000000000000000e+00 1.590537320004767859e-18 3.297351154679363963e-18 -1.194949418273860697e-03
2.165063509461096380e+00 5.000000000000000000e+00 0.000000000000000000e+00 -2.348538839040365697e-18 -1.567634783486479657e-18 8.167453431276450182e-04
2.165063509461096380e+00 4.000000000000000000e+00 0.000000000000000000e+00 1.118764771294152899e-19 3.245673332733097024e-18 -6.666122178588806957e-04
1.299038105676657118e+00 3.500000000000000000e+00 0.000000000000000000e+00 6.974169356175101332e-18 1.004120089318923882e-18 5.502222769440401340e-04
1.299038105676657118e+00 2.500000000000000000e+00 0.000000000000000000e+00 7.752007441481820654e-18 1.477788535648001631e-18 -3.135802092231187999e-04
2.165063509461096380e+00 2.000000000000000000e+00 0.000000000000000000e+00 1.157561282102972982e-18 -6.000942276199711514e-18 3.404057084522016385e-04
2.165063509461096380e+00 1.000000000000000000e+00 0.000000000000000000e+00 5.018279518403502165e-18 3.315329769777164105e-19 -5.794766314060062484e-05
1.299038105676657118e+00 5.000000000000000000e-01 0.000000000000000000e+00 3.813202687536240604e-18 -4.152934204143866007e-19 1.483772655397064266e-04
1.299038105676657118e+00 -5.000000000000000000e-01 -0.000000000000000000e+00 -5.051806282526394493e-18 -9.374917949034913378e-19 1.483772655401782714e-04
2.165063509461096380e+00 -1.000000000000000000e+00 -0.000000000000000000e+00 -2.529012401858624296e-18 -3.267471715562828448e-18 -5.794766314201615920e-05
2.165063509461096380e+00 -2.000000000000000000e+00 -0.000000000000000000e+00 1.643078202912765236e-18 -8.814216686874060349e-19 3.404057084519518384e-04
1.299038105676657118e+00 -2.500000000000000000e+00 -0.000000000000000000e+00 -6.835126919708193094e-18 4.458504010186784061e-19 -3.135802092230910443e-04
1.299038105676657118e+00 -3.500000000000000000e+00 -0.000000000000000000e+00 -1.891720834862352824e-18 -3.255242647974978571e-19 5.502222769443176897e-04
2.165063509461096380e+00 -4.000000000000000000e+00 -0.000000000000000000e+00 -3.917235598894836181e-18 -1.875277112230760283e-18 -6.666122178574651613e-04
2.165063509461096380e+00 -5.000000000000000000e+00 -0.000000000000000000e+00 2.471967881151035930e-18 -3.259694990572001894e-18 8.167453431278948184e-04
1.299038105676657118e+00 -5.500000000000000000e+00 -0.000000000000000000e+00 -7.396590415641489327e-19 1.017185263385922669e-19 -1.194949418273416608e-03
1.299038105676657118e+00 -6.500000000000000000e+00 -0.000000000000000000e+00 -4.529807444408216813e-18 9.198712837931244537e-19 1.199792782495628929e-03
2.165063509461096380e+00 -7.000000000000000000e+00 -0.000000000000000000e+00 3.968383500120097113e-18 -3.564693309258468351e-18 -2.040308616115843465e-03
2.165063509461096380e+00 -8.000000000000000000e+00 -0.000000000000000000e+00 -2.843533933501132167e-18 1.190260225568986130e-18 1.809092825599073473e-03
1.299038105676657118e+00 -8.500000000000000000e+00 -0.000000000000000000e+00 -1.777659870981010537e-18 -4.713710824806560438e-19 -3.493146972948585338e-03
1.299038105676657118e+00 -9.500000000000000000e+00 -0.000000000000000000e+00 8.494268646776386883e-19 -3.695860686141199459e-19 2.875986515840145419e-03
2.165063509461096380e+00 -1.000000000000000000e+01 -0.000000000000000000e+00 2.717368907103993635e-18 3.291223109988498745e-19 -6.239125225928926488e-03
2.165063509461096380e+00 -1.100000000000000000e+01 -0.000000000000000000e+00 8.021048373215841797e-19 -1.198163876357533149e-18 4.949081915215036709e-03
1.299038105676657118e+00 -1.150000000000000000e+01 -0.000000000000000000e+00 -3.270491079104818974e-18 1.393973477970514850e-18 -1.225210223804917842e-02
1.299038105676657118e+00 -1.250000000000000000e+01 -0.000000000000000000e+00 2.048489002515610691e-18 -1.469073420423689293e-18 9.492241331739481591e-03
2.165063509461096380e+00 -1.300000000000000000e+01 -0.000000000000000000e+00 -6.117273835103920582e-18 -5.077375008329982424e-18 -2.954417206206574886e-02
2.165063509461096380e+00 -1.400000000000000000e+01 -0.000000000000000000e+00 1.019100543123059601e-18 -9.448522643379086443e-18 2.080722854774527675e-02
1.299038105676657118e+00 -1.450000000000000000e+01 -0.000000000000000000e+00 -1.565130259217734175e-17 1.185177057238537759e-17 -1.371872347390925007e-01
3.031088913245533867e+00 1.450000000000000000e+01 0.000000000000000000e+00 3.805743501799671414e-18 -5.554899872461036948e-17 -1.371872347390919178e-01
3.897114317029973130e+00 1.400000000000000000e+01 0.000000000000000000e+00 1.782493563226579522e-17 5.498370550802457127e-18 2.080722854774375019e-02
3.897114317029973130e+00 1.300000000000000000e+01 0.000000000000000000e+00 9.078302755795990520e-19 -2.822964418946884996e-18 -2.954417206206610969e-02
3.031088913245533867e+00 1.250000000000000000e+01 0.000000000000000000e+00 1.975149668282946119e-18 2.249575882814687994e-18 9.492241331739093013e-03
3.031088913245533867e+00 1.150000000000000000e+01 0.000000000000000000e+00 1.978454101544139906e-19 -6.070299208675388927e-18 -1.225210223804990006e-02
3.897114317029973130e+00 1.100000000000000000e+01 0.000000000000000000e+00 -5.591341779636756650e-18 3.042083868529833488e-18 4.949081915214564864e-03
3.897114317029973130e+00 1.000000000000000000e+01 0.000000000000000000e+00 4.507990381036502400e-18 -2.091760897249159647e-18 -6.239125225928981999e-03
3.031088913245533867e+00 9.500000000000000000e+00 0.000000000000000000e+00 -1.696716598787473466e-18 2.639513002722501796e-18 2.875986515840700530e-03
3.031088913245533867e+00 8.500000000000000000e+00 0.000000000000000000e+00 1.126623304088504550e-18 -2.717123232273224915e-19 -3.493146972948946161e-03
3.897114317029973130e+00 8.000000000000000000e+00 0.000000000000000000e+00 -1.004890559995197556e-18 1.048629352746809580e-18 1.809092825599351029e-03
3.897114317029973130e+00 7.000000000000000000e+00 0.000000000000000000e+00 2.159896019450516158e-18 -1.639647790021232846e-18 -2.040308616115760199e-03
3.031088913245533867e+00 6.500000000000000000e+00 0.000000000000000000e+00 -5.683048966017350235e-18 8.586953391613066036e-20 1.199792782495601173e-03
3.031088913245533867e+00 5.500000000000000000e+00 0.000000000000000000e+00 1.590537320004767859e-18 3.297351154679363963e-18 -1.194949418273860697e-03
3.897114317029973130e+00 5.000000000000000000e+00 0.000000000000000000e+00 -2.348538839040365697e-18 -1.567634783486479657e-18 8.167453431276450182e-04
3.897114317029973130e+00 4.000000000000000000e+00 0.000000000000000000e+00 1.118764771294152899e-19 3.245673332733097024e-18 -6.666122178588806957e-04
3.031088913245533867e+00 3.500000000000000000e+00 0.000000000000000000e+00 6.974169356175101332e-18 1.004120089318923882e-18 5.502222769440401340e-04
3.031088913245533867e+00 2.500000000000000000e+00 0.000000000000000000e+00 7.752007441481820654e-18 1.477788535648001631e-18 -3.135802092231187999e-04
3.897114317029973130e+00 2.000000000000000000e+00 0.000000000000000000e+00 1.157561282102972982e-18 -6.000942276199711514e-18 3.404057084522016385e-04
3.897114317029973130e+00 1.000000000000000000e+00 0.000000000000000000e+00 5.018279518403502165e-18 3.315329769777164105e-19 -5.794766314060062484e-05
3.031088913245533867e+00 5.000000000000000000e-01 0.000000000000000000e+00 3.813202687536240604e-18 -4.152934204143866007e-19 1.483772655397064266e-04
3.031088913245533867e+00 -5.000000000000000000e-01 -0.000000000000000000e+00 -5.051806282526394493e-18 -9.374917949034913378e-19 1.483772655401782714e-04
3.897114317029973130e+00 -1.000000000000000000e+00 -0.000000000000000000e+00 -2.529012401858624296e-18 -3.267471715562828448e-18 -5.794766314201615920e-05
3.897114317029973130e+00 -2.000000000000000000e+00 -0.000000000000000000e+00 1.643078202912765236e-18 -8.814216686874060349e-19 3.404057084519518384e-04
3.031088913245533867e+00 -2.500000000000000000e+00 -0.000000000000000000e+00 -6.835126919708193094e-18 4.458504010186784061e-19 -3.135802092230910443e-04
3.031088913245533867e+00 -3.500000000000000000e+00 -0.000000000000000000e+00 -1.891720834862352824e-18 -3.255242647974978571e-19 5.502222769443176897e-04
3.897114317029973130e+00 -4.000000000000000000e+00 -0.000000000000000000e+00 -3.917235598894836181e-18 -1.875277112230760283e-18 -6.666122178574651613e-04
3.897114317029973130e+00 -5.000000000000000000e+00 -0.000000000000000000e+00 2.471967881151035930e-18 -3.259694990572001894e-18 8.167453431278948184e-04
3.031088913245533867e+00 -5.500000000000000000e+00 -0.000000000000000000e+00 -7.396590415641489327e-19 1.017185263385922669e-19 -1.194949418273416608e-03
3.031088913245533867e+00 -6.500000000000000000e+00 -0.000000000000000000e+00 -4.529807444408216813e-18 9.198712837931244537e-19 1.199792782495628929e-03
3.897114317029973130e+00 -7.000000000000000000e+00 -0.000000000000000000e+00 3.968383500120097113e-18 -3.564693309258468351e-18 -2.040308616115843465e-03
3.897114317029973130e+00 -8.000000000000000000e+00 -0.000000000000000000e+00 -2.843533933501132167e-18 1.190260225568986130e-18 1.809092825599073473e-03
3.031088913245533867e+00 -8.500000000000000000e+00 -0.000000000000000000e+00 -1.777659870981010537e-18 -4.713710824806560438e-19 -3.493146972948585338e-03
3.031088913245533867e+00 -9.500000000000000000e+00 -0.000000000000000000e+00 8.494268646776386883e-19 -3.695860686141199459e-19 2.875986515840145419e-03
3.897114317029973130e+00 -1.000000000000000000e+01 -0.000000000000000000e+00 2.717368907103993635e-18 3.291223109988498745e-19 -6.239125225928926488e-03
3.897114317029973130e+00 -1.100000000000000000e+01 -0.000000000000000000e+00 8.021048373215841797e-19 -1.198163876357533149e-18 4.949081915215036709e-03
3.031088913245533867e+00 -1.150000000000000000e+01 -0.000000000000000000e+00 -3.270491079104818974e-18 1.393973477970514850e-18 -1.225210223804917842e-02
3.031088913245533867e+00 -1.250000000000000000e+01 -0.000000000000000000e+00 2.048489002515610691e-18 -1.469073420423689293e-18 9.492241331739481591e-03
3.897114317029973130e+00 -1.300000000000000000e+01 -0.000000000000000000e+00 -6.117273835103920582e-18 -5.077375008329982424e-18 -2.954417206206574886e-02
3.897114317029973130e+00 -1.400000000000000000e+01 -0.000000000000000000e+00 1.019100543123059601e-18 -9.448522643379086443e-18 2.080722854774527675e-02
3.031088913245533867e+00 -1.450000000000000000e+01 -0.000000000000000000e+00 -1.565130259217734175e-17 1.185177057238537759e-17 -1.371872347390925007e-01
