0.000000000000000000e+00 3.628108237991980456e-01
1.000000000000000000e+00 6.371891762008017324e-01
2.000000000000000000e+00 5.208096395451816685e-01
3.000000000000000000e+00 4.791903604548181650e-01
4.000000000000000000e+00 4.704521897829939125e-01
5.000000000000000000e+00 5.295478102170063650e-01
6.000000000000000000e+00 5.094959372042451307e-01
7.000000000000000000e+00 4.905040627957546473e-01
8.000000000000000000e+00 4.877447843960858176e-01
9.000000000000000000e+00 5.122552156039152926e-01
1.000000000000000000e+01 5.049518099990133457e-01
1.100000000000000000e+01 4.950481900009868763e-01
1.200000000000000000e+01 4.937591322999135834e-01
1.300000000000000000e+01 5.062408677000872492e-01
1.400000000000000000e+01 5.028774051319584437e-01
1.500000000000000000e+01 4.971225948680422224e-01
1.600000000000000000e+01 4.965063143247742117e-01
1.700000000000000000e+01 5.034936856752251222e-01
1.800000000000000000e+01 5.018094020496086660e-01
1.900000000000000000e+01 4.981905979503908344e-01
2.000000000000000000e+01 4.979599919570570909e-01
2.100000000000000000e+01 5.020400080429426870e-01
2.200000000000000000e+01 5.011994300653320744e-01
2.300000000000000000e+01 4.988005699346674815e-01
2.400000000000000000e+01 4.988056948363874810e-01
2.500000000000000000e+01 5.011943051636128521e-01
2.600000000000000000e+01 5.008161595937440369e-01
2.700000000000000000e+01 4.991838404062549084e-01
2.800000000000000000e+01 4.993340772718346532e-01
2.900000000000000000e+01 5.006659227281654578e-01
3.000000000000000000e+01 5.005496114502716587e-01
3.100000000000000000e+01 4.994503885497292850e-01
3.200000000000000000e+01 4.996870291776447925e-01
3.300000000000000000e+01 5.003129708223547079e-01
3.400000000000000000e+01 5.003399334992719716e-01
3.500000000000000000e+01 4.996600665007288056e-01
3.600000000000000000e+01 4.999423672496710047e-01
3.700000000000000000e+01 5.000576327503289953e-01
3.800000000000000000e+01 5.001482663658143313e-01
3.900000000000000000e+01 4.998517336341861128e-01
4.000000000000000000e+01 5.001482663658143313e-01
4.100000000000000000e+01 4.998517336341851136e-01
4.200000000000000000e+01 4.999423672496706161e-01
4.300000000000000000e+01 5.000576327503291063e-01
4.400000000000000000e+01 5.003399334992709724e-01
4.500000000000000000e+01 4.996600665007291386e-01
4.600000000000000000e+01 4.996870291776452921e-01
4.700000000000000000e+01 5.003129708223542638e-01
4.800000000000000000e+01 5.005496114502711036e-01
4.900000000000000000e+01 4.994503885497291185e-01
5.000000000000000000e+01 4.993340772718340426e-01
5.100000000000000000e+01 5.006659227281656799e-01
5.200000000000000000e+01 5.008161595937430377e-01
5.300000000000000000e+01 4.991838404062561296e-01
5.400000000000000000e+01 4.988056948363867038e-01
5.500000000000000000e+01 5.011943051636131852e-01
5.600000000000000000e+01 5.011994300653321854e-01
5.700000000000000000e+01 4.988005699346674260e-01
5.800000000000000000e+01 4.979599919570579236e-01
5.900000000000000000e+01 5.020400080429441303e-01
6.000000000000000000e+01 5.018094020496089991e-01
6.100000000000000000e+01 4.981905979503906678e-01
6.200000000000000000e+01 4.965063143247744892e-01
6.300000000000000000e+01 5.034936856752261214e-01
6.400000000000000000e+01 5.028774051319568894e-01
6.500000000000000000e+01 4.971225948680426665e-01
6.600000000000000000e+01 4.937591322999126398e-01
6.700000000000000000e+01 5.062408677000871382e-01
6.800000000000000000e+01 5.049518099990129016e-01
6.900000000000000000e+01 4.950481900009864877e-01
7.000000000000000000e+01 4.877447843960862062e-01
7.100000000000000000e+01 5.122552156039142934e-01
7.200000000000000000e+01 5.094959372042447976e-01
7.300000000000000000e+01 4.905040627957550914e-01
7.400000000000000000e+01 4.704521897829938570e-01
7.500000000000000000e+01 5.295478102170062540e-01
7.600000000000000000e+01 5.208096395451834448e-01
7.700000000000000000e+01 4.791903604548175544e-01
7.800000000000000000e+01 3.628108237991972129e-01
7.900000000000000000e+01 6.371891762008029536e-01
