-9.499999999999997335e-01 -9.499999999999998446e-01 5.365515095386396149e-01
-9.499999999999997335e-01 -8.499999999999998668e-01 4.040227393531981015e-01
-9.499999999999997335e-01 -7.499999999999997780e-01 3.296932267627412649e-01
-9.499999999999997335e-01 -6.499999999999998002e-01 2.729731009427495692e-01
-9.499999999999997335e-01 -5.499999999999998224e-01 2.564963886721829955e-01
-9.499999999999997335e-01 -4.499999999999998446e-01 2.813997013718961271e-01
-9.499999999999997335e-01 -3.499999999999997558e-01 3.473323175031377552e-01
-9.499999999999997335e-01 -2.499999999999997780e-01 4.681062194607355509e-01
-9.499999999999997335e-01 -1.499999999999998002e-01 6.482675522630867437e-01
-9.499999999999997335e-01 -4.999999999999982236e-02 7.804418156654406857e-01
-9.499999999999997335e-01 5.000000000000015543e-02 9.488297777438395864e-01
-9.499999999999997335e-01 1.500000000000002442e-01 7.649761181998917525e-01
-9.499999999999997335e-01 2.500000000000003331e-01 5.582770555896631182e-01
-9.499999999999997335e-01 3.500000000000001998e-01 4.490181605077541160e-01
-9.499999999999997335e-01 4.500000000000002887e-01 3.182148519311938095e-01
-9.499999999999997335e-01 5.500000000000001554e-01 2.755047824067820561e-01
-9.499999999999997335e-01 6.500000000000002442e-01 2.710612844072995964e-01
-9.499999999999997335e-01 7.500000000000003331e-01 3.339346153297376163e-01
-9.499999999999997335e-01 8.500000000000001998e-01 3.963133034406514654e-01
-9.499999999999997335e-01 9.500000000000002887e-01 5.400170810127551402e-01
-8.499999999999997558e-01 -9.499999999999998446e-01 7.659858812661566319e-01
-8.499999999999997558e-01 -8.499999999999998668e-01 6.474227814072418541e-01
-8.499999999999997558e-01 -7.499999999999997780e-01 5.566812407239133398e-01
-8.499999999999997558e-01 -6.499999999999998002e-01 3.989828521081680845e-01
-8.499999999999997558e-01 -5.499999999999998224e-01 2.944049767636987003e-01
-8.499999999999997558e-01 -4.499999999999998446e-01 2.573729934872883707e-01
-8.499999999999997558e-01 -3.499999999999997558e-01 2.690841348579404713e-01
-8.499999999999997558e-01 -2.499999999999997780e-01 3.473034754190261753e-01
-8.499999999999997558e-01 -1.499999999999998002e-01 4.275221529845631419e-01
-8.499999999999997558e-01 -4.999999999999982236e-02 5.868925310570368703e-01
-8.499999999999997558e-01 5.000000000000015543e-02 6.338055962610531502e-01
-8.499999999999997558e-01 1.500000000000002442e-01 5.073687428875508498e-01
-8.499999999999997558e-01 2.500000000000003331e-01 4.302457170853549728e-01
-8.499999999999997558e-01 3.500000000000001998e-01 3.430653402615272407e-01
-8.499999999999997558e-01 4.500000000000002887e-01 2.669793637348352178e-01
-8.499999999999997558e-01 5.500000000000001554e-01 2.902983762099548004e-01
-8.499999999999997558e-01 6.500000000000002442e-01 3.627735971290317885e-01
-8.499999999999997558e-01 7.500000000000003331e-01 5.430439070235882904e-01
-8.499999999999997558e-01 8.500000000000001998e-01 7.377936892767624766e-01
-8.499999999999997558e-01 9.500000000000002887e-01 7.659858812661566319e-01
-7.499999999999997780e-01 -9.499999999999998446e-01 9.839380156973177582e-01
-7.499999999999997780e-01 -8.499999999999998668e-01 7.460368952935206854e-01
-7.499999999999997780e-01 -7.499999999999997780e-01 5.535749784407943963e-01
-7.499999999999997780e-01 -6.499999999999998002e-01 3.952563747528334837e-01
-7.499999999999997780e-01 -5.499999999999998224e-01 2.882183981835170217e-01
-7.499999999999997780e-01 -4.499999999999998446e-01 2.511792857072845386e-01
-7.499999999999997780e-01 -3.499999999999997558e-01 2.617855618547915153e-01
-7.499999999999997780e-01 -2.499999999999997780e-01 2.542428275713843333e-01
-7.499999999999997780e-01 -1.499999999999998002e-01 2.785387113154671468e-01
-7.499999999999997780e-01 -4.999999999999982236e-02 3.164505861083716232e-01
-7.499999999999997780e-01 5.000000000000015543e-02 3.367099856231181021e-01
-7.499999999999997780e-01 1.500000000000002442e-01 3.169155325016724811e-01
-7.499999999999997780e-01 2.500000000000003331e-01 2.729588790001352128e-01
-7.499999999999997780e-01 3.500000000000001998e-01 2.690882668273014700e-01
-7.499999999999997780e-01 4.500000000000002887e-01 2.620299402779403541e-01
-7.499999999999997780e-01 5.500000000000001554e-01 2.797142558642394250e-01
-7.499999999999997780e-01 6.500000000000002442e-01 3.795359622345260697e-01
-7.499999999999997780e-01 7.500000000000003331e-01 5.766686798223374932e-01
-7.499999999999997780e-01 8.500000000000001998e-01 7.304304555755010142e-01
-7.499999999999997780e-01 9.500000000000002887e-01 8.498959494169463502e-01
-6.499999999999996891e-01 -9.499999999999998446e-01 1.172294757118776731e+00
-6.499999999999996891e-01 -8.499999999999998668e-01 9.891754411501268995e-01
-6.499999999999996891e-01 -7.499999999999997780e-01 7.334182296438820359e-01
-6.499999999999996891e-01 -6.499999999999998002e-01 4.412784940313352333e-01
-6.499999999999996891e-01 -5.499999999999998224e-01 3.148088303686888967e-01
-6.499999999999996891e-01 -4.499999999999998446e-01 2.426887773141375160e-01
-6.499999999999996891e-01 -3.499999999999997558e-01 2.334950025352641179e-01
-6.499999999999996891e-01 -2.499999999999997780e-01 2.330834561200876565e-01
-6.499999999999996891e-01 -1.499999999999998002e-01 2.518707729538434137e-01
-6.499999999999996891e-01 -4.999999999999982236e-02 2.678365025358563911e-01
-6.499999999999996891e-01 5.000000000000015543e-02 2.738715459563153543e-01
-6.499999999999996891e-01 1.500000000000002442e-01 2.605840816069366905e-01
-6.499999999999996891e-01 2.500000000000003331e-01 2.451714117403935300e-01
-6.499999999999996891e-01 3.500000000000001998e-01 2.337420945960833052e-01
-6.499999999999996891e-01 4.500000000000002887e-01 2.395347869396436402e-01
-6.499999999999996891e-01 5.500000000000001554e-01 2.780506316245577869e-01
-6.499999999999996891e-01 6.500000000000002442e-01 4.066257388497009906e-01
-6.499999999999996891e-01 7.500000000000003331e-01 6.113119598052763060e-01
-6.499999999999996891e-01 8.500000000000001998e-01 8.948472434969374500e-01
-6.499999999999996891e-01 9.500000000000002887e-01 1.211132233442626438e+00
-5.499999999999997113e-01 -9.499999999999998446e-01 1.304848856772101495e+00
-5.499999999999997113e-01 -8.499999999999998668e-01 1.089502777375072062e+00
-5.499999999999997113e-01 -7.499999999999997780e-01 8.569296819334403237e-01
-5.499999999999997113e-01 -6.499999999999998002e-01 6.204109865164249005e-01
-5.499999999999997113e-01 -5.499999999999998224e-01 3.770478056242330123e-01
-5.499999999999997113e-01 -4.499999999999998446e-01 2.666503768002123076e-01
-5.499999999999997113e-01 -3.499999999999997558e-01 2.345193459205844877e-01
-5.499999999999997113e-01 -2.499999999999997780e-01 2.301520887508007041e-01
-5.499999999999997113e-01 -1.499999999999998002e-01 2.425968834732737944e-01
-5.499999999999997113e-01 -4.999999999999982236e-02 2.516676143213827377e-01
-5.499999999999997113e-01 5.000000000000015543e-02 2.515975036730035419e-01
-5.499999999999997113e-01 1.500000000000002442e-01 2.413388963184366631e-01
-5.499999999999997113e-01 2.500000000000003331e-01 2.286421476332603508e-01
-5.499999999999997113e-01 3.500000000000001998e-01 2.253008406131802865e-01
-5.499999999999997113e-01 4.500000000000002887e-01 2.492256236506697198e-01
-5.499999999999997113e-01 5.500000000000001554e-01 3.218166622241846464e-01
-5.499999999999997113e-01 6.500000000000002442e-01 4.879588681118317561e-01
-5.499999999999997113e-01 7.500000000000003331e-01 7.658071404593446152e-01
-5.499999999999997113e-01 8.500000000000001998e-01 1.075459565655801253e+00
-5.499999999999997113e-01 9.500000000000002887e-01 1.288588380222315033e+00
-4.499999999999997335e-01 -9.499999999999998446e-01 1.056020751639085598e+00
-4.499999999999997335e-01 -8.499999999999998668e-01 8.691683010089954475e-01
-4.499999999999997335e-01 -7.499999999999997780e-01 6.052823920251717560e-01
-4.499999999999997335e-01 -6.499999999999998002e-01 4.441921875383109675e-01
-4.499999999999997335e-01 -5.499999999999998224e-01 3.085452535180250866e-01
-4.499999999999997335e-01 -4.499999999999998446e-01 2.571937952220620938e-01
-4.499999999999997335e-01 -3.499999999999997558e-01 2.461364240652508806e-01
-4.499999999999997335e-01 -2.499999999999997780e-01 2.648821065928655960e-01
-4.499999999999997335e-01 -1.499999999999998002e-01 3.155895015431392503e-01
-4.499999999999997335e-01 -4.999999999999982236e-02 3.417747337076009750e-01
-4.499999999999997335e-01 5.000000000000015543e-02 3.498326379338855263e-01
-4.499999999999997335e-01 1.500000000000002442e-01 3.235400757908149516e-01
-4.499999999999997335e-01 2.500000000000003331e-01 2.624081017206501554e-01
-4.499999999999997335e-01 3.500000000000001998e-01 2.442652688915502857e-01
-4.499999999999997335e-01 4.500000000000002887e-01 2.380914839979435538e-01
-4.499999999999997335e-01 5.500000000000001554e-01 2.718327527500398744e-01
-4.499999999999997335e-01 6.500000000000002442e-01 3.630159500330840672e-01
-4.499999999999997335e-01 7.500000000000003331e-01 5.396370661398798285e-01
-4.499999999999997335e-01 8.500000000000001998e-01 7.363797414463553181e-01
-4.499999999999997335e-01 9.500000000000002887e-01 9.308148417039854294e-01
-3.499999999999996447e-01 -9.499999999999998446e-01 6.885708515864091828e-01
-3.499999999999996447e-01 -8.499999999999998668e-01 6.729208790381671079e-01
-3.499999999999996447e-01 -7.499999999999997780e-01 5.282402641420460565e-01
-3.499999999999996447e-01 -6.499999999999998002e-01 3.569333616253798636e-01
-3.499999999999996447e-01 -5.499999999999998224e-01 2.866596683298109349e-01
-3.499999999999996447e-01 -4.499999999999998446e-01 2.755047824067820561e-01
-3.499999999999996447e-01 -3.499999999999997558e-01 2.710612844072995964e-01
-3.499999999999996447e-01 -2.499999999999997780e-01 3.339346153297376163e-01
-3.499999999999996447e-01 -1.499999999999998002e-01 3.963133034406514654e-01
-3.499999999999996447e-01 -4.999999999999982236e-02 5.400170810127551402e-01
-3.499999999999996447e-01 5.000000000000015543e-02 5.365515095386396149e-01
-3.499999999999996447e-01 1.500000000000002442e-01 4.040227393531981015e-01
-3.499999999999996447e-01 2.500000000000003331e-01 3.296932267627412649e-01
-3.499999999999996447e-01 3.500000000000001998e-01 2.729731009427495692e-01
-3.499999999999996447e-01 4.500000000000002887e-01 2.564963886721829955e-01
-3.499999999999996447e-01 5.500000000000001554e-01 2.565097378786695970e-01
-3.499999999999996447e-01 6.500000000000002442e-01 3.008437586718301082e-01
-3.499999999999996447e-01 7.500000000000003331e-01 3.777392104134650319e-01
-3.499999999999996447e-01 8.500000000000001998e-01 5.569321085013541062e-01
-3.499999999999996447e-01 9.500000000000002887e-01 7.253274992710839753e-01
-2.499999999999996669e-01 -9.499999999999998446e-01 6.338055962610531502e-01
-2.499999999999996669e-01 -8.499999999999998668e-01 5.073687428875508498e-01
-2.499999999999996669e-01 -7.499999999999997780e-01 3.991179049564519410e-01
-2.499999999999996669e-01 -6.499999999999998002e-01 3.524489792645079111e-01
-2.499999999999996669e-01 -5.499999999999998224e-01 2.752333294874740877e-01
-2.499999999999996669e-01 -4.499999999999998446e-01 2.760970351508083565e-01
-2.499999999999996669e-01 -3.499999999999997558e-01 3.299112101960496868e-01
-2.499999999999996669e-01 -2.499999999999997780e-01 4.971915160157251989e-01
-2.499999999999996669e-01 -1.499999999999998002e-01 6.862976312177698768e-01
-2.499999999999996669e-01 -4.999999999999982236e-02 7.903462562292342675e-01
-2.499999999999996669e-01 5.000000000000015543e-02 7.155368907623094188e-01
-2.499999999999996669e-01 1.500000000000002442e-01 6.970971402717698329e-01
-2.499999999999996669e-01 2.500000000000003331e-01 5.175582686484064832e-01
-2.499999999999996669e-01 3.500000000000001998e-01 3.408306513351918587e-01
-2.499999999999996669e-01 4.500000000000002887e-01 2.746303963674340820e-01
-2.499999999999996669e-01 5.500000000000001554e-01 2.584751922988672290e-01
-2.499999999999996669e-01 6.500000000000002442e-01 2.770505050795082913e-01
-2.499999999999996669e-01 7.500000000000003331e-01 3.592960831188886095e-01
-2.499999999999996669e-01 8.500000000000001998e-01 4.275221529845631419e-01
-2.499999999999996669e-01 9.500000000000002887e-01 5.868925310570368703e-01
-1.499999999999996891e-01 -9.499999999999998446e-01 3.367099856231181021e-01
-1.499999999999996891e-01 -8.499999999999998668e-01 3.169155325016724811e-01
-1.499999999999996891e-01 -7.499999999999997780e-01 2.729588790001352128e-01
-1.499999999999996891e-01 -6.499999999999998002e-01 2.501709816636529249e-01
-1.499999999999996891e-01 -5.499999999999998224e-01 2.609279931867776181e-01
-1.499999999999996891e-01 -4.499999999999998446e-01 3.323438710256435558e-01
-1.499999999999996891e-01 -3.499999999999997558e-01 4.686392565058495330e-01
-1.499999999999996891e-01 -2.499999999999997780e-01 6.960634236975309364e-01
-1.499999999999996891e-01 -1.499999999999998002e-01 8.180464019919619911e-01
-1.499999999999996891e-01 -4.999999999999982236e-02 9.970726407429387761e-01
-1.499999999999996891e-01 5.000000000000015543e-02 1.132096316977548645e+00
-1.499999999999996891e-01 1.500000000000002442e-01 9.887161654884677464e-01
-1.499999999999996891e-01 2.500000000000003331e-01 6.482946594897143200e-01
-1.499999999999996891e-01 3.500000000000001998e-01 5.005810085848205748e-01
-1.499999999999996891e-01 4.500000000000002887e-01 3.534334416622118002e-01
-1.499999999999996891e-01 5.500000000000001554e-01 2.630415454101266981e-01
-1.499999999999996891e-01 6.500000000000002442e-01 2.464909663831598152e-01
-1.499999999999996891e-01 7.500000000000003331e-01 2.542428275713843333e-01
-1.499999999999996891e-01 8.500000000000001998e-01 2.785387113154671468e-01
-1.499999999999996891e-01 9.500000000000002887e-01 3.164505861083716232e-01
-4.999999999999971134e-02 -9.499999999999998446e-01 2.500241504856784980e-01
-4.999999999999971134e-02 -8.499999999999998668e-01 2.406619648000968559e-01
-4.999999999999971134e-02 -7.499999999999997780e-01 2.281826569466652299e-01
-4.999999999999971134e-02 -6.499999999999998002e-01 2.270748853859009819e-01
-4.999999999999971134e-02 -5.499999999999998224e-01 2.395347869396436402e-01
-4.999999999999971134e-02 -4.499999999999998446e-01 2.780506316245577869e-01
-4.999999999999971134e-02 -3.499999999999997558e-01 4.066257388497009906e-01
-4.999999999999971134e-02 -2.499999999999997780e-01 6.113119598052763060e-01
-4.999999999999971134e-02 -1.499999999999998002e-01 8.948472434969374500e-01
-4.999999999999971134e-02 -4.999999999999982236e-02 1.211132233442626438e+00
-4.999999999999971134e-02 5.000000000000015543e-02 1.172294757118776731e+00
-4.999999999999971134e-02 1.500000000000002442e-01 9.891754411501268995e-01
-4.999999999999971134e-02 2.500000000000003331e-01 7.334182296438820359e-01
-4.999999999999971134e-02 3.500000000000001998e-01 4.412784940313352333e-01
-4.999999999999971134e-02 4.500000000000002887e-01 3.148088303686888967e-01
-4.999999999999971134e-02 5.500000000000001554e-01 2.426887773141375160e-01
-4.999999999999971134e-02 6.500000000000002442e-01 2.316495744653604694e-01
-4.999999999999971134e-02 7.500000000000003331e-01 2.295991358321656239e-01
-4.999999999999971134e-02 8.500000000000001998e-01 2.375472267600630960e-01
-4.999999999999971134e-02 9.500000000000002887e-01 2.495175621522300047e-01
5.000000000000026645e-02 -9.499999999999998446e-01 2.515975036730035419e-01
5.000000000000026645e-02 -8.499999999999998668e-01 2.413388963184366631e-01
5.000000000000026645e-02 -7.499999999999997780e-01 2.286421476332603508e-01
5.000000000000026645e-02 -6.499999999999998002e-01 2.253008406131802865e-01
5.000000000000026645e-02 -5.499999999999998224e-01 2.355914544493819540e-01
5.000000000000026645e-02 -4.499999999999998446e-01 2.735323279509366268e-01
5.000000000000026645e-02 -3.499999999999997558e-01 3.810818686154145429e-01
5.000000000000026645e-02 -2.499999999999997780e-01 5.960391893454423107e-01
5.000000000000026645e-02 -1.499999999999998002e-01 8.949945511175684265e-01
5.000000000000026645e-02 -4.999999999999982236e-02 1.039736727289886087e+00
5.000000000000026645e-02 5.000000000000015543e-02 1.049025228319531822e+00
5.000000000000026645e-02 1.500000000000002442e-01 9.877833612917875650e-01
5.000000000000026645e-02 2.500000000000003331e-01 7.284087265565095670e-01
5.000000000000026645e-02 3.500000000000001998e-01 4.332620953192811708e-01
5.000000000000026645e-02 4.500000000000002887e-01 3.190228178805565307e-01
5.000000000000026645e-02 5.500000000000001554e-01 2.471095461953712602e-01
5.000000000000026645e-02 6.500000000000002442e-01 2.345193459205844877e-01
5.000000000000026645e-02 7.500000000000003331e-01 2.301520887508007041e-01
5.000000000000026645e-02 8.500000000000001998e-01 2.425968834732737944e-01
5.000000000000026645e-02 9.500000000000002887e-01 2.516676143213827377e-01
1.500000000000003553e-01 -9.499999999999998446e-01 3.498326379338855263e-01
1.500000000000003553e-01 -8.499999999999998668e-01 3.235400757908149516e-01
1.500000000000003553e-01 -7.499999999999997780e-01 2.669085074060824070e-01
1.500000000000003553e-01 -6.499999999999998002e-01 2.432946787956825618e-01
1.500000000000003553e-01 -5.499999999999998224e-01 2.544577037690741728e-01
1.500000000000003553e-01 -4.499999999999998446e-01 2.948817885589552490e-01
1.500000000000003553e-01 -3.499999999999997558e-01 4.143574355829027223e-01
1.500000000000003553e-01 -2.499999999999997780e-01 6.059261664842041650e-01
1.500000000000003553e-01 -1.499999999999998002e-01 7.427983334680192673e-01
1.500000000000003553e-01 -4.999999999999982236e-02 9.308148417039854294e-01
1.500000000000003553e-01 5.000000000000015543e-02 1.056020751639085598e+00
1.500000000000003553e-01 1.500000000000002442e-01 9.728867074626660338e-01
1.500000000000003553e-01 2.500000000000003331e-01 6.528881315921026829e-01
1.500000000000003553e-01 3.500000000000001998e-01 5.092215505141598486e-01
1.500000000000003553e-01 4.500000000000002887e-01 3.608546948290650147e-01
1.500000000000003553e-01 5.500000000000001554e-01 2.695828383950308327e-01
1.500000000000003553e-01 6.500000000000002442e-01 2.593300469392468832e-01
1.500000000000003553e-01 7.500000000000003331e-01 2.651316725801727281e-01
1.500000000000003553e-01 8.500000000000001998e-01 3.155895015431392503e-01
1.500000000000003553e-01 9.500000000000002887e-01 3.417747337076009750e-01
2.500000000000004441e-01 -9.499999999999998446e-01 7.045900560252269518e-01
2.500000000000004441e-01 -8.499999999999998668e-01 5.190404169698062953e-01
2.500000000000004441e-01 -7.499999999999997780e-01 3.991947544242022694e-01
2.500000000000004441e-01 -6.499999999999998002e-01 3.493931016131937017e-01
2.500000000000004441e-01 -5.499999999999998224e-01 2.693747873205764032e-01
2.500000000000004441e-01 -4.499999999999998446e-01 2.565097378786695970e-01
2.500000000000004441e-01 -3.499999999999997558e-01 3.008437586718301082e-01
2.500000000000004441e-01 -2.499999999999997780e-01 3.777392104134650319e-01
2.500000000000004441e-01 -1.499999999999998002e-01 5.569321085013541062e-01
2.500000000000004441e-01 -4.999999999999982236e-02 7.253274992710839753e-01
2.500000000000004441e-01 5.000000000000015543e-02 6.885708515864091828e-01
2.500000000000004441e-01 1.500000000000002442e-01 6.729208790381671079e-01
2.500000000000004441e-01 2.500000000000003331e-01 5.282402641420460565e-01
2.500000000000004441e-01 3.500000000000001998e-01 3.569333616253798636e-01
2.500000000000004441e-01 4.500000000000002887e-01 2.866596683298109349e-01
2.500000000000004441e-01 5.500000000000001554e-01 2.683651931476305763e-01
2.500000000000004441e-01 6.500000000000002442e-01 3.257365677923688696e-01
2.500000000000004441e-01 7.500000000000003331e-01 4.091893692609031574e-01
2.500000000000004441e-01 8.500000000000001998e-01 5.790217176873976301e-01
2.500000000000004441e-01 9.500000000000002887e-01 7.535254398621137328e-01
3.500000000000003109e-01 -9.499999999999998446e-01 7.155368907623094188e-01
3.500000000000003109e-01 -8.499999999999998668e-01 6.970971402717698329e-01
3.500000000000003109e-01 -7.499999999999997780e-01 5.175582686484064832e-01
3.500000000000003109e-01 -6.499999999999998002e-01 3.408306513351918587e-01
3.500000000000003109e-01 -5.499999999999998224e-01 2.746303963674340820e-01
3.500000000000003109e-01 -4.499999999999998446e-01 2.642788613918173879e-01
3.500000000000003109e-01 -3.499999999999997558e-01 2.594582404589180213e-01
3.500000000000003109e-01 -2.499999999999997780e-01 2.836789414456507008e-01
3.500000000000003109e-01 -1.499999999999998002e-01 3.509423114782025399e-01
3.500000000000003109e-01 -4.999999999999982236e-02 3.915874267948620258e-01
3.500000000000003109e-01 5.000000000000015543e-02 4.568963174532481575e-01
3.500000000000003109e-01 1.500000000000002442e-01 3.983178216532076710e-01
3.500000000000003109e-01 2.500000000000003331e-01 3.324394415142350456e-01
3.500000000000003109e-01 3.500000000000001998e-01 2.768407444837041043e-01
3.500000000000003109e-01 4.500000000000002887e-01 2.703058719240949426e-01
3.500000000000003109e-01 5.500000000000001554e-01 2.760970351508083565e-01
3.500000000000003109e-01 6.500000000000002442e-01 3.299112101960496868e-01
3.500000000000003109e-01 7.500000000000003331e-01 4.971915160157251989e-01
3.500000000000003109e-01 8.500000000000001998e-01 6.862976312177698768e-01
3.500000000000003109e-01 9.500000000000002887e-01 7.903462562292342675e-01
4.500000000000003997e-01 -9.499999999999998446e-01 1.132096316977548645e+00
4.500000000000003997e-01 -8.499999999999998668e-01 9.014677805193608284e-01
4.500000000000003997e-01 -7.499999999999997780e-01 5.950955816737015791e-01
4.500000000000003997e-01 -6.499999999999998002e-01 4.360337849386982101e-01
4.500000000000003997e-01 -5.499999999999998224e-01 3.018326833161101841e-01
4.500000000000003997e-01 -4.499999999999998446e-01 2.522729495770713037e-01
4.500000000000003997e-01 -3.499999999999997558e-01 2.341404569656511947e-01
4.500000000000003997e-01 -2.499999999999997780e-01 2.538318082577806778e-01
4.500000000000003997e-01 -1.499999999999998002e-01 2.785387113154671468e-01
4.500000000000003997e-01 -4.999999999999982236e-02 3.164505861083716232e-01
4.500000000000003997e-01 5.000000000000015543e-02 3.367099856231181021e-01
4.500000000000003997e-01 1.500000000000002442e-01 3.169155325016724811e-01
4.500000000000003997e-01 2.500000000000003331e-01 2.652982248526346010e-01
4.500000000000003997e-01 3.500000000000001998e-01 2.511968814440407316e-01
4.500000000000003997e-01 4.500000000000002887e-01 2.393779989207308334e-01
4.500000000000003997e-01 5.500000000000001554e-01 2.924063409040940087e-01
4.500000000000003997e-01 6.500000000000002442e-01 3.944975978564264074e-01
4.500000000000003997e-01 7.500000000000003331e-01 5.949677880116938100e-01
4.500000000000003997e-01 8.500000000000001998e-01 8.014525441831472641e-01
4.500000000000003997e-01 9.500000000000002887e-01 9.970726407429387761e-01
5.500000000000002665e-01 -9.499999999999998446e-01 1.304848856772101495e+00
5.500000000000002665e-01 -8.499999999999998668e-01 1.084580157948028978e+00
5.500000000000002665e-01 -7.499999999999997780e-01 8.544399817849711587e-01
5.500000000000002665e-01 -6.499999999999998002e-01 6.328279351055582369e-01
5.500000000000002665e-01 -5.499999999999998224e-01 3.806038681345513819e-01
5.500000000000002665e-01 -4.499999999999998446e-01 2.639308903826729780e-01
5.500000000000002665e-01 -3.499999999999997558e-01 2.316495744653604694e-01
5.500000000000002665e-01 -2.499999999999997780e-01 2.295991358321656239e-01
5.500000000000002665e-01 -1.499999999999998002e-01 2.375472267600630960e-01
5.500000000000002665e-01 -4.999999999999982236e-02 2.495175621522300047e-01
5.500000000000002665e-01 5.000000000000015543e-02 2.500241504856784980e-01
5.500000000000002665e-01 1.500000000000002442e-01 2.406619648000968559e-01
5.500000000000002665e-01 2.500000000000003331e-01 2.281826569466652299e-01
5.500000000000002665e-01 3.500000000000001998e-01 2.270748853859009819e-01
5.500000000000002665e-01 4.500000000000002887e-01 2.512980601840971717e-01
5.500000000000002665e-01 5.500000000000001554e-01 3.296196322456171890e-01
5.500000000000002665e-01 6.500000000000002442e-01 5.011641510227038410e-01
5.500000000000002665e-01 7.500000000000003331e-01 7.540592024202282806e-01
5.500000000000002665e-01 8.500000000000001998e-01 1.121533304093983663e+00
5.500000000000002665e-01 9.500000000000002887e-01 1.288588380222315033e+00
6.500000000000003553e-01 -9.499999999999998446e-01 1.049025228319531822e+00
6.500000000000003553e-01 -8.499999999999998668e-01 9.877833612917875650e-01
6.500000000000003553e-01 -7.499999999999997780e-01 7.284087265565095670e-01
6.500000000000003553e-01 -6.499999999999998002e-01 4.332620953192811708e-01
6.500000000000003553e-01 -5.499999999999998224e-01 3.190228178805565307e-01
6.500000000000003553e-01 -4.499999999999998446e-01 2.471095461953712602e-01
6.500000000000003553e-01 -3.499999999999997558e-01 2.373976936772947965e-01
6.500000000000003553e-01 -2.499999999999997780e-01 2.443507934039965968e-01
6.500000000000003553e-01 -1.499999999999998002e-01 2.598109186742288967e-01
6.500000000000003553e-01 -4.999999999999982236e-02 2.798290170714771152e-01
6.500000000000003553e-01 5.000000000000015543e-02 2.813495519453387272e-01
6.500000000000003553e-01 1.500000000000002442e-01 2.600794165869807495e-01
6.500000000000003553e-01 2.500000000000003331e-01 2.402892815076212718e-01
6.500000000000003553e-01 3.500000000000001998e-01 2.334282449101841295e-01
6.500000000000003553e-01 4.500000000000002887e-01 2.355914544493819540e-01
6.500000000000003553e-01 5.500000000000001554e-01 2.735323279509366268e-01
6.500000000000003553e-01 6.500000000000002442e-01 3.810818686154145429e-01
6.500000000000003553e-01 7.500000000000003331e-01 5.960391893454423107e-01
6.500000000000003553e-01 8.500000000000001998e-01 8.949945511175684265e-01
6.500000000000003553e-01 9.500000000000002887e-01 1.039736727289886087e+00
7.500000000000004441e-01 -9.499999999999998446e-01 9.488297777438395864e-01
7.500000000000004441e-01 -8.499999999999998668e-01 7.649761181998917525e-01
7.500000000000004441e-01 -7.499999999999997780e-01 5.582770555896631182e-01
7.500000000000004441e-01 -6.499999999999998002e-01 4.050595108264072874e-01
7.500000000000004441e-01 -5.499999999999998224e-01 2.944763510345225765e-01
7.500000000000004441e-01 -4.499999999999998446e-01 2.641261415813291324e-01
7.500000000000004441e-01 -3.499999999999997558e-01 2.734211119032525783e-01
7.500000000000004441e-01 -2.499999999999997780e-01 2.651316725801727281e-01
7.500000000000004441e-01 -1.499999999999998002e-01 3.155895015431392503e-01
7.500000000000004441e-01 -4.999999999999982236e-02 3.417747337076009750e-01
7.500000000000004441e-01 5.000000000000015543e-02 3.498326379338855263e-01
7.500000000000004441e-01 1.500000000000002442e-01 3.235400757908149516e-01
7.500000000000004441e-01 2.500000000000003331e-01 2.669085074060824070e-01
7.500000000000004441e-01 3.500000000000001998e-01 2.635336856661984473e-01
7.500000000000004441e-01 4.500000000000002887e-01 2.540130410535421102e-01
7.500000000000004441e-01 5.500000000000001554e-01 2.678419677477362759e-01
7.500000000000004441e-01 6.500000000000002442e-01 3.196804736986092466e-01
7.500000000000004441e-01 7.500000000000003331e-01 4.681062194607355509e-01
7.500000000000004441e-01 8.500000000000001998e-01 6.482675522630867437e-01
7.500000000000004441e-01 9.500000000000002887e-01 7.804418156654406857e-01
8.500000000000003109e-01 -9.499999999999998446e-01 6.959699310877995870e-01
8.500000000000003109e-01 -8.499999999999998668e-01 6.233973254076622394e-01
8.500000000000003109e-01 -7.499999999999997780e-01 5.439030804174632694e-01
8.500000000000003109e-01 -6.499999999999998002e-01 4.154544923428892256e-01
8.500000000000003109e-01 -5.499999999999998224e-01 3.078328049947168799e-01
8.500000000000003109e-01 -4.499999999999998446e-01 2.660886538282488667e-01
8.500000000000003109e-01 -3.499999999999997558e-01 3.078975040991032697e-01
8.500000000000003109e-01 -2.499999999999997780e-01 3.950274118554475411e-01
8.500000000000003109e-01 -1.499999999999998002e-01 5.790217176873976301e-01
8.500000000000003109e-01 -4.999999999999982236e-02 7.535254398621137328e-01
8.500000000000003109e-01 5.000000000000015543e-02 7.045900560252269518e-01
8.500000000000003109e-01 1.500000000000002442e-01 5.190404169698062953e-01
8.500000000000003109e-01 2.500000000000003331e-01 4.302300966539053806e-01
8.500000000000003109e-01 3.500000000000001998e-01 3.302166959058511209e-01
8.500000000000003109e-01 4.500000000000002887e-01 2.596831235726289044e-01
8.500000000000003109e-01 5.500000000000001554e-01 2.617361602003051013e-01
8.500000000000003109e-01 6.500000000000002442e-01 3.229125061553571596e-01
8.500000000000003109e-01 7.500000000000003331e-01 4.115692647492897316e-01
8.500000000000003109e-01 8.500000000000001998e-01 5.880678679631455852e-01
8.500000000000003109e-01 9.500000000000002887e-01 6.959699310877995870e-01
9.500000000000003997e-01 -9.499999999999998446e-01 4.568963174532481575e-01
9.500000000000003997e-01 -8.499999999999998668e-01 3.983178216532076710e-01
9.500000000000003997e-01 -7.499999999999997780e-01 3.324394415142350456e-01
9.500000000000003997e-01 -6.499999999999998002e-01 2.768407444837041043e-01
9.500000000000003997e-01 -5.499999999999998224e-01 2.703058719240949426e-01
9.500000000000003997e-01 -4.499999999999998446e-01 2.990422080333043353e-01
9.500000000000003997e-01 -3.499999999999997558e-01 4.504033214653637152e-01
9.500000000000003997e-01 -2.499999999999997780e-01 5.766686798223374932e-01
9.500000000000003997e-01 -1.499999999999998002e-01 7.304304555755010142e-01
9.500000000000003997e-01 -4.999999999999982236e-02 8.498959494169463502e-01
9.500000000000003997e-01 5.000000000000015543e-02 9.839380156973177582e-01
9.500000000000003997e-01 1.500000000000002442e-01 7.460368952935206854e-01
9.500000000000003997e-01 2.500000000000003331e-01 5.535749784407943963e-01
9.500000000000003997e-01 3.500000000000001998e-01 4.383297577212104668e-01
9.500000000000003997e-01 4.500000000000002887e-01 3.077671998813681919e-01
9.500000000000003997e-01 5.500000000000001554e-01 2.642788613918173879e-01
9.500000000000003997e-01 6.500000000000002442e-01 2.594582404589180213e-01
9.500000000000003997e-01 7.500000000000003331e-01 2.836789414456507008e-01
9.500000000000003997e-01 8.500000000000001998e-01 3.509423114782025399e-01
9.500000000000003997e-01 9.500000000000002887e-01 3.915874267948620258e-01
