-9.499999999999997335e-01 -9.499999999999998446e-01 2.174788943989250267e+00
-9.499999999999997335e-01 -8.499999999999998668e-01 1.707565846599932602e+00
-9.499999999999997335e-01 -7.499999999999997780e-01 1.549959484889062100e+00
-9.499999999999997335e-01 -6.499999999999998002e-01 1.498307156302398191e+00
-9.499999999999997335e-01 -5.499999999999998224e-01 1.339867552201529310e+00
-9.499999999999997335e-01 -4.499999999999998446e-01 1.493894554790267337e+00
-9.499999999999997335e-01 -3.499999999999997558e-01 1.933571642430247373e+00
-9.499999999999997335e-01 -2.499999999999997780e-01 2.178624329935305859e+00
-9.499999999999997335e-01 -1.499999999999998002e-01 2.390592123975365357e+00
-9.499999999999997335e-01 -4.999999999999982236e-02 2.594881735121727484e+00
-9.499999999999997335e-01 5.000000000000015543e-02 2.744609919279300758e+00
-9.499999999999997335e-01 1.500000000000002442e-01 2.343629690439884783e+00
-9.499999999999997335e-01 2.500000000000003331e-01 2.224533887501194851e+00
-9.499999999999997335e-01 3.500000000000001998e-01 1.891629808291471093e+00
-9.499999999999997335e-01 4.500000000000002887e-01 1.587454278134953878e+00
-9.499999999999997335e-01 5.500000000000001554e-01 1.476845476275465474e+00
-9.499999999999997335e-01 6.500000000000002442e-01 1.597197322392081009e+00
-9.499999999999997335e-01 7.500000000000003331e-01 1.678877424875960811e+00
-9.499999999999997335e-01 8.500000000000001998e-01 1.955602666644246534e+00
-9.499999999999997335e-01 9.500000000000002887e-01 2.374730506433821109e+00
-8.499999999999997558e-01 -9.499999999999998446e-01 2.745699418199634589e+00
-8.499999999999997558e-01 -8.499999999999998668e-01 2.547649278444072074e+00
-8.499999999999997558e-01 -7.499999999999997780e-01 1.974899973825424482e+00
-8.499999999999997558e-01 -6.499999999999998002e-01 1.691406323963557057e+00
-8.499999999999997558e-01 -5.499999999999998224e-01 1.478247499759484551e+00
-8.499999999999997558e-01 -4.499999999999998446e-01 1.489029561583053107e+00
-8.499999999999997558e-01 -3.499999999999997558e-01 1.609085263126461607e+00
-8.499999999999997558e-01 -2.499999999999997780e-01 2.004852403720695619e+00
-8.499999999999997558e-01 -1.499999999999998002e-01 2.268043586444414839e+00
-8.499999999999997558e-01 -4.999999999999982236e-02 2.519638829685832970e+00
-8.499999999999997558e-01 5.000000000000015543e-02 2.576194823621099417e+00
-8.499999999999997558e-01 1.500000000000002442e-01 2.059834787915787668e+00
-8.499999999999997558e-01 2.500000000000003331e-01 1.700386106969589362e+00
-8.499999999999997558e-01 3.500000000000001998e-01 1.648111665543132265e+00
-8.499999999999997558e-01 4.500000000000002887e-01 1.465642894953690600e+00
-8.499999999999997558e-01 5.500000000000001554e-01 1.517648578281917571e+00
-8.499999999999997558e-01 6.500000000000002442e-01 1.855013499162849300e+00
-8.499999999999997558e-01 7.500000000000003331e-01 2.220747608305730036e+00
-8.499999999999997558e-01 8.500000000000001998e-01 2.500727101949463460e+00
-8.499999999999997558e-01 9.500000000000002887e-01 2.745699418199634589e+00
-7.499999999999997780e-01 -9.499999999999998446e-01 2.667589766927194628e+00
-7.499999999999997780e-01 -8.499999999999998668e-01 2.269371399402363210e+00
-7.499999999999997780e-01 -7.499999999999997780e-01 2.211774141711712272e+00
-7.499999999999997780e-01 -6.499999999999998002e-01 2.005093945933338784e+00
-7.499999999999997780e-01 -5.499999999999998224e-01 1.642959469228271185e+00
-7.499999999999997780e-01 -4.499999999999998446e-01 1.546892927368298754e+00
-7.499999999999997780e-01 -3.499999999999997558e-01 1.662539518987397935e+00
-7.499999999999997780e-01 -2.499999999999997780e-01 1.757976849496846405e+00
-7.499999999999997780e-01 -1.499999999999998002e-01 1.715137764948329924e+00
-7.499999999999997780e-01 -4.999999999999982236e-02 2.083099612854548699e+00
-7.499999999999997780e-01 5.000000000000015543e-02 2.007892854920838133e+00
-7.499999999999997780e-01 1.500000000000002442e-01 1.709070237655101243e+00
-7.499999999999997780e-01 2.500000000000003331e-01 1.622001965948164814e+00
-7.499999999999997780e-01 3.500000000000001998e-01 1.658164206824869424e+00
-7.499999999999997780e-01 4.500000000000002887e-01 1.417720866489998954e+00
-7.499999999999997780e-01 5.500000000000001554e-01 1.462386740021201392e+00
-7.499999999999997780e-01 6.500000000000002442e-01 1.776028037712036767e+00
-7.499999999999997780e-01 7.500000000000003331e-01 2.199946564434915430e+00
-7.499999999999997780e-01 8.500000000000001998e-01 2.381710426984252393e+00
-7.499999999999997780e-01 9.500000000000002887e-01 2.650733074318762927e+00
-6.499999999999996891e-01 -9.499999999999998446e-01 3.671043735089861926e+00
-6.499999999999996891e-01 -8.499999999999998668e-01 2.649065417328271277e+00
-6.499999999999996891e-01 -7.499999999999997780e-01 2.325228036956590749e+00
-6.499999999999996891e-01 -6.499999999999998002e-01 1.925388400320720450e+00
-6.499999999999996891e-01 -5.499999999999998224e-01 1.543223049755864329e+00
-6.499999999999996891e-01 -4.499999999999998446e-01 1.587944617467449859e+00
-6.499999999999996891e-01 -3.499999999999997558e-01 1.765935902080983944e+00
-6.499999999999996891e-01 -2.499999999999997780e-01 1.819558252263485443e+00
-6.499999999999996891e-01 -1.499999999999998002e-01 1.683131543912830708e+00
-6.499999999999996891e-01 -4.999999999999982236e-02 2.006008355380730190e+00
-6.499999999999996891e-01 5.000000000000015543e-02 1.988355863358358899e+00
-6.499999999999996891e-01 1.500000000000002442e-01 1.551724443095727990e+00
-6.499999999999996891e-01 2.500000000000003331e-01 1.451185887490588522e+00
-6.499999999999996891e-01 3.500000000000001998e-01 1.541095051174831587e+00
-6.499999999999996891e-01 4.500000000000002887e-01 1.382515596744185116e+00
-6.499999999999996891e-01 5.500000000000001554e-01 1.348301862733868095e+00
-6.499999999999996891e-01 6.500000000000002442e-01 1.736773407359358146e+00
-6.499999999999996891e-01 7.500000000000003331e-01 2.444039535624475956e+00
-6.499999999999996891e-01 8.500000000000001998e-01 2.763012002877216045e+00
-6.499999999999996891e-01 9.500000000000002887e-01 3.426502295767915207e+00
-5.499999999999997113e-01 -9.499999999999998446e-01 4.213629813455656681e+00
-5.499999999999997113e-01 -8.499999999999998668e-01 3.276997203731966568e+00
-5.499999999999997113e-01 -7.499999999999997780e-01 2.531724662426969807e+00
-5.499999999999997113e-01 -6.499999999999998002e-01 2.114572451149510979e+00
-5.499999999999997113e-01 -5.499999999999998224e-01 1.514979593031555938e+00
-5.499999999999997113e-01 -4.499999999999998446e-01 1.438522684999647749e+00
-5.499999999999997113e-01 -3.499999999999997558e-01 1.788779931959921354e+00
-5.499999999999997113e-01 -2.499999999999997780e-01 1.845603604268619691e+00
-5.499999999999997113e-01 -1.499999999999998002e-01 1.738373031223299892e+00
-5.499999999999997113e-01 -4.999999999999982236e-02 1.944832100899581251e+00
-5.499999999999997113e-01 5.000000000000015543e-02 1.937226865041711266e+00
-5.499999999999997113e-01 1.500000000000002442e-01 1.494877788147621844e+00
-5.499999999999997113e-01 2.500000000000003331e-01 1.337618554302543394e+00
-5.499999999999997113e-01 3.500000000000001998e-01 1.385411340513591050e+00
-5.499999999999997113e-01 4.500000000000002887e-01 1.298408302190719121e+00
-5.499999999999997113e-01 5.500000000000001554e-01 1.434576469582735658e+00
-5.499999999999997113e-01 6.500000000000002442e-01 2.030866773172408379e+00
-5.499999999999997113e-01 7.500000000000003331e-01 2.520915387713373423e+00
-5.499999999999997113e-01 8.500000000000001998e-01 3.335689771651201507e+00
-5.499999999999997113e-01 9.500000000000002887e-01 4.221336235308221774e+00
-4.499999999999997335e-01 -9.499999999999998446e-01 3.347849921104794735e+00
-4.499999999999997335e-01 -8.499999999999998668e-01 2.616559754774621549e+00
-4.499999999999997335e-01 -7.499999999999997780e-01 2.162232272983177328e+00
-4.499999999999997335e-01 -6.499999999999998002e-01 1.819611733158590150e+00
-4.499999999999997335e-01 -5.499999999999998224e-01 1.487132831421688950e+00
-4.499999999999997335e-01 -4.499999999999998446e-01 1.592028687976123624e+00
-4.499999999999997335e-01 -3.499999999999997558e-01 1.829220941695443248e+00
-4.499999999999997335e-01 -2.499999999999997780e-01 1.745296989811271793e+00
-4.499999999999997335e-01 -1.499999999999998002e-01 1.724134641079107855e+00
-4.499999999999997335e-01 -4.999999999999982236e-02 2.090112474288677191e+00
-4.499999999999997335e-01 5.000000000000015543e-02 1.925912271110401530e+00
-4.499999999999997335e-01 1.500000000000002442e-01 1.703661962669710928e+00
-4.499999999999997335e-01 2.500000000000003331e-01 1.507956761423006053e+00
-4.499999999999997335e-01 3.500000000000001998e-01 1.377516572823101804e+00
-4.499999999999997335e-01 4.500000000000002887e-01 1.429800400248105952e+00
-4.499999999999997335e-01 5.500000000000001554e-01 1.341782818443998160e+00
-4.499999999999997335e-01 6.500000000000002442e-01 1.667120986062389454e+00
-4.499999999999997335e-01 7.500000000000003331e-01 2.171373788401124827e+00
-4.499999999999997335e-01 8.500000000000001998e-01 2.438047238311559006e+00
-4.499999999999997335e-01 9.500000000000002887e-01 2.929571693364329210e+00
-3.499999999999996447e-01 -9.499999999999998446e-01 2.920531034864777276e+00
-3.499999999999996447e-01 -8.499999999999998668e-01 2.459037101912825207e+00
-3.499999999999996447e-01 -7.499999999999997780e-01 1.954767288961563265e+00
-3.499999999999996447e-01 -6.499999999999998002e-01 1.558322023451355065e+00
-3.499999999999996447e-01 -5.499999999999998224e-01 1.492407910088876299e+00
-3.499999999999996447e-01 -4.499999999999998446e-01 1.476845476275465474e+00
-3.499999999999996447e-01 -3.499999999999997558e-01 1.597197322392081009e+00
-3.499999999999996447e-01 -2.499999999999997780e-01 1.678877424875960811e+00
-3.499999999999996447e-01 -1.499999999999998002e-01 1.955602666644246534e+00
-3.499999999999996447e-01 -4.999999999999982236e-02 2.374730506433821109e+00
-3.499999999999996447e-01 5.000000000000015543e-02 2.174788943989250267e+00
-3.499999999999996447e-01 1.500000000000002442e-01 1.707565846599932602e+00
-3.499999999999996447e-01 2.500000000000003331e-01 1.549959484889062100e+00
-3.499999999999996447e-01 3.500000000000001998e-01 1.498307156302398191e+00
-3.499999999999996447e-01 4.500000000000002887e-01 1.339867552201529310e+00
-3.499999999999996447e-01 5.500000000000001554e-01 1.315899507355784870e+00
-3.499999999999996447e-01 6.500000000000002442e-01 1.694130403180536648e+00
-3.499999999999996447e-01 7.500000000000003331e-01 2.053573026316738215e+00
-3.499999999999996447e-01 8.500000000000001998e-01 2.416801838976821326e+00
-3.499999999999996447e-01 9.500000000000002887e-01 2.745993969134072898e+00
-2.499999999999996669e-01 -9.499999999999998446e-01 2.576194823621099417e+00
-2.499999999999996669e-01 -8.499999999999998668e-01 2.059834787915787668e+00
-2.499999999999996669e-01 -7.499999999999997780e-01 1.692284368611991052e+00
-2.499999999999996669e-01 -6.499999999999998002e-01 1.778630312188794083e+00
-2.499999999999996669e-01 -5.499999999999998224e-01 1.582275292043283876e+00
-2.499999999999996669e-01 -4.499999999999998446e-01 1.370479178784971719e+00
-2.499999999999996669e-01 -3.499999999999997558e-01 1.747997327457390560e+00
-2.499999999999996669e-01 -2.499999999999997780e-01 2.070464904378892079e+00
-2.499999999999996669e-01 -1.499999999999998002e-01 2.457670350093885236e+00
-2.499999999999996669e-01 -4.999999999999982236e-02 2.712696311398306026e+00
-2.499999999999996669e-01 5.000000000000015543e-02 2.767347553925999737e+00
-2.499999999999996669e-01 1.500000000000002442e-01 2.324850875313038134e+00
-2.499999999999996669e-01 2.500000000000003331e-01 2.023630752053968695e+00
-2.499999999999996669e-01 3.500000000000001998e-01 1.681715756622560010e+00
-2.499999999999996669e-01 4.500000000000002887e-01 1.485927591143988868e+00
-2.499999999999996669e-01 5.500000000000001554e-01 1.539458705760159862e+00
-2.499999999999996669e-01 6.500000000000002442e-01 1.716881059389726571e+00
-2.499999999999996669e-01 7.500000000000003331e-01 2.011771747981829339e+00
-2.499999999999996669e-01 8.500000000000001998e-01 2.268043586444414839e+00
-2.499999999999996669e-01 9.500000000000002887e-01 2.519638829685832970e+00
-1.499999999999996891e-01 -9.499999999999998446e-01 2.007892854920838133e+00
-1.499999999999996891e-01 -8.499999999999998668e-01 1.709070237655101243e+00
-1.499999999999996891e-01 -7.499999999999997780e-01 1.622001965948164814e+00
-1.499999999999996891e-01 -6.499999999999998002e-01 1.513788373741784987e+00
-1.499999999999996891e-01 -5.499999999999998224e-01 1.378695777464650662e+00
-1.499999999999996891e-01 -4.499999999999998446e-01 1.547680134225145387e+00
-1.499999999999996891e-01 -3.499999999999997558e-01 1.979615698369882937e+00
-1.499999999999996891e-01 -2.499999999999997780e-01 2.293210249388435873e+00
-1.499999999999996891e-01 -1.499999999999998002e-01 2.484086208405666518e+00
-1.499999999999996891e-01 -4.999999999999982236e-02 2.983212148812841580e+00
-1.499999999999996891e-01 5.000000000000015543e-02 3.382654995780223217e+00
-1.499999999999996891e-01 1.500000000000002442e-01 2.692025841385650597e+00
-1.499999999999996891e-01 2.500000000000003331e-01 2.263660073323590982e+00
-1.499999999999996891e-01 3.500000000000001998e-01 2.109605632147479426e+00
-1.499999999999996891e-01 4.500000000000002887e-01 1.786625603707113097e+00
-1.499999999999996891e-01 5.500000000000001554e-01 1.548050741950295350e+00
-1.499999999999996891e-01 6.500000000000002442e-01 1.709692662040067201e+00
-1.499999999999996891e-01 7.500000000000003331e-01 1.757976849496846405e+00
-1.499999999999996891e-01 8.500000000000001998e-01 1.715137764948329924e+00
-1.499999999999996891e-01 9.500000000000002887e-01 2.083099612854548699e+00
-4.999999999999971134e-02 -9.499999999999998446e-01 1.926967650653496067e+00
-4.999999999999971134e-02 -8.499999999999998668e-01 1.530347795718066894e+00
-4.999999999999971134e-02 -7.499999999999997780e-01 1.382012558017709392e+00
-4.999999999999971134e-02 -6.499999999999998002e-01 1.445129154926045434e+00
-4.999999999999971134e-02 -5.499999999999998224e-01 1.382515596744185116e+00
-4.999999999999971134e-02 -4.499999999999998446e-01 1.348301862733868095e+00
-4.999999999999971134e-02 -3.499999999999997558e-01 1.736773407359358146e+00
-4.999999999999971134e-02 -2.499999999999997780e-01 2.444039535624475956e+00
-4.999999999999971134e-02 -1.499999999999998002e-01 2.763012002877216045e+00
-4.999999999999971134e-02 -4.999999999999982236e-02 3.426502295767915207e+00
-4.999999999999971134e-02 5.000000000000015543e-02 3.671043735089861926e+00
-4.999999999999971134e-02 1.500000000000002442e-01 2.649065417328271277e+00
-4.999999999999971134e-02 2.500000000000003331e-01 2.325228036956590749e+00
-4.999999999999971134e-02 3.500000000000001998e-01 1.925388400320720450e+00
-4.999999999999971134e-02 4.500000000000002887e-01 1.543223049755864329e+00
-4.999999999999971134e-02 5.500000000000001554e-01 1.587944617467449859e+00
-4.999999999999971134e-02 6.500000000000002442e-01 1.804424081504968136e+00
-4.999999999999971134e-02 7.500000000000003331e-01 1.842408797714490953e+00
-4.999999999999971134e-02 8.500000000000001998e-01 1.733118900619409430e+00
-4.999999999999971134e-02 9.500000000000002887e-01 1.966145054885879428e+00
5.000000000000026645e-02 -9.499999999999998446e-01 1.937226865041711266e+00
5.000000000000026645e-02 -8.499999999999998668e-01 1.494877788147621844e+00
5.000000000000026645e-02 -7.499999999999997780e-01 1.337618554302543394e+00
5.000000000000026645e-02 -6.499999999999998002e-01 1.385411340513591050e+00
5.000000000000026645e-02 -5.499999999999998224e-01 1.315889795249473693e+00
5.000000000000026645e-02 -4.499999999999998446e-01 1.330953700949099261e+00
5.000000000000026645e-02 -3.499999999999997558e-01 1.715425265699126678e+00
5.000000000000026645e-02 -2.499999999999997780e-01 2.432954268897182803e+00
5.000000000000026645e-02 -1.499999999999998002e-01 2.768395125899492104e+00
5.000000000000026645e-02 -4.999999999999982236e-02 3.386409307780729794e+00
5.000000000000026645e-02 5.000000000000015543e-02 3.617563512364354139e+00
5.000000000000026645e-02 1.500000000000002442e-01 2.812205268364390331e+00
5.000000000000026645e-02 2.500000000000003331e-01 2.338018765776986196e+00
5.000000000000026645e-02 3.500000000000001998e-01 1.747381301229679940e+00
5.000000000000026645e-02 4.500000000000002887e-01 1.452357483357080703e+00
5.000000000000026645e-02 5.500000000000001554e-01 1.571335192845394690e+00
5.000000000000026645e-02 6.500000000000002442e-01 1.788779931959921354e+00
5.000000000000026645e-02 7.500000000000003331e-01 1.845603604268619691e+00
5.000000000000026645e-02 8.500000000000001998e-01 1.738373031223299892e+00
5.000000000000026645e-02 9.500000000000002887e-01 1.944832100899581251e+00
1.500000000000003553e-01 -9.499999999999998446e-01 1.925912271110401530e+00
1.500000000000003553e-01 -8.499999999999998668e-01 1.703661962669710928e+00
1.500000000000003553e-01 -7.499999999999997780e-01 1.512624622923613993e+00
1.500000000000003553e-01 -6.499999999999998002e-01 1.348261517459165448e+00
1.500000000000003553e-01 -5.499999999999998224e-01 1.308639284593675622e+00
1.500000000000003553e-01 -4.499999999999998446e-01 1.469976859249760182e+00
1.500000000000003553e-01 -3.499999999999997558e-01 1.918069744723500669e+00
1.500000000000003553e-01 -2.499999999999997780e-01 2.280119599786367246e+00
1.500000000000003553e-01 -1.499999999999998002e-01 2.453160228565971934e+00
1.500000000000003553e-01 -4.999999999999982236e-02 2.929571693364329210e+00
1.500000000000003553e-01 5.000000000000015543e-02 3.347849921104794735e+00
1.500000000000003553e-01 1.500000000000002442e-01 2.663169235286809489e+00
1.500000000000003553e-01 2.500000000000003331e-01 2.281111864439219872e+00
1.500000000000003553e-01 3.500000000000001998e-01 2.101002725326297504e+00
1.500000000000003553e-01 4.500000000000002887e-01 1.673169831381695172e+00
1.500000000000003553e-01 5.500000000000001554e-01 1.489935406551175845e+00
1.500000000000003553e-01 6.500000000000002442e-01 1.673025944285211120e+00
1.500000000000003553e-01 7.500000000000003331e-01 1.714273212949108505e+00
1.500000000000003553e-01 8.500000000000001998e-01 1.724134641079107855e+00
1.500000000000003553e-01 9.500000000000002887e-01 2.090112474288677191e+00
2.500000000000004441e-01 -9.499999999999998446e-01 2.519831602873647824e+00
2.500000000000004441e-01 -8.499999999999998668e-01 2.061209963245321575e+00
2.500000000000004441e-01 -7.499999999999997780e-01 1.701626476842538871e+00
2.500000000000004441e-01 -6.499999999999998002e-01 1.561745509983013092e+00
2.500000000000004441e-01 -5.499999999999998224e-01 1.529002466147447947e+00
2.500000000000004441e-01 -4.499999999999998446e-01 1.315899507355784870e+00
2.500000000000004441e-01 -3.499999999999997558e-01 1.694130403180536648e+00
2.500000000000004441e-01 -2.499999999999997780e-01 2.053573026316738215e+00
2.500000000000004441e-01 -1.499999999999998002e-01 2.416801838976821326e+00
2.500000000000004441e-01 -4.999999999999982236e-02 2.745993969134072898e+00
2.500000000000004441e-01 5.000000000000015543e-02 2.920531034864777276e+00
2.500000000000004441e-01 1.500000000000002442e-01 2.459037101912825207e+00
2.500000000000004441e-01 2.500000000000003331e-01 1.954767288961563265e+00
2.500000000000004441e-01 3.500000000000001998e-01 1.558322023451355065e+00
2.500000000000004441e-01 4.500000000000002887e-01 1.492407910088876299e+00
2.500000000000004441e-01 5.500000000000001554e-01 1.543947441038905355e+00
2.500000000000004441e-01 6.500000000000002442e-01 1.723756806600356351e+00
2.500000000000004441e-01 7.500000000000003331e-01 2.019623853380415390e+00
2.500000000000004441e-01 8.500000000000001998e-01 2.272052491959889231e+00
2.500000000000004441e-01 9.500000000000002887e-01 2.512139754215267917e+00
3.500000000000003109e-01 -9.499999999999998446e-01 2.767347553925999737e+00
3.500000000000003109e-01 -8.499999999999998668e-01 2.324850875313038134e+00
3.500000000000003109e-01 -7.499999999999997780e-01 2.023630752053968695e+00
3.500000000000003109e-01 -6.499999999999998002e-01 1.681715756622560010e+00
3.500000000000003109e-01 -5.499999999999998224e-01 1.485927591143988868e+00
3.500000000000003109e-01 -4.499999999999998446e-01 1.487581606651680710e+00
3.500000000000003109e-01 -3.499999999999997558e-01 1.605227992285090499e+00
3.500000000000003109e-01 -2.499999999999997780e-01 1.677188957302560457e+00
3.500000000000003109e-01 -1.499999999999998002e-01 1.904837498333360024e+00
3.500000000000003109e-01 -4.999999999999982236e-02 2.416882007783870634e+00
3.500000000000003109e-01 5.000000000000015543e-02 2.351263547769329776e+00
3.500000000000003109e-01 1.500000000000002442e-01 1.599108049350584704e+00
3.500000000000003109e-01 2.500000000000003331e-01 1.710668885644652137e+00
3.500000000000003109e-01 3.500000000000001998e-01 1.668366219321856025e+00
3.500000000000003109e-01 4.500000000000002887e-01 1.408536866382621877e+00
3.500000000000003109e-01 5.500000000000001554e-01 1.370479178784971719e+00
3.500000000000003109e-01 6.500000000000002442e-01 1.747997327457390560e+00
3.500000000000003109e-01 7.500000000000003331e-01 2.070464904378892079e+00
3.500000000000003109e-01 8.500000000000001998e-01 2.457670350093885236e+00
3.500000000000003109e-01 9.500000000000002887e-01 2.712696311398306026e+00
4.500000000000003997e-01 -9.499999999999998446e-01 3.382654995780223217e+00
4.500000000000003997e-01 -8.499999999999998668e-01 2.635909167743511805e+00
4.500000000000003997e-01 -7.499999999999997780e-01 2.172636665627912578e+00
4.500000000000003997e-01 -6.499999999999998002e-01 1.909124171187377872e+00
4.500000000000003997e-01 -5.499999999999998224e-01 1.543843203239242623e+00
4.500000000000003997e-01 -4.499999999999998446e-01 1.633580488364047456e+00
4.500000000000003997e-01 -3.499999999999997558e-01 1.875903076694806160e+00
4.500000000000003997e-01 -2.499999999999997780e-01 1.771191495527351334e+00
4.500000000000003997e-01 -1.499999999999998002e-01 1.715137764948329924e+00
4.500000000000003997e-01 -4.999999999999982236e-02 2.083099612854548699e+00
4.500000000000003997e-01 5.000000000000015543e-02 2.007892854920838133e+00
4.500000000000003997e-01 1.500000000000002442e-01 1.709070237655101243e+00
4.500000000000003997e-01 2.500000000000003331e-01 1.607029084892858561e+00
4.500000000000003997e-01 3.500000000000001998e-01 1.551387764906742461e+00
4.500000000000003997e-01 4.500000000000002887e-01 1.496410307444805632e+00
4.500000000000003997e-01 5.500000000000001554e-01 1.396672413446237826e+00
4.500000000000003997e-01 6.500000000000002442e-01 1.729969534857240143e+00
4.500000000000003997e-01 7.500000000000003331e-01 2.213163767918493008e+00
4.500000000000003997e-01 8.500000000000001998e-01 2.458287119543756560e+00
4.500000000000003997e-01 9.500000000000002887e-01 2.983212148812841580e+00
5.500000000000002665e-01 -9.499999999999998446e-01 4.213629813455656681e+00
5.500000000000002665e-01 -8.499999999999998668e-01 3.276609006756779241e+00
5.500000000000002665e-01 -7.499999999999997780e-01 2.431662069736329368e+00
5.500000000000002665e-01 -6.499999999999998002e-01 2.186267053397555671e+00
5.500000000000002665e-01 -5.499999999999998224e-01 1.614524424063481511e+00
5.500000000000002665e-01 -4.499999999999998446e-01 1.439819402628256473e+00
5.500000000000002665e-01 -3.499999999999997558e-01 1.804424081504968136e+00
5.500000000000002665e-01 -2.499999999999997780e-01 1.842408797714490953e+00
5.500000000000002665e-01 -1.499999999999998002e-01 1.733118900619409430e+00
5.500000000000002665e-01 -4.999999999999982236e-02 1.966145054885879428e+00
5.500000000000002665e-01 5.000000000000015543e-02 1.926967650653496067e+00
5.500000000000002665e-01 1.500000000000002442e-01 1.530347795718066894e+00
5.500000000000002665e-01 2.500000000000003331e-01 1.382012558017709392e+00
5.500000000000002665e-01 3.500000000000001998e-01 1.445129154926045434e+00
5.500000000000002665e-01 4.500000000000002887e-01 1.295626329393217313e+00
5.500000000000002665e-01 5.500000000000001554e-01 1.449748902741239576e+00
5.500000000000002665e-01 6.500000000000002442e-01 2.038460136817564106e+00
5.500000000000002665e-01 7.500000000000003331e-01 2.525589709575850161e+00
5.500000000000002665e-01 8.500000000000001998e-01 3.328434628430861686e+00
5.500000000000002665e-01 9.500000000000002887e-01 4.221336235308221774e+00
6.500000000000003553e-01 -9.499999999999998446e-01 3.617563512364354139e+00
6.500000000000003553e-01 -8.499999999999998668e-01 2.812205268364390331e+00
6.500000000000003553e-01 -7.499999999999997780e-01 2.338018765776986196e+00
6.500000000000003553e-01 -6.499999999999998002e-01 1.747381301229679940e+00
6.500000000000003553e-01 -5.499999999999998224e-01 1.452357483357080703e+00
6.500000000000003553e-01 -4.499999999999998446e-01 1.571335192845394690e+00
6.500000000000003553e-01 -3.499999999999997558e-01 1.751684773043262533e+00
6.500000000000003553e-01 -2.499999999999997780e-01 1.790257982772397449e+00
6.500000000000003553e-01 -1.499999999999998002e-01 1.709826763600915678e+00
6.500000000000003553e-01 -4.999999999999982236e-02 1.906237746846740633e+00
6.500000000000003553e-01 5.000000000000015543e-02 1.858832888471384948e+00
6.500000000000003553e-01 1.500000000000002442e-01 1.533308810061828842e+00
6.500000000000003553e-01 2.500000000000003331e-01 1.289364959209158945e+00
6.500000000000003553e-01 3.500000000000001998e-01 1.414362440296787815e+00
6.500000000000003553e-01 4.500000000000002887e-01 1.315889795249473693e+00
6.500000000000003553e-01 5.500000000000001554e-01 1.330953700949099261e+00
6.500000000000003553e-01 6.500000000000002442e-01 1.715425265699126678e+00
6.500000000000003553e-01 7.500000000000003331e-01 2.432954268897182803e+00
6.500000000000003553e-01 8.500000000000001998e-01 2.768395125899492104e+00
6.500000000000003553e-01 9.500000000000002887e-01 3.386409307780729794e+00
7.500000000000004441e-01 -9.499999999999998446e-01 2.744609919279300758e+00
7.500000000000004441e-01 -8.499999999999998668e-01 2.343629690439884783e+00
7.500000000000004441e-01 -7.499999999999997780e-01 2.224533887501194851e+00
7.500000000000004441e-01 -6.499999999999998002e-01 1.846208038808908825e+00
7.500000000000004441e-01 -5.499999999999998224e-01 1.534858272210891439e+00
7.500000000000004441e-01 -4.499999999999998446e-01 1.524357875945548058e+00
7.500000000000004441e-01 -3.499999999999997558e-01 1.635326956791123498e+00
7.500000000000004441e-01 -2.499999999999997780e-01 1.714273212949108505e+00
7.500000000000004441e-01 -1.499999999999998002e-01 1.724134641079107855e+00
7.500000000000004441e-01 -4.999999999999982236e-02 2.090112474288677191e+00
7.500000000000004441e-01 5.000000000000015543e-02 1.925912271110401530e+00
7.500000000000004441e-01 1.500000000000002442e-01 1.703661962669710928e+00
7.500000000000004441e-01 2.500000000000003331e-01 1.512624622923613993e+00
7.500000000000004441e-01 3.500000000000001998e-01 1.462861236042562130e+00
7.500000000000004441e-01 4.500000000000002887e-01 1.278468963288119653e+00
7.500000000000004441e-01 5.500000000000001554e-01 1.398113135394768003e+00
7.500000000000004441e-01 6.500000000000002442e-01 1.686342495675973163e+00
7.500000000000004441e-01 7.500000000000003331e-01 2.178624329935305859e+00
7.500000000000004441e-01 8.500000000000001998e-01 2.390592123975365357e+00
7.500000000000004441e-01 9.500000000000002887e-01 2.594881735121727484e+00
8.500000000000003109e-01 -9.499999999999998446e-01 2.863715962846631768e+00
8.500000000000003109e-01 -8.499999999999998668e-01 2.614101192695855502e+00
8.500000000000003109e-01 -7.499999999999997780e-01 2.032393884541919160e+00
8.500000000000003109e-01 -6.499999999999998002e-01 1.634331766434978128e+00
8.500000000000003109e-01 -5.499999999999998224e-01 1.489788944583867680e+00
8.500000000000003109e-01 -4.499999999999998446e-01 1.512374089499208818e+00
8.500000000000003109e-01 -3.499999999999997558e-01 1.631253594949158447e+00
8.500000000000003109e-01 -2.499999999999997780e-01 2.012161054104514513e+00
8.500000000000003109e-01 -1.499999999999998002e-01 2.272052491959889231e+00
8.500000000000003109e-01 -4.999999999999982236e-02 2.512139754215267917e+00
8.500000000000003109e-01 5.000000000000015543e-02 2.519831602873647824e+00
8.500000000000003109e-01 1.500000000000002442e-01 2.061209963245321575e+00
8.500000000000003109e-01 2.500000000000003331e-01 1.634301247924885736e+00
8.500000000000003109e-01 3.500000000000001998e-01 1.584816705402070092e+00
8.500000000000003109e-01 4.500000000000002887e-01 1.426947989281061036e+00
8.500000000000003109e-01 5.500000000000001554e-01 1.477696255095782396e+00
8.500000000000003109e-01 6.500000000000002442e-01 1.833462248957751006e+00
8.500000000000003109e-01 7.500000000000003331e-01 2.215245702612404610e+00
8.500000000000003109e-01 8.500000000000001998e-01 2.475471135707520975e+00
8.500000000000003109e-01 9.500000000000002887e-01 2.863715962846631768e+00
9.500000000000003997e-01 -9.499999999999998446e-01 2.351263547769329776e+00
9.500000000000003997e-01 -8.499999999999998668e-01 1.599108049350584704e+00
9.500000000000003997e-01 -7.499999999999997780e-01 1.710668885644652137e+00
9.500000000000003997e-01 -6.499999999999998002e-01 1.668366219321856025e+00
9.500000000000003997e-01 -5.499999999999998224e-01 1.408536866382621877e+00
9.500000000000003997e-01 -4.499999999999998446e-01 1.570004779181289223e+00
9.500000000000003997e-01 -3.499999999999997558e-01 1.985669423988731586e+00
9.500000000000003997e-01 -2.499999999999997780e-01 2.199946564434915430e+00
9.500000000000003997e-01 -1.499999999999998002e-01 2.381710426984252393e+00
9.500000000000003997e-01 -4.999999999999982236e-02 2.650733074318762927e+00
9.500000000000003997e-01 5.000000000000015543e-02 2.667589766927194628e+00
9.500000000000003997e-01 1.500000000000002442e-01 2.269371399402363210e+00
9.500000000000003997e-01 2.500000000000003331e-01 2.211774141711712272e+00
9.500000000000003997e-01 3.500000000000001998e-01 2.015264782686642775e+00
9.500000000000003997e-01 4.500000000000002887e-01 1.739099045733758730e+00
9.500000000000003997e-01 5.500000000000001554e-01 1.487581606651680710e+00
9.500000000000003997e-01 6.500000000000002442e-01 1.605227992285090499e+00
9.500000000000003997e-01 7.500000000000003331e-01 1.677188957302560457e+00
9.500000000000003997e-01 8.500000000000001998e-01 1.904837498333360024e+00
9.500000000000003997e-01 9.500000000000002887e-01 2.416882007783870634e+00
