-9.499999999999997335e-01 -9.499999999999998446e-01 1.232069022124757884e+00
-9.499999999999997335e-01 -8.499999999999998668e-01 1.494858893588203674e+00
-9.499999999999997335e-01 -7.499999999999997780e-01 1.615171577152510363e+00
-9.499999999999997335e-01 -6.499999999999998002e-01 1.252618139503147709e+00
-9.499999999999997335e-01 -5.499999999999998224e-01 1.204642553354117629e+00
-9.499999999999997335e-01 -4.499999999999998446e-01 1.359994159525257373e+00
-9.499999999999997335e-01 -3.499999999999997558e-01 1.394465881588092815e+00
-9.499999999999997335e-01 -2.499999999999997780e-01 1.199883330947589810e+00
-9.499999999999997335e-01 -1.499999999999998002e-01 1.118265170740146974e+00
-9.499999999999997335e-01 -4.999999999999982236e-02 1.350353143474485096e+00
-9.499999999999997335e-01 5.000000000000015543e-02 1.493441739460622530e+00
-9.499999999999997335e-01 1.500000000000002442e-01 1.267617941918600444e+00
-9.499999999999997335e-01 2.500000000000003331e-01 1.346205183382632287e+00
-9.499999999999997335e-01 3.500000000000001998e-01 1.421073763212257868e+00
-9.499999999999997335e-01 4.500000000000002887e-01 1.342651096715006043e+00
-9.499999999999997335e-01 5.500000000000001554e-01 1.243971779601371841e+00
-9.499999999999997335e-01 6.500000000000002442e-01 1.225330865439185679e+00
-9.499999999999997335e-01 7.500000000000003331e-01 1.610915842388801034e+00
-9.499999999999997335e-01 8.500000000000001998e-01 1.784051192615371484e+00
-9.499999999999997335e-01 9.500000000000002887e-01 1.423713312729886438e+00
-8.499999999999997558e-01 -9.499999999999998446e-01 1.234048301850025009e+00
-8.499999999999997558e-01 -8.499999999999998668e-01 1.361296172808439398e+00
-8.499999999999997558e-01 -7.499999999999997780e-01 1.564394099207902400e+00
-8.499999999999997558e-01 -6.499999999999998002e-01 1.525666083403541595e+00
-8.499999999999997558e-01 -5.499999999999998224e-01 1.110189202182758406e+00
-8.499999999999997558e-01 -4.499999999999998446e-01 1.144638599680148694e+00
-8.499999999999997558e-01 -3.499999999999997558e-01 1.382986006972346527e+00
-8.499999999999997558e-01 -2.499999999999997780e-01 1.333818049085537583e+00
-8.499999999999997558e-01 -1.499999999999998002e-01 1.326194500509041641e+00
-8.499999999999997558e-01 -4.999999999999982236e-02 1.319037213418159826e+00
-8.499999999999997558e-01 5.000000000000015543e-02 1.297613265033544350e+00
-8.499999999999997558e-01 1.500000000000002442e-01 1.387478505083258318e+00
-8.499999999999997558e-01 2.500000000000003331e-01 1.623898544356680462e+00
-8.499999999999997558e-01 3.500000000000001998e-01 1.446526821398662177e+00
-8.499999999999997558e-01 4.500000000000002887e-01 1.246216846248052512e+00
-8.499999999999997558e-01 5.500000000000001554e-01 1.250844373968697187e+00
-8.499999999999997558e-01 6.500000000000002442e-01 1.319084579457055151e+00
-8.499999999999997558e-01 7.500000000000003331e-01 1.476415681734344565e+00
-8.499999999999997558e-01 8.500000000000001998e-01 1.496731323606031783e+00
-8.499999999999997558e-01 9.500000000000002887e-01 1.234048301850025009e+00
-7.499999999999997780e-01 -9.499999999999998446e-01 1.408066465677868750e+00
-7.499999999999997780e-01 -8.499999999999998668e-01 1.439898017081650217e+00
-7.499999999999997780e-01 -7.499999999999997780e-01 1.430055793907598627e+00
-7.499999999999997780e-01 -6.499999999999998002e-01 1.598064509907479280e+00
-7.499999999999997780e-01 -5.499999999999998224e-01 1.410040511474147662e+00
-7.499999999999997780e-01 -4.499999999999998446e-01 1.198258641207417874e+00
-7.499999999999997780e-01 -3.499999999999997558e-01 1.438446318693269221e+00
-7.499999999999997780e-01 -2.499999999999997780e-01 1.387709791266330983e+00
-7.499999999999997780e-01 -1.499999999999998002e-01 1.570747796346232628e+00
-7.499999999999997780e-01 -4.999999999999982236e-02 1.478518463073370315e+00
-7.499999999999997780e-01 5.000000000000015543e-02 1.433754590153380137e+00
-7.499999999999997780e-01 1.500000000000002442e-01 1.579393994207577201e+00
-7.499999999999997780e-01 2.500000000000003331e-01 1.616419806654006086e+00
-7.499999999999997780e-01 3.500000000000001998e-01 1.648531112147305411e+00
-7.499999999999997780e-01 4.500000000000002887e-01 1.344658963842178201e+00
-7.499999999999997780e-01 5.500000000000001554e-01 1.237145365673972597e+00
-7.499999999999997780e-01 6.500000000000002442e-01 1.134086500578241674e+00
-7.499999999999997780e-01 7.500000000000003331e-01 1.279087205864435361e+00
-7.499999999999997780e-01 8.500000000000001998e-01 1.328234037076650331e+00
-7.499999999999997780e-01 9.500000000000002887e-01 1.369864234149662519e+00
-6.499999999999996891e-01 -9.499999999999998446e-01 1.872426254208516161e+00
-6.499999999999996891e-01 -8.499999999999998668e-01 1.300258248445822939e+00
-6.499999999999996891e-01 -7.499999999999997780e-01 1.060814651263048303e+00
-6.499999999999996891e-01 -6.499999999999998002e-01 1.203463541873046161e+00
-6.499999999999996891e-01 -5.499999999999998224e-01 1.396704194650120412e+00
-6.499999999999996891e-01 -4.499999999999998446e-01 1.502480937512288728e+00
-6.499999999999996891e-01 -3.499999999999997558e-01 1.462052970887919523e+00
-6.499999999999996891e-01 -2.499999999999997780e-01 1.475977949015820023e+00
-6.499999999999996891e-01 -1.499999999999998002e-01 1.668490591000297618e+00
-6.499999999999996891e-01 -4.999999999999982236e-02 1.492952008939881337e+00
-6.499999999999996891e-01 5.000000000000015543e-02 1.417211461989569488e+00
-6.499999999999996891e-01 1.500000000000002442e-01 1.727803932914906637e+00
-6.499999999999996891e-01 2.500000000000003331e-01 1.646371933746464178e+00
-6.499999999999996891e-01 3.500000000000001998e-01 1.455376317343700210e+00
-6.499999999999996891e-01 4.500000000000002887e-01 1.297353607328533665e+00
-6.499999999999996891e-01 5.500000000000001554e-01 1.263435921343141422e+00
-6.499999999999996891e-01 6.500000000000002442e-01 1.118228800444319493e+00
-6.499999999999996891e-01 7.500000000000003331e-01 1.127772000153473897e+00
-6.499999999999996891e-01 8.500000000000001998e-01 1.379456311605065100e+00
-6.499999999999996891e-01 9.500000000000002887e-01 1.767026795306313236e+00
-5.499999999999997113e-01 -9.499999999999998446e-01 2.802564574187051516e+00
-5.499999999999997113e-01 -8.499999999999998668e-01 1.891344285192805064e+00
-5.499999999999997113e-01 -7.499999999999997780e-01 1.085295841010176066e+00
-5.499999999999997113e-01 -6.499999999999998002e-01 1.111212043040036512e+00
-5.499999999999997113e-01 -5.499999999999998224e-01 1.384633505721617919e+00
-5.499999999999997113e-01 -4.499999999999998446e-01 1.366844228040064779e+00
-5.499999999999997113e-01 -3.499999999999997558e-01 1.159962400476703515e+00
-5.499999999999997113e-01 -2.499999999999997780e-01 1.235832778705395985e+00
-5.499999999999997113e-01 -1.499999999999998002e-01 1.369678388741534247e+00
-5.499999999999997113e-01 -4.999999999999982236e-02 1.256142022122214152e+00
-5.499999999999997113e-01 5.000000000000015543e-02 1.168589150004070154e+00
-5.499999999999997113e-01 1.500000000000002442e-01 1.708514132258174500e+00
-5.499999999999997113e-01 2.500000000000003331e-01 1.563380427584235788e+00
-5.499999999999997113e-01 3.500000000000001998e-01 1.225145529016527401e+00
-5.499999999999997113e-01 4.500000000000002887e-01 1.422575169957357222e+00
-5.499999999999997113e-01 5.500000000000001554e-01 1.393653956067935518e+00
-5.499999999999997113e-01 6.500000000000002442e-01 1.142574894155629073e+00
-5.499999999999997113e-01 7.500000000000003331e-01 1.126216636803805793e+00
-5.499999999999997113e-01 8.500000000000001998e-01 1.820470100719510320e+00
-5.499999999999997113e-01 9.500000000000002887e-01 2.654552682522744345e+00
-4.499999999999997335e-01 -9.499999999999998446e-01 2.244511557310419736e+00
-4.499999999999997335e-01 -8.499999999999998668e-01 1.617124555948090014e+00
-4.499999999999997335e-01 -7.499999999999997780e-01 1.146893727496890669e+00
-4.499999999999997335e-01 -6.499999999999998002e-01 1.274968346147666853e+00
-4.499999999999997335e-01 -5.499999999999998224e-01 1.240712388057171989e+00
-4.499999999999997335e-01 -4.499999999999998446e-01 1.270255292064495389e+00
-4.499999999999997335e-01 -3.499999999999997558e-01 1.258167385901741708e+00
-4.499999999999997335e-01 -2.499999999999997780e-01 1.572348127040065657e+00
-4.499999999999997335e-01 -1.499999999999998002e-01 1.725821392039399882e+00
-4.499999999999997335e-01 -4.999999999999982236e-02 1.457084499995932036e+00
-4.499999999999997335e-01 5.000000000000015543e-02 1.305194717817394157e+00
-4.499999999999997335e-01 1.500000000000002442e-01 1.508689372412322038e+00
-4.499999999999997335e-01 2.500000000000003331e-01 1.413815338569980096e+00
-4.499999999999997335e-01 3.500000000000001998e-01 1.377592015726858188e+00
-4.499999999999997335e-01 4.500000000000002887e-01 1.438125581039346956e+00
-4.499999999999997335e-01 5.500000000000001554e-01 1.381614493945356736e+00
-4.499999999999997335e-01 6.500000000000002442e-01 1.237484441567708648e+00
-4.499999999999997335e-01 7.500000000000003331e-01 1.167467212443533020e+00
-4.499999999999997335e-01 8.500000000000001998e-01 1.065623439043668519e+00
-4.499999999999997335e-01 9.500000000000002887e-01 1.506624587432049189e+00
-3.499999999999996447e-01 -9.499999999999998446e-01 1.427427739769341786e+00
-3.499999999999996447e-01 -8.499999999999998668e-01 1.385383038268099165e+00
-3.499999999999996447e-01 -7.499999999999997780e-01 1.543651772137356160e+00
-3.499999999999996447e-01 -6.499999999999998002e-01 1.368069287444148241e+00
-3.499999999999996447e-01 -5.499999999999998224e-01 1.288879950999815893e+00
-3.499999999999996447e-01 -4.499999999999998446e-01 1.243971779601371841e+00
-3.499999999999996447e-01 -3.499999999999997558e-01 1.225330865439185679e+00
-3.499999999999996447e-01 -2.499999999999997780e-01 1.610915842388801034e+00
-3.499999999999996447e-01 -1.499999999999998002e-01 1.784051192615371484e+00
-3.499999999999996447e-01 -4.999999999999982236e-02 1.423713312729886438e+00
-3.499999999999996447e-01 5.000000000000015543e-02 1.232069022124757884e+00
-3.499999999999996447e-01 1.500000000000002442e-01 1.494858893588203674e+00
-3.499999999999996447e-01 2.500000000000003331e-01 1.615171577152510363e+00
-3.499999999999996447e-01 3.500000000000001998e-01 1.252618139503147709e+00
-3.499999999999996447e-01 4.500000000000002887e-01 1.204642553354117629e+00
-3.499999999999996447e-01 5.500000000000001554e-01 1.233635929682784127e+00
-3.499999999999996447e-01 6.500000000000002442e-01 1.390837365453225560e+00
-3.499999999999996447e-01 7.500000000000003331e-01 1.381361046570165785e+00
-3.499999999999996447e-01 8.500000000000001998e-01 1.298074844058093369e+00
-3.499999999999996447e-01 9.500000000000002887e-01 1.384870526367583121e+00
-2.499999999999996669e-01 -9.499999999999998446e-01 1.297613265033544350e+00
-2.499999999999996669e-01 -8.499999999999998668e-01 1.387478505083258318e+00
-2.499999999999996669e-01 -7.499999999999997780e-01 1.641306830361452862e+00
-2.499999999999996669e-01 -6.499999999999998002e-01 1.659128285808432413e+00
-2.499999999999996669e-01 -5.499999999999998224e-01 1.274294726708175007e+00
-2.499999999999996669e-01 -4.499999999999998446e-01 1.234284334391227311e+00
-2.499999999999996669e-01 -3.499999999999997558e-01 1.201592919339330434e+00
-2.499999999999996669e-01 -2.499999999999997780e-01 1.282570563299493704e+00
-2.499999999999996669e-01 -1.499999999999998002e-01 1.481616468194684400e+00
-2.499999999999996669e-01 -4.999999999999982236e-02 1.350480617832170660e+00
-2.499999999999996669e-01 5.000000000000015543e-02 1.292008757964485888e+00
-2.499999999999996669e-01 1.500000000000002442e-01 1.386044155859923910e+00
-2.499999999999996669e-01 2.500000000000003331e-01 1.667729335592039730e+00
-2.499999999999996669e-01 3.500000000000001998e-01 1.452680948984808484e+00
-2.499999999999996669e-01 4.500000000000002887e-01 1.062096413386129479e+00
-2.499999999999996669e-01 5.500000000000001554e-01 1.225295328234823566e+00
-2.499999999999996669e-01 6.500000000000002442e-01 1.473473061276222573e+00
-2.499999999999996669e-01 7.500000000000003331e-01 1.580379692075341680e+00
-2.499999999999996669e-01 8.500000000000001998e-01 1.326194500509041641e+00
-2.499999999999996669e-01 9.500000000000002887e-01 1.319037213418159826e+00
-1.499999999999996891e-01 -9.499999999999998446e-01 1.433754590153380137e+00
-1.499999999999996891e-01 -8.499999999999998668e-01 1.579393994207577201e+00
-1.499999999999996891e-01 -7.499999999999997780e-01 1.616419806654006086e+00
-1.499999999999996891e-01 -6.499999999999998002e-01 1.476699521664934567e+00
-1.499999999999996891e-01 -5.499999999999998224e-01 1.322970776128046255e+00
-1.499999999999996891e-01 -4.499999999999998446e-01 1.259487962952931861e+00
-1.499999999999996891e-01 -3.499999999999997558e-01 1.218181925593722292e+00
-1.499999999999996891e-01 -2.499999999999997780e-01 1.183523635443607613e+00
-1.499999999999996891e-01 -1.499999999999998002e-01 1.270636141826661181e+00
-1.499999999999996891e-01 -4.999999999999982236e-02 1.583998692213221426e+00
-1.499999999999996891e-01 5.000000000000015543e-02 1.798440699925045072e+00
-1.499999999999996891e-01 1.500000000000002442e-01 1.590392476453686088e+00
-1.499999999999996891e-01 2.500000000000003331e-01 1.335694540792045526e+00
-1.499999999999996891e-01 3.500000000000001998e-01 1.325017609263473339e+00
-1.499999999999996891e-01 4.500000000000002887e-01 1.605311545674781293e+00
-1.499999999999996891e-01 5.500000000000001554e-01 1.452657091312094639e+00
-1.499999999999996891e-01 6.500000000000002442e-01 1.276119606546864294e+00
-1.499999999999996891e-01 7.500000000000003331e-01 1.387709791266330983e+00
-1.499999999999996891e-01 8.500000000000001998e-01 1.570747796346232628e+00
-1.499999999999996891e-01 9.500000000000002887e-01 1.478518463073370315e+00
-4.999999999999971134e-02 -9.499999999999998446e-01 1.306486777603827809e+00
-4.999999999999971134e-02 -8.499999999999998668e-01 1.724263229426235666e+00
-4.999999999999971134e-02 -7.499999999999997780e-01 1.539495056260395511e+00
-4.999999999999971134e-02 -6.499999999999998002e-01 1.286710134887627754e+00
-4.999999999999971134e-02 -5.499999999999998224e-01 1.297353607328533665e+00
-4.999999999999971134e-02 -4.499999999999998446e-01 1.263435921343141422e+00
-4.999999999999971134e-02 -3.499999999999997558e-01 1.118228800444319493e+00
-4.999999999999971134e-02 -2.499999999999997780e-01 1.127772000153473897e+00
-4.999999999999971134e-02 -1.499999999999998002e-01 1.379456311605065100e+00
-4.999999999999971134e-02 -4.999999999999982236e-02 1.767026795306313236e+00
-4.999999999999971134e-02 5.000000000000015543e-02 1.872426254208516161e+00
-4.999999999999971134e-02 1.500000000000002442e-01 1.300258248445822939e+00
-4.999999999999971134e-02 2.500000000000003331e-01 1.060814651263048303e+00
-4.999999999999971134e-02 3.500000000000001998e-01 1.203463541873046161e+00
-4.999999999999971134e-02 4.500000000000002887e-01 1.396704194650120412e+00
-4.999999999999971134e-02 5.500000000000001554e-01 1.502480937512288728e+00
-4.999999999999971134e-02 6.500000000000002442e-01 1.349771427514251165e+00
-4.999999999999971134e-02 7.500000000000003331e-01 1.318680290072000494e+00
-4.999999999999971134e-02 8.500000000000001998e-01 1.406732483294965919e+00
-4.999999999999971134e-02 9.500000000000002887e-01 1.370780809175528026e+00
5.000000000000026645e-02 -9.499999999999998446e-01 1.168589150004070154e+00
5.000000000000026645e-02 -8.499999999999998668e-01 1.708514132258174500e+00
5.000000000000026645e-02 -7.499999999999997780e-01 1.563380427584235788e+00
5.000000000000026645e-02 -6.499999999999998002e-01 1.225145529016527401e+00
5.000000000000026645e-02 -5.499999999999998224e-01 1.311849310197865659e+00
5.000000000000026645e-02 -4.499999999999998446e-01 1.328755648680069124e+00
5.000000000000026645e-02 -3.499999999999997558e-01 1.258583093823973931e+00
5.000000000000026645e-02 -2.499999999999997780e-01 1.092247425217125922e+00
5.000000000000026645e-02 -1.499999999999998002e-01 1.291187935203537807e+00
5.000000000000026645e-02 -4.999999999999982236e-02 2.058157157499575174e+00
5.000000000000026645e-02 5.000000000000015543e-02 2.284211575414602180e+00
5.000000000000026645e-02 1.500000000000002442e-01 1.359550476042201694e+00
5.000000000000026645e-02 2.500000000000003331e-01 1.099720418196668881e+00
5.000000000000026645e-02 3.500000000000001998e-01 1.212432192917675122e+00
5.000000000000026645e-02 4.500000000000002887e-01 1.307106062817584791e+00
5.000000000000026645e-02 5.500000000000001554e-01 1.165383477926224209e+00
5.000000000000026645e-02 6.500000000000002442e-01 1.159962400476703515e+00
5.000000000000026645e-02 7.500000000000003331e-01 1.235832778705395985e+00
5.000000000000026645e-02 8.500000000000001998e-01 1.369678388741534247e+00
5.000000000000026645e-02 9.500000000000002887e-01 1.256142022122214152e+00
1.500000000000003553e-01 -9.499999999999998446e-01 1.305194717817394157e+00
1.500000000000003553e-01 -8.499999999999998668e-01 1.508689372412322038e+00
1.500000000000003553e-01 -7.499999999999997780e-01 1.479865156119120728e+00
1.500000000000003553e-01 -6.499999999999998002e-01 1.439663408974558134e+00
1.500000000000003553e-01 -5.499999999999998224e-01 1.414415635541310001e+00
1.500000000000003553e-01 -4.499999999999998446e-01 1.460964115465219537e+00
1.500000000000003553e-01 -3.499999999999997558e-01 1.228748750547848712e+00
1.500000000000003553e-01 -2.499999999999997780e-01 1.031132631516684883e+00
1.500000000000003553e-01 -1.499999999999998002e-01 1.163271801355198809e+00
1.500000000000003553e-01 -4.999999999999982236e-02 1.506624587432049189e+00
1.500000000000003553e-01 5.000000000000015543e-02 2.244511557310419736e+00
1.500000000000003553e-01 1.500000000000002442e-01 1.748701646356414674e+00
1.500000000000003553e-01 2.500000000000003331e-01 1.224985085399802998e+00
1.500000000000003553e-01 3.500000000000001998e-01 1.274695318977461689e+00
1.500000000000003553e-01 4.500000000000002887e-01 1.369483228379792861e+00
1.500000000000003553e-01 5.500000000000001554e-01 1.260298020900325833e+00
1.500000000000003553e-01 6.500000000000002442e-01 1.212962863525695045e+00
1.500000000000003553e-01 7.500000000000003331e-01 1.403077256673098239e+00
1.500000000000003553e-01 8.500000000000001998e-01 1.725821392039399882e+00
1.500000000000003553e-01 9.500000000000002887e-01 1.457084499995932036e+00
2.500000000000004441e-01 -9.499999999999998446e-01 1.203684093816196121e+00
2.500000000000004441e-01 -8.499999999999998668e-01 1.502448801419934865e+00
2.500000000000004441e-01 -7.499999999999997780e-01 1.600131801818948762e+00
2.500000000000004441e-01 -6.499999999999998002e-01 1.360181258976597585e+00
2.500000000000004441e-01 -5.499999999999998224e-01 1.094522369400070305e+00
2.500000000000004441e-01 -4.499999999999998446e-01 1.233635929682784127e+00
2.500000000000004441e-01 -3.499999999999997558e-01 1.390837365453225560e+00
2.500000000000004441e-01 -2.499999999999997780e-01 1.381361046570165785e+00
2.500000000000004441e-01 -1.499999999999998002e-01 1.298074844058093369e+00
2.500000000000004441e-01 -4.999999999999982236e-02 1.384870526367583121e+00
2.500000000000004441e-01 5.000000000000015543e-02 1.427427739769341786e+00
2.500000000000004441e-01 1.500000000000002442e-01 1.385383038268099165e+00
2.500000000000004441e-01 2.500000000000003331e-01 1.543651772137356160e+00
2.500000000000004441e-01 3.500000000000001998e-01 1.368069287444148241e+00
2.500000000000004441e-01 4.500000000000002887e-01 1.288879950999815893e+00
2.500000000000004441e-01 5.500000000000001554e-01 1.136176421240522538e+00
2.500000000000004441e-01 6.500000000000002442e-01 1.363032726027112229e+00
2.500000000000004441e-01 7.500000000000003331e-01 1.759517442197887638e+00
2.500000000000004441e-01 8.500000000000001998e-01 1.625942024516192630e+00
2.500000000000004441e-01 9.500000000000002887e-01 1.291375300875806653e+00
3.500000000000003109e-01 -9.499999999999998446e-01 1.292008757964485888e+00
3.500000000000003109e-01 -8.499999999999998668e-01 1.386044155859923910e+00
3.500000000000003109e-01 -7.499999999999997780e-01 1.667729335592039730e+00
3.500000000000003109e-01 -6.499999999999998002e-01 1.452680948984808484e+00
3.500000000000003109e-01 -5.499999999999998224e-01 1.062096413386129479e+00
3.500000000000003109e-01 -4.499999999999998446e-01 1.090197034689601496e+00
3.500000000000003109e-01 -3.499999999999997558e-01 1.360211390855667446e+00
3.500000000000003109e-01 -2.499999999999997780e-01 1.657061939922161331e+00
3.500000000000003109e-01 -1.499999999999998002e-01 1.660612245251043007e+00
3.500000000000003109e-01 -4.999999999999982236e-02 1.356676950999090359e+00
3.500000000000003109e-01 5.000000000000015543e-02 1.299587921076149621e+00
3.500000000000003109e-01 1.500000000000002442e-01 1.518697753390888749e+00
3.500000000000003109e-01 2.500000000000003331e-01 1.780020776926438009e+00
3.500000000000003109e-01 3.500000000000001998e-01 1.475351355571969281e+00
3.500000000000003109e-01 4.500000000000002887e-01 1.207704492374186644e+00
3.500000000000003109e-01 5.500000000000001554e-01 1.234284334391227311e+00
3.500000000000003109e-01 6.500000000000002442e-01 1.201592919339330434e+00
3.500000000000003109e-01 7.500000000000003331e-01 1.282570563299493704e+00
3.500000000000003109e-01 8.500000000000001998e-01 1.481616468194684400e+00
3.500000000000003109e-01 9.500000000000002887e-01 1.350480617832170660e+00
4.500000000000003997e-01 -9.499999999999998446e-01 1.798440699925045072e+00
4.500000000000003997e-01 -8.499999999999998668e-01 1.459096452344744499e+00
4.500000000000003997e-01 -7.499999999999997780e-01 1.130866193507073181e+00
4.500000000000003997e-01 -6.499999999999998002e-01 1.315834338235593926e+00
4.500000000000003997e-01 -5.499999999999998224e-01 1.549665170168978534e+00
4.500000000000003997e-01 -4.499999999999998446e-01 1.433513776078367608e+00
4.500000000000003997e-01 -3.499999999999997558e-01 1.367903208558770789e+00
4.500000000000003997e-01 -2.499999999999997780e-01 1.491587775247348313e+00
4.500000000000003997e-01 -1.499999999999998002e-01 1.570747796346232628e+00
4.500000000000003997e-01 -4.999999999999982236e-02 1.478518463073370315e+00
4.500000000000003997e-01 5.000000000000015543e-02 1.433754590153380137e+00
4.500000000000003997e-01 1.500000000000002442e-01 1.579393994207577201e+00
4.500000000000003997e-01 2.500000000000003331e-01 1.602381613587120279e+00
4.500000000000003997e-01 3.500000000000001998e-01 1.568159325096974310e+00
4.500000000000003997e-01 4.500000000000002887e-01 1.348334852975633602e+00
4.500000000000003997e-01 5.500000000000001554e-01 1.275965017562001869e+00
4.500000000000003997e-01 6.500000000000002442e-01 1.217866256576534134e+00
4.500000000000003997e-01 7.500000000000003331e-01 1.156539366982612949e+00
4.500000000000003997e-01 8.500000000000001998e-01 1.142558048137670479e+00
4.500000000000003997e-01 9.500000000000002887e-01 1.583998692213221426e+00
5.500000000000002665e-01 -9.499999999999998446e-01 2.802564574187051516e+00
5.500000000000002665e-01 -8.499999999999998668e-01 1.782872582514941406e+00
5.500000000000002665e-01 -7.499999999999997780e-01 1.074531713793900778e+00
5.500000000000002665e-01 -6.499999999999998002e-01 1.109051679004740887e+00
5.500000000000002665e-01 -5.499999999999998224e-01 1.360013320748260535e+00
5.500000000000002665e-01 -4.499999999999998446e-01 1.454799116727798491e+00
5.500000000000002665e-01 -3.499999999999997558e-01 1.349771427514251165e+00
5.500000000000002665e-01 -2.499999999999997780e-01 1.318680290072000494e+00
5.500000000000002665e-01 -1.499999999999998002e-01 1.406732483294965919e+00
5.500000000000002665e-01 -4.999999999999982236e-02 1.370780809175528026e+00
5.500000000000002665e-01 5.000000000000015543e-02 1.306486777603827809e+00
5.500000000000002665e-01 1.500000000000002442e-01 1.724263229426235666e+00
5.500000000000002665e-01 2.500000000000003331e-01 1.539495056260395511e+00
5.500000000000002665e-01 3.500000000000001998e-01 1.286710134887627754e+00
5.500000000000002665e-01 4.500000000000002887e-01 1.364622230696791672e+00
5.500000000000002665e-01 5.500000000000001554e-01 1.317406243609275496e+00
5.500000000000002665e-01 6.500000000000002442e-01 1.099507204080560463e+00
5.500000000000002665e-01 7.500000000000003331e-01 1.191572066651846118e+00
5.500000000000002665e-01 8.500000000000001998e-01 1.773814160210077873e+00
5.500000000000002665e-01 9.500000000000002887e-01 2.654552682522744345e+00
6.500000000000003553e-01 -9.499999999999998446e-01 2.284211575414602180e+00
6.500000000000003553e-01 -8.499999999999998668e-01 1.359550476042201694e+00
6.500000000000003553e-01 -7.499999999999997780e-01 1.099720418196668881e+00
6.500000000000003553e-01 -6.499999999999998002e-01 1.212432192917675122e+00
6.500000000000003553e-01 -5.499999999999998224e-01 1.307106062817584791e+00
6.500000000000003553e-01 -4.499999999999998446e-01 1.165383477926224209e+00
6.500000000000003553e-01 -3.499999999999997558e-01 1.260039294006233268e+00
6.500000000000003553e-01 -2.499999999999997780e-01 1.400385202068324952e+00
6.500000000000003553e-01 -1.499999999999998002e-01 1.578772124019547807e+00
6.500000000000003553e-01 -4.999999999999982236e-02 1.396072963489239926e+00
6.500000000000003553e-01 5.000000000000015543e-02 1.222896217186882240e+00
6.500000000000003553e-01 1.500000000000002442e-01 1.515033853141503073e+00
6.500000000000003553e-01 2.500000000000003331e-01 1.479570388314950247e+00
6.500000000000003553e-01 3.500000000000001998e-01 1.406656184709895063e+00
6.500000000000003553e-01 4.500000000000002887e-01 1.311849310197865659e+00
6.500000000000003553e-01 5.500000000000001554e-01 1.328755648680069124e+00
6.500000000000003553e-01 6.500000000000002442e-01 1.258583093823973931e+00
6.500000000000003553e-01 7.500000000000003331e-01 1.092247425217125922e+00
6.500000000000003553e-01 8.500000000000001998e-01 1.291187935203537807e+00
6.500000000000003553e-01 9.500000000000002887e-01 2.058157157499575174e+00
7.500000000000004441e-01 -9.499999999999998446e-01 1.493441739460622530e+00
7.500000000000004441e-01 -8.499999999999998668e-01 1.267617941918600444e+00
7.500000000000004441e-01 -7.499999999999997780e-01 1.346205183382632287e+00
7.500000000000004441e-01 -6.499999999999998002e-01 1.364650568732315605e+00
7.500000000000004441e-01 -5.499999999999998224e-01 1.304401495561705815e+00
7.500000000000004441e-01 -4.499999999999998446e-01 1.205750579070940631e+00
7.500000000000004441e-01 -3.499999999999997558e-01 1.345443620967766929e+00
7.500000000000004441e-01 -2.499999999999997780e-01 1.403077256673098239e+00
7.500000000000004441e-01 -1.499999999999998002e-01 1.725821392039399882e+00
7.500000000000004441e-01 -4.999999999999982236e-02 1.457084499995932036e+00
7.500000000000004441e-01 5.000000000000015543e-02 1.305194717817394157e+00
7.500000000000004441e-01 1.500000000000002442e-01 1.508689372412322038e+00
7.500000000000004441e-01 2.500000000000003331e-01 1.479865156119120728e+00
7.500000000000004441e-01 3.500000000000001998e-01 1.521933251622253902e+00
7.500000000000004441e-01 4.500000000000002887e-01 1.301599882799729269e+00
7.500000000000004441e-01 5.500000000000001554e-01 1.432276714875490686e+00
7.500000000000004441e-01 6.500000000000002442e-01 1.374903395181972021e+00
7.500000000000004441e-01 7.500000000000003331e-01 1.199883330947589810e+00
7.500000000000004441e-01 8.500000000000001998e-01 1.118265170740146974e+00
7.500000000000004441e-01 9.500000000000002887e-01 1.350353143474485096e+00
8.500000000000003109e-01 -9.499999999999998446e-01 1.435805946533734057e+00
8.500000000000003109e-01 -8.499999999999998668e-01 1.349086359617336361e+00
8.500000000000003109e-01 -7.499999999999997780e-01 1.492959732013800611e+00
8.500000000000003109e-01 -6.499999999999998002e-01 1.505422434949418964e+00
8.500000000000003109e-01 -5.499999999999998224e-01 1.313714741069523573e+00
8.500000000000003109e-01 -4.499999999999998446e-01 1.206490651976301676e+00
8.500000000000003109e-01 -3.499999999999997558e-01 1.223514964939199645e+00
8.500000000000003109e-01 -2.499999999999997780e-01 1.471009444540747557e+00
8.500000000000003109e-01 -1.499999999999998002e-01 1.625942024516192630e+00
8.500000000000003109e-01 -4.999999999999982236e-02 1.291375300875806653e+00
8.500000000000003109e-01 5.000000000000015543e-02 1.203684093816196121e+00
8.500000000000003109e-01 1.500000000000002442e-01 1.502448801419934865e+00
8.500000000000003109e-01 2.500000000000003331e-01 1.549893137334164450e+00
8.500000000000003109e-01 3.500000000000001998e-01 1.228405549909913352e+00
8.500000000000003109e-01 4.500000000000002887e-01 1.081435791186222906e+00
8.500000000000003109e-01 5.500000000000001554e-01 1.337739957135328561e+00
8.500000000000003109e-01 6.500000000000002442e-01 1.398547479610969591e+00
8.500000000000003109e-01 7.500000000000003331e-01 1.290156049126916837e+00
8.500000000000003109e-01 8.500000000000001998e-01 1.294768704098124390e+00
8.500000000000003109e-01 9.500000000000002887e-01 1.435805946533734057e+00
9.500000000000003997e-01 -9.499999999999998446e-01 1.299587921076149621e+00
9.500000000000003997e-01 -8.499999999999998668e-01 1.518697753390888749e+00
9.500000000000003997e-01 -7.499999999999997780e-01 1.780020776926438009e+00
9.500000000000003997e-01 -6.499999999999998002e-01 1.475351355571969281e+00
9.500000000000003997e-01 -5.499999999999998224e-01 1.207704492374186644e+00
9.500000000000003997e-01 -4.499999999999998446e-01 1.130015525905871954e+00
9.500000000000003997e-01 -3.499999999999997558e-01 1.188581141116966666e+00
9.500000000000003997e-01 -2.499999999999997780e-01 1.279087205864435361e+00
9.500000000000003997e-01 -1.499999999999998002e-01 1.328234037076650331e+00
9.500000000000003997e-01 -4.999999999999982236e-02 1.369864234149662519e+00
9.500000000000003997e-01 5.000000000000015543e-02 1.408066465677868750e+00
9.500000000000003997e-01 1.500000000000002442e-01 1.439898017081650217e+00
9.500000000000003997e-01 2.500000000000003331e-01 1.430055793907598627e+00
9.500000000000003997e-01 3.500000000000001998e-01 1.612581599199068627e+00
9.500000000000003997e-01 4.500000000000002887e-01 1.437303603239349137e+00
9.500000000000003997e-01 5.500000000000001554e-01 1.090197034689601496e+00
9.500000000000003997e-01 6.500000000000002442e-01 1.360211390855667446e+00
9.500000000000003997e-01 7.500000000000003331e-01 1.657061939922161331e+00
9.500000000000003997e-01 8.500000000000001998e-01 1.660612245251043007e+00
9.500000000000003997e-01 9.500000000000002887e-01 1.356676950999090359e+00
