-9.499999999999997335e-01 -9.499999999999998446e-01 5.599471589485154333e-01
-9.499999999999997335e-01 -8.499999999999998668e-01 5.501618592024825061e-01
-9.499999999999997335e-01 -7.499999999999997780e-01 5.547554760881490132e-01
-9.499999999999997335e-01 -6.499999999999998002e-01 5.866753037446161834e-01
-9.499999999999997335e-01 -5.499999999999998224e-01 6.169756500688403644e-01
-9.499999999999997335e-01 -4.499999999999998446e-01 6.653388004737875727e-01
-9.499999999999997335e-01 -3.499999999999997558e-01 5.651845005017421819e-01
-9.499999999999997335e-01 -2.499999999999997780e-01 5.610055810619632988e-01
-9.499999999999997335e-01 -1.499999999999998002e-01 5.990404976664083225e-01
-9.499999999999997335e-01 -4.999999999999982236e-02 5.936867501396229096e-01
-9.499999999999997335e-01 5.000000000000015543e-02 6.045019383179037753e-01
-9.499999999999997335e-01 1.500000000000002442e-01 6.194526539013466282e-01
-9.499999999999997335e-01 2.500000000000003331e-01 5.857260725720014882e-01
-9.499999999999997335e-01 3.500000000000001998e-01 5.659231196801576269e-01
-9.499999999999997335e-01 4.500000000000002887e-01 5.974251177779934530e-01
-9.499999999999997335e-01 5.500000000000001554e-01 6.107622955976914625e-01
-9.499999999999997335e-01 6.500000000000002442e-01 5.769951814405060997e-01
-9.499999999999997335e-01 7.500000000000003331e-01 5.541273298601765429e-01
-9.499999999999997335e-01 8.500000000000001998e-01 5.295886540401584242e-01
-9.499999999999997335e-01 9.500000000000002887e-01 6.152863602447599112e-01
-8.499999999999997558e-01 -9.499999999999998446e-01 5.908195268799688593e-01
-8.499999999999997558e-01 -8.499999999999998668e-01 5.526780715602681582e-01
-8.499999999999997558e-01 -7.499999999999997780e-01 5.368210937687514228e-01
-8.499999999999997558e-01 -6.499999999999998002e-01 5.736790623135086253e-01
-8.499999999999997558e-01 -5.499999999999998224e-01 6.906000702491346122e-01
-8.499999999999997558e-01 -4.499999999999998446e-01 6.186373794492662226e-01
-8.499999999999997558e-01 -3.499999999999997558e-01 5.865259695744790003e-01
-8.499999999999997558e-01 -2.499999999999997780e-01 5.306332883554852886e-01
-8.499999999999997558e-01 -1.499999999999998002e-01 5.233332151957627021e-01
-8.499999999999997558e-01 -4.999999999999982236e-02 5.330312232281226859e-01
-8.499999999999997558e-01 5.000000000000015543e-02 5.633861886024347232e-01
-8.499999999999997558e-01 1.500000000000002442e-01 5.507446408808867044e-01
-8.499999999999997558e-01 2.500000000000003331e-01 5.722977276155361004e-01
-8.499999999999997558e-01 3.500000000000001998e-01 5.744144226014856747e-01
-8.499999999999997558e-01 4.500000000000002887e-01 5.671530006460147044e-01
-8.499999999999997558e-01 5.500000000000001554e-01 6.071227770853313555e-01
-8.499999999999997558e-01 6.500000000000002442e-01 5.798004025058038913e-01
-8.499999999999997558e-01 7.500000000000003331e-01 5.473500550951700960e-01
-8.499999999999997558e-01 8.500000000000001998e-01 5.669876905165694980e-01
-8.499999999999997558e-01 9.500000000000002887e-01 5.908195268799688593e-01
-7.499999999999997780e-01 -9.499999999999998446e-01 6.206888254061361243e-01
-7.499999999999997780e-01 -8.499999999999998668e-01 6.031721507933319737e-01
-7.499999999999997780e-01 -7.499999999999997780e-01 5.739456174994453930e-01
-7.499999999999997780e-01 -6.499999999999998002e-01 5.943260973952919635e-01
-7.499999999999997780e-01 -5.499999999999998224e-01 6.471250431814832282e-01
-7.499999999999997780e-01 -4.499999999999998446e-01 6.249736408895907314e-01
-7.499999999999997780e-01 -3.499999999999997558e-01 6.168518539573226711e-01
-7.499999999999997780e-01 -2.499999999999997780e-01 6.124499621392761606e-01
-7.499999999999997780e-01 -1.499999999999998002e-01 6.230068900643436214e-01
-7.499999999999997780e-01 -4.999999999999982236e-02 6.541275272682159914e-01
-7.499999999999997780e-01 5.000000000000015543e-02 6.706295214018922479e-01
-7.499999999999997780e-01 1.500000000000002442e-01 6.047016138117901063e-01
-7.499999999999997780e-01 2.500000000000003331e-01 5.942646102366652139e-01
-7.499999999999997780e-01 3.500000000000001998e-01 5.872567407300850473e-01
-7.499999999999997780e-01 4.500000000000002887e-01 5.888599148947568640e-01
-7.499999999999997780e-01 5.500000000000001554e-01 6.865953882524952201e-01
-7.499999999999997780e-01 6.500000000000002442e-01 6.675447564755395691e-01
-7.499999999999997780e-01 7.500000000000003331e-01 6.029550627230961801e-01
-7.499999999999997780e-01 8.500000000000001998e-01 6.062678299964781026e-01
-7.499999999999997780e-01 9.500000000000002887e-01 6.485445914929200972e-01
-6.499999999999996891e-01 -9.499999999999998446e-01 8.611491164766139628e-01
-6.499999999999996891e-01 -8.499999999999998668e-01 7.032495739756525754e-01
-6.499999999999996891e-01 -7.499999999999997780e-01 5.670252997614378954e-01
-6.499999999999996891e-01 -6.499999999999998002e-01 5.391494588529428533e-01
-6.499999999999996891e-01 -5.499999999999998224e-01 6.310163078108936840e-01
-6.499999999999996891e-01 -4.499999999999998446e-01 8.073168668513087676e-01
-6.499999999999996891e-01 -3.499999999999997558e-01 7.652141303470646472e-01
-6.499999999999996891e-01 -2.499999999999997780e-01 7.050795898478849910e-01
-6.499999999999996891e-01 -1.499999999999998002e-01 7.178964314220180887e-01
-6.499999999999996891e-01 -4.999999999999982236e-02 7.167795473266318496e-01
-6.499999999999996891e-01 5.000000000000015543e-02 6.704620997366432800e-01
-6.499999999999996891e-01 1.500000000000002442e-01 6.629015699451648036e-01
-6.499999999999996891e-01 2.500000000000003331e-01 6.700755709143263461e-01
-6.499999999999996891e-01 3.500000000000001998e-01 6.793004343570234749e-01
-6.499999999999996891e-01 4.500000000000002887e-01 8.158623860801301753e-01
-6.499999999999996891e-01 5.500000000000001554e-01 7.047240762162849670e-01
-6.499999999999996891e-01 6.500000000000002442e-01 5.814805549847563704e-01
-6.499999999999996891e-01 7.500000000000003331e-01 5.767326315762748568e-01
-6.499999999999996891e-01 8.500000000000001998e-01 7.011954434076514975e-01
-6.499999999999996891e-01 9.500000000000002887e-01 8.004722844958807038e-01
-5.499999999999997113e-01 -9.499999999999998446e-01 1.125278484339219176e+00
-5.499999999999997113e-01 -8.499999999999998668e-01 9.070737670320929702e-01
-5.499999999999997113e-01 -7.499999999999997780e-01 6.335520381568039427e-01
-5.499999999999997113e-01 -6.499999999999998002e-01 5.340652211645976477e-01
-5.499999999999997113e-01 -5.499999999999998224e-01 5.484864357269657598e-01
-5.499999999999997113e-01 -4.499999999999998446e-01 6.787022781410013694e-01
-5.499999999999997113e-01 -3.499999999999997558e-01 7.839721474284155889e-01
-5.499999999999997113e-01 -2.499999999999997780e-01 7.545905167855510021e-01
-5.499999999999997113e-01 -1.499999999999998002e-01 6.744383374896437688e-01
-5.499999999999997113e-01 -4.999999999999982236e-02 6.328676238779974428e-01
-5.499999999999997113e-01 5.000000000000015543e-02 6.463110025576979112e-01
-5.499999999999997113e-01 1.500000000000002442e-01 6.650855635043245728e-01
-5.499999999999997113e-01 2.500000000000003331e-01 6.701757279558632208e-01
-5.499999999999997113e-01 3.500000000000001998e-01 8.367375772741922901e-01
-5.499999999999997113e-01 4.500000000000002887e-01 7.266356576503980591e-01
-5.499999999999997113e-01 5.500000000000001554e-01 5.829226186826221845e-01
-5.499999999999997113e-01 6.500000000000002442e-01 5.578905808327302429e-01
-5.499999999999997113e-01 7.500000000000003331e-01 6.199789402735751409e-01
-5.499999999999997113e-01 8.500000000000001998e-01 7.612958612848258477e-01
-5.499999999999997113e-01 9.500000000000002887e-01 9.917590525597241857e-01
-4.499999999999997335e-01 -9.499999999999998446e-01 7.276461593261607241e-01
-4.499999999999997335e-01 -8.499999999999998668e-01 6.365872128920812001e-01
-4.499999999999997335e-01 -7.499999999999997780e-01 5.494405736541559948e-01
-4.499999999999997335e-01 -6.499999999999998002e-01 5.703803984489586032e-01
-4.499999999999997335e-01 -5.499999999999998224e-01 6.632844728595103101e-01
-4.499999999999997335e-01 -4.499999999999998446e-01 6.974554673148182227e-01
-4.499999999999997335e-01 -3.499999999999997558e-01 6.084772673495251194e-01
-4.499999999999997335e-01 -2.499999999999997780e-01 6.414265387327761081e-01
-4.499999999999997335e-01 -1.499999999999998002e-01 6.204501154432684462e-01
-4.499999999999997335e-01 -4.999999999999982236e-02 5.968960052086512702e-01
-4.499999999999997335e-01 5.000000000000015543e-02 6.440234397340742767e-01
-4.499999999999997335e-01 1.500000000000002442e-01 6.014622401873191970e-01
-4.499999999999997335e-01 2.500000000000003331e-01 6.565180007109109317e-01
-4.499999999999997335e-01 3.500000000000001998e-01 6.410664424960073049e-01
-4.499999999999997335e-01 4.500000000000002887e-01 6.823339826334864355e-01
-4.499999999999997335e-01 5.500000000000001554e-01 7.005938449116224653e-01
-4.499999999999997335e-01 6.500000000000002442e-01 6.189674301532939182e-01
-4.499999999999997335e-01 7.500000000000003331e-01 5.672990928340465588e-01
-4.499999999999997335e-01 8.500000000000001998e-01 5.973531688359358105e-01
-4.499999999999997335e-01 9.500000000000002887e-01 7.097421096017985098e-01
-3.499999999999996447e-01 -9.499999999999998446e-01 6.237038741299333333e-01
-3.499999999999996447e-01 -8.499999999999998668e-01 5.877540342804705720e-01
-3.499999999999996447e-01 -7.499999999999997780e-01 5.606463727830173216e-01
-3.499999999999996447e-01 -6.499999999999998002e-01 6.344432780956882345e-01
-3.499999999999996447e-01 -5.499999999999998224e-01 6.061839345207412633e-01
-3.499999999999996447e-01 -4.499999999999998446e-01 6.107622955976914625e-01
-3.499999999999996447e-01 -3.499999999999997558e-01 5.769951814405060997e-01
-3.499999999999996447e-01 -2.499999999999997780e-01 5.541273298601765429e-01
-3.499999999999996447e-01 -1.499999999999998002e-01 5.295886540401584242e-01
-3.499999999999996447e-01 -4.999999999999982236e-02 6.152863602447599112e-01
-3.499999999999996447e-01 5.000000000000015543e-02 5.599471589485154333e-01
-3.499999999999996447e-01 1.500000000000002442e-01 5.501618592024825061e-01
-3.499999999999996447e-01 2.500000000000003331e-01 5.547554760881490132e-01
-3.499999999999996447e-01 3.500000000000001998e-01 5.866753037446161834e-01
-3.499999999999996447e-01 4.500000000000002887e-01 6.169756500688403644e-01
-3.499999999999996447e-01 5.500000000000001554e-01 6.183757208021445351e-01
-3.499999999999996447e-01 6.500000000000002442e-01 6.051560674964552300e-01
-3.499999999999996447e-01 7.500000000000003331e-01 5.503977475134663733e-01
-3.499999999999996447e-01 8.500000000000001998e-01 5.493806436441204255e-01
-3.499999999999996447e-01 9.500000000000002887e-01 5.491203295755037184e-01
-2.499999999999996669e-01 -9.499999999999998446e-01 5.633861886024347232e-01
-2.499999999999996669e-01 -8.499999999999998668e-01 5.507446408808867044e-01
-2.499999999999996669e-01 -7.499999999999997780e-01 5.579532978359530437e-01
-2.499999999999996669e-01 -6.499999999999998002e-01 5.699078473053807992e-01
-2.499999999999996669e-01 -5.499999999999998224e-01 5.543777783238494905e-01
-2.499999999999996669e-01 -4.499999999999998446e-01 6.022706859429786119e-01
-2.499999999999996669e-01 -3.499999999999997558e-01 6.128248157222307979e-01
-2.499999999999996669e-01 -2.499999999999997780e-01 5.767723392923341796e-01
-2.499999999999996669e-01 -1.499999999999998002e-01 5.678744706230468564e-01
-2.499999999999996669e-01 -4.999999999999982236e-02 6.164130688172340111e-01
-2.499999999999996669e-01 5.000000000000015543e-02 5.882148678894012495e-01
-2.499999999999996669e-01 1.500000000000002442e-01 5.577372937862277169e-01
-2.499999999999996669e-01 2.500000000000003331e-01 5.559770424658043719e-01
-2.499999999999996669e-01 3.500000000000001998e-01 6.269154811582253739e-01
-2.499999999999996669e-01 4.500000000000002887e-01 6.299042011823074994e-01
-2.499999999999996669e-01 5.500000000000001554e-01 6.192845441698574538e-01
-2.499999999999996669e-01 6.500000000000002442e-01 5.553929454048134318e-01
-2.499999999999996669e-01 7.500000000000003331e-01 5.237170414281738795e-01
-2.499999999999996669e-01 8.500000000000001998e-01 5.233332151957627021e-01
-2.499999999999996669e-01 9.500000000000002887e-01 5.330312232281226859e-01
-1.499999999999996891e-01 -9.499999999999998446e-01 6.706295214018922479e-01
-1.499999999999996891e-01 -8.499999999999998668e-01 6.047016138117901063e-01
-1.499999999999996891e-01 -7.499999999999997780e-01 5.942646102366652139e-01
-1.499999999999996891e-01 -6.499999999999998002e-01 6.158376224414979783e-01
-1.499999999999996891e-01 -5.499999999999998224e-01 6.614429911873500600e-01
-1.499999999999996891e-01 -4.499999999999998446e-01 7.210279849402122521e-01
-1.499999999999996891e-01 -3.499999999999997558e-01 6.399806879615765887e-01
-1.499999999999996891e-01 -2.499999999999997780e-01 5.757421566196616602e-01
-1.499999999999996891e-01 -1.499999999999998002e-01 6.411947639418875688e-01
-1.499999999999996891e-01 -4.999999999999982236e-02 7.138971239444044103e-01
-1.499999999999996891e-01 5.000000000000015543e-02 7.196560219704355443e-01
-1.499999999999996891e-01 1.500000000000002442e-01 6.437000625777242746e-01
-1.499999999999996891e-01 2.500000000000003331e-01 5.884909552831686375e-01
-1.499999999999996891e-01 3.500000000000001998e-01 5.608995396521909704e-01
-1.499999999999996891e-01 4.500000000000002887e-01 6.537753624999943503e-01
-1.499999999999996891e-01 5.500000000000001554e-01 6.664951536054780634e-01
-1.499999999999996891e-01 6.500000000000002442e-01 6.314232532942183340e-01
-1.499999999999996891e-01 7.500000000000003331e-01 6.124499621392761606e-01
-1.499999999999996891e-01 8.500000000000001998e-01 6.230068900643436214e-01
-1.499999999999996891e-01 9.500000000000002887e-01 6.541275272682159914e-01
-4.999999999999971134e-02 -9.499999999999998446e-01 6.497147072984762461e-01
-4.999999999999971134e-02 -8.499999999999998668e-01 6.657257355674984778e-01
-4.999999999999971134e-02 -7.499999999999997780e-01 6.796929471232866504e-01
-4.999999999999971134e-02 -6.499999999999998002e-01 7.960207734092046294e-01
-4.999999999999971134e-02 -5.499999999999998224e-01 8.158623860801301753e-01
-4.999999999999971134e-02 -4.499999999999998446e-01 7.047240762162849670e-01
-4.999999999999971134e-02 -3.499999999999997558e-01 5.814805549847563704e-01
-4.999999999999971134e-02 -2.499999999999997780e-01 5.767326315762748568e-01
-4.999999999999971134e-02 -1.499999999999998002e-01 7.011954434076514975e-01
-4.999999999999971134e-02 -4.999999999999982236e-02 8.004722844958807038e-01
-4.999999999999971134e-02 5.000000000000015543e-02 8.611491164766139628e-01
-4.999999999999971134e-02 1.500000000000002442e-01 7.032495739756525754e-01
-4.999999999999971134e-02 2.500000000000003331e-01 5.670252997614378954e-01
-4.999999999999971134e-02 3.500000000000001998e-01 5.391494588529428533e-01
-4.999999999999971134e-02 4.500000000000002887e-01 6.310163078108936840e-01
-4.999999999999971134e-02 5.500000000000001554e-01 8.073168668513087676e-01
-4.999999999999971134e-02 6.500000000000002442e-01 7.958833357637701278e-01
-4.999999999999971134e-02 7.500000000000003331e-01 7.564683621117426204e-01
-4.999999999999971134e-02 8.500000000000001998e-01 6.984933517864004848e-01
-4.999999999999971134e-02 9.500000000000002887e-01 6.612878674732308726e-01
5.000000000000026645e-02 -9.499999999999998446e-01 6.463110025576979112e-01
5.000000000000026645e-02 -8.499999999999998668e-01 6.650855635043245728e-01
5.000000000000026645e-02 -7.499999999999997780e-01 6.701757279558632208e-01
5.000000000000026645e-02 -6.499999999999998002e-01 8.367375772741922901e-01
5.000000000000026645e-02 -5.499999999999998224e-01 7.928720542687895945e-01
5.000000000000026645e-02 -4.499999999999998446e-01 6.845396341688146924e-01
5.000000000000026645e-02 -3.499999999999997558e-01 5.597732747230178552e-01
5.000000000000026645e-02 -2.499999999999997780e-01 5.696183420676222964e-01
5.000000000000026645e-02 -1.499999999999998002e-01 6.720656762269808793e-01
5.000000000000026645e-02 -4.999999999999982236e-02 8.087401744208370102e-01
5.000000000000026645e-02 5.000000000000015543e-02 8.528616890635072334e-01
5.000000000000026645e-02 1.500000000000002442e-01 7.030356999239369964e-01
5.000000000000026645e-02 2.500000000000003331e-01 5.632616610173435401e-01
5.000000000000026645e-02 3.500000000000001998e-01 5.386247931082932539e-01
5.000000000000026645e-02 4.500000000000002887e-01 6.339544811292242565e-01
5.000000000000026645e-02 5.500000000000001554e-01 7.969333862012604186e-01
5.000000000000026645e-02 6.500000000000002442e-01 7.839721474284155889e-01
5.000000000000026645e-02 7.500000000000003331e-01 7.545905167855510021e-01
5.000000000000026645e-02 8.500000000000001998e-01 6.744383374896437688e-01
5.000000000000026645e-02 9.500000000000002887e-01 6.328676238779974428e-01
1.500000000000003553e-01 -9.499999999999998446e-01 6.440234397340742767e-01
1.500000000000003553e-01 -8.499999999999998668e-01 6.014622401873191970e-01
1.500000000000003553e-01 -7.499999999999997780e-01 6.069394564523665769e-01
1.500000000000003553e-01 -6.499999999999998002e-01 6.330494511034805427e-01
1.500000000000003553e-01 -5.499999999999998224e-01 6.752994450152801642e-01
1.500000000000003553e-01 -4.499999999999998446e-01 7.050234131096669854e-01
1.500000000000003553e-01 -3.499999999999997558e-01 6.077089006656056780e-01
1.500000000000003553e-01 -2.499999999999997780e-01 5.565743102788864860e-01
1.500000000000003553e-01 -1.499999999999998002e-01 6.272758792466853750e-01
1.500000000000003553e-01 -4.999999999999982236e-02 7.097421096017985098e-01
1.500000000000003553e-01 5.000000000000015543e-02 7.276461593261607241e-01
1.500000000000003553e-01 1.500000000000002442e-01 6.367806959031941938e-01
1.500000000000003553e-01 2.500000000000003331e-01 6.027257177256365450e-01
1.500000000000003553e-01 3.500000000000001998e-01 5.372028205474690399e-01
1.500000000000003553e-01 4.500000000000002887e-01 6.282127096087050111e-01
1.500000000000003553e-01 5.500000000000001554e-01 6.599098791417489229e-01
1.500000000000003553e-01 6.500000000000002442e-01 6.103234730214111003e-01
1.500000000000003553e-01 7.500000000000003331e-01 5.824057080498444838e-01
1.500000000000003553e-01 8.500000000000001998e-01 6.204501154432684462e-01
1.500000000000003553e-01 9.500000000000002887e-01 5.968960052086512702e-01
2.500000000000004441e-01 -9.499999999999998446e-01 5.469217509697920088e-01
2.500000000000004441e-01 -8.499999999999998668e-01 5.278531195383956431e-01
2.500000000000004441e-01 -7.499999999999997780e-01 5.487378308248404002e-01
2.500000000000004441e-01 -6.499999999999998002e-01 5.548826663772956636e-01
2.500000000000004441e-01 -5.499999999999998224e-01 5.934893851958414901e-01
2.500000000000004441e-01 -4.499999999999998446e-01 6.183757208021445351e-01
2.500000000000004441e-01 -3.499999999999997558e-01 6.051560674964552300e-01
2.500000000000004441e-01 -2.499999999999997780e-01 5.503977475134663733e-01
2.500000000000004441e-01 -1.499999999999998002e-01 5.493806436441204255e-01
2.500000000000004441e-01 -4.999999999999982236e-02 5.491203295755037184e-01
2.500000000000004441e-01 5.000000000000015543e-02 6.237038741299333333e-01
2.500000000000004441e-01 1.500000000000002442e-01 5.877540342804705720e-01
2.500000000000004441e-01 2.500000000000003331e-01 5.606463727830173216e-01
2.500000000000004441e-01 3.500000000000001998e-01 6.344432780956882345e-01
2.500000000000004441e-01 4.500000000000002887e-01 6.061839345207412633e-01
2.500000000000004441e-01 5.500000000000001554e-01 5.766746491440574163e-01
2.500000000000004441e-01 6.500000000000002442e-01 5.455877357269340866e-01
2.500000000000004441e-01 7.500000000000003331e-01 5.346315558642651400e-01
2.500000000000004441e-01 8.500000000000001998e-01 5.503402978363773901e-01
2.500000000000004441e-01 9.500000000000002887e-01 5.538553471768160597e-01
3.500000000000003109e-01 -9.499999999999998446e-01 5.882148678894012495e-01
3.500000000000003109e-01 -8.499999999999998668e-01 5.577372937862277169e-01
3.500000000000003109e-01 -7.499999999999997780e-01 5.559770424658043719e-01
3.500000000000003109e-01 -6.499999999999998002e-01 6.269154811582253739e-01
3.500000000000003109e-01 -5.499999999999998224e-01 6.299042011823074994e-01
3.500000000000003109e-01 -4.499999999999998446e-01 6.316541551864451876e-01
3.500000000000003109e-01 -3.499999999999997558e-01 6.186597128212226737e-01
3.500000000000003109e-01 -2.499999999999997780e-01 5.533205585104333801e-01
3.500000000000003109e-01 -1.499999999999998002e-01 5.310622718687866284e-01
3.500000000000003109e-01 -4.999999999999982236e-02 6.406428867639513136e-01
3.500000000000003109e-01 5.000000000000015543e-02 6.105391794301715525e-01
3.500000000000003109e-01 1.500000000000002442e-01 5.628612097747359710e-01
3.500000000000003109e-01 2.500000000000003331e-01 5.618214740406664021e-01
3.500000000000003109e-01 3.500000000000001998e-01 5.589168968685902517e-01
3.500000000000003109e-01 4.500000000000002887e-01 5.981225555250082593e-01
3.500000000000003109e-01 5.500000000000001554e-01 6.022706859429786119e-01
3.500000000000003109e-01 6.500000000000002442e-01 6.128248157222307979e-01
3.500000000000003109e-01 7.500000000000003331e-01 5.767723392923341796e-01
3.500000000000003109e-01 8.500000000000001998e-01 5.678744706230468564e-01
3.500000000000003109e-01 9.500000000000002887e-01 6.164130688172340111e-01
4.500000000000003997e-01 -9.499999999999998446e-01 7.196560219704355443e-01
4.500000000000003997e-01 -8.499999999999998668e-01 6.250411385029489564e-01
4.500000000000003997e-01 -7.499999999999997780e-01 5.520858605157635823e-01
4.500000000000003997e-01 -6.499999999999998002e-01 5.731805938019884916e-01
4.500000000000003997e-01 -5.499999999999998224e-01 6.945466269838432849e-01
4.500000000000003997e-01 -4.499999999999998446e-01 7.102918149529443559e-01
4.500000000000003997e-01 -3.499999999999997558e-01 6.480309009169400447e-01
4.500000000000003997e-01 -2.499999999999997780e-01 6.665002447072708724e-01
4.500000000000003997e-01 -1.499999999999998002e-01 6.230068900643436214e-01
4.500000000000003997e-01 -4.999999999999982236e-02 6.541275272682159914e-01
4.500000000000003997e-01 5.000000000000015543e-02 6.706295214018922479e-01
4.500000000000003997e-01 1.500000000000002442e-01 6.047016138117901063e-01
4.500000000000003997e-01 2.500000000000003331e-01 6.518523910811245825e-01
4.500000000000003997e-01 3.500000000000001998e-01 6.174002140365337787e-01
4.500000000000003997e-01 4.500000000000002887e-01 6.765420632927715561e-01
4.500000000000003997e-01 5.500000000000001554e-01 7.279330729617958795e-01
4.500000000000003997e-01 6.500000000000002442e-01 6.530856644929013965e-01
4.500000000000003997e-01 7.500000000000003331e-01 5.951145957251730012e-01
4.500000000000003997e-01 8.500000000000001998e-01 6.299740331576532126e-01
4.500000000000003997e-01 9.500000000000002887e-01 7.138971239444044103e-01
5.500000000000002665e-01 -9.499999999999998446e-01 1.125278484339219176e+00
5.500000000000002665e-01 -8.499999999999998668e-01 9.131079586013265414e-01
5.500000000000002665e-01 -7.499999999999997780e-01 6.393543729300212863e-01
5.500000000000002665e-01 -6.499999999999998002e-01 5.389391585860038303e-01
5.500000000000002665e-01 -5.499999999999998224e-01 5.487731339553905130e-01
5.500000000000002665e-01 -4.499999999999998446e-01 6.668034133764274562e-01
5.500000000000002665e-01 -3.499999999999997558e-01 7.958833357637701278e-01
5.500000000000002665e-01 -2.499999999999997780e-01 7.564683621117426204e-01
5.500000000000002665e-01 -1.499999999999998002e-01 6.984933517864004848e-01
5.500000000000002665e-01 -4.999999999999982236e-02 6.612878674732308726e-01
5.500000000000002665e-01 5.000000000000015543e-02 6.497147072984762461e-01
5.500000000000002665e-01 1.500000000000002442e-01 6.657257355674984778e-01
5.500000000000002665e-01 2.500000000000003331e-01 6.796929471232866504e-01
5.500000000000002665e-01 3.500000000000001998e-01 7.960207734092046294e-01
5.500000000000002665e-01 4.500000000000002887e-01 7.593951530574492015e-01
5.500000000000002665e-01 5.500000000000001554e-01 5.938110982047813957e-01
5.500000000000002665e-01 6.500000000000002442e-01 5.629403511596942078e-01
5.500000000000002665e-01 7.500000000000003331e-01 6.217342323677741422e-01
5.500000000000002665e-01 8.500000000000001998e-01 7.684812905973046337e-01
5.500000000000002665e-01 9.500000000000002887e-01 9.917590525597241857e-01
6.500000000000003553e-01 -9.499999999999998446e-01 8.528616890635072334e-01
6.500000000000003553e-01 -8.499999999999998668e-01 7.030356999239369964e-01
6.500000000000003553e-01 -7.499999999999997780e-01 5.632616610173435401e-01
6.500000000000003553e-01 -6.499999999999998002e-01 5.386247931082932539e-01
6.500000000000003553e-01 -5.499999999999998224e-01 6.339544811292242565e-01
6.500000000000003553e-01 -4.499999999999998446e-01 7.969333862012604186e-01
6.500000000000003553e-01 -3.499999999999997558e-01 7.491175107227107111e-01
6.500000000000003553e-01 -2.499999999999997780e-01 6.753703867662639304e-01
6.500000000000003553e-01 -1.499999999999998002e-01 6.848851999400150659e-01
6.500000000000003553e-01 -4.999999999999982236e-02 6.652947513838607385e-01
6.500000000000003553e-01 5.000000000000015543e-02 6.551167382013314278e-01
6.500000000000003553e-01 1.500000000000002442e-01 6.619910004500593192e-01
6.500000000000003553e-01 2.500000000000003331e-01 7.006998763860488033e-01
6.500000000000003553e-01 3.500000000000001998e-01 6.921406715595989079e-01
6.500000000000003553e-01 4.500000000000002887e-01 7.928720542687895945e-01
6.500000000000003553e-01 5.500000000000001554e-01 6.845396341688146924e-01
6.500000000000003553e-01 6.500000000000002442e-01 5.597732747230178552e-01
6.500000000000003553e-01 7.500000000000003331e-01 5.696183420676222964e-01
6.500000000000003553e-01 8.500000000000001998e-01 6.720656762269808793e-01
6.500000000000003553e-01 9.500000000000002887e-01 8.087401744208370102e-01
7.500000000000004441e-01 -9.499999999999998446e-01 6.045019383179037753e-01
7.500000000000004441e-01 -8.499999999999998668e-01 6.194526539013466282e-01
7.500000000000004441e-01 -7.499999999999997780e-01 5.857260725720014882e-01
7.500000000000004441e-01 -6.499999999999998002e-01 5.407137468588623097e-01
7.500000000000004441e-01 -5.499999999999998224e-01 6.466193982933308160e-01
7.500000000000004441e-01 -4.499999999999998446e-01 6.110676931975113080e-01
7.500000000000004441e-01 -3.499999999999997558e-01 5.801858395675005831e-01
7.500000000000004441e-01 -2.499999999999997780e-01 5.824057080498444838e-01
7.500000000000004441e-01 -1.499999999999998002e-01 6.204501154432684462e-01
7.500000000000004441e-01 -4.999999999999982236e-02 5.968960052086512702e-01
7.500000000000004441e-01 5.000000000000015543e-02 6.440234397340742767e-01
7.500000000000004441e-01 1.500000000000002442e-01 6.014622401873191970e-01
7.500000000000004441e-01 2.500000000000003331e-01 6.069394564523665769e-01
7.500000000000004441e-01 3.500000000000001998e-01 5.860726784363589070e-01
7.500000000000004441e-01 4.500000000000002887e-01 6.320936902456867346e-01
7.500000000000004441e-01 5.500000000000001554e-01 6.933267975320220877e-01
7.500000000000004441e-01 6.500000000000002442e-01 6.514255433598213907e-01
7.500000000000004441e-01 7.500000000000003331e-01 5.610055810619632988e-01
7.500000000000004441e-01 8.500000000000001998e-01 5.990404976664083225e-01
7.500000000000004441e-01 9.500000000000002887e-01 5.936867501396229096e-01
8.500000000000003109e-01 -9.499999999999998446e-01 5.865575342593887243e-01
8.500000000000003109e-01 -8.499999999999998668e-01 5.817685195723580893e-01
8.500000000000003109e-01 -7.499999999999997780e-01 5.500604315654732401e-01
8.500000000000003109e-01 -6.499999999999998002e-01 5.771965641321321616e-01
8.500000000000003109e-01 -5.499999999999998224e-01 6.307836500725250151e-01
8.500000000000003109e-01 -4.499999999999998446e-01 5.765381404557835543e-01
8.500000000000003109e-01 -3.499999999999997558e-01 5.848126202328650658e-01
8.500000000000003109e-01 -2.499999999999997780e-01 5.351601612768592808e-01
8.500000000000003109e-01 -1.499999999999998002e-01 5.503402978363773901e-01
8.500000000000003109e-01 -4.999999999999982236e-02 5.538553471768160597e-01
8.500000000000003109e-01 5.000000000000015543e-02 5.469217509697920088e-01
8.500000000000003109e-01 1.500000000000002442e-01 5.278531195383956431e-01
8.500000000000003109e-01 2.500000000000003331e-01 5.456365330435847261e-01
8.500000000000003109e-01 3.500000000000001998e-01 6.042380682607058073e-01
8.500000000000003109e-01 4.500000000000002887e-01 6.408304987945885323e-01
8.500000000000003109e-01 5.500000000000001554e-01 6.128305176506450014e-01
8.500000000000003109e-01 6.500000000000002442e-01 5.630610341411448339e-01
8.500000000000003109e-01 7.500000000000003331e-01 5.428169113457187445e-01
8.500000000000003109e-01 8.500000000000001998e-01 5.151677752021793788e-01
8.500000000000003109e-01 9.500000000000002887e-01 5.865575342593887243e-01
9.500000000000003997e-01 -9.499999999999998446e-01 6.105391794301715525e-01
9.500000000000003997e-01 -8.499999999999998668e-01 5.628612097747359710e-01
9.500000000000003997e-01 -7.499999999999997780e-01 5.618214740406664021e-01
9.500000000000003997e-01 -6.499999999999998002e-01 5.589168968685902517e-01
9.500000000000003997e-01 -5.499999999999998224e-01 5.981225555250082593e-01
9.500000000000003997e-01 -4.499999999999998446e-01 6.573314110505876773e-01
9.500000000000003997e-01 -3.499999999999997558e-01 6.023414650517873170e-01
9.500000000000003997e-01 -2.499999999999997780e-01 6.029550627230961801e-01
9.500000000000003997e-01 -1.499999999999998002e-01 6.062678299964781026e-01
9.500000000000003997e-01 -4.999999999999982236e-02 6.485445914929200972e-01
9.500000000000003997e-01 5.000000000000015543e-02 6.206888254061361243e-01
9.500000000000003997e-01 1.500000000000002442e-01 6.031721507933319737e-01
9.500000000000003997e-01 2.500000000000003331e-01 5.739456174994453930e-01
9.500000000000003997e-01 3.500000000000001998e-01 5.673449408630161228e-01
9.500000000000003997e-01 4.500000000000002887e-01 6.106667403540316785e-01
9.500000000000003997e-01 5.500000000000001554e-01 6.316541551864451876e-01
9.500000000000003997e-01 6.500000000000002442e-01 6.186597128212226737e-01
9.500000000000003997e-01 7.500000000000003331e-01 5.533205585104333801e-01
9.500000000000003997e-01 8.500000000000001998e-01 5.310622718687866284e-01
9.500000000000003997e-01 9.500000000000002887e-01 6.406428867639513136e-01
