-9.499999999999997335e-01 -9.499999999999998446e-01 6.449382449711518195e-01
-9.499999999999997335e-01 -8.499999999999998668e-01 6.207151684004047487e-01
-9.499999999999997335e-01 -7.499999999999997780e-01 6.340719340200016152e-01
-9.499999999999997335e-01 -6.499999999999998002e-01 6.157144541613180921e-01
-9.499999999999997335e-01 -5.499999999999998224e-01 6.162822208083492681e-01
-9.499999999999997335e-01 -4.499999999999998446e-01 6.326483092346802950e-01
-9.499999999999997335e-01 -3.499999999999997558e-01 6.115523842524646092e-01
-9.499999999999997335e-01 -2.499999999999997780e-01 6.055293225527880185e-01
-9.499999999999997335e-01 -1.499999999999998002e-01 6.302972447959976909e-01
-9.499999999999997335e-01 -4.999999999999982236e-02 5.901856132199695404e-01
-9.499999999999997335e-01 5.000000000000015543e-02 6.052704319915549469e-01
-9.499999999999997335e-01 1.500000000000002442e-01 6.270324080360977215e-01
-9.499999999999997335e-01 2.500000000000003331e-01 6.040100048905172603e-01
-9.499999999999997335e-01 3.500000000000001998e-01 6.103357193243423851e-01
-9.499999999999997335e-01 4.500000000000002887e-01 6.108198213746744987e-01
-9.499999999999997335e-01 5.500000000000001554e-01 6.013987366776083476e-01
-9.499999999999997335e-01 6.500000000000002442e-01 6.158586831341866796e-01
-9.499999999999997335e-01 7.500000000000003331e-01 6.353563692000320229e-01
-9.499999999999997335e-01 8.500000000000001998e-01 5.990797777779361954e-01
-9.499999999999997335e-01 9.500000000000002887e-01 6.271686288340418969e-01
-8.499999999999997558e-01 -9.499999999999998446e-01 5.453813714458011219e-01
-8.499999999999997558e-01 -8.499999999999998668e-01 5.536779793813554340e-01
-8.499999999999997558e-01 -7.499999999999997780e-01 5.866684440033244075e-01
-8.499999999999997558e-01 -6.499999999999998002e-01 6.254968526155514352e-01
-8.499999999999997558e-01 -5.499999999999998224e-01 6.246861272572785673e-01
-8.499999999999997558e-01 -4.499999999999998446e-01 5.865727550546159241e-01
-8.499999999999997558e-01 -3.499999999999997558e-01 5.947398639222218897e-01
-8.499999999999997558e-01 -2.499999999999997780e-01 6.178628617453143512e-01
-8.499999999999997558e-01 -1.499999999999998002e-01 5.910322988402272326e-01
-8.499999999999997558e-01 -4.999999999999982236e-02 5.669983051337875724e-01
-8.499999999999997558e-01 5.000000000000015543e-02 5.716515519940440493e-01
-8.499999999999997558e-01 1.500000000000002442e-01 6.074941132210360806e-01
-8.499999999999997558e-01 2.500000000000003331e-01 6.141030710110738644e-01
-8.499999999999997558e-01 3.500000000000001998e-01 6.241067520585764639e-01
-8.499999999999997558e-01 4.500000000000002887e-01 5.926213643985809298e-01
-8.499999999999997558e-01 5.500000000000001554e-01 5.872949117671122377e-01
-8.499999999999997558e-01 6.500000000000002442e-01 6.185921156343983096e-01
-8.499999999999997558e-01 7.500000000000003331e-01 6.523057179097775382e-01
-8.499999999999997558e-01 8.500000000000001998e-01 5.959413400508891678e-01
-8.499999999999997558e-01 9.500000000000002887e-01 5.453813714458011219e-01
-7.499999999999997780e-01 -9.499999999999998446e-01 6.198162351102317613e-01
-7.499999999999997780e-01 -8.499999999999998668e-01 6.089101196255076731e-01
-7.499999999999997780e-01 -7.499999999999997780e-01 6.083758827954098836e-01
-7.499999999999997780e-01 -6.499999999999998002e-01 6.601717636441126746e-01
-7.499999999999997780e-01 -5.499999999999998224e-01 6.552129602554650489e-01
-7.499999999999997780e-01 -4.499999999999998446e-01 6.291161052211619031e-01
-7.499999999999997780e-01 -3.499999999999997558e-01 6.559729565083515235e-01
-7.499999999999997780e-01 -2.499999999999997780e-01 6.960692298389303811e-01
-7.499999999999997780e-01 -1.499999999999998002e-01 7.013477825670733079e-01
-7.499999999999997780e-01 -4.999999999999982236e-02 7.310025529431508629e-01
-7.499999999999997780e-01 5.000000000000015543e-02 7.533950324320832781e-01
-7.499999999999997780e-01 1.500000000000002442e-01 6.814269480836881998e-01
-7.499999999999997780e-01 2.500000000000003331e-01 6.637656616203299054e-01
-7.499999999999997780e-01 3.500000000000001998e-01 6.307650372538265993e-01
-7.499999999999997780e-01 4.500000000000002887e-01 6.228293566514321311e-01
-7.499999999999997780e-01 5.500000000000001554e-01 6.537979628988734859e-01
-7.499999999999997780e-01 6.500000000000002442e-01 6.551282725896632186e-01
-7.499999999999997780e-01 7.500000000000003331e-01 7.030100966302306187e-01
-7.499999999999997780e-01 8.500000000000001998e-01 6.921718224552119159e-01
-7.499999999999997780e-01 9.500000000000002887e-01 6.282210658665328129e-01
-6.499999999999996891e-01 -9.499999999999998446e-01 1.003676411874729224e+00
-6.499999999999996891e-01 -8.499999999999998668e-01 8.288697319909278383e-01
-6.499999999999996891e-01 -7.499999999999997780e-01 6.797570761487685687e-01
-6.499999999999996891e-01 -6.499999999999998002e-01 6.112013745492329564e-01
-6.499999999999996891e-01 -5.499999999999998224e-01 6.968853712131855005e-01
-6.499999999999996891e-01 -4.499999999999998446e-01 8.072535472296877845e-01
-6.499999999999996891e-01 -3.499999999999997558e-01 7.789854336899546539e-01
-6.499999999999996891e-01 -2.499999999999997780e-01 7.458520794124388065e-01
-6.499999999999996891e-01 -1.499999999999998002e-01 8.357777154140252351e-01
-6.499999999999996891e-01 -4.999999999999982236e-02 8.385574858911547524e-01
-6.499999999999996891e-01 5.000000000000015543e-02 7.515485253324265535e-01
-6.499999999999996891e-01 1.500000000000002442e-01 7.410463681077336107e-01
-6.499999999999996891e-01 2.500000000000003331e-01 7.679465465476144059e-01
-6.499999999999996891e-01 3.500000000000001998e-01 7.325350451231372739e-01
-6.499999999999996891e-01 4.500000000000002887e-01 7.883854611423873893e-01
-6.499999999999996891e-01 5.500000000000001554e-01 7.541133287614268932e-01
-6.499999999999996891e-01 6.500000000000002442e-01 6.697435626968664124e-01
-6.499999999999996891e-01 7.500000000000003331e-01 6.332699876583605114e-01
-6.499999999999996891e-01 8.500000000000001998e-01 7.792039987668303302e-01
-6.499999999999996891e-01 9.500000000000002887e-01 9.884943147261315843e-01
-5.499999999999997113e-01 -9.499999999999998446e-01 1.369340080517480684e+00
-5.499999999999997113e-01 -8.499999999999998668e-01 1.099110623844059109e+00
-5.499999999999997113e-01 -7.499999999999997780e-01 7.309976714325653324e-01
-5.499999999999997113e-01 -6.499999999999998002e-01 5.967317100938980268e-01
-5.499999999999997113e-01 -5.499999999999998224e-01 6.455334250198228041e-01
-5.499999999999997113e-01 -4.499999999999998446e-01 7.444628597308013962e-01
-5.499999999999997113e-01 -3.499999999999997558e-01 7.960903682597966213e-01
-5.499999999999997113e-01 -2.499999999999997780e-01 8.573282811648362811e-01
-5.499999999999997113e-01 -1.499999999999998002e-01 8.024737718817627208e-01
-5.499999999999997113e-01 -4.999999999999982236e-02 7.709307814160653027e-01
-5.499999999999997113e-01 5.000000000000015543e-02 8.734627783385299216e-01
-5.499999999999997113e-01 1.500000000000002442e-01 7.964847391406660870e-01
-5.499999999999997113e-01 2.500000000000003331e-01 7.462533578869675610e-01
-5.499999999999997113e-01 3.500000000000001998e-01 7.918650967116730444e-01
-5.499999999999997113e-01 4.500000000000002887e-01 7.782222364362982869e-01
-5.499999999999997113e-01 5.500000000000001554e-01 6.887341700341800266e-01
-5.499999999999997113e-01 6.500000000000002442e-01 6.384467221565668371e-01
-5.499999999999997113e-01 7.500000000000003331e-01 6.492036890320049825e-01
-5.499999999999997113e-01 8.500000000000001998e-01 7.933485864407701094e-01
-5.499999999999997113e-01 9.500000000000002887e-01 1.050292351763724819e+00
-4.499999999999997335e-01 -9.499999999999998446e-01 6.887211239787339734e-01
-4.499999999999997335e-01 -8.499999999999998668e-01 6.944930890390075273e-01
-4.499999999999997335e-01 -7.499999999999997780e-01 6.711515678443308319e-01
-4.499999999999997335e-01 -6.499999999999998002e-01 6.305205641225414270e-01
-4.499999999999997335e-01 -5.499999999999998224e-01 6.769695282324734720e-01
-4.499999999999997335e-01 -4.499999999999998446e-01 7.071589215783656845e-01
-4.499999999999997335e-01 -3.499999999999997558e-01 6.806982916169982412e-01
-4.499999999999997335e-01 -2.499999999999997780e-01 7.126303209244458925e-01
-4.499999999999997335e-01 -1.499999999999998002e-01 6.755570119560186937e-01
-4.499999999999997335e-01 -4.999999999999982236e-02 7.140033665921323713e-01
-4.499999999999997335e-01 5.000000000000015543e-02 7.151110396828949112e-01
-4.499999999999997335e-01 1.500000000000002442e-01 6.576214504570085939e-01
-4.499999999999997335e-01 2.500000000000003331e-01 7.021319242971949537e-01
-4.499999999999997335e-01 3.500000000000001998e-01 6.982840266526679773e-01
-4.499999999999997335e-01 4.500000000000002887e-01 7.008930744862124085e-01
-4.499999999999997335e-01 5.500000000000001554e-01 6.871936828561535648e-01
-4.499999999999997335e-01 6.500000000000002442e-01 6.464108097635014039e-01
-4.499999999999997335e-01 7.500000000000003331e-01 6.286315757938324422e-01
-4.499999999999997335e-01 8.500000000000001998e-01 7.571132514833529559e-01
-4.499999999999997335e-01 9.500000000000002887e-01 7.633785846412248777e-01
-3.499999999999996447e-01 -9.499999999999998446e-01 5.649076218006318095e-01
-3.499999999999996447e-01 -8.499999999999998668e-01 5.910412070361354964e-01
-3.499999999999996447e-01 -7.499999999999997780e-01 6.002784693698319796e-01
-3.499999999999996447e-01 -6.499999999999998002e-01 6.208701258006734669e-01
-3.499999999999996447e-01 -5.499999999999998224e-01 5.855265858115555888e-01
-3.499999999999996447e-01 -4.499999999999998446e-01 6.013987366776083476e-01
-3.499999999999996447e-01 -3.499999999999997558e-01 6.158586831341866796e-01
-3.499999999999996447e-01 -2.499999999999997780e-01 6.353563692000320229e-01
-3.499999999999996447e-01 -1.499999999999998002e-01 5.990797777779361954e-01
-3.499999999999996447e-01 -4.999999999999982236e-02 6.271686288340418969e-01
-3.499999999999996447e-01 5.000000000000015543e-02 6.449382449711518195e-01
-3.499999999999996447e-01 1.500000000000002442e-01 6.207151684004047487e-01
-3.499999999999996447e-01 2.500000000000003331e-01 6.340719340200016152e-01
-3.499999999999996447e-01 3.500000000000001998e-01 6.157144541613180921e-01
-3.499999999999996447e-01 4.500000000000002887e-01 6.162822208083492681e-01
-3.499999999999996447e-01 5.500000000000001554e-01 6.025837923367305393e-01
-3.499999999999996447e-01 6.500000000000002442e-01 6.004725501649376129e-01
-3.499999999999996447e-01 7.500000000000003331e-01 6.061779636455351117e-01
-3.499999999999996447e-01 8.500000000000001998e-01 5.826225817217994818e-01
-3.499999999999996447e-01 9.500000000000002887e-01 5.450318783586096671e-01
-2.499999999999996669e-01 -9.499999999999998446e-01 5.716515519940440493e-01
-2.499999999999996669e-01 -8.499999999999998668e-01 6.074941132210360806e-01
-2.499999999999996669e-01 -7.499999999999997780e-01 6.246934736394643695e-01
-2.499999999999996669e-01 -6.499999999999998002e-01 6.120230976865038697e-01
-2.499999999999996669e-01 -5.499999999999998224e-01 6.033377723251107660e-01
-2.499999999999996669e-01 -4.499999999999998446e-01 6.056097051878061022e-01
-2.499999999999996669e-01 -3.499999999999997558e-01 6.203037862317836160e-01
-2.499999999999996669e-01 -2.499999999999997780e-01 6.255133604411472481e-01
-2.499999999999996669e-01 -1.499999999999998002e-01 6.305637711119337352e-01
-2.499999999999996669e-01 -4.999999999999982236e-02 5.831386610049288377e-01
-2.499999999999996669e-01 5.000000000000015543e-02 5.514191501392206041e-01
-2.499999999999996669e-01 1.500000000000002442e-01 5.764079462549305255e-01
-2.499999999999996669e-01 2.500000000000003331e-01 6.175207201352018727e-01
-2.499999999999996669e-01 3.500000000000001998e-01 6.328685368245677845e-01
-2.499999999999996669e-01 4.500000000000002887e-01 6.016487252066615721e-01
-2.499999999999996669e-01 5.500000000000001554e-01 6.060667663315493225e-01
-2.499999999999996669e-01 6.500000000000002442e-01 6.175339065936179539e-01
-2.499999999999996669e-01 7.500000000000003331e-01 6.076488357298598375e-01
-2.499999999999996669e-01 8.500000000000001998e-01 5.910322988402272326e-01
-2.499999999999996669e-01 9.500000000000002887e-01 5.669983051337875724e-01
-1.499999999999996891e-01 -9.499999999999998446e-01 7.533950324320832781e-01
-1.499999999999996891e-01 -8.499999999999998668e-01 6.814269480836881998e-01
-1.499999999999996891e-01 -7.499999999999997780e-01 6.637656616203299054e-01
-1.499999999999996891e-01 -6.499999999999998002e-01 6.724497840518307568e-01
-1.499999999999996891e-01 -5.499999999999998224e-01 6.632465470871096169e-01
-1.499999999999996891e-01 -4.499999999999998446e-01 6.772061789246746066e-01
-1.499999999999996891e-01 -3.499999999999997558e-01 6.862020911330859452e-01
-1.499999999999996891e-01 -2.499999999999997780e-01 7.621373873257099030e-01
-1.499999999999996891e-01 -1.499999999999998002e-01 7.291013274492326168e-01
-1.499999999999996891e-01 -4.999999999999982236e-02 7.926484602964203319e-01
-1.499999999999996891e-01 5.000000000000015543e-02 6.924743014129157714e-01
-1.499999999999996891e-01 1.500000000000002442e-01 6.437860075258634573e-01
-1.499999999999996891e-01 2.500000000000003331e-01 6.317615744342646167e-01
-1.499999999999996891e-01 3.500000000000001998e-01 6.216861711673572488e-01
-1.499999999999996891e-01 4.500000000000002887e-01 6.841623860997370077e-01
-1.499999999999996891e-01 5.500000000000001554e-01 6.684080826514613438e-01
-1.499999999999996891e-01 6.500000000000002442e-01 6.684690494189539089e-01
-1.499999999999996891e-01 7.500000000000003331e-01 6.960692298389303811e-01
-1.499999999999996891e-01 8.500000000000001998e-01 7.013477825670733079e-01
-1.499999999999996891e-01 9.500000000000002887e-01 7.310025529431508629e-01
-4.999999999999971134e-02 -9.499999999999998446e-01 8.762901993688326785e-01
-4.999999999999971134e-02 -8.499999999999998668e-01 8.022443018023309724e-01
-4.999999999999971134e-02 -7.499999999999997780e-01 7.570867767339466425e-01
-4.999999999999971134e-02 -6.499999999999998002e-01 7.878108531717147311e-01
-4.999999999999971134e-02 -5.499999999999998224e-01 7.883854611423873893e-01
-4.999999999999971134e-02 -4.499999999999998446e-01 7.541133287614268932e-01
-4.999999999999971134e-02 -3.499999999999997558e-01 6.697435626968664124e-01
-4.999999999999971134e-02 -2.499999999999997780e-01 6.332699876583605114e-01
-4.999999999999971134e-02 -1.499999999999998002e-01 7.792039987668303302e-01
-4.999999999999971134e-02 -4.999999999999982236e-02 9.884943147261315843e-01
-4.999999999999971134e-02 5.000000000000015543e-02 1.003676411874729224e+00
-4.999999999999971134e-02 1.500000000000002442e-01 8.288697319909278383e-01
-4.999999999999971134e-02 2.500000000000003331e-01 6.797570761487685687e-01
-4.999999999999971134e-02 3.500000000000001998e-01 6.112013745492329564e-01
-4.999999999999971134e-02 4.500000000000002887e-01 6.968853712131855005e-01
-4.999999999999971134e-02 5.500000000000001554e-01 8.072535472296877845e-01
-4.999999999999971134e-02 6.500000000000002442e-01 8.166259751839624048e-01
-4.999999999999971134e-02 7.500000000000003331e-01 8.058678761452504613e-01
-4.999999999999971134e-02 8.500000000000001998e-01 8.086913191306454030e-01
-4.999999999999971134e-02 9.500000000000002887e-01 8.296978772343969188e-01
5.000000000000026645e-02 -9.499999999999998446e-01 8.734627783385299216e-01
5.000000000000026645e-02 -8.499999999999998668e-01 7.964847391406660870e-01
5.000000000000026645e-02 -7.499999999999997780e-01 7.462533578869675610e-01
5.000000000000026645e-02 -6.499999999999998002e-01 7.918650967116730444e-01
5.000000000000026645e-02 -5.499999999999998224e-01 7.813209491146494434e-01
5.000000000000026645e-02 -4.499999999999998446e-01 7.391584389707565039e-01
5.000000000000026645e-02 -3.499999999999997558e-01 6.463153216264169165e-01
5.000000000000026645e-02 -2.499999999999997780e-01 6.232706676022715664e-01
5.000000000000026645e-02 -1.499999999999998002e-01 7.487518006235032164e-01
5.000000000000026645e-02 -4.999999999999982236e-02 9.185866057918505856e-01
5.000000000000026645e-02 5.000000000000015543e-02 9.746138597205800114e-01
5.000000000000026645e-02 1.500000000000002442e-01 8.381400660704244610e-01
5.000000000000026645e-02 2.500000000000003331e-01 6.830643208689760604e-01
5.000000000000026645e-02 3.500000000000001998e-01 6.076766400120081624e-01
5.000000000000026645e-02 4.500000000000002887e-01 6.890586297186171993e-01
5.000000000000026645e-02 5.500000000000001554e-01 7.909345660018192170e-01
5.000000000000026645e-02 6.500000000000002442e-01 7.960903682597966213e-01
5.000000000000026645e-02 7.500000000000003331e-01 8.573282811648362811e-01
5.000000000000026645e-02 8.500000000000001998e-01 8.024737718817627208e-01
5.000000000000026645e-02 9.500000000000002887e-01 7.709307814160653027e-01
1.500000000000003553e-01 -9.499999999999998446e-01 7.151110396828949112e-01
1.500000000000003553e-01 -8.499999999999998668e-01 6.576214504570085939e-01
1.500000000000003553e-01 -7.499999999999997780e-01 6.521221235177933062e-01
1.500000000000003553e-01 -6.499999999999998002e-01 6.756300282888466624e-01
1.500000000000003553e-01 -5.499999999999998224e-01 6.547111913557904783e-01
1.500000000000003553e-01 -4.499999999999998446e-01 6.643345063590483379e-01
1.500000000000003553e-01 -3.499999999999997558e-01 6.203527009193077202e-01
1.500000000000003553e-01 -2.499999999999997780e-01 6.595635461187461246e-01
1.500000000000003553e-01 -1.499999999999998002e-01 6.881722401664349675e-01
1.500000000000003553e-01 -4.999999999999982236e-02 7.633785846412248777e-01
1.500000000000003553e-01 5.000000000000015543e-02 6.887211239787339734e-01
1.500000000000003553e-01 1.500000000000002442e-01 6.425947796847403248e-01
1.500000000000003553e-01 2.500000000000003331e-01 6.441040609757906488e-01
1.500000000000003553e-01 3.500000000000001998e-01 6.060370846877158879e-01
1.500000000000003553e-01 4.500000000000002887e-01 6.580489347835696279e-01
1.500000000000003553e-01 5.500000000000001554e-01 6.501078669042638092e-01
1.500000000000003553e-01 6.500000000000002442e-01 6.517974595464525178e-01
1.500000000000003553e-01 7.500000000000003331e-01 6.529665988970964063e-01
1.500000000000003553e-01 8.500000000000001998e-01 6.755570119560186937e-01
1.500000000000003553e-01 9.500000000000002887e-01 7.140033665921323713e-01
2.500000000000004441e-01 -9.499999999999998446e-01 5.431636458916947463e-01
2.500000000000004441e-01 -8.499999999999998668e-01 5.809377401128152929e-01
2.500000000000004441e-01 -7.499999999999997780e-01 6.264597637079165615e-01
2.500000000000004441e-01 -6.499999999999998002e-01 6.273311764483388009e-01
2.500000000000004441e-01 -5.499999999999998224e-01 6.120838751183339532e-01
2.500000000000004441e-01 -4.499999999999998446e-01 6.025837923367305393e-01
2.500000000000004441e-01 -3.499999999999997558e-01 6.004725501649376129e-01
2.500000000000004441e-01 -2.499999999999997780e-01 6.061779636455351117e-01
2.500000000000004441e-01 -1.499999999999998002e-01 5.826225817217994818e-01
2.500000000000004441e-01 -4.999999999999982236e-02 5.450318783586096671e-01
2.500000000000004441e-01 5.000000000000015543e-02 5.649076218006318095e-01
2.500000000000004441e-01 1.500000000000002442e-01 5.910412070361354964e-01
2.500000000000004441e-01 2.500000000000003331e-01 6.002784693698319796e-01
2.500000000000004441e-01 3.500000000000001998e-01 6.208701258006734669e-01
2.500000000000004441e-01 4.500000000000002887e-01 5.855265858115555888e-01
2.500000000000004441e-01 5.500000000000001554e-01 5.882136894503043889e-01
2.500000000000004441e-01 6.500000000000002442e-01 6.286584340565852802e-01
2.500000000000004441e-01 7.500000000000003331e-01 6.368327145393558597e-01
2.500000000000004441e-01 8.500000000000001998e-01 6.302756323350027223e-01
2.500000000000004441e-01 9.500000000000002887e-01 5.514727167816935172e-01
3.500000000000003109e-01 -9.499999999999998446e-01 5.514191501392206041e-01
3.500000000000003109e-01 -8.499999999999998668e-01 5.764079462549305255e-01
3.500000000000003109e-01 -7.499999999999997780e-01 6.175207201352018727e-01
3.500000000000003109e-01 -6.499999999999998002e-01 6.328685368245677845e-01
3.500000000000003109e-01 -5.499999999999998224e-01 6.016487252066615721e-01
3.500000000000003109e-01 -4.499999999999998446e-01 6.176040851954737176e-01
3.500000000000003109e-01 -3.499999999999997558e-01 6.293331084086095650e-01
3.500000000000003109e-01 -2.499999999999997780e-01 6.230662856658215620e-01
3.500000000000003109e-01 -1.499999999999998002e-01 6.071543852197557323e-01
3.500000000000003109e-01 -4.999999999999982236e-02 6.558744940165062154e-01
3.500000000000003109e-01 5.000000000000015543e-02 6.918757408315135971e-01
3.500000000000003109e-01 1.500000000000002442e-01 6.388218974561218344e-01
3.500000000000003109e-01 2.500000000000003331e-01 6.211281010702962568e-01
3.500000000000003109e-01 3.500000000000001998e-01 5.997453420624008213e-01
3.500000000000003109e-01 4.500000000000002887e-01 6.149523929475116946e-01
3.500000000000003109e-01 5.500000000000001554e-01 6.056097051878061022e-01
3.500000000000003109e-01 6.500000000000002442e-01 6.203037862317836160e-01
3.500000000000003109e-01 7.500000000000003331e-01 6.255133604411472481e-01
3.500000000000003109e-01 8.500000000000001998e-01 6.305637711119337352e-01
3.500000000000003109e-01 9.500000000000002887e-01 5.831386610049288377e-01
4.500000000000003997e-01 -9.499999999999998446e-01 6.924743014129157714e-01
4.500000000000003997e-01 -8.499999999999998668e-01 6.903630307304534641e-01
4.500000000000003997e-01 -7.499999999999997780e-01 6.671670748565335929e-01
4.500000000000003997e-01 -6.499999999999998002e-01 6.349428548003616113e-01
4.500000000000003997e-01 -5.499999999999998224e-01 7.050928506973218601e-01
4.500000000000003997e-01 -4.499999999999998446e-01 7.220661343256150611e-01
4.500000000000003997e-01 -3.499999999999997558e-01 7.167036244744542373e-01
4.500000000000003997e-01 -2.499999999999997780e-01 7.556114785508080134e-01
4.500000000000003997e-01 -1.499999999999998002e-01 7.013477825670733079e-01
4.500000000000003997e-01 -4.999999999999982236e-02 7.310025529431508629e-01
4.500000000000003997e-01 5.000000000000015543e-02 7.533950324320832781e-01
4.500000000000003997e-01 1.500000000000002442e-01 6.814269480836881998e-01
4.500000000000003997e-01 2.500000000000003331e-01 7.174804864040759123e-01
4.500000000000003997e-01 3.500000000000001998e-01 7.060194811237709978e-01
4.500000000000003997e-01 4.500000000000002887e-01 7.134431266796866788e-01
4.500000000000003997e-01 5.500000000000001554e-01 7.025724679748008850e-01
4.500000000000003997e-01 6.500000000000002442e-01 6.791751886327491716e-01
4.500000000000003997e-01 7.500000000000003331e-01 6.989263300537860157e-01
4.500000000000003997e-01 8.500000000000001998e-01 8.251608566153038060e-01
4.500000000000003997e-01 9.500000000000002887e-01 7.926484602964203319e-01
5.500000000000002665e-01 -9.499999999999998446e-01 1.369340080517480684e+00
5.500000000000002665e-01 -8.499999999999998668e-01 1.100811060963390320e+00
5.500000000000002665e-01 -7.499999999999997780e-01 7.251462381628667186e-01
5.500000000000002665e-01 -6.499999999999998002e-01 5.987090810555362186e-01
5.500000000000002665e-01 -5.499999999999998224e-01 6.540347578468872491e-01
5.500000000000002665e-01 -4.499999999999998446e-01 7.485649536542753335e-01
5.500000000000002665e-01 -3.499999999999997558e-01 8.166259751839624048e-01
5.500000000000002665e-01 -2.499999999999997780e-01 8.058678761452504613e-01
5.500000000000002665e-01 -1.499999999999998002e-01 8.086913191306454030e-01
5.500000000000002665e-01 -4.999999999999982236e-02 8.296978772343969188e-01
5.500000000000002665e-01 5.000000000000015543e-02 8.762901993688326785e-01
5.500000000000002665e-01 1.500000000000002442e-01 8.022443018023309724e-01
5.500000000000002665e-01 2.500000000000003331e-01 7.570867767339466425e-01
5.500000000000002665e-01 3.500000000000001998e-01 7.878108531717147311e-01
5.500000000000002665e-01 4.500000000000002887e-01 7.860866224599682983e-01
5.500000000000002665e-01 5.500000000000001554e-01 7.034695162860415962e-01
5.500000000000002665e-01 6.500000000000002442e-01 6.412269517899850113e-01
5.500000000000002665e-01 7.500000000000003331e-01 6.542046423824601220e-01
5.500000000000002665e-01 8.500000000000001998e-01 8.303165854394740641e-01
5.500000000000002665e-01 9.500000000000002887e-01 1.050292351763724819e+00
6.500000000000003553e-01 -9.499999999999998446e-01 9.746138597205800114e-01
6.500000000000003553e-01 -8.499999999999998668e-01 8.381400660704244610e-01
6.500000000000003553e-01 -7.499999999999997780e-01 6.830643208689760604e-01
6.500000000000003553e-01 -6.499999999999998002e-01 6.076766400120081624e-01
6.500000000000003553e-01 -5.499999999999998224e-01 6.890586297186171993e-01
6.500000000000003553e-01 -4.499999999999998446e-01 7.909345660018192170e-01
6.500000000000003553e-01 -3.499999999999997558e-01 7.549603034779737154e-01
6.500000000000003553e-01 -2.499999999999997780e-01 7.351817459487872686e-01
6.500000000000003553e-01 -1.499999999999998002e-01 8.170134050975127460e-01
6.500000000000003553e-01 -4.999999999999982236e-02 7.560206296418169325e-01
6.500000000000003553e-01 5.000000000000015543e-02 6.948488629621811796e-01
6.500000000000003553e-01 1.500000000000002442e-01 7.278020623913695752e-01
6.500000000000003553e-01 2.500000000000003331e-01 7.606375894276355965e-01
6.500000000000003553e-01 3.500000000000001998e-01 7.284449841672399062e-01
6.500000000000003553e-01 4.500000000000002887e-01 7.813209491146494434e-01
6.500000000000003553e-01 5.500000000000001554e-01 7.391584389707565039e-01
6.500000000000003553e-01 6.500000000000002442e-01 6.463153216264169165e-01
6.500000000000003553e-01 7.500000000000003331e-01 6.232706676022715664e-01
6.500000000000003553e-01 8.500000000000001998e-01 7.487518006235032164e-01
6.500000000000003553e-01 9.500000000000002887e-01 9.185866057918505856e-01
7.500000000000004441e-01 -9.499999999999998446e-01 6.052704319915549469e-01
7.500000000000004441e-01 -8.499999999999998668e-01 6.270324080360977215e-01
7.500000000000004441e-01 -7.499999999999997780e-01 6.040100048905172603e-01
7.500000000000004441e-01 -6.499999999999998002e-01 6.165126974376193836e-01
7.500000000000004441e-01 -5.499999999999998224e-01 6.349081162670383582e-01
7.500000000000004441e-01 -4.499999999999998446e-01 6.164389980026784288e-01
7.500000000000004441e-01 -3.499999999999997558e-01 6.398338906230949252e-01
7.500000000000004441e-01 -2.499999999999997780e-01 6.529665988970964063e-01
7.500000000000004441e-01 -1.499999999999998002e-01 6.755570119560186937e-01
7.500000000000004441e-01 -4.999999999999982236e-02 7.140033665921323713e-01
7.500000000000004441e-01 5.000000000000015543e-02 7.151110396828949112e-01
7.500000000000004441e-01 1.500000000000002442e-01 6.576214504570085939e-01
7.500000000000004441e-01 2.500000000000003331e-01 6.521221235177933062e-01
7.500000000000004441e-01 3.500000000000001998e-01 6.413609379228182306e-01
7.500000000000004441e-01 4.500000000000002887e-01 6.306770267635692928e-01
7.500000000000004441e-01 5.500000000000001554e-01 6.451389942761193153e-01
7.500000000000004441e-01 6.500000000000002442e-01 6.432361341969123902e-01
7.500000000000004441e-01 7.500000000000003331e-01 6.055293225527880185e-01
7.500000000000004441e-01 8.500000000000001998e-01 6.302972447959976909e-01
7.500000000000004441e-01 9.500000000000002887e-01 5.901856132199695404e-01
8.500000000000003109e-01 -9.499999999999998446e-01 5.552257928031515410e-01
8.500000000000003109e-01 -8.499999999999998668e-01 5.789707117672733272e-01
8.500000000000003109e-01 -7.499999999999997780e-01 5.984823358965613016e-01
8.500000000000003109e-01 -6.499999999999998002e-01 6.173412397602110468e-01
8.500000000000003109e-01 -5.499999999999998224e-01 6.126751329732801343e-01
8.500000000000003109e-01 -4.499999999999998446e-01 5.699887663944049887e-01
8.500000000000003109e-01 -3.499999999999997558e-01 5.986168915672425150e-01
8.500000000000003109e-01 -2.499999999999997780e-01 6.478574054748713618e-01
8.500000000000003109e-01 -1.499999999999998002e-01 6.302756323350027223e-01
8.500000000000003109e-01 -4.999999999999982236e-02 5.514727167816935172e-01
8.500000000000003109e-01 5.000000000000015543e-02 5.431636458916947463e-01
8.500000000000003109e-01 1.500000000000002442e-01 5.809377401128152929e-01
8.500000000000003109e-01 2.500000000000003331e-01 6.169286650773878611e-01
8.500000000000003109e-01 3.500000000000001998e-01 6.316085778344640023e-01
8.500000000000003109e-01 4.500000000000002887e-01 6.043815452234275742e-01
8.500000000000003109e-01 5.500000000000001554e-01 5.812697233514065864e-01
8.500000000000003109e-01 6.500000000000002442e-01 5.998665113501967516e-01
8.500000000000003109e-01 7.500000000000003331e-01 6.086539042140375333e-01
8.500000000000003109e-01 8.500000000000001998e-01 5.568185893713153423e-01
8.500000000000003109e-01 9.500000000000002887e-01 5.552257928031515410e-01
9.500000000000003997e-01 -9.499999999999998446e-01 6.918757408315135971e-01
9.500000000000003997e-01 -8.499999999999998668e-01 6.388218974561218344e-01
9.500000000000003997e-01 -7.499999999999997780e-01 6.211281010702962568e-01
9.500000000000003997e-01 -6.499999999999998002e-01 5.997453420624008213e-01
9.500000000000003997e-01 -5.499999999999998224e-01 6.149523929475116946e-01
9.500000000000003997e-01 -4.499999999999998446e-01 6.420483970084670533e-01
9.500000000000003997e-01 -3.499999999999997558e-01 6.312327856034604112e-01
9.500000000000003997e-01 -2.499999999999997780e-01 7.030100966302306187e-01
9.500000000000003997e-01 -1.499999999999998002e-01 6.921718224552119159e-01
9.500000000000003997e-01 -4.999999999999982236e-02 6.282210658665328129e-01
9.500000000000003997e-01 5.000000000000015543e-02 6.198162351102317613e-01
9.500000000000003997e-01 1.500000000000002442e-01 6.089101196255076731e-01
9.500000000000003997e-01 2.500000000000003331e-01 6.083758827954098836e-01
9.500000000000003997e-01 3.500000000000001998e-01 6.315847212520249165e-01
9.500000000000003997e-01 4.500000000000002887e-01 6.396331321221473409e-01
9.500000000000003997e-01 5.500000000000001554e-01 6.176040851954737176e-01
9.500000000000003997e-01 6.500000000000002442e-01 6.293331084086095650e-01
9.500000000000003997e-01 7.500000000000003331e-01 6.230662856658215620e-01
9.500000000000003997e-01 8.500000000000001998e-01 6.071543852197557323e-01
9.500000000000003997e-01 9.500000000000002887e-01 6.558744940165062154e-01
