-9.499999999999997335e-01 -9.499999999999998446e-01 3.986724056802121163e-01
-9.499999999999997335e-01 -8.499999999999998668e-01 3.508221703182486939e-01
-9.499999999999997335e-01 -7.499999999999997780e-01 2.973716023722772217e-01
-9.499999999999997335e-01 -6.499999999999998002e-01 2.654832182149353681e-01
-9.499999999999997335e-01 -5.499999999999998224e-01 2.533672779619640103e-01
-9.499999999999997335e-01 -4.499999999999998446e-01 2.792317750424951339e-01
-9.499999999999997335e-01 -3.499999999999997558e-01 3.489076213899158785e-01
-9.499999999999997335e-01 -2.499999999999997780e-01 4.701191700025620923e-01
-9.499999999999997335e-01 -1.499999999999998002e-01 7.542219940531450506e-01
-9.499999999999997335e-01 -4.999999999999982236e-02 1.015025863514528837e+00
-9.499999999999997335e-01 5.000000000000015543e-02 1.202966668764403169e+00
-9.499999999999997335e-01 1.500000000000002442e-01 8.961209385911533820e-01
-9.499999999999997335e-01 2.500000000000003331e-01 5.549386003047641625e-01
-9.499999999999997335e-01 3.500000000000001998e-01 4.306849562829186961e-01
-9.499999999999997335e-01 4.500000000000002887e-01 3.055610318750073828e-01
-9.499999999999997335e-01 5.500000000000001554e-01 2.685150789624721757e-01
-9.499999999999997335e-01 6.500000000000002442e-01 2.554261737014643097e-01
-9.499999999999997335e-01 7.500000000000003331e-01 2.916507422282014206e-01
-9.499999999999997335e-01 8.500000000000001998e-01 3.331039327445322051e-01
-9.499999999999997335e-01 9.500000000000002887e-01 4.060527254521668072e-01
-8.499999999999997558e-01 -9.499999999999998446e-01 6.653399808610024335e-01
-8.499999999999997558e-01 -8.499999999999998668e-01 6.072884892693215519e-01
-8.499999999999997558e-01 -7.499999999999997780e-01 5.230224017321485341e-01
-8.499999999999997558e-01 -6.499999999999998002e-01 3.523200712316325034e-01
-8.499999999999997558e-01 -5.499999999999998224e-01 2.800805689422565803e-01
-8.499999999999997558e-01 -4.499999999999998446e-01 2.586366431204610294e-01
-8.499999999999997558e-01 -3.499999999999997558e-01 2.720429414941853974e-01
-8.499999999999997558e-01 -2.499999999999997780e-01 3.204455427035139969e-01
-8.499999999999997558e-01 -1.499999999999998002e-01 4.064886292497883469e-01
-8.499999999999997558e-01 -4.999999999999982236e-02 5.000060093423226437e-01
-8.499999999999997558e-01 5.000000000000015543e-02 5.516273896990818715e-01
-8.499999999999997558e-01 1.500000000000002442e-01 4.772715803945651314e-01
-8.499999999999997558e-01 2.500000000000003331e-01 3.750999450073472796e-01
-8.499999999999997558e-01 3.500000000000001998e-01 3.087170662227158302e-01
-8.499999999999997558e-01 4.500000000000002887e-01 2.627274494745491240e-01
-8.499999999999997558e-01 5.500000000000001554e-01 2.750579828158164486e-01
-8.499999999999997558e-01 6.500000000000002442e-01 3.261616677992449365e-01
-8.499999999999997558e-01 7.500000000000003331e-01 4.867611491593873407e-01
-8.499999999999997558e-01 8.500000000000001998e-01 6.040407958669352650e-01
-8.499999999999997558e-01 9.500000000000002887e-01 6.653399808610024335e-01
-7.499999999999997780e-01 -9.499999999999998446e-01 1.216999276535981167e+00
-7.499999999999997780e-01 -8.499999999999998668e-01 8.516506723789524225e-01
-7.499999999999997780e-01 -7.499999999999997780e-01 5.459227327214548620e-01
-7.499999999999997780e-01 -6.499999999999998002e-01 3.804570191433601645e-01
-7.499999999999997780e-01 -5.499999999999998224e-01 2.841880326028905501e-01
-7.499999999999997780e-01 -4.499999999999998446e-01 2.429733444585031044e-01
-7.499999999999997780e-01 -3.499999999999997558e-01 2.516275052800355794e-01
-7.499999999999997780e-01 -2.499999999999997780e-01 2.467368956658516077e-01
-7.499999999999997780e-01 -1.499999999999998002e-01 2.726004361438141843e-01
-7.499999999999997780e-01 -4.999999999999982236e-02 2.934246177401603761e-01
-7.499999999999997780e-01 5.000000000000015543e-02 3.086155874920373798e-01
-7.499999999999997780e-01 1.500000000000002442e-01 2.900427279345053067e-01
-7.499999999999997780e-01 2.500000000000003331e-01 2.601630872689170704e-01
-7.499999999999997780e-01 3.500000000000001998e-01 2.591909088419667162e-01
-7.499999999999997780e-01 4.500000000000002887e-01 2.537418605414186734e-01
-7.499999999999997780e-01 5.500000000000001554e-01 2.683245494152564081e-01
-7.499999999999997780e-01 6.500000000000002442e-01 3.624920445331858421e-01
-7.499999999999997780e-01 7.500000000000003331e-01 5.392482440034964686e-01
-7.499999999999997780e-01 8.500000000000001998e-01 7.871906172228915199e-01
-7.499999999999997780e-01 9.500000000000002887e-01 1.035311305903790169e+00
-6.499999999999996891e-01 -9.499999999999998446e-01 1.564465622055419614e+00
-6.499999999999996891e-01 -8.499999999999998668e-01 1.177066153744246613e+00
-6.499999999999996891e-01 -7.499999999999997780e-01 8.714180694714562803e-01
-6.499999999999996891e-01 -6.499999999999998002e-01 4.094258421602569586e-01
-6.499999999999996891e-01 -5.499999999999998224e-01 2.997383403412022806e-01
-6.499999999999996891e-01 -4.499999999999998446e-01 2.375365225991222795e-01
-6.499999999999996891e-01 -3.499999999999997558e-01 2.291582598723447273e-01
-6.499999999999996891e-01 -2.499999999999997780e-01 2.301032556070906898e-01
-6.499999999999996891e-01 -1.499999999999998002e-01 2.435893036199269501e-01
-6.499999999999996891e-01 -4.999999999999982236e-02 2.596227902608754246e-01
-6.499999999999996891e-01 5.000000000000015543e-02 2.603649248017455009e-01
-6.499999999999996891e-01 1.500000000000002442e-01 2.517805330269185515e-01
-6.499999999999996891e-01 2.500000000000003331e-01 2.362636854247335827e-01
-6.499999999999996891e-01 3.500000000000001998e-01 2.292633032172717855e-01
-6.499999999999996891e-01 4.500000000000002887e-01 2.329675480086256245e-01
-6.499999999999996891e-01 5.500000000000001554e-01 2.672395361836403804e-01
-6.499999999999996891e-01 6.500000000000002442e-01 4.025072612539918326e-01
-6.499999999999996891e-01 7.500000000000003331e-01 6.658782562298355412e-01
-6.499999999999996891e-01 8.500000000000001998e-01 1.369868082709869039e+00
-6.499999999999996891e-01 9.500000000000002887e-01 1.604306205283898557e+00
-5.499999999999997113e-01 -9.499999999999998446e-01 1.870727623618216207e+00
-5.499999999999997113e-01 -8.499999999999998668e-01 1.661803012731533080e+00
-5.499999999999997113e-01 -7.499999999999997780e-01 1.042786560622638747e+00
-5.499999999999997113e-01 -6.499999999999998002e-01 5.698773611392919936e-01
-5.499999999999997113e-01 -5.499999999999998224e-01 3.642982552628845627e-01
-5.499999999999997113e-01 -4.499999999999998446e-01 2.589672718780667293e-01
-5.499999999999997113e-01 -3.499999999999997558e-01 2.288279640673311632e-01
-5.499999999999997113e-01 -2.499999999999997780e-01 2.242868642473396790e-01
-5.499999999999997113e-01 -1.499999999999998002e-01 2.338855672853188128e-01
-5.499999999999997113e-01 -4.999999999999982236e-02 2.421813402690625727e-01
-5.499999999999997113e-01 5.000000000000015543e-02 2.442123713124213780e-01
-5.499999999999997113e-01 1.500000000000002442e-01 2.350547254311669554e-01
-5.499999999999997113e-01 2.500000000000003331e-01 2.249758206441700159e-01
-5.499999999999997113e-01 3.500000000000001998e-01 2.220218665762924704e-01
-5.499999999999997113e-01 4.500000000000002887e-01 2.433219963139316988e-01
-5.499999999999997113e-01 5.500000000000001554e-01 3.159898911534400612e-01
-5.499999999999997113e-01 6.500000000000002442e-01 4.880512096386003251e-01
-5.499999999999997113e-01 7.500000000000003331e-01 9.425115446504460648e-01
-5.499999999999997113e-01 8.500000000000001998e-01 1.478512741958341259e+00
-5.499999999999997113e-01 9.500000000000002887e-01 1.664730656395826403e+00
-4.499999999999997335e-01 -9.499999999999998446e-01 1.415289124992302749e+00
-4.499999999999997335e-01 -8.499999999999998668e-01 1.064958313471318307e+00
-4.499999999999997335e-01 -7.499999999999997780e-01 6.960537193979413617e-01
-4.499999999999997335e-01 -6.499999999999998002e-01 4.418624442800784813e-01
-4.499999999999997335e-01 -5.499999999999998224e-01 2.888327553994388674e-01
-4.499999999999997335e-01 -4.499999999999998446e-01 2.467301894380833083e-01
-4.499999999999997335e-01 -3.499999999999997558e-01 2.360228191899031436e-01
-4.499999999999997335e-01 -2.499999999999997780e-01 2.501902317157180256e-01
-4.499999999999997335e-01 -1.499999999999998002e-01 2.837931507696941358e-01
-4.499999999999997335e-01 -4.999999999999982236e-02 3.003393129783939464e-01
-4.499999999999997335e-01 5.000000000000015543e-02 3.102796208235111819e-01
-4.499999999999997335e-01 1.500000000000002442e-01 2.871446490123404915e-01
-4.499999999999997335e-01 2.500000000000003331e-01 2.525308001846557349e-01
-4.499999999999997335e-01 3.500000000000001998e-01 2.371035695469262683e-01
-4.499999999999997335e-01 4.500000000000002887e-01 2.338730771565336319e-01
-4.499999999999997335e-01 5.500000000000001554e-01 2.659610959761918303e-01
-4.499999999999997335e-01 6.500000000000002442e-01 3.461471291680470741e-01
-4.499999999999997335e-01 7.500000000000003331e-01 5.413413902439344616e-01
-4.499999999999997335e-01 8.500000000000001998e-01 9.437821909211469018e-01
-4.499999999999997335e-01 9.500000000000002887e-01 1.481380792664309887e+00
-3.499999999999996447e-01 -9.499999999999998446e-01 7.505150520671035608e-01
-3.499999999999996447e-01 -8.499999999999998668e-01 7.033574938900182261e-01
-3.499999999999996447e-01 -7.499999999999997780e-01 5.003334753434071080e-01
-3.499999999999996447e-01 -6.499999999999998002e-01 3.285693753816751328e-01
-3.499999999999996447e-01 -5.499999999999998224e-01 2.760879140234655527e-01
-3.499999999999996447e-01 -4.499999999999998446e-01 2.685150789624721757e-01
-3.499999999999996447e-01 -3.499999999999997558e-01 2.554261737014643097e-01
-3.499999999999996447e-01 -2.499999999999997780e-01 2.916507422282014206e-01
-3.499999999999996447e-01 -1.499999999999998002e-01 3.331039327445322051e-01
-3.499999999999996447e-01 -4.999999999999982236e-02 4.060527254521668072e-01
-3.499999999999996447e-01 5.000000000000015543e-02 3.986724056802121163e-01
-3.499999999999996447e-01 1.500000000000002442e-01 3.508221703182486939e-01
-3.499999999999996447e-01 2.500000000000003331e-01 2.973716023722772217e-01
-3.499999999999996447e-01 3.500000000000001998e-01 2.654832182149353681e-01
-3.499999999999996447e-01 4.500000000000002887e-01 2.533672779619640103e-01
-3.499999999999996447e-01 5.500000000000001554e-01 2.579166850605226213e-01
-3.499999999999996447e-01 6.500000000000002442e-01 2.970412815897828795e-01
-3.499999999999996447e-01 7.500000000000003331e-01 3.761893767493447172e-01
-3.499999999999996447e-01 8.500000000000001998e-01 5.487383870416041587e-01
-3.499999999999996447e-01 9.500000000000002887e-01 7.529034492512878263e-01
-2.499999999999996669e-01 -9.499999999999998446e-01 5.516273896990818715e-01
-2.499999999999996669e-01 -8.499999999999998668e-01 4.772715803945651314e-01
-2.499999999999996669e-01 -7.499999999999997780e-01 3.583911157135064030e-01
-2.499999999999996669e-01 -6.499999999999998002e-01 3.159634270038969017e-01
-2.499999999999996669e-01 -5.499999999999998224e-01 2.665705871620314693e-01
-2.499999999999996669e-01 -4.499999999999998446e-01 2.662583077651157204e-01
-2.499999999999996669e-01 -3.499999999999997558e-01 3.078567826211365821e-01
-2.499999999999996669e-01 -2.499999999999997780e-01 4.579639926189155164e-01
-2.499999999999996669e-01 -1.499999999999998002e-01 6.392359734567402141e-01
-2.499999999999996669e-01 -4.999999999999982236e-02 7.674901809487778559e-01
-2.499999999999996669e-01 5.000000000000015543e-02 7.466949761867300861e-01
-2.499999999999996669e-01 1.500000000000002442e-01 7.025360732216822113e-01
-2.499999999999996669e-01 2.500000000000003331e-01 4.860536917507515264e-01
-2.499999999999996669e-01 3.500000000000001998e-01 3.195698343696921628e-01
-2.499999999999996669e-01 4.500000000000002887e-01 2.690403655799351590e-01
-2.499999999999996669e-01 5.500000000000001554e-01 2.592199454654229296e-01
-2.499999999999996669e-01 6.500000000000002442e-01 2.713992256015111404e-01
-2.499999999999996669e-01 7.500000000000003331e-01 3.255074938691150388e-01
-2.499999999999996669e-01 8.500000000000001998e-01 4.064886292497883469e-01
-2.499999999999996669e-01 9.500000000000002887e-01 5.000060093423226437e-01
-1.499999999999996891e-01 -9.499999999999998446e-01 3.086155874920373798e-01
-1.499999999999996891e-01 -8.499999999999998668e-01 2.900427279345053067e-01
-1.499999999999996891e-01 -7.499999999999997780e-01 2.601630872689170704e-01
-1.499999999999996891e-01 -6.499999999999998002e-01 2.416986852501669947e-01
-1.499999999999996891e-01 -5.499999999999998224e-01 2.553343788187069641e-01
-1.499999999999996891e-01 -4.499999999999998446e-01 3.147613035589735264e-01
-1.499999999999996891e-01 -3.499999999999997558e-01 4.534381109729211934e-01
-1.499999999999996891e-01 -2.499999999999997780e-01 7.167970732084978369e-01
-1.499999999999996891e-01 -1.499999999999998002e-01 1.034825412983315429e+00
-1.499999999999996891e-01 -4.999999999999982236e-02 1.484918483804178235e+00
-1.499999999999996891e-01 5.000000000000015543e-02 1.387320926121849984e+00
-1.499999999999996891e-01 1.500000000000002442e-01 1.206627550398860382e+00
-1.499999999999996891e-01 2.500000000000003331e-01 7.221786138492786167e-01
-1.499999999999996891e-01 3.500000000000001998e-01 4.875930980815553761e-01
-1.499999999999996891e-01 4.500000000000002887e-01 3.460796652099820125e-01
-1.499999999999996891e-01 5.500000000000001554e-01 2.524394566398457385e-01
-1.499999999999996891e-01 6.500000000000002442e-01 2.396736271756108871e-01
-1.499999999999996891e-01 7.500000000000003331e-01 2.467368956658516077e-01
-1.499999999999996891e-01 8.500000000000001998e-01 2.726004361438141843e-01
-1.499999999999996891e-01 9.500000000000002887e-01 2.934246177401603761e-01
-4.999999999999971134e-02 -9.499999999999998446e-01 2.437695776082502153e-01
-4.999999999999971134e-02 -8.499999999999998668e-01 2.355034952185830477e-01
-4.999999999999971134e-02 -7.499999999999997780e-01 2.247547703291434829e-01
-4.999999999999971134e-02 -6.499999999999998002e-01 2.230695076463818927e-01
-4.999999999999971134e-02 -5.499999999999998224e-01 2.329675480086256245e-01
-4.999999999999971134e-02 -4.499999999999998446e-01 2.672395361836403804e-01
-4.999999999999971134e-02 -3.499999999999997558e-01 4.025072612539918326e-01
-4.999999999999971134e-02 -2.499999999999997780e-01 6.658782562298355412e-01
-4.999999999999971134e-02 -1.499999999999998002e-01 1.369868082709869039e+00
-4.999999999999971134e-02 -4.999999999999982236e-02 1.604306205283898557e+00
-4.999999999999971134e-02 5.000000000000015543e-02 1.564465622055419614e+00
-4.999999999999971134e-02 1.500000000000002442e-01 1.177066153744246613e+00
-4.999999999999971134e-02 2.500000000000003331e-01 8.714180694714562803e-01
-4.999999999999971134e-02 3.500000000000001998e-01 4.094258421602569586e-01
-4.999999999999971134e-02 4.500000000000002887e-01 2.997383403412022806e-01
-4.999999999999971134e-02 5.500000000000001554e-01 2.375365225991222795e-01
-4.999999999999971134e-02 6.500000000000002442e-01 2.274889887334642369e-01
-4.999999999999971134e-02 7.500000000000003331e-01 2.239945178447055596e-01
-4.999999999999971134e-02 8.500000000000001998e-01 2.322223762896796495e-01
-4.999999999999971134e-02 9.500000000000002887e-01 2.414747506742066507e-01
5.000000000000026645e-02 -9.499999999999998446e-01 2.442123713124213780e-01
5.000000000000026645e-02 -8.499999999999998668e-01 2.350547254311669554e-01
5.000000000000026645e-02 -7.499999999999997780e-01 2.249758206441700159e-01
5.000000000000026645e-02 -6.499999999999998002e-01 2.220218665762924704e-01
5.000000000000026645e-02 -5.499999999999998224e-01 2.315786654247104781e-01
5.000000000000026645e-02 -4.499999999999998446e-01 2.642379728920520865e-01
5.000000000000026645e-02 -3.499999999999997558e-01 3.766392794514636932e-01
5.000000000000026645e-02 -2.499999999999997780e-01 6.274520643529060138e-01
5.000000000000026645e-02 -1.499999999999998002e-01 1.346782450599998571e+00
5.000000000000026645e-02 -4.999999999999982236e-02 1.568498030276882949e+00
5.000000000000026645e-02 5.000000000000015543e-02 1.536731029600615583e+00
5.000000000000026645e-02 1.500000000000002442e-01 1.238845135619610405e+00
5.000000000000026645e-02 2.500000000000003331e-01 8.749128177880076684e-01
5.000000000000026645e-02 3.500000000000001998e-01 4.138622389917555600e-01
5.000000000000026645e-02 4.500000000000002887e-01 3.025195586835998651e-01
5.000000000000026645e-02 5.500000000000001554e-01 2.396611832243733808e-01
5.000000000000026645e-02 6.500000000000002442e-01 2.288279640673311632e-01
5.000000000000026645e-02 7.500000000000003331e-01 2.242868642473396790e-01
5.000000000000026645e-02 8.500000000000001998e-01 2.338855672853188128e-01
5.000000000000026645e-02 9.500000000000002887e-01 2.421813402690625727e-01
1.500000000000003553e-01 -9.499999999999998446e-01 3.102796208235111819e-01
1.500000000000003553e-01 -8.499999999999998668e-01 2.871446490123404915e-01
1.500000000000003553e-01 -7.499999999999997780e-01 2.573065114140606902e-01
1.500000000000003553e-01 -6.499999999999998002e-01 2.377431279766756000e-01
1.500000000000003553e-01 -5.499999999999998224e-01 2.507605902352547655e-01
1.500000000000003553e-01 -4.499999999999998446e-01 2.881848305580291258e-01
1.500000000000003553e-01 -3.499999999999997558e-01 4.053849198815365207e-01
1.500000000000003553e-01 -2.499999999999997780e-01 6.687492555401034489e-01
1.500000000000003553e-01 -1.499999999999998002e-01 9.998885609683639819e-01
1.500000000000003553e-01 -4.999999999999982236e-02 1.481380792664309887e+00
1.500000000000003553e-01 5.000000000000015543e-02 1.415289124992302749e+00
1.500000000000003553e-01 1.500000000000002442e-01 1.213888823067287959e+00
1.500000000000003553e-01 2.500000000000003331e-01 7.488713777210358469e-01
1.500000000000003553e-01 3.500000000000001998e-01 4.944694480312507578e-01
1.500000000000003553e-01 4.500000000000002887e-01 3.553886256950331002e-01
1.500000000000003553e-01 5.500000000000001554e-01 2.562406519837744923e-01
1.500000000000003553e-01 6.500000000000002442e-01 2.456192530412273922e-01
1.500000000000003553e-01 7.500000000000003331e-01 2.508943752008709893e-01
1.500000000000003553e-01 8.500000000000001998e-01 2.837931507696941358e-01
1.500000000000003553e-01 9.500000000000002887e-01 3.003393129783939464e-01
2.500000000000004441e-01 -9.499999999999998446e-01 5.618946847403472056e-01
2.500000000000004441e-01 -8.499999999999998668e-01 4.707591006039332782e-01
2.500000000000004441e-01 -7.499999999999997780e-01 3.529424580619707763e-01
2.500000000000004441e-01 -6.499999999999998002e-01 3.086264601123920870e-01
2.500000000000004441e-01 -5.499999999999998224e-01 2.634987654549135194e-01
2.500000000000004441e-01 -4.499999999999998446e-01 2.579166850605226213e-01
2.500000000000004441e-01 -3.499999999999997558e-01 2.970412815897828795e-01
2.500000000000004441e-01 -2.499999999999997780e-01 3.761893767493447172e-01
2.500000000000004441e-01 -1.499999999999998002e-01 5.487383870416041587e-01
2.500000000000004441e-01 -4.999999999999982236e-02 7.529034492512878263e-01
2.500000000000004441e-01 5.000000000000015543e-02 7.505150520671035608e-01
2.500000000000004441e-01 1.500000000000002442e-01 7.033574938900182261e-01
2.500000000000004441e-01 2.500000000000003331e-01 5.003334753434071080e-01
2.500000000000004441e-01 3.500000000000001998e-01 3.285693753816751328e-01
2.500000000000004441e-01 4.500000000000002887e-01 2.760879140234655527e-01
2.500000000000004441e-01 5.500000000000001554e-01 2.633640875060661024e-01
2.500000000000004441e-01 6.500000000000002442e-01 2.869645755554403599e-01
2.500000000000004441e-01 7.500000000000003331e-01 3.412282358321874765e-01
2.500000000000004441e-01 8.500000000000001998e-01 4.750733377137297819e-01
2.500000000000004441e-01 9.500000000000002887e-01 5.480767437544621368e-01
3.500000000000003109e-01 -9.499999999999998446e-01 7.466949761867300861e-01
3.500000000000003109e-01 -8.499999999999998668e-01 7.025360732216822113e-01
3.500000000000003109e-01 -7.499999999999997780e-01 4.860536917507515264e-01
3.500000000000003109e-01 -6.499999999999998002e-01 3.195698343696921628e-01
3.500000000000003109e-01 -5.499999999999998224e-01 2.690403655799351590e-01
3.500000000000003109e-01 -4.499999999999998446e-01 2.618993485410793243e-01
3.500000000000003109e-01 -3.499999999999997558e-01 2.507353515007670341e-01
3.500000000000003109e-01 -2.499999999999997780e-01 2.759975086578030923e-01
3.500000000000003109e-01 -1.499999999999998002e-01 3.196020747306975718e-01
3.500000000000003109e-01 -4.999999999999982236e-02 3.764273857898281506e-01
3.500000000000003109e-01 5.000000000000015543e-02 3.886651232274956902e-01
3.500000000000003109e-01 1.500000000000002442e-01 3.542159688263790129e-01
3.500000000000003109e-01 2.500000000000003331e-01 3.046654616253637315e-01
3.500000000000003109e-01 3.500000000000001998e-01 2.676576186015067749e-01
3.500000000000003109e-01 4.500000000000002887e-01 2.593731083152633343e-01
3.500000000000003109e-01 5.500000000000001554e-01 2.662583077651157204e-01
3.500000000000003109e-01 6.500000000000002442e-01 3.078567826211365821e-01
3.500000000000003109e-01 7.500000000000003331e-01 4.579639926189155164e-01
3.500000000000003109e-01 8.500000000000001998e-01 6.392359734567402141e-01
3.500000000000003109e-01 9.500000000000002887e-01 7.674901809487778559e-01
4.500000000000003997e-01 -9.499999999999998446e-01 1.387320926121849984e+00
4.500000000000003997e-01 -8.499999999999998668e-01 1.074781495618800209e+00
4.500000000000003997e-01 -7.499999999999997780e-01 6.807651130954081031e-01
4.500000000000003997e-01 -6.499999999999998002e-01 4.309353764182140001e-01
4.500000000000003997e-01 -5.499999999999998224e-01 2.818441351299045827e-01
4.500000000000003997e-01 -4.499999999999998446e-01 2.437362750619697371e-01
4.500000000000003997e-01 -3.499999999999997558e-01 2.311086738027112730e-01
4.500000000000003997e-01 -2.499999999999997780e-01 2.460744154090767077e-01
4.500000000000003997e-01 -1.499999999999998002e-01 2.726004361438141843e-01
4.500000000000003997e-01 -4.999999999999982236e-02 2.934246177401603761e-01
4.500000000000003997e-01 5.000000000000015543e-02 3.086155874920373798e-01
4.500000000000003997e-01 1.500000000000002442e-01 2.900427279345053067e-01
4.500000000000003997e-01 2.500000000000003331e-01 2.542980376557016364e-01
4.500000000000003997e-01 3.500000000000001998e-01 2.409481989846104233e-01
4.500000000000003997e-01 4.500000000000002887e-01 2.344014901040652188e-01
4.500000000000003997e-01 5.500000000000001554e-01 2.854902755342264009e-01
4.500000000000003997e-01 6.500000000000002442e-01 3.751420021636903135e-01
4.500000000000003997e-01 7.500000000000003331e-01 6.115524051309795261e-01
4.500000000000003997e-01 8.500000000000001998e-01 9.677883305315089224e-01
4.500000000000003997e-01 9.500000000000002887e-01 1.484918483804178235e+00
5.500000000000002665e-01 -9.499999999999998446e-01 1.870727623618216207e+00
5.500000000000002665e-01 -8.499999999999998668e-01 1.617897060799132536e+00
5.500000000000002665e-01 -7.499999999999997780e-01 9.951383722678994737e-01
5.500000000000002665e-01 -6.499999999999998002e-01 5.752384184563060776e-01
5.500000000000002665e-01 -5.499999999999998224e-01 3.622997843009827523e-01
5.500000000000002665e-01 -4.499999999999998446e-01 2.578992187393073232e-01
5.500000000000002665e-01 -3.499999999999997558e-01 2.274889887334642369e-01
5.500000000000002665e-01 -2.499999999999997780e-01 2.239945178447055596e-01
5.500000000000002665e-01 -1.499999999999998002e-01 2.322223762896796495e-01
5.500000000000002665e-01 -4.999999999999982236e-02 2.414747506742066507e-01
5.500000000000002665e-01 5.000000000000015543e-02 2.437695776082502153e-01
5.500000000000002665e-01 1.500000000000002442e-01 2.355034952185830477e-01
5.500000000000002665e-01 2.500000000000003331e-01 2.247547703291434829e-01
5.500000000000002665e-01 3.500000000000001998e-01 2.230695076463818927e-01
5.500000000000002665e-01 4.500000000000002887e-01 2.435326024498948583e-01
5.500000000000002665e-01 5.500000000000001554e-01 3.183407600109759428e-01
5.500000000000002665e-01 6.500000000000002442e-01 5.002231646046039204e-01
5.500000000000002665e-01 7.500000000000003331e-01 9.430263222643375798e-01
5.500000000000002665e-01 8.500000000000001998e-01 1.538646537331873398e+00
5.500000000000002665e-01 9.500000000000002887e-01 1.664730656395826403e+00
6.500000000000003553e-01 -9.499999999999998446e-01 1.536731029600615583e+00
6.500000000000003553e-01 -8.499999999999998668e-01 1.238845135619610405e+00
6.500000000000003553e-01 -7.499999999999997780e-01 8.749128177880076684e-01
6.500000000000003553e-01 -6.499999999999998002e-01 4.138622389917555600e-01
6.500000000000003553e-01 -5.499999999999998224e-01 3.025195586835998651e-01
6.500000000000003553e-01 -4.499999999999998446e-01 2.396611832243733808e-01
6.500000000000003553e-01 -3.499999999999997558e-01 2.310712761700585705e-01
6.500000000000003553e-01 -2.499999999999997780e-01 2.342169568080571251e-01
6.500000000000003553e-01 -1.499999999999998002e-01 2.463236297767307514e-01
6.500000000000003553e-01 -4.999999999999982236e-02 2.632223054663687667e-01
6.500000000000003553e-01 5.000000000000015543e-02 2.619341289739808842e-01
6.500000000000003553e-01 1.500000000000002442e-01 2.510471238152074958e-01
6.500000000000003553e-01 2.500000000000003331e-01 2.333020709878073917e-01
6.500000000000003553e-01 3.500000000000001998e-01 2.290199485347147734e-01
6.500000000000003553e-01 4.500000000000002887e-01 2.315786654247104781e-01
6.500000000000003553e-01 5.500000000000001554e-01 2.642379728920520865e-01
6.500000000000003553e-01 6.500000000000002442e-01 3.766392794514636932e-01
6.500000000000003553e-01 7.500000000000003331e-01 6.274520643529060138e-01
6.500000000000003553e-01 8.500000000000001998e-01 1.346782450599998571e+00
6.500000000000003553e-01 9.500000000000002887e-01 1.568498030276882949e+00
7.500000000000004441e-01 -9.499999999999998446e-01 1.202966668764403169e+00
7.500000000000004441e-01 -8.499999999999998668e-01 8.961209385911533820e-01
7.500000000000004441e-01 -7.499999999999997780e-01 5.549386003047641625e-01
7.500000000000004441e-01 -6.499999999999998002e-01 3.896541997381446354e-01
7.500000000000004441e-01 -5.499999999999998224e-01 2.884751409267737876e-01
7.500000000000004441e-01 -4.499999999999998446e-01 2.496834575225972963e-01
7.500000000000004441e-01 -3.499999999999997558e-01 2.561975096898199689e-01
7.500000000000004441e-01 -2.499999999999997780e-01 2.508943752008709893e-01
7.500000000000004441e-01 -1.499999999999998002e-01 2.837931507696941358e-01
7.500000000000004441e-01 -4.999999999999982236e-02 3.003393129783939464e-01
7.500000000000004441e-01 5.000000000000015543e-02 3.102796208235111819e-01
7.500000000000004441e-01 1.500000000000002442e-01 2.871446490123404915e-01
7.500000000000004441e-01 2.500000000000003331e-01 2.573065114140606902e-01
7.500000000000004441e-01 3.500000000000001998e-01 2.562900264518795379e-01
7.500000000000004441e-01 4.500000000000002887e-01 2.497371314411353238e-01
7.500000000000004441e-01 5.500000000000001554e-01 2.628665519317845978e-01
7.500000000000004441e-01 6.500000000000002442e-01 3.177754273121348172e-01
7.500000000000004441e-01 7.500000000000003331e-01 4.701191700025620923e-01
7.500000000000004441e-01 8.500000000000001998e-01 7.542219940531450506e-01
7.500000000000004441e-01 9.500000000000002887e-01 1.015025863514528837e+00
8.500000000000003109e-01 -9.499999999999998446e-01 6.628234799160701574e-01
8.500000000000003109e-01 -8.499999999999998668e-01 6.075431180922232777e-01
8.500000000000003109e-01 -7.499999999999997780e-01 5.271602898399323500e-01
8.500000000000003109e-01 -6.499999999999998002e-01 3.630710084951704331e-01
8.500000000000003109e-01 -5.499999999999998224e-01 2.891056646282439413e-01
8.500000000000003109e-01 -4.499999999999998446e-01 2.622812465006807425e-01
8.500000000000003109e-01 -3.499999999999997558e-01 2.849648946750544809e-01
8.500000000000003109e-01 -2.499999999999997780e-01 3.361887653854638280e-01
8.500000000000003109e-01 -1.499999999999998002e-01 4.750733377137297819e-01
8.500000000000003109e-01 -4.999999999999982236e-02 5.480767437544621368e-01
8.500000000000003109e-01 5.000000000000015543e-02 5.618946847403472056e-01
8.500000000000003109e-01 1.500000000000002442e-01 4.707591006039332782e-01
8.500000000000003109e-01 2.500000000000003331e-01 3.699786637310423232e-01
8.500000000000003109e-01 3.500000000000001998e-01 2.983958854347783518e-01
8.500000000000003109e-01 4.500000000000002887e-01 2.591489413878897419e-01
8.500000000000003109e-01 5.500000000000001554e-01 2.648760547517448050e-01
8.500000000000003109e-01 6.500000000000002442e-01 3.126116297905885411e-01
8.500000000000003109e-01 7.500000000000003331e-01 3.952830433958557377e-01
8.500000000000003109e-01 8.500000000000001998e-01 5.360741006991545099e-01
8.500000000000003109e-01 9.500000000000002887e-01 6.628234799160701574e-01
9.500000000000003997e-01 -9.499999999999998446e-01 3.886651232274956902e-01
9.500000000000003997e-01 -8.499999999999998668e-01 3.542159688263790129e-01
9.500000000000003997e-01 -7.499999999999997780e-01 3.046654616253637315e-01
9.500000000000003997e-01 -6.499999999999998002e-01 2.676576186015067749e-01
9.500000000000003997e-01 -5.499999999999998224e-01 2.593731083152633343e-01
9.500000000000003997e-01 -4.499999999999998446e-01 2.874828245437124341e-01
9.500000000000003997e-01 -3.499999999999997558e-01 4.163012201761042697e-01
9.500000000000003997e-01 -2.499999999999997780e-01 5.392482440034964686e-01
9.500000000000003997e-01 -1.499999999999998002e-01 7.871906172228915199e-01
9.500000000000003997e-01 -4.999999999999982236e-02 1.035311305903790169e+00
9.500000000000003997e-01 5.000000000000015543e-02 1.216999276535981167e+00
9.500000000000003997e-01 1.500000000000002442e-01 8.516506723789524225e-01
9.500000000000003997e-01 2.500000000000003331e-01 5.459227327214548620e-01
9.500000000000003997e-01 3.500000000000001998e-01 4.184412592377184659e-01
9.500000000000003997e-01 4.500000000000002887e-01 2.998703215447633408e-01
9.500000000000003997e-01 5.500000000000001554e-01 2.618993485410793243e-01
9.500000000000003997e-01 6.500000000000002442e-01 2.507353515007670341e-01
9.500000000000003997e-01 7.500000000000003331e-01 2.759975086578030923e-01
9.500000000000003997e-01 8.500000000000001998e-01 3.196020747306975718e-01
9.500000000000003997e-01 9.500000000000002887e-01 3.764273857898281506e-01
