-9.499999999999997335e-01 -9.499999999999998446e-01 2.013921313794841961e+00
-9.499999999999997335e-01 -8.499999999999998668e-01 1.518910994399231162e+00
-9.499999999999997335e-01 -7.499999999999997780e-01 1.456307103091042832e+00
-9.499999999999997335e-01 -6.499999999999998002e-01 1.502696542081777498e+00
-9.499999999999997335e-01 -5.499999999999998224e-01 1.597125022506822534e+00
-9.499999999999997335e-01 -4.499999999999998446e-01 1.836878838395509250e+00
-9.499999999999997335e-01 -3.499999999999997558e-01 1.885919899137371125e+00
-9.499999999999997335e-01 -2.499999999999997780e-01 1.917157228193045126e+00
-9.499999999999997335e-01 -1.499999999999998002e-01 1.924395744731951297e+00
-9.499999999999997335e-01 -4.999999999999982236e-02 2.288523209399941027e+00
-9.499999999999997335e-01 5.000000000000015543e-02 2.414187346939612677e+00
-9.499999999999997335e-01 1.500000000000002442e-01 1.892975077089516844e+00
-9.499999999999997335e-01 2.500000000000003331e-01 1.939149479094368411e+00
-9.499999999999997335e-01 3.500000000000001998e-01 1.936549508766348904e+00
-9.499999999999997335e-01 4.500000000000002887e-01 2.007542618468379114e+00
-9.499999999999997335e-01 5.500000000000001554e-01 1.947449072185506891e+00
-9.499999999999997335e-01 6.500000000000002442e-01 1.649580632978715489e+00
-9.499999999999997335e-01 7.500000000000003331e-01 1.432216602068376643e+00
-9.499999999999997335e-01 8.500000000000001998e-01 1.572627003146738867e+00
-9.499999999999997335e-01 9.500000000000002887e-01 2.076960020176125798e+00
-8.499999999999997558e-01 -9.499999999999998446e-01 2.054710589739105586e+00
-8.499999999999997558e-01 -8.499999999999998668e-01 1.756739520249267272e+00
-8.499999999999997558e-01 -7.499999999999997780e-01 1.495182821234351422e+00
-8.499999999999997558e-01 -6.499999999999998002e-01 1.740352574988765832e+00
-8.499999999999997558e-01 -5.499999999999998224e-01 2.030488162256822715e+00
-8.499999999999997558e-01 -4.499999999999998446e-01 2.056394310633103739e+00
-8.499999999999997558e-01 -3.499999999999997558e-01 1.752657371887163640e+00
-8.499999999999997558e-01 -2.499999999999997780e-01 1.580343684565685525e+00
-8.499999999999997558e-01 -1.499999999999998002e-01 1.559883483186210062e+00
-8.499999999999997558e-01 -4.999999999999982236e-02 1.908630086552776106e+00
-8.499999999999997558e-01 5.000000000000015543e-02 1.984050658533869527e+00
-8.499999999999997558e-01 1.500000000000002442e-01 1.570880089582001649e+00
-8.499999999999997558e-01 2.500000000000003331e-01 1.572833981287352634e+00
-8.499999999999997558e-01 3.500000000000001998e-01 1.909158690902146738e+00
-8.499999999999997558e-01 4.500000000000002887e-01 2.044731209868775323e+00
-8.499999999999997558e-01 5.500000000000001554e-01 1.938611782179960885e+00
-8.499999999999997558e-01 6.500000000000002442e-01 1.805598984043539801e+00
-8.499999999999997558e-01 7.500000000000003331e-01 1.591231792808664780e+00
-8.499999999999997558e-01 8.500000000000001998e-01 1.748860601064235354e+00
-8.499999999999997558e-01 9.500000000000002887e-01 2.054710589739105586e+00
-7.499999999999997780e-01 -9.499999999999998446e-01 2.244462590837717819e+00
-7.499999999999997780e-01 -8.499999999999998668e-01 1.842102183403048432e+00
-7.499999999999997780e-01 -7.499999999999997780e-01 1.919551092989767671e+00
-7.499999999999997780e-01 -6.499999999999998002e-01 2.007138199037301174e+00
-7.499999999999997780e-01 -5.499999999999998224e-01 1.871147218766098241e+00
-7.499999999999997780e-01 -4.499999999999998446e-01 1.676962457628291325e+00
-7.499999999999997780e-01 -3.499999999999997558e-01 1.490446344323992145e+00
-7.499999999999997780e-01 -2.499999999999997780e-01 1.386184113434234089e+00
-7.499999999999997780e-01 -1.499999999999998002e-01 1.455682701105785570e+00
-7.499999999999997780e-01 -4.999999999999982236e-02 1.980915178111236852e+00
-7.499999999999997780e-01 5.000000000000015543e-02 1.912324399745663150e+00
-7.499999999999997780e-01 1.500000000000002442e-01 1.583369973847999379e+00
-7.499999999999997780e-01 2.500000000000003331e-01 1.410356280023210118e+00
-7.499999999999997780e-01 3.500000000000001998e-01 1.529548187358163780e+00
-7.499999999999997780e-01 4.500000000000002887e-01 1.525578309825591505e+00
-7.499999999999997780e-01 5.500000000000001554e-01 1.770478849037966151e+00
-7.499999999999997780e-01 6.500000000000002442e-01 1.897077317738081303e+00
-7.499999999999997780e-01 7.500000000000003331e-01 1.937760107885377669e+00
-7.499999999999997780e-01 8.500000000000001998e-01 1.914922556593955383e+00
-7.499999999999997780e-01 9.500000000000002887e-01 2.190718406060733869e+00
-6.499999999999996891e-01 -9.499999999999998446e-01 3.099152763009604961e+00
-6.499999999999996891e-01 -8.499999999999998668e-01 2.306740269858137182e+00
-6.499999999999996891e-01 -7.499999999999997780e-01 1.850028328213480178e+00
-6.499999999999996891e-01 -6.499999999999998002e-01 1.486169227472544430e+00
-6.499999999999996891e-01 -5.499999999999998224e-01 1.379978337606810435e+00
-6.499999999999996891e-01 -4.499999999999998446e-01 1.313275979186491860e+00
-6.499999999999996891e-01 -3.499999999999997558e-01 1.353586054123865123e+00
-6.499999999999996891e-01 -2.499999999999997780e-01 1.405290661100980776e+00
-6.499999999999996891e-01 -1.499999999999998002e-01 1.624447479177018705e+00
-6.499999999999996891e-01 -4.999999999999982236e-02 2.169929614322656519e+00
-6.499999999999996891e-01 5.000000000000015543e-02 2.279936357951285686e+00
-6.499999999999996891e-01 1.500000000000002442e-01 1.603722511109354043e+00
-6.499999999999996891e-01 2.500000000000003331e-01 1.218299468813621500e+00
-6.499999999999996891e-01 3.500000000000001998e-01 1.253787455819354246e+00
-6.499999999999996891e-01 4.500000000000002887e-01 1.173873772220668465e+00
-6.499999999999996891e-01 5.500000000000001554e-01 1.296103332982184719e+00
-6.499999999999996891e-01 6.500000000000002442e-01 1.428608726542801133e+00
-6.499999999999996891e-01 7.500000000000003331e-01 1.768810101692443792e+00
-6.499999999999996891e-01 8.500000000000001998e-01 2.241339422778201307e+00
-6.499999999999996891e-01 9.500000000000002887e-01 3.084206726378056374e+00
-5.499999999999997113e-01 -9.499999999999998446e-01 3.623904898528101270e+00
-5.499999999999997113e-01 -8.499999999999998668e-01 2.967023618097821114e+00
-5.499999999999997113e-01 -7.499999999999997780e-01 2.033808459429948368e+00
-5.499999999999997113e-01 -6.499999999999998002e-01 1.543987613311613716e+00
-5.499999999999997113e-01 -5.499999999999998224e-01 1.331536308695329573e+00
-5.499999999999997113e-01 -4.499999999999998446e-01 1.264153443731721005e+00
-5.499999999999997113e-01 -3.499999999999997558e-01 1.294869507157784483e+00
-5.499999999999997113e-01 -2.499999999999997780e-01 1.386217750832208884e+00
-5.499999999999997113e-01 -1.499999999999998002e-01 1.703807326141690837e+00
-5.499999999999997113e-01 -4.999999999999982236e-02 2.291100943276302537e+00
-5.499999999999997113e-01 5.000000000000015543e-02 2.190462324682072914e+00
-5.499999999999997113e-01 1.500000000000002442e-01 1.447290833180675751e+00
-5.499999999999997113e-01 2.500000000000003331e-01 1.196838438036345709e+00
-5.499999999999997113e-01 3.500000000000001998e-01 1.099900706574853393e+00
-5.499999999999997113e-01 4.500000000000002887e-01 1.152902024878405651e+00
-5.499999999999997113e-01 5.500000000000001554e-01 1.265890148769998724e+00
-5.499999999999997113e-01 6.500000000000002442e-01 1.477885393640362199e+00
-5.499999999999997113e-01 7.500000000000003331e-01 1.944913230391443815e+00
-5.499999999999997113e-01 8.500000000000001998e-01 2.852631473303181231e+00
-5.499999999999997113e-01 9.500000000000002887e-01 3.517772908632156970e+00
-4.499999999999997335e-01 -9.499999999999998446e-01 2.888252008133639581e+00
-4.499999999999997335e-01 -8.499999999999998668e-01 2.235831020815254533e+00
-4.499999999999997335e-01 -7.499999999999997780e-01 1.914154648219663857e+00
-4.499999999999997335e-01 -6.499999999999998002e-01 1.717245503520973715e+00
-4.499999999999997335e-01 -5.499999999999998224e-01 1.529409797908091395e+00
-4.499999999999997335e-01 -4.499999999999998446e-01 1.454568578551042268e+00
-4.499999999999997335e-01 -3.499999999999997558e-01 1.425299189876700900e+00
-4.499999999999997335e-01 -2.499999999999997780e-01 1.447550118236100136e+00
-4.499999999999997335e-01 -1.499999999999998002e-01 1.498974934406171355e+00
-4.499999999999997335e-01 -4.999999999999982236e-02 2.086892506180648255e+00
-4.499999999999997335e-01 5.000000000000015543e-02 1.973713918108497944e+00
-4.499999999999997335e-01 1.500000000000002442e-01 1.577491413014709520e+00
-4.499999999999997335e-01 2.500000000000003331e-01 1.402806480813006740e+00
-4.499999999999997335e-01 3.500000000000001998e-01 1.137226749596436326e+00
-4.499999999999997335e-01 4.500000000000002887e-01 1.253113571315603636e+00
-4.499999999999997335e-01 5.500000000000001554e-01 1.355422201852249708e+00
-4.499999999999997335e-01 6.500000000000002442e-01 1.622058785468309061e+00
-4.499999999999997335e-01 7.500000000000003331e-01 1.840535374658151202e+00
-4.499999999999997335e-01 8.500000000000001998e-01 2.200870991083176076e+00
-4.499999999999997335e-01 9.500000000000002887e-01 2.784135145839873537e+00
-3.499999999999996447e-01 -9.499999999999998446e-01 2.136304954227549402e+00
-3.499999999999996447e-01 -8.499999999999998668e-01 1.711300746649248472e+00
-3.499999999999996447e-01 -7.499999999999997780e-01 1.762627519950544341e+00
-3.499999999999996447e-01 -6.499999999999998002e-01 1.928791827536330272e+00
-3.499999999999996447e-01 -5.499999999999998224e-01 2.125930500544047863e+00
-3.499999999999996447e-01 -4.499999999999998446e-01 1.947449072185506891e+00
-3.499999999999996447e-01 -3.499999999999997558e-01 1.649580632978715489e+00
-3.499999999999996447e-01 -2.499999999999997780e-01 1.432216602068376643e+00
-3.499999999999996447e-01 -1.499999999999998002e-01 1.572627003146738867e+00
-3.499999999999996447e-01 -4.999999999999982236e-02 2.076960020176125798e+00
-3.499999999999996447e-01 5.000000000000015543e-02 2.013921313794841961e+00
-3.499999999999996447e-01 1.500000000000002442e-01 1.518910994399231162e+00
-3.499999999999996447e-01 2.500000000000003331e-01 1.456307103091042832e+00
-3.499999999999996447e-01 3.500000000000001998e-01 1.502696542081777498e+00
-3.499999999999996447e-01 4.500000000000002887e-01 1.597125022506822534e+00
-3.499999999999996447e-01 5.500000000000001554e-01 1.766726725644817364e+00
-3.499999999999996447e-01 6.500000000000002442e-01 1.913735013712244193e+00
-3.499999999999996447e-01 7.500000000000003331e-01 1.732096197510563762e+00
-3.499999999999996447e-01 8.500000000000001998e-01 1.667205066766280774e+00
-3.499999999999996447e-01 9.500000000000002887e-01 2.043109445607718566e+00
-2.499999999999996669e-01 -9.499999999999998446e-01 1.984050658533869527e+00
-2.499999999999996669e-01 -8.499999999999998668e-01 1.570880089582001649e+00
-2.499999999999996669e-01 -7.499999999999997780e-01 1.476123429005235632e+00
-2.499999999999996669e-01 -6.499999999999998002e-01 1.715449835467002693e+00
-2.499999999999996669e-01 -5.499999999999998224e-01 1.903285233479000693e+00
-2.499999999999996669e-01 -4.499999999999998446e-01 1.860254584546585654e+00
-2.499999999999996669e-01 -3.499999999999997558e-01 1.973576674106024553e+00
-2.499999999999996669e-01 -2.499999999999997780e-01 1.757928141564100377e+00
-2.499999999999996669e-01 -1.499999999999998002e-01 1.682876291006611957e+00
-2.499999999999996669e-01 -4.999999999999982236e-02 2.007641334953375267e+00
-2.499999999999996669e-01 5.000000000000015543e-02 1.946658965416555143e+00
-2.499999999999996669e-01 1.500000000000002442e-01 1.604287536856040752e+00
-2.499999999999996669e-01 2.500000000000003331e-01 1.752789687786669770e+00
-2.499999999999996669e-01 3.500000000000001998e-01 1.932389986220372613e+00
-2.499999999999996669e-01 4.500000000000002887e-01 2.095842803266740439e+00
-2.499999999999996669e-01 5.500000000000001554e-01 1.900890836118057425e+00
-2.499999999999996669e-01 6.500000000000002442e-01 1.553574672832400472e+00
-2.499999999999996669e-01 7.500000000000003331e-01 1.475783536605084878e+00
-2.499999999999996669e-01 8.500000000000001998e-01 1.559883483186210062e+00
-2.499999999999996669e-01 9.500000000000002887e-01 1.908630086552776106e+00
-1.499999999999996891e-01 -9.499999999999998446e-01 1.912324399745663150e+00
-1.499999999999996891e-01 -8.499999999999998668e-01 1.583369973847999379e+00
-1.499999999999996891e-01 -7.499999999999997780e-01 1.410356280023210118e+00
-1.499999999999996891e-01 -6.499999999999998002e-01 1.378721360063330792e+00
-1.499999999999996891e-01 -5.499999999999998224e-01 1.543275040742825066e+00
-1.499999999999996891e-01 -4.499999999999998446e-01 1.723046986932170732e+00
-1.499999999999996891e-01 -3.499999999999997558e-01 1.873599881722211702e+00
-1.499999999999996891e-01 -2.499999999999997780e-01 1.986439231575387820e+00
-1.499999999999996891e-01 -1.499999999999998002e-01 2.193121124959467316e+00
-1.499999999999996891e-01 -4.999999999999982236e-02 2.684399451790735469e+00
-1.499999999999996891e-01 5.000000000000015543e-02 2.777521548468719903e+00
-1.499999999999996891e-01 1.500000000000002442e-01 2.330216796274108937e+00
-1.499999999999996891e-01 2.500000000000003331e-01 1.916664440142056058e+00
-1.499999999999996891e-01 3.500000000000001998e-01 1.927066779470379076e+00
-1.499999999999996891e-01 4.500000000000002887e-01 1.828433475854478685e+00
-1.499999999999996891e-01 5.500000000000001554e-01 1.627879278688491915e+00
-1.499999999999996891e-01 6.500000000000002442e-01 1.542124609082313746e+00
-1.499999999999996891e-01 7.500000000000003331e-01 1.386184113434234089e+00
-1.499999999999996891e-01 8.500000000000001998e-01 1.455682701105785570e+00
-1.499999999999996891e-01 9.500000000000002887e-01 1.980915178111236852e+00
-4.999999999999971134e-02 -9.499999999999998446e-01 2.117441779493594911e+00
-4.999999999999971134e-02 -8.499999999999998668e-01 1.459468701078151964e+00
-4.999999999999971134e-02 -7.499999999999997780e-01 1.223527962618084830e+00
-4.999999999999971134e-02 -6.499999999999998002e-01 1.139464364268437224e+00
-4.999999999999971134e-02 -5.499999999999998224e-01 1.173873772220668465e+00
-4.999999999999971134e-02 -4.499999999999998446e-01 1.296103332982184719e+00
-4.999999999999971134e-02 -3.499999999999997558e-01 1.428608726542801133e+00
-4.999999999999971134e-02 -2.499999999999997780e-01 1.768810101692443792e+00
-4.999999999999971134e-02 -1.499999999999998002e-01 2.241339422778201307e+00
-4.999999999999971134e-02 -4.999999999999982236e-02 3.084206726378056374e+00
-4.999999999999971134e-02 5.000000000000015543e-02 3.099152763009604961e+00
-4.999999999999971134e-02 1.500000000000002442e-01 2.306740269858137182e+00
-4.999999999999971134e-02 2.500000000000003331e-01 1.850028328213480178e+00
-4.999999999999971134e-02 3.500000000000001998e-01 1.486169227472544430e+00
-4.999999999999971134e-02 4.500000000000002887e-01 1.379978337606810435e+00
-4.999999999999971134e-02 5.500000000000001554e-01 1.313275979186491860e+00
-4.999999999999971134e-02 6.500000000000002442e-01 1.301919391642806456e+00
-4.999999999999971134e-02 7.500000000000003331e-01 1.385177945108445163e+00
-4.999999999999971134e-02 8.500000000000001998e-01 1.692731566634682272e+00
-4.999999999999971134e-02 9.500000000000002887e-01 2.211714427175989872e+00
5.000000000000026645e-02 -9.499999999999998446e-01 2.190462324682072914e+00
5.000000000000026645e-02 -8.499999999999998668e-01 1.447290833180675751e+00
5.000000000000026645e-02 -7.499999999999997780e-01 1.196838438036345709e+00
5.000000000000026645e-02 -6.499999999999998002e-01 1.099900706574853393e+00
5.000000000000026645e-02 -5.499999999999998224e-01 1.125684750519254651e+00
5.000000000000026645e-02 -4.499999999999998446e-01 1.248939899839945911e+00
5.000000000000026645e-02 -3.499999999999997558e-01 1.376581509800424152e+00
5.000000000000026645e-02 -2.499999999999997780e-01 1.771488993420478053e+00
5.000000000000026645e-02 -1.499999999999998002e-01 2.262713246679524559e+00
5.000000000000026645e-02 -4.999999999999982236e-02 3.128121286482747898e+00
5.000000000000026645e-02 5.000000000000015543e-02 3.154035317557722706e+00
5.000000000000026645e-02 1.500000000000002442e-01 2.357245050321752355e+00
5.000000000000026645e-02 2.500000000000003331e-01 1.859667973253966045e+00
5.000000000000026645e-02 3.500000000000001998e-01 1.449304696451436891e+00
5.000000000000026645e-02 4.500000000000002887e-01 1.361839527728486932e+00
5.000000000000026645e-02 5.500000000000001554e-01 1.308650287939549850e+00
5.000000000000026645e-02 6.500000000000002442e-01 1.294869507157784483e+00
5.000000000000026645e-02 7.500000000000003331e-01 1.386217750832208884e+00
5.000000000000026645e-02 8.500000000000001998e-01 1.703807326141690837e+00
5.000000000000026645e-02 9.500000000000002887e-01 2.291100943276302537e+00
1.500000000000003553e-01 -9.499999999999998446e-01 1.973713918108497944e+00
1.500000000000003553e-01 -8.499999999999998668e-01 1.577491413014709520e+00
1.500000000000003553e-01 -7.499999999999997780e-01 1.339065623377756031e+00
1.500000000000003553e-01 -6.499999999999998002e-01 1.191171353472192385e+00
1.500000000000003553e-01 -5.499999999999998224e-01 1.385631272451203211e+00
1.500000000000003553e-01 -4.499999999999998446e-01 1.636929604996691712e+00
1.500000000000003553e-01 -3.499999999999997558e-01 1.822541884695167980e+00
1.500000000000003553e-01 -2.499999999999997780e-01 1.974549666916910917e+00
1.500000000000003553e-01 -1.499999999999998002e-01 2.257133291530388330e+00
1.500000000000003553e-01 -4.999999999999982236e-02 2.784135145839873537e+00
1.500000000000003553e-01 5.000000000000015543e-02 2.888252008133639581e+00
1.500000000000003553e-01 1.500000000000002442e-01 2.383365512371606432e+00
1.500000000000003553e-01 2.500000000000003331e-01 1.938516801533437972e+00
1.500000000000003553e-01 3.500000000000001998e-01 1.934290886356438088e+00
1.500000000000003553e-01 4.500000000000002887e-01 1.780676579720054331e+00
1.500000000000003553e-01 5.500000000000001554e-01 1.567399265572641420e+00
1.500000000000003553e-01 6.500000000000002442e-01 1.532872927332961099e+00
1.500000000000003553e-01 7.500000000000003331e-01 1.410809040575319750e+00
1.500000000000003553e-01 8.500000000000001998e-01 1.498974934406171355e+00
1.500000000000003553e-01 9.500000000000002887e-01 2.086892506180648255e+00
2.500000000000004441e-01 -9.499999999999998446e-01 1.962591989164504058e+00
2.500000000000004441e-01 -8.499999999999998668e-01 1.508289593008303786e+00
2.500000000000004441e-01 -7.499999999999997780e-01 1.419793698393836179e+00
2.500000000000004441e-01 -6.499999999999998002e-01 1.581495708142597323e+00
2.500000000000004441e-01 -5.499999999999998224e-01 1.801095442281588355e+00
2.500000000000004441e-01 -4.499999999999998446e-01 1.766726725644817364e+00
2.500000000000004441e-01 -3.499999999999997558e-01 1.913735013712244193e+00
2.500000000000004441e-01 -2.499999999999997780e-01 1.732096197510563762e+00
2.500000000000004441e-01 -1.499999999999998002e-01 1.667205066766280774e+00
2.500000000000004441e-01 -4.999999999999982236e-02 2.043109445607718566e+00
2.500000000000004441e-01 5.000000000000015543e-02 2.136304954227549402e+00
2.500000000000004441e-01 1.500000000000002442e-01 1.711300746649248472e+00
2.500000000000004441e-01 2.500000000000003331e-01 1.762627519950544341e+00
2.500000000000004441e-01 3.500000000000001998e-01 1.928791827536330272e+00
2.500000000000004441e-01 4.500000000000002887e-01 2.125930500544047863e+00
2.500000000000004441e-01 5.500000000000001554e-01 1.925072822567565511e+00
2.500000000000004441e-01 6.500000000000002442e-01 1.582511939860394179e+00
2.500000000000004441e-01 7.500000000000003331e-01 1.502649049682971638e+00
2.500000000000004441e-01 8.500000000000001998e-01 1.577048953658351405e+00
2.500000000000004441e-01 9.500000000000002887e-01 1.974693928627585304e+00
3.500000000000003109e-01 -9.499999999999998446e-01 1.946658965416555143e+00
3.500000000000003109e-01 -8.499999999999998668e-01 1.604287536856040752e+00
3.500000000000003109e-01 -7.499999999999997780e-01 1.752789687786669770e+00
3.500000000000003109e-01 -6.499999999999998002e-01 1.932389986220372613e+00
3.500000000000003109e-01 -5.499999999999998224e-01 2.095842803266740439e+00
3.500000000000003109e-01 -4.499999999999998446e-01 1.941459210904127985e+00
3.500000000000003109e-01 -3.499999999999997558e-01 1.641859733195248250e+00
3.500000000000003109e-01 -2.499999999999997780e-01 1.403451112234554321e+00
3.500000000000003109e-01 -1.499999999999998002e-01 1.476504004550839744e+00
3.500000000000003109e-01 -4.999999999999982236e-02 1.954856865894555318e+00
3.500000000000003109e-01 5.000000000000015543e-02 2.021079589947303301e+00
3.500000000000003109e-01 1.500000000000002442e-01 1.467483182945099607e+00
3.500000000000003109e-01 2.500000000000003331e-01 1.554843122283239731e+00
3.500000000000003109e-01 3.500000000000001998e-01 1.699917143698365329e+00
3.500000000000003109e-01 4.500000000000002887e-01 1.727956718704617201e+00
3.500000000000003109e-01 5.500000000000001554e-01 1.860254584546585654e+00
3.500000000000003109e-01 6.500000000000002442e-01 1.973576674106024553e+00
3.500000000000003109e-01 7.500000000000003331e-01 1.757928141564100377e+00
3.500000000000003109e-01 8.500000000000001998e-01 1.682876291006611957e+00
3.500000000000003109e-01 9.500000000000002887e-01 2.007641334953375267e+00
4.500000000000003997e-01 -9.499999999999998446e-01 2.777521548468719903e+00
4.500000000000003997e-01 -8.499999999999998668e-01 2.196448366973691169e+00
4.500000000000003997e-01 -7.499999999999997780e-01 1.907365090056785784e+00
4.500000000000003997e-01 -6.499999999999998002e-01 1.726461114902346550e+00
4.500000000000003997e-01 -5.499999999999998224e-01 1.589426878584932368e+00
4.500000000000003997e-01 -4.499999999999998446e-01 1.491900893911614290e+00
4.500000000000003997e-01 -3.499999999999997558e-01 1.421281662828717707e+00
4.500000000000003997e-01 -2.499999999999997780e-01 1.423126072429514499e+00
4.500000000000003997e-01 -1.499999999999998002e-01 1.455682701105785570e+00
4.500000000000003997e-01 -4.999999999999982236e-02 1.980915178111236852e+00
4.500000000000003997e-01 5.000000000000015543e-02 1.912324399745663150e+00
4.500000000000003997e-01 1.500000000000002442e-01 1.583369973847999379e+00
4.500000000000003997e-01 2.500000000000003331e-01 1.462948578432121227e+00
4.500000000000003997e-01 3.500000000000001998e-01 1.246379274555432959e+00
4.500000000000003997e-01 4.500000000000002887e-01 1.398471559178926960e+00
4.500000000000003997e-01 5.500000000000001554e-01 1.476308407790738242e+00
4.500000000000003997e-01 6.500000000000002442e-01 1.678487131748848338e+00
4.500000000000003997e-01 7.500000000000003331e-01 1.876593460180163486e+00
4.500000000000003997e-01 8.500000000000001998e-01 2.180281162889506241e+00
4.500000000000003997e-01 9.500000000000002887e-01 2.684399451790735469e+00
5.500000000000002665e-01 -9.499999999999998446e-01 3.623904898528101270e+00
5.500000000000002665e-01 -8.499999999999998668e-01 2.964652715794948712e+00
5.500000000000002665e-01 -7.499999999999997780e-01 2.000901600128905500e+00
5.500000000000002665e-01 -6.499999999999998002e-01 1.561403539425918696e+00
5.500000000000002665e-01 -5.499999999999998224e-01 1.357427820141855035e+00
5.500000000000002665e-01 -4.499999999999998446e-01 1.260470138696537346e+00
5.500000000000002665e-01 -3.499999999999997558e-01 1.301919391642806456e+00
5.500000000000002665e-01 -2.499999999999997780e-01 1.385177945108445163e+00
5.500000000000002665e-01 -1.499999999999998002e-01 1.692731566634682272e+00
5.500000000000002665e-01 -4.999999999999982236e-02 2.211714427175989872e+00
5.500000000000002665e-01 5.000000000000015543e-02 2.117441779493594911e+00
5.500000000000002665e-01 1.500000000000002442e-01 1.459468701078151964e+00
5.500000000000002665e-01 2.500000000000003331e-01 1.223527962618084830e+00
5.500000000000002665e-01 3.500000000000001998e-01 1.139464364268437224e+00
5.500000000000002665e-01 4.500000000000002887e-01 1.151917426044280823e+00
5.500000000000002665e-01 5.500000000000001554e-01 1.306582238638972049e+00
5.500000000000002665e-01 6.500000000000002442e-01 1.488854442522200339e+00
5.500000000000002665e-01 7.500000000000003331e-01 1.928387856950366297e+00
5.500000000000002665e-01 8.500000000000001998e-01 2.840099268174211655e+00
5.500000000000002665e-01 9.500000000000002887e-01 3.517772908632156970e+00
6.500000000000003553e-01 -9.499999999999998446e-01 3.154035317557722706e+00
6.500000000000003553e-01 -8.499999999999998668e-01 2.357245050321752355e+00
6.500000000000003553e-01 -7.499999999999997780e-01 1.859667973253966045e+00
6.500000000000003553e-01 -6.499999999999998002e-01 1.449304696451436891e+00
6.500000000000003553e-01 -5.499999999999998224e-01 1.361839527728486932e+00
6.500000000000003553e-01 -4.499999999999998446e-01 1.308650287939549850e+00
6.500000000000003553e-01 -3.499999999999997558e-01 1.351161673742855118e+00
6.500000000000003553e-01 -2.499999999999997780e-01 1.404387204632457697e+00
6.500000000000003553e-01 -1.499999999999998002e-01 1.685128446270227842e+00
6.500000000000003553e-01 -4.999999999999982236e-02 2.259309322469404080e+00
6.500000000000003553e-01 5.000000000000015543e-02 2.357755936512577311e+00
6.500000000000003553e-01 1.500000000000002442e-01 1.599028409639348558e+00
6.500000000000003553e-01 2.500000000000003331e-01 1.121983735603088173e+00
6.500000000000003553e-01 3.500000000000001998e-01 1.167583793960177196e+00
6.500000000000003553e-01 4.500000000000002887e-01 1.125684750519254651e+00
6.500000000000003553e-01 5.500000000000001554e-01 1.248939899839945911e+00
6.500000000000003553e-01 6.500000000000002442e-01 1.376581509800424152e+00
6.500000000000003553e-01 7.500000000000003331e-01 1.771488993420478053e+00
6.500000000000003553e-01 8.500000000000001998e-01 2.262713246679524559e+00
6.500000000000003553e-01 9.500000000000002887e-01 3.128121286482747898e+00
7.500000000000004441e-01 -9.499999999999998446e-01 2.414187346939612677e+00
7.500000000000004441e-01 -8.499999999999998668e-01 1.892975077089516844e+00
7.500000000000004441e-01 -7.499999999999997780e-01 1.939149479094368411e+00
7.500000000000004441e-01 -6.499999999999998002e-01 1.980862424566500746e+00
7.500000000000004441e-01 -5.499999999999998224e-01 1.832083383513712027e+00
7.500000000000004441e-01 -4.499999999999998446e-01 1.663652090379385218e+00
7.500000000000004441e-01 -3.499999999999997558e-01 1.500205023342996880e+00
7.500000000000004441e-01 -2.499999999999997780e-01 1.410809040575319750e+00
7.500000000000004441e-01 -1.499999999999998002e-01 1.498974934406171355e+00
7.500000000000004441e-01 -4.999999999999982236e-02 2.086892506180648255e+00
7.500000000000004441e-01 5.000000000000015543e-02 1.973713918108497944e+00
7.500000000000004441e-01 1.500000000000002442e-01 1.577491413014709520e+00
7.500000000000004441e-01 2.500000000000003331e-01 1.339065623377756031e+00
7.500000000000004441e-01 3.500000000000001998e-01 1.362064614007001406e+00
7.500000000000004441e-01 4.500000000000002887e-01 1.308461941733414236e+00
7.500000000000004441e-01 5.500000000000001554e-01 1.680100685417367679e+00
7.500000000000004441e-01 6.500000000000002442e-01 1.815464049540239211e+00
7.500000000000004441e-01 7.500000000000003331e-01 1.917157228193045126e+00
7.500000000000004441e-01 8.500000000000001998e-01 1.924395744731951297e+00
7.500000000000004441e-01 9.500000000000002887e-01 2.288523209399941027e+00
8.500000000000003109e-01 -9.499999999999998446e-01 2.119849080772109318e+00
8.500000000000003109e-01 -8.499999999999998668e-01 1.850459762554258480e+00
8.500000000000003109e-01 -7.499999999999997780e-01 1.585184570101772605e+00
8.500000000000003109e-01 -6.499999999999998002e-01 1.760582823547132358e+00
8.500000000000003109e-01 -5.499999999999998224e-01 2.056565279499837473e+00
8.500000000000003109e-01 -4.499999999999998446e-01 2.105286798934522974e+00
8.500000000000003109e-01 -3.499999999999997558e-01 1.798457683509737226e+00
8.500000000000003109e-01 -2.499999999999997780e-01 1.605722444100252888e+00
8.500000000000003109e-01 -1.499999999999998002e-01 1.577048953658351405e+00
8.500000000000003109e-01 -4.999999999999982236e-02 1.974693928627585304e+00
8.500000000000003109e-01 5.000000000000015543e-02 1.962591989164504058e+00
8.500000000000003109e-01 1.500000000000002442e-01 1.508289593008303786e+00
8.500000000000003109e-01 2.500000000000003331e-01 1.476364212413106669e+00
8.500000000000003109e-01 3.500000000000001998e-01 1.862845885266865009e+00
8.500000000000003109e-01 4.500000000000002887e-01 1.980109842575669798e+00
8.500000000000003109e-01 5.500000000000001554e-01 1.870480658309422672e+00
8.500000000000003109e-01 6.500000000000002442e-01 1.768082455486418514e+00
8.500000000000003109e-01 7.500000000000003331e-01 1.574559447976091819e+00
8.500000000000003109e-01 8.500000000000001998e-01 1.742289602038393115e+00
8.500000000000003109e-01 9.500000000000002887e-01 2.119849080772109318e+00
9.500000000000003997e-01 -9.499999999999998446e-01 2.021079589947303301e+00
9.500000000000003997e-01 -8.499999999999998668e-01 1.467483182945099607e+00
9.500000000000003997e-01 -7.499999999999997780e-01 1.554843122283239731e+00
9.500000000000003997e-01 -6.499999999999998002e-01 1.699917143698365329e+00
9.500000000000003997e-01 -5.499999999999998224e-01 1.727956718704617201e+00
9.500000000000003997e-01 -4.499999999999998446e-01 1.922765114027672473e+00
9.500000000000003997e-01 -3.499999999999997558e-01 1.936005238786028038e+00
9.500000000000003997e-01 -2.499999999999997780e-01 1.937760107885377669e+00
9.500000000000003997e-01 -1.499999999999998002e-01 1.914922556593955383e+00
9.500000000000003997e-01 -4.999999999999982236e-02 2.190718406060733869e+00
9.500000000000003997e-01 5.000000000000015543e-02 2.244462590837717819e+00
9.500000000000003997e-01 1.500000000000002442e-01 1.842102183403048432e+00
9.500000000000003997e-01 2.500000000000003331e-01 1.919551092989767671e+00
9.500000000000003997e-01 3.500000000000001998e-01 1.944916615395526405e+00
9.500000000000003997e-01 4.500000000000002887e-01 2.018735743156411910e+00
9.500000000000003997e-01 5.500000000000001554e-01 1.941459210904127985e+00
9.500000000000003997e-01 6.500000000000002442e-01 1.641859733195248250e+00
9.500000000000003997e-01 7.500000000000003331e-01 1.403451112234554321e+00
9.500000000000003997e-01 8.500000000000001998e-01 1.476504004550839744e+00
9.500000000000003997e-01 9.500000000000002887e-01 1.954856865894555318e+00
