-9.499999999999997335e-01 -9.499999999999998446e-01 1.350382228671664020e+00
-9.499999999999997335e-01 -8.499999999999998668e-01 1.408786121106381239e+00
-9.499999999999997335e-01 -7.499999999999997780e-01 1.501461892299285505e+00
-9.499999999999997335e-01 -6.499999999999998002e-01 1.528801321203862917e+00
-9.499999999999997335e-01 -5.499999999999998224e-01 1.560559377508062617e+00
-9.499999999999997335e-01 -4.499999999999998446e-01 1.686648840748769640e+00
-9.499999999999997335e-01 -3.499999999999997558e-01 1.809793724519405567e+00
-9.499999999999997335e-01 -2.499999999999997780e-01 1.861016634440297857e+00
-9.499999999999997335e-01 -1.499999999999998002e-01 1.774048290407470141e+00
-9.499999999999997335e-01 -4.999999999999982236e-02 1.668008229646559926e+00
-9.499999999999997335e-01 5.000000000000015543e-02 1.703772957594300363e+00
-9.499999999999997335e-01 1.500000000000002442e-01 1.780613663280441239e+00
-9.499999999999997335e-01 2.500000000000003331e-01 1.783717720564205189e+00
-9.499999999999997335e-01 3.500000000000001998e-01 1.678346050057139216e+00
-9.499999999999997335e-01 4.500000000000002887e-01 1.657466770157047797e+00
-9.499999999999997335e-01 5.500000000000001554e-01 1.614431584883698090e+00
-9.499999999999997335e-01 6.500000000000002442e-01 1.582267463835246524e+00
-9.499999999999997335e-01 7.500000000000003331e-01 1.471912127234172640e+00
-9.499999999999997335e-01 8.500000000000001998e-01 1.397281594952800132e+00
-9.499999999999997335e-01 9.500000000000002887e-01 1.346139600988383256e+00
-8.499999999999997558e-01 -9.499999999999998446e-01 1.376990185871370009e+00
-8.499999999999997558e-01 -8.499999999999998668e-01 1.484737931631550767e+00
-8.499999999999997558e-01 -7.499999999999997780e-01 1.558138620432617971e+00
-8.499999999999997558e-01 -6.499999999999998002e-01 1.597027561217390090e+00
-8.499999999999997558e-01 -5.499999999999998224e-01 1.668329726921778056e+00
-8.499999999999997558e-01 -4.499999999999998446e-01 1.751711211413990776e+00
-8.499999999999997558e-01 -3.499999999999997558e-01 1.675045200233831855e+00
-8.499999999999997558e-01 -2.499999999999997780e-01 1.574996640246881130e+00
-8.499999999999997558e-01 -1.499999999999998002e-01 1.422099474530407193e+00
-8.499999999999997558e-01 -4.999999999999982236e-02 1.296167885439081235e+00
-8.499999999999997558e-01 5.000000000000015543e-02 1.341762891509209243e+00
-8.499999999999997558e-01 1.500000000000002442e-01 1.466237602860276823e+00
-8.499999999999997558e-01 2.500000000000003331e-01 1.563815100270546488e+00
-8.499999999999997558e-01 3.500000000000001998e-01 1.657704246387386782e+00
-8.499999999999997558e-01 4.500000000000002887e-01 1.678061153570002961e+00
-8.499999999999997558e-01 5.500000000000001554e-01 1.751194444329902566e+00
-8.499999999999997558e-01 6.500000000000002442e-01 1.711167792074111738e+00
-8.499999999999997558e-01 7.500000000000003331e-01 1.521010583803112048e+00
-8.499999999999997558e-01 8.500000000000001998e-01 1.405889341136543180e+00
-8.499999999999997558e-01 9.500000000000002887e-01 1.376990185871370009e+00
-7.499999999999997780e-01 -9.499999999999998446e-01 1.734377440322940611e+00
-7.499999999999997780e-01 -8.499999999999998668e-01 1.765239618748892125e+00
-7.499999999999997780e-01 -7.499999999999997780e-01 1.745641691095050962e+00
-7.499999999999997780e-01 -6.499999999999998002e-01 1.697171700721203491e+00
-7.499999999999997780e-01 -5.499999999999998224e-01 1.549194004326653884e+00
-7.499999999999997780e-01 -4.499999999999998446e-01 1.460308673235576782e+00
-7.499999999999997780e-01 -3.499999999999997558e-01 1.466779171512126778e+00
-7.499999999999997780e-01 -2.499999999999997780e-01 1.379835154604122094e+00
-7.499999999999997780e-01 -1.499999999999998002e-01 1.367133271711516107e+00
-7.499999999999997780e-01 -4.999999999999982236e-02 1.468249247298375026e+00
-7.499999999999997780e-01 5.000000000000015543e-02 1.484339800453540192e+00
-7.499999999999997780e-01 1.500000000000002442e-01 1.459145081719162906e+00
-7.499999999999997780e-01 2.500000000000003331e-01 1.374288605005209218e+00
-7.499999999999997780e-01 3.500000000000001998e-01 1.424163674695409387e+00
-7.499999999999997780e-01 4.500000000000002887e-01 1.454229494713650261e+00
-7.499999999999997780e-01 5.500000000000001554e-01 1.559469368050230287e+00
-7.499999999999997780e-01 6.500000000000002442e-01 1.729181073738128793e+00
-7.499999999999997780e-01 7.500000000000003331e-01 1.867479973829575757e+00
-7.499999999999997780e-01 8.500000000000001998e-01 1.778712628914916216e+00
-7.499999999999997780e-01 9.500000000000002887e-01 1.689921960310117210e+00
-6.499999999999996891e-01 -9.499999999999998446e-01 2.708691845646149066e+00
-6.499999999999996891e-01 -8.499999999999998668e-01 2.228260520479779849e+00
-6.499999999999996891e-01 -7.499999999999997780e-01 1.774429411219585973e+00
-6.499999999999996891e-01 -6.499999999999998002e-01 1.351524082071555055e+00
-6.499999999999996891e-01 -5.499999999999998224e-01 1.232830255434949063e+00
-6.499999999999996891e-01 -4.499999999999998446e-01 1.124893069602795448e+00
-6.499999999999996891e-01 -3.499999999999997558e-01 1.148215684829002381e+00
-6.499999999999996891e-01 -2.499999999999997780e-01 1.278183193872926671e+00
-6.499999999999996891e-01 -1.499999999999998002e-01 1.443791026627574414e+00
-6.499999999999996891e-01 -4.999999999999982236e-02 1.534867541437720861e+00
-6.499999999999996891e-01 5.000000000000015543e-02 1.647371906687137066e+00
-6.499999999999996891e-01 1.500000000000002442e-01 1.478045643658593367e+00
-6.499999999999996891e-01 2.500000000000003331e-01 1.283482716782432975e+00
-6.499999999999996891e-01 3.500000000000001998e-01 1.221243639458605257e+00
-6.499999999999996891e-01 4.500000000000002887e-01 1.179037867672029449e+00
-6.499999999999996891e-01 5.500000000000001554e-01 1.217371448939831069e+00
-6.499999999999996891e-01 6.500000000000002442e-01 1.312899366470320572e+00
-6.499999999999996891e-01 7.500000000000003331e-01 1.708670046420928124e+00
-6.499999999999996891e-01 8.500000000000001998e-01 2.185453189687183162e+00
-6.499999999999996891e-01 9.500000000000002887e-01 2.795620656292837847e+00
-5.499999999999997113e-01 -9.499999999999998446e-01 3.208010267245397173e+00
-5.499999999999997113e-01 -8.499999999999998668e-01 2.746822623510622563e+00
-5.499999999999997113e-01 -7.499999999999997780e-01 1.947757443893279428e+00
-5.499999999999997113e-01 -6.499999999999998002e-01 1.469987335939239026e+00
-5.499999999999997113e-01 -5.499999999999998224e-01 1.257305643253404437e+00
-5.499999999999997113e-01 -4.499999999999998446e-01 1.139639380218425702e+00
-5.499999999999997113e-01 -3.499999999999997558e-01 1.112859209417588424e+00
-5.499999999999997113e-01 -2.499999999999997780e-01 1.159223315612057492e+00
-5.499999999999997113e-01 -1.499999999999998002e-01 1.354702583305059660e+00
-5.499999999999997113e-01 -4.999999999999982236e-02 1.627864001781877068e+00
-5.499999999999997113e-01 5.000000000000015543e-02 1.601571017590310397e+00
-5.499999999999997113e-01 1.500000000000002442e-01 1.422672546915335845e+00
-5.499999999999997113e-01 2.500000000000003331e-01 1.267231473351711157e+00
-5.499999999999997113e-01 3.500000000000001998e-01 1.162621809780269411e+00
-5.499999999999997113e-01 4.500000000000002887e-01 1.123725397520451752e+00
-5.499999999999997113e-01 5.500000000000001554e-01 1.188909864844047259e+00
-5.499999999999997113e-01 6.500000000000002442e-01 1.401235635696233439e+00
-5.499999999999997113e-01 7.500000000000003331e-01 1.889641523368747578e+00
-5.499999999999997113e-01 8.500000000000001998e-01 2.713514743468328660e+00
-5.499999999999997113e-01 9.500000000000002887e-01 3.193436515543963683e+00
-4.499999999999997335e-01 -9.499999999999998446e-01 2.072612910844016110e+00
-4.499999999999997335e-01 -8.499999999999998668e-01 2.037846037298353785e+00
-4.499999999999997335e-01 -7.499999999999997780e-01 1.880982389741838512e+00
-4.499999999999997335e-01 -6.499999999999998002e-01 1.621026821691412101e+00
-4.499999999999997335e-01 -5.499999999999998224e-01 1.346829488986561296e+00
-4.499999999999997335e-01 -4.499999999999998446e-01 1.250973383946228701e+00
-4.499999999999997335e-01 -3.499999999999997558e-01 1.300963812362458505e+00
-4.499999999999997335e-01 -2.499999999999997780e-01 1.394232468696269489e+00
-4.499999999999997335e-01 -1.499999999999998002e-01 1.383357726494806483e+00
-4.499999999999997335e-01 -4.999999999999982236e-02 1.462975028309295489e+00
-4.499999999999997335e-01 5.000000000000015543e-02 1.466831702803661042e+00
-4.499999999999997335e-01 1.500000000000002442e-01 1.453058822631330793e+00
-4.499999999999997335e-01 2.500000000000003331e-01 1.383437400145571594e+00
-4.499999999999997335e-01 3.500000000000001998e-01 1.278870486813946439e+00
-4.499999999999997335e-01 4.500000000000002887e-01 1.273340162596587888e+00
-4.499999999999997335e-01 5.500000000000001554e-01 1.323035695872132989e+00
-4.499999999999997335e-01 6.500000000000002442e-01 1.575208921793576744e+00
-4.499999999999997335e-01 7.500000000000003331e-01 1.855666253014916833e+00
-4.499999999999997335e-01 8.500000000000001998e-01 2.112285407932106285e+00
-4.499999999999997335e-01 9.500000000000002887e-01 2.067792448831891061e+00
-3.499999999999996447e-01 -9.499999999999998446e-01 1.475840453840697286e+00
-3.499999999999996447e-01 -8.499999999999998668e-01 1.533026095737999750e+00
-3.499999999999996447e-01 -7.499999999999997780e-01 1.629619750883312568e+00
-3.499999999999996447e-01 -6.499999999999998002e-01 1.610224558769169034e+00
-3.499999999999996447e-01 -5.499999999999998224e-01 1.716988260937420741e+00
-3.499999999999996447e-01 -4.499999999999998446e-01 1.614431584883698090e+00
-3.499999999999996447e-01 -3.499999999999997558e-01 1.582267463835246524e+00
-3.499999999999996447e-01 -2.499999999999997780e-01 1.471912127234172640e+00
-3.499999999999996447e-01 -1.499999999999998002e-01 1.397281594952800132e+00
-3.499999999999996447e-01 -4.999999999999982236e-02 1.346139600988383256e+00
-3.499999999999996447e-01 5.000000000000015543e-02 1.350382228671664020e+00
-3.499999999999996447e-01 1.500000000000002442e-01 1.408786121106381239e+00
-3.499999999999996447e-01 2.500000000000003331e-01 1.501461892299285505e+00
-3.499999999999996447e-01 3.500000000000001998e-01 1.528801321203862917e+00
-3.499999999999996447e-01 4.500000000000002887e-01 1.560559377508062617e+00
-3.499999999999996447e-01 5.500000000000001554e-01 1.648336558987828271e+00
-3.499999999999996447e-01 6.500000000000002442e-01 1.785933919065448627e+00
-3.499999999999996447e-01 7.500000000000003331e-01 1.674527350637899925e+00
-3.499999999999996447e-01 8.500000000000001998e-01 1.487071644746379873e+00
-3.499999999999996447e-01 9.500000000000002887e-01 1.468903278165615278e+00
-2.499999999999996669e-01 -9.499999999999998446e-01 1.341762891509209243e+00
-2.499999999999996669e-01 -8.499999999999998668e-01 1.466237602860276823e+00
-2.499999999999996669e-01 -7.499999999999997780e-01 1.478085203453690433e+00
-2.499999999999996669e-01 -6.499999999999998002e-01 1.592072179730160686e+00
-2.499999999999996669e-01 -5.499999999999998224e-01 1.624323922256662112e+00
-2.499999999999996669e-01 -4.499999999999998446e-01 1.658189836905983094e+00
-2.499999999999996669e-01 -3.499999999999997558e-01 1.805169225272976741e+00
-2.499999999999996669e-01 -2.499999999999997780e-01 1.683103805870894032e+00
-2.499999999999996669e-01 -1.499999999999998002e-01 1.486396683712970290e+00
-2.499999999999996669e-01 -4.999999999999982236e-02 1.474807829676251458e+00
-2.499999999999996669e-01 5.000000000000015543e-02 1.520054413059239051e+00
-2.499999999999996669e-01 1.500000000000002442e-01 1.567613067142497485e+00
-2.499999999999996669e-01 2.500000000000003331e-01 1.610688190534432351e+00
-2.499999999999996669e-01 3.500000000000001998e-01 1.600411019125221435e+00
-2.499999999999996669e-01 4.500000000000002887e-01 1.705801364896441408e+00
-2.499999999999996669e-01 5.500000000000001554e-01 1.683036012865500419e+00
-2.499999999999996669e-01 6.500000000000002442e-01 1.588473928091079568e+00
-2.499999999999996669e-01 7.500000000000003331e-01 1.461277057525649070e+00
-2.499999999999996669e-01 8.500000000000001998e-01 1.422099474530407193e+00
-2.499999999999996669e-01 9.500000000000002887e-01 1.296167885439081235e+00
-1.499999999999996891e-01 -9.499999999999998446e-01 1.484339800453540192e+00
-1.499999999999996891e-01 -8.499999999999998668e-01 1.459145081719162906e+00
-1.499999999999996891e-01 -7.499999999999997780e-01 1.374288605005209218e+00
-1.499999999999996891e-01 -6.499999999999998002e-01 1.346550313604452320e+00
-1.499999999999996891e-01 -5.499999999999998224e-01 1.386955620825631286e+00
-1.499999999999996891e-01 -4.499999999999998446e-01 1.546673723919430365e+00
-1.499999999999996891e-01 -3.499999999999997558e-01 1.780771821904117980e+00
-1.499999999999996891e-01 -2.499999999999997780e-01 1.964674492227165281e+00
-1.499999999999996891e-01 -1.499999999999998002e-01 1.915905803748711111e+00
-1.499999999999996891e-01 -4.999999999999982236e-02 2.082242488352759047e+00
-1.499999999999996891e-01 5.000000000000015543e-02 2.055386611656913498e+00
-1.499999999999996891e-01 1.500000000000002442e-01 1.915909652362687732e+00
-1.499999999999996891e-01 2.500000000000003331e-01 1.846346758527711351e+00
-1.499999999999996891e-01 3.500000000000001998e-01 1.774810843818821704e+00
-1.499999999999996891e-01 4.500000000000002887e-01 1.555525176317635871e+00
-1.499999999999996891e-01 5.500000000000001554e-01 1.371182261134596736e+00
-1.499999999999996891e-01 6.500000000000002442e-01 1.355030437423439205e+00
-1.499999999999996891e-01 7.500000000000003331e-01 1.379835154604122094e+00
-1.499999999999996891e-01 8.500000000000001998e-01 1.367133271711516107e+00
-1.499999999999996891e-01 9.500000000000002887e-01 1.468249247298375026e+00
-4.999999999999971134e-02 -9.499999999999998446e-01 1.604863827434644508e+00
-4.999999999999971134e-02 -8.499999999999998668e-01 1.416386423671442074e+00
-4.999999999999971134e-02 -7.499999999999997780e-01 1.272322652827876599e+00
-4.999999999999971134e-02 -6.499999999999998002e-01 1.163722357488898629e+00
-4.999999999999971134e-02 -5.499999999999998224e-01 1.179037867672029449e+00
-4.999999999999971134e-02 -4.499999999999998446e-01 1.217371448939831069e+00
-4.999999999999971134e-02 -3.499999999999997558e-01 1.312899366470320572e+00
-4.999999999999971134e-02 -2.499999999999997780e-01 1.708670046420928124e+00
-4.999999999999971134e-02 -1.499999999999998002e-01 2.185453189687183162e+00
-4.999999999999971134e-02 -4.999999999999982236e-02 2.795620656292837847e+00
-4.999999999999971134e-02 5.000000000000015543e-02 2.708691845646149066e+00
-4.999999999999971134e-02 1.500000000000002442e-01 2.228260520479779849e+00
-4.999999999999971134e-02 2.500000000000003331e-01 1.774429411219585973e+00
-4.999999999999971134e-02 3.500000000000001998e-01 1.351524082071555055e+00
-4.999999999999971134e-02 4.500000000000002887e-01 1.232830255434949063e+00
-4.999999999999971134e-02 5.500000000000001554e-01 1.124893069602795448e+00
-4.999999999999971134e-02 6.500000000000002442e-01 1.109937839586421227e+00
-4.999999999999971134e-02 7.500000000000003331e-01 1.162755073301895870e+00
-4.999999999999971134e-02 8.500000000000001998e-01 1.360735126900347591e+00
-4.999999999999971134e-02 9.500000000000002887e-01 1.632323099428868662e+00
5.000000000000026645e-02 -9.499999999999998446e-01 1.601571017590310397e+00
5.000000000000026645e-02 -8.499999999999998668e-01 1.422672546915335845e+00
5.000000000000026645e-02 -7.499999999999997780e-01 1.267231473351711157e+00
5.000000000000026645e-02 -6.499999999999998002e-01 1.162621809780269411e+00
5.000000000000026645e-02 -5.499999999999998224e-01 1.177886625067766424e+00
5.000000000000026645e-02 -4.499999999999998446e-01 1.183551766531096616e+00
5.000000000000026645e-02 -3.499999999999997558e-01 1.295588562473319216e+00
5.000000000000026645e-02 -2.499999999999997780e-01 1.738047704968611162e+00
5.000000000000026645e-02 -1.499999999999998002e-01 2.193060789360556484e+00
5.000000000000026645e-02 -4.999999999999982236e-02 2.780808584590283683e+00
5.000000000000026645e-02 5.000000000000015543e-02 2.722186950701015906e+00
5.000000000000026645e-02 1.500000000000002442e-01 2.247542583481472178e+00
5.000000000000026645e-02 2.500000000000003331e-01 1.784517512401651018e+00
5.000000000000026645e-02 3.500000000000001998e-01 1.354617523740333729e+00
5.000000000000026645e-02 4.500000000000002887e-01 1.241565870062188992e+00
5.000000000000026645e-02 5.500000000000001554e-01 1.135719187437098654e+00
5.000000000000026645e-02 6.500000000000002442e-01 1.112859209417588424e+00
5.000000000000026645e-02 7.500000000000003331e-01 1.159223315612057492e+00
5.000000000000026645e-02 8.500000000000001998e-01 1.354702583305059660e+00
5.000000000000026645e-02 9.500000000000002887e-01 1.627864001781877068e+00
1.500000000000003553e-01 -9.499999999999998446e-01 1.466831702803661042e+00
1.500000000000003553e-01 -8.499999999999998668e-01 1.453058822631330793e+00
1.500000000000003553e-01 -7.499999999999997780e-01 1.368653527728774355e+00
1.500000000000003553e-01 -6.499999999999998002e-01 1.334673572070952385e+00
1.500000000000003553e-01 -5.499999999999998224e-01 1.381370730592664353e+00
1.500000000000003553e-01 -4.499999999999998446e-01 1.552392283212834068e+00
1.500000000000003553e-01 -3.499999999999997558e-01 1.780622131162873600e+00
1.500000000000003553e-01 -2.499999999999997780e-01 1.959233716181711271e+00
1.500000000000003553e-01 -1.499999999999998002e-01 1.905085096558819302e+00
1.500000000000003553e-01 -4.999999999999982236e-02 2.067792448831891061e+00
1.500000000000003553e-01 5.000000000000015543e-02 2.072612910844016110e+00
1.500000000000003553e-01 1.500000000000002442e-01 1.928027667244944565e+00
1.500000000000003553e-01 2.500000000000003331e-01 1.879122168273332338e+00
1.500000000000003553e-01 3.500000000000001998e-01 1.809422953005245027e+00
1.500000000000003553e-01 4.500000000000002887e-01 1.575816013270048277e+00
1.500000000000003553e-01 5.500000000000001554e-01 1.374931372199139634e+00
1.500000000000003553e-01 6.500000000000002442e-01 1.365705179544794090e+00
1.500000000000003553e-01 7.500000000000003331e-01 1.400629565314435832e+00
1.500000000000003553e-01 8.500000000000001998e-01 1.383357726494806483e+00
1.500000000000003553e-01 9.500000000000002887e-01 1.462975028309295489e+00
2.500000000000004441e-01 -9.499999999999998446e-01 1.359018954464286999e+00
2.500000000000004441e-01 -8.499999999999998668e-01 1.482318438311717390e+00
2.500000000000004441e-01 -7.499999999999997780e-01 1.493001822147529412e+00
2.500000000000004441e-01 -6.499999999999998002e-01 1.604696601201351935e+00
2.500000000000004441e-01 -5.499999999999998224e-01 1.620947934955016212e+00
2.500000000000004441e-01 -4.499999999999998446e-01 1.648336558987828271e+00
2.500000000000004441e-01 -3.499999999999997558e-01 1.785933919065448627e+00
2.500000000000004441e-01 -2.499999999999997780e-01 1.674527350637899925e+00
2.500000000000004441e-01 -1.499999999999998002e-01 1.487071644746379873e+00
2.500000000000004441e-01 -4.999999999999982236e-02 1.468903278165615278e+00
2.500000000000004441e-01 5.000000000000015543e-02 1.475840453840697286e+00
2.500000000000004441e-01 1.500000000000002442e-01 1.533026095737999750e+00
2.500000000000004441e-01 2.500000000000003331e-01 1.629619750883312568e+00
2.500000000000004441e-01 3.500000000000001998e-01 1.610224558769169034e+00
2.500000000000004441e-01 4.500000000000002887e-01 1.716988260937420741e+00
2.500000000000004441e-01 5.500000000000001554e-01 1.687520779096055579e+00
2.500000000000004441e-01 6.500000000000002442e-01 1.598712059922918316e+00
2.500000000000004441e-01 7.500000000000003331e-01 1.478555717263788205e+00
2.500000000000004441e-01 8.500000000000001998e-01 1.433007503761562607e+00
2.500000000000004441e-01 9.500000000000002887e-01 1.318172573299489114e+00
3.500000000000003109e-01 -9.499999999999998446e-01 1.520054413059239051e+00
3.500000000000003109e-01 -8.499999999999998668e-01 1.567613067142497485e+00
3.500000000000003109e-01 -7.499999999999997780e-01 1.610688190534432351e+00
3.500000000000003109e-01 -6.499999999999998002e-01 1.600411019125221435e+00
3.500000000000003109e-01 -5.499999999999998224e-01 1.705801364896441408e+00
3.500000000000003109e-01 -4.499999999999998446e-01 1.604350416984866579e+00
3.500000000000003109e-01 -3.499999999999997558e-01 1.577888854263296725e+00
3.500000000000003109e-01 -2.499999999999997780e-01 1.461314543539037336e+00
3.500000000000003109e-01 -1.499999999999998002e-01 1.354937484786765900e+00
3.500000000000003109e-01 -4.999999999999982236e-02 1.327309939124623694e+00
3.500000000000003109e-01 5.000000000000015543e-02 1.363706781538538637e+00
3.500000000000003109e-01 1.500000000000002442e-01 1.416386229990574286e+00
3.500000000000003109e-01 2.500000000000003331e-01 1.492642385538060834e+00
3.500000000000003109e-01 3.500000000000001998e-01 1.527046214606538665e+00
3.500000000000003109e-01 4.500000000000002887e-01 1.572733622200397585e+00
3.500000000000003109e-01 5.500000000000001554e-01 1.658189836905983094e+00
3.500000000000003109e-01 6.500000000000002442e-01 1.805169225272976741e+00
3.500000000000003109e-01 7.500000000000003331e-01 1.683103805870894032e+00
3.500000000000003109e-01 8.500000000000001998e-01 1.486396683712970290e+00
3.500000000000003109e-01 9.500000000000002887e-01 1.474807829676251458e+00
4.500000000000003997e-01 -9.499999999999998446e-01 2.055386611656913498e+00
4.500000000000003997e-01 -8.499999999999998668e-01 2.014362952872603696e+00
4.500000000000003997e-01 -7.499999999999997780e-01 1.850559740849569756e+00
4.500000000000003997e-01 -6.499999999999998002e-01 1.596511767897960121e+00
4.500000000000003997e-01 -5.499999999999998224e-01 1.333246861993750976e+00
4.500000000000003997e-01 -4.499999999999998446e-01 1.249375653690921073e+00
4.500000000000003997e-01 -3.499999999999997558e-01 1.277832765349176336e+00
4.500000000000003997e-01 -2.499999999999997780e-01 1.389276168258641864e+00
4.500000000000003997e-01 -1.499999999999998002e-01 1.367133271711516107e+00
4.500000000000003997e-01 -4.999999999999982236e-02 1.468249247298375026e+00
4.500000000000003997e-01 5.000000000000015543e-02 1.484339800453540192e+00
4.500000000000003997e-01 1.500000000000002442e-01 1.459145081719162906e+00
4.500000000000003997e-01 2.500000000000003331e-01 1.388056417002485166e+00
4.500000000000003997e-01 3.500000000000001998e-01 1.280734262505703880e+00
4.500000000000003997e-01 4.500000000000002887e-01 1.294446965072103772e+00
4.500000000000003997e-01 5.500000000000001554e-01 1.338150223338413491e+00
4.500000000000003997e-01 6.500000000000002442e-01 1.560673000924003517e+00
4.500000000000003997e-01 7.500000000000003331e-01 1.858687219961460357e+00
4.500000000000003997e-01 8.500000000000001998e-01 2.108891392419383504e+00
4.500000000000003997e-01 9.500000000000002887e-01 2.082242488352759047e+00
5.500000000000002665e-01 -9.499999999999998446e-01 3.208010267245397173e+00
5.500000000000002665e-01 -8.499999999999998668e-01 2.738539065276226037e+00
5.500000000000002665e-01 -7.499999999999997780e-01 1.936901542496804352e+00
5.500000000000002665e-01 -6.499999999999998002e-01 1.471861393259000117e+00
5.500000000000002665e-01 -5.499999999999998224e-01 1.255168945239418576e+00
5.500000000000002665e-01 -4.499999999999998446e-01 1.130277344046330290e+00
5.500000000000002665e-01 -3.499999999999997558e-01 1.109937839586421227e+00
5.500000000000002665e-01 -2.499999999999997780e-01 1.162755073301895870e+00
5.500000000000002665e-01 -1.499999999999998002e-01 1.360735126900347591e+00
5.500000000000002665e-01 -4.999999999999982236e-02 1.632323099428868662e+00
5.500000000000002665e-01 5.000000000000015543e-02 1.604863827434644508e+00
5.500000000000002665e-01 1.500000000000002442e-01 1.416386423671442074e+00
5.500000000000002665e-01 2.500000000000003331e-01 1.272322652827876599e+00
5.500000000000002665e-01 3.500000000000001998e-01 1.163722357488898629e+00
5.500000000000002665e-01 4.500000000000002887e-01 1.121424579139348454e+00
5.500000000000002665e-01 5.500000000000001554e-01 1.221818816860218870e+00
5.500000000000002665e-01 6.500000000000002442e-01 1.394181894760031293e+00
5.500000000000002665e-01 7.500000000000003331e-01 1.874327395239213878e+00
5.500000000000002665e-01 8.500000000000001998e-01 2.733428597249680791e+00
5.500000000000002665e-01 9.500000000000002887e-01 3.193436515543963683e+00
6.500000000000003553e-01 -9.499999999999998446e-01 2.722186950701015906e+00
6.500000000000003553e-01 -8.499999999999998668e-01 2.247542583481472178e+00
6.500000000000003553e-01 -7.499999999999997780e-01 1.784517512401651018e+00
6.500000000000003553e-01 -6.499999999999998002e-01 1.354617523740333729e+00
6.500000000000003553e-01 -5.499999999999998224e-01 1.241565870062188992e+00
6.500000000000003553e-01 -4.499999999999998446e-01 1.135719187437098654e+00
6.500000000000003553e-01 -3.499999999999997558e-01 1.159080103225105240e+00
6.500000000000003553e-01 -2.499999999999997780e-01 1.289054269753337367e+00
6.500000000000003553e-01 -1.499999999999998002e-01 1.424180111653491565e+00
6.500000000000003553e-01 -4.999999999999982236e-02 1.520811166209538712e+00
6.500000000000003553e-01 5.000000000000015543e-02 1.650758756244208092e+00
6.500000000000003553e-01 1.500000000000002442e-01 1.475300729599189786e+00
6.500000000000003553e-01 2.500000000000003331e-01 1.285087378559387705e+00
6.500000000000003553e-01 3.500000000000001998e-01 1.217219435659704585e+00
6.500000000000003553e-01 4.500000000000002887e-01 1.177886625067766424e+00
6.500000000000003553e-01 5.500000000000001554e-01 1.183551766531096616e+00
6.500000000000003553e-01 6.500000000000002442e-01 1.295588562473319216e+00
6.500000000000003553e-01 7.500000000000003331e-01 1.738047704968611162e+00
6.500000000000003553e-01 8.500000000000001998e-01 2.193060789360556484e+00
6.500000000000003553e-01 9.500000000000002887e-01 2.780808584590283683e+00
7.500000000000004441e-01 -9.499999999999998446e-01 1.703772957594300363e+00
7.500000000000004441e-01 -8.499999999999998668e-01 1.780613663280441239e+00
7.500000000000004441e-01 -7.499999999999997780e-01 1.783717720564205189e+00
7.500000000000004441e-01 -6.499999999999998002e-01 1.718370266379456002e+00
7.500000000000004441e-01 -5.499999999999998224e-01 1.555550956903889226e+00
7.500000000000004441e-01 -4.499999999999998446e-01 1.469054801883672212e+00
7.500000000000004441e-01 -3.499999999999997558e-01 1.472792048288231292e+00
7.500000000000004441e-01 -2.499999999999997780e-01 1.400629565314435832e+00
7.500000000000004441e-01 -1.499999999999998002e-01 1.383357726494806483e+00
7.500000000000004441e-01 -4.999999999999982236e-02 1.462975028309295489e+00
7.500000000000004441e-01 5.000000000000015543e-02 1.466831702803661042e+00
7.500000000000004441e-01 1.500000000000002442e-01 1.453058822631330793e+00
7.500000000000004441e-01 2.500000000000003331e-01 1.368653527728774355e+00
7.500000000000004441e-01 3.500000000000001998e-01 1.420062689579755677e+00
7.500000000000004441e-01 4.500000000000002887e-01 1.447363358154852842e+00
7.500000000000004441e-01 5.500000000000001554e-01 1.558987019685435405e+00
7.500000000000004441e-01 6.500000000000002442e-01 1.720098330389978170e+00
7.500000000000004441e-01 7.500000000000003331e-01 1.861016634440297857e+00
7.500000000000004441e-01 8.500000000000001998e-01 1.774048290407470141e+00
7.500000000000004441e-01 9.500000000000002887e-01 1.668008229646559926e+00
8.500000000000003109e-01 -9.499999999999998446e-01 1.351638516965833814e+00
8.500000000000003109e-01 -8.499999999999998668e-01 1.447240604379301798e+00
8.500000000000003109e-01 -7.499999999999997780e-01 1.538716891434340761e+00
8.500000000000003109e-01 -6.499999999999998002e-01 1.608584782871652186e+00
8.500000000000003109e-01 -5.499999999999998224e-01 1.675100275269689964e+00
8.500000000000003109e-01 -4.499999999999998446e-01 1.755629643335672618e+00
8.500000000000003109e-01 -3.499999999999997558e-01 1.688139949883906477e+00
8.500000000000003109e-01 -2.499999999999997780e-01 1.586084304404250300e+00
8.500000000000003109e-01 -1.499999999999998002e-01 1.433007503761562607e+00
8.500000000000003109e-01 -4.999999999999982236e-02 1.318172573299489114e+00
8.500000000000003109e-01 5.000000000000015543e-02 1.359018954464286999e+00
8.500000000000003109e-01 1.500000000000002442e-01 1.482318438311717390e+00
8.500000000000003109e-01 2.500000000000003331e-01 1.579546992660631366e+00
8.500000000000003109e-01 3.500000000000001998e-01 1.659659316333071510e+00
8.500000000000003109e-01 4.500000000000002887e-01 1.675992603796838454e+00
8.500000000000003109e-01 5.500000000000001554e-01 1.737997878420763920e+00
8.500000000000003109e-01 6.500000000000002442e-01 1.695522771244151627e+00
8.500000000000003109e-01 7.500000000000003331e-01 1.517945267434013701e+00
8.500000000000003109e-01 8.500000000000001998e-01 1.402495968575213858e+00
8.500000000000003109e-01 9.500000000000002887e-01 1.351638516965833814e+00
9.500000000000003997e-01 -9.499999999999998446e-01 1.363706781538538637e+00
9.500000000000003997e-01 -8.499999999999998668e-01 1.416386229990574286e+00
9.500000000000003997e-01 -7.499999999999997780e-01 1.492642385538060834e+00
9.500000000000003997e-01 -6.499999999999998002e-01 1.527046214606538665e+00
9.500000000000003997e-01 -5.499999999999998224e-01 1.572733622200397585e+00
9.500000000000003997e-01 -4.499999999999998446e-01 1.702863700455988116e+00
9.500000000000003997e-01 -3.499999999999997558e-01 1.822483785609591900e+00
9.500000000000003997e-01 -2.499999999999997780e-01 1.867479973829575757e+00
9.500000000000003997e-01 -1.499999999999998002e-01 1.778712628914916216e+00
9.500000000000003997e-01 -4.999999999999982236e-02 1.689921960310117210e+00
9.500000000000003997e-01 5.000000000000015543e-02 1.734377440322940611e+00
9.500000000000003997e-01 1.500000000000002442e-01 1.765239618748892125e+00
9.500000000000003997e-01 2.500000000000003331e-01 1.745641691095050962e+00
9.500000000000003997e-01 3.500000000000001998e-01 1.655264144817619965e+00
9.500000000000003997e-01 4.500000000000002887e-01 1.650819726519231700e+00
9.500000000000003997e-01 5.500000000000001554e-01 1.604350416984866579e+00
9.500000000000003997e-01 6.500000000000002442e-01 1.577888854263296725e+00
9.500000000000003997e-01 7.500000000000003331e-01 1.461314543539037336e+00
9.500000000000003997e-01 8.500000000000001998e-01 1.354937484786765900e+00
9.500000000000003997e-01 9.500000000000002887e-01 1.327309939124623694e+00
