-9.499999999999997335e-01 -9.499999999999998446e-01 1.511680764877607330e-01
-9.499999999999997335e-01 -8.499999999999998668e-01 1.442553126145809939e-01
-9.499999999999997335e-01 -7.499999999999997780e-01 1.399161945264458251e-01
-9.499999999999997335e-01 -6.499999999999998002e-01 1.331408818504371261e-01
-9.499999999999997335e-01 -5.499999999999998224e-01 1.312663441817991106e-01
-9.499999999999997335e-01 -4.499999999999998446e-01 1.317723629614519776e-01
-9.499999999999997335e-01 -3.499999999999997558e-01 1.426593099192107195e-01
-9.499999999999997335e-01 -2.499999999999997780e-01 1.483321669768666307e-01
-9.499999999999997335e-01 -1.499999999999998002e-01 1.570253884022785318e-01
-9.499999999999997335e-01 -4.999999999999982236e-02 1.675136906216266042e-01
-9.499999999999997335e-01 5.000000000000015543e-02 1.659277937345106646e-01
-9.499999999999997335e-01 1.500000000000002442e-01 1.622204869663015636e-01
-9.499999999999997335e-01 2.500000000000003331e-01 1.475505630071101970e-01
-9.499999999999997335e-01 3.500000000000001998e-01 1.427799352987397519e-01
-9.499999999999997335e-01 4.500000000000002887e-01 1.379273958451404936e-01
-9.499999999999997335e-01 5.500000000000001554e-01 1.350411526743190704e-01
-9.499999999999997335e-01 6.500000000000002442e-01 1.392261284883538897e-01
-9.499999999999997335e-01 7.500000000000003331e-01 1.465713876203307842e-01
-9.499999999999997335e-01 8.500000000000001998e-01 1.481064567206810123e-01
-9.499999999999997335e-01 9.500000000000002887e-01 1.511707400569585746e-01
-8.499999999999997558e-01 -9.499999999999998446e-01 1.563400584932287118e-01
-8.499999999999997558e-01 -8.499999999999998668e-01 1.533476187831644966e-01
-8.499999999999997558e-01 -7.499999999999997780e-01 1.482687318713886149e-01
-8.499999999999997558e-01 -6.499999999999998002e-01 1.420331815107429285e-01
-8.499999999999997558e-01 -5.499999999999998224e-01 1.315796361719234475e-01
-8.499999999999997558e-01 -4.499999999999998446e-01 1.307332176719769312e-01
-8.499999999999997558e-01 -3.499999999999997558e-01 1.353979655398604987e-01
-8.499999999999997558e-01 -2.499999999999997780e-01 1.437848091276483498e-01
-8.499999999999997558e-01 -1.499999999999998002e-01 1.560986306196106566e-01
-8.499999999999997558e-01 -4.999999999999982236e-02 1.602838188650452245e-01
-8.499999999999997558e-01 5.000000000000015543e-02 1.516121049153041911e-01
-8.499999999999997558e-01 1.500000000000002442e-01 1.511120710929128308e-01
-8.499999999999997558e-01 2.500000000000003331e-01 1.434839119396537632e-01
-8.499999999999997558e-01 3.500000000000001998e-01 1.346777297784939320e-01
-8.499999999999997558e-01 4.500000000000002887e-01 1.309982102881172561e-01
-8.499999999999997558e-01 5.500000000000001554e-01 1.337483329700055457e-01
-8.499999999999997558e-01 6.500000000000002442e-01 1.400529248301739249e-01
-8.499999999999997558e-01 7.500000000000003331e-01 1.532172025346064947e-01
-8.499999999999997558e-01 8.500000000000001998e-01 1.592210581694473437e-01
-8.499999999999997558e-01 9.500000000000002887e-01 1.563400584932287118e-01
-7.499999999999997780e-01 -9.499999999999998446e-01 1.655829277499420993e-01
-7.499999999999997780e-01 -8.499999999999998668e-01 1.629831998376820301e-01
-7.499999999999997780e-01 -7.499999999999997780e-01 1.482981266681250021e-01
-7.499999999999997780e-01 -6.499999999999998002e-01 1.410892624594533296e-01
-7.499999999999997780e-01 -5.499999999999998224e-01 1.375675202886333937e-01
-7.499999999999997780e-01 -4.499999999999998446e-01 1.383562796701781894e-01
-7.499999999999997780e-01 -3.499999999999997558e-01 1.446810990949695119e-01
-7.499999999999997780e-01 -2.499999999999997780e-01 1.479451939972852570e-01
-7.499999999999997780e-01 -1.499999999999998002e-01 1.481111347016754176e-01
-7.499999999999997780e-01 -4.999999999999982236e-02 1.451888377372310412e-01
-7.499999999999997780e-01 5.000000000000015543e-02 1.445273006597526388e-01
-7.499999999999997780e-01 1.500000000000002442e-01 1.438512887836154164e-01
-7.499999999999997780e-01 2.500000000000003331e-01 1.406644291405754754e-01
-7.499999999999997780e-01 3.500000000000001998e-01 1.388241080760893031e-01
-7.499999999999997780e-01 4.500000000000002887e-01 1.318962668007197803e-01
-7.499999999999997780e-01 5.500000000000001554e-01 1.330015214949432090e-01
-7.499999999999997780e-01 6.500000000000002442e-01 1.382220463400953558e-01
-7.499999999999997780e-01 7.500000000000003331e-01 1.502429879834262794e-01
-7.499999999999997780e-01 8.500000000000001998e-01 1.604216623099324335e-01
-7.499999999999997780e-01 9.500000000000002887e-01 1.673909263089200516e-01
-6.499999999999996891e-01 -9.499999999999998446e-01 1.977600274505031397e-01
-6.499999999999996891e-01 -8.499999999999998668e-01 1.781995563533299576e-01
-6.499999999999996891e-01 -7.499999999999997780e-01 1.538941536466299775e-01
-6.499999999999996891e-01 -6.499999999999998002e-01 1.465303626301166506e-01
-6.499999999999996891e-01 -5.499999999999998224e-01 1.453769768482375546e-01
-6.499999999999996891e-01 -4.499999999999998446e-01 1.503342962903433666e-01
-6.499999999999996891e-01 -3.499999999999997558e-01 1.510726438028270058e-01
-6.499999999999996891e-01 -2.499999999999997780e-01 1.561030729095894687e-01
-6.499999999999996891e-01 -1.499999999999998002e-01 1.463034335163250488e-01
-6.499999999999996891e-01 -4.999999999999982236e-02 1.406996481070401095e-01
-6.499999999999996891e-01 5.000000000000015543e-02 1.352253425837678658e-01
-6.499999999999996891e-01 1.500000000000002442e-01 1.392178890322197937e-01
-6.499999999999996891e-01 2.500000000000003331e-01 1.501508939360395312e-01
-6.499999999999996891e-01 3.500000000000001998e-01 1.407849975701735423e-01
-6.499999999999996891e-01 4.500000000000002887e-01 1.409281674971558096e-01
-6.499999999999996891e-01 5.500000000000001554e-01 1.396670412794364102e-01
-6.499999999999996891e-01 6.500000000000002442e-01 1.386038100520454452e-01
-6.499999999999996891e-01 7.500000000000003331e-01 1.479879027982057560e-01
-6.499999999999996891e-01 8.500000000000001998e-01 1.705551487992642001e-01
-6.499999999999996891e-01 9.500000000000002887e-01 1.935062528271272730e-01
-5.499999999999997113e-01 -9.499999999999998446e-01 2.237364133830003210e-01
-5.499999999999997113e-01 -8.499999999999998668e-01 1.932476266555513411e-01
-5.499999999999997113e-01 -7.499999999999997780e-01 1.656177982626774459e-01
-5.499999999999997113e-01 -6.499999999999998002e-01 1.500552359814388281e-01
-5.499999999999997113e-01 -5.499999999999998224e-01 1.463348796253000350e-01
-5.499999999999997113e-01 -4.499999999999998446e-01 1.477975791400028827e-01
-5.499999999999997113e-01 -3.499999999999997558e-01 1.650343710805678432e-01
-5.499999999999997113e-01 -2.499999999999997780e-01 1.760302362283139299e-01
-5.499999999999997113e-01 -1.499999999999998002e-01 1.504999093230940665e-01
-5.499999999999997113e-01 -4.999999999999982236e-02 1.348659689374454296e-01
-5.499999999999997113e-01 5.000000000000015543e-02 1.338304029464130462e-01
-5.499999999999997113e-01 1.500000000000002442e-01 1.368666323441820876e-01
-5.499999999999997113e-01 2.500000000000003331e-01 1.503666742647248866e-01
-5.499999999999997113e-01 3.500000000000001998e-01 1.535653195149958017e-01
-5.499999999999997113e-01 4.500000000000002887e-01 1.402089946473043802e-01
-5.499999999999997113e-01 5.500000000000001554e-01 1.368877765503006549e-01
-5.499999999999997113e-01 6.500000000000002442e-01 1.427322112931166953e-01
-5.499999999999997113e-01 7.500000000000003331e-01 1.571097653213378575e-01
-5.499999999999997113e-01 8.500000000000001998e-01 1.808842262396879730e-01
-5.499999999999997113e-01 9.500000000000002887e-01 2.114741451280860995e-01
-4.499999999999997335e-01 -9.499999999999998446e-01 1.838784106329679480e-01
-4.499999999999997335e-01 -8.499999999999998668e-01 1.621510660009276295e-01
-4.499999999999997335e-01 -7.499999999999997780e-01 1.540491411476013206e-01
-4.499999999999997335e-01 -6.499999999999998002e-01 1.435933687378337098e-01
-4.499999999999997335e-01 -5.499999999999998224e-01 1.422896267711936946e-01
-4.499999999999997335e-01 -4.499999999999998446e-01 1.473587703678078953e-01
-4.499999999999997335e-01 -3.499999999999997558e-01 1.497612512236331517e-01
-4.499999999999997335e-01 -2.499999999999997780e-01 1.469704611248949799e-01
-4.499999999999997335e-01 -1.499999999999998002e-01 1.465621206685446820e-01
-4.499999999999997335e-01 -4.999999999999982236e-02 1.425135177037044898e-01
-4.499999999999997335e-01 5.000000000000015543e-02 1.437922347015123947e-01
-4.499999999999997335e-01 1.500000000000002442e-01 1.429290877779493263e-01
-4.499999999999997335e-01 2.500000000000003331e-01 1.424631927563584921e-01
-4.499999999999997335e-01 3.500000000000001998e-01 1.401087227213932696e-01
-4.499999999999997335e-01 4.500000000000002887e-01 1.374289914398509060e-01
-4.499999999999997335e-01 5.500000000000001554e-01 1.340014641169507970e-01
-4.499999999999997335e-01 6.500000000000002442e-01 1.388997160466976521e-01
-4.499999999999997335e-01 7.500000000000003331e-01 1.467178467929280139e-01
-4.499999999999997335e-01 8.500000000000001998e-01 1.600172738894996283e-01
-4.499999999999997335e-01 9.500000000000002887e-01 1.827705132284217493e-01
-3.499999999999996447e-01 -9.499999999999998446e-01 1.612318621037990840e-01
-3.499999999999996447e-01 -8.499999999999998668e-01 1.530296496028878683e-01
-3.499999999999996447e-01 -7.499999999999997780e-01 1.470773726974203000e-01
-3.499999999999996447e-01 -6.499999999999998002e-01 1.382600440076147685e-01
-3.499999999999996447e-01 -5.499999999999998224e-01 1.332130469079063906e-01
-3.499999999999996447e-01 -4.499999999999998446e-01 1.350411526743190704e-01
-3.499999999999996447e-01 -3.499999999999997558e-01 1.392261284883538897e-01
-3.499999999999996447e-01 -2.499999999999997780e-01 1.465713876203307842e-01
-3.499999999999996447e-01 -1.499999999999998002e-01 1.481064567206810123e-01
-3.499999999999996447e-01 -4.999999999999982236e-02 1.511707400569585746e-01
-3.499999999999996447e-01 5.000000000000015543e-02 1.511680764877607330e-01
-3.499999999999996447e-01 1.500000000000002442e-01 1.442553126145809939e-01
-3.499999999999996447e-01 2.500000000000003331e-01 1.399161945264458251e-01
-3.499999999999996447e-01 3.500000000000001998e-01 1.331408818504371261e-01
-3.499999999999996447e-01 4.500000000000002887e-01 1.312663441817991106e-01
-3.499999999999996447e-01 5.500000000000001554e-01 1.301232474987680243e-01
-3.499999999999996447e-01 6.500000000000002442e-01 1.347374236939234693e-01
-3.499999999999996447e-01 7.500000000000003331e-01 1.479486728193634137e-01
-3.499999999999996447e-01 8.500000000000001998e-01 1.582792317536445559e-01
-3.499999999999996447e-01 9.500000000000002887e-01 1.576741172154882131e-01
-2.499999999999996669e-01 -9.499999999999998446e-01 1.516121049153041911e-01
-2.499999999999996669e-01 -8.499999999999998668e-01 1.511120710929128308e-01
-2.499999999999996669e-01 -7.499999999999997780e-01 1.465694763559203528e-01
-2.499999999999996669e-01 -6.499999999999998002e-01 1.355121504479472327e-01
-2.499999999999996669e-01 -5.499999999999998224e-01 1.330928532235996775e-01
-2.499999999999996669e-01 -4.499999999999998446e-01 1.310412903521077088e-01
-2.499999999999996669e-01 -3.499999999999997558e-01 1.363046920250489680e-01
-2.499999999999996669e-01 -2.499999999999997780e-01 1.488502502405957550e-01
-2.499999999999996669e-01 -1.499999999999998002e-01 1.588199025091904526e-01
-2.499999999999996669e-01 -4.999999999999982236e-02 1.570435565266488642e-01
-2.499999999999996669e-01 5.000000000000015543e-02 1.608169701643977212e-01
-2.499999999999996669e-01 1.500000000000002442e-01 1.530519779343438580e-01
-2.499999999999996669e-01 2.500000000000003331e-01 1.468984259769164080e-01
-2.499999999999996669e-01 3.500000000000001998e-01 1.381564199395870218e-01
-2.499999999999996669e-01 4.500000000000002887e-01 1.319563907071684972e-01
-2.499999999999996669e-01 5.500000000000001554e-01 1.332749929954334112e-01
-2.499999999999996669e-01 6.500000000000002442e-01 1.412867081889437326e-01
-2.499999999999996669e-01 7.500000000000003331e-01 1.471411207654983178e-01
-2.499999999999996669e-01 8.500000000000001998e-01 1.560986306196106566e-01
-2.499999999999996669e-01 9.500000000000002887e-01 1.602838188650452245e-01
-1.499999999999996891e-01 -9.499999999999998446e-01 1.445273006597526388e-01
-1.499999999999996891e-01 -8.499999999999998668e-01 1.438512887836154164e-01
-1.499999999999996891e-01 -7.499999999999997780e-01 1.406644291405754754e-01
-1.499999999999996891e-01 -6.499999999999998002e-01 1.381453849045428117e-01
-1.499999999999996891e-01 -5.499999999999998224e-01 1.320858323131806900e-01
-1.499999999999996891e-01 -4.499999999999998446e-01 1.366906638964041354e-01
-1.499999999999996891e-01 -3.499999999999997558e-01 1.435684393957949168e-01
-1.499999999999996891e-01 -2.499999999999997780e-01 1.551295106009033253e-01
-1.499999999999996891e-01 -1.499999999999998002e-01 1.679733863393958193e-01
-1.499999999999996891e-01 -4.999999999999982236e-02 1.839862668006570223e-01
-1.499999999999996891e-01 5.000000000000015543e-02 1.838312712495291101e-01
-1.499999999999996891e-01 1.500000000000002442e-01 1.663854966735950625e-01
-1.499999999999996891e-01 2.500000000000003331e-01 1.581049768112947618e-01
-1.499999999999996891e-01 3.500000000000001998e-01 1.461769082273885190e-01
-1.499999999999996891e-01 4.500000000000002887e-01 1.401730328941043213e-01
-1.499999999999996891e-01 5.500000000000001554e-01 1.401336637791101847e-01
-1.499999999999996891e-01 6.500000000000002442e-01 1.454172721405374291e-01
-1.499999999999996891e-01 7.500000000000003331e-01 1.479451939972852570e-01
-1.499999999999996891e-01 8.500000000000001998e-01 1.481111347016754176e-01
-1.499999999999996891e-01 9.500000000000002887e-01 1.451888377372310412e-01
-4.999999999999971134e-02 -9.499999999999998446e-01 1.319233906654125876e-01
-4.999999999999971134e-02 -8.499999999999998668e-01 1.372816407441147246e-01
-4.999999999999971134e-02 -7.499999999999997780e-01 1.504278305441303365e-01
-4.999999999999971134e-02 -6.499999999999998002e-01 1.537184687944169181e-01
-4.999999999999971134e-02 -5.499999999999998224e-01 1.409281674971558096e-01
-4.999999999999971134e-02 -4.499999999999998446e-01 1.396670412794364102e-01
-4.999999999999971134e-02 -3.499999999999997558e-01 1.386038100520454452e-01
-4.999999999999971134e-02 -2.499999999999997780e-01 1.479879027982057560e-01
-4.999999999999971134e-02 -1.499999999999998002e-01 1.705551487992642001e-01
-4.999999999999971134e-02 -4.999999999999982236e-02 1.935062528271272730e-01
-4.999999999999971134e-02 5.000000000000015543e-02 1.977600274505031397e-01
-4.999999999999971134e-02 1.500000000000002442e-01 1.781995563533299576e-01
-4.999999999999971134e-02 2.500000000000003331e-01 1.538941536466299775e-01
-4.999999999999971134e-02 3.500000000000001998e-01 1.465303626301166506e-01
-4.999999999999971134e-02 4.500000000000002887e-01 1.453769768482375546e-01
-4.999999999999971134e-02 5.500000000000001554e-01 1.503342962903433666e-01
-4.999999999999971134e-02 6.500000000000002442e-01 1.649699369961231121e-01
-4.999999999999971134e-02 7.500000000000003331e-01 1.759142236990470232e-01
-4.999999999999971134e-02 8.500000000000001998e-01 1.508109973139117321e-01
-4.999999999999971134e-02 9.500000000000002887e-01 1.345750426535419486e-01
5.000000000000026645e-02 -9.499999999999998446e-01 1.338304029464130462e-01
5.000000000000026645e-02 -8.499999999999998668e-01 1.368666323441820876e-01
5.000000000000026645e-02 -7.499999999999997780e-01 1.503666742647248866e-01
5.000000000000026645e-02 -6.499999999999998002e-01 1.535653195149958017e-01
5.000000000000026645e-02 -5.499999999999998224e-01 1.407188978501043297e-01
5.000000000000026645e-02 -4.499999999999998446e-01 1.391169338563900404e-01
5.000000000000026645e-02 -3.499999999999997558e-01 1.378514463330395012e-01
5.000000000000026645e-02 -2.499999999999997780e-01 1.473335814011263734e-01
5.000000000000026645e-02 -1.499999999999998002e-01 1.699912834506457637e-01
5.000000000000026645e-02 -4.999999999999982236e-02 1.935041715144690533e-01
5.000000000000026645e-02 5.000000000000015543e-02 1.977702558053071047e-01
5.000000000000026645e-02 1.500000000000002442e-01 1.772168107999885500e-01
5.000000000000026645e-02 2.500000000000003331e-01 1.532182067151815763e-01
5.000000000000026645e-02 3.500000000000001998e-01 1.474126016663395433e-01
5.000000000000026645e-02 4.500000000000002887e-01 1.461543535277957939e-01
5.000000000000026645e-02 5.500000000000001554e-01 1.505129297955519196e-01
5.000000000000026645e-02 6.500000000000002442e-01 1.650343710805678432e-01
5.000000000000026645e-02 7.500000000000003331e-01 1.760302362283139299e-01
5.000000000000026645e-02 8.500000000000001998e-01 1.504999093230940665e-01
5.000000000000026645e-02 9.500000000000002887e-01 1.348659689374454296e-01
1.500000000000003553e-01 -9.499999999999998446e-01 1.437922347015123947e-01
1.500000000000003553e-01 -8.499999999999998668e-01 1.429290877779493263e-01
1.500000000000003553e-01 -7.499999999999997780e-01 1.398738437352239627e-01
1.500000000000003553e-01 -6.499999999999998002e-01 1.375726739454832814e-01
1.500000000000003553e-01 -5.499999999999998224e-01 1.313576521460481095e-01
1.500000000000003553e-01 -4.499999999999998446e-01 1.355862261056169360e-01
1.500000000000003553e-01 -3.499999999999997558e-01 1.423399882660305871e-01
1.500000000000003553e-01 -2.499999999999997780e-01 1.521593448897045342e-01
1.500000000000003553e-01 -1.499999999999998002e-01 1.654464428589189073e-01
1.500000000000003553e-01 -4.999999999999982236e-02 1.827705132284217493e-01
1.500000000000003553e-01 5.000000000000015543e-02 1.838784106329679480e-01
1.500000000000003553e-01 1.500000000000002442e-01 1.663960472428175075e-01
1.500000000000003553e-01 2.500000000000003331e-01 1.574655100945676900e-01
1.500000000000003553e-01 3.500000000000001998e-01 1.455422027934448470e-01
1.500000000000003553e-01 4.500000000000002887e-01 1.407256670595313508e-01
1.500000000000003553e-01 5.500000000000001554e-01 1.409466445495819453e-01
1.500000000000003553e-01 6.500000000000002442e-01 1.459216984828752561e-01
1.500000000000003553e-01 7.500000000000003331e-01 1.479412358933256677e-01
1.500000000000003553e-01 8.500000000000001998e-01 1.465621206685446820e-01
1.500000000000003553e-01 9.500000000000002887e-01 1.425135177037044898e-01
2.500000000000004441e-01 -9.499999999999998446e-01 1.500807470133386501e-01
2.500000000000004441e-01 -8.499999999999998668e-01 1.505233182655229540e-01
2.500000000000004441e-01 -7.499999999999997780e-01 1.460434193883636267e-01
2.500000000000004441e-01 -6.499999999999998002e-01 1.351746607453462035e-01
2.500000000000004441e-01 -5.499999999999998224e-01 1.323258615867158039e-01
2.500000000000004441e-01 -4.499999999999998446e-01 1.301232474987680243e-01
2.500000000000004441e-01 -3.499999999999997558e-01 1.347374236939234693e-01
2.500000000000004441e-01 -2.499999999999997780e-01 1.479486728193634137e-01
2.500000000000004441e-01 -1.499999999999998002e-01 1.582792317536445559e-01
2.500000000000004441e-01 -4.999999999999982236e-02 1.576741172154882131e-01
2.500000000000004441e-01 5.000000000000015543e-02 1.612318621037990840e-01
2.500000000000004441e-01 1.500000000000002442e-01 1.530296496028878683e-01
2.500000000000004441e-01 2.500000000000003331e-01 1.470773726974203000e-01
2.500000000000004441e-01 3.500000000000001998e-01 1.382600440076147685e-01
2.500000000000004441e-01 4.500000000000002887e-01 1.332130469079063906e-01
2.500000000000004441e-01 5.500000000000001554e-01 1.352364285463523719e-01
2.500000000000004441e-01 6.500000000000002442e-01 1.414401423243112077e-01
2.500000000000004441e-01 7.500000000000003331e-01 1.468023894612205948e-01
2.500000000000004441e-01 8.500000000000001998e-01 1.558923440479195177e-01
2.500000000000004441e-01 9.500000000000002887e-01 1.593794968940772105e-01
3.500000000000003109e-01 -9.499999999999998446e-01 1.608169701643977212e-01
3.500000000000003109e-01 -8.499999999999998668e-01 1.530519779343438580e-01
3.500000000000003109e-01 -7.499999999999997780e-01 1.468984259769164080e-01
3.500000000000003109e-01 -6.499999999999998002e-01 1.381564199395870218e-01
3.500000000000003109e-01 -5.499999999999998224e-01 1.319563907071684972e-01
3.500000000000003109e-01 -4.499999999999998446e-01 1.337907936031616507e-01
3.500000000000003109e-01 -3.499999999999997558e-01 1.387150928241087378e-01
3.500000000000003109e-01 -2.499999999999997780e-01 1.465168813230547096e-01
3.500000000000003109e-01 -1.499999999999998002e-01 1.488237283004418265e-01
3.500000000000003109e-01 -4.999999999999982236e-02 1.517051184662281116e-01
3.500000000000003109e-01 5.000000000000015543e-02 1.527300237106385961e-01
3.500000000000003109e-01 1.500000000000002442e-01 1.461969236099281422e-01
3.500000000000003109e-01 2.500000000000003331e-01 1.403402231038395898e-01
3.500000000000003109e-01 3.500000000000001998e-01 1.335246129151884953e-01
3.500000000000003109e-01 4.500000000000002887e-01 1.321676770476087892e-01
3.500000000000003109e-01 5.500000000000001554e-01 1.310412903521077088e-01
3.500000000000003109e-01 6.500000000000002442e-01 1.363046920250489680e-01
3.500000000000003109e-01 7.500000000000003331e-01 1.488502502405957550e-01
3.500000000000003109e-01 8.500000000000001998e-01 1.588199025091904526e-01
3.500000000000003109e-01 9.500000000000002887e-01 1.570435565266488642e-01
4.500000000000003997e-01 -9.499999999999998446e-01 1.838312712495291101e-01
4.500000000000003997e-01 -8.499999999999998668e-01 1.625857410116888224e-01
4.500000000000003997e-01 -7.499999999999997780e-01 1.546464605524934532e-01
4.500000000000003997e-01 -6.499999999999998002e-01 1.436558378838955485e-01
4.500000000000003997e-01 -5.499999999999998224e-01 1.415438795303745612e-01
4.500000000000003997e-01 -4.499999999999998446e-01 1.465770479650416180e-01
4.500000000000003997e-01 -3.499999999999997558e-01 1.496839017454153486e-01
4.500000000000003997e-01 -2.499999999999997780e-01 1.471906478267837326e-01
4.500000000000003997e-01 -1.499999999999998002e-01 1.481111347016754176e-01
4.500000000000003997e-01 -4.999999999999982236e-02 1.451888377372310412e-01
4.500000000000003997e-01 5.000000000000015543e-02 1.445273006597526388e-01
4.500000000000003997e-01 1.500000000000002442e-01 1.438512887836154164e-01
4.500000000000003997e-01 2.500000000000003331e-01 1.426663058507267323e-01
4.500000000000003997e-01 3.500000000000001998e-01 1.409556498840482397e-01
4.500000000000003997e-01 4.500000000000002887e-01 1.380030637387216486e-01
4.500000000000003997e-01 5.500000000000001554e-01 1.347082768104974348e-01
4.500000000000003997e-01 6.500000000000002442e-01 1.403773067245167594e-01
4.500000000000003997e-01 7.500000000000003331e-01 1.479814067123372823e-01
4.500000000000003997e-01 8.500000000000001998e-01 1.627324165438774617e-01
4.500000000000003997e-01 9.500000000000002887e-01 1.839862668006570223e-01
5.500000000000002665e-01 -9.499999999999998446e-01 2.237364133830003210e-01
5.500000000000002665e-01 -8.499999999999998668e-01 1.932729494796540104e-01
5.500000000000002665e-01 -7.499999999999997780e-01 1.662201553769251106e-01
5.500000000000002665e-01 -6.499999999999998002e-01 1.499291577245273344e-01
5.500000000000002665e-01 -5.499999999999998224e-01 1.455850765709565953e-01
5.500000000000002665e-01 -4.499999999999998446e-01 1.476350640677243642e-01
5.500000000000002665e-01 -3.499999999999997558e-01 1.649699369961231121e-01
5.500000000000002665e-01 -2.499999999999997780e-01 1.759142236990470232e-01
5.500000000000002665e-01 -1.499999999999998002e-01 1.508109973139117321e-01
5.500000000000002665e-01 -4.999999999999982236e-02 1.345750426535419486e-01
5.500000000000002665e-01 5.000000000000015543e-02 1.319233906654125876e-01
5.500000000000002665e-01 1.500000000000002442e-01 1.372816407441147246e-01
5.500000000000002665e-01 2.500000000000003331e-01 1.504278305441303365e-01
5.500000000000002665e-01 3.500000000000001998e-01 1.537184687944169181e-01
5.500000000000002665e-01 4.500000000000002887e-01 1.402722261697958439e-01
5.500000000000002665e-01 5.500000000000001554e-01 1.374065693910209995e-01
5.500000000000002665e-01 6.500000000000002442e-01 1.427349649196438253e-01
5.500000000000002665e-01 7.500000000000003331e-01 1.576398809319202177e-01
5.500000000000002665e-01 8.500000000000001998e-01 1.809869082925006090e-01
5.500000000000002665e-01 9.500000000000002887e-01 2.114741451280860995e-01
6.500000000000003553e-01 -9.499999999999998446e-01 1.977702558053071047e-01
6.500000000000003553e-01 -8.499999999999998668e-01 1.772168107999885500e-01
6.500000000000003553e-01 -7.499999999999997780e-01 1.532182067151815763e-01
6.500000000000003553e-01 -6.499999999999998002e-01 1.474126016663395433e-01
6.500000000000003553e-01 -5.499999999999998224e-01 1.461543535277957939e-01
6.500000000000003553e-01 -4.499999999999998446e-01 1.505129297955519196e-01
6.500000000000003553e-01 -3.499999999999997558e-01 1.513307347649538448e-01
6.500000000000003553e-01 -2.499999999999997780e-01 1.559742174251744495e-01
6.500000000000003553e-01 -1.499999999999998002e-01 1.461586561612299440e-01
6.500000000000003553e-01 -4.999999999999982236e-02 1.400189377380397227e-01
6.500000000000003553e-01 5.000000000000015543e-02 1.357558202978749740e-01
6.500000000000003553e-01 1.500000000000002442e-01 1.393255456897663780e-01
6.500000000000003553e-01 2.500000000000003331e-01 1.493589112883387249e-01
6.500000000000003553e-01 3.500000000000001998e-01 1.404981722901488261e-01
6.500000000000003553e-01 4.500000000000002887e-01 1.407188978501043297e-01
6.500000000000003553e-01 5.500000000000001554e-01 1.391169338563900404e-01
6.500000000000003553e-01 6.500000000000002442e-01 1.378514463330395012e-01
6.500000000000003553e-01 7.500000000000003331e-01 1.473335814011263734e-01
6.500000000000003553e-01 8.500000000000001998e-01 1.699912834506457637e-01
6.500000000000003553e-01 9.500000000000002887e-01 1.935041715144690533e-01
7.500000000000004441e-01 -9.499999999999998446e-01 1.659277937345106646e-01
7.500000000000004441e-01 -8.499999999999998668e-01 1.622204869663015636e-01
7.500000000000004441e-01 -7.499999999999997780e-01 1.475505630071101970e-01
7.500000000000004441e-01 -6.499999999999998002e-01 1.415522060357953527e-01
7.500000000000004441e-01 -5.499999999999998224e-01 1.382238799391236894e-01
7.500000000000004441e-01 -4.499999999999998446e-01 1.389708398435875181e-01
7.500000000000004441e-01 -3.499999999999997558e-01 1.450300217752067133e-01
7.500000000000004441e-01 -2.499999999999997780e-01 1.479412358933256677e-01
7.500000000000004441e-01 -1.499999999999998002e-01 1.465621206685446820e-01
7.500000000000004441e-01 -4.999999999999982236e-02 1.425135177037044898e-01
7.500000000000004441e-01 5.000000000000015543e-02 1.437922347015123947e-01
7.500000000000004441e-01 1.500000000000002442e-01 1.429290877779493263e-01
7.500000000000004441e-01 2.500000000000003331e-01 1.398738437352239627e-01
7.500000000000004441e-01 3.500000000000001998e-01 1.387147870596465993e-01
7.500000000000004441e-01 4.500000000000002887e-01 1.312708618090233925e-01
7.500000000000004441e-01 5.500000000000001554e-01 1.318697807501977015e-01
7.500000000000004441e-01 6.500000000000002442e-01 1.372069701423144494e-01
7.500000000000004441e-01 7.500000000000003331e-01 1.483321669768666307e-01
7.500000000000004441e-01 8.500000000000001998e-01 1.570253884022785318e-01
7.500000000000004441e-01 9.500000000000002887e-01 1.675136906216266042e-01
8.500000000000003109e-01 -9.499999999999998446e-01 1.570509042755155460e-01
8.500000000000003109e-01 -8.499999999999998668e-01 1.539939316978071460e-01
8.500000000000003109e-01 -7.499999999999997780e-01 1.486617200671412620e-01
8.500000000000003109e-01 -6.499999999999998002e-01 1.420937235418270328e-01
8.500000000000003109e-01 -5.499999999999998224e-01 1.320162101497971141e-01
8.500000000000003109e-01 -4.499999999999998446e-01 1.327986131553678950e-01
8.500000000000003109e-01 -3.499999999999997558e-01 1.370258234880717685e-01
8.500000000000003109e-01 -2.499999999999997780e-01 1.438155315108553822e-01
8.500000000000003109e-01 -1.499999999999998002e-01 1.558923440479195177e-01
8.500000000000003109e-01 -4.999999999999982236e-02 1.593794968940772105e-01
8.500000000000003109e-01 5.000000000000015543e-02 1.500807470133386501e-01
8.500000000000003109e-01 1.500000000000002442e-01 1.505233182655229540e-01
8.500000000000003109e-01 2.500000000000003331e-01 1.432097820722962322e-01
8.500000000000003109e-01 3.500000000000001998e-01 1.342119831537409991e-01
8.500000000000003109e-01 4.500000000000002887e-01 1.302298323900787369e-01
8.500000000000003109e-01 5.500000000000001554e-01 1.317288617336992707e-01
8.500000000000003109e-01 6.500000000000002442e-01 1.388603327569049029e-01
8.500000000000003109e-01 7.500000000000003331e-01 1.529084410698632601e-01
8.500000000000003109e-01 8.500000000000001998e-01 1.599134110625329563e-01
8.500000000000003109e-01 9.500000000000002887e-01 1.570509042755155460e-01
9.500000000000003997e-01 -9.499999999999998446e-01 1.527300237106385961e-01
9.500000000000003997e-01 -8.499999999999998668e-01 1.461969236099281422e-01
9.500000000000003997e-01 -7.499999999999997780e-01 1.403402231038395898e-01
9.500000000000003997e-01 -6.499999999999998002e-01 1.335246129151884953e-01
9.500000000000003997e-01 -5.499999999999998224e-01 1.321676770476087892e-01
9.500000000000003997e-01 -4.499999999999998446e-01 1.328980291048793838e-01
9.500000000000003997e-01 -3.499999999999997558e-01 1.436423426783957347e-01
9.500000000000003997e-01 -2.499999999999997780e-01 1.502429879834262794e-01
9.500000000000003997e-01 -1.499999999999998002e-01 1.604216623099324335e-01
9.500000000000003997e-01 -4.999999999999982236e-02 1.673909263089200516e-01
9.500000000000003997e-01 5.000000000000015543e-02 1.655829277499420993e-01
9.500000000000003997e-01 1.500000000000002442e-01 1.629831998376820301e-01
9.500000000000003997e-01 2.500000000000003331e-01 1.482981266681250021e-01
9.500000000000003997e-01 3.500000000000001998e-01 1.426647017006320850e-01
9.500000000000003997e-01 4.500000000000002887e-01 1.373602117479644780e-01
9.500000000000003997e-01 5.500000000000001554e-01 1.337907936031616507e-01
9.500000000000003997e-01 6.500000000000002442e-01 1.387150928241087378e-01
9.500000000000003997e-01 7.500000000000003331e-01 1.465168813230547096e-01
9.500000000000003997e-01 8.500000000000001998e-01 1.488237283004418265e-01
9.500000000000003997e-01 9.500000000000002887e-01 1.517051184662281116e-01
