-9.499999999999997335e-01 -9.499999999999998446e-01 1.325249470842886135e+00
-9.499999999999997335e-01 -8.499999999999998668e-01 1.185525989538884328e+00
-9.499999999999997335e-01 -7.499999999999997780e-01 1.276257286153205328e+00
-9.499999999999997335e-01 -6.499999999999998002e-01 1.395857051154208550e+00
-9.499999999999997335e-01 -5.499999999999998224e-01 1.585299549553115472e+00
-9.499999999999997335e-01 -4.499999999999998446e-01 1.710416261916482661e+00
-9.499999999999997335e-01 -3.499999999999997558e-01 1.620493922861903968e+00
-9.499999999999997335e-01 -2.499999999999997780e-01 1.588758782982351292e+00
-9.499999999999997335e-01 -1.499999999999998002e-01 1.542715076411506958e+00
-9.499999999999997335e-01 -4.999999999999982236e-02 1.622677594834350145e+00
-9.499999999999997335e-01 5.000000000000015543e-02 1.640876738212621921e+00
-9.499999999999997335e-01 1.500000000000002442e-01 1.543202008182315899e+00
-9.499999999999997335e-01 2.500000000000003331e-01 1.611636677006660578e+00
-9.499999999999997335e-01 3.500000000000001998e-01 1.670082694721234828e+00
-9.499999999999997335e-01 4.500000000000002887e-01 1.801417667866053840e+00
-9.499999999999997335e-01 5.500000000000001554e-01 1.768346415845570840e+00
-9.499999999999997335e-01 6.500000000000002442e-01 1.455687539854803259e+00
-9.499999999999997335e-01 7.500000000000003331e-01 1.190325550299978996e+00
-9.499999999999997335e-01 8.500000000000001998e-01 1.183507540556939297e+00
-9.499999999999997335e-01 9.500000000000002887e-01 1.335000224057925511e+00
-8.499999999999997558e-01 -9.499999999999998446e-01 1.345901280938219369e+00
-8.499999999999997558e-01 -8.499999999999998668e-01 1.306222213923145636e+00
-8.499999999999997558e-01 -7.499999999999997780e-01 1.256040811190035189e+00
-8.499999999999997558e-01 -6.499999999999998002e-01 1.498568065069576294e+00
-8.499999999999997558e-01 -5.499999999999998224e-01 1.858803571113889941e+00
-8.499999999999997558e-01 -4.499999999999998446e-01 1.916828961044126700e+00
-8.499999999999997558e-01 -3.499999999999997558e-01 1.561117002195531178e+00
-8.499999999999997558e-01 -2.499999999999997780e-01 1.263610224552786043e+00
-8.499999999999997558e-01 -1.499999999999998002e-01 1.184754573729034144e+00
-8.499999999999997558e-01 -4.999999999999982236e-02 1.266010189299874966e+00
-8.499999999999997558e-01 5.000000000000015543e-02 1.302018894270973615e+00
-8.499999999999997558e-01 1.500000000000002442e-01 1.222239630803024113e+00
-8.499999999999997558e-01 2.500000000000003331e-01 1.270304405107939960e+00
-8.499999999999997558e-01 3.500000000000001998e-01 1.661258579883716280e+00
-8.499999999999997558e-01 4.500000000000002887e-01 1.898269343197338310e+00
-8.499999999999997558e-01 5.500000000000001554e-01 1.849323655622269413e+00
-8.499999999999997558e-01 6.500000000000002442e-01 1.537989261473049707e+00
-8.499999999999997558e-01 7.500000000000003331e-01 1.240403809244178701e+00
-8.499999999999997558e-01 8.500000000000001998e-01 1.260348205463359683e+00
-8.499999999999997558e-01 9.500000000000002887e-01 1.345901280938219369e+00
-7.499999999999997780e-01 -9.499999999999998446e-01 1.628042871444732809e+00
-7.499999999999997780e-01 -8.499999999999998668e-01 1.524083316325542281e+00
-7.499999999999997780e-01 -7.499999999999997780e-01 1.581250015338968584e+00
-7.499999999999997780e-01 -6.499999999999998002e-01 1.679369886222101593e+00
-7.499999999999997780e-01 -5.499999999999998224e-01 1.610345201265159787e+00
-7.499999999999997780e-01 -4.499999999999998446e-01 1.504390948604457545e+00
-7.499999999999997780e-01 -3.499999999999997558e-01 1.303491029115175781e+00
-7.499999999999997780e-01 -2.499999999999997780e-01 1.182216976413273057e+00
-7.499999999999997780e-01 -1.499999999999998002e-01 1.164765502265932673e+00
-7.499999999999997780e-01 -4.999999999999982236e-02 1.379534170447010988e+00
-7.499999999999997780e-01 5.000000000000015543e-02 1.382774957658146953e+00
-7.499999999999997780e-01 1.500000000000002442e-01 1.273788162337506469e+00
-7.499999999999997780e-01 2.500000000000003331e-01 1.188935126037450551e+00
-7.499999999999997780e-01 3.500000000000001998e-01 1.258161829051122060e+00
-7.499999999999997780e-01 4.500000000000002887e-01 1.367933644234685442e+00
-7.499999999999997780e-01 5.500000000000001554e-01 1.583309938951234619e+00
-7.499999999999997780e-01 6.500000000000002442e-01 1.623742988334762938e+00
-7.499999999999997780e-01 7.500000000000003331e-01 1.607230076238595595e+00
-7.499999999999997780e-01 8.500000000000001998e-01 1.544935508792532275e+00
-7.499999999999997780e-01 9.500000000000002887e-01 1.606013710442033560e+00
-6.499999999999996891e-01 -9.499999999999998446e-01 2.463585473264296777e+00
-6.499999999999996891e-01 -8.499999999999998668e-01 1.962682034193709901e+00
-6.499999999999996891e-01 -7.499999999999997780e-01 1.564220761047567798e+00
-6.499999999999996891e-01 -6.499999999999998002e-01 1.231997629158750884e+00
-6.499999999999996891e-01 -5.499999999999998224e-01 1.161087386636127095e+00
-6.499999999999996891e-01 -4.499999999999998446e-01 1.089891800819137391e+00
-6.499999999999996891e-01 -3.499999999999997558e-01 1.095813452762450568e+00
-6.499999999999996891e-01 -2.499999999999997780e-01 1.189850191959133996e+00
-6.499999999999996891e-01 -1.499999999999998002e-01 1.344126335798450755e+00
-6.499999999999996891e-01 -4.999999999999982236e-02 1.517680944029073054e+00
-6.499999999999996891e-01 5.000000000000015543e-02 1.609018916718765180e+00
-6.499999999999996891e-01 1.500000000000002442e-01 1.338039583397584220e+00
-6.499999999999996891e-01 2.500000000000003331e-01 1.088686403720738660e+00
-6.499999999999996891e-01 3.500000000000001998e-01 1.078537822860870854e+00
-6.499999999999996891e-01 4.500000000000002887e-01 1.045583083048820194e+00
-6.499999999999996891e-01 5.500000000000001554e-01 1.121156385367508834e+00
-6.499999999999996891e-01 6.500000000000002442e-01 1.202021996689944139e+00
-6.499999999999996891e-01 7.500000000000003331e-01 1.485580003988735243e+00
-6.499999999999996891e-01 8.500000000000001998e-01 1.951390494266405762e+00
-6.499999999999996891e-01 9.500000000000002887e-01 2.458100856864262607e+00
-5.499999999999997113e-01 -9.499999999999998446e-01 2.729553822410953678e+00
-5.499999999999997113e-01 -8.499999999999998668e-01 2.398166767002608335e+00
-5.499999999999997113e-01 -7.499999999999997780e-01 1.723488456421466752e+00
-5.499999999999997113e-01 -6.499999999999998002e-01 1.304938306855515373e+00
-5.499999999999997113e-01 -5.499999999999998224e-01 1.152728359163918359e+00
-5.499999999999997113e-01 -4.499999999999998446e-01 1.081889951960446350e+00
-5.499999999999997113e-01 -3.499999999999997558e-01 1.047252511893269178e+00
-5.499999999999997113e-01 -2.499999999999997780e-01 1.118452802749982711e+00
-5.499999999999997113e-01 -1.499999999999998002e-01 1.432770572843200307e+00
-5.499999999999997113e-01 -4.999999999999982236e-02 1.834710450136361803e+00
-5.499999999999997113e-01 5.000000000000015543e-02 1.681909106605502968e+00
-5.499999999999997113e-01 1.500000000000002442e-01 1.296339136090535860e+00
-5.499999999999997113e-01 2.500000000000003331e-01 1.082646745138145628e+00
-5.499999999999997113e-01 3.500000000000001998e-01 9.997580646283217298e-01
-5.499999999999997113e-01 4.500000000000002887e-01 1.022194884754906719e+00
-5.499999999999997113e-01 5.500000000000001554e-01 1.087197062590624874e+00
-5.499999999999997113e-01 6.500000000000002442e-01 1.239762396898703933e+00
-5.499999999999997113e-01 7.500000000000003331e-01 1.661906003030524603e+00
-5.499999999999997113e-01 8.500000000000001998e-01 2.339120887549178907e+00
-5.499999999999997113e-01 9.500000000000002887e-01 2.769541965766410208e+00
-4.499999999999997335e-01 -9.499999999999998446e-01 2.028197763973618173e+00
-4.499999999999997335e-01 -8.499999999999998668e-01 1.848331206820168493e+00
-4.499999999999997335e-01 -7.499999999999997780e-01 1.651097835175172390e+00
-4.499999999999997335e-01 -6.499999999999998002e-01 1.487226282885433459e+00
-4.499999999999997335e-01 -5.499999999999998224e-01 1.321762922860501455e+00
-4.499999999999997335e-01 -4.499999999999998446e-01 1.223164142054220971e+00
-4.499999999999997335e-01 -3.499999999999997558e-01 1.211323329109012414e+00
-4.499999999999997335e-01 -2.499999999999997780e-01 1.228650423889323884e+00
-4.499999999999997335e-01 -1.499999999999998002e-01 1.199337355048391007e+00
-4.499999999999997335e-01 -4.999999999999982236e-02 1.450404266643764650e+00
-4.499999999999997335e-01 5.000000000000015543e-02 1.412338641661306626e+00
-4.499999999999997335e-01 1.500000000000002442e-01 1.274439754490166443e+00
-4.499999999999997335e-01 2.500000000000003331e-01 1.210034167884053824e+00
-4.499999999999997335e-01 3.500000000000001998e-01 1.084842580100345621e+00
-4.499999999999997335e-01 4.500000000000002887e-01 1.160605752564360049e+00
-4.499999999999997335e-01 5.500000000000001554e-01 1.220163400484662208e+00
-4.499999999999997335e-01 6.500000000000002442e-01 1.396122737981492890e+00
-4.499999999999997335e-01 7.500000000000003331e-01 1.570786807483458114e+00
-4.499999999999997335e-01 8.500000000000001998e-01 1.826099481153202087e+00
-4.499999999999997335e-01 9.500000000000002887e-01 2.039026360767508539e+00
-3.499999999999996447e-01 -9.499999999999998446e-01 1.402824863938415323e+00
-3.499999999999996447e-01 -8.499999999999998668e-01 1.297441430590650313e+00
-3.499999999999996447e-01 -7.499999999999997780e-01 1.474995183618568184e+00
-3.499999999999996447e-01 -6.499999999999998002e-01 1.733381834924337284e+00
-3.499999999999996447e-01 -5.499999999999998224e-01 1.967510552975154425e+00
-3.499999999999996447e-01 -4.499999999999998446e-01 1.768346415845570840e+00
-3.499999999999996447e-01 -3.499999999999997558e-01 1.455687539854803259e+00
-3.499999999999996447e-01 -2.499999999999997780e-01 1.190325550299978996e+00
-3.499999999999996447e-01 -1.499999999999998002e-01 1.183507540556939297e+00
-3.499999999999996447e-01 -4.999999999999982236e-02 1.335000224057925511e+00
-3.499999999999996447e-01 5.000000000000015543e-02 1.325249470842886135e+00
-3.499999999999996447e-01 1.500000000000002442e-01 1.185525989538884328e+00
-3.499999999999996447e-01 2.500000000000003331e-01 1.276257286153205328e+00
-3.499999999999996447e-01 3.500000000000001998e-01 1.395857051154208550e+00
-3.499999999999996447e-01 4.500000000000002887e-01 1.585299549553115472e+00
-3.499999999999996447e-01 5.500000000000001554e-01 1.767547828494821172e+00
-3.499999999999996447e-01 6.500000000000002442e-01 1.737707892846081847e+00
-3.499999999999996447e-01 7.500000000000003331e-01 1.432475975533311408e+00
-3.499999999999996447e-01 8.500000000000001998e-01 1.268678747959438580e+00
-3.499999999999996447e-01 9.500000000000002887e-01 1.403008216545318820e+00
-2.499999999999996669e-01 -9.499999999999998446e-01 1.302018894270973615e+00
-2.499999999999996669e-01 -8.499999999999998668e-01 1.222239630803024113e+00
-2.499999999999996669e-01 -7.499999999999997780e-01 1.194312801371774313e+00
-2.499999999999996669e-01 -6.499999999999998002e-01 1.383443596574281287e+00
-2.499999999999996669e-01 -5.499999999999998224e-01 1.690913348235114411e+00
-2.499999999999996669e-01 -4.499999999999998446e-01 1.835702493964395554e+00
-2.499999999999996669e-01 -3.499999999999997558e-01 1.776623733678188266e+00
-2.499999999999996669e-01 -2.499999999999997780e-01 1.449101151352130801e+00
-2.499999999999996669e-01 -1.499999999999998002e-01 1.269098471793349781e+00
-2.499999999999996669e-01 -4.999999999999982236e-02 1.398376334999324122e+00
-2.499999999999996669e-01 5.000000000000015543e-02 1.398541044502787933e+00
-2.499999999999996669e-01 1.500000000000002442e-01 1.304150058293506831e+00
-2.499999999999996669e-01 2.500000000000003331e-01 1.445383529522855870e+00
-2.499999999999996669e-01 3.500000000000001998e-01 1.706214599925187869e+00
-2.499999999999996669e-01 4.500000000000002887e-01 1.924068874858497313e+00
-2.499999999999996669e-01 5.500000000000001554e-01 1.718737115674295213e+00
-2.499999999999996669e-01 6.500000000000002442e-01 1.289014946222600377e+00
-2.499999999999996669e-01 7.500000000000003331e-01 1.169417175562647904e+00
-2.499999999999996669e-01 8.500000000000001998e-01 1.184754573729034144e+00
-2.499999999999996669e-01 9.500000000000002887e-01 1.266010189299874966e+00
-1.499999999999996891e-01 -9.499999999999998446e-01 1.382774957658146953e+00
-1.499999999999996891e-01 -8.499999999999998668e-01 1.273788162337506469e+00
-1.499999999999996891e-01 -7.499999999999997780e-01 1.188935126037450551e+00
-1.499999999999996891e-01 -6.499999999999998002e-01 1.204738300055282041e+00
-1.499999999999996891e-01 -5.499999999999998224e-01 1.329117476863863390e+00
-1.499999999999996891e-01 -4.499999999999998446e-01 1.473303155099175310e+00
-1.499999999999996891e-01 -3.499999999999997558e-01 1.563682162446586865e+00
-1.499999999999996891e-01 -2.499999999999997780e-01 1.669240291178850200e+00
-1.499999999999996891e-01 -1.499999999999998002e-01 1.739572049585506708e+00
-1.499999999999996891e-01 -4.999999999999982236e-02 2.025488314193799599e+00
-1.499999999999996891e-01 5.000000000000015543e-02 1.993034731780095381e+00
-1.499999999999996891e-01 1.500000000000002442e-01 1.768296014716740583e+00
-1.499999999999996891e-01 2.500000000000003331e-01 1.617995733641558243e+00
-1.499999999999996891e-01 3.500000000000001998e-01 1.618040076411961126e+00
-1.499999999999996891e-01 4.500000000000002887e-01 1.541394969636038725e+00
-1.499999999999996891e-01 5.500000000000001554e-01 1.378228601717462531e+00
-1.499999999999996891e-01 6.500000000000002442e-01 1.342540336927666056e+00
-1.499999999999996891e-01 7.500000000000003331e-01 1.182216976413273057e+00
-1.499999999999996891e-01 8.500000000000001998e-01 1.164765502265932673e+00
-1.499999999999996891e-01 9.500000000000002887e-01 1.379534170447010988e+00
-4.999999999999971134e-02 -9.499999999999998446e-01 1.669545661935025516e+00
-4.999999999999971134e-02 -8.499999999999998668e-01 1.294097678738076018e+00
-4.999999999999971134e-02 -7.499999999999997780e-01 1.091360989478048271e+00
-4.999999999999971134e-02 -6.499999999999998002e-01 1.003117698028143323e+00
-4.999999999999971134e-02 -5.499999999999998224e-01 1.045583083048820194e+00
-4.999999999999971134e-02 -4.499999999999998446e-01 1.121156385367508834e+00
-4.999999999999971134e-02 -3.499999999999997558e-01 1.202021996689944139e+00
-4.999999999999971134e-02 -2.499999999999997780e-01 1.485580003988735243e+00
-4.999999999999971134e-02 -1.499999999999998002e-01 1.951390494266405762e+00
-4.999999999999971134e-02 -4.999999999999982236e-02 2.458100856864262607e+00
-4.999999999999971134e-02 5.000000000000015543e-02 2.463585473264296777e+00
-4.999999999999971134e-02 1.500000000000002442e-01 1.962682034193709901e+00
-4.999999999999971134e-02 2.500000000000003331e-01 1.564220761047567798e+00
-4.999999999999971134e-02 3.500000000000001998e-01 1.231997629158750884e+00
-4.999999999999971134e-02 4.500000000000002887e-01 1.161087386636127095e+00
-4.999999999999971134e-02 5.500000000000001554e-01 1.089891800819137391e+00
-4.999999999999971134e-02 6.500000000000002442e-01 1.058585541400472563e+00
-4.999999999999971134e-02 7.500000000000003331e-01 1.114826881581801210e+00
-4.999999999999971134e-02 8.500000000000001998e-01 1.425065749045397734e+00
-4.999999999999971134e-02 9.500000000000002887e-01 1.813854695079424095e+00
5.000000000000026645e-02 -9.499999999999998446e-01 1.681909106605502968e+00
5.000000000000026645e-02 -8.499999999999998668e-01 1.296339136090535860e+00
5.000000000000026645e-02 -7.499999999999997780e-01 1.082646745138145628e+00
5.000000000000026645e-02 -6.499999999999998002e-01 9.997580646283217298e-01
5.000000000000026645e-02 -5.499999999999998224e-01 1.035317405301704907e+00
5.000000000000026645e-02 -4.499999999999998446e-01 1.088981745046959881e+00
5.000000000000026645e-02 -3.499999999999997558e-01 1.170435109130865126e+00
5.000000000000026645e-02 -2.499999999999997780e-01 1.483548318522635912e+00
5.000000000000026645e-02 -1.499999999999998002e-01 1.949689051112806659e+00
5.000000000000026645e-02 -4.999999999999982236e-02 2.450782340947259552e+00
5.000000000000026645e-02 5.000000000000015543e-02 2.474698903113142112e+00
5.000000000000026645e-02 1.500000000000002442e-01 1.993568843664774493e+00
5.000000000000026645e-02 2.500000000000003331e-01 1.576690705128502179e+00
5.000000000000026645e-02 3.500000000000001998e-01 1.231873089447222291e+00
5.000000000000026645e-02 4.500000000000002887e-01 1.163743495929127292e+00
5.000000000000026645e-02 5.500000000000001554e-01 1.083882118812796502e+00
5.000000000000026645e-02 6.500000000000002442e-01 1.047252511893269178e+00
5.000000000000026645e-02 7.500000000000003331e-01 1.118452802749982711e+00
5.000000000000026645e-02 8.500000000000001998e-01 1.432770572843200307e+00
5.000000000000026645e-02 9.500000000000002887e-01 1.834710450136361803e+00
1.500000000000003553e-01 -9.499999999999998446e-01 1.412338641661306626e+00
1.500000000000003553e-01 -8.499999999999998668e-01 1.274439754490166443e+00
1.500000000000003553e-01 -7.499999999999997780e-01 1.174899450177776972e+00
1.500000000000003553e-01 -6.499999999999998002e-01 1.203638529065329976e+00
1.500000000000003553e-01 -5.499999999999998224e-01 1.294553546763178353e+00
1.500000000000003553e-01 -4.499999999999998446e-01 1.431339799392865819e+00
1.500000000000003553e-01 -3.499999999999997558e-01 1.542951156459118289e+00
1.500000000000003553e-01 -2.499999999999997780e-01 1.653865529554108704e+00
1.500000000000003553e-01 -1.499999999999998002e-01 1.741465099193053812e+00
1.500000000000003553e-01 -4.999999999999982236e-02 2.039026360767508539e+00
1.500000000000003553e-01 5.000000000000015543e-02 2.028197763973618173e+00
1.500000000000003553e-01 1.500000000000002442e-01 1.786292628622075052e+00
1.500000000000003553e-01 2.500000000000003331e-01 1.646414328097786761e+00
1.500000000000003553e-01 3.500000000000001998e-01 1.643453432463997999e+00
1.500000000000003553e-01 4.500000000000002887e-01 1.561353612904157417e+00
1.500000000000003553e-01 5.500000000000001554e-01 1.368821905159327113e+00
1.500000000000003553e-01 6.500000000000002442e-01 1.343388723146582420e+00
1.500000000000003553e-01 7.500000000000003331e-01 1.210942718106146510e+00
1.500000000000003553e-01 8.500000000000001998e-01 1.199337355048391007e+00
1.500000000000003553e-01 9.500000000000002887e-01 1.450404266643764650e+00
2.500000000000004441e-01 -9.499999999999998446e-01 1.304015633456776957e+00
2.500000000000004441e-01 -8.499999999999998668e-01 1.218796390213344738e+00
2.500000000000004441e-01 -7.499999999999997780e-01 1.195234089817635903e+00
2.500000000000004441e-01 -6.499999999999998002e-01 1.395803555732862744e+00
2.500000000000004441e-01 -5.499999999999998224e-01 1.650365733340680041e+00
2.500000000000004441e-01 -4.499999999999998446e-01 1.767547828494821172e+00
2.500000000000004441e-01 -3.499999999999997558e-01 1.737707892846081847e+00
2.500000000000004441e-01 -2.499999999999997780e-01 1.432475975533311408e+00
2.500000000000004441e-01 -1.499999999999998002e-01 1.268678747959438580e+00
2.500000000000004441e-01 -4.999999999999982236e-02 1.403008216545318820e+00
2.500000000000004441e-01 5.000000000000015543e-02 1.402824863938415323e+00
2.500000000000004441e-01 1.500000000000002442e-01 1.297441430590650313e+00
2.500000000000004441e-01 2.500000000000003331e-01 1.474995183618568184e+00
2.500000000000004441e-01 3.500000000000001998e-01 1.733381834924337284e+00
2.500000000000004441e-01 4.500000000000002887e-01 1.967510552975154425e+00
2.500000000000004441e-01 5.500000000000001554e-01 1.735110261786456443e+00
2.500000000000004441e-01 6.500000000000002442e-01 1.308916906885270848e+00
2.500000000000004441e-01 7.500000000000003331e-01 1.186420297105724941e+00
2.500000000000004441e-01 8.500000000000001998e-01 1.193945614874104111e+00
2.500000000000004441e-01 9.500000000000002887e-01 1.285492524080758647e+00
3.500000000000003109e-01 -9.499999999999998446e-01 1.398541044502787933e+00
3.500000000000003109e-01 -8.499999999999998668e-01 1.304150058293506831e+00
3.500000000000003109e-01 -7.499999999999997780e-01 1.445383529522855870e+00
3.500000000000003109e-01 -6.499999999999998002e-01 1.706214599925187869e+00
3.500000000000003109e-01 -5.499999999999998224e-01 1.924068874858497313e+00
3.500000000000003109e-01 -4.499999999999998446e-01 1.751490689618462326e+00
3.500000000000003109e-01 -3.499999999999997558e-01 1.453402083691018420e+00
3.500000000000003109e-01 -2.499999999999997780e-01 1.169883068340932031e+00
3.500000000000003109e-01 -1.499999999999998002e-01 1.138993369140828049e+00
3.500000000000003109e-01 -4.999999999999982236e-02 1.304458652900451820e+00
3.500000000000003109e-01 5.000000000000015543e-02 1.320683704786567825e+00
3.500000000000003109e-01 1.500000000000002442e-01 1.180607277539909905e+00
3.500000000000003109e-01 2.500000000000003331e-01 1.257262116775703653e+00
3.500000000000003109e-01 3.500000000000001998e-01 1.405849195133220153e+00
3.500000000000003109e-01 4.500000000000002887e-01 1.652458429202485979e+00
3.500000000000003109e-01 5.500000000000001554e-01 1.835702493964395554e+00
3.500000000000003109e-01 6.500000000000002442e-01 1.776623733678188266e+00
3.500000000000003109e-01 7.500000000000003331e-01 1.449101151352130801e+00
3.500000000000003109e-01 8.500000000000001998e-01 1.269098471793349781e+00
3.500000000000003109e-01 9.500000000000002887e-01 1.398376334999324122e+00
4.500000000000003997e-01 -9.499999999999998446e-01 1.993034731780095381e+00
4.500000000000003997e-01 -8.499999999999998668e-01 1.821144794242129494e+00
4.500000000000003997e-01 -7.499999999999997780e-01 1.623523467129618592e+00
4.500000000000003997e-01 -6.499999999999998002e-01 1.467694618374640658e+00
4.500000000000003997e-01 -5.499999999999998224e-01 1.325666733779720552e+00
4.500000000000003997e-01 -4.499999999999998446e-01 1.234459512678847348e+00
4.500000000000003997e-01 -3.499999999999997558e-01 1.194808195507521154e+00
4.500000000000003997e-01 -2.499999999999997780e-01 1.204791647287998257e+00
4.500000000000003997e-01 -1.499999999999998002e-01 1.164765502265932673e+00
4.500000000000003997e-01 -4.999999999999982236e-02 1.379534170447010988e+00
4.500000000000003997e-01 5.000000000000015543e-02 1.382774957658146953e+00
4.500000000000003997e-01 1.500000000000002442e-01 1.273788162337506469e+00
4.500000000000003997e-01 2.500000000000003331e-01 1.217366836123018770e+00
4.500000000000003997e-01 3.500000000000001998e-01 1.101900678949279344e+00
4.500000000000003997e-01 4.500000000000002887e-01 1.192273945494103149e+00
4.500000000000003997e-01 5.500000000000001554e-01 1.266683507427325717e+00
4.500000000000003997e-01 6.500000000000002442e-01 1.414409363043746426e+00
4.500000000000003997e-01 7.500000000000003331e-01 1.587960779803696543e+00
4.500000000000003997e-01 8.500000000000001998e-01 1.834123273089670603e+00
4.500000000000003997e-01 9.500000000000002887e-01 2.025488314193799599e+00
5.500000000000002665e-01 -9.499999999999998446e-01 2.729553822410953678e+00
5.500000000000002665e-01 -8.499999999999998668e-01 2.387896393976504328e+00
5.500000000000002665e-01 -7.499999999999997780e-01 1.706671637610255532e+00
5.500000000000002665e-01 -6.499999999999998002e-01 1.311796493947725351e+00
5.500000000000002665e-01 -5.499999999999998224e-01 1.158436695618994206e+00
5.500000000000002665e-01 -4.499999999999998446e-01 1.075125970930124408e+00
5.500000000000002665e-01 -3.499999999999997558e-01 1.058585541400472563e+00
5.500000000000002665e-01 -2.499999999999997780e-01 1.114826881581801210e+00
5.500000000000002665e-01 -1.499999999999998002e-01 1.425065749045397734e+00
5.500000000000002665e-01 -4.999999999999982236e-02 1.813854695079424095e+00
5.500000000000002665e-01 5.000000000000015543e-02 1.669545661935025516e+00
5.500000000000002665e-01 1.500000000000002442e-01 1.294097678738076018e+00
5.500000000000002665e-01 2.500000000000003331e-01 1.091360989478048271e+00
5.500000000000002665e-01 3.500000000000001998e-01 1.003117698028143323e+00
5.500000000000002665e-01 4.500000000000002887e-01 1.016889606332332274e+00
5.500000000000002665e-01 5.500000000000001554e-01 1.115909917912794258e+00
5.500000000000002665e-01 6.500000000000002442e-01 1.244347467405477747e+00
5.500000000000002665e-01 7.500000000000003331e-01 1.654875695149770509e+00
5.500000000000002665e-01 8.500000000000001998e-01 2.347041455493036999e+00
5.500000000000002665e-01 9.500000000000002887e-01 2.769541965766410208e+00
6.500000000000003553e-01 -9.499999999999998446e-01 2.474698903113142112e+00
6.500000000000003553e-01 -8.499999999999998668e-01 1.993568843664774493e+00
6.500000000000003553e-01 -7.499999999999997780e-01 1.576690705128502179e+00
6.500000000000003553e-01 -6.499999999999998002e-01 1.231873089447222291e+00
6.500000000000003553e-01 -5.499999999999998224e-01 1.163743495929127292e+00
6.500000000000003553e-01 -4.499999999999998446e-01 1.083882118812796502e+00
6.500000000000003553e-01 -3.499999999999997558e-01 1.093182813246197815e+00
6.500000000000003553e-01 -2.499999999999997780e-01 1.197077495230885358e+00
6.500000000000003553e-01 -1.499999999999998002e-01 1.386757727291676012e+00
6.500000000000003553e-01 -4.999999999999982236e-02 1.564722187970410738e+00
6.500000000000003553e-01 5.000000000000015543e-02 1.640323909435806193e+00
6.500000000000003553e-01 1.500000000000002442e-01 1.342354217626570145e+00
6.500000000000003553e-01 2.500000000000003331e-01 1.077963402713040919e+00
6.500000000000003553e-01 3.500000000000001998e-01 1.057047806634122455e+00
6.500000000000003553e-01 4.500000000000002887e-01 1.035317405301704907e+00
6.500000000000003553e-01 5.500000000000001554e-01 1.088981745046959881e+00
6.500000000000003553e-01 6.500000000000002442e-01 1.170435109130865126e+00
6.500000000000003553e-01 7.500000000000003331e-01 1.483548318522635912e+00
6.500000000000003553e-01 8.500000000000001998e-01 1.949689051112806659e+00
6.500000000000003553e-01 9.500000000000002887e-01 2.450782340947259552e+00
7.500000000000004441e-01 -9.499999999999998446e-01 1.640876738212621921e+00
7.500000000000004441e-01 -8.499999999999998668e-01 1.543202008182315899e+00
7.500000000000004441e-01 -7.499999999999997780e-01 1.611636677006660578e+00
7.500000000000004441e-01 -6.499999999999998002e-01 1.728367855056466951e+00
7.500000000000004441e-01 -5.499999999999998224e-01 1.618383176887096875e+00
7.500000000000004441e-01 -4.499999999999998446e-01 1.498319102830121263e+00
7.500000000000004441e-01 -3.499999999999997558e-01 1.312810044719137093e+00
7.500000000000004441e-01 -2.499999999999997780e-01 1.210942718106146510e+00
7.500000000000004441e-01 -1.499999999999998002e-01 1.199337355048391007e+00
7.500000000000004441e-01 -4.999999999999982236e-02 1.450404266643764650e+00
7.500000000000004441e-01 5.000000000000015543e-02 1.412338641661306626e+00
7.500000000000004441e-01 1.500000000000002442e-01 1.274439754490166443e+00
7.500000000000004441e-01 2.500000000000003331e-01 1.174899450177776972e+00
7.500000000000004441e-01 3.500000000000001998e-01 1.259038192690682179e+00
7.500000000000004441e-01 4.500000000000002887e-01 1.354713969861867318e+00
7.500000000000004441e-01 5.500000000000001554e-01 1.529197056411083278e+00
7.500000000000004441e-01 6.500000000000002442e-01 1.584994376381802628e+00
7.500000000000004441e-01 7.500000000000003331e-01 1.588758782982351292e+00
7.500000000000004441e-01 8.500000000000001998e-01 1.542715076411506958e+00
7.500000000000004441e-01 9.500000000000002887e-01 1.622677594834350145e+00
8.500000000000003109e-01 -9.499999999999998446e-01 1.345728068327975313e+00
8.500000000000003109e-01 -8.499999999999998668e-01 1.296278932211993196e+00
8.500000000000003109e-01 -7.499999999999997780e-01 1.260235142646079609e+00
8.500000000000003109e-01 -6.499999999999998002e-01 1.512766303443478177e+00
8.500000000000003109e-01 -5.499999999999998224e-01 1.886052638362709866e+00
8.500000000000003109e-01 -4.499999999999998446e-01 1.954501352770697142e+00
8.500000000000003109e-01 -3.499999999999997558e-01 1.595089704678658293e+00
8.500000000000003109e-01 -2.499999999999997780e-01 1.277330299607796205e+00
8.500000000000003109e-01 -1.499999999999998002e-01 1.193945614874104111e+00
8.500000000000003109e-01 -4.999999999999982236e-02 1.285492524080758647e+00
8.500000000000003109e-01 5.000000000000015543e-02 1.304015633456776957e+00
8.500000000000003109e-01 1.500000000000002442e-01 1.218796390213344738e+00
8.500000000000003109e-01 2.500000000000003331e-01 1.265674310111082557e+00
8.500000000000003109e-01 3.500000000000001998e-01 1.650162308745076523e+00
8.500000000000003109e-01 4.500000000000002887e-01 1.855729084555817421e+00
8.500000000000003109e-01 5.500000000000001554e-01 1.797275383847847463e+00
8.500000000000003109e-01 6.500000000000002442e-01 1.512166413854353575e+00
8.500000000000003109e-01 7.500000000000003331e-01 1.235099891105513548e+00
8.500000000000003109e-01 8.500000000000001998e-01 1.259144910370475046e+00
8.500000000000003109e-01 9.500000000000002887e-01 1.345728068327975313e+00
9.500000000000003997e-01 -9.499999999999998446e-01 1.320683704786567825e+00
9.500000000000003997e-01 -8.499999999999998668e-01 1.180607277539909905e+00
9.500000000000003997e-01 -7.499999999999997780e-01 1.257262116775703653e+00
9.500000000000003997e-01 -6.499999999999998002e-01 1.405849195133220153e+00
9.500000000000003997e-01 -5.499999999999998224e-01 1.652458429202485979e+00
9.500000000000003997e-01 -4.499999999999998446e-01 1.761533846490212607e+00
9.500000000000003997e-01 -3.499999999999997558e-01 1.650597364574159176e+00
9.500000000000003997e-01 -2.499999999999997780e-01 1.607230076238595595e+00
9.500000000000003997e-01 -1.499999999999998002e-01 1.544935508792532275e+00
9.500000000000003997e-01 -4.999999999999982236e-02 1.606013710442033560e+00
9.500000000000003997e-01 5.000000000000015543e-02 1.628042871444732809e+00
9.500000000000003997e-01 1.500000000000002442e-01 1.524083316325542281e+00
9.500000000000003997e-01 2.500000000000003331e-01 1.581250015338968584e+00
9.500000000000003997e-01 3.500000000000001998e-01 1.614960139015661378e+00
9.500000000000003997e-01 4.500000000000002887e-01 1.770670660706925803e+00
9.500000000000003997e-01 5.500000000000001554e-01 1.751490689618462326e+00
9.500000000000003997e-01 6.500000000000002442e-01 1.453402083691018420e+00
9.500000000000003997e-01 7.500000000000003331e-01 1.169883068340932031e+00
9.500000000000003997e-01 8.500000000000001998e-01 1.138993369140828049e+00
9.500000000000003997e-01 9.500000000000002887e-01 1.304458652900451820e+00
