-9.499999999999997335e-01 -9.499999999999998446e-01 7.381503999368453917e-01
-9.499999999999997335e-01 -8.499999999999998668e-01 6.655548736882347383e-01
-9.499999999999997335e-01 -7.499999999999997780e-01 6.846393754532716924e-01
-9.499999999999997335e-01 -6.499999999999998002e-01 6.316408716307126969e-01
-9.499999999999997335e-01 -5.499999999999998224e-01 6.400290146478516684e-01
-9.499999999999997335e-01 -4.499999999999998446e-01 6.656085081108351620e-01
-9.499999999999997335e-01 -3.499999999999997558e-01 6.531232739179418934e-01
-9.499999999999997335e-01 -2.499999999999997780e-01 6.662946695848265266e-01
-9.499999999999997335e-01 -1.499999999999998002e-01 6.313607674244233747e-01
-9.499999999999997335e-01 -4.999999999999982236e-02 6.060563077481846417e-01
-9.499999999999997335e-01 5.000000000000015543e-02 6.164956262394827302e-01
-9.499999999999997335e-01 1.500000000000002442e-01 6.204052530039814162e-01
-9.499999999999997335e-01 2.500000000000003331e-01 6.342638985950346253e-01
-9.499999999999997335e-01 3.500000000000001998e-01 6.348130863809829938e-01
-9.499999999999997335e-01 4.500000000000002887e-01 6.457879798191654697e-01
-9.499999999999997335e-01 5.500000000000001554e-01 6.381408165848625469e-01
-9.499999999999997335e-01 6.500000000000002442e-01 6.796707401110159141e-01
-9.499999999999997335e-01 7.500000000000003331e-01 7.032457873589984532e-01
-9.499999999999997335e-01 8.500000000000001998e-01 6.724875718399720981e-01
-9.499999999999997335e-01 9.500000000000002887e-01 6.854304224120713052e-01
-8.499999999999997558e-01 -9.499999999999998446e-01 5.665798085286368746e-01
-8.499999999999997558e-01 -8.499999999999998668e-01 5.857223840969676409e-01
-8.499999999999997558e-01 -7.499999999999997780e-01 6.139939328738155400e-01
-8.499999999999997558e-01 -6.499999999999998002e-01 6.391412752850978984e-01
-8.499999999999997558e-01 -5.499999999999998224e-01 6.344989123222645189e-01
-8.499999999999997558e-01 -4.499999999999998446e-01 6.260750181587592111e-01
-8.499999999999997558e-01 -3.499999999999997558e-01 6.301136595824364806e-01
-8.499999999999997558e-01 -2.499999999999997780e-01 6.383150693319366020e-01
-8.499999999999997558e-01 -1.499999999999998002e-01 6.220802794381621315e-01
-8.499999999999997558e-01 -4.999999999999982236e-02 6.056714254495862981e-01
-8.499999999999997558e-01 5.000000000000015543e-02 5.950205801932820782e-01
-8.499999999999997558e-01 1.500000000000002442e-01 6.299749132081049474e-01
-8.499999999999997558e-01 2.500000000000003331e-01 6.415593368019032461e-01
-8.499999999999997558e-01 3.500000000000001998e-01 6.625033199139107598e-01
-8.499999999999997558e-01 4.500000000000002887e-01 6.349235728089980269e-01
-8.499999999999997558e-01 5.500000000000001554e-01 6.254038503186306608e-01
-8.499999999999997558e-01 6.500000000000002442e-01 6.453930241083153385e-01
-8.499999999999997558e-01 7.500000000000003331e-01 6.795280185147518637e-01
-8.499999999999997558e-01 8.500000000000001998e-01 6.354830932684787381e-01
-8.499999999999997558e-01 9.500000000000002887e-01 5.665798085286368746e-01
-7.499999999999997780e-01 -9.499999999999998446e-01 6.186889774732285963e-01
-7.499999999999997780e-01 -8.499999999999998668e-01 6.189297955756013492e-01
-7.499999999999997780e-01 -7.499999999999997780e-01 6.372971934379008108e-01
-7.499999999999997780e-01 -6.499999999999998002e-01 6.750382106581770403e-01
-7.499999999999997780e-01 -5.499999999999998224e-01 6.918436586116416542e-01
-7.499999999999997780e-01 -4.499999999999998446e-01 6.936736671155929734e-01
-7.499999999999997780e-01 -3.499999999999997558e-01 7.025729918941209240e-01
-7.499999999999997780e-01 -2.499999999999997780e-01 7.492189806400011420e-01
-7.499999999999997780e-01 -1.499999999999998002e-01 7.073569127850467542e-01
-7.499999999999997780e-01 -4.999999999999982236e-02 6.932825628660010953e-01
-7.499999999999997780e-01 5.000000000000015543e-02 7.394056882634254535e-01
-7.499999999999997780e-01 1.500000000000002442e-01 7.010858393610590600e-01
-7.499999999999997780e-01 2.500000000000003331e-01 7.326692019736398276e-01
-7.499999999999997780e-01 3.500000000000001998e-01 6.891245255742178832e-01
-7.499999999999997780e-01 4.500000000000002887e-01 6.620904949677449691e-01
-7.499999999999997780e-01 5.500000000000001554e-01 6.891148525947278225e-01
-7.499999999999997780e-01 6.500000000000002442e-01 6.627079353315618038e-01
-7.499999999999997780e-01 7.500000000000003331e-01 6.972695777063196987e-01
-7.499999999999997780e-01 8.500000000000001998e-01 6.689573627156437663e-01
-7.499999999999997780e-01 9.500000000000002887e-01 6.288435089721616800e-01
-6.499999999999996891e-01 -9.499999999999998446e-01 8.827575217754539683e-01
-6.499999999999996891e-01 -8.499999999999998668e-01 7.532774399130197640e-01
-6.499999999999996891e-01 -7.499999999999997780e-01 6.617801300005077270e-01
-6.499999999999996891e-01 -6.499999999999998002e-01 6.247670334630535116e-01
-6.499999999999996891e-01 -5.499999999999998224e-01 6.832737176197928308e-01
-6.499999999999996891e-01 -4.499999999999998446e-01 7.849913361731200023e-01
-6.499999999999996891e-01 -3.499999999999997558e-01 7.908545636054350458e-01
-6.499999999999996891e-01 -2.499999999999997780e-01 7.800248882000636597e-01
-6.499999999999996891e-01 -1.499999999999998002e-01 7.792692420927803676e-01
-6.499999999999996891e-01 -4.999999999999982236e-02 6.945641542105768229e-01
-6.499999999999996891e-01 5.000000000000015543e-02 6.265343501070288479e-01
-6.499999999999996891e-01 1.500000000000002442e-01 6.989286567535214489e-01
-6.499999999999996891e-01 2.500000000000003331e-01 7.816586905882181302e-01
-6.499999999999996891e-01 3.500000000000001998e-01 7.654931971097775900e-01
-6.499999999999996891e-01 4.500000000000002887e-01 7.840353427124295838e-01
-6.499999999999996891e-01 5.500000000000001554e-01 7.446274085032740242e-01
-6.499999999999996891e-01 6.500000000000002442e-01 6.582939532941207705e-01
-6.499999999999996891e-01 7.500000000000003331e-01 6.363619670228451985e-01
-6.499999999999996891e-01 8.500000000000001998e-01 7.322751963394975583e-01
-6.499999999999996891e-01 9.500000000000002887e-01 8.278724785140962883e-01
-5.499999999999997113e-01 -9.499999999999998446e-01 1.187265591975656731e+00
-5.499999999999997113e-01 -8.499999999999998668e-01 9.318128143100489202e-01
-5.499999999999997113e-01 -7.499999999999997780e-01 7.345139362712062026e-01
-5.499999999999997113e-01 -6.499999999999998002e-01 6.219132149987031122e-01
-5.499999999999997113e-01 -5.499999999999998224e-01 6.442316668736540741e-01
-5.499999999999997113e-01 -4.499999999999998446e-01 7.155486441043080736e-01
-5.499999999999997113e-01 -3.499999999999997558e-01 7.623299185884772067e-01
-5.499999999999997113e-01 -2.499999999999997780e-01 8.202102042046925945e-01
-5.499999999999997113e-01 -1.499999999999998002e-01 7.216548968100707784e-01
-5.499999999999997113e-01 -4.999999999999982236e-02 6.209939626798719470e-01
-5.499999999999997113e-01 5.000000000000015543e-02 6.230757236695703138e-01
-5.499999999999997113e-01 1.500000000000002442e-01 6.750410834826271467e-01
-5.499999999999997113e-01 2.500000000000003331e-01 7.406368909016495250e-01
-5.499999999999997113e-01 3.500000000000001998e-01 7.931354344933453371e-01
-5.499999999999997113e-01 4.500000000000002887e-01 7.799692461798699572e-01
-5.499999999999997113e-01 5.500000000000001554e-01 6.759499794303025499e-01
-5.499999999999997113e-01 6.500000000000002442e-01 6.454569954295105161e-01
-5.499999999999997113e-01 7.500000000000003331e-01 6.768777301674242519e-01
-5.499999999999997113e-01 8.500000000000001998e-01 7.681452777570052515e-01
-5.499999999999997113e-01 9.500000000000002887e-01 9.804573130191193142e-01
-4.499999999999997335e-01 -9.499999999999998446e-01 7.058496636970954530e-01
-4.499999999999997335e-01 -8.499999999999998668e-01 6.775101839612761578e-01
-4.499999999999997335e-01 -7.499999999999997780e-01 6.774518739467921824e-01
-4.499999999999997335e-01 -6.499999999999998002e-01 6.718082938767395706e-01
-4.499999999999997335e-01 -5.499999999999998224e-01 6.554486783758087798e-01
-4.499999999999997335e-01 -4.499999999999998446e-01 7.153291493511355625e-01
-4.499999999999997335e-01 -3.499999999999997558e-01 7.160745327824298290e-01
-4.499999999999997335e-01 -2.499999999999997780e-01 7.123142992618999303e-01
-4.499999999999997335e-01 -1.499999999999998002e-01 6.960368414199845644e-01
-4.499999999999997335e-01 -4.999999999999982236e-02 6.892300677720437641e-01
-4.499999999999997335e-01 5.000000000000015543e-02 7.199902739230669146e-01
-4.499999999999997335e-01 1.500000000000002442e-01 6.714194824041220810e-01
-4.499999999999997335e-01 2.500000000000003331e-01 6.842945469499693845e-01
-4.499999999999997335e-01 3.500000000000001998e-01 7.269109573638539157e-01
-4.499999999999997335e-01 4.500000000000002887e-01 7.193742779574524571e-01
-4.499999999999997335e-01 5.500000000000001554e-01 6.852256939446752515e-01
-4.499999999999997335e-01 6.500000000000002442e-01 6.407961924695606548e-01
-4.499999999999997335e-01 7.500000000000003331e-01 6.404322250307507014e-01
-4.499999999999997335e-01 8.500000000000001998e-01 7.031217328225594088e-01
-4.499999999999997335e-01 9.500000000000002887e-01 7.170962355913471642e-01
-3.499999999999996447e-01 -9.499999999999998446e-01 5.889242646228320943e-01
-3.499999999999996447e-01 -8.499999999999998668e-01 6.021296883372936337e-01
-3.499999999999996447e-01 -7.499999999999997780e-01 6.241417602673513532e-01
-3.499999999999996447e-01 -6.499999999999998002e-01 6.450225751658590356e-01
-3.499999999999996447e-01 -5.499999999999998224e-01 6.035917536560507779e-01
-3.499999999999996447e-01 -4.499999999999998446e-01 6.381408165848625469e-01
-3.499999999999996447e-01 -3.499999999999997558e-01 6.796707401110159141e-01
-3.499999999999996447e-01 -2.499999999999997780e-01 7.032457873589984532e-01
-3.499999999999996447e-01 -1.499999999999998002e-01 6.724875718399720981e-01
-3.499999999999996447e-01 -4.999999999999982236e-02 6.854304224120713052e-01
-3.499999999999996447e-01 5.000000000000015543e-02 7.381503999368453917e-01
-3.499999999999996447e-01 1.500000000000002442e-01 6.655548736882347383e-01
-3.499999999999996447e-01 2.500000000000003331e-01 6.846393754532716924e-01
-3.499999999999996447e-01 3.500000000000001998e-01 6.316408716307126969e-01
-3.499999999999996447e-01 4.500000000000002887e-01 6.400290146478516684e-01
-3.499999999999996447e-01 5.500000000000001554e-01 6.380354226070522605e-01
-3.499999999999996447e-01 6.500000000000002442e-01 6.270225586140237839e-01
-3.499999999999996447e-01 7.500000000000003331e-01 6.373340751193894427e-01
-3.499999999999996447e-01 8.500000000000001998e-01 6.070417633132620949e-01
-3.499999999999996447e-01 9.500000000000002887e-01 5.794431233210231014e-01
-2.499999999999996669e-01 -9.499999999999998446e-01 5.950205801932820782e-01
-2.499999999999996669e-01 -8.499999999999998668e-01 6.299749132081049474e-01
-2.499999999999996669e-01 -7.499999999999997780e-01 6.695300689511077818e-01
-2.499999999999996669e-01 -6.499999999999998002e-01 6.589304053366492608e-01
-2.499999999999996669e-01 -5.499999999999998224e-01 6.370751541581721744e-01
-2.499999999999996669e-01 -4.499999999999998446e-01 6.493028615460295638e-01
-2.499999999999996669e-01 -3.499999999999997558e-01 6.390207002923997681e-01
-2.499999999999996669e-01 -2.499999999999997780e-01 6.467531901617640244e-01
-2.499999999999996669e-01 -1.499999999999998002e-01 6.596531425291871642e-01
-2.499999999999996669e-01 -4.999999999999982236e-02 6.013786537717196179e-01
-2.499999999999996669e-01 5.000000000000015543e-02 5.744481332060654699e-01
-2.499999999999996669e-01 1.500000000000002442e-01 5.934959424213762658e-01
-2.499999999999996669e-01 2.500000000000003331e-01 6.394285164967312696e-01
-2.499999999999996669e-01 3.500000000000001998e-01 6.530079459460654823e-01
-2.499999999999996669e-01 4.500000000000002887e-01 6.229165347602486635e-01
-2.499999999999996669e-01 5.500000000000001554e-01 6.594270304185210207e-01
-2.499999999999996669e-01 6.500000000000002442e-01 6.536222541579849166e-01
-2.499999999999996669e-01 7.500000000000003331e-01 6.569264892297276281e-01
-2.499999999999996669e-01 8.500000000000001998e-01 6.220802794381621315e-01
-2.499999999999996669e-01 9.500000000000002887e-01 6.056714254495862981e-01
-1.499999999999996891e-01 -9.499999999999998446e-01 7.394056882634254535e-01
-1.499999999999996891e-01 -8.499999999999998668e-01 7.010858393610590600e-01
-1.499999999999996891e-01 -7.499999999999997780e-01 7.326692019736398276e-01
-1.499999999999996891e-01 -6.499999999999998002e-01 7.349610351202823244e-01
-1.499999999999996891e-01 -5.499999999999998224e-01 6.887038075404516846e-01
-1.499999999999996891e-01 -4.499999999999998446e-01 6.757840790037262790e-01
-1.499999999999996891e-01 -3.499999999999997558e-01 6.709585243040889768e-01
-1.499999999999996891e-01 -2.499999999999997780e-01 7.079858282967680383e-01
-1.499999999999996891e-01 -1.499999999999998002e-01 6.797761828881712098e-01
-1.499999999999996891e-01 -4.999999999999982236e-02 7.362265770138520793e-01
-1.499999999999996891e-01 5.000000000000015543e-02 6.903220760133912393e-01
-1.499999999999996891e-01 1.500000000000002442e-01 6.438283647793801023e-01
-1.499999999999996891e-01 2.500000000000003331e-01 6.334107206583796668e-01
-1.499999999999996891e-01 3.500000000000001998e-01 6.565498106113687449e-01
-1.499999999999996891e-01 4.500000000000002887e-01 6.911289338678804350e-01
-1.499999999999996891e-01 5.500000000000001554e-01 6.974099684758320317e-01
-1.499999999999996891e-01 6.500000000000002442e-01 7.294885641844720547e-01
-1.499999999999996891e-01 7.500000000000003331e-01 7.492189806400011420e-01
-1.499999999999996891e-01 8.500000000000001998e-01 7.073569127850467542e-01
-1.499999999999996891e-01 9.500000000000002887e-01 6.932825628660010953e-01
-4.999999999999971134e-02 -9.499999999999998446e-01 6.294270462748132733e-01
-4.999999999999971134e-02 -8.499999999999998668e-01 6.795546137017569599e-01
-4.999999999999971134e-02 -7.499999999999997780e-01 7.465079595349349839e-01
-4.999999999999971134e-02 -6.499999999999998002e-01 8.069720542888390025e-01
-4.999999999999971134e-02 -5.499999999999998224e-01 7.840353427124295838e-01
-4.999999999999971134e-02 -4.499999999999998446e-01 7.446274085032740242e-01
-4.999999999999971134e-02 -3.499999999999997558e-01 6.582939532941207705e-01
-4.999999999999971134e-02 -2.499999999999997780e-01 6.363619670228451985e-01
-4.999999999999971134e-02 -1.499999999999998002e-01 7.322751963394975583e-01
-4.999999999999971134e-02 -4.999999999999982236e-02 8.278724785140962883e-01
-4.999999999999971134e-02 5.000000000000015543e-02 8.827575217754539683e-01
-4.999999999999971134e-02 1.500000000000002442e-01 7.532774399130197640e-01
-4.999999999999971134e-02 2.500000000000003331e-01 6.617801300005077270e-01
-4.999999999999971134e-02 3.500000000000001998e-01 6.247670334630535116e-01
-4.999999999999971134e-02 4.500000000000002887e-01 6.832737176197928308e-01
-4.999999999999971134e-02 5.500000000000001554e-01 7.849913361731200023e-01
-4.999999999999971134e-02 6.500000000000002442e-01 7.987848393281623549e-01
-4.999999999999971134e-02 7.500000000000003331e-01 8.273120886846138111e-01
-4.999999999999971134e-02 8.500000000000001998e-01 7.392413833820143942e-01
-4.999999999999971134e-02 9.500000000000002887e-01 6.261368604551266204e-01
5.000000000000026645e-02 -9.499999999999998446e-01 6.230757236695703138e-01
5.000000000000026645e-02 -8.499999999999998668e-01 6.750410834826271467e-01
5.000000000000026645e-02 -7.499999999999997780e-01 7.406368909016495250e-01
5.000000000000026645e-02 -6.499999999999998002e-01 7.931354344933453371e-01
5.000000000000026645e-02 -5.499999999999998224e-01 7.666946220283130664e-01
5.000000000000026645e-02 -4.499999999999998446e-01 7.296511584823435204e-01
5.000000000000026645e-02 -3.499999999999997558e-01 6.497788603051681822e-01
5.000000000000026645e-02 -2.499999999999997780e-01 6.289039991498415194e-01
5.000000000000026645e-02 -1.499999999999998002e-01 7.192568905677048097e-01
5.000000000000026645e-02 -4.999999999999982236e-02 8.363649127078710555e-01
5.000000000000026645e-02 5.000000000000015543e-02 8.980436886675340347e-01
5.000000000000026645e-02 1.500000000000002442e-01 7.733658472988791388e-01
5.000000000000026645e-02 2.500000000000003331e-01 6.925834514790465413e-01
5.000000000000026645e-02 3.500000000000001998e-01 6.327781312701934446e-01
5.000000000000026645e-02 4.500000000000002887e-01 6.730189713696030918e-01
5.000000000000026645e-02 5.500000000000001554e-01 7.405072884800225630e-01
5.000000000000026645e-02 6.500000000000002442e-01 7.623299185884772067e-01
5.000000000000026645e-02 7.500000000000003331e-01 8.202102042046925945e-01
5.000000000000026645e-02 8.500000000000001998e-01 7.216548968100707784e-01
5.000000000000026645e-02 9.500000000000002887e-01 6.209939626798719470e-01
1.500000000000003553e-01 -9.499999999999998446e-01 7.199902739230669146e-01
1.500000000000003553e-01 -8.499999999999998668e-01 6.714194824041220810e-01
1.500000000000003553e-01 -7.499999999999997780e-01 6.868916304402956641e-01
1.500000000000003553e-01 -6.499999999999998002e-01 7.200056227935962561e-01
1.500000000000003553e-01 -5.499999999999998224e-01 6.855292148065512681e-01
1.500000000000003553e-01 -4.499999999999998446e-01 6.810721295320975033e-01
1.500000000000003553e-01 -3.499999999999997558e-01 6.524271373908170357e-01
1.500000000000003553e-01 -2.499999999999997780e-01 6.689803762132645604e-01
1.500000000000003553e-01 -1.499999999999998002e-01 6.566272346159093276e-01
1.500000000000003553e-01 -4.999999999999982236e-02 7.170962355913471642e-01
1.500000000000003553e-01 5.000000000000015543e-02 7.058496636970954530e-01
1.500000000000003553e-01 1.500000000000002442e-01 6.525754976747084601e-01
1.500000000000003553e-01 2.500000000000003331e-01 6.361427996169124466e-01
1.500000000000003553e-01 3.500000000000001998e-01 6.679788380595371722e-01
1.500000000000003553e-01 4.500000000000002887e-01 6.694027811787041093e-01
1.500000000000003553e-01 5.500000000000001554e-01 6.688755137022238673e-01
1.500000000000003553e-01 6.500000000000002442e-01 6.969602146600141213e-01
1.500000000000003553e-01 7.500000000000003331e-01 6.910918315949320379e-01
1.500000000000003553e-01 8.500000000000001998e-01 6.960368414199845644e-01
1.500000000000003553e-01 9.500000000000002887e-01 6.892300677720437641e-01
2.500000000000004441e-01 -9.499999999999998446e-01 5.750145703247130369e-01
2.500000000000004441e-01 -8.499999999999998668e-01 6.197828604345619885e-01
2.500000000000004441e-01 -7.499999999999997780e-01 6.638491012944689462e-01
2.500000000000004441e-01 -6.499999999999998002e-01 6.483064518339805016e-01
2.500000000000004441e-01 -5.499999999999998224e-01 6.320235804921525702e-01
2.500000000000004441e-01 -4.499999999999998446e-01 6.380354226070522605e-01
2.500000000000004441e-01 -3.499999999999997558e-01 6.270225586140237839e-01
2.500000000000004441e-01 -2.499999999999997780e-01 6.373340751193894427e-01
2.500000000000004441e-01 -1.499999999999998002e-01 6.070417633132620949e-01
2.500000000000004441e-01 -4.999999999999982236e-02 5.794431233210231014e-01
2.500000000000004441e-01 5.000000000000015543e-02 5.889242646228320943e-01
2.500000000000004441e-01 1.500000000000002442e-01 6.021296883372936337e-01
2.500000000000004441e-01 2.500000000000003331e-01 6.241417602673513532e-01
2.500000000000004441e-01 3.500000000000001998e-01 6.450225751658590356e-01
2.500000000000004441e-01 4.500000000000002887e-01 6.035917536560507779e-01
2.500000000000004441e-01 5.500000000000001554e-01 6.273894219473489242e-01
2.500000000000004441e-01 6.500000000000002442e-01 6.929724673214654462e-01
2.500000000000004441e-01 7.500000000000003331e-01 7.054770307744265834e-01
2.500000000000004441e-01 8.500000000000001998e-01 6.723609646570022358e-01
2.500000000000004441e-01 9.500000000000002887e-01 5.914008933659383738e-01
3.500000000000003109e-01 -9.499999999999998446e-01 5.744481332060654699e-01
3.500000000000003109e-01 -8.499999999999998668e-01 5.934959424213762658e-01
3.500000000000003109e-01 -7.499999999999997780e-01 6.394285164967312696e-01
3.500000000000003109e-01 -6.499999999999998002e-01 6.530079459460654823e-01
3.500000000000003109e-01 -5.499999999999998224e-01 6.229165347602486635e-01
3.500000000000003109e-01 -4.499999999999998446e-01 6.656635374741617373e-01
3.500000000000003109e-01 -3.499999999999997558e-01 6.836316609886182727e-01
3.500000000000003109e-01 -2.499999999999997780e-01 6.711602112166424883e-01
3.500000000000003109e-01 -1.499999999999998002e-01 6.731425306583836976e-01
3.500000000000003109e-01 -4.999999999999982236e-02 6.940068752483555814e-01
3.500000000000003109e-01 5.000000000000015543e-02 7.574485386871941950e-01
3.500000000000003109e-01 1.500000000000002442e-01 6.822376708591549876e-01
3.500000000000003109e-01 2.500000000000003331e-01 6.920208169617171334e-01
3.500000000000003109e-01 3.500000000000001998e-01 6.385539280924448224e-01
3.500000000000003109e-01 4.500000000000002887e-01 6.437972918866033956e-01
3.500000000000003109e-01 5.500000000000001554e-01 6.493028615460295638e-01
3.500000000000003109e-01 6.500000000000002442e-01 6.390207002923997681e-01
3.500000000000003109e-01 7.500000000000003331e-01 6.467531901617640244e-01
3.500000000000003109e-01 8.500000000000001998e-01 6.596531425291871642e-01
3.500000000000003109e-01 9.500000000000002887e-01 6.013786537717196179e-01
4.500000000000003997e-01 -9.499999999999998446e-01 6.903220760133912393e-01
4.500000000000003997e-01 -8.499999999999998668e-01 6.702843791337577128e-01
4.500000000000003997e-01 -7.499999999999997780e-01 6.488176064827367862e-01
4.500000000000003997e-01 -6.499999999999998002e-01 6.519228226547625349e-01
4.500000000000003997e-01 -5.499999999999998224e-01 6.845279286229408733e-01
4.500000000000003997e-01 -4.499999999999998446e-01 7.389503285332947868e-01
4.500000000000003997e-01 -3.499999999999997558e-01 7.854569061437070010e-01
4.500000000000003997e-01 -2.499999999999997780e-01 7.554353722552921147e-01
4.500000000000003997e-01 -1.499999999999998002e-01 7.073569127850467542e-01
4.500000000000003997e-01 -4.999999999999982236e-02 6.932825628660010953e-01
4.500000000000003997e-01 5.000000000000015543e-02 7.394056882634254535e-01
4.500000000000003997e-01 1.500000000000002442e-01 7.010858393610590600e-01
4.500000000000003997e-01 2.500000000000003331e-01 7.306827164357722060e-01
4.500000000000003997e-01 3.500000000000001998e-01 7.794852217564699481e-01
4.500000000000003997e-01 4.500000000000002887e-01 7.313883566793886182e-01
4.500000000000003997e-01 5.500000000000001554e-01 6.859609154887053029e-01
4.500000000000003997e-01 6.500000000000002442e-01 6.527678136904085937e-01
4.500000000000003997e-01 7.500000000000003331e-01 6.622308769265612405e-01
4.500000000000003997e-01 8.500000000000001998e-01 7.272508851727301771e-01
4.500000000000003997e-01 9.500000000000002887e-01 7.362265770138520793e-01
5.500000000000002665e-01 -9.499999999999998446e-01 1.187265591975656731e+00
5.500000000000002665e-01 -8.499999999999998668e-01 9.272498664974176963e-01
5.500000000000002665e-01 -7.499999999999997780e-01 7.179779637367121881e-01
5.500000000000002665e-01 -6.499999999999998002e-01 6.205148207301154351e-01
5.500000000000002665e-01 -5.499999999999998224e-01 6.492874552364931162e-01
5.500000000000002665e-01 -4.499999999999998446e-01 7.314021290992591684e-01
5.500000000000002665e-01 -3.499999999999997558e-01 7.987848393281623549e-01
5.500000000000002665e-01 -2.499999999999997780e-01 8.273120886846138111e-01
5.500000000000002665e-01 -1.499999999999998002e-01 7.392413833820143942e-01
5.500000000000002665e-01 -4.999999999999982236e-02 6.261368604551266204e-01
5.500000000000002665e-01 5.000000000000015543e-02 6.294270462748132733e-01
5.500000000000002665e-01 1.500000000000002442e-01 6.795546137017569599e-01
5.500000000000002665e-01 2.500000000000003331e-01 7.465079595349349839e-01
5.500000000000002665e-01 3.500000000000001998e-01 8.069720542888390025e-01
5.500000000000002665e-01 4.500000000000002887e-01 7.902228415632990277e-01
5.500000000000002665e-01 5.500000000000001554e-01 6.886014742399703126e-01
5.500000000000002665e-01 6.500000000000002442e-01 6.436749473500114060e-01
5.500000000000002665e-01 7.500000000000003331e-01 6.837909740493892663e-01
5.500000000000002665e-01 8.500000000000001998e-01 7.674777846077361909e-01
5.500000000000002665e-01 9.500000000000002887e-01 9.804573130191193142e-01
6.500000000000003553e-01 -9.499999999999998446e-01 8.980436886675340347e-01
6.500000000000003553e-01 -8.499999999999998668e-01 7.733658472988791388e-01
6.500000000000003553e-01 -7.499999999999997780e-01 6.925834514790465413e-01
6.500000000000003553e-01 -6.499999999999998002e-01 6.327781312701934446e-01
6.500000000000003553e-01 -5.499999999999998224e-01 6.730189713696030918e-01
6.500000000000003553e-01 -4.499999999999998446e-01 7.405072884800225630e-01
6.500000000000003553e-01 -3.499999999999997558e-01 7.437500663078742136e-01
6.500000000000003553e-01 -2.499999999999997780e-01 7.219332698523837077e-01
6.500000000000003553e-01 -1.499999999999998002e-01 7.544018998960578815e-01
6.500000000000003553e-01 -4.999999999999982236e-02 6.873840356073928071e-01
6.500000000000003553e-01 5.000000000000015543e-02 6.095040388730129655e-01
6.500000000000003553e-01 1.500000000000002442e-01 6.806146932009573547e-01
6.500000000000003553e-01 2.500000000000003331e-01 7.377437683864246365e-01
6.500000000000003553e-01 3.500000000000001998e-01 7.333517533618976181e-01
6.500000000000003553e-01 4.500000000000002887e-01 7.666946220283130664e-01
6.500000000000003553e-01 5.500000000000001554e-01 7.296511584823435204e-01
6.500000000000003553e-01 6.500000000000002442e-01 6.497788603051681822e-01
6.500000000000003553e-01 7.500000000000003331e-01 6.289039991498415194e-01
6.500000000000003553e-01 8.500000000000001998e-01 7.192568905677048097e-01
6.500000000000003553e-01 9.500000000000002887e-01 8.363649127078710555e-01
7.500000000000004441e-01 -9.499999999999998446e-01 6.164956262394827302e-01
7.500000000000004441e-01 -8.499999999999998668e-01 6.204052530039814162e-01
7.500000000000004441e-01 -7.499999999999997780e-01 6.342638985950346253e-01
7.500000000000004441e-01 -6.499999999999998002e-01 6.543529426575217522e-01
7.500000000000004441e-01 -5.499999999999998224e-01 6.597272508030669336e-01
7.500000000000004441e-01 -4.499999999999998446e-01 6.761730525048571527e-01
7.500000000000004441e-01 -3.499999999999997558e-01 6.855225185223341455e-01
7.500000000000004441e-01 -2.499999999999997780e-01 6.910918315949320379e-01
7.500000000000004441e-01 -1.499999999999998002e-01 6.960368414199845644e-01
7.500000000000004441e-01 -4.999999999999982236e-02 6.892300677720437641e-01
7.500000000000004441e-01 5.000000000000015543e-02 7.199902739230669146e-01
7.500000000000004441e-01 1.500000000000002442e-01 6.714194824041220810e-01
7.500000000000004441e-01 2.500000000000003331e-01 6.868916304402956641e-01
7.500000000000004441e-01 3.500000000000001998e-01 6.829130996262446907e-01
7.500000000000004441e-01 4.500000000000002887e-01 6.542172450068497458e-01
7.500000000000004441e-01 5.500000000000001554e-01 6.925202530552360125e-01
7.500000000000004441e-01 6.500000000000002442e-01 6.690140164798428213e-01
7.500000000000004441e-01 7.500000000000003331e-01 6.662946695848265266e-01
7.500000000000004441e-01 8.500000000000001998e-01 6.313607674244233747e-01
7.500000000000004441e-01 9.500000000000002887e-01 6.060563077481846417e-01
8.500000000000003109e-01 -9.499999999999998446e-01 5.853897938706036363e-01
8.500000000000003109e-01 -8.499999999999998668e-01 6.000872436927670028e-01
8.500000000000003109e-01 -7.499999999999997780e-01 6.170964535488877578e-01
8.500000000000003109e-01 -6.499999999999998002e-01 6.390898429449279883e-01
8.500000000000003109e-01 -5.499999999999998224e-01 6.428330116358997870e-01
8.500000000000003109e-01 -4.499999999999998446e-01 6.014612261566398832e-01
8.500000000000003109e-01 -3.499999999999997558e-01 6.339799907979206672e-01
8.500000000000003109e-01 -2.499999999999997780e-01 6.942719570705816468e-01
8.500000000000003109e-01 -1.499999999999998002e-01 6.723609646570022358e-01
8.500000000000003109e-01 -4.999999999999982236e-02 5.914008933659383738e-01
8.500000000000003109e-01 5.000000000000015543e-02 5.750145703247130369e-01
8.500000000000003109e-01 1.500000000000002442e-01 6.197828604345619885e-01
8.500000000000003109e-01 2.500000000000003331e-01 6.354909841894089695e-01
8.500000000000003109e-01 3.500000000000001998e-01 6.498179614207295618e-01
8.500000000000003109e-01 4.500000000000002887e-01 6.311489209142852053e-01
8.500000000000003109e-01 5.500000000000001554e-01 6.227923995985323868e-01
8.500000000000003109e-01 6.500000000000002442e-01 6.214573154267801769e-01
8.500000000000003109e-01 7.500000000000003331e-01 6.286463300726650161e-01
8.500000000000003109e-01 8.500000000000001998e-01 5.939721991648951871e-01
8.500000000000003109e-01 9.500000000000002887e-01 5.853897938706036363e-01
9.500000000000003997e-01 -9.499999999999998446e-01 7.574485386871941950e-01
9.500000000000003997e-01 -8.499999999999998668e-01 6.822376708591549876e-01
9.500000000000003997e-01 -7.499999999999997780e-01 6.920208169617171334e-01
9.500000000000003997e-01 -6.499999999999998002e-01 6.385539280924448224e-01
9.500000000000003997e-01 -5.499999999999998224e-01 6.437972918866033956e-01
9.500000000000003997e-01 -4.499999999999998446e-01 6.678847709366771968e-01
9.500000000000003997e-01 -3.499999999999997558e-01 6.534121468644688013e-01
9.500000000000003997e-01 -2.499999999999997780e-01 6.972695777063196987e-01
9.500000000000003997e-01 -1.499999999999998002e-01 6.689573627156437663e-01
9.500000000000003997e-01 -4.999999999999982236e-02 6.288435089721616800e-01
9.500000000000003997e-01 5.000000000000015543e-02 6.186889774732285963e-01
9.500000000000003997e-01 1.500000000000002442e-01 6.189297955756013492e-01
9.500000000000003997e-01 2.500000000000003331e-01 6.372971934379008108e-01
9.500000000000003997e-01 3.500000000000001998e-01 6.553407438110048222e-01
9.500000000000003997e-01 4.500000000000002887e-01 6.720688727791340744e-01
9.500000000000003997e-01 5.500000000000001554e-01 6.656635374741617373e-01
9.500000000000003997e-01 6.500000000000002442e-01 6.836316609886182727e-01
9.500000000000003997e-01 7.500000000000003331e-01 6.711602112166424883e-01
9.500000000000003997e-01 8.500000000000001998e-01 6.731425306583836976e-01
9.500000000000003997e-01 9.500000000000002887e-01 6.940068752483555814e-01
