-9.499999999999997335e-01 -9.499999999999998446e-01 2.083228175011696826e-01
-9.499999999999997335e-01 -8.499999999999998668e-01 2.031815915003414019e-01
-9.499999999999997335e-01 -7.499999999999997780e-01 1.943079346336462343e-01
-9.499999999999997335e-01 -6.499999999999998002e-01 1.804002559792643734e-01
-9.499999999999997335e-01 -5.499999999999998224e-01 1.764356950092071108e-01
-9.499999999999997335e-01 -4.499999999999998446e-01 1.756070493338541538e-01
-9.499999999999997335e-01 -3.499999999999997558e-01 1.901414498747827642e-01
-9.499999999999997335e-01 -2.499999999999997780e-01 2.019203691240163967e-01
-9.499999999999997335e-01 -1.499999999999998002e-01 2.240542121906729245e-01
-9.499999999999997335e-01 -4.999999999999982236e-02 2.453844273476990245e-01
-9.499999999999997335e-01 5.000000000000015543e-02 2.435443808279859346e-01
-9.499999999999997335e-01 1.500000000000002442e-01 2.353713434987182995e-01
-9.499999999999997335e-01 2.500000000000003331e-01 2.049836129538587792e-01
-9.499999999999997335e-01 3.500000000000001998e-01 1.984554320640427860e-01
-9.499999999999997335e-01 4.500000000000002887e-01 1.865348351427073004e-01
-9.499999999999997335e-01 5.500000000000001554e-01 1.788142731899025895e-01
-9.499999999999997335e-01 6.500000000000002442e-01 1.852927651322617830e-01
-9.499999999999997335e-01 7.500000000000003331e-01 2.006731190812669763e-01
-9.499999999999997335e-01 8.500000000000001998e-01 2.022957103202457640e-01
-9.499999999999997335e-01 9.500000000000002887e-01 2.031203943783445043e-01
-8.499999999999997558e-01 -9.499999999999998446e-01 2.202181653640913617e-01
-8.499999999999997558e-01 -8.499999999999998668e-01 2.162049254687694877e-01
-8.499999999999997558e-01 -7.499999999999997780e-01 2.119667821135320651e-01
-8.499999999999997558e-01 -6.499999999999998002e-01 1.995677805765239399e-01
-8.499999999999997558e-01 -5.499999999999998224e-01 1.750111272475616819e-01
-8.499999999999997558e-01 -4.499999999999998446e-01 1.714077425511155994e-01
-8.499999999999997558e-01 -3.499999999999997558e-01 1.801678208560527905e-01
-8.499999999999997558e-01 -2.499999999999997780e-01 1.938603726218596224e-01
-8.499999999999997558e-01 -1.499999999999998002e-01 2.121470612499235797e-01
-8.499999999999997558e-01 -4.999999999999982236e-02 2.216176648450163267e-01
-8.499999999999997558e-01 5.000000000000015543e-02 2.123303280085706013e-01
-8.499999999999997558e-01 1.500000000000002442e-01 2.165668196600209761e-01
-8.499999999999997558e-01 2.500000000000003331e-01 2.030734483800304413e-01
-8.499999999999997558e-01 3.500000000000001998e-01 1.815031531739041970e-01
-8.499999999999997558e-01 4.500000000000002887e-01 1.736893621816963662e-01
-8.499999999999997558e-01 5.500000000000001554e-01 1.759559820509916106e-01
-8.499999999999997558e-01 6.500000000000002442e-01 1.878152395923958495e-01
-8.499999999999997558e-01 7.500000000000003331e-01 2.077049703008312376e-01
-8.499999999999997558e-01 8.500000000000001998e-01 2.190842599205234387e-01
-8.499999999999997558e-01 9.500000000000002887e-01 2.202181653640913617e-01
-7.499999999999997780e-01 -9.499999999999998446e-01 2.430578558076186280e-01
-7.499999999999997780e-01 -8.499999999999998668e-01 2.382895830204889709e-01
-7.499999999999997780e-01 -7.499999999999997780e-01 2.077432868495514839e-01
-7.499999999999997780e-01 -6.499999999999998002e-01 1.923153273741121105e-01
-7.499999999999997780e-01 -5.499999999999998224e-01 1.860693027951751677e-01
-7.499999999999997780e-01 -4.499999999999998446e-01 1.838509218975710735e-01
-7.499999999999997780e-01 -3.499999999999997558e-01 1.988241843300960210e-01
-7.499999999999997780e-01 -2.499999999999997780e-01 2.094477417632342464e-01
-7.499999999999997780e-01 -1.499999999999998002e-01 2.045767106976033867e-01
-7.499999999999997780e-01 -4.999999999999982236e-02 1.965055027811361266e-01
-7.499999999999997780e-01 5.000000000000015543e-02 1.958016801676530916e-01
-7.499999999999997780e-01 1.500000000000002442e-01 1.999660418273476459e-01
-7.499999999999997780e-01 2.500000000000003331e-01 2.032851202269037871e-01
-7.499999999999997780e-01 3.500000000000001998e-01 1.950773141294950275e-01
-7.499999999999997780e-01 4.500000000000002887e-01 1.787008259743371186e-01
-7.499999999999997780e-01 5.500000000000001554e-01 1.792066477285217119e-01
-7.499999999999997780e-01 6.500000000000002442e-01 1.855756537679325024e-01
-7.499999999999997780e-01 7.500000000000003331e-01 2.045691738734317644e-01
-7.499999999999997780e-01 8.500000000000001998e-01 2.281272577653214451e-01
-7.499999999999997780e-01 9.500000000000002887e-01 2.453784493808009171e-01
-6.499999999999996891e-01 -9.499999999999998446e-01 3.651535962417529757e-01
-6.499999999999996891e-01 -8.499999999999998668e-01 2.903430291832512222e-01
-6.499999999999996891e-01 -7.499999999999997780e-01 2.161023247345000842e-01
-6.499999999999996891e-01 -6.499999999999998002e-01 1.995187536544283935e-01
-6.499999999999996891e-01 -5.499999999999998224e-01 2.028448341466734806e-01
-6.499999999999996891e-01 -4.499999999999998446e-01 2.232368608322967130e-01
-6.499999999999996891e-01 -3.499999999999997558e-01 2.264258871419680408e-01
-6.499999999999996891e-01 -2.499999999999997780e-01 2.368656107088891738e-01
-6.499999999999996891e-01 -1.499999999999998002e-01 2.023509879129044287e-01
-6.499999999999996891e-01 -4.999999999999982236e-02 1.884280385942936897e-01
-6.499999999999996891e-01 5.000000000000015543e-02 1.798289429930655103e-01
-6.499999999999996891e-01 1.500000000000002442e-01 1.895355805224838985e-01
-6.499999999999996891e-01 2.500000000000003331e-01 2.292079710815262406e-01
-6.499999999999996891e-01 3.500000000000001998e-01 2.113828289939614635e-01
-6.499999999999996891e-01 4.500000000000002887e-01 2.088876290134295266e-01
-6.499999999999996891e-01 5.500000000000001554e-01 1.972148407393353176e-01
-6.499999999999996891e-01 6.500000000000002442e-01 1.915719662756904251e-01
-6.499999999999996891e-01 7.500000000000003331e-01 2.080750626694117533e-01
-6.499999999999996891e-01 8.500000000000001998e-01 2.668575439856640807e-01
-6.499999999999996891e-01 9.500000000000002887e-01 3.455281391533506774e-01
-5.499999999999997113e-01 -9.499999999999998446e-01 4.365951504119240933e-01
-5.499999999999997113e-01 -8.499999999999998668e-01 3.555121970336796999e-01
-5.499999999999997113e-01 -7.499999999999997780e-01 2.509780927739258538e-01
-5.499999999999997113e-01 -6.499999999999998002e-01 2.065105482151229077e-01
-5.499999999999997113e-01 -5.499999999999998224e-01 2.024626261574849206e-01
-5.499999999999997113e-01 -4.499999999999998446e-01 2.134667203569201588e-01
-5.499999999999997113e-01 -3.499999999999997558e-01 2.695158800330401117e-01
-5.499999999999997113e-01 -2.499999999999997780e-01 2.960674140044802782e-01
-5.499999999999997113e-01 -1.499999999999998002e-01 2.176731620143497192e-01
-5.499999999999997113e-01 -4.999999999999982236e-02 1.765259222688675411e-01
-5.499999999999997113e-01 5.000000000000015543e-02 1.745130262403670751e-01
-5.499999999999997113e-01 1.500000000000002442e-01 1.873425935943241194e-01
-5.499999999999997113e-01 2.500000000000003331e-01 2.334316127479038327e-01
-5.499999999999997113e-01 3.500000000000001998e-01 2.431274218140803967e-01
-5.499999999999997113e-01 4.500000000000002887e-01 2.034455098164738018e-01
-5.499999999999997113e-01 5.500000000000001554e-01 1.906497921577542942e-01
-5.499999999999997113e-01 6.500000000000002442e-01 1.994870686063919540e-01
-5.499999999999997113e-01 7.500000000000003331e-01 2.275921965658361523e-01
-5.499999999999997113e-01 8.500000000000001998e-01 2.992388430841516622e-01
-5.499999999999997113e-01 9.500000000000002887e-01 3.799386936833443196e-01
-4.499999999999997335e-01 -9.499999999999998446e-01 3.024474022943631213e-01
-4.499999999999997335e-01 -8.499999999999998668e-01 2.347632831771900852e-01
-4.499999999999997335e-01 -7.499999999999997780e-01 2.168054746454381732e-01
-4.499999999999997335e-01 -6.499999999999998002e-01 1.960944463241929003e-01
-4.499999999999997335e-01 -5.499999999999998224e-01 1.934004035139213762e-01
-4.499999999999997335e-01 -4.499999999999998446e-01 2.105472121056978785e-01
-4.499999999999997335e-01 -3.499999999999997558e-01 2.185696341099335749e-01
-4.499999999999997335e-01 -2.499999999999997780e-01 2.064817238377624486e-01
-4.499999999999997335e-01 -1.499999999999998002e-01 2.021256858366078379e-01
-4.499999999999997335e-01 -4.999999999999982236e-02 1.926701893422994860e-01
-4.499999999999997335e-01 5.000000000000015543e-02 1.932865498257294867e-01
-4.499999999999997335e-01 1.500000000000002442e-01 1.954017563799999302e-01
-4.499999999999997335e-01 2.500000000000003331e-01 1.990977353938931937e-01
-4.499999999999997335e-01 3.500000000000001998e-01 2.084277016214740319e-01
-4.499999999999997335e-01 4.500000000000002887e-01 1.970179069030620067e-01
-4.499999999999997335e-01 5.500000000000001554e-01 1.814512853063531828e-01
-4.499999999999997335e-01 6.500000000000002442e-01 1.890033559033697519e-01
-4.499999999999997335e-01 7.500000000000003331e-01 2.047912453573960678e-01
-4.499999999999997335e-01 8.500000000000001998e-01 2.321307621961715695e-01
-4.499999999999997335e-01 9.500000000000002887e-01 3.017583266101557249e-01
-3.499999999999996447e-01 -9.499999999999998446e-01 2.314764708925872994e-01
-3.499999999999996447e-01 -8.499999999999998668e-01 2.172181395596334275e-01
-3.499999999999996447e-01 -7.499999999999997780e-01 2.083514958167399511e-01
-3.499999999999996447e-01 -6.499999999999998002e-01 1.902703847211493493e-01
-3.499999999999996447e-01 -5.499999999999998224e-01 1.749238860771283877e-01
-3.499999999999996447e-01 -4.499999999999998446e-01 1.788142731899025895e-01
-3.499999999999996447e-01 -3.499999999999997558e-01 1.852927651322617830e-01
-3.499999999999996447e-01 -2.499999999999997780e-01 2.006731190812669763e-01
-3.499999999999996447e-01 -1.499999999999998002e-01 2.022957103202457640e-01
-3.499999999999996447e-01 -4.999999999999982236e-02 2.031203943783445043e-01
-3.499999999999996447e-01 5.000000000000015543e-02 2.083228175011696826e-01
-3.499999999999996447e-01 1.500000000000002442e-01 2.031815915003414019e-01
-3.499999999999996447e-01 2.500000000000003331e-01 1.943079346336462343e-01
-3.499999999999996447e-01 3.500000000000001998e-01 1.804002559792643734e-01
-3.499999999999996447e-01 4.500000000000002887e-01 1.764356950092071108e-01
-3.499999999999996447e-01 5.500000000000001554e-01 1.726835632835684586e-01
-3.499999999999996447e-01 6.500000000000002442e-01 1.784583077679396668e-01
-3.499999999999996447e-01 7.500000000000003331e-01 1.994861358370889903e-01
-3.499999999999996447e-01 8.500000000000001998e-01 2.195787140010504734e-01
-3.499999999999996447e-01 9.500000000000002887e-01 2.233248238201251124e-01
-2.499999999999996669e-01 -9.499999999999998446e-01 2.123303280085706013e-01
-2.499999999999996669e-01 -8.499999999999998668e-01 2.165668196600209761e-01
-2.499999999999996669e-01 -7.499999999999997780e-01 2.091730021057823241e-01
-2.499999999999996669e-01 -6.499999999999998002e-01 1.840544584371794912e-01
-2.499999999999996669e-01 -5.499999999999998224e-01 1.790007274416446081e-01
-2.499999999999996669e-01 -4.499999999999998446e-01 1.739885695537734256e-01
-2.499999999999996669e-01 -3.499999999999997558e-01 1.806180057540259787e-01
-2.499999999999996669e-01 -2.499999999999997780e-01 2.011229731886586825e-01
-2.499999999999996669e-01 -1.499999999999998002e-01 2.193982056554001359e-01
-2.499999999999996669e-01 -4.999999999999982236e-02 2.216074437197779468e-01
-2.499999999999996669e-01 5.000000000000015543e-02 2.309947551478754857e-01
-2.499999999999996669e-01 1.500000000000002442e-01 2.181140939371837839e-01
-2.499999999999996669e-01 2.500000000000003331e-01 2.081991503027094126e-01
-2.499999999999996669e-01 3.500000000000001998e-01 1.905303478596875599e-01
-2.499999999999996669e-01 4.500000000000002887e-01 1.733870392489968992e-01
-2.499999999999996669e-01 5.500000000000001554e-01 1.764727763021187168e-01
-2.499999999999996669e-01 6.500000000000002442e-01 1.889933923302474506e-01
-2.499999999999996669e-01 7.500000000000003331e-01 2.002816253958713544e-01
-2.499999999999996669e-01 8.500000000000001998e-01 2.121470612499235797e-01
-2.499999999999996669e-01 9.500000000000002887e-01 2.216176648450163267e-01
-1.499999999999996891e-01 -9.499999999999998446e-01 1.958016801676530916e-01
-1.499999999999996891e-01 -8.499999999999998668e-01 1.999660418273476459e-01
-1.499999999999996891e-01 -7.499999999999997780e-01 2.032851202269037871e-01
-1.499999999999996891e-01 -6.499999999999998002e-01 1.975147509360896114e-01
-1.499999999999996891e-01 -5.499999999999998224e-01 1.790821479042111752e-01
-1.499999999999996891e-01 -4.499999999999998446e-01 1.845682130227440654e-01
-1.499999999999996891e-01 -3.499999999999997558e-01 1.959608032557859092e-01
-1.499999999999996891e-01 -2.499999999999997780e-01 2.181614825356406606e-01
-1.499999999999996891e-01 -1.499999999999998002e-01 2.463650861707313289e-01
-1.499999999999996891e-01 -4.999999999999982236e-02 3.034243034467782318e-01
-1.499999999999996891e-01 5.000000000000015543e-02 3.024432736919405174e-01
-1.499999999999996891e-01 1.500000000000002442e-01 2.444002149738490892e-01
-1.499999999999996891e-01 2.500000000000003331e-01 2.275316589725283611e-01
-1.499999999999996891e-01 3.500000000000001998e-01 2.012910879538325204e-01
-1.499999999999996891e-01 4.500000000000002887e-01 1.906151207274323356e-01
-1.499999999999996891e-01 5.500000000000001554e-01 1.892214680116718062e-01
-1.499999999999996891e-01 6.500000000000002442e-01 2.031296512259520293e-01
-1.499999999999996891e-01 7.500000000000003331e-01 2.094477417632342464e-01
-1.499999999999996891e-01 8.500000000000001998e-01 2.045767106976033867e-01
-1.499999999999996891e-01 9.500000000000002887e-01 1.965055027811361266e-01
-4.999999999999971134e-02 -9.499999999999998446e-01 1.722503693661023849e-01
-4.999999999999971134e-02 -8.499999999999998668e-01 1.888366681877243214e-01
-4.999999999999971134e-02 -7.499999999999997780e-01 2.335228880042090338e-01
-4.999999999999971134e-02 -6.499999999999998002e-01 2.433629328945556003e-01
-4.999999999999971134e-02 -5.499999999999998224e-01 2.088876290134295266e-01
-4.999999999999971134e-02 -4.499999999999998446e-01 1.972148407393353176e-01
-4.999999999999971134e-02 -3.499999999999997558e-01 1.915719662756904251e-01
-4.999999999999971134e-02 -2.499999999999997780e-01 2.080750626694117533e-01
-4.999999999999971134e-02 -1.499999999999998002e-01 2.668575439856640807e-01
-4.999999999999971134e-02 -4.999999999999982236e-02 3.455281391533506774e-01
-4.999999999999971134e-02 5.000000000000015543e-02 3.651535962417529757e-01
-4.999999999999971134e-02 1.500000000000002442e-01 2.903430291832512222e-01
-4.999999999999971134e-02 2.500000000000003331e-01 2.161023247345000842e-01
-4.999999999999971134e-02 3.500000000000001998e-01 1.995187536544283935e-01
-4.999999999999971134e-02 4.500000000000002887e-01 2.028448341466734806e-01
-4.999999999999971134e-02 5.500000000000001554e-01 2.232368608322967130e-01
-4.999999999999971134e-02 6.500000000000002442e-01 2.694609505197093635e-01
-4.999999999999971134e-02 7.500000000000003331e-01 2.958950007173050678e-01
-4.999999999999971134e-02 8.500000000000001998e-01 2.184410091240046314e-01
-4.999999999999971134e-02 9.500000000000002887e-01 1.765849556718705748e-01
5.000000000000026645e-02 -9.499999999999998446e-01 1.745130262403670751e-01
5.000000000000026645e-02 -8.499999999999998668e-01 1.873425935943241194e-01
5.000000000000026645e-02 -7.499999999999997780e-01 2.334316127479038327e-01
5.000000000000026645e-02 -6.499999999999998002e-01 2.431274218140803967e-01
5.000000000000026645e-02 -5.499999999999998224e-01 2.085753728268341656e-01
5.000000000000026645e-02 -4.499999999999998446e-01 1.960563343343726950e-01
5.000000000000026645e-02 -3.499999999999997558e-01 1.902119393964563920e-01
5.000000000000026645e-02 -2.499999999999997780e-01 2.068025974921381682e-01
5.000000000000026645e-02 -1.499999999999998002e-01 2.657331830383133364e-01
5.000000000000026645e-02 -4.999999999999982236e-02 3.454978506242473713e-01
5.000000000000026645e-02 5.000000000000015543e-02 3.651427144784523127e-01
5.000000000000026645e-02 1.500000000000002442e-01 2.871840492111428222e-01
5.000000000000026645e-02 2.500000000000003331e-01 2.145663769843699220e-01
5.000000000000026645e-02 3.500000000000001998e-01 2.023503775628174850e-01
5.000000000000026645e-02 4.500000000000002887e-01 2.051318898094758314e-01
5.000000000000026645e-02 5.500000000000001554e-01 2.234642300124151937e-01
5.000000000000026645e-02 6.500000000000002442e-01 2.695158800330401117e-01
5.000000000000026645e-02 7.500000000000003331e-01 2.960674140044802782e-01
5.000000000000026645e-02 8.500000000000001998e-01 2.176731620143497192e-01
5.000000000000026645e-02 9.500000000000002887e-01 1.765259222688675411e-01
1.500000000000003553e-01 -9.499999999999998446e-01 1.932865498257294867e-01
1.500000000000003553e-01 -8.499999999999998668e-01 1.954017563799999302e-01
1.500000000000003553e-01 -7.499999999999997780e-01 2.004335186137319591e-01
1.500000000000003553e-01 -6.499999999999998002e-01 1.967308450292194477e-01
1.500000000000003553e-01 -5.499999999999998224e-01 1.778238927630632904e-01
1.500000000000003553e-01 -4.499999999999998446e-01 1.826885364793148503e-01
1.500000000000003553e-01 -3.499999999999997558e-01 1.938771949020737517e-01
1.500000000000003553e-01 -2.499999999999997780e-01 2.142203265674613166e-01
1.500000000000003553e-01 -1.499999999999998002e-01 2.429309533027477486e-01
1.500000000000003553e-01 -4.999999999999982236e-02 3.017583266101557249e-01
1.500000000000003553e-01 5.000000000000015543e-02 3.024474022943631213e-01
1.500000000000003553e-01 1.500000000000002442e-01 2.443316210213739847e-01
1.500000000000003553e-01 2.500000000000003331e-01 2.250734439716035318e-01
1.500000000000003553e-01 3.500000000000001998e-01 1.992369418665510261e-01
1.500000000000003553e-01 4.500000000000002887e-01 1.917408719816706408e-01
1.500000000000003553e-01 5.500000000000001554e-01 1.909884175842104514e-01
1.500000000000003553e-01 6.500000000000002442e-01 2.040894120595150574e-01
1.500000000000003553e-01 7.500000000000003331e-01 2.093320031005698467e-01
1.500000000000003553e-01 8.500000000000001998e-01 2.021256858366078379e-01
1.500000000000003553e-01 9.500000000000002887e-01 1.926701893422994860e-01
2.500000000000004441e-01 -9.499999999999998446e-01 2.085704065649863770e-01
2.500000000000004441e-01 -8.499999999999998668e-01 2.152048361710331703e-01
2.500000000000004441e-01 -7.499999999999997780e-01 2.079030791375588161e-01
2.500000000000004441e-01 -6.499999999999998002e-01 1.836950012923691533e-01
2.500000000000004441e-01 -5.499999999999998224e-01 1.778784990616636419e-01
2.500000000000004441e-01 -4.499999999999998446e-01 1.726835632835684586e-01
2.500000000000004441e-01 -3.499999999999997558e-01 1.784583077679396668e-01
2.500000000000004441e-01 -2.499999999999997780e-01 1.994861358370889903e-01
2.500000000000004441e-01 -1.499999999999998002e-01 2.195787140010504734e-01
2.500000000000004441e-01 -4.999999999999982236e-02 2.233248238201251124e-01
2.500000000000004441e-01 5.000000000000015543e-02 2.314764708925872994e-01
2.500000000000004441e-01 1.500000000000002442e-01 2.172181395596334275e-01
2.500000000000004441e-01 2.500000000000003331e-01 2.083514958167399511e-01
2.500000000000004441e-01 3.500000000000001998e-01 1.902703847211493493e-01
2.500000000000004441e-01 4.500000000000002887e-01 1.749238860771283877e-01
2.500000000000004441e-01 5.500000000000001554e-01 1.791099767612697458e-01
2.500000000000004441e-01 6.500000000000002442e-01 1.892881060939485272e-01
2.500000000000004441e-01 7.500000000000003331e-01 1.990569755582458078e-01
2.500000000000004441e-01 8.500000000000001998e-01 2.112237001648878121e-01
2.500000000000004441e-01 9.500000000000002887e-01 2.195569800656620441e-01
3.500000000000003109e-01 -9.499999999999998446e-01 2.309947551478754857e-01
3.500000000000003109e-01 -8.499999999999998668e-01 2.181140939371837839e-01
3.500000000000003109e-01 -7.499999999999997780e-01 2.081991503027094126e-01
3.500000000000003109e-01 -6.499999999999998002e-01 1.905303478596875599e-01
3.500000000000003109e-01 -5.499999999999998224e-01 1.733870392489968992e-01
3.500000000000003109e-01 -4.499999999999998446e-01 1.771564105561790059e-01
3.500000000000003109e-01 -3.499999999999997558e-01 1.844447513717598075e-01
3.500000000000003109e-01 -2.499999999999997780e-01 2.007027813929128934e-01
3.500000000000003109e-01 -1.499999999999998002e-01 2.043108129835676245e-01
3.500000000000003109e-01 -4.999999999999982236e-02 2.043599372554140703e-01
3.500000000000003109e-01 5.000000000000015543e-02 2.119771734354188586e-01
3.500000000000003109e-01 1.500000000000002442e-01 2.088449297328119902e-01
3.500000000000003109e-01 2.500000000000003331e-01 1.956018650521216262e-01
3.500000000000003109e-01 3.500000000000001998e-01 1.809673713713910725e-01
3.500000000000003109e-01 4.500000000000002887e-01 1.777684520706861449e-01
3.500000000000003109e-01 5.500000000000001554e-01 1.739885695537734256e-01
3.500000000000003109e-01 6.500000000000002442e-01 1.806180057540259787e-01
3.500000000000003109e-01 7.500000000000003331e-01 2.011229731886586825e-01
3.500000000000003109e-01 8.500000000000001998e-01 2.193982056554001359e-01
3.500000000000003109e-01 9.500000000000002887e-01 2.216074437197779468e-01
4.500000000000003997e-01 -9.499999999999998446e-01 3.024432736919405174e-01
4.500000000000003997e-01 -8.499999999999998668e-01 2.363358123147286660e-01
4.500000000000003997e-01 -7.499999999999997780e-01 2.183146400423262856e-01
4.500000000000003997e-01 -6.499999999999998002e-01 1.961815484489787542e-01
4.500000000000003997e-01 -5.499999999999998224e-01 1.916730967864665180e-01
4.500000000000003997e-01 -4.499999999999998446e-01 2.087989763127639231e-01
4.500000000000003997e-01 -3.499999999999997558e-01 2.185284842288776619e-01
4.500000000000003997e-01 -2.499999999999997780e-01 2.070043752019730399e-01
4.500000000000003997e-01 -1.499999999999998002e-01 2.045767106976033867e-01
4.500000000000003997e-01 -4.999999999999982236e-02 1.965055027811361266e-01
4.500000000000003997e-01 5.000000000000015543e-02 1.958016801676530916e-01
4.500000000000003997e-01 1.500000000000002442e-01 1.999660418273476459e-01
4.500000000000003997e-01 2.500000000000003331e-01 2.012496434713344218e-01
4.500000000000003997e-01 3.500000000000001998e-01 2.104446513346742709e-01
4.500000000000003997e-01 4.500000000000002887e-01 1.979253438286974753e-01
4.500000000000003997e-01 5.500000000000001554e-01 1.826766160839095321e-01
4.500000000000003997e-01 6.500000000000002442e-01 1.913992313537715706e-01
4.500000000000003997e-01 7.500000000000003331e-01 2.070368566635620855e-01
4.500000000000003997e-01 8.500000000000001998e-01 2.358749293669689662e-01
4.500000000000003997e-01 9.500000000000002887e-01 3.034243034467782318e-01
5.500000000000002665e-01 -9.499999999999998446e-01 4.365951504119240933e-01
5.500000000000002665e-01 -8.499999999999998668e-01 3.555678532848575157e-01
5.500000000000002665e-01 -7.499999999999997780e-01 2.527653157421992924e-01
5.500000000000002665e-01 -6.499999999999998002e-01 2.060094068653459953e-01
5.500000000000002665e-01 -5.499999999999998224e-01 2.000940595774969855e-01
5.500000000000002665e-01 -4.499999999999998446e-01 2.131050278248756702e-01
5.500000000000002665e-01 -3.499999999999997558e-01 2.694609505197093635e-01
5.500000000000002665e-01 -2.499999999999997780e-01 2.958950007173050678e-01
5.500000000000002665e-01 -1.499999999999998002e-01 2.184410091240046314e-01
5.500000000000002665e-01 -4.999999999999982236e-02 1.765849556718705748e-01
5.500000000000002665e-01 5.000000000000015543e-02 1.722503693661023849e-01
5.500000000000002665e-01 1.500000000000002442e-01 1.888366681877243214e-01
5.500000000000002665e-01 2.500000000000003331e-01 2.335228880042090338e-01
5.500000000000002665e-01 3.500000000000001998e-01 2.433629328945556003e-01
5.500000000000002665e-01 4.500000000000002887e-01 2.036875750910860927e-01
5.500000000000002665e-01 5.500000000000001554e-01 1.917566424553527604e-01
5.500000000000002665e-01 6.500000000000002442e-01 1.994856462904814332e-01
5.500000000000002665e-01 7.500000000000003331e-01 2.286151175178658401e-01
5.500000000000002665e-01 8.500000000000001998e-01 2.994526647384838647e-01
5.500000000000002665e-01 9.500000000000002887e-01 3.799386936833443196e-01
6.500000000000003553e-01 -9.499999999999998446e-01 3.651427144784523127e-01
6.500000000000003553e-01 -8.499999999999998668e-01 2.871840492111428222e-01
6.500000000000003553e-01 -7.499999999999997780e-01 2.145663769843699220e-01
6.500000000000003553e-01 -6.499999999999998002e-01 2.023503775628174850e-01
6.500000000000003553e-01 -5.499999999999998224e-01 2.051318898094758314e-01
6.500000000000003553e-01 -4.499999999999998446e-01 2.234642300124151937e-01
6.500000000000003553e-01 -3.499999999999997558e-01 2.267961648393671259e-01
6.500000000000003553e-01 -2.499999999999997780e-01 2.365134523645727183e-01
6.500000000000003553e-01 -1.499999999999998002e-01 2.018877783419792959e-01
6.500000000000003553e-01 -4.999999999999982236e-02 1.872390107876449050e-01
6.500000000000003553e-01 5.000000000000015543e-02 1.782422818740057036e-01
6.500000000000003553e-01 1.500000000000002442e-01 1.877601536539643123e-01
6.500000000000003553e-01 2.500000000000003331e-01 2.272632902869514415e-01
6.500000000000003553e-01 3.500000000000001998e-01 2.109661912020534547e-01
6.500000000000003553e-01 4.500000000000002887e-01 2.085753728268341656e-01
6.500000000000003553e-01 5.500000000000001554e-01 1.960563343343726950e-01
6.500000000000003553e-01 6.500000000000002442e-01 1.902119393964563920e-01
6.500000000000003553e-01 7.500000000000003331e-01 2.068025974921381682e-01
6.500000000000003553e-01 8.500000000000001998e-01 2.657331830383133364e-01
6.500000000000003553e-01 9.500000000000002887e-01 3.454978506242473713e-01
7.500000000000004441e-01 -9.499999999999998446e-01 2.435443808279859346e-01
7.500000000000004441e-01 -8.499999999999998668e-01 2.353713434987182995e-01
7.500000000000004441e-01 -7.499999999999997780e-01 2.049836129538587792e-01
7.500000000000004441e-01 -6.499999999999998002e-01 1.931540711466287474e-01
7.500000000000004441e-01 -5.499999999999998224e-01 1.873028126346755196e-01
7.500000000000004441e-01 -4.499999999999998446e-01 1.849601596332924869e-01
7.500000000000004441e-01 -3.499999999999997558e-01 1.994369914856474746e-01
7.500000000000004441e-01 -2.499999999999997780e-01 2.093320031005698467e-01
7.500000000000004441e-01 -1.499999999999998002e-01 2.021256858366078379e-01
7.500000000000004441e-01 -4.999999999999982236e-02 1.926701893422994860e-01
7.500000000000004441e-01 5.000000000000015543e-02 1.932865498257294867e-01
7.500000000000004441e-01 1.500000000000002442e-01 1.954017563799999302e-01
7.500000000000004441e-01 2.500000000000003331e-01 2.004335186137319591e-01
7.500000000000004441e-01 3.500000000000001998e-01 1.948275163251502462e-01
7.500000000000004441e-01 4.500000000000002887e-01 1.778517625720309747e-01
7.500000000000004441e-01 5.500000000000001554e-01 1.772640449028577425e-01
7.500000000000004441e-01 6.500000000000002442e-01 1.839421748277808299e-01
7.500000000000004441e-01 7.500000000000003331e-01 2.019203691240163967e-01
7.500000000000004441e-01 8.500000000000001998e-01 2.240542121906729245e-01
7.500000000000004441e-01 9.500000000000002887e-01 2.453844273476990245e-01
8.500000000000003109e-01 -9.499999999999998446e-01 2.218244206658117335e-01
8.500000000000003109e-01 -8.499999999999998668e-01 2.175940180468623475e-01
8.500000000000003109e-01 -7.499999999999997780e-01 2.124803941012296249e-01
8.500000000000003109e-01 -6.499999999999998002e-01 1.992513584313224673e-01
8.500000000000003109e-01 -5.499999999999998224e-01 1.753011636355867320e-01
8.500000000000003109e-01 -4.499999999999998446e-01 1.742136798688992960e-01
8.500000000000003109e-01 -3.499999999999997558e-01 1.822552651184521089e-01
8.500000000000003109e-01 -2.499999999999997780e-01 1.937375427661624516e-01
8.500000000000003109e-01 -1.499999999999998002e-01 2.112237001648878121e-01
8.500000000000003109e-01 -4.999999999999982236e-02 2.195569800656620441e-01
8.500000000000003109e-01 5.000000000000015543e-02 2.085704065649863770e-01
8.500000000000003109e-01 1.500000000000002442e-01 2.152048361710331703e-01
8.500000000000003109e-01 2.500000000000003331e-01 2.028908206715345774e-01
8.500000000000003109e-01 3.500000000000001998e-01 1.811597888818858582e-01
8.500000000000003109e-01 4.500000000000002887e-01 1.725699324909758248e-01
8.500000000000003109e-01 5.500000000000001554e-01 1.733969708001854571e-01
8.500000000000003109e-01 6.500000000000002442e-01 1.860213467600099202e-01
8.500000000000003109e-01 7.500000000000003331e-01 2.074383126795372456e-01
8.500000000000003109e-01 8.500000000000001998e-01 2.210730791401994133e-01
8.500000000000003109e-01 9.500000000000002887e-01 2.218244206658117335e-01
9.500000000000003997e-01 -9.499999999999998446e-01 2.119771734354188586e-01
9.500000000000003997e-01 -8.499999999999998668e-01 2.088449297328119902e-01
9.500000000000003997e-01 -7.499999999999997780e-01 1.956018650521216262e-01
9.500000000000003997e-01 -6.499999999999998002e-01 1.809673713713910725e-01
9.500000000000003997e-01 -5.499999999999998224e-01 1.777684520706861449e-01
9.500000000000003997e-01 -4.499999999999998446e-01 1.773815937715843838e-01
9.500000000000003997e-01 -3.499999999999997558e-01 1.918016042952220279e-01
9.500000000000003997e-01 -2.499999999999997780e-01 2.045691738734317644e-01
9.500000000000003997e-01 -1.499999999999998002e-01 2.281272577653214451e-01
9.500000000000003997e-01 -4.999999999999982236e-02 2.453784493808009171e-01
9.500000000000003997e-01 5.000000000000015543e-02 2.430578558076186280e-01
9.500000000000003997e-01 1.500000000000002442e-01 2.382895830204889709e-01
9.500000000000003997e-01 2.500000000000003331e-01 2.077432868495514839e-01
9.500000000000003997e-01 3.500000000000001998e-01 1.985535359172332925e-01
9.500000000000003997e-01 4.500000000000002887e-01 1.855873325902046289e-01
9.500000000000003997e-01 5.500000000000001554e-01 1.771564105561790059e-01
9.500000000000003997e-01 6.500000000000002442e-01 1.844447513717598075e-01
9.500000000000003997e-01 7.500000000000003331e-01 2.007027813929128934e-01
9.500000000000003997e-01 8.500000000000001998e-01 2.043108129835676245e-01
9.500000000000003997e-01 9.500000000000002887e-01 2.043599372554140703e-01
