-9.499999999999997335e-01 -9.499999999999998446e-01 1.017420274419093884e+00
-9.499999999999997335e-01 -8.499999999999998668e-01 1.251654941730767412e+00
-9.499999999999997335e-01 -7.499999999999997780e-01 9.572241848217243332e-01
-9.499999999999997335e-01 -6.499999999999998002e-01 6.347120212427637131e-01
-9.499999999999997335e-01 -5.499999999999998224e-01 5.669374323966190898e-01
-9.499999999999997335e-01 -4.499999999999998446e-01 7.488060384726233920e-01
-9.499999999999997335e-01 -3.499999999999997558e-01 1.396039807670967470e+00
-9.499999999999997335e-01 -2.499999999999997780e-01 1.383850846590789274e+00
-9.499999999999997335e-01 -1.499999999999998002e-01 1.474052873985701728e+00
-9.499999999999997335e-01 -4.999999999999982236e-02 1.619156049307530987e+00
-9.499999999999997335e-01 5.000000000000015543e-02 1.886839404178995983e+00
-9.499999999999997335e-01 1.500000000000002442e-01 1.466740128334355298e+00
-9.499999999999997335e-01 2.500000000000003331e-01 1.337466428497336102e+00
-9.499999999999997335e-01 3.500000000000001998e-01 1.224785687565636438e+00
-9.499999999999997335e-01 4.500000000000002887e-01 1.201522623232465392e+00
-9.499999999999997335e-01 5.500000000000001554e-01 7.983590271518733461e-01
-9.499999999999997335e-01 6.500000000000002442e-01 6.007354464702213681e-01
-9.499999999999997335e-01 7.500000000000003331e-01 9.120916938693116593e-01
-9.499999999999997335e-01 8.500000000000001998e-01 9.675356892081897753e-01
-9.499999999999997335e-01 9.500000000000002887e-01 1.089177430069389274e+00
-8.499999999999997558e-01 -9.499999999999998446e-01 1.317105680701346371e+00
-8.499999999999997558e-01 -8.499999999999998668e-01 1.388196599414761367e+00
-8.499999999999997558e-01 -7.499999999999997780e-01 1.124465672553409679e+00
-8.499999999999997558e-01 -6.499999999999998002e-01 1.115618531418641535e+00
-8.499999999999997558e-01 -5.499999999999998224e-01 8.183973446058252499e-01
-8.499999999999997558e-01 -4.499999999999998446e-01 5.655253795176690135e-01
-8.499999999999997558e-01 -3.499999999999997558e-01 6.305740371110289955e-01
-8.499999999999997558e-01 -2.499999999999997780e-01 9.510444731662343054e-01
-8.499999999999997558e-01 -1.499999999999998002e-01 1.239473679052905730e+00
-8.499999999999997558e-01 -4.999999999999982236e-02 1.054162254873542315e+00
-8.499999999999997558e-01 5.000000000000015543e-02 1.387662248614415228e+00
-8.499999999999997558e-01 1.500000000000002442e-01 1.372839252306280233e+00
-8.499999999999997558e-01 2.500000000000003331e-01 1.180227635505546324e+00
-8.499999999999997558e-01 3.500000000000001998e-01 8.861354277265606205e-01
-8.499999999999997558e-01 4.500000000000002887e-01 6.086811861221912423e-01
-8.499999999999997558e-01 5.500000000000001554e-01 9.534705010642663403e-01
-8.499999999999997558e-01 6.500000000000002442e-01 1.346493944911193230e+00
-8.499999999999997558e-01 7.500000000000003331e-01 1.451217646921277193e+00
-8.499999999999997558e-01 8.500000000000001998e-01 1.283962500719183053e+00
-8.499999999999997558e-01 9.500000000000002887e-01 1.317105680701346371e+00
-7.499999999999997780e-01 -9.499999999999998446e-01 2.040330874081965007e+00
-7.499999999999997780e-01 -8.499999999999998668e-01 1.460038470576958458e+00
-7.499999999999997780e-01 -7.499999999999997780e-01 1.333765903968592070e+00
-7.499999999999997780e-01 -6.499999999999998002e-01 1.191208002801427135e+00
-7.499999999999997780e-01 -5.499999999999998224e-01 9.592811225878780101e-01
-7.499999999999997780e-01 -4.499999999999998446e-01 5.383040175584453690e-01
-7.499999999999997780e-01 -3.499999999999997558e-01 5.768413501402553933e-01
-7.499999999999997780e-01 -2.499999999999997780e-01 5.612507033164852999e-01
-7.499999999999997780e-01 -1.499999999999998002e-01 7.888680019225826623e-01
-7.499999999999997780e-01 -4.999999999999982236e-02 9.301955762806144445e-01
-7.499999999999997780e-01 5.000000000000015543e-02 9.620159914348468400e-01
-7.499999999999997780e-01 1.500000000000002442e-01 8.045003368549291656e-01
-7.499999999999997780e-01 2.500000000000003331e-01 6.674671023457370289e-01
-7.499999999999997780e-01 3.500000000000001998e-01 6.709738105895591831e-01
-7.499999999999997780e-01 4.500000000000002887e-01 6.454110476820293929e-01
-7.499999999999997780e-01 5.500000000000001554e-01 8.166893511535613381e-01
-7.499999999999997780e-01 6.500000000000002442e-01 1.158136164104891730e+00
-7.499999999999997780e-01 7.500000000000003331e-01 1.321611566841881524e+00
-7.499999999999997780e-01 8.500000000000001998e-01 1.477210388944969921e+00
-7.499999999999997780e-01 9.500000000000002887e-01 1.852520293290489839e+00
-6.499999999999996891e-01 -9.499999999999998446e-01 2.750626107525187436e+00
-6.499999999999996891e-01 -8.499999999999998668e-01 1.790329349940129378e+00
-6.499999999999996891e-01 -7.499999999999997780e-01 1.401889401531789536e+00
-6.499999999999996891e-01 -6.499999999999998002e-01 1.419996176373150787e+00
-6.499999999999996891e-01 -5.499999999999998224e-01 1.262638056950522891e+00
-6.499999999999996891e-01 -4.499999999999998446e-01 5.812591799342972099e-01
-6.499999999999996891e-01 -3.499999999999997558e-01 4.825802998171777047e-01
-6.499999999999996891e-01 -2.499999999999997780e-01 4.765311505571361850e-01
-6.499999999999996891e-01 -1.499999999999998002e-01 5.275946450114006314e-01
-6.499999999999996891e-01 -4.999999999999982236e-02 7.165454387195597796e-01
-6.499999999999996891e-01 5.000000000000015543e-02 7.204052232165467640e-01
-6.499999999999996891e-01 1.500000000000002442e-01 5.928466916556558441e-01
-6.499999999999996891e-01 2.500000000000003331e-01 5.358223158407048325e-01
-6.499999999999996891e-01 3.500000000000001998e-01 5.042899424771700723e-01
-6.499999999999996891e-01 4.500000000000002887e-01 5.903886457738258819e-01
-6.499999999999996891e-01 5.500000000000001554e-01 8.741169297331213839e-01
-6.499999999999996891e-01 6.500000000000002442e-01 1.489442617043127859e+00
-6.499999999999996891e-01 7.500000000000003331e-01 1.401369350613418829e+00
-6.499999999999996891e-01 8.500000000000001998e-01 1.308765910525190090e+00
-6.499999999999996891e-01 9.500000000000002887e-01 2.385436413466638594e+00
-5.499999999999997113e-01 -9.499999999999998446e-01 3.984197469419269666e+00
-5.499999999999997113e-01 -8.499999999999998668e-01 2.955324884099094440e+00
-5.499999999999997113e-01 -7.499999999999997780e-01 1.465176959776118171e+00
-5.499999999999997113e-01 -6.499999999999998002e-01 1.225508837589725397e+00
-5.499999999999997113e-01 -5.499999999999998224e-01 1.312707609157318212e+00
-5.499999999999997113e-01 -4.499999999999998446e-01 7.804550597020899483e-01
-5.499999999999997113e-01 -3.499999999999997558e-01 4.939571895025131609e-01
-5.499999999999997113e-01 -2.499999999999997780e-01 4.494749797476433328e-01
-5.499999999999997113e-01 -1.499999999999998002e-01 4.729787879873553758e-01
-5.499999999999997113e-01 -4.999999999999982236e-02 5.022771375459051946e-01
-5.499999999999997113e-01 5.000000000000015543e-02 5.187451287172644143e-01
-5.499999999999997113e-01 1.500000000000002442e-01 4.951065800651625048e-01
-5.499999999999997113e-01 2.500000000000003331e-01 4.626502652572204721e-01
-5.499999999999997113e-01 3.500000000000001998e-01 4.636747454425240167e-01
-5.499999999999997113e-01 4.500000000000002887e-01 6.086775682142887556e-01
-5.499999999999997113e-01 5.500000000000001554e-01 1.228396707956725287e+00
-5.499999999999997113e-01 6.500000000000002442e-01 1.473207840215575271e+00
-5.499999999999997113e-01 7.500000000000003331e-01 1.149124482321538077e+00
-5.499999999999997113e-01 8.500000000000001998e-01 1.790065892203269060e+00
-5.499999999999997113e-01 9.500000000000002887e-01 2.636564316549656617e+00
-4.499999999999997335e-01 -9.499999999999998446e-01 2.348242730567087655e+00
-4.499999999999997335e-01 -8.499999999999998668e-01 1.712160435959917848e+00
-4.499999999999997335e-01 -7.499999999999997780e-01 1.194281959346139121e+00
-4.499999999999997335e-01 -6.499999999999998002e-01 1.313768685223996036e+00
-4.499999999999997335e-01 -5.499999999999998224e-01 1.051832615680193594e+00
-4.499999999999997335e-01 -4.499999999999998446e-01 5.629376370278834640e-01
-4.499999999999997335e-01 -3.499999999999997558e-01 5.061550952293132344e-01
-4.499999999999997335e-01 -2.499999999999997780e-01 5.651732243085848539e-01
-4.499999999999997335e-01 -1.499999999999998002e-01 8.201816999258068064e-01
-4.499999999999997335e-01 -4.999999999999982236e-02 9.325726988368038262e-01
-4.499999999999997335e-01 5.000000000000015543e-02 9.542643656194103041e-01
-4.499999999999997335e-01 1.500000000000002442e-01 7.932571485655981469e-01
-4.499999999999997335e-01 2.500000000000003331e-01 6.056041481455133324e-01
-4.499999999999997335e-01 3.500000000000001998e-01 5.628081856173081654e-01
-4.499999999999997335e-01 4.500000000000002887e-01 5.138437097849808399e-01
-4.499999999999997335e-01 5.500000000000001554e-01 8.001462949813239467e-01
-4.499999999999997335e-01 6.500000000000002442e-01 1.342342590086970766e+00
-4.499999999999997335e-01 7.500000000000003331e-01 1.668116301817591518e+00
-4.499999999999997335e-01 8.500000000000001998e-01 1.657425912504765009e+00
-4.499999999999997335e-01 9.500000000000002887e-01 1.883920073850333443e+00
-3.499999999999996447e-01 -9.499999999999998446e-01 1.461124962739178246e+00
-3.499999999999996447e-01 -8.499999999999998668e-01 1.229454312312838971e+00
-3.499999999999996447e-01 -7.499999999999997780e-01 1.233879455570344508e+00
-3.499999999999996447e-01 -6.499999999999998002e-01 1.134098634827383600e+00
-3.499999999999996447e-01 -5.499999999999998224e-01 8.882994882251368240e-01
-3.499999999999996447e-01 -4.499999999999998446e-01 7.983590271518733461e-01
-3.499999999999996447e-01 -3.499999999999997558e-01 6.007354464702213681e-01
-3.499999999999996447e-01 -2.499999999999997780e-01 9.120916938693116593e-01
-3.499999999999996447e-01 -1.499999999999998002e-01 9.675356892081897753e-01
-3.499999999999996447e-01 -4.999999999999982236e-02 1.089177430069389274e+00
-3.499999999999996447e-01 5.000000000000015543e-02 1.017420274419093884e+00
-3.499999999999996447e-01 1.500000000000002442e-01 1.251654941730767412e+00
-3.499999999999996447e-01 2.500000000000003331e-01 9.572241848217243332e-01
-3.499999999999996447e-01 3.500000000000001998e-01 6.347120212427637131e-01
-3.499999999999996447e-01 4.500000000000002887e-01 5.669374323966190898e-01
-3.499999999999996447e-01 5.500000000000001554e-01 5.639552745631262187e-01
-3.499999999999996447e-01 6.500000000000002442e-01 8.850961064671296619e-01
-3.499999999999996447e-01 7.500000000000003331e-01 1.402284939917748829e+00
-3.499999999999996447e-01 8.500000000000001998e-01 1.352977347299855415e+00
-3.499999999999996447e-01 9.500000000000002887e-01 1.299952954960450491e+00
-2.499999999999996669e-01 -9.499999999999998446e-01 1.387662248614415228e+00
-2.499999999999996669e-01 -8.499999999999998668e-01 1.372839252306280233e+00
-2.499999999999996669e-01 -7.499999999999997780e-01 1.340909249763583055e+00
-2.499999999999996669e-01 -6.499999999999998002e-01 9.163275444370907463e-01
-2.499999999999996669e-01 -5.499999999999998224e-01 6.554436712566036327e-01
-2.499999999999996669e-01 -4.499999999999998446e-01 8.304125164259842373e-01
-2.499999999999996669e-01 -3.499999999999997558e-01 1.313986322641533144e+00
-2.499999999999996669e-01 -2.499999999999997780e-01 1.499032439710623610e+00
-2.499999999999996669e-01 -1.499999999999998002e-01 1.417817570013174322e+00
-2.499999999999996669e-01 -4.999999999999982236e-02 1.363336726360256046e+00
-2.499999999999996669e-01 5.000000000000015543e-02 1.412411126983305065e+00
-2.499999999999996669e-01 1.500000000000002442e-01 1.170711617114172265e+00
-2.499999999999996669e-01 2.500000000000003331e-01 1.219262455311605819e+00
-2.499999999999996669e-01 3.500000000000001998e-01 1.104562958594834443e+00
-2.499999999999996669e-01 4.500000000000002887e-01 8.451222353048133407e-01
-2.499999999999996669e-01 5.500000000000001554e-01 5.720812908778651895e-01
-2.499999999999996669e-01 6.500000000000002442e-01 6.616321601443009293e-01
-2.499999999999996669e-01 7.500000000000003331e-01 9.497658286186831944e-01
-2.499999999999996669e-01 8.500000000000001998e-01 1.239473679052905730e+00
-2.499999999999996669e-01 9.500000000000002887e-01 1.054162254873542315e+00
-1.499999999999996891e-01 -9.499999999999998446e-01 9.620159914348468400e-01
-1.499999999999996891e-01 -8.499999999999998668e-01 8.045003368549291656e-01
-1.499999999999996891e-01 -7.499999999999997780e-01 6.674671023457370289e-01
-1.499999999999996891e-01 -6.499999999999998002e-01 5.877360810442370243e-01
-1.499999999999996891e-01 -5.499999999999998224e-01 6.270998447342853721e-01
-1.499999999999996891e-01 -4.499999999999998446e-01 1.011350018916998383e+00
-1.499999999999996891e-01 -3.499999999999997558e-01 1.154856713494712306e+00
-1.499999999999996891e-01 -2.499999999999997780e-01 1.540341071178360943e+00
-1.499999999999996891e-01 -1.499999999999998002e-01 1.786749907642333657e+00
-1.499999999999996891e-01 -4.999999999999982236e-02 2.098788029139474265e+00
-1.499999999999996891e-01 5.000000000000015543e-02 2.290255241614346904e+00
-1.499999999999996891e-01 1.500000000000002442e-01 2.001138623122292959e+00
-1.499999999999996891e-01 2.500000000000003331e-01 1.361124029183912398e+00
-1.499999999999996891e-01 3.500000000000001998e-01 1.246644708362537601e+00
-1.499999999999996891e-01 4.500000000000002887e-01 1.112159288866096718e+00
-1.499999999999996891e-01 5.500000000000001554e-01 5.889734897145365577e-01
-1.499999999999996891e-01 6.500000000000002442e-01 5.235412050324289579e-01
-1.499999999999996891e-01 7.500000000000003331e-01 5.612507033164852999e-01
-1.499999999999996891e-01 8.500000000000001998e-01 7.888680019225826623e-01
-1.499999999999996891e-01 9.500000000000002887e-01 9.301955762806144445e-01
-4.999999999999971134e-02 -9.499999999999998446e-01 5.226355578738077767e-01
-4.999999999999971134e-02 -8.499999999999998668e-01 5.066233115695607525e-01
-4.999999999999971134e-02 -7.499999999999997780e-01 4.635172974040800975e-01
-4.999999999999971134e-02 -6.499999999999998002e-01 4.714736836837319367e-01
-4.999999999999971134e-02 -5.499999999999998224e-01 5.903886457738258819e-01
-4.999999999999971134e-02 -4.499999999999998446e-01 8.741169297331213839e-01
-4.999999999999971134e-02 -3.499999999999997558e-01 1.489442617043127859e+00
-4.999999999999971134e-02 -2.499999999999997780e-01 1.401369350613418829e+00
-4.999999999999971134e-02 -1.499999999999998002e-01 1.308765910525190090e+00
-4.999999999999971134e-02 -4.999999999999982236e-02 2.385436413466638594e+00
-4.999999999999971134e-02 5.000000000000015543e-02 2.750626107525187436e+00
-4.999999999999971134e-02 1.500000000000002442e-01 1.790329349940129378e+00
-4.999999999999971134e-02 2.500000000000003331e-01 1.401889401531789536e+00
-4.999999999999971134e-02 3.500000000000001998e-01 1.419996176373150787e+00
-4.999999999999971134e-02 4.500000000000002887e-01 1.262638056950522891e+00
-4.999999999999971134e-02 5.500000000000001554e-01 5.812591799342972099e-01
-4.999999999999971134e-02 6.500000000000002442e-01 4.909831510675505828e-01
-4.999999999999971134e-02 7.500000000000003331e-01 4.473477428266734446e-01
-4.999999999999971134e-02 8.500000000000001998e-01 4.688043938612783124e-01
-4.999999999999971134e-02 9.500000000000002887e-01 5.022895171203344278e-01
5.000000000000026645e-02 -9.499999999999998446e-01 5.187451287172644143e-01
5.000000000000026645e-02 -8.499999999999998668e-01 4.951065800651625048e-01
5.000000000000026645e-02 -7.499999999999997780e-01 4.626502652572204721e-01
5.000000000000026645e-02 -6.499999999999998002e-01 4.636747454425240167e-01
5.000000000000026645e-02 -5.499999999999998224e-01 5.389457113856529480e-01
5.000000000000026645e-02 -4.499999999999998446e-01 8.733154809236262084e-01
5.000000000000026645e-02 -3.499999999999997558e-01 1.724350284529117427e+00
5.000000000000026645e-02 -2.499999999999997780e-01 1.583827092007221715e+00
5.000000000000026645e-02 -1.499999999999998002e-01 1.372116724631276874e+00
5.000000000000026645e-02 -4.999999999999982236e-02 2.169747100132635609e+00
5.000000000000026645e-02 5.000000000000015543e-02 2.583870974466158099e+00
5.000000000000026645e-02 1.500000000000002442e-01 1.745881270832542853e+00
5.000000000000026645e-02 2.500000000000003331e-01 1.376402475335075426e+00
5.000000000000026645e-02 3.500000000000001998e-01 1.414617454649342854e+00
5.000000000000026645e-02 4.500000000000002887e-01 1.320595552133249750e+00
5.000000000000026645e-02 5.500000000000001554e-01 6.173853099760204799e-01
5.000000000000026645e-02 6.500000000000002442e-01 4.939571895025131609e-01
5.000000000000026645e-02 7.500000000000003331e-01 4.494749797476433328e-01
5.000000000000026645e-02 8.500000000000001998e-01 4.729787879873553758e-01
5.000000000000026645e-02 9.500000000000002887e-01 5.022771375459051946e-01
1.500000000000003553e-01 -9.499999999999998446e-01 9.542643656194103041e-01
1.500000000000003553e-01 -8.499999999999998668e-01 7.932571485655981469e-01
1.500000000000003553e-01 -7.499999999999997780e-01 6.591617049587370492e-01
1.500000000000003553e-01 -6.499999999999998002e-01 5.632957050080108496e-01
1.500000000000003553e-01 -5.499999999999998224e-01 5.432304227935557117e-01
1.500000000000003553e-01 -4.499999999999998446e-01 9.651125655721187746e-01
1.500000000000003553e-01 -3.499999999999997558e-01 1.383116895454759465e+00
1.500000000000003553e-01 -2.499999999999997780e-01 1.550865843493105078e+00
1.500000000000003553e-01 -1.499999999999998002e-01 1.644117359017254199e+00
1.500000000000003553e-01 -4.999999999999982236e-02 1.883920073850333443e+00
1.500000000000003553e-01 5.000000000000015543e-02 2.348242730567087655e+00
1.500000000000003553e-01 1.500000000000002442e-01 2.036431509384143190e+00
1.500000000000003553e-01 2.500000000000003331e-01 1.340835674914109266e+00
1.500000000000003553e-01 3.500000000000001998e-01 1.249035482960997312e+00
1.500000000000003553e-01 4.500000000000002887e-01 1.148169854383361610e+00
1.500000000000003553e-01 5.500000000000001554e-01 6.612920530071175751e-01
1.500000000000003553e-01 6.500000000000002442e-01 5.485249310428664815e-01
1.500000000000003553e-01 7.500000000000003331e-01 5.799727108634050721e-01
1.500000000000003553e-01 8.500000000000001998e-01 8.201816999258068064e-01
1.500000000000003553e-01 9.500000000000002887e-01 9.325726988368038262e-01
2.500000000000004441e-01 -9.499999999999998446e-01 1.392848394599096151e+00
2.500000000000004441e-01 -8.499999999999998668e-01 1.304851744659071722e+00
2.500000000000004441e-01 -7.499999999999997780e-01 1.273175312998054309e+00
2.500000000000004441e-01 -6.499999999999998002e-01 8.675726141887872833e-01
2.500000000000004441e-01 -5.499999999999998224e-01 6.096952152220135313e-01
2.500000000000004441e-01 -4.499999999999998446e-01 5.639552745631262187e-01
2.500000000000004441e-01 -3.499999999999997558e-01 8.850961064671296619e-01
2.500000000000004441e-01 -2.499999999999997780e-01 1.402284939917748829e+00
2.500000000000004441e-01 -1.499999999999998002e-01 1.352977347299855415e+00
2.500000000000004441e-01 -4.999999999999982236e-02 1.299952954960450491e+00
2.500000000000004441e-01 5.000000000000015543e-02 1.461124962739178246e+00
2.500000000000004441e-01 1.500000000000002442e-01 1.229454312312838971e+00
2.500000000000004441e-01 2.500000000000003331e-01 1.233879455570344508e+00
2.500000000000004441e-01 3.500000000000001998e-01 1.134098634827383600e+00
2.500000000000004441e-01 4.500000000000002887e-01 8.882994882251368240e-01
2.500000000000004441e-01 5.500000000000001554e-01 6.064913340520018403e-01
2.500000000000004441e-01 6.500000000000002442e-01 9.395269623215213306e-01
2.500000000000004441e-01 7.500000000000003331e-01 1.157214010516341984e+00
2.500000000000004441e-01 8.500000000000001998e-01 1.312165415630935250e+00
2.500000000000004441e-01 9.500000000000002887e-01 1.091485536075719187e+00
3.500000000000003109e-01 -9.499999999999998446e-01 1.412411126983305065e+00
3.500000000000003109e-01 -8.499999999999998668e-01 1.170711617114172265e+00
3.500000000000003109e-01 -7.499999999999997780e-01 1.219262455311605819e+00
3.500000000000003109e-01 -6.499999999999998002e-01 1.104562958594834443e+00
3.500000000000003109e-01 -5.499999999999998224e-01 8.451222353048133407e-01
3.500000000000003109e-01 -4.499999999999998446e-01 7.390066453764027044e-01
3.500000000000003109e-01 -3.499999999999997558e-01 5.669978505266441982e-01
3.500000000000003109e-01 -2.499999999999997780e-01 7.094365028533953232e-01
3.500000000000003109e-01 -1.499999999999998002e-01 9.273068439284242181e-01
3.500000000000003109e-01 -4.999999999999982236e-02 1.053052359841756491e+00
3.500000000000003109e-01 5.000000000000015543e-02 1.019970546935493383e+00
3.500000000000003109e-01 1.500000000000002442e-01 1.254477571090024890e+00
3.500000000000003109e-01 2.500000000000003331e-01 1.000557448372506819e+00
3.500000000000003109e-01 3.500000000000001998e-01 6.715839529371240291e-01
3.500000000000003109e-01 4.500000000000002887e-01 7.285394374583220589e-01
3.500000000000003109e-01 5.500000000000001554e-01 8.304125164259842373e-01
3.500000000000003109e-01 6.500000000000002442e-01 1.313986322641533144e+00
3.500000000000003109e-01 7.500000000000003331e-01 1.499032439710623610e+00
3.500000000000003109e-01 8.500000000000001998e-01 1.417817570013174322e+00
3.500000000000003109e-01 9.500000000000002887e-01 1.363336726360256046e+00
4.500000000000003997e-01 -9.499999999999998446e-01 2.290255241614346904e+00
4.500000000000003997e-01 -8.499999999999998668e-01 1.705287030109272406e+00
4.500000000000003997e-01 -7.499999999999997780e-01 1.242986269801699795e+00
4.500000000000003997e-01 -6.499999999999998002e-01 1.312100928788037191e+00
4.500000000000003997e-01 -5.499999999999998224e-01 1.022399950588462669e+00
4.500000000000003997e-01 -4.499999999999998446e-01 5.512356497727005644e-01
4.500000000000003997e-01 -3.499999999999997558e-01 4.870251517166460098e-01
4.500000000000003997e-01 -2.499999999999997780e-01 5.506495995913864849e-01
4.500000000000003997e-01 -1.499999999999998002e-01 7.888680019225826623e-01
4.500000000000003997e-01 -4.999999999999982236e-02 9.301955762806144445e-01
4.500000000000003997e-01 5.000000000000015543e-02 9.620159914348468400e-01
4.500000000000003997e-01 1.500000000000002442e-01 8.045003368549291656e-01
4.500000000000003997e-01 2.500000000000003331e-01 6.174106383890952676e-01
4.500000000000003997e-01 3.500000000000001998e-01 5.744640454745099101e-01
4.500000000000003997e-01 4.500000000000002887e-01 5.247782756620512634e-01
4.500000000000003997e-01 5.500000000000001554e-01 8.665696747184020721e-01
4.500000000000003997e-01 6.500000000000002442e-01 1.234344603347176550e+00
4.500000000000003997e-01 7.500000000000003331e-01 1.403306810055830134e+00
4.500000000000003997e-01 8.500000000000001998e-01 1.734038756545230653e+00
4.500000000000003997e-01 9.500000000000002887e-01 2.098788029139474265e+00
5.500000000000002665e-01 -9.499999999999998446e-01 3.984197469419269666e+00
5.500000000000002665e-01 -8.499999999999998668e-01 3.002434115764336831e+00
5.500000000000002665e-01 -7.499999999999997780e-01 1.487169492414968541e+00
5.500000000000002665e-01 -6.499999999999998002e-01 1.236446277917402137e+00
5.500000000000002665e-01 -5.499999999999998224e-01 1.285578491324927297e+00
5.500000000000002665e-01 -4.499999999999998446e-01 7.181549899265911030e-01
5.500000000000002665e-01 -3.499999999999997558e-01 4.909831510675505828e-01
5.500000000000002665e-01 -2.499999999999997780e-01 4.473477428266734446e-01
5.500000000000002665e-01 -1.499999999999998002e-01 4.688043938612783124e-01
5.500000000000002665e-01 -4.999999999999982236e-02 5.022895171203344278e-01
5.500000000000002665e-01 5.000000000000015543e-02 5.226355578738077767e-01
5.500000000000002665e-01 1.500000000000002442e-01 5.066233115695607525e-01
5.500000000000002665e-01 2.500000000000003331e-01 4.635172974040800975e-01
5.500000000000002665e-01 3.500000000000001998e-01 4.714736836837319367e-01
5.500000000000002665e-01 4.500000000000002887e-01 6.855110230294301221e-01
5.500000000000002665e-01 5.500000000000001554e-01 1.110580544137692360e+00
5.500000000000002665e-01 6.500000000000002442e-01 1.310292327416680447e+00
5.500000000000002665e-01 7.500000000000003331e-01 1.098806272714634824e+00
5.500000000000002665e-01 8.500000000000001998e-01 1.786458280621817885e+00
5.500000000000002665e-01 9.500000000000002887e-01 2.636564316549656617e+00
6.500000000000003553e-01 -9.499999999999998446e-01 2.583870974466158099e+00
6.500000000000003553e-01 -8.499999999999998668e-01 1.745881270832542853e+00
6.500000000000003553e-01 -7.499999999999997780e-01 1.376402475335075426e+00
6.500000000000003553e-01 -6.499999999999998002e-01 1.414617454649342854e+00
6.500000000000003553e-01 -5.499999999999998224e-01 1.320595552133249750e+00
6.500000000000003553e-01 -4.499999999999998446e-01 6.173853099760204799e-01
6.500000000000003553e-01 -3.499999999999997558e-01 4.935526174484721196e-01
6.500000000000003553e-01 -2.499999999999997780e-01 4.922152023721078073e-01
6.500000000000003553e-01 -1.499999999999998002e-01 5.330454853514186020e-01
6.500000000000003553e-01 -4.999999999999982236e-02 7.177346654770515588e-01
6.500000000000003553e-01 5.000000000000015543e-02 7.095407820411534505e-01
6.500000000000003553e-01 1.500000000000002442e-01 5.798708338172441357e-01
6.500000000000003553e-01 2.500000000000003331e-01 5.244817912740495913e-01
6.500000000000003553e-01 3.500000000000001998e-01 4.915766367655728941e-01
6.500000000000003553e-01 4.500000000000002887e-01 5.389457113856529480e-01
6.500000000000003553e-01 5.500000000000001554e-01 8.733154809236262084e-01
6.500000000000003553e-01 6.500000000000002442e-01 1.724350284529117427e+00
6.500000000000003553e-01 7.500000000000003331e-01 1.583827092007221715e+00
6.500000000000003553e-01 8.500000000000001998e-01 1.372116724631276874e+00
6.500000000000003553e-01 9.500000000000002887e-01 2.169747100132635609e+00
7.500000000000004441e-01 -9.499999999999998446e-01 1.886839404178995983e+00
7.500000000000004441e-01 -8.499999999999998668e-01 1.466740128334355298e+00
7.500000000000004441e-01 -7.499999999999997780e-01 1.337466428497336102e+00
7.500000000000004441e-01 -6.499999999999998002e-01 1.206497961814563702e+00
7.500000000000004441e-01 -5.499999999999998224e-01 1.038074922480736406e+00
7.500000000000004441e-01 -4.499999999999998446e-01 5.956741745051256087e-01
7.500000000000004441e-01 -3.499999999999997558e-01 6.060178243276057586e-01
7.500000000000004441e-01 -2.499999999999997780e-01 5.799727108634050721e-01
7.500000000000004441e-01 -1.499999999999998002e-01 8.201816999258068064e-01
7.500000000000004441e-01 -4.999999999999982236e-02 9.325726988368038262e-01
7.500000000000004441e-01 5.000000000000015543e-02 9.542643656194103041e-01
7.500000000000004441e-01 1.500000000000002442e-01 7.932571485655981469e-01
7.500000000000004441e-01 2.500000000000003331e-01 6.591617049587370492e-01
7.500000000000004441e-01 3.500000000000001998e-01 6.488457153940717648e-01
7.500000000000004441e-01 4.500000000000002887e-01 5.654067006510175020e-01
7.500000000000004441e-01 5.500000000000001554e-01 6.073530545636791622e-01
7.500000000000004441e-01 6.500000000000002442e-01 1.232230457786806177e+00
7.500000000000004441e-01 7.500000000000003331e-01 1.383850846590789274e+00
7.500000000000004441e-01 8.500000000000001998e-01 1.474052873985701728e+00
7.500000000000004441e-01 9.500000000000002887e-01 1.619156049307530987e+00
8.500000000000003109e-01 -9.499999999999998446e-01 1.315207073491935663e+00
8.500000000000003109e-01 -8.499999999999998668e-01 1.452261611802691199e+00
8.500000000000003109e-01 -7.499999999999997780e-01 1.192657350418591777e+00
8.500000000000003109e-01 -6.499999999999998002e-01 1.139739718631045173e+00
8.500000000000003109e-01 -5.499999999999998224e-01 8.612608337352830601e-01
8.500000000000003109e-01 -4.499999999999998446e-01 6.011123053706710628e-01
8.500000000000003109e-01 -3.499999999999997558e-01 9.865578251068362059e-01
8.500000000000003109e-01 -2.499999999999997780e-01 1.232901902112266468e+00
8.500000000000003109e-01 -1.499999999999998002e-01 1.312165415630935250e+00
8.500000000000003109e-01 -4.999999999999982236e-02 1.091485536075719187e+00
8.500000000000003109e-01 5.000000000000015543e-02 1.392848394599096151e+00
8.500000000000003109e-01 1.500000000000002442e-01 1.304851744659071722e+00
8.500000000000003109e-01 2.500000000000003331e-01 1.110357002202119858e+00
8.500000000000003109e-01 3.500000000000001998e-01 8.530665019502717827e-01
8.500000000000003109e-01 4.500000000000002887e-01 5.635279986487495840e-01
8.500000000000003109e-01 5.500000000000001554e-01 5.928920911438501085e-01
8.500000000000003109e-01 6.500000000000002442e-01 9.220655954621145289e-01
8.500000000000003109e-01 7.500000000000003331e-01 1.386531758337000264e+00
8.500000000000003109e-01 8.500000000000001998e-01 1.212285845359680092e+00
8.500000000000003109e-01 9.500000000000002887e-01 1.315207073491935663e+00
9.500000000000003997e-01 -9.499999999999998446e-01 1.019970546935493383e+00
9.500000000000003997e-01 -8.499999999999998668e-01 1.254477571090024890e+00
9.500000000000003997e-01 -7.499999999999997780e-01 1.000557448372506819e+00
9.500000000000003997e-01 -6.499999999999998002e-01 6.715839529371240291e-01
9.500000000000003997e-01 -5.499999999999998224e-01 7.285394374583220589e-01
9.500000000000003997e-01 -4.499999999999998446e-01 1.069338101751123427e+00
9.500000000000003997e-01 -3.499999999999997558e-01 1.413239262378207961e+00
9.500000000000003997e-01 -2.499999999999997780e-01 1.321611566841881524e+00
9.500000000000003997e-01 -1.499999999999998002e-01 1.477210388944969921e+00
9.500000000000003997e-01 -4.999999999999982236e-02 1.852520293290489839e+00
9.500000000000003997e-01 5.000000000000015543e-02 2.040330874081965007e+00
9.500000000000003997e-01 1.500000000000002442e-01 1.460038470576958458e+00
9.500000000000003997e-01 2.500000000000003331e-01 1.333765903968592070e+00
9.500000000000003997e-01 3.500000000000001998e-01 1.211723703035572086e+00
9.500000000000003997e-01 4.500000000000002887e-01 1.162623767941124653e+00
9.500000000000003997e-01 5.500000000000001554e-01 7.390066453764027044e-01
9.500000000000003997e-01 6.500000000000002442e-01 5.669978505266441982e-01
9.500000000000003997e-01 7.500000000000003331e-01 7.094365028533953232e-01
9.500000000000003997e-01 8.500000000000001998e-01 9.273068439284242181e-01
9.500000000000003997e-01 9.500000000000002887e-01 1.053052359841756491e+00
