-9.499999999999997335e-01 -9.499999999999998446e-01 5.365515095386382827e-01
-9.499999999999997335e-01 -8.499999999999998668e-01 4.040227393531974354e-01
-9.499999999999997335e-01 -7.499999999999997780e-01 3.296932267627407653e-01
-9.499999999999997335e-01 -6.499999999999998002e-01 2.729731009427492916e-01
-9.499999999999997335e-01 -5.499999999999998224e-01 2.564963886721828290e-01
-9.499999999999997335e-01 -4.499999999999998446e-01 2.813997013718958495e-01
-9.499999999999997335e-01 -3.499999999999997558e-01 3.473323175031374777e-01
-9.499999999999997335e-01 -2.499999999999997780e-01 4.681062194607351068e-01
-9.499999999999997335e-01 -1.499999999999998002e-01 6.482675522630865217e-01
-9.499999999999997335e-01 -4.999999999999982236e-02 7.804418156654406857e-01
-9.499999999999997335e-01 5.000000000000015543e-02 9.488297777438395864e-01
-9.499999999999997335e-01 1.500000000000002442e-01 7.649761181998914195e-01
-9.499999999999997335e-01 2.500000000000003331e-01 5.582770555896625631e-01
-9.499999999999997335e-01 3.500000000000001998e-01 4.490181605077534499e-01
-9.499999999999997335e-01 4.500000000000002887e-01 3.182148519311933654e-01
-9.499999999999997335e-01 5.500000000000001554e-01 2.755047824067817785e-01
-9.499999999999997335e-01 6.500000000000002442e-01 2.710612844072992633e-01
-9.499999999999997335e-01 7.500000000000003331e-01 3.339346153297370057e-01
-9.499999999999997335e-01 8.500000000000001998e-01 3.963133034406506328e-01
-9.499999999999997335e-01 9.500000000000002887e-01 5.400170810127536969e-01
-8.499999999999997558e-01 -9.499999999999998446e-01 7.659858812661548555e-01
-8.499999999999997558e-01 -8.499999999999998668e-01 6.474227814072409659e-01
-8.499999999999997558e-01 -7.499999999999997780e-01 5.566812407239126737e-01
-8.499999999999997558e-01 -6.499999999999998002e-01 3.989828521081673074e-01
-8.499999999999997558e-01 -5.499999999999998224e-01 2.944049767636983117e-01
-8.499999999999997558e-01 -4.499999999999998446e-01 2.573729934872881486e-01
-8.499999999999997558e-01 -3.499999999999997558e-01 2.690841348579403047e-01
-8.499999999999997558e-01 -2.499999999999997780e-01 3.473034754190257312e-01
-8.499999999999997558e-01 -1.499999999999998002e-01 4.275221529845625867e-01
-8.499999999999997558e-01 -4.999999999999982236e-02 5.868925310570357601e-01
-8.499999999999997558e-01 5.000000000000015543e-02 6.338055962610518179e-01
-8.499999999999997558e-01 1.500000000000002442e-01 5.073687428875501837e-01
-8.499999999999997558e-01 2.500000000000003331e-01 4.302457170853541957e-01
-8.499999999999997558e-01 3.500000000000001998e-01 3.430653402615266856e-01
-8.499999999999997558e-01 4.500000000000002887e-01 2.669793637348349957e-01
-8.499999999999997558e-01 5.500000000000001554e-01 2.902983762099544673e-01
-8.499999999999997558e-01 6.500000000000002442e-01 3.627735971290311778e-01
-8.499999999999997558e-01 7.500000000000003331e-01 5.430439070235876242e-01
-8.499999999999997558e-01 8.500000000000001998e-01 7.377936892767610333e-01
-8.499999999999997558e-01 9.500000000000002887e-01 7.659858812661548555e-01
-7.499999999999997780e-01 -9.499999999999998446e-01 9.839380156973176472e-01
-7.499999999999997780e-01 -8.499999999999998668e-01 7.460368952935201303e-01
-7.499999999999997780e-01 -7.499999999999997780e-01 5.535749784407936191e-01
-7.499999999999997780e-01 -6.499999999999998002e-01 3.952563747528328730e-01
-7.499999999999997780e-01 -5.499999999999998224e-01 2.882183981835166886e-01
-7.499999999999997780e-01 -4.499999999999998446e-01 2.511792857072843166e-01
-7.499999999999997780e-01 -3.499999999999997558e-01 2.617855618547912377e-01
-7.499999999999997780e-01 -2.499999999999997780e-01 2.542428275713841113e-01
-7.499999999999997780e-01 -1.499999999999998002e-01 2.785387113154668137e-01
-7.499999999999997780e-01 -4.999999999999982236e-02 3.164505861083711236e-01
-7.499999999999997780e-01 5.000000000000015543e-02 3.367099856231174915e-01
-7.499999999999997780e-01 1.500000000000002442e-01 3.169155325016719815e-01
-7.499999999999997780e-01 2.500000000000003331e-01 2.729588790001349907e-01
-7.499999999999997780e-01 3.500000000000001998e-01 2.690882668273011924e-01
-7.499999999999997780e-01 4.500000000000002887e-01 2.620299402779401321e-01
-7.499999999999997780e-01 5.500000000000001554e-01 2.797142558642391474e-01
-7.499999999999997780e-01 6.500000000000002442e-01 3.795359622345256256e-01
-7.499999999999997780e-01 7.500000000000003331e-01 5.766686798223367161e-01
-7.499999999999997780e-01 8.500000000000001998e-01 7.304304555755005701e-01
-7.499999999999997780e-01 9.500000000000002887e-01 8.498959494169460172e-01
-6.499999999999996891e-01 -9.499999999999998446e-01 1.172294757118775621e+00
-6.499999999999996891e-01 -8.499999999999998668e-01 9.891754411501264554e-01
-6.499999999999996891e-01 -7.499999999999997780e-01 7.334182296438814808e-01
-6.499999999999996891e-01 -6.499999999999998002e-01 4.412784940313346227e-01
-6.499999999999996891e-01 -5.499999999999998224e-01 3.148088303686885081e-01
-6.499999999999996891e-01 -4.499999999999998446e-01 2.426887773141373217e-01
-6.499999999999996891e-01 -3.499999999999997558e-01 2.334950025352638958e-01
-6.499999999999996891e-01 -2.499999999999997780e-01 2.330834561200875177e-01
-6.499999999999996891e-01 -1.499999999999998002e-01 2.518707729538431916e-01
-6.499999999999996891e-01 -4.999999999999982236e-02 2.678365025358561136e-01
-6.499999999999996891e-01 5.000000000000015543e-02 2.738715459563150212e-01
-6.499999999999996891e-01 1.500000000000002442e-01 2.605840816069364130e-01
-6.499999999999996891e-01 2.500000000000003331e-01 2.451714117403932802e-01
-6.499999999999996891e-01 3.500000000000001998e-01 2.337420945960831387e-01
-6.499999999999996891e-01 4.500000000000002887e-01 2.395347869396433627e-01
-6.499999999999996891e-01 5.500000000000001554e-01 2.780506316245575094e-01
-6.499999999999996891e-01 6.500000000000002442e-01 4.066257388497006020e-01
-6.499999999999996891e-01 7.500000000000003331e-01 6.113119598052760839e-01
-6.499999999999996891e-01 8.500000000000001998e-01 8.948472434969381162e-01
-6.499999999999996891e-01 9.500000000000002887e-01 1.211132233442625106e+00
-5.499999999999997113e-01 -9.499999999999998446e-01 1.304848856772099941e+00
-5.499999999999997113e-01 -8.499999999999998668e-01 1.089502777375072062e+00
-5.499999999999997113e-01 -7.499999999999997780e-01 8.569296819334399906e-01
-5.499999999999997113e-01 -6.499999999999998002e-01 6.204109865164239013e-01
-5.499999999999997113e-01 -5.499999999999998224e-01 3.770478056242325127e-01
-5.499999999999997113e-01 -4.499999999999998446e-01 2.666503768002119745e-01
-5.499999999999997113e-01 -3.499999999999997558e-01 2.345193459205842934e-01
-5.499999999999997113e-01 -2.499999999999997780e-01 2.301520887508004820e-01
-5.499999999999997113e-01 -1.499999999999998002e-01 2.425968834732735446e-01
-5.499999999999997113e-01 -4.999999999999982236e-02 2.516676143213824601e-01
-5.499999999999997113e-01 5.000000000000015543e-02 2.515975036730032643e-01
-5.499999999999997113e-01 1.500000000000002442e-01 2.413388963184364411e-01
-5.499999999999997113e-01 2.500000000000003331e-01 2.286421476332601843e-01
-5.499999999999997113e-01 3.500000000000001998e-01 2.253008406131801200e-01
-5.499999999999997113e-01 4.500000000000002887e-01 2.492256236506695255e-01
-5.499999999999997113e-01 5.500000000000001554e-01 3.218166622241844244e-01
-5.499999999999997113e-01 6.500000000000002442e-01 4.879588681118312565e-01
-5.499999999999997113e-01 7.500000000000003331e-01 7.658071404593442821e-01
-5.499999999999997113e-01 8.500000000000001998e-01 1.075459565655800809e+00
-5.499999999999997113e-01 9.500000000000002887e-01 1.288588380222312813e+00
-4.499999999999997335e-01 -9.499999999999998446e-01 1.056020751639085598e+00
-4.499999999999997335e-01 -8.499999999999998668e-01 8.691683010089950034e-01
-4.499999999999997335e-01 -7.499999999999997780e-01 6.052823920251710899e-01
-4.499999999999997335e-01 -6.499999999999998002e-01 4.441921875383103013e-01
-4.499999999999997335e-01 -5.499999999999998224e-01 3.085452535180246980e-01
-4.499999999999997335e-01 -4.499999999999998446e-01 2.571937952220618162e-01
-4.499999999999997335e-01 -3.499999999999997558e-01 2.461364240652506308e-01
-4.499999999999997335e-01 -2.499999999999997780e-01 2.648821065928653185e-01
-4.499999999999997335e-01 -1.499999999999998002e-01 3.155895015431387507e-01
-4.499999999999997335e-01 -4.999999999999982236e-02 3.417747337076004199e-01
-4.499999999999997335e-01 5.000000000000015543e-02 3.498326379338850267e-01
-4.499999999999997335e-01 1.500000000000002442e-01 3.235400757908143965e-01
-4.499999999999997335e-01 2.500000000000003331e-01 2.624081017206499888e-01
-4.499999999999997335e-01 3.500000000000001998e-01 2.442652688915500359e-01
-4.499999999999997335e-01 4.500000000000002887e-01 2.380914839979433595e-01
-4.499999999999997335e-01 5.500000000000001554e-01 2.718327527500395968e-01
-4.499999999999997335e-01 6.500000000000002442e-01 3.630159500330836231e-01
-4.499999999999997335e-01 7.500000000000003331e-01 5.396370661398791624e-01
-4.499999999999997335e-01 8.500000000000001998e-01 7.363797414463550961e-01
-4.499999999999997335e-01 9.500000000000002887e-01 9.308148417039859845e-01
-3.499999999999996447e-01 -9.499999999999998446e-01 6.885708515864087387e-01
-3.499999999999996447e-01 -8.499999999999998668e-01 6.729208790381667749e-01
-3.499999999999996447e-01 -7.499999999999997780e-01 5.282402641420455014e-01
-3.499999999999996447e-01 -6.499999999999998002e-01 3.569333616253793084e-01
-3.499999999999996447e-01 -5.499999999999998224e-01 2.866596683298105463e-01
-3.499999999999996447e-01 -4.499999999999998446e-01 2.755047824067817785e-01
-3.499999999999996447e-01 -3.499999999999997558e-01 2.710612844072992633e-01
-3.499999999999996447e-01 -2.499999999999997780e-01 3.339346153297370057e-01
-3.499999999999996447e-01 -1.499999999999998002e-01 3.963133034406506328e-01
-3.499999999999996447e-01 -4.999999999999982236e-02 5.400170810127536969e-01
-3.499999999999996447e-01 5.000000000000015543e-02 5.365515095386382827e-01
-3.499999999999996447e-01 1.500000000000002442e-01 4.040227393531974354e-01
-3.499999999999996447e-01 2.500000000000003331e-01 3.296932267627407653e-01
-3.499999999999996447e-01 3.500000000000001998e-01 2.729731009427492916e-01
-3.499999999999996447e-01 4.500000000000002887e-01 2.564963886721828290e-01
-3.499999999999996447e-01 5.500000000000001554e-01 2.565097378786693749e-01
-3.499999999999996447e-01 6.500000000000002442e-01 3.008437586718298307e-01
-3.499999999999996447e-01 7.500000000000003331e-01 3.777392104134646988e-01
-3.499999999999996447e-01 8.500000000000001998e-01 5.569321085013537731e-01
-3.499999999999996447e-01 9.500000000000002887e-01 7.253274992710830871e-01
-2.499999999999996669e-01 -9.499999999999998446e-01 6.338055962610518179e-01
-2.499999999999996669e-01 -8.499999999999998668e-01 5.073687428875501837e-01
-2.499999999999996669e-01 -7.499999999999997780e-01 3.991179049564512193e-01
-2.499999999999996669e-01 -6.499999999999998002e-01 3.524489792645072450e-01
-2.499999999999996669e-01 -5.499999999999998224e-01 2.752333294874738656e-01
-2.499999999999996669e-01 -4.499999999999998446e-01 2.760970351508080789e-01
-2.499999999999996669e-01 -3.499999999999997558e-01 3.299112101960492427e-01
-2.499999999999996669e-01 -2.499999999999997780e-01 4.971915160157246438e-01
-2.499999999999996669e-01 -1.499999999999998002e-01 6.862976312177693217e-01
-2.499999999999996669e-01 -4.999999999999982236e-02 7.903462562292330462e-01
-2.499999999999996669e-01 5.000000000000015543e-02 7.155368907623085306e-01
-2.499999999999996669e-01 1.500000000000002442e-01 6.970971402717693888e-01
-2.499999999999996669e-01 2.500000000000003331e-01 5.175582686484057060e-01
-2.499999999999996669e-01 3.500000000000001998e-01 3.408306513351913036e-01
-2.499999999999996669e-01 4.500000000000002887e-01 2.746303963674338044e-01
-2.499999999999996669e-01 5.500000000000001554e-01 2.584751922988670625e-01
-2.499999999999996669e-01 6.500000000000002442e-01 2.770505050795080138e-01
-2.499999999999996669e-01 7.500000000000003331e-01 3.592960831188881099e-01
-2.499999999999996669e-01 8.500000000000001998e-01 4.275221529845625867e-01
-2.499999999999996669e-01 9.500000000000002887e-01 5.868925310570357601e-01
-1.499999999999996891e-01 -9.499999999999998446e-01 3.367099856231174915e-01
-1.499999999999996891e-01 -8.499999999999998668e-01 3.169155325016719815e-01
-1.499999999999996891e-01 -7.499999999999997780e-01 2.729588790001349907e-01
-1.499999999999996891e-01 -6.499999999999998002e-01 2.501709816636527028e-01
-1.499999999999996891e-01 -5.499999999999998224e-01 2.609279931867773961e-01
-1.499999999999996891e-01 -4.499999999999998446e-01 3.323438710256431117e-01
-1.499999999999996891e-01 -3.499999999999997558e-01 4.686392565058490334e-01
-1.499999999999996891e-01 -2.499999999999997780e-01 6.960634236975304923e-01
-1.499999999999996891e-01 -1.499999999999998002e-01 8.180464019919617691e-01
-1.499999999999996891e-01 -4.999999999999982236e-02 9.970726407429393312e-01
-1.499999999999996891e-01 5.000000000000015543e-02 1.132096316977548200e+00
-1.499999999999996891e-01 1.500000000000002442e-01 9.887161654884674133e-01
-1.499999999999996891e-01 2.500000000000003331e-01 6.482946594897136539e-01
-1.499999999999996891e-01 3.500000000000001998e-01 5.005810085848199087e-01
-1.499999999999996891e-01 4.500000000000002887e-01 3.534334416622113562e-01
-1.499999999999996891e-01 5.500000000000001554e-01 2.630415454101264205e-01
-1.499999999999996891e-01 6.500000000000002442e-01 2.464909663831595932e-01
-1.499999999999996891e-01 7.500000000000003331e-01 2.542428275713841113e-01
-1.499999999999996891e-01 8.500000000000001998e-01 2.785387113154668137e-01
-1.499999999999996891e-01 9.500000000000002887e-01 3.164505861083711236e-01
-4.999999999999971134e-02 -9.499999999999998446e-01 2.500241504856782204e-01
-4.999999999999971134e-02 -8.499999999999998668e-01 2.406619648000966616e-01
-4.999999999999971134e-02 -7.499999999999997780e-01 2.281826569466650079e-01
-4.999999999999971134e-02 -6.499999999999998002e-01 2.270748853859007599e-01
-4.999999999999971134e-02 -5.499999999999998224e-01 2.395347869396433627e-01
-4.999999999999971134e-02 -4.499999999999998446e-01 2.780506316245575094e-01
-4.999999999999971134e-02 -3.499999999999997558e-01 4.066257388497006020e-01
-4.999999999999971134e-02 -2.499999999999997780e-01 6.113119598052760839e-01
-4.999999999999971134e-02 -1.499999999999998002e-01 8.948472434969381162e-01
-4.999999999999971134e-02 -4.999999999999982236e-02 1.211132233442625106e+00
-4.999999999999971134e-02 5.000000000000015543e-02 1.172294757118775621e+00
-4.999999999999971134e-02 1.500000000000002442e-01 9.891754411501264554e-01
-4.999999999999971134e-02 2.500000000000003331e-01 7.334182296438814808e-01
-4.999999999999971134e-02 3.500000000000001998e-01 4.412784940313346227e-01
-4.999999999999971134e-02 4.500000000000002887e-01 3.148088303686885081e-01
-4.999999999999971134e-02 5.500000000000001554e-01 2.426887773141373217e-01
-4.999999999999971134e-02 6.500000000000002442e-01 2.316495744653602196e-01
-4.999999999999971134e-02 7.500000000000003331e-01 2.295991358321654019e-01
-4.999999999999971134e-02 8.500000000000001998e-01 2.375472267600628740e-01
-4.999999999999971134e-02 9.500000000000002887e-01 2.495175621522297549e-01
5.000000000000026645e-02 -9.499999999999998446e-01 2.515975036730032643e-01
5.000000000000026645e-02 -8.499999999999998668e-01 2.413388963184364411e-01
5.000000000000026645e-02 -7.499999999999997780e-01 2.286421476332601843e-01
5.000000000000026645e-02 -6.499999999999998002e-01 2.253008406131801200e-01
5.000000000000026645e-02 -5.499999999999998224e-01 2.355914544493817875e-01
5.000000000000026645e-02 -4.499999999999998446e-01 2.735323279509362937e-01
5.000000000000026645e-02 -3.499999999999997558e-01 3.810818686154140988e-01
5.000000000000026645e-02 -2.499999999999997780e-01 5.960391893454416445e-01
5.000000000000026645e-02 -1.499999999999998002e-01 8.949945511175685375e-01
5.000000000000026645e-02 -4.999999999999982236e-02 1.039736727289886087e+00
5.000000000000026645e-02 5.000000000000015543e-02 1.049025228319531600e+00
5.000000000000026645e-02 1.500000000000002442e-01 9.877833612917871209e-01
5.000000000000026645e-02 2.500000000000003331e-01 7.284087265565091229e-01
5.000000000000026645e-02 3.500000000000001998e-01 4.332620953192805047e-01
5.000000000000026645e-02 4.500000000000002887e-01 3.190228178805561421e-01
5.000000000000026645e-02 5.500000000000001554e-01 2.471095461953710104e-01
5.000000000000026645e-02 6.500000000000002442e-01 2.345193459205842934e-01
5.000000000000026645e-02 7.500000000000003331e-01 2.301520887508004820e-01
5.000000000000026645e-02 8.500000000000001998e-01 2.425968834732735446e-01
5.000000000000026645e-02 9.500000000000002887e-01 2.516676143213824601e-01
1.500000000000003553e-01 -9.499999999999998446e-01 3.498326379338850267e-01
1.500000000000003553e-01 -8.499999999999998668e-01 3.235400757908143965e-01
1.500000000000003553e-01 -7.499999999999997780e-01 2.669085074060821294e-01
1.500000000000003553e-01 -6.499999999999998002e-01 2.432946787956823120e-01
1.500000000000003553e-01 -5.499999999999998224e-01 2.544577037690739507e-01
1.500000000000003553e-01 -4.499999999999998446e-01 2.948817885589549714e-01
1.500000000000003553e-01 -3.499999999999997558e-01 4.143574355829021116e-01
1.500000000000003553e-01 -2.499999999999997780e-01 6.059261664842037209e-01
1.500000000000003553e-01 -1.499999999999998002e-01 7.427983334680192673e-01
1.500000000000003553e-01 -4.999999999999982236e-02 9.308148417039859845e-01
1.500000000000003553e-01 5.000000000000015543e-02 1.056020751639085598e+00
1.500000000000003553e-01 1.500000000000002442e-01 9.728867074626660338e-01
1.500000000000003553e-01 2.500000000000003331e-01 6.528881315921020168e-01
1.500000000000003553e-01 3.500000000000001998e-01 5.092215505141591825e-01
1.500000000000003553e-01 4.500000000000002887e-01 3.608546948290646261e-01
1.500000000000003553e-01 5.500000000000001554e-01 2.695828383950305551e-01
1.500000000000003553e-01 6.500000000000002442e-01 2.593300469392466057e-01
1.500000000000003553e-01 7.500000000000003331e-01 2.651316725801724505e-01
1.500000000000003553e-01 8.500000000000001998e-01 3.155895015431387507e-01
1.500000000000003553e-01 9.500000000000002887e-01 3.417747337076004199e-01
2.500000000000004441e-01 -9.499999999999998446e-01 7.045900560252252864e-01
2.500000000000004441e-01 -8.499999999999998668e-01 5.190404169698055181e-01
2.500000000000004441e-01 -7.499999999999997780e-01 3.991947544242016033e-01
2.500000000000004441e-01 -6.499999999999998002e-01 3.493931016131931466e-01
2.500000000000004441e-01 -5.499999999999998224e-01 2.693747873205761811e-01
2.500000000000004441e-01 -4.499999999999998446e-01 2.565097378786693749e-01
2.500000000000004441e-01 -3.499999999999997558e-01 3.008437586718298307e-01
2.500000000000004441e-01 -2.499999999999997780e-01 3.777392104134646988e-01
2.500000000000004441e-01 -1.499999999999998002e-01 5.569321085013537731e-01
2.500000000000004441e-01 -4.999999999999982236e-02 7.253274992710830871e-01
2.500000000000004441e-01 5.000000000000015543e-02 6.885708515864087387e-01
2.500000000000004441e-01 1.500000000000002442e-01 6.729208790381667749e-01
2.500000000000004441e-01 2.500000000000003331e-01 5.282402641420455014e-01
2.500000000000004441e-01 3.500000000000001998e-01 3.569333616253793084e-01
2.500000000000004441e-01 4.500000000000002887e-01 2.866596683298105463e-01
2.500000000000004441e-01 5.500000000000001554e-01 2.683651931476302988e-01
2.500000000000004441e-01 6.500000000000002442e-01 3.257365677923683700e-01
2.500000000000004441e-01 7.500000000000003331e-01 4.091893692609022692e-01
2.500000000000004441e-01 8.500000000000001998e-01 5.790217176873962979e-01
2.500000000000004441e-01 9.500000000000002887e-01 7.535254398621117344e-01
3.500000000000003109e-01 -9.499999999999998446e-01 7.155368907623085306e-01
3.500000000000003109e-01 -8.499999999999998668e-01 6.970971402717693888e-01
3.500000000000003109e-01 -7.499999999999997780e-01 5.175582686484057060e-01
3.500000000000003109e-01 -6.499999999999998002e-01 3.408306513351913036e-01
3.500000000000003109e-01 -5.499999999999998224e-01 2.746303963674338044e-01
3.500000000000003109e-01 -4.499999999999998446e-01 2.642788613918171103e-01
3.500000000000003109e-01 -3.499999999999997558e-01 2.594582404589177438e-01
3.500000000000003109e-01 -2.499999999999997780e-01 2.836789414456504232e-01
3.500000000000003109e-01 -1.499999999999998002e-01 3.509423114782019848e-01
3.500000000000003109e-01 -4.999999999999982236e-02 3.915874267948614706e-01
3.500000000000003109e-01 5.000000000000015543e-02 4.568963174532471583e-01
3.500000000000003109e-01 1.500000000000002442e-01 3.983178216532070604e-01
3.500000000000003109e-01 2.500000000000003331e-01 3.324394415142344905e-01
3.500000000000003109e-01 3.500000000000001998e-01 2.768407444837037712e-01
3.500000000000003109e-01 4.500000000000002887e-01 2.703058719240946095e-01
3.500000000000003109e-01 5.500000000000001554e-01 2.760970351508080789e-01
3.500000000000003109e-01 6.500000000000002442e-01 3.299112101960492427e-01
3.500000000000003109e-01 7.500000000000003331e-01 4.971915160157246438e-01
3.500000000000003109e-01 8.500000000000001998e-01 6.862976312177693217e-01
3.500000000000003109e-01 9.500000000000002887e-01 7.903462562292330462e-01
4.500000000000003997e-01 -9.499999999999998446e-01 1.132096316977548200e+00
4.500000000000003997e-01 -8.499999999999998668e-01 9.014677805193602733e-01
4.500000000000003997e-01 -7.499999999999997780e-01 5.950955816737009130e-01
4.500000000000003997e-01 -6.499999999999998002e-01 4.360337849386977105e-01
4.500000000000003997e-01 -5.499999999999998224e-01 3.018326833161097400e-01
4.500000000000003997e-01 -4.499999999999998446e-01 2.522729495770710817e-01
4.500000000000003997e-01 -3.499999999999997558e-01 2.341404569656509727e-01
4.500000000000003997e-01 -2.499999999999997780e-01 2.538318082577804002e-01
4.500000000000003997e-01 -1.499999999999998002e-01 2.785387113154668137e-01
4.500000000000003997e-01 -4.999999999999982236e-02 3.164505861083711236e-01
4.500000000000003997e-01 5.000000000000015543e-02 3.367099856231174915e-01
4.500000000000003997e-01 1.500000000000002442e-01 3.169155325016719815e-01
4.500000000000003997e-01 2.500000000000003331e-01 2.652982248526343234e-01
4.500000000000003997e-01 3.500000000000001998e-01 2.511968814440404540e-01
4.500000000000003997e-01 4.500000000000002887e-01 2.393779989207305836e-01
4.500000000000003997e-01 5.500000000000001554e-01 2.924063409040936756e-01
4.500000000000003997e-01 6.500000000000002442e-01 3.944975978564259633e-01
4.500000000000003997e-01 7.500000000000003331e-01 5.949677880116935880e-01
4.500000000000003997e-01 8.500000000000001998e-01 8.014525441831470420e-01
4.500000000000003997e-01 9.500000000000002887e-01 9.970726407429393312e-01
5.500000000000002665e-01 -9.499999999999998446e-01 1.304848856772099941e+00
5.500000000000002665e-01 -8.499999999999998668e-01 1.084580157948028978e+00
5.500000000000002665e-01 -7.499999999999997780e-01 8.544399817849704926e-01
5.500000000000002665e-01 -6.499999999999998002e-01 6.328279351055572377e-01
5.500000000000002665e-01 -5.499999999999998224e-01 3.806038681345508823e-01
5.500000000000002665e-01 -4.499999999999998446e-01 2.639308903826727559e-01
5.500000000000002665e-01 -3.499999999999997558e-01 2.316495744653602196e-01
5.500000000000002665e-01 -2.499999999999997780e-01 2.295991358321654019e-01
5.500000000000002665e-01 -1.499999999999998002e-01 2.375472267600628740e-01
5.500000000000002665e-01 -4.999999999999982236e-02 2.495175621522297549e-01
5.500000000000002665e-01 5.000000000000015543e-02 2.500241504856782204e-01
5.500000000000002665e-01 1.500000000000002442e-01 2.406619648000966616e-01
5.500000000000002665e-01 2.500000000000003331e-01 2.281826569466650079e-01
5.500000000000002665e-01 3.500000000000001998e-01 2.270748853859007599e-01
5.500000000000002665e-01 4.500000000000002887e-01 2.512980601840968942e-01
5.500000000000002665e-01 5.500000000000001554e-01 3.296196322456168559e-01
5.500000000000002665e-01 6.500000000000002442e-01 5.011641510227033969e-01
5.500000000000002665e-01 7.500000000000003331e-01 7.540592024202282806e-01
5.500000000000002665e-01 8.500000000000001998e-01 1.121533304093982553e+00
5.500000000000002665e-01 9.500000000000002887e-01 1.288588380222312813e+00
6.500000000000003553e-01 -9.499999999999998446e-01 1.049025228319531600e+00
6.500000000000003553e-01 -8.499999999999998668e-01 9.877833612917871209e-01
6.500000000000003553e-01 -7.499999999999997780e-01 7.284087265565091229e-01
6.500000000000003553e-01 -6.499999999999998002e-01 4.332620953192805047e-01
6.500000000000003553e-01 -5.499999999999998224e-01 3.190228178805561421e-01
6.500000000000003553e-01 -4.499999999999998446e-01 2.471095461953710104e-01
6.500000000000003553e-01 -3.499999999999997558e-01 2.373976936772945467e-01
6.500000000000003553e-01 -2.499999999999997780e-01 2.443507934039963192e-01
6.500000000000003553e-01 -1.499999999999998002e-01 2.598109186742286192e-01
6.500000000000003553e-01 -4.999999999999982236e-02 2.798290170714767822e-01
6.500000000000003553e-01 5.000000000000015543e-02 2.813495519453383942e-01
6.500000000000003553e-01 1.500000000000002442e-01 2.600794165869804164e-01
6.500000000000003553e-01 2.500000000000003331e-01 2.402892815076210220e-01
6.500000000000003553e-01 3.500000000000001998e-01 2.334282449101839352e-01
6.500000000000003553e-01 4.500000000000002887e-01 2.355914544493817875e-01
6.500000000000003553e-01 5.500000000000001554e-01 2.735323279509362937e-01
6.500000000000003553e-01 6.500000000000002442e-01 3.810818686154140988e-01
6.500000000000003553e-01 7.500000000000003331e-01 5.960391893454416445e-01
6.500000000000003553e-01 8.500000000000001998e-01 8.949945511175685375e-01
6.500000000000003553e-01 9.500000000000002887e-01 1.039736727289886087e+00
7.500000000000004441e-01 -9.499999999999998446e-01 9.488297777438395864e-01
7.500000000000004441e-01 -8.499999999999998668e-01 7.649761181998914195e-01
7.500000000000004441e-01 -7.499999999999997780e-01 5.582770555896625631e-01
7.500000000000004441e-01 -6.499999999999998002e-01 4.050595108264067878e-01
7.500000000000004441e-01 -5.499999999999998224e-01 2.944763510345221880e-01
7.500000000000004441e-01 -4.499999999999998446e-01 2.641261415813288549e-01
7.500000000000004441e-01 -3.499999999999997558e-01 2.734211119032522452e-01
7.500000000000004441e-01 -2.499999999999997780e-01 2.651316725801724505e-01
7.500000000000004441e-01 -1.499999999999998002e-01 3.155895015431387507e-01
7.500000000000004441e-01 -4.999999999999982236e-02 3.417747337076004199e-01
7.500000000000004441e-01 5.000000000000015543e-02 3.498326379338850267e-01
7.500000000000004441e-01 1.500000000000002442e-01 3.235400757908143965e-01
7.500000000000004441e-01 2.500000000000003331e-01 2.669085074060821294e-01
7.500000000000004441e-01 3.500000000000001998e-01 2.635336856661981142e-01
7.500000000000004441e-01 4.500000000000002887e-01 2.540130410535419436e-01
7.500000000000004441e-01 5.500000000000001554e-01 2.678419677477360539e-01
7.500000000000004441e-01 6.500000000000002442e-01 3.196804736986089135e-01
7.500000000000004441e-01 7.500000000000003331e-01 4.681062194607351068e-01
7.500000000000004441e-01 8.500000000000001998e-01 6.482675522630865217e-01
7.500000000000004441e-01 9.500000000000002887e-01 7.804418156654406857e-01
8.500000000000003109e-01 -9.499999999999998446e-01 6.959699310877985878e-01
8.500000000000003109e-01 -8.499999999999998668e-01 6.233973254076616843e-01
8.500000000000003109e-01 -7.499999999999997780e-01 5.439030804174627143e-01
8.500000000000003109e-01 -6.499999999999998002e-01 4.154544923428885039e-01
8.500000000000003109e-01 -5.499999999999998224e-01 3.078328049947164358e-01
8.500000000000003109e-01 -4.499999999999998446e-01 2.660886538282485891e-01
8.500000000000003109e-01 -3.499999999999997558e-01 3.078975040991028256e-01
8.500000000000003109e-01 -2.499999999999997780e-01 3.950274118554467639e-01
8.500000000000003109e-01 -1.499999999999998002e-01 5.790217176873962979e-01
8.500000000000003109e-01 -4.999999999999982236e-02 7.535254398621117344e-01
8.500000000000003109e-01 5.000000000000015543e-02 7.045900560252252864e-01
8.500000000000003109e-01 1.500000000000002442e-01 5.190404169698055181e-01
8.500000000000003109e-01 2.500000000000003331e-01 4.302300966539044924e-01
8.500000000000003109e-01 3.500000000000001998e-01 3.302166959058506213e-01
8.500000000000003109e-01 4.500000000000002887e-01 2.596831235726286269e-01
8.500000000000003109e-01 5.500000000000001554e-01 2.617361602003048793e-01
8.500000000000003109e-01 6.500000000000002442e-01 3.229125061553567155e-01
8.500000000000003109e-01 7.500000000000003331e-01 4.115692647492892320e-01
8.500000000000003109e-01 8.500000000000001998e-01 5.880678679631446970e-01
8.500000000000003109e-01 9.500000000000002887e-01 6.959699310877985878e-01
9.500000000000003997e-01 -9.499999999999998446e-01 4.568963174532471583e-01
9.500000000000003997e-01 -8.499999999999998668e-01 3.983178216532070604e-01
9.500000000000003997e-01 -7.499999999999997780e-01 3.324394415142344905e-01
9.500000000000003997e-01 -6.499999999999998002e-01 2.768407444837037712e-01
9.500000000000003997e-01 -5.499999999999998224e-01 2.703058719240946095e-01
9.500000000000003997e-01 -4.499999999999998446e-01 2.990422080333039467e-01
9.500000000000003997e-01 -3.499999999999997558e-01 4.504033214653632156e-01
9.500000000000003997e-01 -2.499999999999997780e-01 5.766686798223367161e-01
9.500000000000003997e-01 -1.499999999999998002e-01 7.304304555755005701e-01
9.500000000000003997e-01 -4.999999999999982236e-02 8.498959494169460172e-01
9.500000000000003997e-01 5.000000000000015543e-02 9.839380156973176472e-01
9.500000000000003997e-01 1.500000000000002442e-01 7.460368952935201303e-01
9.500000000000003997e-01 2.500000000000003331e-01 5.535749784407936191e-01
9.500000000000003997e-01 3.500000000000001998e-01 4.383297577212099116e-01
9.500000000000003997e-01 4.500000000000002887e-01 3.077671998813678034e-01
9.500000000000003997e-01 5.500000000000001554e-01 2.642788613918171103e-01
9.500000000000003997e-01 6.500000000000002442e-01 2.594582404589177438e-01
9.500000000000003997e-01 7.500000000000003331e-01 2.836789414456504232e-01
9.500000000000003997e-01 8.500000000000001998e-01 3.509423114782019848e-01
9.500000000000003997e-01 9.500000000000002887e-01 3.915874267948614706e-01
