-9.499999999999997335e-01 -9.499999999999998446e-01 5.042241265896241220e-01
-9.499999999999997335e-01 -8.499999999999998668e-01 5.207019966994130833e-01
-9.499999999999997335e-01 -7.499999999999997780e-01 5.271431501387993102e-01
-9.499999999999997335e-01 -6.499999999999998002e-01 5.710502389722162953e-01
-9.499999999999997335e-01 -5.499999999999998224e-01 6.258800770845989181e-01
-9.499999999999997335e-01 -4.499999999999998446e-01 5.573741910359802931e-01
-9.499999999999997335e-01 -3.499999999999997558e-01 5.246416818049963737e-01
-9.499999999999997335e-01 -2.499999999999997780e-01 5.033373608529110310e-01
-9.499999999999997335e-01 -1.499999999999998002e-01 5.571031392085911138e-01
-9.499999999999997335e-01 -4.999999999999982236e-02 6.794351164823615452e-01
-9.499999999999997335e-01 5.000000000000015543e-02 6.385365330639859449e-01
-9.499999999999997335e-01 1.500000000000002442e-01 6.535371316428588706e-01
-9.499999999999997335e-01 2.500000000000003331e-01 6.098278547158386687e-01
-9.499999999999997335e-01 3.500000000000001998e-01 5.424700854221522484e-01
-9.499999999999997335e-01 4.500000000000002887e-01 5.679524947495490084e-01
-9.499999999999997335e-01 5.500000000000001554e-01 6.280781166910959223e-01
-9.499999999999997335e-01 6.500000000000002442e-01 6.363022244953502327e-01
-9.499999999999997335e-01 7.500000000000003331e-01 5.287415611527288561e-01
-9.499999999999997335e-01 8.500000000000001998e-01 4.903953817260732762e-01
-9.499999999999997335e-01 9.500000000000002887e-01 4.721349172780977543e-01
-8.499999999999997558e-01 -9.499999999999998446e-01 5.575552499207030444e-01
-8.499999999999997558e-01 -8.499999999999998668e-01 5.385177606883345680e-01
-8.499999999999997558e-01 -7.499999999999997780e-01 5.263563036368688053e-01
-8.499999999999997558e-01 -6.499999999999998002e-01 5.187463009873480857e-01
-8.499999999999997558e-01 -5.499999999999998224e-01 5.779663865876227824e-01
-8.499999999999997558e-01 -4.499999999999998446e-01 6.808514869290632765e-01
-8.499999999999997558e-01 -3.499999999999997558e-01 5.944495177736257574e-01
-8.499999999999997558e-01 -2.499999999999997780e-01 5.034589864676717319e-01
-8.499999999999997558e-01 -1.499999999999998002e-01 5.507435144668947347e-01
-8.499999999999997558e-01 -4.999999999999982236e-02 5.935398939953124842e-01
-8.499999999999997558e-01 5.000000000000015543e-02 5.725231055865476204e-01
-8.499999999999997558e-01 1.500000000000002442e-01 5.294915398932648065e-01
-8.499999999999997558e-01 2.500000000000003331e-01 5.415932806418747303e-01
-8.499999999999997558e-01 3.500000000000001998e-01 5.675189769664382711e-01
-8.499999999999997558e-01 4.500000000000002887e-01 7.015374289018481146e-01
-8.499999999999997558e-01 5.500000000000001554e-01 6.219967055721399296e-01
-8.499999999999997558e-01 6.500000000000002442e-01 5.207297055233958138e-01
-8.499999999999997558e-01 7.500000000000003331e-01 5.327307285989211216e-01
-8.499999999999997558e-01 8.500000000000001998e-01 5.314405410494988935e-01
-8.499999999999997558e-01 9.500000000000002887e-01 5.575552499207030444e-01
-7.499999999999997780e-01 -9.499999999999998446e-01 6.131996793133266399e-01
-7.499999999999997780e-01 -8.499999999999998668e-01 5.991360760240563854e-01
-7.499999999999997780e-01 -7.499999999999997780e-01 5.707754662917333688e-01
-7.499999999999997780e-01 -6.499999999999998002e-01 5.021627686888580078e-01
-7.499999999999997780e-01 -5.499999999999998224e-01 5.491867537093149121e-01
-7.499999999999997780e-01 -4.499999999999998446e-01 6.330400514865047734e-01
-7.499999999999997780e-01 -3.499999999999997558e-01 5.827753533034152333e-01
-7.499999999999997780e-01 -2.499999999999997780e-01 5.223201953420766319e-01
-7.499999999999997780e-01 -1.499999999999998002e-01 5.137958314788185765e-01
-7.499999999999997780e-01 -4.999999999999982236e-02 4.841369975506253920e-01
-7.499999999999997780e-01 5.000000000000015543e-02 4.912655464555277240e-01
-7.499999999999997780e-01 1.500000000000002442e-01 5.240419939348764933e-01
-7.499999999999997780e-01 2.500000000000003331e-01 4.940631677149228684e-01
-7.499999999999997780e-01 3.500000000000001998e-01 5.343020253178388801e-01
-7.499999999999997780e-01 4.500000000000002887e-01 6.057337430130061984e-01
-7.499999999999997780e-01 5.500000000000001554e-01 5.690545466868378588e-01
-7.499999999999997780e-01 6.500000000000002442e-01 5.395183483427024029e-01
-7.499999999999997780e-01 7.500000000000003331e-01 4.995411560943396334e-01
-7.499999999999997780e-01 8.500000000000001998e-01 5.991640050494687619e-01
-7.499999999999997780e-01 9.500000000000002887e-01 6.381533944495667576e-01
-6.499999999999996891e-01 -9.499999999999998446e-01 8.269306032139539520e-01
-6.499999999999996891e-01 -8.499999999999998668e-01 6.920845860724996745e-01
-6.499999999999996891e-01 -7.499999999999997780e-01 5.541099010707095651e-01
-6.499999999999996891e-01 -6.499999999999998002e-01 5.106625494720266056e-01
-6.499999999999996891e-01 -5.499999999999998224e-01 5.441542154002769749e-01
-6.499999999999996891e-01 -4.499999999999998446e-01 5.678558263333244316e-01
-6.499999999999996891e-01 -3.499999999999997558e-01 6.650627604420878969e-01
-6.499999999999996891e-01 -2.499999999999997780e-01 5.746243136991747713e-01
-6.499999999999996891e-01 -1.499999999999998002e-01 4.928894381878174413e-01
-6.499999999999996891e-01 -4.999999999999982236e-02 5.101512265147489789e-01
-6.499999999999996891e-01 5.000000000000015543e-02 5.174945597359532634e-01
-6.499999999999996891e-01 1.500000000000002442e-01 5.064738218920826762e-01
-6.499999999999996891e-01 2.500000000000003331e-01 5.616254099803188460e-01
-6.499999999999996891e-01 3.500000000000001998e-01 6.508843025652178982e-01
-6.499999999999996891e-01 4.500000000000002887e-01 5.993140199415620817e-01
-6.499999999999996891e-01 5.500000000000001554e-01 4.995257084916897572e-01
-6.499999999999996891e-01 6.500000000000002442e-01 4.867123427480192777e-01
-6.499999999999996891e-01 7.500000000000003331e-01 5.170953287104943508e-01
-6.499999999999996891e-01 8.500000000000001998e-01 6.171838315715448831e-01
-6.499999999999996891e-01 9.500000000000002887e-01 7.774319426712925640e-01
-5.499999999999997113e-01 -9.499999999999998446e-01 1.046214483297583264e+00
-5.499999999999997113e-01 -8.499999999999998668e-01 8.516548670199910465e-01
-5.499999999999997113e-01 -7.499999999999997780e-01 6.462907953827178309e-01
-5.499999999999997113e-01 -6.499999999999998002e-01 5.502221211819463553e-01
-5.499999999999997113e-01 -5.499999999999998224e-01 5.283201452423235134e-01
-5.499999999999997113e-01 -4.499999999999998446e-01 6.013140431489261140e-01
-5.499999999999997113e-01 -3.499999999999997558e-01 5.506464860635444936e-01
-5.499999999999997113e-01 -2.499999999999997780e-01 5.414339070534607279e-01
-5.499999999999997113e-01 -1.499999999999998002e-01 5.190472803226310328e-01
-5.499999999999997113e-01 -4.999999999999982236e-02 5.681647672836880325e-01
-5.499999999999997113e-01 5.000000000000015543e-02 5.669820044527060787e-01
-5.499999999999997113e-01 1.500000000000002442e-01 5.517819621426602872e-01
-5.499999999999997113e-01 2.500000000000003331e-01 5.494369489274071316e-01
-5.499999999999997113e-01 3.500000000000001998e-01 5.289514927710546877e-01
-5.499999999999997113e-01 4.500000000000002887e-01 5.085636989764898974e-01
-5.499999999999997113e-01 5.500000000000001554e-01 4.802865533843903578e-01
-5.499999999999997113e-01 6.500000000000002442e-01 4.868910339081465311e-01
-5.499999999999997113e-01 7.500000000000003331e-01 5.510391067929846232e-01
-5.499999999999997113e-01 8.500000000000001998e-01 6.954582411506459172e-01
-5.499999999999997113e-01 9.500000000000002887e-01 9.329574855415586621e-01
-4.499999999999997335e-01 -9.499999999999998446e-01 7.770155975886734456e-01
-4.499999999999997335e-01 -8.499999999999998668e-01 7.038770166103163195e-01
-4.499999999999997335e-01 -7.499999999999997780e-01 5.636323571981527447e-01
-4.499999999999997335e-01 -6.499999999999998002e-01 6.098372535743369349e-01
-4.499999999999997335e-01 -5.499999999999998224e-01 6.094751932027208108e-01
-4.499999999999997335e-01 -4.499999999999998446e-01 6.352482902918413776e-01
-4.499999999999997335e-01 -3.499999999999997558e-01 5.577814302408760083e-01
-4.499999999999997335e-01 -2.499999999999997780e-01 4.731527029508192372e-01
-4.499999999999997335e-01 -1.499999999999998002e-01 4.682580619690998036e-01
-4.499999999999997335e-01 -4.999999999999982236e-02 4.394020911567415033e-01
-4.499999999999997335e-01 5.000000000000015543e-02 4.707736546380914544e-01
-4.499999999999997335e-01 1.500000000000002442e-01 5.300821278702394501e-01
-4.499999999999997335e-01 2.500000000000003331e-01 5.385369273521287692e-01
-4.499999999999997335e-01 3.500000000000001998e-01 5.518486328273395358e-01
-4.499999999999997335e-01 4.500000000000002887e-01 5.817246066579754293e-01
-4.499999999999997335e-01 5.500000000000001554e-01 5.345852075014925209e-01
-4.499999999999997335e-01 6.500000000000002442e-01 5.027534500040300447e-01
-4.499999999999997335e-01 7.500000000000003331e-01 5.038989884370107530e-01
-4.499999999999997335e-01 8.500000000000001998e-01 6.009501383663993224e-01
-4.499999999999997335e-01 9.500000000000002887e-01 6.668354545627266372e-01
-3.499999999999996447e-01 -9.499999999999998446e-01 5.803418960466637522e-01
-3.499999999999996447e-01 -8.499999999999998668e-01 5.901285635384425632e-01
-3.499999999999996447e-01 -7.499999999999997780e-01 5.595715468612671994e-01
-3.499999999999996447e-01 -6.499999999999998002e-01 5.331195557094907667e-01
-3.499999999999996447e-01 -5.499999999999998224e-01 6.277455184322414672e-01
-3.499999999999996447e-01 -4.499999999999998446e-01 6.280781166910959223e-01
-3.499999999999996447e-01 -3.499999999999997558e-01 6.363022244953502327e-01
-3.499999999999996447e-01 -2.499999999999997780e-01 5.287415611527288561e-01
-3.499999999999996447e-01 -1.499999999999998002e-01 4.903953817260732762e-01
-3.499999999999996447e-01 -4.999999999999982236e-02 4.721349172780977543e-01
-3.499999999999996447e-01 5.000000000000015543e-02 5.042241265896241220e-01
-3.499999999999996447e-01 1.500000000000002442e-01 5.207019966994130833e-01
-3.499999999999996447e-01 2.500000000000003331e-01 5.271431501387993102e-01
-3.499999999999996447e-01 3.500000000000001998e-01 5.710502389722162953e-01
-3.499999999999996447e-01 4.500000000000002887e-01 6.258800770845989181e-01
-3.499999999999996447e-01 5.500000000000001554e-01 6.439625957272920864e-01
-3.499999999999996447e-01 6.500000000000002442e-01 5.311360219423584272e-01
-3.499999999999996447e-01 7.500000000000003331e-01 5.367257801298763731e-01
-3.499999999999996447e-01 8.500000000000001998e-01 5.769034330833533453e-01
-3.499999999999996447e-01 9.500000000000002887e-01 6.006728849471512088e-01
-2.499999999999996669e-01 -9.499999999999998446e-01 5.725231055865476204e-01
-2.499999999999996669e-01 -8.499999999999998668e-01 5.294915398932648065e-01
-2.499999999999996669e-01 -7.499999999999997780e-01 5.465825426899857398e-01
-2.499999999999996669e-01 -6.499999999999998002e-01 5.421252126858112641e-01
-2.499999999999996669e-01 -5.499999999999998224e-01 6.247727700629052139e-01
-2.499999999999996669e-01 -4.499999999999998446e-01 6.707311204842046903e-01
-2.499999999999996669e-01 -3.499999999999997558e-01 5.236212693870591073e-01
-2.499999999999996669e-01 -2.499999999999997780e-01 5.474569231106528600e-01
-2.499999999999996669e-01 -1.499999999999998002e-01 5.641208727086705066e-01
-2.499999999999996669e-01 -4.999999999999982236e-02 5.411176882099788532e-01
-2.499999999999996669e-01 5.000000000000015543e-02 5.623429569878792833e-01
-2.499999999999996669e-01 1.500000000000002442e-01 5.680996294450622042e-01
-2.499999999999996669e-01 2.500000000000003331e-01 5.318861416208358062e-01
-2.499999999999996669e-01 3.500000000000001998e-01 5.189806919435784316e-01
-2.499999999999996669e-01 4.500000000000002887e-01 5.884446037245473216e-01
-2.499999999999996669e-01 5.500000000000001554e-01 6.603130212541538091e-01
-2.499999999999996669e-01 6.500000000000002442e-01 5.678942347637755406e-01
-2.499999999999996669e-01 7.500000000000003331e-01 5.180614859681740292e-01
-2.499999999999996669e-01 8.500000000000001998e-01 5.507435144668947347e-01
-2.499999999999996669e-01 9.500000000000002887e-01 5.935398939953124842e-01
-1.499999999999996891e-01 -9.499999999999998446e-01 4.912655464555277240e-01
-1.499999999999996891e-01 -8.499999999999998668e-01 5.240419939348764933e-01
-1.499999999999996891e-01 -7.499999999999997780e-01 4.940631677149228684e-01
-1.499999999999996891e-01 -6.499999999999998002e-01 5.890357737166691532e-01
-1.499999999999996891e-01 -5.499999999999998224e-01 6.383790512097572423e-01
-1.499999999999996891e-01 -4.499999999999998446e-01 5.587453637545557461e-01
-1.499999999999996891e-01 -3.499999999999997558e-01 5.119578001006818146e-01
-1.499999999999996891e-01 -2.499999999999997780e-01 5.207127412955504520e-01
-1.499999999999996891e-01 -1.499999999999998002e-01 6.220932722600168718e-01
-1.499999999999996891e-01 -4.999999999999982236e-02 7.048068367221327346e-01
-1.499999999999996891e-01 5.000000000000015543e-02 7.385131412366474635e-01
-1.499999999999996891e-01 1.500000000000002442e-01 6.503007708139194598e-01
-1.499999999999996891e-01 2.500000000000003331e-01 5.951583968316591644e-01
-1.499999999999996891e-01 3.500000000000001998e-01 5.651832763225448364e-01
-1.499999999999996891e-01 4.500000000000002887e-01 4.975478162616219779e-01
-1.499999999999996891e-01 5.500000000000001554e-01 5.715293272360136845e-01
-1.499999999999996891e-01 6.500000000000002442e-01 6.330579384130434750e-01
-1.499999999999996891e-01 7.500000000000003331e-01 5.223201953420766319e-01
-1.499999999999996891e-01 8.500000000000001998e-01 5.137958314788185765e-01
-1.499999999999996891e-01 9.500000000000002887e-01 4.841369975506253920e-01
-4.999999999999971134e-02 -9.499999999999998446e-01 5.879112643436869012e-01
-4.999999999999971134e-02 -8.499999999999998668e-01 5.506131179727475899e-01
-4.999999999999971134e-02 -7.499999999999997780e-01 5.457600397457138541e-01
-4.999999999999971134e-02 -6.499999999999998002e-01 5.534178602011352588e-01
-4.999999999999971134e-02 -5.499999999999998224e-01 5.993140199415620817e-01
-4.999999999999971134e-02 -4.499999999999998446e-01 4.995257084916897572e-01
-4.999999999999971134e-02 -3.499999999999997558e-01 4.867123427480192777e-01
-4.999999999999971134e-02 -2.499999999999997780e-01 5.170953287104943508e-01
-4.999999999999971134e-02 -1.499999999999998002e-01 6.171838315715448831e-01
-4.999999999999971134e-02 -4.999999999999982236e-02 7.774319426712925640e-01
-4.999999999999971134e-02 5.000000000000015543e-02 8.269306032139539520e-01
-4.999999999999971134e-02 1.500000000000002442e-01 6.920845860724996745e-01
-4.999999999999971134e-02 2.500000000000003331e-01 5.541099010707095651e-01
-4.999999999999971134e-02 3.500000000000001998e-01 5.106625494720266056e-01
-4.999999999999971134e-02 4.500000000000002887e-01 5.441542154002769749e-01
-4.999999999999971134e-02 5.500000000000001554e-01 5.678558263333244316e-01
-4.999999999999971134e-02 6.500000000000002442e-01 5.451999543999693776e-01
-4.999999999999971134e-02 7.500000000000003331e-01 5.473619778685997472e-01
-4.999999999999971134e-02 8.500000000000001998e-01 5.394201190563879811e-01
-4.999999999999971134e-02 9.500000000000002887e-01 5.651788598922057316e-01
5.000000000000026645e-02 -9.499999999999998446e-01 5.669820044527060787e-01
5.000000000000026645e-02 -8.499999999999998668e-01 5.517819621426602872e-01
5.000000000000026645e-02 -7.499999999999997780e-01 5.494369489274071316e-01
5.000000000000026645e-02 -6.499999999999998002e-01 5.289514927710546877e-01
5.000000000000026645e-02 -5.499999999999998224e-01 5.567963263996495993e-01
5.000000000000026645e-02 -4.499999999999998446e-01 4.951566313183761170e-01
5.000000000000026645e-02 -3.499999999999997558e-01 4.783390840375643105e-01
5.000000000000026645e-02 -2.499999999999997780e-01 4.977300355467630943e-01
5.000000000000026645e-02 -1.499999999999998002e-01 6.244057190991610939e-01
5.000000000000026645e-02 -4.999999999999982236e-02 7.666190269370072308e-01
5.000000000000026645e-02 5.000000000000015543e-02 8.513859789686495372e-01
5.000000000000026645e-02 1.500000000000002442e-01 7.144737549641841934e-01
5.000000000000026645e-02 2.500000000000003331e-01 5.747823219058091349e-01
5.000000000000026645e-02 3.500000000000001998e-01 5.316760838392364796e-01
5.000000000000026645e-02 4.500000000000002887e-01 6.081945176143873644e-01
5.000000000000026645e-02 5.500000000000001554e-01 5.792321503965114360e-01
5.000000000000026645e-02 6.500000000000002442e-01 5.506464860635444936e-01
5.000000000000026645e-02 7.500000000000003331e-01 5.414339070534607279e-01
5.000000000000026645e-02 8.500000000000001998e-01 5.190472803226310328e-01
5.000000000000026645e-02 9.500000000000002887e-01 5.681647672836880325e-01
1.500000000000003553e-01 -9.499999999999998446e-01 4.707736546380914544e-01
1.500000000000003553e-01 -8.499999999999998668e-01 5.300821278702394501e-01
1.500000000000003553e-01 -7.499999999999997780e-01 4.981542747721070530e-01
1.500000000000003553e-01 -6.499999999999998002e-01 5.861761732129882052e-01
1.500000000000003553e-01 -5.499999999999998224e-01 5.624395567118436468e-01
1.500000000000003553e-01 -4.499999999999998446e-01 5.338925942533353508e-01
1.500000000000003553e-01 -3.499999999999997558e-01 4.976265389276787188e-01
1.500000000000003553e-01 -2.499999999999997780e-01 5.223424228077613307e-01
1.500000000000003553e-01 -1.499999999999998002e-01 6.512467479528710745e-01
1.500000000000003553e-01 -4.999999999999982236e-02 6.668354545627266372e-01
1.500000000000003553e-01 5.000000000000015543e-02 7.770155975886734456e-01
1.500000000000003553e-01 1.500000000000002442e-01 7.172138746811539400e-01
1.500000000000003553e-01 2.500000000000003331e-01 6.353112031163177242e-01
1.500000000000003553e-01 3.500000000000001998e-01 5.907514336354929840e-01
1.500000000000003553e-01 4.500000000000002887e-01 6.057007137833793076e-01
1.500000000000003553e-01 5.500000000000001554e-01 5.963327880148311388e-01
1.500000000000003553e-01 6.500000000000002442e-01 6.036075944909817803e-01
1.500000000000003553e-01 7.500000000000003331e-01 4.903969310224084444e-01
1.500000000000003553e-01 8.500000000000001998e-01 4.682580619690998036e-01
1.500000000000003553e-01 9.500000000000002887e-01 4.394020911567415033e-01
2.500000000000004441e-01 -9.499999999999998446e-01 5.247087276747984808e-01
2.500000000000004441e-01 -8.499999999999998668e-01 5.164998803649869519e-01
2.500000000000004441e-01 -7.499999999999997780e-01 5.366574087697949524e-01
2.500000000000004441e-01 -6.499999999999998002e-01 5.305645961768992169e-01
2.500000000000004441e-01 -5.499999999999998224e-01 6.235155966678866957e-01
2.500000000000004441e-01 -4.499999999999998446e-01 6.439625957272920864e-01
2.500000000000004441e-01 -3.499999999999997558e-01 5.311360219423584272e-01
2.500000000000004441e-01 -2.499999999999997780e-01 5.367257801298763731e-01
2.500000000000004441e-01 -1.499999999999998002e-01 5.769034330833533453e-01
2.500000000000004441e-01 -4.999999999999982236e-02 6.006728849471512088e-01
2.500000000000004441e-01 5.000000000000015543e-02 5.803418960466637522e-01
2.500000000000004441e-01 1.500000000000002442e-01 5.901285635384425632e-01
2.500000000000004441e-01 2.500000000000003331e-01 5.595715468612671994e-01
2.500000000000004441e-01 3.500000000000001998e-01 5.331195557094907667e-01
2.500000000000004441e-01 4.500000000000002887e-01 6.277455184322414672e-01
2.500000000000004441e-01 5.500000000000001554e-01 6.589994503848117802e-01
2.500000000000004441e-01 6.500000000000002442e-01 5.754740517164986802e-01
2.500000000000004441e-01 7.500000000000003331e-01 4.945577091152008609e-01
2.500000000000004441e-01 8.500000000000001998e-01 5.004449028981793335e-01
2.500000000000004441e-01 9.500000000000002887e-01 5.541097201266758088e-01
3.500000000000003109e-01 -9.499999999999998446e-01 5.623429569878792833e-01
3.500000000000003109e-01 -8.499999999999998668e-01 5.680996294450622042e-01
3.500000000000003109e-01 -7.499999999999997780e-01 5.318861416208358062e-01
3.500000000000003109e-01 -6.499999999999998002e-01 5.189806919435784316e-01
3.500000000000003109e-01 -5.499999999999998224e-01 5.884446037245473216e-01
3.500000000000003109e-01 -4.499999999999998446e-01 5.862892610409815575e-01
3.500000000000003109e-01 -3.499999999999997558e-01 6.690924694750302049e-01
3.500000000000003109e-01 -2.499999999999997780e-01 5.383861637112555831e-01
3.500000000000003109e-01 -1.499999999999998002e-01 5.477390904217115386e-01
3.500000000000003109e-01 -4.999999999999982236e-02 5.398934491490314791e-01
3.500000000000003109e-01 5.000000000000015543e-02 5.088505403406398120e-01
3.500000000000003109e-01 1.500000000000002442e-01 5.315666741772652193e-01
3.500000000000003109e-01 2.500000000000003331e-01 5.300374761921599065e-01
3.500000000000003109e-01 3.500000000000001998e-01 5.632138606851010421e-01
3.500000000000003109e-01 4.500000000000002887e-01 6.093012379066853335e-01
3.500000000000003109e-01 5.500000000000001554e-01 6.707311204842046903e-01
3.500000000000003109e-01 6.500000000000002442e-01 5.236212693870591073e-01
3.500000000000003109e-01 7.500000000000003331e-01 5.474569231106528600e-01
3.500000000000003109e-01 8.500000000000001998e-01 5.641208727086705066e-01
3.500000000000003109e-01 9.500000000000002887e-01 5.411176882099788532e-01
4.500000000000003997e-01 -9.499999999999998446e-01 7.385131412366474635e-01
4.500000000000003997e-01 -8.499999999999998668e-01 6.615956158216406147e-01
4.500000000000003997e-01 -7.499999999999997780e-01 5.498605483162535279e-01
4.500000000000003997e-01 -6.499999999999998002e-01 5.802916737239836031e-01
4.500000000000003997e-01 -5.499999999999998224e-01 5.016630255781527881e-01
4.500000000000003997e-01 -4.499999999999998446e-01 6.483100186715392566e-01
4.500000000000003997e-01 -3.499999999999997558e-01 6.008517440390014341e-01
4.500000000000003997e-01 -2.499999999999997780e-01 5.060088166124754316e-01
4.500000000000003997e-01 -1.499999999999998002e-01 5.137958314788185765e-01
4.500000000000003997e-01 -4.999999999999982236e-02 4.841369975506253920e-01
4.500000000000003997e-01 5.000000000000015543e-02 4.912655464555277240e-01
4.500000000000003997e-01 1.500000000000002442e-01 5.240419939348764933e-01
4.500000000000003997e-01 2.500000000000003331e-01 5.358099886589926530e-01
4.500000000000003997e-01 3.500000000000001998e-01 5.726018087194932882e-01
4.500000000000003997e-01 4.500000000000002887e-01 6.385669099254623893e-01
4.500000000000003997e-01 5.500000000000001554e-01 5.881641486961254328e-01
4.500000000000003997e-01 6.500000000000002442e-01 5.158283284459854734e-01
4.500000000000003997e-01 7.500000000000003331e-01 5.209689306473705983e-01
4.500000000000003997e-01 8.500000000000001998e-01 5.580805639430747034e-01
4.500000000000003997e-01 9.500000000000002887e-01 7.048068367221327346e-01
5.500000000000002665e-01 -9.499999999999998446e-01 1.046214483297583264e+00
5.500000000000002665e-01 -8.499999999999998668e-01 8.294076472255091925e-01
5.500000000000002665e-01 -7.499999999999997780e-01 6.171304683160763194e-01
5.500000000000002665e-01 -6.499999999999998002e-01 5.407101248963279705e-01
5.500000000000002665e-01 -5.499999999999998224e-01 5.157398325520577975e-01
5.500000000000002665e-01 -4.499999999999998446e-01 5.747938825583439604e-01
5.500000000000002665e-01 -3.499999999999997558e-01 5.451999543999693776e-01
5.500000000000002665e-01 -2.499999999999997780e-01 5.473619778685997472e-01
5.500000000000002665e-01 -1.499999999999998002e-01 5.394201190563879811e-01
5.500000000000002665e-01 -4.999999999999982236e-02 5.651788598922057316e-01
5.500000000000002665e-01 5.000000000000015543e-02 5.879112643436869012e-01
5.500000000000002665e-01 1.500000000000002442e-01 5.506131179727475899e-01
5.500000000000002665e-01 2.500000000000003331e-01 5.457600397457138541e-01
5.500000000000002665e-01 3.500000000000001998e-01 5.534178602011352588e-01
5.500000000000002665e-01 4.500000000000002887e-01 5.148704786766882258e-01
5.500000000000002665e-01 5.500000000000001554e-01 4.884324718273761468e-01
5.500000000000002665e-01 6.500000000000002442e-01 4.928213469289425830e-01
5.500000000000002665e-01 7.500000000000003331e-01 5.606024304087691146e-01
5.500000000000002665e-01 8.500000000000001998e-01 7.220588106313627907e-01
5.500000000000002665e-01 9.500000000000002887e-01 9.329574855415586621e-01
6.500000000000003553e-01 -9.499999999999998446e-01 8.513859789686495372e-01
6.500000000000003553e-01 -8.499999999999998668e-01 7.144737549641841934e-01
6.500000000000003553e-01 -7.499999999999997780e-01 5.747823219058091349e-01
6.500000000000003553e-01 -6.499999999999998002e-01 5.316760838392364796e-01
6.500000000000003553e-01 -5.499999999999998224e-01 6.081945176143873644e-01
6.500000000000003553e-01 -4.499999999999998446e-01 5.792321503965114360e-01
6.500000000000003553e-01 -3.499999999999997558e-01 6.336380198085460602e-01
6.500000000000003553e-01 -2.499999999999997780e-01 5.427323457670197859e-01
6.500000000000003553e-01 -1.499999999999998002e-01 4.633660397094343519e-01
6.500000000000003553e-01 -4.999999999999982236e-02 4.632434885881342446e-01
6.500000000000003553e-01 5.000000000000015543e-02 4.870294689950317446e-01
6.500000000000003553e-01 1.500000000000002442e-01 5.165204034456175597e-01
6.500000000000003553e-01 2.500000000000003331e-01 5.398905121746875313e-01
6.500000000000003553e-01 3.500000000000001998e-01 5.892652664575482868e-01
6.500000000000003553e-01 4.500000000000002887e-01 5.567963263996495993e-01
6.500000000000003553e-01 5.500000000000001554e-01 4.951566313183761170e-01
6.500000000000003553e-01 6.500000000000002442e-01 4.783390840375643105e-01
6.500000000000003553e-01 7.500000000000003331e-01 4.977300355467630943e-01
6.500000000000003553e-01 8.500000000000001998e-01 6.244057190991610939e-01
6.500000000000003553e-01 9.500000000000002887e-01 7.666190269370072308e-01
7.500000000000004441e-01 -9.499999999999998446e-01 6.385365330639859449e-01
7.500000000000004441e-01 -8.499999999999998668e-01 6.535371316428588706e-01
7.500000000000004441e-01 -7.499999999999997780e-01 6.098278547158386687e-01
7.500000000000004441e-01 -6.499999999999998002e-01 5.711078336516974829e-01
7.500000000000004441e-01 -5.499999999999998224e-01 5.816260920565238246e-01
7.500000000000004441e-01 -4.499999999999998446e-01 6.339879292832175661e-01
7.500000000000004441e-01 -3.499999999999997558e-01 5.475566803371340052e-01
7.500000000000004441e-01 -2.499999999999997780e-01 4.903969310224084444e-01
7.500000000000004441e-01 -1.499999999999998002e-01 4.682580619690998036e-01
7.500000000000004441e-01 -4.999999999999982236e-02 4.394020911567415033e-01
7.500000000000004441e-01 5.000000000000015543e-02 4.707736546380914544e-01
7.500000000000004441e-01 1.500000000000002442e-01 5.300821278702394501e-01
7.500000000000004441e-01 2.500000000000003331e-01 4.981542747721070530e-01
7.500000000000004441e-01 3.500000000000001998e-01 5.408254988384031403e-01
7.500000000000004441e-01 4.500000000000002887e-01 6.030089713959574382e-01
7.500000000000004441e-01 5.500000000000001554e-01 5.579479907904490998e-01
7.500000000000004441e-01 6.500000000000002442e-01 5.219362861065690584e-01
7.500000000000004441e-01 7.500000000000003331e-01 5.033373608529110310e-01
7.500000000000004441e-01 8.500000000000001998e-01 5.571031392085911138e-01
7.500000000000004441e-01 9.500000000000002887e-01 6.794351164823615452e-01
8.500000000000003109e-01 -9.499999999999998446e-01 6.015437322944876541e-01
8.500000000000003109e-01 -8.499999999999998668e-01 5.579520170471176099e-01
8.500000000000003109e-01 -7.499999999999997780e-01 5.445367461529471154e-01
8.500000000000003109e-01 -6.499999999999998002e-01 5.291038557008274079e-01
8.500000000000003109e-01 -5.499999999999998224e-01 6.094906223048038862e-01
8.500000000000003109e-01 -4.499999999999998446e-01 6.876726672462325496e-01
8.500000000000003109e-01 -3.499999999999997558e-01 5.981609434207153519e-01
8.500000000000003109e-01 -2.499999999999997780e-01 5.039629196871068251e-01
8.500000000000003109e-01 -1.499999999999998002e-01 5.004449028981793335e-01
8.500000000000003109e-01 -4.999999999999982236e-02 5.541097201266758088e-01
8.500000000000003109e-01 5.000000000000015543e-02 5.247087276747984808e-01
8.500000000000003109e-01 1.500000000000002442e-01 5.164998803649869519e-01
8.500000000000003109e-01 2.500000000000003331e-01 5.296415359100219433e-01
8.500000000000003109e-01 3.500000000000001998e-01 5.522113076750012617e-01
8.500000000000003109e-01 4.500000000000002887e-01 6.655118795873522508e-01
8.500000000000003109e-01 5.500000000000001554e-01 6.208116783493169422e-01
8.500000000000003109e-01 6.500000000000002442e-01 5.217089379366955937e-01
8.500000000000003109e-01 7.500000000000003331e-01 5.486670034466506474e-01
8.500000000000003109e-01 8.500000000000001998e-01 5.745374444131047253e-01
8.500000000000003109e-01 9.500000000000002887e-01 6.015437322944876541e-01
9.500000000000003997e-01 -9.499999999999998446e-01 5.088505403406398120e-01
9.500000000000003997e-01 -8.499999999999998668e-01 5.315666741772652193e-01
9.500000000000003997e-01 -7.499999999999997780e-01 5.300374761921599065e-01
9.500000000000003997e-01 -6.499999999999998002e-01 5.632138606851010421e-01
9.500000000000003997e-01 -5.499999999999998224e-01 6.093012379066853335e-01
9.500000000000003997e-01 -4.499999999999998446e-01 5.795485505733891651e-01
9.500000000000003997e-01 -3.499999999999997558e-01 5.127947625797941722e-01
9.500000000000003997e-01 -2.499999999999997780e-01 4.995411560943396334e-01
9.500000000000003997e-01 -1.499999999999998002e-01 5.991640050494687619e-01
9.500000000000003997e-01 -4.999999999999982236e-02 6.381533944495667576e-01
9.500000000000003997e-01 5.000000000000015543e-02 6.131996793133266399e-01
9.500000000000003997e-01 1.500000000000002442e-01 5.991360760240563854e-01
9.500000000000003997e-01 2.500000000000003331e-01 5.707754662917333688e-01
9.500000000000003997e-01 3.500000000000001998e-01 5.096762269177371740e-01
9.500000000000003997e-01 4.500000000000002887e-01 5.390465073676997676e-01
9.500000000000003997e-01 5.500000000000001554e-01 5.862892610409815575e-01
9.500000000000003997e-01 6.500000000000002442e-01 6.690924694750302049e-01
9.500000000000003997e-01 7.500000000000003331e-01 5.383861637112555831e-01
9.500000000000003997e-01 8.500000000000001998e-01 5.477390904217115386e-01
9.500000000000003997e-01 9.500000000000002887e-01 5.398934491490314791e-01
