-9.499999999999997335e-01 -9.499999999999998446e-01 5.937917469266368320e-01
-9.499999999999997335e-01 -8.499999999999998668e-01 6.808085019857240683e-01
-9.499999999999997335e-01 -7.499999999999997780e-01 5.472190223584809665e-01
-9.499999999999997335e-01 -6.499999999999998002e-01 4.029251989169768677e-01
-9.499999999999997335e-01 -5.499999999999998224e-01 3.741274960628592772e-01
-9.499999999999997335e-01 -4.499999999999998446e-01 4.402845897930153241e-01
-9.499999999999997335e-01 -3.499999999999997558e-01 6.550156306889288738e-01
-9.499999999999997335e-01 -2.499999999999997780e-01 7.171810889810824596e-01
-9.499999999999997335e-01 -1.499999999999998002e-01 8.712782068508818645e-01
-9.499999999999997335e-01 -4.999999999999982236e-02 1.050156268568838591e+00
-9.499999999999997335e-01 5.000000000000015543e-02 1.137212957726942975e+00
-9.499999999999997335e-01 1.500000000000002442e-01 9.648914147234196603e-01
-9.499999999999997335e-01 2.500000000000003331e-01 8.319001343492183898e-01
-9.499999999999997335e-01 3.500000000000001998e-01 7.512661453094952035e-01
-9.499999999999997335e-01 4.500000000000002887e-01 6.107881022351299150e-01
-9.499999999999997335e-01 5.500000000000001554e-01 4.528575476177813530e-01
-9.499999999999997335e-01 6.500000000000002442e-01 3.899696777996743413e-01
-9.499999999999997335e-01 7.500000000000003331e-01 5.158780736497076136e-01
-9.499999999999997335e-01 8.500000000000001998e-01 5.687793060595494055e-01
-9.499999999999997335e-01 9.500000000000002887e-01 6.088293925593906142e-01
-8.499999999999997558e-01 -9.499999999999998446e-01 7.710524763904902379e-01
-8.499999999999997558e-01 -8.499999999999998668e-01 8.135432268464753980e-01
-8.499999999999997558e-01 -7.499999999999997780e-01 7.268085269345440080e-01
-8.499999999999997558e-01 -6.499999999999998002e-01 6.622335110924959523e-01
-8.499999999999997558e-01 -5.499999999999998224e-01 5.114542801976801334e-01
-8.499999999999997558e-01 -4.499999999999998446e-01 3.746390215655810429e-01
-8.499999999999997558e-01 -3.499999999999997558e-01 4.004504189837551631e-01
-8.499999999999997558e-01 -2.499999999999997780e-01 5.344553809004206624e-01
-8.499999999999997558e-01 -1.499999999999998002e-01 6.749229940833683106e-01
-8.499999999999997558e-01 -4.999999999999982236e-02 6.372486131719159452e-01
-8.499999999999997558e-01 5.000000000000015543e-02 7.455829413053112198e-01
-8.499999999999997558e-01 1.500000000000002442e-01 7.535568484843051529e-01
-8.499999999999997558e-01 2.500000000000003331e-01 6.935326248391056048e-01
-8.499999999999997558e-01 3.500000000000001998e-01 5.418629354156774269e-01
-8.499999999999997558e-01 4.500000000000002887e-01 3.994589039216581705e-01
-8.499999999999997558e-01 5.500000000000001554e-01 4.954810355401390032e-01
-8.499999999999997558e-01 6.500000000000002442e-01 6.428985421446681281e-01
-8.499999999999997558e-01 7.500000000000003331e-01 7.697213160288980394e-01
-8.499999999999997558e-01 8.500000000000001998e-01 7.788481704487262292e-01
-8.499999999999997558e-01 9.500000000000002887e-01 7.710524763904902379e-01
-7.499999999999997780e-01 -9.499999999999998446e-01 1.189424166834664121e+00
-7.499999999999997780e-01 -8.499999999999998668e-01 9.651041154278110490e-01
-7.499999999999997780e-01 -7.499999999999997780e-01 8.268907605755521084e-01
-7.499999999999997780e-01 -6.499999999999998002e-01 6.891496299816556315e-01
-7.499999999999997780e-01 -5.499999999999998224e-01 5.106912768875347952e-01
-7.499999999999997780e-01 -4.499999999999998446e-01 3.660868550370113828e-01
-7.499999999999997780e-01 -3.499999999999997558e-01 3.746553362591780734e-01
-7.499999999999997780e-01 -2.499999999999997780e-01 3.625774742773259507e-01
-7.499999999999997780e-01 -1.499999999999998002e-01 4.367578731927937996e-01
-7.499999999999997780e-01 -4.999999999999982236e-02 4.945447570252232139e-01
-7.499999999999997780e-01 5.000000000000015543e-02 5.194242881260254796e-01
-7.499999999999997780e-01 1.500000000000002442e-01 4.743134191654064802e-01
-7.499999999999997780e-01 2.500000000000003331e-01 4.137685958794753427e-01
-7.499999999999997780e-01 3.500000000000001998e-01 4.161823427463316460e-01
-7.499999999999997780e-01 4.500000000000002887e-01 4.018820212510351708e-01
-7.499999999999997780e-01 5.500000000000001554e-01 4.535040574064960750e-01
-7.499999999999997780e-01 6.500000000000002442e-01 6.192283722653130207e-01
-7.499999999999997780e-01 7.500000000000003331e-01 7.587808346134309323e-01
-7.499999999999997780e-01 8.500000000000001998e-01 9.246568749398852427e-01
-7.499999999999997780e-01 9.500000000000002887e-01 1.118298014784085082e+00
-6.499999999999996891e-01 -9.499999999999998446e-01 1.429915038619874901e+00
-6.499999999999996891e-01 -8.499999999999998668e-01 1.077097197856138333e+00
-6.499999999999996891e-01 -7.499999999999997780e-01 9.615455782219354264e-01
-6.499999999999996891e-01 -6.499999999999998002e-01 8.886394512675681590e-01
-6.499999999999996891e-01 -5.499999999999998224e-01 6.573793052810611437e-01
-6.499999999999996891e-01 -4.499999999999998446e-01 3.850206021685117497e-01
-6.499999999999996891e-01 -3.499999999999997558e-01 3.325996846262267992e-01
-6.499999999999996891e-01 -2.499999999999997780e-01 3.251117859303889190e-01
-6.499999999999996891e-01 -1.499999999999998002e-01 3.475560512500733279e-01
-6.499999999999996891e-01 -4.999999999999982236e-02 4.065819519850479846e-01
-6.499999999999996891e-01 5.000000000000015543e-02 4.132465439811688901e-01
-6.499999999999996891e-01 1.500000000000002442e-01 3.765801723683557811e-01
-6.499999999999996891e-01 2.500000000000003331e-01 3.505612464269712847e-01
-6.499999999999996891e-01 3.500000000000001998e-01 3.385252634798067151e-01
-6.499999999999996891e-01 4.500000000000002887e-01 3.816314014991935011e-01
-6.499999999999996891e-01 5.500000000000001554e-01 5.169481042555028605e-01
-6.499999999999996891e-01 6.500000000000002442e-01 7.872294961409622704e-01
-6.499999999999996891e-01 7.500000000000003331e-01 8.197330090913506062e-01
-6.499999999999996891e-01 8.500000000000001998e-01 8.840687712178066926e-01
-6.499999999999996891e-01 9.500000000000002887e-01 1.341126432690423975e+00
-5.499999999999997113e-01 -9.499999999999998446e-01 1.711417587585845057e+00
-5.499999999999997113e-01 -8.499999999999998668e-01 1.400083845082706446e+00
-5.499999999999997113e-01 -7.499999999999997780e-01 9.627350005216865902e-01
-5.499999999999997113e-01 -6.499999999999998002e-01 9.163166883000128937e-01
-5.499999999999997113e-01 -5.499999999999998224e-01 7.688743037404074387e-01
-5.499999999999997113e-01 -4.499999999999998446e-01 4.740089772187882078e-01
-5.499999999999997113e-01 -3.499999999999997558e-01 3.377600215060906907e-01
-5.499999999999997113e-01 -2.499999999999997780e-01 3.118915673600309302e-01
-5.499999999999997113e-01 -1.499999999999998002e-01 3.242478929340897875e-01
-5.499999999999997113e-01 -4.999999999999982236e-02 3.387969987423691820e-01
-5.499999999999997113e-01 5.000000000000015543e-02 3.452143137630180325e-01
-5.499999999999997113e-01 1.500000000000002442e-01 3.330701235264333371e-01
-5.499999999999997113e-01 2.500000000000003331e-01 3.173642732464733163e-01
-5.499999999999997113e-01 3.500000000000001998e-01 3.170649827439417923e-01
-5.499999999999997113e-01 4.500000000000002887e-01 3.769828099037597635e-01
-5.499999999999997113e-01 5.500000000000001554e-01 6.289157335295244566e-01
-5.499999999999997113e-01 6.500000000000002442e-01 8.077460804735576705e-01
-5.499999999999997113e-01 7.500000000000003331e-01 8.744262288052989662e-01
-5.499999999999997113e-01 8.500000000000001998e-01 1.160893426570401399e+00
-5.499999999999997113e-01 9.500000000000002887e-01 1.466988653651496000e+00
-4.499999999999997335e-01 -9.499999999999998446e-01 1.301664448529739948e+00
-4.499999999999997335e-01 -8.499999999999998668e-01 1.098931313932193676e+00
-4.499999999999997335e-01 -7.499999999999997780e-01 8.816491842091105369e-01
-4.499999999999997335e-01 -6.499999999999998002e-01 8.015658418546263153e-01
-4.499999999999997335e-01 -5.499999999999998224e-01 5.982724683078814998e-01
-4.499999999999997335e-01 -4.499999999999998446e-01 3.768165519877544334e-01
-4.499999999999997335e-01 -3.499999999999997558e-01 3.441480786265714853e-01
-4.499999999999997335e-01 -2.499999999999997780e-01 3.670803645950668770e-01
-4.499999999999997335e-01 -1.499999999999998002e-01 4.702253118471347859e-01
-4.499999999999997335e-01 -4.999999999999982236e-02 5.091932207100048347e-01
-4.499999999999997335e-01 5.000000000000015543e-02 5.217156875361265156e-01
-4.499999999999997335e-01 1.500000000000002442e-01 4.724242961752214143e-01
-4.499999999999997335e-01 2.500000000000003331e-01 3.825706885270301338e-01
-4.499999999999997335e-01 3.500000000000001998e-01 3.621104344392918062e-01
-4.499999999999997335e-01 4.500000000000002887e-01 3.439409438280629505e-01
-4.499999999999997335e-01 5.500000000000001554e-01 4.482791499612123198e-01
-4.499999999999997335e-01 6.500000000000002442e-01 6.736685395695066747e-01
-4.499999999999997335e-01 7.500000000000003331e-01 8.564753215395681796e-01
-4.499999999999997335e-01 8.500000000000001998e-01 9.265619339639590279e-01
-4.499999999999997335e-01 9.500000000000002887e-01 1.131500655089512808e+00
-3.499999999999996447e-01 -9.499999999999998446e-01 8.561453838312311770e-01
-3.499999999999996447e-01 -8.499999999999998668e-01 7.931701625984434179e-01
-3.499999999999996447e-01 -7.499999999999997780e-01 7.650732834558512385e-01
-3.499999999999996447e-01 -6.499999999999998002e-01 6.764903204536264480e-01
-3.499999999999996447e-01 -5.499999999999998224e-01 4.940365090804569870e-01
-3.499999999999996447e-01 -4.499999999999998446e-01 4.528575476177813530e-01
-3.499999999999996447e-01 -3.499999999999997558e-01 3.899696777996743413e-01
-3.499999999999996447e-01 -2.499999999999997780e-01 5.158780736497076136e-01
-3.499999999999996447e-01 -1.499999999999998002e-01 5.687793060595494055e-01
-3.499999999999996447e-01 -4.999999999999982236e-02 6.088293925593906142e-01
-3.499999999999996447e-01 5.000000000000015543e-02 5.937917469266368320e-01
-3.499999999999996447e-01 1.500000000000002442e-01 6.808085019857240683e-01
-3.499999999999996447e-01 2.500000000000003331e-01 5.472190223584809665e-01
-3.499999999999996447e-01 3.500000000000001998e-01 4.029251989169768677e-01
-3.499999999999996447e-01 4.500000000000002887e-01 3.741274960628592772e-01
-3.499999999999996447e-01 5.500000000000001554e-01 3.763297836702713672e-01
-3.499999999999996447e-01 6.500000000000002442e-01 4.863215435266179942e-01
-3.499999999999996447e-01 7.500000000000003331e-01 6.873213307018589679e-01
-3.499999999999996447e-01 8.500000000000001998e-01 7.835690203470093707e-01
-3.499999999999996447e-01 9.500000000000002887e-01 8.374141126918702716e-01
-2.499999999999996669e-01 -9.499999999999998446e-01 7.455829413053112198e-01
-2.499999999999996669e-01 -8.499999999999998668e-01 7.535568484843051529e-01
-2.499999999999996669e-01 -7.499999999999997780e-01 7.118705394797946173e-01
-2.499999999999996669e-01 -6.499999999999998002e-01 5.529083898743791803e-01
-2.499999999999996669e-01 -5.499999999999998224e-01 4.142037304222329075e-01
-2.499999999999996669e-01 -4.499999999999998446e-01 4.566580774666945675e-01
-2.499999999999996669e-01 -3.499999999999997558e-01 6.115295645370433242e-01
-2.499999999999996669e-01 -2.499999999999997780e-01 7.563393551965806871e-01
-2.499999999999996669e-01 -1.499999999999998002e-01 8.381476912495097187e-01
-2.499999999999996669e-01 -4.999999999999982236e-02 9.057787983678079469e-01
-2.499999999999996669e-01 5.000000000000015543e-02 8.577689571120533651e-01
-2.499999999999996669e-01 1.500000000000002442e-01 7.957237199664644045e-01
-2.499999999999996669e-01 2.500000000000003331e-01 7.523212706701960517e-01
-2.499999999999996669e-01 3.500000000000001998e-01 6.573860251876416649e-01
-2.499999999999996669e-01 4.500000000000002887e-01 4.673507033465606475e-01
-2.499999999999996669e-01 5.500000000000001554e-01 3.754892905415027626e-01
-2.499999999999996669e-01 6.500000000000002442e-01 4.133251850126681282e-01
-2.499999999999996669e-01 7.500000000000003331e-01 5.416912104161717423e-01
-2.499999999999996669e-01 8.500000000000001998e-01 6.749229940833683106e-01
-2.499999999999996669e-01 9.500000000000002887e-01 6.372486131719159452e-01
-1.499999999999996891e-01 -9.499999999999998446e-01 5.194242881260254796e-01
-1.499999999999996891e-01 -8.499999999999998668e-01 4.743134191654064802e-01
-1.499999999999996891e-01 -7.499999999999997780e-01 4.137685958794753427e-01
-1.499999999999996891e-01 -6.499999999999998002e-01 3.771080153777247590e-01
-1.499999999999996891e-01 -5.499999999999998224e-01 3.917356889074714577e-01
-1.499999999999996891e-01 -4.499999999999998446e-01 5.734370730167901442e-01
-1.499999999999996891e-01 -3.499999999999997558e-01 6.802354752143469074e-01
-1.499999999999996891e-01 -2.499999999999997780e-01 8.827756309000801549e-01
-1.499999999999996891e-01 -1.499999999999998002e-01 1.041050590702741641e+00
-1.499999999999996891e-01 -4.999999999999982236e-02 1.198442232715283051e+00
-1.499999999999996891e-01 5.000000000000015543e-02 1.303663504445552457e+00
-1.499999999999996891e-01 1.500000000000002442e-01 1.198559758322334190e+00
-1.499999999999996891e-01 2.500000000000003331e-01 9.232952415216654218e-01
-1.499999999999996891e-01 3.500000000000001998e-01 8.110601321207338010e-01
-1.499999999999996891e-01 4.500000000000002887e-01 6.426559779579412712e-01
-1.499999999999996891e-01 5.500000000000001554e-01 3.960832728658571500e-01
-1.499999999999996891e-01 6.500000000000002442e-01 3.542054456362849768e-01
-1.499999999999996891e-01 7.500000000000003331e-01 3.625774742773259507e-01
-1.499999999999996891e-01 8.500000000000001998e-01 4.367578731927937996e-01
-1.499999999999996891e-01 9.500000000000002887e-01 4.945447570252232139e-01
-4.999999999999971134e-02 -9.499999999999998446e-01 3.461879705987516154e-01
-4.999999999999971134e-02 -8.499999999999998668e-01 3.373215537758861293e-01
-4.999999999999971134e-02 -7.499999999999997780e-01 3.176457514902863988e-01
-4.999999999999971134e-02 -6.499999999999998002e-01 3.223839629359491754e-01
-4.999999999999971134e-02 -5.499999999999998224e-01 3.816314014991935011e-01
-4.999999999999971134e-02 -4.499999999999998446e-01 5.169481042555028605e-01
-4.999999999999971134e-02 -3.499999999999997558e-01 7.872294961409622704e-01
-4.999999999999971134e-02 -2.499999999999997780e-01 8.197330090913506062e-01
-4.999999999999971134e-02 -1.499999999999998002e-01 8.840687712178066926e-01
-4.999999999999971134e-02 -4.999999999999982236e-02 1.341126432690423975e+00
-4.999999999999971134e-02 5.000000000000015543e-02 1.429915038619874901e+00
-4.999999999999971134e-02 1.500000000000002442e-01 1.077097197856138333e+00
-4.999999999999971134e-02 2.500000000000003331e-01 9.615455782219354264e-01
-4.999999999999971134e-02 3.500000000000001998e-01 8.886394512675681590e-01
-4.999999999999971134e-02 4.500000000000002887e-01 6.573793052810611437e-01
-4.999999999999971134e-02 5.500000000000001554e-01 3.850206021685117497e-01
-4.999999999999971134e-02 6.500000000000002442e-01 3.348797598634758454e-01
-4.999999999999971134e-02 7.500000000000003331e-01 3.108457910626269416e-01
-4.999999999999971134e-02 8.500000000000001998e-01 3.209069183693968319e-01
-4.999999999999971134e-02 9.500000000000002887e-01 3.381786724870340932e-01
5.000000000000026645e-02 -9.499999999999998446e-01 3.452143137630180325e-01
5.000000000000026645e-02 -8.499999999999998668e-01 3.330701235264333371e-01
5.000000000000026645e-02 -7.499999999999997780e-01 3.173642732464733163e-01
5.000000000000026645e-02 -6.499999999999998002e-01 3.170649827439417923e-01
5.000000000000026645e-02 -5.499999999999998224e-01 3.472476112286274619e-01
5.000000000000026645e-02 -4.499999999999998446e-01 4.730430946166824802e-01
5.000000000000026645e-02 -3.499999999999997558e-01 8.321688581816708563e-01
5.000000000000026645e-02 -2.499999999999997780e-01 8.727493373383872211e-01
5.000000000000026645e-02 -1.499999999999998002e-01 9.644340364268686461e-01
5.000000000000026645e-02 -4.999999999999982236e-02 1.268887177834163715e+00
5.000000000000026645e-02 5.000000000000015543e-02 1.370784659946569839e+00
5.000000000000026645e-02 1.500000000000002442e-01 1.064706808602004617e+00
5.000000000000026645e-02 2.500000000000003331e-01 9.538463671938154365e-01
5.000000000000026645e-02 3.500000000000001998e-01 8.827961734418690032e-01
5.000000000000026645e-02 4.500000000000002887e-01 6.738955104301013188e-01
5.000000000000026645e-02 5.500000000000001554e-01 3.974098853822859434e-01
5.000000000000026645e-02 6.500000000000002442e-01 3.377600215060906907e-01
5.000000000000026645e-02 7.500000000000003331e-01 3.118915673600309302e-01
5.000000000000026645e-02 8.500000000000001998e-01 3.242478929340897875e-01
5.000000000000026645e-02 9.500000000000002887e-01 3.387969987423691820e-01
1.500000000000003553e-01 -9.499999999999998446e-01 5.217156875361265156e-01
1.500000000000003553e-01 -8.499999999999998668e-01 4.724242961752214143e-01
1.500000000000003553e-01 -7.499999999999997780e-01 4.065845233549094662e-01
1.500000000000003553e-01 -6.499999999999998002e-01 3.640224981140033900e-01
1.500000000000003553e-01 -5.499999999999998224e-01 3.648096144434923582e-01
1.500000000000003553e-01 -4.499999999999998446e-01 5.106009775686931595e-01
1.500000000000003553e-01 -3.499999999999997558e-01 6.972084975643120242e-01
1.500000000000003553e-01 -2.499999999999997780e-01 8.543245435602807580e-01
1.500000000000003553e-01 -1.499999999999998002e-01 9.752710183091610752e-01
1.500000000000003553e-01 -4.999999999999982236e-02 1.131500655089512808e+00
1.500000000000003553e-01 5.000000000000015543e-02 1.301664448529739948e+00
1.500000000000003553e-01 1.500000000000002442e-01 1.200273063092838655e+00
1.500000000000003553e-01 2.500000000000003331e-01 9.181231846437273303e-01
1.500000000000003553e-01 3.500000000000001998e-01 8.174901949304286264e-01
1.500000000000003553e-01 4.500000000000002887e-01 6.580342908988181527e-01
1.500000000000003553e-01 5.500000000000001554e-01 4.187009514687855538e-01
1.500000000000003553e-01 6.500000000000002442e-01 3.682742105948145217e-01
1.500000000000003553e-01 7.500000000000003331e-01 3.737785627041521064e-01
1.500000000000003553e-01 8.500000000000001998e-01 4.702253118471347859e-01
1.500000000000003553e-01 9.500000000000002887e-01 5.091932207100048347e-01
2.500000000000004441e-01 -9.499999999999998446e-01 7.661958669088381191e-01
2.500000000000004441e-01 -8.499999999999998668e-01 7.435414814144206685e-01
2.500000000000004441e-01 -7.499999999999997780e-01 6.930592308442312666e-01
2.500000000000004441e-01 -6.499999999999998002e-01 5.358773325644494712e-01
2.500000000000004441e-01 -5.499999999999998224e-01 3.952102124434165309e-01
2.500000000000004441e-01 -4.499999999999998446e-01 3.763297836702713672e-01
2.500000000000004441e-01 -3.499999999999997558e-01 4.863215435266179942e-01
2.500000000000004441e-01 -2.499999999999997780e-01 6.873213307018589679e-01
2.500000000000004441e-01 -1.499999999999998002e-01 7.835690203470093707e-01
2.500000000000004441e-01 -4.999999999999982236e-02 8.374141126918702716e-01
2.500000000000004441e-01 5.000000000000015543e-02 8.561453838312311770e-01
2.500000000000004441e-01 1.500000000000002442e-01 7.931701625984434179e-01
2.500000000000004441e-01 2.500000000000003331e-01 7.650732834558512385e-01
2.500000000000004441e-01 3.500000000000001998e-01 6.764903204536264480e-01
2.500000000000004441e-01 4.500000000000002887e-01 4.940365090804569870e-01
2.500000000000004441e-01 5.500000000000001554e-01 3.926439849603473031e-01
2.500000000000004441e-01 6.500000000000002442e-01 5.171203322504037692e-01
2.500000000000004441e-01 7.500000000000003331e-01 6.305473002433061858e-01
2.500000000000004441e-01 8.500000000000001998e-01 7.270618606785725913e-01
2.500000000000004441e-01 9.500000000000002887e-01 6.588525479178964916e-01
3.500000000000003109e-01 -9.499999999999998446e-01 8.577689571120533651e-01
3.500000000000003109e-01 -8.499999999999998668e-01 7.957237199664644045e-01
3.500000000000003109e-01 -7.499999999999997780e-01 7.523212706701960517e-01
3.500000000000003109e-01 -6.499999999999998002e-01 6.573860251876416649e-01
3.500000000000003109e-01 -5.499999999999998224e-01 4.673507033465606475e-01
3.500000000000003109e-01 -4.499999999999998446e-01 4.298931451609556698e-01
3.500000000000003109e-01 -3.499999999999997558e-01 3.725061818056532581e-01
3.500000000000003109e-01 -2.499999999999997780e-01 4.277460891587143710e-01
3.500000000000003109e-01 -1.499999999999998002e-01 5.254317814547408982e-01
3.500000000000003109e-01 -4.999999999999982236e-02 5.835313117502934910e-01
3.500000000000003109e-01 5.000000000000015543e-02 5.847877515472462706e-01
3.500000000000003109e-01 1.500000000000002442e-01 6.801227980727702072e-01
3.500000000000003109e-01 2.500000000000003331e-01 5.613497317037200451e-01
3.500000000000003109e-01 3.500000000000001998e-01 4.209932373910568737e-01
3.500000000000003109e-01 4.500000000000002887e-01 4.261701931927567855e-01
3.500000000000003109e-01 5.500000000000001554e-01 4.566580774666945675e-01
3.500000000000003109e-01 6.500000000000002442e-01 6.115295645370433242e-01
3.500000000000003109e-01 7.500000000000003331e-01 7.563393551965806871e-01
3.500000000000003109e-01 8.500000000000001998e-01 8.381476912495097187e-01
3.500000000000003109e-01 9.500000000000002887e-01 9.057787983678079469e-01
4.500000000000003997e-01 -9.499999999999998446e-01 1.303663504445552457e+00
4.500000000000003997e-01 -8.499999999999998668e-01 1.103895416663841278e+00
4.500000000000003997e-01 -7.499999999999997780e-01 8.868192760837234623e-01
4.500000000000003997e-01 -6.499999999999998002e-01 7.957161862459295465e-01
4.500000000000003997e-01 -5.499999999999998224e-01 5.872333347133951165e-01
4.500000000000003997e-01 -4.499999999999998446e-01 3.703113291091933434e-01
4.500000000000003997e-01 -3.499999999999997558e-01 3.324280345895550548e-01
4.500000000000003997e-01 -2.499999999999997780e-01 3.575775262771387908e-01
4.500000000000003997e-01 -1.499999999999998002e-01 4.367578731927937996e-01
4.500000000000003997e-01 -4.999999999999982236e-02 4.945447570252232139e-01
4.500000000000003997e-01 5.000000000000015543e-02 5.194242881260254796e-01
4.500000000000003997e-01 1.500000000000002442e-01 4.743134191654064802e-01
4.500000000000003997e-01 2.500000000000003331e-01 3.884526123911733464e-01
4.500000000000003997e-01 3.500000000000001998e-01 3.705638687770299589e-01
4.500000000000003997e-01 4.500000000000002887e-01 3.496940147680526745e-01
4.500000000000003997e-01 5.500000000000001554e-01 5.161373357294940512e-01
4.500000000000003997e-01 6.500000000000002442e-01 6.965836822028586006e-01
4.500000000000003997e-01 7.500000000000003331e-01 7.841493629209983496e-01
4.500000000000003997e-01 8.500000000000001998e-01 9.709998779792765600e-01
4.500000000000003997e-01 9.500000000000002887e-01 1.198442232715283051e+00
5.500000000000002665e-01 -9.499999999999998446e-01 1.711417587585845057e+00
5.500000000000002665e-01 -8.499999999999998668e-01 1.411404865767219796e+00
5.500000000000002665e-01 -7.499999999999997780e-01 9.685608706065471640e-01
5.500000000000002665e-01 -6.499999999999998002e-01 9.263681433070303228e-01
5.500000000000002665e-01 -5.499999999999998224e-01 7.643744539000206784e-01
5.500000000000002665e-01 -4.499999999999998446e-01 4.567328158116615855e-01
5.500000000000002665e-01 -3.499999999999997558e-01 3.348797598634758454e-01
5.500000000000002665e-01 -2.499999999999997780e-01 3.108457910626269416e-01
5.500000000000002665e-01 -1.499999999999998002e-01 3.209069183693968319e-01
5.500000000000002665e-01 -4.999999999999982236e-02 3.381786724870340932e-01
5.500000000000002665e-01 5.000000000000015543e-02 3.461879705987516154e-01
5.500000000000002665e-01 1.500000000000002442e-01 3.373215537758861293e-01
5.500000000000002665e-01 2.500000000000003331e-01 3.176457514902863988e-01
5.500000000000002665e-01 3.500000000000001998e-01 3.223839629359491754e-01
5.500000000000002665e-01 4.500000000000002887e-01 4.284946185509423966e-01
5.500000000000002665e-01 5.500000000000001554e-01 6.158291744813404467e-01
5.500000000000002665e-01 6.500000000000002442e-01 7.761173969637367165e-01
5.500000000000002665e-01 7.500000000000003331e-01 8.194036798444451764e-01
5.500000000000002665e-01 8.500000000000001998e-01 1.156704010424330020e+00
5.500000000000002665e-01 9.500000000000002887e-01 1.466988653651496000e+00
6.500000000000003553e-01 -9.499999999999998446e-01 1.370784659946569839e+00
6.500000000000003553e-01 -8.499999999999998668e-01 1.064706808602004617e+00
6.500000000000003553e-01 -7.499999999999997780e-01 9.538463671938154365e-01
6.500000000000003553e-01 -6.499999999999998002e-01 8.827961734418690032e-01
6.500000000000003553e-01 -5.499999999999998224e-01 6.738955104301013188e-01
6.500000000000003553e-01 -4.499999999999998446e-01 3.974098853822859434e-01
6.500000000000003553e-01 -3.499999999999997558e-01 3.385190978906114090e-01
6.500000000000003553e-01 -2.499999999999997780e-01 3.352322537133379243e-01
6.500000000000003553e-01 -1.499999999999998002e-01 3.523532754216891494e-01
6.500000000000003553e-01 -4.999999999999982236e-02 4.115436552765459055e-01
6.500000000000003553e-01 5.000000000000015543e-02 4.116397522322886027e-01
6.500000000000003553e-01 1.500000000000002442e-01 3.712786744753074908e-01
6.500000000000003553e-01 2.500000000000003331e-01 3.441208363908595524e-01
6.500000000000003553e-01 3.500000000000001998e-01 3.323766415487749981e-01
6.500000000000003553e-01 4.500000000000002887e-01 3.472476112286274619e-01
6.500000000000003553e-01 5.500000000000001554e-01 4.730430946166824802e-01
6.500000000000003553e-01 6.500000000000002442e-01 8.321688581816708563e-01
6.500000000000003553e-01 7.500000000000003331e-01 8.727493373383872211e-01
6.500000000000003553e-01 8.500000000000001998e-01 9.644340364268686461e-01
6.500000000000003553e-01 9.500000000000002887e-01 1.268887177834163715e+00
7.500000000000004441e-01 -9.499999999999998446e-01 1.137212957726942975e+00
7.500000000000004441e-01 -8.499999999999998668e-01 9.648914147234196603e-01
7.500000000000004441e-01 -7.499999999999997780e-01 8.319001343492183898e-01
7.500000000000004441e-01 -6.499999999999998002e-01 7.084111588993792230e-01
7.500000000000004441e-01 -5.499999999999998224e-01 5.356006590104298581e-01
7.500000000000004441e-01 -4.499999999999998446e-01 3.887696663493100391e-01
7.500000000000004441e-01 -3.499999999999997558e-01 3.900591519591511958e-01
7.500000000000004441e-01 -2.499999999999997780e-01 3.737785627041521064e-01
7.500000000000004441e-01 -1.499999999999998002e-01 4.702253118471347859e-01
7.500000000000004441e-01 -4.999999999999982236e-02 5.091932207100048347e-01
7.500000000000004441e-01 5.000000000000015543e-02 5.217156875361265156e-01
7.500000000000004441e-01 1.500000000000002442e-01 4.724242961752214143e-01
7.500000000000004441e-01 2.500000000000003331e-01 4.065845233549094662e-01
7.500000000000004441e-01 3.500000000000001998e-01 4.041741880833839562e-01
7.500000000000004441e-01 4.500000000000002887e-01 3.704293325216578281e-01
7.500000000000004441e-01 5.500000000000001554e-01 3.932012766135437598e-01
7.500000000000004441e-01 6.500000000000002442e-01 5.964328800445409806e-01
7.500000000000004441e-01 7.500000000000003331e-01 7.171810889810824596e-01
7.500000000000004441e-01 8.500000000000001998e-01 8.712782068508818645e-01
7.500000000000004441e-01 9.500000000000002887e-01 1.050156268568838591e+00
8.500000000000003109e-01 -9.499999999999998446e-01 7.544909048513656069e-01
8.500000000000003109e-01 -8.499999999999998668e-01 8.143485432794946854e-01
8.500000000000003109e-01 -7.499999999999997780e-01 7.368205540494230377e-01
8.500000000000003109e-01 -6.499999999999998002e-01 6.793724380164281040e-01
8.500000000000003109e-01 -5.499999999999998224e-01 5.334849780157778776e-01
8.500000000000003109e-01 -4.499999999999998446e-01 3.918870673383954006e-01
8.500000000000003109e-01 -3.499999999999997558e-01 5.163959351962602584e-01
8.500000000000003109e-01 -2.499999999999997780e-01 6.384987138032053311e-01
8.500000000000003109e-01 -1.499999999999998002e-01 7.270618606785725913e-01
8.500000000000003109e-01 -4.999999999999982236e-02 6.588525479178964916e-01
8.500000000000003109e-01 5.000000000000015543e-02 7.661958669088381191e-01
8.500000000000003109e-01 1.500000000000002442e-01 7.435414814144206685e-01
8.500000000000003109e-01 2.500000000000003331e-01 6.737476196690750374e-01
8.500000000000003109e-01 3.500000000000001998e-01 5.238027499385157215e-01
8.500000000000003109e-01 4.500000000000002887e-01 3.801916686999103345e-01
8.500000000000003109e-01 5.500000000000001554e-01 3.858506798282075878e-01
8.500000000000003109e-01 6.500000000000002442e-01 5.112150435874263099e-01
8.500000000000003109e-01 7.500000000000003331e-01 7.135388680402665607e-01
8.500000000000003109e-01 8.500000000000001998e-01 7.282695817029188889e-01
8.500000000000003109e-01 9.500000000000002887e-01 7.544909048513656069e-01
9.500000000000003997e-01 -9.499999999999998446e-01 5.847877515472462706e-01
9.500000000000003997e-01 -8.499999999999998668e-01 6.801227980727702072e-01
9.500000000000003997e-01 -7.499999999999997780e-01 5.613497317037200451e-01
9.500000000000003997e-01 -6.499999999999998002e-01 4.209932373910568737e-01
9.500000000000003997e-01 -5.499999999999998224e-01 4.261701931927567855e-01
9.500000000000003997e-01 -4.499999999999998446e-01 5.312923427466906823e-01
9.500000000000003997e-01 -3.499999999999997558e-01 7.097697699364515778e-01
9.500000000000003997e-01 -2.499999999999997780e-01 7.587808346134309323e-01
9.500000000000003997e-01 -1.499999999999998002e-01 9.246568749398852427e-01
9.500000000000003997e-01 -4.999999999999982236e-02 1.118298014784085082e+00
9.500000000000003997e-01 5.000000000000015543e-02 1.189424166834664121e+00
9.500000000000003997e-01 1.500000000000002442e-01 9.651041154278110490e-01
9.500000000000003997e-01 2.500000000000003331e-01 8.268907605755521084e-01
9.500000000000003997e-01 3.500000000000001998e-01 7.372747167549061897e-01
9.500000000000003997e-01 4.500000000000002887e-01 5.805708020456041840e-01
9.500000000000003997e-01 5.500000000000001554e-01 4.298931451609556698e-01
9.500000000000003997e-01 6.500000000000002442e-01 3.725061818056532581e-01
9.500000000000003997e-01 7.500000000000003331e-01 4.277460891587143710e-01
9.500000000000003997e-01 8.500000000000001998e-01 5.254317814547408982e-01
9.500000000000003997e-01 9.500000000000002887e-01 5.835313117502934910e-01
