-9.499999999999997335e-01 -9.499999999999998446e-01 7.551100639641750156e-01
-9.499999999999997335e-01 -8.499999999999998668e-01 8.423644170827679911e-01
-9.499999999999997335e-01 -7.499999999999997780e-01 8.905746883217098286e-01
-9.499999999999997335e-01 -6.499999999999998002e-01 7.660364339559331270e-01
-9.499999999999997335e-01 -5.499999999999998224e-01 7.555882996751747127e-01
-9.499999999999997335e-01 -4.499999999999998446e-01 8.091412744430283022e-01
-9.499999999999997335e-01 -3.499999999999997558e-01 7.932454493448046762e-01
-9.499999999999997335e-01 -2.499999999999997780e-01 7.736346273431510268e-01
-9.499999999999997335e-01 -1.499999999999998002e-01 7.392002712468951353e-01
-9.499999999999997335e-01 -4.999999999999982236e-02 7.899977532966765414e-01
-9.499999999999997335e-01 5.000000000000015543e-02 8.096404601063292850e-01
-9.499999999999997335e-01 1.500000000000002442e-01 7.660840981805204786e-01
-9.499999999999997335e-01 2.500000000000003331e-01 7.930229633801864075e-01
-9.499999999999997335e-01 3.500000000000001998e-01 8.011889508056174725e-01
-9.499999999999997335e-01 4.500000000000002887e-01 7.801942935381745992e-01
-9.499999999999997335e-01 5.500000000000001554e-01 7.606147919653273304e-01
-9.499999999999997335e-01 6.500000000000002442e-01 7.860240568058961541e-01
-9.499999999999997335e-01 7.500000000000003331e-01 9.096413330430405120e-01
-9.499999999999997335e-01 8.500000000000001998e-01 9.332596972358920828e-01
-9.499999999999997335e-01 9.500000000000002887e-01 7.884356457636223503e-01
-8.499999999999997558e-01 -9.499999999999998446e-01 7.194831253556859263e-01
-8.499999999999997558e-01 -8.499999999999998668e-01 7.830359254148614445e-01
-8.499999999999997558e-01 -7.499999999999997780e-01 8.269410893390997108e-01
-8.499999999999997558e-01 -6.499999999999998002e-01 8.120309060177914873e-01
-8.499999999999997558e-01 -5.499999999999998224e-01 7.278265134278154580e-01
-8.499999999999997558e-01 -4.499999999999998446e-01 7.243631047014634783e-01
-8.499999999999997558e-01 -3.499999999999997558e-01 7.792455795297315024e-01
-8.499999999999997558e-01 -2.499999999999997780e-01 7.894372838513131763e-01
-8.499999999999997558e-01 -1.499999999999998002e-01 7.930435851430948091e-01
-8.499999999999997558e-01 -4.999999999999982236e-02 7.755852729905596821e-01
-8.499999999999997558e-01 5.000000000000015543e-02 7.586597489433003494e-01
-8.499999999999997558e-01 1.500000000000002442e-01 8.009841955146050907e-01
-8.499999999999997558e-01 2.500000000000003331e-01 8.644138950335795712e-01
-8.499999999999997558e-01 3.500000000000001998e-01 8.170617478206355644e-01
-8.499999999999997558e-01 4.500000000000002887e-01 7.504619260990401663e-01
-8.499999999999997558e-01 5.500000000000001554e-01 7.470999550524232147e-01
-8.499999999999997558e-01 6.500000000000002442e-01 7.805710712727877976e-01
-8.499999999999997558e-01 7.500000000000003331e-01 8.393711837110712226e-01
-8.499999999999997558e-01 8.500000000000001998e-01 8.350586420545005328e-01
-8.499999999999997558e-01 9.500000000000002887e-01 7.194831253556859263e-01
-7.499999999999997780e-01 -9.499999999999998446e-01 8.102715945253925467e-01
-7.499999999999997780e-01 -8.499999999999998668e-01 8.155913782473581675e-01
-7.499999999999997780e-01 -7.499999999999997780e-01 8.015678141783334487e-01
-7.499999999999997780e-01 -6.499999999999998002e-01 8.400126430284176049e-01
-7.499999999999997780e-01 -5.499999999999998224e-01 8.339696217068134354e-01
-7.499999999999997780e-01 -4.499999999999998446e-01 7.950194946290598530e-01
-7.499999999999997780e-01 -3.499999999999997558e-01 8.534265388646974371e-01
-7.499999999999997780e-01 -2.499999999999997780e-01 8.798108261132381314e-01
-7.499999999999997780e-01 -1.499999999999998002e-01 8.641489841914042902e-01
-7.499999999999997780e-01 -4.999999999999982236e-02 8.125525191431844929e-01
-7.499999999999997780e-01 5.000000000000015543e-02 8.081812554117117076e-01
-7.499999999999997780e-01 1.500000000000002442e-01 8.510895169796200976e-01
-7.499999999999997780e-01 2.500000000000003331e-01 9.282492330735035990e-01
-7.499999999999997780e-01 3.500000000000001998e-01 9.165284708370122768e-01
-7.499999999999997780e-01 4.500000000000002887e-01 8.094408407663357119e-01
-7.499999999999997780e-01 5.500000000000001554e-01 7.954163036289203514e-01
-7.499999999999997780e-01 6.500000000000002442e-01 7.405021795362071169e-01
-7.499999999999997780e-01 7.500000000000003331e-01 7.807423533425648099e-01
-7.499999999999997780e-01 8.500000000000001998e-01 7.937456318467290828e-01
-7.499999999999997780e-01 9.500000000000002887e-01 8.101952883439420550e-01
-6.499999999999996891e-01 -9.499999999999998446e-01 1.015047312330000340e+00
-6.499999999999996891e-01 -8.499999999999998668e-01 8.379306407203531704e-01
-6.499999999999996891e-01 -7.499999999999997780e-01 7.243987959271342980e-01
-6.499999999999996891e-01 -6.499999999999998002e-01 7.452127759368301074e-01
-6.499999999999996891e-01 -5.499999999999998224e-01 8.369493464606140298e-01
-6.499999999999996891e-01 -4.499999999999998446e-01 9.483209952099926898e-01
-6.499999999999996891e-01 -3.499999999999997558e-01 9.324763607062547255e-01
-6.499999999999996891e-01 -2.499999999999997780e-01 9.078117928196094422e-01
-6.499999999999996891e-01 -1.499999999999998002e-01 8.951483256920590437e-01
-6.499999999999996891e-01 -4.999999999999982236e-02 8.142218482674751234e-01
-6.499999999999996891e-01 5.000000000000015543e-02 7.771064261760404213e-01
-6.499999999999996891e-01 1.500000000000002442e-01 8.767157354897108235e-01
-6.499999999999996891e-01 2.500000000000003331e-01 9.261390209640009141e-01
-6.499999999999996891e-01 3.500000000000001998e-01 9.092207181511477998e-01
-6.499999999999996891e-01 4.500000000000002887e-01 8.722986096857461291e-01
-6.499999999999996891e-01 5.500000000000001554e-01 8.390728526447776003e-01
-6.499999999999996891e-01 6.500000000000002442e-01 7.479622905559076829e-01
-6.499999999999996891e-01 7.500000000000003331e-01 7.335042346206174235e-01
-6.499999999999996891e-01 8.500000000000001998e-01 8.273484559404369332e-01
-6.499999999999996891e-01 9.500000000000002887e-01 9.495149947971132098e-01
-5.499999999999997113e-01 -9.499999999999998446e-01 1.337467354396733032e+00
-5.499999999999997113e-01 -8.499999999999998668e-01 1.053020651129359830e+00
-5.499999999999997113e-01 -7.499999999999997780e-01 7.844929119293314601e-01
-5.499999999999997113e-01 -6.499999999999998002e-01 7.278356989623521178e-01
-5.499999999999997113e-01 -5.499999999999998224e-01 8.204929971771142139e-01
-5.499999999999997113e-01 -4.499999999999998446e-01 8.548658077722512960e-01
-5.499999999999997113e-01 -3.499999999999997558e-01 8.136863453079891118e-01
-5.499999999999997113e-01 -2.499999999999997780e-01 8.491624897781758774e-01
-5.499999999999997113e-01 -1.499999999999998002e-01 8.168218399435420718e-01
-5.499999999999997113e-01 -4.999999999999982236e-02 7.477296313150642026e-01
-5.499999999999997113e-01 5.000000000000015543e-02 7.209979039077117902e-01
-5.499999999999997113e-01 1.500000000000002442e-01 8.907818275825896137e-01
-5.499999999999997113e-01 2.500000000000003331e-01 9.005248409881650984e-01
-5.499999999999997113e-01 3.500000000000001998e-01 8.489617171958812047e-01
-5.499999999999997113e-01 4.500000000000002887e-01 9.156559843639106022e-01
-5.499999999999997113e-01 5.500000000000001554e-01 8.555127845012360233e-01
-5.499999999999997113e-01 6.500000000000002442e-01 7.522956354584541261e-01
-5.499999999999997113e-01 7.500000000000003331e-01 7.525832396142532188e-01
-5.499999999999997113e-01 8.500000000000001998e-01 9.429267150970704892e-01
-5.499999999999997113e-01 9.500000000000002887e-01 1.186189362938524505e+00
-4.499999999999997335e-01 -9.499999999999998446e-01 1.019203015200501605e+00
-4.499999999999997335e-01 -8.499999999999998668e-01 8.595921693000121433e-01
-4.499999999999997335e-01 -7.499999999999997780e-01 7.514402505385526787e-01
-4.499999999999997335e-01 -6.499999999999998002e-01 7.989506551913856391e-01
-4.499999999999997335e-01 -5.499999999999998224e-01 7.767859230129084969e-01
-4.499999999999997335e-01 -4.499999999999998446e-01 8.328105309776594467e-01
-4.499999999999997335e-01 -3.499999999999997558e-01 8.173599958901044404e-01
-4.499999999999997335e-01 -2.499999999999997780e-01 8.652624994506742384e-01
-4.499999999999997335e-01 -1.499999999999998002e-01 8.816414550485016655e-01
-4.499999999999997335e-01 -4.999999999999982236e-02 8.076442374345289554e-01
-4.499999999999997335e-01 5.000000000000015543e-02 8.035009343010373062e-01
-4.499999999999997335e-01 1.500000000000002442e-01 8.234040375555139457e-01
-4.499999999999997335e-01 2.500000000000003331e-01 8.082187136773897329e-01
-4.499999999999997335e-01 3.500000000000001998e-01 8.576942380332797100e-01
-4.499999999999997335e-01 4.500000000000002887e-01 8.811766100297863114e-01
-4.499999999999997335e-01 5.500000000000001554e-01 8.305015941534443780e-01
-4.499999999999997335e-01 6.500000000000002442e-01 7.614355120466690385e-01
-4.499999999999997335e-01 7.500000000000003331e-01 7.577299652772236938e-01
-4.499999999999997335e-01 8.500000000000001998e-01 7.247378498554607473e-01
-4.499999999999997335e-01 9.500000000000002887e-01 8.516542769533955726e-01
-3.499999999999996447e-01 -9.499999999999998446e-01 7.784092920373174573e-01
-3.499999999999996447e-01 -8.499999999999998668e-01 7.761731428287955703e-01
-3.499999999999996447e-01 -7.499999999999997780e-01 8.186143849624568647e-01
-3.499999999999996447e-01 -6.499999999999998002e-01 7.906560223757642669e-01
-3.499999999999996447e-01 -5.499999999999998224e-01 7.417333023362797650e-01
-3.499999999999996447e-01 -4.499999999999998446e-01 7.606147919653273304e-01
-3.499999999999996447e-01 -3.499999999999997558e-01 7.860240568058961541e-01
-3.499999999999996447e-01 -2.499999999999997780e-01 9.096413330430405120e-01
-3.499999999999996447e-01 -1.499999999999998002e-01 9.332596972358920828e-01
-3.499999999999996447e-01 -4.999999999999982236e-02 7.884356457636223503e-01
-3.499999999999996447e-01 5.000000000000015543e-02 7.551100639641750156e-01
-3.499999999999996447e-01 1.500000000000002442e-01 8.423644170827679911e-01
-3.499999999999996447e-01 2.500000000000003331e-01 8.905746883217098286e-01
-3.499999999999996447e-01 3.500000000000001998e-01 7.660364339559331270e-01
-3.499999999999996447e-01 4.500000000000002887e-01 7.555882996751747127e-01
-3.499999999999996447e-01 5.500000000000001554e-01 7.543890555958659982e-01
-3.499999999999996447e-01 6.500000000000002442e-01 7.823373793924656150e-01
-3.499999999999996447e-01 7.500000000000003331e-01 7.849775613507659067e-01
-3.499999999999996447e-01 8.500000000000001998e-01 7.687467789605455515e-01
-3.499999999999996447e-01 9.500000000000002887e-01 7.843214929985112827e-01
-2.499999999999996669e-01 -9.499999999999998446e-01 7.586597489433003494e-01
-2.499999999999996669e-01 -8.499999999999998668e-01 8.009841955146050907e-01
-2.499999999999996669e-01 -7.499999999999997780e-01 9.015119069939926399e-01
-2.499999999999996669e-01 -6.499999999999998002e-01 9.011439713730515777e-01
-2.499999999999996669e-01 -5.499999999999998224e-01 7.618548000496749850e-01
-2.499999999999996669e-01 -4.499999999999998446e-01 7.622245691375999499e-01
-2.499999999999996669e-01 -3.499999999999997558e-01 7.415733243112563322e-01
-2.499999999999996669e-01 -2.499999999999997780e-01 7.681764831042030561e-01
-2.499999999999996669e-01 -1.499999999999998002e-01 8.443116914230631709e-01
-2.499999999999996669e-01 -4.999999999999982236e-02 7.811473515329226958e-01
-2.499999999999996669e-01 5.000000000000015543e-02 7.419003019294018175e-01
-2.499999999999996669e-01 1.500000000000002442e-01 7.806507344049424812e-01
-2.499999999999996669e-01 2.500000000000003331e-01 8.396197826573296163e-01
-2.499999999999996669e-01 3.500000000000001998e-01 8.045865316105227372e-01
-2.499999999999996669e-01 4.500000000000002887e-01 7.111628472972064685e-01
-2.499999999999996669e-01 5.500000000000001554e-01 7.661220785302844671e-01
-2.499999999999996669e-01 6.500000000000002442e-01 8.202894300196055255e-01
-2.499999999999996669e-01 7.500000000000003331e-01 8.912654697617492516e-01
-2.499999999999996669e-01 8.500000000000001998e-01 7.930435851430948091e-01
-2.499999999999996669e-01 9.500000000000002887e-01 7.755852729905596821e-01
-1.499999999999996891e-01 -9.499999999999998446e-01 8.081812554117117076e-01
-1.499999999999996891e-01 -8.499999999999998668e-01 8.510895169796200976e-01
-1.499999999999996891e-01 -7.499999999999997780e-01 9.282492330735035990e-01
-1.499999999999996891e-01 -6.499999999999998002e-01 8.925252176685287697e-01
-1.499999999999996891e-01 -5.499999999999998224e-01 8.132287272403486700e-01
-1.499999999999996891e-01 -4.499999999999998446e-01 7.783187232823177704e-01
-1.499999999999996891e-01 -3.499999999999997558e-01 7.655585140580279946e-01
-1.499999999999996891e-01 -2.499999999999997780e-01 7.514855033314178367e-01
-1.499999999999996891e-01 -1.499999999999998002e-01 7.832712011064137947e-01
-1.499999999999996891e-01 -4.999999999999982236e-02 8.907427982567689417e-01
-1.499999999999996891e-01 5.000000000000015543e-02 9.244208952522795508e-01
-1.499999999999996891e-01 1.500000000000002442e-01 8.654991980576375310e-01
-1.499999999999996891e-01 2.500000000000003331e-01 7.827679932679675323e-01
-1.499999999999996891e-01 3.500000000000001998e-01 7.899723646248196784e-01
-1.499999999999996891e-01 4.500000000000002887e-01 8.643742623910191103e-01
-1.499999999999996891e-01 5.500000000000001554e-01 8.590554012806919104e-01
-1.499999999999996891e-01 6.500000000000002442e-01 8.394722587519161117e-01
-1.499999999999996891e-01 7.500000000000003331e-01 8.798108261132381314e-01
-1.499999999999996891e-01 8.500000000000001998e-01 8.641489841914042902e-01
-1.499999999999996891e-01 9.500000000000002887e-01 8.125525191431844929e-01
-4.999999999999971134e-02 -9.499999999999998446e-01 7.515717105715576940e-01
-4.999999999999971134e-02 -8.499999999999998668e-01 8.922257364899692789e-01
-4.999999999999971134e-02 -7.499999999999997780e-01 8.872861111854756233e-01
-4.999999999999971134e-02 -6.499999999999998002e-01 8.713379061193836650e-01
-4.999999999999971134e-02 -5.499999999999998224e-01 8.722986096857461291e-01
-4.999999999999971134e-02 -4.499999999999998446e-01 8.390728526447776003e-01
-4.999999999999971134e-02 -3.499999999999997558e-01 7.479622905559076829e-01
-4.999999999999971134e-02 -2.499999999999997780e-01 7.335042346206174235e-01
-4.999999999999971134e-02 -1.499999999999998002e-01 8.273484559404369332e-01
-4.999999999999971134e-02 -4.999999999999982236e-02 9.495149947971132098e-01
-4.999999999999971134e-02 5.000000000000015543e-02 1.015047312330000340e+00
-4.999999999999971134e-02 1.500000000000002442e-01 8.379306407203531704e-01
-4.999999999999971134e-02 2.500000000000003331e-01 7.243987959271342980e-01
-4.999999999999971134e-02 3.500000000000001998e-01 7.452127759368301074e-01
-4.999999999999971134e-02 4.500000000000002887e-01 8.369493464606140298e-01
-4.999999999999971134e-02 5.500000000000001554e-01 9.483209952099926898e-01
-4.999999999999971134e-02 6.500000000000002442e-01 8.966759296247442945e-01
-4.999999999999971134e-02 7.500000000000003331e-01 9.102750055545425489e-01
-4.999999999999971134e-02 8.500000000000001998e-01 8.437741935865930021e-01
-4.999999999999971134e-02 9.500000000000002887e-01 7.618360605924709983e-01
5.000000000000026645e-02 -9.499999999999998446e-01 7.209979039077117902e-01
5.000000000000026645e-02 -8.499999999999998668e-01 8.907818275825896137e-01
5.000000000000026645e-02 -7.499999999999997780e-01 9.005248409881650984e-01
5.000000000000026645e-02 -6.499999999999998002e-01 8.489617171958812047e-01
5.000000000000026645e-02 -5.499999999999998224e-01 8.668406525302603249e-01
5.000000000000026645e-02 -4.499999999999998446e-01 8.575719920215532088e-01
5.000000000000026645e-02 -3.499999999999997558e-01 7.933334941030354415e-01
5.000000000000026645e-02 -2.499999999999997780e-01 7.217513561196349237e-01
5.000000000000026645e-02 -1.499999999999998002e-01 8.006647928433252570e-01
5.000000000000026645e-02 -4.999999999999982236e-02 1.022413904071723056e+00
5.000000000000026645e-02 5.000000000000015543e-02 1.101619908801502401e+00
5.000000000000026645e-02 1.500000000000002442e-01 8.578756875465791687e-01
5.000000000000026645e-02 2.500000000000003331e-01 7.609760442399212677e-01
5.000000000000026645e-02 3.500000000000001998e-01 7.613547323723258708e-01
5.000000000000026645e-02 4.500000000000002887e-01 8.137001214343123623e-01
5.000000000000026645e-02 5.500000000000001554e-01 8.090864856617412393e-01
5.000000000000026645e-02 6.500000000000002442e-01 8.136863453079891118e-01
5.000000000000026645e-02 7.500000000000003331e-01 8.491624897781758774e-01
5.000000000000026645e-02 8.500000000000001998e-01 8.168218399435420718e-01
5.000000000000026645e-02 9.500000000000002887e-01 7.477296313150642026e-01
1.500000000000003553e-01 -9.499999999999998446e-01 8.035009343010373062e-01
1.500000000000003553e-01 -8.499999999999998668e-01 8.234040375555139457e-01
1.500000000000003553e-01 -7.499999999999997780e-01 8.542101718164974988e-01
1.500000000000003553e-01 -6.499999999999998002e-01 8.706495861562089100e-01
1.500000000000003553e-01 -5.499999999999998224e-01 8.473062163425152393e-01
1.500000000000003553e-01 -4.499999999999998446e-01 8.442263157515510485e-01
1.500000000000003553e-01 -3.499999999999997558e-01 7.761316533923492411e-01
1.500000000000003553e-01 -2.499999999999997780e-01 7.226742200072334699e-01
1.500000000000003553e-01 -1.499999999999998002e-01 7.527222316784704104e-01
1.500000000000003553e-01 -4.999999999999982236e-02 8.516542769533955726e-01
1.500000000000003553e-01 5.000000000000015543e-02 1.019203015200501605e+00
1.500000000000003553e-01 1.500000000000002442e-01 8.848812758470395723e-01
1.500000000000003553e-01 2.500000000000003331e-01 7.548566643799945464e-01
1.500000000000003553e-01 3.500000000000001998e-01 7.972400864853246283e-01
1.500000000000003553e-01 4.500000000000002887e-01 8.094943224223632994e-01
1.500000000000003553e-01 5.500000000000001554e-01 7.995890283976930801e-01
1.500000000000003553e-01 6.500000000000002442e-01 7.951522887791563354e-01
1.500000000000003553e-01 7.500000000000003331e-01 8.368930936004619348e-01
1.500000000000003553e-01 8.500000000000001998e-01 8.816414550485016655e-01
1.500000000000003553e-01 9.500000000000002887e-01 8.076442374345289554e-01
2.500000000000004441e-01 -9.499999999999998446e-01 7.274145885482208307e-01
2.500000000000004441e-01 -8.499999999999998668e-01 8.356963538764068389e-01
2.500000000000004441e-01 -7.499999999999997780e-01 8.712318213083346530e-01
2.500000000000004441e-01 -6.499999999999998002e-01 8.049609108331003959e-01
2.500000000000004441e-01 -5.499999999999998224e-01 7.233069512347384267e-01
2.500000000000004441e-01 -4.499999999999998446e-01 7.543890555958659982e-01
2.500000000000004441e-01 -3.499999999999997558e-01 7.823373793924656150e-01
2.500000000000004441e-01 -2.499999999999997780e-01 7.849775613507659067e-01
2.500000000000004441e-01 -1.499999999999998002e-01 7.687467789605455515e-01
2.500000000000004441e-01 -4.999999999999982236e-02 7.843214929985112827e-01
2.500000000000004441e-01 5.000000000000015543e-02 7.784092920373174573e-01
2.500000000000004441e-01 1.500000000000002442e-01 7.761731428287955703e-01
2.500000000000004441e-01 2.500000000000003331e-01 8.186143849624568647e-01
2.500000000000004441e-01 3.500000000000001998e-01 7.906560223757642669e-01
2.500000000000004441e-01 4.500000000000002887e-01 7.417333023362797650e-01
2.500000000000004441e-01 5.500000000000001554e-01 7.288080951042037459e-01
2.500000000000004441e-01 6.500000000000002442e-01 8.311713416789444642e-01
2.500000000000004441e-01 7.500000000000003331e-01 9.600614680219904384e-01
2.500000000000004441e-01 8.500000000000001998e-01 8.846086499036818207e-01
2.500000000000004441e-01 9.500000000000002887e-01 7.517494701603041340e-01
3.500000000000003109e-01 -9.499999999999998446e-01 7.419003019294018175e-01
3.500000000000003109e-01 -8.499999999999998668e-01 7.806507344049424812e-01
3.500000000000003109e-01 -7.499999999999997780e-01 8.396197826573296163e-01
3.500000000000003109e-01 -6.499999999999998002e-01 8.045865316105227372e-01
3.500000000000003109e-01 -5.499999999999998224e-01 7.111628472972064685e-01
3.500000000000003109e-01 -4.499999999999998446e-01 7.504329608318994760e-01
3.500000000000003109e-01 -3.499999999999997558e-01 8.153564621340321228e-01
3.500000000000003109e-01 -2.499999999999997780e-01 8.971880923812673991e-01
3.500000000000003109e-01 -1.499999999999998002e-01 9.193951055557793017e-01
3.500000000000003109e-01 -4.999999999999982236e-02 7.829420601622183451e-01
3.500000000000003109e-01 5.000000000000015543e-02 7.765563255772154339e-01
3.500000000000003109e-01 1.500000000000002442e-01 8.619906986497197776e-01
3.500000000000003109e-01 2.500000000000003331e-01 9.638244885189802824e-01
3.500000000000003109e-01 3.500000000000001998e-01 8.327377366560222427e-01
3.500000000000003109e-01 4.500000000000002887e-01 7.603296183713852407e-01
3.500000000000003109e-01 5.500000000000001554e-01 7.622245691375999499e-01
3.500000000000003109e-01 6.500000000000002442e-01 7.415733243112563322e-01
3.500000000000003109e-01 7.500000000000003331e-01 7.681764831042030561e-01
3.500000000000003109e-01 8.500000000000001998e-01 8.443116914230631709e-01
3.500000000000003109e-01 9.500000000000002887e-01 7.811473515329226958e-01
4.500000000000003997e-01 -9.499999999999998446e-01 9.244208952522795508e-01
4.500000000000003997e-01 -8.499999999999998668e-01 8.357509883370091153e-01
4.500000000000003997e-01 -7.499999999999997780e-01 7.239121655291321789e-01
4.500000000000003997e-01 -6.499999999999998002e-01 7.832699613234633818e-01
4.500000000000003997e-01 -5.499999999999998224e-01 8.632065410806358807e-01
4.500000000000003997e-01 -4.499999999999998446e-01 8.884981505261440038e-01
4.500000000000003997e-01 -3.499999999999997558e-01 9.006862921964916557e-01
4.500000000000003997e-01 -2.499999999999997780e-01 8.803375832028064174e-01
4.500000000000003997e-01 -1.499999999999998002e-01 8.641489841914042902e-01
4.500000000000003997e-01 -4.999999999999982236e-02 8.125525191431844929e-01
4.500000000000003997e-01 5.000000000000015543e-02 8.081812554117117076e-01
4.500000000000003997e-01 1.500000000000002442e-01 8.510895169796200976e-01
4.500000000000003997e-01 2.500000000000003331e-01 8.823524158968075737e-01
4.500000000000003997e-01 3.500000000000001998e-01 9.510090000665669674e-01
4.500000000000003997e-01 4.500000000000002887e-01 8.524048555782940406e-01
4.500000000000003997e-01 5.500000000000001554e-01 7.875880088339158869e-01
4.500000000000003997e-01 6.500000000000002442e-01 7.597095389569438195e-01
4.500000000000003997e-01 7.500000000000003331e-01 7.500556243215155128e-01
4.500000000000003997e-01 8.500000000000001998e-01 7.479520176462647330e-01
4.500000000000003997e-01 9.500000000000002887e-01 8.907427982567689417e-01
5.500000000000002665e-01 -9.499999999999998446e-01 1.337467354396733032e+00
5.500000000000002665e-01 -8.499999999999998668e-01 1.013616072388298095e+00
5.500000000000002665e-01 -7.499999999999997780e-01 7.723164542569217472e-01
5.500000000000002665e-01 -6.499999999999998002e-01 7.217018329778014385e-01
5.500000000000002665e-01 -5.499999999999998224e-01 8.093482404100504901e-01
5.500000000000002665e-01 -4.499999999999998446e-01 8.940564872706349142e-01
5.500000000000002665e-01 -3.499999999999997558e-01 8.966759296247442945e-01
5.500000000000002665e-01 -2.499999999999997780e-01 9.102750055545425489e-01
5.500000000000002665e-01 -1.499999999999998002e-01 8.437741935865930021e-01
5.500000000000002665e-01 -4.999999999999982236e-02 7.618360605924709983e-01
5.500000000000002665e-01 5.000000000000015543e-02 7.515717105715576940e-01
5.500000000000002665e-01 1.500000000000002442e-01 8.922257364899692789e-01
5.500000000000002665e-01 2.500000000000003331e-01 8.872861111854756233e-01
5.500000000000002665e-01 3.500000000000001998e-01 8.713379061193836650e-01
5.500000000000002665e-01 4.500000000000002887e-01 9.025332017916335436e-01
5.500000000000002665e-01 5.500000000000001554e-01 8.320322260968407990e-01
5.500000000000002665e-01 6.500000000000002442e-01 7.350244322898510374e-01
5.500000000000002665e-01 7.500000000000003331e-01 7.710747023482599216e-01
5.500000000000002665e-01 8.500000000000001998e-01 9.271325710755872196e-01
5.500000000000002665e-01 9.500000000000002887e-01 1.186189362938524505e+00
6.500000000000003553e-01 -9.499999999999998446e-01 1.101619908801502401e+00
6.500000000000003553e-01 -8.499999999999998668e-01 8.578756875465791687e-01
6.500000000000003553e-01 -7.499999999999997780e-01 7.609760442399212677e-01
6.500000000000003553e-01 -6.499999999999998002e-01 7.613547323723258708e-01
6.500000000000003553e-01 -5.499999999999998224e-01 8.137001214343123623e-01
6.500000000000003553e-01 -4.499999999999998446e-01 8.090864856617412393e-01
6.500000000000003553e-01 -3.499999999999997558e-01 8.411840548479631030e-01
6.500000000000003553e-01 -2.499999999999997780e-01 8.303198402723077631e-01
6.500000000000003553e-01 -1.499999999999998002e-01 8.529076962329569245e-01
6.500000000000003553e-01 -4.999999999999982236e-02 8.038285646545147989e-01
6.500000000000003553e-01 5.000000000000015543e-02 7.633346596825538732e-01
6.500000000000003553e-01 1.500000000000002442e-01 8.300095238177628287e-01
6.500000000000003553e-01 2.500000000000003331e-01 8.527135865876124265e-01
6.500000000000003553e-01 3.500000000000001998e-01 8.759468792567943751e-01
6.500000000000003553e-01 4.500000000000002887e-01 8.668406525302603249e-01
6.500000000000003553e-01 5.500000000000001554e-01 8.575719920215532088e-01
6.500000000000003553e-01 6.500000000000002442e-01 7.933334941030354415e-01
6.500000000000003553e-01 7.500000000000003331e-01 7.217513561196349237e-01
6.500000000000003553e-01 8.500000000000001998e-01 8.006647928433252570e-01
6.500000000000003553e-01 9.500000000000002887e-01 1.022413904071723056e+00
7.500000000000004441e-01 -9.499999999999998446e-01 8.096404601063292850e-01
7.500000000000004441e-01 -8.499999999999998668e-01 7.660840981805204786e-01
7.500000000000004441e-01 -7.499999999999997780e-01 7.930229633801864075e-01
7.500000000000004441e-01 -6.499999999999998002e-01 7.920823840142867667e-01
7.500000000000004441e-01 -5.499999999999998224e-01 7.918888602959383016e-01
7.500000000000004441e-01 -4.499999999999998446e-01 7.799635685211356861e-01
7.500000000000004441e-01 -3.499999999999997558e-01 8.198358479942231547e-01
7.500000000000004441e-01 -2.499999999999997780e-01 8.368930936004619348e-01
7.500000000000004441e-01 -1.499999999999998002e-01 8.816414550485016655e-01
7.500000000000004441e-01 -4.999999999999982236e-02 8.076442374345289554e-01
7.500000000000004441e-01 5.000000000000015543e-02 8.035009343010373062e-01
7.500000000000004441e-01 1.500000000000002442e-01 8.234040375555139457e-01
7.500000000000004441e-01 2.500000000000003331e-01 8.542101718164974988e-01
7.500000000000004441e-01 3.500000000000001998e-01 8.673525825177655912e-01
7.500000000000004441e-01 4.500000000000002887e-01 7.887877686126908428e-01
7.500000000000004441e-01 5.500000000000001554e-01 8.563260428691097381e-01
7.500000000000004441e-01 6.500000000000002442e-01 8.073386632365224802e-01
7.500000000000004441e-01 7.500000000000003331e-01 7.736346273431510268e-01
7.500000000000004441e-01 8.500000000000001998e-01 7.392002712468951353e-01
7.500000000000004441e-01 9.500000000000002887e-01 7.899977532966765414e-01
8.500000000000003109e-01 -9.499999999999998446e-01 7.916402750510919129e-01
8.500000000000003109e-01 -8.499999999999998668e-01 7.709477939184944395e-01
8.500000000000003109e-01 -7.499999999999997780e-01 8.045885813525819330e-01
8.500000000000003109e-01 -6.499999999999998002e-01 8.138971017502406591e-01
8.500000000000003109e-01 -5.499999999999998224e-01 7.747569567181755712e-01
8.500000000000003109e-01 -4.499999999999998446e-01 7.203551430485461982e-01
8.500000000000003109e-01 -3.499999999999997558e-01 7.531852260801827903e-01
8.500000000000003109e-01 -2.499999999999997780e-01 8.582752179460397812e-01
8.500000000000003109e-01 -1.499999999999998002e-01 8.846086499036818207e-01
8.500000000000003109e-01 -4.999999999999982236e-02 7.517494701603041340e-01
8.500000000000003109e-01 5.000000000000015543e-02 7.274145885482208307e-01
8.500000000000003109e-01 1.500000000000002442e-01 8.356963538764068389e-01
8.500000000000003109e-01 2.500000000000003331e-01 8.307461504421573828e-01
8.500000000000003109e-01 3.500000000000001998e-01 7.664784837762627090e-01
8.500000000000003109e-01 4.500000000000002887e-01 7.152739463111437157e-01
8.500000000000003109e-01 5.500000000000001554e-01 7.643293168416938066e-01
8.500000000000003109e-01 6.500000000000002442e-01 7.839277117331487910e-01
8.500000000000003109e-01 7.500000000000003331e-01 7.700992470834936432e-01
8.500000000000003109e-01 8.500000000000001998e-01 7.682809021926055859e-01
8.500000000000003109e-01 9.500000000000002887e-01 7.916402750510919129e-01
9.500000000000003997e-01 -9.499999999999998446e-01 7.765563255772154339e-01
9.500000000000003997e-01 -8.499999999999998668e-01 8.619906986497197776e-01
9.500000000000003997e-01 -7.499999999999997780e-01 9.638244885189802824e-01
9.500000000000003997e-01 -6.499999999999998002e-01 8.327377366560222427e-01
9.500000000000003997e-01 -5.499999999999998224e-01 7.603296183713852407e-01
9.500000000000003997e-01 -4.499999999999998446e-01 7.519817734389406816e-01
9.500000000000003997e-01 -3.499999999999997558e-01 7.436862336756706604e-01
9.500000000000003997e-01 -2.499999999999997780e-01 7.807423533425648099e-01
9.500000000000003997e-01 -1.499999999999998002e-01 7.937456318467290828e-01
9.500000000000003997e-01 -4.999999999999982236e-02 8.101952883439420550e-01
9.500000000000003997e-01 5.000000000000015543e-02 8.102715945253925467e-01
9.500000000000003997e-01 1.500000000000002442e-01 8.155913782473581675e-01
9.500000000000003997e-01 2.500000000000003331e-01 8.015678141783334487e-01
9.500000000000003997e-01 3.500000000000001998e-01 8.370310450172584460e-01
9.500000000000003997e-01 4.500000000000002887e-01 8.122055126099516631e-01
9.500000000000003997e-01 5.500000000000001554e-01 7.504329608318994760e-01
9.500000000000003997e-01 6.500000000000002442e-01 8.153564621340321228e-01
9.500000000000003997e-01 7.500000000000003331e-01 8.971880923812673991e-01
9.500000000000003997e-01 8.500000000000001998e-01 9.193951055557793017e-01
9.500000000000003997e-01 9.500000000000002887e-01 7.829420601622183451e-01
