-9.499999999999997335e-01 -9.499999999999998446e-01 4.409230448012128600e-01
-9.499999999999997335e-01 -8.499999999999998668e-01 4.403397544582617340e-01
-9.499999999999997335e-01 -7.499999999999997780e-01 4.657364851258769534e-01
-9.499999999999997335e-01 -6.499999999999998002e-01 4.842980493198734138e-01
-9.499999999999997335e-01 -5.499999999999998224e-01 4.906664560184942903e-01
-9.499999999999997335e-01 -4.499999999999998446e-01 4.614399986584336033e-01
-9.499999999999997335e-01 -3.499999999999997558e-01 4.882211159833016456e-01
-9.499999999999997335e-01 -2.499999999999997780e-01 4.889107335486238548e-01
-9.499999999999997335e-01 -1.499999999999998002e-01 5.261816489624265847e-01
-9.499999999999997335e-01 -4.999999999999982236e-02 5.613872787907158157e-01
-9.499999999999997335e-01 5.000000000000015543e-02 5.442674556783950734e-01
-9.499999999999997335e-01 1.500000000000002442e-01 5.543388983952255433e-01
-9.499999999999997335e-01 2.500000000000003331e-01 5.332804885352340207e-01
-9.499999999999997335e-01 3.500000000000001998e-01 4.841025501423515398e-01
-9.499999999999997335e-01 4.500000000000002887e-01 4.930764047801608485e-01
-9.499999999999997335e-01 5.500000000000001554e-01 4.734505931070057683e-01
-9.499999999999997335e-01 6.500000000000002442e-01 4.824976041219403711e-01
-9.499999999999997335e-01 7.500000000000003331e-01 4.683601392138128094e-01
-9.499999999999997335e-01 8.500000000000001998e-01 4.545006567592623226e-01
-9.499999999999997335e-01 9.500000000000002887e-01 4.691323859073864289e-01
-8.499999999999997558e-01 -9.499999999999998446e-01 5.078395952326912877e-01
-8.499999999999997558e-01 -8.499999999999998668e-01 4.944763506664099917e-01
-8.499999999999997558e-01 -7.499999999999997780e-01 4.662638042617427980e-01
-8.499999999999997558e-01 -6.499999999999998002e-01 4.698607153651269686e-01
-8.499999999999997558e-01 -5.499999999999998224e-01 4.698041726625685199e-01
-8.499999999999997558e-01 -4.499999999999998446e-01 4.930053304003895742e-01
-8.499999999999997558e-01 -3.499999999999997558e-01 4.794037432143894994e-01
-8.499999999999997558e-01 -2.499999999999997780e-01 4.587435112399609327e-01
-8.499999999999997558e-01 -1.499999999999998002e-01 4.792901173483366528e-01
-8.499999999999997558e-01 -4.999999999999982236e-02 5.070130063938662612e-01
-8.499999999999997558e-01 5.000000000000015543e-02 5.184789161146795555e-01
-8.499999999999997558e-01 1.500000000000002442e-01 4.726948919729824228e-01
-8.499999999999997558e-01 2.500000000000003331e-01 4.767447378085951648e-01
-8.499999999999997558e-01 3.500000000000001998e-01 4.876205813315469539e-01
-8.499999999999997558e-01 4.500000000000002887e-01 5.229302687790496895e-01
-8.499999999999997558e-01 5.500000000000001554e-01 4.749134568270382273e-01
-8.499999999999997558e-01 6.500000000000002442e-01 4.606363541033982600e-01
-8.499999999999997558e-01 7.500000000000003331e-01 4.877596719756519539e-01
-8.499999999999997558e-01 8.500000000000001998e-01 4.683832430793132273e-01
-8.499999999999997558e-01 9.500000000000002887e-01 5.078395952326912877e-01
-7.499999999999997780e-01 -9.499999999999998446e-01 5.322802396407093628e-01
-7.499999999999997780e-01 -8.499999999999998668e-01 5.272028081488348006e-01
-7.499999999999997780e-01 -7.499999999999997780e-01 5.074871373942653197e-01
-7.499999999999997780e-01 -6.499999999999998002e-01 4.731801244808761520e-01
-7.499999999999997780e-01 -5.499999999999998224e-01 4.695331170679067356e-01
-7.499999999999997780e-01 -4.499999999999998446e-01 4.690300787758110435e-01
-7.499999999999997780e-01 -3.499999999999997558e-01 4.728120917255492217e-01
-7.499999999999997780e-01 -2.499999999999997780e-01 4.688787105388182441e-01
-7.499999999999997780e-01 -1.499999999999998002e-01 5.157953075091745720e-01
-7.499999999999997780e-01 -4.999999999999982236e-02 4.846561998130337612e-01
-7.499999999999997780e-01 5.000000000000015543e-02 4.724757881098654022e-01
-7.499999999999997780e-01 1.500000000000002442e-01 4.844618327284529458e-01
-7.499999999999997780e-01 2.500000000000003331e-01 4.674278085555044204e-01
-7.499999999999997780e-01 3.500000000000001998e-01 4.918202703107317775e-01
-7.499999999999997780e-01 4.500000000000002887e-01 4.778464382746088757e-01
-7.499999999999997780e-01 5.500000000000001554e-01 4.517747098937933692e-01
-7.499999999999997780e-01 6.500000000000002442e-01 4.539692829830053733e-01
-7.499999999999997780e-01 7.500000000000003331e-01 4.677801413456791901e-01
-7.499999999999997780e-01 8.500000000000001998e-01 5.378458379965562752e-01
-7.499999999999997780e-01 9.500000000000002887e-01 5.506130122816582650e-01
-6.499999999999996891e-01 -9.499999999999998446e-01 7.653767148257938358e-01
-6.499999999999996891e-01 -8.499999999999998668e-01 6.590374717114257930e-01
-6.499999999999996891e-01 -7.499999999999997780e-01 5.211845863859450034e-01
-6.499999999999996891e-01 -6.499999999999998002e-01 4.818268271241603617e-01
-6.499999999999996891e-01 -5.499999999999998224e-01 4.628896793240595553e-01
-6.499999999999996891e-01 -4.499999999999998446e-01 4.288253730611260028e-01
-6.499999999999996891e-01 -3.499999999999997558e-01 4.717387291879840960e-01
-6.499999999999996891e-01 -2.499999999999997780e-01 4.730309013483496861e-01
-6.499999999999996891e-01 -1.499999999999998002e-01 4.711012387764316189e-01
-6.499999999999996891e-01 -4.999999999999982236e-02 5.276776662899582693e-01
-6.499999999999996891e-01 5.000000000000015543e-02 4.902384728435832395e-01
-6.499999999999996891e-01 1.500000000000002442e-01 4.864527245489225771e-01
-6.499999999999996891e-01 2.500000000000003331e-01 4.861385794931102344e-01
-6.499999999999996891e-01 3.500000000000001998e-01 4.820898580208954898e-01
-6.499999999999996891e-01 4.500000000000002887e-01 4.436051292909941601e-01
-6.499999999999996891e-01 5.500000000000001554e-01 4.302332051329422202e-01
-6.499999999999996891e-01 6.500000000000002442e-01 4.542396631865388001e-01
-6.499999999999996891e-01 7.500000000000003331e-01 4.945002822954871480e-01
-6.499999999999996891e-01 8.500000000000001998e-01 6.032916989648257067e-01
-6.499999999999996891e-01 9.500000000000002887e-01 7.377519367265975569e-01
-5.499999999999997113e-01 -9.499999999999998446e-01 9.493158153670065991e-01
-5.499999999999997113e-01 -8.499999999999998668e-01 7.685994863676376410e-01
-5.499999999999997113e-01 -7.499999999999997780e-01 6.337147208922129238e-01
-5.499999999999997113e-01 -6.499999999999998002e-01 5.177607887767912143e-01
-5.499999999999997113e-01 -5.499999999999998224e-01 4.755486100791763704e-01
-5.499999999999997113e-01 -4.499999999999998446e-01 4.668004505449262487e-01
-5.499999999999997113e-01 -3.499999999999997558e-01 4.192629753806520476e-01
-5.499999999999997113e-01 -2.499999999999997780e-01 4.337680255397602935e-01
-5.499999999999997113e-01 -1.499999999999998002e-01 4.668392306165937145e-01
-5.499999999999997113e-01 -4.999999999999982236e-02 5.178198227929605713e-01
-5.499999999999997113e-01 5.000000000000015543e-02 5.801127697416059714e-01
-5.499999999999997113e-01 1.500000000000002442e-01 5.133069816712079181e-01
-5.499999999999997113e-01 2.500000000000003331e-01 4.672380936489007874e-01
-5.499999999999997113e-01 3.500000000000001998e-01 4.023682641345365796e-01
-5.499999999999997113e-01 4.500000000000002887e-01 4.210197219912322208e-01
-5.499999999999997113e-01 5.500000000000001554e-01 4.442334475859809340e-01
-5.499999999999997113e-01 6.500000000000002442e-01 4.626982561826787355e-01
-5.499999999999997113e-01 7.500000000000003331e-01 5.317981088474317275e-01
-5.499999999999997113e-01 8.500000000000001998e-01 6.584670207425438182e-01
-5.499999999999997113e-01 9.500000000000002887e-01 8.182558975790950040e-01
-4.499999999999997335e-01 -9.499999999999998446e-01 6.210675849544214921e-01
-4.499999999999997335e-01 -8.499999999999998668e-01 6.136169173215222372e-01
-4.499999999999997335e-01 -7.499999999999997780e-01 5.558250472777023221e-01
-4.499999999999997335e-01 -6.499999999999998002e-01 5.199792579402691128e-01
-4.499999999999997335e-01 -5.499999999999998224e-01 4.593454768224749518e-01
-4.499999999999997335e-01 -4.499999999999998446e-01 4.736484977566967625e-01
-4.499999999999997335e-01 -3.499999999999997558e-01 4.441426654582899536e-01
-4.499999999999997335e-01 -2.499999999999997780e-01 4.533977136869637437e-01
-4.499999999999997335e-01 -1.499999999999998002e-01 4.713719160435471123e-01
-4.499999999999997335e-01 -4.999999999999982236e-02 4.172110091925934072e-01
-4.499999999999997335e-01 5.000000000000015543e-02 4.370629346169470630e-01
-4.499999999999997335e-01 1.500000000000002442e-01 4.630510812280757005e-01
-4.499999999999997335e-01 2.500000000000003331e-01 4.854223496876226007e-01
-4.499999999999997335e-01 3.500000000000001998e-01 4.673838098484091597e-01
-4.499999999999997335e-01 4.500000000000002887e-01 4.489801121574882314e-01
-4.499999999999997335e-01 5.500000000000001554e-01 4.468570438257850608e-01
-4.499999999999997335e-01 6.500000000000002442e-01 4.537742432543508397e-01
-4.499999999999997335e-01 7.500000000000003331e-01 4.884915020866917867e-01
-4.499999999999997335e-01 8.500000000000001998e-01 5.641083364278182133e-01
-4.499999999999997335e-01 9.500000000000002887e-01 5.787463253571799582e-01
-3.499999999999996447e-01 -9.499999999999998446e-01 5.245545790835217659e-01
-3.499999999999996447e-01 -8.499999999999998668e-01 5.220872544755866818e-01
-3.499999999999996447e-01 -7.499999999999997780e-01 4.931857063183202605e-01
-3.499999999999996447e-01 -6.499999999999998002e-01 4.702706091547301792e-01
-3.499999999999996447e-01 -5.499999999999998224e-01 4.877114237154286380e-01
-3.499999999999996447e-01 -4.499999999999998446e-01 4.734505931070057683e-01
-3.499999999999996447e-01 -3.499999999999997558e-01 4.824976041219403711e-01
-3.499999999999996447e-01 -2.499999999999997780e-01 4.683601392138128094e-01
-3.499999999999996447e-01 -1.499999999999998002e-01 4.545006567592623226e-01
-3.499999999999996447e-01 -4.999999999999982236e-02 4.691323859073864289e-01
-3.499999999999996447e-01 5.000000000000015543e-02 4.409230448012128600e-01
-3.499999999999996447e-01 1.500000000000002442e-01 4.403397544582617340e-01
-3.499999999999996447e-01 2.500000000000003331e-01 4.657364851258769534e-01
-3.499999999999996447e-01 3.500000000000001998e-01 4.842980493198734138e-01
-3.499999999999996447e-01 4.500000000000002887e-01 4.906664560184942903e-01
-3.499999999999996447e-01 5.500000000000001554e-01 4.961516925292522862e-01
-3.499999999999996447e-01 6.500000000000002442e-01 4.760768765987829498e-01
-3.499999999999996447e-01 7.500000000000003331e-01 4.921709781947264384e-01
-3.499999999999996447e-01 8.500000000000001998e-01 4.893131269719948606e-01
-3.499999999999996447e-01 9.500000000000002887e-01 5.222616396880124245e-01
-2.499999999999996669e-01 -9.499999999999998446e-01 5.184789161146795555e-01
-2.499999999999996669e-01 -8.499999999999998668e-01 4.726948919729824228e-01
-2.499999999999996669e-01 -7.499999999999997780e-01 4.687307525758525606e-01
-2.499999999999996669e-01 -6.499999999999998002e-01 4.761279948600464773e-01
-2.499999999999996669e-01 -5.499999999999998224e-01 5.175844453191258410e-01
-2.499999999999996669e-01 -4.499999999999998446e-01 4.932503308638331307e-01
-2.499999999999996669e-01 -3.499999999999997558e-01 4.447364389688110986e-01
-2.499999999999996669e-01 -2.499999999999997780e-01 4.846823751600430885e-01
-2.499999999999996669e-01 -1.499999999999998002e-01 4.964019179087202360e-01
-2.499999999999996669e-01 -4.999999999999982236e-02 5.008437564181812407e-01
-2.499999999999996669e-01 5.000000000000015543e-02 5.102909764145191485e-01
-2.499999999999996669e-01 1.500000000000002442e-01 5.051531253567157487e-01
-2.499999999999996669e-01 2.500000000000003331e-01 4.756839459707114526e-01
-2.499999999999996669e-01 3.500000000000001998e-01 4.603008784128952979e-01
-2.499999999999996669e-01 4.500000000000002887e-01 4.706123422124558475e-01
-2.499999999999996669e-01 5.500000000000001554e-01 4.880030494488423187e-01
-2.499999999999996669e-01 6.500000000000002442e-01 4.724739170206696537e-01
-2.499999999999996669e-01 7.500000000000003331e-01 4.573580927700949261e-01
-2.499999999999996669e-01 8.500000000000001998e-01 4.792901173483366528e-01
-2.499999999999996669e-01 9.500000000000002887e-01 5.070130063938662612e-01
-1.499999999999996891e-01 -9.499999999999998446e-01 4.724757881098654022e-01
-1.499999999999996891e-01 -8.499999999999998668e-01 4.844618327284529458e-01
-1.499999999999996891e-01 -7.499999999999997780e-01 4.674278085555044204e-01
-1.499999999999996891e-01 -6.499999999999998002e-01 4.894651671892183420e-01
-1.499999999999996891e-01 -5.499999999999998224e-01 4.662395215163553375e-01
-1.499999999999996891e-01 -4.499999999999998446e-01 4.495026215250916835e-01
-1.499999999999996891e-01 -3.499999999999997558e-01 4.603645858214825415e-01
-1.499999999999996891e-01 -2.499999999999997780e-01 5.132906876143569219e-01
-1.499999999999996891e-01 -1.499999999999998002e-01 5.699902057523001941e-01
-1.499999999999996891e-01 -4.999999999999982236e-02 6.226778912145447542e-01
-1.499999999999996891e-01 5.000000000000015543e-02 6.058372730455714450e-01
-1.499999999999996891e-01 1.500000000000002442e-01 5.531826131444210759e-01
-1.499999999999996891e-01 2.500000000000003331e-01 5.427481973806754789e-01
-1.499999999999996891e-01 3.500000000000001998e-01 5.145031655523795155e-01
-1.499999999999996891e-01 4.500000000000002887e-01 4.464905107556205732e-01
-1.499999999999996891e-01 5.500000000000001554e-01 4.686271946407548072e-01
-1.499999999999996891e-01 6.500000000000002442e-01 4.721873087415889292e-01
-1.499999999999996891e-01 7.500000000000003331e-01 4.688787105388182441e-01
-1.499999999999996891e-01 8.500000000000001998e-01 5.157953075091745720e-01
-1.499999999999996891e-01 9.500000000000002887e-01 4.846561998130337612e-01
-4.999999999999971134e-02 -9.499999999999998446e-01 5.888172755038832973e-01
-4.999999999999971134e-02 -8.499999999999998668e-01 5.041504386486169720e-01
-4.999999999999971134e-02 -7.499999999999997780e-01 4.794989084900190268e-01
-4.999999999999971134e-02 -6.499999999999998002e-01 4.341322783781348948e-01
-4.999999999999971134e-02 -5.499999999999998224e-01 4.436051292909941601e-01
-4.999999999999971134e-02 -4.499999999999998446e-01 4.302332051329422202e-01
-4.999999999999971134e-02 -3.499999999999997558e-01 4.542396631865388001e-01
-4.999999999999971134e-02 -2.499999999999997780e-01 4.945002822954871480e-01
-4.999999999999971134e-02 -1.499999999999998002e-01 6.032916989648257067e-01
-4.999999999999971134e-02 -4.999999999999982236e-02 7.377519367265975569e-01
-4.999999999999971134e-02 5.000000000000015543e-02 7.653767148257938358e-01
-4.999999999999971134e-02 1.500000000000002442e-01 6.590374717114257930e-01
-4.999999999999971134e-02 2.500000000000003331e-01 5.211845863859450034e-01
-4.999999999999971134e-02 3.500000000000001998e-01 4.818268271241603617e-01
-4.999999999999971134e-02 4.500000000000002887e-01 4.628896793240595553e-01
-4.999999999999971134e-02 5.500000000000001554e-01 4.288253730611260028e-01
-4.999999999999971134e-02 6.500000000000002442e-01 4.214443596018726534e-01
-4.999999999999971134e-02 7.500000000000003331e-01 4.374874372766546227e-01
-4.999999999999971134e-02 8.500000000000001998e-01 4.802093019578975719e-01
-4.999999999999971134e-02 9.500000000000002887e-01 5.222208615885738370e-01
5.000000000000026645e-02 -9.499999999999998446e-01 5.801127697416059714e-01
5.000000000000026645e-02 -8.499999999999998668e-01 5.133069816712079181e-01
5.000000000000026645e-02 -7.499999999999997780e-01 4.672380936489007874e-01
5.000000000000026645e-02 -6.499999999999998002e-01 4.023682641345365796e-01
5.000000000000026645e-02 -5.499999999999998224e-01 4.210701533302119715e-01
5.000000000000026645e-02 -4.499999999999998446e-01 4.286067785648246531e-01
5.000000000000026645e-02 -3.499999999999997558e-01 4.570615741428904477e-01
5.000000000000026645e-02 -2.499999999999997780e-01 4.771975368067076229e-01
5.000000000000026645e-02 -1.499999999999998002e-01 5.966800662390927545e-01
5.000000000000026645e-02 -4.999999999999982236e-02 6.918903089221062341e-01
5.000000000000026645e-02 5.000000000000015543e-02 7.381923001662797912e-01
5.000000000000026645e-02 1.500000000000002442e-01 6.961650426990135809e-01
5.000000000000026645e-02 2.500000000000003331e-01 5.535384854979379377e-01
5.000000000000026645e-02 3.500000000000001998e-01 5.029354852946247290e-01
5.000000000000026645e-02 4.500000000000002887e-01 4.777686194675249132e-01
5.000000000000026645e-02 5.500000000000001554e-01 4.254065594915439896e-01
5.000000000000026645e-02 6.500000000000002442e-01 4.192629753806520476e-01
5.000000000000026645e-02 7.500000000000003331e-01 4.337680255397602935e-01
5.000000000000026645e-02 8.500000000000001998e-01 4.668392306165937145e-01
5.000000000000026645e-02 9.500000000000002887e-01 5.178198227929605713e-01
1.500000000000003553e-01 -9.499999999999998446e-01 4.370629346169470630e-01
1.500000000000003553e-01 -8.499999999999998668e-01 4.630510812280757005e-01
1.500000000000003553e-01 -7.499999999999997780e-01 4.612242321846122262e-01
1.500000000000003553e-01 -6.499999999999998002e-01 4.775068799076563897e-01
1.500000000000003553e-01 -5.499999999999998224e-01 4.434892966434243466e-01
1.500000000000003553e-01 -4.499999999999998446e-01 4.544752322310400827e-01
1.500000000000003553e-01 -3.499999999999997558e-01 4.674875871518054393e-01
1.500000000000003553e-01 -2.499999999999997780e-01 5.187351733834556500e-01
1.500000000000003553e-01 -1.499999999999998002e-01 5.513777195576856638e-01
1.500000000000003553e-01 -4.999999999999982236e-02 5.787463253571799582e-01
1.500000000000003553e-01 5.000000000000015543e-02 6.210675849544214921e-01
1.500000000000003553e-01 1.500000000000002442e-01 5.768915750590946079e-01
1.500000000000003553e-01 2.500000000000003331e-01 5.689640823881308984e-01
1.500000000000003553e-01 3.500000000000001998e-01 5.305976152281732805e-01
1.500000000000003553e-01 4.500000000000002887e-01 4.764701661143475042e-01
1.500000000000003553e-01 5.500000000000001554e-01 4.719108817792962429e-01
1.500000000000003553e-01 6.500000000000002442e-01 4.539907209854324166e-01
1.500000000000003553e-01 7.500000000000003331e-01 4.450016561603009069e-01
1.500000000000003553e-01 8.500000000000001998e-01 4.713719160435471123e-01
1.500000000000003553e-01 9.500000000000002887e-01 4.172110091925934072e-01
2.500000000000004441e-01 -9.499999999999998446e-01 4.867009032499616805e-01
2.500000000000004441e-01 -8.499999999999998668e-01 4.538210786008963771e-01
2.500000000000004441e-01 -7.499999999999997780e-01 4.550692845788545937e-01
2.500000000000004441e-01 -6.499999999999998002e-01 4.645781343043872136e-01
2.500000000000004441e-01 -5.499999999999998224e-01 5.097524091659302314e-01
2.500000000000004441e-01 -4.499999999999998446e-01 4.961516925292522862e-01
2.500000000000004441e-01 -3.499999999999997558e-01 4.760768765987829498e-01
2.500000000000004441e-01 -2.499999999999997780e-01 4.921709781947264384e-01
2.500000000000004441e-01 -1.499999999999998002e-01 4.893131269719948606e-01
2.500000000000004441e-01 -4.999999999999982236e-02 5.222616396880124245e-01
2.500000000000004441e-01 5.000000000000015543e-02 5.245545790835217659e-01
2.500000000000004441e-01 1.500000000000002442e-01 5.220872544755866818e-01
2.500000000000004441e-01 2.500000000000003331e-01 4.931857063183202605e-01
2.500000000000004441e-01 3.500000000000001998e-01 4.702706091547301792e-01
2.500000000000004441e-01 4.500000000000002887e-01 4.877114237154286380e-01
2.500000000000004441e-01 5.500000000000001554e-01 4.886592432311203105e-01
2.500000000000004441e-01 6.500000000000002442e-01 4.876767798978651203e-01
2.500000000000004441e-01 7.500000000000003331e-01 4.404272393442043576e-01
2.500000000000004441e-01 8.500000000000001998e-01 4.595306411359787457e-01
2.500000000000004441e-01 9.500000000000002887e-01 4.866865521640200698e-01
3.500000000000003109e-01 -9.499999999999998446e-01 5.102909764145191485e-01
3.500000000000003109e-01 -8.499999999999998668e-01 5.051531253567157487e-01
3.500000000000003109e-01 -7.499999999999997780e-01 4.756839459707114526e-01
3.500000000000003109e-01 -6.499999999999998002e-01 4.603008784128952979e-01
3.500000000000003109e-01 -5.499999999999998224e-01 4.706123422124558475e-01
3.500000000000003109e-01 -4.499999999999998446e-01 4.620002245017787446e-01
3.500000000000003109e-01 -3.499999999999997558e-01 4.885124033041503555e-01
3.500000000000003109e-01 -2.499999999999997780e-01 4.701285106227912070e-01
3.500000000000003109e-01 -1.499999999999998002e-01 4.832724000564433964e-01
3.500000000000003109e-01 -4.999999999999982236e-02 5.077055570725411693e-01
3.500000000000003109e-01 5.000000000000015543e-02 4.775513188454772462e-01
3.500000000000003109e-01 1.500000000000002442e-01 4.750162170866756850e-01
3.500000000000003109e-01 2.500000000000003331e-01 4.743654005541129703e-01
3.500000000000003109e-01 3.500000000000001998e-01 4.906474144606470800e-01
3.500000000000003109e-01 4.500000000000002887e-01 4.865342982542169570e-01
3.500000000000003109e-01 5.500000000000001554e-01 4.932503308638331307e-01
3.500000000000003109e-01 6.500000000000002442e-01 4.447364389688110986e-01
3.500000000000003109e-01 7.500000000000003331e-01 4.846823751600430885e-01
3.500000000000003109e-01 8.500000000000001998e-01 4.964019179087202360e-01
3.500000000000003109e-01 9.500000000000002887e-01 5.008437564181812407e-01
4.500000000000003997e-01 -9.499999999999998446e-01 6.058372730455714450e-01
4.500000000000003997e-01 -8.499999999999998668e-01 5.932453989456236698e-01
4.500000000000003997e-01 -7.499999999999997780e-01 5.399997898518202888e-01
4.500000000000003997e-01 -6.499999999999998002e-01 4.971026680855936686e-01
4.500000000000003997e-01 -5.499999999999998224e-01 4.353721995701674286e-01
4.500000000000003997e-01 -4.499999999999998446e-01 4.760169173761070738e-01
4.500000000000003997e-01 -3.499999999999997558e-01 4.690884903025407948e-01
4.500000000000003997e-01 -2.499999999999997780e-01 4.810520522813152566e-01
4.500000000000003997e-01 -1.499999999999998002e-01 5.157953075091745720e-01
4.500000000000003997e-01 -4.999999999999982236e-02 4.846561998130337612e-01
4.500000000000003997e-01 5.000000000000015543e-02 4.724757881098654022e-01
4.500000000000003997e-01 1.500000000000002442e-01 4.844618327284529458e-01
4.500000000000003997e-01 2.500000000000003331e-01 4.945630941352232024e-01
4.500000000000003997e-01 3.500000000000001998e-01 4.817505342214836728e-01
4.500000000000003997e-01 4.500000000000002887e-01 4.802566847460350563e-01
4.500000000000003997e-01 5.500000000000001554e-01 4.509062094761699946e-01
4.500000000000003997e-01 6.500000000000002442e-01 4.505632709602440666e-01
4.500000000000003997e-01 7.500000000000003331e-01 4.965002391767289192e-01
4.500000000000003997e-01 8.500000000000001998e-01 5.756318752422653340e-01
4.500000000000003997e-01 9.500000000000002887e-01 6.226778912145447542e-01
5.500000000000002665e-01 -9.499999999999998446e-01 9.493158153670065991e-01
5.500000000000002665e-01 -8.499999999999998668e-01 7.713244954497127104e-01
5.500000000000002665e-01 -7.499999999999997780e-01 5.882719783470246044e-01
5.500000000000002665e-01 -6.499999999999998002e-01 5.067304344599549148e-01
5.500000000000002665e-01 -5.499999999999998224e-01 4.626151831781448731e-01
5.500000000000002665e-01 -4.499999999999998446e-01 4.666345185598889111e-01
5.500000000000002665e-01 -3.499999999999997558e-01 4.214443596018726534e-01
5.500000000000002665e-01 -2.499999999999997780e-01 4.374874372766546227e-01
5.500000000000002665e-01 -1.499999999999998002e-01 4.802093019578975719e-01
5.500000000000002665e-01 -4.999999999999982236e-02 5.222208615885738370e-01
5.500000000000002665e-01 5.000000000000015543e-02 5.888172755038832973e-01
5.500000000000002665e-01 1.500000000000002442e-01 5.041504386486169720e-01
5.500000000000002665e-01 2.500000000000003331e-01 4.794989084900190268e-01
5.500000000000002665e-01 3.500000000000001998e-01 4.341322783781348948e-01
5.500000000000002665e-01 4.500000000000002887e-01 4.241602029319473388e-01
5.500000000000002665e-01 5.500000000000001554e-01 4.445399303496523902e-01
5.500000000000002665e-01 6.500000000000002442e-01 4.666409939198321588e-01
5.500000000000002665e-01 7.500000000000003331e-01 5.417308574949327715e-01
5.500000000000002665e-01 8.500000000000001998e-01 6.634715841934224478e-01
5.500000000000002665e-01 9.500000000000002887e-01 8.182558975790950040e-01
6.500000000000003553e-01 -9.499999999999998446e-01 7.381923001662797912e-01
6.500000000000003553e-01 -8.499999999999998668e-01 6.961650426990135809e-01
6.500000000000003553e-01 -7.499999999999997780e-01 5.535384854979379377e-01
6.500000000000003553e-01 -6.499999999999998002e-01 5.029354852946247290e-01
6.500000000000003553e-01 -5.499999999999998224e-01 4.777686194675249132e-01
6.500000000000003553e-01 -4.499999999999998446e-01 4.254065594915439896e-01
6.500000000000003553e-01 -3.499999999999997558e-01 4.661514210517067047e-01
6.500000000000003553e-01 -2.499999999999997780e-01 4.444248502797762401e-01
6.500000000000003553e-01 -1.499999999999998002e-01 4.464387554336511355e-01
6.500000000000003553e-01 -4.999999999999982236e-02 4.673853093827224359e-01
6.500000000000003553e-01 5.000000000000015543e-02 4.535313225612619958e-01
6.500000000000003553e-01 1.500000000000002442e-01 4.818153893982676794e-01
6.500000000000003553e-01 2.500000000000003331e-01 4.675797794045403188e-01
6.500000000000003553e-01 3.500000000000001998e-01 4.492936773725628719e-01
6.500000000000003553e-01 4.500000000000002887e-01 4.210701533302119715e-01
6.500000000000003553e-01 5.500000000000001554e-01 4.286067785648246531e-01
6.500000000000003553e-01 6.500000000000002442e-01 4.570615741428904477e-01
6.500000000000003553e-01 7.500000000000003331e-01 4.771975368067076229e-01
6.500000000000003553e-01 8.500000000000001998e-01 5.966800662390927545e-01
6.500000000000003553e-01 9.500000000000002887e-01 6.918903089221062341e-01
7.500000000000004441e-01 -9.499999999999998446e-01 5.442674556783950734e-01
7.500000000000004441e-01 -8.499999999999998668e-01 5.543388983952255433e-01
7.500000000000004441e-01 -7.499999999999997780e-01 5.332804885352340207e-01
7.500000000000004441e-01 -6.499999999999998002e-01 4.950411530568165630e-01
7.500000000000004441e-01 -5.499999999999998224e-01 4.812272845671132782e-01
7.500000000000004441e-01 -4.499999999999998446e-01 4.631198614574327799e-01
7.500000000000004441e-01 -3.499999999999997558e-01 4.585483196853089027e-01
7.500000000000004441e-01 -2.499999999999997780e-01 4.450016561603009069e-01
7.500000000000004441e-01 -1.499999999999998002e-01 4.713719160435471123e-01
7.500000000000004441e-01 -4.999999999999982236e-02 4.172110091925934072e-01
7.500000000000004441e-01 5.000000000000015543e-02 4.370629346169470630e-01
7.500000000000004441e-01 1.500000000000002442e-01 4.630510812280757005e-01
7.500000000000004441e-01 2.500000000000003331e-01 4.612242321846122262e-01
7.500000000000004441e-01 3.500000000000001998e-01 4.876483876350561353e-01
7.500000000000004441e-01 4.500000000000002887e-01 4.694404048417931685e-01
7.500000000000004441e-01 5.500000000000001554e-01 4.513013052577538597e-01
7.500000000000004441e-01 6.500000000000002442e-01 4.661035377013858505e-01
7.500000000000004441e-01 7.500000000000003331e-01 4.889107335486238548e-01
7.500000000000004441e-01 8.500000000000001998e-01 5.261816489624265847e-01
7.500000000000004441e-01 9.500000000000002887e-01 5.613872787907158157e-01
8.500000000000003109e-01 -9.499999999999998446e-01 5.244093226261573593e-01
8.500000000000003109e-01 -8.499999999999998668e-01 5.131077631990734744e-01
8.500000000000003109e-01 -7.499999999999997780e-01 4.852097606696112453e-01
8.500000000000003109e-01 -6.499999999999998002e-01 4.778585784552313309e-01
8.500000000000003109e-01 -5.499999999999998224e-01 4.842154107080254843e-01
8.500000000000003109e-01 -4.499999999999998446e-01 5.051379698226206028e-01
8.500000000000003109e-01 -3.499999999999997558e-01 4.818492359974977379e-01
8.500000000000003109e-01 -2.499999999999997780e-01 4.602291145407844120e-01
8.500000000000003109e-01 -1.499999999999998002e-01 4.595306411359787457e-01
8.500000000000003109e-01 -4.999999999999982236e-02 4.866865521640200698e-01
8.500000000000003109e-01 5.000000000000015543e-02 4.867009032499616805e-01
8.500000000000003109e-01 1.500000000000002442e-01 4.538210786008963771e-01
8.500000000000003109e-01 2.500000000000003331e-01 4.624400863643179926e-01
8.500000000000003109e-01 3.500000000000001998e-01 4.775854978574234355e-01
8.500000000000003109e-01 4.500000000000002887e-01 5.087795156214247605e-01
8.500000000000003109e-01 5.500000000000001554e-01 4.851854396963060645e-01
8.500000000000003109e-01 6.500000000000002442e-01 4.753378231203242987e-01
8.500000000000003109e-01 7.500000000000003331e-01 4.835802914462142832e-01
8.500000000000003109e-01 8.500000000000001998e-01 4.841308186932311575e-01
8.500000000000003109e-01 9.500000000000002887e-01 5.244093226261573593e-01
9.500000000000003997e-01 -9.499999999999998446e-01 4.775513188454772462e-01
9.500000000000003997e-01 -8.499999999999998668e-01 4.750162170866756850e-01
9.500000000000003997e-01 -7.499999999999997780e-01 4.743654005541129703e-01
9.500000000000003997e-01 -6.499999999999998002e-01 4.906474144606470800e-01
9.500000000000003997e-01 -5.499999999999998224e-01 4.865342982542169570e-01
9.500000000000003997e-01 -4.499999999999998446e-01 4.553116117908962424e-01
9.500000000000003997e-01 -3.499999999999997558e-01 4.548379056021473743e-01
9.500000000000003997e-01 -2.499999999999997780e-01 4.677801413456791901e-01
9.500000000000003997e-01 -1.499999999999998002e-01 5.378458379965562752e-01
9.500000000000003997e-01 -4.999999999999982236e-02 5.506130122816582650e-01
9.500000000000003997e-01 5.000000000000015543e-02 5.322802396407093628e-01
9.500000000000003997e-01 1.500000000000002442e-01 5.272028081488348006e-01
9.500000000000003997e-01 2.500000000000003331e-01 5.074871373942653197e-01
9.500000000000003997e-01 3.500000000000001998e-01 4.638781678319637281e-01
9.500000000000003997e-01 4.500000000000002887e-01 4.811249804384067352e-01
9.500000000000003997e-01 5.500000000000001554e-01 4.620002245017787446e-01
9.500000000000003997e-01 6.500000000000002442e-01 4.885124033041503555e-01
9.500000000000003997e-01 7.500000000000003331e-01 4.701285106227912070e-01
9.500000000000003997e-01 8.500000000000001998e-01 4.832724000564433964e-01
9.500000000000003997e-01 9.500000000000002887e-01 5.077055570725411693e-01
