-9.499999999999997335e-01 -9.499999999999998446e-01 5.747817487776841761e-01
-9.499999999999997335e-01 -8.499999999999998668e-01 6.403538066186668098e-01
-9.499999999999997335e-01 -7.499999999999997780e-01 5.776386936073950595e-01
-9.499999999999997335e-01 -6.499999999999998002e-01 5.021013008677839284e-01
-9.499999999999997335e-01 -5.499999999999998224e-01 4.542779116995359079e-01
-9.499999999999997335e-01 -4.499999999999998446e-01 5.746459289555194694e-01
-9.499999999999997335e-01 -3.499999999999997558e-01 7.231011995187855979e-01
-9.499999999999997335e-01 -2.499999999999997780e-01 7.483213810334745641e-01
-9.499999999999997335e-01 -1.499999999999998002e-01 8.541555842742546423e-01
-9.499999999999997335e-01 -4.999999999999982236e-02 9.170519736500122310e-01
-9.499999999999997335e-01 5.000000000000015543e-02 1.004055276886012260e+00
-9.499999999999997335e-01 1.500000000000002442e-01 7.909682319288472430e-01
-9.499999999999997335e-01 2.500000000000003331e-01 7.194218505145374420e-01
-9.499999999999997335e-01 3.500000000000001998e-01 6.736929730743694833e-01
-9.499999999999997335e-01 4.500000000000002887e-01 6.615670663361205017e-01
-9.499999999999997335e-01 5.500000000000001554e-01 5.417961030334236261e-01
-9.499999999999997335e-01 6.500000000000002442e-01 4.932214660053427235e-01
-9.499999999999997335e-01 7.500000000000003331e-01 6.161271492361266588e-01
-9.499999999999997335e-01 8.500000000000001998e-01 6.429761165780238930e-01
-9.499999999999997335e-01 9.500000000000002887e-01 6.512940222448760919e-01
-8.499999999999997558e-01 -9.499999999999998446e-01 8.713081572851990586e-01
-8.499999999999997558e-01 -8.499999999999998668e-01 7.599635079663472625e-01
-8.499999999999997558e-01 -7.499999999999997780e-01 6.234062641782174286e-01
-8.499999999999997558e-01 -6.499999999999998002e-01 6.220273456674463297e-01
-8.499999999999997558e-01 -5.499999999999998224e-01 5.231911642931581508e-01
-8.499999999999997558e-01 -4.499999999999998446e-01 4.622900185694557851e-01
-8.499999999999997558e-01 -3.499999999999997558e-01 5.294567297492772662e-01
-8.499999999999997558e-01 -2.499999999999997780e-01 6.081718662004509390e-01
-8.499999999999997558e-01 -1.499999999999998002e-01 7.249695945793367402e-01
-8.499999999999997558e-01 -4.999999999999982236e-02 7.273148945504991358e-01
-8.499999999999997558e-01 5.000000000000015543e-02 7.885290539280660482e-01
-8.499999999999997558e-01 1.500000000000002442e-01 7.732755371558961421e-01
-8.499999999999997558e-01 2.500000000000003331e-01 6.871631011819507862e-01
-8.499999999999997558e-01 3.500000000000001998e-01 5.940312035799643064e-01
-8.499999999999997558e-01 4.500000000000002887e-01 5.245931235415036697e-01
-8.499999999999997558e-01 5.500000000000001554e-01 5.851119748825908129e-01
-8.499999999999997558e-01 6.500000000000002442e-01 6.725423157636923888e-01
-8.499999999999997558e-01 7.500000000000003331e-01 7.324370350187201506e-01
-8.499999999999997558e-01 8.500000000000001998e-01 7.785075234052675208e-01
-8.499999999999997558e-01 9.500000000000002887e-01 8.713081572851990586e-01
-7.499999999999997780e-01 -9.499999999999998446e-01 9.597531319120183868e-01
-7.499999999999997780e-01 -8.499999999999998668e-01 7.771088765680568278e-01
-7.499999999999997780e-01 -7.499999999999997780e-01 7.230828336253253275e-01
-7.499999999999997780e-01 -6.499999999999998002e-01 6.661619869247317194e-01
-7.499999999999997780e-01 -5.499999999999998224e-01 5.594258433128218577e-01
-7.499999999999997780e-01 -4.499999999999998446e-01 4.254699021163173001e-01
-7.499999999999997780e-01 -3.499999999999997558e-01 4.697343726133921260e-01
-7.499999999999997780e-01 -2.499999999999997780e-01 4.644691741517089634e-01
-7.499999999999997780e-01 -1.499999999999998002e-01 5.507705956276695014e-01
-7.499999999999997780e-01 -4.999999999999982236e-02 5.711251153699254957e-01
-7.499999999999997780e-01 5.000000000000015543e-02 5.796257452745791072e-01
-7.499999999999997780e-01 1.500000000000002442e-01 5.403463534711080429e-01
-7.499999999999997780e-01 2.500000000000003331e-01 5.316764244333613831e-01
-7.499999999999997780e-01 3.500000000000001998e-01 5.532603688520331131e-01
-7.499999999999997780e-01 4.500000000000002887e-01 5.357865825044659802e-01
-7.499999999999997780e-01 5.500000000000001554e-01 5.745775469836597038e-01
-7.499999999999997780e-01 6.500000000000002442e-01 7.480186719425252484e-01
-7.499999999999997780e-01 7.500000000000003331e-01 7.029762987036752842e-01
-7.499999999999997780e-01 8.500000000000001998e-01 8.170126874592571475e-01
-7.499999999999997780e-01 9.500000000000002887e-01 9.452790344356298835e-01
-6.499999999999996891e-01 -9.499999999999998446e-01 1.309004591318377875e+00
-6.499999999999996891e-01 -8.499999999999998668e-01 1.003457687777549623e+00
-6.499999999999996891e-01 -7.499999999999997780e-01 8.161152685790361572e-01
-6.499999999999996891e-01 -6.499999999999998002e-01 7.459327510546054363e-01
-6.499999999999996891e-01 -5.499999999999998224e-01 6.676458485721930014e-01
-6.499999999999996891e-01 -4.499999999999998446e-01 4.218436205961607621e-01
-6.499999999999996891e-01 -3.499999999999997558e-01 3.865924385931903129e-01
-6.499999999999996891e-01 -2.499999999999997780e-01 3.879232332859890997e-01
-6.499999999999996891e-01 -1.499999999999998002e-01 4.271996526698372820e-01
-6.499999999999996891e-01 -4.999999999999982236e-02 4.878786559501392395e-01
-6.499999999999996891e-01 5.000000000000015543e-02 4.874747746904734003e-01
-6.499999999999996891e-01 1.500000000000002442e-01 4.741680103527572965e-01
-6.499999999999996891e-01 2.500000000000003331e-01 4.330313661841312944e-01
-6.499999999999996891e-01 3.500000000000001998e-01 4.038286270892872398e-01
-6.499999999999996891e-01 4.500000000000002887e-01 4.234732843676048963e-01
-6.499999999999996891e-01 5.500000000000001554e-01 5.703590855231618351e-01
-6.499999999999996891e-01 6.500000000000002442e-01 8.140684402639434269e-01
-6.499999999999996891e-01 7.500000000000003331e-01 7.692065502110431163e-01
-6.499999999999996891e-01 8.500000000000001998e-01 8.293462261969994920e-01
-6.499999999999996891e-01 9.500000000000002887e-01 1.197331398197552410e+00
-5.499999999999997113e-01 -9.499999999999998446e-01 1.651130153428677527e+00
-5.499999999999997113e-01 -8.499999999999998668e-01 1.323041143784895679e+00
-5.499999999999997113e-01 -7.499999999999997780e-01 8.634230935068187840e-01
-5.499999999999997113e-01 -6.499999999999998002e-01 7.213888405075357113e-01
-5.499999999999997113e-01 -5.499999999999998224e-01 7.147676436600570726e-01
-5.499999999999997113e-01 -4.499999999999998446e-01 5.517058904961419374e-01
-5.499999999999997113e-01 -3.499999999999997558e-01 3.883617209655574332e-01
-5.499999999999997113e-01 -2.499999999999997780e-01 3.613504808648193012e-01
-5.499999999999997113e-01 -1.499999999999998002e-01 3.767721014033493798e-01
-5.499999999999997113e-01 -4.999999999999982236e-02 4.011099438558701769e-01
-5.499999999999997113e-01 5.000000000000015543e-02 4.151519044860437213e-01
-5.499999999999997113e-01 1.500000000000002442e-01 3.967532238559351998e-01
-5.499999999999997113e-01 2.500000000000003331e-01 3.682774767132087623e-01
-5.499999999999997113e-01 3.500000000000001998e-01 3.683607021256364855e-01
-5.499999999999997113e-01 4.500000000000002887e-01 5.079820786295461410e-01
-5.499999999999997113e-01 5.500000000000001554e-01 7.582234386865381870e-01
-5.499999999999997113e-01 6.500000000000002442e-01 8.287844994609402383e-01
-5.499999999999997113e-01 7.500000000000003331e-01 7.381555274335122041e-01
-5.499999999999997113e-01 8.500000000000001998e-01 9.790346110591144901e-01
-5.499999999999997113e-01 9.500000000000002887e-01 1.290543748053615269e+00
-4.499999999999997335e-01 -9.499999999999998446e-01 1.188173462944337677e+00
-4.499999999999997335e-01 -8.499999999999998668e-01 9.068927968196197620e-01
-4.499999999999997335e-01 -7.499999999999997780e-01 7.069776021646005937e-01
-4.499999999999997335e-01 -6.499999999999998002e-01 7.025966119164652746e-01
-4.499999999999997335e-01 -5.499999999999998224e-01 5.963331757967751390e-01
-4.499999999999997335e-01 -4.499999999999998446e-01 4.446500659972856817e-01
-4.499999999999997335e-01 -3.499999999999997558e-01 4.056422649060829055e-01
-4.499999999999997335e-01 -2.499999999999997780e-01 4.517737728023279442e-01
-4.499999999999997335e-01 -1.499999999999998002e-01 5.463533191715218562e-01
-4.499999999999997335e-01 -4.999999999999982236e-02 5.389431964408109010e-01
-4.499999999999997335e-01 5.000000000000015543e-02 5.564226339358665507e-01
-4.499999999999997335e-01 1.500000000000002442e-01 5.131875626962448811e-01
-4.499999999999997335e-01 2.500000000000003331e-01 4.774281651295816387e-01
-4.499999999999997335e-01 3.500000000000001998e-01 4.452347249455022027e-01
-4.499999999999997335e-01 4.500000000000002887e-01 4.088696709918485106e-01
-4.499999999999997335e-01 5.500000000000001554e-01 5.441571259945394701e-01
-4.499999999999997335e-01 6.500000000000002442e-01 7.374026827641528836e-01
-4.499999999999997335e-01 7.500000000000003331e-01 8.745229513173843339e-01
-4.499999999999997335e-01 8.500000000000001998e-01 9.487402744803938859e-01
-4.499999999999997335e-01 9.500000000000002887e-01 1.051259201693208967e+00
-3.499999999999996447e-01 -9.499999999999998446e-01 9.763350246899594742e-01
-3.499999999999996447e-01 -8.499999999999998668e-01 7.673940806940126036e-01
-3.499999999999996447e-01 -7.499999999999997780e-01 6.817614103627630540e-01
-3.499999999999996447e-01 -6.499999999999998002e-01 6.507561660823890648e-01
-3.499999999999996447e-01 -5.499999999999998224e-01 5.590977854568116578e-01
-3.499999999999996447e-01 -4.499999999999998446e-01 5.417961030334236261e-01
-3.499999999999996447e-01 -3.499999999999997558e-01 4.932214660053427235e-01
-3.499999999999996447e-01 -2.499999999999997780e-01 6.161271492361266588e-01
-3.499999999999996447e-01 -1.499999999999998002e-01 6.429761165780238930e-01
-3.499999999999996447e-01 -4.999999999999982236e-02 6.512940222448760919e-01
-3.499999999999996447e-01 5.000000000000015543e-02 5.747817487776841761e-01
-3.499999999999996447e-01 1.500000000000002442e-01 6.403538066186668098e-01
-3.499999999999996447e-01 2.500000000000003331e-01 5.776386936073950595e-01
-3.499999999999996447e-01 3.500000000000001998e-01 5.021013008677839284e-01
-3.499999999999996447e-01 4.500000000000002887e-01 4.542779116995359079e-01
-3.499999999999996447e-01 5.500000000000001554e-01 4.573683101358675396e-01
-3.499999999999996447e-01 6.500000000000002442e-01 5.755991334138524929e-01
-3.499999999999996447e-01 7.500000000000003331e-01 7.221313123379953236e-01
-3.499999999999996447e-01 8.500000000000001998e-01 7.126069993745298703e-01
-3.499999999999996447e-01 9.500000000000002887e-01 8.671721751931368294e-01
-2.499999999999996669e-01 -9.499999999999998446e-01 7.885290539280660482e-01
-2.499999999999996669e-01 -8.499999999999998668e-01 7.732755371558961421e-01
-2.499999999999996669e-01 -7.499999999999997780e-01 7.380654580132457454e-01
-2.499999999999996669e-01 -6.499999999999998002e-01 6.132416239231410771e-01
-2.499999999999996669e-01 -5.499999999999998224e-01 5.598785535714353445e-01
-2.499999999999996669e-01 -4.499999999999998446e-01 6.113583044750614537e-01
-2.499999999999996669e-01 -3.499999999999997558e-01 6.643796066306499881e-01
-2.499999999999996669e-01 -2.499999999999997780e-01 7.248262789793691319e-01
-2.499999999999996669e-01 -1.499999999999998002e-01 7.404507183381451307e-01
-2.499999999999996669e-01 -4.999999999999982236e-02 8.804792990848908651e-01
-2.499999999999996669e-01 5.000000000000015543e-02 8.482513987558860658e-01
-2.499999999999996669e-01 1.500000000000002442e-01 6.744478910319431364e-01
-2.499999999999996669e-01 2.500000000000003331e-01 6.643269241120475233e-01
-2.499999999999996669e-01 3.500000000000001998e-01 6.215537254965873837e-01
-2.499999999999996669e-01 4.500000000000002887e-01 5.226091069546936474e-01
-2.499999999999996669e-01 5.500000000000001554e-01 4.684564589994943962e-01
-2.499999999999996669e-01 6.500000000000002442e-01 5.544328171363860358e-01
-2.499999999999996669e-01 7.500000000000003331e-01 6.490473049557029528e-01
-2.499999999999996669e-01 8.500000000000001998e-01 7.249695945793367402e-01
-2.499999999999996669e-01 9.500000000000002887e-01 7.273148945504991358e-01
-1.499999999999996891e-01 -9.499999999999998446e-01 5.796257452745791072e-01
-1.499999999999996891e-01 -8.499999999999998668e-01 5.403463534711080429e-01
-1.499999999999996891e-01 -7.499999999999997780e-01 5.316764244333613831e-01
-1.499999999999996891e-01 -6.499999999999998002e-01 4.838913522910892606e-01
-1.499999999999996891e-01 -5.499999999999998224e-01 5.183429602484340704e-01
-1.499999999999996891e-01 -4.499999999999998446e-01 6.278451722755885589e-01
-1.499999999999996891e-01 -3.499999999999997558e-01 7.262923191675674239e-01
-1.499999999999996891e-01 -2.499999999999997780e-01 8.370284380415098369e-01
-1.499999999999996891e-01 -1.499999999999998002e-01 9.387755596147582260e-01
-1.499999999999996891e-01 -4.999999999999982236e-02 1.072548847603029820e+00
-1.499999999999996891e-01 5.000000000000015543e-02 1.112751712461035103e+00
-1.499999999999996891e-01 1.500000000000002442e-01 9.588383682474937997e-01
-1.499999999999996891e-01 2.500000000000003331e-01 7.639195252668261604e-01
-1.499999999999996891e-01 3.500000000000001998e-01 7.154032951624329506e-01
-1.499999999999996891e-01 4.500000000000002887e-01 6.329432253400110175e-01
-1.499999999999996891e-01 5.500000000000001554e-01 4.549279281864469504e-01
-1.499999999999996891e-01 6.500000000000002442e-01 4.167943992419596011e-01
-1.499999999999996891e-01 7.500000000000003331e-01 4.644691741517089634e-01
-1.499999999999996891e-01 8.500000000000001998e-01 5.507705956276695014e-01
-1.499999999999996891e-01 9.500000000000002887e-01 5.711251153699254957e-01
-4.999999999999971134e-02 -9.499999999999998446e-01 4.190969508786308029e-01
-4.999999999999971134e-02 -8.499999999999998668e-01 4.059909949954655373e-01
-4.999999999999971134e-02 -7.499999999999997780e-01 3.707186785121993622e-01
-4.999999999999971134e-02 -6.499999999999998002e-01 3.749683420415314550e-01
-4.999999999999971134e-02 -5.499999999999998224e-01 4.234732843676048963e-01
-4.999999999999971134e-02 -4.499999999999998446e-01 5.703590855231618351e-01
-4.999999999999971134e-02 -3.499999999999997558e-01 8.140684402639434269e-01
-4.999999999999971134e-02 -2.499999999999997780e-01 7.692065502110431163e-01
-4.999999999999971134e-02 -1.499999999999998002e-01 8.293462261969994920e-01
-4.999999999999971134e-02 -4.999999999999982236e-02 1.197331398197552410e+00
-4.999999999999971134e-02 5.000000000000015543e-02 1.309004591318377875e+00
-4.999999999999971134e-02 1.500000000000002442e-01 1.003457687777549623e+00
-4.999999999999971134e-02 2.500000000000003331e-01 8.161152685790361572e-01
-4.999999999999971134e-02 3.500000000000001998e-01 7.459327510546054363e-01
-4.999999999999971134e-02 4.500000000000002887e-01 6.676458485721930014e-01
-4.999999999999971134e-02 5.500000000000001554e-01 4.218436205961607621e-01
-4.999999999999971134e-02 6.500000000000002442e-01 3.916340155667579204e-01
-4.999999999999971134e-02 7.500000000000003331e-01 3.590569169861978494e-01
-4.999999999999971134e-02 8.500000000000001998e-01 3.775705338354085061e-01
-4.999999999999971134e-02 9.500000000000002887e-01 4.031154995823992282e-01
5.000000000000026645e-02 -9.499999999999998446e-01 4.151519044860437213e-01
5.000000000000026645e-02 -8.499999999999998668e-01 3.967532238559351998e-01
5.000000000000026645e-02 -7.499999999999997780e-01 3.682774767132087623e-01
5.000000000000026645e-02 -6.499999999999998002e-01 3.683607021256364855e-01
5.000000000000026645e-02 -5.499999999999998224e-01 4.382322039050377538e-01
5.000000000000026645e-02 -4.499999999999998446e-01 6.024597187485408734e-01
5.000000000000026645e-02 -3.499999999999997558e-01 9.049457239195592972e-01
5.000000000000026645e-02 -2.499999999999997780e-01 8.224706815408659999e-01
5.000000000000026645e-02 -1.499999999999998002e-01 8.362026393200104879e-01
5.000000000000026645e-02 -4.999999999999982236e-02 1.165395119642534505e+00
5.000000000000026645e-02 5.000000000000015543e-02 1.263065653855215631e+00
5.000000000000026645e-02 1.500000000000002442e-01 9.517114029401150255e-01
5.000000000000026645e-02 2.500000000000003331e-01 7.862016798926092509e-01
5.000000000000026645e-02 3.500000000000001998e-01 7.412608839538237238e-01
5.000000000000026645e-02 4.500000000000002887e-01 7.136317262244298298e-01
5.000000000000026645e-02 5.500000000000001554e-01 4.558189398932499525e-01
5.000000000000026645e-02 6.500000000000002442e-01 3.883617209655574332e-01
5.000000000000026645e-02 7.500000000000003331e-01 3.613504808648193012e-01
5.000000000000026645e-02 8.500000000000001998e-01 3.767721014033493798e-01
5.000000000000026645e-02 9.500000000000002887e-01 4.011099438558701769e-01
1.500000000000003553e-01 -9.499999999999998446e-01 5.564226339358665507e-01
1.500000000000003553e-01 -8.499999999999998668e-01 5.131875626962448811e-01
1.500000000000003553e-01 -7.499999999999997780e-01 5.162767350055460502e-01
1.500000000000003553e-01 -6.499999999999998002e-01 4.448372689169108884e-01
1.500000000000003553e-01 -5.499999999999998224e-01 4.287262081034486361e-01
1.500000000000003553e-01 -4.499999999999998446e-01 6.343247528102260446e-01
1.500000000000003553e-01 -3.499999999999997558e-01 7.985383327319494073e-01
1.500000000000003553e-01 -2.499999999999997780e-01 8.729618574025923561e-01
1.500000000000003553e-01 -1.499999999999998002e-01 9.458172446618100526e-01
1.500000000000003553e-01 -4.999999999999982236e-02 1.051259201693208967e+00
1.500000000000003553e-01 5.000000000000015543e-02 1.188173462944337677e+00
1.500000000000003553e-01 1.500000000000002442e-01 1.005484048951142295e+00
1.500000000000003553e-01 2.500000000000003331e-01 7.469178649571793782e-01
1.500000000000003553e-01 3.500000000000001998e-01 6.969824120875722784e-01
1.500000000000003553e-01 4.500000000000002887e-01 6.429646353046207796e-01
1.500000000000003553e-01 5.500000000000001554e-01 5.334578731580383870e-01
1.500000000000003553e-01 6.500000000000002442e-01 4.312193704891270074e-01
1.500000000000003553e-01 7.500000000000003331e-01 4.720872802227596421e-01
1.500000000000003553e-01 8.500000000000001998e-01 5.463533191715218562e-01
1.500000000000003553e-01 9.500000000000002887e-01 5.389431964408109010e-01
2.500000000000004441e-01 -9.499999999999998446e-01 7.736324441604941482e-01
2.500000000000004441e-01 -8.499999999999998668e-01 6.785142603275717832e-01
2.500000000000004441e-01 -7.499999999999997780e-01 6.538558578611334271e-01
2.500000000000004441e-01 -6.499999999999998002e-01 5.497810642246296897e-01
2.500000000000004441e-01 -5.499999999999998224e-01 4.859458592265585297e-01
2.500000000000004441e-01 -4.499999999999998446e-01 4.573683101358675396e-01
2.500000000000004441e-01 -3.499999999999997558e-01 5.755991334138524929e-01
2.500000000000004441e-01 -2.499999999999997780e-01 7.221313123379953236e-01
2.500000000000004441e-01 -1.499999999999998002e-01 7.126069993745298703e-01
2.500000000000004441e-01 -4.999999999999982236e-02 8.671721751931368294e-01
2.500000000000004441e-01 5.000000000000015543e-02 9.763350246899594742e-01
2.500000000000004441e-01 1.500000000000002442e-01 7.673940806940126036e-01
2.500000000000004441e-01 2.500000000000003331e-01 6.817614103627630540e-01
2.500000000000004441e-01 3.500000000000001998e-01 6.507561660823890648e-01
2.500000000000004441e-01 4.500000000000002887e-01 5.590977854568116578e-01
2.500000000000004441e-01 5.500000000000001554e-01 4.956815840536157314e-01
2.500000000000004441e-01 6.500000000000002442e-01 6.012501228183793067e-01
2.500000000000004441e-01 7.500000000000003331e-01 6.891003022511813514e-01
2.500000000000004441e-01 8.500000000000001998e-01 7.636303856493560360e-01
2.500000000000004441e-01 9.500000000000002887e-01 7.475351976663588971e-01
3.500000000000003109e-01 -9.499999999999998446e-01 8.482513987558860658e-01
3.500000000000003109e-01 -8.499999999999998668e-01 6.744478910319431364e-01
3.500000000000003109e-01 -7.499999999999997780e-01 6.643269241120475233e-01
3.500000000000003109e-01 -6.499999999999998002e-01 6.215537254965873837e-01
3.500000000000003109e-01 -5.499999999999998224e-01 5.226091069546936474e-01
3.500000000000003109e-01 -4.499999999999998446e-01 4.868534665697943353e-01
3.500000000000003109e-01 -3.499999999999997558e-01 4.677886900570738526e-01
3.500000000000003109e-01 -2.499999999999997780e-01 5.798236337833655440e-01
3.500000000000003109e-01 -1.499999999999998002e-01 6.458628051841799333e-01
3.500000000000003109e-01 -4.999999999999982236e-02 6.397038379966719646e-01
3.500000000000003109e-01 5.000000000000015543e-02 6.106666992943096117e-01
3.500000000000003109e-01 1.500000000000002442e-01 6.603168808910677701e-01
3.500000000000003109e-01 2.500000000000003331e-01 6.402105162967813845e-01
3.500000000000003109e-01 3.500000000000001998e-01 5.576496592414982301e-01
3.500000000000003109e-01 4.500000000000002887e-01 5.609533801144048759e-01
3.500000000000003109e-01 5.500000000000001554e-01 6.113583044750614537e-01
3.500000000000003109e-01 6.500000000000002442e-01 6.643796066306499881e-01
3.500000000000003109e-01 7.500000000000003331e-01 7.248262789793691319e-01
3.500000000000003109e-01 8.500000000000001998e-01 7.404507183381451307e-01
3.500000000000003109e-01 9.500000000000002887e-01 8.804792990848908651e-01
4.500000000000003997e-01 -9.499999999999998446e-01 1.112751712461035103e+00
4.500000000000003997e-01 -8.499999999999998668e-01 8.918638078650981127e-01
4.500000000000003997e-01 -7.499999999999997780e-01 7.673259681471037430e-01
4.500000000000003997e-01 -6.499999999999998002e-01 7.261798668185521777e-01
4.500000000000003997e-01 -5.499999999999998224e-01 5.999754935278555079e-01
4.500000000000003997e-01 -4.499999999999998446e-01 4.301311872596720320e-01
4.500000000000003997e-01 -3.499999999999997558e-01 3.945296398788448178e-01
4.500000000000003997e-01 -2.499999999999997780e-01 4.494163403938483681e-01
4.500000000000003997e-01 -1.499999999999998002e-01 5.507705956276695014e-01
4.500000000000003997e-01 -4.999999999999982236e-02 5.711251153699254957e-01
4.500000000000003997e-01 5.000000000000015543e-02 5.796257452745791072e-01
4.500000000000003997e-01 1.500000000000002442e-01 5.403463534711080429e-01
4.500000000000003997e-01 2.500000000000003331e-01 4.959008485727520177e-01
4.500000000000003997e-01 3.500000000000001998e-01 4.606527261101104886e-01
4.500000000000003997e-01 4.500000000000002887e-01 4.285355743912330762e-01
4.500000000000003997e-01 5.500000000000001554e-01 5.763815105501585156e-01
4.500000000000003997e-01 6.500000000000002442e-01 6.957517989770309885e-01
4.500000000000003997e-01 7.500000000000003331e-01 7.899945957384756356e-01
4.500000000000003997e-01 8.500000000000001998e-01 9.382710013105673985e-01
4.500000000000003997e-01 9.500000000000002887e-01 1.072548847603029820e+00
5.500000000000002665e-01 -9.499999999999998446e-01 1.651130153428677527e+00
5.500000000000002665e-01 -8.499999999999998668e-01 1.332244610393795492e+00
5.500000000000002665e-01 -7.499999999999997780e-01 8.852836418773872840e-01
5.500000000000002665e-01 -6.499999999999998002e-01 7.309674905994127947e-01
5.500000000000002665e-01 -5.499999999999998224e-01 6.823133261961419338e-01
5.500000000000002665e-01 -4.499999999999998446e-01 4.865127981837626958e-01
5.500000000000002665e-01 -3.499999999999997558e-01 3.916340155667579204e-01
5.500000000000002665e-01 -2.499999999999997780e-01 3.590569169861978494e-01
5.500000000000002665e-01 -1.499999999999998002e-01 3.775705338354085061e-01
5.500000000000002665e-01 -4.999999999999982236e-02 4.031154995823992282e-01
5.500000000000002665e-01 5.000000000000015543e-02 4.190969508786308029e-01
5.500000000000002665e-01 1.500000000000002442e-01 4.059909949954655373e-01
5.500000000000002665e-01 2.500000000000003331e-01 3.707186785121993622e-01
5.500000000000002665e-01 3.500000000000001998e-01 3.749683420415314550e-01
5.500000000000002665e-01 4.500000000000002887e-01 4.666221108532117023e-01
5.500000000000002665e-01 5.500000000000001554e-01 7.672421515129380643e-01
5.500000000000002665e-01 6.500000000000002442e-01 7.804281931895519220e-01
5.500000000000002665e-01 7.500000000000003331e-01 7.246726050339070690e-01
5.500000000000002665e-01 8.500000000000001998e-01 9.792204260837444885e-01
5.500000000000002665e-01 9.500000000000002887e-01 1.290543748053615269e+00
6.500000000000003553e-01 -9.499999999999998446e-01 1.263065653855215631e+00
6.500000000000003553e-01 -8.499999999999998668e-01 9.517114029401150255e-01
6.500000000000003553e-01 -7.499999999999997780e-01 7.862016798926092509e-01
6.500000000000003553e-01 -6.499999999999998002e-01 7.412608839538237238e-01
6.500000000000003553e-01 -5.499999999999998224e-01 7.136317262244298298e-01
6.500000000000003553e-01 -4.499999999999998446e-01 4.558189398932499525e-01
6.500000000000003553e-01 -3.499999999999997558e-01 4.017714860949538891e-01
6.500000000000003553e-01 -2.499999999999997780e-01 3.907314282138701356e-01
6.500000000000003553e-01 -1.499999999999998002e-01 4.249797675078870185e-01
6.500000000000003553e-01 -4.999999999999982236e-02 4.768747237948175455e-01
6.500000000000003553e-01 5.000000000000015543e-02 4.708343570509833653e-01
6.500000000000003553e-01 1.500000000000002442e-01 4.618091617714882857e-01
6.500000000000003553e-01 2.500000000000003331e-01 4.178420169475057788e-01
6.500000000000003553e-01 3.500000000000001998e-01 3.925962400514411699e-01
6.500000000000003553e-01 4.500000000000002887e-01 4.382322039050377538e-01
6.500000000000003553e-01 5.500000000000001554e-01 6.024597187485408734e-01
6.500000000000003553e-01 6.500000000000002442e-01 9.049457239195592972e-01
6.500000000000003553e-01 7.500000000000003331e-01 8.224706815408659999e-01
6.500000000000003553e-01 8.500000000000001998e-01 8.362026393200104879e-01
6.500000000000003553e-01 9.500000000000002887e-01 1.165395119642534505e+00
7.500000000000004441e-01 -9.499999999999998446e-01 1.004055276886012260e+00
7.500000000000004441e-01 -8.499999999999998668e-01 7.909682319288472430e-01
7.500000000000004441e-01 -7.499999999999997780e-01 7.194218505145374420e-01
7.500000000000004441e-01 -6.499999999999998002e-01 6.597892624581319643e-01
7.500000000000004441e-01 -5.499999999999998224e-01 6.431279703641209489e-01
7.500000000000004441e-01 -4.499999999999998446e-01 4.772816522018025753e-01
7.500000000000004441e-01 -3.499999999999997558e-01 4.847263472731006551e-01
7.500000000000004441e-01 -2.499999999999997780e-01 4.720872802227596421e-01
7.500000000000004441e-01 -1.499999999999998002e-01 5.463533191715218562e-01
7.500000000000004441e-01 -4.999999999999982236e-02 5.389431964408109010e-01
7.500000000000004441e-01 5.000000000000015543e-02 5.564226339358665507e-01
7.500000000000004441e-01 1.500000000000002442e-01 5.131875626962448811e-01
7.500000000000004441e-01 2.500000000000003331e-01 5.162767350055460502e-01
7.500000000000004441e-01 3.500000000000001998e-01 5.088407364232178098e-01
7.500000000000004441e-01 4.500000000000002887e-01 4.471321552553309542e-01
7.500000000000004441e-01 5.500000000000001554e-01 4.890099972989064847e-01
7.500000000000004441e-01 6.500000000000002442e-01 7.849443072977777547e-01
7.500000000000004441e-01 7.500000000000003331e-01 7.483213810334745641e-01
7.500000000000004441e-01 8.500000000000001998e-01 8.541555842742546423e-01
7.500000000000004441e-01 9.500000000000002887e-01 9.170519736500122310e-01
8.500000000000003109e-01 -9.499999999999998446e-01 8.825199563746332077e-01
8.500000000000003109e-01 -8.499999999999998668e-01 8.590724498976333168e-01
8.500000000000003109e-01 -7.499999999999997780e-01 7.158473543084192814e-01
8.500000000000003109e-01 -6.499999999999998002e-01 6.486323602545550626e-01
8.500000000000003109e-01 -5.499999999999998224e-01 5.762496169483387609e-01
8.500000000000003109e-01 -4.499999999999998446e-01 4.981151171550717849e-01
8.500000000000003109e-01 -3.499999999999997558e-01 5.993174992381546939e-01
8.500000000000003109e-01 -2.499999999999997780e-01 6.563832376932630108e-01
8.500000000000003109e-01 -1.499999999999998002e-01 7.636303856493560360e-01
8.500000000000003109e-01 -4.999999999999982236e-02 7.475351976663588971e-01
8.500000000000003109e-01 5.000000000000015543e-02 7.736324441604941482e-01
8.500000000000003109e-01 1.500000000000002442e-01 6.785142603275717832e-01
8.500000000000003109e-01 2.500000000000003331e-01 6.034463425854953433e-01
8.500000000000003109e-01 3.500000000000001998e-01 5.462161834767885749e-01
8.500000000000003109e-01 4.500000000000002887e-01 4.511317273675872763e-01
8.500000000000003109e-01 5.500000000000001554e-01 5.005841113831368538e-01
8.500000000000003109e-01 6.500000000000002442e-01 5.953052089669995661e-01
8.500000000000003109e-01 7.500000000000003331e-01 7.042821680628454928e-01
8.500000000000003109e-01 8.500000000000001998e-01 7.416719297802580879e-01
8.500000000000003109e-01 9.500000000000002887e-01 8.825199563746332077e-01
9.500000000000003997e-01 -9.499999999999998446e-01 6.106666992943096117e-01
9.500000000000003997e-01 -8.499999999999998668e-01 6.603168808910677701e-01
9.500000000000003997e-01 -7.499999999999997780e-01 6.402105162967813845e-01
9.500000000000003997e-01 -6.499999999999998002e-01 5.576496592414982301e-01
9.500000000000003997e-01 -5.499999999999998224e-01 5.609533801144048759e-01
9.500000000000003997e-01 -4.499999999999998446e-01 7.111495118038715368e-01
9.500000000000003997e-01 -3.499999999999997558e-01 7.039732223946161271e-01
9.500000000000003997e-01 -2.499999999999997780e-01 7.029762987036752842e-01
9.500000000000003997e-01 -1.499999999999998002e-01 8.170126874592571475e-01
9.500000000000003997e-01 -4.999999999999982236e-02 9.452790344356298835e-01
9.500000000000003997e-01 5.000000000000015543e-02 9.597531319120183868e-01
9.500000000000003997e-01 1.500000000000002442e-01 7.771088765680568278e-01
9.500000000000003997e-01 2.500000000000003331e-01 7.230828336253253275e-01
9.500000000000003997e-01 3.500000000000001998e-01 6.689367549573550509e-01
9.500000000000003997e-01 4.500000000000002887e-01 6.253929095238075497e-01
9.500000000000003997e-01 5.500000000000001554e-01 4.868534665697943353e-01
9.500000000000003997e-01 6.500000000000002442e-01 4.677886900570738526e-01
9.500000000000003997e-01 7.500000000000003331e-01 5.798236337833655440e-01
9.500000000000003997e-01 8.500000000000001998e-01 6.458628051841799333e-01
9.500000000000003997e-01 9.500000000000002887e-01 6.397038379966719646e-01
