-1.0  -1.0    -6.883938617642442
-1.0  -0.8947368421052632    -6.904556680917548
-1.0  -0.7894736842105263    -6.9156963643263305
-1.0  -0.6842105263157895    -6.918355367961551
-1.0  -0.5789473684210527    -6.9142391055954535
-1.0  -0.4736842105263158    -6.905541386993365
-1.0  -0.368421052631579    -6.894684590887786
-1.0  -0.26315789473684215    -6.8840423860495115
-1.0  -0.1578947368421053    -6.875672488606751
-1.0  -0.052631578947368474    -6.871087428991704
-1.0  0.05263157894736836    -6.8710874289917045
-1.0  0.1578947368421053    -6.875672488606751
-1.0  0.26315789473684204    -6.884042386049512
-1.0  0.36842105263157876    -6.894684590887786
-1.0  0.4736842105263157    -6.905541386993366
-1.0  0.5789473684210527    -6.9142391055954535
-1.0  0.6842105263157894    -6.918355367961551
-1.0  0.7894736842105261    -6.9156963643263305
-1.0  0.894736842105263    -6.904556680917548
-1.0  1.0    -6.883938617642442
-0.8947368421052632  -1.0    -6.884448337865945
-0.8947368421052632  -0.8947368421052632    -6.900830217969374
-0.8947368421052632  -0.7894736842105263    -6.907836058716047
-0.8947368421052632  -0.6842105263157895    -6.906531927258465
-0.8947368421052632  -0.5789473684210527    -6.898706719316196
-0.8947368421052632  -0.4736842105263158    -6.886654552389452
-0.8947368421052632  -0.368421052631579    -6.872911495537986
-0.8947368421052632  -0.26315789473684215    -6.859969283772021
-0.8947368421052632  -0.1578947368421053    -6.849994516222327
-0.8947368421052632  -0.052631578947368474    -6.844583978242778
-0.8947368421052632  0.05263157894736836    -6.844583978242777
-0.8947368421052632  0.1578947368421053    -6.849994516222328
-0.8947368421052632  0.26315789473684204    -6.859969283772021
-0.8947368421052632  0.36842105263157876    -6.872911495537988
-0.8947368421052632  0.4736842105263157    -6.88665455238945
-0.8947368421052632  0.5789473684210527    -6.898706719316197
-0.8947368421052632  0.6842105263157894    -6.906531927258465
-0.8947368421052632  0.7894736842105261    -6.907836058716046
-0.8947368421052632  0.894736842105263    -6.900830217969372
-0.8947368421052632  1.0    -6.884448337865946
-0.7894736842105263  -1.0    -6.885006971921484
-0.7894736842105263  -0.8947368421052632    -6.895433973365369
-0.7894736842105263  -0.7894736842105263    -6.896615688520763
-0.7894736842105263  -0.6842105263157895    -6.889714720344447
-0.7894736842105263  -0.5789473684210527    -6.876638385922831
-0.7894736842105263  -0.4736842105263158    -6.859824335528128
-0.7894736842105263  -0.368421052631579    -6.841973075707118
-0.7894736842105263  -0.26315789473684215    -6.825749021120547
-0.7894736842105263  -0.1578947368421053    -6.813479660562724
-0.7894736842105263  -0.052631578947368474    -6.80688730974729
-0.7894736842105263  0.05263157894736836    -6.80688730974729
-0.7894736842105263  0.1578947368421053    -6.813479660562724
-0.7894736842105263  0.26315789473684204    -6.825749021120548
-0.7894736842105263  0.36842105263157876    -6.841973075707119
-0.7894736842105263  0.4736842105263157    -6.859824335528128
-0.7894736842105263  0.5789473684210527    -6.87663838592283
-0.7894736842105263  0.6842105263157894    -6.889714720344447
-0.7894736842105263  0.7894736842105261    -6.896615688520764
-0.7894736842105263  0.894736842105263    -6.89543397336537
-0.7894736842105263  1.0    -6.8850069719214835
-0.6842105263157895  -1.0    -6.88543633792288
-0.6842105263157895  -0.8947368421052632    -6.888672061728694
-0.6842105263157895  -0.7894736842105263    -6.88279990092181
-0.6842105263157895  -0.6842105263157895    -6.869099404985897
-0.6842105263157895  -0.5789473684210527    -6.849622266289433
-0.6842105263157895  -0.4736842105263158    -6.826983193812614
-0.6842105263157895  -0.368421052631579    -6.804088493854827
-0.6842105263157895  -0.26315789473684215    -6.783821972461771
-0.6842105263157895  -0.1578947368421053    -6.76871839501468
-0.6842105263157895  -0.052631578947368474    -6.7606636324460325
-0.6842105263157895  0.05263157894736836    -6.7606636324460325
-0.6842105263157895  0.1578947368421053    -6.768718395014681
-0.6842105263157895  0.26315789473684204    -6.783821972461771
-0.6842105263157895  0.36842105263157876    -6.804088493854827
-0.6842105263157895  0.4736842105263157    -6.826983193812612
-0.6842105263157895  0.5789473684210527    -6.849622266289434
-0.6842105263157895  0.6842105263157894    -6.869099404985894
-0.6842105263157895  0.7894736842105261    -6.88279990092181
-0.6842105263157895  0.894736842105263    -6.888672061728694
-0.6842105263157895  1.0    -6.88543633792288
-0.5789473684210527  -1.0    -6.885599892584196
-0.5789473684210527  -0.8947368421052632    -6.880988107328742
-0.5789473684210527  -0.7894736842105263    -6.867392588432958
-0.5789473684210527  -0.6842105263157895    -6.846220488827867
-0.5789473684210527  -0.5789473684210527    -6.819682275702707
-0.5789473684210527  -0.4736842105263158    -6.7905901665801345
-0.5789473684210527  -0.368421052631579    -6.762084084461954
-0.5789473684210527  -0.26315789473684215    -6.737301469534002
-0.5789473684210527  -0.1578947368421053    -6.719020821655962
-0.5789473684210527  -0.052631578947368474    -6.7093230167221485
-0.5789473684210527  0.05263157894736836    -6.709323016722151
-0.5789473684210527  0.1578947368421053    -6.719020821655962
-0.5789473684210527  0.26315789473684204    -6.7373014695340006
-0.5789473684210527  0.36842105263157876    -6.762084084461952
-0.5789473684210527  0.4736842105263157    -6.790590166580135
-0.5789473684210527  0.5789473684210527    -6.819682275702707
-0.5789473684210527  0.6842105263157894    -6.846220488827865
-0.5789473684210527  0.7894736842105261    -6.86739258843296
-0.5789473684210527  0.894736842105263    -6.880988107328742
-0.5789473684210527  1.0    -6.885599892584199
-0.4736842105263158  -1.0    -6.8854457162922
-0.4736842105263158  -0.8947368421052632    -6.872963225036692
-0.4736842105263158  -0.7894736842105263    -6.85159414985007
-0.4736842105263158  -0.6842105263157895    -6.822873039673044
-0.4736842105263158  -0.5789473684210527    -6.789170288608796
-0.4736842105263158  -0.4736842105263158    -6.753500237968726
-0.4736842105263158  -0.368421052631579    -6.719246592960252
-0.4736842105263158  -0.26315789473684215    -6.689816933634348
-0.4736842105263158  -0.1578947368421053    -6.668254378794391
-0.4736842105263158  -0.052631578947368474    -6.656854876776351
-0.4736842105263158  0.05263157894736836    -6.656854876776351
-0.4736842105263158  0.1578947368421053    -6.66825437879439
-0.4736842105263158  0.26315789473684204    -6.689816933634348
-0.4736842105263158  0.36842105263157876    -6.719246592960253
-0.4736842105263158  0.4736842105263157    -6.7535002379687255
-0.4736842105263158  0.5789473684210527    -6.789170288608796
-0.4736842105263158  0.6842105263157894    -6.822873039673043
-0.4736842105263158  0.7894736842105261    -6.85159414985007
-0.4736842105263158  0.894736842105263    -6.872963225036691
-0.4736842105263158  1.0    -6.8854457162922
-0.368421052631579  -1.0    -6.885022750164902
-0.368421052631579  -0.8947368421052632    -6.865284341243825
-0.368421052631579  -0.7894736842105263    -6.8367242281803
-0.368421052631579  -0.6842105263157895    -6.800993345121999
-0.368421052631579  -0.5789473684210527    -6.7606095300535864
-0.368421052631579  -0.4736842105263158    -6.718776544537303
-0.368421052631579  -0.368421052631579    -6.679111201564691
-0.368421052631579  -0.26315789473684215    -6.645284935411541
-0.368421052631579  -0.1578947368421053    -6.620604557589823
-0.368421052631579  -0.052631578947368474    -6.6075839197699455
-0.368421052631579  0.05263157894736836    -6.607583919769946
-0.368421052631579  0.1578947368421053    -6.6206045575898225
-0.368421052631579  0.26315789473684204    -6.64528493541154
-0.368421052631579  0.36842105263157876    -6.679111201564691
-0.368421052631579  0.4736842105263157    -6.718776544537302
-0.368421052631579  0.5789473684210527    -6.7606095300535864
-0.368421052631579  0.6842105263157894    -6.800993345122
-0.368421052631579  0.7894736842105261    -6.8367242281803
-0.368421052631579  0.894736842105263    -6.865284341243825
-0.368421052631579  1.0    -6.885022750164901
-0.26315789473684215  -1.0    -6.884465492072724
-0.26315789473684215  -0.8947368421052632    -6.858679696046303
-0.26315789473684215  -0.7894736842105263    -6.824107837556088
-0.26315789473684215  -0.6842105263157895    -6.782496679540684
-0.26315789473684215  -0.5789473684210527    -6.736486497914996
-0.26315789473684215  -0.4736842105263158    -6.68944078812051
-0.26315789473684215  -0.368421052631579    -6.645176710515539
-0.26315789473684215  -0.26315789473684215    -6.607597086385058
-0.26315789473684215  -0.1578947368421053    -6.5802444421795725
-0.26315789473684215  -0.052631578947368474    -6.565830547903022
-0.26315789473684215  0.05263157894736836    -6.565830547903023
-0.26315789473684215  0.1578947368421053    -6.5802444421795725
-0.26315789473684215  0.26315789473684204    -6.607597086385058
-0.26315789473684215  0.36842105263157876    -6.645176710515537
-0.26315789473684215  0.4736842105263157    -6.6894407881205105
-0.26315789473684215  0.5789473684210527    -6.7364864979149965
-0.26315789473684215  0.6842105263157894    -6.782496679540684
-0.26315789473684215  0.7894736842105261    -6.824107837556088
-0.26315789473684215  0.894736842105263    -6.858679696046303
-0.26315789473684215  1.0    -6.884465492072724
-0.1578947368421053  -1.0    -6.8839516673524335
-0.1578947368421053  -0.8947368421052632    -6.853827952149243
-0.1578947368421053  -0.7894736842105263    -6.814933230142843
-0.1578947368421053  -0.6842105263157895    -6.769082149365093
-0.1578947368421053  -0.5789473684210527    -6.7190023239131405
-0.1578947368421053  -0.4736842105263158    -6.668172652700204
-0.1578947368421053  -0.368421052631579    -6.620557348983279
-0.1578947368421053  -0.26315789473684215    -6.580231952798703
-0.1578947368421053  -0.1578947368421053    -6.550917795269711
-0.1578947368421053  -0.052631578947368474    -6.535478822690405
-0.1578947368421053  0.05263157894736836    -6.535478822690405
-0.1578947368421053  0.1578947368421053    -6.550917795269711
-0.1578947368421053  0.26315789473684204    -6.580231952798705
-0.1578947368421053  0.36842105263157876    -6.6205573489832785
-0.1578947368421053  0.4736842105263157    -6.668172652700206
-0.1578947368421053  0.5789473684210527    -6.719002323913138
-0.1578947368421053  0.6842105263157894    -6.769082149365093
-0.1578947368421053  0.7894736842105261    -6.814933230142845
-0.1578947368421053  0.894736842105263    -6.853827952149244
-0.1578947368421053  1.0    -6.8839516673524335
-0.052631578947368474  -1.0    -6.883645680919308
-0.052631578947368474  -0.8947368421052632    -6.8512572198269766
-0.052631578947368474  -0.7894736842105263    -6.810102072389993
-0.052631578947368474  -0.6842105263157895    -6.762029993847847
-0.052631578947368474  -0.5789473684210527    -6.70981397106803
-0.052631578947368474  -0.4736842105263158    -6.656993365706836
-0.052631578947368474  -0.368421052631579    -6.607610252971954
-0.052631578947368474  -0.26315789473684215    -6.56583266108703
-0.052631578947368474  -0.1578947368421053    -6.535478710829233
-0.052631578947368474  -0.052631578947368474    -6.5194954799934886
-0.052631578947368474  0.05263157894736836    -6.5194954799934886
-0.052631578947368474  0.1578947368421053    -6.535478710829233
-0.052631578947368474  0.26315789473684204    -6.565832661087033
-0.052631578947368474  0.36842105263157876    -6.607610252971954
-0.052631578947368474  0.4736842105263157    -6.656993365706837
-0.052631578947368474  0.5789473684210527    -6.70981397106803
-0.052631578947368474  0.6842105263157894    -6.762029993847847
-0.052631578947368474  0.7894736842105261    -6.810102072389994
-0.052631578947368474  0.894736842105263    -6.8512572198269766
-0.052631578947368474  1.0    -6.883645680919308
0.05263157894736836  -1.0    -6.883645680919306
0.05263157894736836  -0.8947368421052632    -6.851257219826976
0.05263157894736836  -0.7894736842105263    -6.810102072389994
0.05263157894736836  -0.6842105263157895    -6.762029993847847
0.05263157894736836  -0.5789473684210527    -6.709813971068031
0.05263157894736836  -0.4736842105263158    -6.656993365706837
0.05263157894736836  -0.368421052631579    -6.607610252971954
0.05263157894736836  -0.26315789473684215    -6.565832661087033
0.05263157894736836  -0.1578947368421053    -6.535478710829233
0.05263157894736836  -0.052631578947368474    -6.519495479993489
0.05263157894736836  0.05263157894736836    -6.5194954799934886
0.05263157894736836  0.1578947368421053    -6.535478710829233
0.05263157894736836  0.26315789473684204    -6.56583266108703
0.05263157894736836  0.36842105263157876    -6.607610252971953
0.05263157894736836  0.4736842105263157    -6.656993365706836
0.05263157894736836  0.5789473684210527    -6.70981397106803
0.05263157894736836  0.6842105263157894    -6.762029993847847
0.05263157894736836  0.7894736842105261    -6.810102072389993
0.05263157894736836  0.894736842105263    -6.8512572198269766
0.05263157894736836  1.0    -6.883645680919308
0.1578947368421053  -1.0    -6.8839516673524335
0.1578947368421053  -0.8947368421052632    -6.853827952149244
0.1578947368421053  -0.7894736842105263    -6.814933230142844
0.1578947368421053  -0.6842105263157895    -6.769082149365093
0.1578947368421053  -0.5789473684210527    -6.719002323913138
0.1578947368421053  -0.4736842105263158    -6.668172652700206
0.1578947368421053  -0.368421052631579    -6.6205573489832785
0.1578947368421053  -0.26315789473684215    -6.580231952798705
0.1578947368421053  -0.1578947368421053    -6.550917795269711
0.1578947368421053  -0.052631578947368474    -6.535478822690405
0.1578947368421053  0.05263157894736836    -6.535478822690404
0.1578947368421053  0.1578947368421053    -6.550917795269711
0.1578947368421053  0.26315789473684204    -6.580231952798705
0.1578947368421053  0.36842105263157876    -6.6205573489832785
0.1578947368421053  0.4736842105263157    -6.668172652700204
0.1578947368421053  0.5789473684210527    -6.7190023239131405
0.1578947368421053  0.6842105263157894    -6.769082149365093
0.1578947368421053  0.7894736842105261    -6.814933230142843
0.1578947368421053  0.894736842105263    -6.853827952149243
0.1578947368421053  1.0    -6.8839516673524335
0.26315789473684204  -1.0    -6.884465492072724
0.26315789473684204  -0.8947368421052632    -6.858679696046303
0.26315789473684204  -0.7894736842105263    -6.824107837556088
0.26315789473684204  -0.6842105263157895    -6.782496679540684
0.26315789473684204  -0.5789473684210527    -6.736486497914998
0.26315789473684204  -0.4736842105263158    -6.6894407881205105
0.26315789473684204  -0.368421052631579    -6.645176710515537
0.26315789473684204  -0.26315789473684215    -6.607597086385058
0.26315789473684204  -0.1578947368421053    -6.5802444421795725
0.26315789473684204  -0.052631578947368474    -6.565830547903023
0.26315789473684204  0.05263157894736836    -6.565830547903022
0.26315789473684204  0.1578947368421053    -6.5802444421795725
0.26315789473684204  0.26315789473684204    -6.607597086385058
0.26315789473684204  0.36842105263157876    -6.645176710515539
0.26315789473684204  0.4736842105263157    -6.68944078812051
0.26315789473684204  0.5789473684210527    -6.736486497914996
0.26315789473684204  0.6842105263157894    -6.782496679540684
0.26315789473684204  0.7894736842105261    -6.824107837556088
0.26315789473684204  0.894736842105263    -6.858679696046302
0.26315789473684204  1.0    -6.8844654920727235
0.36842105263157876  -1.0    -6.885022750164901
0.36842105263157876  -0.8947368421052632    -6.865284341243825
0.36842105263157876  -0.7894736842105263    -6.8367242281803
0.36842105263157876  -0.6842105263157895    -6.800993345122
0.36842105263157876  -0.5789473684210527    -6.760609530053588
0.36842105263157876  -0.4736842105263158    -6.718776544537302
0.36842105263157876  -0.368421052631579    -6.679111201564691
0.36842105263157876  -0.26315789473684215    -6.64528493541154
0.36842105263157876  -0.1578947368421053    -6.6206045575898225
0.36842105263157876  -0.052631578947368474    -6.6075839197699455
0.36842105263157876  0.05263157894736836    -6.6075839197699455
0.36842105263157876  0.1578947368421053    -6.620604557589823
0.36842105263157876  0.26315789473684204    -6.645284935411541
0.36842105263157876  0.36842105263157876    -6.67911120156469
0.36842105263157876  0.4736842105263157    -6.7187765445373
0.36842105263157876  0.5789473684210527    -6.760609530053586
0.36842105263157876  0.6842105263157894    -6.800993345121999
0.36842105263157876  0.7894736842105261    -6.8367242281803
0.36842105263157876  0.894736842105263    -6.865284341243825
0.36842105263157876  1.0    -6.885022750164902
0.4736842105263157  -1.0    -6.8854457162922
0.4736842105263157  -0.8947368421052632    -6.872963225036691
0.4736842105263157  -0.7894736842105263    -6.85159414985007
0.4736842105263157  -0.6842105263157895    -6.822873039673044
0.4736842105263157  -0.5789473684210527    -6.789170288608797
0.4736842105263157  -0.4736842105263158    -6.7535002379687255
0.4736842105263157  -0.368421052631579    -6.719246592960253
0.4736842105263157  -0.26315789473684215    -6.689816933634348
0.4736842105263157  -0.1578947368421053    -6.66825437879439
0.4736842105263157  -0.052631578947368474    -6.656854876776351
0.4736842105263157  0.05263157894736836    -6.656854876776351
0.4736842105263157  0.1578947368421053    -6.668254378794391
0.4736842105263157  0.26315789473684204    -6.689816933634348
0.4736842105263157  0.36842105263157876    -6.719246592960253
0.4736842105263157  0.4736842105263157    -6.753500237968726
0.4736842105263157  0.5789473684210527    -6.789170288608797
0.4736842105263157  0.6842105263157894    -6.822873039673044
0.4736842105263157  0.7894736842105261    -6.85159414985007
0.4736842105263157  0.894736842105263    -6.872963225036692
0.4736842105263157  1.0    -6.8854457162922
0.5789473684210527  -1.0    -6.885599892584199
0.5789473684210527  -0.8947368421052632    -6.880988107328741
0.5789473684210527  -0.7894736842105263    -6.86739258843296
0.5789473684210527  -0.6842105263157895    -6.846220488827865
0.5789473684210527  -0.5789473684210527    -6.819682275702707
0.5789473684210527  -0.4736842105263158    -6.790590166580135
0.5789473684210527  -0.368421052631579    -6.762084084461952
0.5789473684210527  -0.26315789473684215    -6.7373014695340006
0.5789473684210527  -0.1578947368421053    -6.719020821655962
0.5789473684210527  -0.052631578947368474    -6.709323016722151
0.5789473684210527  0.05263157894736836    -6.7093230167221485
0.5789473684210527  0.1578947368421053    -6.719020821655962
0.5789473684210527  0.26315789473684204    -6.737301469534002
0.5789473684210527  0.36842105263157876    -6.762084084461954
0.5789473684210527  0.4736842105263157    -6.7905901665801345
0.5789473684210527  0.5789473684210527    -6.819682275702707
0.5789473684210527  0.6842105263157894    -6.846220488827867
0.5789473684210527  0.7894736842105261    -6.867392588432958
0.5789473684210527  0.894736842105263    -6.880988107328742
0.5789473684210527  1.0    -6.885599892584196
0.6842105263157894  -1.0    -6.885436337922879
0.6842105263157894  -0.8947368421052632    -6.888672061728694
0.6842105263157894  -0.7894736842105263    -6.88279990092181
0.6842105263157894  -0.6842105263157895    -6.869099404985896
0.6842105263157894  -0.5789473684210527    -6.849622266289434
0.6842105263157894  -0.4736842105263158    -6.826983193812612
0.6842105263157894  -0.368421052631579    -6.804088493854826
0.6842105263157894  -0.26315789473684215    -6.783821972461773
0.6842105263157894  -0.1578947368421053    -6.768718395014681
0.6842105263157894  -0.052631578947368474    -6.7606636324460325
0.6842105263157894  0.05263157894736836    -6.7606636324460325
0.6842105263157894  0.1578947368421053    -6.76871839501468
0.6842105263157894  0.26315789473684204    -6.78382197246177
0.6842105263157894  0.36842105263157876    -6.804088493854827
0.6842105263157894  0.4736842105263157    -6.826983193812612
0.6842105263157894  0.5789473684210527    -6.849622266289433
0.6842105263157894  0.6842105263157894    -6.8690994049858976
0.6842105263157894  0.7894736842105261    -6.88279990092181
0.6842105263157894  0.894736842105263    -6.888672061728694
0.6842105263157894  1.0    -6.88543633792288
0.7894736842105261  -1.0    -6.8850069719214835
0.7894736842105261  -0.8947368421052632    -6.89543397336537
0.7894736842105261  -0.7894736842105263    -6.896615688520764
0.7894736842105261  -0.6842105263157895    -6.889714720344447
0.7894736842105261  -0.5789473684210527    -6.87663838592283
0.7894736842105261  -0.4736842105263158    -6.859824335528128
0.7894736842105261  -0.368421052631579    -6.841973075707119
0.7894736842105261  -0.26315789473684215    -6.825749021120548
0.7894736842105261  -0.1578947368421053    -6.813479660562724
0.7894736842105261  -0.052631578947368474    -6.80688730974729
0.7894736842105261  0.05263157894736836    -6.806887309747291
0.7894736842105261  0.1578947368421053    -6.813479660562724
0.7894736842105261  0.26315789473684204    -6.825749021120547
0.7894736842105261  0.36842105263157876    -6.841973075707118
0.7894736842105261  0.4736842105263157    -6.859824335528128
0.7894736842105261  0.5789473684210527    -6.876638385922831
0.7894736842105261  0.6842105263157894    -6.889714720344447
0.7894736842105261  0.7894736842105261    -6.896615688520763
0.7894736842105261  0.894736842105263    -6.8954339733653685
0.7894736842105261  1.0    -6.885006971921484
0.894736842105263  -1.0    -6.884448337865946
0.894736842105263  -0.8947368421052632    -6.9008302179693715
0.894736842105263  -0.7894736842105263    -6.907836058716046
0.894736842105263  -0.6842105263157895    -6.906531927258465
0.894736842105263  -0.5789473684210527    -6.898706719316197
0.894736842105263  -0.4736842105263158    -6.88665455238945
0.894736842105263  -0.368421052631579    -6.872911495537988
0.894736842105263  -0.26315789473684215    -6.859969283772021
0.894736842105263  -0.1578947368421053    -6.849994516222328
0.894736842105263  -0.052631578947368474    -6.844583978242777
0.894736842105263  0.05263157894736836    -6.8445839782427775
0.894736842105263  0.1578947368421053    -6.849994516222327
0.894736842105263  0.26315789473684204    -6.8599692837720205
0.894736842105263  0.36842105263157876    -6.872911495537986
0.894736842105263  0.4736842105263157    -6.886654552389452
0.894736842105263  0.5789473684210527    -6.898706719316196
0.894736842105263  0.6842105263157894    -6.906531927258465
0.894736842105263  0.7894736842105261    -6.907836058716047
0.894736842105263  0.894736842105263    -6.900830217969374
0.894736842105263  1.0    -6.884448337865946
1.0  -1.0    -6.883938617642442
1.0  -0.8947368421052632    -6.904556680917548
1.0  -0.7894736842105263    -6.915696364326331
1.0  -0.6842105263157895    -6.918355367961551
1.0  -0.5789473684210527    -6.9142391055954535
1.0  -0.4736842105263158    -6.905541386993366
1.0  -0.368421052631579    -6.894684590887786
1.0  -0.26315789473684215    -6.884042386049512
1.0  -0.1578947368421053    -6.875672488606751
1.0  -0.052631578947368474    -6.8710874289917045
1.0  0.05263157894736836    -6.871087428991704
1.0  0.1578947368421053    -6.875672488606751
1.0  0.26315789473684204    -6.8840423860495115
1.0  0.36842105263157876    -6.894684590887786
1.0  0.4736842105263157    -6.905541386993366
1.0  0.5789473684210527    -6.9142391055954535
1.0  0.6842105263157894    -6.918355367961551
1.0  0.7894736842105261    -6.915696364326331
1.0  0.894736842105263    -6.904556680917548
1.0  1.0    -6.883938617642442
