0.000000000000000000e+00 1.212112409469112695e-01
1.000000000000000000e+00 1.212112409469112695e-01
2.000000000000000000e+00 1.212112409469114221e-01
3.000000000000000000e+00 1.212112409469114221e-01
4.000000000000000000e+00 1.212112409469113666e-01
5.000000000000000000e+00 1.212112409469113666e-01
6.000000000000000000e+00 1.212112409469115887e-01
7.000000000000000000e+00 1.212112409469115887e-01
8.000000000000000000e+00 1.212112409469116581e-01
9.000000000000000000e+00 1.212112409469116581e-01
1.000000000000000000e+01 1.212112409469114221e-01
1.100000000000000000e+01 1.212112409469114221e-01
1.200000000000000000e+01 1.212112409469115054e-01
1.300000000000000000e+01 1.212112409469115054e-01
1.400000000000000000e+01 1.212112409469116026e-01
1.500000000000000000e+01 1.212112409469116026e-01
1.600000000000000000e+01 1.212112409469115332e-01
1.700000000000000000e+01 1.212112409469115332e-01
1.800000000000000000e+01 1.212112409469115332e-01
1.900000000000000000e+01 1.212112409469115332e-01
2.000000000000000000e+01 1.212112409469115609e-01
2.100000000000000000e+01 1.212112409469115609e-01
2.200000000000000000e+01 1.212112409469116026e-01
2.300000000000000000e+01 1.212112409469116026e-01
2.400000000000000000e+01 1.212112409469114915e-01
2.500000000000000000e+01 1.212112409469114915e-01
2.600000000000000000e+01 1.212112409469116858e-01
2.700000000000000000e+01 1.212112409469116858e-01
2.800000000000000000e+01 1.212112409469115054e-01
2.900000000000000000e+01 1.212112409469115054e-01
3.000000000000000000e+01 1.212112409469113528e-01
3.100000000000000000e+01 1.212112409469113528e-01
3.200000000000000000e+01 1.212112409469113944e-01
3.300000000000000000e+01 1.212112409469113944e-01
3.400000000000000000e+01 1.212112409469117136e-01
3.500000000000000000e+01 1.212112409469117136e-01
3.600000000000000000e+01 1.212112409469113944e-01
3.700000000000000000e+01 1.212112409469113944e-01
3.800000000000000000e+01 1.212112409469114083e-01
3.900000000000000000e+01 1.212112409469114083e-01
4.000000000000000000e+01 1.212112409469114915e-01
4.100000000000000000e+01 1.212112409469114915e-01
4.200000000000000000e+01 1.212112409469115054e-01
4.300000000000000000e+01 1.212112409469115054e-01
4.400000000000000000e+01 1.212112409469114777e-01
4.500000000000000000e+01 1.212112409469114777e-01
4.600000000000000000e+01 1.212112409469115054e-01
4.700000000000000000e+01 1.212112409469115054e-01
4.800000000000000000e+01 1.212112409469114915e-01
4.900000000000000000e+01 1.212112409469114915e-01
5.000000000000000000e+01 1.212112409469115470e-01
5.100000000000000000e+01 1.212112409469115470e-01
5.200000000000000000e+01 1.212112409469114360e-01
5.300000000000000000e+01 1.212112409469114360e-01
5.400000000000000000e+01 1.212112409469115054e-01
5.500000000000000000e+01 1.212112409469115054e-01
5.600000000000000000e+01 1.212112409469115470e-01
5.700000000000000000e+01 1.212112409469115470e-01
5.800000000000000000e+01 1.212112409469115609e-01
5.900000000000000000e+01 1.212112409469115609e-01
6.000000000000000000e+01 1.212112409469112279e-01
6.100000000000000000e+01 1.212112409469112279e-01
6.200000000000000000e+01 1.212112409469114915e-01
6.300000000000000000e+01 1.212112409469114915e-01
6.400000000000000000e+01 1.212112409469114083e-01
6.500000000000000000e+01 1.212112409469114083e-01
6.600000000000000000e+01 1.212112409469115332e-01
6.700000000000000000e+01 1.212112409469115332e-01
6.800000000000000000e+01 1.212112409469114915e-01
6.900000000000000000e+01 1.212112409469114915e-01
7.000000000000000000e+01 1.212112409469115887e-01
7.100000000000000000e+01 1.212112409469115887e-01
