0   -3.538216916542902  -0.0011238970487954093  
0   -2.538215455944212  0.0011238970487958578  
0   2.5382154559442167  0.0011238970487991884  
0   3.5382169165429076  -0.0011238970487989898  
1   -3.5374895975411396  -0.002247491508601904  
1   -2.537483756602739  0.0022474915086003523  
1   2.537483756602741  0.002247491508603794  
1   3.537489597541144  -0.0022474915086032918  
2   -3.536277607914775  -0.00337048086598714  
2   -2.5362644712632556  0.003370480865988065  
2   2.5362644712632605  0.003370480865989869  
2   3.5362776079147817  -0.003370480865990304  
3   -3.5345812606931415  -0.004492562758558707  
3   -2.5345579202295023  0.004492562758558235  
3   2.534557920229507  0.0044925627585607605  
3   3.534581260693147  -0.0044925627585608715  
4   -3.53240099404625  -0.005613435050101221  
4   -2.5323645518452795  0.005613435050100649  
4   2.5323645518452813  0.005613435050103064  
4   3.532400994046254  -0.005613435050103691  
5   -3.5297373712139013  -0.006732795905380569  
5   -2.529684942413173  0.00673279590538153  
5   2.529684942413178  0.006732795905383306  
5   3.5297373712139057  -0.006732795905383067  
6   -3.5265910804146987  -0.00785034386438798  
6   -2.526519796090276  0.007850343864389006  
6   2.5265197960902803  0.007850343864390643  
6   3.526591080414704  -0.007850343864390784  
7   -3.5229629347351157  -0.008965777915920523  
7   -2.5228699447609904  0.008965777915921404  
7   2.522869944760995  0.008965777915922847  
7   3.5229629347351215  -0.008965777915923049  
8   -3.5188538719988003  -0.010078797570365025  
8   -2.518736347887196  0.010078797570364267  
8   2.5187363478872014  0.010078797570367237  
8   3.5188538719988056  -0.010078797570367023  
9   -3.514264954616313  -0.011189102931559029  
9   -2.514120092335948  0.011189102931560353  
9   2.5141200923359524  0.011189102931561796  
9   3.5142649546163187  -0.011189102931561888  
10   -3.5091973694155185  -0.012296394767566558  
10   -2.509022392184954  0.012296394767567451  
10   2.5090223921849573  0.012296394767569977  
10   3.5091973694155243  -0.01229639476756986  
11   -3.503652427452924  -0.0134003745802633  
11   -2.5034445885061865  0.013400374580265054  
11   2.5034445885061913  0.013400374580266054  
11   3.50365242745293  -0.013400374580266076  
12   -3.497631563806246  -0.014500744673558394  
12   -2.497388149127906  0.014500744673558013  
12   2.4973881491279104  0.014500744673560122  
12   3.4976315638062507  -0.014500744673560226  
13   -3.491136337348552  -0.015597208220156639  
13   -2.4908546683754946  0.015597208220159272  
13   2.490854668375497  0.015597208220158495  
13   3.491136337348556  -0.01559720822015861  
14   -3.484168430504365  -0.0166894693266821  
14   -2.4838458667915058  0.016689469326681253  
14   2.48384586679151  0.016689469326682835  
14   3.4841684305043694  -0.016689469326682933  
15   -3.4767296489881323  -0.01777723309702563  
15   -2.4763635908354233  0.01777723309702565  
15   2.476363590835428  0.017777233097027178  
15   3.476729648988137  -0.017777233097026963  
16   -3.4688219215255196  -0.018860205693805893  
16   -2.468409812563554  0.018860205693805452  
16   2.468409812563558  0.01886020569380645  
16   3.468821921525524  -0.01886020569380653  
17   -3.460447299558036  -0.019938094397741798  
17   -2.4599866292896837  0.019938094397739217  
17   2.4599866292896855  0.019938094397742908  
17   3.4604472995580404  -0.019938094397742908  
18   -3.45160795693153  -0.02101060766483032  
18   -2.451096263227027  0.02101060766483125  
18   2.451096263227032  0.021010607664832665  
18   3.451607956931534  -0.02101060766483254  
19   -3.442306189569144  -0.022077455181152582  
19   -2.4417410611121726  0.02207745518115457  
19   2.4417410611121784  0.022077455181155236  
19   3.4423061895691487  -0.022077455181154858  
20   -3.4325444151293807  -0.023138347915149744  
20   -2.431923493811646  0.023138347915149564  
20   2.4319234938116514  0.023138347915152006  
20   3.4325444151293865  -0.023138347915152103  
21   -3.422325172649963  -0.024192998167232242  
21   -2.421646155911913  0.024192998167234612  
21   2.421646155911917  0.024192998167235  
21   3.4223251726499697  -0.02419299816723474  
22   -3.4116511221782386  -0.025241119616508892  
22   -2.4109117652935868  0.025241119616509846  
22   2.4109117652935916  0.025241119616510595  
22   3.411651122178243  -0.025241119616510252  
23   -3.4005250443889325  -0.02628242736450944  
23   -2.3997231626907354  0.02628242736450837  
23   2.39972316269074  0.026282427364510755  
23   3.4005250443889374  -0.026282427364510606  
24   -3.3889498401901412  -0.02731663797569634  
24   -2.3880833112361963  0.02731663797569839  
24   2.388083311236201  0.027316637975698364  
24   3.3889498401901474  -0.027316637975698894  
25   -3.376928530318477  -0.028343469514589752  
25   -2.3759952959939334  0.028343469514588937  
25   2.3759952959939366  0.02834346951459088  
25   3.376928530318481  -0.02834346951459089  
26   -3.3644642549243597  -0.029362641579290714  
26   -2.3634623234794727  0.02936264157928911  
26   2.363462323479478  0.029362641579292442  
26   3.364464254924365  -0.029362641579292297  
27   -3.351560273148598  -0.030373875331246972  
27   -2.3504877211696353  0.03037387533124864  
27   2.3504877211696407  0.030373875331249085  
27   3.3515602731486034  -0.030373875331248777  
28   -3.3382199626913454  -0.031376893520994854  
28   -2.337074937002711  0.03137689352099312  
28   2.3370749370027166  0.03137689352099612  
28   3.3382199626913507  -0.03137689352099624  
29   -3.324446819374736  -0.03237142050969004  
29   -2.3232275388704933  0.032371420509690406  
29   2.323227538870497  0.032371420509691405  
29   3.3244468193747414  -0.032371420509692175  
30   -3.3102444567005254  -0.03335718228618583  
30   -2.308949214103521  0.03335718228618414  
30   2.3089492141035253  0.033357182286187136  
30   3.31024445670053  -0.03335718228618705  
31   -3.295616605404167  -0.03433390647939302  
31   -2.2942437689511066  0.034333906479391794  
31   2.2942437689511115  0.03433390647939496  
31   3.295616605404172  -0.03433390647939499  
32   -3.2805671130068994  -0.03530132236568903  
32   -2.279115128057729  0.03530132236569004  
32   2.2791151280577315  0.03530132236569095  
32   3.280567113006904  -0.03530132236569056  
33   -3.26509994336747  -0.036259160871056725  
33   -2.263567333937559  0.03625916087105563  
33   2.2635673339375635  0.036259160871057794  
33   3.265099943367475  -0.03625916087105803  
34   -3.249219176235333  -0.03720715456769033  
34   -2.247604546449028  0.03720715456769107  
34   2.2476045464490326  0.037207154567692094  
34   3.249219176235339  -0.037207154567692136  
35   -3.2329290068072014  -0.03814503766473369  
35   -2.2312310422713617  0.03814503766473269  
35   2.2312310422713644  0.038145037664734  
35   3.232929006807205  -0.038145037664733775  
36   -3.216233745289022  -0.03907254599277575  
36   -2.214451214385306  0.03907254599277556  
36   2.2144512143853117  0.03907254599277917  
36   3.2162337452890286  -0.03907254599277939  
37   -3.1991378164656625  -0.039989416981824  
37   -2.1972695715603505  0.03998941698182292  
37   2.197269571560355  0.03998941698182584  
37   3.199137816465668  -0.0399894169818258  
38   -3.1816457592805887  -0.04089538963223307  
38   -2.179690737850875  0.04089538963223198  
38   2.179690737850878  0.04089538963223467  
38   3.181645759280594  -0.040895389632234984  
39   -3.1637622264282212  -0.04179020447827614  
39   -2.161719452103947  0.041790204478278366  
39   2.161719452103952  0.04179020447827859  
39   3.163762226428227  -0.041790204478278414  
40   -3.1454919839616875  -0.04267360354382392  
40   -2.1433605674816403  0.04267360354382061  
40   2.1433605674816416  0.04267360354382447  
40   3.145491983961691  -0.042673603543824476  
41   -3.1268399109189637  -0.04354533028965003  
41   -2.1246190510008702  0.04354533028964726  
41   2.124619051000876  0.04354533028964942  
41   3.1268399109189677  -0.04354533028965006  
42   -3.107810998970678  -0.04440512955183212  
42   -2.1054999830942243  0.04440512955183226  
42   2.1054999830942287  0.04440512955183362  
42   3.107810998970683  -0.044405129551833566  
43   -3.088410352093004  -0.04525274747063126  
43   -2.0860085571951847  0.045252747470632786  
43   2.086008557195189  0.04525274747063398  
43   3.08841035209301  -0.04525274747063376  
44   -3.068643186269458  -0.04608793140921393  
44   -2.066150079351764  0.0460879314092141  
44   2.066150079351769  0.0460879314092166  
44   3.068643186269463  -0.04608793140921632  
45   -3.048514829225631  -0.04691042986151335  
45   -2.0459299678726124  0.04691042986151341  
45   2.0459299678726177  0.046910429861515855  
45   3.0485148292256374  -0.046910429861515654  
46   -3.0280307202012975  -0.047719992348466155  
46   -2.025353753010139  0.04771999234846643  
46   2.0253537530101435  0.04771999234846774  
46   3.0280307202013033  -0.047719992348467986  
47   -3.007196409764627  -0.048516369301767386  
47   -2.0044270766855012  0.04851636930176688  
47   2.0044270766855057  0.048516369301767795  
47   3.0071964097646315  -0.048516369301768024  
48   -2.9860175596736895  -0.04929931193423794  
48   -1.983155692260715  0.04929931193423727  
48   1.9831556922607192  0.049299311934240295  
48   2.986017559673694  -0.04929931193424016  
49   -2.964499942790841  -0.050068572095791436  
49   -1.9615454643635868  0.05006857209579149  
49   1.9615454643635917  0.05006857209579468  
49   2.9644999427908467  -0.050068572095794295  
50   -2.9426494430560646  -0.05082390211387647  
50   -1.9396023687716402  0.05082390211387766  
50   1.9396023687716433  0.05082390211387949  
50   2.9426494430560703  -0.050823902113879466  
51   -2.9204720555258588  -0.05156505461719513  
51   -1.9173324923617079  0.05156505461719661  
51   1.9173324923617112  0.05156505461719778  
51   2.920472055525865  -0.05156505461719804  
52   -2.897973886484858  -0.05229178234135416  
52   -1.894742033132505  0.052291782341353156  
52   1.8947420331325069  0.05229178234135421  
52   2.897973886484861  -0.05229178234135408  
53   -2.8751611536379515  -0.05300383791495369  
53   -1.8718373003080222  0.05300383791495411  
53   1.8718373003080246  0.05300383791495547  
53   2.875161153637956  -0.05300383791495555  
54   -2.852040186391456  -0.05370097362453985  
54   -1.8486247145303802  0.05370097362454008  
54   1.8486247145303825  0.05370097362454249  
54   2.852040186391461  -0.05370097362454196  
55   -2.8286174262325168  -0.05438294115654911  
55   -1.8251108081514702  0.05438294115654921  
55   1.8251108081514724  0.05438294115655151  
55   2.828617426232522  -0.0543829411565515  
56   -2.8048994272168883  -0.05504949131433817  
56   -1.8013022256335782  0.05504949131433852  
56   1.8013022256335818  0.055049491314340684  
56   2.8048994272168932  -0.0550494913143407  
57   -2.7808928565761  -0.05570037370807738  
57   -1.77720572407013  0.05570037370807554  
57   1.7772057240701329  0.055700373708077094  
57   2.780892856576103  -0.05570037370807713  
58   -2.756604495456033  -0.056335336415080324  
58   -1.7528281738386786  0.05633533641508086  
58   1.752828173838681  0.05633533641508241  
58   2.756604495456038  -0.05633533641508235  
59   -2.7320412398001177  -0.0569541256079495  
59   -1.728176559399421  0.05695412560795018  
59   1.7281765593994245  0.0569541256079519  
59   2.7320412398001226  -0.056954125607951496  
60   -2.707210101391507  -0.057556485147477014  
60   -1.7032579802537673  0.05755648514747819  
60   1.7032579802537704  0.05755648514747966  
60   2.7072101013915124  -0.057556485147479346  
61   -2.6821182090700884  -0.05814215613710845  
61   -1.6780796520788455  0.05814215613710731  
61   1.6780796520788475  0.058142156137110476  
61   2.682118209070093  -0.05814215613710981  
62   -2.656772810141613  -0.058710876435270405  
62   -1.6526489080553959  0.05871087643527093  
62   1.6526489080553997  0.058710876435273764  
62   2.6567728101416184  -0.05871087643527315  
63   -2.631181271997999  -0.05926238012153481  
63   -1.6269732004081954  0.059262380121534466  
63   1.626973200408199  0.059262380121536104  
63   2.6311812719980034  -0.05926238012153648  
64   -2.605351083969669  -0.059796396912098086  
64   -1.6010601021799724  0.05979639691209877  
64   1.601060102179975  0.059796396912099745  
64   2.6053510839696736  -0.05979639691209928  
65   -2.5792898594329476  -0.06031265151960932  
65   -1.5749173092619713  0.06031265151960848  
65   1.574917309261976  0.060312651519611814  
65   2.579289859432952  -0.06031265151961088  
66   -2.553005338197792  -0.06081086295175496  
66   -1.548552642706567  0.06081086295175426  
66   1.54855264270657  0.06081086295175601  
66   2.553005338197796  -0.060810862951756126  
67   -2.526505389203755  -0.06129074374240519  
67   -1.5219740513499058  0.06129074374240564  
67   1.5219740513499092  0.061290743742406166  
67   2.526505389203759  -0.06129074374240635  
68   -2.499798013554923  -0.06175199910842451  
68   -1.4951896147755117  0.06175199910842384  
68   1.4951896147755144  0.06175199910842501  
68   2.4997980135549267  -0.06175199910842523  
69   -2.4728913479277725  -0.06219432602444403  
69   -1.4682075466528794  0.062194326024444545  
69   1.4682075466528817  0.06219432602444513  
69   2.4728913479277765  -0.06219432602444506  
70   -2.445793668389461  -0.06261741220699539  
70   -1.4410361984887436  0.06261741220699603  
70   1.4410361984887472  0.06261741220699636  
70   2.4457936683894657  -0.0626174122069967  
71   -2.4185133946680177  -0.06302093499841613  
71   -1.4136840638326316  0.06302093499841692  
71   1.4136840638326347  0.06302093499841839  
71   2.4185133946680226  -0.06302093499841784  
72   -2.3910590949203465  -0.06340456013982187  
72   -1.3861597829827748  0.06340456013982182  
72   1.3861597829827774  0.06340456013982282  
72   2.391059094920351  -0.06340456013982262  
73   -2.363439491048898  -0.06376794042113532  
73   -1.3584721482434245  0.06376794042113595  
73   1.3584721482434274  0.0637679404211372  
73   2.363439491048903  -0.0637679404211372  
74   -2.3356634646234116  -0.06411071419483064  
74   -1.3306301097901403  0.06411071419482894  
74   1.330630109790144  0.06411071419483158  
74   2.3356634646234156  -0.0641107141948313  
75   -2.3077400634702596  -0.06443250373834186  
75   -1.3026427822058273  0.06443250373834188  
75   1.3026427822058297  0.06443250373834293  
75   2.3077400634702636  -0.06443250373834283  
76   -2.279678508998926  -0.06473291344844653  
76   -1.2745194517572385  0.0647329134484459  
76   1.274519451757242  0.0647329134484477  
76   2.2796785089989307  -0.06473291344844764  
77   -2.251488204342778  -0.06501152784879205  
77   -1.246269584489426  0.06501152784879184  
77   1.2462695844894285  0.06501152784879287  
77   2.251488204342782  -0.06501152784879272  
78   -2.22317874340003  -0.06526790938960042  
78   -1.2179028352242622  0.06526790938960107  
78   1.2179028352242651  0.06526790938960257  
78   2.2231787434000343  -0.06526790938960228  
79   -2.19475992087043  -0.06550159601603787  
79   -1.189429057558943  0.06550159601603794  
79   1.1894290575589463  0.06550159601603958  
79   2.194759920870435  -0.06550159601603943  
80   -2.166241743394046  -0.0657120984789034  
80   -1.160858314971188  0.06571209847890311  
80   1.1608583149711895  0.06571209847890472  
80   2.1662417433940497  -0.06571209847890443  
81   -2.137634441910634  -0.06589889735823956  
81   -1.1322008931500709  0.0658988973582397  
81   1.1322008931500736  0.0658988973582407  
81   2.1376344419106386  -0.06589889735824075  
82   -2.1089484853716516  -0.06606143976691327  
82   -1.1034673136850288  0.06606143976691317  
82   1.1034673136850317  0.06606143976691445  
82   2.1089484853716556  -0.0660614397669146  
83   -2.080194595952065  -0.06619913569739967  
83   -1.074668349260774  0.06619913569739896  
83   1.074668349260777  0.06619913569740087  
83   2.0801945959520696  -0.06619913569740064  
84   -2.0513837659260665  -0.06631135397072146  
84   -1.0458150405228888  0.06631135397072117  
84   1.0458150405228903  0.06631135397072267  
84   2.0513837659260705  -0.06631135397072216  
85   -2.022527276389597  -0.06639741774179926  
85   -1.0169187147978023  0.06639741774179958  
85   1.0169187147978054  0.06639741774180125  
85   2.022527276389602  -0.0663974177418012  
86   -1.9936367180336048  -0.06645659951035568  
86   -0.9879910068719917  0.06645659951035571  
86   0.9879910068719944  0.0664565995103571  
86   1.9936367180336096  -0.06645659951035704  
87   -1.9647240141952076  -0.06648811558091446  
87   -0.959043882058698  0.06648811558091429  
87   0.9590438820587002  0.06648811558091575  
87   1.9647240141952123  -0.06648811558091548  
88   -1.9358014464397675  -0.0664911199095128  
88   -0.9300896618064707  0.06649111990951218  
88   0.9300896618064731  0.06649111990951406  
88   1.9358014464397721  -0.0664911199095141  
89   -1.9068816829553306  -0.06646469726838809  
89   -0.901141052132586  0.06646469726838859  
89   0.9011410521325878  0.06646469726838976  
89   1.906881682955335  -0.06646469726838937  
90   -1.8779778100721196  -0.06640785565333478  
90   -0.8722111751959472  0.06640785565333433  
90   0.8722111751959498  0.06640785565333583  
90   1.8779778100721243  -0.0664078556533358  
91   -1.8491033672539545  -0.06631951785176705  
91   -0.8433136043586427  0.06631951785176725  
91   0.8433136043586444  0.06631951785176825  
91   1.849103367253959  -0.0663195178517683  
92   -1.8202723859453949  -0.06619851208305896  
92   -0.814462403122798  0.06619851208305877  
92   0.8144624031228  0.06619851208306055  
92   1.8202723859453995  -0.06619851208306013  
93   -1.7914994326981313  -0.06604356161675116  
93   -0.7856721683697214  0.06604356161675118  
93   0.7856721683697234  0.06604356161675251  
93   1.7914994326981355  -0.06604356161675211  
94   -1.762799657042164  -0.06585327326939212  
94   -0.7569580783711309  0.06585327326939276  
94   0.7569580783711329  0.06585327326939365  
94   1.7627996570421687  -0.06585327326939337  
95   -1.7341888446110592  -0.06562612467775344  
95   -0.7283359460870671  0.06562612467775412  
95   0.7283359460870704  0.06562612467775511  
95   1.7341888446110645  -0.06562612467775497  
96   -1.7056834760750321  -0.06536045024605004  
96   -0.699822278310821  0.06536045024604956  
96   0.6998222783108232  0.06536045024605061  
96   1.7056834760750361  -0.0653604502460509  
97   -1.6773007924791363  -0.06505442566908044  
97   -0.6714343412664237  0.06505442566907983  
97   0.6714343412664263  0.06505442566908105  
97   1.6773007924791405  -0.06505442566908108  
98   -1.6490588676242839  -0.0647060509438141  
98   -0.6431902333068267  0.06470605094381406  
98   0.6431902333068287  0.06470605094381517  
98   1.6490588676242879  -0.0647060509438149  
99   -1.620976688162564  -0.0643131318015506  
99   -0.6151089653974688  0.06431313180155092  
99   0.6151089653974711  0.06431313180155203  
99   1.620976688162569  -0.06431313180155177  
100   -1.5930742421011488  -0.06387325952503467  
100   -0.5872105500963636  0.06387325952503502  
100   0.5872105500963649  0.06387325952503607  
100   1.593074242101154  -0.06387325952503589  
101   -1.5653726164140005  -0.06338378916430465  
101   -0.5595160997516369  0.06338378916430508  
101   0.5595160997516384  0.0633837891643063  
101   1.565372616414006  -0.06338378916430629  
102   -1.537894104439372  -0.06284181623790809  
102   -0.5320479346225739  0.06284181623790823  
102   0.5320479346225759  0.06284181623790912  
102   1.5378941044393761  -0.06284181623790884  
103   -1.51066232368144  -0.062244152110126134  
103   -0.5048297015791781  0.06224415211012643  
103   0.5048297015791801  0.0622441521101276  
103   1.5106623236814445  -0.062244152110127085  
104   -1.4837023445210589  -0.061587298380164655  
104   -0.477886503933441  0.061587298380164274  
104   0.47788650393344256  0.06158729838016555  
104   1.483702344521063  -0.061587298380165474  
105   -1.457040830152677  -0.06086742081818435  
105   -0.4512450427833494  0.060867420818184303  
105   0.45124504278335187  0.06086742081818536  
105   1.4570408301526814  -0.060867420818185185  
106   -1.4307061877756582  -0.06008032365097563  
106   -0.4249337699835236  0.06008032365097492  
106   0.42493376998352517  0.060080323650976035  
106   1.4307061877756633  -0.0600803236509762  
107   -1.404728730644612  -0.059221425354846764  
107   -0.39898305246283616  0.05922142535484543  
107   0.3989830524628377  0.059221425354846494  
107   1.4047287306446177  -0.059221425354846625  
108   -1.3791408499827962  -0.05828573757552261  
108   -0.37342534705123054  0.05828573757552244  
108   0.37342534705123254  0.058285737575522995  
108   1.3791408499828008  -0.058285737575523425  
109   -1.3539771949338804  -0.057267849386184067  
109   -0.34829538420925865  0.05726784938618372  
109   0.34829538420926065  0.05726784938618561  
109   1.3539771949338852  -0.05726784938618516  
110   -1.32927485760954  -0.056161919836111934  
110   -0.3236303580226829  0.05616191983611086  
110   0.3236303580226838  0.056161919836112524  
110   1.3292748576095446  -0.05616191983611284  
111   -1.3050735588147468  -0.05496168264923071  
111   -0.2994701184751871  0.05496168264923052  
111   0.2994701184751891  0.054961682649230695  
111   1.305073558814751  -0.054961682649231465  
112   -1.2814158281261827  -0.05366046800742445  
112   -0.2758573602925254  0.05366046800742484  
112   0.27585736029252694  0.05366046800742496  
112   1.281415828126188  -0.05366046800742544  
113   -1.2583471695919086  -0.05225124757781602  
113   -0.2528378005245897  0.05225124757781495  
113   0.25283780052459104  0.0522512475778164  
113   1.258347169591913  -0.0522512475778165  
114   -1.2359162013590241  -0.05072671025727426  
114   -0.23046033449840042  0.0507267102572737  
114   0.23046033449840242  0.05072671025727404  
114   1.2359162013590292  -0.050726710257275175  
115   -1.214174754005376  -0.049079377391708666  
115   -0.2087771569084751  0.04907937739170856  
115   0.20877715690847642  0.04907937739170918  
115   1.2141747540053807  -0.04907937739170957  
116   -1.1931779083058343  -0.04730176727589873  
116   -0.18784383181561704  0.04730176727589871  
116   0.1878438318156186  0.04730176727589999  
116   1.1931779083058398  -0.047301767275899825  
117   -1.1729839487720206  -0.045386619230579316  
117   -0.167719292626217  0.045386619230580974  
117   0.16771929262621876  0.04538661923058176  
117   1.1729839487720266  -0.045386619230580606  
118   -1.1536542049037106  -0.04332718702859649  
118   -0.1484657515086638  0.04332718702859501  
118   0.1484657515086658  0.04332718702859845  
118   1.1536542049037162  -0.04332718702859732  
119   -1.135252748248508  -0.0411176093027758  
119   -0.13014849854265864  0.041117609302775825  
119   0.13014849854265997  0.041117609302775894  
119   1.1352527482485133  -0.041117609302776706  
120   -1.1178459109354977  -0.038753360115944116  
120   -0.11283557650357334  0.03875336011594532  
120   0.11283557650357423  0.0387533601159439  
120   1.1178459109355028  -0.03875336011594512  
121   -1.1015015914875024  -0.03623177541944238  
121   -0.09659733140721305  0.03623177541944234  
121   0.09659733140721372  0.0362317754194403  
121   1.1015015914875077  -0.036231775419443085  
122   -1.086288317844592  -0.03355264020186403  
122   -0.08150586816651795  0.03355264020186292  
122   0.08150586816651839  0.03355264020186371  
122   1.086288317844597  -0.03355264020186525  
123   -1.0722740471665528  -0.030718806806707993  
123   -0.06763449540778521  0.030718806806711383  
123   0.06763449540778632  0.03071880680670784  
123   1.0722740471665588  -0.03071880680670905  
124   -1.0595246984199895  -0.027736798187763357  
124   -0.05505733958232617  0.027736798187764755  
124   0.05505733958232706  0.02773679818776221  
124   1.0595246984199949  -0.027736798187764377  
125   -1.0481024375776566  -0.024617333091777722  
125   -0.0438494623390695  0.024617333091785383  
125   0.04384946233907083  0.024617333091773577  
125   1.048102437577662  -0.024617333091778926  
126   -1.0380637657213585  -0.021375697063947464  
126   -0.034087997035208595  0.021375697063951635  
126   0.03408799703520926  0.021375697063943617  
126   1.0380637657213638  -0.02137569706394868  
127   -1.0294574948116193  -0.018031878589713387  
127   -0.025854697723210807  0.018031878589720968  
127   0.025854697723211695  0.018031878589710948  
127   1.0294574948116244  -0.018031878589714667  
128   -1.0223227295845563  -0.014610398444836855  
128   -0.019238082990626237  0.014610398444849668  
128   0.019238082990627348  0.014610398444824868  
128   1.0223227295845618  -0.014610398444838007  
129   -1.016687000385493  -0.011139785518087527  
129   -0.014322360793440181  0.011139785518076734  
129   0.014322360793440403  0.011139785518082743  
129   1.0166870003854989  -0.011139785518088658  
130   -1.0125647035725407  -0.007651693408025344  
130   -0.011121590267973325  0.007651693408031929  
130   0.01112159026797399  0.007651693408022936  
130   1.0125647035725458  -0.00765169340802618  
131   -1.0099559975628722  -0.0041797034247818225  
131   -0.009434002829631583  0.004179703424788905  
131   0.00943400282963247  0.004179703424760095  
131   1.0099559975628782  -0.0041797034247828355  
132   -1.0088462712630897  -0.0007579110863437833  
132   -0.008827502390079456  0.000757911086366525  
132   0.008827502390080344  0.0007579110863306093  
132   1.0088462712630955  -0.0007579110863450049  
133   -1.0092062501513321  0.0025805675426659055  
133   -0.00899474141040324  -0.0025805675426387453  
133   0.00899474141040435  -0.002580567542692036  
133   1.0092062501513377  0.002580567542664777  
134   -1.0109927414140787  0.0058050167999845435  
134   -0.010062657862809354  -0.00580501679997561  
134   0.01006265786281002  -0.005805016799980189  
134   1.0109927414140847  0.0058050167999836935  
135   -1.0141499544937262  0.008888327872873202  
135   -0.012404980256680354  -0.008888327872874718  
135   0.012404980256681464  -0.008888327872861396  
135   1.0141499544937322  0.00888832787287167  
136   -1.0186112788515342  0.011807884879861475  
136   -0.016233772963992532  -0.01180788487985239  
136   0.01623377296399342  -0.011807884879853292  
136   1.0186112788515398  0.011807884879860142  
137   -1.0243013656353432  0.014546076111764393  
137   -0.02151197871078625  -0.014546076111759294  
137   0.02151197871078714  -0.01454607611176656  
137   1.024301365635349  0.014546076111763008  
138   -1.0311383482759087  0.017090430250240797  
138   -0.0281023992996301  -0.017090430250237015  
138   0.028102399299630765  -0.017090430250244155  
138   1.0311383482759136  0.017090430250239524  
139   -1.0390360474602587  0.01943342309034499  
139   -0.03586223747293982  -0.01943342309034112  
139   0.03586223747294093  -0.019433423090347367  
139   1.0390360474602636  0.01943342309034334  
140   -1.04790603293467  0.021572030164011068  
140   -0.044664206661630734  -0.021572030164011102  
140   0.044664206661631844  -0.021572030164012546  
140   1.0479060329346757  0.021572030164009853  
141   -1.057659450672812  0.023507112759301212  
141   -0.05439514380622823  -0.02350711275930276  
141   0.054395143806228896  -0.023507112759302576  
141   1.057659450672818  0.0235071127593001  
142   -1.0682085617909214  0.02524272164398236  
142   -0.06495225586478526  -0.02524272164397894  
142   0.06495225586478659  -0.025242721643982093  
142   1.0682085617909267  0.025242721643980878  
143   -1.0794679735853987  0.02678538928102309  
143   -0.0762406622801306  -0.02678538928102621  
143   0.07624066228013104  -0.026785389281022864  
143   1.0794679735854045  0.026785389281021848  
144   -1.0913555699095727  0.028143462867366874  
144   -0.0881721050180937  -0.02814346286736586  
144   0.08817210501809503  -0.02814346286736435  
144   1.0913555699095776  0.02814346286736529  
145   -1.1037931666743233  0.029326511588730488  
145   -0.10066430675729787  -0.029326511588730897  
145   0.10066430675729943  -0.029326511588730994  
145   1.1037931666743288  0.029326511588728732  
146   -1.1167069290376883  0.030344824964785435  
146   -0.11364062496092475  -0.030344824964785213  
146   0.11364062496092608  -0.030344824964783208  
146   1.1167069290376925  0.03034482496478364  
147   -1.1300275912469397  0.031209006438749635  
147   -0.12702981388978518  -0.03120900643875054  
147   0.1270298138897863  -0.031209006438748865  
147   1.1300275912469442  0.031209006438748632  
148   -1.143690519848787  0.03192965766461546  
148   -0.14076580647485826  -0.031929657664616494  
148   0.14076580647485915  -0.03192965766461305  
148   1.143690519848792  0.031929657664614024  
149   -1.157635657751193  0.03251714378513346  
149   -0.1547874811819292  -0.03251714378513346  
149   0.15478748118193053  -0.03251714378513256  
149   1.157635657751198  0.03251714378513207  
150   -1.1718073817782229  0.03298142758728472  
150   -0.16903840527241565  -0.03298142758728521  
150   0.16903840527241676  -0.03298142758728287  
150   1.1718073817782284  0.03298142758728284  
151   -1.1861543009221809  0.03333195994149145  
151   -0.18346655766878373  -0.033331959941492476  
151   0.18346655766878506  -0.03333195994148931  
151   1.1861543009221855  0.03333195994149011  
152   -1.2006290171399097  0.0335776146559268  
152   -0.19802403898763576  -0.03357761465592668  
152   0.1980240389876371  -0.03357761465592445  
152   1.2006290171399148  0.03357761465592527  
153   -1.2151878656588142  0.033726657251495255  
153   -0.21266677700729097  -0.03372665725149542  
153   0.21266677700729186  -0.033726657251493035  
153   1.215187865658819  0.03372665725149406  
154   -1.2297906475439897  0.03378673879673056  
154   -0.22735423490590256  -0.03378673879673168  
154   0.22735423490590412  -0.033786738796729616  
154   1.2297906475439941  0.03378673879672934  
155   -1.2444003637845067  0.03376490758585816  
155   -0.24204912808571044  -0.03376490758585805  
155   0.24204912808571244  -0.03376490758585649  
155   1.2444003637845114  0.033764907585856124  
156   -1.2589829573543074  0.033667632955900084  
156   -0.2567171538073454  -0.033667632955899855  
156   0.2567171538073474  -0.03366763295589913  
156   1.2589829573543116  0.03366763295589882  
157   -1.2735070675169717  0.03350083685234008  
157   -0.27132673643018457  -0.033500836852340274  
157   0.27132673643018634  -0.03350083685233794  
157   1.2735070675169764  0.033500836852338546  
158   -1.2879437989815157  0.03326992984768899  
158   -0.2858487898765609  -0.033269929847688846  
158   0.2858487898765627  -0.03326992984768712  
158   1.2879437989815208  0.033269929847687535  
159   -1.302266507284  0.03297984920165004  
159   -0.3002564980195963  -0.03297984920164957  
159   0.30025649801959853  -0.03297984920164851  
159   1.3022665072840052  0.03297984920164854  
160   -1.3164506008800578  0.03263509724765906  
160   -0.3145251130124129  -0.03263509724765961  
160   0.3145251130124147  -0.03263509724765777  
160   1.3164506008800627  0.0326350972476575  
161   -1.330473359810598  0.03223977892678825  
161   -0.32863177109285613  -0.03223977892678838  
161   0.3286317710928579  -0.03223977892678643  
161   1.3304733598106024  0.03223977892678645  
162   -1.3443137703835157  0.031797637694757776  
162   -0.3425553250733042  -0.03179763769475746  
162   0.342555325073306  -0.031797637694755514  
162   1.34431377038352  0.031797637694755666  
163   -1.3579523750470708  0.03131208932756468  
163   -0.3562761925233069  -0.03131208932756481  
163   0.35627619252330867  -0.031312089327562916  
163   1.3579523750470757  0.03131208932756316  
164   -1.3713711364749381  0.03078625336879148  
164   -0.3697762185428932  -0.030786253368791913  
164   0.36977621854289544  -0.03078625336878957  
164   1.3713711364749426  0.03078625336879003  
165   -1.384553314807491  0.030222982116066142  
165   -0.3830385519812429  -0.0302229821160666  
165   0.3830385519812445  -0.030222982116064542  
165   1.384553314807496  0.030222982116064723  
166   -1.3974833569745742  0.029624887150845502  
166   -0.39604753395921133  -0.029624887150845367  
166   0.3960475339592131  -0.029624887150843642  
166   1.3974833569745788  0.029624887150843944  
167   -1.4101467970438828  0.02899436348680019  
167   -0.4087885975898098  -0.028994363486800477  
167   0.40878859758981134  -0.028994363486798257  
167   1.4101467970438872  0.028994363486798985  
168   -1.4225301665828547  0.028333611457152144  
168   -0.42124817784665014  -0.028333611457153015  
168   0.4212481778466526  -0.028333611457151013  
168   1.4225301665828594  0.028333611457150562  
169   -1.4346209140809163  0.027644656487555413  
169   -0.43341363059834936  -0.02764465648755588  
169   0.43341363059835114  -0.02764465648755377  
169   1.434620914080921  0.02764465648755401  
170   -1.4464073325461897  0.026929366914032478  
170   -0.44527315990079197  -0.02692936691403294  
170   0.44527315990079397  -0.026929366914031215  
170   1.4464073325461946  0.026929366914031132  
171   -1.457878494461451  0.026189470009149278  
171   -0.456815752714848  -0.026189470009148855  
171   0.4568157527148504  -0.02618947000914718  
171   1.4578784944614558  0.026189470009147373  
172   -1.4690241933549084  0.025426566377073637  
172   -0.4680311202916927  -0.02542656637707392  
172   0.468031120291694  -0.025426566377071528  
172   1.469024193354913  0.025426566377072024  
173   -1.4798348913100794  0.024642142871610432  
173   -0.47890964553948145  -0.024642142871610512  
173   0.4789096455394839  -0.024642142871608836  
173   1.4798348913100843  0.024642142871608947  
174   -1.4903016718043067  0.023837584182298616  
174   -0.4894423357525841  -0.023837584182298976  
174   0.4894423357525868  -0.02383758418229703  
174   1.4903016718043114  0.02383758418229681  
175   -1.5004161973264303  0.02301418322335644  
175   -0.49962078014726163  -0.023014183223356518  
175   0.4996207801472645  -0.023014183223355012  
175   1.500416197326435  0.023014183223355154  
176   -1.5101706712804914  0.022173150449431956  
176   -0.5094371117053693  -0.02217315044943238  
176   0.5094371117053715  -0.022173150449430433  
176   1.5101706712804963  0.02217315044943064  
177   -1.5195578037339432  0.02131562221121836  
177   -0.5188839728802721  -0.021315622211218636  
177   0.5188839728802743  -0.02131562221121691  
177   1.5195578037339479  0.021315622211217005  
178   -1.5285707806157636  0.020442668253543055  
178   -0.52795448476694  -0.02044266825354322  
178   0.5279544847669424  -0.02044266825354149  
178   1.5285707806157685  0.0204426682535418  
179   -1.5372032360123398  0.01955529844853087  
179   -0.5366422193812377  -0.019555298448530947  
179   0.5366422193812401  -0.019555298448529053  
179   1.5372032360123442  0.019555298448529317  
180   -1.5454492272472435  0.018654468847186953  
180   -0.5449411747322721  -0.018654468847187047  
180   0.5449411747322752  -0.01865446884718493  
180   1.5454492272472478  0.01865446884718544  
181   -1.5533032124654083  0.017741087124214943  
181   -0.552845752406381  -0.017741087124215106  
181   0.5528457524063835  -0.017741087124213156  
181   1.5533032124654131  0.017741087124213194  
182   -1.560760030473035  0.016816017483064435  
182   -0.56035073741254  -0.016816017483065052  
182   0.5603507374125423  -0.016816017483063272  
182   1.5607600304730398  0.016816017483063175  
183   -1.5678148826121416  0.01588008508119964  
183   -0.5674512800668186  -0.0158800850811998  
183   0.567451280066821  -0.01588008508119785  
183   1.5678148826121465  0.015880085081198057  
184   -1.5744633164733723  0.014934080029207463  
184   -0.5741428797184007  -0.014934080029208208  
184   0.5741428797184029  -0.014934080029206317  
184   1.574463316473377  0.014934080029206065  
185   -1.5807012112727108  0.013978761011718056  
185   -0.5804213701419196  -0.013978761011718074  
185   0.5804213701419223  -0.013978761011716124  
185   1.5807012112727157  0.013978761011716436  
186   -1.586524764737512  0.013014858573027395  
186   -0.5862829064407691  -0.013014858573027597  
186   0.5862829064407717  -0.01301485857302587  
186   1.5865247647375167  0.013014858573026082  
187   -1.5919304813648816  0.012043078105859183  
187   -0.5917239533237686  -0.01204307810585925  
187   0.5917239533237717  -0.012043078105857636  
187   1.5919304813648867  0.012043078105857882  
188   -1.5969151619312818  0.011064102577695483  
188   -0.5967412746335317  -0.01106410257769508  
188   0.5967412746335345  -0.01106410257769313  
188   1.5969151619312867  0.01106410257769375  
189   -1.6014758941463927  0.010078595025620434  
189   -0.6013319240191084  -0.01007859502562101  
189   0.6013319240191111  -0.010078595025619287  
189   1.6014758941463971  0.010078595025619357  
190   -1.6056100443570498  0.009087200847556064  
190   -0.6054932366583305  -0.009087200847555786  
190   0.6054932366583332  -0.009087200847554171  
190   1.605610044357055  0.009087200847554513  
191   -1.6093152502185506  0.008090549915032523  
191   -0.609222821946825  -0.008090549915032979  
191   0.6092228219468276  -0.008090549915031196  
191   1.6093152502185553  0.008090549915031013  
192   -1.6125894142610269  0.0070892585303381295  
192   -0.6125185570811247  -0.007089258530339311  
192   0.6125185570811276  -0.007089258530337416  
192   1.6125894142610304  0.007089258530337795  
193   -1.6154306982880473  0.006083931248812179  
193   -0.6153785814727959  -0.006083931248812642  
193   0.6153785814727977  -0.006083931248810867  
193   1.6154306982880515  0.006083931248811048  
194   -1.6178375185532254  0.0050751625853024465  
194   -0.6178012919391427  -0.005075162585302035  
194   0.6178012919391449  -0.005075162585300309  
194   1.6178375185532305  0.005075162585300475  
195   -1.619808541668502  0.004063538622328615  
195   -0.6197853386240406  -0.004063538622328953  
195   0.6197853386240424  -0.004063538622327065  
195   1.6198085416685064  0.004063538622327274  
196   -1.621342681205114  0.0030496385362011377  
196   -0.6213296216097275  -0.003049638536201976  
196   0.6213296216097299  -0.003049638536200139  
196   1.621342681205119  0.003049638536200229  
197   -1.6224390949550762  0.0020340360562968373  
197   -0.6224332881872763  -0.002034036056296522  
197   0.6224332881872783  -0.0020340360562949686  
197   1.6224390949550813  0.002034036056295021  
198   -1.6230971828273493  0.0010173008718566536  
198   -0.623095730759855  -0.0010173008718564638  
198   0.6230957307598581  -0.0010173008718547898  
198   1.6230971828273542  0.0010173008718547523  
199   -1.623316585358988  3.369700352084948e-16  
199   -0.6233165853589919  -8.895878825243564e-16  
199   0.6233165853589941  8.323420078171218e-16  
199   1.623316585358993  -8.799384831892354e-16  
200   -1.6230971828273497  -0.0010173008718553389  
200   -0.6230957307598546  0.0010173008718548137  
200   0.6230957307598581  0.0010173008718565454  
200   1.6230971828273544  -0.0010173008718567227  
201   -1.6224390949550767  -0.00203403605629526  
201   -0.6224332881872745  0.0020340360562944968  
201   0.6224332881872776  0.002034036056296504  
201   1.6224390949550813  -0.0020340360562965316  
202   -1.621342681205114  -0.00304963853620027  
202   -0.6213296216097275  0.0030496385362002018  
202   0.6213296216097295  0.003049638536202091  
202   1.6213426812051186  -0.003049638536201625  
203   -1.6198085416685015  -0.004063538622327611  
203   -0.6197853386240406  0.004063538622327538  
203   0.6197853386240431  0.004063538622329096  
203   1.6198085416685062  -0.0040635386223288675  
204   -1.6178375185532254  -0.005075162585300457  
204   -0.6178012919391422  0.005075162585300271  
204   0.6178012919391445  0.005075162585301828  
204   1.61783751855323  -0.0050751625853018975  
205   -1.6154306982880464  -0.006083931248811091  
205   -0.6153785814727941  0.00608393124881085  
205   0.6153785814727966  0.006083931248812404  
205   1.6154306982880513  -0.006083931248812682  
206   -1.612589414261026  -0.007089258530338112  
206   -0.6125185570811242  0.007089258530337422  
206   0.6125185570811269  0.007089258530339149  
206   1.61258941426103  -0.007089258530339133  
207   -1.6093152502185506  -0.008090549915031133  
207   -0.6092228219468245  0.008090549915031275  
207   0.6092228219468272  0.008090549915032502  
207   1.6093152502185553  -0.008090549915032393  
208   -1.6056100443570498  -0.009087200847554017  
208   -0.605493236658331  0.009087200847554223  
208   0.605493236658333  0.009087200847555616  
208   1.6056100443570545  -0.009087200847555304  
209   -1.6014758941463918  -0.010078595025619681  
209   -0.6013319240191093  0.010078595025618713  
209   0.6013319240191111  0.010078595025620547  
209   1.6014758941463971  -0.010078595025620717  
210   -1.5969151619312818  -0.011064102577694097  
210   -0.5967412746335325  0.011064102577694001  
210   0.5967412746335345  0.01106410257769522  
210   1.5969151619312865  -0.011064102577695146  
211   -1.591930481364882  -0.012043078105858508  
211   -0.5917239533237695  0.012043078105857969  
211   0.5917239533237719  0.012043078105859636  
211   1.5919304813648867  -0.012043078105859598  
212   -1.5865247647375125  -0.013014858573025418  
212   -0.5862829064407691  0.013014858573025884  
212   0.586282906440772  0.013014858573027557  
212   1.5865247647375167  -0.013014858573027307  
213   -1.5807012112727112  -0.013978761011716887  
213   -0.5804213701419205  0.013978761011716384  
213   0.5804213701419225  0.013978761011717997  
213   1.580701211272716  -0.013978761011718117  
214   -1.574463316473372  -0.014934080029206591  
214   -0.5741428797184007  0.014934080029206707  
214   0.5741428797184032  0.014934080029208374  
214   1.5744633164733772  -0.014934080029208173  
215   -1.5678148826121425  -0.01588008508119858  
215   -0.567451280066819  0.015880085081198002  
215   0.5674512800668217  0.01588008508119956  
215   1.567814882612147  -0.01588008508119963  
216   -1.5607600304730362  -0.016816017483062478  
216   -0.5603507374125409  0.016816017483062932  
216   0.5603507374125429  0.016816017483064657  
216   1.5607600304730405  -0.01681601748306435  
217   -1.55330321246541  -0.017741087124213607  
217   -0.5528457524063828  0.017741087124213024  
217   0.5528457524063843  0.017741087124214423  
217   1.5533032124654143  -0.01774108712421466  
218   -1.545449227247244  -0.01865446884718505  
218   -0.5449411747322739  0.018654468847185364  
218   0.5449411747322768  0.018654468847186866  
218   1.545449227247249  -0.018654468847186644  
219   -1.537203236012341  -0.019555298448528755  
219   -0.5366422193812386  0.019555298448528855  
219   0.5366422193812417  0.019555298448530087  
219   1.5372032360123458  -0.019555298448530226  
220   -1.5285707806157658  -0.020442668253542025  
220   -0.5279544847669417  0.02044266825354206  
220   0.5279544847669435  0.020442668253543395  
220   1.52857078061577  -0.020442668253543173  
221   -1.5195578037339446  -0.021315622211216655  
221   -0.5188839728802743  0.02131562221121679  
221   0.518883972880277  0.02131562221121846  
221   1.5195578037339497  -0.021315622211218462  
222   -1.510170671280494  -0.02217315044943071  
222   -0.5094371117053715  0.0221731504494306  
222   0.509437111705374  0.02217315044943183  
222   1.5101706712804985  -0.02217315044943172  
223   -1.500416197326433  -0.02301418322335461  
223   -0.4996207801472652  0.023014183223354724  
223   0.49962078014726696  0.023014183223356223  
223   1.5004161973264374  -0.02301418322335608  
224   -1.4903016718043094  -0.02383758418229589  
224   -0.489442335752587  0.023837584182295625  
224   0.4894423357525892  0.023837584182297516  
224   1.490301671804314  -0.023837584182297377  
225   -1.4798348913100834  -0.024642142871609207  
225   -0.4789096455394857  0.02464214287160916  
225   0.4789096455394868  0.024642142871610605  
225   1.4798348913100878  -0.02464214287161018  
226   -1.469024193354912  -0.025426566377071302  
226   -0.46803112029169647  0.02542656637707148  
226   0.46803112029169847  0.025426566377073044  
226   1.4690241933549169  -0.025426566377072773  
227   -1.4578784944614545  -0.026189470009146277  
227   -0.45681575271485264  0.02618947000914664  
227   0.45681575271485464  0.026189470009148317  
227   1.4578784944614598  -0.026189470009148157  
228   -1.4464073325461941  -0.02692936691403008  
228   -0.44527315990079597  0.026929366914030275  
228   0.4452731599007982  0.02692936691403184  
228   1.4464073325461986  -0.026929366914031763  
229   -1.4346209140809212  -0.027644656487553872  
229   -0.433413630598354  0.027644656487553963  
229   0.4334136305983556  0.027644656487555135  
229   1.4346209140809258  -0.027644656487554774  
230   -1.42253016658286  -0.02833361145715101  
230   -0.42124817784665547  0.028333611457150288  
230   0.42124817784665747  0.028333611457151738  
230   1.4225301665828645  -0.028333611457152092  
231   -1.4101467970438881  -0.028994363486798513  
231   -0.40878859758981556  0.028994363486798302  
231   0.40878859758981756  0.028994363486799644  
231   1.4101467970438926  -0.028994363486799988  
232   -1.3974833569745804  -0.029624887150844  
232   -0.3960475339592169  0.029624887150843528  
232   0.3960475339592191  0.029624887150844863  
232   1.3974833569745848  -0.029624887150844943  
233   -1.3845533148074978  -0.03022298211606431  
233   -0.38303855198124914  0.03022298211606408  
233   0.3830385519812505  0.030222982116065583  
233   1.3845533148075022  -0.030222982116065538  
234   -1.3713711364749452  -0.03078625336878947  
234   -0.3697762185429012  0.030786253368790303  
234   0.3697762185429023  0.030786253368791313  
234   1.3713711364749497  -0.03078625336879098  
235   -1.3579523750470779  -0.03131208932756246  
235   -0.35627619252331355  0.0313120893275618  
235   0.356276192523316  0.03131208932756324  
235   1.3579523750470825  -0.03131208932756373  
236   -1.3443137703835224  -0.03179763769475532  
236   -0.34255532507331243  0.031797637694755965  
236   0.34255532507331354  0.03179763769475637  
236   1.3443137703835277  -0.03179763769475656  
237   -1.3304733598106055  -0.03223977892678651  
237   -0.3286317710928639  0.032239778926786054  
237   0.32863177109286545  0.03223977892678767  
237   1.3304733598106104  -0.03223977892678741  
238   -1.3164506008800672  -0.03263509724765826  
238   -0.31452511301242136  0.032635097247656876  
238   0.31452511301242336  0.03263509724765865  
238   1.3164506008800716  -0.032635097247659034  
239   -1.302266507284008  -0.032979849201647565  
239   -0.3002564980196052  0.03297984920164794  
239   0.3002564980196074  0.03297984920164862  
239   1.3022665072840138  -0.03297984920164928  
240   -1.287943798981525  -0.03326992984768707  
240   -0.2858487898765698  0.03326992984768761  
240   0.2858487898765718  0.033269929847688624  
240   1.2879437989815299  -0.03326992984768847  
241   -1.2735070675169806  -0.03350083685233853  
241   -0.27132673643019456  0.03350083685233811  
241   0.2713267364301959  0.033500836852339615  
241   1.273507067516986  -0.03350083685233977  
242   -1.2589829573543159  -0.03366763295589887  
242   -0.2567171538073554  0.03366763295589841  
242   0.2567171538073567  0.03366763295590003  
242   1.2589829573543212  -0.03366763295590019  
243   -1.244400363784517  -0.03376490758585589  
243   -0.24204912808572177  0.03376490758585714  
243   0.24204912808572265  0.03376490758585643  
243   1.244400363784522  -0.033764907585856964  
244   -1.229790647544  -0.0337867387967299  
244   -0.227354234905913  0.03378673879672967  
244   0.22735423490591478  0.03378673879673002  
244   1.2297906475440046  -0.033786738796730775  
245   -1.2151878656588253  -0.03372665725149417  
245   -0.21266677700730208  0.033726657251495366  
245   0.2126667770073032  0.03372665725149571  
245   1.2151878656588302  -0.03372665725149519  
246   -1.2006290171399217  -0.03357761465592473  
246   -0.19802403898764664  0.033577614655925424  
246   0.19802403898764798  0.03357761465592654  
246   1.2006290171399259  -0.03357761465592644  
247   -1.1861543009221915  -0.03333195994149046  
247   -0.18346655766879527  0.03333195994149133  
247   0.18346655766879683  0.03333195994149091  
247   1.186154300922197  -0.03333195994149189  
248   -1.1718073817782344  -0.032981427587283445  
248   -0.16903840527242742  0.03298142758728381  
248   0.16903840527242853  0.03298142758728361  
248   1.1718073817782397  -0.032981427587284194  
249   -1.1576356577512046  -0.03251714378513244  
249   -0.15478748118194163  0.032517143785131104  
249   0.1547874811819423  0.032517143785133665  
249   1.1576356577512101  -0.03251714378513364  
250   -1.1436905198487985  -0.031929657664614884  
250   -0.14076580647487025  0.03192965766461372  
250   0.14076580647487114  0.03192965766461534  
250   1.143690519848804  -0.03192965766461579  
251   -1.1300275912469513  -0.031209006438749666  
251   -0.12702981388979695  0.031209006438750533  
251   0.12702981388979828  0.03120900643874967  
251   1.1300275912469564  -0.031209006438750495  
252   -1.1167069290376999  -0.03034482496478467  
252   -0.11364062496093719  0.03034482496478466  
252   0.1136406249609383  0.03034482496478435  
252   1.116706929037705  -0.030344824964785688  
253   -1.1037931666743352  -0.029326511588730154  
253   -0.10066430675730986  0.0293265115887314  
253   0.10066430675731097  0.02932651158872987  
253   1.1037931666743408  -0.029326511588731022  
254   -1.0913555699095834  -0.028143462867367047  
254   -0.08817210501810568  0.028143462867368615  
254   0.08817210501810635  0.02814346286736814  
254   1.0913555699095887  -0.028143462867368012  
255   -1.0794679735854102  -0.026785389281023437  
255   -0.07624066228014126  0.02678538928102416  
255   0.07624066228014215  0.02678538928102407  
255   1.0794679735854154  -0.026785389281024228  
256   -1.068208561790933  -0.025242721643982488  
256   -0.06495225586479636  0.025242721643983196  
256   0.0649522558647968  0.025242721643980944  
256   1.0682085617909376  -0.025242721643983765  
257   -1.0576594506728227  -0.023507112759302118  
257   -0.05439514380623889  0.02350711275930576  
257   0.05439514380623911  0.023507112759306614  
257   1.057659450672829  -0.02350711275930332  
258   -1.0479060329346803  -0.02157203016401245  
258   -0.044664206661640504  0.021572030164012775  
258   0.04466420666164117  0.021572030164012802  
258   1.0479060329346854  -0.02157203016401307  
259   -1.0390360474602662  -0.019433423090346326  
259   -0.03586223747294848  0.0194334230903516  
259   0.03586223747294959  0.019433423090347537  
259   1.0390360474602722  -0.019433423090346943  
260   -1.0311383482759153  -0.017090430250242743  
260   -0.028102399299638092  0.017090430250246105  
260   0.02810239929963876  0.01709043025024277  
260   1.0311383482759218  -0.017090430250243312  
261   -1.0243013656353503  -0.01454607611176617  
261   -0.021511978710793134  0.014546076111776558  
261   0.021511978710793578  0.01454607611176844  
261   1.0243013656353561  -0.014546076111767179  
262   -1.0186112788515405  -0.011807884879863374  
262   -0.016233772963997417  0.011807884879886488  
262   0.01623377296399875  0.011807884879845909  
262   1.0186112788515456  -0.011807884879864748  
263   -1.0141499544937307  -0.008888327872874845  
263   -0.012404980256683684  0.008888327872897589  
263   0.012404980256684794  0.008888327872857565  
263   1.0141499544937362  -0.008888327872875964  
264   -1.0109927414140818  -0.005805016799988022  
264   -0.010062657862811575  0.005805016799977386  
264   0.010062657862811797  0.005805016799999424  
264   1.010992741414088  -0.005805016799988726  
265   -1.0092062501513335  -0.002580567542668812  
265   -0.00899474141040435  0.0025805675426792685  
265   0.008994741410404572  0.0025805675426839314  
265   1.0092062501513392  -0.0025805675426700796  
266   -1.0088462712630901  0.0007579110863406655  
266   -0.008827502390079012  -0.0007579110863003558  
266   0.008827502390080344  -0.0007579110863771277  
266   1.008846271263095  0.0007579110863397843  
267   -1.009955997562871  0.004179703424778735  
267   -0.00943400282963025  -0.0041797034247645914  
267   0.009434002829631138  -0.0041797034247954  
267   1.0099559975628762  0.004179703424777602  
268   -1.0125647035725363  0.007651693408021947  
268   -0.011121590267970438  -0.007651693408023824  
268   0.011121590267970882  -0.007651693408025184  
268   1.0125647035725418  0.007651693408020637  
269   -1.0166870003854873  0.011139785518084326  
269   -0.014322360793434408  -0.011139785518066797  
269   0.014322360793435518  -0.011139785518094164  
269   1.0166870003854922  0.01113978551808291  
270   -1.0223227295845474  0.01461039844483388  
270   -0.019238082990619132  -0.014610398444832778  
270   0.019238082990619576  -0.014610398444827144  
270   1.0223227295845534  0.014610398444832234  
271   -1.0294574948116086  0.01803187858971004  
271   -0.025854697723201037  -0.018031878589710462  
271   0.025854697723201703  -0.01803187858970444  
271   1.0294574948116137  0.01803187858970898  
272   -1.0380637657213456  0.02137569706394429  
272   -0.03408799703519638  -0.02137569706394594  
272   0.03408799703519705  -0.021375697063941716  
272   1.0380637657213512  0.021375697063943044  
273   -1.0481024375776415  0.024617333091774544  
273   -0.04384946233905529  -0.024617333091782205  
273   0.04384946233905662  -0.024617333091777063  
273   1.0481024375776473  0.024617333091773438  
274   -1.059524698419973  0.027736798187760398  
274   -0.05505733958230974  -0.027736798187756706  
274   0.05505733958231063  -0.0277367981877586  
274   1.0595246984199784  0.02773679818775916  
275   -1.0722740471665337  0.03071880680670537  
275   -0.06763449540776634  -0.030718806806704226  
275   0.06763449540776745  -0.030718806806703657  
275   1.0722740471665397  0.030718806806703546  
276   -1.0862883178445701  0.03355264020186119  
276   -0.08150586816649663  -0.03355264020186084  
276   0.08150586816649774  -0.03355264020186111  
276   1.0862883178445757  0.033552640201859864  
277   -1.1015015914874806  0.03623177541944013  
277   -0.09659733140719018  -0.03623177541944078  
277   0.09659733140719151  -0.036231775419439824  
277   1.101501591487485  0.036231775419438346  
278   -1.117845910935472  0.03875336011594158  
278   -0.11283557650354803  -0.03875336011594352  
278   0.1128355765035487  -0.03875336011593851  
278   1.1178459109354772  0.03875336011594019  
279   -1.1352527482484809  0.04111760930277369  
279   -0.13014849854263133  -0.04111760930277199  
279   0.1301484985426331  -0.041117609302772806  
279   1.135252748248486  0.0411176093027722  
280   -1.1536542049036826  0.043327187028594484  
280   -0.14846575150863583  -0.04332718702859512  
280   0.14846575150863695  -0.043327187028592284  
280   1.1536542049036875  0.04332718702859284  
281   -1.1729839487719917  0.04538661923057814  
281   -0.167719292626187  -0.045386619230577505  
281   0.16771929262618834  -0.04538661923057639  
281   1.1729839487719964  0.04538661923057657  
282   -1.1931779083058023  0.04730176727589719  
282   -0.18784383181558462  -0.04730176727589757  
282   0.18784383181558595  -0.04730176727589551  
282   1.193177908305807  0.0473017672758956  
283   -1.2141747540053422  0.04907937739170712  
283   -0.2087771569084409  -0.049079377391708416  
283   0.208777156908442  -0.04907937739170469  
283   1.2141747540053465  0.049079377391705835  
284   -1.235916201358989  0.05072671025727243  
284   -0.23046033449836578  -0.050726710257273745  
284   0.23046033449836711  -0.05072671025727113  
284   1.2359162013589937  0.05072671025727093  
285   -1.2583471695918713  0.05225124757781465  
285   -0.25283780052455285  -0.05225124757781518  
285   0.2528378005245544  -0.05225124757781312  
285   1.2583471695918764  0.052251247577812694  
286   -1.2814158281261436  0.05366046800742402  
286   -0.2758573602924863  -0.0536604680074237  
286   0.2758573602924881  -0.05366046800742181  
286   1.2814158281261487  0.05366046800742209  
287   -1.3050735588147055  0.05496168264923017  
287   -0.29947011847514715  -0.05496168264923053  
287   0.2994701184751487  -0.05496168264922825  
287   1.3050735588147109  0.054961682649228086  
288   -1.3292748576094986  0.056161919836111136  
288   -0.3236303580226412  -0.05616191983611112  
288   0.32363035802264317  -0.0561619198361094  
288   1.3292748576095033  0.056161919836109214  
289   -1.3539771949338373  0.05726784938618402  
289   -0.34829538420921424  -0.05726784938618325  
289   0.3482953842092169  -0.057267849386182186  
289   1.3539771949338415  0.057267849386182255  
290   -1.3791408499827513  0.058285737575521857  
290   -0.3734253470511866  -0.05828573757552227  
290   0.37342534705118813  -0.05828573757552016  
290   1.379140849982756  0.0582857375755201  
291   -1.4047287306445675  0.0592214253548457  
291   -0.39898305246279  -0.059221425354846  
291   0.3989830524627924  -0.05922142535484395  
291   1.404728730644572  0.059221425354843975  
292   -1.4307061877756124  0.06008032365097478  
292   -0.42493376998347654  -0.06008032365097497  
292   0.424933769983479  -0.06008032365097303  
292   1.430706187775617  0.0600803236509732  
293   -1.457040830152628  0.060867420818184505  
293   -0.45124504278330124  -0.06086742081818461  
293   0.451245042783303  -0.06086742081818233  
293   1.4570408301526325  0.06086742081818272  
294   -1.48370234452101  0.061587298380165134  
294   -0.4778865039333908  -0.0615872983801645  
294   0.4778865039333937  -0.06158729838016272  
294   1.483702344521014  0.06158729838016295  
295   -1.5106623236813899  0.06224415211012643  
295   -0.5048297015791288  -0.06224415211012666  
295   0.5048297015791301  -0.06224415211012422  
295   1.5106623236813943  0.062244152110124754  
296   -1.53789410443932  0.06284181623790852  
296   -0.532047934622522  -0.0628418162379089  
296   0.5320479346225233  -0.06284181623790629  
296   1.5378941044393242  0.06284181623790676  
297   -1.565372616413949  0.06338378916430575  
297   -0.5595160997515836  -0.06338378916430606  
297   0.5595160997515862  -0.06338378916430429  
297   1.5653726164139532  0.06338378916430416  
298   -1.5930742421010964  0.06387325952503521  
298   -0.5872105500963081  -0.0638732595250353  
298   0.5872105500963114  -0.06387325952503346  
298   1.5930742421011004  0.0638732595250338  
299   -1.6209766881625107  0.06431313180155154  
299   -0.6151089653974142  -0.06431313180155146  
299   0.6151089653974173  -0.06431313180154934  
299   1.6209766881625154  0.06431313180154964  
300   -1.6490588676242266  0.06470605094381467  
300   -0.6431902333067707  -0.0647060509438149  
300   0.6431902333067734  -0.0647060509438129  
300   1.6490588676242315  0.06470605094381295  
301   -1.67730079247908  0.06505442566908082  
301   -0.6714343412663673  -0.06505442566908143  
301   0.6714343412663701  -0.06505442566907926  
301   1.6773007924790841  0.06505442566907942  
302   -1.7056834760749735  0.06536045024605057  
302   -0.6998222783107637  -0.06536045024605029  
302   0.6998222783107666  -0.06536045024604853  
302   1.7056834760749786  0.06536045024604831  
303   -1.7341888446110028  0.06562612467775537  
303   -0.7283359460870098  -0.06562612467775535  
303   0.7283359460870131  -0.06562612467775279  
303   1.7341888446110072  0.0656261246777534  
304   -1.762799657042105  0.06585327326939361  
304   -0.7569580783710714  -0.06585327326939393  
304   0.7569580783710741  -0.06585327326939204  
304   1.762799657042109  0.06585327326939222  
305   -1.7914994326980718  0.06604356161675232  
305   -0.7856721683696601  -0.0660435616167525  
305   0.7856721683696635  -0.06604356161675039  
305   1.791499432698076  0.06604356161675076  
306   -1.8202723859453345  0.06619851208306016  
306   -0.8144624031227377  -0.06619851208306007  
306   0.8144624031227397  -0.06619851208305838  
306   1.8202723859453391  0.06619851208305857  
307   -1.849103367253892  0.06631951785176787  
307   -0.8433136043585805  -0.06631951785176873  
307   0.8433136043585829  -0.0663195178517666  
307   1.849103367253897  0.06631951785176705  
308   -1.8779778100720583  0.06640785565333644  
308   -0.8722111751958854  -0.06640785565333619  
308   0.8722111751958879  -0.0664078556533342  
308   1.877977810072062  0.06640785565333464  
309   -1.906881682955268  0.0664646972683899  
309   -0.9011410521325234  -0.06646469726839015  
309   0.9011410521325256  -0.06646469726838865  
309   1.9068816829552722  0.06646469726838847  
310   -1.9358014464397058  0.06649111990951383  
310   -0.9300896618064072  -0.06649111990951385  
310   0.9300896618064103  -0.06649111990951186  
310   1.93580144643971  0.06649111990951231  
311   -1.9647240141951436  0.0664881155809162  
311   -0.9590438820586327  -0.06648811558091668  
311   0.9590438820586358  -0.06648811558091454  
311   1.9647240141951476  0.06648811558091447  
312   -1.9936367180335408  0.06645659951035802  
312   -0.9879910068719264  -0.06645659951035832  
312   0.9879910068719304  -0.06645659951035582  
312   1.993636718033545  0.0664565995103563  
313   -2.0225272763895323  0.06639741774180109  
313   -1.0169187147977365  -0.06639741774180156  
313   1.0169187147977399  -0.06639741774179948  
313   2.022527276389537  0.06639741774179996  
314   -2.051383765926001  0.06631135397072266  
314   -1.045815040522823  -0.06631135397072305  
314   1.0458150405228261  -0.06631135397072124  
314   2.0513837659260052  0.06631135397072123  
315   -2.0801945959519985  0.06619913569740186  
315   -1.0746683492607074  -0.06619913569740213  
315   1.0746683492607099  -0.06619913569740013  
315   2.080194595952003  0.06619913569740009  
316   -2.108948485371584  0.06606143976691607  
316   -1.1034673136849618  -0.06606143976691582  
316   1.1034673136849653  -0.0660614397669136  
316   2.108948485371589  0.06606143976691402  
317   -2.1376344419105684  0.06589889735824261  
317   -1.1322008931500052  -0.06589889735824159  
317   1.132200893150007  -0.06589889735824045  
317   2.137634441910572  0.06589889735823991  
318   -2.166241743393977  0.06571209847890444  
318   -1.1608583149711191  -0.06571209847890518  
318   1.160858314971122  -0.06571209847890296  
318   2.166241743393982  0.06571209847890366  
319   -2.1947599208703616  0.06550159601604127  
319   -1.189429057558875  -0.06550159601604098  
319   1.1894290575588777  -0.06550159601603893  
319   2.1947599208703665  0.06550159601603872  
320   -2.2231787433999615  0.0652679093896035  
320   -1.2179028352241947  -0.0652679093896032  
320   1.217902835224197  -0.06526790938960167  
320   2.2231787433999655  0.06526790938960172  
321   -2.2514882043427105  0.06501152784879383  
321   -1.2462695844893572  -0.06501152784879412  
321   1.2462695844893603  -0.06501152784879198  
321   2.2514882043427145  0.06501152784879227  
322   -2.279678508998855  0.06473291344844849  
322   -1.2745194517571687  -0.06473291344844974  
322   1.2745194517571723  -0.06473291344844752  
322   2.2796785089988605  0.06473291344844746  
323   -2.3077400634701903  0.06443250373834465  
323   -1.302642782205758  -0.0644325037383446  
323   1.3026427822057605  -0.06443250373834297  
323   2.307740063470195  0.06443250373834315  
324   -2.3356634646233414  0.06411071419483265  
324   -1.3306301097900728  -0.0641107141948322  
324   1.3306301097900752  -0.06411071419483046  
324   2.3356634646233463  0.0641107141948304  
325   -2.363439491048828  0.06376794042114002  
325   -1.3584721482433535  -0.06376794042113945  
325   1.3584721482433573  -0.06376794042113672  
325   2.3634394910488328  0.06376794042113713  
326   -2.3910590949202764  0.06340456013982454  
326   -1.3861597829827037  -0.06340456013982465  
326   1.386159782982707  -0.06340456013982221  
326   2.3910590949202803  0.06340456013982243  
327   -2.4185133946679476  0.06302093499842043  
327   -1.4136840638325614  -0.06302093499841908  
327   1.413684063832564  -0.06302093499841742  
327   2.4185133946679525  0.06302093499841774  
328   -2.445793668389392  0.06261741220699779  
328   -1.441036198488674  -0.06261741220699787  
328   1.4410361984886777  -0.06261741220699535  
328   2.445793668389396  0.06261741220699568  
329   -2.4728913479277015  0.06219432602444657  
329   -1.468207546652808  -0.062194326024447535  
329   1.4682075466528106  -0.062194326024445204  
329   2.4728913479277055  0.06219432602444543  
330   -2.499798013554851  0.06175199910842661  
330   -1.4951896147754393  -0.06175199910842722  
330   1.4951896147754429  -0.061751999108425666  
330   2.499798013554856  0.06175199910842522  
331   -2.5265053892036846  0.06129074374240801  
331   -1.5219740513498357  -0.0612907437424077  
331   1.521974051349838  -0.06129074374240642  
331   2.5265053892036886  0.0612907437424064  
332   -2.553005338197724  0.06081086295175884  
332   -1.5485526427064977  -0.0608108629517564  
332   1.5485526427065  -0.06081086295175543  
332   2.553005338197726  0.060810862951755563  
333   -2.5792898594328766  0.06031265151961159  
333   -1.574917309261901  -0.060312651519612376  
333   1.5749173092619044  -0.06031265151960985  
333   2.5792898594328806  0.06031265151961012  
334   -2.605351083969598  0.059796396912101646  
334   -1.6010601021799005  -0.059796396912101424  
334   1.601060102179904  -0.05979639691209934  
334   2.6053510839696026  0.059796396912099446  
335   -2.6311812719979297  0.05926238012153884  
335   -1.626973200408127  -0.05926238012153785  
335   1.6269732004081288  -0.05926238012153644  
335   2.6311812719979337  0.059262380121536395  
336   -2.656772810141541  0.05871087643527379  
336   -1.6526489080553248  -0.058710876435275255  
336   1.6526489080553275  -0.05871087643527359  
336   2.656772810141547  0.05871087643527382  
337   -2.682118209070018  0.05814215613711284  
337   -1.6780796520787726  -0.05814215613711284  
337   1.6780796520787757  -0.058142156137110955  
337   2.682118209070022  0.058142156137110816  
338   -2.7072101013914387  0.05755648514748266  
338   -1.7032579802536962  -0.05755648514748262  
338   1.7032579802537002  -0.0575564851474799  
338   2.7072101013914422  0.05755648514747986  
339   -2.7320412398000493  0.056954125607953564  
339   -1.7281765593993534  -0.056954125607953245  
339   1.7281765593993557  -0.056954125607951774  
339   2.7320412398000533  0.05695412560795173  
340   -2.7566044954559628  0.05633533641508422  
340   -1.7528281738386076  -0.05633533641508479  
340   1.75282817383861  -0.05633533641508268  
340   2.756604495455967  0.0563353364150828  
341   -2.780892856576028  0.05570037370807899  
341   -1.777205724070059  -0.05570037370808038  
341   1.7772057240700627  -0.05570037370807805  
341   2.7808928565760334  0.05570037370807785  
342   -2.804899427216821  0.055049491314344744  
342   -1.801302225633509  -0.055049491314343925  
342   1.8013022256335125  -0.055049491314341205  
342   2.8048994272168244  0.05504949131434161  
343   -2.8286174262324484  0.0543829411565547  
343   -1.8251108081513991  -0.05438294115655507  
343   1.8251108081514034  -0.05438294115655241  
343   2.828617426232453  0.05438294115655267  
344   -2.8520401863913887  0.05370097362454422  
344   -1.848624714530311  -0.05370097362454526  
344   1.8486247145303139  -0.053700973624543014  
344   2.8520401863913922  0.05370097362454314  
345   -2.875161153637883  0.05300383791495793  
345   -1.8718373003079511  -0.05300383791495945  
345   1.8718373003079563  -0.053003837914956144  
345   2.875161153637888  0.053003837914956234  
346   -2.8979738864847895  0.052291782341357555  
346   -1.8947420331324358  -0.052291782341358006  
346   1.8947420331324398  -0.05229178234135523  
346   2.897973886484794  0.05229178234135531  
347   -2.920472055525795  0.05156505461720137  
347   -1.9173324923616404  -0.051565054617201025  
347   1.9173324923616442  -0.0515650546171985  
347   2.920472055525798  0.051565054617198736  
348   -2.942649443055998  0.05082390211388198  
348   -1.9396023687715727  -0.05082390211388303  
348   1.9396023687715758  -0.05082390211388081  
348   2.9426494430560037  0.050823902113881006  
349   -2.964499942790778  0.05006857209579924  
349   -1.961545464363522  -0.05006857209579796  
349   1.961545464363526  -0.05006857209579535  
349   2.964499942790781  0.05006857209579552  
350   -2.9860175596736256  0.04929931193424242  
350   -1.9831556922606492  -0.04929931193424467  
350   1.9831556922606541  -0.049299311934241176  
350   2.9860175596736296  0.04929931193424142  
351   -3.0071964097645614  0.04851636930177141  
351   -2.0044270766854364  -0.0485163693017712  
351   2.00442707668544  -0.048516369301768926  
351   3.0071964097645663  0.04851636930176891  
352   -3.0280307202012335  0.04771999234847029  
352   -2.025353753010075  -0.04771999234847117  
352   2.0253537530100783  -0.047719992348469145  
352   3.028030720201238  0.047719992348468986  
353   -3.048514829225569  0.046910429861519214  
353   -2.0459299678725493  -0.04691042986151893  
353   2.0459299678725533  -0.04691042986151771  
353   3.048514829225573  0.046910429861517326  
354   -3.068643186269395  0.04608793140921925  
354   -2.066150079351701  -0.046087931409219886  
354   2.066150079351705  -0.04608793140921789  
354   3.0686431862694  0.046087931409217804  
355   -3.088410352092942  0.04525274747063699  
355   -2.0860085571951226  -0.04525274747063649  
355   2.086008557195127  -0.04525274747063494  
355   3.0884103520929473  0.04525274747063474  
356   -3.107810998970615  0.04440512955183424  
356   -2.105499983094162  -0.04440512955183671  
356   2.105499983094167  -0.044405129551834156  
356   3.1078109989706215  0.044405129551834184  
357   -3.1268399109189007  0.0435453302896526  
357   -2.124619051000809  -0.043545330289656035  
357   2.124619051000815  -0.04354533028965187  
357   3.126839910918907  0.04354533028965196  
358   -3.145491983961626  0.04267360354382774  
358   -2.143360567481577  -0.04267360354382882  
358   2.143360567481582  -0.042673603543824934  
358   3.1454919839616307  0.04267360354382535  
359   -3.1637622264281617  0.04179020447828273  
359   -2.1617194521038865  -0.04179020447828403  
359   2.161719452103892  -0.04179020447828045  
359   3.163762226428167  0.0417902044782804  
360   -3.181645759280532  0.04089538963223909  
360   -2.1796907378508146  -0.04089538963224024  
360   2.1796907378508195  -0.04089538963223707  
360   3.1816457592805363  0.04089538963223701  
361   -3.1991378164656057  0.03998941698183092  
361   -2.197269571560292  -0.039989416981832185  
361   2.1972695715602972  -0.03998941698182888  
361   3.19913781646561  0.03998941698182856  
362   -3.216233745288966  0.039072545992780844  
362   -2.214451214385251  -0.039072545992781336  
362   2.214451214385255  -0.03907254599277995  
362   3.2162337452889713  0.03907254599278018  
363   -3.2329290068071446  0.038145037664736814  
363   -2.231231042271305  -0.03814503766473623  
363   2.231231042271309  -0.038145037664734455  
363   3.2329290068071495  0.03814503766473448  
364   -3.2492191762352807  0.03720715456769636  
364   -2.247604546448974  -0.03720715456769654  
364   2.2476045464489776  -0.03720715456769471  
364   3.2492191762352847  0.03720715456769492  
365   -3.265099943367415  0.03625916087106285  
365   -2.263567333937505  -0.03625916087106012  
365   2.2635673339375098  -0.03625916087105873  
365   3.2650999433674217  0.03625916087105866  
366   -3.280567113006846  0.03530132236569483  
366   -2.2791151280576756  -0.0353013223656936  
366   2.2791151280576782  -0.03530132236569269  
366   3.2805671130068514  0.03530132236569286  
367   -3.2956166054041165  0.03433390647939924  
367   -2.294243768951056  -0.03433390647939989  
367   2.29424376895106  -0.03433390647939767  
367   3.2956166054041214  0.03433390647939749  
368   -3.3102444567004747  0.03335718228619258  
368   -2.308949214103472  -0.03335718228619142  
368   2.308949214103476  -0.03335718228618936  
368   3.3102444567004805  0.03335718228618928  
369   -3.3244468193746872  0.032371420509695686  
369   -2.3232275388704444  -0.03237142050969571  
369   2.323227538870448  -0.032371420509694486  
369   3.324446819374692  0.03237142050969391  
370   -3.338219962691299  0.031376893521002404  
370   -2.3370749370026656  -0.031376893520999836  
370   2.337074937002669  -0.031376893520998116  
370   3.3382199626913027  0.031376893520998574  
371   -3.3515602731485528  0.03037387533125202  
371   -2.350487721169591  -0.030373875331252402  
371   2.3504877211695954  -0.03037387533125032  
371   3.3515602731485576  0.030373875331250244  
372   -3.364464254924317  0.029362641579293455  
372   -2.363462323479431  -0.029362641579293393  
372   2.3634623234794327  -0.029362641579293948  
372   3.3644642549243198  0.029362641579294316  
373   -3.3769285303184327  0.028343469514594394  
373   -2.3759952959938873  -0.028343469514595734  
373   2.375995295993893  -0.02834346951459246  
373   3.3769285303184375  0.02834346951459273  
374   -3.3889498401900995  0.027316637975703786  
374   -2.3880833112361537  -0.027316637975703845  
374   2.3880833112361586  -0.027316637975701014  
374   3.388949840190105  0.027316637975701122  
375   -3.400525044388891  0.02628242736451494  
375   -2.3997231626906945  -0.026282427364514707  
375   2.399723162690699  -0.026282427364512626  
375   3.400525044388896  0.026282427364512636  
376   -3.4116511221781987  0.02524111961651366  
376   -2.4109117652935477  -0.025241119616513093  
376   2.4109117652935517  -0.025241119616511484  
376   3.4116511221782035  0.025241119616511855  
377   -3.4223251726499258  0.024192998167238508  
377   -2.421646155911874  -0.024192998167239937  
377   2.421646155911879  -0.024192998167236884  
377   3.4223251726499315  0.024192998167236926  
378   -3.4325444151293443  0.023138347915156128  
378   -2.4319234938116114  -0.023138347915154893  
378   2.4319234938116145  -0.02313834791515395  
378   3.4325444151293496  0.023138347915154102  
379   -3.4423061895691065  0.02207745518115634  
379   -2.441741061112138  -0.022077455181157547  
379   2.4417410611121424  -0.02207745518115577  
379   3.4423061895691127  0.02207745518115573  
380   -3.4516079569314964  0.021010607664835455  
380   -2.451096263226996  -0.021010607664835472  
380   2.451096263226998  -0.02101060766483536  
380   3.4516079569315004  0.021010607664834705  
381   -3.4604472995580022  0.01993809439774795  
381   -2.459986629289648  -0.019938094397748088  
381   2.459986629289653  -0.019938094397745368  
381   3.4604472995580084  0.019938094397745312  
382   -3.4688219215254885  0.018860205693811055  
382   -2.468409812563523  -0.01886020569381083  
382   2.468409812563527  -0.01886020569380908  
382   3.468821921525494  0.01886020569380928  
383   -3.476729648988102  0.01777723309702974  
383   -2.476363590835393  -0.017777233097029745  
383   2.4763635908353985  -0.017777233097028774  
383   3.476729648988108  0.01777723309702871  
384   -3.4841684305043357  0.016689469326685878  
384   -2.4838458667914773  -0.01668946932668814  
384   2.4838458667914827  -0.016689469326685226  
384   3.484168430504342  0.016689469326685545  
385   -3.4911363373485256  0.015597208220162289  
385   -2.490854668375466  -0.01559720822016257  
385   2.490854668375471  -0.015597208220161266  
385   3.4911363373485305  0.015597208220160957  
386   -3.4976315638062228  0.01450074467356379  
386   -2.4973881491278838  -0.014500744673567307  
386   2.4973881491278864  -0.014500744673563421  
386   3.4976315638062268  0.01450074467356354  
387   -3.5036524274529026  0.013400374580270102  
387   -2.503444588506165  -0.013400374580269792  
387   2.5034445885061682  -0.01340037458026857  
387   3.503652427452907  0.013400374580268659  
388   -3.509197369415499  0.012296394767574211  
388   -2.5090223921849337  -0.012296394767577287  
388   2.509022392184936  -0.012296394767573595  
388   3.509197369415503  0.012296394767573684  
389   -3.514264954616295  0.01118910293156629  
389   -2.5141200923359284  -0.011189102931566632  
389   2.514120092335933  -0.01118910293156494  
389   3.5142649546162996  0.011189102931565097  
390   -3.5188538719987834  0.010078797570373117  
390   -2.518736347887179  -0.010078797570371795  
390   2.5187363478871845  -0.010078797570370297  
390   3.518853871998789  0.010078797570370536  
391   -3.5229629347350997  0.008965777915928388  
391   -2.5228699447609744  -0.008965777915927174  
391   2.522869944760978  -0.00896577791592562  
391   3.522962934735105  0.008965777915925668  
392   -3.5265910804146845  0.007850343864396526  
392   -2.5265197960902617  -0.007850343864396554  
392   2.526519796090266  -0.007850343864394111  
392   3.5265910804146903  0.007850343864394139  
393   -3.5297373712138906  0.006732795905386719  
393   -2.529684942413164  -0.006732795905386341  
393   2.529684942413167  -0.0067327959053855085  
393   3.529737371213895  0.006732795905385665  
394   -3.5324009940462386  0.00561343505010686  
394   -2.532364551845269  -0.0056134350501083185  
394   2.5323645518452724  -0.005613435050105016  
394   3.5324009940462444  0.005613435050105305  
395   -3.5345812606931335  0.004492562758565054  
395   -2.534557920229495  -0.0044925627585654425  
395   2.534557920229499  -0.004492562758563361  
395   3.534581260693139  0.004492562758562917  
396   -3.5362776079147706  0.003370480865995889  
396   -2.5362644712632485  -0.0033704808659982114  
396   2.5362644712632543  -0.003370480865994076  
396   3.5362776079147764  0.0033704808659941127  
397   -3.537489597541136  0.002247491508606889  
397   -2.537483756602733  -0.0022474915086081915  
397   2.537483756602737  -0.0022474915086063874  
397   3.5374895975411396  0.0022474915086064173  
398   -3.538216916542901  0.0011238970488040712  
398   -2.538215455944212  -0.0011238970488037614  
398   2.538215455944215  -0.0011238970488022348  
398   3.5382169165429054  0.001123897048802628  
399   -3.5384593770821637  6.744604874597826e-15  
399   -2.5384593770821655  -8.271161533457416e-15  
399   2.538459377082172  -3.83026943495679e-15  
399   3.5384593770821695  3.885780586188048e-15  
