0.0   0.0   -0.0
0.0   0.05   -0.0
0.0   0.1   -0.0
0.0   0.15000000000000002   -0.0
0.0   0.2   -0.0
0.0   0.25   -0.0
0.0   0.30000000000000004   -0.0
0.0   0.35000000000000003   -0.0
0.0   0.4   -0.0
0.0   0.45   -0.0
0.0   0.5   -0.0
0.0   0.55   -0.0
0.0   0.6000000000000001   -0.0
0.0   0.65   -0.0
0.0   0.7000000000000001   -0.0
0.0   0.75   -0.0
0.0   0.8   -0.0
0.0   0.8500000000000001   -0.0
0.0   0.9   -0.0
0.0   0.9500000000000001   -0.0
0.05   0.0   -0.0
0.05   0.05   -0.0010974516295577043
0.05   0.1   -0.005015525222233772
0.05   0.15000000000000002   -0.01380305015542017
0.05   0.2   -0.030140550099959137
0.05   0.25   -0.05752839231771784
0.05   0.30000000000000004   -0.09924484701133589
0.05   0.35000000000000003   -0.15037066068944402
0.05   0.4   -0.1627527283636737
0.05   0.45   1.5576947932705336e-07
0.05   0.5   0.273588635764106
0.05   0.55   0.30957426352419065
0.05   0.6000000000000001   0.20696750036794795
0.05   0.65   0.11666932592119092
0.05   0.7000000000000001   0.060488934532041315
0.05   0.75   0.028665367503847274
0.05   0.8   0.011741576014531284
0.05   0.8500000000000001   0.0036439924212589184
0.05   0.9   0.0005769644698236907
0.05   0.9500000000000001   2.4998574467417494e-31
0.1   0.0   -0.0
0.1   0.05   -0.005015525222237075
0.1   0.1   -0.017923387061187297
0.1   0.15000000000000002   -0.04279112273221427
0.1   0.2   -0.08448960517693035
0.1   0.25   -0.14730388988507323
0.1   0.30000000000000004   -0.22534367126275667
0.1   0.35000000000000003   -0.2570744067761495
0.1   0.4   5.635793604247039e-07
0.1   0.45   0.7175831304104147
0.1   0.5   0.9898531560670722
0.1   0.55   0.6730301162508172
0.1   0.6000000000000001   0.36461383103682354
0.1   0.65   0.18207764865828666
0.1   0.7000000000000001   0.08448961249722337
0.1   0.75   0.034618747365914054
0.1   0.8   0.011077262775821899
0.1   0.8500000000000001   0.0019157602026099404
0.1   0.9   -0.0
0.1   0.9500000000000001   0.000576964469822144
0.15000000000000002   0.0   -0.0
0.15000000000000002   0.05   -0.013803050155412491
0.15000000000000002   0.1   -0.04279112273221644
0.15000000000000002   0.15000000000000002   -0.0924268808408289
0.15000000000000002   0.2   -0.16709800661912225
0.15000000000000002   0.25   -0.2605240635605683
0.15000000000000002   0.30000000000000004   -0.3086130821011177
0.15000000000000002   0.35000000000000003   1.067661326191504e-06
0.15000000000000002   0.4   1.3809666870013804
0.15000000000000002   0.45   2.6267515045204024
0.15000000000000002   0.5   1.8752051754702976
0.15000000000000002   0.55   0.9498143933071335
0.15000000000000002   0.6000000000000001   0.44323017643940843
0.15000000000000002   0.65   0.19643552511625553
0.15000000000000002   0.7000000000000001   0.07862300962694674
0.15000000000000002   0.75   0.025151992612869333
0.15000000000000002   0.8   0.004484883055659226
0.15000000000000002   0.8500000000000001   1.114587147277027e-29
0.15000000000000002   0.9   0.0019157602026144828
0.15000000000000002   0.9500000000000001   0.003643992421261283
0.2   0.0   -0.0
0.2   0.05   -0.0301405500999541
0.2   0.1   -0.08448960517694958
0.2   0.15000000000000002   -0.16709800661914745
0.2   0.2   -0.2708666374710249
0.2   0.25   -0.33134024904772785
0.2   0.30000000000000004   1.4754715213335125e-06
0.2   0.35000000000000003   2.197164252603021
0.2   0.4   6.928136849634038
0.2   0.45   5.752236843709203
0.2   0.5   2.591470420683975
0.2   0.55   1.072240813060871
0.2   0.6000000000000001   0.43827161186249525
0.2   0.65   0.16709804330246178
0.2   0.7000000000000001   0.05221745449223111
0.2   0.75   0.00931394295000448
0.2   0.8   -8.683088976891928e-30
0.2   0.8500000000000001   0.0044848830556686245
0.2   0.9   0.01107726277582627
0.2   0.9500000000000001   0.011741576014524437
0.25   0.0   -0.0
0.25   0.05   -0.05752839231770246
0.25   0.1   -0.1473038898851085
0.25   0.15000000000000002   -0.26052406356062113
0.25   0.2   -0.33134024904770304
0.25   0.25   1.6312411986412244e-06
0.25   0.30000000000000004   2.830848755476848
0.25   0.35000000000000003   17.498415721080175
0.25   0.4   24.08445424896246
0.25   0.45   8.712429333497509
0.25   0.5   2.8650597353257066
0.25   0.55   1.0197616860110263
0.25   0.6000000000000001   0.35858077803101873
0.25   0.65   0.10702256691036603
0.25   0.7000000000000001   0.018692110497805933
0.25   0.75   -5.10368487496862e-30
0.25   0.8   0.009313942949994228
0.25   0.8500000000000001   0.025151992612821923
0.25   0.9   0.03461874736594502
0.25   0.9500000000000001   0.02866536750381727
0.30000000000000004   0.0   -0.0
0.30000000000000004   0.05   -0.09924484701131119
0.30000000000000004   0.1   -0.22534367126275057
0.30000000000000004   0.15000000000000002   -0.30861308210109006
0.30000000000000004   0.2   1.475471312374654e-06
0.30000000000000004   0.25   2.830848755476912
0.30000000000000004   0.30000000000000004   27.737615890594213
0.30000000000000004   0.35000000000000003   167.47742812009764
0.30000000000000004   0.4   44.880258675273545
0.30000000000000004   0.45   9.160793228322344
0.30000000000000004   0.5   2.591471104625932
0.30000000000000004   0.55   0.8079605622009649
0.30000000000000004   0.6000000000000001   0.22534378488118892
0.30000000000000004   0.65   0.03790816870169316
0.30000000000000004   0.7000000000000001   2.694972098934507e-30
0.30000000000000004   0.75   0.018692110497833474
0.30000000000000004   0.8   0.052217454492221274
0.30000000000000004   0.8500000000000001   0.07862300962699073
0.30000000000000004   0.9   0.08448961249720635
0.30000000000000004   0.9500000000000001   0.060488934532040996
0.35000000000000003   0.0   -0.0
0.35000000000000003   0.05   -0.15037066068941324
0.35000000000000003   0.1   -0.2570744067761385
0.35000000000000003   0.15000000000000002   1.0676605965209555e-06
0.35000000000000003   0.2   2.1971642526029584
0.35000000000000003   0.25   17.49841572107915
0.35000000000000003   0.30000000000000004   167.4774281201079
0.35000000000000003   0.35000000000000003   196.88186915635512
0.35000000000000003   0.4   29.77006322154534
0.35000000000000003   0.45   6.762164898835309
0.35000000000000003   0.5   1.8752061168358405
0.35000000000000003   0.55   0.48898519732613216
0.35000000000000003   0.6000000000000001   0.07905457758265211
0.35000000000000003   0.65   1.4356063602086264e-29
0.35000000000000003   0.7000000000000001   0.03790816870164377
0.35000000000000003   0.75   0.10702256691034037
0.35000000000000003   0.8   0.16709804330237876
0.35000000000000003   0.8500000000000001   0.19643552511594825
0.35000000000000003   0.9   0.18207764865834355
0.35000000000000003   0.9500000000000001   0.1166693259210408
0.4   0.0   -0.0
0.4   0.05   -0.16275272836366242
0.4   0.1   5.635795627424221e-07
0.4   0.15000000000000002   1.3809666870008745
0.4   0.2   6.928136849632654
0.4   0.25   24.084454248959545
0.4   0.30000000000000004   44.88025867527453
0.4   0.35000000000000003   29.770063221543804
0.4   0.4   11.209967321865655
0.4   0.45   3.615415919414987
0.4   0.5   0.9898538400087529
0.4   0.55   0.16275292511183992
0.4   0.6000000000000001   1.2146618216506996e-29
0.4   0.65   0.07905457758274237
0.4   0.7000000000000001   0.22534378488099618
0.4   0.75   0.3585807780312205
0.4   0.8   0.4382716118622783
0.4   0.8500000000000001   0.44323017643907986
0.4   0.9   0.36461383103690914
0.4   0.9500000000000001   0.20696750036778871
0.45   0.0   -0.0
0.45   0.05   1.5576960172404676e-07
0.45   0.1   0.7175831304104263
0.45   0.15000000000000002   2.626751504519763
0.45   0.2   5.752236843708708
0.45   0.25   8.712429333497536
0.45   0.30000000000000004   9.160793228322996
0.45   0.35000000000000003   6.762164898835642
0.45   0.4   3.61541591941514
0.45   0.45   1.364924669780424
0.45   0.5   0.2735888579904329
0.45   0.55   -2.5202236678374248e-30
0.45   0.6000000000000001   0.16275292511195621
0.45   0.65   0.4889851973264573
0.45   0.7000000000000001   0.8079605622007832
0.45   0.75   1.0197616860113228
0.45   0.8   1.072240813060174
0.45   0.8500000000000001   0.9498143933065984
0.45   0.9   0.6730301162508843
0.45   0.9500000000000001   0.3095742635240661
0.5   0.0   -0.0
0.5   0.05   0.27358863576423126
0.5   0.1   0.989853156067248
0.5   0.15000000000000002   1.8752051754694312
0.5   0.2   2.5914704206840127
0.5   0.25   2.8650597353256497
0.5   0.30000000000000004   2.5914711046259806
0.5   0.35000000000000003   1.8752061168358782
0.5   0.4   0.9898538400088422
0.5   0.45   0.273588857990419
0.5   0.5   2.783380367140271e-33
0.5   0.55   0.27358885799037574
0.5   0.6000000000000001   0.9898538400092441
0.5   0.65   1.8752061168366287
0.5   0.7000000000000001   2.5914711046255143
0.5   0.75   2.8650597353265552
0.5   0.8   2.5914704206827746
0.5   0.8500000000000001   1.8752051754694452
0.5   0.9   0.9898531560673667
0.5   0.9500000000000001   0.27358863576403347
0.55   0.0   -0.0
0.55   0.05   0.30957426352433454
0.55   0.1   0.6730301162508014
0.55   0.15000000000000002   0.9498143933071209
0.55   0.2   1.072240813060786
0.55   0.25   1.0197616860108114
0.55   0.30000000000000004   0.8079605622009974
0.55   0.35000000000000003   0.488985197326369
0.55   0.4   0.16275292511181802
0.55   0.45   -1.987965686749363e-30
0.55   0.5   0.2735888579903909
0.55   0.55   1.364924669780595
0.55   0.6000000000000001   3.6154159194152933
0.55   0.65   6.762164898836869
0.55   0.7000000000000001   9.160793228319651
0.55   0.75   8.712429333500399
0.55   0.8   5.7522368437071325
0.55   0.8500000000000001   2.626751504518493
0.55   0.9   0.7175831304103416
0.55   0.9500000000000001   1.5576941932912533e-07
0.6000000000000001   0.0   -0.0
0.6000000000000001   0.05   0.20696750036794687
0.6000000000000001   0.1   0.36461383103683653
0.6000000000000001   0.15000000000000002   0.4432301764392219
0.6000000000000001   0.2   0.4382716118624618
0.6000000000000001   0.25   0.35858077803093774
0.6000000000000001   0.30000000000000004   0.2253437848812539
0.6000000000000001   0.35000000000000003   0.07905457758268306
0.6000000000000001   0.4   1.1988284607126919e-29
0.6000000000000001   0.45   0.16275292511207648
0.6000000000000001   0.5   0.9898538400091965
0.6000000000000001   0.55   3.6154159194152515
0.6000000000000001   0.6000000000000001   11.209967321866571
0.6000000000000001   0.65   29.770063221553972
0.6000000000000001   0.7000000000000001   44.88025867525751
0.6000000000000001   0.75   24.084454248969628
0.6000000000000001   0.8   6.92813684963297
0.6000000000000001   0.8500000000000001   1.380966687001195
0.6000000000000001   0.9   5.635793414400977e-07
0.6000000000000001   0.9500000000000001   -0.1627527283636757
0.65   0.0   -0.0
0.65   0.05   0.11666932592117558
0.65   0.1   0.18207764865829154
0.65   0.15000000000000002   0.19643552511617043
0.65   0.2   0.16709804330236652
0.65   0.25   0.10702256691035131
0.65   0.30000000000000004   0.03790816870171817
0.65   0.35000000000000003   4.188146551123225e-30
0.65   0.4   0.07905457758273556
0.65   0.45   0.4889851973264658
0.65   0.5   1.8752061168364502
0.65   0.55   6.762164898837321
0.65   0.6000000000000001   29.770063221553837
0.65   0.65   196.8818691564796
0.65   0.7000000000000001   167.47742812008826
0.65   0.75   17.49841572109177
0.65   0.8   2.197164252603262
0.65   0.8500000000000001   1.0676607759038795e-06
0.65   0.9   -0.25707440677632387
0.65   0.9500000000000001   -0.15037066068942773
0.7000000000000001   0.0   -0.0
0.7000000000000001   0.05   0.06048893453206569
0.7000000000000001   0.1   0.08448961249720598
0.7000000000000001   0.15000000000000002   0.07862300962693948
0.7000000000000001   0.2   0.05221745449224488
0.7000000000000001   0.25   0.018692110497787677
0.7000000000000001   0.30000000000000004   -8.990268544274756e-30
0.7000000000000001   0.35000000000000003   0.03790816870164375
0.7000000000000001   0.4   0.22534378488101486
0.7000000000000001   0.45   0.8079605622007875
0.7000000000000001   0.5   2.591471104625469
0.7000000000000001   0.55   9.160793228319248
0.7000000000000001   0.6000000000000001   44.880258675258
0.7000000000000001   0.65   167.47742812008502
0.7000000000000001   0.7000000000000001   27.73761589056938
0.7000000000000001   0.75   2.830848755475992
0.7000000000000001   0.8   1.4754712569634824e-06
0.7000000000000001   0.8500000000000001   -0.30861308210094657
0.7000000000000001   0.9   -0.22534367126281418
0.7000000000000001   0.9500000000000001   -0.09924484701120966
0.75   0.0   -0.0
0.75   0.05   0.028665367503843752
0.75   0.1   0.034618747365922395
0.75   0.15000000000000002   0.025151992612861596
0.75   0.2   0.009313942950013875
0.75   0.25   -1.0284369103360267e-29
0.75   0.30000000000000004   0.018692110497821508
0.75   0.35000000000000003   0.10702256691033223
0.75   0.4   0.35858077803123944
0.75   0.45   1.019761686011339
0.75   0.5   2.865059735326745
0.75   0.55   8.712429333501285
0.75   0.6000000000000001   24.08445424896891
0.75   0.65   17.49841572109214
0.75   0.7000000000000001   2.8308487554763486
0.75   0.75   1.631241193892532e-06
0.75   0.8   -0.33134024904771986
0.75   0.8500000000000001   -0.2605240635605858
0.75   0.9   -0.1473038898851815
0.75   0.9500000000000001   -0.05752839231770211
0.8   0.0   -0.0
0.8   0.05   0.011741576014531257
0.8   0.1   0.011077262775817723
0.8   0.15000000000000002   0.004484883055672459
0.8   0.2   3.9999434646576506e-30
0.8   0.25   0.009313942949999798
0.8   0.30000000000000004   0.05221745449221314
0.8   0.35000000000000003   0.16709804330235828
0.8   0.4   0.4382716118623306
0.8   0.45   1.0722408130602366
0.8   0.5   2.591470420682812
0.8   0.55   5.752236843707671
0.8   0.6000000000000001   6.928136849631574
0.8   0.65   2.197164252602988
0.8   0.7000000000000001   1.475471377783828e-06
0.8   0.75   -0.33134024904765935
0.8   0.8   -0.27086663747075657
0.8   0.8500000000000001   -0.16709800661899424
0.8   0.9   -0.08448960517694089
0.8   0.9500000000000001   -0.030140550099950966
0.8500000000000001   0.0   -0.0
0.8500000000000001   0.05   0.0036439924212593303
0.8500000000000001   0.1   0.001915760202609897
0.8500000000000001   0.15000000000000002   1.6078864770788054e-29
0.8500000000000001   0.2   0.004484883055661582
0.8500000000000001   0.25   0.025151992612857756
0.8500000000000001   0.30000000000000004   0.07862300962697319
0.8500000000000001   0.35000000000000003   0.19643552511604345
0.8500000000000001   0.4   0.4432301764391153
0.8500000000000001   0.45   0.9498143933069313
0.8500000000000001   0.5   1.8752051754695722
0.8500000000000001   0.55   2.6267515045190457
0.8500000000000001   0.6000000000000001   1.3809666870014645
0.8500000000000001   0.65   1.0676609322653218e-06
0.8500000000000001   0.7000000000000001   -0.3086130821008782
0.8500000000000001   0.75   -0.26052406356057284
0.8500000000000001   0.8   -0.16709800661897822
0.8500000000000001   0.8500000000000001   -0.09242688084073929
0.8500000000000001   0.9   -0.04279112273221596
0.8500000000000001   0.9500000000000001   -0.01380305015540157
0.9   0.0   -0.0
0.9   0.05   0.0005769644698230619
0.9   0.1   5.729724388341536e-31
0.9   0.15000000000000002   0.0019157602026119356
0.9   0.2   0.011077262775828245
0.9   0.25   0.0346187473659367
0.9   0.30000000000000004   0.08448961249726047
0.9   0.35000000000000003   0.18207764865837334
0.9   0.4   0.3646138310368965
0.9   0.45   0.6730301162509422
0.9   0.5   0.9898531560670346
0.9   0.55   0.7175831304106524
0.9   0.6000000000000001   5.635799785248933e-07
0.9   0.65   -0.2570744067763851
0.9   0.7000000000000001   -0.225343671262758
0.9   0.75   -0.14730388988517368
0.9   0.8   -0.08448960517694651
0.9   0.8500000000000001   -0.04279112273221377
0.9   0.9   -0.017923387061205612
0.9   0.9500000000000001   -0.005015525222235532
0.9500000000000001   0.0   -0.0
0.9500000000000001   0.05   -3.0636614179862406e-31
0.9500000000000001   0.1   0.0005769644698228765
0.9500000000000001   0.15000000000000002   0.0036439924212566736
0.9500000000000001   0.2   0.011741576014538176
0.9500000000000001   0.25   0.028665367503828497
0.9500000000000001   0.30000000000000004   0.0604889345320578
0.9500000000000001   0.35000000000000003   0.1166693259210707
0.9500000000000001   0.4   0.2069675003677305
0.9500000000000001   0.45   0.3095742635241682
0.9500000000000001   0.5   0.2735886357641336
0.9500000000000001   0.55   1.5576942841897017e-07
0.9500000000000001   0.6000000000000001   -0.16275272836369287
0.9500000000000001   0.65   -0.15037066068949498
0.9500000000000001   0.7000000000000001   -0.0992448470112387
0.9500000000000001   0.75   -0.057528392317681476
0.9500000000000001   0.8   -0.030140550099938778
0.9500000000000001   0.8500000000000001   -0.013803050155393778
0.9500000000000001   0.9   -0.005015525222233619
0.9500000000000001   0.9500000000000001   -0.0010974516295568376
