0   -4.345122101465323
0   -4.345122101465321
0   -1.7157577186839288
0   -1.7157577186839272
0   1.7157577186839277
0   1.715757718683928
0   4.345122101465318
0   4.3451221014653205
1   -4.3443848940060015
1   -4.344384894005999
1   -1.7150366217434232
1   -1.7150366217434212
1   1.7150366217434208
1   1.7150366217434223
1   4.344384894005998
1   4.344384894005998
2   -4.343156419233571
2   -4.343156419233569
2   -1.7138350272788763
2   -1.7138350272788752
2   1.7138350272788747
2   1.7138350272788763
2   4.343156419233568
2   4.343156419233569
3   -4.341436983586409
3   -4.341436983586404
3   -1.7121532860062219
3   -1.712153286006221
3   1.7121532860062214
3   1.7121532860062225
3   4.341436983586407
3   4.341436983586409
4   -4.3392270159756965
4   -4.339227015975689
4   -1.7099918890514982
4   -1.7099918890514971
4   1.7099918890514982
4   1.7099918890514987
4   4.339227015975694
4   4.339227015975697
5   -4.336527067682905
5   -4.336527067682901
5   -1.7073514680763833
5   -1.7073514680763826
5   1.7073514680763824
5   1.7073514680763857
5   4.3365270676828995
5   4.336527067682901
6   -4.3333378122280495
6   -4.333337812228049
6   -1.7042327954421923
6   -1.7042327954421914
6   1.7042327954421919
6   1.7042327954421927
6   4.333337812228048
6   4.333337812228051
7   -4.329660045208745
7   -4.329660045208744
7   -1.7006367844143049
7   -1.7006367844143035
7   1.7006367844143038
7   1.700636784414306
7   4.329660045208742
7   4.329660045208744
8   -4.325494684110081
8   -4.325494684110081
8   -1.6965644894094973
8   -1.696564489409496
8   1.6965644894094958
8   1.696564489409497
8   4.325494684110082
8   4.325494684110083
9   -4.320842768085451
9   -4.32084276808545
9   -1.6920171062891305
9   -1.69201710628913
9   1.6920171062891312
9   1.6920171062891332
9   4.320842768085446
9   4.320842768085447
10   -4.315705457708272
10   -4.31570545770827
10   -1.6869959727017148
10   -1.6869959727017134
10   1.686995972701714
10   1.6869959727017148
10   4.315705457708268
10   4.315705457708269
11   -4.310084034694814
11   -4.310084034694812
11   -1.6815025684788825
11   -1.681502568478881
11   1.68150256847888
11   1.681502568478881
11   4.31008403469481
11   4.310084034694812
12   -4.303979901598089
12   -4.303979901598088
12   -1.675538516089502
12   -1.675538516089501
12   1.6755385160895002
12   1.675538516089502
12   4.303979901598089
12   4.303979901598091
13   -4.297394581472988
13   -4.297394581472986
13   -1.6691055811572626
13   -1.669105581157261
13   1.669105581157261
13   1.6691055811572646
13   4.297394581472988
13   4.297394581472989
14   -4.29032971751267
14   -4.290329717512665
14   -1.6622056730477788
14   -1.6622056730477779
14   1.6622056730477786
14   1.6622056730477806
14   4.290329717512664
14   4.290329717512667
15   -4.282787072656393
15   -4.282787072656392
15   -1.6548408455321182
15   -1.6548408455321155
15   1.654840845532117
15   1.6548408455321177
15   4.282787072656394
15   4.282787072656394
16   -4.274768529168869
16   -4.274768529168865
16   -1.6470132975344363
16   -1.6470132975344356
16   1.6470132975344385
16   1.647013297534439
16   4.274768529168863
16   4.274768529168867
17   -4.266276088191225
17   -4.266276088191222
17   -1.6387253739724257
17   -1.6387253739724243
17   1.638725373972424
17   1.6387253739724257
17   4.266276088191223
17   4.266276088191224
18   -4.257311869263769
18   -4.257311869263768
18   -1.6299795667002657
18   -1.629979566700263
18   1.6299795667002632
18   1.6299795667002643
18   4.257311869263766
18   4.25731186926377
19   -4.247878109820665
19   -4.247878109820665
19   -1.6207785155650063
19   -1.6207785155650054
19   1.6207785155650039
19   1.6207785155650065
19   4.24787810982066
19   4.247878109820665
20   -4.23797716465664
20   -4.237977164656637
20   -1.6111250095885403
20   -1.6111250095885399
20   1.6111250095885388
20   1.611125009588542
20   4.237977164656639
20   4.237977164656641
21   -4.227611505365937
21   -4.2276115053659336
21   -1.6010219882887948
21   -1.6010219882887933
21   1.6010219882887946
21   1.6010219882887948
21   4.227611505365933
21   4.227611505365936
22   -4.21678371975363
22   -4.21678371975363
22   -1.5904725431553859
22   -1.5904725431553854
22   1.5904725431553863
22   1.5904725431553872
22   4.216783719753629
22   4.216783719753636
23   -4.205496511219516
23   -4.205496511219516
23   -1.5794799192967925
23   -1.5794799192967903
23   1.5794799192967905
23   1.579479919296792
23   4.205496511219512
23   4.205496511219517
24   -4.193752698114685
24   -4.193752698114683
24   -1.5680475172780821
24   -1.568047517278081
24   1.5680475172780803
24   1.5680475172780843
24   4.193752698114684
24   4.193752698114686
25   -4.181555213071075
25   -4.181555213071073
25   -1.5561788951705984
25   -1.5561788951705968
25   1.556178895170599
25   1.556178895170599
25   4.181555213071073
25   4.181555213071073
26   -4.168907102304126
26   -4.168907102304124
26   -1.5438777708374711
26   -1.5438777708374682
26   1.5438777708374691
26   1.5438777708374696
26   4.1689071023041215
26   4.168907102304126
27   -4.155811524888735
27   -4.155811524888732
27   -1.5311480244818159
27   -1.5311480244818143
27   1.5311480244818139
27   1.5311480244818148
27   4.1558115248887315
27   4.155811524888733
28   -4.1422717520088055
28   -4.142271752008805
28   -1.5179937014877234
28   -1.5179937014877227
28   1.5179937014877212
28   1.517993701487722
28   4.142271752008804
28   4.142271752008807
29   -4.128291166180529
29   -4.128291166180524
29   -1.5044190155878494
29   -1.5044190155878494
29   1.5044190155878494
29   1.5044190155878496
29   4.128291166180524
29   4.128291166180527
30   -4.113873260449663
30   -4.113873260449662
30   -1.4904283523957051
30   -1.4904283523957045
30   1.4904283523957036
30   1.4904283523957047
30   4.113873260449661
30   4.1138732604496635
31   -4.099021637563087
31   -4.099021637563086
31   -1.476026273345493
31   -1.476026273345493
31   1.4760262733454916
31   1.4760262733454945
31   4.0990216375630855
31   4.099021637563089
32   -4.0837400091147975
32   -4.083740009114796
32   -1.4612175200878772
32   -1.461217520087877
32   1.461217520087876
32   1.4612175200878774
32   4.083740009114794
32   4.083740009114796
33   -4.06803219466669
33   -4.068032194666689
33   -1.4460070193963073
33   -1.4460070193963064
33   1.4460070193963064
33   1.446007019396308
33   4.068032194666689
33   4.0680321946666895
34   -4.051902120844351
34   -4.05190212084435
34   -1.4303998886457097
34   -1.4303998886457077
34   1.4303998886457092
34   1.4303998886457094
34   4.051902120844349
34   4.05190212084435
35   -4.035353820408113
35   -4.03535382040811
35   -1.4144014419335564
35   -1.4144014419335553
35   1.4144014419335544
35   1.4144014419335553
35   4.035353820408111
35   4.035353820408114
36   -4.018391431299723
36   -4.0183914312997215
36   -1.398017196922808
36   -1.3980171969228057
36   1.398017196922807
36   1.3980171969228092
36   4.018391431299719
36   4.018391431299725
37   -4.001019195664848
37   -4.001019195664846
37   -1.3812528824970116
37   -1.3812528824970087
37   1.3812528824970092
37   1.3812528824970096
37   4.001019195664845
37   4.0010191956648455
38   -3.9832414588517473
38   -3.9832414588517446
38   -1.3641144473304423
38   -1.36411444733044
38   1.3641144473304403
38   1.3641144473304414
38   3.9832414588517437
38   3.9832414588517446
39   -3.9650626683864525
39   -3.9650626683864507
39   -1.346608069490575
39   -1.3466080694905727
39   1.3466080694905729
39   1.3466080694905747
39   3.9650626683864503
39   3.965062668386454
40   -3.9464873729247256
40   -3.9464873729247207
40   -1.328740167206898
40   -1.3287401672068968
40   1.3287401672068977
40   1.3287401672068981
40   3.946487372924721
40   3.946487372924724
41   -3.9275202211811173
41   -3.9275202211811173
41   -1.310517410959517
41   -1.3105174109595152
41   1.3105174109595168
41   1.3105174109595172
41   3.9275202211811164
41   3.9275202211811164
42   -3.908165960835545
42   -3.9081659608355435
42   -1.2919467370634423
42   -1.2919467370634408
42   1.2919467370634397
42   1.2919467370634423
42   3.908165960835543
42   3.908165960835543
43   -3.888429437417611
43   -3.888429437417611
43   -1.2730353629507054
43   -1.2730353629507043
43   1.2730353629507034
43   1.2730353629507067
43   3.888429437417609
43   3.888429437417611
44   -3.86831559316915
44   -3.868315593169149
44   -1.2537908043829504
44   -1.2537908043829487
44   1.2537908043829493
44   1.2537908043829509
44   3.868315593169146
44   3.868315593169148
45   -3.8478294658852352
45   -3.847829465885234
45   -1.2342208948627926
45   -1.2342208948627906
45   1.2342208948627917
45   1.234220894862792
45   3.8478294658852312
45   3.847829465885234
46   -3.8269761877341275
46   -3.8269761877341235
46   -1.2143338075539847
46   -1.214333807553983
46   1.2143338075539827
46   1.2143338075539853
46   3.8269761877341275
46   3.826976187734128
47   -3.805760984056495
47   -3.8057609840564943
47   -1.1941380800692754
47   -1.1941380800692738
47   1.1941380800692738
47   1.194138080069276
47   3.8057609840564957
47   3.8057609840564965
48   -3.7841891721442886
48   -3.7841891721442873
48   -1.1736426425422712
48   -1.17364264254227
48   1.1736426425422708
48   1.1736426425422721
48   3.7841891721442877
48   3.78418917214429
49   -3.762266159999694
49   -3.762266159999692
49   -1.1528568494671003
49   -1.1528568494670979
49   1.1528568494670992
49   1.1528568494671008
49   3.762266159999692
49   3.7622661599996956
50   -3.7399974450745717
50   -3.7399974450745685
50   -1.131790515869144
50   -1.1317905158691435
50   1.1317905158691437
50   1.1317905158691448
50   3.7399974450745677
50   3.739997445074571
51   -3.7173886129907903
51   -3.7173886129907894
51   -1.1104539584639805
51   -1.1104539584639777
51   1.1104539584639779
51   1.1104539584639792
51   3.7173886129907894
51   3.7173886129907916
52   -3.694445336241887
52   -3.6944453362418868
52   -1.0888580425722925
52   -1.0888580425722902
52   1.08885804257229
52   1.088858042572291
52   3.6944453362418868
52   3.694445336241887
53   -3.671173372876484
53   -3.671173372876484
53   -1.0670142356896473
53   -1.0670142356896455
53   1.067014235689644
53   1.0670142356896468
53   3.671173372876482
53   3.671173372876484
54   -3.6475785651639336
54   -3.6475785651639323
54   -1.0449346687649033
54   -1.0449346687649017
54   1.0449346687649015
54   1.0449346687649035
54   3.6475785651639328
54   3.647578565163936
55   -3.6236668382426283
55   -3.6236668382426274
55   -1.0226322064246531
55   -1.0226322064246507
55   1.022632206424651
55   1.0226322064246534
55   3.623666838242627
55   3.6236668382426283
56   -3.5994441987514323
56   -3.599444198751432
56   -1.000120527598445
56   -1.0001205275984435
56   1.0001205275984426
56   1.0001205275984433
56   3.599444198751432
56   3.5994441987514323
57   -3.5749167334447556
57   -3.574916733444752
57   -0.9774142182569011
57   -0.9774142182568997
57   0.9774142182568989
57   0.977414218256902
57   3.574916733444752
57   3.5749167334447542
58   -3.5500906077916943
58   -3.550090607791694
58   -0.9545288782792362
58   -0.9545288782792352
58   0.9545288782792347
58   0.9545288782792355
58   3.5500906077916916
58   3.5500906077916947
59   -3.524972064559813
59   -3.5249720645598126
59   -0.9314812448259927
59   -0.9314812448259915
59   0.9314812448259912
59   0.9314812448259916
59   3.524972064559812
59   3.524972064559814
60   -3.4995674223839885
60   -3.499567422383988
60   -0.9082893350157782
60   -0.9082893350157778
60   0.908289335015777
60   0.9082893350157782
60   3.4995674223839868
60   3.499567422383993
61   -3.473883074320901
61   -3.473883074320901
61   -0.8849726112003394
61   -0.884972611200339
61   0.8849726112003385
61   0.8849726112003402
61   3.4738830743209
61   3.4738830743209017
62   -3.4479254863896784
62   -3.4479254863896784
62   -0.861552172709284
62   -0.8615521727092821
62   0.8615521727092822
62   0.8615521727092837
62   3.4479254863896784
62   3.447925486389679
63   -3.4217011960992143
63   -3.4217011960992143
63   -0.838050978601272
63   -0.8380509786012708
63   0.8380509786012701
63   0.8380509786012705
63   3.421701196099213
63   3.4217011960992143
64   -3.39521681096274
64   -3.3952168109627396
64   -0.8144941067159784
64   -0.8144941067159772
64   0.8144941067159772
64   0.8144941067159791
64   3.395216810962739
64   3.3952168109627427
65   -3.368479007000192
65   -3.368479007000189
65   -0.7909090551667521
65   -0.7909090551667508
65   0.7909090551667507
65   0.7909090551667526
65   3.3684790070001913
65   3.3684790070001926
66   -3.341494527228942
66   -3.341494527228939
66   -0.7673260933309093
66   -0.7673260933309073
66   0.7673260933309076
66   0.7673260933309083
66   3.341494527228941
66   3.3414945272289414
67   -3.3142701801434735
67   -3.31427018014347
67   -0.7437786703443069
67   -0.7437786703443057
67   0.7437786703443054
67   0.7437786703443063
67   3.3142701801434726
67   3.314270180143473
68   -3.2868128381846278
68   -3.286812838184624
68   -0.7203038900147967
68   -0.7203038900147944
68   0.7203038900147958
68   0.720303890014796
68   3.286812838184625
68   3.2868128381846256
69   -3.259129436198951
69   -3.25912943619895
69   -0.6969430618046567
69   -0.6969430618046546
69   0.696943061804654
69   0.6969430618046553
69   3.25912943619895
69   3.259129436198951
70   -3.2312269698888474
70   -3.231226969888847
70   -0.6737423378770341
70   -0.6737423378770334
70   0.6737423378770327
70   0.6737423378770337
70   3.231226969888846
70   3.2312269698888487
71   -3.203112494254075
71   -3.203112494254073
71   -0.6507534458064105
71   -0.650753445806409
71   0.6507534458064095
71   0.6507534458064103
71   3.2031124942540723
71   3.203112494254076
72   -3.17479312202529
72   -3.1747931220252887
72   -0.6280345248764808
72   -0.6280345248764789
72   0.6280345248764791
72   0.6280345248764811
72   3.17479312202529
72   3.1747931220252905
73   -3.1462760220902455
73   -3.1462760220902437
73   -0.6056510701163934
73   -0.6056510701163924
73   0.6056510701163926
73   0.6056510701163933
73   3.1462760220902446
73   3.1462760220902455
74   -3.117568417913308
74   -3.1175684179133047
74   -0.5836769811751241
74   -0.5836769811751228
74   0.5836769811751228
74   0.5836769811751238
74   3.1175684179133047
74   3.117568417913306
75   -3.0886775859489806
75   -3.088677585948979
75   -0.5621957011555805
75   -0.562195701155579
75   0.5621957011555793
75   0.56219570115558
75   3.0886775859489797
75   3.08867758594898
76   -3.059610854050089
76   -3.059610854050084
76   -0.5413014114527728
76   -0.5413014114527714
76   0.5413014114527722
76   0.541301411452773
76   3.0596108540500864
76   3.059610854050088
77   -3.030375599871318
77   -3.030375599871317
77   -0.5211002198362361
77   -0.5211002198362346
77   0.5211002198362347
77   0.5211002198362353
77   3.030375599871318
77   3.030375599871319
78   -3.0009792492688274
78   -3.000979249268825
78   -0.5017112377553398
78   -0.5017112377553389
78   0.5017112377553391
78   0.5017112377553395
78   3.0009792492688256
78   3.0009792492688274
79   -2.971429274696605
79   -2.9714292746966033
79   -0.48326738719414136
79   -0.48326738719413986
79   0.48326738719413903
79   0.48326738719414
79   2.9714292746966047
79   2.9714292746966056
80   -2.941733193600336
80   -2.9417331936003337
80   -0.46591570802003385
80   -0.46591570802003174
80   0.4659157080200322
80   0.46591570802003307
80   2.941733193600334
80   2.9417331936003346
81   -2.9118985668094566
81   -2.9118985668094566
81   -0.4498168599201865
81   -0.4498168599201849
81   0.4498168599201847
81   0.44981685992018605
81   2.9118985668094552
81   2.9118985668094566
82   -2.8819329969281746
82   -2.881932996928172
82   -0.4351434447092739
82   -0.4351434447092709
82   0.43514344470927113
82   0.435143444709272
82   2.881932996928173
82   2.8819329969281746
83   -2.8518441267261565
83   -2.8518441267261543
83   -0.4220767448587615
83   -0.42207674485876023
83   0.4220767448587603
83   0.42207674485876095
83   2.8518441267261543
83   2.8518441267261556
84   -2.8216396375296644
84   -2.821639637529664
84   -0.41080152697487643
84   -0.4108015269748752
84   0.410801526974876
84   0.4108015269748766
84   2.821639637529661
84   2.821639637529665
85   -2.791327247613882
85   -2.791327247613882
85   -0.4014987454354372
85   -0.40149874543543573
85   0.40149874543543584
85   0.40149874543543645
85   2.791327247613881
85   2.7913272476138817
86   -2.7609147105971727
86   -2.7609147105971727
86   -0.3943363354726029
86   -0.3943363354726013
86   0.3943363354726008
86   0.3943363354726024
86   2.76091471059717
86   2.760914710597172
87   -2.7304098138380613
87   -2.73040981383806
87   -0.38945878623963853
87   -0.38945878623963787
87   0.38945878623963764
87   0.3894587862396392
87   2.7304098138380595
87   2.730409813838061
88   -2.6998203768356657
88   -2.699820376835664
88   -0.3869767225440674
88   -0.38697672254406607
88   0.3869767225440659
88   0.38697672254406695
88   2.699820376835665
88   2.699820376835666
89   -2.6691542496343734
89   -2.6691542496343703
89   -0.38695810025072624
89   -0.38695810025072463
89   0.3869581002507252
89   0.38695810025072613
89   2.6691542496343716
89   2.6691542496343734
90   -2.638419311233476
90   -2.6384193112334735
90   -0.3894226180550042
90   -0.38942261805500317
90   0.3894226180550038
90   0.3894226180550043
90   2.6384193112334735
90   2.6384193112334766
91   -2.6076234680025565
91   -2.607623468002556
91   -0.39434045908564674
91   -0.3943404590856449
91   0.3943404590856456
91   0.39434045908564624
91   2.607623468002557
91   2.6076234680025574
92   -2.576774652103345
92   -2.5767746521033437
92   -0.40163560325339515
92   -0.4016356032533927
92   0.401635603253394
92   0.4016356032533944
92   2.5767746521033423
92   2.576774652103344
93   -2.545880819918752
93   -2.54588081991875
93   -0.41119299477597754
93   -0.41119299477597593
93   0.4111929947759758
93   0.41119299477597687
93   2.5458808199187506
93   2.545880819918751
94   -2.5149499504898536
94   -2.5149499504898527
94   -0.4228681526468354
94   -0.42286815264683336
94   0.4228681526468343
94   0.42286815264683697
94   2.514949950489852
94   2.5149499504898527
95   -2.4839900439614357
95   -2.483990043961433
95   -0.4364975796344377
95   -0.43649757963443536
95   0.43649757963443647
95   0.4364975796344372
95   2.483990043961435
95   2.4839900439614353
96   -2.4530091200368203
96   -2.45300912003682
96   -0.45190854033826244
96   -0.4519085403382609
96   0.4519085403382605
96   0.45190854033826167
96   2.4530091200368185
96   2.45300912003682
97   -2.4220152164425954
97   -2.4220152164425945
97   -0.4689272595852393
97   -0.46892725958523757
97   0.4689272595852379
97   0.4689272595852393
97   2.4220152164425945
97   2.422015216442595
98   -2.391016387403799
98   -2.391016387403799
98   -0.4873851215904911
98   -0.4873851215904893
98   0.48738512159048897
98   0.4873851215904906
98   2.3910163874037993
98   2.3910163874038
99   -2.3600207021301602
99   -2.36002070213016
99   -0.5071228747224086
99   -0.5071228747224059
99   0.5071228747224071
99   0.5071228747224086
99   2.3600207021301576
99   2.3600207021301602
100   -2.3290362433138383
100   -2.3290362433138356
100   -0.5279931078363954
100   -0.5279931078363943
100   0.5279931078363943
100   0.5279931078363953
100   2.3290362433138356
100   2.3290362433138365
101   -2.298071105639099
101   -2.2980711056390972
101   -0.5498613749284736
101   -0.5498613749284725
101   0.549861374928472
101   0.5498613749284733
101   2.298071105639097
101   2.298071105639098
102   -2.2671333943042997
102   -2.267133394304299
102   -0.572606350724877
102   -0.5726063507248753
102   0.5726063507248765
102   0.5726063507248772
102   2.267133394304298
102   2.2671333943043
103   -2.236231223556371
103   -2.2362312235563704
103   -0.5961193486616638
103   -0.5961193486616623
103   0.5961193486616626
103   0.5961193486616637
103   2.2362312235563695
103   2.2362312235563717
104   -2.20537271523804
104   -2.205372715238039
104   -0.6203034605980702
104   -0.6203034605980677
104   0.6203034605980691
104   0.62030346059807
104   2.2053727152380387
104   2.205372715238042
105   -2.174565997347732
105   -2.1745659973477314
105   -0.6450725062082934
105   -0.6450725062082914
105   0.6450725062082914
105   0.645072506208292
105   2.174565997347731
105   2.1745659973477314
106   -2.1438192026121445
106   -2.143819202612144
106   -0.670349919503039
106   -0.6703499195030386
106   0.6703499195030381
106   0.6703499195030397
106   2.143819202612143
106   2.1438192026121445
107   -2.1131404670711467
107   -2.1131404670711453
107   -0.6960676532830957
107   -0.6960676532830952
107   0.6960676532830948
107   0.6960676532830958
107   2.1131404670711444
107   2.1131404670711462
108   -2.0825379286746184
108   -2.0825379286746175
108   -0.7221651486833555
108   -0.722165148683355
108   0.7221651486833551
108   0.7221651486833565
108   2.0825379286746157
108   2.0825379286746175
109   -2.0520197258905757
109   -2.052019725890573
109   -0.7485883939810798
109   -0.7485883939810788
109   0.748588393981079
109   0.7485883939810808
109   2.052019725890572
109   2.0520197258905726
110   -2.0215939963236655
110   -2.0215939963236638
110   -0.7752890819078975
110   -0.7752890819078955
110   0.7752890819078956
110   0.775289081907897
110   2.0215939963236638
110   2.0215939963236664
111   -1.9912688753429744
111   -1.991268875342971
111   -0.802223865514597
111   -0.8022238655145948
111   0.8022238655145952
111   0.8022238655145967
111   1.9912688753429733
111   1.9912688753429737
112   -1.961052494717588
112   -1.9610524947175878
112   -0.8293537073671018
112   -0.8293537073670993
112   0.8293537073670998
112   0.8293537073671009
112   1.9610524947175876
112   1.961052494717589
113   -1.9309529812582458
113   -1.9309529812582458
113   -0.8566433141530574
113   -0.856643314153055
113   0.8566433141530554
113   0.8566433141530565
113   1.9309529812582453
113   1.9309529812582458
114   -1.9009784554628353
114   -1.9009784554628335
114   -0.8840606477018865
114   -0.8840606477018852
114   0.8840606477018851
114   0.8840606477018869
114   1.900978455462834
114   1.9009784554628348
115   -1.8711370301631975
115   -1.8711370301631955
115   -0.9115765033212619
115   -0.9115765033212596
115   0.9115765033212607
115   0.9115765033212615
115   1.8711370301631953
115   1.8711370301631967
116   -1.8414368091701356
116   -1.8414368091701334
116   -0.9391641468051337
116   -0.9391641468051317
116   0.9391641468051324
116   0.9391641468051334
116   1.8414368091701327
116   1.8414368091701343
117   -1.8118858859130285
117   -1.8118858859130273
117   -0.9667990022010391
117   -0.9667990022010376
117   0.966799002201038
117   0.9667990022010389
117   1.8118858859130271
117   1.8118858859130285
118   -1.7824923420698324
118   -1.782492342069831
118   -0.9944583832696996
118   -0.994458383269697
118   0.9944583832696984
118   0.9944583832696993
118   1.7824923420698306
118   1.782492342069832
119   -1.7532642461825574
119   -1.7532642461825554
119   -1.022121262428387
119   -1.0221212624283855
119   1.0221212624283864
119   1.0221212624283873
119   1.753264246182554
119   1.7532642461825572
120   -1.7242096522525974
120   -1.724209652252595
120   -1.0497680717857079
120   -1.0497680717857059
120   1.049768071785707
120   1.0497680717857076
120   1.7242096522525945
120   1.724209652252596
121   -1.695336598309392
121   -1.6953365983093904
121   -1.0773805316214469
121   -1.0773805316214455
121   1.0773805316214449
121   1.0773805316214466
121   1.695336598309391
121   1.6953365983093915
122   -1.6666531049450355
122   -1.6666531049450335
122   -1.1049415023298013
122   -1.1049415023297997
122   1.1049415023298
122   1.1049415023298017
122   1.6666531049450335
122   1.6666531049450344
123   -1.638167173806327
123   -1.6381671738063255
123   -1.1324348564266211
123   -1.13243485642662
123   1.1324348564266198
123   1.1324348564266205
123   1.6381671738063264
123   1.6381671738063277
124   -1.6098867860347221
124   -1.6098867860347204
124   -1.1598453677251745
124   -1.159845367725173
124   1.159845367725173
124   1.1598453677251745
124   1.6098867860347208
124   1.609886786034722
125   -1.5818199006432778
125   -1.581819900643276
125   -1.1871586152176778
125   -1.1871586152176774
125   1.1871586152176776
125   1.1871586152176787
125   1.5818199006432752
125   1.5818199006432778
126   -1.5539744528183779
126   -1.5539744528183757
126   -1.2143608995689912
126   -1.2143608995689894
126   1.2143608995689898
126   1.214360899568991
126   1.5539744528183765
126   1.5539744528183772
127   -1.5263583521324715
127   -1.5263583521324706
127   -1.2414391704428236
127   -1.241439170442823
127   1.2414391704428227
127   1.2414391704428245
127   1.5263583521324704
127   1.5263583521324715
128   -1.4989794806523908
128   -1.4989794806523902
128   -1.268380963146926
128   -1.2683809631469254
128   1.268380963146925
128   1.2683809631469263
128   1.4989794806523893
128   1.4989794806523908
129   -1.4718456909260198
129   -1.4718456909260198
129   -1.2951743433090013
129   -1.295174343308999
129   1.295174343309
129   1.295174343309001
129   1.4718456909260191
129   1.4718456909260205
130   -1.4449648038281344
130   -1.4449648038281333
130   -1.321807858485671
130   -1.3218078584856694
130   1.3218078584856692
130   1.321807858485671
130   1.4449648038281329
130   1.4449648038281344
131   -1.4183446062440688
131   -1.4183446062440677
131   -1.3482704957679348
131   -1.348270495767933
131   1.3482704957679328
131   1.3482704957679346
131   1.4183446062440672
131   1.4183446062440683
132   -1.391992848567633
132   -1.3919928485676305
132   -1.3745516445828738
132   -1.374551644582872
132   1.3745516445828725
132   1.3745516445828743
132   1.3919928485676316
132   1.3919928485676338
133   -1.4006410640066993
133   -1.400641064006698
133   -1.365917241987235
133   -1.3659172419872339
133   1.3659172419872334
133   1.3659172419872347
133   1.4006410640066977
133   1.400641064006699
134   -1.4265288540019776
134   -1.4265288540019767
134   -1.3401254555315678
134   -1.3401254555315651
134   1.3401254555315658
134   1.3401254555315671
134   1.4265288540019763
134   1.426528854001977
135   -1.4522054300747556
135   -1.4522054300747538
135   -1.3146251128435038
135   -1.3146251128435023
135   1.3146251128435025
135   1.3146251128435038
135   1.4522054300747536
135   1.4522054300747556
136   -1.4776615009176612
136   -1.4776615009176604
136   -1.2894237886479574
136   -1.2894237886479556
136   1.2894237886479567
136   1.2894237886479571
136   1.47766150091766
136   1.4776615009176612
137   -1.5028880486649647
137   -1.502888048664963
137   -1.2645290048764888
137   -1.2645290048764877
137   1.264529004876487
137   1.2645290048764886
137   1.5028880486649627
137   1.5028880486649645
138   -1.5278763114365224
138   -1.5278763114365201
138   -1.2399482264084247
138   -1.2399482264084225
138   1.239948226408423
138   1.2399482264084245
138   1.5278763114365204
138   1.5278763114365217
139   -1.5526177678910786
139   -1.5526177678910773
139   -1.2156888563851425
139   -1.2156888563851402
139   1.2156888563851407
139   1.2156888563851416
139   1.5526177678910773
139   1.55261776789108
140   -1.577104123546544
140   -1.5771041235465424
140   -1.1917582310511492
140   -1.1917582310511463
140   1.191758231051147
140   1.1917582310511488
140   1.5771041235465426
140   1.5771041235465433
141   -1.601327298656736
141   -1.6013272986567337
141   -1.168163614072599
141   -1.1681636140725982
141   1.1681636140725977
141   1.1681636140725993
141   1.6013272986567335
141   1.6013272986567348
142   -1.6252794174613434
142   -1.625279417461341
142   -1.144912190281146
142   -1.1449121902811443
142   1.144912190281145
142   1.1449121902811454
142   1.625279417461342
142   1.6252794174613434
143   -1.6489527986493715
143   -1.6489527986493715
143   -1.122011058788484
143   -1.1220110587884833
143   1.1220110587884828
143   1.1220110587884842
143   1.6489527986493695
143   1.6489527986493715
144   -1.672339946896476
144   -1.6723399468964733
144   -1.0994672254149138
144   -1.099467225414913
144   1.0994672254149123
144   1.0994672254149134
144   1.6723399468964741
144   1.6723399468964757
145   -1.6954335453540688
145   -1.6954335453540672
145   -1.0772875943736502
145   -1.0772875943736477
145   1.0772875943736486
145   1.0772875943736504
145   1.6954335453540665
145   1.695433545354069
146   -1.718226448983087
146   -1.7182264489830843
146   -1.0554789591519087
146   -1.0554789591519067
146   1.0554789591519071
146   1.0554789591519087
146   1.718226448983084
146   1.7182264489830856
147   -1.7407116786383297
147   -1.740711678638327
147   -1.0340479925298611
147   -1.0340479925298587
147   1.0340479925298587
147   1.0340479925298596
147   1.7407116786383274
147   1.7407116786383294
148   -1.762882415820633
148   -1.7628824158206302
148   -1.0130012356799216
148   -1.013001235679921
148   1.013001235679921
148   1.013001235679922
148   1.762882415820631
148   1.7628824158206327
149   -1.784731998023861
149   -1.7847319980238585
149   -0.9923450862915812
149   -0.9923450862915804
149   0.9923450862915808
149   0.9923450862915817
149   1.7847319980238585
149   1.7847319980238603
150   -1.8062539146123266
150   -1.8062539146123247
150   -0.9720857856713659
150   -0.9720857856713653
150   0.9720857856713646
150   0.9720857856713658
150   1.8062539146123253
150   1.806253914612326
151   -1.8274418031716264
151   -1.827441803171626
151   -0.9522294047741136
151   -0.9522294047741133
151   0.9522294047741119
151   0.9522294047741128
151   1.8274418031716255
151   1.8274418031716266
152   -1.8482894462824149
152   -1.8482894462824109
152   -0.9327818291304231
152   -0.9327818291304224
152   0.9327818291304227
152   0.9327818291304235
152   1.8482894462824113
152   1.8482894462824127
153   -1.8687907686722858
153   -1.8687907686722853
153   -0.9137487426467176
153   -0.9137487426467156
153   0.9137487426467161
153   0.9137487426467165
153   1.868790768672285
153   1.868790768672286
154   -1.8889398347059996
154   -1.8889398347059982
154   -0.8951356102687558
154   -0.895135610268755
154   0.8951356102687553
154   0.8951356102687559
154   1.888939834705998
154   1.888939834705998
155   -1.908730846178504
155   -1.9087308461785037
155   -0.8769476595173418
155   -0.8769476595173391
155   0.8769476595173396
155   0.8769476595173409
155   1.9087308461785037
155   1.908730846178505
156   -1.928158140379244
156   -1.9281581403792418
156   -0.8591898609262425
156   -0.8591898609262412
156   0.8591898609262415
156   0.8591898609262427
156   1.9281581403792427
156   1.9281581403792436
157   -1.9472161883994366
157   -1.9472161883994359
157   -0.8418669074377098
157   -0.8418669074377075
157   0.8418669074377088
157   0.841866907437709
157   1.9472161883994357
157   1.947216188399437
158   -1.9658995936571506
158   -1.96589959365715
158   -0.8249831928400192
158   -0.8249831928400168
158   0.8249831928400174
158   0.8249831928400183
158   1.9658995936571493
158   1.9658995936571508
159   -1.9842030906175172
159   -1.9842030906175148
159   -0.8085427893647763
159   -0.8085427893647742
159   0.808542789364775
159   0.8085427893647756
159   1.9842030906175157
159   1.984203090617516
160   -2.0021215436878377
160   -2.0021215436878377
160   -0.7925494245986631
160   -0.7925494245986605
160   0.7925494245986603
160   0.7925494245986618
160   2.002121543687838
160   2.002121543687839
161   -2.0196499462693676
161   -2.019649946269367
161   -0.7770064579049688
161   -0.7770064579049673
161   0.7770064579049671
161   0.7770064579049679
161   2.019649946269366
161   2.019649946269368
162   -2.036783419949373
162   -2.0367834199493715
162   -0.7619168565939227
162   -0.7619168565939208
162   0.7619168565939206
162   0.7619168565939218
162   2.036783419949373
162   2.036783419949374
163   -2.0535172138187727
163   -2.05351721381877
163   -0.7472831721267542
163   -0.7472831721267527
163   0.7472831721267527
163   0.7472831721267548
163   2.05351721381877
163   2.0535172138187723
164   -2.069846703902
164   -2.069846703901999
164   -0.7331075166857449
164   -0.7331075166857438
164   0.7331075166857431
164   0.7331075166857445
164   2.069846703901999
164   2.0698467039020025
165   -2.0857673926871425
165   -2.0857673926871385
165   -0.7193915404896463
165   -0.7193915404896447
165   0.7193915404896443
165   0.7193915404896454
165   2.0857673926871394
165   2.0857673926871416
166   -2.1012749087454425
166   -2.1012749087454425
166   -0.7061364102795277
166   -0.7061364102795273
166   0.7061364102795264
166   0.7061364102795278
166   2.101274908745442
166   2.1012749087454425
167   -2.1163650064304247
167   -2.1163650064304234
167   -0.6933427894422055
167   -0.6933427894422041
167   0.6933427894422047
167   0.6933427894422054
167   2.1163650064304216
167   2.1163650064304242
168   -2.1310335656476633
168   -2.13103356564766
168   -0.6810108202750177
168   -0.681010820275016
168   0.681010820275016
168   0.6810108202750176
168   2.1310335656476616
168   2.1310335656476624
169   -2.1452765916871943
169   -2.1452765916871943
169   -0.6691401089245762
169   -0.6691401089245745
169   0.6691401089245751
169   0.6691401089245759
169   2.1452765916871925
169   2.1452765916871956
170   -2.1590902151112075
170   -2.159090215111205
170   -0.6577297135508599
170   -0.6577297135508567
170   0.6577297135508573
170   0.6577297135508583
170   2.159090215111206
170   2.159090215111206
171   -2.1724706916903704
171   -2.17247069169037
171   -0.646778136274434
171   -0.6467781362744326
171   0.6467781362744325
171   0.6467781362744336
171   2.17247069169037
171   2.172470691690371
172   -2.185414402382756
172   -2.1854144023827553
172   -0.6362833194566184
172   -0.6362833194566162
172   0.6362833194566168
172   0.6362833194566179
172   2.185414402382755
172   2.185414402382756
173   -2.1979178533498063
173   -2.1979178533498023
173   -0.6262426468380732
173   -0.6262426468380713
173   0.6262426468380714
173   0.6262426468380727
173   2.197917853349803
173   2.197917853349803
174   -2.209977676004371
174   -2.2099776760043683
174   -0.6166529500196085
174   -0.6166529500196073
174   0.6166529500196072
174   0.6166529500196085
174   2.2099776760043692
174   2.209977676004371
175   -2.2215906270862096
175   -2.221590627086207
175   -0.6075105207089097
175   -0.6075105207089094
175   0.6075105207089095
175   0.6075105207089112
175   2.2215906270862065
175   2.2215906270862087
176   -2.2327535887607755
176   -2.232753588760773
176   -0.5988111290786495
176   -0.5988111290786492
176   0.5988111290786489
176   0.5988111290786499
176   2.232753588760774
176   2.2327535887607746
177   -2.2434635687374986
177   -2.2434635687374977
177   -0.5905500484858364
177   -0.5905500484858338
177   0.5905500484858351
177   0.5905500484858355
177   2.2434635687374977
177   2.2434635687374995
178   -2.2537177004040543
178   -2.253717700404053
178   -0.5827220866910175
178   -0.5827220866910149
178   0.5827220866910161
178   0.5827220866910171
178   2.253717700404052
178   2.2537177004040525
179   -2.2635132429734384
179   -2.2635132429734366
179   -0.5753216235916192
179   -0.5753216235916183
179   0.5753216235916184
179   0.5753216235916196
179   2.2635132429734366
179   2.2635132429734375
180   -2.272847581640994
180   -2.272847581640992
180   -0.5683426553497137
180   -0.5683426553497124
180   0.5683426553497131
180   0.5683426553497136
180   2.2728475816409928
180   2.272847581640993
181   -2.28171822774865
181   -2.281718227748648
181   -0.5617788446548548
181   -0.5617788446548513
181   0.5617788446548527
181   0.5617788446548541
181   2.28171822774865
181   2.2817182277486503
182   -2.2901228189540332
182   -2.29012281895403
182   -0.5556235767217748
182   -0.5556235767217721
182   0.5556235767217731
182   0.5556235767217744
182   2.290122818954031
182   2.2901228189540315
183   -2.298059119402163
183   -2.2980591194021613
183   -0.5498700204854124
183   -0.5498700204854116
183   0.5498700204854114
183   0.5498700204854127
183   2.2980591194021613
183   2.2980591194021627
184   -2.305525019897789
184   -2.3055250198977872
184   -0.5445111943266445
184   -0.5445111943266429
184   0.5445111943266436
184   0.5445111943266445
184   2.3055250198977872
184   2.3055250198977877
185   -2.3125185380764406
185   -2.3125185380764393
185   -0.5395400355456177
185   -0.5395400355456165
185   0.5395400355456159
185   0.5395400355456175
185   2.3125185380764393
185   2.31251853807644
186   -2.319037818572599
186   -2.3190378185725984
186   -0.534949472699532
186   -0.5349494726995303
186   0.5349494726995314
186   0.5349494726995327
186   2.319037818572596
186   2.319037818572599
187   -2.3250811331833945
187   -2.3250811331833923
187   -0.5307324998412941
187   -0.5307324998412917
187   0.5307324998412919
187   0.5307324998412937
187   2.3250811331833927
187   2.325081133183393
188   -2.3306468810264964
188   -2.3306468810264955
188   -0.5268822516367737
188   -0.5268822516367723
188   0.5268822516367735
188   0.526882251636774
188   2.330646881026496
188   2.3306468810264978
189   -2.3357335886909314
189   -2.3357335886909265
189   -0.5233920783028422
189   -0.5233920783028395
189   0.5233920783028404
189   0.5233920783028412
189   2.3357335886909283
189   2.3357335886909287
190   -2.340339910379667
190   -2.3403399103796665
190   -0.5202556192960042
190   -0.5202556192960028
190   0.5202556192960034
190   0.5202556192960036
190   2.340339910379665
190   2.3403399103796687
191   -2.3444646280430295
191   -2.344464628043028
191   -0.5174668746919235
191   -0.5174668746919222
191   0.5174668746919227
191   0.5174668746919239
191   2.3444646280430264
191   2.3444646280430317
192   -2.3481066515019546
192   -2.3481066515019533
192   -0.515020273227662
192   -0.5150202732276609
192   0.5150202732276603
192   0.5150202732276616
192   2.3481066515019537
192   2.348106651501955
193   -2.351265018560354
193   -2.351265018560353
193   -0.5129107360293461
193   -0.5129107360293447
193   0.5129107360293449
193   0.5129107360293461
193   2.351265018560351
193   2.351265018560354
194   -2.3539388951058355
194   -2.3539388951058346
194   -0.5111337351154884
194   -0.511133735115487
194   0.5111337351154865
194   0.5111337351154879
194   2.3539388951058333
194   2.3539388951058355
195   -2.3561275751982214
195   -2.356127575198219
195   -0.5096853458477641
195   -0.5096853458477627
195   0.5096853458477609
195   0.509685345847764
195   2.35612757519822
195   2.3561275751982214
196   -2.357830481145278
196   -2.3578304811452764
196   -0.508562292593984
196   -0.508562292593982
196   0.5085622925939829
196   0.5085622925939837
196   2.3578304811452773
196   2.3578304811452773
197   -2.3590471635652897
197   -2.3590471635652883
197   -0.5077619869697425
197   -0.5077619869697405
197   0.5077619869697408
197   0.5077619869697414
197   2.3590471635652888
197   2.359047163565289
198   -2.359777301436067
198   -2.359777301436064
198   -0.5072825581334522
198   -0.507282558133451
198   0.5072825581334505
198   0.5072825581334518
198   2.359777301436066
198   2.3597773014360666
199   -2.3600207021301625
199   -2.360020702130161
199   -0.5071228747224071
199   -0.5071228747224061
199   0.5071228747224059
199   0.5071228747224076
199   2.3600207021301607
199   2.360020702130163
200   -2.359777301436067
200   -2.359777301436064
200   -0.5072825581334522
200   -0.507282558133451
200   0.5072825581334505
200   0.5072825581334518
200   2.359777301436066
200   2.3597773014360666
201   -2.3590471635652883
201   -2.3590471635652874
201   -0.5077619869697424
201   -0.5077619869697416
201   0.5077619869697413
201   0.5077619869697424
201   2.359047163565287
201   2.3590471635652888
202   -2.3578304811452804
202   -2.3578304811452773
202   -0.5085622925939841
202   -0.5085622925939833
202   0.5085622925939826
202   0.508562292593984
202   2.357830481145278
202   2.357830481145279
203   -2.356127575198221
203   -2.3561275751982205
203   -0.5096853458477637
203   -0.5096853458477623
203   0.5096853458477619
203   0.5096853458477636
203   2.356127575198219
203   2.3561275751982205
204   -2.3539388951058338
204   -2.3539388951058333
204   -0.5111337351154889
204   -0.5111337351154862
204   0.5111337351154873
204   0.5111337351154882
204   2.3539388951058333
204   2.353938895105834
205   -2.3512650185603525
205   -2.3512650185603525
205   -0.5129107360293468
205   -0.512910736029345
205   0.5129107360293449
205   0.5129107360293459
205   2.3512650185603516
205   2.3512650185603534
206   -2.348106651501955
206   -2.3481066515019506
206   -0.5150202732276626
206   -0.5150202732276603
206   0.5150202732276613
206   0.515020273227662
206   2.348106651501953
206   2.348106651501954
207   -2.3444646280430304
207   -2.344464628043027
207   -0.5174668746919235
207   -0.5174668746919227
207   0.5174668746919221
207   0.5174668746919237
207   2.3444646280430286
207   2.3444646280430304
208   -2.3403399103796665
208   -2.340339910379666
208   -0.5202556192960047
208   -0.5202556192960035
208   0.5202556192960033
208   0.5202556192960038
208   2.340339910379665
208   2.340339910379667
209   -2.33573358869093
209   -2.3357335886909283
209   -0.5233920783028417
209   -0.5233920783028406
209   0.5233920783028414
209   0.5233920783028416
209   2.3357335886909287
209   2.33573358869093
210   -2.3306468810264978
210   -2.330646881026497
210   -0.5268822516367742
210   -0.5268822516367729
210   0.5268822516367736
210   0.5268822516367743
210   2.3306468810264964
210   2.330646881026497
211   -2.3250811331833945
211   -2.3250811331833923
211   -0.5307324998412941
211   -0.5307324998412917
211   0.5307324998412919
211   0.5307324998412937
211   2.3250811331833927
211   2.325081133183393
212   -2.319037818572599
212   -2.3190378185725984
212   -0.534949472699532
212   -0.5349494726995303
212   0.5349494726995314
212   0.5349494726995327
212   2.319037818572596
212   2.319037818572599
213   -2.3125185380764415
213   -2.3125185380764406
213   -0.5395400355456172
213   -0.5395400355456162
213   0.5395400355456155
213   0.5395400355456171
213   2.3125185380764397
213   2.312518538076441
214   -2.3055250198977895
214   -2.3055250198977886
214   -0.5445111943266461
214   -0.5445111943266426
214   0.5445111943266435
214   0.5445111943266442
214   2.305525019897787
214   2.3055250198977877
215   -2.2980591194021636
215   -2.298059119402163
215   -0.5498700204854124
215   -0.5498700204854099
215   0.5498700204854107
215   0.5498700204854114
215   2.2980591194021627
215   2.2980591194021645
216   -2.2901228189540337
216   -2.2901228189540324
216   -0.5556235767217748
216   -0.5556235767217725
216   0.5556235767217732
216   0.5556235767217738
216   2.2901228189540324
216   2.2901228189540324
217   -2.281718227748651
217   -2.2817182277486503
217   -0.5617788446548545
217   -0.5617788446548514
217   0.5617788446548522
217   0.5617788446548532
217   2.2817182277486503
217   2.281718227748653
218   -2.272847581640996
218   -2.2728475816409928
218   -0.5683426553497132
218   -0.568342655349711
218   0.568342655349712
218   0.5683426553497125
218   2.272847581640994
218   2.2728475816409954
219   -2.2635132429734397
219   -2.2635132429734393
219   -0.5753216235916192
219   -0.5753216235916186
219   0.5753216235916174
219   0.5753216235916181
219   2.2635132429734384
219   2.2635132429734393
220   -2.253717700404055
220   -2.2537177004040547
220   -0.582722086691015
220   -0.5827220866910137
220   0.5827220866910144
220   0.5827220866910159
220   2.253717700404052
220   2.2537177004040547
221   -2.243463568737502
221   -2.2434635687375
221   -0.5905500484858348
221   -0.5905500484858329
221   0.5905500484858327
221   0.5905500484858341
221   2.2434635687375013
221   2.2434635687375017
222   -2.232753588760777
222   -2.2327535887607763
222   -0.5988111290786486
222   -0.5988111290786455
222   0.598811129078647
222   0.598811129078648
222   2.232753588760776
222   2.232753588760778
223   -2.2215906270862114
223   -2.2215906270862087
223   -0.6075105207089081
223   -0.6075105207089063
223   0.607510520708907
223   0.6075105207089082
223   2.221590627086208
223   2.22159062708621
224   -2.2099776760043732
224   -2.209977676004373
224   -0.616652950019606
224   -0.6166529500196037
224   0.6166529500196046
224   0.6166529500196053
224   2.209977676004373
224   2.2099776760043746
225   -2.1979178533498094
225   -2.197917853349809
225   -0.6262426468380695
225   -0.6262426468380679
225   0.6262426468380691
225   0.6262426468380692
225   2.197917853349808
225   2.19791785334981
226   -2.1854144023827606
226   -2.1854144023827593
226   -0.6362833194566153
226   -0.6362833194566135
226   0.6362833194566142
226   0.6362833194566148
226   2.1854144023827593
226   2.1854144023827606
227   -2.172470691690376
227   -2.172470691690374
227   -0.6467781362744304
227   -0.646778136274427
227   0.6467781362744289
227   0.6467781362744301
227   2.1724706916903744
227   2.172470691690375
228   -2.1590902151112106
228   -2.159090215111209
228   -0.657729713550854
228   -0.6577297135508534
228   0.657729713550853
228   0.657729713550854
228   2.15909021511121
228   2.159090215111212
229   -2.1452765916872014
229   -2.1452765916872005
229   -0.6691401089245712
229   -0.6691401089245704
229   0.6691401089245708
229   0.6691401089245714
229   2.1452765916871983
229   2.1452765916872
230   -2.131033565647667
230   -2.131033565647667
230   -0.6810108202750143
230   -0.6810108202750097
230   0.6810108202750113
230   0.6810108202750127
230   2.131033565647666
230   2.131033565647668
231   -2.1163650064304305
231   -2.1163650064304287
231   -0.6933427894422005
231   -0.6933427894421986
231   0.6933427894421985
231   0.6933427894421997
231   2.1163650064304287
231   2.1163650064304305
232   -2.101274908745449
232   -2.101274908745448
232   -0.706136410279522
232   -0.7061364102795207
232   0.7061364102795202
232   0.7061364102795225
232   2.101274908745448
232   2.1012749087454483
233   -2.0857673926871483
233   -2.0857673926871474
233   -0.7193915404896393
233   -0.7193915404896378
233   0.7193915404896382
233   0.7193915404896389
233   2.0857673926871474
233   2.0857673926871487
234   -2.0698467039020096
234   -2.069846703902008
234   -0.7331075166857376
234   -0.7331075166857351
234   0.7331075166857365
234   0.7331075166857369
234   2.069846703902008
234   2.0698467039020096
235   -2.0535172138187825
235   -2.0535172138187794
235   -0.7472831721267471
235   -0.7472831721267451
235   0.7472831721267458
235   0.7472831721267459
235   2.0535172138187803
235   2.0535172138187816
236   -2.036783419949384
236   -2.0367834199493817
236   -0.7619168565939126
236   -0.7619168565939122
236   0.7619168565939122
236   0.7619168565939134
236   2.0367834199493817
236   2.0367834199493826
237   -2.0196499462693778
237   -2.0196499462693764
237   -0.7770064579049585
237   -0.7770064579049583
237   0.7770064579049585
237   0.77700645790496
237   2.0196499462693764
237   2.019649946269377
238   -2.0021215436878506
238   -2.002121543687848
238   -0.7925494245986545
238   -0.7925494245986513
238   0.7925494245986512
238   0.7925494245986521
238   2.002121543687849
238   2.00212154368785
239   -1.9842030906175279
239   -1.984203090617526
239   -0.8085427893647664
239   -0.8085427893647646
239   0.8085427893647651
239   0.8085427893647659
239   1.9842030906175268
239   1.9842030906175285
240   -1.9658995936571615
240   -1.9658995936571593
240   -0.824983192840008
240   -0.8249831928400068
240   0.8249831928400065
240   0.8249831928400083
240   1.9658995936571606
240   1.965899593657162
241   -1.9472161883994503
241   -1.9472161883994488
241   -0.8418669074376978
241   -0.8418669074376972
241   0.8418669074376972
241   0.8418669074376979
241   1.9472161883994483
241   1.9472161883994499
242   -1.9281581403792571
242   -1.9281581403792571
242   -0.859189860926231
242   -0.8591898609262292
242   0.8591898609262303
242   0.859189860926231
242   1.928158140379256
242   1.9281581403792571
243   -1.9087308461785186
243   -1.9087308461785186
243   -0.8769476595173279
243   -0.876947659517326
243   0.8769476595173271
243   0.8769476595173278
243   1.9087308461785177
243   1.9087308461785188
244   -1.8889398347060133
244   -1.8889398347060113
244   -0.8951356102687422
244   -0.8951356102687412
244   0.8951356102687418
244   0.895135610268743
244   1.8889398347060111
244   1.888939834706012
245   -1.8687907686723009
245   -1.868790768672299
245   -0.9137487426467029
245   -0.9137487426467021
245   0.9137487426467015
245   0.913748742646703
245   1.8687907686723
245   1.8687907686723015
246   -1.8482894462824282
246   -1.8482894462824275
246   -0.9327818291304093
246   -0.932781829130409
246   0.9327818291304079
246   0.9327818291304094
246   1.8482894462824278
246   1.8482894462824286
247   -1.8274418031716446
247   -1.8274418031716424
247   -0.9522294047740983
247   -0.9522294047740952
247   0.9522294047740959
247   0.9522294047740973
247   1.8274418031716426
247   1.8274418031716435
248   -1.8062539146123433
248   -1.8062539146123426
248   -0.9720857856713506
248   -0.972085785671348
248   0.9720857856713488
248   0.9720857856713498
248   1.8062539146123424
248   1.8062539146123444
249   -1.7847319980238778
249   -1.784731998023876
249   -0.992345086291564
249   -0.9923450862915631
249   0.9923450862915629
249   0.9923450862915641
249   1.784731998023877
249   1.7847319980238783
250   -1.7628824158206504
250   -1.76288241582065
250   -1.0130012356799052
250   -1.0130012356799027
250   1.0130012356799034
250   1.0130012356799045
250   1.7628824158206504
250   1.7628824158206515
251   -1.7407116786383496
251   -1.7407116786383476
251   -1.0340479925298411
251   -1.03404799252984
251   1.0340479925298403
251   1.0340479925298407
251   1.7407116786383483
251   1.7407116786383496
252   -1.718226448983107
252   -1.7182264489831058
252   -1.0554789591518885
252   -1.0554789591518874
252   1.0554789591518876
252   1.0554789591518885
252   1.718226448983106
252   1.7182264489831072
253   -1.69543354535409
253   -1.6954335453540892
253   -1.0772875943736302
253   -1.077287594373628
253   1.0772875943736286
253   1.07728759437363
253   1.6954335453540892
253   1.6954335453540896
254   -1.6723399468964983
254   -1.672339946896495
254   -1.0994672254148925
254   -1.099467225414891
254   1.0994672254148903
254   1.0994672254148914
254   1.6723399468964957
254   1.6723399468964972
255   -1.6489527986493937
255   -1.6489527986493928
255   -1.1220110587884626
255   -1.122011058788462
255   1.1220110587884617
255   1.1220110587884626
255   1.6489527986493928
255   1.6489527986493937
256   -1.6252794174613663
256   -1.625279417461366
256   -1.1449121902811226
256   -1.144912190281121
256   1.144912190281122
256   1.1449121902811226
256   1.6252794174613654
256   1.6252794174613665
257   -1.6013272986567602
257   -1.6013272986567584
257   -1.1681636140725755
257   -1.1681636140725737
257   1.1681636140725742
257   1.1681636140725746
257   1.6013272986567584
257   1.60132729865676
258   -1.577104123546569
258   -1.5771041235465675
258   -1.191758231051124
258   -1.1917582310511214
258   1.191758231051123
258   1.1917582310511234
258   1.577104123546568
258   1.577104123546568
259   -1.5526177678911042
259   -1.5526177678911037
259   -1.2156888563851178
259   -1.2156888563851163
259   1.2156888563851167
259   1.2156888563851171
259   1.5526177678911028
259   1.5526177678911046
260   -1.5278763114365508
260   -1.5278763114365492
260   -1.2399482264083976
260   -1.2399482264083956
260   1.2399482264083967
260   1.2399482264083972
260   1.5278763114365495
260   1.52787631143655
261   -1.502888048664993
261   -1.5028880486649905
261   -1.2645290048764612
261   -1.2645290048764593
261   1.2645290048764588
261   1.264529004876461
261   1.5028880486649911
261   1.5028880486649925
262   -1.4776615009176894
262   -1.4776615009176892
262   -1.2894237886479298
262   -1.2894237886479285
262   1.289423788647929
262   1.2894237886479298
262   1.4776615009176888
262   1.477661500917689
263   -1.4522054300747842
263   -1.4522054300747824
263   -1.3146251128434763
263   -1.3146251128434743
263   1.3146251128434743
263   1.3146251128434756
263   1.4522054300747824
263   1.452205430074784
264   -1.426528854002009
264   -1.426528854002008
264   -1.340125455531537
264   -1.340125455531535
264   1.340125455531535
264   1.3401254555315356
264   1.4265288540020071
264   1.426528854002008
265   -1.4006410640067306
265   -1.4006410640067288
265   -1.3659172419872034
265   -1.3659172419872019
265   1.3659172419872023
265   1.3659172419872039
265   1.4006410640067293
265   1.400641064006731
266   -1.3919928485676016
266   -1.3919928485676005
266   -1.3745516445829056
266   -1.3745516445829051
266   1.3745516445829042
266   1.3745516445829056
266   1.3919928485676005
266   1.3919928485676025
267   -1.4183446062440364
267   -1.4183446062440352
267   -1.3482704957679663
267   -1.3482704957679652
267   1.3482704957679656
267   1.3482704957679672
267   1.418344606244036
267   1.418344606244037
268   -1.4449648038281007
268   -1.444964803828099
268   -1.321807858485704
268   -1.3218078584857023
268   1.3218078584857027
268   1.321807858485704
268   1.4449648038280987
268   1.4449648038281002
269   -1.4718456909259856
269   -1.4718456909259834
269   -1.295174343309035
269   -1.2951743433090335
269   1.2951743433090337
269   1.2951743433090352
269   1.471845690925984
269   1.4718456909259856
270   -1.4989794806523549
270   -1.4989794806523544
270   -1.26838096314696
270   -1.2683809631469594
270   1.2683809631469598
270   1.268380963146961
270   1.4989794806523542
270   1.4989794806523553
271   -1.526358352132435
271   -1.526358352132433
271   -1.24143917044286
271   -1.2414391704428585
271   1.2414391704428591
271   1.2414391704428607
271   1.5263583521324335
271   1.5263583521324346
272   -1.5539744528183397
272   -1.553974452818339
272   -1.2143608995690287
272   -1.214360899569026
272   1.2143608995690267
272   1.2143608995690274
272   1.5539744528183386
272   1.5539744528183395
273   -1.5818199006432394
273   -1.5818199006432392
273   -1.1871586152177152
273   -1.187158615217713
273   1.1871586152177145
273   1.1871586152177156
273   1.581819900643238
273   1.5818199006432385
274   -1.6098867860346837
274   -1.609886786034681
274   -1.1598453677252125
274   -1.1598453677252105
274   1.1598453677252112
274   1.1598453677252123
274   1.609886786034682
274   1.609886786034683
275   -1.6381671738062868
275   -1.6381671738062853
275   -1.1324348564266602
275   -1.1324348564266582
275   1.1324348564266595
275   1.1324348564266604
275   1.638167173806285
275   1.6381671738062868
276   -1.6666531049449953
276   -1.666653104944993
276   -1.1049415023298403
276   -1.10494150232984
276   1.1049415023298403
276   1.1049415023298415
276   1.6666531049449924
276   1.6666531049449937
277   -1.6953365983093502
277   -1.6953365983093494
277   -1.0773805316214873
277   -1.0773805316214857
277   1.0773805316214848
277   1.0773805316214866
277   1.6953365983093498
277   1.6953365983093511
278   -1.7242096522525527
278   -1.72420965225255
278   -1.04976807178575
278   -1.0497680717857498
278   1.0497680717857492
278   1.0497680717857505
278   1.7242096522525505
278   1.7242096522525525
279   -1.753264246182513
279   -1.7532642461825112
279   -1.0221212624284302
279   -1.022121262428427
279   1.0221212624284268
279   1.022121262428429
279   1.7532642461825114
279   1.7532642461825134
280   -1.7824923420697867
280   -1.7824923420697862
280   -0.9944583832697423
280   -0.9944583832697389
280   0.9944583832697408
280   0.9944583832697418
280   1.7824923420697858
280   1.7824923420697871
281   -1.8118858859129827
281   -1.8118858859129812
281   -0.9667990022010826
281   -0.9667990022010802
281   0.9667990022010801
281   0.9667990022010812
281   1.8118858859129816
281   1.8118858859129836
282   -1.841436809170088
282   -1.8414368091700866
282   -0.9391641468051777
282   -0.9391641468051751
282   0.9391641468051763
282   0.9391641468051772
282   1.8414368091700855
282   1.8414368091700875
283   -1.87113703016315
283   -1.8711370301631476
283   -0.9115765033213055
283   -0.9115765033213035
283   0.9115765033213055
283   0.9115765033213058
283   1.8711370301631478
283   1.8711370301631487
284   -1.9009784554627869
284   -1.9009784554627842
284   -0.8840606477019312
284   -0.884060647701928
284   0.8840606477019289
284   0.8840606477019302
284   1.9009784554627855
284   1.9009784554627858
285   -1.9309529812581978
285   -1.9309529812581951
285   -0.8566433141531
285   -0.8566433141530997
285   0.8566433141530995
285   0.8566433141531006
285   1.930952981258196
285   1.930952981258198
286   -1.9610524947175383
286   -1.961052494717536
286   -0.829353707367146
286   -0.8293537073671454
286   0.829353707367145
286   0.8293537073671464
286   1.9610524947175365
286   1.9610524947175387
287   -1.991268875342923
287   -1.9912688753429222
287   -0.8022238655146422
287   -0.8022238655146402
287   0.8022238655146413
287   0.8022238655146422
287   1.9912688753429215
287   1.9912688753429229
288   -2.0215939963236145
288   -2.0215939963236123
288   -0.7752890819079423
288   -0.7752890819079405
288   0.775289081907941
288   0.7752890819079422
288   2.0215939963236127
288   2.021593996323615
289   -2.0520197258905193
289   -2.0520197258905184
289   -0.7485883939811278
289   -0.7485883939811262
289   0.748588393981127
289   0.7485883939811279
289   2.0520197258905175
289   2.0520197258905193
290   -2.0825379286745647
290   -2.0825379286745624
290   -0.722165148683402
290   -0.7221651486834002
290   0.7221651486834
290   0.7221651486834015
290   2.0825379286745633
290   2.082537928674565
291   -2.1131404670710934
291   -2.1131404670710903
291   -0.6960676532831417
291   -0.6960676532831412
291   0.6960676532831412
291   0.696067653283142
291   2.1131404670710903
291   2.1131404670710934
292   -2.143819202612091
292   -2.1438192026120904
292   -0.6703499195030845
292   -0.6703499195030838
292   0.670349919503084
292   0.6703499195030848
292   2.1438192026120895
292   2.143819202612091
293   -2.1745659973476767
293   -2.1745659973476745
293   -0.6450725062083388
293   -0.6450725062083377
293   0.6450725062083371
293   0.6450725062083386
293   2.1745659973476745
293   2.1745659973476754
294   -2.205372715237984
294   -2.2053727152379805
294   -0.6203034605981155
294   -0.6203034605981133
294   0.6203034605981139
294   0.6203034605981148
294   2.2053727152379805
294   2.2053727152379827
295   -2.2362312235563158
295   -2.236231223556313
295   -0.5961193486617082
295   -0.5961193486617059
295   0.5961193486617072
295   0.5961193486617075
295   2.236231223556314
295   2.236231223556316
296   -2.267133394304241
296   -2.267133394304238
296   -0.5726063507249217
296   -0.5726063507249193
296   0.5726063507249205
296   0.5726063507249214
296   2.267133394304239
296   2.26713339430424
297   -2.2980711056390404
297   -2.2980711056390373
297   -0.5498613749285162
297   -0.5498613749285147
297   0.5498613749285152
297   0.5498613749285158
297   2.2980711056390386
297   2.298071105639039
298   -2.329036243313777
298   -2.329036243313776
298   -0.527993107836437
298   -0.5279931078364345
298   0.5279931078364344
298   0.5279931078364369
298   2.329036243313777
298   2.329036243313778
299   -2.360020702130101
299   -2.3600207021301003
299   -0.5071228747224481
299   -0.5071228747224469
299   0.5071228747224459
299   0.5071228747224484
299   2.3600207021301
299   2.360020702130102
300   -2.3910163874037376
300   -2.3910163874037367
300   -0.48738512159052916
300   -0.4873851215905279
300   0.4873851215905276
300   0.4873851215905289
300   2.391016387403737
300   2.3910163874037385
301   -2.4220152164425337
301   -2.422015216442532
301   -0.468927259585274
301   -0.468927259585273
301   0.4689272595852731
301   0.4689272595852749
301   2.422015216442533
301   2.4220152164425346
302   -2.4530091200367585
302   -2.453009120036756
302   -0.45190854033829597
302   -0.4519085403382926
302   0.45190854033829314
302   0.4519085403382943
302   2.453009120036756
302   2.453009120036758
303   -2.483990043961371
303   -2.4839900439613705
303   -0.4364975796344669
303   -0.43649757963446506
303   0.4364975796344655
303   0.43649757963446667
303   2.4839900439613714
303   2.483990043961372
304   -2.5149499504897896
304   -2.514949950489789
304   -0.4228681526468617
304   -0.4228681526468599
304   0.42286815264685995
304   0.42286815264686156
304   2.514949950489788
304   2.514949950489789
305   -2.545880819918689
305   -2.545880819918686
305   -0.4111929947759997
305   -0.41119299477599786
305   0.41119299477599847
305   0.41119299477599996
305   2.5458808199186875
305   2.545880819918688
306   -2.576774652103281
306   -2.576774652103277
306   -0.4016356032534127
306   -0.40163560325341074
306   0.40163560325341124
306   0.4016356032534127
306   2.5767746521032775
306   2.5767746521032784
307   -2.607623468002491
307   -2.60762346800249
307   -0.39434045908565973
307   -0.39434045908565746
307   0.3943404590856588
307   0.3943404590856595
307   2.6076234680024886
307   2.6076234680024917
308   -2.63841931123341
308   -2.638419311233408
308   -0.38942261805501227
308   -0.389422618055011
308   0.38942261805501166
308   0.38942261805501266
308   2.6384193112334087
308   2.6384193112334096
309   -2.6691542496343073
309   -2.669154249634305
309   -0.3869581002507296
309   -0.38695810025072735
309   0.38695810025072785
309   0.3869581002507289
309   2.6691542496343033
309   2.669154249634307
310   -2.6998203768355995
310   -2.6998203768355964
310   -0.38697672254406484
310   -0.3869767225440629
310   0.3869767225440634
310   0.38697672254406484
310   2.6998203768356
310   2.699820376835601
311   -2.7304098138379933
311   -2.7304098138379906
311   -0.3894587862396305
311   -0.3894587862396287
311   0.38945878623962893
311   0.38945878623962976
311   2.7304098138379906
311   2.7304098138379933
312   -2.760914710597105
312   -2.7609147105971044
312   -0.39433633547258873
312   -0.3943363354725879
312   0.39433633547258806
312   0.394336335472589
312   2.760914710597103
312   2.7609147105971044
313   -2.7913272476138133
313   -2.791327247613813
313   -0.4014987454354185
313   -0.40149874543541764
313   0.40149874543541725
313   0.40149874543541897
313   2.791327247613813
313   2.7913272476138142
314   -2.8216396375295965
314   -2.8216396375295942
314   -0.4108015269748534
314   -0.4108015269748517
314   0.4108015269748523
314   0.4108015269748537
314   2.8216396375295956
314   2.8216396375295973
315   -2.851844126726086
315   -2.8518441267260854
315   -0.42207674485873337
315   -0.4220767448587319
315   0.4220767448587323
315   0.42207674485873264
315   2.8518441267260872
315   2.8518441267260872
316   -2.8819329969281067
316   -2.8819329969281045
316   -0.4351434447092407
316   -0.4351434447092385
316   0.43514344470923927
316   0.4351434447092402
316   2.8819329969281036
316   2.881932996928105
317   -2.9118985668093886
317   -2.911898566809388
317   -0.4498168599201506
317   -0.4498168599201484
317   0.4498168599201493
317   0.44981685992015047
317   2.911898566809386
317   2.911898566809387
318   -2.941733193600264
318   -2.941733193600263
318   -0.465915708019994
318   -0.46591570801999205
318   0.46591570801999244
318   0.46591570801999294
318   2.9417331936002626
318   2.9417331936002644
319   -2.9714292746965345
319   -2.971429274696534
319   -0.48326738719409823
319   -0.4832673871940967
319   0.48326738719409684
319   0.48326738719409723
319   2.971429274696534
319   2.971429274696534
320   -3.0009792492687577
320   -3.0009792492687564
320   -0.501711237755295
320   -0.5017112377552928
320   0.5017112377552935
320   0.5017112377552938
320   3.0009792492687546
320   3.0009792492687564
321   -3.03037559987125
321   -3.0303755998712476
321   -0.521100219836189
321   -0.5211002198361875
321   0.5211002198361878
321   0.5211002198361885
321   3.030375599871246
321   3.030375599871248
322   -3.0596108540500166
322   -3.059610854050015
322   -0.5413014114527221
322   -0.5413014114527209
322   0.5413014114527219
322   0.5413014114527223
322   3.0596108540500153
322   3.0596108540500158
323   -3.088677585948908
323   -3.0886775859489073
323   -0.5621957011555274
323   -0.5621957011555253
323   0.5621957011555261
323   0.5621957011555271
323   3.0886775859489077
323   3.088677585948908
324   -3.1175684179132364
324   -3.117568417913234
324   -0.5836769811750699
324   -0.583676981175069
324   0.5836769811750693
324   0.5836769811750703
324   3.1175684179132346
324   3.1175684179132364
325   -3.1462760220901704
325   -3.1462760220901678
325   -0.6056510701163367
325   -0.6056510701163357
325   0.6056510701163357
325   0.605651070116336
325   3.1462760220901718
325   3.1462760220901718
326   -3.1747931220252186
326   -3.1747931220252177
326   -0.6280345248764236
326   -0.6280345248764214
326   0.6280345248764215
326   0.6280345248764223
326   3.1747931220252177
326   3.1747931220252186
327   -3.203112494254003
327   -3.2031124942540012
327   -0.6507534458063511
327   -0.6507534458063505
327   0.6507534458063502
327   0.6507534458063509
327   3.2031124942540012
327   3.2031124942540026
328   -3.231226969888776
328   -3.231226969888775
328   -0.6737423378769748
328   -0.673742337876974
328   0.6737423378769742
328   0.6737423378769745
328   3.2312269698887723
328   3.2312269698887754
329   -3.2591294361988776
329   -3.2591294361988745
329   -0.6969430618045964
329   -0.696943061804594
329   0.6969430618045936
329   0.6969430618045946
329   3.2591294361988767
329   3.2591294361988776
330   -3.2868128381845514
330   -3.2868128381845514
330   -0.7203038900147345
330   -0.7203038900147332
330   0.7203038900147324
330   0.7203038900147346
330   3.2868128381845505
330   3.2868128381845514
331   -3.314270180143401
331   -3.314270180143401
331   -0.7437786703442444
331   -0.743778670344243
331   0.7437786703442427
331   0.7437786703442456
331   3.314270180143401
331   3.314270180143401
332   -3.341494527228868
332   -3.341494527228864
332   -0.7673260933308456
332   -0.7673260933308446
332   0.7673260933308446
332   0.7673260933308458
332   3.3414945272288668
332   3.3414945272288703
333   -3.3684790070001203
333   -3.3684790070001203
333   -0.790909055166687
333   -0.7909090551666862
333   0.7909090551666874
333   0.7909090551666881
333   3.3684790070001194
333   3.3684790070001203
334   -3.3952168109626673
334   -3.3952168109626664
334   -0.8144941067159153
334   -0.8144941067159138
334   0.814494106715915
334   0.8144941067159156
334   3.3952168109626664
334   3.39521681096267
335   -3.4217011960991437
335   -3.421701196099142
335   -0.8380509786012068
335   -0.8380509786012049
335   0.8380509786012067
335   0.8380509786012071
335   3.421701196099141
335   3.421701196099144
336   -3.4479254863896065
336   -3.4479254863896056
336   -0.8615521727092181
336   -0.8615521727092166
336   0.8615521727092172
336   0.8615521727092174
336   3.447925486389604
336   3.447925486389606
337   -3.4738830743208298
337   -3.4738830743208267
337   -0.8849726112002753
337   -0.8849726112002733
337   0.8849726112002734
337   0.8849726112002748
337   3.4738830743208275
337   3.473883074320829
338   -3.499567422383917
338   -3.4995674223839157
338   -0.9082893350157146
338   -0.9082893350157123
338   0.9082893350157125
338   0.9082893350157135
338   3.499567422383916
338   3.4995674223839166
339   -3.5249720645597447
339   -3.5249720645597393
339   -0.931481244825927
339   -0.931481244825926
339   0.9314812448259262
339   0.9314812448259288
339   3.52497206455974
339   3.524972064559742
340   -3.5500906077916214
340   -3.550090607791621
340   -0.95452887827917
340   -0.9545288782791681
340   0.9545288782791678
340   0.9545288782791705
340   3.5500906077916206
340   3.550090607791622
341   -3.574916733444684
341   -3.5749167334446836
341   -0.977414218256835
341   -0.9774142182568338
341   0.9774142182568337
341   0.9774142182568358
341   3.574916733444681
341   3.5749167334446827
342   -3.5994441987513617
342   -3.5994441987513612
342   -1.0001205275983789
342   -1.0001205275983776
342   1.0001205275983778
342   1.0001205275983789
342   3.5994441987513603
342   3.5994441987513612
343   -3.623666838242558
343   -3.6236668382425554
343   -1.022632206424587
343   -1.0226322064245856
343   1.0226322064245867
343   1.0226322064245872
343   3.6236668382425554
343   3.6236668382425554
344   -3.6475785651638657
344   -3.647578565163864
344   -1.0449346687648362
344   -1.0449346687648358
344   1.044934668764837
344   1.0449346687648386
344   3.647578565163862
344   3.6475785651638635
345   -3.671173372876414
345   -3.6711733728764138
345   -1.0670142356895813
345   -1.0670142356895804
345   1.067014235689581
345   1.0670142356895815
345   3.671173372876414
345   3.6711733728764147
346   -3.6944453362418193
346   -3.6944453362418184
346   -1.0888580425722267
346   -1.0888580425722263
346   1.0888580425722265
346   1.088858042572228
346   3.694445336241817
346   3.694445336241819
347   -3.7173886129907228
347   -3.717388612990722
347   -1.1104539584639153
347   -1.110453958463913
347   1.1104539584639144
347   1.110453958463915
347   3.7173886129907205
347   3.717388612990725
348   -3.7399974450745033
348   -3.739997445074501
348   -1.1317905158690809
348   -1.1317905158690786
348   1.131790515869079
348   1.1317905158690793
348   3.7399974450745006
348   3.7399974450745037
349   -3.762266159999627
349   -3.7622661599996245
349   -1.1528568494670364
349   -1.1528568494670346
349   1.1528568494670355
349   1.1528568494670373
349   3.7622661599996237
349   3.762266159999625
350   -3.7841891721442225
350   -3.784189172144222
350   -1.1736426425422104
350   -1.1736426425422075
350   1.1736426425422084
350   1.173642642542209
350   3.784189172144221
350   3.7841891721442216
351   -3.8057609840564304
351   -3.8057609840564295
351   -1.1941380800692114
351   -1.1941380800692092
351   1.19413808006921
351   1.1941380800692112
351   3.805760984056427
351   3.8057609840564313
352   -3.826976187734063
352   -3.8269761877340613
352   -1.2143338075539207
352   -1.2143338075539192
352   1.2143338075539203
352   1.2143338075539212
352   3.8269761877340613
352   3.826976187734063
353   -3.8478294658851695
353   -3.8478294658851686
353   -1.234220894862731
353   -1.234220894862729
353   1.2342208948627298
353   1.2342208948627313
353   3.847829465885166
353   3.8478294658851695
354   -3.868315593169086
354   -3.8683155931690836
354   -1.2537908043828874
354   -1.253790804382887
354   1.253790804382886
354   1.253790804382889
354   3.868315593169083
354   3.868315593169087
355   -3.888429437417548
355   -3.8884294374175434
355   -1.2730353629506426
355   -1.2730353629506417
355   1.273035362950642
355   1.2730353629506443
355   3.8884294374175457
355   3.8884294374175483
356   -3.908165960835479
356   -3.908165960835478
356   -1.291946737063382
356   -1.2919467370633804
356   1.2919467370633804
356   1.2919467370633815
356   3.908165960835479
356   3.908165960835481
357   -3.927520221181057
357   -3.9275202211810556
357   -1.3105174109594584
357   -1.3105174109594566
357   1.3105174109594573
357   1.3105174109594584
357   3.9275202211810507
357   3.927520221181057
358   -3.9464873729246626
358   -3.9464873729246603
358   -1.3287401672068389
358   -1.3287401672068369
358   1.3287401672068377
358   1.3287401672068408
358   3.94648737292466
358   3.946487372924663
359   -3.9650626683863934
359   -3.96506266838639
359   -1.3466080694905165
359   -1.3466080694905143
359   1.346608069490514
359   1.346608069490517
359   3.965062668386391
359   3.9650626683863917
360   -3.983241458851685
360   -3.9832414588516842
360   -1.364114447330385
360   -1.3641144473303835
360   1.364114447330382
360   1.3641144473303832
360   3.983241458851684
360   3.9832414588516873
361   -4.001019195664789
361   -4.001019195664781
361   -1.3812528824969532
361   -1.3812528824969528
361   1.3812528824969519
361   1.3812528824969525
361   4.001019195664787
361   4.00101919566479
362   -4.018391431299668
362   -4.018391431299665
362   -1.3980171969227524
362   -1.3980171969227508
362   1.3980171969227506
362   1.3980171969227528
362   4.018391431299665
362   4.018391431299666
363   -4.035353820408056
363   -4.035353820408055
363   -1.4144014419335023
363   -1.4144014419335007
363   1.414401441933502
363   1.4144014419335023
363   4.035353820408055
363   4.035353820408058
364   -4.051902120844294
364   -4.051902120844292
364   -1.4303998886456561
364   -1.4303998886456548
364   1.4303998886456535
364   1.4303998886456553
364   4.051902120844294
364   4.051902120844296
365   -4.068032194666635
365   -4.068032194666631
365   -1.4460070193962546
365   -1.446007019396253
365   1.446007019396253
365   1.4460070193962549
365   4.068032194666635
365   4.068032194666638
366   -4.083740009114742
366   -4.0837400091147416
366   -1.4612175200878261
366   -1.4612175200878246
366   1.461217520087824
366   1.4612175200878268
366   4.083740009114742
366   4.083740009114745
367   -4.099021637563036
367   -4.099021637563035
367   -1.4760262733454435
367   -1.4760262733454435
367   1.4760262733454423
367   1.4760262733454443
367   4.099021637563033
367   4.099021637563035
368   -4.1138732604496155
368   -4.113873260449612
368   -1.490428352395657
368   -1.4904283523956559
368   1.4904283523956554
368   1.490428352395657
368   4.11387326044961
368   4.1138732604496155
369   -4.128291166180478
369   -4.1282911661804755
369   -1.504419015587801
369   -1.504419015587801
369   1.5044190155878012
369   1.504419015587802
369   4.1282911661804755
369   4.128291166180476
370   -4.142271752008756
370   -4.142271752008755
370   -1.5179937014876752
370   -1.5179937014876737
370   1.517993701487674
370   1.517993701487674
370   4.142271752008752
370   4.142271752008757
371   -4.155811524888687
371   -4.155811524888686
371   -1.5311480244817695
371   -1.5311480244817686
371   1.5311480244817688
371   1.5311480244817697
371   4.1558115248886836
371   4.155811524888686
372   -4.168907102304077
372   -4.168907102304075
372   -1.5438777708374245
372   -1.5438777708374238
372   1.543877770837423
372   1.5438777708374243
372   4.168907102304076
372   4.168907102304079
373   -4.181555213071029
373   -4.181555213071027
373   -1.5561788951705549
373   -1.5561788951705535
373   1.556178895170553
373   1.5561788951705546
373   4.181555213071028
373   4.181555213071031
374   -4.193752698114641
374   -4.193752698114637
374   -1.568047517278042
374   -1.5680475172780395
374   1.5680475172780393
374   1.5680475172780401
374   4.193752698114638
374   4.193752698114641
375   -4.205496511219475
375   -4.205496511219472
375   -1.5794799192967528
375   -1.579479919296751
375   1.579479919296752
375   1.5794799192967528
375   4.205496511219474
375   4.205496511219477
376   -4.216783719753593
376   -4.216783719753592
376   -1.590472543155348
376   -1.5904725431553457
376   1.5904725431553466
376   1.5904725431553486
376   4.21678371975359
376   4.216783719753593
377   -4.227611505365896
377   -4.2276115053658945
377   -1.6010219882887566
377   -1.6010219882887564
377   1.6010219882887555
377   1.6010219882887566
377   4.2276115053658945
377   4.227611505365898
378   -4.237977164656602
378   -4.237977164656593
378   -1.6111250095885032
378   -1.6111250095885028
378   1.6111250095885026
378   1.611125009588506
378   4.237977164656598
378   4.237977164656602
379   -4.247878109820629
379   -4.247878109820629
379   -1.6207785155649714
379   -1.6207785155649705
379   1.6207785155649703
379   1.6207785155649712
379   4.247878109820627
379   4.247878109820628
380   -4.257311869263734
380   -4.2573118692637335
380   -1.6299795667002304
380   -1.6299795667002301
380   1.6299795667002304
380   1.6299795667002306
380   4.257311869263733
380   4.257311869263735
381   -4.266276088191192
381   -4.266276088191191
381   -1.6387253739723937
381   -1.638725373972391
381   1.6387253739723922
381   1.6387253739723926
381   4.26627608819119
381   4.266276088191191
382   -4.274768529168839
382   -4.2747685291688375
382   -1.6470132975344065
382   -1.6470132975344056
382   1.6470132975344052
382   1.647013297534407
382   4.274768529168835
382   4.274768529168838
383   -4.282787072656365
383   -4.282787072656364
383   -1.6548408455320893
383   -1.654840845532088
383   1.654840845532087
383   1.6548408455320893
383   4.282787072656363
383   4.282787072656364
384   -4.2903297175126385
384   -4.2903297175126385
384   -1.6622056730477506
384   -1.6622056730477501
384   1.662205673047751
384   1.662205673047751
384   4.290329717512636
384   4.290329717512639
385   -4.297394581472961
385   -4.29739458147296
385   -1.6691055811572375
385   -1.6691055811572357
385   1.669105581157236
385   1.669105581157236
385   4.297394581472956
385   4.29739458147296
386   -4.303979901598067
386   -4.303979901598065
386   -1.6755385160894776
386   -1.675538516089477
386   1.6755385160894773
386   1.6755385160894793
386   4.303979901598065
386   4.3039799015980655
387   -4.310084034694789
387   -4.310084034694787
387   -1.6815025684788598
387   -1.6815025684788578
387   1.681502568478858
387   1.6815025684788587
387   4.310084034694787
387   4.310084034694788
388   -4.315705457708249
388   -4.315705457708244
388   -1.6869959727016943
388   -1.6869959727016932
388   1.686995972701693
388   1.6869959727016965
388   4.315705457708246
388   4.315705457708247
389   -4.320842768085429
389   -4.320842768085428
389   -1.692017106289112
389   -1.6920171062891116
389   1.6920171062891112
389   1.6920171062891123
389   4.320842768085425
389   4.320842768085429
390   -4.325494684110066
390   -4.325494684110063
390   -1.6965644894094798
390   -1.6965644894094773
390   1.6965644894094796
390   1.6965644894094802
390   4.325494684110062
390   4.325494684110064
391   -4.32966004520873
391   -4.32966004520873
391   -1.7006367844142896
391   -1.7006367844142887
391   1.7006367844142876
391   1.7006367844142898
391   4.32966004520873
391   4.32966004520873
392   -4.333337812228038
392   -4.333337812228035
392   -1.704232795442178
392   -1.7042327954421772
392   1.7042327954421788
392   1.704232795442179
392   4.333337812228032
392   4.333337812228036
393   -4.336527067682893
393   -4.336527067682889
393   -1.7073514680763717
393   -1.7073514680763717
393   1.707351468076371
393   1.707351468076373
393   4.33652706768289
393   4.336527067682891
394   -4.339227015975688
394   -4.339227015975684
394   -1.709991889051489
394   -1.7099918890514876
394   1.7099918890514887
394   1.70999188905149
394   4.339227015975684
394   4.339227015975685
395   -4.341436983586398
395   -4.341436983586396
395   -1.7121532860062143
395   -1.7121532860062132
395   1.7121532860062119
395   1.7121532860062139
395   4.3414369835864
395   4.341436983586406
396   -4.3431564192335665
396   -4.343156419233561
396   -1.713835027278869
396   -1.7138350272788678
396   1.7138350272788707
396   1.713835027278871
396   4.343156419233562
396   4.343156419233564
397   -4.344384894005997
397   -4.3443848940059935
397   -1.7150366217434172
397   -1.715036621743417
397   1.7150366217434168
397   1.7150366217434168
397   4.3443848940059935
397   4.344384894005994
398   -4.345122101465318
398   -4.345122101465313
398   -1.7157577186839295
398   -1.7157577186839257
398   1.7157577186839255
398   1.7157577186839261
398   4.345122101465319
398   4.345122101465319
399   -4.3453678577192045
399   -4.345367857719198
399   -1.7159981077059778
399   -1.7159981077059765
399   1.715998107705976
399   1.7159981077059763
399   4.345367857719198
399   4.345367857719201
