0.5  -4.330127018922193  -0.5  -4.330127018922193  1.4
-1.0  -3.4641016151377544  -0.5  -4.330127018922193  1.4
-0.5  -4.330127018922193  0.5  -4.330127018922193  1.4
1.0  -3.4641016151377544  0.5  -4.330127018922193  1.4
-1.0  -3.4641016151377544  -2.0  -3.4641016151377544  1.0
-2.5  -2.598076211353316  -2.0  -3.4641016151377544  1.4
-0.5  -4.330127018922193  -1.0  -3.4641016151377544  1.4
-2.0  -3.4641016151377544  -1.0  -3.4641016151377544  1.0
-0.5  -2.598076211353316  -1.0  -3.4641016151377544  1.4
-2.5  -2.598076211353316  -3.5  -2.598076211353316  1.4
-4.0  -1.7320508075688772  -3.5  -2.598076211353316  1.0
-2.0  -3.4641016151377544  -2.5  -2.598076211353316  1.4
-3.5  -2.598076211353316  -2.5  -2.598076211353316  1.4
-2.0  -1.7320508075688772  -2.5  -2.598076211353316  1.0
0.5  -4.330127018922193  1.0  -3.4641016151377544  1.4
2.0  -3.4641016151377544  1.0  -3.4641016151377544  1.0
0.5  -2.598076211353316  1.0  -3.4641016151377544  1.4
1.0  -3.4641016151377544  2.0  -3.4641016151377544  1.0
2.5  -2.598076211353316  2.0  -3.4641016151377544  1.4
-1.0  -3.4641016151377544  -0.5  -2.598076211353316  1.4
0.5  -2.598076211353316  -0.5  -2.598076211353316  1.4
-1.0  -1.7320508075688772  -0.5  -2.598076211353316  1.0
1.0  -3.4641016151377544  0.5  -2.598076211353316  1.4
-0.5  -2.598076211353316  0.5  -2.598076211353316  1.4
1.0  -1.7320508075688772  0.5  -2.598076211353316  1.0
-2.5  -2.598076211353316  -2.0  -1.7320508075688772  1.0
-1.0  -1.7320508075688772  -2.0  -1.7320508075688772  1.4
-2.5  -0.8660254037844386  -2.0  -1.7320508075688772  1.4
-0.5  -2.598076211353316  -1.0  -1.7320508075688772  1.0
-2.0  -1.7320508075688772  -1.0  -1.7320508075688772  1.4
-0.5  -0.8660254037844388  -1.0  -1.7320508075688772  1.4
2.0  -3.4641016151377544  2.5  -2.598076211353316  1.4
3.5  -2.598076211353316  2.5  -2.598076211353316  1.4
2.0  -1.7320508075688772  2.5  -2.598076211353316  1.0
2.5  -2.598076211353316  3.5  -2.598076211353316  1.4
4.0  -1.7320508075688772  3.5  -2.598076211353316  1.0
0.5  -2.598076211353316  1.0  -1.7320508075688772  1.0
2.0  -1.7320508075688772  1.0  -1.7320508075688772  1.4
0.5  -0.8660254037844388  1.0  -1.7320508075688772  1.4
2.5  -2.598076211353316  2.0  -1.7320508075688772  1.0
1.0  -1.7320508075688772  2.0  -1.7320508075688772  1.4
2.5  -0.8660254037844386  2.0  -1.7320508075688772  1.4
-1.0  -1.7320508075688772  -0.5  -0.8660254037844388  1.4
0.5  -0.8660254037844388  -0.5  -0.8660254037844388  1.0
-1.0  0.0  -0.5  -0.8660254037844388  1.4
1.0  -1.7320508075688772  0.5  -0.8660254037844388  1.4
-0.5  -0.8660254037844388  0.5  -0.8660254037844388  1.0
1.0  0.0  0.5  -0.8660254037844388  1.4
-4.0  -1.7320508075688772  -5.0  -1.7320508075688772  1.4
-5.5  -0.8660254037844386  -5.0  -1.7320508075688772  1.4
-3.5  -2.598076211353316  -4.0  -1.7320508075688772  1.0
-5.0  -1.7320508075688772  -4.0  -1.7320508075688772  1.4
-3.5  -0.8660254037844386  -4.0  -1.7320508075688772  1.4
-5.5  -0.8660254037844386  -6.5  -0.8660254037844386  1.0
-7.0  0.0  -6.5  -0.8660254037844386  1.4
-5.0  -1.7320508075688772  -5.5  -0.8660254037844386  1.4
-6.5  -0.8660254037844386  -5.5  -0.8660254037844386  1.0
-5.0  0.0  -5.5  -0.8660254037844386  1.4
-7.0  0.0  -8.0  0.0  1.4
-6.5  -0.8660254037844386  -7.0  0.0  1.4
-8.0  0.0  -7.0  0.0  1.4
-6.5  0.8660254037844388  -7.0  0.0  1.0
-4.0  -1.7320508075688772  -3.5  -0.8660254037844386  1.4
-2.5  -0.8660254037844386  -3.5  -0.8660254037844386  1.0
-4.0  0.0  -3.5  -0.8660254037844386  1.4
-2.0  -1.7320508075688772  -2.5  -0.8660254037844386  1.4
-3.5  -0.8660254037844386  -2.5  -0.8660254037844386  1.0
-2.0  0.0  -2.5  -0.8660254037844386  1.4
-5.5  -0.8660254037844386  -5.0  0.0  1.4
-4.0  0.0  -5.0  0.0  1.4
-5.5  0.8660254037844388  -5.0  0.0  1.0
-3.5  -0.8660254037844386  -4.0  0.0  1.4
-5.0  0.0  -4.0  0.0  1.4
-3.5  0.8660254037844388  -4.0  0.0  1.0
-7.0  0.0  -6.5  0.8660254037844388  1.0
-5.5  0.8660254037844388  -6.5  0.8660254037844388  1.4
-5.0  0.0  -5.5  0.8660254037844388  1.0
-6.5  0.8660254037844388  -5.5  0.8660254037844388  1.4
-5.0  1.7320508075688767  -5.5  0.8660254037844388  1.4
-2.5  -0.8660254037844386  -2.0  0.0  1.4
-1.0  0.0  -2.0  0.0  1.4
-2.5  0.8660254037844388  -2.0  0.0  1.0
-0.5  -0.8660254037844388  -1.0  0.0  1.4
-2.0  0.0  -1.0  0.0  1.4
-0.5  0.8660254037844388  -1.0  0.0  1.0
-4.0  0.0  -3.5  0.8660254037844388  1.0
-2.5  0.8660254037844388  -3.5  0.8660254037844388  1.4
-4.0  1.7320508075688767  -3.5  0.8660254037844388  1.4
-2.0  0.0  -2.5  0.8660254037844388  1.0
-3.5  0.8660254037844388  -2.5  0.8660254037844388  1.4
-2.0  1.7320508075688776  -2.5  0.8660254037844388  1.4
-5.5  0.8660254037844388  -5.0  1.7320508075688767  1.4
-4.0  1.7320508075688767  -5.0  1.7320508075688767  1.0
-3.5  0.8660254037844388  -4.0  1.7320508075688767  1.4
-5.0  1.7320508075688767  -4.0  1.7320508075688767  1.0
-3.5  2.598076211353316  -4.0  1.7320508075688767  1.4
3.5  -2.598076211353316  4.0  -1.7320508075688772  1.0
5.0  -1.7320508075688772  4.0  -1.7320508075688772  1.4
3.5  -0.8660254037844386  4.0  -1.7320508075688772  1.4
4.0  -1.7320508075688772  5.0  -1.7320508075688772  1.4
5.5  -0.8660254037844386  5.0  -1.7320508075688772  1.4
2.0  -1.7320508075688772  2.5  -0.8660254037844386  1.4
3.5  -0.8660254037844386  2.5  -0.8660254037844386  1.0
2.0  0.0  2.5  -0.8660254037844386  1.4
4.0  -1.7320508075688772  3.5  -0.8660254037844386  1.4
2.5  -0.8660254037844386  3.5  -0.8660254037844386  1.0
4.0  0.0  3.5  -0.8660254037844386  1.4
0.5  -0.8660254037844388  1.0  0.0  1.4
2.0  0.0  1.0  0.0  1.4
0.5  0.8660254037844388  1.0  0.0  1.0
2.5  -0.8660254037844386  2.0  0.0  1.4
1.0  0.0  2.0  0.0  1.4
2.5  0.8660254037844388  2.0  0.0  1.0
5.0  -1.7320508075688772  5.5  -0.8660254037844386  1.4
6.5  -0.8660254037844386  5.5  -0.8660254037844386  1.0
5.0  0.0  5.5  -0.8660254037844386  1.4
5.5  -0.8660254037844386  6.5  -0.8660254037844386  1.0
7.0  0.0  6.5  -0.8660254037844386  1.4
3.5  -0.8660254037844386  4.0  0.0  1.4
5.0  0.0  4.0  0.0  1.4
3.5  0.8660254037844388  4.0  0.0  1.0
5.5  -0.8660254037844386  5.0  0.0  1.4
4.0  0.0  5.0  0.0  1.4
5.5  0.8660254037844388  5.0  0.0  1.0
2.0  0.0  2.5  0.8660254037844388  1.0
3.5  0.8660254037844388  2.5  0.8660254037844388  1.4
2.0  1.7320508075688776  2.5  0.8660254037844388  1.4
4.0  0.0  3.5  0.8660254037844388  1.0
2.5  0.8660254037844388  3.5  0.8660254037844388  1.4
4.0  1.7320508075688767  3.5  0.8660254037844388  1.4
6.5  -0.8660254037844386  7.0  0.0  1.4
8.0  0.0  7.0  0.0  1.4
6.5  0.8660254037844388  7.0  0.0  1.0
7.0  0.0  8.0  0.0  1.4
5.0  0.0  5.5  0.8660254037844388  1.0
6.5  0.8660254037844388  5.5  0.8660254037844388  1.4
5.0  1.7320508075688767  5.5  0.8660254037844388  1.4
7.0  0.0  6.5  0.8660254037844388  1.0
5.5  0.8660254037844388  6.5  0.8660254037844388  1.4
3.5  0.8660254037844388  4.0  1.7320508075688767  1.4
5.0  1.7320508075688767  4.0  1.7320508075688767  1.0
3.5  2.598076211353316  4.0  1.7320508075688767  1.4
5.5  0.8660254037844388  5.0  1.7320508075688767  1.4
4.0  1.7320508075688767  5.0  1.7320508075688767  1.0
-1.0  0.0  -0.5  0.8660254037844388  1.0
0.5  0.8660254037844388  -0.5  0.8660254037844388  1.4
-1.0  1.7320508075688776  -0.5  0.8660254037844388  1.4
1.0  0.0  0.5  0.8660254037844388  1.0
-0.5  0.8660254037844388  0.5  0.8660254037844388  1.4
1.0  1.7320508075688776  0.5  0.8660254037844388  1.4
-2.5  0.8660254037844388  -2.0  1.7320508075688776  1.4
-1.0  1.7320508075688776  -2.0  1.7320508075688776  1.0
-2.5  2.598076211353316  -2.0  1.7320508075688776  1.4
-0.5  0.8660254037844388  -1.0  1.7320508075688776  1.4
-2.0  1.7320508075688776  -1.0  1.7320508075688776  1.0
-0.5  2.598076211353316  -1.0  1.7320508075688776  1.4
-4.0  1.7320508075688767  -3.5  2.598076211353316  1.4
-2.5  2.598076211353316  -3.5  2.598076211353316  1.4
-2.0  1.7320508075688776  -2.5  2.598076211353316  1.4
-3.5  2.598076211353316  -2.5  2.598076211353316  1.4
-2.0  3.4641016151377553  -2.5  2.598076211353316  1.0
0.5  0.8660254037844388  1.0  1.7320508075688776  1.4
2.0  1.7320508075688776  1.0  1.7320508075688776  1.0
0.5  2.598076211353316  1.0  1.7320508075688776  1.4
2.5  0.8660254037844388  2.0  1.7320508075688776  1.4
1.0  1.7320508075688776  2.0  1.7320508075688776  1.0
2.5  2.598076211353316  2.0  1.7320508075688776  1.4
-1.0  1.7320508075688776  -0.5  2.598076211353316  1.4
0.5  2.598076211353316  -0.5  2.598076211353316  1.4
-1.0  3.4641016151377553  -0.5  2.598076211353316  1.0
1.0  1.7320508075688776  0.5  2.598076211353316  1.4
-0.5  2.598076211353316  0.5  2.598076211353316  1.4
1.0  3.4641016151377553  0.5  2.598076211353316  1.0
-2.5  2.598076211353316  -2.0  3.4641016151377553  1.0
-1.0  3.4641016151377553  -2.0  3.4641016151377553  1.4
-0.5  2.598076211353316  -1.0  3.4641016151377553  1.0
-2.0  3.4641016151377553  -1.0  3.4641016151377553  1.4
-0.5  4.330127018922193  -1.0  3.4641016151377553  1.4
2.0  1.7320508075688776  2.5  2.598076211353316  1.4
3.5  2.598076211353316  2.5  2.598076211353316  1.4
2.0  3.4641016151377553  2.5  2.598076211353316  1.0
4.0  1.7320508075688767  3.5  2.598076211353316  1.4
2.5  2.598076211353316  3.5  2.598076211353316  1.4
0.5  2.598076211353316  1.0  3.4641016151377553  1.0
2.0  3.4641016151377553  1.0  3.4641016151377553  1.4
0.5  4.330127018922193  1.0  3.4641016151377553  1.4
2.5  2.598076211353316  2.0  3.4641016151377553  1.0
1.0  3.4641016151377553  2.0  3.4641016151377553  1.4
-1.0  3.4641016151377553  -0.5  4.330127018922193  1.4
0.5  4.330127018922193  -0.5  4.330127018922193  1.0
1.0  3.4641016151377553  0.5  4.330127018922193  1.4
-0.5  4.330127018922193  0.5  4.330127018922193  1.0
