0   -12.355860029193087
0   -12.3558598142044
0   12.355859814204399
0   12.355860029193085
1   -12.35560231175586
1   -12.355602096186065
1   12.355602096186065
1   12.355602311755861
2   -12.35517298414238
2   -12.355172768084422
2   12.35517276808442
2   12.355172984142381
3   -12.354572346199614
3   -12.354572129746382
3   12.354572129746392
3   12.354572346199618
4   -12.353800817397634
4   -12.353800600641907
4   12.353800600641916
4   12.353800817397639
5   -12.352858936514718
5   -12.352858719549033
5   12.352858719549028
5   12.352858936514714
6   -12.351747361232652
6   -12.351747144149254
6   12.35174714414925
6   12.351747361232654
7   -12.350466867642563
7   -12.350466650533297
7   12.350466650533303
7   12.350466867642565
8   -12.349018349661222
8   -12.349018132617461
8   12.349018132617465
8   12.34901834966122
9   -12.347402818358267
9   -12.347402601470813
9   12.347402601470819
9   12.347402818358265
10   -12.345621401194458
10   -12.345621184553494
10   12.345621184553497
10   12.34562140119446
11   -12.343675341171428
11   -12.34367512486638
11   12.343675124866378
11   12.343675341171423
12   -12.341565995893093
12   -12.341565780012584
12   12.341565780012587
12   12.341565995893093
13   -12.339294836539299
13   -12.339294621171064
13   12.33929462117106
13   12.339294836539306
14   -12.336863446752007
14   -12.336863231982765
14   12.33686323198276
14   12.336863446752005
15   -12.334273521434469
15   -12.334273307349907
15   12.334273307349905
15   12.334273521434469
16   -12.33152686546407
16   -12.331526652148709
16   12.331526652148714
16   12.331526865464069
17   -12.328625392319198
17   -12.32862517985636
17   12.328625179856356
17   12.328625392319202
18   -12.325571122620886
18   -12.325570911092557
18   12.32557091109255
18   12.325571122620884
19   -12.322366182589755
19   -12.322365972076545
19   12.322365972076543
19   12.322366182589757
20   -12.319012802419108
20   -12.31901259300015
20   12.319012593000151
20   12.319012802419104
21   -12.315513314564761
21   -12.31551310631765
21   12.315513106317658
21   12.315513314564761
22   -12.311870151952528
22   -12.311869944953244
22   12.311869944953239
22   12.311870151952526
23   -12.308085846104165
23   -12.308085640426965
23   12.30808564042697
23   12.308085846104163
24   -12.30416302518265
24   -12.304162820900045
24   12.304162820900043
24   12.304163025182646
25   -12.300104411957804
25   -12.30010420914044
25   12.300104209140434
25   12.300104411957806
26   -12.295912821693328
26   -12.295912620409922
26   12.295912620409924
26   12.295912821693323
27   -12.29159115995608
27   -12.291590960273378
27   12.291590960273378
27   12.29159115995608
28   -12.287142420349175
28   -12.287142222331848
28   12.28714222233184
28   12.287142420349173
29   -12.282569682169575
29   -12.282569485880153
29   12.282569485880154
29   12.28256968216957
30   -12.277876107991911
30   -12.27787591349075
30   12.277875913490753
30   12.27787610799191
31   -12.273064941179559
31   -12.273064748524725
31   12.27306474852473
31   12.273064941179555
32   -12.268139503324468
32   -12.268139312571739
32   12.268139312571744
32   12.268139503324475
33   -12.263103191617299
33   -12.26310300282002
33   12.263103002820026
33   12.263103191617297
34   -12.257959476149145
34   -12.257959289358247
34   12.257959289358249
34   12.257959476149145
35   -12.252711897146813
35   -12.25271171241072
35   12.25271171241071
35   12.252711897146812
36   -12.247364062143024
36   -12.24736387950757
36   12.247363879507567
36   12.24736406214302
37   -12.241919643083436
37   -12.241919462591875
37   12.241919462591884
37   12.241919643083436
38   -12.236382373372328
38   -12.236382195065252
38   12.236382195065245
38   12.23638237337233
39   -12.230756044858824
39   -12.230755868774079
39   12.230755868774075
39   12.230756044858822
40   -12.225044504765616
40   -12.225044330938339
40   12.22504433093834
40   12.225044504765615
41   -12.219251652562333
41   -12.219251481024832
41   12.219251481024832
41   12.219251652562331
42   -12.213381436785616
42   -12.213381267567378
42   12.213381267567389
42   12.213381436785616
43   -12.207437851808184
43   -12.20743768493583
43   12.207437684935828
43   12.207437851808178
44   -12.201424934559194
44   -12.201424770056443
44   12.201424770056436
44   12.20142493455919
45   -12.195346761198273
45   -12.195346599085907
45   12.195346599085905
45   12.195346761198275
46   -12.18920744374568
46   -12.189207284041535
46   12.18920728404154
46   12.189207443745683
47   -12.183011126671204
47   -12.183010969390152
47   12.183010969390153
47   12.183011126671204
48   -12.176761983444365
48   -12.176761828598295
48   12.176761828598295
48   12.176761983444363
49   -12.170464213048737
49   -12.17046406064654
49   12.170464060646543
49   12.170464213048737
50   -12.164122036463107
50   -12.164121886510681
50   12.164121886510685
50   12.164122036463107
51   -12.15773969311235
51   -12.157739545612614
51   12.157739545612612
51   12.157739693112351
52   -12.151321437291099
52   -12.151321292243958
52   12.15132129224397
52   12.151321437291102
53   -12.144871534563066
53   -12.144871391965495
53   12.144871391965491
53   12.144871534563064
54   -12.138394258139321
54   -12.13839411798533
54   12.138394117985333
54   12.138394258139323
55   -12.131893885238584
55   -12.13189374751928
55   12.131893747519271
55   12.131893885238581
56   -12.125374693432848
56   -12.12537455813645
56   12.125374558136444
56   12.125374693432846
57   -12.118840956981733
57   -12.118840824093636
57   12.118840824093635
57   12.11884095698173
58   -12.1122969431588
58   -12.112296812661647
58   12.112296812661647
58   12.112296943158803
59   -12.10574690857356
59   -12.105746780447268
59   12.105746780447273
59   12.105746908573565
60   -12.099195095492442
60   -12.099194969714304
60   12.099194969714304
60   12.099195095492446
61   -12.092645728162541
61   -12.09264560470732
61   12.092645604707322
61   12.09264572816254
62   -12.086103009141645
62   -12.08610288798165
62   12.086102887981644
62   12.08610300914164
63   -12.079571115638347
63   -12.079570996743556
63   12.079570996743557
63   12.079571115638347
64   -12.073054195865973
64   -12.073054079204148
64   12.07305407920415
64   12.073054195865973
65   -12.066556365414034
65   -12.066556250950875
65   12.066556250950871
65   12.06655636541403
66   -12.060081703641192
66   -12.060081591340454
66   12.06008159134046
66   12.060081703641195
67   -12.05363425009356
67   -12.053634139917232
67   12.053634139917238
67   12.053634250093562
68   -12.047218000952112
68   -12.047217892860585
68   12.047217892860587
68   12.04721800095211
69   -12.040836905513347
69   -12.040836799465593
69   12.040836799465591
69   12.040836905513347
70   -12.034494862706993
70   -12.03449475866077
70   12.034494758660767
70   12.03449486270699
71   -12.028195717654762
71   -12.02819561556681
71   12.028195615566815
71   12.028195717654766
72   -12.021943258274119
72   -12.021943158100392
72   12.021943158100397
72   12.021943258274122
73   -12.015741211931026
73   -12.015741113626916
73   12.015741113626921
73   12.015741211931026
74   -12.009593242145622
74   -12.009593145666193
74   12.009593145666189
74   12.009593242145618
75   -12.003502945354755
75   -12.003502850654996
75   12.003502850654996
75   12.003502945354755
76   -11.997473847735357
76   -11.997473754770416
76   11.997473754770423
76   11.997473847735359
77   -11.991509402092447
77   -11.991509310817918
77   11.99150931081792
77   11.991509402092447
78   -11.985612984815736
78   -11.985612895187888
78   11.985612895187884
78   11.985612984815733
79   -11.979787892908595
79   -11.97978780488463
79   11.979787804884625
79   11.97978789290859
80   -11.974037341093103
80   -11.974037254631435
80   11.97403725463143
80   11.974037341093103
81   -11.968364458995065
81   -11.968364374055541
81   11.96836437405554
81   11.968364458995064
82   -11.962772288412358
82   -11.962772204956526
82   11.96277220495653
82   11.962772288412362
83   -11.957263780670512
83   -11.957263698661835
83   11.957263698661842
83   11.957263780670516
84   -11.951841794068727
84   -11.95184171347282
84   11.95184171347282
84   11.951841794068725
85   -11.946509091419932
85   -11.946509012204764
85   11.946509012204764
85   11.946509091419928
86   -11.941268337688095
86   -11.941268259824184
86   11.941268259824186
86   11.941268337688099
87   -11.936122097726042
87   -11.936122021186623
87   11.936122021186625
87   11.936122097726043
88   -11.931072834116843
88   -11.931072758878036
88   11.931072758878033
88   11.93107283411684
89   -11.926122905121789
89   -11.926122831162719
89   11.926122831162719
89   11.926122905121787
90   -11.921274562737818
90   -11.921274490040746
90   11.921274490040748
90   11.921274562737818
91   -11.916529950867066
91   -11.91652987941747
91   11.916529879417473
91   11.916529950867071
92   -11.91189110360123
92   -11.911891033387871
92   11.911891033387873
92   11.911891103601228
93   -11.907359943623067
93   -11.907359874638049
93   11.90735987463805
93   11.907359943623062
94   -11.902938280727485
94   -11.902938212966275
94   11.902938212966276
94   11.902938280727485
95   -11.898627810464182
95   -11.898627743925609
95   11.898627743925612
95   11.898627810464184
96   -11.894430112904034
96   -11.894430047590276
96   11.894430047590276
96   11.894430112904036
97   -11.890346651530834
97   -11.890346587447379
97   11.89034658744738
97   11.89034665153084
98   -11.886378772260183
98   -11.886378709415778
98   11.886378709415773
98   11.88637877226018
99   -11.882527702586929
99   -11.882527640993503
99   11.882527640993503
99   11.882527702586927
100   -11.878794550862503
100   -11.878794490535087
100   11.878794490535089
100   11.878794550862503
101   -11.8751803057032
101   -11.87518024665982
101   11.875180246659816
101   11.875180305703202
102   -11.871685835530347
102   -11.871685777791898
102   11.8716857777919
102   11.871685835530345
103   -11.86831188824315
103   -11.868311831833294
103   11.868311831833289
103   11.86831188824315
104   -11.865059091024673
104   -11.865059035969677
104   11.865059035969676
104   11.865059091024673
105   -11.861927950281398
105   -11.861927896610004
105   11.861927896610002
105   11.861927950281398
106   -11.858918851716414
106   -11.858918799459682
106   11.858918799459683
106   11.858918851716414
107   -11.856032060536327
107   -11.856032009727485
107   11.856032009727487
107   11.856032060536329
108   -11.853267721791545
108   -11.853267672465822
108   11.853267672465822
108   11.853267721791546
109   -11.850625860849588
109   -11.850625813044044
109   11.850625813044044
109   11.850625860849593
110   -11.848106384000754
110   -11.848106337754112
110   11.84810633775411
110   11.848106384000745
111   -11.845709079195352
111   -11.845709034547845
111   11.845709034547847
111   11.845709079195357
112   -11.843433616911508
112   -11.843433573904688
112   11.84343357390469
112   11.84343361691151
113   -11.841279551152294
113   -11.84127950982888
113   11.84127950982888
113   11.841279551152295
114   -11.839246320570885
114   -11.83924628097458
114   11.83924628097458
114   11.839246320570885
115   -11.837333249722068
115   -11.837333211897406
115   11.837333211897406
115   11.837333249722068
116   -11.83553955043847
116   -11.835539514430634
116   11.835539514430632
116   11.835539550438465
117   -11.833864323329466
117   -11.833864289184149
117   11.833864289184145
117   11.833864323329463
118   -11.832306559400791
118   -11.83230652716401
118   11.83230652716401
118   11.83230655940079
119   -11.830865141792454
119   -11.830865111510416
119   11.83086511151042
119   11.830865141792458
120   -11.829538847632687
120   -11.829538819351622
120   11.82953881935162
120   11.829538847632682
121   -11.82832635000514
121   -11.828326323771163
121   11.828326323771163
121   11.828326350005133
122   -11.827226220026814
122   -11.827226195885771
122   11.827226195885771
122   11.827226220026812
123   -11.826236929033657
123   -11.82623690703099
123   11.82623690703099
123   11.826236929033659
124   -11.82535685087091
124   -11.825356831051508
124   11.825356831051506
124   11.82535685087091
125   -11.824584264284963
125   -11.82458424669305
125   11.82458424669305
125   11.824584264284963
126   -11.82391735541357
126   -11.82391734009256
126   11.82391734009256
126   11.823917355413561
127   -11.823354220370854
127   -11.823354207363245
127   11.823354207363243
127   11.823354220370856
128   -11.822892867923734
128   -11.822892857270968
128   11.822892857270963
128   11.822892867923734
129   -11.822531222256053
129   -11.82253121399842
129   11.822531213998419
129   11.822531222256055
130   -11.822267125816765
130   -11.822267119993278
130   11.822267119993281
130   11.822267125816765
131   -11.822098342248296
131   -11.82209833889662
131   11.82209833889662
131   11.822098342248301
132   -11.822022559391355
132   -11.82202255854765
132   11.822022558547651
132   11.822022559391357
133   -11.822037394060821
133   -11.822037392361944
133   11.822037392361946
133   11.822037394060821
134   -11.822140390971303
134   -11.822140386696898
134   11.822140386696905
134   11.822140390971304
135   -11.8223290284447
135   -11.822329021563556
135   11.822329021563558
135   11.8223290284447
136   -11.822600722546923
136   -11.822600713029676
136   11.82260071302967
136   11.82260072254692
137   -11.822952829569983
137   -11.822952817389147
137   11.822952817389151
137   11.822952829569985
138   -11.823382649409554
138   -11.823382634539646
138   11.823382634539643
138   11.823382649409563
139   -11.82388742899
139   -11.823887411407556
139   11.823887411407553
139   11.82388742899
140   -11.82446436573262
140   -11.8244643454163
140   11.824464345416297
140   11.824464365732622
141   -11.825110611062904
141   -11.825110587993526
141   11.825110587993535
141   11.825110611062906
142   -11.825823273952391
142   -11.825823248113009
142   11.825823248113002
142   11.82582327395239
143   -11.826599424490944
143   -11.82659939586688
143   11.826599395866868
143   11.82659942449094
144   -11.827436097485126
144   -11.827436066064001
144   11.827436066064001
144   11.827436097485128
145   -11.828330296078448
145   -11.828330261850263
145   11.828330261850262
145   11.828330296078446
146   -11.82927899538915
146   -11.829278958346302
146   11.829278958346308
146   11.829278995389148
147   -11.830279146161462
147   -11.830279106298798
147   11.830279106298795
147   11.830279146161466
148   -11.831327678426014
148   -11.831327635740822
148   11.831327635740818
148   11.831327678426014
149   -11.83242150516529
149   -11.832421459657347
149   11.832421459657345
149   11.832421505165287
150   -11.833557525980051
150   -11.833557477651667
150   11.833557477651674
150   11.833557525980051
151   -11.83473263075267
151   -11.83473257960867
151   11.83473257960866
151   11.834732630752667
152   -11.835943703303295
152   -11.835943649351044
152   11.835943649351044
152   11.835943703303288
153   -11.837187625034998
153   -11.837187568284424
153   11.837187568284419
153   11.837187625034996
154   -11.838461278563951
154   -11.83846121902755
154   11.838461219027549
154   11.838461278563953
155   -11.839761551330815
155   -11.83976148902364
155   11.839761489023639
155   11.839761551330817
156   -11.841085339189606
156   -11.841085274129274
156   11.841085274129274
156   11.841085339189606
157   -11.842429549970328
157   -11.84242948217702
157   11.842429482177018
157   11.842429549970328
158   -11.843791107011796
158   -11.843791036508254
158   11.843791036508259
158   11.843791107011796
159   -11.845166952661094
159   -11.845166879472597
159   11.845166879472599
159   11.845166952661094
160   -11.846554051736186
160   -11.846553975890552
160   11.846553975890545
160   11.846554051736188
161   -11.847949394948353
161   -11.847949316475903
161   11.847949316475907
161   11.847949394948362
162   -11.849350002281229
162   -11.849349921214776
162   11.849349921214781
162   11.849350002281229
163   -11.85075292632298
163   -11.850752842697819
163   11.850752842697817
163   11.85075292632298
164   -11.8521552555489
164   -11.852155169402769
164   11.852155169402772
164   11.852155255548903
165   -11.853554117551031
165   -11.853554028924071
165   11.853554028924068
165   11.85355411755103
166   -11.854946682212091
166   -11.854946591146838
166   11.854946591146838
166   11.854946682212093
167   -11.85633016482079
167   -11.856330071362118
167   11.85633007136212
167   11.856330164820791
168   -11.857701829125775
168   -11.857701733320871
168   11.857701733320873
168   11.857701829125771
169   -11.859058990325515
169   -11.859058892223844
169   11.859058892223848
169   11.859058990325515
170   -11.860399017991659
170   -11.860398917644895
170   11.86039891764491
170   11.860399017991657
171   -11.861719338923217
171   -11.861719236385243
171   11.861719236385243
171   11.861719338923216
172   -11.8630174399293
172   -11.863017335256105
172   11.863017335256107
172   11.863017439929303
173   -11.864290870538087
173   -11.864290763787752
173   11.864290763787752
173   11.864290870538087
174   -11.865537245629765
174   -11.865537136862407
174   11.865537136862399
174   11.865537245629763
175   -11.866754247991375
175   -11.866754137269082
175   11.86675413726908
175   11.866754247991375
176   -11.86793963079149
176   -11.867939518178263
176   11.86793951817826
176   11.867939630791485
177   -11.869091219972802
177   -11.869091105534507
177   11.869091105534505
177   11.869091219972798
178   -11.870206916560775
178   -11.870206800365075
178   11.870206800365082
178   11.870206916560775
179   -11.871284698886564
179   -11.871284581002875
179   11.871284581002872
179   11.871284698886567
180   -11.872322624722528
180   -11.872322505221899
180   11.872322505221893
180   11.87232262472253
181   -11.873318833328744
181   -11.873318712283849
181   11.873318712283853
181   11.873318833328742
182   -11.87427154740901
182   -11.874271424894058
182   11.874271424894069
182   11.87427154740901
183   -11.875179074974907
183   -11.87517895106558
183   11.875178951065571
183   11.875179074974904
184   -11.876039811116533
184   -11.876039685889886
184   11.87603968588989
184   11.876039811116529
185   -11.876852239678703
185   -11.876852113213127
185   11.876852113213127
185   11.876852239678701
186   -11.877614934841382
186   -11.877614807216505
186   11.87761480721651
186   11.877614934841379
187   -11.878326562603233
187   -11.878326433899863
187   11.878326433899858
187   11.878326562603236
188   -11.878985882167294
188   -11.87898575246732
188   11.878985752467313
188   11.878985882167294
189   -11.87959174722775
189   -11.879591616614087
189   11.879591616614084
189   11.879591747227755
190   -11.880143107157012
190   -11.880142975713495
190   11.880142975713493
190   11.880143107157012
191   -11.88063900809221
191   -11.880638875903538
191   11.880638875903541
191   11.880639008092208
192   -11.881078593920412
192   -11.88107846107206
192   11.881078461072066
192   11.881078593920412
193   -11.881461107161902
193   -11.881460973740035
193   11.881460973740037
193   11.881461107161902
194   -11.881785889750919
194   -11.881785755842316
194   11.88178575584232
194   11.881785889750915
195   -11.882052383713315
195   -11.882052249405268
195   11.882052249405271
195   11.882052383713317
196   -11.882260131740773
196   -11.88225999712102
196   11.882259997121016
196   11.882260131740773
197   -11.882408777661064
197   -11.882408642817698
197   11.882408642817698
197   11.882408777661063
198   -11.882498066804162
198   -11.882497931825538
198   11.882497931825542
198   11.882498066804162
199   -11.882527846263933
199   -11.882527711238616
199   11.882527711238607
199   11.882527846263933
200   -11.882498065055188
200   -11.882497930071796
200   11.882497930071796
200   11.882498065055186
201   -11.88240877416606
201   -11.882408639313258
201   11.882408639313265
201   11.882408774166056
202   -11.882260126505619
202   -11.882259991871999
202   11.882259991872006
202   11.88226012650562
203   -11.88205237674684
203   -11.882052242420812
203   11.882052242420814
203   11.882052376746842
204   -11.88178588106486
204   -11.881785747134598
204   11.881785747134593
204   11.881785881064863
205   -11.88146109677093
205   -11.881460963324264
205   11.881460963324269
205   11.881461096770936
206   -11.88107858184209
206   -11.881078448966425
206   11.881078448966422
206   11.881078581842091
207   -11.880638994346995
207   -11.880638862129238
207   11.880638862129235
207   11.880638994346992
208   -11.880143091768208
208   -11.880142960294664
208   11.880142960294668
208   11.880143091768208
209   -11.879591730221517
209   -11.879591599577813
209   11.879591599577815
209   11.879591730221517
210   -11.878985863572602
210   -11.878985733843608
210   11.878985733843598
210   11.878985863572602
211   -11.87832654245184
211   -11.87832641372155
211   11.878326413721567
211   11.878326542451843
212   -11.877614913167813
212   -11.877614785519306
212   11.877614785519299
212   11.87761491316781
213   -11.876852216520192
213   -11.876852090035529
213   11.876852090035523
213   11.87685221652019
214   -11.87603978651301
214   -11.876039661273134
214   11.87603966127314
214   11.876039786513006
215   -11.875179048968947
215   -11.875178925053635
215   11.875178925053635
215   11.875179048968953
216   -11.874271520045804
216   -11.874271397533544
216   11.87427139753355
216   11.874271520045802
217   -11.87331880465603
217   -11.87331868362399
217   11.873318683623994
217   11.873318804656034
218   -11.872322594790575
218   -11.872322475314478
218   11.872322475314478
218   11.872322594790575
219   -11.8712846677481
219   -11.871284549902175
219   11.871284549902175
219   11.871284667748098
220   -11.870206884270939
220   -11.87020676812782
220   11.870206768127813
220   11.870206884270933
221   -11.869091186589094
221   -11.869091072219778
221   11.869091072219778
221   11.869091186589092
222   -11.867939596373718
222   -11.86793948384746
222   11.86793948384746
222   11.867939596373722
223   -11.866754212601597
223   -11.866754101985842
223   11.86675410198584
223   11.866754212601597
224   -11.865537209332208
224   -11.865537100692539
224   11.865537100692539
224   11.86553720933221
225   -11.864290833399107
225   -11.864290726799146
225   11.864290726799137
225   11.864290833399105
226   -11.863017402017297
226   -11.863017297518653
226   11.863017297518663
226   11.863017402017304
227   -11.861719300308597
227   -11.861719197970805
227   11.861719197970812
227   11.861719300308595
228   -11.860398978746721
228   -11.860398878627171
228   11.860398878627164
228   11.860398978746723
229   -11.859058950524412
229   -11.85905885267828
229   11.859058852678274
229   11.859058950524412
230   -11.857701788844432
230   -11.857701693324614
230   11.85770169332461
230   11.857701788844428
231   -11.85633012413682
231   -11.85633003099389
231   11.856330030993895
231   11.85633012413682
232   -11.854946641204721
232   -11.854946550486867
232   11.854946550486865
232   11.854946641204725
233   -11.853554076301025
233   -11.853553988053985
233   11.85355398805399
233   11.853554076301025
234   -11.852155214138488
234   -11.85215512840551
234   11.852155128405515
234   11.852155214138483
235   -11.850752884835744
235   -11.850752801657523
235   11.850752801657523
235   11.850752884835742
236   -11.849349960802046
236   -11.84934988021669
236   11.849349880216687
236   11.849349960802048
237   -11.847949353563328
237   -11.847949275606293
237   11.847949275606295
237   11.847949353563324
238   -11.846554010532488
238   -11.846553935236555
238   11.846553935236555
238   11.84655401053249
239   -11.845166911726967
239   -11.845166839122177
239   11.84516683912218
239   11.845166911726968
240   -11.843791066436395
240   -11.843790996550043
240   11.843790996550048
240   11.843791066436397
241   -11.842429509843662
241   -11.842429442700215
241   11.842429442700212
241   11.842429509843658
242   -11.841085299602437
242   -11.841085235223556
242   11.841085235223565
242   11.841085299602433
243   -11.839761512374563
243   -11.83976145077904
243   11.839761450779035
243   11.839761512374562
244   -11.83846124033061
244   -11.838461181534326
244   11.838461181534326
244   11.838461240330615
245   -11.837187587617048
245   -11.837187531632974
245   11.837187531632969
245   11.837187587617048
246   -11.835943666793582
246   -11.835943613631757
246   11.835943613631754
246   11.83594366679358
247   -11.834732595244342
247   -11.83473254491184
247   11.834732544911832
247   11.834732595244342
248   -11.83355749156644
248   -11.833557444067349
248   11.833557444067349
248   11.833557491566443
249   -11.83242147193983
249   -11.832421427275264
249   11.83242142727527
249   11.832421471939828
250   -11.831327646482135
250   -11.831327604650202
250   11.8313276046502
250   11.83132764648214
251   -11.830279115592509
251   -11.830279076588315
251   11.830279076588312
251   11.83027911559251
252   -11.829278966288276
252   -11.829278930103904
252   11.829278930103902
252   11.829278966288276
253   -11.828330268538526
253   -11.828330235163063
253   11.828330235163058
253   11.828330268538524
254   -11.827436071598662
254   -11.827436041018176
254   11.827436041018178
254   11.827436071598664
255   -11.826599400349963
255   -11.826599372547514
255   11.826599372547514
255   11.826599400349961
256   -11.825823251648362
256   -11.825823226604031
256   11.825823226604037
256   11.82582325164836
257   -11.825110590686648
257   -11.825110568377513
257   11.825110568377513
257   11.825110590686648
258   -11.824464347374212
258   -11.824464327774383
258   11.824464327774383
258   11.824464347374212
259   -11.823887412738681
259   -11.823887395819318
259   11.823887395819328
259   11.823887412738687
260   -11.823382635353664
260   -11.823382621083
260   11.823382621082999
260   11.823382635353665
261   -11.822952817796832
261   -11.822952806140204
261   11.82295280614021
261   11.82295281779683
262   -11.82260071314274
262   -11.822600704062587
262   11.822600704062582
262   11.82260071314274
263   -11.822329021494546
263   -11.82232901495047
263   11.822329014950464
263   11.822329021494546
264   -11.822140386558978
264   -11.822140382507769
264   11.82214038250777
264   11.822140386558981
265   -11.822037392268802
265   -11.822037390664468
265   11.822037390664473
265   11.822037392268802
266   -11.82202256025081
266   -11.822022559456993
266   11.822022559456997
266   11.822022560250804
267   -11.822098345727463
267   -11.822098342586917
267   11.822098342586921
267   11.822098345727465
268   -11.822267131975762
268   -11.822267126542545
268   11.822267126542549
268   11.822267131975769
269   -11.822531231152304
269   -11.82253122348307
269   11.822531223483065
269   11.8225312311523
270   -11.822892879611754
270   -11.822892869765704
270   11.822892869765704
270   11.822892879611759
271   -11.823354234902219
271   -11.823354222941035
271   11.823354222941036
271   11.823354234902222
272   -11.82391737283675
272   -11.823917358824556
272   11.823917358824561
272   11.823917372836755
273   -11.82458428464526
273   -11.824584268648533
273   11.82458426864853
273   11.824584284645255
274   -11.82535687421032
274   -11.825356856297837
274   11.825356856297836
274   11.825356874210309
275   -11.826236955390783
275   -11.826236935633561
275   11.826236935633558
275   11.826236955390783
276   -11.827226249436743
276   -11.827226227907952
276   11.827226227907952
276   11.827226249436736
277   -11.82832638249936
277   -11.828326359274273
277   11.82832635927427
277   11.828326382499359
278   -11.829538883238985
278   -11.829538858394878
278   11.829538858394876
278   11.829538883238985
279   -11.830865180534818
279   -11.8308651541509
279   11.8308651541509
279   11.830865180534815
280   -11.83230660129929
280   -11.832306573456636
280   11.832306573456638
280   11.832306601299292
281   -11.833864368400224
281   -11.83386433918165
281   11.83386433918165
281   11.83386436840021
282   -11.835539598693492
282   -11.835539568183526
282   11.835539568183526
282   11.835539598693488
283   -11.837333301169217
283   -11.837333269453964
283   11.837333269453968
283   11.837333301169217
284   -11.839246375213774
284   -11.83924634238084
284   11.839246342380841
284   11.839246375213776
285   -11.841279608990217
285   -11.84127957512861
285   11.841279575128612
285   11.841279608990218
286   -11.84343367793934
286   -11.843433643139388
286   11.843433643139386
286   11.843433677939343
287   -11.845709143403518
287   -11.845709107756736
287   11.845709107756738
287   11.845709143403523
288   -11.848106451375116
288   -11.848106414974145
288   11.848106414974145
288   11.848106451375124
289   -11.850625931371418
289   -11.850625894309882
289   11.85062589430988
289   11.850625931371424
290   -11.853267795437446
290   -11.853267757809869
290   11.853267757809862
290   11.853267795437443
291   -11.856032137278184
291   -11.856032099179858
291   11.856032099179856
291   11.856032137278188
292   -11.85891893152136
292   -11.858918893048248
292   11.858918893048248
292   11.858918931521359
293   -11.861928033111756
293   -11.861927994360371
293   11.861927994360371
293   11.861928033111754
294   -11.865059176837956
294   -11.865059137905213
294   11.865059137905217
294   11.865059176837963
295   -11.868311976991995
295   -11.868311937975115
295   11.868311937975113
295   11.868311976991988
296   -11.871685927162527
296   -11.871685888158886
296   11.871685888158886
296   11.871685927162535
297   -11.87518040016164
297   -11.875180361268617
297   11.875180361268617
297   11.87518040016164
298   -11.87879464808525
298   -11.87879460940011
298   11.878794609400114
298   11.878794648085249
299   -11.882527802507202
299   -11.882527764126923
299   11.882527764126916
299   11.882527802507198
300   -11.886378874806391
300   -11.886378836827488
300   11.886378836827484
300   11.886378874806397
301   -11.89034675662668
301   -11.890346719145
301   11.890346719145002
301   11.89034675662667
302   -11.894430220468518
302   -11.894430183579107
302   11.894430183579109
302   11.89443022046851
303   -11.898627920411759
303   -11.898627884208565
303   11.898627884208564
303   11.898627920411759
304   -11.902938392968169
304   -11.902938357543816
304   11.90293835754381
304   11.90293839296817
305   -11.907360058062604
305   -11.907360023508101
305   11.907360023508097
305   11.907360058062608
306   -11.911891220141277
306   -11.91189118654566
306   11.911891186545663
306   11.911891220141271
307   -11.916530069405443
307   -11.916530036855406
307   11.916530036855404
307   11.916530069405448
308   -11.921274683168813
308   -11.921274651748151
308   11.921274651748146
308   11.921274683168821
309   -11.926123027336564
309   -11.926122997125555
309   11.926122997125555
309   11.926123027336578
310   -11.931072958003874
310   -11.93107292907853
310   11.931072929078525
310   11.93107295800388
311   -11.936122223171749
311   -11.936122195602753
311   11.936122195602755
311   11.936122223171749
312   -11.941268464577641
312   -11.941268438428988
312   11.94126843842899
312   11.941268464577645
313   -11.94650921963827
313   -11.946509194965412
313   11.946509194965413
313   11.946509219638275
314   -11.951841923502041
314   -11.951841900349326
314   11.951841900349322
314   11.951841923502037
315   -11.957263911208097
315   -11.957263889605233
315   11.957263889605233
315   11.957263911208104
316   -11.962772419949388
316   -11.962772399906317
316   11.962772399906312
316   11.962772419949383
317   -11.968364591436375
317   -11.968364572936002
317   11.968364572936002
317   11.968364591436377
318   -11.974037474358582
318   -11.974037457346418
318   11.974037457346421
318   11.974037474358584
319   -11.97978802694053
319   -11.979788011310312
319   11.979788011310308
319   11.979788026940522
320   -11.98561311958827
320   -11.985613105163504
320   11.985613105163507
320   11.985613119588276
321   -11.991509537621766
321   -11.991509524135783
321   11.991509524135784
321   11.991509537621765
322   -11.997473984086264
322   -11.997473971169423
322   11.997473971169429
322   11.997473984086279
323   -12.003503082636612
323   -12.003503069824935
323   12.00350306982494
323   12.003503082636598
324   -12.009593380492397
324   -12.009593367267803
324   12.009593367267803
324   12.009593380492394
325   -12.015741351471718
325   -12.015741337321714
325   12.01574133732171
325   12.015741351471709
326   -12.02194339910776
326   -12.021943383575788
326   12.021943383575787
326   12.021943399107759
327   -12.02819585983966
327   -12.02819584254712
327   12.02819584254712
327   12.028195859839661
328   -12.034495006261945
328   -12.034494986906138
328   12.034494986906138
328   12.034495006261945
329   -12.040837050424429
329   -12.040837028765443
329   12.040837028765445
329   12.040837050424427
330   -12.047218147180173
330   -12.04721812302627
330   12.04721812302627
330   12.047218147180175
331   -12.053634397580604
331   -12.053634370775919
331   12.053634370775931
331   12.053634397580613
332   -12.060081852315161
332   -12.060081822730522
332   12.060081822730513
332   12.060081852315156
333   -12.066556515192273
333   -12.066556482718582
333   12.066556482718575
333   12.06655651519227
334   -12.0730543466578
334   -12.073054311201401
334   12.073054311201398
334   12.0730543466578
335   -12.079571267346834
335   -12.079571228826248
335   12.079571228826236
335   12.07957126734683
336   -12.086103161664944
336   -12.086103120008529
336   12.086103120008534
336   12.086103161664944
337   -12.092645881394933
337   -12.092645836539262
337   12.09264583653926
337   12.092645881394928
338   -12.099195249325069
338   -12.099195201213695
338   12.099195201213703
338   12.09919524932507
339   -12.105747062895032
339   -12.105747011477625
339   12.105747011477623
339   12.105747062895032
340   -12.112297097855688
340   -12.112297043087368
340   12.112297043087372
340   12.112297097855691
341   -12.118841111938961
341   -12.118841053779827
341   12.118841053779828
341   12.118841111938963
342   -12.125374848534044
342   -12.125374786948774
342   12.125374786948766
342   12.125374848534038
343   -12.131894040366324
343   -12.131893975323893
343   12.131893975323901
343   12.131894040366328
344   -12.138394413175439
344   -12.138394344648905
344   12.138394344648923
344   12.138394413175442
345   -12.144871689388822
345   -12.144871617355152
345   12.144871617355147
345   12.144871689388818
346   -12.151321591787399
346   -12.151321516227277
346   12.151321516227274
346   12.151321591787402
347   -12.157739847159933
347   -12.157739768057692
347   12.157739768057695
347   12.157739847159934
348   -12.164122189942699
348   -12.164122107286214
348   12.164122107286211
348   12.164122189942699
349   -12.170464365841225
349   -12.170464279621822
349   12.170464279621818
349   12.170464365841227
350   -12.176762135430918
350   -12.1767620456433
350   12.1767620456433
350   12.176762135430916
351   -12.18301127773343
351   -12.183011184375635
351   12.183011184375632
351   12.183011277733428
352   -12.189207593765744
352   -12.18920749683907
352   12.189207496839064
352   12.189207593765746
353   -12.195346910059023
353   -12.195346809567969
353   12.195346809567974
353   12.195346910059024
354   -12.20142508214428
354   -12.201424978096536
354   12.201424978096531
354   12.20142508214428
355   -12.207437998002183
355   -12.207437890408544
355   12.207437890408547
355   12.207437998002183
356   -12.213381581474131
356   -12.213381470348489
356   12.213381470348489
356   12.213381581474128
357   -12.219251795632104
357   -12.219251680991373
357   12.219251680991372
357   12.2192517956321
358   -12.225044646104616
358   -12.225044527968711
358   12.225044527968713
358   12.22504464610461
359   -12.230756184356355
359   -12.230756062748144
359   12.23075606274815
359   12.230756184356357
360   -12.236382510919142
360   -12.236382385864403
360   12.2363823858644
360   12.236382510919148
361   -12.241919778571804
361   -12.241919650099172
361   12.24191965009916
361   12.241919778571802
362   -12.247364195466838
362   -12.247364063607785
362   12.247364063607783
362   12.247364195466837
363   -12.252712028201667
363   -12.252711892990419
363   12.252711892990423
363   12.252712028201671
364   -12.257959604832424
364   -12.257959466305955
364   12.25795946630596
364   12.257959604832424
365   -12.263103317828271
365   -12.263103176026231
365   12.263103176026233
365   12.263103317828271
366   -12.268139626964366
366   -12.268139481929033
366   12.268139481929037
366   12.26813962696437
367   -12.27306506215162
367   -12.27306491392785
367   12.273064913927854
367   12.273065062151623
368   -12.27787622620153
368   -12.277876074836726
368   12.277876074836733
368   12.27787622620153
369   -12.282569797524305
369   -12.282569643068324
369   12.282569643068326
369   12.282569797524301
370   -12.287142532758836
370   -12.28714237526397
370   12.28714237526397
370   12.287142532758832
371   -12.291591269332827
371   -12.291591108853728
371   12.291591108853721
371   12.291591269332825
372   -12.295912927951692
372   -12.295912764545314
372   12.295912764545315
372   12.295912927951695
373   -12.30010451501483
373   -12.300104348740362
373   12.300104348740367
373   12.300104515014828
374   -12.304163124957844
374   -12.304162955876677
374   12.304162955876688
374   12.304163124957844
375   -12.30808594251967
375   -12.308085770695318
375   12.308085770695325
375   12.30808594251967
376   -12.311870244933115
376   -12.311870070431151
376   12.31187007043115
376   12.311870244933116
377   -12.315513404037908
377   -12.315513226925866
377   12.315513226925864
377   12.315513404037903
378   -12.319012888315047
378   -12.319012708662434
378   12.319012708662425
378   12.319012888315047
379   -12.322366264841541
379   -12.322366082719673
379   12.322366082719675
379   12.322366264841538
380   -12.325571201164413
380   -12.325571016646439
380   12.325571016646432
380   12.325571201164413
381   -12.328625467093286
381   -12.328625280254037
381   12.32862528025404
381   12.328625467093284
382   -12.331526936410471
382   -12.33152674732645
382   12.33152674732645
382   12.331526936410473
383   -12.334273588497961
383   -12.334273397247234
383   12.334273397247237
383   12.33427358849796
384   -12.336863509880382
384   -12.336863316542518
384   12.33686331654252
384   12.336863509880384
385   -12.339294895683445
385   -12.339294700339433
385   12.339294700339428
385   12.339294895683445
386   -12.341566051006978
386   -12.341565853739151
386   12.341565853739157
386   12.34156605100698
387   -12.34367539221219
387   -12.343675193104163
387   12.343675193104152
387   12.343675392212191
388   -12.34562144812241
388   -12.345621247258984
388   12.345621247258984
388   12.345621448122408
389   -12.347402861136914
389   -12.34740265860401
389   12.347402658604015
389   12.347402861136915
390   -12.349018388257315
390   -12.349018184141892
390   12.349018184141896
390   12.349018388257317
391   -12.3504669020261
391   -12.350466696416047
391   12.350466696416063
391   12.350466902026103
392   -12.351747391376918
392   -12.351747184361045
392   12.35174718436104
392   12.351747391376914
393   -12.352858962396283
393   -12.352858754064151
393   12.35285875406415
393   12.352858962396281
394   -12.3538008389964
394   -12.353800629438306
394   12.353800629438295
394   12.353800838996403
395   -12.354572363498797
395   -12.354572152805627
395   12.35457215280563
395   12.354572363498793
396   -12.355172997128532
396   -12.355172785391769
396   12.355172785391758
396   12.355172997128529
397   -12.355602320418908
397   -12.35560210773045
397   12.355602107730451
397   12.355602320418908
398   -12.355860033526286
398   -12.355859819978432
398   12.355859819978424
398   12.355860033526284
399   -12.355945956455145
399   -12.355945742140479
399   12.35594574214048
399   12.355945956455143
