-9.499999999999962697e+00 -1.472243186433545858e+01 0.000000000000000000e+00 -6.616296634696229410e-04
-8.999999999999960920e+00 -1.558845726811990140e+01 0.000000000000000000e+00 1.613478781306019235e-04
-9.499999999999966249e+00 -1.299038105676658539e+01 0.000000000000000000e+00 -9.189074772672677560e-04
-8.999999999999966249e+00 -1.385640646055102287e+01 0.000000000000000000e+00 1.319241674459069183e-04
-9.499999999999966249e+00 -1.125833024919770509e+01 0.000000000000000000e+00 -9.229130447109400604e-04
-8.999999999999968026e+00 -1.212435565298214435e+01 0.000000000000000000e+00 1.440599451485371368e-04
-9.499999999999969802e+00 -9.526279441628831890e+00 0.000000000000000000e+00 -8.835113076573451480e-04
-8.999999999999968026e+00 -1.039230484541326760e+01 0.000000000000000000e+00 1.417350323475540083e-04
-9.499999999999971578e+00 -7.794228634059955141e+00 0.000000000000000000e+00 -8.532515484555889618e-04
-8.999999999999971578e+00 -8.660254037844392627e+00 0.000000000000000000e+00 1.354909751205626031e-04
-9.499999999999969802e+00 -6.062177826491076615e+00 0.000000000000000000e+00 -8.292250771986297078e-04
-8.999999999999971578e+00 -6.928203230275515878e+00 0.000000000000000000e+00 1.303635684074608953e-04
-9.499999999999973355e+00 -4.330127018922199866e+00 0.000000000000000000e+00 -8.068890592967622490e-04
-8.999999999999973355e+00 -5.196152422706638241e+00 0.000000000000000000e+00 1.261926485435665209e-04
-9.499999999999976907e+00 -2.598076211353323117e+00 0.000000000000000000e+00 -7.863503991702876488e-04
-8.999999999999975131e+00 -3.464101615137762380e+00 0.000000000000000000e+00 1.225546528706959336e-04
-9.499999999999973355e+00 -8.660254037844443697e-01 0.000000000000000000e+00 -7.680040265324655432e-04
-8.999999999999973355e+00 -1.732050807568883188e+00 0.000000000000000000e+00 1.193844091214299111e-04
-9.499999999999975131e+00 8.660254037844323793e-01 0.000000000000000000e+00 -7.518279951514628048e-04
-8.999999999999975131e+00 -5.495603971894524875e-15 0.000000000000000000e+00 1.166647496085928832e-04
-9.499999999999980460e+00 2.598076211353307130e+00 0.000000000000000000e+00 -7.379573424334272312e-04
-8.999999999999978684e+00 1.732050807568868089e+00 0.000000000000000000e+00 1.143893442417960170e-04
-9.499999999999980460e+00 4.330127018922186544e+00 0.000000000000000000e+00 -7.267571472963425165e-04
-8.999999999999978684e+00 3.464101615137747725e+00 0.000000000000000000e+00 1.125932722862356433e-04
-9.499999999999978684e+00 6.062177826491063293e+00 0.000000000000000000e+00 -7.183676072982545738e-04
-8.999999999999976907e+00 5.196152422706624918e+00 0.000000000000000000e+00 1.113370699265641675e-04
-9.499999999999984013e+00 7.794228634059937377e+00 0.000000000000000000e+00 -7.132907950557833580e-04
-8.999999999999982236e+00 6.928203230275498115e+00 0.000000000000000000e+00 1.107443807021799134e-04
-9.499999999999984013e+00 9.526279441628819455e+00 0.000000000000000000e+00 -7.160686755843771126e-04
-8.999999999999980460e+00 8.660254037844378416e+00 0.000000000000000000e+00 1.112623837873020209e-04
-9.499999999999989342e+00 1.125833024919769265e+01 0.000000000000000000e+00 -7.301153055383725280e-04
-8.999999999999987566e+00 1.039230484541325517e+01 0.000000000000000000e+00 1.131521114940073352e-04
-9.499999999999987566e+00 1.299038105676657118e+01 0.000000000000000000e+00 -7.149765424636278163e-04
-8.999999999999987566e+00 1.212435565298213014e+01 0.000000000000000000e+00 1.126260162454553005e-04
-9.499999999999987566e+00 1.472243186433544793e+01 0.000000000000000000e+00 -5.091529411777564107e-04
-8.999999999999987566e+00 1.385640646055100866e+01 0.000000000000000000e+00 1.017678122724503001e-04
-8.999999999999992895e+00 1.558845726811988364e+01 0.000000000000000000e+00 1.235517513110077209e-04
-7.999999999999961808e+00 -1.558845726811989785e+01 0.000000000000000000e+00 -6.607752065792074636e-04
-7.999999999999966249e+00 -1.385640646055101932e+01 0.000000000000000000e+00 -2.492127071990976887e-04
-7.499999999999966249e+00 -1.472243186433545858e+01 0.000000000000000000e+00 1.297588083318475293e-04
-7.999999999999965361e+00 -1.212435565298214257e+01 0.000000000000000000e+00 -2.481090291297579514e-04
-7.499999999999963585e+00 -1.299038105676658361e+01 0.000000000000000000e+00 9.590713461374539110e-05
-7.999999999999970690e+00 -1.039230484541326760e+01 0.000000000000000000e+00 -2.373159806081419560e-04
-7.499999999999968914e+00 -1.125833024919770864e+01 0.000000000000000000e+00 7.989854641671050289e-05
-7.999999999999969802e+00 -8.660254037844390851e+00 0.000000000000000000e+00 -2.179652579675994619e-04
-7.499999999999970690e+00 -9.526279441628828337e+00 0.000000000000000000e+00 7.170000613973122826e-05
-7.999999999999968914e+00 -6.928203230275511437e+00 0.000000000000000000e+00 -2.026555848398252672e-04
-7.499999999999968914e+00 -7.794228634059951588e+00 0.000000000000000000e+00 6.624628123376724716e-05
-7.999999999999974243e+00 -5.196152422706637353e+00 0.000000000000000000e+00 -1.928716810670301962e-04
-7.499999999999976019e+00 -6.062177826491078392e+00 0.000000000000000000e+00 6.235272457043010571e-05
-7.999999999999974243e+00 -3.464101615137759271e+00 0.000000000000000000e+00 -1.858738643007228704e-04
-7.499999999999974243e+00 -4.330127018922198978e+00 0.000000000000000000e+00 5.961433745917013409e-05
-7.999999999999974243e+00 -1.732050807568881856e+00 0.000000000000000000e+00 -1.803166182567723832e-04
-7.499999999999974243e+00 -2.598076211353320453e+00 0.000000000000000000e+00 5.757357968601636454e-05
-7.999999999999979572e+00 -6.827871601444712724e-15 0.000000000000000000e+00 -1.760351977545172202e-04
-7.499999999999978684e+00 -8.660254037844457020e-01 0.000000000000000000e+00 5.599481179094531697e-05
-7.999999999999977796e+00 1.732050807568870310e+00 0.000000000000000000e+00 -1.730170089139236090e-04
-7.499999999999979572e+00 8.660254037844332675e-01 0.000000000000000000e+00 5.481693283301518333e-05
-7.999999999999977796e+00 3.464101615137749945e+00 0.000000000000000000e+00 -1.712945795143063648e-04
-7.499999999999977796e+00 2.598076211353310239e+00 0.000000000000000000e+00 5.403626040545011491e-05
-7.999999999999984013e+00 5.196152422706623142e+00 0.000000000000000000e+00 -1.710241674387786431e-04
-7.499999999999982236e+00 4.330127018922185655e+00 0.000000000000000000e+00 5.370529048304214251e-05
-7.999999999999980460e+00 6.928203230275503444e+00 0.000000000000000000e+00 -1.733764237988627175e-04
-7.499999999999983125e+00 6.062177826491064181e+00 0.000000000000000000e+00 5.402870051245846345e-05
-7.999999999999983125e+00 8.660254037844380193e+00 0.000000000000000000e+00 -1.806472737836696248e-04
-7.499999999999980460e+00 7.794228634059942706e+00 0.000000000000000000e+00 5.538895313368008739e-05
-7.999999999999988454e+00 1.039230484541325517e+01 0.000000000000000000e+00 -1.915612326422532310e-04
-7.499999999999984901e+00 9.526279441628815903e+00 0.000000000000000000e+00 5.811757436936062550e-05
-7.999999999999986677e+00 1.212435565298213369e+01 0.000000000000000000e+00 -1.961876790029523177e-04
-7.499999999999986677e+00 1.125833024919769620e+01 0.000000000000000000e+00 6.315671350468895573e-05
-7.999999999999985789e+00 1.385640646055101222e+01 0.000000000000000000e+00 -1.945116567114729841e-04
-7.499999999999986677e+00 1.299038105676657473e+01 0.000000000000000000e+00 7.441142848959778327e-05
-7.999999999999992006e+00 1.558845726811988719e+01 0.000000000000000000e+00 -5.082145437767069274e-04
-7.499999999999989342e+00 1.472243186433544615e+01 0.000000000000000000e+00 9.938905275175385890e-05
-6.499999999999967137e+00 -1.472243186433546036e+01 0.000000000000000000e+00 -8.908332753990823912e-04
-6.499999999999968914e+00 -1.299038105676658361e+01 0.000000000000000000e+00 -2.422971391069576300e-04
-5.999999999999968914e+00 -1.385640646055102110e+01 0.000000000000000000e+00 1.376432609605093697e-04
-6.499999999999968026e+00 -1.125833024919770509e+01 0.000000000000000000e+00 -1.534840389703262975e-04
-5.999999999999968026e+00 -1.212435565298214257e+01 0.000000000000000000e+00 7.723271312412415956e-05
-6.499999999999973355e+00 -9.526279441628830114e+00 0.000000000000000000e+00 -1.248872714133383226e-04
-5.999999999999969802e+00 -1.039230484541326582e+01 0.000000000000000000e+00 5.458227404262713269e-05
-6.499999999999972466e+00 -7.794228634059955141e+00 0.000000000000000000e+00 -1.091556824591860135e-04
-5.999999999999971578e+00 -8.660254037844389075e+00 0.000000000000000000e+00 4.401308836912814349e-05
-6.499999999999972466e+00 -6.062177826491073951e+00 0.000000000000000000e+00 -9.827863304459841394e-05
-5.999999999999972466e+00 -6.928203230275513214e+00 0.000000000000000000e+00 3.851096045493419449e-05
-6.499999999999972466e+00 -4.330127018922197202e+00 0.000000000000000000e+00 -9.113335382954825805e-05
-5.999999999999972466e+00 -5.196152422706634688e+00 0.000000000000000000e+00 3.524908426808766651e-05
-6.499999999999977796e+00 -2.598076211353322229e+00 0.000000000000000000e+00 -8.665193307343922681e-05
-5.999999999999976019e+00 -3.464101615137759271e+00 0.000000000000000000e+00 3.313718618083610662e-05
-6.499999999999976019e+00 -8.660254037844439257e-01 0.000000000000000000e+00 -8.375728480937523945e-05
-5.999999999999977796e+00 -1.732050807568882300e+00 0.000000000000000000e+00 3.176171155489686867e-05
-6.499999999999976019e+00 8.660254037844350439e-01 0.000000000000000000e+00 -8.206065491975424880e-05
-5.999999999999975131e+00 -3.275157922644211794e-15 0.000000000000000000e+00 3.089046529887189867e-05
-6.499999999999981348e+00 2.598076211353309795e+00 0.000000000000000000e+00 -8.152176932456192194e-05
-5.999999999999981348e+00 1.732050807568871420e+00 0.000000000000000000e+00 3.043444271782213970e-05
-6.499999999999979572e+00 4.330127018922187432e+00 0.000000000000000000e+00 -8.242430392779330137e-05
-5.999999999999979572e+00 3.464101615137749945e+00 0.000000000000000000e+00 3.044654861683812551e-05
-6.499999999999978684e+00 6.062177826491065957e+00 0.000000000000000000e+00 -8.562814588856442692e-05
-5.999999999999979572e+00 5.196152422706628471e+00 0.000000000000000000e+00 3.110071884931734206e-05
-6.499999999999986677e+00 7.794228634059942706e+00 0.000000000000000000e+00 -9.190052833383593404e-05
-5.999999999999984901e+00 6.928203230275501667e+00 0.000000000000000000e+00 3.271194907231611722e-05
-6.499999999999992006e+00 9.526279441628817679e+00 0.000000000000000000e+00 -1.020329921828283569e-04
-5.999999999999989342e+00 8.660254037844376640e+00 0.000000000000000000e+00 3.612476442175020493e-05
-6.499999999999983125e+00 1.125833024919769620e+01 0.000000000000000000e+00 -1.223915275539648830e-04
-5.999999999999981348e+00 1.039230484541325872e+01 0.000000000000000000e+00 4.351098302840878453e-05
-6.499999999999990230e+00 1.299038105676657118e+01 0.000000000000000000e+00 -1.896620111070226107e-04
-5.999999999999990230e+00 1.212435565298213369e+01 0.000000000000000000e+00 6.018534992478002314e-05
-6.499999999999997335e+00 1.472243186433544970e+01 0.000000000000000000e+00 -6.840071078398158927e-04
-5.999999999999993783e+00 1.385640646055100866e+01 0.000000000000000000e+00 1.055452035475010995e-04
-4.999999999999965361e+00 -1.385640646055101932e+01 0.000000000000000000e+00 -8.651629627143646566e-04
-4.999999999999967137e+00 -1.212435565298214080e+01 0.000000000000000000e+00 -2.225640631976791512e-04
-4.499999999999967137e+00 -1.299038105676658006e+01 0.000000000000000000e+00 1.301906983511200405e-04
-4.999999999999971578e+00 -1.039230484541326582e+01 0.000000000000000000e+00 -1.204459971266820886e-04
-4.499999999999970690e+00 -1.125833024919770331e+01 0.000000000000000000e+00 6.615866125198486213e-05
-4.999999999999970690e+00 -8.660254037844389075e+00 0.000000000000000000e+00 -8.560019897142225834e-05
-4.499999999999968914e+00 -9.526279441628826561e+00 0.000000000000000000e+00 4.184086826442623078e-05
-4.999999999999970690e+00 -6.928203230275510549e+00 0.000000000000000000e+00 -6.991009895261641853e-05
-4.499999999999970690e+00 -7.794228634059948035e+00 0.000000000000000000e+00 3.120674783316018316e-05
-4.999999999999976019e+00 -5.196152422706634688e+00 0.000000000000000000e+00 -6.115459760177789541e-05
-4.499999999999974243e+00 -6.062177826491073951e+00 0.000000000000000000e+00 2.584256156386361460e-05
-4.999999999999975131e+00 -3.464101615137757495e+00 0.000000000000000000e+00 -5.568046663146476667e-05
-4.499999999999974243e+00 -4.330127018922197202e+00 0.000000000000000000e+00 2.290701655271726509e-05
-4.999999999999974243e+00 -1.732050807568879192e+00 0.000000000000000000e+00 -5.240764025849516236e-05
-4.499999999999974243e+00 -2.598076211353317344e+00 0.000000000000000000e+00 2.120009136780020751e-05
-4.999999999999980460e+00 -4.607425552194399643e-15 0.000000000000000000e+00 -5.072176980086688148e-05
-4.499999999999979572e+00 -8.660254037844432595e-01 0.000000000000000000e+00 2.021493629861690548e-05
-4.999999999999977796e+00 1.732050807568874085e+00 0.000000000000000000e+00 -5.030329615921926223e-05
-4.499999999999976907e+00 8.660254037844350439e-01 0.000000000000000000e+00 1.977617144579547589e-05
-4.999999999999977796e+00 3.464101615137751722e+00 0.000000000000000000e+00 -5.133586478871176667e-05
-4.499999999999976019e+00 2.598076211353314235e+00 0.000000000000000000e+00 1.985558962609084381e-05
-4.999999999999984013e+00 5.196152422706626695e+00 0.000000000000000000e+00 -5.423438987026075255e-05
-4.499999999999984013e+00 4.330127018922188320e+00 0.000000000000000000e+00 2.056163919996889324e-05
-4.999999999999982236e+00 6.928203230275505220e+00 0.000000000000000000e+00 -5.978530027677589462e-05
-4.499999999999982236e+00 6.062177826491066845e+00 0.000000000000000000e+00 2.227574505316659516e-05
-4.999999999999982236e+00 8.660254037844383745e+00 0.000000000000000000e+00 -7.086731263417734650e-05
-4.499999999999981348e+00 7.794228634059944483e+00 0.000000000000000000e+00 2.591757461765491696e-05
-4.999999999999987566e+00 1.039230484541325872e+01 0.000000000000000000e+00 -9.694548116084584100e-05
-4.499999999999986677e+00 9.526279441628819455e+00 0.000000000000000000e+00 3.365237867599075381e-05
-4.999999999999988454e+00 1.212435565298213724e+01 0.000000000000000000e+00 -1.748787717511624624e-04
-4.499999999999987566e+00 1.125833024919769620e+01 0.000000000000000000e+00 5.188558788739289608e-05
-4.999999999999985789e+00 1.385640646055101399e+01 0.000000000000000000e+00 -6.660212849012176741e-04
-4.499999999999985789e+00 1.299038105676657473e+01 0.000000000000000000e+00 1.003208180057207243e-04
-3.499999999999969358e+00 -1.299038105676658184e+01 0.000000000000000000e+00 -7.932993351672896695e-04
-3.499999999999968026e+00 -1.125833024919770331e+01 0.000000000000000000e+00 -1.947961345693293225e-04
-2.999999999999968914e+00 -1.212435565298214080e+01 0.000000000000000000e+00 1.182229137038187357e-04
-3.499999999999968914e+00 -9.526279441628824785e+00 0.000000000000000000e+00 -9.986110425088213572e-05
-2.999999999999967137e+00 -1.039230484541326405e+01 0.000000000000000000e+00 5.771968599595536756e-05
-3.499999999999973799e+00 -7.794228634059949812e+00 0.000000000000000000e+00 -6.653234700403022530e-05
-2.999999999999972466e+00 -8.660254037844387298e+00 0.000000000000000000e+00 3.435944149748906763e-05
-3.499999999999973355e+00 -6.062177826491072175e+00 0.000000000000000000e+00 -5.142858819350949273e-05
-2.999999999999972466e+00 -6.928203230275510549e+00 0.000000000000000000e+00 2.418802555778280474e-05
-3.499999999999972466e+00 -4.330127018922193649e+00 0.000000000000000000e+00 -4.366206703564285471e-05
-2.999999999999971578e+00 -5.196152422706632912e+00 0.000000000000000000e+00 1.922586514304298300e-05
-3.499999999999978684e+00 -2.598076211353319120e+00 0.000000000000000000e+00 -3.933829063714154573e-05
-2.999999999999977796e+00 -3.464101615137758383e+00 0.000000000000000000e+00 1.658791458926335812e-05
-3.499999999999976463e+00 -8.660254037844410391e-01 0.000000000000000000e+00 -3.699954853453519318e-05
-2.999999999999976019e+00 -1.732050807568878303e+00 0.000000000000000000e+00 1.518068436857549560e-05
-3.499999999999975575e+00 8.660254037844377084e-01 0.000000000000000000e+00 -3.623741710955345199e-05
-2.999999999999975131e+00 -6.106226635438360972e-16 0.000000000000000000e+00 1.453791209353726358e-05
-3.499999999999981792e+00 2.598076211353312015e+00 0.000000000000000000e+00 -3.696466427506347709e-05
-2.999999999999980460e+00 1.732050807568873863e+00 0.000000000000000000e+00 1.450147732627170456e-05
-3.499999999999980460e+00 4.330127018922190096e+00 0.000000000000000000e+00 -3.940753021074479962e-05
-2.999999999999980460e+00 3.464101615137752610e+00 0.000000000000000000e+00 1.514939729499198981e-05
-3.499999999999981348e+00 6.062177826491068622e+00 0.000000000000000000e+00 -4.468538120304181934e-05
-2.999999999999979572e+00 5.196152422706630247e+00 0.000000000000000000e+00 1.681908754515554878e-05
-3.499999999999985789e+00 7.794228634059942706e+00 0.000000000000000000e+00 -5.581090115206897086e-05
-2.999999999999985345e+00 6.928203230275505220e+00 0.000000000000000000e+00 2.034029330704909769e-05
-3.499999999999985345e+00 9.526279441628821232e+00 0.000000000000000000e+00 -8.113929348872972154e-05
-2.999999999999984457e+00 8.660254037844383745e+00 0.000000000000000000e+00 2.792770432885965872e-05
-3.499999999999984013e+00 1.125833024919769976e+01 0.000000000000000000e+00 -1.541814255520303342e-04
-2.999999999999981348e+00 1.039230484541325872e+01 0.000000000000000000e+00 4.569481361197819125e-05
-3.499999999999989342e+00 1.299038105676657473e+01 0.000000000000000000e+00 -6.150898735976831041e-04
-2.999999999999988454e+00 1.212435565298213724e+01 0.000000000000000000e+00 9.189049890641508484e-05
-1.999999999999968026e+00 -1.212435565298214080e+01 0.000000000000000000e+00 -7.244235237794400400e-04
-1.999999999999972466e+00 -1.039230484541326582e+01 0.000000000000000000e+00 -1.712966322654541388e-04
-1.499999999999970690e+00 -1.125833024919770331e+01 0.000000000000000000e+00 1.067418277552887240e-04
-1.999999999999971578e+00 -8.660254037844387298e+00 0.000000000000000000e+00 -8.459448921709064920e-05
-1.499999999999971134e+00 -9.526279441628824785e+00 0.000000000000000000e+00 5.076211228600358764e-05
-1.999999999999971578e+00 -6.928203230275508773e+00 0.000000000000000000e+00 -5.464741730106262242e-05
-1.499999999999970690e+00 -7.794228634059946259e+00 0.000000000000000000e+00 2.923671327466501873e-05
-1.999999999999976241e+00 -5.196152422706633800e+00 0.000000000000000000e+00 -4.109131741736455864e-05
-1.499999999999975575e+00 -6.062177826491071286e+00 0.000000000000000000e+00 1.985077316991850827e-05
-1.999999999999974687e+00 -3.464101615137754830e+00 0.000000000000000000e+00 -3.419612452048812081e-05
-1.499999999999974243e+00 -4.330127018922192761e+00 0.000000000000000000e+00 1.533422950561269817e-05
-1.999999999999974465e+00 -1.732050807568876971e+00 0.000000000000000000e+00 -3.069981115414340521e-05
-1.499999999999973355e+00 -2.598076211353315124e+00 0.000000000000000000e+00 1.304403146721267629e-05
-1.999999999999979794e+00 -2.275957200481570908e-15 0.000000000000000000e+00 -2.925211263413012177e-05
-1.499999999999979572e+00 -8.660254037844403729e-01 0.000000000000000000e+00 1.194169438394339227e-05
-1.999999999999978906e+00 1.732050807568875861e+00 0.000000000000000000e+00 -2.941687562291913347e-05
-1.499999999999978240e+00 8.660254037844375974e-01 0.000000000000000000e+00 1.165607546458738349e-05
-1.999999999999978906e+00 3.464101615137754386e+00 0.000000000000000000e+00 -3.143152645536530882e-05
-1.499999999999977796e+00 2.598076211353316456e+00 0.000000000000000000e+00 1.213813936979315304e-05
-1.999999999999983347e+00 5.196152422706628471e+00 0.000000000000000000e+00 -3.628572399578372363e-05
-1.499999999999982903e+00 4.330127018922190096e+00 0.000000000000000000e+00 1.363314141699336494e-05
-1.999999999999988898e+00 6.928203230275503444e+00 0.000000000000000000e+00 -4.647094820645368335e-05
-1.499999999999988454e+00 6.062177826491065069e+00 0.000000000000000000e+00 1.693010172970716297e-05
-1.999999999999981792e+00 8.660254037844383745e+00 0.000000000000000000e+00 -6.957336000991431492e-05
-1.499999999999981792e+00 7.794228634059946259e+00 0.000000000000000000e+00 2.407298446740863774e-05
-1.999999999999986677e+00 1.039230484541326049e+01 0.000000000000000000e+00 -1.371025762769615373e-04
-1.499999999999986677e+00 9.526279441628821232e+00 0.000000000000000000e+00 4.068302434794267172e-05
-1.999999999999993783e+00 1.212435565298213369e+01 0.000000000000000000e+00 -5.675656803442949167e-04
-1.499999999999992006e+00 1.125833024919769620e+01 0.000000000000000000e+00 8.394909764722699322e-05
-4.999999999999688582e-01 -1.125833024919769976e+01 0.000000000000000000e+00 -6.577727288958731735e-04
-4.999999999999688582e-01 -9.526279441628824785e+00 0.000000000000000000e+00 -1.525295181961744363e-04
3.114175584073564096e-14 -1.039230484541326227e+01 0.000000000000000000e+00 9.588821264112156275e-05
-4.999999999999737432e-01 -7.794228634059948035e+00 0.000000000000000000e+00 -7.331258581869004478e-05
2.536859611268482695e-14 -8.660254037844385522e+00 0.000000000000000000e+00 4.491583824941809932e-05
-4.999999999999732991e-01 -6.062177826491069510e+00 0.000000000000000000e+00 -4.638635733753109896e-05
2.758904216193514003e-14 -6.928203230275506996e+00 0.000000000000000000e+00 2.534317791996144246e-05
-4.999999999999726330e-01 -4.330127018922190985e+00 0.000000000000000000e+00 -3.448768287707229573e-05
2.803313137178520265e-14 -5.196152422706630247e+00 0.000000000000000000e+00 1.688535086325724591e-05
-4.999999999999784062e-01 -2.598076211353316456e+00 0.000000000000000000e+00 -2.864686199797747624e-05
2.248201624865941994e-14 -3.464101615137754386e+00 0.000000000000000000e+00 1.287081311354854373e-05
-4.999999999999771294e-01 -8.660254037844385966e-01 0.000000000000000000e+00 -2.594041704677063826e-05
2.337019466835954518e-14 -1.732050807568876971e+00 0.000000000000000000e+00 1.094618538329044456e-05
-4.999999999999764633e-01 8.660254037844397068e-01 0.000000000000000000e+00 -2.538083509738148235e-05
2.420286193682841258e-14 1.609823385706476984e-15 0.000000000000000000e+00 1.021648958482773484e-05
-4.999999999999816258e-01 2.598076211353314235e+00 0.000000000000000000e+00 -2.683674469838187739e-05
1.865174681370262988e-14 1.732050807568876083e+00 0.000000000000000000e+00 1.040447098799543817e-05
-4.999999999999812927e-01 4.330127018922191873e+00 0.000000000000000000e+00 -3.097925609953569169e-05
1.915134717478395032e-14 3.464101615137753942e+00 0.000000000000000000e+00 1.165564455014908953e-05
-4.999999999999804046e-01 6.062177826491070398e+00 0.000000000000000000e+00 -4.007094870296269972e-05
2.092770401418420079e-14 5.196152422706632024e+00 0.000000000000000000e+00 1.463953266641448276e-05
-4.999999999999857336e-01 7.794228634059945371e+00 0.000000000000000000e+00 -6.119458193105488180e-05
1.515454428613338678e-14 6.928203230275508773e+00 0.000000000000000000e+00 2.119024587331999366e-05
-4.999999999999848455e-01 9.526279441628821232e+00 0.000000000000000000e+00 -1.237024818559194256e-04
1.515454428613338678e-14 8.660254037844385522e+00 0.000000000000000000e+00 3.653366464067092737e-05
-4.999999999999848455e-01 1.125833024919770153e+01 0.000000000000000000e+00 -5.220523515359177342e-04
1.781907954523376247e-14 1.039230484541326582e+01 0.000000000000000000e+00 7.650893865607901790e-05
1.000000000000026645e+00 -1.039230484541326227e+01 0.000000000000000000e+00 -5.918982303186540042e-04
1.000000000000028866e+00 -8.660254037844383745e+00 0.000000000000000000e+00 -1.361837991725027856e-04
1.500000000000028422e+00 -9.526279441628823008e+00 0.000000000000000000e+00 8.556666357340626588e-05
1.000000000000029754e+00 -6.928203230275506108e+00 0.000000000000000000e+00 -6.456588555021986679e-05
1.500000000000029754e+00 -7.794228634059942706e+00 0.000000000000000000e+00 3.980070936131916066e-05
1.000000000000023537e+00 -5.196152422706631135e+00 0.000000000000000000e+00 -4.047221810864373004e-05
1.500000000000023537e+00 -6.062177826491068622e+00 0.000000000000000000e+00 2.224088619110892965e-05
1.000000000000024647e+00 -3.464101615137752166e+00 0.000000000000000000e+00 -3.004584225607123752e-05
1.500000000000025091e+00 -4.330127018922190985e+00 0.000000000000000000e+00 1.471442737159532394e-05
1.000000000000025313e+00 -1.732050807568874751e+00 0.000000000000000000e+00 -2.526903791284863311e-05
1.500000000000025757e+00 -2.598076211353312459e+00 0.000000000000000000e+00 1.125185876199276541e-05
1.000000000000019984e+00 1.110223024625156540e-16 0.000000000000000000e+00 -2.353563061733436373e-05
1.500000000000020650e+00 -8.660254037844381525e-01 0.000000000000000000e+00 9.750048255433603004e-06
1.000000000000020206e+00 1.732050807568878081e+00 0.000000000000000000e+00 -2.415817950727954595e-05
1.500000000000020872e+00 8.660254037844401509e-01 0.000000000000000000e+00 9.493966772100453265e-06
1.000000000000021538e+00 3.464101615137757051e+00 0.000000000000000000e+00 -2.750733590257057245e-05
1.500000000000021982e+00 2.598076211353318232e+00 0.000000000000000000e+00 1.040805485889569824e-05
1.000000000000016653e+00 5.196152422706630247e+00 0.000000000000000000e+00 -3.558657934037933433e-05
1.500000000000016875e+00 4.330127018922193649e+00 0.000000000000000000e+00 1.300133547585019871e-05
1.000000000000015765e+00 6.928203230275507885e+00 0.000000000000000000e+00 -5.477863929513984606e-05
1.500000000000016431e+00 6.062177826491069510e+00 0.000000000000000000e+00 1.892700030655826613e-05
1.000000000000016431e+00 8.660254037844387298e+00 0.000000000000000000e+00 -1.121119615773444669e-04
1.500000000000017097e+00 7.794228634059947147e+00 0.000000000000000000e+00 3.292817519181373396e-05
1.000000000000011990e+00 1.039230484541326227e+01 0.000000000000000000e+00 -4.770709212068791820e-04
1.500000000000011546e+00 9.526279441628824785e+00 0.000000000000000000e+00 6.942910594164258646e-05
2.500000000000029310e+00 -9.526279441628817679e+00 0.000000000000000000e+00 -5.284466677849314255e-04
2.500000000000025313e+00 -7.794228634059948035e+00 0.000000000000000000e+00 -1.214257889794925484e-04
3.000000000000026201e+00 -8.660254037844383745e+00 0.000000000000000000e+00 7.591977016035929065e-05
2.500000000000026645e+00 -6.062177826491066845e+00 0.000000000000000000e+00 -5.736185334998980767e-05
3.000000000000027534e+00 -6.928203230275506108e+00 0.000000000000000000e+00 3.524463811862105732e-05
2.500000000000027534e+00 -4.330127018922190096e+00 0.000000000000000000e+00 -3.605674619301825191e-05
3.000000000000028422e+00 -5.196152422706626695e+00 0.000000000000000000e+00 1.968591285886500160e-05
2.500000000000021760e+00 -2.598076211353314680e+00 0.000000000000000000e+00 -2.711981699623450549e-05
3.000000000000022204e+00 -3.464101615137752166e+00 0.000000000000000000e+00 1.309823244279232982e-05
2.500000000000022204e+00 -8.660254037844361541e-01 0.000000000000000000e+00 -2.343051560186623319e-05
3.000000000000023093e+00 -1.732050807568874751e+00 0.000000000000000000e+00 1.021522023532643196e-05
2.500000000000023093e+00 8.660254037844423713e-01 0.000000000000000000e+00 -2.290338435499640526e-05
3.000000000000023981e+00 4.052314039881821373e-15 0.000000000000000000e+00 9.243212413306159953e-06
2.500000000000018652e+00 2.598076211353317344e+00 0.000000000000000000e+00 -2.534359087568165988e-05
3.000000000000018652e+00 1.732050807568878970e+00 0.000000000000000000e+00 9.679389701398019764e-06
2.500000000000012434e+00 4.330127018922190985e+00 0.000000000000000000e+00 -3.231691616962683764e-05
3.000000000000012434e+00 3.464101615137752610e+00 0.000000000000000000e+00 1.182409624110325779e-05
2.500000000000018652e+00 6.062177826491072175e+00 0.000000000000000000e+00 -4.954369154852619034e-05
3.000000000000019540e+00 5.196152422706634688e+00 0.000000000000000000e+00 1.708650169926190612e-05
2.500000000000011990e+00 7.794228634059947147e+00 0.000000000000000000e+00 -1.016866564569187059e-04
3.000000000000013323e+00 6.928203230275509661e+00 0.000000000000000000e+00 2.971590942289346649e-05
2.500000000000007994e+00 9.526279441628821232e+00 0.000000000000000000e+00 -4.334841087713151280e-04
3.000000000000009770e+00 8.660254037844383745e+00 0.000000000000000000e+00 6.276813193475377765e-05
4.000000000000022204e+00 -8.660254037844385522e+00 0.000000000000000000e+00 -4.689231600164394395e-04
4.000000000000029310e+00 -6.928203230275503444e+00 0.000000000000000000e+00 -1.081319468926867082e-04
4.500000000000031086e+00 -7.794228634059942706e+00 0.000000000000000000e+00 6.706606374734293285e-05
4.000000000000024869e+00 -5.196152422706629359e+00 0.000000000000000000e+00 -5.136102583117099502e-05
4.500000000000023981e+00 -6.062177826491066845e+00 0.000000000000000000e+00 3.121064782761167868e-05
4.000000000000017764e+00 -3.464101615137753942e+00 0.000000000000000000e+00 -3.272736165366696133e-05
4.500000000000018652e+00 -4.330127018922191873e+00 0.000000000000000000e+00 1.756220762552780591e-05
4.000000000000023981e+00 -1.732050807568872530e+00 0.000000000000000000e+00 -2.534602014701916540e-05
4.500000000000024869e+00 -2.598076211353310239e+00 0.000000000000000000e+00 1.192554302481595510e-05
4.000000000000020428e+00 2.720046410331633524e-15 0.000000000000000000e+00 -2.295583633806049846e-05
4.500000000000021316e+00 -8.660254037844363761e-01 0.000000000000000000e+00 9.693182774649446615e-06
4.000000000000013323e+00 1.732050807568876527e+00 0.000000000000000000e+00 -2.421158339933434763e-05
4.500000000000015099e+00 8.660254037844388186e-01 0.000000000000000000e+00 9.430780500955872843e-06
4.000000000000014211e+00 3.464101615137754830e+00 0.000000000000000000e+00 -2.994677088986067177e-05
4.500000000000015099e+00 2.598076211353317344e+00 0.000000000000000000e+00 1.102474952769164334e-05
4.000000000000015099e+00 5.196152422706632024e+00 0.000000000000000000e+00 -4.524042427682639341e-05
4.500000000000015099e+00 4.330127018922194537e+00 0.000000000000000000e+00 1.557647209632267833e-05
4.000000000000010658e+00 6.928203230275507885e+00 0.000000000000000000e+00 -9.228075254594578355e-05
4.500000000000009770e+00 6.062177826491070398e+00 0.000000000000000000e+00 2.686086295899489215e-05
4.000000000000009770e+00 8.660254037844385522e+00 0.000000000000000000e+00 -3.921518617010572765e-04
4.500000000000011546e+00 7.794228634059948035e+00 0.000000000000000000e+00 5.658541547115281009e-05
5.500000000000023981e+00 -7.794228634059942706e+00 0.000000000000000000e+00 -4.142233030383601607e-04
5.500000000000024869e+00 -6.062177826491064181e+00 0.000000000000000000e+00 -9.629740859394625093e-05
6.000000000000027534e+00 -6.928203230275503444e+00 0.000000000000000000e+00 5.907141372246685953e-05
5.500000000000027534e+00 -4.330127018922187432e+00 0.000000000000000000e+00 -4.639014735352052721e-05
6.000000000000026645e+00 -5.196152422706624918e+00 0.000000000000000000e+00 2.768297965343053806e-05
5.500000000000021316e+00 -2.598076211353311571e+00 0.000000000000000000e+00 -3.040979652663107014e-05
6.000000000000021316e+00 -3.464101615137749501e+00 0.000000000000000000e+00 1.584707976872953397e-05
5.500000000000022204e+00 -8.660254037844341557e-01 0.000000000000000000e+00 -2.466164560492420290e-05
6.000000000000023093e+00 -1.732050807568872086e+00 0.000000000000000000e+00 1.117321088003169142e-05
5.500000000000022204e+00 8.660254037844439257e-01 0.000000000000000000e+00 -2.411093677336030678e-05
6.000000000000022204e+00 6.050715484207103145e-15 0.000000000000000000e+00 9.753110372953360769e-06
5.500000000000016875e+00 2.598076211353319565e+00 0.000000000000000000e+00 -2.844028226141522505e-05
6.000000000000016875e+00 1.732050807568880524e+00 0.000000000000000000e+00 1.059861203373223327e-05
5.500000000000016875e+00 4.330127018922197202e+00 0.000000000000000000e+00 -4.173568857852819357e-05
6.000000000000018652e+00 3.464101615137760160e+00 0.000000000000000000e+00 1.438639301732321549e-05
5.500000000000018652e+00 6.062177826491074839e+00 0.000000000000000000e+00 -8.386303155660786515e-05
6.000000000000018652e+00 5.196152422706637353e+00 0.000000000000000000e+00 2.435080320214335465e-05
5.500000000000013323e+00 7.794228634059951588e+00 0.000000000000000000e+00 -3.536451024093592924e-04
6.000000000000014211e+00 6.928203230275511437e+00 0.000000000000000000e+00 5.092032130398750579e-05
7.000000000000028422e+00 -6.928203230275501667e+00 0.000000000000000000e+00 -3.648105285673834642e-04
7.000000000000022204e+00 -5.196152422706626695e+00 0.000000000000000000e+00 -8.598878397361820543e-05
7.500000000000023981e+00 -6.062177826491065957e+00 0.000000000000000000e+00 5.197428065982647545e-05
7.000000000000023981e+00 -3.464101615137748169e+00 0.000000000000000000e+00 -4.243222622710469965e-05
7.500000000000024869e+00 -4.330127018922187432e+00 0.000000000000000000e+00 2.466263292287076573e-05
7.000000000000023981e+00 -1.732050807568870310e+00 0.000000000000000000e+00 -2.914868795774798891e-05
7.500000000000024869e+00 -2.598076211353308018e+00 0.000000000000000000e+00 1.456534317242366007e-05
7.000000000000018652e+00 5.162537064506977913e-15 0.000000000000000000e+00 -2.536596800808066368e-05
7.500000000000017764e+00 -8.660254037844328234e-01 0.000000000000000000e+00 1.093748275259964512e-05
7.000000000000013323e+00 1.732050807568878747e+00 0.000000000000000000e+00 -2.789393112524443509e-05
7.500000000000013323e+00 8.660254037844412611e-01 0.000000000000000000e+00 1.065714474166222855e-05
7.000000000000020428e+00 3.464101615137761048e+00 0.000000000000000000e+00 -3.902720164888251231e-05
7.500000000000021316e+00 2.598076211353323117e+00 0.000000000000000000e+00 1.355201441862968812e-05
7.000000000000015987e+00 5.196152422706636465e+00 0.000000000000000000e+00 -7.650577615144807094e-05
7.500000000000015987e+00 4.330127018922197202e+00 0.000000000000000000e+00 2.219406831991627767e-05
7.000000000000009770e+00 6.928203230275510549e+00 0.000000000000000000e+00 -3.182897998587082668e-04
7.500000000000009770e+00 6.062177826491072175e+00 0.000000000000000000e+00 4.580830444307217817e-05
8.500000000000017764e+00 -6.062177826491065957e+00 0.000000000000000000e+00 -3.209913148660734983e-04
8.500000000000026645e+00 -4.330127018922185655e+00 0.000000000000000000e+00 -7.723237982880619271e-05
9.000000000000028422e+00 -5.196152422706624030e+00 0.000000000000000000e+00 4.579913164553033272e-05
8.500000000000019540e+00 -2.598076211353310683e+00 0.000000000000000000e+00 -3.973149711556392622e-05
9.000000000000021316e+00 -3.464101615137747281e+00 0.000000000000000000e+00 2.220371455985139738e-05
8.500000000000015987e+00 -8.660254037844354880e-01 0.000000000000000000e+00 -2.911008198932292111e-05
9.000000000000014211e+00 -1.732050807568873418e+00 0.000000000000000000e+00 1.378677978786387315e-05
8.500000000000015987e+00 8.660254037844439257e-01 0.000000000000000000e+00 -2.851452298462893621e-05
9.000000000000015987e+00 4.718447854656915297e-15 0.000000000000000000e+00 1.148567619961952472e-05
8.500000000000017764e+00 2.598076211353320897e+00 0.000000000000000000e+00 -3.736552213913199219e-05
9.000000000000019540e+00 1.732050807568883632e+00 0.000000000000000000e+00 1.315606776497950602e-05
8.500000000000012434e+00 4.330127018922196314e+00 0.000000000000000000e+00 -7.026538258398485693e-05
9.000000000000012434e+00 3.464101615137757939e+00 0.000000000000000000e+00 2.045405311587196180e-05
8.500000000000012434e+00 6.062177826491073951e+00 0.000000000000000000e+00 -2.863694645408336112e-04
9.000000000000012434e+00 5.196152422706635576e+00 0.000000000000000000e+00 4.128892500540290341e-05
1.000000000000001954e+01 -5.196152422706624918e+00 0.000000000000000000e+00 -2.829957659868990419e-04
1.000000000000002309e+01 -3.464101615137745060e+00 0.000000000000000000e+00 -7.030985226224568767e-05
1.050000000000002132e+01 -4.330127018922184767e+00 0.000000000000000000e+00 4.058236818457889981e-05
1.000000000000002309e+01 -1.732050807568867645e+00 0.000000000000000000e+00 -3.852639334075593213e-05
1.050000000000002487e+01 -2.598076211353304910e+00 0.000000000000000000e+00 2.040778116447102269e-05
1.000000000000002132e+01 7.382983113757290994e-15 0.000000000000000000e+00 -3.112874024389617291e-05
1.050000000000001954e+01 -8.660254037844306030e-01 0.000000000000000000e+00 1.374708116513250753e-05
1.000000000000001954e+01 1.732050807568884077e+00 0.000000000000000000e+00 -3.706406619623450483e-05
1.050000000000001954e+01 8.660254037844457020e-01 0.000000000000000000e+00 1.344830741022374719e-05
1.000000000000001954e+01 3.464101615137765489e+00 0.000000000000000000e+00 -6.540886066592670547e-05
1.050000000000002132e+01 2.598076211353326226e+00 0.000000000000000000e+00 1.924564868928652068e-05
1.000000000000001599e+01 5.196152422706636465e+00 0.000000000000000000e+00 -2.582205783685502412e-04
1.050000000000001776e+01 4.330127018922200755e+00 0.000000000000000000e+00 3.742370755885834357e-05
1.150000000000002665e+01 -4.330127018922182103e+00 0.000000000000000000e+00 -2.510498924123411696e-04
1.150000000000002132e+01 -2.598076211353307574e+00 0.000000000000000000e+00 -6.599362181269294607e-05
1.200000000000002309e+01 -3.464101615137745060e+00 0.000000000000000000e+00 3.646951292502955018e-05
1.150000000000001599e+01 -8.660254037844319353e-01 0.000000000000000000e+00 -3.890095047019436104e-05
1.200000000000001599e+01 -1.732050807568871642e+00 0.000000000000000000e+00 1.935517957992759206e-05
1.150000000000002132e+01 8.660254037844501429e-01 0.000000000000000000e+00 -3.825728277623199875e-05
1.200000000000002309e+01 1.004751837285766669e-14 0.000000000000000000e+00 1.503367349494777263e-05
1.150000000000001599e+01 2.598076211353323561e+00 0.000000000000000000e+00 -6.271050839134200566e-05
1.200000000000001954e+01 1.732050807568884965e+00 0.000000000000000000e+00 1.866902481406983947e-05
1.150000000000001243e+01 4.330127018922199866e+00 0.000000000000000000e+00 -2.342422397635364831e-04
1.200000000000001243e+01 3.464101615137761048e+00 0.000000000000000000e+00 3.437996211107618278e-05
1.300000000000001776e+01 -3.464101615137748169e+00 0.000000000000000000e+00 -2.265966627879253698e-04
1.300000000000001776e+01 -1.732050807568869422e+00 0.000000000000000000e+00 -6.407945287043315130e-05
1.350000000000001954e+01 -2.598076211353306242e+00 0.000000000000000000e+00 3.359487422128714203e-05
1.300000000000001954e+01 9.159339953157541458e-15 0.000000000000000000e+00 -4.255149972965233915e-05
1.350000000000002132e+01 -8.660254037844283825e-01 0.000000000000000000e+00 1.931603691692445587e-05
1.300000000000001421e+01 1.732050807568885853e+00 0.000000000000000000e+00 -6.215949541466384064e-05
1.350000000000001243e+01 8.660254037844457020e-01 0.000000000000000000e+00 1.901311325971371340e-05
1.300000000000001421e+01 3.464101615137761048e+00 0.000000000000000000e+00 -2.159098926794583435e-04
1.350000000000001421e+01 2.598076211353324450e+00 0.000000000000000000e+00 3.231976100661440755e-05
1.450000000000002309e+01 -2.598076211353304910e+00 0.000000000000000000e+00 -2.115724600729489082e-04
1.450000000000001954e+01 -8.660254037844266062e-01 0.000000000000000000e+00 -6.139627766648040447e-05
1.500000000000002309e+01 -1.732050807568864093e+00 0.000000000000000000e+00 3.105720147068172194e-05
1.450000000000002309e+01 8.660254037844510311e-01 0.000000000000000000e+00 -6.068711496623969070e-05
1.500000000000002309e+01 1.271205363195804239e-14 0.000000000000000000e+00 2.128644096364981707e-05
1.450000000000001599e+01 2.598076211353324450e+00 0.000000000000000000e+00 -2.052905557389647021e-04
1.500000000000001954e+01 1.732050807568887629e+00 0.000000000000000000e+00 3.040081819843711358e-05
1.600000000000002132e+01 -1.732050807568862316e+00 0.000000000000000000e+00 -1.961978291546772149e-04
1.600000000000002132e+01 1.093569679255779192e-14 0.000000000000000000e+00 -5.799179536158627867e-05
1.650000000000002132e+01 -8.660254037844266062e-01 0.000000000000000000e+00 2.694124978326191311e-05
1.600000000000001066e+01 1.732050807568884965e+00 0.000000000000000000e+00 -1.933370125879353013e-04
1.650000000000001066e+01 8.660254037844483666e-01 0.000000000000000000e+00 2.673073887827719273e-05
1.750000000000001066e+01 -8.660254037844257180e-01 0.000000000000000000e+00 -1.367148579968258690e-04
1.750000000000001421e+01 8.660254037844501429e-01 0.000000000000000000e+00 -1.366320687768447090e-04
1.800000000000001776e+01 1.093569679255779192e-14 0.000000000000000000e+00 3.201760734030918378e-05
