-9.500000000000000000e+00 0.000000000000000000e+00 0.000000000000000000e+00 0.000000000000000000e+00 4.984586668665640374e-01 -3.922954786392247872e-02
-8.500000000000000000e+00 0.000000000000000000e+00 0.000000000000000000e+00 0.000000000000000000e+00 4.861849601988383340e-01 -1.167226819279525707e-01
-7.500000000000000000e+00 0.000000000000000000e+00 0.000000000000000000e+00 0.000000000000000000e+00 4.619397662556434248e-01 -1.913417161825448631e-01
-6.500000000000000000e+00 0.000000000000000000e+00 0.000000000000000000e+00 0.000000000000000000e+00 4.263200821770460891e-01 -2.612492823579745105e-01
-5.500000000000000000e+00 0.000000000000000000e+00 0.000000000000000000e+00 0.000000000000000000e+00 3.802029828000154654e-01 -3.247240241650917736e-01
-4.500000000000000000e+00 0.000000000000000000e+00 0.000000000000000000e+00 0.000000000000000000e+00 3.247240241650917736e-01 -3.802029828000155209e-01
-3.500000000000000000e+00 0.000000000000000000e+00 0.000000000000000000e+00 0.000000000000000000e+00 2.612492823579743995e-01 -4.263200821770459781e-01
-2.500000000000000000e+00 0.000000000000000000e+00 0.000000000000000000e+00 0.000000000000000000e+00 1.913417161825448909e-01 -4.619397662556433692e-01
-1.500000000000000000e+00 0.000000000000000000e+00 0.000000000000000000e+00 0.000000000000000000e+00 1.167226819279527095e-01 -4.861849601988382230e-01
-5.000000000000000000e-01 0.000000000000000000e+00 0.000000000000000000e+00 0.000000000000000000e+00 3.922954786392247872e-02 -4.984586668665640374e-01
5.000000000000000000e-01 0.000000000000000000e+00 0.000000000000000000e+00 0.000000000000000000e+00 -3.922954786392247872e-02 -4.984586668665640374e-01
1.500000000000000000e+00 0.000000000000000000e+00 0.000000000000000000e+00 0.000000000000000000e+00 -1.167226819279527095e-01 -4.861849601988382230e-01
2.500000000000000000e+00 0.000000000000000000e+00 0.000000000000000000e+00 0.000000000000000000e+00 -1.913417161825448909e-01 -4.619397662556433692e-01
3.500000000000000000e+00 0.000000000000000000e+00 0.000000000000000000e+00 0.000000000000000000e+00 -2.612492823579743995e-01 -4.263200821770459781e-01
4.500000000000000000e+00 0.000000000000000000e+00 0.000000000000000000e+00 0.000000000000000000e+00 -3.247240241650917736e-01 -3.802029828000155209e-01
5.500000000000000000e+00 0.000000000000000000e+00 0.000000000000000000e+00 0.000000000000000000e+00 -3.802029828000154654e-01 -3.247240241650917736e-01
6.500000000000000000e+00 0.000000000000000000e+00 0.000000000000000000e+00 0.000000000000000000e+00 -4.263200821770460891e-01 -2.612492823579745105e-01
7.500000000000000000e+00 0.000000000000000000e+00 0.000000000000000000e+00 0.000000000000000000e+00 -4.619397662556434248e-01 -1.913417161825448631e-01
8.500000000000000000e+00 0.000000000000000000e+00 0.000000000000000000e+00 0.000000000000000000e+00 -4.861849601988383340e-01 -1.167226819279525707e-01
9.500000000000000000e+00 0.000000000000000000e+00 0.000000000000000000e+00 0.000000000000000000e+00 -4.984586668665640374e-01 -3.922954786392247872e-02
