-2.0     78.62066638414697
-1.995995995995996     82.44037253281735
-1.991991991991992     85.96004622200549
-1.987987987987988     89.11190032117065
-1.983983983983984     91.85059466437268
-1.97997997997998     94.15278415153699
-1.975975975975976     96.01224999180201
-1.971971971971972     97.4335517964657
-1.967967967967968     98.42773761854573
-1.9639639639639639     99.01232525378262
-1.95995995995996     99.2151969195878
-1.955955955955956     99.07964335117597
-1.951951951951952     98.66687405777142
-1.947947947947948     98.053334521376
-1.9439439439439439     97.32247594915451
-1.93993993993994     96.55290784797047
-1.935935935935936     95.80607618587396
-1.931931931931932     95.11653321398732
-1.927927927927928     94.48698699519127
-1.9239239239239239     93.88924825526735
-1.91991991991992     93.27119678712774
-1.915915915915916     92.56887485519498
-1.911911911911912     91.7216545646206
-1.907907907907908     90.68732001333117
-1.9039039039039038     89.4534314578704
-1.8998998998999     88.04206554338373
-1.8958958958958958     86.506941944743
-1.8918918918918919     84.92426338099811
-1.887887887887888     83.38021245065399
-1.8838838838838838     81.95831646702861
-1.87987987987988     80.72898474035021
-1.8758758758758758     79.7421626100182
-1.8718718718718719     79.02294526576632
-1.867867867867868     78.56950340053287
-1.8638638638638638     78.35277177169753
-1.85985985985986     78.31781102032572
-1.8558558558558558     78.38727395019474
-1.8518518518518519     78.46768420081668
-1.8478478478478477     78.45899915035956
-1.8438438438438438     78.26705663672175
-1.83983983983984     77.81718887252215
-1.8358358358358358     77.06611733680668
-1.8318318318318318     76.00899355590337
-1.8278278278278277     74.67955864228696
-1.8238238238238238     73.14350716162757
-1.8198198198198199     71.48722988661136
-1.8158158158158157     69.80516054760996
-1.8118118118118118     68.18863851983286
-1.8078078078078077     66.71797105968824
-1.8038038038038038     65.45799433559826
-1.7997997997997999     64.4564501258007
-1.7957957957957957     63.744079569841404
-1.7917917917917918     63.33536784284678
-1.7877877877877877     63.22915008448003
-1.7837837837837838     63.40865312049904
-1.7797797797797799     63.84092701295766
-1.7757757757757757     64.4760003881988
-1.7717717717717718     65.2464656717721
-1.7677677677677677     66.06851036575502
-1.7637637637637638     66.84552250183445
-1.7597597597597598     67.47511194437747
-1.7557557557557557     67.85954739587817
-1.7517517517517518     67.91829029736311
-1.7477477477477477     67.59997691476819
-1.7437437437437437     66.89060724989706
-1.7397397397397398     65.81542260971938
-1.7357357357357357     64.433875559725
-1.7317317317317318     62.82932332188377
-1.7277277277277276     61.096504370675326
-1.7237237237237237     59.32992700468811
-1.7197197197197198     57.61526793629781
-1.7157157157157157     56.024478805131935
-1.7117117117117118     54.614178443943274
-1.7077077077077076     53.42633979389434
-1.7037037037037037     52.490196902680296
-1.6996996996996998     51.82449043414627
-1.6956956956956957     51.43944638027682
-1.6916916916916918     51.3381287177485
-1.6876876876876876     51.516984703037686
-1.6836836836836837     51.965521260640884
-1.6796796796796798     52.66514514677027
-1.6756756756756757     53.587307957050776
-1.6716716716716717     54.69125557894321
-1.6676676676676676     55.92190910754668
-1.6636636636636637     57.208679706734216
-1.6596596596596598     58.46625428613525
-1.6556556556556556     59.59840965630958
-1.6516516516516517     60.50550338104903
-1.6476476476476476     61.09532129800691
-1.6436436436436437     61.29559171094671
-1.6396396396396398     61.06525725326049
-1.6356356356356356     60.40128597100589
-1.6316316316316315     59.33885717879792
-1.6276276276276276     57.94485735784744
-1.6236236236236237     56.30675470168311
-1.6196196196196198     54.52005264948059
-1.6156156156156156     52.67728653191685
-1.6116116116116115     50.86034255103228
-1.6076076076076076     49.13650182188142
-1.6036036036036037     47.55761754693404
-1.5995995995995997     46.16139943860303
-1.5955955955955956     44.973788510540494
-1.5915915915915915     44.011640639344854
-1.5875875875875876     43.28522043963943
-1.5835835835835836     42.80024091248802
-1.5795795795795795     42.55933892115019
-1.5755755755755756     42.56295884704072
-1.5715715715715715     42.80964746391215
-1.5675675675675675     43.29576424834778
-1.5635635635635636     44.01460291587272
-1.5595595595595595     44.95492060275067
-1.5555555555555556     46.09890063732792
-1.5515515515515514     47.41965532660704
-1.5475475475475475     48.87852746845041
-1.5435435435435436     50.42268108849147
-1.5395395395395395     51.98375459351537
-1.5355355355355356     53.47858835064224
-1.5315315315315314     54.813057378366906
-1.5275275275275275     55.88962135431641
-1.5235235235235236     56.61822516677947
-1.5195195195195195     56.928811645014726
-1.5155155155155156     56.78250704026175
-1.5115115115115114     56.17826750118833
-1.5075075075075075     55.152868300252024
-1.5035035035035036     53.77423522341549
-1.4994994994994995     52.13023561989371
-1.4954954954954955     50.31614115754101
-1.4914914914914914     48.42370313093036
-1.4874874874874875     46.53358098838605
-1.4834834834834836     44.711493836876784
-1.4794794794794794     43.007486517381054
-1.4754754754754755     41.45728467036101
-1.4714714714714714     40.08473397904302
-1.4674674674674675     38.90456067189859
-1.4634634634634636     37.92497727397176
-1.4594594594594594     37.149894838620156
-1.4554554554554555     36.58066180074774
-1.4514514514514514     36.21733739315667
-1.4474474474474475     36.05954377190913
-1.4434434434434436     36.10694477448987
-1.4394394394394394     36.35938495832641
-1.4354354354354353     36.81669972534813
-1.4314314314314314     37.478182223756775
-1.4274274274274275     38.34167063664649
-1.4234234234234235     39.40220702755878
-1.4194194194194194     40.65022620221145
-1.4154154154154153     42.06927517088775
-1.4114114114114114     43.633360382770206
-1.4074074074074074     45.304189748770234
-1.4034034034034035     47.028823478437445
-1.3993993993993994     48.73853589791193
-1.3953953953953953     50.34991387704736
-1.3913913913913913     51.76919022636271
-1.3873873873873874     52.900318331096074
-1.3833833833833835     53.65624279089632
-1.3793793793793794     53.97143167867791
-1.3753753753753752     53.812620336930856
-1.3713713713713713     53.1846232050858
-1.3673673673673674     52.12934691329268
-1.3633633633633635     50.71832602756284
-1.3593593593593594     49.041129726045874
-1.3553553553553552     47.19289262496489
-1.3513513513513513     45.26378264521444
-1.3473473473473474     43.33194949264336
-1.3433433433433435     41.46015615023357
-1.3393393393393394     39.69539458477662
-1.3353353353353352     38.070442618468775
-1.3313313313313313     36.60638409466053
-1.3273273273273274     35.315372244124255
-1.3233233233233235     34.2032012237775
-1.3193193193193193     33.27147942200124
-1.3153153153153152     32.51934858725812
-1.3113113113113113     31.94477542311778
-1.3073073073073074     31.545477176051484
-1.3033033033033035     31.319548653853523
-1.2992992992992993     31.265848555725672
-1.2952952952952952     31.384186246411094
-1.2912912912912913     31.675330543986295
-1.2872872872872874     32.140841675875926
-1.2832832832832834     32.78270710733689
-1.2792792792792793     33.60274221838276
-1.2752752752752752     34.60169957049626
-1.2712712712712713     35.77801979342111
-1.2672672672672673     37.12616069002829
-1.2632632632632632     38.63447186962484
-1.2592592592592593     40.2826583028298
-1.2552552552552552     42.039018046911835
-1.2512512512512513     43.857859333750795
-1.2472472472472473     45.677783632289014
-1.2432432432432432     47.42178899463305
-1.2392392392392393     49.00024580966538
-1.2352352352352352     50.31750987776053
-1.2312312312312312     51.282100888224484
-1.2272272272272273     51.81906501268034
-1.2232232232232232     51.88182585322806
-1.2192192192192193     51.460257126812444
-1.2152152152152151     50.58245670782733
-1.2112112112112112     49.309638966904224
-1.2072072072072073     47.725791656849516
-1.2032032032032032     45.92516347834467
-1.1991991991991993     44.00070700749711
-1.1951951951951951     42.03556709768961
-1.1911911911911912     40.09830993429337
-1.1871871871871873     38.241479380285924
-1.1831831831831832     36.502512279825666
-1.179179179179179     34.9059749495535
-1.1751751751751751     33.46628956719886
-1.1711711711711712     32.19040814900143
-1.1671671671671673     31.0801482688764
-1.1631631631631631     30.134086270014908
-1.159159159159159     29.349011517974947
-1.155155155155155     28.72099754027722
-1.1511511511511512     28.246162889719688
-1.1471471471471473     27.92119210329938
-1.1431431431431431     27.743675580824203
-1.139139139139139     27.712312456921527
-1.135135135135135     27.827005395218723
-1.1311311311311312     28.088861641358505
-1.1271271271271273     28.500100575996502
-1.1231231231231231     29.06385392315262
-1.119119119119119     29.783830199318693
-1.115115115115115     30.66379985451911
-1.1111111111111112     31.706842757091454
-1.1071071071071072     32.91428793248411
-1.103103103103103     34.28427252936336
-1.099099099099099     35.809863046370204
-1.095095095095095     37.47673256141642
-1.0910910910910911     39.260493171930186
-1.0870870870870872     41.12396164171357
-1.083083083083083     43.014890424593894
-1.079079079079079     44.86498553012657
-1.075075075075075     46.591245026414896
-1.0710710710710711     48.10059618190492
-1.0670670670670672     49.29827412823626
-1.063063063063063     50.09929390068357
-1.059059059059059     50.44097371351884
-1.055055055055055     50.293406408306026
-1.0510510510510511     49.66478675675364
-1.0470470470470472     48.599878337820385
-1.043043043043043     47.17212181620039
-1.039039039039039     45.47185303736845
-1.035035035035035     43.59389525473014
-1.031031031031031     41.62725877489094
-1.0270270270270272     39.648379802325074
-1.023023023023023     37.718010327493715
-1.019019019019019     35.881013968765686
-1.015015015015015     34.1680180447078
-1.011011011011011     32.597960280280056
-1.007007007007007     31.18083363904819
-1.003003003003003     29.92021582554376
-0.9989989989989989     28.81539325366488
-0.994994994994995     27.863034652867082
-0.9909909909909911     27.058448808223638
-0.986986986986987     26.39649469955082
-0.982982982982983     25.87221910118929
-0.9789789789789789     25.481289830994093
-0.974974974974975     25.220280478560458
-0.9709709709709711     25.086848984485666
-0.9669669669669669     25.079839833301136
-0.962962962962963     25.199328401854807
-0.9589589589589589     25.44661596709031
-0.954954954954955     25.824174462828463
-0.9509509509509511     26.335530591877813
-0.9469469469469469     26.985068668415895
-0.942942942942943     27.77772007422973
-0.9389389389389389     28.71849436292832
-0.934934934934935     29.811793589445603
-0.930930930930931     31.060439708031993
-0.9269269269269269     32.46433988080924
-0.922922922922923     34.01872536066204
-0.9189189189189189     35.71194064130897
-0.914914914914915     37.52285018852915
-0.910910910910911     39.41809021547587
-0.9069069069069069     41.349630672491294
-0.902902902902903     43.253400645694384
-0.8988988988988988     45.04997605152414
-0.8948948948948949     46.648357660733
-0.8908908908908908     47.953463179310496
-0.8868868868868869     48.87699196751016
-0.882882882882883     49.34995447722126
-0.8788788788788788     49.333945685072116
-0.8748748748748749     48.82794151892066
-0.8708708708708708     47.868460400784336
-0.8668668668668669     46.52303631032345
-0.862862862862863     44.87908094692013
-0.8588588588588588     43.031337687450176
-0.8548548548548549     41.07088757206059
-0.8508508508508508     39.07748032195534
-0.8468468468468469     37.11558887752356
-0.8428428428428429     35.23359577433443
-0.8388388388388388     33.46509080399142
-0.8348348348348349     31.831273261668294
-0.8308308308308308     30.343692209526026
-0.8268268268268268     29.006846925415957
-0.8228228228228229     27.82041075801035
-0.8188188188188188     26.78100538022734
-0.8148148148148149     25.883545931624653
-0.8108108108108107     25.122220517573407
-0.8068068068068068     24.49117956079541
-0.8028028028028029     23.98500624682172
-0.7987987987987988     23.59902811766978
-0.7947947947947949     23.32951696362728
-0.7907907907907907     23.173812034628593
-0.7867867867867868     23.13039113232736
-0.7827827827827827     23.198905389931063
-0.7787787787787788     23.380186125809335
-0.7747747747747749     23.676225519131766
-0.7707707707707707     24.090126388211488
-0.7667667667667668     24.626009431208768
-0.7627627627627627     25.288858321238667
-0.7587587587587588     26.08427354472273
-0.7547547547547548     27.01809460792087
-0.7507507507507507     28.095837568543786
-0.7467467467467468     29.32188228454812
-0.7427427427427427     30.69833488347336
-0.7387387387387387     32.22349266223675
-0.7347347347347348     33.88986260616905
-0.7307307307307307     35.6817481014259
-0.7267267267267268     37.57254184328088
-0.7227227227227226     39.52206259621024
-0.7187187187187187     41.474543254788955
-0.7147147147147148     43.35816114698955
-0.7107107107107107     45.087164833713864
-0.7067067067067068     46.56748895696667
-0.7027027027027026     47.70606541454488
-0.6986986986986987     48.42282770550827
-0.6946946946946948     48.6630247707074
-0.6906906906906907     48.40661629537603
-0.6866866866866868     47.67189129811699
-0.6826826826826826     46.51213173203273
-0.6786786786786787     45.00640832569001
-0.6746746746746748     43.2473201769832
-0.6706706706706707     41.328918388739964
-0.6666666666666667     39.337249299036536
-0.6626626626626626     37.34457908737995
-0.6586586586586587     35.40713282035816
-0.6546546546546548     33.56547360124965
-0.6506506506506506     31.846466214369563
-0.6466466466466467     30.265923747924138
-0.6426426426426426     28.831317414891068
-0.6386386386386387     27.54420176757854
-0.6346346346346345     26.40221048058199
-0.6306306306306306     25.400604279807496
-0.6266266266266267     24.533418110189842
-0.6226226226226226     23.79427993348268
-0.6186186186186187     23.176975987667724
-0.6146146146146145     22.67582883531814
-0.6106106106106106     22.285942188207496
-0.6066066066066067     22.0033540286283
-0.6026026026026026     21.825128560174512
-0.5985985985985987     21.74940844831782
-0.5945945945945945     21.77544150526194
-0.5905905905905906     21.903590029271214
-0.5865865865865867     22.13532592895731
-0.5825825825825826     22.47321002802265
-0.5785785785785786     22.920849033384634
-0.5745745745745745     23.482818037948647
-0.5705705705705706     24.164529609821166
-0.5665665665665667     24.97202204584301
-0.5625625625625625     25.91162898198108
-0.5585585585585586     26.989480455974476
-0.5545545545545545     28.21077285680648
-0.5505505505505506     29.578734881755373
-0.5465465465465467     31.09321451771303
-0.5425425425425425     32.74882841133297
-0.5385385385385386     34.532665451338204
-0.5345345345345345     36.42164109261185
-0.5305305305305306     38.37977663659006
-0.5265265265265264     40.35593090448217
-0.5225225225225225     42.28280121238406
-0.5185185185185186     44.078225577478996
-0.5145145145145145     45.64976858387389
-0.5105105105105106     46.903047447966514
-0.5065065065065064     47.75317207737217
-0.5025025025025025     48.13727963434346
-0.4984984984984986     48.025071231430736
-0.49449449449449445     47.424246952984014
-0.49049049049049054     46.379090725301985
-0.4864864864864864     44.96266891968019
-0.4824824824824825     43.26508638601008
-0.4784784784784786     41.381062609432476
-0.47447447447447444     39.39957848224306
-0.4704704704704705     37.39704904961755
-0.4664664664664664     35.43415289811457
-0.4624624624624625     33.555582530899215
-0.45845845845845856     31.791667173507246
-0.4544544544544544     30.16090287964029
-0.4504504504504505     28.672688489921473
-0.4464464464464464     27.32984960857697
-0.44244244244244246     26.130757311150383
-0.43843843843843855     25.070994979148097
-0.4344344344344344     24.144607022771257
-0.4304304304304305     23.34499778602792
-0.42642642642642636     22.665556315443993
-0.42242242242242245     22.100076352098256
-0.41841841841841854     21.643029195914743
-0.4144144144144144     21.289734511298846
-0.4104104104104105     21.03646278754339
-0.40640640640640635     20.88049374325662
-0.40240240240240244     20.82014746819311
-0.3983983983983985     20.854799206584396
-0.3943943943943944     20.98488396724868
-0.3903903903903905     21.211893138422163
-0.38638638638638634     21.538361537079645
-0.3823823823823824     21.967839387129366
-0.3783783783783783     22.504839147427244
-0.3743743743743744     23.154741440244617
-0.37037037037037046     23.923637119774273
-0.3663663663663663     24.818073418276395
-0.3623623623623624     25.844661039647974
-0.3583583583583583     27.00948659254962
-0.35435435435435436     28.31726267786386
-0.35035035035035045     29.77014031200442
-0.3463463463463463     31.36611278740953
-0.3423423423423424     33.09696909780875
-0.33833833833833826     34.945826630545646
-0.33433433433433435     36.8844076313839
-0.33033033033033044     38.87043610935408
-0.3263263263263263     40.845809348539454
-0.3223223223223224     42.73647372645691
-0.31831831831831825     44.45506093330745
-0.31431431431431434     45.90710576973473
-0.3103103103103104     47.000892053771246
-0.3063063063063063     47.65969991776309
-0.3023023023023024     47.83387983356659
-0.29829829829829824     47.50949094809567
-0.2942942942942943     46.71083480242224
-0.2902902902902904     45.49605584170721
-0.2862862862862863     43.94723443395285
-0.28228228228228236     42.157947435782646
-0.2782782782782782     40.22147837927609
-0.2742742742742743     38.22191149271368
-0.2702702702702702     36.228951258556414
-0.26626626626626626     34.29614915605467
-0.26226226226226235     32.461602853193
-0.2582582582582582     30.750080163082064
-0.2542542542542543     29.175707101184265
-0.25025025025025016     27.74464654111719
-0.24624624624624625     26.45745720625372
-0.24224224224224233     25.31101313232698
-0.2382382382382382     24.299979113150542
-0.23423423423423428     23.417895410317524
-0.23023023023023015     22.657945662991946
-0.22622622622622623     22.013482009143267
-0.22222222222222232     21.478372001799833
-0.21821821821821819     21.047219453480825
-0.21421421421421427     20.715499179678446
-0.21021021021021014     20.479635126337126
-0.20620620620620622     20.337042898156085
-0.2022022022022023     20.286151089060162
-0.19819819819819817     20.326410681683594
-0.19419419419419426     20.458297699520283
-0.19019019019019012     20.683310836542653
-0.1861861861861862     21.003962544099263
-0.1821821821821823     21.423758621307904
-0.17817817817817816     21.947157323370053
-0.17417417417417425     22.57949394623309
-0.1701701701701701     23.326850335186915
-0.1661661661661662     24.19584042083434
-0.16216216216216228     25.193272523514068
-0.15815815815815815     26.32563708357396
-0.15415415415415423     27.598355970853405
-0.1501501501501501     29.014719759869255
-0.14614614614614618     30.574438567421094
-0.14214214214214227     32.2717509886577
-0.13813813813813813     34.09309053449428
-0.13413413413413422     36.0144201433374
-0.13013013013013008     37.99853078747236
-0.12612612612612617     39.99285966595951
-0.12212212212212203     41.92867189461567
-0.11811811811811812     43.72264812829204
-0.1141141141141142     45.28183295564694
-0.11011011011011007     46.51231795273002
-0.10610610610610616     47.33090244127402
-0.10210210210210202     47.67758008542358
-0.09809809809809811     47.52570058573254
-0.0940940940940942     46.886776951768766
-0.09009009009009006     45.808384576084
-0.08608608608608614     44.36583995684107
-0.08208208208208201     42.650244351915696
-0.0780780780780781     40.75615909472766
-0.07407407407407418     38.77155784568658
-0.07007007007007005     36.77137123066571
-0.06606606606606613     34.81464464676985
-0.062062062062061996     32.944519560826706
-0.05805805805805808     31.189983953669763
-0.05405405405405417     29.56844793183113
-0.05005005005005003     28.088471925939505
-0.04604604604604612     26.752254986276572
-0.04204204204204198     25.557707702250585
-0.03803803803803807     24.500073650577093
-0.034034034034034155     23.573138206490313
-0.03003003003003002     22.770094668314613
-0.026026026026026106     22.084143189375133
-0.02202202202202197     21.508890880678294
-0.018018018018018056     21.03860952718406
-0.01401401401401392     20.668394879615597
-0.010010010010010006     20.394260366829993
-0.006006006006006093     20.213188943752286
-0.002002002002001957     20.12315961281981
0.002002002002002179     20.123159612819766
0.006006006006006093     20.213188943752137
0.010010010010010006     20.394260366829798
0.01401401401401392     20.668394879615306
0.018018018018017834     21.038609527183656
0.022022022022022192     21.50889088067786
0.026026026026026106     22.084143189374565
0.03003003003003002     22.77009466831395
0.03403403403403393     23.573138206489496
0.03803803803803785     24.50007365057614
0.042042042042042205     25.557707702249626
0.04604604604604612     26.75225498627542
0.05005005005005003     28.08847192593824
0.054054054054053946     29.56844793182965
0.05805805805805786     31.189983953668136
0.06206206206206222     32.944519560825206
0.06606606606606613     34.81464464676814
0.07007007007007005     36.771371230663924
0.07407407407407396     38.77155784568465
0.07807807807807787     40.75615909472577
0.08208208208208223     42.65024435191417
0.08608608608608614     44.36583995683963
0.09009009009009006     45.808384576082844
0.09409409409409397     46.886776951767956
0.09809809809809789     47.52570058573216
0.10210210210210224     47.677580085423706
0.10610610610610616     47.33090244127462
0.11011011011011007     46.512317952730996
0.11411411411411398     45.281832955648355
0.1181181181181179     43.72264812829372
0.12212212212212226     41.92867189461734
0.12612612612612617     39.99285966596136
0.13013013013013008     37.99853078747429
0.134134134134134     36.01442014333934
0.1381381381381379     34.09309053449619
0.14214214214214227     32.271750988659385
0.14614614614614618     30.57443856742266
0.1501501501501501     29.01471975987069
0.154154154154154     27.59835597085478
0.15815815815815792     26.32563708357521
0.16216216216216228     25.19327252351514
0.1661661661661662     24.1958404208353
0.1701701701701701     23.326850335187782
0.17417417417417402     22.57949394623388
0.17817817817817794     21.947157323370757
0.1821821821821823     21.423758621308494
0.1861861861861862     21.003962544099775
0.19019019019019012     20.683310836543086
0.19419419419419404     20.458297699520656
0.1981981981981984     20.326410681683882
0.2022022022022023     20.286151089060386
0.20620620620620622     20.337042898156238
0.21021021021021014     20.479635126337207
0.21421421421421405     20.71549917967848
0.2182182182182184     21.047219453480817
0.22222222222222232     21.478372001799755
0.22622622622622623     22.01348200914312
0.23023023023023015     22.657945662991725
0.23423423423423406     23.417895410317197
0.23823823823823842     24.299979113150226
0.24224224224224233     25.311013132326572
0.24624624624624625     26.457457206253228
0.25025025025025016     27.744646541116616
0.2542542542542541     29.175707101183516
0.25825825825825843     30.75008016308142
0.26226226226226235     32.46160285319219
0.26626626626626626     34.29614915605379
0.2702702702702702     36.22895125855547
0.2742742742742741     38.22191149271265
0.27827827827827845     40.221478379275304
0.28228228228228236     42.15794743578177
0.2862862862862863     43.94723443395207
0.2902902902902902     45.496055841706465
0.2942942942942941     46.710834802421765
0.29829829829829846     47.50949094809551
0.3023023023023024     47.833879833566606
0.3063063063063063     47.65969991776337
0.3103103103103102     47.000892053771814
0.3143143143143141     45.90710576973552
0.31831831831831847     44.45506093330824
0.3223223223223224     42.73647372645784
0.3263263263263263     40.84580934854048
0.3303303303303302     38.87043610935524
0.3343343343343341     36.88440763138504
0.3383383383383385     34.945826630546534
0.3423423423423424     33.09696909780976
0.3463463463463463     31.366112787410426
0.3503503503503502     29.770140312005328
0.35435435435435414     28.31726267786469
0.3583583583583585     27.009486592550218
0.3623623623623624     25.8446610396486
0.3663663663663663     24.818073418276956
0.37037037037037024     23.923637119774803
0.37437437437437415     23.154741440245086
0.3783783783783785     22.504839147427596
0.3823823823823824     21.9678393871297
0.38638638638638634     21.538361537079926
0.39039039039039025     21.211893138422397
0.39439439439439417     20.984883967248866
0.3983983983983985     20.85479920658455
0.40240240240240244     20.82014746819324
0.40640640640640635     20.880493743256682
0.41041041041041026     21.03646278754341
0.4144144144144142     21.289734511298825
0.41841841841841854     21.64302919591471
0.42242242242242245     22.1000763520982
0.42642642642642636     22.66555631544388
0.4304304304304303     23.344997786027736
0.43443443443443464     24.144607022771112
0.43843843843843855     25.07099497914787
0.44244244244244246     26.130757311150113
0.4464464464464464     27.329849608576666
0.4504504504504503     28.672688489921054
0.45445445445445465     30.16090287964
0.45845845845845856     31.791667173506823
0.4624624624624625     33.55558253089872
0.4664664664664664     35.43415289811403
0.4704704704704703     37.3970490496169
0.47447447447447466     39.39957848224259
0.4784784784784786     41.38106260943193
0.4824824824824825     43.26508638600961
0.4864864864864864     44.962668919679736
0.4904904904904903     46.379090725301566
0.4944944944944947     47.42424695298383
0.4984984984984986     48.02507123143062
0.5025025025025025     48.137279634343464
0.5065065065065064     47.753172077372305
0.5105105105105103     46.90304744796684
0.5145145145145147     45.6497685838742
0.5185185185185186     44.078225577479444
0.5225225225225225     42.28280121238455
0.5265265265265264     40.355930904482705
0.5305305305305303     38.379776636590634
0.5345345345345347     36.421641092612205
0.5385385385385386     34.53266545133867
0.5425425425425425     32.74882841133335
0.5465465465465464     31.093214517713477
0.5505505505505504     29.578734881755746
0.5545545545545547     28.210772856806678
0.5585585585585586     26.989480455974693
0.5625625625625625     25.911628981981266
0.5665665665665665     24.972022045843193
0.5705705705705704     24.164529609821294
0.5745745745745747     23.48281803794864
0.5785785785785786     22.92084903338462
0.5825825825825826     22.47321002802259
0.5865865865865865     22.135325928957226
0.5905905905905904     21.903590029271058
0.5945945945945947     21.775441505261742
0.5985985985985987     21.749408448317585
0.6026026026026026     21.825128560174207
0.6066066066066065     22.003354028627914
0.6106106106106104     22.28594218820705
0.6146146146146148     22.67582883531768
0.6186186186186187     23.176975987667166
0.6226226226226226     23.794279933482066
0.6266266266266265     24.53341811018911
0.6306306306306304     25.40060427980668
0.6346346346346348     26.40221048058119
0.6386386386386387     27.54420176757756
0.6426426426426426     28.83131741489001
0.6466466466466465     30.26592374792289
0.6506506506506504     31.846466214368228
0.6546546546546548     33.56547360124826
0.6586586586586587     35.40713282035675
0.6626626626626626     37.34457908737845
0.6666666666666665     39.33724929903493
0.6706706706706704     41.32891838873837
0.6746746746746748     43.247320176981795
0.6786786786786787     45.00640832568878
0.6826826826826826     46.51213173203172
0.6866866866866865     47.67189129811623
0.6906906906906904     48.40661629537563
0.6946946946946948     48.66302477070738
0.6986986986986987     48.42282770550861
0.7027027027027026     47.706065414545506
0.7067067067067065     46.567488956967686
0.7107107107107109     45.08716483371497
0.7147147147147148     43.35816114699083
0.7187187187187187     41.474543254790326
0.7227227227227226     39.52206259621169
0.7267267267267266     37.5725418432824
0.7307307307307309     35.68174810142714
0.7347347347347348     33.88986260617031
0.7387387387387387     32.22349266223792
0.7427427427427427     30.698334883474452
0.7467467467467466     29.32188228454916
0.7507507507507509     28.095837568544596
0.7547547547547548     27.01809460792164
0.7587587587587588     26.084273544723416
0.7627627627627627     25.28885832123927
0.7667667667667666     24.62600943120932
0.7707707707707709     24.090126388211885
0.7747747747747749     23.676225519132114
0.7787787787787788     23.38018612580959
0.7827827827827827     23.19890538993128
0.7867867867867866     23.130391132327482
0.790790790790791     23.173812034628654
0.7947947947947949     23.32951696362727
0.7987987987987988     23.59902811766969
0.8028028028028027     23.985006246821552
0.8068068068068066     24.491179560795164
0.810810810810811     25.12222051757317
0.8148148148148149     25.88354593162431
0.8188188188188188     26.781005380226915
0.8228228228228227     27.820410758009803
0.8268268268268266     29.006846925415307
0.830830830830831     30.34369220952546
0.8348348348348349     31.83127326166757
0.8388388388388388     33.465090803990634
0.8428428428428427     35.23359577433348
0.8468468468468466     37.115588877522526
0.850850850850851     39.07748032195451
0.8548548548548549     41.07088757205958
0.8588588588588588     43.031337687449266
0.8628628628628627     44.879080946919146
0.8668668668668666     46.523036310322595
0.870870870870871     47.86846040078383
0.8748748748748749     48.827941518920326
0.8788788788788788     49.33394568507201
0.8828828828828827     49.349954477221395
0.8868868868868867     48.876991967510534
0.890890890890891     47.95346317931101
0.8948948948948949     46.64835766073372
0.8988988988988988     45.049976051525014
0.9029029029029028     43.2534006456954
0.9069069069069067     41.34963067249233
0.910910910910911     39.418090215476816
0.914914914914915     37.52285018853006
0.9189189189189189     35.71194064130985
0.9229229229229228     34.0187253606629
0.9269269269269267     32.46433988081001
0.930930930930931     31.06043970803263
0.934934934934935     29.81179358944616
0.9389389389389389     28.718494362928794
0.9429429429429428     27.777720074230178
0.9469469469469471     26.985068668416158
0.9509509509509511     26.33553059187807
0.954954954954955     25.82417446282864
0.9589589589589589     25.446615967090402
0.9629629629629628     25.199328401854828
0.9669669669669672     25.079839833301087
0.9709709709709711     25.08684898448552
0.974974974974975     25.22028047856026
0.9789789789789789     25.481289830993802
0.9829829829829828     25.872219101188907
0.9869869869869872     26.39649469955042
0.9909909909909911     27.0584488082231
0.994994994994995     27.86303465286647
0.9989989989989989     28.815393253664162
1.0030030030030028     29.920215825542886
1.0070070070070072     31.18083363904736
1.011011011011011     32.597960280279054
1.015015015015015     34.16801804470671
1.019019019019019     35.88101396876454
1.0230230230230228     37.7180103274924
1.0270270270270272     39.64837980232378
1.031031031031031     41.62725877488964
1.035035035035035     43.59389525472887
1.039039039039039     45.47185303736728
1.0430430430430429     47.172121816199265
1.0470470470470472     48.599878337819575
1.0510510510510511     49.66478675675311
1.055055055055055     50.29340640830579
1.059059059059059     50.44097371351892
1.0630630630630629     50.099293900684046
1.0670670670670672     49.298274128237
1.0710710710710711     48.10059618190584
1.075075075075075     46.59124502641606
1.079079079079079     44.864985530127825
1.0830830830830829     43.0148904245953
1.0870870870870872     41.1239616417149
1.0910910910910911     39.260493171931515
1.095095095095095     37.476732561417656
1.099099099099099     35.809863046371404
1.1031031031031029     34.284272529364564
1.1071071071071072     32.91428793248509
1.1111111111111112     31.70684275709234
1.115115115115115     30.663799854519898
1.119119119119119     29.7838301993194
1.123123123123123     29.063853923153253
1.1271271271271273     28.50010057599703
1.1311311311311312     28.08886164135896
1.135135135135135     27.827005395219086
1.139139139139139     27.712312456921836
1.143143143143143     27.74367558082444
1.1471471471471473     27.921192103299536
1.1511511511511512     28.246162889719795
1.155155155155155     28.72099754027724
1.159159159159159     29.34901151797489
1.163163163163163     30.13408627001476
1.1671671671671673     31.08014826887624
1.1711711711711712     32.19040814900118
1.1751751751751751     33.466289567198594
1.179179179179179     34.905974949553155
1.183183183183183     36.50251227982512
1.1871871871871873     38.24147938028544
1.1911911911911912     40.09830993429289
1.1951951951951951     42.03556709768905
1.199199199199199     44.00070700749646
1.203203203203203     45.925163478344075
1.2072072072072073     47.725791656849076
1.2112112112112112     49.309638966903826
1.2152152152152151     50.582456707827056
1.219219219219219     51.46025712681227
1.2232232232232234     51.88182585322809
1.2272272272272273     51.81906501268044
1.2312312312312312     51.282100888224754
1.2352352352352352     50.31750987776091
1.239239239239239     49.0002458096659
1.2432432432432434     47.421788994633424
1.2472472472472473     45.67778363228959
1.2512512512512513     43.857859333751364
1.2552552552552552     42.039018046912354
1.259259259259259     40.2826583028304
1.2632632632632634     38.63447186962519
1.2672672672672673     37.126160690028705
1.2712712712712713     35.77801979342149
1.2752752752752752     34.601699570496535
1.279279279279279     33.602742218383035
1.2832832832832834     32.78270710733702
1.2872872872872874     32.14084167587602
1.2912912912912913     31.675330543986327
1.2952952952952952     31.384186246411065
1.299299299299299     31.26584855572556
1.3033033033033035     31.31954865385336
1.3073073073073074     31.54547717605122
1.3113113113113113     31.944775423117477
1.3153153153153152     32.519348587257696
1.3193193193193191     33.271479422000716
1.3233233233233235     34.20320122377693
1.3273273273273274     35.315372244123665
1.3313313313313313     36.60638409465986
1.3353353353353352     38.070442618467965
1.3393393393393391     39.69539458477569
1.3433433433433435     41.460156150232656
1.3473473473473474     43.33194949264242
1.3513513513513513     45.26378264521349
1.3553553553553552     47.192892624963946
1.3593593593593591     49.04112972604492
1.3633633633633635     50.71832602756211
1.3673673673673674     52.129346913292125
1.3713713713713713     53.18462320508547
1.3753753753753752     53.812620336930756
1.3793793793793792     53.97143167867804
1.3833833833833835     53.65624279089669
1.3873873873873874     52.90031833109666
1.3913913913913913     51.7691902263635
1.3953953953953953     50.349913877048294
1.3993993993993992     48.738535897913
1.4034034034034035     47.02882347843851
1.4074074074074074     45.30418974877127
1.4114114114114114     43.633360382771215
1.4154154154154153     42.06927517088874
1.4194194194194192     40.65022620221246
1.4234234234234235     39.40220702755962
1.4274274274274275     38.34167063664728
1.4314314314314314     37.47818222375748
1.4354354354354353     36.81669972534878
1.4394394394394392     36.35938495832702
1.4434434434434436     36.10694477449041
1.4474474474474475     36.05954377190963
1.4514514514514514     36.217337393157074
1.4554554554554553     36.58066180074807
1.4594594594594597     37.14989483862054
1.4634634634634636     37.924977273972054
1.4674674674674675     38.904560671898786
1.4714714714714714     40.08473397904321
1.4754754754754753     41.45728467036113
1.4794794794794797     43.00748651738127
1.4834834834834836     44.71149383687687
1.4874874874874875     46.53358098838614
1.4914914914914914     48.42370313093041
1.4954954954954953     50.31614115754097
1.4994994994994997     52.130235619893824
1.5035035035035036     53.77423522341551
1.5075075075075075     55.152868300252
1.5115115115115114     56.178267501188316
1.5155155155155153     56.78250704026169
1.5195195195195197     56.928811645014726
1.5235235235235236     56.618225166779446
1.5275275275275275     55.88962135431642
1.5315315315315314     54.813057378366885
1.5355355355355353     53.47858835064227
1.5395395395395397     51.98375459351521
1.5435435435435436     50.42268108849144
1.5475475475475475     48.87852746845031
1.5515515515515514     47.419655326606936
1.5555555555555554     46.09890063732781
1.5595595595595597     44.954920602750406
1.5635635635635636     44.014602915872494
1.5675675675675675     43.29576424834754
1.5715715715715715     42.809647463911844
1.5755755755755754     42.56295884704035
1.5795795795795797     42.55933892114983
1.5835835835835836     42.80024091248762
1.5875875875875876     43.28522043963896
1.5915915915915915     44.011640639344314
1.5955955955955954     44.97378851053985
1.5995995995995997     46.161399438602395
1.6036036036036037     47.5576175469333
1.6076076076076076     49.136501821880714
1.6116116116116115     50.86034255103156
1.6156156156156154     52.67728653191599
1.6196196196196198     54.520052649479844
1.6236236236236237     56.306754701682415
1.6276276276276276     57.944857357846786
1.6316316316316315     59.33885717879736
1.6356356356356354     60.401285971005386
1.6396396396396398     61.06525725326018
1.6436436436436437     61.29559171094652
1.6476476476476476     61.09532129800689
1.6516516516516515     60.5055033810491
1.6556556556556554     59.59840965630975
1.6596596596596598     58.46625428613543
1.6636636636636637     57.208679706734394
1.6676676676676676     55.92190910754684
1.6716716716716715     54.69125557894341
1.6756756756756754     53.587307957050896
1.6796796796796798     52.66514514677026
1.6836836836836837     51.9655212606408
1.6876876876876876     51.516984703037494
1.6916916916916915     51.338128717748184
1.6956956956956954     51.43944638027636
1.6996996996996998     51.82449043414569
1.7037037037037037     52.49019690267969
1.7077077077077076     53.42633979389357
1.7117117117117115     54.61417844394234
1.7157157157157155     56.02447880513094
1.7197197197197198     57.61526793629685
1.7237237237237237     59.32992700468708
1.7277277277277276     61.09650437067432
1.7317317317317316     62.8293233218827
1.735735735735736     64.43387555972419
1.7397397397397398     65.81542260971857
1.7437437437437437     66.89060724989643
1.7477477477477477     67.59997691476777
1.7517517517517516     67.91829029736293
1.755755755755756     67.85954739587802
1.7597597597597598     67.47511194437753
1.7637637637637638     66.84552250183458
1.7677677677677677     66.06851036575512
1.7717717717717716     65.24646567177223
1.775775775775776     64.47600038819878
1.7797797797797799     63.84092701295761
1.7837837837837838     63.4086531204989
1.7877877877877877     63.22915008447972
1.7917917917917916     63.335367842846274
1.795795795795796     63.744079569840736
1.7997997997997999     64.45645012579992
1.8038038038038038     65.4579943355973
1.8078078078078077     66.71797105968723
1.8118118118118116     68.18863851983167
1.815815815815816     69.80516054760893
1.8198198198198199     71.48722988661038
1.8238238238238238     73.14350716162676
1.8278278278278277     74.6795586422864
1.8318318318318316     76.00899355590313
1.835835835835836     77.06611733680691
1.83983983983984     77.81718887252269
1.8438438438438438     78.26705663672269
1.8478478478478477     78.45899915036074
1.8518518518518516     78.46768420081818
1.855855855855856     78.38727395019646
1.85985985985986     78.31781102032761
1.8638638638638638     78.3527717716994
1.8678678678678677     78.56950340053483
1.8718718718718717     79.02294526576819
1.875875875875876     79.74216261002003
1.87987987987988     80.72898474035199
1.8838838838838838     81.95831646703027
1.8878878878878878     83.38021245065539
1.8918918918918917     84.92426338099949
1.895895895895896     86.50694194474445
1.8998998998999     88.04206554338502
1.9039039039039038     89.45343145787163
1.9079079079079078     90.68732001333227
1.9119119119119117     91.72165456462166
1.915915915915916     92.56887485519611
1.91991991991992     93.27119678712879
1.9239239239239239     93.88924825526831
1.9279279279279278     94.48698699519223
1.9319319319319317     95.1165332139883
1.935935935935936     95.80607618587482
1.93993993993994     96.55290784797124
1.9439439439439439     97.32247594915526
1.9479479479479478     98.0533345213766
1.9519519519519517     98.66687405777199
1.955955955955956     99.07964335117654
1.95995995995996     99.21519691958824
1.9639639639639639     99.01232525378299
1.9679679679679678     98.42773761854612
1.9719719719719722     97.43355179646578
1.975975975975976     96.01224999180211
1.97997997997998     94.15278415153712
1.983983983983984     91.8505946643727
1.9879879879879878     89.11190032117085
1.9919919919919922     85.96004622200525
1.995995995995996     82.44037253281732
2.0     78.62066638414686
