1    0.019999999999995043
2    0.08880753326089064
3    0.16489397200044875
4    0.24864015721208688
5    0.339967196505798
6    0.4380901510145354
7    0.5413011889198529
8    0.6468980850519626
9    0.7513784101677672
10    0.8509333052166221
11    0.942115561472705
12    1.022435681628059
13    1.0906667323898098
14    1.1467972861110876
15    1.191733637027529
16    1.226915722028173
17    1.2539768128375517
18    1.274506120091302
19    1.2899165554267236
20    1.3013925063743237
21    1.3098876041875875
22    1.316148278182519
23    1.3207471363672787
24    1.324117145969593
25    1.3265822961886489
26    1.3283832088685656
27    1.329697617305425
