0.000000000000000000e+00 2.782061996514674784e-01
1.000000000000000000e+00 7.217938003485321330e-01
2.000000000000000000e+00 2.524915979795924790e-15
3.000000000000000000e+00 2.524915979795924790e-15
4.000000000000000000e+00 7.217938003485326881e-01
5.000000000000000000e+00 2.782061996514680335e-01
6.000000000000000000e+00 2.717663158062745652e-15
7.000000000000000000e+00 2.717663158062745652e-15
8.000000000000000000e+00 2.782061996514682556e-01
9.000000000000000000e+00 7.217938003485321330e-01
1.000000000000000000e+01 2.764243219217371036e-15
1.100000000000000000e+01 2.764243219217371036e-15
1.200000000000000000e+01 7.217938003485324661e-01
1.300000000000000000e+01 2.782061996514675895e-01
1.400000000000000000e+01 2.589668656589288068e-15
1.500000000000000000e+01 2.589668656589288068e-15
1.600000000000000000e+01 2.782061996514679225e-01
1.700000000000000000e+01 7.217938003485321330e-01
1.800000000000000000e+01 2.727230147849331587e-15
1.900000000000000000e+01 2.727230147849331587e-15
2.000000000000000000e+01 7.217938003485317999e-01
2.100000000000000000e+01 2.782061996514676450e-01
2.200000000000000000e+01 2.825868266959580011e-15
2.300000000000000000e+01 2.825868266959580011e-15
2.400000000000000000e+01 2.782061996514680335e-01
2.500000000000000000e+01 7.217938003485321330e-01
2.600000000000000000e+01 2.402550198112126012e-15
2.700000000000000000e+01 2.402550198112126012e-15
2.800000000000000000e+01 7.217938003485322440e-01
2.900000000000000000e+01 2.782061996514678670e-01
3.000000000000000000e+01 2.784175531036657723e-15
3.100000000000000000e+01 2.784175531036657723e-15
3.200000000000000000e+01 2.782061996514680335e-01
3.300000000000000000e+01 7.217938003485319109e-01
3.400000000000000000e+01 2.820527345553670098e-15
3.500000000000000000e+01 2.820527345553670098e-15
3.600000000000000000e+01 7.217938003485321330e-01
3.700000000000000000e+01 2.782061996514680335e-01
3.800000000000000000e+01 2.760516194960852021e-15
3.900000000000000000e+01 2.760516194960852021e-15
4.000000000000000000e+01 2.782061996514676450e-01
4.100000000000000000e+01 7.217938003485321330e-01
4.200000000000000000e+01 2.732910433422453306e-15
4.300000000000000000e+01 2.732910433422453306e-15
4.400000000000000000e+01 7.217938003485322440e-01
4.500000000000000000e+01 2.782061996514672009e-01
4.600000000000000000e+01 2.937760775058780485e-15
4.700000000000000000e+01 2.937760775058780485e-15
4.800000000000000000e+01 2.782061996514677560e-01
4.900000000000000000e+01 7.217938003485319109e-01
5.000000000000000000e+01 2.491551057638946641e-15
5.100000000000000000e+01 2.491551057638946641e-15
5.200000000000000000e+01 7.217938003485319109e-01
5.300000000000000000e+01 2.782061996514680891e-01
5.400000000000000000e+01 2.488222898301726341e-15
5.500000000000000000e+01 2.488222898301726341e-15
5.600000000000000000e+01 2.782061996514675895e-01
5.700000000000000000e+01 7.217938003485319109e-01
5.800000000000000000e+01 2.596021975257020711e-15
5.900000000000000000e+01 2.596021975257020711e-15
6.000000000000000000e+01 7.217938003485314669e-01
6.100000000000000000e+01 2.782061996514682556e-01
6.200000000000000000e+01 2.543694669132851819e-15
6.300000000000000000e+01 2.543694669132851819e-15
6.400000000000000000e+01 2.782061996514680335e-01
6.500000000000000000e+01 7.217938003485320220e-01
6.600000000000000000e+01 2.420449699586954965e-15
6.700000000000000000e+01 2.420449699586954965e-15
6.800000000000000000e+01 7.217938003485316889e-01
6.900000000000000000e+01 2.782061996514678670e-01
7.000000000000000000e+01 2.690191082276776266e-15
7.100000000000000000e+01 2.690191082276776266e-15
7.200000000000000000e+01 2.782061996514678670e-01
7.300000000000000000e+01 7.217938003485323550e-01
7.400000000000000000e+01 2.311467004797112287e-15
7.500000000000000000e+01 2.311467004797112287e-15
7.600000000000000000e+01 7.217938003485324661e-01
7.700000000000000000e+01 2.782061996514679780e-01
7.800000000000000000e+01 2.666385649031165922e-15
7.900000000000000000e+01 2.666385649031165922e-15
8.000000000000000000e+01 2.782061996514682001e-01
8.100000000000000000e+01 7.217938003485317999e-01
8.200000000000000000e+01 2.384569564447267737e-15
8.300000000000000000e+01 2.384569564447267737e-15
8.400000000000000000e+01 7.217938003485320220e-01
8.500000000000000000e+01 2.782061996514688662e-01
8.600000000000000000e+01 2.615552059008150684e-15
8.700000000000000000e+01 2.615552059008150684e-15
8.800000000000000000e+01 2.782061996514682556e-01
8.900000000000000000e+01 7.217938003485322440e-01
9.000000000000000000e+01 2.472697376405818179e-15
9.100000000000000000e+01 2.472697376405818179e-15
9.200000000000000000e+01 7.217938003485315779e-01
9.300000000000000000e+01 2.782061996514686997e-01
9.400000000000000000e+01 2.507991561451865038e-15
9.500000000000000000e+01 2.507991561451865038e-15
9.600000000000000000e+01 2.782061996514683666e-01
9.700000000000000000e+01 7.217938003485316889e-01
9.800000000000000000e+01 2.706092224688961368e-15
9.900000000000000000e+01 2.706092224688961368e-15
1.000000000000000000e+02 7.217938003485316889e-01
1.010000000000000000e+02 2.782061996514683666e-01
1.020000000000000000e+02 2.649141887850374096e-15
1.030000000000000000e+02 2.649141887850374096e-15
1.040000000000000000e+02 2.782061996514678115e-01
1.050000000000000000e+02 7.217938003485316889e-01
1.060000000000000000e+02 2.506159453394838237e-15
1.070000000000000000e+02 2.506159453394838237e-15
1.080000000000000000e+02 7.217938003485322440e-01
1.090000000000000000e+02 2.782061996514683111e-01
1.100000000000000000e+02 2.719890576491718618e-15
1.110000000000000000e+02 2.719890576491718618e-15
1.120000000000000000e+02 2.782061996514679225e-01
1.130000000000000000e+02 7.217938003485320220e-01
1.140000000000000000e+02 2.760650979199339534e-15
1.150000000000000000e+02 2.760650979199339534e-15
1.160000000000000000e+02 7.217938003485319109e-01
1.170000000000000000e+02 2.782061996514684221e-01
1.180000000000000000e+02 2.373001129462838871e-15
1.190000000000000000e+02 2.373001129462838871e-15
1.200000000000000000e+02 2.782061996514682001e-01
1.210000000000000000e+02 7.217938003485321330e-01
1.220000000000000000e+02 2.495735668204727503e-15
1.230000000000000000e+02 2.495735668204727503e-15
1.240000000000000000e+02 7.217938003485323550e-01
1.250000000000000000e+02 2.782061996514679225e-01
1.260000000000000000e+02 2.786023376090739477e-15
1.270000000000000000e+02 2.786023376090739477e-15
1.280000000000000000e+02 2.782061996514683666e-01
1.290000000000000000e+02 7.217938003485312448e-01
1.300000000000000000e+02 2.786401486188605722e-15
1.310000000000000000e+02 2.786401486188605722e-15
1.320000000000000000e+02 7.217938003485317999e-01
1.330000000000000000e+02 2.782061996514681446e-01
1.340000000000000000e+02 2.741669923669165868e-15
1.350000000000000000e+02 2.741669923669165868e-15
1.360000000000000000e+02 2.782061996514680335e-01
1.370000000000000000e+02 7.217938003485320220e-01
1.380000000000000000e+02 2.818901416202909790e-15
1.390000000000000000e+02 2.818901416202909790e-15
1.400000000000000000e+02 7.217938003485316889e-01
1.410000000000000000e+02 2.782061996514685887e-01
1.420000000000000000e+02 2.784422291114370132e-15
1.430000000000000000e+02 2.784422291114370132e-15
1.440000000000000000e+02 2.782061996514680335e-01
1.450000000000000000e+02 7.217938003485324661e-01
1.460000000000000000e+02 2.624839619332510808e-15
1.470000000000000000e+02 2.624839619332510808e-15
1.480000000000000000e+02 7.217938003485320220e-01
1.490000000000000000e+02 2.782061996514685331e-01
1.500000000000000000e+02 2.713949838829470717e-15
1.510000000000000000e+02 2.713949838829470717e-15
1.520000000000000000e+02 2.782061996514685331e-01
1.530000000000000000e+02 7.217938003485312448e-01
1.540000000000000000e+02 2.591896259533750521e-15
1.550000000000000000e+02 2.591896259533750521e-15
1.560000000000000000e+02 7.217938003485317999e-01
1.570000000000000000e+02 2.782061996514683666e-01
1.580000000000000000e+02 2.388737485453153159e-15
1.590000000000000000e+02 2.388737485453153159e-15
1.600000000000000000e+02 2.782061996514682001e-01
1.610000000000000000e+02 7.217938003485317999e-01
1.620000000000000000e+02 2.312835093797360275e-15
1.630000000000000000e+02 2.312835093797360275e-15
1.640000000000000000e+02 7.217938003485321330e-01
1.650000000000000000e+02 2.782061996514682001e-01
1.660000000000000000e+02 2.228295831060163878e-15
1.670000000000000000e+02 2.228295831060163878e-15
1.680000000000000000e+02 2.782061996514679225e-01
1.690000000000000000e+02 7.217938003485317999e-01
1.700000000000000000e+02 2.261241922881753544e-15
1.710000000000000000e+02 2.261241922881753544e-15
1.720000000000000000e+02 7.217938003485321330e-01
1.730000000000000000e+02 2.782061996514678115e-01
1.740000000000000000e+02 2.348151906317328841e-15
1.750000000000000000e+02 2.348151906317328841e-15
1.760000000000000000e+02 2.782061996514680891e-01
1.770000000000000000e+02 7.217938003485322440e-01
1.780000000000000000e+02 2.671434127512914985e-15
1.790000000000000000e+02 2.671434127512914985e-15
1.800000000000000000e+02 7.217938003485321330e-01
1.810000000000000000e+02 2.782061996514684221e-01
1.820000000000000000e+02 2.651772140968386818e-15
1.830000000000000000e+02 2.651772140968386818e-15
1.840000000000000000e+02 2.782061996514677005e-01
1.850000000000000000e+02 7.217938003485316889e-01
1.860000000000000000e+02 2.661288894628014713e-15
1.870000000000000000e+02 2.661288894628014713e-15
1.880000000000000000e+02 7.217938003485320220e-01
1.890000000000000000e+02 2.782061996514681446e-01
1.900000000000000000e+02 2.678290449356310701e-15
1.910000000000000000e+02 2.678290449356310701e-15
1.920000000000000000e+02 2.782061996514678670e-01
1.930000000000000000e+02 7.217938003485317999e-01
1.940000000000000000e+02 2.779772729171108848e-15
1.950000000000000000e+02 2.779772729171108848e-15
1.960000000000000000e+02 7.217938003485323550e-01
1.970000000000000000e+02 2.782061996514674784e-01
1.980000000000000000e+02 2.594602345303064156e-15
1.990000000000000000e+02 2.594602345303064156e-15
2.000000000000000000e+02 2.782061996514679225e-01
2.010000000000000000e+02 7.217938003485322440e-01
2.020000000000000000e+02 2.784646980958874777e-15
2.030000000000000000e+02 2.784646980958874777e-15
2.040000000000000000e+02 7.217938003485321330e-01
2.050000000000000000e+02 2.782061996514682556e-01
2.060000000000000000e+02 2.544678178603868939e-15
2.070000000000000000e+02 2.544678178603868939e-15
2.080000000000000000e+02 2.782061996514680335e-01
2.090000000000000000e+02 7.217938003485319109e-01
2.100000000000000000e+02 2.654771562211547547e-15
2.110000000000000000e+02 2.654771562211547547e-15
2.120000000000000000e+02 7.217938003485319109e-01
2.130000000000000000e+02 2.782061996514677005e-01
2.140000000000000000e+02 2.696082603308262293e-15
2.150000000000000000e+02 2.696082603308262293e-15
2.160000000000000000e+02 2.782061996514678115e-01
2.170000000000000000e+02 7.217938003485320220e-01
2.180000000000000000e+02 2.618184160669241900e-15
2.190000000000000000e+02 2.618184160669241900e-15
2.200000000000000000e+02 7.217938003485320220e-01
2.210000000000000000e+02 2.782061996514679780e-01
2.220000000000000000e+02 2.664115263053178114e-15
2.230000000000000000e+02 2.664115263053178114e-15
2.240000000000000000e+02 2.782061996514679225e-01
2.250000000000000000e+02 7.217938003485321330e-01
2.260000000000000000e+02 2.540476542029644493e-15
2.270000000000000000e+02 2.540476542029644493e-15
2.280000000000000000e+02 7.217938003485315779e-01
2.290000000000000000e+02 2.782061996514680335e-01
2.300000000000000000e+02 2.336358352379016609e-15
2.310000000000000000e+02 2.336358352379016609e-15
2.320000000000000000e+02 2.782061996514678115e-01
2.330000000000000000e+02 7.217938003485325771e-01
2.340000000000000000e+02 2.175035347250135396e-15
2.350000000000000000e+02 2.175035347250135396e-15
2.360000000000000000e+02 7.217938003485321330e-01
2.370000000000000000e+02 2.782061996514680335e-01
2.380000000000000000e+02 2.499338935651141466e-15
2.390000000000000000e+02 2.499338935651141466e-15
2.400000000000000000e+02 2.782061996514676450e-01
2.410000000000000000e+02 7.217938003485314669e-01
2.420000000000000000e+02 2.293257840292873001e-15
2.430000000000000000e+02 2.293257840292873001e-15
2.440000000000000000e+02 7.217938003485323550e-01
2.450000000000000000e+02 2.782061996514683666e-01
2.460000000000000000e+02 2.308895359259743335e-15
2.470000000000000000e+02 2.308895359259743335e-15
2.480000000000000000e+02 2.782061996514680891e-01
2.490000000000000000e+02 7.217938003485315779e-01
2.500000000000000000e+02 2.528131944862172952e-15
2.510000000000000000e+02 2.528131944862172952e-15
2.520000000000000000e+02 7.217938003485320220e-01
2.530000000000000000e+02 2.782061996514684776e-01
2.540000000000000000e+02 2.417161183123307203e-15
2.550000000000000000e+02 2.417161183123307203e-15
2.560000000000000000e+02 2.782061996514678115e-01
2.570000000000000000e+02 7.217938003485325771e-01
2.580000000000000000e+02 2.723138850170616927e-15
2.590000000000000000e+02 2.723138850170616927e-15
2.600000000000000000e+02 7.217938003485324661e-01
2.610000000000000000e+02 2.782061996514684776e-01
2.620000000000000000e+02 2.681825660911368665e-15
2.630000000000000000e+02 2.681825660911368665e-15
2.640000000000000000e+02 2.782061996514681446e-01
2.650000000000000000e+02 7.217938003485323550e-01
2.660000000000000000e+02 2.520250930933636318e-15
2.670000000000000000e+02 2.520250930933636318e-15
2.680000000000000000e+02 7.217938003485320220e-01
2.690000000000000000e+02 2.782061996514674229e-01
2.700000000000000000e+02 2.816083066236984424e-15
2.710000000000000000e+02 2.816083066236984424e-15
2.720000000000000000e+02 2.782061996514680891e-01
2.730000000000000000e+02 7.217938003485321330e-01
2.740000000000000000e+02 2.586864769446533928e-15
2.750000000000000000e+02 2.586864769446533928e-15
2.760000000000000000e+02 7.217938003485321330e-01
2.770000000000000000e+02 2.782061996514680891e-01
2.780000000000000000e+02 2.542430145156955860e-15
2.790000000000000000e+02 2.542430145156955860e-15
2.800000000000000000e+02 2.782061996514679780e-01
2.810000000000000000e+02 7.217938003485322440e-01
2.820000000000000000e+02 2.529453336909711855e-15
2.830000000000000000e+02 2.529453336909711855e-15
2.840000000000000000e+02 7.217938003485321330e-01
2.850000000000000000e+02 2.782061996514680335e-01
2.860000000000000000e+02 2.720138612941583740e-15
2.870000000000000000e+02 2.720138612941583740e-15
2.880000000000000000e+02 2.782061996514678115e-01
2.890000000000000000e+02 7.217938003485321330e-01
2.900000000000000000e+02 2.509619361784266954e-15
2.910000000000000000e+02 2.509619361784266954e-15
2.920000000000000000e+02 7.217938003485320220e-01
2.930000000000000000e+02 2.782061996514678670e-01
2.940000000000000000e+02 2.487176953100619439e-15
2.950000000000000000e+02 2.487176953100619439e-15
2.960000000000000000e+02 2.782061996514684776e-01
2.970000000000000000e+02 7.217938003485320220e-01
2.980000000000000000e+02 2.422639119718778995e-15
2.990000000000000000e+02 2.422639119718778995e-15
3.000000000000000000e+02 7.217938003485316889e-01
3.010000000000000000e+02 2.782061996514682001e-01
3.020000000000000000e+02 2.587987963399950709e-15
3.030000000000000000e+02 2.587987963399950709e-15
3.040000000000000000e+02 2.782061996514681446e-01
3.050000000000000000e+02 7.217938003485320220e-01
3.060000000000000000e+02 2.461592025047224626e-15
3.070000000000000000e+02 2.461592025047224626e-15
3.080000000000000000e+02 7.217938003485315779e-01
3.090000000000000000e+02 2.782061996514679780e-01
3.100000000000000000e+02 2.522627507388321540e-15
3.110000000000000000e+02 2.522627507388321540e-15
3.120000000000000000e+02 2.782061996514678115e-01
3.130000000000000000e+02 7.217938003485314669e-01
3.140000000000000000e+02 2.380680280069224725e-15
3.150000000000000000e+02 2.380680280069224725e-15
3.160000000000000000e+02 7.217938003485324661e-01
3.170000000000000000e+02 2.782061996514679780e-01
3.180000000000000000e+02 2.342279065906671405e-15
3.190000000000000000e+02 2.342279065906671405e-15
3.200000000000000000e+02 2.782061996514680891e-01
3.210000000000000000e+02 7.217938003485316889e-01
3.220000000000000000e+02 2.255148122572133752e-15
3.230000000000000000e+02 2.255148122572133752e-15
3.240000000000000000e+02 7.217938003485319109e-01
3.250000000000000000e+02 2.782061996514680335e-01
3.260000000000000000e+02 2.220423196219389351e-15
3.270000000000000000e+02 2.220423196219389351e-15
3.280000000000000000e+02 2.782061996514681446e-01
3.290000000000000000e+02 7.217938003485319109e-01
3.300000000000000000e+02 2.538222421232270167e-15
3.310000000000000000e+02 2.538222421232270167e-15
3.320000000000000000e+02 7.217938003485320220e-01
3.330000000000000000e+02 2.782061996514680891e-01
3.340000000000000000e+02 2.469712831968869354e-15
3.350000000000000000e+02 2.469712831968869354e-15
3.360000000000000000e+02 2.782061996514680335e-01
3.370000000000000000e+02 7.217938003485321330e-01
3.380000000000000000e+02 2.511854321157183605e-15
3.390000000000000000e+02 2.511854321157183605e-15
3.400000000000000000e+02 7.217938003485325771e-01
3.410000000000000000e+02 2.782061996514681446e-01
3.420000000000000000e+02 2.478082660287534812e-15
3.430000000000000000e+02 2.478082660287534812e-15
3.440000000000000000e+02 2.782061996514683111e-01
3.450000000000000000e+02 7.217938003485316889e-01
3.460000000000000000e+02 2.630631977909580872e-15
3.470000000000000000e+02 2.630631977909580872e-15
3.480000000000000000e+02 7.217938003485325771e-01
3.490000000000000000e+02 2.782061996514682001e-01
3.500000000000000000e+02 2.378515488993857482e-15
3.510000000000000000e+02 2.378515488993857482e-15
3.520000000000000000e+02 2.782061996514684221e-01
3.530000000000000000e+02 7.217938003485316889e-01
3.540000000000000000e+02 2.541162341180978055e-15
3.550000000000000000e+02 2.541162341180978055e-15
3.560000000000000000e+02 7.217938003485325771e-01
3.570000000000000000e+02 2.782061996514682556e-01
3.580000000000000000e+02 2.736795203360395892e-15
3.590000000000000000e+02 2.736795203360395892e-15
3.600000000000000000e+02 2.782061996514682556e-01
3.610000000000000000e+02 7.217938003485317999e-01
3.620000000000000000e+02 2.562096568650408270e-15
3.630000000000000000e+02 2.562096568650408270e-15
3.640000000000000000e+02 7.217938003485317999e-01
3.650000000000000000e+02 2.782061996514682001e-01
3.660000000000000000e+02 2.339599554501463648e-15
3.670000000000000000e+02 2.339599554501463648e-15
3.680000000000000000e+02 2.782061996514678670e-01
3.690000000000000000e+02 7.217938003485321330e-01
3.700000000000000000e+02 2.366175904914885134e-15
3.710000000000000000e+02 2.366175904914885134e-15
3.720000000000000000e+02 7.217938003485324661e-01
3.730000000000000000e+02 2.782061996514680891e-01
3.740000000000000000e+02 2.442391084198299630e-15
3.750000000000000000e+02 2.442391084198299630e-15
3.760000000000000000e+02 2.782061996514679225e-01
3.770000000000000000e+02 7.217938003485319109e-01
3.780000000000000000e+02 2.409122905936880258e-15
3.790000000000000000e+02 2.409122905936880258e-15
3.800000000000000000e+02 7.217938003485317999e-01
3.810000000000000000e+02 2.782061996514679225e-01
3.820000000000000000e+02 2.497461391775280492e-15
3.830000000000000000e+02 2.497461391775280492e-15
3.840000000000000000e+02 2.782061996514681446e-01
3.850000000000000000e+02 7.217938003485319109e-01
3.860000000000000000e+02 2.470321767967263173e-15
3.870000000000000000e+02 2.470321767967263173e-15
3.880000000000000000e+02 7.217938003485324661e-01
3.890000000000000000e+02 2.782061996514683666e-01
3.900000000000000000e+02 2.424822543761501949e-15
3.910000000000000000e+02 2.424822543761501949e-15
3.920000000000000000e+02 2.782061996514679225e-01
3.930000000000000000e+02 7.217938003485324661e-01
3.940000000000000000e+02 2.434057925835824885e-15
3.950000000000000000e+02 2.434057925835824885e-15
3.960000000000000000e+02 7.217938003485322440e-01
3.970000000000000000e+02 2.782061996514680891e-01
3.980000000000000000e+02 2.535444170007888684e-15
3.990000000000000000e+02 2.535444170007888684e-15
4.000000000000000000e+02 2.782061996514679225e-01
4.010000000000000000e+02 7.217938003485314669e-01
4.020000000000000000e+02 2.413818006612552987e-15
4.030000000000000000e+02 2.413818006612552987e-15
4.040000000000000000e+02 7.217938003485319109e-01
4.050000000000000000e+02 2.782061996514680335e-01
4.060000000000000000e+02 2.410074509298127289e-15
4.070000000000000000e+02 2.410074509298127289e-15
4.080000000000000000e+02 2.782061996514679225e-01
4.090000000000000000e+02 7.217938003485320220e-01
4.100000000000000000e+02 2.249865580444787408e-15
4.110000000000000000e+02 2.249865580444787408e-15
4.120000000000000000e+02 7.217938003485323550e-01
4.130000000000000000e+02 2.782061996514675339e-01
4.140000000000000000e+02 2.183873728710391338e-15
4.150000000000000000e+02 2.183873728710391338e-15
4.160000000000000000e+02 2.782061996514682556e-01
4.170000000000000000e+02 7.217938003485321330e-01
4.180000000000000000e+02 2.414675675983689051e-15
4.190000000000000000e+02 2.414675675983689051e-15
4.200000000000000000e+02 7.217938003485321330e-01
4.210000000000000000e+02 2.782061996514680891e-01
4.220000000000000000e+02 2.204938850958014476e-15
4.230000000000000000e+02 2.204938850958014476e-15
4.240000000000000000e+02 2.782061996514682556e-01
4.250000000000000000e+02 7.217938003485319109e-01
4.260000000000000000e+02 2.628217827391020379e-15
4.270000000000000000e+02 2.628217827391020379e-15
4.280000000000000000e+02 7.217938003485314669e-01
4.290000000000000000e+02 2.782061996514681446e-01
4.300000000000000000e+02 2.551287866182810230e-15
4.310000000000000000e+02 2.551287866182810230e-15
4.320000000000000000e+02 2.782061996514680335e-01
4.330000000000000000e+02 7.217938003485319109e-01
4.340000000000000000e+02 2.346548144511410101e-15
4.350000000000000000e+02 2.346548144511410101e-15
4.360000000000000000e+02 7.217938003485321330e-01
4.370000000000000000e+02 2.782061996514680335e-01
4.380000000000000000e+02 2.188112663665995075e-15
4.390000000000000000e+02 2.188112663665995075e-15
4.400000000000000000e+02 2.782061996514681446e-01
4.410000000000000000e+02 7.217938003485320220e-01
4.420000000000000000e+02 2.517047977373214785e-15
4.430000000000000000e+02 2.517047977373214785e-15
4.440000000000000000e+02 7.217938003485321330e-01
4.450000000000000000e+02 2.782061996514680891e-01
4.460000000000000000e+02 2.458501135582661151e-15
4.470000000000000000e+02 2.458501135582661151e-15
4.480000000000000000e+02 2.782061996514680335e-01
4.490000000000000000e+02 7.217938003485316889e-01
4.500000000000000000e+02 2.337071196779655324e-15
4.510000000000000000e+02 2.337071196779655324e-15
4.520000000000000000e+02 7.217938003485320220e-01
4.530000000000000000e+02 2.782061996514681446e-01
4.540000000000000000e+02 2.571985799340901365e-15
4.550000000000000000e+02 2.571985799340901365e-15
4.560000000000000000e+02 2.782061996514680891e-01
4.570000000000000000e+02 7.217938003485322440e-01
4.580000000000000000e+02 2.397828765781301232e-15
4.590000000000000000e+02 2.397828765781301232e-15
4.600000000000000000e+02 7.217938003485317999e-01
4.610000000000000000e+02 2.782061996514679780e-01
4.620000000000000000e+02 2.227891005512599662e-15
4.630000000000000000e+02 2.227891005512599662e-15
4.640000000000000000e+02 2.782061996514681446e-01
4.650000000000000000e+02 7.217938003485321330e-01
4.660000000000000000e+02 2.349922453213686488e-15
4.670000000000000000e+02 2.349922453213686488e-15
4.680000000000000000e+02 7.217938003485315779e-01
4.690000000000000000e+02 2.782061996514680891e-01
4.700000000000000000e+02 2.500046567530671597e-15
4.710000000000000000e+02 2.500046567530671597e-15
4.720000000000000000e+02 2.782061996514684221e-01
4.730000000000000000e+02 7.217938003485315779e-01
4.740000000000000000e+02 2.443510661172999898e-15
4.750000000000000000e+02 2.443510661172999898e-15
4.760000000000000000e+02 7.217938003485321330e-01
4.770000000000000000e+02 2.782061996514680335e-01
4.780000000000000000e+02 2.502850481854628107e-15
4.790000000000000000e+02 2.502850481854628107e-15
4.800000000000000000e+02 2.782061996514682556e-01
4.810000000000000000e+02 7.217938003485317999e-01
4.820000000000000000e+02 2.360619420967725052e-15
4.830000000000000000e+02 2.360619420967725052e-15
4.840000000000000000e+02 7.217938003485319109e-01
4.850000000000000000e+02 2.782061996514681446e-01
4.860000000000000000e+02 2.445112120300524075e-15
4.870000000000000000e+02 2.445112120300524075e-15
4.880000000000000000e+02 2.782061996514681446e-01
4.890000000000000000e+02 7.217938003485317999e-01
4.900000000000000000e+02 2.348683171788606376e-15
4.910000000000000000e+02 2.348683171788606376e-15
4.920000000000000000e+02 7.217938003485319109e-01
4.930000000000000000e+02 2.782061996514679780e-01
4.940000000000000000e+02 2.343176947579032919e-15
4.950000000000000000e+02 2.343176947579032919e-15
4.960000000000000000e+02 2.782061996514679225e-01
4.970000000000000000e+02 7.217938003485317999e-01
4.980000000000000000e+02 2.294427831448296644e-15
4.990000000000000000e+02 2.294427831448296644e-15
5.000000000000000000e+02 7.217938003485317999e-01
5.010000000000000000e+02 2.782061996514680891e-01
5.020000000000000000e+02 2.484831343276722647e-15
5.030000000000000000e+02 2.484831343276722647e-15
5.040000000000000000e+02 2.782061996514679780e-01
5.050000000000000000e+02 7.217938003485320220e-01
5.060000000000000000e+02 2.291231190979278657e-15
5.070000000000000000e+02 2.291231190979278657e-15
5.080000000000000000e+02 7.217938003485314669e-01
5.090000000000000000e+02 2.782061996514678670e-01
5.100000000000000000e+02 2.484953613342500310e-15
5.110000000000000000e+02 2.484953613342500310e-15
5.120000000000000000e+02 2.782061996514680335e-01
5.130000000000000000e+02 7.217938003485315779e-01
5.140000000000000000e+02 2.379276012399356147e-15
5.150000000000000000e+02 2.379276012399356147e-15
5.160000000000000000e+02 7.217938003485324661e-01
5.170000000000000000e+02 2.782061996514677560e-01
5.180000000000000000e+02 2.374125346518263623e-15
5.190000000000000000e+02 2.374125346518263623e-15
5.200000000000000000e+02 2.782061996514680335e-01
5.210000000000000000e+02 7.217938003485321330e-01
5.220000000000000000e+02 2.378789064442113935e-15
5.230000000000000000e+02 2.378789064442113935e-15
5.240000000000000000e+02 7.217938003485323550e-01
5.250000000000000000e+02 2.782061996514675339e-01
5.260000000000000000e+02 2.588277094792133233e-15
5.270000000000000000e+02 2.588277094792133233e-15
5.280000000000000000e+02 2.782061996514683111e-01
5.290000000000000000e+02 7.217938003485320220e-01
5.300000000000000000e+02 2.590277518542192551e-15
5.310000000000000000e+02 2.590277518542192551e-15
5.320000000000000000e+02 7.217938003485319109e-01
5.330000000000000000e+02 2.782061996514681446e-01
5.340000000000000000e+02 2.549138281729632515e-15
5.350000000000000000e+02 2.549138281729632515e-15
5.360000000000000000e+02 2.782061996514683666e-01
5.370000000000000000e+02 7.217938003485317999e-01
5.380000000000000000e+02 2.492655973650038204e-15
5.390000000000000000e+02 2.492655973650038204e-15
5.400000000000000000e+02 7.217938003485319109e-01
5.410000000000000000e+02 2.782061996514681446e-01
5.420000000000000000e+02 2.442936246612393922e-15
5.430000000000000000e+02 2.442936246612393922e-15
5.440000000000000000e+02 2.782061996514680891e-01
5.450000000000000000e+02 7.217938003485325771e-01
5.460000000000000000e+02 2.605377841518691092e-15
5.470000000000000000e+02 2.605377841518691092e-15
5.480000000000000000e+02 7.217938003485316889e-01
5.490000000000000000e+02 2.782061996514679225e-01
5.500000000000000000e+02 2.562377991997277092e-15
5.510000000000000000e+02 2.562377991997277092e-15
5.520000000000000000e+02 2.782061996514683111e-01
5.530000000000000000e+02 7.217938003485323550e-01
5.540000000000000000e+02 2.385017008867330632e-15
5.550000000000000000e+02 2.385017008867330632e-15
5.560000000000000000e+02 7.217938003485317999e-01
5.570000000000000000e+02 2.782061996514682001e-01
5.580000000000000000e+02 2.467210026555618821e-15
5.590000000000000000e+02 2.467210026555618821e-15
5.600000000000000000e+02 2.782061996514680891e-01
5.610000000000000000e+02 7.217938003485321330e-01
5.620000000000000000e+02 2.393105153791219791e-15
5.630000000000000000e+02 2.393105153791219791e-15
5.640000000000000000e+02 7.217938003485319109e-01
5.650000000000000000e+02 2.782061996514680891e-01
5.660000000000000000e+02 2.480132300069317121e-15
5.670000000000000000e+02 2.480132300069317121e-15
5.680000000000000000e+02 2.782061996514680335e-01
5.690000000000000000e+02 7.217938003485317999e-01
5.700000000000000000e+02 2.400406681284816668e-15
5.710000000000000000e+02 2.400406681284816668e-15
5.720000000000000000e+02 7.217938003485320220e-01
5.730000000000000000e+02 2.782061996514682001e-01
5.740000000000000000e+02 2.524334207030435054e-15
5.750000000000000000e+02 2.524334207030435054e-15
5.760000000000000000e+02 2.782061996514683666e-01
5.770000000000000000e+02 7.217938003485322440e-01
5.780000000000000000e+02 2.483736513567071086e-15
5.790000000000000000e+02 2.483736513567071086e-15
5.800000000000000000e+02 7.217938003485321330e-01
5.810000000000000000e+02 2.782061996514679225e-01
5.820000000000000000e+02 2.470000747773721882e-15
5.830000000000000000e+02 2.470000747773721882e-15
5.840000000000000000e+02 2.782061996514677560e-01
5.850000000000000000e+02 7.217938003485324661e-01
5.860000000000000000e+02 2.540416828534016540e-15
5.870000000000000000e+02 2.540416828534016540e-15
5.880000000000000000e+02 7.217938003485322440e-01
5.890000000000000000e+02 2.782061996514679225e-01
5.900000000000000000e+02 2.701326278169304634e-15
5.910000000000000000e+02 2.701326278169304634e-15
5.920000000000000000e+02 2.782061996514679225e-01
5.930000000000000000e+02 7.217938003485321330e-01
5.940000000000000000e+02 2.420851173106551273e-15
5.950000000000000000e+02 2.420851173106551273e-15
5.960000000000000000e+02 7.217938003485317999e-01
5.970000000000000000e+02 2.782061996514676450e-01
5.980000000000000000e+02 2.633458262418391864e-15
5.990000000000000000e+02 2.633458262418391864e-15
6.000000000000000000e+02 2.782061996514683666e-01
6.010000000000000000e+02 7.217938003485319109e-01
6.020000000000000000e+02 2.479632338151688246e-15
6.030000000000000000e+02 2.479632338151688246e-15
6.040000000000000000e+02 7.217938003485322440e-01
6.050000000000000000e+02 2.782061996514681446e-01
6.060000000000000000e+02 2.671603003999685438e-15
6.070000000000000000e+02 2.671603003999685438e-15
6.080000000000000000e+02 2.782061996514682556e-01
6.090000000000000000e+02 7.217938003485316889e-01
6.100000000000000000e+02 2.744622829362884279e-15
6.110000000000000000e+02 2.744622829362884279e-15
6.120000000000000000e+02 7.217938003485319109e-01
6.130000000000000000e+02 2.782061996514683111e-01
6.140000000000000000e+02 2.568008778200873248e-15
6.150000000000000000e+02 2.568008778200873248e-15
6.160000000000000000e+02 2.782061996514679780e-01
6.170000000000000000e+02 7.217938003485321330e-01
6.180000000000000000e+02 2.432801295033372931e-15
6.190000000000000000e+02 2.432801295033372931e-15
6.200000000000000000e+02 7.217938003485319109e-01
6.210000000000000000e+02 2.782061996514678670e-01
6.220000000000000000e+02 2.776870764482951333e-15
6.230000000000000000e+02 2.776870764482951333e-15
6.240000000000000000e+02 2.782061996514679225e-01
6.250000000000000000e+02 7.217938003485315779e-01
6.260000000000000000e+02 2.525109942410480198e-15
6.270000000000000000e+02 2.525109942410480198e-15
6.280000000000000000e+02 7.217938003485323550e-01
6.290000000000000000e+02 2.782061996514677560e-01
6.300000000000000000e+02 2.621666928488521621e-15
6.310000000000000000e+02 2.621666928488521621e-15
6.320000000000000000e+02 2.782061996514683666e-01
6.330000000000000000e+02 7.217938003485321330e-01
6.340000000000000000e+02 2.389746625893404742e-15
6.350000000000000000e+02 2.389746625893404742e-15
6.360000000000000000e+02 7.217938003485321330e-01
6.370000000000000000e+02 2.782061996514683111e-01
6.380000000000000000e+02 2.470188048162139441e-15
6.390000000000000000e+02 2.470188048162139441e-15
6.400000000000000000e+02 2.782061996514679780e-01
6.410000000000000000e+02 7.217938003485320220e-01
6.420000000000000000e+02 2.414347812349908045e-15
6.430000000000000000e+02 2.414347812349908045e-15
6.440000000000000000e+02 7.217938003485320220e-01
6.450000000000000000e+02 2.782061996514680891e-01
6.460000000000000000e+02 2.392048313832448977e-15
6.470000000000000000e+02 2.392048313832448977e-15
