 # x    y     z   (without spin degree)
-0.4330127018922192     29.5   0.0  
0.4330127018922194     29.0   0.0  
0.4330127018922194     28.0   0.0  
-0.4330127018922192     27.5   0.0  
-0.4330127018922192     26.5   0.0  
0.4330127018922194     26.0   0.0  
0.4330127018922194     25.0   0.0  
-0.4330127018922192     24.5   0.0  
-0.4330127018922192     23.5   0.0  
0.4330127018922194     23.0   0.0  
0.4330127018922194     22.0   0.0  
-0.4330127018922192     21.5   0.0  
-0.4330127018922192     20.5   0.0  
0.4330127018922194     20.0   0.0  
0.4330127018922194     19.0   0.0  
-0.4330127018922192     18.5   0.0  
-0.4330127018922192     17.5   0.0  
0.4330127018922194     17.0   0.0  
0.4330127018922194     16.0   0.0  
-0.4330127018922192     15.5   0.0  
-0.4330127018922192     14.5   0.0  
0.4330127018922194     14.0   0.0  
0.4330127018922194     13.0   0.0  
-0.4330127018922192     12.5   0.0  
-0.4330127018922192     11.5   0.0  
0.4330127018922194     11.0   0.0  
0.4330127018922194     10.0   0.0  
-0.4330127018922192     9.5   0.0  
-0.4330127018922192     8.5   0.0  
0.4330127018922194     8.0   0.0  
0.4330127018922194     7.0   0.0  
-0.4330127018922192     6.5   0.0  
-0.4330127018922192     5.5   0.0  
0.4330127018922194     5.0   0.0  
0.4330127018922194     4.0   0.0  
-0.4330127018922192     3.5   0.0  
-0.4330127018922192     2.5   0.0  
0.4330127018922194     2.0   0.0  
0.4330127018922194     1.0   0.0  
-0.4330127018922192     0.5   0.0  
-0.4330127018922192     -0.5   -0.0  
0.4330127018922194     -1.0   -0.0  
0.4330127018922194     -2.0   -0.0  
-0.4330127018922192     -2.5   -0.0  
-0.4330127018922192     -3.5   -0.0  
0.4330127018922194     -4.0   -0.0  
0.4330127018922194     -5.0   -0.0  
-0.4330127018922192     -5.5   -0.0  
-0.4330127018922192     -6.5   -0.0  
0.4330127018922194     -7.0   -0.0  
0.4330127018922194     -8.0   -0.0  
-0.4330127018922192     -8.5   -0.0  
-0.4330127018922192     -9.5   -0.0  
0.4330127018922194     -10.0   -0.0  
0.4330127018922194     -11.0   -0.0  
-0.4330127018922192     -11.5   -0.0  
-0.4330127018922192     -12.5   -0.0  
0.4330127018922194     -13.0   -0.0  
0.4330127018922194     -14.0   -0.0  
-0.4330127018922192     -14.5   -0.0  
-0.4330127018922192     -15.5   -0.0  
0.4330127018922194     -16.0   -0.0  
0.4330127018922194     -17.0   -0.0  
-0.4330127018922192     -17.5   -0.0  
-0.4330127018922192     -18.5   -0.0  
0.4330127018922194     -19.0   -0.0  
0.4330127018922194     -20.0   -0.0  
-0.4330127018922192     -20.5   -0.0  
-0.4330127018922192     -21.5   -0.0  
0.4330127018922194     -22.0   -0.0  
0.4330127018922194     -23.0   -0.0  
-0.4330127018922192     -23.5   -0.0  
-0.4330127018922192     -24.5   -0.0  
0.4330127018922194     -25.0   -0.0  
0.4330127018922194     -26.0   -0.0  
-0.4330127018922192     -26.5   -0.0  
-0.4330127018922192     -27.5   -0.0  
0.4330127018922194     -28.0   -0.0  
0.4330127018922194     -29.0   -0.0  
-0.4330127018922192     -29.5   -0.0  
