 # x    y     z   (without spin degree)
-0.5     -8.660254037844386   1.5  
0.5     -8.660254037844386   1.5  
-2.0     -7.794228634059947   1.5  
-1.0     -7.794228634059947   1.5  
-3.5     -6.928203230275509   1.5  
-2.5     -6.928203230275509   1.5  
-5.0     -6.0621778264910695   1.5  
-4.0     -6.0621778264910695   1.5  
-6.5     -5.196152422706631   1.5  
-5.5     -5.196152422706631   1.5  
-8.0     -4.330127018922193   1.5  
-7.0     -4.330127018922193   1.5  
-9.5     -3.464101615137753   1.5  
-8.5     -3.464101615137753   1.5  
-11.0     -2.5980762113533147   1.5  
-10.0     -2.5980762113533147   1.5  
-12.5     -1.7320508075688763   1.5  
-11.5     -1.7320508075688763   1.5  
-14.0     -0.866025403784438   1.5  
-13.0     -0.866025403784438   1.5  
-15.5     3.5233524087277696e-16   1.5  
-14.5     3.5233524087277696e-16   1.5  
1.0     -7.794228634059947   1.5  
2.0     -7.794228634059947   1.5  
-0.5     -6.928203230275509   1.5  
0.5     -6.928203230275509   1.5  
-2.0     -6.0621778264910695   1.5  
-1.0     -6.0621778264910695   1.5  
-3.5     -5.196152422706631   1.5  
-2.5     -5.196152422706631   1.5  
-5.0     -4.330127018922193   1.5  
-4.0     -4.330127018922193   1.5  
-6.5     -3.464101615137754   1.5  
-5.5     -3.464101615137754   1.5  
-8.0     -2.5980762113533147   1.5  
-7.0     -2.5980762113533147   1.5  
-9.5     -1.7320508075688763   1.5  
-8.5     -1.7320508075688763   1.5  
-11.0     -0.866025403784438   1.5  
-10.0     -0.866025403784438   1.5  
-12.5     3.5233524087277696e-16   1.5  
-11.5     3.5233524087277696e-16   1.5  
-14.0     0.8660254037844396   1.5  
-13.0     0.8660254037844396   1.5  
2.5     -6.928203230275509   1.5  
3.5     -6.928203230275509   1.5  
1.0     -6.0621778264910695   1.5  
2.0     -6.0621778264910695   1.5  
-0.5     -5.196152422706631   1.5  
0.5     -5.196152422706631   1.5  
-2.0     -4.330127018922193   1.5  
-1.0     -4.330127018922193   1.5  
-3.5     -3.464101615137753   1.5  
-2.5     -3.464101615137753   1.5  
-5.0     -2.5980762113533156   1.5  
-4.0     -2.5980762113533156   1.5  
-6.5     -1.7320508075688763   1.5  
-5.5     -1.7320508075688763   1.5  
-8.0     -0.8660254037844372   1.5  
-7.0     -0.8660254037844372   1.5  
-9.5     3.5233524087277696e-16   1.5  
-8.5     3.5233524087277696e-16   1.5  
-11.0     0.8660254037844396   1.5  
-10.0     0.8660254037844396   1.5  
-12.5     1.7320508075688772   1.5  
-11.5     1.7320508075688772   1.5  
4.0     -6.0621778264910695   1.5  
5.0     -6.0621778264910695   1.5  
2.5     -5.196152422706631   1.5  
3.5     -5.196152422706631   1.5  
1.0     -4.330127018922193   1.5  
2.0     -4.330127018922193   1.5  
-0.5     -3.464101615137753   1.5  
0.5     -3.464101615137753   1.5  
-2.0     -2.5980762113533147   1.5  
-1.0     -2.5980762113533147   1.5  
-3.5     -1.7320508075688763   1.5  
-2.5     -1.7320508075688763   1.5  
-5.0     -0.8660254037844372   1.5  
-4.0     -0.8660254037844372   1.5  
-6.5     3.5233524087277696e-16   1.5  
-5.5     3.5233524087277696e-16   1.5  
-8.0     0.8660254037844396   1.5  
-7.0     0.8660254037844396   1.5  
-9.5     1.732050807568879   1.5  
-8.5     1.732050807568879   1.5  
-11.0     2.5980762113533165   1.5  
-10.0     2.5980762113533165   1.5  
5.5     -5.196152422706631   1.5  
6.5     -5.196152422706631   1.5  
4.0     -4.330127018922193   1.5  
5.0     -4.330127018922193   1.5  
2.5     -3.464101615137753   1.5  
3.5     -3.464101615137753   1.5  
1.0     -2.5980762113533147   1.5  
2.0     -2.5980762113533147   1.5  
-0.5     -1.7320508075688763   1.5  
0.5     -1.7320508075688763   1.5  
-2.0     -0.866025403784438   1.5  
-1.0     -0.866025403784438   1.5  
-3.5     3.5233524087277696e-16   1.5  
-2.5     3.5233524087277696e-16   1.5  
-5.0     0.8660254037844396   1.5  
-4.0     0.8660254037844396   1.5  
-6.5     1.732050807568879   1.5  
-5.5     1.732050807568879   1.5  
-8.0     2.5980762113533165   1.5  
-7.0     2.5980762113533165   1.5  
-9.5     3.464101615137754   1.5  
-8.5     3.464101615137754   1.5  
7.0     -4.330127018922193   1.5  
8.0     -4.330127018922193   1.5  
5.5     -3.464101615137754   1.5  
6.5     -3.464101615137754   1.5  
4.0     -2.5980762113533156   1.5  
5.0     -2.5980762113533156   1.5  
2.5     -1.7320508075688763   1.5  
3.5     -1.7320508075688763   1.5  
1.0     -0.866025403784438   1.5  
2.0     -0.866025403784438   1.5  
-0.5     3.5233524087277696e-16   1.5  
0.5     3.5233524087277696e-16   1.5  
-2.0     0.8660254037844396   1.5  
-1.0     0.8660254037844396   1.5  
-3.5     1.732050807568879   1.5  
-2.5     1.732050807568879   1.5  
-5.0     2.5980762113533165   1.5  
-4.0     2.5980762113533165   1.5  
-6.5     3.464101615137754   1.5  
-5.5     3.464101615137754   1.5  
-8.0     4.330127018922193   1.5  
-7.0     4.330127018922193   1.5  
8.5     -3.464101615137753   1.5  
9.5     -3.464101615137753   1.5  
7.0     -2.5980762113533147   1.5  
8.0     -2.5980762113533147   1.5  
5.5     -1.7320508075688763   1.5  
6.5     -1.7320508075688763   1.5  
4.0     -0.8660254037844372   1.5  
5.0     -0.8660254037844372   1.5  
2.5     3.5233524087277696e-16   1.5  
3.5     3.5233524087277696e-16   1.5  
1.0     0.8660254037844396   1.5  
2.0     0.8660254037844396   1.5  
-0.5     1.732050807568879   1.5  
0.5     1.732050807568879   1.5  
-2.0     2.5980762113533165   1.5  
-1.0     2.5980762113533165   1.5  
-3.5     3.4641016151377557   1.5  
-2.5     3.4641016151377557   1.5  
-5.0     4.3301270189221945   1.5  
-4.0     4.3301270189221945   1.5  
-6.5     5.196152422706632   1.5  
-5.5     5.196152422706632   1.5  
10.0     -2.5980762113533147   1.5  
11.0     -2.5980762113533147   1.5  
8.5     -1.7320508075688763   1.5  
9.5     -1.7320508075688763   1.5  
7.0     -0.8660254037844372   1.5  
8.0     -0.8660254037844372   1.5  
5.5     3.5233524087277696e-16   1.5  
6.5     3.5233524087277696e-16   1.5  
4.0     0.8660254037844396   1.5  
5.0     0.8660254037844396   1.5  
2.5     1.732050807568879   1.5  
3.5     1.732050807568879   1.5  
1.0     2.5980762113533165   1.5  
2.0     2.5980762113533165   1.5  
-0.5     3.4641016151377557   1.5  
0.5     3.4641016151377557   1.5  
-2.0     4.3301270189221945   1.5  
-1.0     4.3301270189221945   1.5  
-3.5     5.196152422706632   1.5  
-2.5     5.196152422706632   1.5  
-5.0     6.0621778264910695   1.5  
-4.0     6.0621778264910695   1.5  
11.5     -1.7320508075688763   1.5  
12.5     -1.7320508075688763   1.5  
10.0     -0.866025403784438   1.5  
11.0     -0.866025403784438   1.5  
8.5     3.5233524087277696e-16   1.5  
9.5     3.5233524087277696e-16   1.5  
7.0     0.8660254037844396   1.5  
8.0     0.8660254037844396   1.5  
5.5     1.732050807568879   1.5  
6.5     1.732050807568879   1.5  
4.0     2.5980762113533165   1.5  
5.0     2.5980762113533165   1.5  
2.5     3.4641016151377557   1.5  
3.5     3.4641016151377557   1.5  
1.0     4.3301270189221945   1.5  
2.0     4.3301270189221945   1.5  
-0.5     5.196152422706632   1.5  
0.5     5.196152422706632   1.5  
-2.0     6.0621778264910695   1.5  
-1.0     6.0621778264910695   1.5  
-3.5     6.928203230275509   1.5  
-2.5     6.928203230275509   1.5  
13.0     -0.866025403784438   1.5  
14.0     -0.866025403784438   1.5  
11.5     3.5233524087277696e-16   1.5  
12.5     3.5233524087277696e-16   1.5  
10.0     0.8660254037844396   1.5  
11.0     0.8660254037844396   1.5  
8.5     1.732050807568879   1.5  
9.5     1.732050807568879   1.5  
7.0     2.5980762113533165   1.5  
8.0     2.5980762113533165   1.5  
5.5     3.464101615137754   1.5  
6.5     3.464101615137754   1.5  
4.0     4.3301270189221945   1.5  
5.0     4.3301270189221945   1.5  
2.5     5.196152422706632   1.5  
3.5     5.196152422706632   1.5  
1.0     6.0621778264910695   1.5  
2.0     6.0621778264910695   1.5  
-0.5     6.928203230275509   1.5  
0.5     6.928203230275509   1.5  
-2.0     7.794228634059948   1.5  
-1.0     7.794228634059948   1.5  
14.5     3.5233524087277696e-16   1.5  
15.5     3.5233524087277696e-16   1.5  
13.0     0.8660254037844396   1.5  
14.0     0.8660254037844396   1.5  
11.5     1.7320508075688772   1.5  
12.5     1.7320508075688772   1.5  
10.0     2.5980762113533165   1.5  
11.0     2.5980762113533165   1.5  
8.5     3.464101615137754   1.5  
9.5     3.464101615137754   1.5  
7.0     4.330127018922193   1.5  
8.0     4.330127018922193   1.5  
5.5     5.196152422706632   1.5  
6.5     5.196152422706632   1.5  
4.0     6.0621778264910695   1.5  
5.0     6.0621778264910695   1.5  
2.5     6.928203230275509   1.5  
3.5     6.928203230275509   1.5  
1.0     7.794228634059948   1.5  
2.0     7.794228634059948   1.5  
-0.5     8.660254037844386   1.5  
0.5     8.660254037844386   1.5  
-0.55     -8.57365149746594   -1.5  
0.55     -8.57365149746594   -1.5  
-2.2     -7.621023553303059   -1.5  
-1.1     -7.621023553303059   -1.5  
-3.8500000000000005     -6.668395609140175   -1.5  
-2.75     -6.668395609140175   -1.5  
-5.5     -5.715767664977292   -1.5  
-4.4     -5.715767664977292   -1.5  
-7.15     -4.763139720814411   -1.5  
-6.050000000000001     -4.763139720814411   -1.5  
-8.8     -3.8105117766515275   -1.5  
-7.700000000000001     -3.8105117766515275   -1.5  
-10.450000000000001     -2.8578838324886444   -1.5  
-9.350000000000001     -2.8578838324886444   -1.5  
-12.100000000000001     -1.9052558883257624   -1.5  
-11.0     -1.9052558883257624   -1.5  
-13.750000000000002     -0.9526279441628801   -1.5  
-12.65     -0.9526279441628801   -1.5  
-15.400000000000002     2.2373214392246156e-15   -1.5  
-14.3     2.2373214392246156e-15   -1.5  
1.1     -7.621023553303059   -1.5  
2.2     -7.621023553303059   -1.5  
-0.55     -6.668395609140175   -1.5  
0.55     -6.668395609140175   -1.5  
-2.2     -5.715767664977292   -1.5  
-1.1     -5.715767664977292   -1.5  
-3.8500000000000005     -4.763139720814411   -1.5  
-2.75     -4.763139720814411   -1.5  
-5.5     -3.8105117766515275   -1.5  
-4.4     -3.8105117766515275   -1.5  
-7.15     -2.8578838324886453   -1.5  
-6.050000000000001     -2.8578838324886453   -1.5  
-8.8     -1.9052558883257624   -1.5  
-7.700000000000001     -1.9052558883257624   -1.5  
-10.450000000000001     -0.9526279441628801   -1.5  
-9.350000000000001     -0.9526279441628801   -1.5  
-12.100000000000001     2.2373214392246156e-15   -1.5  
-11.0     2.2373214392246156e-15   -1.5  
-13.750000000000002     0.9526279441628844   -1.5  
-12.65     0.9526279441628844   -1.5  
2.75     -6.668395609140175   -1.5  
3.8500000000000005     -6.668395609140175   -1.5  
1.1     -5.715767664977292   -1.5  
2.2     -5.715767664977292   -1.5  
-0.55     -4.763139720814411   -1.5  
0.55     -4.763139720814411   -1.5  
-2.2     -3.8105117766515275   -1.5  
-1.1     -3.8105117766515275   -1.5  
-3.8500000000000005     -2.8578838324886444   -1.5  
-2.75     -2.8578838324886444   -1.5  
-5.5     -1.9052558883257633   -1.5  
-4.4     -1.9052558883257633   -1.5  
-7.15     -0.9526279441628801   -1.5  
-6.050000000000001     -0.9526279441628801   -1.5  
-8.8     3.2143177008947534e-15   -1.5  
-7.700000000000001     3.2143177008947534e-15   -1.5  
-10.450000000000001     0.9526279441628844   -1.5  
-9.350000000000001     0.9526279441628844   -1.5  
-12.100000000000001     1.9052558883257678   -1.5  
-11.0     1.9052558883257678   -1.5  
4.4     -5.715767664977292   -1.5  
5.5     -5.715767664977292   -1.5  
2.75     -4.763139720814411   -1.5  
3.8500000000000005     -4.763139720814411   -1.5  
1.1     -3.8105117766515275   -1.5  
2.2     -3.8105117766515275   -1.5  
-0.55     -2.8578838324886444   -1.5  
0.55     -2.8578838324886444   -1.5  
-2.2     -1.9052558883257624   -1.5  
-1.1     -1.9052558883257624   -1.5  
-3.8500000000000005     -0.9526279441628801   -1.5  
-2.75     -0.9526279441628801   -1.5  
-5.5     3.2143177008947534e-15   -1.5  
-4.4     3.2143177008947534e-15   -1.5  
-7.15     0.9526279441628844   -1.5  
-6.050000000000001     0.9526279441628844   -1.5  
-8.8     1.9052558883257678   -1.5  
-7.700000000000001     1.9052558883257678   -1.5  
-10.450000000000001     2.857883832488651   -1.5  
-9.350000000000001     2.857883832488651   -1.5  
6.050000000000001     -4.763139720814411   -1.5  
7.15     -4.763139720814411   -1.5  
4.4     -3.8105117766515275   -1.5  
5.5     -3.8105117766515275   -1.5  
2.75     -2.8578838324886444   -1.5  
3.8500000000000005     -2.8578838324886444   -1.5  
1.1     -1.9052558883257624   -1.5  
2.2     -1.9052558883257624   -1.5  
-0.55     -0.9526279441628801   -1.5  
0.55     -0.9526279441628801   -1.5  
-2.2     2.2373214392246156e-15   -1.5  
-1.1     2.2373214392246156e-15   -1.5  
-3.8500000000000005     0.9526279441628844   -1.5  
-2.75     0.9526279441628844   -1.5  
-5.5     1.9052558883257678   -1.5  
-4.4     1.9052558883257678   -1.5  
-7.15     2.857883832488651   -1.5  
-6.050000000000001     2.857883832488651   -1.5  
-8.8     3.8105117766515324   -1.5  
-7.700000000000001     3.8105117766515324   -1.5  
7.700000000000001     -3.8105117766515275   -1.5  
8.8     -3.8105117766515275   -1.5  
6.050000000000001     -2.8578838324886453   -1.5  
7.15     -2.8578838324886453   -1.5  
4.4     -1.9052558883257633   -1.5  
5.5     -1.9052558883257633   -1.5  
2.75     -0.9526279441628801   -1.5  
3.8500000000000005     -0.9526279441628801   -1.5  
1.1     2.2373214392246156e-15   -1.5  
2.2     2.2373214392246156e-15   -1.5  
-0.55     0.9526279441628844   -1.5  
0.55     0.9526279441628844   -1.5  
-2.2     1.9052558883257678   -1.5  
-1.1     1.9052558883257678   -1.5  
-3.8500000000000005     2.857883832488651   -1.5  
-2.75     2.857883832488651   -1.5  
-5.5     3.8105117766515324   -1.5  
-4.4     3.8105117766515324   -1.5  
-7.15     4.763139720814413   -1.5  
-6.050000000000001     4.763139720814413   -1.5  
9.350000000000001     -2.8578838324886444   -1.5  
10.450000000000001     -2.8578838324886444   -1.5  
7.700000000000001     -1.9052558883257624   -1.5  
8.8     -1.9052558883257624   -1.5  
6.050000000000001     -0.9526279441628801   -1.5  
7.15     -0.9526279441628801   -1.5  
4.4     3.2143177008947534e-15   -1.5  
5.5     3.2143177008947534e-15   -1.5  
2.75     0.9526279441628844   -1.5  
3.8500000000000005     0.9526279441628844   -1.5  
1.1     1.9052558883257678   -1.5  
2.2     1.9052558883257678   -1.5  
-0.55     2.857883832488651   -1.5  
0.55     2.857883832488651   -1.5  
-2.2     3.8105117766515324   -1.5  
-1.1     3.8105117766515324   -1.5  
-3.8500000000000005     4.763139720814415   -1.5  
-2.75     4.763139720814415   -1.5  
-5.5     5.715767664977299   -1.5  
-4.4     5.715767664977299   -1.5  
11.0     -1.9052558883257624   -1.5  
12.100000000000001     -1.9052558883257624   -1.5  
9.350000000000001     -0.9526279441628801   -1.5  
10.450000000000001     -0.9526279441628801   -1.5  
7.700000000000001     3.2143177008947534e-15   -1.5  
8.8     3.2143177008947534e-15   -1.5  
6.050000000000001     0.9526279441628844   -1.5  
7.15     0.9526279441628844   -1.5  
4.4     1.9052558883257678   -1.5  
5.5     1.9052558883257678   -1.5  
2.75     2.857883832488651   -1.5  
3.8500000000000005     2.857883832488651   -1.5  
1.1     3.8105117766515324   -1.5  
2.2     3.8105117766515324   -1.5  
-0.55     4.763139720814415   -1.5  
0.55     4.763139720814415   -1.5  
-2.2     5.715767664977299   -1.5  
-1.1     5.715767664977299   -1.5  
-3.8500000000000005     6.66839560914018   -1.5  
-2.75     6.66839560914018   -1.5  
12.65     -0.9526279441628801   -1.5  
13.750000000000002     -0.9526279441628801   -1.5  
11.0     2.2373214392246156e-15   -1.5  
12.100000000000001     2.2373214392246156e-15   -1.5  
9.350000000000001     0.9526279441628844   -1.5  
10.450000000000001     0.9526279441628844   -1.5  
7.700000000000001     1.9052558883257678   -1.5  
8.8     1.9052558883257678   -1.5  
6.050000000000001     2.857883832488651   -1.5  
7.15     2.857883832488651   -1.5  
4.4     3.8105117766515324   -1.5  
5.5     3.8105117766515324   -1.5  
2.75     4.763139720814415   -1.5  
3.8500000000000005     4.763139720814415   -1.5  
1.1     5.715767664977299   -1.5  
2.2     5.715767664977299   -1.5  
-0.55     6.66839560914018   -1.5  
0.55     6.66839560914018   -1.5  
-2.2     7.621023553303061   -1.5  
-1.1     7.621023553303061   -1.5  
14.3     2.2373214392246156e-15   -1.5  
15.400000000000002     2.2373214392246156e-15   -1.5  
12.65     0.9526279441628844   -1.5  
13.750000000000002     0.9526279441628844   -1.5  
11.0     1.9052558883257678   -1.5  
12.100000000000001     1.9052558883257678   -1.5  
9.350000000000001     2.857883832488651   -1.5  
10.450000000000001     2.857883832488651   -1.5  
7.700000000000001     3.8105117766515324   -1.5  
8.8     3.8105117766515324   -1.5  
6.050000000000001     4.763139720814413   -1.5  
7.15     4.763139720814413   -1.5  
4.4     5.715767664977299   -1.5  
5.5     5.715767664977299   -1.5  
2.75     6.66839560914018   -1.5  
3.8500000000000005     6.66839560914018   -1.5  
1.1     7.621023553303061   -1.5  
2.2     7.621023553303061   -1.5  
-0.55     8.573651497465944   -1.5  
0.55     8.573651497465944   -1.5  
