0.5  -1.7320508075688772  -0.5  -1.7320508075688772  1.1977
-1.0  -0.8660254037844386  -0.5  -1.7320508075688772  1.1977
-0.5  -1.7320508075688772  0.5  -1.7320508075688772  1.1977
1.0  -0.8660254037844386  0.5  -1.7320508075688772  1.1977
-1.0  -0.8660254037844386  -2.0  -0.8660254037844386  1.1977
-2.5  0.0  -2.0  -0.8660254037844386  1.1977
-0.5  -1.7320508075688772  -1.0  -0.8660254037844386  1.1977
-2.0  -0.8660254037844386  -1.0  -0.8660254037844386  1.1977
-0.5  0.0  -1.0  -0.8660254037844386  1.1977
-2.5  0.0  -3.5  0.0  1.1977
-2.0  -0.8660254037844386  -2.5  0.0  1.1977
-3.5  0.0  -2.5  0.0  1.1977
-2.0  0.8660254037844388  -2.5  0.0  1.1977
0.5  -1.7320508075688772  1.0  -0.8660254037844386  1.1977
2.0  -0.8660254037844386  1.0  -0.8660254037844386  1.1977
0.5  0.0  1.0  -0.8660254037844386  1.1977
1.0  -0.8660254037844386  2.0  -0.8660254037844386  1.1977
2.5  0.0  2.0  -0.8660254037844386  1.1977
-1.0  -0.8660254037844386  -0.5  0.0  1.1977
0.5  0.0  -0.5  0.0  1.1977
-1.0  0.8660254037844388  -0.5  0.0  1.1977
1.0  -0.8660254037844386  0.5  0.0  1.1977
-0.5  0.0  0.5  0.0  1.1977
1.0  0.8660254037844388  0.5  0.0  1.1977
-2.5  0.0  -2.0  0.8660254037844388  1.1977
-1.0  0.8660254037844388  -2.0  0.8660254037844388  1.1977
-0.5  0.0  -1.0  0.8660254037844388  1.1977
-2.0  0.8660254037844388  -1.0  0.8660254037844388  1.1977
-0.5  1.7320508075688772  -1.0  0.8660254037844388  1.1977
2.0  -0.8660254037844386  2.5  0.0  1.1977
3.5  0.0  2.5  0.0  1.1977
2.0  0.8660254037844388  2.5  0.0  1.1977
2.5  0.0  3.5  0.0  1.1977
0.5  0.0  1.0  0.8660254037844388  1.1977
2.0  0.8660254037844388  1.0  0.8660254037844388  1.1977
0.5  1.7320508075688772  1.0  0.8660254037844388  1.1977
2.5  0.0  2.0  0.8660254037844388  1.1977
1.0  0.8660254037844388  2.0  0.8660254037844388  1.1977
-1.0  0.8660254037844388  -0.5  1.7320508075688772  1.1977
0.5  1.7320508075688772  -0.5  1.7320508075688772  1.1977
1.0  0.8660254037844388  0.5  1.7320508075688772  1.1977
-0.5  1.7320508075688772  0.5  1.7320508075688772  1.1977
