-7.550874830814825754e-15 -1.450000000000000000e+01 0.000000000000000000e+00 -6.410365832216688986e+00
-8.660254037844460351e-01 -1.400000000000000000e+01 0.000000000000000000e+00 -6.423055080363516467e+00
-1.732050807568884965e+00 -1.350000000000000000e+01 0.000000000000000000e+00 -6.427292850497158483e+00
-2.598076211353323561e+00 -1.300000000000000000e+01 0.000000000000000000e+00 -6.426586541806659447e+00
-3.464101615137761936e+00 -1.250000000000000000e+01 0.000000000000000000e+00 -6.420752913337062218e+00
-4.330127018922200755e+00 -1.200000000000000000e+01 0.000000000000000000e+00 -6.405953398728580162e+00
8.660254037844311581e-01 -1.400000000000000000e+01 0.000000000000000000e+00 -6.423055080164246533e+00
-7.550874830814825754e-15 -1.350000000000000000e+01 0.000000000000000000e+00 -6.436672613106441787e+00
-8.660254037844460351e-01 -1.300000000000000000e+01 0.000000000000000000e+00 -6.441462711502940586e+00
-1.732050807568885187e+00 -1.250000000000000000e+01 0.000000000000000000e+00 -6.441073272876300493e+00
-2.598076211353323561e+00 -1.200000000000000000e+01 0.000000000000000000e+00 -6.435428187247909548e+00
-3.464101615137761936e+00 -1.150000000000000000e+01 0.000000000000000000e+00 -6.420752913137900642e+00
1.732050807568869422e+00 -1.350000000000000000e+01 0.000000000000000000e+00 -6.427292850128470292e+00
8.660254037844311581e-01 -1.300000000000000000e+01 0.000000000000000000e+00 -6.441462711333299396e+00
-7.550874830814825754e-15 -1.250000000000000000e+01 0.000000000000000000e+00 -6.446633343483595624e+00
-8.660254037844462571e-01 -1.200000000000000000e+01 0.000000000000000000e+00 -6.446510103403925385e+00
-1.732050807568884965e+00 -1.150000000000000000e+01 0.000000000000000000e+00 -6.441073272705091668e+00
-2.598076211353323117e+00 -1.100000000000000000e+01 0.000000000000000000e+00 -6.426586541437115940e+00
2.598076211353308462e+00 -1.300000000000000000e+01 0.000000000000000000e+00 -6.426586541437118605e+00
1.732050807568869644e+00 -1.250000000000000000e+01 0.000000000000000000e+00 -6.441073272705091668e+00
8.660254037844313801e-01 -1.200000000000000000e+01 0.000000000000000000e+00 -6.446510103403928049e+00
-7.550874830814825754e-15 -1.150000000000000000e+01 0.000000000000000000e+00 -6.446633343483592959e+00
-8.660254037844458130e-01 -1.100000000000000000e+01 0.000000000000000000e+00 -6.441462711333302060e+00
-1.732050807568884521e+00 -1.050000000000000000e+01 0.000000000000000000e+00 -6.427292850128474733e+00
3.464101615137746837e+00 -1.250000000000000000e+01 0.000000000000000000e+00 -6.420752913137897089e+00
2.598076211353308462e+00 -1.200000000000000000e+01 0.000000000000000000e+00 -6.435428187247908660e+00
1.732050807568869422e+00 -1.150000000000000000e+01 0.000000000000000000e+00 -6.441073272876298716e+00
8.660254037844309360e-01 -1.100000000000000000e+01 0.000000000000000000e+00 -6.441462711502937033e+00
-7.550874830814825754e-15 -1.050000000000000000e+01 0.000000000000000000e+00 -6.436672613106440011e+00
-8.660254037844458130e-01 -1.000000000000000000e+01 0.000000000000000000e+00 -6.423055080164242092e+00
4.330127018922184767e+00 -1.200000000000000000e+01 0.000000000000000000e+00 -6.405953398728581050e+00
3.464101615137746837e+00 -1.150000000000000000e+01 0.000000000000000000e+00 -6.420752913337062218e+00
2.598076211353308018e+00 -1.100000000000000000e+01 0.000000000000000000e+00 -6.426586541806659447e+00
1.732050807568868978e+00 -1.050000000000000000e+01 0.000000000000000000e+00 -6.427292850497159371e+00
8.660254037844309360e-01 -1.000000000000000000e+01 0.000000000000000000e+00 -6.423055080363517355e+00
-7.550874830814825754e-15 -9.500000000000000000e+00 0.000000000000000000e+00 -6.410365832216692539e+00
-5.196152422706640017e+00 -1.150000000000000000e+01 0.000000000000000000e+00 -6.410365832216688986e+00
-6.062177826491078392e+00 -1.100000000000000000e+01 0.000000000000000000e+00 -6.423055080363516467e+00
-6.928203230275517654e+00 -1.050000000000000000e+01 0.000000000000000000e+00 -6.427292850497158483e+00
-7.794228634059956029e+00 -1.000000000000000000e+01 0.000000000000000000e+00 -6.426586541806659447e+00
-8.660254037844392627e+00 -9.500000000000000000e+00 0.000000000000000000e+00 -6.420752913337062218e+00
-9.526279441628831890e+00 -9.000000000000000000e+00 0.000000000000000000e+00 -6.405953398728580162e+00
-4.330127018922201643e+00 -1.100000000000000000e+01 0.000000000000000000e+00 -6.423055080164246533e+00
-5.196152422706640017e+00 -1.050000000000000000e+01 0.000000000000000000e+00 -6.436672613106441787e+00
-6.062177826491078392e+00 -1.000000000000000000e+01 0.000000000000000000e+00 -6.441462711502940586e+00
-6.928203230275517654e+00 -9.500000000000000000e+00 0.000000000000000000e+00 -6.441073272876300493e+00
-7.794228634059956029e+00 -9.000000000000000000e+00 0.000000000000000000e+00 -6.435428187247909548e+00
-8.660254037844392627e+00 -8.500000000000000000e+00 0.000000000000000000e+00 -6.420752913137900642e+00
-3.464101615137762824e+00 -1.050000000000000000e+01 0.000000000000000000e+00 -6.427292850128470292e+00
-4.330127018922201643e+00 -1.000000000000000000e+01 0.000000000000000000e+00 -6.441462711333299396e+00
-5.196152422706640017e+00 -9.500000000000000000e+00 0.000000000000000000e+00 -6.446633343483595624e+00
-6.062177826491079280e+00 -9.000000000000000000e+00 0.000000000000000000e+00 -6.446510103403925385e+00
-6.928203230275517654e+00 -8.500000000000000000e+00 0.000000000000000000e+00 -6.441073272705091668e+00
-7.794228634059956029e+00 -8.000000000000000000e+00 0.000000000000000000e+00 -6.426586541437115940e+00
-2.598076211353323561e+00 -1.000000000000000000e+01 0.000000000000000000e+00 -6.426586541437118605e+00
-3.464101615137762380e+00 -9.500000000000000000e+00 0.000000000000000000e+00 -6.441073272705091668e+00
-4.330127018922200755e+00 -9.000000000000000000e+00 0.000000000000000000e+00 -6.446510103403928049e+00
-5.196152422706640017e+00 -8.500000000000000000e+00 0.000000000000000000e+00 -6.446633343483592959e+00
-6.062177826491078392e+00 -8.000000000000000000e+00 0.000000000000000000e+00 -6.441462711333302060e+00
-6.928203230275516766e+00 -7.500000000000000000e+00 0.000000000000000000e+00 -6.427292850128474733e+00
-1.732050807568885187e+00 -9.500000000000000000e+00 0.000000000000000000e+00 -6.420752913137897089e+00
-2.598076211353323561e+00 -9.000000000000000000e+00 0.000000000000000000e+00 -6.435428187247908660e+00
-3.464101615137762824e+00 -8.500000000000000000e+00 0.000000000000000000e+00 -6.441073272876298716e+00
-4.330127018922201643e+00 -8.000000000000000000e+00 0.000000000000000000e+00 -6.441462711502937033e+00
-5.196152422706640017e+00 -7.500000000000000000e+00 0.000000000000000000e+00 -6.436672613106440011e+00
-6.062177826491078392e+00 -7.000000000000000000e+00 0.000000000000000000e+00 -6.423055080164242092e+00
-8.660254037844467012e-01 -9.000000000000000000e+00 0.000000000000000000e+00 -6.405953398728581050e+00
-1.732050807568885187e+00 -8.500000000000000000e+00 0.000000000000000000e+00 -6.420752913337062218e+00
-2.598076211353324005e+00 -8.000000000000000000e+00 0.000000000000000000e+00 -6.426586541806659447e+00
-3.464101615137762824e+00 -7.500000000000000000e+00 0.000000000000000000e+00 -6.427292850497159371e+00
-4.330127018922201643e+00 -7.000000000000000000e+00 0.000000000000000000e+00 -6.423055080363517355e+00
-5.196152422706640017e+00 -6.500000000000000000e+00 0.000000000000000000e+00 -6.410365832216692539e+00
-1.039230484541327115e+01 -8.500000000000000000e+00 0.000000000000000000e+00 -6.410365832216688986e+00
-1.125833024919771042e+01 -8.000000000000000000e+00 0.000000000000000000e+00 -6.423055080363516467e+00
-1.212435565298214790e+01 -7.500000000000000000e+00 0.000000000000000000e+00 -6.427292850497158483e+00
-1.299038105676658716e+01 -7.000000000000000000e+00 0.000000000000000000e+00 -6.426586541806659447e+00
-1.385640646055102465e+01 -6.500000000000000000e+00 0.000000000000000000e+00 -6.420752913337062218e+00
-1.472243186433546391e+01 -6.000000000000000000e+00 0.000000000000000000e+00 -6.405953398728580162e+00
-9.526279441628831890e+00 -8.000000000000000000e+00 0.000000000000000000e+00 -6.423055080164246533e+00
-1.039230484541327115e+01 -7.500000000000000000e+00 0.000000000000000000e+00 -6.436672613106441787e+00
-1.125833024919771042e+01 -7.000000000000000000e+00 0.000000000000000000e+00 -6.441462711502940586e+00
-1.212435565298214968e+01 -6.500000000000000000e+00 0.000000000000000000e+00 -6.441073272876300493e+00
-1.299038105676658716e+01 -6.000000000000000000e+00 0.000000000000000000e+00 -6.435428187247909548e+00
-1.385640646055102465e+01 -5.500000000000000000e+00 0.000000000000000000e+00 -6.420752913137900642e+00
-8.660254037844394404e+00 -7.500000000000000000e+00 0.000000000000000000e+00 -6.427292850128470292e+00
-9.526279441628831890e+00 -7.000000000000000000e+00 0.000000000000000000e+00 -6.441462711333299396e+00
-1.039230484541327115e+01 -6.500000000000000000e+00 0.000000000000000000e+00 -6.446633343483595624e+00
-1.125833024919771042e+01 -6.000000000000000000e+00 0.000000000000000000e+00 -6.446510103403925385e+00
-1.212435565298214790e+01 -5.500000000000000000e+00 0.000000000000000000e+00 -6.441073272705091668e+00
-1.299038105676658716e+01 -5.000000000000000000e+00 0.000000000000000000e+00 -6.426586541437115940e+00
-7.794228634059956029e+00 -7.000000000000000000e+00 0.000000000000000000e+00 -6.426586541437118605e+00
-8.660254037844394404e+00 -6.500000000000000000e+00 0.000000000000000000e+00 -6.441073272705091668e+00
-9.526279441628831890e+00 -6.000000000000000000e+00 0.000000000000000000e+00 -6.446510103403928049e+00
-1.039230484541327115e+01 -5.500000000000000000e+00 0.000000000000000000e+00 -6.446633343483592959e+00
-1.125833024919770864e+01 -5.000000000000000000e+00 0.000000000000000000e+00 -6.441462711333302060e+00
-1.212435565298214790e+01 -4.500000000000000000e+00 0.000000000000000000e+00 -6.427292850128474733e+00
-6.928203230275517654e+00 -6.500000000000000000e+00 0.000000000000000000e+00 -6.420752913137897089e+00
-7.794228634059956029e+00 -6.000000000000000000e+00 0.000000000000000000e+00 -6.435428187247908660e+00
-8.660254037844394404e+00 -5.500000000000000000e+00 0.000000000000000000e+00 -6.441073272876298716e+00
-9.526279441628833666e+00 -5.000000000000000000e+00 0.000000000000000000e+00 -6.441462711502937033e+00
-1.039230484541327115e+01 -4.500000000000000000e+00 0.000000000000000000e+00 -6.436672613106440011e+00
-1.125833024919770864e+01 -4.000000000000000000e+00 0.000000000000000000e+00 -6.423055080164242092e+00
-6.062177826491079280e+00 -6.000000000000000000e+00 0.000000000000000000e+00 -6.405953398728581050e+00
-6.928203230275517654e+00 -5.500000000000000000e+00 0.000000000000000000e+00 -6.420752913337062218e+00
-7.794228634059956029e+00 -5.000000000000000000e+00 0.000000000000000000e+00 -6.426586541806659447e+00
-8.660254037844394404e+00 -4.500000000000000000e+00 0.000000000000000000e+00 -6.427292850497159371e+00
-9.526279441628833666e+00 -4.000000000000000000e+00 0.000000000000000000e+00 -6.423055080363517355e+00
-1.039230484541327115e+01 -3.500000000000000000e+00 0.000000000000000000e+00 -6.410365832216692539e+00
-1.558845726811990318e+01 -5.500000000000000000e+00 0.000000000000000000e+00 -6.410365832216688986e+00
-1.645448267190434066e+01 -5.000000000000000000e+00 0.000000000000000000e+00 -6.423055080363516467e+00
-1.732050807568878170e+01 -4.500000000000000000e+00 0.000000000000000000e+00 -6.427292850497158483e+00
-1.818653347947321919e+01 -4.000000000000000000e+00 0.000000000000000000e+00 -6.426586541806659447e+00
-1.905255888325765667e+01 -3.500000000000000000e+00 0.000000000000000000e+00 -6.420752913337062218e+00
-1.991858428704209416e+01 -3.000000000000000000e+00 0.000000000000000000e+00 -6.405953398728580162e+00
-1.472243186433546391e+01 -5.000000000000000000e+00 0.000000000000000000e+00 -6.423055080164246533e+00
-1.558845726811990318e+01 -4.500000000000000000e+00 0.000000000000000000e+00 -6.436672613106441787e+00
-1.645448267190434066e+01 -4.000000000000000000e+00 0.000000000000000000e+00 -6.441462711502940586e+00
-1.732050807568878170e+01 -3.500000000000000000e+00 0.000000000000000000e+00 -6.441073272876300493e+00
-1.818653347947321919e+01 -3.000000000000000000e+00 0.000000000000000000e+00 -6.435428187247909548e+00
-1.905255888325765667e+01 -2.500000000000000000e+00 0.000000000000000000e+00 -6.420752913137900642e+00
-1.385640646055102643e+01 -4.500000000000000000e+00 0.000000000000000000e+00 -6.427292850128470292e+00
-1.472243186433546391e+01 -4.000000000000000000e+00 0.000000000000000000e+00 -6.441462711333299396e+00
-1.558845726811990318e+01 -3.500000000000000000e+00 0.000000000000000000e+00 -6.446633343483595624e+00
-1.645448267190434066e+01 -3.000000000000000000e+00 0.000000000000000000e+00 -6.446510103403925385e+00
-1.732050807568878170e+01 -2.500000000000000000e+00 0.000000000000000000e+00 -6.441073272705091668e+00
-1.818653347947321919e+01 -2.000000000000000000e+00 0.000000000000000000e+00 -6.426586541437115940e+00
-1.299038105676658716e+01 -4.000000000000000000e+00 0.000000000000000000e+00 -6.426586541437118605e+00
-1.385640646055102643e+01 -3.500000000000000000e+00 0.000000000000000000e+00 -6.441073272705091668e+00
-1.472243186433546391e+01 -3.000000000000000000e+00 0.000000000000000000e+00 -6.446510103403928049e+00
-1.558845726811990318e+01 -2.500000000000000000e+00 0.000000000000000000e+00 -6.446633343483592959e+00
-1.645448267190434066e+01 -2.000000000000000000e+00 0.000000000000000000e+00 -6.441462711333302060e+00
-1.732050807568878170e+01 -1.500000000000000000e+00 0.000000000000000000e+00 -6.427292850128474733e+00
-1.212435565298214968e+01 -3.500000000000000000e+00 0.000000000000000000e+00 -6.420752913137897089e+00
-1.299038105676658716e+01 -3.000000000000000000e+00 0.000000000000000000e+00 -6.435428187247908660e+00
-1.385640646055102643e+01 -2.500000000000000000e+00 0.000000000000000000e+00 -6.441073272876298716e+00
-1.472243186433546569e+01 -2.000000000000000000e+00 0.000000000000000000e+00 -6.441462711502937033e+00
-1.558845726811990318e+01 -1.500000000000000000e+00 0.000000000000000000e+00 -6.436672613106440011e+00
-1.645448267190434066e+01 -1.000000000000000000e+00 0.000000000000000000e+00 -6.423055080164242092e+00
-1.125833024919771042e+01 -3.000000000000000000e+00 0.000000000000000000e+00 -6.405953398728581050e+00
-1.212435565298214968e+01 -2.500000000000000000e+00 0.000000000000000000e+00 -6.420752913337062218e+00
-1.299038105676658716e+01 -2.000000000000000000e+00 0.000000000000000000e+00 -6.426586541806659447e+00
-1.385640646055102643e+01 -1.500000000000000000e+00 0.000000000000000000e+00 -6.427292850497159371e+00
-1.472243186433546569e+01 -1.000000000000000000e+00 0.000000000000000000e+00 -6.423055080363517355e+00
-1.558845726811990318e+01 -5.000000000000000000e-01 0.000000000000000000e+00 -6.410365832216692539e+00
-2.078460969082653520e+01 -2.500000000000000000e+00 0.000000000000000000e+00 -6.410365832216688986e+00
-2.165063509461097269e+01 -2.000000000000000000e+00 0.000000000000000000e+00 -6.423055080363516467e+00
-2.251666049839541373e+01 -1.500000000000000000e+00 0.000000000000000000e+00 -6.427292850497158483e+00
-2.338268590217985121e+01 -1.000000000000000000e+00 0.000000000000000000e+00 -6.426586541806659447e+00
-2.424871130596428870e+01 -5.000000000000000000e-01 0.000000000000000000e+00 -6.420752913337062218e+00
-2.511473670974872618e+01 0.000000000000000000e+00 0.000000000000000000e+00 -6.405953398728580162e+00
-1.991858428704209771e+01 -2.000000000000000000e+00 0.000000000000000000e+00 -6.423055080164246533e+00
-2.078460969082653520e+01 -1.500000000000000000e+00 0.000000000000000000e+00 -6.436672613106441787e+00
-2.165063509461097269e+01 -1.000000000000000000e+00 0.000000000000000000e+00 -6.441462711502940586e+00
-2.251666049839541373e+01 -5.000000000000000000e-01 0.000000000000000000e+00 -6.441073272876300493e+00
-2.338268590217985121e+01 0.000000000000000000e+00 0.000000000000000000e+00 -6.435428187247909548e+00
-2.424871130596428870e+01 5.000000000000000000e-01 0.000000000000000000e+00 -6.420752913137900642e+00
-1.905255888325765667e+01 -1.500000000000000000e+00 0.000000000000000000e+00 -6.427292850128470292e+00
-1.991858428704209771e+01 -1.000000000000000000e+00 0.000000000000000000e+00 -6.441462711333299396e+00
-2.078460969082653520e+01 -5.000000000000000000e-01 0.000000000000000000e+00 -6.446633343483595624e+00
-2.165063509461097269e+01 0.000000000000000000e+00 0.000000000000000000e+00 -6.446510103403925385e+00
-2.251666049839541373e+01 5.000000000000000000e-01 0.000000000000000000e+00 -6.441073272705091668e+00
-2.338268590217985121e+01 1.000000000000000000e+00 0.000000000000000000e+00 -6.426586541437115940e+00
-1.818653347947321919e+01 -1.000000000000000000e+00 0.000000000000000000e+00 -6.426586541437118605e+00
-1.905255888325765667e+01 -5.000000000000000000e-01 0.000000000000000000e+00 -6.441073272705091668e+00
-1.991858428704209771e+01 0.000000000000000000e+00 0.000000000000000000e+00 -6.446510103403928049e+00
-2.078460969082653520e+01 5.000000000000000000e-01 0.000000000000000000e+00 -6.446633343483592959e+00
-2.165063509461097269e+01 1.000000000000000000e+00 0.000000000000000000e+00 -6.441462711333302060e+00
-2.251666049839541373e+01 1.500000000000000000e+00 0.000000000000000000e+00 -6.427292850128474733e+00
-1.732050807568878170e+01 -5.000000000000000000e-01 0.000000000000000000e+00 -6.420752913137897089e+00
-1.818653347947321919e+01 0.000000000000000000e+00 0.000000000000000000e+00 -6.435428187247908660e+00
-1.905255888325765667e+01 5.000000000000000000e-01 0.000000000000000000e+00 -6.441073272876298716e+00
-1.991858428704209771e+01 1.000000000000000000e+00 0.000000000000000000e+00 -6.441462711502937033e+00
-2.078460969082653520e+01 1.500000000000000000e+00 0.000000000000000000e+00 -6.436672613106440011e+00
-2.165063509461097269e+01 2.000000000000000000e+00 0.000000000000000000e+00 -6.423055080164242092e+00
-1.645448267190434422e+01 0.000000000000000000e+00 0.000000000000000000e+00 -6.405953398728581050e+00
-1.732050807568878170e+01 5.000000000000000000e-01 0.000000000000000000e+00 -6.420752913337062218e+00
-1.818653347947321919e+01 1.000000000000000000e+00 0.000000000000000000e+00 -6.426586541806659447e+00
-1.905255888325766023e+01 1.500000000000000000e+00 0.000000000000000000e+00 -6.427292850497159371e+00
-1.991858428704209771e+01 2.000000000000000000e+00 0.000000000000000000e+00 -6.423055080363517355e+00
-2.078460969082653520e+01 2.500000000000000000e+00 0.000000000000000000e+00 -6.410365832216692539e+00
5.196152422706624030e+00 -1.150000000000000000e+01 0.000000000000000000e+00 -6.410365832216688986e+00
4.330127018922185655e+00 -1.100000000000000000e+01 0.000000000000000000e+00 -6.423055080363516467e+00
3.464101615137746837e+00 -1.050000000000000000e+01 0.000000000000000000e+00 -6.427292850497158483e+00
2.598076211353308462e+00 -1.000000000000000000e+01 0.000000000000000000e+00 -6.426586541806659447e+00
1.732050807568870088e+00 -9.500000000000000000e+00 0.000000000000000000e+00 -6.420752913337062218e+00
8.660254037844318242e-01 -9.000000000000000000e+00 0.000000000000000000e+00 -6.405953398728580162e+00
6.062177826491062405e+00 -1.100000000000000000e+01 0.000000000000000000e+00 -6.423055080164246533e+00
5.196152422706624030e+00 -1.050000000000000000e+01 0.000000000000000000e+00 -6.436672613106441787e+00
4.330127018922185655e+00 -1.000000000000000000e+01 0.000000000000000000e+00 -6.441462711502940586e+00
3.464101615137746837e+00 -9.500000000000000000e+00 0.000000000000000000e+00 -6.441073272876300493e+00
2.598076211353308462e+00 -9.000000000000000000e+00 0.000000000000000000e+00 -6.435428187247909548e+00
1.732050807568870088e+00 -8.500000000000000000e+00 0.000000000000000000e+00 -6.420752913137900642e+00
6.928203230275500779e+00 -1.050000000000000000e+01 0.000000000000000000e+00 -6.427292850128470292e+00
6.062177826491062405e+00 -1.000000000000000000e+01 0.000000000000000000e+00 -6.441462711333299396e+00
5.196152422706624030e+00 -9.500000000000000000e+00 0.000000000000000000e+00 -6.446633343483595624e+00
4.330127018922184767e+00 -9.000000000000000000e+00 0.000000000000000000e+00 -6.446510103403925385e+00
3.464101615137746837e+00 -8.500000000000000000e+00 0.000000000000000000e+00 -6.441073272705091668e+00
2.598076211353308906e+00 -8.000000000000000000e+00 0.000000000000000000e+00 -6.426586541437115940e+00
7.794228634059940042e+00 -1.000000000000000000e+01 0.000000000000000000e+00 -6.426586541437118605e+00
6.928203230275500779e+00 -9.500000000000000000e+00 0.000000000000000000e+00 -6.441073272705091668e+00
6.062177826491063293e+00 -9.000000000000000000e+00 0.000000000000000000e+00 -6.446510103403928049e+00
5.196152422706624030e+00 -8.500000000000000000e+00 0.000000000000000000e+00 -6.446633343483592959e+00
4.330127018922185655e+00 -8.000000000000000000e+00 0.000000000000000000e+00 -6.441462711333302060e+00
3.464101615137747725e+00 -7.500000000000000000e+00 0.000000000000000000e+00 -6.427292850128474733e+00
8.660254037844378416e+00 -9.500000000000000000e+00 0.000000000000000000e+00 -6.420752913137897089e+00
7.794228634059940042e+00 -9.000000000000000000e+00 0.000000000000000000e+00 -6.435428187247908660e+00
6.928203230275500779e+00 -8.500000000000000000e+00 0.000000000000000000e+00 -6.441073272876298716e+00
6.062177826491062405e+00 -8.000000000000000000e+00 0.000000000000000000e+00 -6.441462711502937033e+00
5.196152422706624030e+00 -7.500000000000000000e+00 0.000000000000000000e+00 -6.436672613106440011e+00
4.330127018922185655e+00 -7.000000000000000000e+00 0.000000000000000000e+00 -6.423055080164242092e+00
9.526279441628817679e+00 -9.000000000000000000e+00 0.000000000000000000e+00 -6.405953398728581050e+00
8.660254037844378416e+00 -8.500000000000000000e+00 0.000000000000000000e+00 -6.420752913337062218e+00
7.794228634059940042e+00 -8.000000000000000000e+00 0.000000000000000000e+00 -6.426586541806659447e+00
6.928203230275500779e+00 -7.500000000000000000e+00 0.000000000000000000e+00 -6.427292850497159371e+00
6.062177826491062405e+00 -7.000000000000000000e+00 0.000000000000000000e+00 -6.423055080363517355e+00
5.196152422706624030e+00 -6.500000000000000000e+00 0.000000000000000000e+00 -6.410365832216692539e+00
-7.550874830814825754e-15 -8.500000000000000000e+00 0.000000000000000000e+00 -6.410365832216688986e+00
-8.660254037844460351e-01 -8.000000000000000000e+00 0.000000000000000000e+00 -6.423055080363516467e+00
-1.732050807568884965e+00 -7.500000000000000000e+00 0.000000000000000000e+00 -6.427292850497158483e+00
-2.598076211353323561e+00 -7.000000000000000000e+00 0.000000000000000000e+00 -6.426586541806659447e+00
-3.464101615137761936e+00 -6.500000000000000000e+00 0.000000000000000000e+00 -6.420752913337062218e+00
-4.330127018922200755e+00 -6.000000000000000000e+00 0.000000000000000000e+00 -6.405953398728580162e+00
8.660254037844311581e-01 -8.000000000000000000e+00 0.000000000000000000e+00 -6.423055080164246533e+00
-7.550874830814825754e-15 -7.500000000000000000e+00 0.000000000000000000e+00 -6.436672613106441787e+00
-8.660254037844460351e-01 -7.000000000000000000e+00 0.000000000000000000e+00 -6.441462711502940586e+00
-1.732050807568885187e+00 -6.500000000000000000e+00 0.000000000000000000e+00 -6.441073272876300493e+00
-2.598076211353323561e+00 -6.000000000000000000e+00 0.000000000000000000e+00 -6.435428187247909548e+00
-3.464101615137761936e+00 -5.500000000000000000e+00 0.000000000000000000e+00 -6.420752913137900642e+00
1.732050807568869422e+00 -7.500000000000000000e+00 0.000000000000000000e+00 -6.427292850128470292e+00
8.660254037844311581e-01 -7.000000000000000000e+00 0.000000000000000000e+00 -6.441462711333299396e+00
-7.550874830814825754e-15 -6.500000000000000000e+00 0.000000000000000000e+00 -6.446633343483595624e+00
-8.660254037844462571e-01 -6.000000000000000000e+00 0.000000000000000000e+00 -6.446510103403925385e+00
-1.732050807568884965e+00 -5.500000000000000000e+00 0.000000000000000000e+00 -6.441073272705091668e+00
-2.598076211353323117e+00 -5.000000000000000000e+00 0.000000000000000000e+00 -6.426586541437115940e+00
2.598076211353308462e+00 -7.000000000000000000e+00 0.000000000000000000e+00 -6.426586541437118605e+00
1.732050807568869644e+00 -6.500000000000000000e+00 0.000000000000000000e+00 -6.441073272705091668e+00
8.660254037844313801e-01 -6.000000000000000000e+00 0.000000000000000000e+00 -6.446510103403928049e+00
-7.550874830814825754e-15 -5.500000000000000000e+00 0.000000000000000000e+00 -6.446633343483592959e+00
-8.660254037844458130e-01 -5.000000000000000000e+00 0.000000000000000000e+00 -6.441462711333302060e+00
-1.732050807568884521e+00 -4.500000000000000000e+00 0.000000000000000000e+00 -6.427292850128474733e+00
3.464101615137746837e+00 -6.500000000000000000e+00 0.000000000000000000e+00 -6.420752913137897089e+00
2.598076211353308462e+00 -6.000000000000000000e+00 0.000000000000000000e+00 -6.435428187247908660e+00
1.732050807568869422e+00 -5.500000000000000000e+00 0.000000000000000000e+00 -6.441073272876298716e+00
8.660254037844309360e-01 -5.000000000000000000e+00 0.000000000000000000e+00 -6.441462711502937033e+00
-7.550874830814825754e-15 -4.500000000000000000e+00 0.000000000000000000e+00 -6.436672613106440011e+00
-8.660254037844458130e-01 -4.000000000000000000e+00 0.000000000000000000e+00 -6.423055080164242092e+00
4.330127018922184767e+00 -6.000000000000000000e+00 0.000000000000000000e+00 -6.405953398728581050e+00
3.464101615137746837e+00 -5.500000000000000000e+00 0.000000000000000000e+00 -6.420752913337062218e+00
2.598076211353308018e+00 -5.000000000000000000e+00 0.000000000000000000e+00 -6.426586541806659447e+00
1.732050807568868978e+00 -4.500000000000000000e+00 0.000000000000000000e+00 -6.427292850497159371e+00
8.660254037844309360e-01 -4.000000000000000000e+00 0.000000000000000000e+00 -6.423055080363517355e+00
-7.550874830814825754e-15 -3.500000000000000000e+00 0.000000000000000000e+00 -6.410365832216692539e+00
-5.196152422706640017e+00 -5.500000000000000000e+00 0.000000000000000000e+00 -6.410365832216688986e+00
-6.062177826491078392e+00 -5.000000000000000000e+00 0.000000000000000000e+00 -6.423055080363516467e+00
-6.928203230275517654e+00 -4.500000000000000000e+00 0.000000000000000000e+00 -6.427292850497158483e+00
-7.794228634059956029e+00 -4.000000000000000000e+00 0.000000000000000000e+00 -6.426586541806659447e+00
-8.660254037844392627e+00 -3.500000000000000000e+00 0.000000000000000000e+00 -6.420752913337062218e+00
-9.526279441628831890e+00 -3.000000000000000000e+00 0.000000000000000000e+00 -6.405953398728580162e+00
-4.330127018922201643e+00 -5.000000000000000000e+00 0.000000000000000000e+00 -6.423055080164246533e+00
-5.196152422706640017e+00 -4.500000000000000000e+00 0.000000000000000000e+00 -6.436672613106441787e+00
-6.062177826491078392e+00 -4.000000000000000000e+00 0.000000000000000000e+00 -6.441462711502940586e+00
-6.928203230275517654e+00 -3.500000000000000000e+00 0.000000000000000000e+00 -6.441073272876300493e+00
-7.794228634059956029e+00 -3.000000000000000000e+00 0.000000000000000000e+00 -6.435428187247909548e+00
-8.660254037844392627e+00 -2.500000000000000000e+00 0.000000000000000000e+00 -6.420752913137900642e+00
-3.464101615137762824e+00 -4.500000000000000000e+00 0.000000000000000000e+00 -6.427292850128470292e+00
-4.330127018922201643e+00 -4.000000000000000000e+00 0.000000000000000000e+00 -6.441462711333299396e+00
-5.196152422706640017e+00 -3.500000000000000000e+00 0.000000000000000000e+00 -6.446633343483595624e+00
-6.062177826491079280e+00 -3.000000000000000000e+00 0.000000000000000000e+00 -6.446510103403925385e+00
-6.928203230275517654e+00 -2.500000000000000000e+00 0.000000000000000000e+00 -6.441073272705091668e+00
-7.794228634059956029e+00 -2.000000000000000000e+00 0.000000000000000000e+00 -6.426586541437115940e+00
-2.598076211353323561e+00 -4.000000000000000000e+00 0.000000000000000000e+00 -6.426586541437118605e+00
-3.464101615137762380e+00 -3.500000000000000000e+00 0.000000000000000000e+00 -6.441073272705091668e+00
-4.330127018922200755e+00 -3.000000000000000000e+00 0.000000000000000000e+00 -6.446510103403928049e+00
-5.196152422706640017e+00 -2.500000000000000000e+00 0.000000000000000000e+00 -6.446633343483592959e+00
-6.062177826491078392e+00 -2.000000000000000000e+00 0.000000000000000000e+00 -6.441462711333302060e+00
-6.928203230275516766e+00 -1.500000000000000000e+00 0.000000000000000000e+00 -6.427292850128474733e+00
-1.732050807568885187e+00 -3.500000000000000000e+00 0.000000000000000000e+00 -6.420752913137897089e+00
-2.598076211353323561e+00 -3.000000000000000000e+00 0.000000000000000000e+00 -6.435428187247908660e+00
-3.464101615137762824e+00 -2.500000000000000000e+00 0.000000000000000000e+00 -6.441073272876298716e+00
-4.330127018922201643e+00 -2.000000000000000000e+00 0.000000000000000000e+00 -6.441462711502937033e+00
-5.196152422706640017e+00 -1.500000000000000000e+00 0.000000000000000000e+00 -6.436672613106440011e+00
-6.062177826491078392e+00 -1.000000000000000000e+00 0.000000000000000000e+00 -6.423055080164242092e+00
-8.660254037844467012e-01 -3.000000000000000000e+00 0.000000000000000000e+00 -6.405953398728581050e+00
-1.732050807568885187e+00 -2.500000000000000000e+00 0.000000000000000000e+00 -6.420752913337062218e+00
-2.598076211353324005e+00 -2.000000000000000000e+00 0.000000000000000000e+00 -6.426586541806659447e+00
-3.464101615137762824e+00 -1.500000000000000000e+00 0.000000000000000000e+00 -6.427292850497159371e+00
-4.330127018922201643e+00 -1.000000000000000000e+00 0.000000000000000000e+00 -6.423055080363517355e+00
-5.196152422706640017e+00 -5.000000000000000000e-01 0.000000000000000000e+00 -6.410365832216692539e+00
-1.039230484541327115e+01 -2.500000000000000000e+00 0.000000000000000000e+00 -6.410365832216688986e+00
-1.125833024919771042e+01 -2.000000000000000000e+00 0.000000000000000000e+00 -6.423055080363516467e+00
-1.212435565298214790e+01 -1.500000000000000000e+00 0.000000000000000000e+00 -6.427292850497158483e+00
-1.299038105676658716e+01 -1.000000000000000000e+00 0.000000000000000000e+00 -6.426586541806659447e+00
-1.385640646055102465e+01 -5.000000000000000000e-01 0.000000000000000000e+00 -6.420752913337062218e+00
-1.472243186433546391e+01 0.000000000000000000e+00 0.000000000000000000e+00 -6.405953398728580162e+00
-9.526279441628831890e+00 -2.000000000000000000e+00 0.000000000000000000e+00 -6.423055080164246533e+00
-1.039230484541327115e+01 -1.500000000000000000e+00 0.000000000000000000e+00 -6.436672613106441787e+00
-1.125833024919771042e+01 -1.000000000000000000e+00 0.000000000000000000e+00 -6.441462711502940586e+00
-1.212435565298214968e+01 -5.000000000000000000e-01 0.000000000000000000e+00 -6.441073272876300493e+00
-1.299038105676658716e+01 0.000000000000000000e+00 0.000000000000000000e+00 -6.435428187247909548e+00
-1.385640646055102465e+01 5.000000000000000000e-01 0.000000000000000000e+00 -6.420752913137900642e+00
-8.660254037844394404e+00 -1.500000000000000000e+00 0.000000000000000000e+00 -6.427292850128470292e+00
-9.526279441628831890e+00 -1.000000000000000000e+00 0.000000000000000000e+00 -6.441462711333299396e+00
-1.039230484541327115e+01 -5.000000000000000000e-01 0.000000000000000000e+00 -6.446633343483595624e+00
-1.125833024919771042e+01 0.000000000000000000e+00 0.000000000000000000e+00 -6.446510103403925385e+00
-1.212435565298214790e+01 5.000000000000000000e-01 0.000000000000000000e+00 -6.441073272705091668e+00
-1.299038105676658716e+01 1.000000000000000000e+00 0.000000000000000000e+00 -6.426586541437115940e+00
-7.794228634059956029e+00 -1.000000000000000000e+00 0.000000000000000000e+00 -6.426586541437118605e+00
-8.660254037844394404e+00 -5.000000000000000000e-01 0.000000000000000000e+00 -6.441073272705091668e+00
-9.526279441628831890e+00 0.000000000000000000e+00 0.000000000000000000e+00 -6.446510103403928049e+00
-1.039230484541327115e+01 5.000000000000000000e-01 0.000000000000000000e+00 -6.446633343483592959e+00
-1.125833024919770864e+01 1.000000000000000000e+00 0.000000000000000000e+00 -6.441462711333302060e+00
-1.212435565298214790e+01 1.500000000000000000e+00 0.000000000000000000e+00 -6.427292850128474733e+00
-6.928203230275517654e+00 -5.000000000000000000e-01 0.000000000000000000e+00 -6.420752913137897089e+00
-7.794228634059956029e+00 0.000000000000000000e+00 0.000000000000000000e+00 -6.435428187247908660e+00
-8.660254037844394404e+00 5.000000000000000000e-01 0.000000000000000000e+00 -6.441073272876298716e+00
-9.526279441628833666e+00 1.000000000000000000e+00 0.000000000000000000e+00 -6.441462711502937033e+00
-1.039230484541327115e+01 1.500000000000000000e+00 0.000000000000000000e+00 -6.436672613106440011e+00
-1.125833024919770864e+01 2.000000000000000000e+00 0.000000000000000000e+00 -6.423055080164242092e+00
-6.062177826491079280e+00 0.000000000000000000e+00 0.000000000000000000e+00 -6.405953398728581050e+00
-6.928203230275517654e+00 5.000000000000000000e-01 0.000000000000000000e+00 -6.420752913337062218e+00
-7.794228634059956029e+00 1.000000000000000000e+00 0.000000000000000000e+00 -6.426586541806659447e+00
-8.660254037844394404e+00 1.500000000000000000e+00 0.000000000000000000e+00 -6.427292850497159371e+00
-9.526279441628833666e+00 2.000000000000000000e+00 0.000000000000000000e+00 -6.423055080363517355e+00
-1.039230484541327115e+01 2.500000000000000000e+00 0.000000000000000000e+00 -6.410365832216692539e+00
-1.558845726811990318e+01 5.000000000000000000e-01 0.000000000000000000e+00 -6.410365832216688986e+00
-1.645448267190434066e+01 1.000000000000000000e+00 0.000000000000000000e+00 -6.423055080363516467e+00
-1.732050807568878170e+01 1.500000000000000000e+00 0.000000000000000000e+00 -6.427292850497158483e+00
-1.818653347947321919e+01 2.000000000000000000e+00 0.000000000000000000e+00 -6.426586541806659447e+00
-1.905255888325765667e+01 2.500000000000000000e+00 0.000000000000000000e+00 -6.420752913337062218e+00
-1.991858428704209416e+01 3.000000000000000000e+00 0.000000000000000000e+00 -6.405953398728580162e+00
-1.472243186433546391e+01 1.000000000000000000e+00 0.000000000000000000e+00 -6.423055080164246533e+00
-1.558845726811990318e+01 1.500000000000000000e+00 0.000000000000000000e+00 -6.436672613106441787e+00
-1.645448267190434066e+01 2.000000000000000000e+00 0.000000000000000000e+00 -6.441462711502940586e+00
-1.732050807568878170e+01 2.500000000000000000e+00 0.000000000000000000e+00 -6.441073272876300493e+00
-1.818653347947321919e+01 3.000000000000000000e+00 0.000000000000000000e+00 -6.435428187247909548e+00
-1.905255888325765667e+01 3.500000000000000000e+00 0.000000000000000000e+00 -6.420752913137900642e+00
-1.385640646055102643e+01 1.500000000000000000e+00 0.000000000000000000e+00 -6.427292850128470292e+00
-1.472243186433546391e+01 2.000000000000000000e+00 0.000000000000000000e+00 -6.441462711333299396e+00
-1.558845726811990318e+01 2.500000000000000000e+00 0.000000000000000000e+00 -6.446633343483595624e+00
-1.645448267190434066e+01 3.000000000000000000e+00 0.000000000000000000e+00 -6.446510103403925385e+00
-1.732050807568878170e+01 3.500000000000000000e+00 0.000000000000000000e+00 -6.441073272705091668e+00
-1.818653347947321919e+01 4.000000000000000000e+00 0.000000000000000000e+00 -6.426586541437115940e+00
-1.299038105676658716e+01 2.000000000000000000e+00 0.000000000000000000e+00 -6.426586541437118605e+00
-1.385640646055102643e+01 2.500000000000000000e+00 0.000000000000000000e+00 -6.441073272705091668e+00
-1.472243186433546391e+01 3.000000000000000000e+00 0.000000000000000000e+00 -6.446510103403928049e+00
-1.558845726811990318e+01 3.500000000000000000e+00 0.000000000000000000e+00 -6.446633343483592959e+00
-1.645448267190434066e+01 4.000000000000000000e+00 0.000000000000000000e+00 -6.441462711333302060e+00
-1.732050807568878170e+01 4.500000000000000000e+00 0.000000000000000000e+00 -6.427292850128474733e+00
-1.212435565298214968e+01 2.500000000000000000e+00 0.000000000000000000e+00 -6.420752913137897089e+00
-1.299038105676658716e+01 3.000000000000000000e+00 0.000000000000000000e+00 -6.435428187247908660e+00
-1.385640646055102643e+01 3.500000000000000000e+00 0.000000000000000000e+00 -6.441073272876298716e+00
-1.472243186433546569e+01 4.000000000000000000e+00 0.000000000000000000e+00 -6.441462711502937033e+00
-1.558845726811990318e+01 4.500000000000000000e+00 0.000000000000000000e+00 -6.436672613106440011e+00
-1.645448267190434066e+01 5.000000000000000000e+00 0.000000000000000000e+00 -6.423055080164242092e+00
-1.125833024919771042e+01 3.000000000000000000e+00 0.000000000000000000e+00 -6.405953398728581050e+00
-1.212435565298214968e+01 3.500000000000000000e+00 0.000000000000000000e+00 -6.420752913337062218e+00
-1.299038105676658716e+01 4.000000000000000000e+00 0.000000000000000000e+00 -6.426586541806659447e+00
-1.385640646055102643e+01 4.500000000000000000e+00 0.000000000000000000e+00 -6.427292850497159371e+00
-1.472243186433546569e+01 5.000000000000000000e+00 0.000000000000000000e+00 -6.423055080363517355e+00
-1.558845726811990318e+01 5.500000000000000000e+00 0.000000000000000000e+00 -6.410365832216692539e+00
1.039230484541325694e+01 -8.500000000000000000e+00 0.000000000000000000e+00 -6.410365832216688986e+00
9.526279441628817679e+00 -8.000000000000000000e+00 0.000000000000000000e+00 -6.423055080363516467e+00
8.660254037844380193e+00 -7.500000000000000000e+00 0.000000000000000000e+00 -6.427292850497158483e+00
7.794228634059940042e+00 -7.000000000000000000e+00 0.000000000000000000e+00 -6.426586541806659447e+00
6.928203230275501667e+00 -6.500000000000000000e+00 0.000000000000000000e+00 -6.420752913337062218e+00
6.062177826491063293e+00 -6.000000000000000000e+00 0.000000000000000000e+00 -6.405953398728580162e+00
1.125833024919769620e+01 -8.000000000000000000e+00 0.000000000000000000e+00 -6.423055080164246533e+00
1.039230484541325694e+01 -7.500000000000000000e+00 0.000000000000000000e+00 -6.436672613106441787e+00
9.526279441628817679e+00 -7.000000000000000000e+00 0.000000000000000000e+00 -6.441462711502940586e+00
8.660254037844378416e+00 -6.500000000000000000e+00 0.000000000000000000e+00 -6.441073272876300493e+00
7.794228634059940042e+00 -6.000000000000000000e+00 0.000000000000000000e+00 -6.435428187247909548e+00
6.928203230275501667e+00 -5.500000000000000000e+00 0.000000000000000000e+00 -6.420752913137900642e+00
1.212435565298213369e+01 -7.500000000000000000e+00 0.000000000000000000e+00 -6.427292850128470292e+00
1.125833024919769620e+01 -7.000000000000000000e+00 0.000000000000000000e+00 -6.441462711333299396e+00
1.039230484541325694e+01 -6.500000000000000000e+00 0.000000000000000000e+00 -6.446633343483595624e+00
9.526279441628817679e+00 -6.000000000000000000e+00 0.000000000000000000e+00 -6.446510103403925385e+00
8.660254037844380193e+00 -5.500000000000000000e+00 0.000000000000000000e+00 -6.441073272705091668e+00
7.794228634059940042e+00 -5.000000000000000000e+00 0.000000000000000000e+00 -6.426586541437115940e+00
1.299038105676657295e+01 -7.000000000000000000e+00 0.000000000000000000e+00 -6.426586541437118605e+00
1.212435565298213369e+01 -6.500000000000000000e+00 0.000000000000000000e+00 -6.441073272705091668e+00
1.125833024919769620e+01 -6.000000000000000000e+00 0.000000000000000000e+00 -6.446510103403928049e+00
1.039230484541325694e+01 -5.500000000000000000e+00 0.000000000000000000e+00 -6.446633343483592959e+00
9.526279441628819455e+00 -5.000000000000000000e+00 0.000000000000000000e+00 -6.441462711333302060e+00
8.660254037844380193e+00 -4.500000000000000000e+00 0.000000000000000000e+00 -6.427292850128474733e+00
1.385640646055101044e+01 -6.500000000000000000e+00 0.000000000000000000e+00 -6.420752913137897089e+00
1.299038105676657295e+01 -6.000000000000000000e+00 0.000000000000000000e+00 -6.435428187247908660e+00
1.212435565298213369e+01 -5.500000000000000000e+00 0.000000000000000000e+00 -6.441073272876298716e+00
1.125833024919769443e+01 -5.000000000000000000e+00 0.000000000000000000e+00 -6.441462711502937033e+00
1.039230484541325694e+01 -4.500000000000000000e+00 0.000000000000000000e+00 -6.436672613106440011e+00
9.526279441628819455e+00 -4.000000000000000000e+00 0.000000000000000000e+00 -6.423055080164242092e+00
1.472243186433544970e+01 -6.000000000000000000e+00 0.000000000000000000e+00 -6.405953398728581050e+00
1.385640646055101044e+01 -5.500000000000000000e+00 0.000000000000000000e+00 -6.420752913337062218e+00
1.299038105676657295e+01 -5.000000000000000000e+00 0.000000000000000000e+00 -6.426586541806659447e+00
1.212435565298213369e+01 -4.500000000000000000e+00 0.000000000000000000e+00 -6.427292850497159371e+00
1.125833024919769443e+01 -4.000000000000000000e+00 0.000000000000000000e+00 -6.423055080363517355e+00
1.039230484541325694e+01 -3.500000000000000000e+00 0.000000000000000000e+00 -6.410365832216692539e+00
5.196152422706624030e+00 -5.500000000000000000e+00 0.000000000000000000e+00 -6.410365832216688986e+00
4.330127018922185655e+00 -5.000000000000000000e+00 0.000000000000000000e+00 -6.423055080363516467e+00
3.464101615137746837e+00 -4.500000000000000000e+00 0.000000000000000000e+00 -6.427292850497158483e+00
2.598076211353308462e+00 -4.000000000000000000e+00 0.000000000000000000e+00 -6.426586541806659447e+00
1.732050807568870088e+00 -3.500000000000000000e+00 0.000000000000000000e+00 -6.420752913337062218e+00
8.660254037844318242e-01 -3.000000000000000000e+00 0.000000000000000000e+00 -6.405953398728580162e+00
6.062177826491062405e+00 -5.000000000000000000e+00 0.000000000000000000e+00 -6.423055080164246533e+00
5.196152422706624030e+00 -4.500000000000000000e+00 0.000000000000000000e+00 -6.436672613106441787e+00
4.330127018922185655e+00 -4.000000000000000000e+00 0.000000000000000000e+00 -6.441462711502940586e+00
3.464101615137746837e+00 -3.500000000000000000e+00 0.000000000000000000e+00 -6.441073272876300493e+00
2.598076211353308462e+00 -3.000000000000000000e+00 0.000000000000000000e+00 -6.435428187247909548e+00
1.732050807568870088e+00 -2.500000000000000000e+00 0.000000000000000000e+00 -6.420752913137900642e+00
6.928203230275500779e+00 -4.500000000000000000e+00 0.000000000000000000e+00 -6.427292850128470292e+00
6.062177826491062405e+00 -4.000000000000000000e+00 0.000000000000000000e+00 -6.441462711333299396e+00
5.196152422706624030e+00 -3.500000000000000000e+00 0.000000000000000000e+00 -6.446633343483595624e+00
4.330127018922184767e+00 -3.000000000000000000e+00 0.000000000000000000e+00 -6.446510103403925385e+00
3.464101615137746837e+00 -2.500000000000000000e+00 0.000000000000000000e+00 -6.441073272705091668e+00
2.598076211353308906e+00 -2.000000000000000000e+00 0.000000000000000000e+00 -6.426586541437115940e+00
7.794228634059940042e+00 -4.000000000000000000e+00 0.000000000000000000e+00 -6.426586541437118605e+00
6.928203230275500779e+00 -3.500000000000000000e+00 0.000000000000000000e+00 -6.441073272705091668e+00
6.062177826491063293e+00 -3.000000000000000000e+00 0.000000000000000000e+00 -6.446510103403928049e+00
5.196152422706624030e+00 -2.500000000000000000e+00 0.000000000000000000e+00 -6.446633343483592959e+00
4.330127018922185655e+00 -2.000000000000000000e+00 0.000000000000000000e+00 -6.441462711333302060e+00
3.464101615137747725e+00 -1.500000000000000000e+00 0.000000000000000000e+00 -6.427292850128474733e+00
8.660254037844378416e+00 -3.500000000000000000e+00 0.000000000000000000e+00 -6.420752913137897089e+00
7.794228634059940042e+00 -3.000000000000000000e+00 0.000000000000000000e+00 -6.435428187247908660e+00
6.928203230275500779e+00 -2.500000000000000000e+00 0.000000000000000000e+00 -6.441073272876298716e+00
6.062177826491062405e+00 -2.000000000000000000e+00 0.000000000000000000e+00 -6.441462711502937033e+00
5.196152422706624030e+00 -1.500000000000000000e+00 0.000000000000000000e+00 -6.436672613106440011e+00
4.330127018922185655e+00 -1.000000000000000000e+00 0.000000000000000000e+00 -6.423055080164242092e+00
9.526279441628817679e+00 -3.000000000000000000e+00 0.000000000000000000e+00 -6.405953398728581050e+00
8.660254037844378416e+00 -2.500000000000000000e+00 0.000000000000000000e+00 -6.420752913337062218e+00
7.794228634059940042e+00 -2.000000000000000000e+00 0.000000000000000000e+00 -6.426586541806659447e+00
6.928203230275500779e+00 -1.500000000000000000e+00 0.000000000000000000e+00 -6.427292850497159371e+00
6.062177826491062405e+00 -1.000000000000000000e+00 0.000000000000000000e+00 -6.423055080363517355e+00
5.196152422706624030e+00 -5.000000000000000000e-01 0.000000000000000000e+00 -6.410365832216692539e+00
-7.550874830814825754e-15 -2.500000000000000000e+00 0.000000000000000000e+00 -6.410365832216688986e+00
-8.660254037844460351e-01 -2.000000000000000000e+00 0.000000000000000000e+00 -6.423055080363516467e+00
-1.732050807568884965e+00 -1.500000000000000000e+00 0.000000000000000000e+00 -6.427292850497158483e+00
-2.598076211353323561e+00 -1.000000000000000000e+00 0.000000000000000000e+00 -6.426586541806659447e+00
-3.464101615137761936e+00 -5.000000000000000000e-01 0.000000000000000000e+00 -6.420752913337062218e+00
-4.330127018922200755e+00 0.000000000000000000e+00 0.000000000000000000e+00 -6.405953398728580162e+00
8.660254037844311581e-01 -2.000000000000000000e+00 0.000000000000000000e+00 -6.423055080164246533e+00
-7.550874830814825754e-15 -1.500000000000000000e+00 0.000000000000000000e+00 -6.436672613106441787e+00
-8.660254037844460351e-01 -1.000000000000000000e+00 0.000000000000000000e+00 -6.441462711502940586e+00
-1.732050807568885187e+00 -5.000000000000000000e-01 0.000000000000000000e+00 -6.441073272876300493e+00
-2.598076211353323561e+00 0.000000000000000000e+00 0.000000000000000000e+00 -6.435428187247909548e+00
-3.464101615137761936e+00 5.000000000000000000e-01 0.000000000000000000e+00 -6.420752913137900642e+00
1.732050807568869422e+00 -1.500000000000000000e+00 0.000000000000000000e+00 -6.427292850128470292e+00
8.660254037844311581e-01 -1.000000000000000000e+00 0.000000000000000000e+00 -6.441462711333299396e+00
-7.550874830814825754e-15 -5.000000000000000000e-01 0.000000000000000000e+00 -6.446633343483595624e+00
-8.660254037844462571e-01 0.000000000000000000e+00 0.000000000000000000e+00 -6.446510103403925385e+00
-1.732050807568884965e+00 5.000000000000000000e-01 0.000000000000000000e+00 -6.441073272705091668e+00
-2.598076211353323117e+00 1.000000000000000000e+00 0.000000000000000000e+00 -6.426586541437115940e+00
2.598076211353308462e+00 -1.000000000000000000e+00 0.000000000000000000e+00 -6.426586541437118605e+00
1.732050807568869644e+00 -5.000000000000000000e-01 0.000000000000000000e+00 -6.441073272705091668e+00
8.660254037844313801e-01 0.000000000000000000e+00 0.000000000000000000e+00 -6.446510103403928049e+00
-7.550874830814825754e-15 5.000000000000000000e-01 0.000000000000000000e+00 -6.446633343483592959e+00
-8.660254037844458130e-01 1.000000000000000000e+00 0.000000000000000000e+00 -6.441462711333302060e+00
-1.732050807568884521e+00 1.500000000000000000e+00 0.000000000000000000e+00 -6.427292850128474733e+00
3.464101615137746837e+00 -5.000000000000000000e-01 0.000000000000000000e+00 -6.420752913137897089e+00
2.598076211353308462e+00 0.000000000000000000e+00 0.000000000000000000e+00 -6.435428187247908660e+00
1.732050807568869422e+00 5.000000000000000000e-01 0.000000000000000000e+00 -6.441073272876298716e+00
8.660254037844309360e-01 1.000000000000000000e+00 0.000000000000000000e+00 -6.441462711502937033e+00
-7.550874830814825754e-15 1.500000000000000000e+00 0.000000000000000000e+00 -6.436672613106440011e+00
-8.660254037844458130e-01 2.000000000000000000e+00 0.000000000000000000e+00 -6.423055080164242092e+00
4.330127018922184767e+00 0.000000000000000000e+00 0.000000000000000000e+00 -6.405953398728581050e+00
3.464101615137746837e+00 5.000000000000000000e-01 0.000000000000000000e+00 -6.420752913337062218e+00
2.598076211353308018e+00 1.000000000000000000e+00 0.000000000000000000e+00 -6.426586541806659447e+00
1.732050807568868978e+00 1.500000000000000000e+00 0.000000000000000000e+00 -6.427292850497159371e+00
8.660254037844309360e-01 2.000000000000000000e+00 0.000000000000000000e+00 -6.423055080363517355e+00
-7.550874830814825754e-15 2.500000000000000000e+00 0.000000000000000000e+00 -6.410365832216692539e+00
-5.196152422706640017e+00 5.000000000000000000e-01 0.000000000000000000e+00 -6.410365832216688986e+00
-6.062177826491078392e+00 1.000000000000000000e+00 0.000000000000000000e+00 -6.423055080363516467e+00
-6.928203230275517654e+00 1.500000000000000000e+00 0.000000000000000000e+00 -6.427292850497158483e+00
-7.794228634059956029e+00 2.000000000000000000e+00 0.000000000000000000e+00 -6.426586541806659447e+00
-8.660254037844392627e+00 2.500000000000000000e+00 0.000000000000000000e+00 -6.420752913337062218e+00
-9.526279441628831890e+00 3.000000000000000000e+00 0.000000000000000000e+00 -6.405953398728580162e+00
-4.330127018922201643e+00 1.000000000000000000e+00 0.000000000000000000e+00 -6.423055080164246533e+00
-5.196152422706640017e+00 1.500000000000000000e+00 0.000000000000000000e+00 -6.436672613106441787e+00
-6.062177826491078392e+00 2.000000000000000000e+00 0.000000000000000000e+00 -6.441462711502940586e+00
-6.928203230275517654e+00 2.500000000000000000e+00 0.000000000000000000e+00 -6.441073272876300493e+00
-7.794228634059956029e+00 3.000000000000000000e+00 0.000000000000000000e+00 -6.435428187247909548e+00
-8.660254037844392627e+00 3.500000000000000000e+00 0.000000000000000000e+00 -6.420752913137900642e+00
-3.464101615137762824e+00 1.500000000000000000e+00 0.000000000000000000e+00 -6.427292850128470292e+00
-4.330127018922201643e+00 2.000000000000000000e+00 0.000000000000000000e+00 -6.441462711333299396e+00
-5.196152422706640017e+00 2.500000000000000000e+00 0.000000000000000000e+00 -6.446633343483595624e+00
-6.062177826491079280e+00 3.000000000000000000e+00 0.000000000000000000e+00 -6.446510103403925385e+00
-6.928203230275517654e+00 3.500000000000000000e+00 0.000000000000000000e+00 -6.441073272705091668e+00
-7.794228634059956029e+00 4.000000000000000000e+00 0.000000000000000000e+00 -6.426586541437115940e+00
-2.598076211353323561e+00 2.000000000000000000e+00 0.000000000000000000e+00 -6.426586541437118605e+00
-3.464101615137762380e+00 2.500000000000000000e+00 0.000000000000000000e+00 -6.441073272705091668e+00
-4.330127018922200755e+00 3.000000000000000000e+00 0.000000000000000000e+00 -6.446510103403928049e+00
-5.196152422706640017e+00 3.500000000000000000e+00 0.000000000000000000e+00 -6.446633343483592959e+00
-6.062177826491078392e+00 4.000000000000000000e+00 0.000000000000000000e+00 -6.441462711333302060e+00
-6.928203230275516766e+00 4.500000000000000000e+00 0.000000000000000000e+00 -6.427292850128474733e+00
-1.732050807568885187e+00 2.500000000000000000e+00 0.000000000000000000e+00 -6.420752913137897089e+00
-2.598076211353323561e+00 3.000000000000000000e+00 0.000000000000000000e+00 -6.435428187247908660e+00
-3.464101615137762824e+00 3.500000000000000000e+00 0.000000000000000000e+00 -6.441073272876298716e+00
-4.330127018922201643e+00 4.000000000000000000e+00 0.000000000000000000e+00 -6.441462711502937033e+00
-5.196152422706640017e+00 4.500000000000000000e+00 0.000000000000000000e+00 -6.436672613106440011e+00
-6.062177826491078392e+00 5.000000000000000000e+00 0.000000000000000000e+00 -6.423055080164242092e+00
-8.660254037844467012e-01 3.000000000000000000e+00 0.000000000000000000e+00 -6.405953398728581050e+00
-1.732050807568885187e+00 3.500000000000000000e+00 0.000000000000000000e+00 -6.420752913337062218e+00
-2.598076211353324005e+00 4.000000000000000000e+00 0.000000000000000000e+00 -6.426586541806659447e+00
-3.464101615137762824e+00 4.500000000000000000e+00 0.000000000000000000e+00 -6.427292850497159371e+00
-4.330127018922201643e+00 5.000000000000000000e+00 0.000000000000000000e+00 -6.423055080363517355e+00
-5.196152422706640017e+00 5.500000000000000000e+00 0.000000000000000000e+00 -6.410365832216692539e+00
-1.039230484541327115e+01 3.500000000000000000e+00 0.000000000000000000e+00 -6.410365832216688986e+00
-1.125833024919771042e+01 4.000000000000000000e+00 0.000000000000000000e+00 -6.423055080363516467e+00
-1.212435565298214790e+01 4.500000000000000000e+00 0.000000000000000000e+00 -6.427292850497158483e+00
-1.299038105676658716e+01 5.000000000000000000e+00 0.000000000000000000e+00 -6.426586541806659447e+00
-1.385640646055102465e+01 5.500000000000000000e+00 0.000000000000000000e+00 -6.420752913337062218e+00
-1.472243186433546391e+01 6.000000000000000000e+00 0.000000000000000000e+00 -6.405953398728580162e+00
-9.526279441628831890e+00 4.000000000000000000e+00 0.000000000000000000e+00 -6.423055080164246533e+00
-1.039230484541327115e+01 4.500000000000000000e+00 0.000000000000000000e+00 -6.436672613106441787e+00
-1.125833024919771042e+01 5.000000000000000000e+00 0.000000000000000000e+00 -6.441462711502940586e+00
-1.212435565298214968e+01 5.500000000000000000e+00 0.000000000000000000e+00 -6.441073272876300493e+00
-1.299038105676658716e+01 6.000000000000000000e+00 0.000000000000000000e+00 -6.435428187247909548e+00
-1.385640646055102465e+01 6.500000000000000000e+00 0.000000000000000000e+00 -6.420752913137900642e+00
-8.660254037844394404e+00 4.500000000000000000e+00 0.000000000000000000e+00 -6.427292850128470292e+00
-9.526279441628831890e+00 5.000000000000000000e+00 0.000000000000000000e+00 -6.441462711333299396e+00
-1.039230484541327115e+01 5.500000000000000000e+00 0.000000000000000000e+00 -6.446633343483595624e+00
-1.125833024919771042e+01 6.000000000000000000e+00 0.000000000000000000e+00 -6.446510103403925385e+00
-1.212435565298214790e+01 6.500000000000000000e+00 0.000000000000000000e+00 -6.441073272705091668e+00
-1.299038105676658716e+01 7.000000000000000000e+00 0.000000000000000000e+00 -6.426586541437115940e+00
-7.794228634059956029e+00 5.000000000000000000e+00 0.000000000000000000e+00 -6.426586541437118605e+00
-8.660254037844394404e+00 5.500000000000000000e+00 0.000000000000000000e+00 -6.441073272705091668e+00
-9.526279441628831890e+00 6.000000000000000000e+00 0.000000000000000000e+00 -6.446510103403928049e+00
-1.039230484541327115e+01 6.500000000000000000e+00 0.000000000000000000e+00 -6.446633343483592959e+00
-1.125833024919770864e+01 7.000000000000000000e+00 0.000000000000000000e+00 -6.441462711333302060e+00
-1.212435565298214790e+01 7.500000000000000000e+00 0.000000000000000000e+00 -6.427292850128474733e+00
-6.928203230275517654e+00 5.500000000000000000e+00 0.000000000000000000e+00 -6.420752913137897089e+00
-7.794228634059956029e+00 6.000000000000000000e+00 0.000000000000000000e+00 -6.435428187247908660e+00
-8.660254037844394404e+00 6.500000000000000000e+00 0.000000000000000000e+00 -6.441073272876298716e+00
-9.526279441628833666e+00 7.000000000000000000e+00 0.000000000000000000e+00 -6.441462711502937033e+00
-1.039230484541327115e+01 7.500000000000000000e+00 0.000000000000000000e+00 -6.436672613106440011e+00
-1.125833024919770864e+01 8.000000000000000000e+00 0.000000000000000000e+00 -6.423055080164242092e+00
-6.062177826491079280e+00 6.000000000000000000e+00 0.000000000000000000e+00 -6.405953398728581050e+00
-6.928203230275517654e+00 6.500000000000000000e+00 0.000000000000000000e+00 -6.420752913337062218e+00
-7.794228634059956029e+00 7.000000000000000000e+00 0.000000000000000000e+00 -6.426586541806659447e+00
-8.660254037844394404e+00 7.500000000000000000e+00 0.000000000000000000e+00 -6.427292850497159371e+00
-9.526279441628833666e+00 8.000000000000000000e+00 0.000000000000000000e+00 -6.423055080363517355e+00
-1.039230484541327115e+01 8.500000000000000000e+00 0.000000000000000000e+00 -6.410365832216692539e+00
1.558845726811988897e+01 -5.500000000000000000e+00 0.000000000000000000e+00 -6.410365832216688986e+00
1.472243186433544970e+01 -5.000000000000000000e+00 0.000000000000000000e+00 -6.423055080363516467e+00
1.385640646055101222e+01 -4.500000000000000000e+00 0.000000000000000000e+00 -6.427292850497158483e+00
1.299038105676657295e+01 -4.000000000000000000e+00 0.000000000000000000e+00 -6.426586541806659447e+00
1.212435565298213547e+01 -3.500000000000000000e+00 0.000000000000000000e+00 -6.420752913337062218e+00
1.125833024919769620e+01 -3.000000000000000000e+00 0.000000000000000000e+00 -6.405953398728580162e+00
1.645448267190432645e+01 -5.000000000000000000e+00 0.000000000000000000e+00 -6.423055080164246533e+00
1.558845726811988897e+01 -4.500000000000000000e+00 0.000000000000000000e+00 -6.436672613106441787e+00
1.472243186433544970e+01 -4.000000000000000000e+00 0.000000000000000000e+00 -6.441462711502940586e+00
1.385640646055101044e+01 -3.500000000000000000e+00 0.000000000000000000e+00 -6.441073272876300493e+00
1.299038105676657295e+01 -3.000000000000000000e+00 0.000000000000000000e+00 -6.435428187247909548e+00
1.212435565298213547e+01 -2.500000000000000000e+00 0.000000000000000000e+00 -6.420752913137900642e+00
1.732050807568876749e+01 -4.500000000000000000e+00 0.000000000000000000e+00 -6.427292850128470292e+00
1.645448267190432645e+01 -4.000000000000000000e+00 0.000000000000000000e+00 -6.441462711333299396e+00
1.558845726811988897e+01 -3.500000000000000000e+00 0.000000000000000000e+00 -6.446633343483595624e+00
1.472243186433544970e+01 -3.000000000000000000e+00 0.000000000000000000e+00 -6.446510103403925385e+00
1.385640646055101222e+01 -2.500000000000000000e+00 0.000000000000000000e+00 -6.441073272705091668e+00
1.299038105676657295e+01 -2.000000000000000000e+00 0.000000000000000000e+00 -6.426586541437115940e+00
1.818653347947320498e+01 -4.000000000000000000e+00 0.000000000000000000e+00 -6.426586541437118605e+00
1.732050807568876749e+01 -3.500000000000000000e+00 0.000000000000000000e+00 -6.441073272705091668e+00
1.645448267190432645e+01 -3.000000000000000000e+00 0.000000000000000000e+00 -6.446510103403928049e+00
1.558845726811988897e+01 -2.500000000000000000e+00 0.000000000000000000e+00 -6.446633343483592959e+00
1.472243186433545148e+01 -2.000000000000000000e+00 0.000000000000000000e+00 -6.441462711333302060e+00
1.385640646055101222e+01 -1.500000000000000000e+00 0.000000000000000000e+00 -6.427292850128474733e+00
1.905255888325764246e+01 -3.500000000000000000e+00 0.000000000000000000e+00 -6.420752913137897089e+00
1.818653347947320498e+01 -3.000000000000000000e+00 0.000000000000000000e+00 -6.435428187247908660e+00
1.732050807568876749e+01 -2.500000000000000000e+00 0.000000000000000000e+00 -6.441073272876298716e+00
1.645448267190432645e+01 -2.000000000000000000e+00 0.000000000000000000e+00 -6.441462711502937033e+00
1.558845726811988897e+01 -1.500000000000000000e+00 0.000000000000000000e+00 -6.436672613106440011e+00
1.472243186433545148e+01 -1.000000000000000000e+00 0.000000000000000000e+00 -6.423055080164242092e+00
1.991858428704207995e+01 -3.000000000000000000e+00 0.000000000000000000e+00 -6.405953398728581050e+00
1.905255888325764246e+01 -2.500000000000000000e+00 0.000000000000000000e+00 -6.420752913337062218e+00
1.818653347947320498e+01 -2.000000000000000000e+00 0.000000000000000000e+00 -6.426586541806659447e+00
1.732050807568876394e+01 -1.500000000000000000e+00 0.000000000000000000e+00 -6.427292850497159371e+00
1.645448267190432645e+01 -1.000000000000000000e+00 0.000000000000000000e+00 -6.423055080363517355e+00
1.558845726811988897e+01 -5.000000000000000000e-01 0.000000000000000000e+00 -6.410365832216692539e+00
1.039230484541325694e+01 -2.500000000000000000e+00 0.000000000000000000e+00 -6.410365832216688986e+00
9.526279441628817679e+00 -2.000000000000000000e+00 0.000000000000000000e+00 -6.423055080363516467e+00
8.660254037844380193e+00 -1.500000000000000000e+00 0.000000000000000000e+00 -6.427292850497158483e+00
7.794228634059940042e+00 -1.000000000000000000e+00 0.000000000000000000e+00 -6.426586541806659447e+00
6.928203230275501667e+00 -5.000000000000000000e-01 0.000000000000000000e+00 -6.420752913337062218e+00
6.062177826491063293e+00 0.000000000000000000e+00 0.000000000000000000e+00 -6.405953398728580162e+00
1.125833024919769620e+01 -2.000000000000000000e+00 0.000000000000000000e+00 -6.423055080164246533e+00
1.039230484541325694e+01 -1.500000000000000000e+00 0.000000000000000000e+00 -6.436672613106441787e+00
9.526279441628817679e+00 -1.000000000000000000e+00 0.000000000000000000e+00 -6.441462711502940586e+00
8.660254037844378416e+00 -5.000000000000000000e-01 0.000000000000000000e+00 -6.441073272876300493e+00
7.794228634059940042e+00 0.000000000000000000e+00 0.000000000000000000e+00 -6.435428187247909548e+00
6.928203230275501667e+00 5.000000000000000000e-01 0.000000000000000000e+00 -6.420752913137900642e+00
1.212435565298213369e+01 -1.500000000000000000e+00 0.000000000000000000e+00 -6.427292850128470292e+00
1.125833024919769620e+01 -1.000000000000000000e+00 0.000000000000000000e+00 -6.441462711333299396e+00
1.039230484541325694e+01 -5.000000000000000000e-01 0.000000000000000000e+00 -6.446633343483595624e+00
9.526279441628817679e+00 0.000000000000000000e+00 0.000000000000000000e+00 -6.446510103403925385e+00
8.660254037844380193e+00 5.000000000000000000e-01 0.000000000000000000e+00 -6.441073272705091668e+00
7.794228634059940042e+00 1.000000000000000000e+00 0.000000000000000000e+00 -6.426586541437115940e+00
1.299038105676657295e+01 -1.000000000000000000e+00 0.000000000000000000e+00 -6.426586541437118605e+00
1.212435565298213369e+01 -5.000000000000000000e-01 0.000000000000000000e+00 -6.441073272705091668e+00
1.125833024919769620e+01 0.000000000000000000e+00 0.000000000000000000e+00 -6.446510103403928049e+00
1.039230484541325694e+01 5.000000000000000000e-01 0.000000000000000000e+00 -6.446633343483592959e+00
9.526279441628819455e+00 1.000000000000000000e+00 0.000000000000000000e+00 -6.441462711333302060e+00
8.660254037844380193e+00 1.500000000000000000e+00 0.000000000000000000e+00 -6.427292850128474733e+00
1.385640646055101044e+01 -5.000000000000000000e-01 0.000000000000000000e+00 -6.420752913137897089e+00
1.299038105676657295e+01 0.000000000000000000e+00 0.000000000000000000e+00 -6.435428187247908660e+00
1.212435565298213369e+01 5.000000000000000000e-01 0.000000000000000000e+00 -6.441073272876298716e+00
1.125833024919769443e+01 1.000000000000000000e+00 0.000000000000000000e+00 -6.441462711502937033e+00
1.039230484541325694e+01 1.500000000000000000e+00 0.000000000000000000e+00 -6.436672613106440011e+00
9.526279441628819455e+00 2.000000000000000000e+00 0.000000000000000000e+00 -6.423055080164242092e+00
1.472243186433544970e+01 0.000000000000000000e+00 0.000000000000000000e+00 -6.405953398728581050e+00
1.385640646055101044e+01 5.000000000000000000e-01 0.000000000000000000e+00 -6.420752913337062218e+00
1.299038105676657295e+01 1.000000000000000000e+00 0.000000000000000000e+00 -6.426586541806659447e+00
1.212435565298213369e+01 1.500000000000000000e+00 0.000000000000000000e+00 -6.427292850497159371e+00
1.125833024919769443e+01 2.000000000000000000e+00 0.000000000000000000e+00 -6.423055080363517355e+00
1.039230484541325694e+01 2.500000000000000000e+00 0.000000000000000000e+00 -6.410365832216692539e+00
5.196152422706624030e+00 5.000000000000000000e-01 0.000000000000000000e+00 -6.410365832216688986e+00
4.330127018922185655e+00 1.000000000000000000e+00 0.000000000000000000e+00 -6.423055080363516467e+00
3.464101615137746837e+00 1.500000000000000000e+00 0.000000000000000000e+00 -6.427292850497158483e+00
2.598076211353308462e+00 2.000000000000000000e+00 0.000000000000000000e+00 -6.426586541806659447e+00
1.732050807568870088e+00 2.500000000000000000e+00 0.000000000000000000e+00 -6.420752913337062218e+00
8.660254037844318242e-01 3.000000000000000000e+00 0.000000000000000000e+00 -6.405953398728580162e+00
6.062177826491062405e+00 1.000000000000000000e+00 0.000000000000000000e+00 -6.423055080164246533e+00
5.196152422706624030e+00 1.500000000000000000e+00 0.000000000000000000e+00 -6.436672613106441787e+00
4.330127018922185655e+00 2.000000000000000000e+00 0.000000000000000000e+00 -6.441462711502940586e+00
3.464101615137746837e+00 2.500000000000000000e+00 0.000000000000000000e+00 -6.441073272876300493e+00
2.598076211353308462e+00 3.000000000000000000e+00 0.000000000000000000e+00 -6.435428187247909548e+00
1.732050807568870088e+00 3.500000000000000000e+00 0.000000000000000000e+00 -6.420752913137900642e+00
6.928203230275500779e+00 1.500000000000000000e+00 0.000000000000000000e+00 -6.427292850128470292e+00
6.062177826491062405e+00 2.000000000000000000e+00 0.000000000000000000e+00 -6.441462711333299396e+00
5.196152422706624030e+00 2.500000000000000000e+00 0.000000000000000000e+00 -6.446633343483595624e+00
4.330127018922184767e+00 3.000000000000000000e+00 0.000000000000000000e+00 -6.446510103403925385e+00
3.464101615137746837e+00 3.500000000000000000e+00 0.000000000000000000e+00 -6.441073272705091668e+00
2.598076211353308906e+00 4.000000000000000000e+00 0.000000000000000000e+00 -6.426586541437115940e+00
7.794228634059940042e+00 2.000000000000000000e+00 0.000000000000000000e+00 -6.426586541437118605e+00
6.928203230275500779e+00 2.500000000000000000e+00 0.000000000000000000e+00 -6.441073272705091668e+00
6.062177826491063293e+00 3.000000000000000000e+00 0.000000000000000000e+00 -6.446510103403928049e+00
5.196152422706624030e+00 3.500000000000000000e+00 0.000000000000000000e+00 -6.446633343483592959e+00
4.330127018922185655e+00 4.000000000000000000e+00 0.000000000000000000e+00 -6.441462711333302060e+00
3.464101615137747725e+00 4.500000000000000000e+00 0.000000000000000000e+00 -6.427292850128474733e+00
8.660254037844378416e+00 2.500000000000000000e+00 0.000000000000000000e+00 -6.420752913137897089e+00
7.794228634059940042e+00 3.000000000000000000e+00 0.000000000000000000e+00 -6.435428187247908660e+00
6.928203230275500779e+00 3.500000000000000000e+00 0.000000000000000000e+00 -6.441073272876298716e+00
6.062177826491062405e+00 4.000000000000000000e+00 0.000000000000000000e+00 -6.441462711502937033e+00
5.196152422706624030e+00 4.500000000000000000e+00 0.000000000000000000e+00 -6.436672613106440011e+00
4.330127018922185655e+00 5.000000000000000000e+00 0.000000000000000000e+00 -6.423055080164242092e+00
9.526279441628817679e+00 3.000000000000000000e+00 0.000000000000000000e+00 -6.405953398728581050e+00
8.660254037844378416e+00 3.500000000000000000e+00 0.000000000000000000e+00 -6.420752913337062218e+00
7.794228634059940042e+00 4.000000000000000000e+00 0.000000000000000000e+00 -6.426586541806659447e+00
6.928203230275500779e+00 4.500000000000000000e+00 0.000000000000000000e+00 -6.427292850497159371e+00
6.062177826491062405e+00 5.000000000000000000e+00 0.000000000000000000e+00 -6.423055080363517355e+00
5.196152422706624030e+00 5.500000000000000000e+00 0.000000000000000000e+00 -6.410365832216692539e+00
-7.550874830814825754e-15 3.500000000000000000e+00 0.000000000000000000e+00 -6.410365832216688986e+00
-8.660254037844460351e-01 4.000000000000000000e+00 0.000000000000000000e+00 -6.423055080363516467e+00
-1.732050807568884965e+00 4.500000000000000000e+00 0.000000000000000000e+00 -6.427292850497158483e+00
-2.598076211353323561e+00 5.000000000000000000e+00 0.000000000000000000e+00 -6.426586541806659447e+00
-3.464101615137761936e+00 5.500000000000000000e+00 0.000000000000000000e+00 -6.420752913337062218e+00
-4.330127018922200755e+00 6.000000000000000000e+00 0.000000000000000000e+00 -6.405953398728580162e+00
8.660254037844311581e-01 4.000000000000000000e+00 0.000000000000000000e+00 -6.423055080164246533e+00
-7.550874830814825754e-15 4.500000000000000000e+00 0.000000000000000000e+00 -6.436672613106441787e+00
-8.660254037844460351e-01 5.000000000000000000e+00 0.000000000000000000e+00 -6.441462711502940586e+00
-1.732050807568885187e+00 5.500000000000000000e+00 0.000000000000000000e+00 -6.441073272876300493e+00
-2.598076211353323561e+00 6.000000000000000000e+00 0.000000000000000000e+00 -6.435428187247909548e+00
-3.464101615137761936e+00 6.500000000000000000e+00 0.000000000000000000e+00 -6.420752913137900642e+00
1.732050807568869422e+00 4.500000000000000000e+00 0.000000000000000000e+00 -6.427292850128470292e+00
8.660254037844311581e-01 5.000000000000000000e+00 0.000000000000000000e+00 -6.441462711333299396e+00
-7.550874830814825754e-15 5.500000000000000000e+00 0.000000000000000000e+00 -6.446633343483595624e+00
-8.660254037844462571e-01 6.000000000000000000e+00 0.000000000000000000e+00 -6.446510103403925385e+00
-1.732050807568884965e+00 6.500000000000000000e+00 0.000000000000000000e+00 -6.441073272705091668e+00
-2.598076211353323117e+00 7.000000000000000000e+00 0.000000000000000000e+00 -6.426586541437115940e+00
2.598076211353308462e+00 5.000000000000000000e+00 0.000000000000000000e+00 -6.426586541437118605e+00
1.732050807568869644e+00 5.500000000000000000e+00 0.000000000000000000e+00 -6.441073272705091668e+00
8.660254037844313801e-01 6.000000000000000000e+00 0.000000000000000000e+00 -6.446510103403928049e+00
-7.550874830814825754e-15 6.500000000000000000e+00 0.000000000000000000e+00 -6.446633343483592959e+00
-8.660254037844458130e-01 7.000000000000000000e+00 0.000000000000000000e+00 -6.441462711333302060e+00
-1.732050807568884521e+00 7.500000000000000000e+00 0.000000000000000000e+00 -6.427292850128474733e+00
3.464101615137746837e+00 5.500000000000000000e+00 0.000000000000000000e+00 -6.420752913137897089e+00
2.598076211353308462e+00 6.000000000000000000e+00 0.000000000000000000e+00 -6.435428187247908660e+00
1.732050807568869422e+00 6.500000000000000000e+00 0.000000000000000000e+00 -6.441073272876298716e+00
8.660254037844309360e-01 7.000000000000000000e+00 0.000000000000000000e+00 -6.441462711502937033e+00
-7.550874830814825754e-15 7.500000000000000000e+00 0.000000000000000000e+00 -6.436672613106440011e+00
-8.660254037844458130e-01 8.000000000000000000e+00 0.000000000000000000e+00 -6.423055080164242092e+00
4.330127018922184767e+00 6.000000000000000000e+00 0.000000000000000000e+00 -6.405953398728581050e+00
3.464101615137746837e+00 6.500000000000000000e+00 0.000000000000000000e+00 -6.420752913337062218e+00
2.598076211353308018e+00 7.000000000000000000e+00 0.000000000000000000e+00 -6.426586541806659447e+00
1.732050807568868978e+00 7.500000000000000000e+00 0.000000000000000000e+00 -6.427292850497159371e+00
8.660254037844309360e-01 8.000000000000000000e+00 0.000000000000000000e+00 -6.423055080363517355e+00
-7.550874830814825754e-15 8.500000000000000000e+00 0.000000000000000000e+00 -6.410365832216692539e+00
-5.196152422706640017e+00 6.500000000000000000e+00 0.000000000000000000e+00 -6.410365832216688986e+00
-6.062177826491078392e+00 7.000000000000000000e+00 0.000000000000000000e+00 -6.423055080363516467e+00
-6.928203230275517654e+00 7.500000000000000000e+00 0.000000000000000000e+00 -6.427292850497158483e+00
-7.794228634059956029e+00 8.000000000000000000e+00 0.000000000000000000e+00 -6.426586541806659447e+00
-8.660254037844392627e+00 8.500000000000000000e+00 0.000000000000000000e+00 -6.420752913337062218e+00
-9.526279441628831890e+00 9.000000000000000000e+00 0.000000000000000000e+00 -6.405953398728580162e+00
-4.330127018922201643e+00 7.000000000000000000e+00 0.000000000000000000e+00 -6.423055080164246533e+00
-5.196152422706640017e+00 7.500000000000000000e+00 0.000000000000000000e+00 -6.436672613106441787e+00
-6.062177826491078392e+00 8.000000000000000000e+00 0.000000000000000000e+00 -6.441462711502940586e+00
-6.928203230275517654e+00 8.500000000000000000e+00 0.000000000000000000e+00 -6.441073272876300493e+00
-7.794228634059956029e+00 9.000000000000000000e+00 0.000000000000000000e+00 -6.435428187247909548e+00
-8.660254037844392627e+00 9.500000000000000000e+00 0.000000000000000000e+00 -6.420752913137900642e+00
-3.464101615137762824e+00 7.500000000000000000e+00 0.000000000000000000e+00 -6.427292850128470292e+00
-4.330127018922201643e+00 8.000000000000000000e+00 0.000000000000000000e+00 -6.441462711333299396e+00
-5.196152422706640017e+00 8.500000000000000000e+00 0.000000000000000000e+00 -6.446633343483595624e+00
-6.062177826491079280e+00 9.000000000000000000e+00 0.000000000000000000e+00 -6.446510103403925385e+00
-6.928203230275517654e+00 9.500000000000000000e+00 0.000000000000000000e+00 -6.441073272705091668e+00
-7.794228634059956029e+00 1.000000000000000000e+01 0.000000000000000000e+00 -6.426586541437115940e+00
-2.598076211353323561e+00 8.000000000000000000e+00 0.000000000000000000e+00 -6.426586541437118605e+00
-3.464101615137762380e+00 8.500000000000000000e+00 0.000000000000000000e+00 -6.441073272705091668e+00
-4.330127018922200755e+00 9.000000000000000000e+00 0.000000000000000000e+00 -6.446510103403928049e+00
-5.196152422706640017e+00 9.500000000000000000e+00 0.000000000000000000e+00 -6.446633343483592959e+00
-6.062177826491078392e+00 1.000000000000000000e+01 0.000000000000000000e+00 -6.441462711333302060e+00
-6.928203230275516766e+00 1.050000000000000000e+01 0.000000000000000000e+00 -6.427292850128474733e+00
-1.732050807568885187e+00 8.500000000000000000e+00 0.000000000000000000e+00 -6.420752913137897089e+00
-2.598076211353323561e+00 9.000000000000000000e+00 0.000000000000000000e+00 -6.435428187247908660e+00
-3.464101615137762824e+00 9.500000000000000000e+00 0.000000000000000000e+00 -6.441073272876298716e+00
-4.330127018922201643e+00 1.000000000000000000e+01 0.000000000000000000e+00 -6.441462711502937033e+00
-5.196152422706640017e+00 1.050000000000000000e+01 0.000000000000000000e+00 -6.436672613106440011e+00
-6.062177826491078392e+00 1.100000000000000000e+01 0.000000000000000000e+00 -6.423055080164242092e+00
-8.660254037844467012e-01 9.000000000000000000e+00 0.000000000000000000e+00 -6.405953398728581050e+00
-1.732050807568885187e+00 9.500000000000000000e+00 0.000000000000000000e+00 -6.420752913337062218e+00
-2.598076211353324005e+00 1.000000000000000000e+01 0.000000000000000000e+00 -6.426586541806659447e+00
-3.464101615137762824e+00 1.050000000000000000e+01 0.000000000000000000e+00 -6.427292850497159371e+00
-4.330127018922201643e+00 1.100000000000000000e+01 0.000000000000000000e+00 -6.423055080363517355e+00
-5.196152422706640017e+00 1.150000000000000000e+01 0.000000000000000000e+00 -6.410365832216692539e+00
2.078460969082652099e+01 -2.500000000000000000e+00 0.000000000000000000e+00 -6.410365832216688986e+00
1.991858428704208350e+01 -2.000000000000000000e+00 0.000000000000000000e+00 -6.423055080363516467e+00
1.905255888325764246e+01 -1.500000000000000000e+00 0.000000000000000000e+00 -6.427292850497158483e+00
1.818653347947320498e+01 -1.000000000000000000e+00 0.000000000000000000e+00 -6.426586541806659447e+00
1.732050807568876749e+01 -5.000000000000000000e-01 0.000000000000000000e+00 -6.420752913337062218e+00
1.645448267190433000e+01 0.000000000000000000e+00 0.000000000000000000e+00 -6.405953398728580162e+00
2.165063509461095848e+01 -2.000000000000000000e+00 0.000000000000000000e+00 -6.423055080164246533e+00
2.078460969082652099e+01 -1.500000000000000000e+00 0.000000000000000000e+00 -6.436672613106441787e+00
1.991858428704208350e+01 -1.000000000000000000e+00 0.000000000000000000e+00 -6.441462711502940586e+00
1.905255888325764246e+01 -5.000000000000000000e-01 0.000000000000000000e+00 -6.441073272876300493e+00
1.818653347947320498e+01 0.000000000000000000e+00 0.000000000000000000e+00 -6.435428187247909548e+00
1.732050807568876749e+01 5.000000000000000000e-01 0.000000000000000000e+00 -6.420752913137900642e+00
2.251666049839539951e+01 -1.500000000000000000e+00 0.000000000000000000e+00 -6.427292850128470292e+00
2.165063509461095848e+01 -1.000000000000000000e+00 0.000000000000000000e+00 -6.441462711333299396e+00
2.078460969082652099e+01 -5.000000000000000000e-01 0.000000000000000000e+00 -6.446633343483595624e+00
1.991858428704208350e+01 0.000000000000000000e+00 0.000000000000000000e+00 -6.446510103403925385e+00
1.905255888325764246e+01 5.000000000000000000e-01 0.000000000000000000e+00 -6.441073272705091668e+00
1.818653347947320498e+01 1.000000000000000000e+00 0.000000000000000000e+00 -6.426586541437115940e+00
2.338268590217983700e+01 -1.000000000000000000e+00 0.000000000000000000e+00 -6.426586541437118605e+00
2.251666049839539951e+01 -5.000000000000000000e-01 0.000000000000000000e+00 -6.441073272705091668e+00
2.165063509461095848e+01 0.000000000000000000e+00 0.000000000000000000e+00 -6.446510103403928049e+00
2.078460969082652099e+01 5.000000000000000000e-01 0.000000000000000000e+00 -6.446633343483592959e+00
1.991858428704208350e+01 1.000000000000000000e+00 0.000000000000000000e+00 -6.441462711333302060e+00
1.905255888325764246e+01 1.500000000000000000e+00 0.000000000000000000e+00 -6.427292850128474733e+00
2.424871130596427449e+01 -5.000000000000000000e-01 0.000000000000000000e+00 -6.420752913137897089e+00
2.338268590217983700e+01 0.000000000000000000e+00 0.000000000000000000e+00 -6.435428187247908660e+00
2.251666049839539951e+01 5.000000000000000000e-01 0.000000000000000000e+00 -6.441073272876298716e+00
2.165063509461095848e+01 1.000000000000000000e+00 0.000000000000000000e+00 -6.441462711502937033e+00
2.078460969082652099e+01 1.500000000000000000e+00 0.000000000000000000e+00 -6.436672613106440011e+00
1.991858428704208350e+01 2.000000000000000000e+00 0.000000000000000000e+00 -6.423055080164242092e+00
2.511473670974871197e+01 0.000000000000000000e+00 0.000000000000000000e+00 -6.405953398728581050e+00
2.424871130596427449e+01 5.000000000000000000e-01 0.000000000000000000e+00 -6.420752913337062218e+00
2.338268590217983700e+01 1.000000000000000000e+00 0.000000000000000000e+00 -6.426586541806659447e+00
2.251666049839539596e+01 1.500000000000000000e+00 0.000000000000000000e+00 -6.427292850497159371e+00
2.165063509461095848e+01 2.000000000000000000e+00 0.000000000000000000e+00 -6.423055080363517355e+00
2.078460969082652099e+01 2.500000000000000000e+00 0.000000000000000000e+00 -6.410365832216692539e+00
1.558845726811988897e+01 5.000000000000000000e-01 0.000000000000000000e+00 -6.410365832216688986e+00
1.472243186433544970e+01 1.000000000000000000e+00 0.000000000000000000e+00 -6.423055080363516467e+00
1.385640646055101222e+01 1.500000000000000000e+00 0.000000000000000000e+00 -6.427292850497158483e+00
1.299038105676657295e+01 2.000000000000000000e+00 0.000000000000000000e+00 -6.426586541806659447e+00
1.212435565298213547e+01 2.500000000000000000e+00 0.000000000000000000e+00 -6.420752913337062218e+00
1.125833024919769620e+01 3.000000000000000000e+00 0.000000000000000000e+00 -6.405953398728580162e+00
1.645448267190432645e+01 1.000000000000000000e+00 0.000000000000000000e+00 -6.423055080164246533e+00
1.558845726811988897e+01 1.500000000000000000e+00 0.000000000000000000e+00 -6.436672613106441787e+00
1.472243186433544970e+01 2.000000000000000000e+00 0.000000000000000000e+00 -6.441462711502940586e+00
1.385640646055101044e+01 2.500000000000000000e+00 0.000000000000000000e+00 -6.441073272876300493e+00
1.299038105676657295e+01 3.000000000000000000e+00 0.000000000000000000e+00 -6.435428187247909548e+00
1.212435565298213547e+01 3.500000000000000000e+00 0.000000000000000000e+00 -6.420752913137900642e+00
1.732050807568876749e+01 1.500000000000000000e+00 0.000000000000000000e+00 -6.427292850128470292e+00
1.645448267190432645e+01 2.000000000000000000e+00 0.000000000000000000e+00 -6.441462711333299396e+00
1.558845726811988897e+01 2.500000000000000000e+00 0.000000000000000000e+00 -6.446633343483595624e+00
1.472243186433544970e+01 3.000000000000000000e+00 0.000000000000000000e+00 -6.446510103403925385e+00
1.385640646055101222e+01 3.500000000000000000e+00 0.000000000000000000e+00 -6.441073272705091668e+00
1.299038105676657295e+01 4.000000000000000000e+00 0.000000000000000000e+00 -6.426586541437115940e+00
1.818653347947320498e+01 2.000000000000000000e+00 0.000000000000000000e+00 -6.426586541437118605e+00
1.732050807568876749e+01 2.500000000000000000e+00 0.000000000000000000e+00 -6.441073272705091668e+00
1.645448267190432645e+01 3.000000000000000000e+00 0.000000000000000000e+00 -6.446510103403928049e+00
1.558845726811988897e+01 3.500000000000000000e+00 0.000000000000000000e+00 -6.446633343483592959e+00
1.472243186433545148e+01 4.000000000000000000e+00 0.000000000000000000e+00 -6.441462711333302060e+00
1.385640646055101222e+01 4.500000000000000000e+00 0.000000000000000000e+00 -6.427292850128474733e+00
1.905255888325764246e+01 2.500000000000000000e+00 0.000000000000000000e+00 -6.420752913137897089e+00
1.818653347947320498e+01 3.000000000000000000e+00 0.000000000000000000e+00 -6.435428187247908660e+00
1.732050807568876749e+01 3.500000000000000000e+00 0.000000000000000000e+00 -6.441073272876298716e+00
1.645448267190432645e+01 4.000000000000000000e+00 0.000000000000000000e+00 -6.441462711502937033e+00
1.558845726811988897e+01 4.500000000000000000e+00 0.000000000000000000e+00 -6.436672613106440011e+00
1.472243186433545148e+01 5.000000000000000000e+00 0.000000000000000000e+00 -6.423055080164242092e+00
1.991858428704207995e+01 3.000000000000000000e+00 0.000000000000000000e+00 -6.405953398728581050e+00
1.905255888325764246e+01 3.500000000000000000e+00 0.000000000000000000e+00 -6.420752913337062218e+00
1.818653347947320498e+01 4.000000000000000000e+00 0.000000000000000000e+00 -6.426586541806659447e+00
1.732050807568876394e+01 4.500000000000000000e+00 0.000000000000000000e+00 -6.427292850497159371e+00
1.645448267190432645e+01 5.000000000000000000e+00 0.000000000000000000e+00 -6.423055080363517355e+00
1.558845726811988897e+01 5.500000000000000000e+00 0.000000000000000000e+00 -6.410365832216692539e+00
1.039230484541325694e+01 3.500000000000000000e+00 0.000000000000000000e+00 -6.410365832216688986e+00
9.526279441628817679e+00 4.000000000000000000e+00 0.000000000000000000e+00 -6.423055080363516467e+00
8.660254037844380193e+00 4.500000000000000000e+00 0.000000000000000000e+00 -6.427292850497158483e+00
7.794228634059940042e+00 5.000000000000000000e+00 0.000000000000000000e+00 -6.426586541806659447e+00
6.928203230275501667e+00 5.500000000000000000e+00 0.000000000000000000e+00 -6.420752913337062218e+00
6.062177826491063293e+00 6.000000000000000000e+00 0.000000000000000000e+00 -6.405953398728580162e+00
1.125833024919769620e+01 4.000000000000000000e+00 0.000000000000000000e+00 -6.423055080164246533e+00
1.039230484541325694e+01 4.500000000000000000e+00 0.000000000000000000e+00 -6.436672613106441787e+00
9.526279441628817679e+00 5.000000000000000000e+00 0.000000000000000000e+00 -6.441462711502940586e+00
8.660254037844378416e+00 5.500000000000000000e+00 0.000000000000000000e+00 -6.441073272876300493e+00
7.794228634059940042e+00 6.000000000000000000e+00 0.000000000000000000e+00 -6.435428187247909548e+00
6.928203230275501667e+00 6.500000000000000000e+00 0.000000000000000000e+00 -6.420752913137900642e+00
1.212435565298213369e+01 4.500000000000000000e+00 0.000000000000000000e+00 -6.427292850128470292e+00
1.125833024919769620e+01 5.000000000000000000e+00 0.000000000000000000e+00 -6.441462711333299396e+00
1.039230484541325694e+01 5.500000000000000000e+00 0.000000000000000000e+00 -6.446633343483595624e+00
9.526279441628817679e+00 6.000000000000000000e+00 0.000000000000000000e+00 -6.446510103403925385e+00
8.660254037844380193e+00 6.500000000000000000e+00 0.000000000000000000e+00 -6.441073272705091668e+00
7.794228634059940042e+00 7.000000000000000000e+00 0.000000000000000000e+00 -6.426586541437115940e+00
1.299038105676657295e+01 5.000000000000000000e+00 0.000000000000000000e+00 -6.426586541437118605e+00
1.212435565298213369e+01 5.500000000000000000e+00 0.000000000000000000e+00 -6.441073272705091668e+00
1.125833024919769620e+01 6.000000000000000000e+00 0.000000000000000000e+00 -6.446510103403928049e+00
1.039230484541325694e+01 6.500000000000000000e+00 0.000000000000000000e+00 -6.446633343483592959e+00
9.526279441628819455e+00 7.000000000000000000e+00 0.000000000000000000e+00 -6.441462711333302060e+00
8.660254037844380193e+00 7.500000000000000000e+00 0.000000000000000000e+00 -6.427292850128474733e+00
1.385640646055101044e+01 5.500000000000000000e+00 0.000000000000000000e+00 -6.420752913137897089e+00
1.299038105676657295e+01 6.000000000000000000e+00 0.000000000000000000e+00 -6.435428187247908660e+00
1.212435565298213369e+01 6.500000000000000000e+00 0.000000000000000000e+00 -6.441073272876298716e+00
1.125833024919769443e+01 7.000000000000000000e+00 0.000000000000000000e+00 -6.441462711502937033e+00
1.039230484541325694e+01 7.500000000000000000e+00 0.000000000000000000e+00 -6.436672613106440011e+00
9.526279441628819455e+00 8.000000000000000000e+00 0.000000000000000000e+00 -6.423055080164242092e+00
1.472243186433544970e+01 6.000000000000000000e+00 0.000000000000000000e+00 -6.405953398728581050e+00
1.385640646055101044e+01 6.500000000000000000e+00 0.000000000000000000e+00 -6.420752913337062218e+00
1.299038105676657295e+01 7.000000000000000000e+00 0.000000000000000000e+00 -6.426586541806659447e+00
1.212435565298213369e+01 7.500000000000000000e+00 0.000000000000000000e+00 -6.427292850497159371e+00
1.125833024919769443e+01 8.000000000000000000e+00 0.000000000000000000e+00 -6.423055080363517355e+00
1.039230484541325694e+01 8.500000000000000000e+00 0.000000000000000000e+00 -6.410365832216692539e+00
5.196152422706624030e+00 6.500000000000000000e+00 0.000000000000000000e+00 -6.410365832216688986e+00
4.330127018922185655e+00 7.000000000000000000e+00 0.000000000000000000e+00 -6.423055080363516467e+00
3.464101615137746837e+00 7.500000000000000000e+00 0.000000000000000000e+00 -6.427292850497158483e+00
2.598076211353308462e+00 8.000000000000000000e+00 0.000000000000000000e+00 -6.426586541806659447e+00
1.732050807568870088e+00 8.500000000000000000e+00 0.000000000000000000e+00 -6.420752913337062218e+00
8.660254037844318242e-01 9.000000000000000000e+00 0.000000000000000000e+00 -6.405953398728580162e+00
6.062177826491062405e+00 7.000000000000000000e+00 0.000000000000000000e+00 -6.423055080164246533e+00
5.196152422706624030e+00 7.500000000000000000e+00 0.000000000000000000e+00 -6.436672613106441787e+00
4.330127018922185655e+00 8.000000000000000000e+00 0.000000000000000000e+00 -6.441462711502940586e+00
3.464101615137746837e+00 8.500000000000000000e+00 0.000000000000000000e+00 -6.441073272876300493e+00
2.598076211353308462e+00 9.000000000000000000e+00 0.000000000000000000e+00 -6.435428187247909548e+00
1.732050807568870088e+00 9.500000000000000000e+00 0.000000000000000000e+00 -6.420752913137900642e+00
6.928203230275500779e+00 7.500000000000000000e+00 0.000000000000000000e+00 -6.427292850128470292e+00
6.062177826491062405e+00 8.000000000000000000e+00 0.000000000000000000e+00 -6.441462711333299396e+00
5.196152422706624030e+00 8.500000000000000000e+00 0.000000000000000000e+00 -6.446633343483595624e+00
4.330127018922184767e+00 9.000000000000000000e+00 0.000000000000000000e+00 -6.446510103403925385e+00
3.464101615137746837e+00 9.500000000000000000e+00 0.000000000000000000e+00 -6.441073272705091668e+00
2.598076211353308906e+00 1.000000000000000000e+01 0.000000000000000000e+00 -6.426586541437115940e+00
7.794228634059940042e+00 8.000000000000000000e+00 0.000000000000000000e+00 -6.426586541437118605e+00
6.928203230275500779e+00 8.500000000000000000e+00 0.000000000000000000e+00 -6.441073272705091668e+00
6.062177826491063293e+00 9.000000000000000000e+00 0.000000000000000000e+00 -6.446510103403928049e+00
5.196152422706624030e+00 9.500000000000000000e+00 0.000000000000000000e+00 -6.446633343483592959e+00
4.330127018922185655e+00 1.000000000000000000e+01 0.000000000000000000e+00 -6.441462711333302060e+00
3.464101615137747725e+00 1.050000000000000000e+01 0.000000000000000000e+00 -6.427292850128474733e+00
8.660254037844378416e+00 8.500000000000000000e+00 0.000000000000000000e+00 -6.420752913137897089e+00
7.794228634059940042e+00 9.000000000000000000e+00 0.000000000000000000e+00 -6.435428187247908660e+00
6.928203230275500779e+00 9.500000000000000000e+00 0.000000000000000000e+00 -6.441073272876298716e+00
6.062177826491062405e+00 1.000000000000000000e+01 0.000000000000000000e+00 -6.441462711502937033e+00
5.196152422706624030e+00 1.050000000000000000e+01 0.000000000000000000e+00 -6.436672613106440011e+00
4.330127018922185655e+00 1.100000000000000000e+01 0.000000000000000000e+00 -6.423055080164242092e+00
9.526279441628817679e+00 9.000000000000000000e+00 0.000000000000000000e+00 -6.405953398728581050e+00
8.660254037844378416e+00 9.500000000000000000e+00 0.000000000000000000e+00 -6.420752913337062218e+00
7.794228634059940042e+00 1.000000000000000000e+01 0.000000000000000000e+00 -6.426586541806659447e+00
6.928203230275500779e+00 1.050000000000000000e+01 0.000000000000000000e+00 -6.427292850497159371e+00
6.062177826491062405e+00 1.100000000000000000e+01 0.000000000000000000e+00 -6.423055080363517355e+00
5.196152422706624030e+00 1.150000000000000000e+01 0.000000000000000000e+00 -6.410365832216692539e+00
-7.550874830814825754e-15 9.500000000000000000e+00 0.000000000000000000e+00 -6.410365832216688986e+00
-8.660254037844460351e-01 1.000000000000000000e+01 0.000000000000000000e+00 -6.423055080363516467e+00
-1.732050807568884965e+00 1.050000000000000000e+01 0.000000000000000000e+00 -6.427292850497158483e+00
-2.598076211353323561e+00 1.100000000000000000e+01 0.000000000000000000e+00 -6.426586541806659447e+00
-3.464101615137761936e+00 1.150000000000000000e+01 0.000000000000000000e+00 -6.420752913337062218e+00
-4.330127018922200755e+00 1.200000000000000000e+01 0.000000000000000000e+00 -6.405953398728580162e+00
8.660254037844311581e-01 1.000000000000000000e+01 0.000000000000000000e+00 -6.423055080164246533e+00
-7.550874830814825754e-15 1.050000000000000000e+01 0.000000000000000000e+00 -6.436672613106441787e+00
-8.660254037844460351e-01 1.100000000000000000e+01 0.000000000000000000e+00 -6.441462711502940586e+00
-1.732050807568885187e+00 1.150000000000000000e+01 0.000000000000000000e+00 -6.441073272876300493e+00
-2.598076211353323561e+00 1.200000000000000000e+01 0.000000000000000000e+00 -6.435428187247909548e+00
-3.464101615137761936e+00 1.250000000000000000e+01 0.000000000000000000e+00 -6.420752913137900642e+00
1.732050807568869422e+00 1.050000000000000000e+01 0.000000000000000000e+00 -6.427292850128470292e+00
8.660254037844311581e-01 1.100000000000000000e+01 0.000000000000000000e+00 -6.441462711333299396e+00
-7.550874830814825754e-15 1.150000000000000000e+01 0.000000000000000000e+00 -6.446633343483595624e+00
-8.660254037844462571e-01 1.200000000000000000e+01 0.000000000000000000e+00 -6.446510103403925385e+00
-1.732050807568884965e+00 1.250000000000000000e+01 0.000000000000000000e+00 -6.441073272705091668e+00
-2.598076211353323117e+00 1.300000000000000000e+01 0.000000000000000000e+00 -6.426586541437115940e+00
2.598076211353308462e+00 1.100000000000000000e+01 0.000000000000000000e+00 -6.426586541437118605e+00
1.732050807568869644e+00 1.150000000000000000e+01 0.000000000000000000e+00 -6.441073272705091668e+00
8.660254037844313801e-01 1.200000000000000000e+01 0.000000000000000000e+00 -6.446510103403928049e+00
-7.550874830814825754e-15 1.250000000000000000e+01 0.000000000000000000e+00 -6.446633343483592959e+00
-8.660254037844458130e-01 1.300000000000000000e+01 0.000000000000000000e+00 -6.441462711333302060e+00
-1.732050807568884521e+00 1.350000000000000000e+01 0.000000000000000000e+00 -6.427292850128474733e+00
3.464101615137746837e+00 1.150000000000000000e+01 0.000000000000000000e+00 -6.420752913137897089e+00
2.598076211353308462e+00 1.200000000000000000e+01 0.000000000000000000e+00 -6.435428187247908660e+00
1.732050807568869422e+00 1.250000000000000000e+01 0.000000000000000000e+00 -6.441073272876298716e+00
8.660254037844309360e-01 1.300000000000000000e+01 0.000000000000000000e+00 -6.441462711502937033e+00
-7.550874830814825754e-15 1.350000000000000000e+01 0.000000000000000000e+00 -6.436672613106440011e+00
-8.660254037844458130e-01 1.400000000000000000e+01 0.000000000000000000e+00 -6.423055080164242092e+00
4.330127018922184767e+00 1.200000000000000000e+01 0.000000000000000000e+00 -6.405953398728581050e+00
3.464101615137746837e+00 1.250000000000000000e+01 0.000000000000000000e+00 -6.420752913337062218e+00
2.598076211353308018e+00 1.300000000000000000e+01 0.000000000000000000e+00 -6.426586541806659447e+00
1.732050807568868978e+00 1.350000000000000000e+01 0.000000000000000000e+00 -6.427292850497159371e+00
8.660254037844309360e-01 1.400000000000000000e+01 0.000000000000000000e+00 -6.423055080363517355e+00
-7.550874830814825754e-15 1.450000000000000000e+01 0.000000000000000000e+00 -6.410365832216692539e+00
