0.000000000000000000e+00 1.000000000000000888e+00
1.000000000000000000e+00 8.296923577582550975e-30
2.000000000000000000e+00 6.998447174557808181e-33
3.000000000000000000e+00 1.282073549441281557e+01
4.000000000000000000e+00 1.000000000000001110e+00
5.000000000000000000e+00 7.916773718982744985e-30
6.000000000000000000e+00 6.205650805811691581e-31
7.000000000000000000e+00 1.284611398745009936e+01
8.000000000000000000e+00 1.000000000000000222e+00
9.000000000000000000e+00 8.235138093221338971e-30
1.000000000000000000e+01 6.839900336297466069e-31
1.100000000000000000e+01 1.285458951895070179e+01
1.200000000000000000e+01 1.000000000000000222e+00
1.300000000000000000e+01 8.427027337447460229e-30
1.400000000000000000e+01 6.076829141432247923e-31
1.500000000000000000e+01 1.285317690133572377e+01
1.600000000000000000e+01 9.999999999999957812e-01
1.700000000000000000e+01 8.203918402683964361e-30
1.800000000000000000e+01 7.034290807387304325e-31
1.900000000000000000e+01 1.284150965228938546e+01
2.000000000000000000e+01 9.999999999999993339e-01
2.100000000000000000e+01 7.858878513699125365e-30
2.200000000000000000e+01 6.612516092335140154e-31
2.300000000000000000e+01 1.281191062433962635e+01
2.400000000000000000e+01 1.000000000000000666e+00
2.500000000000000000e+01 8.019945994432094608e-30
2.600000000000000000e+01 6.416766243824655781e-31
2.700000000000000000e+01 1.284611398745009403e+01
2.800000000000000000e+01 1.000000000000000444e+00
2.900000000000000000e+01 8.018198238432533913e-30
3.000000000000000000e+01 6.640793168806494167e-31
3.100000000000000000e+01 1.287334904997806184e+01
3.200000000000000000e+01 9.999999999999953371e-01
3.300000000000000000e+01 8.318777729536755603e-30
3.400000000000000000e+01 6.804190153592222259e-31
3.500000000000000000e+01 1.288292923817575186e+01
3.600000000000000000e+01 1.000000000000001332e+00
3.700000000000000000e+01 8.405090955712928200e-30
3.800000000000000000e+01 7.487278129514262527e-31
3.900000000000000000e+01 1.288215036129085611e+01
4.000000000000000000e+01 9.999999999999983347e-01
4.100000000000000000e+01 8.404346046414263786e-30
4.200000000000000000e+01 7.188897079107324857e-31
4.300000000000000000e+01 1.287086019867080999e+01
4.400000000000000000e+01 1.000000000000000000e+00
4.500000000000000000e+01 8.274699189251124285e-30
4.600000000000000000e+01 6.707868135088638111e-31
4.700000000000000000e+01 1.284150965228938368e+01
4.800000000000000000e+01 9.999999999999985567e-01
4.900000000000000000e+01 8.249317202665165010e-30
5.000000000000000000e+01 7.450185030381165445e-31
5.100000000000000000e+01 1.285458951895069823e+01
5.200000000000000000e+01 9.999999999999993339e-01
5.300000000000000000e+01 8.313974814766574749e-30
5.400000000000000000e+01 6.845059979207916821e-31
5.500000000000000000e+01 1.288292923817575897e+01
5.600000000000000000e+01 1.000000000000001554e+00
5.700000000000000000e+01 8.341044871532973517e-30
5.800000000000000000e+01 7.216478511105877086e-31
5.900000000000000000e+01 1.289327049358360888e+01
6.000000000000000000e+01 9.999999999999994449e-01
6.100000000000000000e+01 8.400868873022742019e-30
6.200000000000000000e+01 7.409897566256975839e-31
6.300000000000000000e+01 1.289302401363904416e+01
6.400000000000000000e+01 1.000000000000000000e+00
6.500000000000000000e+01 8.443965910899110307e-30
6.600000000000000000e+01 6.956367293181609870e-31
6.700000000000000000e+01 1.288215036129084901e+01
6.800000000000000000e+01 1.000000000000000222e+00
6.900000000000000000e+01 8.375402836706871767e-30
7.000000000000000000e+01 6.831666898957218456e-31
7.100000000000000000e+01 1.285317690133572555e+01
7.200000000000000000e+01 9.999999999999990008e-01
7.300000000000000000e+01 8.366326381559957865e-30
7.400000000000000000e+01 5.821024286597136173e-31
7.500000000000000000e+01 1.285317690133572377e+01
7.600000000000000000e+01 1.000000000000000666e+00
7.700000000000000000e+01 8.345992538697602672e-30
7.800000000000000000e+01 6.926100192393153915e-31
7.900000000000000000e+01 1.288215036129085789e+01
8.000000000000000000e+01 1.000000000000001110e+00
8.100000000000000000e+01 8.372919552007978100e-30
8.200000000000000000e+01 6.962941282455865447e-31
8.300000000000000000e+01 1.289302401363904771e+01
8.400000000000000000e+01 9.999999999999995559e-01
8.500000000000000000e+01 8.440730929211903463e-30
8.600000000000000000e+01 5.952581202194820388e-31
8.700000000000000000e+01 1.289327049358360888e+01
8.800000000000000000e+01 9.999999999999978906e-01
8.900000000000000000e+01 8.309611696897116800e-30
9.000000000000000000e+01 6.507296267854997275e-31
9.100000000000000000e+01 1.288292923817576430e+01
9.200000000000000000e+01 9.999999999999975575e-01
9.300000000000000000e+01 8.279343800769029680e-30
9.400000000000000000e+01 6.277673563162487719e-31
9.500000000000000000e+01 1.285458951895070179e+01
9.600000000000000000e+01 1.000000000000000888e+00
9.700000000000000000e+01 8.058512911868877756e-30
9.800000000000000000e+01 6.472702482411099058e-31
9.900000000000000000e+01 1.284150965228938368e+01
1.000000000000000000e+02 9.999999999999974465e-01
1.010000000000000000e+02 8.254265903942054806e-30
1.020000000000000000e+02 6.395230090912485690e-31
1.030000000000000000e+02 1.287086019867081355e+01
1.040000000000000000e+02 1.000000000000001332e+00
1.050000000000000000e+02 8.340041344323036680e-30
1.060000000000000000e+02 6.593012328130228499e-31
1.070000000000000000e+02 1.288215036129085611e+01
1.080000000000000000e+02 9.999999999999970024e-01
1.090000000000000000e+02 8.259936078688577419e-30
1.100000000000000000e+02 6.732639929919793008e-31
1.110000000000000000e+02 1.288292923817576252e+01
1.120000000000000000e+02 1.000000000000000222e+00
1.130000000000000000e+02 8.110454476331098192e-30
1.140000000000000000e+02 6.510155984481041855e-31
1.150000000000000000e+02 1.287334904997805829e+01
1.160000000000000000e+02 9.999999999999984457e-01
1.170000000000000000e+02 8.048012131261599065e-30
1.180000000000000000e+02 5.955875147603595557e-31
1.190000000000000000e+02 1.284611398745009936e+01
1.200000000000000000e+02 9.999999999999965583e-01
1.210000000000000000e+02 7.773946248098358691e-30
1.220000000000000000e+02 5.867814560627898413e-31
1.230000000000000000e+02 1.281191062433961925e+01
1.240000000000000000e+02 9.999999999999980016e-01
1.250000000000000000e+02 8.105852920403413086e-30
1.260000000000000000e+02 6.016190300529165971e-31
1.270000000000000000e+02 1.284150965228938723e+01
1.280000000000000000e+02 9.999999999999982236e-01
1.290000000000000000e+02 8.254884512085653253e-30
1.300000000000000000e+02 6.578350286035467707e-31
1.310000000000000000e+02 1.285317690133572377e+01
1.320000000000000000e+02 1.000000000000000888e+00
1.330000000000000000e+02 8.293432427063204829e-30
1.340000000000000000e+02 6.317632959015612363e-31
1.350000000000000000e+02 1.285458951895069823e+01
1.360000000000000000e+02 1.000000000000000444e+00
1.370000000000000000e+02 8.138712133820225333e-30
1.380000000000000000e+02 5.920802873458508600e-31
1.390000000000000000e+02 1.284611398745010824e+01
1.400000000000000000e+02 1.000000000000000666e+00
1.410000000000000000e+02 7.820746194579225809e-30
1.420000000000000000e+02 5.589743427054681231e-31
1.430000000000000000e+02 1.282073549441282090e+01
