-2.000000000000000000e+00 2.649083265884287925e+02
-1.959595959595959558e+00 2.767146582881225640e+02
-1.919191919191919116e+00 2.893555454178729178e+02
-1.878787878787878896e+00 3.029149126635301172e+02
-1.838383838383838453e+00 3.174880450235536955e+02
-1.797979797979798011e+00 3.331835900342722994e+02
-1.757575757575757569e+00 3.501260085284461638e+02
-1.717171717171717127e+00 3.684585990007703913e+02
-1.676767676767676685e+00 3.883472632206115804e+02
-1.636363636363636243e+00 4.099852406574323140e+02
-1.595959595959596022e+00 4.335991249138002104e+02
-1.555555555555555580e+00 4.594565997051888075e+02
-1.515151515151515138e+00 4.878765156607890958e+02
-1.474747474747474696e+00 5.192422058814671573e+02
-1.434343434343434254e+00 5.540193633870333088e+02
-1.393939393939394034e+00 5.927804717228378877e+02
-1.353535353535353369e+00 6.362388554611673044e+02
-1.313131313131313149e+00 6.852971941655116552e+02
-1.272727272727272707e+00 7.411183626416473089e+02
-1.232323232323232265e+00 8.052317469748076064e+02
-1.191919191919191823e+00 8.796977379054541188e+02
-1.151515151515151381e+00 9.673709124265693617e+02
-1.111111111111111160e+00 1.072336562779091082e+03
-1.070707070707070496e+00 1.200661769794757447e+03
-1.030303030303030276e+00 1.361729261898558661e+03
-9.898989898989898339e-01 1.570631410058922484e+03
-9.494949494949493918e-01 1.852199772453680225e+03
-9.090909090909089496e-01 2.245494665613276084e+03
-8.686868686868685074e-01 2.795816328564567357e+03
-8.282828282828282873e-01 3.496632044020154808e+03
-7.878787878787878451e-01 4.228912770918228489e+03
-7.474747474747474030e-01 4.886622340803559382e+03
-7.070707070707069608e-01 5.476551528329948269e+03
-6.666666666666665186e-01 6.045778661553522397e+03
-6.262626262626260765e-01 6.608834958129653387e+03
-5.858585858585856343e-01 7.183066776628784282e+03
-5.454545454545454142e-01 7.787054929114135120e+03
-5.050505050505049720e-01 8.441885272925448589e+03
-4.646464646464645298e-01 9.177988212861760985e+03
-4.242424242424240877e-01 1.002711125534320672e+04
-3.838383838383836455e-01 1.105185278292943622e+04
-3.434343434343432033e-01 1.230016275520475210e+04
-3.030303030303029832e-01 1.388076205454285446e+04
-2.626262626262625410e-01 1.599328803756480556e+04
-2.222222222222220989e-01 1.888020344643061253e+04
-1.818181818181816567e-01 2.301491684504188379e+04
-1.414141414141412145e-01 2.922293882840450533e+04
-1.010101010101007724e-01 3.870239114020607667e+04
-6.060606060606055223e-02 5.204636659696960123e+04
-2.020202020202011006e-02 6.468305452779326879e+04
2.020202020202033211e-02 6.468305452779323241e+04
6.060606060606099632e-02 5.204636659696943389e+04
1.010101010101012164e-01 3.870239114020596753e+04
1.414141414141414366e-01 2.922293882840445804e+04
1.818181818181821008e-01 2.301491684504184741e+04
2.222222222222223209e-01 1.888020344643059070e+04
2.626262626262629851e-01 1.599328803756479465e+04
3.030303030303032052e-01 1.388076205454285082e+04
3.434343434343434254e-01 1.230016275520474483e+04
3.838383838383840896e-01 1.105185278292941439e+04
4.242424242424243097e-01 1.002711125534320308e+04
4.646464646464649739e-01 9.177988212861751890e+03
5.050505050505051940e-01 8.441885272925444951e+03
5.454545454545458583e-01 7.787054929114135120e+03
5.858585858585860784e-01 7.183066776628781554e+03
6.262626262626262985e-01 6.608834958129651568e+03
6.666666666666669627e-01 6.045778661553514212e+03
7.070707070707071829e-01 5.476551528329943721e+03
7.474747474747478471e-01 4.886622340803551197e+03
7.878787878787880672e-01 4.228912770918223941e+03
8.282828282828287314e-01 3.496632044020147077e+03
8.686868686868689515e-01 2.795816328564560990e+03
9.090909090909091717e-01 2.245494665613274265e+03
9.494949494949498359e-01 1.852199772453677042e+03
9.898989898989900560e-01 1.570631410058920437e+03
1.030303030303030720e+00 1.361729261898557070e+03
1.070707070707070940e+00 1.200661769794755855e+03
1.111111111111111160e+00 1.072336562779091309e+03
1.151515151515151825e+00 9.673709124265685659e+02
1.191919191919192045e+00 8.796977379054535504e+02
1.232323232323232709e+00 8.052317469748065832e+02
1.272727272727272929e+00 7.411183626416469679e+02
1.313131313131313593e+00 6.852971941655110868e+02
1.353535353535353813e+00 6.362388554611669633e+02
1.393939393939394034e+00 5.927804717228378877e+02
1.434343434343434698e+00 5.540193633870329677e+02
1.474747474747474918e+00 5.192422058814671573e+02
1.515151515151515582e+00 4.878765156607887548e+02
1.555555555555555802e+00 4.594565997051886370e+02
1.595959595959596466e+00 4.335991249137999262e+02
1.636363636363636687e+00 4.099852406574320298e+02
1.676767676767676907e+00 3.883472632206115236e+02
1.717171717171717571e+00 3.684585990007702776e+02
1.757575757575757791e+00 3.501260085284460501e+02
1.797979797979798455e+00 3.331835900342721288e+02
1.838383838383838675e+00 3.174880450235536955e+02
1.878787878787878896e+00 3.029149126635301172e+02
1.919191919191919560e+00 2.893555454178726905e+02
1.959595959595959780e+00 2.767146582881225072e+02
2.000000000000000000e+00 2.649083265884287925e+02
