-2.0     77.01109851647419
-1.995995995995996     77.40202594318531
-1.991991991991992     77.66248547485749
-1.987987987987988     77.69602274412613
-1.983983983983984     77.42511035827249
-1.97997997997998     76.80296850370856
-1.975975975975976     75.8208672422249
-1.971971971971972     74.50873328280699
-1.967967967967968     72.92895737787642
-1.9639639639639639     71.16544095072267
-1.95995995995996     69.31108649812231
-1.955955955955956     67.45673386092037
-1.951951951951952     65.68337362060886
-1.947947947947948     64.05808493681775
-1.9439439439439439     62.63313196810418
-1.93993993993994     61.44720096358618
-1.935935935935936     60.52775734361065
-1.931931931931932     59.893732226772485
-1.927927927927928     59.55803010579231
-1.9239239239239239     59.52958404299726
-1.91991991991992     59.814839988664396
-1.915915915915916     60.418633767304826
-1.911911911911912     61.34445328084929
-1.907907907907908     62.594076565961714
-1.9039039039039038     64.16656337402712
-1.8998998998999     66.05657250103967
-1.8958958958958958     68.25199886010077
-1.8918918918918919     70.73099522803768
-1.887887887887888     73.45858513292147
-1.8838838838838838     76.38329636973081
-1.87987987987988     79.434530729089
-1.8758758758758758     82.52166392404105
-1.8718718718718719     85.53600569777109
-1.867867867867868     88.35657052100461
-1.8638638638638638     90.85998179867427
-1.85985985985986     92.93377649078604
-1.8558558558558558     94.49113715275006
-1.8518518518518519     95.48409128878562
-1.8478478478478477     95.91196335059917
-1.8438438438438438     95.82264762405757
-1.83983983983984     95.30600163024955
-1.8358358358358358     94.48076193883013
-1.8318318318318318     93.47799353158496
-1.8278278278278277     92.42453756364966
-1.8238238238238238     91.42918119427992
-1.8198198198198199     90.57289997770903
-1.8158158158158157     89.90325953098602
-1.8118118118118118     89.43239235357687
-1.8078078078078077     89.13795636397707
-1.8038038038038038     88.9668843435869
-1.7997997997997999     88.8421529176301
-1.7957957957957957     88.67284237788478
-1.7917917917917918     88.36717525902554
-1.7877877877877877     87.84707751678958
-1.7837837837837838     87.0615932686085
-1.7797797797797799     85.99597824884646
-1.7757757757757757     84.6740823996183
-1.7717717717717718     83.15357706362958
-1.7677677677677677     81.51578349952342
-1.7637637637637638     79.85322601919863
-1.7597597597597598     78.25803545176456
-1.7557557557557557     76.81325377250258
-1.7517517517517518     75.58767584422358
-1.7477477477477477     74.63374942483567
-1.7437437437437437     73.98749951581625
-1.7397397397397398     73.66937902152901
-1.7357357357357357     73.68517330082167
-1.7317317317317318     74.02642406774713
-1.7277277277277276     74.67019317329215
-1.7237237237237237     75.57833344020416
-1.7197197197197198     76.69677223405907
-1.7157157157157157     77.95562159637576
-1.7117117117117118     79.27112382404454
-1.7077077077077076     80.55037411855648
-1.7037037037037037     81.6992722531841
-1.6996996996996998     82.63320073931868
-1.6956956956956957     83.28872827915491
-1.6916916916916918     83.63370291720273
-1.6876876876876876     83.67300954140616
-1.6836836836836837     83.44828064980788
-1.6796796796796798     83.03163049610978
-1.6756756756756757     82.51522546428168
-1.6716716716716717     81.99942604950465
-1.6676676676676676     81.58205312781216
-1.6636636636636637     81.3503450912804
-1.6596596596596598     81.37597291218793
-1.6556556556556556     81.7125594038592
-1.6516516516516517     82.39470707842773
-1.6476476476476476     83.43752623685609
-1.6436436436436437     84.8359194701974
-1.6396396396396398     86.56328751151835
-1.6356356356356356     88.5698018085651
-1.6316316316316315     90.78090495481933
-1.6276276276276276     93.09719262286913
-1.6236236236236237     95.39715988708504
-1.6196196196196198     97.54422251444409
-1.6156156156156156     99.39869283338602
-1.6116116116116115     100.83392470718987
-1.6076076076076076     101.75398509759161
-1.6036036036036037     102.10876682764554
-1.5995995995995997     101.90234769544952
-1.5955955955955956     101.19201688170394
-1.5915915915915915     100.07816446705147
-1.5875875875875876     98.68788692849748
-1.5835835835835836     97.15652285852704
-1.5795795795795795     95.6110334255934
-1.5755755755755756     94.15770154596767
-1.5715715715715715     92.87494788901093
-1.5675675675675675     91.81085701414025
-1.5635635635635636     90.98450290591752
-1.5595595595595595     90.39017868909379
-1.5555555555555556     90.00380423219896
-1.5515515515515514     89.7907810096907
-1.5475475475475475     89.71426259838476
-1.5435435435435436     89.74237021171392
-1.5395395395395395     89.85268296639263
-1.5355355355355356     90.03272961883776
-1.5315315315315314     90.27624642858888
-1.5275275275275275     90.57627842061856
-1.5235235235235236     90.91724106501596
-1.5195195195195195     91.2684573566768
-1.5155155155155156     91.58140681654535
-1.5115115115115114     91.79212403816503
-1.5075075075075075     91.82900142690869
-1.5035035035035036     91.62479089484019
-1.4994994994994995     91.13013446322522
-1.4954954954954955     90.32504449818359
-1.4914914914914914     89.2250223198695
-1.4874874874874875     87.88011581144251
-1.4834834834834836     86.36755372148616
-1.4794794794794794     84.78054367532539
-1.4754754754754755     83.21652207906041
-1.4714714714714714     81.7675245560912
-1.4674674674674675     80.51401011767966
-1.4634634634634636     79.52216898015133
-1.4594594594594594     78.84392259413349
-1.4554554554554555     78.51854613166576
-1.4514514514514514     78.5749374688372
-1.4474474474474475     79.03380925608636
-1.4434434434434436     79.90934151447775
-1.4394394394394394     81.2100334110489
-1.4354354354354353     82.93862702122615
-1.4314314314314314     85.09106808449741
-1.4274274274274275     87.65455698290914
-1.4234234234234235     90.60486614753432
-1.4194194194194194     93.90328567306797
-1.4154154154154153     97.49380579251765
-1.4114114114114114     101.30139628475612
-1.4074074074074074     105.23236524207871
-1.4034034034034035     109.17757987893002
-1.3993993993993994     113.01865718292117
-1.3953953953953953     116.63615130245825
-1.3913913913913913     119.91772013466446
-1.3873873873873874     122.76396423144537
-1.3833833833833835     125.09062657482225
-1.3793793793793794     126.82788239666895
-1.3753753753753752     127.91939434992295
-1.3713713713713713     128.32426592060554
-1.3673673673673674     128.02338431821417
-1.3633633633633635     127.02867453856685
-1.3593593593593594     125.39126826837564
-1.3553553553553552     123.20415974775753
-1.3513513513513513     120.59692276458934
-1.3473473473473474     117.72329816654712
-1.3433433433433435     114.74506311409779
-1.3393393393393394     111.81633513829915
-1.3353353353353352     109.07141013802233
-1.3313313313313313     106.61735763825479
-1.3273273273273274     104.53093630311953
-1.3233233233233235     102.85848933511572
-1.3193193193193193     101.6173465163981
-1.3153153153153152     100.79764222340958
-1.3113113113113113     100.36407954106083
-1.3073073073073074     100.25783147327178
-1.3033033033033035     100.39933088311147
-1.2992992992992993     100.69301357360253
-1.2952952952952952     101.03495895676068
-1.2912912912912913     101.32366423083741
-1.2872872872872874     101.47293452751417
-1.2832832832832834     101.42448488104783
-1.2792792792792793     101.1570628095602
-1.2752752752752752     100.68936613918395
-1.2712712712712713     100.07577628427286
-1.2672672672672673     99.39616828505831
-1.2632632632632632     98.74267323029736
-1.2592592592592593     98.2065705898477
-1.2552552552552552     97.86761803023647
-1.2512512512512513     97.786787107186
-1.2472472472472473     98.00227029673184
-1.2432432432432432     98.52810142349892
-1.2392392392392393     99.35474945428004
-1.2352352352352352     100.45135413688571
-1.2312312312312312     101.76957740666957
-1.2272272272272273     103.24911839968414
-1.2232232232232232     104.82469343409467
-1.2192192192192193     106.43381798036128
-1.2152152152152151     108.02431233258532
-1.2112112112112112     109.56035527115297
-1.2072072072072073     111.02618191723448
-1.2032032032032032     112.42694142739333
-1.1991991991991993     113.78652825019832
-1.1951951951951951     115.1423550057952
-1.1911911911911912     116.53727779244028
-1.1871871871871873     118.00939948716591
-1.1831831831831832     119.5811564793148
-1.179179179179179     121.24964111579922
-1.1751751751751751     122.98030946101073
-1.1711711711711712     124.7060348052001
-1.1671671671671673     126.33288807950005
-1.1631631631631631     127.75294963414345
-1.159159159159159     128.86278902024733
-1.155155155155155     129.58424088130903
-1.1511511511511512     129.88255357645247
-1.1471471471471473     129.776937070826
-1.1431431431431431     129.3404978456442
-1.139139139139139     128.68986459506252
-1.135135135135135     127.96789858856674
-1.1311311311311312     127.32430239007302
-1.1271271271271273     126.8983323160843
-1.1231231231231231     126.80594809148036
-1.119119119119119     127.13175403825595
-1.115115115115115     127.92481000816639
-1.1111111111111112     129.1970338943089
-1.1071071071071072     130.92327531629414
-1.103103103103103     133.0428516737566
-1.099099099099099     135.46304542703953
-1.095095095095095     138.06545003021282
-1.0910910910910911     140.71586848708677
-1.0870870870870872     143.27760403661452
-1.083083083083083     145.62660777186068
-1.079079079079079     147.66558970845793
-1.075075075075075     149.33361022709028
-1.0710710710710711     150.60845055984805
-1.0670670670670672     151.50121750153207
-1.063063063063063     152.04537475875134
-1.059059059059059     152.28442088547877
-1.055055055055055     152.2626687208311
-1.0510510510510511     152.0218050781764
-1.0470470470470472     151.60293518030522
-1.043043043043043     151.05108493603356
-1.039039039039039     150.4179824761331
-1.035035035035035     149.7598957537154
-1.031031031031031     149.1297895660913
-1.0270270270270272     148.56577775251537
-1.023023023023023     148.0795808205864
-1.019019019019019     147.64898862762738
-1.015015015015015     147.21740913808407
-1.011011011011011     146.70190540815696
-1.007007007007007     146.00898616582123
-1.003003003003003     145.05509001301294
-0.9989989989989989     143.78676860364385
-0.994994994994995     142.19495047509042
-0.9909909909909911     140.3190562678264
-0.986986986986987     138.23987087409267
-0.982982982982983     136.06359947383407
-0.9789789789789789     133.901820265284
-0.974974974974975     131.85231272096192
-0.9709709709709711     129.98441962408012
-0.9669669669669669     128.33078260514145
-0.962962962962963     126.88586289474503
-0.9589589589589589     125.6108546404434
-0.954954954954955     124.44409893436647
-0.9509509509509511     123.31546129019978
-0.9469469469469469     122.16219331532326
-0.942942942942943     120.94292480804772
-0.9389389389389389     119.64632500683798
-0.934934934934935     118.2921237032334
-0.930930930930931     116.92435975638354
-0.9269269269269269     115.59898486878521
-0.922922922922923     114.36928526807205
-0.9189189189189189     113.27261331205999
-0.914914914914915     112.32102662129442
-0.910910910910911     111.49730042721829
-0.9069069069069069     110.75684903672148
-0.902902902902903     110.03534890768607
-0.8988988988988988     109.26102119758472
-0.8948948948948949     108.36945377816252
-0.8908908908908908     107.3177916575143
-0.8868868868868869     106.09474441958227
-0.882882882882883     104.72370956395004
-0.8788788788788788     103.25830688781826
-0.8748748748748749     101.77191011817949
-0.8708708708708708     100.34426790502918
-0.8668668668668669     99.0484709271521
-0.862862862862863     97.94060515213526
-0.8588588588588588     97.0531645003749
-0.8548548548548549     96.39231653198078
-0.8508508508508508     95.93864593493855
-0.8468468468468469     95.65088979651411
-0.8428428428428429     95.4721278107775
-0.8388388388388388     95.33769612284274
-0.8348348348348349     95.18378404233101
-0.8308308308308308     94.95547659941205
-0.8268268268268268     94.6131427232643
-0.8228228228228229     94.1365123450196
-0.8188188188188188     93.52624552997395
-0.8148148148148149     92.80299867288524
-0.8108108108108107     92.00397727674404
-0.8068068068068068     91.17703985817302
-0.8028028028028029     90.37279729866886
-0.7987987987987988     89.63570622272256
-0.7947947947947949     88.99555018497344
-0.7907907907907907     88.46073445686854
-0.7867867867867868     88.01455551971108
-0.7827827827827827     87.6152314337085
-0.7787787787787788     87.20007683502685
-0.7747747747747749     86.69369322521989
-0.7707707707707707     86.01930997684461
-0.7667667667667668     85.1115182936869
-0.7627627627627627     83.92791480646035
-0.7587587587587588     82.45705857498652
-0.7547547547547548     80.72090558606462
-0.7507507507507507     78.77135252460515
-0.7467467467467468     76.68213167444189
-0.7427427427427427     74.53839028880833
-0.7387387387387387     72.42647606607514
-0.7347347347347348     70.4258113991189
-0.7307307307307307     68.60369581766625
-0.7267267267267268     67.01290630800125
-0.7227227227227226     65.69135856411535
-0.7187187187187187     64.66289098118513
-0.7147147147147148     63.938322238810215
-0.7107107107107107     63.51616432897843
-0.7067067067067068     63.38264257731381
-0.7027027027027026     63.510943268963814
-0.6986986986986987     63.85988426012714
-0.6946946946946948     64.3725026879786
-0.6906906906906907     64.97536753440902
-0.6866866866866868     65.57967844212381
-0.6826826826826826     66.08524506274355
-0.6786786786786787     66.38804311359377
-0.6746746746746748     66.39108464494818
-0.6706706706706707     66.0169698802191
-0.6666666666666667     65.21925014150642
-0.6626626626626626     63.98938488280883
-0.6586586586586587     62.35709038718587
-0.6546546546546548     60.38395833065875
-0.6506506506506506     58.15236865137475
-0.6466466466466467     55.752887629635865
-0.6426426426426426     53.27313963208445
-0.6386386386386387     50.78997194430796
-0.6346346346346345     48.365352219703865
-0.6306306306306306     46.045430230109
-0.6266266266266267     43.86174912215075
-0.6226226226226226     41.8335940988645
-0.6186186186186187     39.970702370759476
-0.6146146146146145     38.27584730657597
-0.6106106106106106     36.74705305802191
-0.6066066066066067     35.37936224098456
-0.6026026026026026     34.16617477973205
-0.5985985985985987     33.1002203546562
-0.5945945945945945     32.17423972565007
-0.5905905905905906     31.381446384805113
-0.5865865865865867     30.715829038256043
-0.5825825825825826     30.172342667405037
-0.5785785785785786     29.74702395409525
-0.5745745745745745     29.43705662769169
-0.5705705705705706     29.24080389559618
-0.5665665665665667     29.157818231430337
-0.5625625625625625     29.188832924652093
-0.5585585585585586     29.33573439096234
-0.5545545545545545     29.60150873940808
-0.5505505505505506     29.990149926886865
-0.5465465465465467     30.506509465726563
-0.5425425425425425     31.156058634153474
-0.5385385385385386     31.944523258014033
-0.5345345345345345     32.87733870975126
-0.5305305305305306     33.95886021882863
-0.5265265265265264     35.19125429171884
-0.5225225225225225     36.5729976153533
-0.5185185185185186     38.09693153470298
-0.5145145145145145     39.74787978392862
-0.5105105105105106     41.499955161323726
-0.5065065065065064     43.31387430082776
-0.5025025025025025     45.134865177122016
-0.4984984984984986     46.89203812445428
-0.49449449449449445     48.500270643481905
-0.49049049049049054     49.865527185017285
-0.4864864864864864     50.89389664920217
-0.4824824824824825     51.50345277991042
-0.4784784784784786     51.63665299598117
-0.47447447447447444     51.27007644890787
-0.4704704704704705     50.418562741492615
-0.4664664664664664     49.13240634856389
-0.4624624624624625     47.48852160869475
-0.45845845845845856     45.578296364270024
-0.4544544544544544     43.49539126365261
-0.4504504504504505     41.32601421068899
-0.4464464464464464     39.142841787611005
-0.44244244244244246     37.00250033507406
-0.43843843843843855     34.945766952239445
-0.4344344344344344     32.99943380225498
-0.4304304304304305     31.178914981726813
-0.42642642642642636     29.490952996339896
-0.42242242242242245     27.936057629045397
-0.41841841841841854     26.510519101570345
-0.4144144144144144     25.207969409562253
-0.4104104104104105     24.02053523358854
-0.40640640640640635     22.939653586411186
-0.40240240240240244     21.956625109028288
-0.3983983983983985     21.062972023290435
-0.3943943943943944     20.250655641387677
-0.3903903903903905     19.512195971879624
-0.38638638638638634     18.84072511654114
-0.3823823823823824     18.22999737681406
-0.3783783783783783     17.67437223925397
-0.3743743743743744     17.168781396436753
-0.37037037037037046     16.70868733158772
-0.3663663663663663     16.290038422462125
-0.3623623623623624     15.90922372737235
-0.3583583583583583     15.563029387400583
-0.35435435435435436     15.24859775044714
-0.35035035035035045     14.963389774804156
-0.3463463463463463     14.705150915914302
-0.3423423423423424     14.471880478427071
-0.33833833833833826     14.261804283486859
-0.33433433433433435     14.073350428414145
-0.33033033033033044     13.905127881947452
-0.3263263263263263     13.755907648933828
-0.3223223223223224     13.624606244287365
-0.31831831831831825     13.510271230839306
-0.31431431431431434     13.412068595212995
-0.3103103103103104     13.329271757381223
-0.3063063063063063     13.261252031421396
-0.3023023023023024     13.207470376159092
-0.29829829829829824     13.167470294320184
-0.2942942942942943     13.140871757217965
-0.2902902902902904     13.127366048798558
-0.2862862862862863     13.126711438081651
-0.28228228228228236     13.138729602763433
-0.2782782782782782     13.16330273912959
-0.2742742742742743     13.200371304613972
-0.2702702702702702     13.249932349496616
-0.26626626626626626     13.312038403522036
-0.26226226226226235     13.38679689179631
-0.2582582582582582     13.474370062338485
-0.2542542542542543     13.57497541526512
-0.25025025025025016     13.68888663091729
-0.24624624624624625     13.81643500143271
-0.24224224224224233     13.958011377459647
-0.2382382382382382     14.11406864903724
-0.23423423423423428     14.285124787269071
-0.23023023023023015     14.471766481438776
-0.22622622622622623     14.674653414810045
-0.22222222222222232     14.894523231685326
-0.21821821821821819     15.132197258548397
-0.21421421421421427     15.388587053485045
-0.21021021021021014     15.66470187078747
-0.20620620620620622     15.961657141949315
-0.2022022022022023     16.28068409043519
-0.19819819819819817     16.623140615973906
-0.19419419419419426     16.99052360504282
-0.19019019019019012     17.3844828480808
-0.1861861861861862     17.806836771244765
-0.1821821821821823     18.259590221710987
-0.17817817817817816     18.7449545811667
-0.17417417417417425     19.26537052283659
-0.1701701701701701     19.8235337737657
-0.1661661661661662     20.422424296758617
-0.16216216216216228     21.06533936595368
-0.15815815815815815     21.75593107696452
-0.15415415415415423     22.498248907127138
-0.1501501501501501     23.296788023536024
-0.14614614614614618     24.156544125498876
-0.14214214214214227     25.0830757020522
-0.13813813813813813     26.082574680956323
-0.13413413413413422     27.161946537480837
-0.13013013013013008     28.32890101007773
-0.12612612612612617     29.59205462123721
-0.12212212212212203     30.961046203166486
-0.11811811811811812     32.44666654579656
-0.1141141141141142     34.06100306889495
-0.11011011011011007     35.81759999682953
-0.10610610610610616     37.73163377587725
-0.10210210210210202     39.820102263690416
-0.09809809809809811     42.10202431471303
-0.0940940940940942     44.59864346637024
-0.09009009009009006     47.33362505395466
-0.08608608608608614     50.333229634607314
-0.08208208208208201     53.62643625695242
-0.0780780780780781     57.24497579436461
-0.07407407407407418     61.223215922764226
-0.07007007007007005     65.59781381909686
-0.06606606606606613     70.40701874836927
-0.062062062062061996     75.68946340153578
-0.05805805805805808     81.48223077871626
-0.05405405405405417     87.81792685230295
-0.05005005005005003     94.72043946173658
-0.04604604604604612     102.19904419362058
-0.04204204204204198     110.24057008378517
-0.03803803803803807     118.79952735712025
-0.034034034034034155     127.78651385707356
-0.03003003003003002     137.05594568781825
-0.026026026026026106     146.39523481398194
-0.02202202202202197     155.5188341272591
-0.018018018018018056     164.071663705577
-0.01401401401401392     171.6465289084704
-0.010010010010010006     177.8182663596315
-0.006006006006006093     182.19295409891689
-0.002002002002001957     184.4643540861364
0.002002002002002179     184.46435408613684
0.006006006006006093     182.192954098918
0.010010010010010006     177.81826635963316
0.01401401401401392     171.64652890847285
0.018018018018017834     164.07166370558005
0.022022022022022192     155.5188341272616
0.026026026026026106     146.39523481398504
0.03003003003003002     137.0559456878214
0.03403403403403393     127.78651385707724
0.03803803803803785     118.7995273571237
0.042042042042042205     110.2405700837876
0.04604604604604612     102.19904419362324
0.05005005005005003     94.72043946173898
0.054054054054053946     87.81792685230565
0.05805805805805786     81.48223077871864
0.06206206206206222     75.68946340153734
0.06606606606606613     70.40701874837102
0.07007007007007005     65.59781381909836
0.07407407407407396     61.2232159227659
0.07807807807807787     57.24497579436613
0.08208208208208223     53.626436256953404
0.08608608608608614     50.33322963460834
0.09009009009009006     47.33362505395566
0.09409409409409397     44.59864346637127
0.09809809809809789     42.102024314713944
0.10210210210210224     39.82010226369099
0.10610610610610616     37.731633775877945
0.11011011011011007     35.81759999683019
0.11411411411411398     34.06100306889556
0.1181181181181179     32.44666654579721
0.12212212212212226     30.961046203166905
0.12612612612612617     29.59205462123768
0.13013013013013008     28.32890101007817
0.134134134134134     27.16194653748128
0.1381381381381379     26.082574680956746
0.14214214214214227     25.083075702052508
0.14614614614614618     24.15654412549919
0.1501501501501501     23.29678802353633
0.154154154154154     22.49824890712748
0.15815815815815792     21.75593107696479
0.16216216216216228     21.065339365953918
0.1661661661661662     20.42242429675883
0.1701701701701701     19.82353377376592
0.17417417417417402     19.26537052283681
0.17817817817817794     18.744954581166905
0.1821821821821823     18.259590221711175
0.1861861861861862     17.806836771244917
0.19019019019019012     17.384482848080943
0.19419419419419404     16.990523605043
0.1981981981981984     16.62314061597403
0.2022022022022023     16.28068409043531
0.20620620620620622     15.961657141949452
0.21021021021021014     15.664701870787596
0.21421421421421405     15.388587053485182
0.2182182182182184     15.132197258548484
0.22222222222222232     14.894523231685417
0.22622622622622623     14.674653414810127
0.23023023023023015     14.471766481438852
0.23423423423423406     14.285124787269163
0.23823823823823842     14.114068649037309
0.24224224224224233     13.958011377459723
0.24624624624624625     13.81643500143278
0.25025025025025016     13.688886630917377
0.2542542542542541     13.574975415265197
0.25825825825825843     13.47437006233854
0.26226226226226235     13.38679689179637
0.26626626626626626     13.312038403522102
0.2702702702702702     13.249932349496682
0.2742742742742741     13.200371304614018
0.27827827827827845     13.16330273912963
0.28228228228228236     13.138729602763494
0.2862862862862863     13.126711438081694
0.2902902902902902     13.127366048798596
0.2942942942942941     13.140871757218004
0.29829829829829846     13.167470294320221
0.3023023023023024     13.207470376159138
0.3063063063063063     13.26125203142143
0.3103103103103102     13.32927175738125
0.3143143143143141     13.41206859521302
0.31831831831831847     13.510271230839352
0.3223223223223224     13.624606244287392
0.3263263263263263     13.755907648933857
0.3303303303303302     13.905127881947463
0.3343343343343341     14.073350428414168
0.3383383383383385     14.261804283486883
0.3423423423423424     14.471880478427089
0.3463463463463463     14.705150915914327
0.3503503503503502     14.963389774804158
0.35435435435435414     15.248597750447132
0.3583583583583585     15.563029387400622
0.3623623623623624     15.90922372737236
0.3663663663663663     16.290038422462136
0.37037037037037024     16.70868733158768
0.37437437437437415     17.168781396436724
0.3783783783783785     17.674372239253998
0.3823823823823824     18.229997376814076
0.38638638638638634     18.840725116541098
0.39039039039039025     19.51219597187959
0.39439439439439417     20.250655641387638
0.3983983983983985     21.062972023290435
0.40240240240240244     21.956625109028266
0.40640640640640635     22.939653586411207
0.41041041041041026     24.020535233588447
0.4144144144144142     25.207969409562153
0.41841841841841854     26.510519101570317
0.42242242242242245     27.936057629045386
0.42642642642642636     29.490952996339896
0.4304304304304303     31.178914981726674
0.43443443443443464     32.99943380225507
0.43843843843843855     34.945766952239445
0.44244244244244246     37.00250033507403
0.4464464464464464     39.142841787611026
0.4504504504504503     41.32601421068885
0.45445445445445465     43.49539126365269
0.45845845845845856     45.57829636427
0.4624624624624625     47.48852160869471
0.4664664664664664     49.132406348563954
0.4704704704704703     50.41856274149255
0.47447447447447466     51.270076448907915
0.4784784784784786     51.63665299598118
0.4824824824824825     51.503452779910425
0.4864864864864864     50.89389664920215
0.4904904904904903     49.86552718501738
0.4944944944944947     48.500270643481834
0.4984984984984986     46.892038124454324
0.5025025025025025     45.134865177122045
0.5065065065065064     43.313874300827834
0.5105105105105103     41.499955161323896
0.5145145145145147     39.747879783928624
0.5185185185185186     38.09693153470297
0.5225225225225225     36.57299761535343
0.5265265265265264     35.19125429171889
0.5305305305305303     33.95886021882872
0.5345345345345347     32.87733870975122
0.5385385385385386     31.94452325801404
0.5425425425425425     31.156058634153485
0.5465465465465464     30.506509465726637
0.5505505505505504     29.990149926886897
0.5545545545545547     29.601508739408086
0.5585585585585586     29.33573439096237
0.5625625625625625     29.18883292465213
0.5665665665665665     29.157818231430337
0.5705705705705704     29.240803895596173
0.5745745745745747     29.437056627691703
0.5785785785785786     29.747023954095262
0.5825825825825826     30.172342667405044
0.5865865865865865     30.71582903825602
0.5905905905905904     31.38144638480509
0.5945945945945947     32.174239725650104
0.5985985985985987     33.100220354656166
0.6026026026026026     34.166174779732096
0.6066066066066065     35.3793622409845
0.6106106106106104     36.74705305802186
0.6146146146146148     38.2758473065761
0.6186186186186187     39.97070237075946
0.6226226226226226     41.833594098864516
0.6266266266266265     43.86174912215062
0.6306306306306304     46.045430230108906
0.6346346346346348     48.36535221970399
0.6386386386386387     50.789971944308014
0.6426426426426426     53.273139632084415
0.6466466466466465     55.752887629635744
0.6506506506506504     58.152368651374594
0.6546546546546548     60.383958330658764
0.6586586586586587     62.35709038718582
0.6626626626626626     63.989384882808764
0.6666666666666665     65.21925014150627
0.6706706706706704     66.0169698802191
0.6746746746746748     66.39108464494814
0.6786786786786787     66.38804311359354
0.6826826826826826     66.08524506274345
0.6866866866866865     65.57967844212371
0.6906906906906904     64.97536753440892
0.6946946946946948     64.37250268797844
0.6986986986986987     63.859884260126954
0.7027027027027026     63.510943268963615
0.7067067067067065     63.38264257731357
0.7107107107107109     63.516164328978235
0.7147147147147148     63.938322238809974
0.7187187187187187     64.66289098118487
0.7227227227227226     65.69135856411508
0.7267267267267266     67.01290630800091
0.7307307307307309     68.60369581766604
0.7347347347347348     70.42581139911854
0.7387387387387387     72.42647606607481
0.7427427427427427     74.53839028880806
0.7467467467467466     76.68213167444125
0.7507507507507509     78.77135252460478
0.7547547547547548     80.7209055860642
0.7587587587587588     82.45705857498612
0.7627627627627627     83.92791480645981
0.7667667667667666     85.11151829368623
0.7707707707707709     86.01930997684404
0.7747747747747749     86.6936932252192
0.7787787787787788     87.20007683502615
0.7827827827827827     87.61523143370779
0.7867867867867866     88.01455551971023
0.790790790790791     88.46073445686778
0.7947947947947949     88.99555018497259
0.7987987987987988     89.6357062227218
0.8028028028028027     90.37279729866813
0.8068068068068066     91.1770398581725
0.810810810810811     92.00397727674364
0.8148148148148149     92.80299867288485
0.8188188188188188     93.52624552997385
0.8228228228228227     94.13651234501947
0.8268268268268266     94.61314272326426
0.830830830830831     94.95547659941212
0.8348348348348349     95.18378404233121
0.8388388388388388     95.33769612284284
0.8428428428428427     95.47212781077768
0.8468468468468466     95.65088979651436
0.850850850850851     95.9386459349389
0.8548548548548549     96.39231653198107
0.8588588588588588     97.05316450037513
0.8628628628628627     97.94060515213543
0.8668668668668666     99.04847092715218
0.870870870870871     100.34426790502947
0.8748748748748749     101.77191011817965
0.8788788788788788     103.2583068878186
0.8828828828828827     104.72370956395046
0.8868868868868867     106.09474441958274
0.890890890890891     107.31779165751519
0.8948948948948949     108.36945377816345
0.8988988988988988     109.26102119758582
0.9029029029029028     110.03534890768725
0.9069069069069067     110.75684903672295
0.910910910910911     111.4973004272198
0.914914914914915     112.32102662129608
0.9189189189189189     113.27261331206168
0.9229229229229228     114.36928526807361
0.9269269269269267     115.59898486878669
0.930930930930931     116.92435975638503
0.934934934934935     118.29212370323489
0.9389389389389389     119.64632500683923
0.9429429429429428     120.94292480804901
0.9469469469469471     122.16219331532447
0.9509509509509511     123.31546129020073
0.954954954954955     124.44409893436736
0.9589589589589589     125.61085464044429
0.9629629629629628     126.8858628947458
0.9669669669669672     128.3307826051424
0.9709709709709711     129.98441962408089
0.974974974974975     131.85231272096271
0.9789789789789789     133.90182026528427
0.9829829829829828     136.06359947383422
0.9869869869869872     138.2398708740924
0.9909909909909911     140.31905626782574
0.994994994994995     142.19495047508966
0.9989989989989989     143.78676860364226
1.0030030030030028     145.05509001301087
1.0070070070070072     146.00898616581856
1.011011011011011     146.7019054081541
1.015015015015015     147.2174091380806
1.019019019019019     147.64898862762382
1.0230230230230228     148.07958082058258
1.0270270270270272     148.56577775251154
1.031031031031031     149.1297895660875
1.035035035035035     149.75989575371173
1.039039039039039     150.4179824761294
1.0430430430430429     151.05108493603018
1.0470470470470472     151.60293518030227
1.0510510510510511     152.02180507817388
1.055055055055055     152.2626687208289
1.059059059059059     152.28442088547698
1.0630630630630629     152.04537475874983
1.0670670670670672     151.5012175015312
1.0710710710710711     150.60845055984768
1.075075075075075     149.3336102270902
1.079079079079079     147.66558970845833
1.0830830830830829     145.62660777186142
1.0870870870870872     143.27760403661546
1.0910910910910911     140.71586848708802
1.095095095095095     138.0654500302141
1.099099099099099     135.46304542704078
1.1031031031031029     133.0428516737582
1.1071071071071072     130.92327531629556
1.1111111111111112     129.19703389431012
1.115115115115115     127.92481000816757
1.119119119119119     127.13175403825718
1.123123123123123     126.80594809148153
1.1271271271271273     126.89833231608532
1.1311311311311312     127.32430239007407
1.135135135135135     127.96789858856775
1.139139139139139     128.68986459506348
1.143143143143143     129.34049784564536
1.1471471471471473     129.77693707082716
1.1511511511511512     129.88255357645403
1.155155155155155     129.58424088131045
1.159159159159159     128.862789020249
1.163163163163163     127.75294963414538
1.1671671671671673     126.33288807950221
1.1711711711711712     124.70603480520221
1.1751751751751751     122.98030946101282
1.179179179179179     121.24964111580128
1.183183183183183     119.58115647931682
1.1871871871871873     118.00939948716764
1.1911911911911912     116.53727779244177
1.1951951951951951     115.14235500579619
1.199199199199199     113.78652825019927
1.203203203203203     112.42694142739379
1.2072072072072073     111.02618191723427
1.2112112112112112     109.56035527115249
1.2152152152152151     108.02431233258453
1.219219219219219     106.43381798036033
1.2232232232232234     104.82469343409323
1.2272272272272273     103.24911839968256
1.2312312312312312     101.76957740666779
1.2352352352352352     100.45135413688381
1.239239239239239     99.35474945427805
1.2432432432432434     98.5281014234968
1.2472472472472473     98.00227029672982
1.2512512512512513     97.78678710718386
1.2552552552552552     97.86761803023431
1.259259259259259     98.20657058984554
1.2632632632632634     98.74267323029547
1.2672672672672673     99.39616828505635
1.2712712712712713     100.0757762842712
1.2752752752752752     100.68936613918257
1.279279279279279     101.15706280955926
1.2832832832832834     101.42448488104719
1.2872872872872874     101.47293452751377
1.2912912912912913     101.32366423083741
1.2952952952952952     101.03495895676087
1.299299299299299     100.6930135736029
1.3033033033033035     100.39933088311183
1.3073073073073074     100.25783147327218
1.3113113113113113     100.36407954106132
1.3153153153153152     100.79764222341012
1.3193193193193191     101.61734651639841
1.3233233233233235     102.85848933511595
1.3273273273273274     104.53093630311965
1.3313313313313313     106.61735763825483
1.3353353353353352     109.07141013802233
1.3393393393393391     111.81633513829881
1.3433433433433435     114.74506311409765
1.3473473473473474     117.72329816654691
1.3513513513513513     120.59692276458911
1.3553553553553552     123.2041597477574
1.3593593593593591     125.3912682683754
1.3633633633633635     127.0286745385669
1.3673673673673674     128.0233843182141
1.3713713713713713     128.32426592060565
1.3753753753753752     127.9193943499231
1.3793793793793792     126.82788239666935
1.3833833833833835     125.09062657482275
1.3873873873873874     122.76396423144585
1.3913913913913913     119.91772013466505
1.3953953953953953     116.63615130245884
1.3993993993993992     113.01865718292194
1.4034034034034035     109.17757987893076
1.4074074074074074     105.23236524207952
1.4114114114114114     101.30139628475685
1.4154154154154153     97.49380579251829
1.4194194194194192     93.90328567306891
1.4234234234234235     90.60486614753479
1.4274274274274275     87.65455698290961
1.4314314314314314     85.09106808449783
1.4354354354354353     82.93862702122644
1.4394394394394392     81.21003341104922
1.4434434434434436     79.90934151447784
1.4474474474474475     79.03380925608634
1.4514514514514514     78.57493746883706
1.4554554554554553     78.51854613166562
1.4594594594594597     78.84392259413329
1.4634634634634636     79.52216898015106
1.4674674674674675     80.51401011767926
1.4714714714714714     81.76752455609079
1.4754754754754753     83.21652207905987
1.4794794794794797     84.78054367532484
1.4834834834834836     86.36755372148558
1.4874874874874875     87.88011581144191
1.4914914914914914     89.22502231986901
1.4954954954954953     90.32504449818322
1.4994994994994997     91.13013446322482
1.5035035035035036     91.6247908948398
1.5075075075075075     91.82900142690848
1.5115115115115114     91.79212403816483
1.5155155155155153     91.58140681654524
1.5195195195195197     91.26845735667659
1.5235235235235236     90.91724106501577
1.5275275275275275     90.57627842061855
1.5315315315315314     90.27624642858879
1.5355355355355353     90.03272961883762
1.5395395395395397     89.85268296639259
1.5435435435435436     89.74237021171407
1.5475475475475475     89.71426259838496
1.5515515515515514     89.79078100969095
1.5555555555555554     90.00380423219922
1.5595595595595597     90.39017868909416
1.5635635635635636     90.98450290591781
1.5675675675675675     91.81085701414057
1.5715715715715715     92.87494788901131
1.5755755755755754     94.15770154596771
1.5795795795795797     95.61103342559375
1.5835835835835836     97.15652285852724
1.5875875875875876     98.68788692849746
1.5915915915915915     100.0781644670518
1.5955955955955954     101.19201688170412
1.5995995995995997     101.90234769544993
1.6036036036036037     102.1087668276458
1.6076076076076076     101.75398509759208
1.6116116116116115     100.83392470719052
1.6156156156156154     99.39869283338675
1.6196196196196198     97.54422251444471
1.6236236236236237     95.39715988708578
1.6276276276276276     93.09719262287003
1.6316316316316315     90.78090495482017
1.6356356356356354     88.56980180856603
1.6396396396396398     86.56328751151905
1.6436436436436437     84.83591947019816
1.6476476476476476     83.43752623685687
1.6516516516516515     82.39470707842857
1.6556556556556554     81.71255940385988
1.6596596596596598     81.37597291218864
1.6636636636636637     81.35034509128099
1.6676676676676676     81.58205312781283
1.6716716716716715     81.99942604950526
1.6756756756756754     82.51522546428222
1.6796796796796798     83.03163049611045
1.6836836836836837     83.44828064980841
1.6876876876876876     83.67300954140661
1.6916916916916915     83.6337029172032
1.6956956956956954     83.2887282791554
1.6996996996996998     82.63320073931885
1.7037037037037037     81.69927225318435
1.7077077077077076     80.5503741185565
1.7117117117117115     79.27112382404466
1.7157157157157155     77.9556215963757
1.7197197197197198     76.69677223405891
1.7237237237237237     75.57833344020395
1.7277277277277276     74.67019317329205
1.7317317317317316     74.02642406774697
1.735735735735736     73.68517330082142
1.7397397397397398     73.66937902152873
1.7437437437437437     73.98749951581595
1.7477477477477477     74.63374942483536
1.7517517517517516     75.58767584422318
1.755755755755756     76.81325377250236
1.7597597597597598     78.25803545176406
1.7637637637637638     79.85322601919819
1.7677677677677677     81.51578349952288
1.7717717717717716     83.15357706362897
1.775775775775776     84.67408239961766
1.7797797797797799     85.99597824884556
1.7837837837837838     87.06159326860748
1.7877877877877877     87.84707751678839
1.7917917917917916     88.3671752590241
1.795795795795796     88.67284237788323
1.7997997997997999     88.84215291762835
1.8038038038038038     88.96688434358497
1.8078078078078077     89.13795636397505
1.8118118118118116     89.43239235357478
1.815815815815816     89.90325953098379
1.8198198198198199     90.57289997770673
1.8238238238238238     91.42918119427755
1.8278278278278277     92.42453756364738
1.8318318318318316     93.47799353158257
1.835835835835836     94.48076193882812
1.83983983983984     95.30600163024795
1.8438438438438438     95.82264762405617
1.8478478478478477     95.91196335059814
1.8518518518518516     95.48409128878525
1.855855855855856     94.49113715275014
1.85985985985986     92.93377649078663
1.8638638638638638     90.85998179867538
1.8678678678678677     88.35657052100619
1.8718718718718717     85.53600569777298
1.875875875875876     82.52166392404276
1.87987987987988     79.43453072909094
1.8838838838838838     76.38329636973286
1.8878878878878878     73.45858513292352
1.8918918918918917     70.73099522803975
1.895895895895896     68.2519988601024
1.8998998998999     66.0565725010413
1.9039039039039038     64.16656337402866
1.9079079079079078     62.59407656596328
1.9119119119119117     61.344453280850686
1.915915915915916     60.41863376730598
1.91991991991992     59.81483998866551
1.9239239239239239     59.529584042998245
1.9279279279279278     59.55803010579323
1.9319319319319317     59.89373222677315
1.935935935935936     60.52775734361127
1.93993993993994     61.44720096358686
1.9439439439439439     62.63313196810472
1.9479479479479478     64.05808493681818
1.9519519519519517     65.68337362060929
1.955955955955956     67.45673386092079
1.95995995995996     69.3110864981227
1.9639639639639639     71.16544095072315
1.9679679679679678     72.92895737787674
1.9719719719719722     74.50873328280755
1.975975975975976     75.82086724222536
1.97997997997998     76.80296850370917
1.983983983983984     77.42511035827309
1.9879879879879878     77.69602274412678
1.9919919919919922     77.6624854748584
1.995995995995996     77.40202594318615
2.0     77.01109851647507
