0   -4.304996878900157  0.0  
0   -3.7049968789001584  0.0  
0   3.7049968789001575  0.0  
0   4.304996878900157  0.0  
1   -4.305161236513803  -0.05235155204029588  
1   -3.7043373487390125  0.052351552040295984  
1   3.704337348739014  0.052351552040296026  
1   4.305161236513804  -0.05235155204029602  
2   -4.305650587313543  -0.10426246695043098  
2   -3.7023626038063275  0.10426246695043138  
2   3.7023626038063298  0.10426246695043195  
2   4.305650587313542  -0.104262466950432  
3   -4.306453918834099  -0.15531039949970318  
3   -3.699084027066384  0.1553103994997039  
3   3.6990840270663834  0.15531039949970488  
3   4.306453918834097  -0.15531039949970482  
4   -4.3075533745357495  -0.2051078482768681  
4   -3.694520092458351  0.20510784827686931  
4   3.694520092458352  0.20510784827687176  
4   4.307553374535748  -0.20510784827687165  
5   -4.308924951429545  -0.25331551872824354  
5   -3.6886956671228095  0.2533155187282448  
5   3.688695667122812  0.2533155187282491  
5   4.308924951429547  -0.2533155187282492  
6   -4.31053938751908  -0.29965155615181466  
6   -3.681641123752449  0.29965155615181605  
6   3.6816411237524647  0.2996515561518218  
6   4.31053938751908  -0.29965155615182193  
7   -4.312363166916414  -0.34389630967124907  
7   -3.673391335209467  0.3438963096712489  
7   3.6733913352094856  0.3438963096712576  
7   4.312363166916416  -0.3438963096712577  
8   -4.314359569645031  -0.3858928555258582  
8   -3.6639846243968046  0.3858928555258589  
8   3.6639846243968215  0.38589285552586716  
8   4.314359569645034  -0.385892855525867  
9   -4.316489700684622  -0.42554394119264016  
9   -3.653461734828623  0.4255439411926403  
9   3.6534617348286407  0.4255439411926493  
9   4.316489700684627  -0.4255439411926496  
10   -4.318713446051953  -0.462806262075006  
10   -3.6418648741058526  0.46280626207500547  
10   3.641864874105872  0.4628062620750151  
10   4.318713446051959  -0.46280626207501524  
11   -4.320990319578922  -0.49768305149274356  
11   -3.6292368666358508  0.49768305149274417  
11   3.629236866635869  0.4976830514927537  
11   4.320990319578927  -0.4976830514927536  
12   -4.323280179823707  -0.5302158902143529  
12   -3.6156204361604267  0.5302158902143516  
12   3.6156204361604463  0.5302158902143631  
12   4.323280179823712  -0.5302158902143631  
13   -4.32554381029356  -0.5604764775261893  
13   -3.6010576249139437  0.5604764775261912  
13   3.6010576249139636  0.5604764775262034  
13   4.325543810293563  -0.5604764775262036  
14   -4.32774336682399  -0.5885589042894243  
14   -3.5855893455668406  0.5885589042894201  
14   3.585589345566862  0.5885589042894345  
14   4.327743366823996  -0.5885589042894348  
15   -4.329842703282681  -0.6145727702154028  
15   -3.5692550547866357  0.6145727702154026  
15   3.569255054786657  0.6145727702154158  
15   4.329842703282686  -0.6145727702154161  
16   -4.331807591026012  -0.6386373178957897  
16   -3.5520925329885813  0.6386373178957903  
16   3.5520925329886035  0.6386373178958055  
16   4.331807591026014  -0.6386373178958056  
17   -4.3336058493086025  -0.6608766261159996  
17   -3.534137753076023  0.6608766261159992  
17   3.5341377530760467  0.6608766261160138  
17   4.3336058493086105  -0.6608766261160137  
18   -4.335207403802881  -0.6814158155657568  
18   -3.5154248210136894  0.6814158155657547  
18   3.5154248210137142  0.6814158155657696  
18   4.3352074038028885  -0.6814158155657692  
19   -4.336584289159115  -0.70037816608065  
19   -3.4959859723037168  0.7003781660806521  
19   3.4959859723037376  0.7003781660806622  
19   4.336584289159122  -0.7003781660806622  
20   -4.337710609649784  -0.7178830182377177  
20   -3.475851610320995  0.717883018237718  
20   3.4758516103210186  0.7178830182377326  
20   4.33771060964979  -0.7178830182377324  
21   -4.338562469785257  -0.7340443254484885  
21   -3.455050374621184  0.7340443254484874  
21   3.455050374621206  0.7340443254485001  
21   4.338562469785264  -0.7340443254484998  
22   -4.339117884626907  -0.7489697286224329  
22   -3.433609229495641  0.7489697286224326  
22   3.433609229495664  0.7489697286224453  
22   4.339117884626914  -0.7489697286224454  
23   -4.339356677520206  -0.762760038518524  
23   -3.411553565051169  0.7627600385185275  
23   3.4115535650511895  0.76276003851854  
23   4.339356677520208  -0.7627600385185396  
24   -4.339260371208642  -0.775509027125835  
24   -3.3889073048541114  0.7755090271258358  
24   3.3889073048541336  0.7755090271258487  
24   4.339260371208648  -0.7755090271258485  
25   -4.3388120767998775  -0.7873034462220446  
25   -3.36569301566799  0.7873034462220445  
25   3.3656930156680103  0.7873034462220552  
25   4.3388120767998855  -0.787303446222055  
26   -4.337996383834753  -0.7982232070984362  
26   -3.3419320160343595  0.7982232070984376  
26   3.341932016034382  0.7982232070984498  
26   4.337996383834758  -0.79822320709845  
27   -4.336799253735407  -0.8083416695041099  
27   -3.3176444814213033  0.8083416695041106  
27   3.3176444814213255  0.8083416695041233  
27   4.336799253735414  -0.8083416695041232  
28   -4.335207918148447  -0.8177259998395261  
28   -3.29284954442409  0.8177259998395278  
28   3.2928495444241115  0.8177259998395382  
28   4.335207918148455  -0.8177259998395381  
29   -4.333210783118695  -0.8264375685142701  
29   -3.2675653890830763  0.826437568514271  
29   3.2675653890830976  0.8264375685142816  
29   4.333210783118703  -0.8264375685142822  
30   -4.330797339595611  -0.8345323643395081  
30   -3.241809338817313  0.8345323643395072  
30   3.241809338817334  0.8345323643395164  
30   4.3307973395956205  -0.8345323643395167  
31   -4.327958080458162  -0.8420614100958884  
31   -3.215597937788785  0.8420614100958885  
31   3.215597937788809  0.8420614100959  
31   4.32795808045817  -0.8420614100958996  
32   -4.324684424019155  -0.8490711682688905  
32   -3.1889470257368524  0.8490711682688885  
32   3.1889470257368764  0.8490711682688998  
32   4.324684424019166  -0.8490711682688995  
33   -4.320968643816041  -0.8556039296328617  
33   -3.161871806476679  0.8556039296328614  
33   3.1618718064767  0.8556039296328716  
33   4.320968643816049  -0.8556039296328714  
34   -4.3168038043940875  -0.8616981801237934  
34   -3.1343869103563406  0.8616981801237924  
34   3.134386910356362  0.8616981801238017  
34   4.3168038043940955  -0.8616981801238017  
35   -4.312183702726848  -0.867388943467024  
35   -3.10650645102866  0.8673889434670262  
35   3.1065064510286824  0.8673889434670353  
35   4.3121837027268555  -0.8673889434670351  
36   -4.307102814886232  -0.8727080984853005  
36   -3.078244076926042  0.8727080984853006  
36   3.078244076926067  0.8727080984853108  
36   4.3071028148862425  -0.8727080984853106  
37   -4.30155624756315  -0.8776846710380862  
37   -3.049613017838391  0.8776846710380878  
37   3.049613017838413  0.8776846710380961  
37   4.301556247563158  -0.8776846710380959  
38   -4.295539694042262  -0.8823451012421377  
38   -3.020626126991292  0.8823451012421386  
38   3.0206261269912904  0.8823451012421446  
38   4.2955396940422625  -0.8823451012421449  
39   -4.2890493942471455  -0.8867134870790012  
39   -2.991295919009135  0.8867134870790007  
39   2.9912959190091355  0.8867134870790087  
39   4.2890493942471455  -0.8867134870790087  
40   -4.282082098490886  -0.890811805772722  
40   -2.9616346041293853  0.890811805772724  
40   2.9616346041293875  0.890811805772731  
40   4.282082098490885  -0.8908118057727312  
41   -4.274635034589526  -0.8946601144696453  
41   -2.931654119011129  0.8946601144696452  
41   2.9316541190111285  0.8946601144696543  
41   4.274635034589528  -0.8946601144696542  
42   -4.26670587802041  -0.898276731809653  
42   -2.901366154457372  0.8982767318096523  
42   2.901366154457376  0.8982767318096616  
42   4.266705878020411  -0.8982767318096617  
43   -4.2582927248321525  -0.9016784019724516  
43   -2.870782180345286  0.9016784019724515  
43   2.8707821803452878  0.9016784019724584  
43   4.258292724832156  -0.9016784019724582  
44   -4.249394067037919  -0.9048804427344057  
44   -2.839913468033999  0.9048804427344048  
44   2.8399134680339992  0.9048804427344118  
44   4.249394067037921  -0.9048804427344118  
45   -4.240008770247185  -0.9078968789963843  
45   -2.8087711104959925  0.9078968789963836  
45   2.808771110495994  0.9078968789963904  
45   4.240008770247187  -0.9078968789963906  
46   -4.230136053313948  -0.9107405631519545  
46   -2.7773660403955205  0.9107405631519543  
46   2.777366040395519  0.9107405631519605  
46   4.230136053313946  -0.9107405631519608  
47   -4.219775469800176  -0.9134232835661794  
47   -2.7457090463166134  0.9134232835661795  
47   2.745709046316616  0.9134232835661863  
47   4.219775469800176  -0.9134232835661866  
48   -4.208926891072993  -0.9159558623335403  
48   -2.713810787323792  0.9159558623335419  
48   2.7138107873237907  0.9159558623335465  
48   4.208926891072994  -0.9159558623335464  
49   -4.197590490871784  -0.9183482433830127  
49   -2.681681806020706  0.9183482433830136  
49   2.6816818060207073  0.9183482433830186  
49   4.197590490871783  -0.9183482433830187  
50   -4.18576673119793  -0.9206095719015311  
50   -2.649332540255894  0.9206095719015314  
50   2.6493325402558967  0.9206095719015365  
50   4.1857667311979325  -0.9206095719015368  
51   -4.173456349394657  -0.9227482659554708  
51   -2.6167733336098062  0.9227482659554702  
51   2.6167733336098076  0.9227482659554762  
51   4.173456349394659  -0.9227482659554761  
52   -4.160660346297881  -0.9247720811043223  
52   -2.584014444784176  0.9247720811043226  
52   2.5840144447841755  0.9247720811043265  
52   4.160660346297882  -0.9247720811043267  
53   -4.147379975351184  -0.9266881687217411  
53   -2.551066056002655  0.9266881687217412  
53   2.5510660560026572  0.9266881687217466  
53   4.147379975351185  -0.9266881687217464  
54   -4.133616732588884  -0.9285031286668199  
54   -2.517938280520908  0.9285031286668194  
54   2.5179382805209096  0.9285031286668253  
54   4.1336167325888855  -0.9285031286668248  
55   -4.119372347401027  -0.9302230568824326  
55   -2.4846411693345996  0.9302230568824326  
55   2.4846411693345996  0.9302230568824376  
55   4.11937234740103  -0.9302230568824379  
56   -4.104648774002966  -0.9318535884378305  
56   -2.4511847171652046  0.9318535884378311  
56   2.451184717165205  0.9318535884378354  
56   4.104648774002961  -0.931853588437836  
57   -4.089448183539993  -0.9333999364786197  
57   -2.41757886779568  0.93339993647862  
57   2.4175788677956778  0.9333999364786248  
57   4.089448183539994  -0.9333999364786244  
58   -4.0737729567648575  -0.9348669274987311  
58   -2.3838335188212603  0.9348669274987312  
58   2.383833518821259  0.9348669274987356  
58   4.073772956764858  -0.9348669274987356  
59   -4.0576256772318775  -0.9362590333053494  
59   -2.3499585258744644  0.9362590333053499  
59   2.349958525874462  0.9362590333053535  
59   4.05762567723188  -0.9362590333053533  
60   -4.04100912495757  -0.9375804000086676  
60   -2.3159637063779623  0.9375804000086677  
60   2.3159637063779597  0.9375804000086718  
60   4.041009124957566  -0.9375804000086715  
61   -4.023926270502365  -0.9388348743333531  
61   -2.2818588428741595  0.9388348743333529  
61   2.2818588428741595  0.9388348743333578  
61   4.023926270502368  -0.9388348743333578  
62   -4.006380269432919  -0.9400260275173186  
62   -2.247653685976055  0.9400260275173187  
62   2.2476536859760543  0.9400260275173218  
62   4.00638026943292  -0.940026027517322  
63   -3.9883744571281605  -0.9411571770354443  
63   -2.2133579569802064  0.9411571770354443  
63   2.2133579569802047  0.9411571770354483  
63   3.9883744571281596  -0.9411571770354478  
64   -3.9699123438963806  -0.942231406360977  
64   -2.178981350179337  0.9422314063609765  
64   2.1789813501793374  0.9422314063609812  
64   3.969912343896383  -0.9422314063609815  
65   -3.95099761037356  -0.9432515829550342  
65   -2.1445335349093027  0.9432515829550345  
65   2.1445335349093035  0.9432515829550374  
65   3.9509976103735593  -0.9432515829550375  
66   -3.931634103176177  -0.944220374654798  
66   -2.1100241573625302  0.9442203746547982  
66   2.1100241573625276  0.9442203746548007  
66   3.9316341031761772  -0.9442203746548006  
67   -3.9118258307845375  -0.9451402646132687  
67   -2.0754628421980685  0.9451402646132687  
67   2.0754628421980694  0.9451402646132724  
67   3.911825830784536  -0.9451402646132725  
68   -3.8915769596347403  -0.9460135649276049  
68   -2.040859193976531  0.9460135649276057  
68   2.04085919397653  0.9460135649276092  
68   3.8915769596347425  -0.9460135649276095  
69   -3.870891810399833  -0.946842429078984  
69   -2.0062227984466707  0.9468424290789836  
69   2.0062227984466707  0.9468424290789873  
69   3.8708918103998324  -0.9468424290789872  
70   -3.8497748544423205  -0.9476288632942877  
70   -1.9715632237092715  0.947628863294288  
70   1.97156322370927  0.9476288632942914  
70   3.8497748544423214  -0.9476288632942913  
71   -3.8282307104222317  -0.9483747369286967  
71   -1.9368900212830142  0.9483747369286966  
71   1.9368900212830136  0.9483747369287002  
71   3.8282307104222313  -0.9483747369287001  
72   -3.8062641410461806  -0.9490817919581508  
72   -1.9022127270964397  0.9490817919581509  
72   1.9022127270964382  0.9490817919581545  
72   3.806264141046182  -0.9490817919581546  
73   -3.783880049944539  -0.9497516516616947  
73   -1.8675408624296985  0.9497516516616942  
73   1.8675408624296987  0.9497516516616981  
73   3.78388004994454  -0.949751651661698  
74   -3.7610834786648857  -0.9503858285656129  
74   -1.8328839348297705  0.9503858285656129  
74   1.832883934829772  0.9503858285656169  
74   3.761083478664889  -0.9503858285656172  
75   -3.7378796037712028  -0.9509857317140968  
75   -1.7982514390229727  0.9509857317140977  
75   1.7982514390229745  0.9509857317141011  
75   3.737879603771204  -0.950985731714101  
76   -3.7142737340391943  -0.9515526733246542  
76   -1.7636528578491206  0.9515526733246543  
76   1.7636528578491193  0.9515526733246573  
76   3.7142737340391965  -0.9515526733246573  
77   -3.6902713077391605  -0.9520878748807139  
77   -1.729097663242443  0.9520878748807139  
77   1.729097663242443  0.9520878748807171  
77   3.6902713077391613  -0.9520878748807169  
78   -3.665877889998595  -0.9525924727086424  
78   -1.6945953172855899  0.9525924727086424  
78   1.6945953172855894  0.9525924727086458  
78   3.665877889998596  -0.9525924727086457  
79   -3.6410991702375597  -0.953067523081678  
79   -1.6601552733643792  0.953067523081678  
79   1.6601552733643787  0.9530675230816805  
79   3.641099170237558  -0.9530675230816802  
80   -3.615940959670489  -0.9535140068890815  
80   -1.6257869774530551  0.9535140068890813  
80   1.6257869774530538  0.9535140068890847  
80   3.615940959670491  -0.9535140068890843  
81   -3.5904091888688567  -0.9539328339049948  
81   -1.5914998695619338  0.9539328339049944  
81   1.591499869561932  0.9539328339049976  
81   3.5904091888688563  -0.9539328339049976  
82   -3.564509905379518  -0.9543248466880061  
82   -1.5573033853822853  0.9543248466880064  
82   1.5573033853822849  0.9543248466880097  
82   3.5645099053795186  -0.9543248466880094  
83   -3.538249271394373  -0.9546908241393701  
83   -1.523206958166678  0.9546908241393698  
83   1.523206958166678  0.9546908241393733  
83   3.538249271394375  -0.954690824139373  
84   -3.511633561467185  -0.955031484744928  
84   -1.4892200208869721  0.9550314847449282  
84   1.4892200208869728  0.9550314847449307  
84   3.511633561467188  -0.9550314847449309  
85   -3.4846691602740867  -0.9553474895232552  
85   -1.4553520087170893  0.9553474895232549  
85   1.4553520087170886  0.9553474895232575  
85   3.484669160274088  -0.9553474895232574  
86   -3.45736256041459  -0.9556394447001856  
86   -1.421612361893228  0.9556394447001864  
86   1.4216123618932286  0.9556394447001886  
86   3.4573625604145914  -0.9556394447001885  
87   -3.429720360250405  -0.9559079041277229  
87   -1.3880105290109732  0.9559079041277221  
87   1.3880105290109739  0.9559079041277256  
87   3.429720360250406  -0.9559079041277253  
88   -3.4017492617796394  -0.9561533714633745  
88   -1.3545559708265467  0.9561533714633748  
88   1.354555970826545  0.9561533714633775  
88   3.4017492617796417  -0.9561533714633778  
89   -3.373456068544414  -0.9563763021241525  
89   -1.321258164638794  0.956376302124153  
89   1.3212581646387929  0.9563763021241548  
89   3.373456068544416  -0.9563763021241551  
90   -3.3448476835701317  -0.9565771050277486  
90   -1.2881266093393737  0.9565771050277483  
90   1.288126609339374  0.9565771050277512  
90   3.344847683570132  -0.9565771050277508  
91   -3.315931107335067  -0.9567561441319058  
91   -1.2551708312315175  0.9567561441319062  
91   1.2551708312315177  0.9567561441319083  
91   3.3159311073350666  -0.9567561441319086  
92   -3.286713435769138  -0.9569137397814698  
92   -1.2224003907329304  0.9569137397814699  
92   1.2224003907329315  0.9569137397814728  
92   3.28671343576914  -0.9569137397814731  
93   -3.2572018582810705  -0.9570501698712682  
93   -1.189824890096372  0.9570501698712683  
93   1.1898248900963726  0.9570501698712708  
93   3.257201858281072  -0.9570501698712709  
94   -3.227403655813374  -0.957165670831642  
94   -1.157453982302746  0.9571656708316417  
94   1.1574539823027463  0.9571656708316446  
94   3.227403655813374  -0.9571656708316446  
95   -3.197326198924901  -0.95726043844221  
95   -1.125297381306762  0.9572604384422103  
95   1.1252973813067617  0.9572604384422123  
95   3.1973261989249  -0.9572604384422124  
96   -3.1669769459009367  -0.9573346284782172  
96   -1.0933648738452626  0.9573346284782164  
96   1.093364873845262  0.9573346284782189  
96   3.166976945900937  -0.957334628478219  
97   -3.136363440891084  -0.9573883571926562  
97   -1.0616663330540348  0.9573883571926567  
97   1.061666333054036  0.9573883571926586  
97   3.1363634408910848  -0.9573883571926588  
98   -3.1054933120754065  -0.9574217016361937  
98   -1.030211734181647  0.957421701636194  
98   1.030211734181649  0.9574217016361961  
98   3.105493312075408  -0.957421701636196  
99   -3.074374269859635  -0.9574346998157434  
99   -0.9990111727398762  0.9574346998157435  
99   0.9990111727398767  0.9574346998157451  
99   3.0743742698596352  -0.9574346998157449  
100   -3.0430141051004185  -0.9574273506914044  
100   -0.9680748854915754  0.9574273506914044  
100   0.9680748854915755  0.9574273506914063  
100   3.0430141051004207  -0.9574273506914058  
101   -3.01142068736195  -0.957399614010273  
101   -0.9374132747504333  0.9573996140102734  
101   0.9374132747504345  0.9573996140102755  
101   3.0114206873619516  -0.9573996140102753  
102   -2.979601963205489  -0.9573514099744183  
102   -0.9070369365557098  0.957351409974418  
102   0.9070369365557098  0.9573514099744201  
102   2.9796019632054893  -0.95735140997442  
103   -2.947565954513692  -0.9572826187390394  
103   -0.8769566933920621  0.9572826187390393  
103   0.8769566933920612  0.9572826187390415  
103   2.947565954513692  -0.9572826187390421  
104   -2.9153207568518926  -0.9571930797355039  
104   -0.8471836322539585  0.9571930797355039  
104   0.8471836322539585  0.9571930797355063  
104   2.915320756851894  -0.9571930797355062  
105   -2.8828745378688243  -0.9570825908125226  
105   -0.8177291490108916  0.957082590812523  
105   0.8177291490109027  0.9570825908125249  
105   2.88287453786883  -0.9570825908125249  
106   -2.850235535739628  -0.9569509071872195  
106   -0.788605000219738  0.9569509071872194  
106   0.78860500021975  0.9569509071872212  
106   2.850235535739636  -0.956950907187221  
107   -2.8174120576543173  -0.9567977401961965  
107   -0.759823363761226  0.9567977401961965  
107   0.7598233637612366  0.9567977401961985  
107   2.8174120576543245  -0.9567977401961985  
108   -2.7844124783553457  -0.9566227558349252  
108   -0.7313969099580748  0.956622755834925  
108   0.7313969099580873  0.9566227558349271  
108   2.7844124783553528  -0.9566227558349272  
109   -2.751245238728269  -0.9564255730718085  
109   -0.7033388851724283  0.9564255730718086  
109   0.7033388851724385  0.9564255730718099  
109   2.751245238728276  -0.9564255730718099  
110   -2.7179188444500095  -0.9562057619211256  
110   -0.6756632102930551  0.9562057619211264  
110   0.6756632102930649  0.9562057619211277  
110   2.7179188444500157  -0.956205761921128  
111   -2.6844418646997115  -0.9559628412566543  
111   -0.648384597021999  0.9559628412566549  
111   0.6483845970220092  0.9559628412566569  
111   2.6844418646997195  -0.955962841256657  
112   -2.650822930937798  -0.9556962763450887  
112   -0.6215186854713841  0.9556962763450888  
112   0.621518685471393  0.9556962763450907  
112   2.650822930937805  -0.9556962763450907  
113   -2.6170707357593357  -0.9554054760753808  
113   -0.5950822072997624  0.9554054760753811  
113   0.5950822072997708  0.9554054760753823  
113   2.6170707357593415  -0.9554054760753824  
114   -2.583194031828652  -0.9550897898567651  
114   -0.5690931794675689  0.9550897898567653  
114   0.5690931794675778  0.9550897898567664  
114   2.583194031828658  -0.9550897898567664  
115   -2.5492016309027803  -0.9547485041543997  
115   -0.5435711346803411  0.9547485041543994  
115   0.54357113468035  0.9547485041544014  
115   2.5492016309027865  -0.9547485041544013  
116   -2.5151024029521984  -0.9543808386272689  
116   -0.5185373957104842  0.954380838627269  
116   0.518537395710494  0.9543808386272705  
116   2.5151024029522047  -0.9543808386272705  
117   -2.480905275388272  -0.9539859418280593  
117   -0.4940154020098593  0.9539859418280601  
117   0.4940154020098666  0.9539859418280614  
117   2.480905275388276  -0.9539859418280617  
118   -2.44661923240783  -0.9535628864191622  
118   -0.4700310982631235  0.9535628864191622  
118   0.47003109826313305  0.9535628864191638  
118   2.446619232407836  -0.9535628864191638  
119   -2.4122533144665375  -0.9531106638525351  
119   -0.4466133956145115  0.9531106638525354  
119   0.44661339561452085  0.9531106638525368  
119   2.4122533144665432  -0.9531106638525373  
120   -2.377816617893916  -0.9526281784538624  
120   -0.4237947169083407  0.9526281784538625  
120   0.4237947169083496  0.9526281784538643  
120   2.3778166178939224  -0.9526281784538643  
121   -2.3433182946645306  -0.9521142408430008  
121   -0.40161163685140044  0.952114240843001  
121   0.4016116368514089  0.9521142408430027  
121   2.3433182946645363  -0.9521142408430028  
122   -2.308767552341346  -0.9515675606130499  
122   -0.38010562557618277  0.9515675606130496  
122   0.3801056255761899  0.9515675606130506  
122   2.3087675523413513  -0.9515675606130507  
123   -2.274173654209286  -0.9509867381791566  
123   -0.3593238980994875  0.9509867381791564  
123   0.35932389809949616  0.9509867381791581  
123   2.2741736542092905  -0.950986738179158  
124   -2.2395459196190686  -0.9503702556952609  
124   -0.33932036019205825  0.950370255695261  
124   0.33932036019206535  0.9503702556952621  
124   2.2395459196190743  -0.9503702556952623  
125   -2.2048937245638704  -0.9497164669219348  
125   -0.32015661957468966  0.9497164669219353  
125   0.3201566195746972  0.9497164669219369  
125   2.2048937245638753  -0.9497164669219367  
126   -2.1702265025140792  -0.9490235859110825  
126   -0.3019029951172296  0.9490235859110829  
126   0.3019029951172374  0.9490235859110846  
126   2.1702265025140832  -0.9490235859110848  
127   -2.1355537455385583  -0.9482896743529142  
127   -0.2846393996851839  0.9482896743529147  
127   0.2846393996851917  0.9482896743529161  
127   2.1355537455385623  -0.9482896743529162  
128   -2.1008850057443973  -0.9475126274069549  
128   -0.26845588861009206  0.947512627406955  
128   0.26845588861009895  0.9475126274069565  
128   2.100885005744404  -0.9475126274069564  
129   -2.0662298970711865  -0.9466901578111169  
129   -0.2534525538294141  0.9466901578111169  
129   0.25345255382942233  0.9466901578111182  
129   2.066229897071191  -0.9466901578111183  
130   -2.031598097480484  -0.9458197780304423  
130   -0.2397383141706042  0.9458197780304424  
130   0.23973831417061042  0.9458197780304428  
130   2.031598097480489  -0.9458197780304433  
131   -1.996999351586585  -0.9448987801690086  
131   -0.22742804083008528  0.9448987801690092  
131   0.2274280408300915  0.9448987801690102  
131   1.9969993515865887  -0.9448987801690107  
132   -1.9624434737806435  -0.9439242133237189  
132   -0.2166374390238306  0.9439242133237196  
132   0.21663743902383725  0.9439242133237205  
132   1.9624434737806478  -0.9439242133237206  
133   -1.92794035190739  -0.9428928580058912  
133   -0.20747529849886504  0.942892858005892  
133   0.20747529849887147  0.9428928580058922  
133   1.927940351907394  -0.942892858005893  
134   -1.8934999515616553  -0.941801197194315  
134   -0.2000332472893167  0.9418011971943151  
134   0.2000332472893227  0.9418011971943162  
134   1.8934999515616588  -0.9418011971943159  
135   -1.8591323210812924  -0.9406453835097517  
135   -0.19437401735001636  0.9406453835097519  
135   0.19437401735002258  0.9406453835097524  
135   1.8591323210812958  -0.9406453835097528  
136   -1.824847597323802  -0.9394212019136737  
136   -0.19052024363472597  0.9394212019136741  
136   0.19052024363473263  0.9394212019136745  
136   1.8248475973238059  -0.9394212019136748  
137   -1.7906560123263577  -0.9381240272305875  
137   -0.1884464721697181  0.9381240272305875  
137   0.18844647216972388  0.9381240272305881  
137   1.7906560123263622  -0.9381240272305885  
138   -1.756567900963312  -0.9367487756704558  
138   -0.18807678248927395  0.9367487756704559  
138   0.18807678248927973  0.936748775670456  
138   1.7565679009633153  -0.9367487756704567  
139   -1.722593709731794  -0.9352898493816914  
139   -0.1892890588408307  0.935289849381692  
139   0.1892890588408358  0.935289849381692  
139   1.7225937097317991  -0.9352898493816928  
140   -1.688744006815308  -0.9337410728913799  
140   -0.19192499524711715  0.9337410728913805  
140   0.19192499524712225  0.9337410728913804  
140   1.6887440068153108  -0.9337410728913813  
141   -1.6550294935973384  -0.9320956200823708  
141   -0.1958033545174218  0.9320956200823718  
141   0.1958033545174267  0.9320956200823718  
141   1.6550294935973415  -0.9320956200823721  
142   -1.621461017822945  -0.9303459301102847  
142   -0.2007335317870489  0.9303459301102854  
142   0.20073353178705444  0.9303459301102852  
142   1.621461017822948  -0.9303459301102857  
143   -1.588049588635964  -0.9284836103696439  
143   -0.2065270936994139  0.928483610369645  
143   0.20652709369941946  0.928483610369645  
143   1.5880495886359667  -0.9284836103696456  
144   -1.5548063937540928  -0.9264993242685228  
144   -0.21300611389984203  0.9264993242685234  
144   0.21300611389984736  0.9264993242685224  
144   1.5548063937540963  -0.9264993242685239  
145   -1.5217428190840105  -0.924382661155023  
145   -0.22000819067630473  0.9243826611550241  
145   0.22000819067631006  0.9243826611550232  
145   1.521742819084014  -0.9243826611550243  
146   -1.488870471124663  -0.9221219852450926  
146   -0.2273886916298995  0.9221219852450936  
146   0.22738869162990394  0.9221219852450931  
146   1.4888704711246656  -0.9221219852450941  
147   -1.4562012025598055  -0.9197042598168057  
147   -0.2350210101980581  0.9197042598168068  
147   0.23502101019806254  0.9197042598168066  
147   1.4562012025598081  -0.9197042598168071  
148   -1.4237471415014284  -0.9171148422478357  
148   -0.24279558079530306  0.9171148422478366  
148   0.24279558079530772  0.917114842247836  
148   1.423747141501431  -0.9171148422478372  
149   -1.3915207249146386  -0.9143372446668363  
149   -0.2506182369196239  0.9143372446668371  
149   0.25061823691962837  0.9143372446668364  
149   1.3915207249146415  -0.9143372446668374  
150   -1.3595347368323853  -0.9113528540540596  
150   -0.25840831329646496  0.9113528540540606  
150   0.2584083132964692  0.9113528540540603  
150   1.3595347368323873  -0.9113528540540605  
151   -1.3278023520552524  -0.9081406045541847  
151   -0.2660967384895121  0.9081406045541858  
151   0.26609673848951654  0.9081406045541849  
151   1.3278023520552544  -0.9081406045541858  
152   -1.2963371861269923  -0.9046765935563327  
152   -0.2736242521166492  0.9046765935563335  
152   0.2736242521166534  0.9046765935563327  
152   1.2963371861269954  -0.9046765935563337  
153   -1.2651533524788794  -0.9009336317698573  
153   -0.280939807181513  0.9009336317698572  
153   0.2809398071815169  0.9009336317698567  
153   1.2651533524788816  -0.9009336317698576  
154   -1.2342655277422818  -0.8968807161242727  
154   -0.2879991737001133  0.8968807161242738  
154   0.2879991737001171  0.8968807161242734  
154   1.2342655277422832  -0.8968807161242737  
155   -1.2036890263332531  -0.8924824129369351  
155   -0.2947637354052528  0.892482412936936  
155   0.2947637354052566  0.8924824129369353  
155   1.2036890263332551  -0.8924824129369361  
156   -1.1734398855056944  -0.8876981375832864  
156   -0.3011994594809979  0.8876981375832872  
156   0.3011994594810017  0.8876981375832864  
156   1.1734398855056971  -0.8876981375832872  
157   -1.143534962135301  -0.8824813161429927  
157   -0.30727601487601164  0.8824813161429937  
157   0.3072760148760152  0.882481316142993  
157   1.1435349621353028  -0.8824813161429939  
158   -1.1139920425110328  -0.8767784146208155  
158   -0.31296601445508787  0.8767784146208166  
158   0.31296601445509054  0.8767784146208155  
158   1.1139920425110346  -0.8767784146208168  
159   -1.0848299663378387  -0.870527823044874  
159   -0.3182443580693224  0.8705278230448749  
159   0.3182443580693253  0.8705278230448744  
159   1.0848299663378402  -0.8705278230448752  
160   -1.0560687659401444  -0.8636585860840966  
160   -0.32308765642724513  0.8636585860840977  
160   0.32308765642724824  0.8636585860840971  
160   1.0560687659401462  -0.8636585860840975  
161   -1.027729821222447  -0.8560889803770901  
161   -0.3274737188606378  0.8560889803770914  
161   0.3274737188606407  0.8560889803770909  
161   1.0277298212224477  -0.8560889803770912  
162   -0.9998360301811398  -0.8477249538113183  
162   -0.3313810914809845  0.8477249538113193  
162   0.3313810914809864  0.8477249538113184  
162   0.9998360301811416  -0.8477249538113192  
163   -0.9724119935188353  -0.8384584667412619  
163   -0.3347886358220493  0.8384584667412635  
163   0.3347886358220522  0.8384584667412626  
163   0.9724119935188366  -0.8384584667412629  
164   -0.9454842099860602  -0.8281658139011197  
164   -0.33767514201946514  0.8281658139011205  
164   0.33767514201946747  0.8281658139011197  
164   0.9454842099860609  -0.8281658139011203  
165   -0.9190812762067857  -0.816706064016534  
165   -0.34001897515608004  0.8167060640165354  
165   0.34001897515608215  0.8167060640165341  
165   0.9190812762067874  -0.8167060640165354  
166   -0.8932340806233173  -0.8039198381399567  
166   -0.3417977589447402  0.8039198381399575  
166   0.3417977589447422  0.8039198381399565  
166   0.8932340806233184  -0.8039198381399575  
167   -0.8679759754895646  -0.7896287635332545  
167   -0.3429881078029222  0.789628763533256  
167   0.3429881078029243  0.789628763533255  
167   0.8679759754895657  -0.7896287635332555  
168   -0.8433429032632497  -0.7736360906922932  
168   -0.343565426926178  0.7736360906922936  
168   0.34356542692617986  0.7736360906922927  
168   0.8433429032632508  -0.7736360906922934  
169   -0.8193734441996559  -0.7557291423884012  
169   -0.3435038103288359  0.7557291423884016  
169   0.3435038103288381  0.7557291423884007  
169   0.8193734441996566  -0.7557291423884016  
170   -0.796108740769739  -0.7356844552442594  
170   -0.34277607869305704  0.7356844552442605  
170   0.34277607869305865  0.7356844552442595  
170   0.7961087407697405  -0.73568445524426  
171   -0.7735922428614596  -0.7132766291812364  
171   -0.3413540111410279  0.7132766291812371  
171   0.34135401114103  0.713276629181236  
171   0.7735922428614609  -0.7132766291812365  
172   -0.7518692080184495  -0.6882919313544205  
172   -0.33920883531414314  0.688291931354421  
172   0.33920883531414503  0.68829193135442  
172   0.7518692080184499  -0.6882919313544207  
173   -0.7309858874312036  -0.6605474761127771  
173   -0.3363120442404326  0.6605474761127782  
173   0.3363120442404345  0.6605474761127765  
173   0.7309858874312045  -0.6605474761127775  
174   -0.7109883371278249  -0.6299161559473696  
174   -0.3326366003368715  0.6299161559473702  
174   0.3326366003368734  0.6299161559473686  
174   0.7109883371278258  -0.6299161559473694  
175   -0.6919208220658397  -0.5963562876601235  
175   -0.32815855932804316  0.5963562876601245  
175   0.32815855932804505  0.5963562876601226  
175   0.6919208220658404  -0.5963562876601233  
176   -0.6738238346958577  -0.5599431543252684  
176   -0.3228590938422432  0.5599431543252692  
176   0.3228590938422446  0.5599431543252673  
176   0.6738238346958585  -0.5599431543252684  
177   -0.6567318298034933  -0.5208975436298522  
177   -0.3167268173065789  0.5208975436298526  
177   0.3167268173065806  0.5208975436298507  
177   0.6567318298034941  -0.5208975436298517  
178   -0.6406708742890235  -0.47960467780698796  
178   -0.3097602133709161  0.4796046778069883  
178   0.30976021337091736  0.47960467780698685  
178   0.640670874289024  -0.47960467780698773  
179   -0.625656500499543  -0.4366165813318229  
179   -0.301969888121967  0.43661658133182424  
179   0.30196988812196845  0.43661658133182196  
179   0.625656500499544  -0.4366165813318228  
180   -0.6116921004865858  -0.3926328294589566  
180   -0.29338031632325423  0.39263282945895756  
180   0.2933803163232557  0.3926328294589555  
180   0.6116921004865868  -0.3926328294589561  
181   -0.5987681731512364  -0.3484589180532862  
181   -0.28403078211102994  0.34845891805328794  
181   0.28403078211103133  0.348458918053285  
181   0.5987681731512378  -0.34845891805328644  
182   -0.5868626232567468  -0.30494713052544536  
182   -0.2739753328151705  0.30494713052544614  
182   0.2739753328151718  0.3049471305254435  
182   0.5868626232567475  -0.3049471305254445  
183   -0.5759421308670504  -0.2629296725304162  
183   -0.2632817523109553  0.2629296725304181  
183   0.2632817523109568  0.26292967253041455  
183   0.5759421308670515  -0.26292967253041527  
184   -0.5659644132706593  -0.2231559151498643  
184   -0.25202976698276325  0.22315591514986505  
184   0.25202976698276464  0.22315591514986172  
184   0.5659644132706602  -0.22315591514986272  
185   -0.5568810501601519  -0.18624396524612985  
185   -0.2403088627872102  0.18624396524613085  
185   0.24030886278721164  0.18624396524612735  
185   0.5568810501601532  -0.18624396524612835  
186   -0.548640479421381  -0.15265232786404304  
186   -0.2282161747743563  0.15265232786404564  
186   0.22821617477435802  0.15265232786404093  
186   0.5486404794213824  -0.1526523278640425  
187   -0.541190801774569  -0.12267213300382421  
187   -0.21585490598782409  0.12267213300382518  
187   0.21585490598782536  0.1226721330038214  
187   0.5411908017745699  -0.12267213300382254  
188   -0.5344821309709352  -0.09643620776615468  
188   -0.20333366922692708  0.09643620776615586  
188   0.20333366922692858  0.09643620776615153  
188   0.5344821309709362  -0.09643620776615341  
189   -0.5284683506805181  -0.07393918070462419  
189   -0.19076706473434368  0.07393918070462607  
189   0.19076706473434524  0.07393918070462191  
189   0.5284683506805194  -0.07393918070462334  
190   -0.5231082529181822  -0.055062725614166225  
190   -0.1782777425402594  0.05506272561416775  
190   0.17827774254026102  0.05506272561416331  
190   0.5231082529181836  -0.05506272561416521  
191   -0.5183661149941139  -0.03960126128181769  
191   -0.16600015621825626  0.03960126128181918  
191   0.16600015621825787  0.03960126128181496  
191   0.5183661149941154  -0.0396012612818166  
192   -0.5142118179682441  -0.027285096120005292  
192   -0.15408615887612653  0.027285096120006014  
192   0.15408615887612814  0.027285096120002517  
192   0.5142118179682452  -0.027285096120003918  
193   -0.510620625473388  -0.017799550928444693  
193   -0.14271241844334692  0.017799550928446595  
193   0.14271241844334842  0.0177995509284421  
193   0.5106206254733895  -0.01779955092844354  
194   -0.5075727376124108  -0.010799730776898497  
194   -0.13208912237140058  0.010799730776899996  
194   0.13208912237140202  0.010799730776896  
194   0.5075727376124122  -0.010799730776897665  
195   -0.505052719936295  -0.005921307087879066  
195   -0.1224682323551356  0.005921307087880245  
195   0.12246823235513715  0.005921307087876748  
195   0.5050527199362962  -0.005921307087878205  
196   -0.5030488891737567  -0.00278799638226377  
196   -0.11414720374076726  0.0027879963822650677  
196   0.11414720374076903  0.0027879963822621256  
196   0.5030488891737585  -0.0027879963822633053  
197   -0.5015527194608949  -0.001016501799691781  
197   -0.10746070036741684  0.0010165017996927872  
197   0.10746070036741812  0.0010165017996900116  
197   0.5015527194608962  -0.0010165017996911219  
198   -0.5005583171332613  -0.0002196246916822027  
198   -0.10275061665036708  0.00021962469168276821  
198   0.10275061665036714  0.00021962469168110288  
198   0.5005583171332609  -0.00021962469168178636  
199   -0.5000619991003188  -8.135287936831756e-06  
199   -0.10030947814832308  8.135287937055535e-06  
199   0.10030947814832294  8.13528793652124e-06  
199   0.5000619991003191  -8.135287936724203e-06  
200   -0.500061999100319  8.135287936821348e-06  
200   -0.1003094781483231  -8.135287937034719e-06  
200   0.10030947814832303  -8.135287936535118e-06  
200   0.5000619991003191  8.135287936713795e-06  
201   -0.5005583171332608  0.00021962469168210208  
201   -0.10275061665036676  -0.00021962469168289311  
201   0.10275061665036678  -0.000219624691681089  
201   0.5005583171332607  0.0002196246916817829  
202   -0.5015527194608942  0.0010165017996914064  
202   -0.1074607003674164  -0.0010165017996924819  
202   0.10746070036741795  -0.0010165017996899284  
202   0.5015527194608962  0.0010165017996909553  
203   -0.5030488891737565  0.002787996382263576  
203   -0.11414720374076703  -0.0027879963822646237  
203   0.11414720374076892  -0.0027879963822618203  
203   0.5030488891737583  0.0027879963822629444  
204   -0.5050527199362945  0.005921307087878858  
204   -0.12246823235513515  -0.005921307087880356  
204   0.12246823235513676  -0.005921307087876859  
204   0.5050527199362962  0.005921307087877914  
205   -0.5075727376124104  0.010799730776898442  
205   -0.1320891223713998  -0.010799730776899774  
205   0.13208912237140136  -0.010799730776895888  
205   0.507572737612412  0.010799730776897401  
206   -0.5106206254733878  0.017799550928444027  
206   -0.14271241844334637  -0.01779955092844543  
206   0.14271241844334792  -0.0177995509284416  
206   0.5106206254733893  0.017799550928442875  
207   -0.5142118179682437  0.027285096120005098  
207   -0.1540861588761263  -0.027285096120006014  
207   0.15408615887612798  -0.027285096120002073  
207   0.5142118179682452  0.027285096120003863  
208   -0.5183661149941143  0.0396012612818179  
208   -0.16600015621825592  -0.03960126128181923  
208   0.16600015621825726  -0.03960126128181457  
208   0.5183661149941153  0.03960126128181608  
209   -0.523108252918182  0.055062725614165295  
209   -0.17827774254025852  -0.055062725614166474  
209   0.17827774254026008  -0.05506272561416237  
209   0.5231082529181832  0.055062725614163976  
210   -0.5284683506805181  0.07393918070462382  
210   -0.19076706473434357  -0.07393918070462507  
210   0.19076706473434496  -0.07393918070462135  
210   0.5284683506805193  0.0739391807046224  
211   -0.5344821309709352  0.09643620776615468  
211   -0.20333366922692697  -0.09643620776615552  
211   0.2033336692269282  -0.09643620776615208  
211   0.5344821309709361  0.09643620776615325  
212   -0.5411908017745686  0.12267213300382314  
212   -0.21585490598782342  -0.12267213300382451  
212   0.21585490598782492  -0.1226721330038203  
212   0.5411908017745697  0.12267213300382153  
213   -0.5486404794213808  0.15265232786404218  
213   -0.22821617477435574  -0.1526523278640442  
213   0.2282161747743573  -0.15265232786404032  
213   0.548640479421382  0.15265232786404087  
214   -0.5568810501601514  0.1862439652461281  
214   -0.24030886278720975  -0.18624396524613074  
214   0.24030886278721147  -0.1862439652461263  
214   0.5568810501601529  0.18624396524612757  
215   -0.5659644132706588  0.22315591514986305  
215   -0.252029766982763  -0.22315591514986444  
215   0.25202976698276436  -0.22315591514986116  
215   0.56596441327066  0.22315591514986222  
216   -0.5759421308670499  0.26292967253041477  
216   -0.26328175231095485  -0.262929672530416  
216   0.26328175231095646  -0.2629296725304125  
216   0.575942130867051  0.2629296725304136  
217   -0.5868626232567461  0.304947130525444  
217   -0.27397533281516984  -0.30494713052544486  
217   0.27397533281517145  -0.3049471305254418  
217   0.5868626232567471  0.30494713052544276  
218   -0.5987681731512362  0.3484589180532856  
218   -0.2840307821110293  -0.3484589180532869  
218   0.284030782111031  -0.3484589180532837  
218   0.5987681731512373  0.34845891805328444  
219   -0.6116921004865856  0.39263282945895583  
219   -0.29338031632325423  -0.39263282945895667  
219   0.2933803163232556  -0.3926328294589548  
219   0.6116921004865867  0.39263282945895533  
220   -0.6256565004995424  0.4366165813318212  
220   -0.3019698881219667  -0.4366165813318219  
220   0.3019698881219682  -0.4366165813318197  
220   0.6256565004995434  0.4366165813318206  
221   -0.6406708742890226  0.47960467780698574  
221   -0.30976021337091575  -0.47960467780698635  
221   0.30976021337091686  -0.4796046778069847  
221   0.6406708742890233  0.47960467780698585  
222   -0.6567318298034929  0.5208975436298505  
222   -0.3167268173065788  -0.5208975436298507  
222   0.3167268173065802  -0.5208975436298495  
222   0.6567318298034935  0.52089754362985  
223   -0.6738238346958575  0.5599431543252679  
223   -0.322859093842243  -0.5599431543252686  
223   0.3228590938422446  -0.5599431543252669  
223   0.6738238346958584  0.5599431543252678  
224   -0.6919208220658386  0.596356287660122  
224   -0.32815855932804316  -0.5963562876601229  
224   0.32815855932804494  -0.596356287660121  
224   0.6919208220658395  0.5963562876601222  
225   -0.7109883371278234  0.6299161559473675  
225   -0.3326366003368715  -0.6299161559473676  
225   0.3326366003368728  -0.6299161559473669  
225   0.7109883371278245  0.6299161559473673  
226   -0.7309858874312025  0.6605474761127759  
226   -0.3363120442404328  -0.6605474761127764  
226   0.33631204424043426  -0.6605474761127756  
226   0.7309858874312037  0.6605474761127762  
227   -0.751869208018449  0.68829193135442  
227   -0.3392088353141436  -0.6882919313544205  
227   0.3392088353141449  -0.6882919313544195  
227   0.7518692080184495  0.6882919313544202  
228   -0.7735922428614598  0.7132766291812358  
228   -0.3413540111410279  -0.7132766291812366  
228   0.34135401114102987  -0.7132766291812357  
228   0.7735922428614607  0.7132766291812362  
229   -0.7961087407697377  0.735684455244258  
229   -0.3427760786930568  -0.7356844552442589  
229   0.34277607869305876  -0.7356844552442576  
229   0.7961087407697389  0.7356844552442585  
230   -0.8193734441996541  0.7557291423883999  
230   -0.3435038103288359  -0.7557291423884008  
230   0.3435038103288377  -0.7557291423883998  
230   0.8193734441996556  0.7557291423884007  
231   -0.8433429032632499  0.7736360906922922  
231   -0.34356542692617775  -0.7736360906922936  
231   0.3435654269261798  -0.7736360906922921  
231   0.8433429032632506  0.7736360906922931  
232   -0.867975975489564  0.7896287635332541  
232   -0.34298810780292244  -0.7896287635332554  
232   0.342988107802924  -0.7896287635332544  
232   0.8679759754895654  0.7896287635332553  
233   -0.8932340806233158  0.8039198381399558  
233   -0.3417977589447402  -0.8039198381399564  
233   0.3417977589447424  -0.8039198381399559  
233   0.8932340806233167  0.8039198381399564  
234   -0.9190812762067846  0.8167060640165338  
234   -0.34001897515608026  -0.8167060640165348  
234   0.3400189751560826  -0.8167060640165337  
234   0.9190812762067861  0.8167060640165346  
235   -0.9454842099860589  0.8281658139011199  
235   -0.33767514201946514  -0.8281658139011201  
235   0.33767514201946747  -0.8281658139011195  
235   0.9454842099860604  0.8281658139011201  
236   -0.9724119935188338  0.8384584667412618  
236   -0.33478863582204976  -0.8384584667412629  
236   0.33478863582205265  -0.8384584667412616  
236   0.9724119935188352  0.8384584667412623  
237   -0.9998360301811378  0.847724953811318  
237   -0.3313810914809838  -0.8477249538113184  
237   0.3313810914809865  -0.8477249538113173  
237   0.9998360301811398  0.8477249538113185  
238   -1.0277298212224448  0.85608898037709  
238   -0.3274737188606378  -0.8560889803770909  
238   0.3274737188606408  -0.8560889803770906  
238   1.0277298212224466  0.8560889803770909  
239   -1.0560687659401444  0.8636585860840965  
239   -0.32308765642724513  -0.8636585860840975  
239   0.323087656427248  -0.8636585860840966  
239   1.056068765940146  0.8636585860840975  
240   -1.0848299663378378  0.8705278230448737  
240   -0.31824435806932283  -0.8705278230448745  
240   0.31824435806932605  -0.8705278230448742  
240   1.084829966337839  0.8705278230448747  
241   -1.113992042511032  0.8767784146208155  
241   -0.3129660144550881  -0.8767784146208162  
241   0.31296601445509165  -0.8767784146208156  
241   1.1139920425110326  0.8767784146208164  
242   -1.1435349621352997  0.8824813161429927  
242   -0.30727601487601275  -0.8824813161429933  
242   0.30727601487601564  -0.8824813161429927  
242   1.1435349621353015  0.8824813161429934  
243   -1.173439885505695  0.8876981375832863  
243   -0.3011994594809977  -0.8876981375832874  
243   0.30119945948100135  -0.8876981375832863  
243   1.1734398855056967  0.8876981375832871  
244   -1.2036890263332514  0.8924824129369346  
244   -0.2947637354052537  -0.8924824129369355  
244   0.294763735405257  -0.8924824129369346  
244   1.2036890263332538  0.8924824129369356  
245   -1.2342655277422805  0.8968807161242723  
245   -0.28799917370011374  -0.8968807161242738  
245   0.2879991737001171  -0.8968807161242726  
245   1.2342655277422816  0.8968807161242739  
246   -1.2651533524788785  0.9009336317698572  
246   -0.280939807181513  -0.9009336317698571  
246   0.2809398071815167  -0.9009336317698569  
246   1.2651533524788812  0.9009336317698576  
247   -1.2963371861269932  0.9046765935563325  
247   -0.27362425211664965  -0.9046765935563333  
247   0.2736242521166532  -0.9046765935563326  
247   1.2963371861269952  0.9046765935563333  
248   -1.3278023520552507  0.9081406045541841  
248   -0.26609673848951254  -0.908140604554186  
248   0.26609673848951676  -0.9081406045541841  
248   1.327802352055253  0.908140604554186  
249   -1.3595347368323836  0.9113528540540594  
249   -0.25840831329646496  -0.9113528540540606  
249   0.25840831329647007  -0.9113528540540597  
249   1.3595347368323858  0.9113528540540605  
250   -1.3915207249146386  0.914337244666836  
250   -0.25061823691962437  -0.914337244666837  
250   0.2506182369196279  -0.9143372446668365  
250   1.3915207249146408  0.9143372446668374  
251   -1.4237471415014284  0.917114842247836  
251   -0.24279558079530283  -0.9171148422478367  
251   0.24279558079530728  -0.9171148422478361  
251   1.4237471415014307  0.9171148422478368  
252   -1.4562012025598028  0.9197042598168061  
252   -0.23502101019805877  -0.9197042598168068  
252   0.2350210101980632  -0.9197042598168061  
252   1.4562012025598063  0.9197042598168069  
253   -1.488870471124662  0.9221219852450925  
253   -0.2273886916298995  -0.9221219852450937  
253   0.22738869162990416  -0.9221219852450931  
253   1.4888704711246639  0.922121985245094  
254   -1.52174281908401  0.9243826611550232  
254   -0.22000819067630517  -0.9243826611550238  
254   0.22000819067630983  -0.9243826611550235  
254   1.5217428190840125  0.9243826611550241  
255   -1.5548063937540932  0.9264993242685228  
255   -0.21300611389984225  -0.9264993242685234  
255   0.21300611389984736  -0.9264993242685229  
255   1.5548063937540957  0.9264993242685238  
256   -1.5880495886359636  0.9284836103696441  
256   -0.2065270936994139  -0.9284836103696451  
256   0.20652709369941902  -0.9284836103696451  
256   1.588049588635966  0.9284836103696453  
257   -1.6214610178229418  0.9303459301102849  
257   -0.20073353178704934  -0.9303459301102852  
257   0.20073353178705422  -0.9303459301102852  
257   1.6214610178229456  0.9303459301102858  
258   -1.6550294935973362  0.9320956200823716  
258   -0.19580335451742203  -0.9320956200823716  
258   0.19580335451742736  -0.9320956200823716  
258   1.6550294935973398  0.9320956200823722  
259   -1.6887440068153048  0.93374107289138  
259   -0.19192499524711737  -0.9337410728913806  
259   0.19192499524712292  -0.9337410728913806  
259   1.6887440068153092  0.9337410728913813  
260   -1.722593709731795  0.9352898493816916  
260   -0.18928905884083047  -0.9352898493816918  
260   0.18928905884083602  -0.9352898493816919  
260   1.7225937097317978  0.9352898493816925  
261   -1.7565679009633084  0.9367487756704549  
261   -0.1880767824892735  -0.9367487756704553  
261   0.18807678248927995  -0.9367487756704556  
261   1.7565679009633126  0.9367487756704566  
262   -1.790656012326359  0.9381240272305872  
262   -0.18844647216971766  -0.9381240272305877  
262   0.18844647216972366  -0.9381240272305884  
262   1.7906560123263617  0.9381240272305882  
263   -1.8248475973238008  0.9394212019136743  
263   -0.19052024363472553  -0.9394212019136741  
263   0.19052024363473263  -0.9394212019136747  
263   1.8248475973238052  0.9394212019136751  
264   -1.8591323210812924  0.9406453835097506  
264   -0.19437401735001636  -0.9406453835097512  
264   0.19437401735002235  -0.9406453835097521  
264   1.8591323210812953  0.9406453835097524  
265   -1.893499951561653  0.9418011971943143  
265   -0.20003324728931715  -0.941801197194315  
265   0.20003324728932204  -0.9418011971943155  
265   1.8934999515616575  0.9418011971943161  
266   -1.9279403519073883  0.9428928580058913  
266   -0.2074752984988646  -0.9428928580058915  
266   0.2074752984988708  -0.9428928580058924  
266   1.9279403519073925  0.9428928580058925  
267   -1.9624434737806453  0.943924213323719  
267   -0.21663743902383148  -0.94392421332372  
267   0.21663743902383703  -0.9439242133237207  
267   1.9624434737806484  0.9439242133237208  
268   -1.9969993515865823  0.9448987801690094  
268   -0.2274280408300835  -0.9448987801690092  
268   0.22742804083009127  -0.9448987801690104  
268   1.9969993515865871  0.9448987801690106  
269   -2.031598097480482  0.945819778030442  
269   -0.23973831417060332  -0.9458197780304426  
269   0.23973831417060998  -0.9458197780304431  
269   2.0315980974804866  0.9458197780304435  
270   -2.0662298970711865  0.9466901578111163  
270   -0.2534525538294141  -0.946690157811117  
270   0.25345255382942145  -0.9466901578111179  
270   2.0662298970711905  0.9466901578111183  
271   -2.100885005744398  0.9475126274069547  
271   -0.2684558886100916  -0.9475126274069552  
271   0.26845588861009806  -0.9475126274069563  
271   2.1008850057444035  0.9475126274069564  
272   -2.1355537455385565  0.9482896743529144  
272   -0.2846393996851839  -0.9482896743529146  
272   0.28463939968519103  -0.9482896743529161  
272   2.1355537455385614  0.9482896743529162  
273   -2.1702265025140774  0.9490235859110827  
273   -0.3019029951172292  -0.9490235859110832  
273   0.3019029951172365  -0.9490235859110844  
273   2.170226502514082  0.9490235859110845  
274   -2.2048937245638696  0.9497164669219348  
274   -0.32015661957468833  -0.9497164669219353  
274   0.3201566195746963  -0.9497164669219368  
274   2.204893724563874  0.9497164669219365  
275   -2.2395459196190686  0.9503702556952609  
275   -0.33932036019205825  -0.950370255695261  
275   0.33932036019206535  -0.9503702556952621  
275   2.2395459196190743  0.9503702556952623  
276   -2.2741736542092825  0.9509867381791566  
276   -0.35932389809948706  -0.9509867381791564  
276   0.3593238980994955  -0.9509867381791577  
276   2.2741736542092887  0.9509867381791581  
277   -2.3087675523413433  0.9515675606130497  
277   -0.38010562557618055  -0.9515675606130494  
277   0.3801056255761883  -0.9515675606130508  
277   2.3087675523413487  0.9515675606130509  
278   -2.3433182946645306  0.9521142408430012  
278   -0.4016116368514  -0.9521142408430011  
278   0.4016116368514082  -0.9521142408430028  
278   2.343318294664535  0.9521142408430026  
279   -2.3778166178939153  0.9526281784538625  
279   -0.42379471690834025  -0.9526281784538623  
279   0.4237947169083498  -0.9526281784538643  
279   2.3778166178939215  0.9526281784538643  
280   -2.4122533144665357  0.9531106638525351  
280   -0.4466133956145115  -0.9531106638525355  
280   0.44661339561451907  -0.9531106638525371  
280   2.4122533144665415  0.9531106638525371  
281   -2.44661923240783  0.9535628864191618  
281   -0.4700310982631226  -0.9535628864191619  
281   0.47003109826313194  -0.9535628864191638  
281   2.4466192324078344  0.9535628864191636  
282   -2.4809052753882685  0.9539859418280596  
282   -0.4940154020098566  -0.9539859418280597  
282   0.4940154020098657  -0.9539859418280616  
282   2.480905275388274  0.9539859418280617  
283   -2.5151024029521984  0.9543808386272686  
283   -0.5185373957104846  -0.9543808386272692  
283   0.518537395710494  -0.9543808386272705  
283   2.5151024029522047  0.9543808386272706  
284   -2.549201630902781  0.9547485041543997  
284   -0.5435711346803402  -0.9547485041544  
284   0.5435711346803491  -0.9547485041544012  
284   2.549201630902786  0.9547485041544013  
285   -2.5831940318286484  0.9550897898567652  
285   -0.5690931794675662  -0.9550897898567652  
285   0.5690931794675755  -0.9550897898567663  
285   2.5831940318286555  0.9550897898567665  
286   -2.617070735759335  0.9554054760753808  
286   -0.5950822072997606  -0.955405476075381  
286   0.5950822072997703  -0.9554054760753826  
286   2.6170707357593406  0.9554054760753824  
287   -2.6508229309377964  0.9556962763450887  
287   -0.6215186854713832  -0.9556962763450888  
287   0.6215186854713921  -0.9556962763450909  
287   2.6508229309378035  0.9556962763450906  
288   -2.6844418646997106  0.9559628412566548  
288   -0.6483845970219972  -0.955962841256655  
288   0.6483845970220079  -0.9559628412566572  
288   2.6844418646997177  0.955962841256657  
289   -2.7179188444500078  0.9562057619211255  
289   -0.6756632102930524  -0.9562057619211258  
289   0.6756632102930626  -0.9562057619211276  
289   2.7179188444500135  0.9562057619211279  
290   -2.751245238728268  0.956425573071808  
290   -0.7033388851724265  -0.9564255730718086  
290   0.7033388851724367  -0.9564255730718098  
290   2.7512452387282744  0.9564255730718096  
291   -2.784412478355344  0.9566227558349254  
291   -0.7313969099580748  -0.9566227558349253  
291   0.7313969099580864  -0.9566227558349271  
291   2.7844124783553523  0.9566227558349275  
292   -2.8174120576543147  0.9567977401961969  
292   -0.7598233637612251  -0.9567977401961969  
292   0.7598233637612362  -0.956797740196199  
292   2.817412057654324  0.9567977401961987  
293   -2.850235535739627  0.9569509071872193  
293   -0.7886050002197362  -0.9569509071872194  
293   0.7886050002197473  -0.9569509071872211  
293   2.850235535739633  0.956950907187221  
294   -2.8828745378688225  0.9570825908125227  
294   -0.8177291490108898  -0.957082590812523  
294   0.8177291490109018  -0.9570825908125251  
294   2.882874537868829  0.9570825908125249  
295   -2.915320756851893  0.9571930797355039  
295   -0.8471836322539583  -0.957193079735503  
295   0.8471836322539599  -0.9571930797355064  
295   2.915320756851895  0.9571930797355062  
296   -2.947565954513691  0.95728261873904  
296   -0.8769566933920603  -0.9572826187390394  
296   0.8769566933920598  -0.9572826187390417  
296   2.9475659545136903  0.9572826187390421  
297   -2.9796019632054875  0.9573514099744176  
297   -0.907036936555708  -0.9573514099744179  
297   0.907036936555708  -0.9573514099744204  
297   2.9796019632054875  0.95735140997442  
298   -3.01142068736195  0.9573996140102727  
298   -0.9374132747504339  -0.9573996140102737  
298   0.937413274750434  -0.9573996140102753  
298   3.0114206873619516  0.9573996140102753  
299   -3.0430141051004176  0.9574273506914034  
299   -0.9680748854915745  -0.9574273506914039  
299   0.9680748854915755  -0.9574273506914058  
299   3.0430141051004203  0.9574273506914058  
300   -3.074374269859635  0.9574346998157433  
300   -0.9990111727398758  -0.9574346998157436  
300   0.9990111727398754  -0.9574346998157451  
300   3.0743742698596344  0.9574346998157452  
301   -3.1054933120754047  0.957421701636194  
301   -1.0302117341816461  -0.957421701636194  
301   1.0302117341816481  -0.9574217016361962  
301   3.105493312075407  0.9574217016361961  
302   -3.136363440891083  0.9573883571926558  
302   -1.061666333054033  -0.9573883571926561  
302   1.0616663330540346  -0.9573883571926588  
302   3.1363634408910834  0.9573883571926589  
303   -3.1669769459009376  0.9573346284782168  
303   -1.0933648738452626  -0.9573346284782162  
303   1.0933648738452633  -0.957334628478219  
303   3.1669769459009376  0.9573346284782194  
304   -3.1973261989248978  0.9572604384422102  
304   -1.1252973813067606  -0.9572604384422103  
304   1.1252973813067604  -0.9572604384422125  
304   3.197326198924898  0.9572604384422129  
305   -3.2274036558133705  0.9571656708316422  
305   -1.1574539823027443  -0.957165670831642  
305   1.1574539823027428  -0.9571656708316443  
305   3.227403655813372  0.9571656708316443  
306   -3.2572018582810713  0.9570501698712683  
306   -1.189824890096372  -0.957050169871269  
306   1.1898248900963722  -0.9570501698712708  
306   3.257201858281071  0.9570501698712711  
307   -3.286713435769137  0.9569137397814701  
307   -1.2224003907329306  -0.9569137397814697  
307   1.2224003907329306  -0.9569137397814724  
307   3.286713435769139  0.9569137397814726  
308   -3.315931107335067  0.9567561441319054  
308   -1.2551708312315164  -0.9567561441319062  
308   1.2551708312315164  -0.9567561441319083  
308   3.3159311073350657  0.956756144131908  
309   -3.344847683570131  0.9565771050277484  
309   -1.288126609339372  -0.9565771050277488  
309   1.2881266093393713  -0.9565771050277507  
309   3.3448476835701313  0.9565771050277506  
310   -3.3734560685444133  0.9563763021241531  
310   -1.3212581646387922  -0.9563763021241529  
310   1.3212581646387906  -0.9563763021241548  
310   3.373456068544414  0.9563763021241549  
311   -3.4017492617796394  0.9561533714633745  
311   -1.3545559708265467  -0.9561533714633748  
311   1.354555970826545  -0.9561533714633775  
311   3.4017492617796417  0.9561533714633778  
312   -3.4297203602504025  0.9559079041277229  
312   -1.3880105290109714  -0.9559079041277222  
312   1.3880105290109712  -0.9559079041277256  
312   3.4297203602504043  0.9559079041277251  
313   -3.4573625604145892  0.9556394447001856  
313   -1.4216123618932262  -0.9556394447001857  
313   1.4216123618932264  -0.9556394447001887  
313   3.4573625604145897  0.9556394447001887  
314   -3.484669160274085  0.9553474895232551  
314   -1.4553520087170884  -0.9553474895232551  
314   1.455352008717087  -0.9553474895232579  
314   3.484669160274087  0.9553474895232574  
315   -3.5116335614671845  0.9550314847449274  
315   -1.4892200208869704  -0.9550314847449279  
315   1.4892200208869724  -0.955031484744931  
315   3.511633561467187  0.9550314847449309  
316   -3.538249271394373  0.9546908241393701  
316   -1.5232069581666772  -0.9546908241393703  
316   1.5232069581666758  -0.954690824139373  
316   3.538249271394374  0.9546908241393729  
317   -3.564509905379519  0.9543248466880064  
317   -1.5573033853822844  -0.9543248466880074  
317   1.557303385382283  -0.9543248466880094  
317   3.5645099053795177  0.9543248466880093  
318   -3.590409188868855  0.953932833904995  
318   -1.5914998695619311  -0.9539328339049952  
318   1.5914998695619298  -0.9539328339049973  
318   3.5904091888688545  0.9539328339049976  
319   -3.615940959670489  0.9535140068890815  
319   -1.6257869774530551  -0.9535140068890813  
319   1.6257869774530538  -0.9535140068890847  
319   3.615940959670491  0.9535140068890843  
320   -3.641099170237558  0.953067523081677  
320   -1.6601552733643774  -0.9530675230816776  
320   1.6601552733643783  -0.9530675230816806  
320   3.641099170237558  0.9530675230816805  
321   -3.6658778899985913  0.9525924727086426  
321   -1.6945953172855865  -0.9525924727086422  
321   1.6945953172855859  -0.9525924727086456  
321   3.665877889998594  0.9525924727086454  
322   -3.6902713077391596  0.9520878748807136  
322   -1.7290976632424426  -0.9520878748807136  
322   1.729097663242443  -0.9520878748807169  
322   3.6902713077391605  0.9520878748807169  
323   -3.714273734039196  0.9515526733246547  
323   -1.7636528578491182  -0.9515526733246534  
323   1.763652857849118  -0.9515526733246571  
323   3.7142737340391956  0.9515526733246574  
324   -3.737879603771201  0.9509857317140971  
324   -1.798251439022971  -0.9509857317140976  
324   1.7982514390229727  -0.9509857317141007  
324   3.7378796037712037  0.9509857317141014  
325   -3.761083478664885  0.9503858285656132  
325   -1.8328839348297699  -0.9503858285656129  
325   1.8328839348297703  -0.9503858285656172  
325   3.7610834786648875  0.9503858285656172  
326   -3.783880049944539  0.9497516516616956  
326   -1.867540862429698  -0.9497516516616944  
326   1.867540862429697  -0.9497516516616983  
326   3.783880049944539  0.9497516516616983  
327   -3.8062641410461815  0.9490817919581505  
327   -1.9022127270964397  -0.9490817919581517  
327   1.9022127270964395  -0.9490817919581543  
327   3.806264141046182  0.9490817919581541  
328   -3.8282307104222304  0.9483747369286956  
328   -1.9368900212830142  -0.9483747369286968  
328   1.936890021283013  -0.9483747369287  
328   3.8282307104222313  0.9483747369287001  
329   -3.8497748544423196  0.9476288632942881  
329   -1.971563223709268  -0.9476288632942877  
329   1.9715632237092662  -0.9476288632942913  
329   3.8497748544423196  0.9476288632942913  
330   -3.870891810399831  0.9468424290789836  
330   -2.00622279844667  -0.946842429078983  
330   2.006222798446669  -0.9468424290789871  
330   3.8708918103998315  0.9468424290789869  
331   -3.891576959634741  0.9460135649276046  
331   -2.040859193976531  -0.9460135649276057  
331   2.040859193976531  -0.9460135649276094  
331   3.891576959634743  0.9460135649276091  
332   -3.911825830784533  0.9451402646132688  
332   -2.0754628421980663  -0.9451402646132692  
332   2.0754628421980668  -0.9451402646132723  
332   3.9118258307845353  0.9451402646132725  
333   -3.931634103176176  0.9442203746547979  
333   -2.110024157362528  -0.9442203746547981  
333   2.110024157362525  -0.944220374654801  
333   3.931634103176176  0.9442203746548008  
334   -3.9509976103735562  0.9432515829550326  
334   -2.144533534909301  -0.9432515829550336  
334   2.1445335349093027  -0.9432515829550375  
334   3.950997610373559  0.9432515829550375  
335   -3.9699123438963824  0.9422314063609772  
335   -2.178981350179336  -0.9422314063609762  
335   2.1789813501793365  -0.942231406360981  
335   3.969912343896383  0.9422314063609809  
336   -3.988374457128158  0.9411571770354439  
336   -2.2133579569802047  -0.941157177035444  
336   2.213357956980203  -0.9411571770354478  
336   3.9883744571281587  0.9411571770354479  
337   -4.006380269432917  0.9400260275173185  
337   -2.247653685976056  -0.940026027517318  
337   2.2476536859760543  -0.9400260275173227  
337   4.006380269432919  0.9400260275173224  
338   -4.023926270502366  0.9388348743333523  
338   -2.281858842874156  -0.9388348743333527  
338   2.2818588428741577  -0.9388348743333577  
338   4.0239262705023675  0.9388348743333579  
339   -4.041009124957566  0.937580400008668  
339   -2.3159637063779615  -0.9375804000086687  
339   2.3159637063779606  -0.937580400008672  
339   4.041009124957567  0.9375804000086717  
340   -4.0576256772318775  0.9362590333053491  
340   -2.34995852587446  -0.936259033305349  
340   2.3499585258744604  -0.9362590333053539  
340   4.057625677231879  0.9362590333053535  
341   -4.073772956764856  0.9348669274987317  
341   -2.3838335188212585  -0.9348669274987311  
341   2.383833518821257  -0.934866927498736  
341   4.0737729567648575  0.9348669274987365  
342   -4.089448183539993  0.9333999364786193  
342   -2.417578867795681  -0.9333999364786206  
342   2.4175788677956787  -0.9333999364786246  
342   4.089448183539994  0.9333999364786244  
343   -4.104648774002959  0.9318535884378302  
343   -2.4511847171652037  -0.9318535884378307  
343   2.4511847171652024  -0.9318535884378357  
343   4.1046487740029605  0.9318535884378357  
344   -4.119372347401027  0.930223056882432  
344   -2.4846411693345978  -0.9302230568824332  
344   2.4846411693345978  -0.9302230568824377  
344   4.11937234740103  0.9302230568824379  
345   -4.133616732588887  0.9285031286668207  
345   -2.517938280520906  -0.9285031286668195  
345   2.517938280520906  -0.9285031286668245  
345   4.133616732588884  0.9285031286668249  
346   -4.147379975351184  0.9266881687217411  
346   -2.5510660560026546  -0.9266881687217422  
346   2.5510660560026555  -0.9266881687217468  
346   4.147379975351185  0.9266881687217464  
347   -4.160660346297881  0.9247720811043223  
347   -2.584014444784176  -0.9247720811043226  
347   2.5840144447841755  -0.9247720811043265  
347   4.160660346297882  0.9247720811043267  
348   -4.173456349394656  0.9227482659554707  
348   -2.6167733336098054  -0.9227482659554703  
348   2.616773333609805  -0.9227482659554758  
348   4.173456349394658  0.9227482659554755  
349   -4.18576673119793  0.9206095719015313  
349   -2.649332540255894  -0.9206095719015315  
349   2.6493325402558945  -0.9206095719015366  
349   4.185766731197932  0.9206095719015367  
350   -4.197590490871782  0.9183482433830119  
350   -2.681681806020707  -0.9183482433830132  
350   2.6816818060207073  -0.9183482433830186  
350   4.197590490871783  0.9183482433830188  
351   -4.208926891072993  0.9159558623335396  
351   -2.71381078732379  -0.9159558623335414  
351   2.713810787323789  -0.9159558623335462  
351   4.208926891072993  0.9159558623335462  
352   -4.219775469800172  0.9134232835661793  
352   -2.7457090463166116  -0.9134232835661791  
352   2.745709046316615  -0.9134232835661864  
352   4.219775469800176  0.9134232835661866  
353   -4.230136053313946  0.9107405631519531  
353   -2.777366040395518  -0.910740563151954  
353   2.777366040395518  -0.910740563151961  
353   4.230136053313946  0.910740563151961  
354   -4.240008770247188  0.907896878996385  
354   -2.80877111049599  -0.907896878996383  
354   2.808771110495992  -0.9078968789963908  
354   4.2400087702471865  0.9078968789963905  
355   -4.249394067037917  0.904880442734406  
355   -2.839913468033999  -0.9048804427344057  
355   2.8399134680339992  -0.9048804427344117  
355   4.249394067037921  0.9048804427344118  
356   -4.258292724832154  0.9016784019724504  
356   -2.870782180345286  -0.9016784019724509  
356   2.870782180345286  -0.9016784019724579  
356   4.258292724832156  0.9016784019724574  
357   -4.26670587802041  0.8982767318096523  
357   -2.9013661544573695  -0.8982767318096538  
357   2.901366154457372  -0.8982767318096616  
357   4.26670587802041  0.8982767318096615  
358   -4.274635034589528  0.894660114469644  
358   -2.931654119011127  -0.8946601144696449  
358   2.9316541190111294  -0.8946601144696548  
358   4.2746350345895285  0.894660114469655  
359   -4.282082098490884  0.8908118057727248  
359   -2.9616346041293844  -0.8908118057727235  
359   2.961634604129385  -0.8908118057727307  
359   4.282082098490884  0.8908118057727311  
360   -4.2890493942471455  0.8867134870790019  
360   -2.991295919009134  -0.8867134870790014  
360   2.9912959190091346  -0.8867134870790095  
360   4.2890493942471455  0.8867134870790089  
361   -4.295539694042263  0.8823451012421392  
361   -3.0206261269912917  -0.8823451012421368  
361   3.0206261269912895  -0.8823451012421454  
361   4.2955396940422625  0.8823451012421457  
362   -4.30155624756315  0.8776846710380868  
362   -3.0496130178383893  -0.8776846710380872  
362   3.0496130178384098  -0.8776846710380966  
362   4.301556247563157  0.8776846710380964  
363   -4.307102814886232  0.872708098485303  
363   -3.078244076926042  -0.8727080984853012  
363   3.0782440769260653  -0.8727080984853106  
363   4.3071028148862425  0.8727080984853108  
364   -4.312183702726845  0.8673889434670263  
364   -3.1065064510286584  -0.8673889434670264  
364   3.1065064510286797  -0.8673889434670348  
364   4.312183702726855  0.8673889434670349  
365   -4.316803804394089  0.8616981801237915  
365   -3.134386910356339  -0.8616981801237933  
365   3.1343869103563593  -0.861698180123802  
365   4.3168038043940955  0.8616981801238017  
366   -4.3209686438160375  0.8556039296328628  
366   -3.161871806476676  -0.8556039296328619  
366   3.1618718064766984  -0.8556039296328714  
366   4.320968643816049  0.8556039296328711  
367   -4.324684424019157  0.8490711682688885  
367   -3.1889470257368515  -0.8490711682688888  
367   3.1889470257368755  -0.8490711682688985  
367   4.324684424019165  0.8490711682688986  
368   -4.32795808045816  0.8420614100958882  
368   -3.2155979377887824  -0.8420614100958878  
368   3.2155979377888078  -0.8420614100959005  
368   4.32795808045817  0.8420614100959005  
369   -4.330797339595611  0.8345323643395077  
369   -3.241809338817311  -0.8345323643395071  
369   3.2418093388173324  -0.8345323643395172  
369   4.3307973395956205  0.8345323643395172  
370   -4.333210783118695  0.8264375685142731  
370   -3.2675653890830763  -0.8264375685142716  
370   3.2675653890830967  -0.8264375685142815  
370   4.333210783118703  0.8264375685142815  
371   -4.335207918148447  0.8177259998395277  
371   -3.292849544424092  -0.8177259998395309  
371   3.2928495444241106  -0.8177259998395389  
371   4.335207918148455  0.817725999839539  
372   -4.336799253735405  0.8083416695041126  
372   -3.3176444814213024  -0.808341669504113  
372   3.3176444814213246  -0.8083416695041236  
372   4.336799253735413  0.8083416695041237  
373   -4.337996383834751  0.7982232070984403  
373   -3.3419320160343595  -0.798223207098439  
373   3.3419320160343804  -0.7982232070984497  
373   4.337996383834758  0.7982232070984496  
374   -4.338812076799879  0.787303446222044  
374   -3.365693015667987  -0.7873034462220422  
374   3.3656930156680094  -0.7873034462220556  
374   4.338812076799885  0.7873034462220554  
375   -4.339260371208642  0.7755090271258341  
375   -3.3889073048541087  -0.7755090271258338  
375   3.3889073048541323  -0.7755090271258475  
375   4.339260371208648  0.7755090271258473  
376   -4.339356677520202  0.7627600385185279  
376   -3.411553565051169  -0.7627600385185296  
376   3.4115535650511895  -0.7627600385185417  
376   4.339356677520208  0.7627600385185416  
377   -4.339117884626903  0.7489697286224356  
377   -3.433609229495638  -0.7489697286224339  
377   3.433609229495662  -0.748969728622447  
377   4.339117884626913  0.7489697286224473  
378   -4.338562469785257  0.7340443254484865  
378   -3.455050374621184  -0.7340443254484874  
378   3.4550503746212047  -0.7340443254484998  
378   4.338562469785264  0.7340443254484997  
379   -4.337710609649783  0.7178830182377204  
379   -3.475851610320995  -0.7178830182377198  
379   3.4758516103210173  -0.717883018237732  
379   4.33771060964979  0.7178830182377319  
380   -4.336584289159116  0.7003781660806501  
380   -3.495985972303715  -0.7003781660806505  
380   3.495985972303737  -0.7003781660806638  
380   4.336584289159122  0.7003781660806635  
381   -4.335207403802881  0.6814158155657558  
381   -3.5154248210136902  -0.6814158155657577  
381   3.5154248210137107  -0.6814158155657685  
381   4.335207403802888  0.6814158155657686  
382   -4.333605849308599  0.6608766261160032  
382   -3.5341377530760205  -0.6608766261159998  
382   3.5341377530760436  -0.6608766261160133  
382   4.3336058493086105  0.6608766261160133  
383   -4.33180759102601  0.6386373178957916  
383   -3.5520925329885813  -0.6386373178957916  
383   3.5520925329886035  -0.6386373178958056  
383   4.331807591026014  0.6386373178958056  
384   -4.329842703282681  0.6145727702154032  
384   -3.5692550547866357  -0.6145727702154041  
384   3.569255054786658  -0.614572770215417  
384   4.329842703282686  0.614572770215417  
385   -4.327743366823988  0.5885589042894275  
385   -3.5855893455668397  -0.588558904289425  
385   3.585589345566863  -0.588558904289438  
385   4.327743366823997  0.5885589042894379  
386   -4.325543810293556  0.5604764775261938  
386   -3.6010576249139428  -0.560476477526193  
386   3.6010576249139636  -0.5604764775262042  
386   4.325543810293563  0.5604764775262042  
387   -4.32328017982371  0.5302158902143519  
387   -3.615620436160425  -0.5302158902143519  
387   3.6156204361604476  -0.5302158902143653  
387   4.323280179823712  0.5302158902143655  
388   -4.320990319578925  0.4976830514927429  
388   -3.6292368666358508  -0.49768305149274616  
388   3.629236866635868  -0.4976830514927556  
388   4.320990319578927  0.49768305149275555  
389   -4.318713446051957  0.46280626207500514  
389   -3.6418648741058517  -0.4628062620750059  
389   3.641864874105872  -0.46280626207501735  
389   4.318713446051959  0.46280626207501724  
390   -4.316489700684624  0.4255439411926416  
390   -3.653461734828623  -0.4255439411926438  
390   3.6534617348286416  -0.4255439411926525  
390   4.316489700684627  0.4255439411926526  
391   -4.314359569645033  0.3858928555258583  
391   -3.6639846243968064  -0.3858928555258603  
391   3.6639846243968224  -0.38589285552586766  
391   4.314359569645034  0.38589285552586794  
392   -4.312363166916418  0.34389630967124896  
392   -3.673391335209468  -0.3438963096712502  
392   3.673391335209485  -0.3438963096712582  
392   4.312363166916417  0.343896309671258  
393   -4.310539387519077  0.2996515561518207  
393   -3.68164112375245  -0.29965155615182165  
393   3.6816411237524638  -0.2996515561518258  
393   4.310539387519079  0.29965155615182565  
394   -4.308924951429547  0.2533155187282468  
394   -3.6886956671228113  -0.25331551872824704  
394   3.6886956671228104  -0.25331551872825003  
394   4.308924951429547  0.2533155187282502  
395   -4.307553374535748  0.20510784827687062  
395   -3.6945200924583474  -0.2051078482768714  
395   3.6945200924583514  -0.2051078482768739  
395   4.307553374535748  0.20510784827687387  
396   -4.306453918834095  0.15531039949970613  
396   -3.699084027066384  -0.1553103994997058  
396   3.699084027066384  -0.15531039949970746  
396   4.306453918834097  0.15531039949970749  
397   -4.305650587313543  0.10426246695043367  
397   -3.7023626038063258  -0.1042624669504343  
397   3.7023626038063293  -0.10426246695043476  
397   4.305650587313542  0.10426246695043476  
398   -4.305161236513805  0.05235155204029944  
398   -3.704337348739009  -0.05235155204029902  
398   3.7043373487390117  -0.052351552040299176  
398   4.305161236513804  0.052351552040299225  
399   -4.304996878900156  8.154125699651149e-16  
399   -3.7049968789001566  -8.154125699651139e-16  
399   3.7049968789001575  -8.15412569965122e-16  
399   4.304996878900157  8.154125699651222e-16  
