 # x    y     z   (without spin degree)
0.21650635094610968     -1.5155444566227676   -2.5  
-0.6495190528383289     -1.5155444566227676   -2.0  
-0.6495190528383289     -1.5155444566227676   -1.0  
-0.6495190528383289     -0.649519052838329   -0.5  
-0.6495190528383289     -0.649519052838329   0.5  
-1.5155444566227674     -0.649519052838329   1.0  
-1.5155444566227674     -0.649519052838329   2.0  
-1.5155444566227674     0.2165063509461096   2.5  
0.21650635094610968     0.2165063509461096   -2.5  
-0.6495190528383289     0.2165063509461096   -2.0  
-0.6495190528383289     0.2165063509461096   -1.0  
-0.6495190528383289     1.0825317547305484   -0.5  
-0.6495190528383289     1.0825317547305484   0.5  
-1.5155444566227674     1.0825317547305484   1.0  
-1.5155444566227674     1.0825317547305484   2.0  
-1.5155444566227674     1.9485571585149868   2.5  
1.948557158514987     -1.5155444566227676   -2.5  
1.0825317547305482     -1.5155444566227676   -2.0  
1.0825317547305482     -1.5155444566227676   -1.0  
1.0825317547305482     -0.649519052838329   -0.5  
1.0825317547305482     -0.649519052838329   0.5  
0.21650635094610968     -0.649519052838329   1.0  
0.21650635094610968     -0.649519052838329   2.0  
0.21650635094610968     0.2165063509461096   2.5  
1.948557158514987     0.2165063509461096   -2.5  
1.0825317547305482     0.2165063509461096   -2.0  
1.0825317547305482     0.2165063509461096   -1.0  
1.0825317547305482     1.0825317547305484   -0.5  
1.0825317547305482     1.0825317547305484   0.5  
0.21650635094610968     1.0825317547305484   1.0  
0.21650635094610968     1.0825317547305484   2.0  
0.21650635094610968     1.9485571585149868   2.5  
