1    8.283086456771244
2    2.346318664944304
3    0.612447889350892
4    0.2628392699709566
5    0.16010285604385033
6    0.11728421888919748
7    0.09507830735849851
8    0.08754215684212935
9    0.0850955581979439
10    0.08132219208739186
11    0.07808308531097248
12    0.07334262539131113
13    0.06751685964433364
14    0.06103379994690957
15    0.05430029858686357
16    0.047661441318863226
17    0.041374995298359835
18    0.035606434589476516
19    0.0304398720811532
20    0.02589694296458515
21    0.021956874228574445
22    0.01857374888089948
23    0.01568947504933392
24    0.013242543347642336
25    0.011173367810889512
26    0.009427162502566625
27    0.007955191612262373
28    0.006715029045873671
29    0.00567026685933927
30    0.004789955019895616
31    0.004047942786940675
32    0.0034224896576464164
33    0.00289509528721558
34    0.0024497117039821528
35    0.0020733904916711626
36    0.0017553074586552518
37    0.001486354971272018
38    0.0012588681727720861
39    0.001066393930921931
40    0.0009034965899683309
41    0.0007655950264629939
42    0.0006488261162875696
43    0.0005499303725819477
44    0.00046615613962536836
45    0.0003951792927161277
46    0.00033503588793056444
47    0.0002840656276420741
48    0.0002408643641632624
49    0.00020424416194387963
50    0.0001731996870062301
51    0.0001468798984502658
52    0.00012456418759138673
53    0.00010564225194617836
54    8.959710862873245e-05
55    7.599074918519645e-05
56    6.445201877047779e-05
57    5.4666370014993466e-05
58    4.636719799299015e-05
59    3.93285096139056e-05
60    3.335871988989029e-05
61    2.829540032192293e-05
62    2.400083214387166e-05
63    2.0358240231561136e-05
64    1.7268602838287845e-05
65    1.4647948651679164e-05
66    1.242506637927971e-05
67    1.0539563647037218e-05
68    8.940221733083003e-06
