-9.499999999999997335e-01 -9.499999999999998446e-01 1.764921579507723881e-01
-9.499999999999997335e-01 -8.499999999999998668e-01 1.095985748787479785e+00
-9.499999999999997335e-01 -7.499999999999997780e-01 1.194269262539918053e+00
-9.499999999999997335e-01 -6.499999999999998002e-01 1.513756536171618317e+00
-9.499999999999997335e-01 -5.499999999999998224e-01 4.905595479467075304e-01
-9.499999999999997335e-01 -4.499999999999998446e-01 1.210193501859833098e-01
-9.499999999999997335e-01 -3.499999999999997558e-01 1.487388229649011240e-01
-9.499999999999997335e-01 -2.499999999999997780e-01 3.861377598836870373e-01
-9.499999999999997335e-01 -1.499999999999998002e-01 2.437051642348426750e+00
-9.499999999999997335e-01 -4.999999999999982236e-02 2.870450195608488464e+00
-9.499999999999997335e-01 5.000000000000015543e-02 2.193502870467717525e+00
-9.499999999999997335e-01 1.500000000000002442e-01 2.133137599015325403e+00
-9.499999999999997335e-01 2.500000000000003331e-01 2.931767250092237598e-01
-9.499999999999997335e-01 3.500000000000001998e-01 1.298935421647556820e-01
-9.499999999999997335e-01 4.500000000000002887e-01 1.264637401495094515e-01
-9.499999999999997335e-01 5.500000000000001554e-01 4.315416418470109372e-01
-9.499999999999997335e-01 6.500000000000002442e-01 1.434030055528601411e+00
-9.499999999999997335e-01 7.500000000000003331e-01 9.269390398962996658e-01
-9.499999999999997335e-01 8.500000000000001998e-01 6.425919042699954620e-01
-9.499999999999997335e-01 9.500000000000002887e-01 1.580843931014230541e-01
-8.499999999999997558e-01 -9.499999999999998446e-01 5.655380431267994501e-01
-8.499999999999997558e-01 -8.499999999999998668e-01 3.494261522608416159e-01
-8.499999999999997558e-01 -7.499999999999997780e-01 3.189295164492893520e-01
-8.499999999999997558e-01 -6.499999999999998002e-01 1.572023370726719493e-01
-8.499999999999997558e-01 -5.499999999999998224e-01 8.715227289342576678e-02
-8.499999999999997558e-01 -4.499999999999998446e-01 1.179757462839400861e-01
-8.499999999999997558e-01 -3.499999999999997558e-01 2.864917934999771654e-01
-8.499999999999997558e-01 -2.499999999999997780e-01 4.702073933398401295e-01
-8.499999999999997558e-01 -1.499999999999998002e-01 3.130404456253120804e-01
-8.499999999999997558e-01 -4.999999999999982236e-02 3.162564613944535141e-01
-8.499999999999997558e-01 5.000000000000015543e-02 2.970609812914133396e-01
-8.499999999999997558e-01 1.500000000000002442e-01 3.866082608029113299e-01
-8.499999999999997558e-01 2.500000000000003331e-01 5.046893571660368005e-01
-8.499999999999997558e-01 3.500000000000001998e-01 2.717803359008812425e-01
-8.499999999999997558e-01 4.500000000000002887e-01 1.003159121365441997e-01
-8.499999999999997558e-01 5.500000000000001554e-01 8.822076546714612000e-02
-8.499999999999997558e-01 6.500000000000002442e-01 1.692425067341978562e-01
-8.499999999999997558e-01 7.500000000000003331e-01 2.994583144880497705e-01
-8.499999999999997558e-01 8.500000000000001998e-01 3.638924335957456901e-01
-8.499999999999997558e-01 9.500000000000002887e-01 6.766774945952164222e-01
-7.499999999999997780e-01 -9.499999999999998446e-01 1.736177389647344027e+00
-7.499999999999997780e-01 -8.499999999999998668e-01 2.234736562306886221e+00
-7.499999999999997780e-01 -7.499999999999997780e-01 3.568081221343879506e-01
-7.499999999999997780e-01 -6.499999999999998002e-01 1.384348371780516340e-01
-7.499999999999997780e-01 -5.499999999999998224e-01 1.793283922820218257e-01
-7.499999999999997780e-01 -4.499999999999998446e-01 1.001362479328225863e+00
-7.499999999999997780e-01 -3.499999999999997558e-01 1.020478294855283741e+00
-7.499999999999997780e-01 -2.499999999999997780e-01 4.540431624553551981e-01
-7.499999999999997780e-01 -1.499999999999998002e-01 6.973219398887287035e-01
-7.499999999999997780e-01 -4.999999999999982236e-02 1.406183526029218256e-01
-7.499999999999997780e-01 5.000000000000015543e-02 1.583537953548368460e-01
-7.499999999999997780e-01 1.500000000000002442e-01 6.906791200098518768e-01
-7.499999999999997780e-01 2.500000000000003331e-01 6.543466796048756917e-01
-7.499999999999997780e-01 3.500000000000001998e-01 9.763480177196397491e-01
-7.499999999999997780e-01 4.500000000000002887e-01 8.787602677878395552e-01
-7.499999999999997780e-01 5.500000000000001554e-01 1.779692894486699650e-01
-7.499999999999997780e-01 6.500000000000002442e-01 1.526199754873220349e-01
-7.499999999999997780e-01 7.500000000000003331e-01 4.560592429315660223e-01
-7.499999999999997780e-01 8.500000000000001998e-01 2.037424616152699208e+00
-7.499999999999997780e-01 9.500000000000002887e-01 1.940911182800633794e+00
-6.499999999999996891e-01 -9.499999999999998446e-01 2.270565662732176193e+00
-6.499999999999996891e-01 -8.499999999999998668e-01 1.677297699023854616e+00
-6.499999999999996891e-01 -7.499999999999997780e-01 1.112424134024793787e+00
-6.499999999999996891e-01 -6.499999999999998002e-01 3.890777422314613543e-01
-6.499999999999996891e-01 -5.499999999999998224e-01 1.040391295909467662e+00
-6.499999999999996891e-01 -4.499999999999998446e-01 1.000764235220412024e+00
-6.499999999999996891e-01 -3.499999999999997558e-01 1.389884804751826630e+00
-6.499999999999996891e-01 -2.499999999999997780e-01 6.435819644584362953e-01
-6.499999999999996891e-01 -1.499999999999998002e-01 6.586749920608723219e-01
-6.499999999999996891e-01 -4.999999999999982236e-02 1.024437702260687921e-01
-6.499999999999996891e-01 5.000000000000015543e-02 1.328591726884141289e-01
-6.499999999999996891e-01 1.500000000000002442e-01 7.031958920078791309e-01
-6.499999999999996891e-01 2.500000000000003331e-01 7.663807568903396872e-01
-6.499999999999996891e-01 3.500000000000001998e-01 2.285919111628548439e+00
-6.499999999999996891e-01 4.500000000000002887e-01 9.475494228655140239e-01
-6.499999999999996891e-01 5.500000000000001554e-01 8.333061423872090145e-01
-6.499999999999996891e-01 6.500000000000002442e-01 3.139158363447328570e-01
-6.499999999999996891e-01 7.500000000000003331e-01 1.295481513454262545e+00
-6.499999999999996891e-01 8.500000000000001998e-01 1.602207233290012800e+00
-6.499999999999996891e-01 9.500000000000002887e-01 2.015431871711449663e+00
-5.499999999999997113e-01 -9.499999999999998446e-01 4.693463483790512925e+00
-5.499999999999997113e-01 -8.499999999999998668e-01 2.601988992067409967e+00
-5.499999999999997113e-01 -7.499999999999997780e-01 8.388293128465296178e-01
-5.499999999999997113e-01 -6.499999999999998002e-01 5.523336784428040103e-01
-5.499999999999997113e-01 -5.499999999999998224e-01 6.088101329891142388e-01
-5.499999999999997113e-01 -4.499999999999998446e-01 7.091727066085987685e-01
-5.499999999999997113e-01 -3.499999999999997558e-01 2.076461254262913503e+00
-5.499999999999997113e-01 -2.499999999999997780e-01 1.486154071277386191e+00
-5.499999999999997113e-01 -1.499999999999998002e-01 1.049750145608652874e+00
-5.499999999999997113e-01 -4.999999999999982236e-02 1.014833899496889874e-01
-5.499999999999997113e-01 5.000000000000015543e-02 1.365545110462345890e-01
-5.499999999999997113e-01 1.500000000000002442e-01 1.425538828580951156e+00
-5.499999999999997113e-01 2.500000000000003331e-01 1.963989820163314581e+00
-5.499999999999997113e-01 3.500000000000001998e-01 1.975145614171265107e+00
-5.499999999999997113e-01 4.500000000000002887e-01 7.486435445977915881e-01
-5.499999999999997113e-01 5.500000000000001554e-01 9.772995401547258654e-01
-5.499999999999997113e-01 6.500000000000002442e-01 4.266896380697475233e-01
-5.499999999999997113e-01 7.500000000000003331e-01 1.252132135793126988e+00
-5.499999999999997113e-01 8.500000000000001998e-01 2.622141087235824397e+00
-5.499999999999997113e-01 9.500000000000002887e-01 6.908326638759283433e+00
-4.499999999999997335e-01 -9.499999999999998446e-01 1.582095755600993359e+00
-4.499999999999997335e-01 -8.499999999999998668e-01 2.251616454895274178e+00
-4.499999999999997335e-01 -7.499999999999997780e-01 1.168750841536079443e+00
-4.499999999999997335e-01 -6.499999999999998002e-01 2.043976897178470253e-01
-4.499999999999997335e-01 -5.499999999999998224e-01 9.165994221299889055e-01
-4.499999999999997335e-01 -4.499999999999998446e-01 1.116514273008378133e+00
-4.499999999999997335e-01 -3.499999999999997558e-01 8.900077415260017055e-01
-4.499999999999997335e-01 -2.499999999999997780e-01 4.700124917902750443e-01
-4.499999999999997335e-01 -1.499999999999998002e-01 5.871233194136321609e-01
-4.499999999999997335e-01 -4.999999999999982236e-02 1.150221527102210095e-01
-4.499999999999997335e-01 5.000000000000015543e-02 1.415219694583386700e-01
-4.499999999999997335e-01 1.500000000000002442e-01 6.129931363048141124e-01
-4.499999999999997335e-01 2.500000000000003331e-01 5.852914278337912890e-01
-4.499999999999997335e-01 3.500000000000001998e-01 1.676732921001652832e+00
-4.499999999999997335e-01 4.500000000000002887e-01 1.504571158384622187e+00
-4.499999999999997335e-01 5.500000000000001554e-01 5.742316904344594297e-01
-4.499999999999997335e-01 6.500000000000002442e-01 2.329887919251547590e-01
-4.499999999999997335e-01 7.500000000000003331e-01 1.566871422671795022e+00
-4.499999999999997335e-01 8.500000000000001998e-01 1.624542859972668118e+00
-4.499999999999997335e-01 9.500000000000002887e-01 1.804333415604743696e+00
-3.499999999999996447e-01 -9.499999999999998446e-01 2.528377029244002649e+00
-3.499999999999996447e-01 -8.499999999999998668e-01 6.239796542886251185e-01
-3.499999999999996447e-01 -7.499999999999997780e-01 2.700748600606598382e-01
-3.499999999999996447e-01 -6.499999999999998002e-01 1.307570346172645115e-01
-3.499999999999996447e-01 -5.499999999999998224e-01 9.882977153651978375e-02
-3.499999999999996447e-01 -4.499999999999998446e-01 1.873232591629019061e-01
-3.499999999999996447e-01 -3.499999999999997558e-01 1.237007699952350270e+00
-3.499999999999996447e-01 -2.499999999999997780e-01 1.048559321375275077e+00
-3.499999999999996447e-01 -1.499999999999998002e-01 6.107361883477682163e-01
-3.499999999999996447e-01 -4.999999999999982236e-02 1.854650407064872830e-01
-3.499999999999996447e-01 5.000000000000015543e-02 1.995273957718086966e-01
-3.499999999999996447e-01 1.500000000000002442e-01 1.058741243909506080e+00
-3.499999999999996447e-01 2.500000000000003331e-01 1.267403953501262226e+00
-3.499999999999996447e-01 3.500000000000001998e-01 1.237714253658796837e+00
-3.499999999999996447e-01 4.500000000000002887e-01 2.383623893318847498e-01
-3.499999999999996447e-01 5.500000000000001554e-01 1.037462294569075072e-01
-3.499999999999996447e-01 6.500000000000002442e-01 1.442507306233577202e-01
-3.499999999999996447e-01 7.500000000000003331e-01 3.199398691502480796e-01
-3.499999999999996447e-01 8.500000000000001998e-01 7.010889087756302374e-01
-3.499999999999996447e-01 9.500000000000002887e-01 2.491742214729254279e+00
-2.499999999999996669e-01 -9.499999999999998446e-01 2.434259928829496655e-01
-2.499999999999996669e-01 -8.499999999999998668e-01 7.980440823625736257e-01
-2.499999999999996669e-01 -7.499999999999997780e-01 1.043319341522457311e+00
-2.499999999999996669e-01 -6.499999999999998002e-01 4.565913017982368149e-01
-2.499999999999996669e-01 -5.499999999999998224e-01 1.328518431774579622e-01
-2.499999999999996669e-01 -4.499999999999998446e-01 8.606321891417693937e-02
-2.499999999999996669e-01 -3.499999999999997558e-01 1.466517840018763674e-01
-2.499999999999996669e-01 -2.499999999999997780e-01 2.597994308272212893e-01
-2.499999999999996669e-01 -1.499999999999998002e-01 4.717983901896000143e-01
-2.499999999999996669e-01 -4.999999999999982236e-02 1.392753775178900311e+00
-2.499999999999996669e-01 5.000000000000015543e-02 1.132272870394037900e+00
-2.499999999999996669e-01 1.500000000000002442e-01 3.689929350306341282e-01
-2.499999999999996669e-01 2.500000000000003331e-01 2.566591537797909828e-01
-2.499999999999996669e-01 3.500000000000001998e-01 1.334750051878428601e-01
-2.499999999999996669e-01 4.500000000000002887e-01 8.552860613571842963e-02
-2.499999999999996669e-01 5.500000000000001554e-01 1.513632194485546034e-01
-2.499999999999996669e-01 6.500000000000002442e-01 4.874755817863421492e-01
-2.499999999999996669e-01 7.500000000000003331e-01 9.113781147602875166e-01
-2.499999999999996669e-01 8.500000000000001998e-01 3.740104811050279365e-01
-2.499999999999996669e-01 9.500000000000002887e-01 2.350640145317323682e-01
-1.499999999999996891e-01 -9.499999999999998446e-01 1.481068100845253643e-01
-1.499999999999996891e-01 -8.499999999999998668e-01 5.669903803496939565e-01
-1.499999999999996891e-01 -7.499999999999997780e-01 5.142013756250410905e-01
-1.499999999999996891e-01 -6.499999999999998002e-01 1.152417596718632309e+00
-1.499999999999996891e-01 -5.499999999999998224e-01 1.276916279279076916e+00
-1.499999999999996891e-01 -4.499999999999998446e-01 3.114502109245875783e-01
-1.499999999999996891e-01 -3.499999999999997558e-01 1.990253276075934497e-01
-1.499999999999996891e-01 -2.499999999999997780e-01 8.684571693390628067e-01
-1.499999999999996891e-01 -1.499999999999998002e-01 1.407567537719513817e+00
-1.499999999999996891e-01 -4.999999999999982236e-02 1.827673013605251251e+00
-1.499999999999996891e-01 5.000000000000015543e-02 1.301515494952855567e+00
-1.499999999999996891e-01 1.500000000000002442e-01 1.607252578908016760e+00
-1.499999999999996891e-01 2.500000000000003331e-01 4.781232912523022960e-01
-1.499999999999996891e-01 3.500000000000001998e-01 1.792153744583347696e-01
-1.499999999999996891e-01 4.500000000000002887e-01 3.253547912510126316e-01
-1.499999999999996891e-01 5.500000000000001554e-01 1.177993901367466067e+00
-1.499999999999996891e-01 6.500000000000002442e-01 1.142912369116352744e+00
-1.499999999999996891e-01 7.500000000000003331e-01 4.431582364441520316e-01
-1.499999999999996891e-01 8.500000000000001998e-01 5.560545896940106703e-01
-1.499999999999996891e-01 9.500000000000002887e-01 1.228706109313494332e-01
-4.999999999999971134e-02 -9.499999999999998446e-01 1.352351013377929567e-01
-4.999999999999971134e-02 -8.499999999999998668e-01 1.145569435776145895e+00
-4.999999999999971134e-02 -7.499999999999997780e-01 1.024874462612222148e+00
-4.999999999999971134e-02 -6.499999999999998002e-01 1.998485661042292527e+00
-4.999999999999971134e-02 -5.499999999999998224e-01 8.077356534731297000e-01
-4.999999999999971134e-02 -4.499999999999998446e-01 1.083774788218085261e+00
-4.999999999999971134e-02 -3.499999999999997558e-01 3.280756329666999482e-01
-4.999999999999971134e-02 -2.499999999999997780e-01 1.467927064452050123e+00
-4.999999999999971134e-02 -1.499999999999998002e-01 2.156613291426355605e+00
-4.999999999999971134e-02 -4.999999999999982236e-02 2.647257251289107494e+00
-4.999999999999971134e-02 5.000000000000015543e-02 3.354008038770843303e+00
-4.999999999999971134e-02 1.500000000000002442e-01 1.754016705575407009e+00
-4.999999999999971134e-02 2.500000000000003331e-01 1.048819664370460369e+00
-4.999999999999971134e-02 3.500000000000001998e-01 3.498502216773564100e-01
-4.999999999999971134e-02 4.500000000000002887e-01 9.734268594219401827e-01
-4.999999999999971134e-02 5.500000000000001554e-01 8.887495795146597155e-01
-4.999999999999971134e-02 6.500000000000002442e-01 2.117749745653120907e+00
-4.999999999999971134e-02 7.500000000000003331e-01 1.028013713854233568e+00
-4.999999999999971134e-02 8.500000000000001998e-01 5.985906605089278409e-01
-4.999999999999971134e-02 9.500000000000002887e-01 1.023978847260468561e-01
5.000000000000026645e-02 -9.499999999999998446e-01 1.326409350289503575e-01
5.000000000000026645e-02 -8.499999999999998668e-01 1.054851855087343582e+00
5.000000000000026645e-02 -7.499999999999997780e-01 1.115021827928350362e+00
5.000000000000026645e-02 -6.499999999999998002e-01 2.169181875987787222e+00
5.000000000000026645e-02 -5.499999999999998224e-01 8.794294953854052688e-01
5.000000000000026645e-02 -4.499999999999998446e-01 1.159658415815640886e+00
5.000000000000026645e-02 -3.499999999999997558e-01 3.137418179476592073e-01
5.000000000000026645e-02 -2.499999999999997780e-01 1.558098161614266841e+00
5.000000000000026645e-02 -1.499999999999998002e-01 2.159068745443800896e+00
5.000000000000026645e-02 -4.999999999999982236e-02 3.230012762524882231e+00
5.000000000000026645e-02 5.000000000000015543e-02 2.945200370017097669e+00
5.000000000000026645e-02 1.500000000000002442e-01 1.890060226613307082e+00
5.000000000000026645e-02 2.500000000000003331e-01 1.092097654767473891e+00
5.000000000000026645e-02 3.500000000000001998e-01 3.477708928791785059e-01
5.000000000000026645e-02 4.500000000000002887e-01 9.038859885237989777e-01
5.000000000000026645e-02 5.500000000000001554e-01 7.732289191421937158e-01
5.000000000000026645e-02 6.500000000000002442e-01 2.071607742398023255e+00
5.000000000000026645e-02 7.500000000000003331e-01 1.008773280384341220e+00
5.000000000000026645e-02 8.500000000000001998e-01 6.258944215829619351e-01
5.000000000000026645e-02 9.500000000000002887e-01 9.883304332157320793e-02
1.500000000000003553e-01 -9.499999999999998446e-01 1.441654622357558813e-01
1.500000000000003553e-01 -8.499999999999998668e-01 6.856100208443263178e-01
1.500000000000003553e-01 -7.499999999999997780e-01 5.562715849213555330e-01
1.500000000000003553e-01 -6.499999999999998002e-01 1.189352846147259335e+00
1.500000000000003553e-01 -5.499999999999998224e-01 1.685647016504328022e+00
1.500000000000003553e-01 -4.499999999999998446e-01 3.211043089056230815e-01
1.500000000000003553e-01 -3.499999999999997558e-01 2.083978507638573341e-01
1.500000000000003553e-01 -2.499999999999997780e-01 9.264349668696766349e-01
1.500000000000003553e-01 -1.499999999999998002e-01 1.877557273950208439e+00
1.500000000000003553e-01 -4.999999999999982236e-02 2.120021184628179789e+00
1.500000000000003553e-01 5.000000000000015543e-02 1.602272370265829915e+00
1.500000000000003553e-01 1.500000000000002442e-01 2.049355896379521091e+00
1.500000000000003553e-01 2.500000000000003331e-01 4.210256153185835126e-01
1.500000000000003553e-01 3.500000000000001998e-01 1.812660410302069924e-01
1.500000000000003553e-01 4.500000000000002887e-01 3.322659962802640421e-01
1.500000000000003553e-01 5.500000000000001554e-01 1.383119256048975787e+00
1.500000000000003553e-01 6.500000000000002442e-01 1.248942571204870067e+00
1.500000000000003553e-01 7.500000000000003331e-01 5.018162696178081195e-01
1.500000000000003553e-01 8.500000000000001998e-01 5.414237729598915250e-01
1.500000000000003553e-01 9.500000000000002887e-01 1.202632358365451348e-01
2.500000000000004441e-01 -9.499999999999998446e-01 2.301598917867381244e-01
2.500000000000004441e-01 -8.499999999999998668e-01 8.236117942365395184e-01
2.500000000000004441e-01 -7.499999999999997780e-01 1.198413260500818200e+00
2.500000000000004441e-01 -6.499999999999998002e-01 7.427453181175376340e-01
2.500000000000004441e-01 -5.499999999999998224e-01 1.427389343954591494e-01
2.500000000000004441e-01 -4.499999999999998446e-01 9.133296030205247107e-02
2.500000000000004441e-01 -3.499999999999997558e-01 1.464081903016609121e-01
2.500000000000004441e-01 -2.499999999999997780e-01 2.592530769319963402e-01
2.500000000000004441e-01 -1.499999999999998002e-01 4.565796345883306184e-01
2.500000000000004441e-01 -4.999999999999982236e-02 1.534547304335946771e+00
2.500000000000004441e-01 5.000000000000015543e-02 1.411215502127177723e+00
2.500000000000004441e-01 1.500000000000002442e-01 4.518481973391680340e-01
2.500000000000004441e-01 2.500000000000003331e-01 2.424004676631621724e-01
2.500000000000004441e-01 3.500000000000001998e-01 1.246289824847386651e-01
2.500000000000004441e-01 4.500000000000002887e-01 8.756965985383288742e-02
2.500000000000004441e-01 5.500000000000001554e-01 1.550177842034010933e-01
2.500000000000004441e-01 6.500000000000002442e-01 7.001608891874852025e-01
2.500000000000004441e-01 7.500000000000003331e-01 1.014187478658301389e+00
2.500000000000004441e-01 8.500000000000001998e-01 3.596477728894036940e-01
2.500000000000004441e-01 9.500000000000002887e-01 2.281558618527254334e-01
3.500000000000003109e-01 -9.499999999999998446e-01 1.885360690569820807e+00
3.500000000000003109e-01 -8.499999999999998668e-01 5.597475558316705735e-01
3.500000000000003109e-01 -7.499999999999997780e-01 2.790252942479131137e-01
3.500000000000003109e-01 -6.499999999999998002e-01 1.326408166615119233e-01
3.500000000000003109e-01 -5.499999999999998224e-01 9.679275287991136179e-02
3.500000000000003109e-01 -4.499999999999998446e-01 1.751435784401101370e-01
3.500000000000003109e-01 -3.499999999999997558e-01 1.005799387213164309e+00
3.500000000000003109e-01 -2.499999999999997780e-01 1.026112937863004060e+00
3.500000000000003109e-01 -1.499999999999998002e-01 6.330543293050361342e-01
3.500000000000003109e-01 -4.999999999999982236e-02 1.952149468650911102e-01
3.500000000000003109e-01 5.000000000000015543e-02 2.086825410863729635e-01
3.500000000000003109e-01 1.500000000000002442e-01 1.049783644386478088e+00
3.500000000000003109e-01 2.500000000000003331e-01 1.263801604631027642e+00
3.500000000000003109e-01 3.500000000000001998e-01 9.845400050938999392e-01
3.500000000000003109e-01 4.500000000000002887e-01 1.654214237825168410e-01
3.500000000000003109e-01 5.500000000000001554e-01 9.786697509516009696e-02
3.500000000000003109e-01 6.500000000000002442e-01 1.412288194979435529e-01
3.500000000000003109e-01 7.500000000000003331e-01 3.168677547267153005e-01
3.500000000000003109e-01 8.500000000000001998e-01 6.972443401934156348e-01
3.500000000000003109e-01 9.500000000000002887e-01 2.148983227249992023e+00
4.500000000000003997e-01 -9.499999999999998446e-01 1.404500855436763729e+00
4.500000000000003997e-01 -8.499999999999998668e-01 1.774740413461147970e+00
4.500000000000003997e-01 -7.499999999999997780e-01 9.483116900215713407e-01
4.500000000000003997e-01 -6.499999999999998002e-01 2.052961125987231017e-01
4.500000000000003997e-01 -5.499999999999998224e-01 6.588838599663792150e-01
4.500000000000003997e-01 -4.499999999999998446e-01 1.068411095382624687e+00
4.500000000000003997e-01 -3.499999999999997558e-01 8.777925845930953930e-01
4.500000000000003997e-01 -2.499999999999997780e-01 4.559910531798239131e-01
4.500000000000003997e-01 -1.499999999999998002e-01 5.436270362888502294e-01
4.500000000000003997e-01 -4.999999999999982236e-02 1.184090077143118147e-01
4.500000000000003997e-01 5.000000000000015543e-02 1.479100405858979339e-01
4.500000000000003997e-01 1.500000000000002442e-01 5.927137997450276918e-01
4.500000000000003997e-01 2.500000000000003331e-01 5.040279258833473275e-01
4.500000000000003997e-01 3.500000000000001998e-01 1.416376616348864692e+00
4.500000000000003997e-01 4.500000000000002887e-01 1.341432827738353817e+00
4.500000000000003997e-01 5.500000000000001554e-01 3.610480092406645469e-01
4.500000000000003997e-01 6.500000000000002442e-01 2.253881918999947609e-01
4.500000000000003997e-01 7.500000000000003331e-01 1.407995380027446730e+00
4.500000000000003997e-01 8.500000000000001998e-01 1.411103150119923821e+00
4.500000000000003997e-01 9.500000000000002887e-01 1.646876575368660278e+00
5.500000000000002665e-01 -9.499999999999998446e-01 4.749359129900970977e+00
5.500000000000002665e-01 -8.499999999999998668e-01 2.233324745677832013e+00
5.500000000000002665e-01 -7.499999999999997780e-01 8.073927920932734148e-01
5.500000000000002665e-01 -6.499999999999998002e-01 5.426847261652633092e-01
5.500000000000002665e-01 -5.499999999999998224e-01 7.827671835712077808e-01
5.500000000000002665e-01 -4.499999999999998446e-01 6.515041554276893576e-01
5.500000000000002665e-01 -3.499999999999997558e-01 2.079454899654749056e+00
5.500000000000002665e-01 -2.499999999999997780e-01 1.229235733250591434e+00
5.500000000000002665e-01 -1.499999999999998002e-01 1.033155932167568292e+00
5.500000000000002665e-01 -4.999999999999982236e-02 1.007085117939535840e-01
5.500000000000002665e-01 5.000000000000015543e-02 1.331198874125685827e-01
5.500000000000002665e-01 1.500000000000002442e-01 1.666333399929120773e+00
5.500000000000002665e-01 2.500000000000003331e-01 2.036784082474533353e+00
5.500000000000002665e-01 3.500000000000001998e-01 2.040997736271348284e+00
5.500000000000002665e-01 4.500000000000002887e-01 7.156847204241216787e-01
5.500000000000002665e-01 5.500000000000001554e-01 8.215381788617585057e-01
5.500000000000002665e-01 6.500000000000002442e-01 3.501504339352457529e-01
5.500000000000002665e-01 7.500000000000003331e-01 1.220624464170288581e+00
5.500000000000002665e-01 8.500000000000001998e-01 2.728886388338309654e+00
5.500000000000002665e-01 9.500000000000002887e-01 6.190943761634690290e+00
6.500000000000003553e-01 -9.499999999999998446e-01 2.669244213088013851e+00
6.500000000000003553e-01 -8.499999999999998668e-01 1.723311609525188803e+00
6.500000000000003553e-01 -7.499999999999997780e-01 7.100211102045550504e-01
6.500000000000003553e-01 -6.499999999999998002e-01 4.219379881711722291e-01
6.500000000000003553e-01 -5.499999999999998224e-01 1.071550564936905259e+00
6.500000000000003553e-01 -4.499999999999998446e-01 7.676023144882792026e-01
6.500000000000003553e-01 -3.499999999999997558e-01 1.514417827077116030e+00
6.500000000000003553e-01 -2.499999999999997780e-01 6.707814832204967992e-01
6.500000000000003553e-01 -1.499999999999998002e-01 6.089958752280749676e-01
6.500000000000003553e-01 -4.999999999999982236e-02 1.032089952809194106e-01
6.500000000000003553e-01 5.000000000000015543e-02 1.351896667779142469e-01
6.500000000000003553e-01 1.500000000000002442e-01 7.004700295256637288e-01
6.500000000000003553e-01 2.500000000000003331e-01 7.634036720418920785e-01
6.500000000000003553e-01 3.500000000000001998e-01 2.165084110282045504e+00
6.500000000000003553e-01 4.500000000000002887e-01 9.993617454984830006e-01
6.500000000000003553e-01 5.500000000000001554e-01 1.077230765313605731e+00
6.500000000000003553e-01 6.500000000000002442e-01 2.920298719640322949e-01
6.500000000000003553e-01 7.500000000000003331e-01 1.457391947713019720e+00
6.500000000000003553e-01 8.500000000000001998e-01 1.567727319867647573e+00
6.500000000000003553e-01 9.500000000000002887e-01 2.146582174314324298e+00
7.500000000000004441e-01 -9.499999999999998446e-01 1.915337556154126597e+00
7.500000000000004441e-01 -8.499999999999998668e-01 2.557718852570922241e+00
7.500000000000004441e-01 -7.499999999999997780e-01 3.416433215180462724e-01
7.500000000000004441e-01 -6.499999999999998002e-01 1.374069065842735970e-01
7.500000000000004441e-01 -5.499999999999998224e-01 1.898262135988898758e-01
7.500000000000004441e-01 -4.499999999999998446e-01 1.269504523318368161e+00
7.500000000000004441e-01 -3.499999999999997558e-01 1.129140412546188355e+00
7.500000000000004441e-01 -2.499999999999997780e-01 4.597983169986566421e-01
7.500000000000004441e-01 -1.499999999999998002e-01 6.991740294469883654e-01
7.500000000000004441e-01 -4.999999999999982236e-02 1.337150230075242474e-01
7.500000000000004441e-01 5.000000000000015543e-02 1.514371785752081923e-01
7.500000000000004441e-01 1.500000000000002442e-01 8.716042433885252683e-01
7.500000000000004441e-01 2.500000000000003331e-01 7.598524787031754046e-01
7.500000000000004441e-01 3.500000000000001998e-01 1.086357938929560119e+00
7.500000000000004441e-01 4.500000000000002887e-01 1.035484326162648960e+00
7.500000000000004441e-01 5.500000000000001554e-01 2.061785770745087065e-01
7.500000000000004441e-01 6.500000000000002442e-01 1.585287442526025492e-01
7.500000000000004441e-01 7.500000000000003331e-01 4.552729835494717658e-01
7.500000000000004441e-01 8.500000000000001998e-01 2.578770652254005036e+00
7.500000000000004441e-01 9.500000000000002887e-01 2.376226177470058154e+00
8.500000000000003109e-01 -9.499999999999998446e-01 6.785562573218322235e-01
8.500000000000003109e-01 -8.499999999999998668e-01 3.698002364340780002e-01
8.500000000000003109e-01 -7.499999999999997780e-01 2.721417645838285493e-01
8.500000000000003109e-01 -6.499999999999998002e-01 1.480446358489357905e-01
8.500000000000003109e-01 -5.499999999999998224e-01 8.288614206757112524e-02
8.500000000000003109e-01 -4.499999999999998446e-01 1.212179584354729639e-01
8.500000000000003109e-01 -3.499999999999997558e-01 2.935218648285530252e-01
8.500000000000003109e-01 -2.499999999999997780e-01 5.415705201538565383e-01
8.500000000000003109e-01 -1.499999999999998002e-01 3.052753528624465029e-01
8.500000000000003109e-01 -4.999999999999982236e-02 2.901214466066394659e-01
8.500000000000003109e-01 5.000000000000015543e-02 2.764151739764150739e-01
8.500000000000003109e-01 1.500000000000002442e-01 3.494587577406162437e-01
8.500000000000003109e-01 2.500000000000003331e-01 5.498067889335422898e-01
8.500000000000003109e-01 3.500000000000001998e-01 3.260860085878283798e-01
8.500000000000003109e-01 4.500000000000002887e-01 1.105746463295276122e-01
8.500000000000003109e-01 5.500000000000001554e-01 8.609280867782950764e-02
8.500000000000003109e-01 6.500000000000002442e-01 1.698281346086653598e-01
8.500000000000003109e-01 7.500000000000003331e-01 2.859819117361080965e-01
8.500000000000003109e-01 8.500000000000001998e-01 3.641115934410026345e-01
8.500000000000003109e-01 9.500000000000002887e-01 8.532903485639909968e-01
9.500000000000003997e-01 -9.499999999999998446e-01 1.858708655590115277e-01
9.500000000000003997e-01 -8.499999999999998668e-01 8.329341516162515058e-01
9.500000000000003997e-01 -7.499999999999997780e-01 1.001992131788584039e+00
9.500000000000003997e-01 -6.499999999999998002e-01 1.367610683286529794e+00
9.500000000000003997e-01 -5.499999999999998224e-01 4.082378748540496649e-01
9.500000000000003997e-01 -4.499999999999998446e-01 1.119784545632622891e-01
9.500000000000003997e-01 -3.499999999999997558e-01 1.451041322088327534e-01
9.500000000000003997e-01 -2.499999999999997780e-01 4.200068873051611695e-01
9.500000000000003997e-01 -1.499999999999998002e-01 2.395508878368367345e+00
9.500000000000003997e-01 -4.999999999999982236e-02 2.460551961240716956e+00
9.500000000000003997e-01 5.000000000000015543e-02 2.323714653256110818e+00
9.500000000000003997e-01 1.500000000000002442e-01 1.595660319397605109e+00
9.500000000000003997e-01 2.500000000000003331e-01 3.031047559342596731e-01
9.500000000000003997e-01 3.500000000000001998e-01 1.353864738268007739e-01
9.500000000000003997e-01 4.500000000000002887e-01 1.225773095175156507e-01
9.500000000000003997e-01 5.500000000000001554e-01 4.183882410769754201e-01
9.500000000000003997e-01 6.500000000000002442e-01 1.426485484413007487e+00
9.500000000000003997e-01 7.500000000000003331e-01 1.119393117070899057e+00
9.500000000000003997e-01 8.500000000000001998e-01 6.746264937444713672e-01
9.500000000000003997e-01 9.500000000000002887e-01 1.656758924814603628e-01
