-9.499999999999997335e-01 -9.499999999999998446e-01 2.045130190440221263e+00
-9.499999999999997335e-01 -8.499999999999998668e-01 2.132225293978348812e+00
-9.499999999999997335e-01 -7.499999999999997780e-01 1.458739233948273206e+00
-9.499999999999997335e-01 -6.499999999999998002e-01 9.417938679122473955e-01
-9.499999999999997335e-01 -5.499999999999998224e-01 1.240778941568390747e+00
-9.499999999999997335e-01 -4.499999999999998446e-01 8.256471814727774916e-01
-9.499999999999997335e-01 -3.499999999999997558e-01 1.565158976441003214e+00
-9.499999999999997335e-01 -2.499999999999997780e-01 7.752580368791006649e-01
-9.499999999999997335e-01 -1.499999999999998002e-01 6.800325629005058437e-01
-9.499999999999997335e-01 -4.999999999999982236e-02 1.019071430654797439e+00
-9.499999999999997335e-01 5.000000000000015543e-02 9.896048499734027004e-01
-9.499999999999997335e-01 1.500000000000002442e-01 5.658591559633660006e-01
-9.499999999999997335e-01 2.500000000000003331e-01 1.179157829387755152e+00
-9.499999999999997335e-01 3.500000000000001998e-01 1.512391345448498292e+00
-9.499999999999997335e-01 4.500000000000002887e-01 1.358838761797776629e+00
-9.499999999999997335e-01 5.500000000000001554e-01 1.180347790650318807e+00
-9.499999999999997335e-01 6.500000000000002442e-01 9.134464468796454906e-01
-9.499999999999997335e-01 7.500000000000003331e-01 1.743760914065995538e+00
-9.499999999999997335e-01 8.500000000000001998e-01 1.604202693990490758e+00
-9.499999999999997335e-01 9.500000000000002887e-01 2.097939379875965571e+00
-8.499999999999997558e-01 -9.499999999999998446e-01 6.424556379967777398e-01
-8.499999999999997558e-01 -8.499999999999998668e-01 4.488490684209804904e-01
-8.499999999999997558e-01 -7.499999999999997780e-01 1.271617069286253621e+00
-8.499999999999997558e-01 -6.499999999999998002e-01 9.034212746264737026e-01
-8.499999999999997558e-01 -5.499999999999998224e-01 7.548418956430271720e-01
-8.499999999999997558e-01 -4.499999999999998446e-01 6.681775433291952115e-01
-8.499999999999997558e-01 -3.499999999999997558e-01 9.692734835700199669e-01
-8.499999999999997558e-01 -2.499999999999997780e-01 6.939522931069865841e-01
-8.499999999999997558e-01 -1.499999999999998002e-01 6.401953025918043494e-01
-8.499999999999997558e-01 -4.999999999999982236e-02 1.223999944615780988e+00
-8.499999999999997558e-01 5.000000000000015543e-02 7.514558161113564783e-01
-8.499999999999997558e-01 1.500000000000002442e-01 6.015402032700358781e-01
-8.499999999999997558e-01 2.500000000000003331e-01 1.176310090956438792e+00
-8.499999999999997558e-01 3.500000000000001998e-01 6.993659251030042157e-01
-8.499999999999997558e-01 4.500000000000002887e-01 5.467817095093319146e-01
-8.499999999999997558e-01 5.500000000000001554e-01 6.623158473999518625e-01
-8.499999999999997558e-01 6.500000000000002442e-01 1.351274799495339574e+00
-8.499999999999997558e-01 7.500000000000003331e-01 1.151593982852993303e+00
-8.499999999999997558e-01 8.500000000000001998e-01 5.040036412657363796e-01
-8.499999999999997558e-01 9.500000000000002887e-01 5.564616863699792804e-01
-7.499999999999997780e-01 -9.499999999999998446e-01 1.063319919614164055e+00
-7.499999999999997780e-01 -8.499999999999998668e-01 1.023093818421511036e+00
-7.499999999999997780e-01 -7.499999999999997780e-01 1.919047179087552291e+00
-7.499999999999997780e-01 -6.499999999999998002e-01 1.519763824571072508e+00
-7.499999999999997780e-01 -5.499999999999998224e-01 1.343458758717230195e+00
-7.499999999999997780e-01 -4.499999999999998446e-01 1.215521817416389316e+00
-7.499999999999997780e-01 -3.499999999999997558e-01 1.438165023619988325e+00
-7.499999999999997780e-01 -2.499999999999997780e-01 1.895589866278255098e+00
-7.499999999999997780e-01 -1.499999999999998002e-01 1.124466540596846142e+00
-7.499999999999997780e-01 -4.999999999999982236e-02 1.652333781444689675e+00
-7.499999999999997780e-01 5.000000000000015543e-02 1.416651255974143764e+00
-7.499999999999997780e-01 1.500000000000002442e-01 1.239871025243050484e+00
-7.499999999999997780e-01 2.500000000000003331e-01 1.886029672002478952e+00
-7.499999999999997780e-01 3.500000000000001998e-01 1.477369981281241751e+00
-7.499999999999997780e-01 4.500000000000002887e-01 9.659265221159091253e-01
-7.499999999999997780e-01 5.500000000000001554e-01 9.234748628490423439e-01
-7.499999999999997780e-01 6.500000000000002442e-01 2.098644950047026558e+00
-7.499999999999997780e-01 7.500000000000003331e-01 1.473494441970410573e+00
-7.499999999999997780e-01 8.500000000000001998e-01 8.770498044910169932e-01
-7.499999999999997780e-01 9.500000000000002887e-01 1.085487281444883267e+00
-6.499999999999996891e-01 -9.499999999999998446e-01 2.387651164188632436e+00
-6.499999999999996891e-01 -8.499999999999998668e-01 1.438478266182478427e+00
-6.499999999999996891e-01 -7.499999999999997780e-01 9.282844240719200224e-01
-6.499999999999996891e-01 -6.499999999999998002e-01 1.332525390406862575e+00
-6.499999999999996891e-01 -5.499999999999998224e-01 1.400454550360882511e+00
-6.499999999999996891e-01 -4.499999999999998446e-01 1.891416350513511757e+00
-6.499999999999996891e-01 -3.499999999999997558e-01 2.204590938382609000e+00
-6.499999999999996891e-01 -2.499999999999997780e-01 2.318024434271456879e+00
-6.499999999999996891e-01 -1.499999999999998002e-01 1.199760730812202913e+00
-6.499999999999996891e-01 -4.999999999999982236e-02 9.351250207695193106e-01
-6.499999999999996891e-01 5.000000000000015543e-02 1.136776409696075962e+00
-6.499999999999996891e-01 1.500000000000002442e-01 1.247666932451253707e+00
-6.499999999999996891e-01 2.500000000000003331e-01 2.795118936965874212e+00
-6.499999999999996891e-01 3.500000000000001998e-01 1.975794598223161502e+00
-6.499999999999996891e-01 4.500000000000002887e-01 1.869692748589812492e+00
-6.499999999999996891e-01 5.500000000000001554e-01 1.493845427112040714e+00
-6.499999999999996891e-01 6.500000000000002442e-01 9.141531277646161024e-01
-6.499999999999996891e-01 7.500000000000003331e-01 9.794511115812737367e-01
-6.499999999999996891e-01 8.500000000000001998e-01 1.721438290126714232e+00
-6.499999999999996891e-01 9.500000000000002887e-01 2.681213293309034906e+00
-5.499999999999997113e-01 -9.499999999999998446e-01 3.755477524018496105e+00
-5.499999999999997113e-01 -8.499999999999998668e-01 2.083091043582157464e+00
-5.499999999999997113e-01 -7.499999999999997780e-01 7.759502888982364732e-01
-5.499999999999997113e-01 -6.499999999999998002e-01 6.713117808446683599e-01
-5.499999999999997113e-01 -5.499999999999998224e-01 1.729248834448421812e+00
-5.499999999999997113e-01 -4.499999999999998446e-01 2.224257762866073573e+00
-5.499999999999997113e-01 -3.499999999999997558e-01 3.338781165556420127e+00
-5.499999999999997113e-01 -2.499999999999997780e-01 2.703601114937042027e+00
-5.499999999999997113e-01 -1.499999999999998002e-01 1.193618550218629393e+00
-5.499999999999997113e-01 -4.999999999999982236e-02 9.911025307914026472e-01
-5.499999999999997113e-01 5.000000000000015543e-02 9.040862740639237227e-01
-5.499999999999997113e-01 1.500000000000002442e-01 1.287019499336901296e+00
-5.499999999999997113e-01 2.500000000000003331e-01 2.656480898443889682e+00
-5.499999999999997113e-01 3.500000000000001998e-01 2.768094898436778362e+00
-5.499999999999997113e-01 4.500000000000002887e-01 2.911368867721257470e+00
-5.499999999999997113e-01 5.500000000000001554e-01 1.862273669857689384e+00
-5.499999999999997113e-01 6.500000000000002442e-01 7.059310070514552837e-01
-5.499999999999997113e-01 7.500000000000003331e-01 8.125381786310986731e-01
-5.499999999999997113e-01 8.500000000000001998e-01 1.606314158470117270e+00
-5.499999999999997113e-01 9.500000000000002887e-01 4.703082595805144983e+00
-4.499999999999997335e-01 -9.499999999999998446e-01 1.744661337482636299e+00
-4.499999999999997335e-01 -8.499999999999998668e-01 9.710992783109829718e-01
-4.499999999999997335e-01 -7.499999999999997780e-01 1.113923691224906865e+00
-4.499999999999997335e-01 -6.499999999999998002e-01 2.140460364053252018e+00
-4.499999999999997335e-01 -5.499999999999998224e-01 1.325235750191191109e+00
-4.499999999999997335e-01 -4.499999999999998446e-01 1.156974614473818885e+00
-4.499999999999997335e-01 -3.499999999999997558e-01 2.231733982191610011e+00
-4.499999999999997335e-01 -2.499999999999997780e-01 1.794751762291524555e+00
-4.499999999999997335e-01 -1.499999999999998002e-01 1.198922841713966125e+00
-4.499999999999997335e-01 -4.999999999999982236e-02 9.211157332193651293e-01
-4.499999999999997335e-01 5.000000000000015543e-02 1.412213547536862679e+00
-4.499999999999997335e-01 1.500000000000002442e-01 9.034206455439243166e-01
-4.499999999999997335e-01 2.500000000000003331e-01 1.852103567760756686e+00
-4.499999999999997335e-01 3.500000000000001998e-01 1.772456350340479547e+00
-4.499999999999997335e-01 4.500000000000002887e-01 8.880911178634126601e-01
-4.499999999999997335e-01 5.500000000000001554e-01 1.283613622939178356e+00
-4.499999999999997335e-01 6.500000000000002442e-01 2.106561569847793969e+00
-4.499999999999997335e-01 7.500000000000003331e-01 1.018591584557471563e+00
-4.499999999999997335e-01 8.500000000000001998e-01 9.403399160873886498e-01
-4.499999999999997335e-01 9.500000000000002887e-01 1.413089233064802164e+00
-3.499999999999996447e-01 -9.499999999999998446e-01 9.024567953533135789e-01
-3.499999999999996447e-01 -8.499999999999998668e-01 4.707114844967946743e-01
-3.499999999999996447e-01 -7.499999999999997780e-01 1.847673998403578821e+00
-3.499999999999996447e-01 -6.499999999999998002e-01 1.671078044648679484e+00
-3.499999999999996447e-01 -5.499999999999998224e-01 1.287276835861823399e+00
-3.499999999999996447e-01 -4.499999999999998446e-01 8.514888880141220362e-01
-3.499999999999996447e-01 -3.499999999999997558e-01 8.976096246449831728e-01
-3.499999999999996447e-01 -2.499999999999997780e-01 1.360370058627314416e+00
-3.499999999999996447e-01 -1.499999999999998002e-01 1.240511128837732180e+00
-3.499999999999996447e-01 -4.999999999999982236e-02 2.103063974430230854e+00
-3.499999999999996447e-01 5.000000000000015543e-02 1.996475522506617972e+00
-3.499999999999996447e-01 1.500000000000002442e-01 1.180175501130398708e+00
-3.499999999999996447e-01 2.500000000000003331e-01 1.417303527205162395e+00
-3.499999999999996447e-01 3.500000000000001998e-01 6.934284973803364061e-01
-3.499999999999996447e-01 4.500000000000002887e-01 1.095862393730284934e+00
-3.499999999999996447e-01 5.500000000000001554e-01 9.526209629617633512e-01
-3.499999999999996447e-01 6.500000000000002442e-01 1.392525943263544397e+00
-3.499999999999996447e-01 7.500000000000003331e-01 1.261907773045650716e+00
-3.499999999999996447e-01 8.500000000000001998e-01 4.530688208137285122e-01
-3.499999999999996447e-01 9.500000000000002887e-01 7.954081787090537814e-01
-2.499999999999996669e-01 -9.499999999999998446e-01 1.169658657748415376e+00
-2.499999999999996669e-01 -8.499999999999998668e-01 6.141239773331520491e-01
-2.499999999999996669e-01 -7.499999999999997780e-01 1.279822258774335975e+00
-2.499999999999996669e-01 -6.499999999999998002e-01 6.168367298051445902e-01
-2.499999999999996669e-01 -5.499999999999998224e-01 8.410986703921156105e-01
-2.499999999999996669e-01 -4.499999999999998446e-01 1.284566273476896114e+00
-2.499999999999996669e-01 -3.499999999999997558e-01 1.903495372239326855e+00
-2.499999999999996669e-01 -2.499999999999997780e-01 1.510767190999885878e+00
-2.499999999999996669e-01 -1.499999999999998002e-01 5.360195030575906072e-01
-2.499999999999996669e-01 -4.999999999999982236e-02 5.534941069363156219e-01
-2.499999999999996669e-01 5.000000000000015543e-02 6.562019536390329977e-01
-2.499999999999996669e-01 1.500000000000002442e-01 4.238682753473214659e-01
-2.499999999999996669e-01 2.500000000000003331e-01 1.502318363887672259e+00
-2.499999999999996669e-01 3.500000000000001998e-01 1.237429093392328205e+00
-2.499999999999996669e-01 4.500000000000002887e-01 8.055119552336975630e-01
-2.499999999999996669e-01 5.500000000000001554e-01 7.008006800409379844e-01
-2.499999999999996669e-01 6.500000000000002442e-01 7.289957144588192772e-01
-2.499999999999996669e-01 7.500000000000003331e-01 1.190174354474422769e+00
-2.499999999999996669e-01 8.500000000000001998e-01 7.678787144568021139e-01
-2.499999999999996669e-01 9.500000000000002887e-01 1.344605513481034409e+00
-1.499999999999996891e-01 -9.499999999999998446e-01 1.509583359332150376e+00
-1.499999999999996891e-01 -8.499999999999998668e-01 1.019583079697263139e+00
-1.499999999999996891e-01 -7.499999999999997780e-01 1.943283189968491920e+00
-1.499999999999996891e-01 -6.499999999999998002e-01 1.818607191619058483e+00
-1.499999999999996891e-01 -5.499999999999998224e-01 1.246519040611347773e+00
-1.499999999999996891e-01 -4.499999999999998446e-01 1.095090753672153472e+00
-1.499999999999996891e-01 -3.499999999999997558e-01 1.890076374616774135e+00
-1.499999999999996891e-01 -2.499999999999997780e-01 1.704549876928975527e+00
-1.499999999999996891e-01 -1.499999999999998002e-01 1.272028805853436140e+00
-1.499999999999996891e-01 -4.999999999999982236e-02 1.054683308211224135e+00
-1.499999999999996891e-01 5.000000000000015543e-02 1.190101229503227609e+00
-1.499999999999996891e-01 1.500000000000002442e-01 9.540343098742709582e-01
-1.499999999999996891e-01 2.500000000000003331e-01 1.867574763507221958e+00
-1.499999999999996891e-01 3.500000000000001998e-01 2.254337012342904067e+00
-1.499999999999996891e-01 4.500000000000002887e-01 1.759119188610167139e+00
-1.499999999999996891e-01 5.500000000000001554e-01 1.153930162716044983e+00
-1.499999999999996891e-01 6.500000000000002442e-01 1.859889988675537786e+00
-1.499999999999996891e-01 7.500000000000003331e-01 1.566397010112924981e+00
-1.499999999999996891e-01 8.500000000000001998e-01 8.919456343950583621e-01
-1.499999999999996891e-01 9.500000000000002887e-01 1.563600185006161380e+00
-4.999999999999971134e-02 -9.499999999999998446e-01 8.314577747498661520e-01
-4.999999999999971134e-02 -8.499999999999998668e-01 9.918344407622742276e-01
-4.999999999999971134e-02 -7.499999999999997780e-01 2.452856798579806430e+00
-4.999999999999971134e-02 -6.499999999999998002e-01 2.534716641903158152e+00
-4.999999999999971134e-02 -5.499999999999998224e-01 2.026273694863716113e+00
-4.999999999999971134e-02 -4.499999999999998446e-01 1.957239422404217111e+00
-4.999999999999971134e-02 -3.499999999999997558e-01 5.840465423561322922e-01
-4.999999999999971134e-02 -2.499999999999997780e-01 1.032392168674348687e+00
-4.999999999999971134e-02 -1.499999999999998002e-01 1.684115098725046167e+00
-4.999999999999971134e-02 -4.999999999999982236e-02 2.829418988354369002e+00
-4.999999999999971134e-02 5.000000000000015543e-02 2.173319991187044220e+00
-4.999999999999971134e-02 1.500000000000002442e-01 1.344611033374820463e+00
-4.999999999999971134e-02 2.500000000000003331e-01 8.924341829433898310e-01
-4.999999999999971134e-02 3.500000000000001998e-01 1.224200813482235084e+00
-4.999999999999971134e-02 4.500000000000002887e-01 1.570216718505791142e+00
-4.999999999999971134e-02 5.500000000000001554e-01 2.345722997983527236e+00
-4.999999999999971134e-02 6.500000000000002442e-01 2.778729299776806272e+00
-4.999999999999971134e-02 7.500000000000003331e-01 3.100084350332044103e+00
-4.999999999999971134e-02 8.500000000000001998e-01 1.334022683339791016e+00
-4.999999999999971134e-02 9.500000000000002887e-01 9.226489944573258439e-01
5.000000000000026645e-02 -9.499999999999998446e-01 8.352792541838436335e-01
5.000000000000026645e-02 -8.499999999999998668e-01 9.396264254539262728e-01
5.000000000000026645e-02 -7.499999999999997780e-01 2.758555735154540223e+00
5.000000000000026645e-02 -6.499999999999998002e-01 2.472724732304837136e+00
5.000000000000026645e-02 -5.499999999999998224e-01 2.374667228234870198e+00
5.000000000000026645e-02 -4.499999999999998446e-01 1.636065250835872176e+00
5.000000000000026645e-02 -3.499999999999997558e-01 6.562526017261488542e-01
5.000000000000026645e-02 -2.499999999999997780e-01 9.371645896770069983e-01
5.000000000000026645e-02 -1.499999999999998002e-01 1.479919785211748939e+00
5.000000000000026645e-02 -4.999999999999982236e-02 2.667533786547122254e+00
5.000000000000026645e-02 5.000000000000015543e-02 2.321446978523852511e+00
5.000000000000026645e-02 1.500000000000002442e-01 1.391569949148550478e+00
5.000000000000026645e-02 2.500000000000003331e-01 8.938853859265510904e-01
5.000000000000026645e-02 3.500000000000001998e-01 1.094987220888520074e+00
5.000000000000026645e-02 4.500000000000002887e-01 1.350369986319365889e+00
5.000000000000026645e-02 5.500000000000001554e-01 2.865581129092258372e+00
5.000000000000026645e-02 6.500000000000002442e-01 2.592595238729433760e+00
5.000000000000026645e-02 7.500000000000003331e-01 2.925142591409811477e+00
5.000000000000026645e-02 8.500000000000001998e-01 1.173368551562450346e+00
5.000000000000026645e-02 9.500000000000002887e-01 8.267851451502045146e-01
1.500000000000003553e-01 -9.499999999999998446e-01 1.493370541753644698e+00
1.500000000000003553e-01 -8.499999999999998668e-01 1.029541315999456419e+00
1.500000000000003553e-01 -7.499999999999997780e-01 1.970003062981847242e+00
1.500000000000003553e-01 -6.499999999999998002e-01 1.682646285959195742e+00
1.500000000000003553e-01 -5.499999999999998224e-01 1.137084987683517401e+00
1.500000000000003553e-01 -4.499999999999998446e-01 1.346927382903405634e+00
1.500000000000003553e-01 -3.499999999999997558e-01 1.801171399104386062e+00
1.500000000000003553e-01 -2.499999999999997780e-01 1.631921864617298157e+00
1.500000000000003553e-01 -1.499999999999998002e-01 8.257688070266996361e-01
1.500000000000003553e-01 -4.999999999999982236e-02 1.129922107395976649e+00
1.500000000000003553e-01 5.000000000000015543e-02 1.226109295568426960e+00
1.500000000000003553e-01 1.500000000000002442e-01 9.733841075992055725e-01
1.500000000000003553e-01 2.500000000000003331e-01 1.751812459285566614e+00
1.500000000000003553e-01 3.500000000000001998e-01 1.711253756888912347e+00
1.500000000000003553e-01 4.500000000000002887e-01 1.125042351868689394e+00
1.500000000000003553e-01 5.500000000000001554e-01 1.287162995814459254e+00
1.500000000000003553e-01 6.500000000000002442e-01 2.166362189205994770e+00
1.500000000000003553e-01 7.500000000000003331e-01 1.772927450113410686e+00
1.500000000000003553e-01 8.500000000000001998e-01 9.607729146534418341e-01
1.500000000000003553e-01 9.500000000000002887e-01 1.533301241577263774e+00
2.500000000000004441e-01 -9.499999999999998446e-01 1.118813709252520550e+00
2.500000000000004441e-01 -8.499999999999998668e-01 5.786754958367601454e-01
2.500000000000004441e-01 -7.499999999999997780e-01 1.328758589259489087e+00
2.500000000000004441e-01 -6.499999999999998002e-01 6.481787055036903888e-01
2.500000000000004441e-01 -5.499999999999998224e-01 9.623510472014006334e-01
2.500000000000004441e-01 -4.499999999999998446e-01 9.877839441450548819e-01
2.500000000000004441e-01 -3.499999999999997558e-01 1.909981008072501041e+00
2.500000000000004441e-01 -2.499999999999997780e-01 1.468803758190971864e+00
2.500000000000004441e-01 -1.499999999999998002e-01 5.979480202663369770e-01
2.500000000000004441e-01 -4.999999999999982236e-02 5.468475813170315947e-01
2.500000000000004441e-01 5.000000000000015543e-02 7.095533611067432744e-01
2.500000000000004441e-01 1.500000000000002442e-01 4.322663051601264295e-01
2.500000000000004441e-01 2.500000000000003331e-01 1.451040234346117064e+00
2.500000000000004441e-01 3.500000000000001998e-01 1.212214920033755972e+00
2.500000000000004441e-01 4.500000000000002887e-01 7.893760367547411061e-01
2.500000000000004441e-01 5.500000000000001554e-01 5.881082616674863095e-01
2.500000000000004441e-01 6.500000000000002442e-01 7.181264513143019723e-01
2.500000000000004441e-01 7.500000000000003331e-01 1.303515579705762040e+00
2.500000000000004441e-01 8.500000000000001998e-01 8.895960122166808315e-01
2.500000000000004441e-01 9.500000000000002887e-01 1.249052977794473440e+00
3.500000000000003109e-01 -9.499999999999998446e-01 7.531456055853401610e-01
3.500000000000003109e-01 -8.499999999999998668e-01 4.669810966598291757e-01
3.500000000000003109e-01 -7.499999999999997780e-01 1.498784383962559197e+00
3.500000000000003109e-01 -6.499999999999998002e-01 1.699131024899665388e+00
3.500000000000003109e-01 -5.499999999999998224e-01 1.547566199139787990e+00
3.500000000000003109e-01 -4.499999999999998446e-01 9.550183323638636868e-01
3.500000000000003109e-01 -3.499999999999997558e-01 9.019517077248789816e-01
3.500000000000003109e-01 -2.499999999999997780e-01 1.304358831830167098e+00
3.500000000000003109e-01 -1.499999999999998002e-01 1.108281050626870323e+00
3.500000000000003109e-01 -4.999999999999982236e-02 2.203651710655712748e+00
3.500000000000003109e-01 5.000000000000015543e-02 2.505126974979455134e+00
3.500000000000003109e-01 1.500000000000002442e-01 1.242880571619694452e+00
3.500000000000003109e-01 2.500000000000003331e-01 1.243137286448878331e+00
3.500000000000003109e-01 3.500000000000001998e-01 6.796802490644103800e-01
3.500000000000003109e-01 4.500000000000002887e-01 1.142342755319976755e+00
3.500000000000003109e-01 5.500000000000001554e-01 1.290764681773747036e+00
3.500000000000003109e-01 6.500000000000002442e-01 1.465821334955071942e+00
3.500000000000003109e-01 7.500000000000003331e-01 1.333287516787744931e+00
3.500000000000003109e-01 8.500000000000001998e-01 5.089434784542560264e-01
3.500000000000003109e-01 9.500000000000002887e-01 7.044719631500342416e-01
4.500000000000003997e-01 -9.499999999999998446e-01 1.627843448533569992e+00
4.500000000000003997e-01 -8.499999999999998668e-01 1.083446830743868494e+00
4.500000000000003997e-01 -7.499999999999997780e-01 1.134316135323553798e+00
4.500000000000003997e-01 -6.499999999999998002e-01 2.647380112465662627e+00
4.500000000000003997e-01 -5.499999999999998224e-01 1.432698529675223931e+00
4.500000000000003997e-01 -4.499999999999998446e-01 1.126425946655692956e+00
4.500000000000003997e-01 -3.499999999999997558e-01 2.123538750729207170e+00
4.500000000000003997e-01 -2.499999999999997780e-01 1.743051029212694614e+00
4.500000000000003997e-01 -1.499999999999998002e-01 1.309760166621424027e+00
4.500000000000003997e-01 -4.999999999999982236e-02 9.533677279906207502e-01
4.500000000000003997e-01 5.000000000000015543e-02 1.391617502010536356e+00
4.500000000000003997e-01 1.500000000000002442e-01 9.288908359856398178e-01
4.500000000000003997e-01 2.500000000000003331e-01 1.957536257915410083e+00
4.500000000000003997e-01 3.500000000000001998e-01 1.795729123127963955e+00
4.500000000000003997e-01 4.500000000000002887e-01 8.836498585324150667e-01
4.500000000000003997e-01 5.500000000000001554e-01 1.245072492959938826e+00
4.500000000000003997e-01 6.500000000000002442e-01 2.264492792039670022e+00
4.500000000000003997e-01 7.500000000000003331e-01 1.127647712170675609e+00
4.500000000000003997e-01 8.500000000000001998e-01 1.523310716235970697e+00
4.500000000000003997e-01 9.500000000000002887e-01 1.246833774794824379e+00
5.500000000000002665e-01 -9.499999999999998446e-01 3.693060754134448676e+00
5.500000000000002665e-01 -8.499999999999998668e-01 2.072418895329724009e+00
5.500000000000002665e-01 -7.499999999999997780e-01 7.735776165254432124e-01
5.500000000000002665e-01 -6.499999999999998002e-01 6.969098370818901378e-01
5.500000000000002665e-01 -5.499999999999998224e-01 1.898980210982508465e+00
5.500000000000002665e-01 -4.499999999999998446e-01 2.627680971375158325e+00
5.500000000000002665e-01 -3.499999999999997558e-01 3.389958411490018086e+00
5.500000000000002665e-01 -2.499999999999997780e-01 2.753952622982186682e+00
5.500000000000002665e-01 -1.499999999999998002e-01 1.236581056873836237e+00
5.500000000000002665e-01 -4.999999999999982236e-02 1.080795104558855302e+00
5.500000000000002665e-01 5.000000000000015543e-02 8.801991046309962652e-01
5.500000000000002665e-01 1.500000000000002442e-01 1.164401442256983499e+00
5.500000000000002665e-01 2.500000000000003331e-01 2.803370675794502276e+00
5.500000000000002665e-01 3.500000000000001998e-01 2.647733028199975802e+00
5.500000000000002665e-01 4.500000000000002887e-01 2.413954781070350553e+00
5.500000000000002665e-01 5.500000000000001554e-01 2.119084287422404067e+00
5.500000000000002665e-01 6.500000000000002442e-01 5.742329916704377313e-01
5.500000000000002665e-01 7.500000000000003331e-01 8.755609284661581837e-01
5.500000000000002665e-01 8.500000000000001998e-01 1.840006276190559564e+00
5.500000000000002665e-01 9.500000000000002887e-01 5.061271778797605592e+00
6.500000000000003553e-01 -9.499999999999998446e-01 2.521686208337237112e+00
6.500000000000003553e-01 -8.499999999999998668e-01 1.438619518668009079e+00
6.500000000000003553e-01 -7.499999999999997780e-01 9.830036687505332438e-01
6.500000000000003553e-01 -6.499999999999998002e-01 1.092076752477901147e+00
6.500000000000003553e-01 -5.499999999999998224e-01 1.345850018766035605e+00
6.500000000000003553e-01 -4.499999999999998446e-01 2.198603589962333515e+00
6.500000000000003553e-01 -3.499999999999997558e-01 2.269922864195602408e+00
6.500000000000003553e-01 -2.499999999999997780e-01 2.360518157757886648e+00
6.500000000000003553e-01 -1.499999999999998002e-01 1.048126553348416978e+00
6.500000000000003553e-01 -4.999999999999982236e-02 9.521260110285142408e-01
6.500000000000003553e-01 5.000000000000015543e-02 1.047599004426186697e+00
6.500000000000003553e-01 1.500000000000002442e-01 1.316165621152043830e+00
6.500000000000003553e-01 2.500000000000003331e-01 2.737552319610372376e+00
6.500000000000003553e-01 3.500000000000001998e-01 2.043094691646896610e+00
6.500000000000003553e-01 4.500000000000002887e-01 1.850247179272178633e+00
6.500000000000003553e-01 5.500000000000001554e-01 1.507267319741821376e+00
6.500000000000003553e-01 6.500000000000002442e-01 9.571443998447193291e-01
6.500000000000003553e-01 7.500000000000003331e-01 9.100457411841281763e-01
6.500000000000003553e-01 8.500000000000001998e-01 1.624103595574099446e+00
6.500000000000003553e-01 9.500000000000002887e-01 2.253253137574971365e+00
7.500000000000004441e-01 -9.499999999999998446e-01 1.213425535160499225e+00
7.500000000000004441e-01 -8.499999999999998668e-01 1.059660441678367926e+00
7.500000000000004441e-01 -7.499999999999997780e-01 1.259921002640073118e+00
7.500000000000004441e-01 -6.499999999999998002e-01 1.060867415660305513e+00
7.500000000000004441e-01 -5.499999999999998224e-01 1.257901292872005250e+00
7.500000000000004441e-01 -4.499999999999998446e-01 1.223200954358800718e+00
7.500000000000004441e-01 -3.499999999999997558e-01 1.569055885620573632e+00
7.500000000000004441e-01 -2.499999999999997780e-01 2.095083032537670142e+00
7.500000000000004441e-01 -1.499999999999998002e-01 1.200658829671126249e+00
7.500000000000004441e-01 -4.999999999999982236e-02 1.541336861861376750e+00
7.500000000000004441e-01 5.000000000000015543e-02 1.405103840553301620e+00
7.500000000000004441e-01 1.500000000000002442e-01 1.220318756207318778e+00
7.500000000000004441e-01 2.500000000000003331e-01 1.809567849240736548e+00
7.500000000000004441e-01 3.500000000000001998e-01 1.362610721238171729e+00
7.500000000000004441e-01 4.500000000000002887e-01 9.610486484235121196e-01
7.500000000000004441e-01 5.500000000000001554e-01 9.210409106730433892e-01
7.500000000000004441e-01 6.500000000000002442e-01 1.949894466234811885e+00
7.500000000000004441e-01 7.500000000000003331e-01 1.423576872213063060e+00
7.500000000000004441e-01 8.500000000000001998e-01 8.369282763352176024e-01
7.500000000000004441e-01 9.500000000000002887e-01 1.035276338025296061e+00
8.500000000000003109e-01 -9.499999999999998446e-01 7.345790118009722924e-01
8.500000000000003109e-01 -8.499999999999998668e-01 4.748549071619922457e-01
8.500000000000003109e-01 -7.499999999999997780e-01 1.088255220993731731e+00
8.500000000000003109e-01 -6.499999999999998002e-01 8.474892678161424220e-01
8.500000000000003109e-01 -5.499999999999998224e-01 6.377862417618768154e-01
8.500000000000003109e-01 -4.499999999999998446e-01 6.353485645107791457e-01
8.500000000000003109e-01 -3.499999999999997558e-01 1.019717796515297481e+00
8.500000000000003109e-01 -2.499999999999997780e-01 6.998934460662598056e-01
8.500000000000003109e-01 -1.499999999999998002e-01 8.414323929891511789e-01
8.500000000000003109e-01 -4.999999999999982236e-02 8.128512493423744045e-01
8.500000000000003109e-01 5.000000000000015543e-02 6.373241329327538063e-01
8.500000000000003109e-01 1.500000000000002442e-01 5.644403287019773563e-01
8.500000000000003109e-01 2.500000000000003331e-01 1.172206480106425808e+00
8.500000000000003109e-01 3.500000000000001998e-01 8.044447560187281132e-01
8.500000000000003109e-01 4.500000000000002887e-01 6.605620975770304382e-01
8.500000000000003109e-01 5.500000000000001554e-01 7.064900116653224371e-01
8.500000000000003109e-01 6.500000000000002442e-01 1.321561647098863590e+00
8.500000000000003109e-01 7.500000000000003331e-01 1.184181251377325328e+00
8.500000000000003109e-01 8.500000000000001998e-01 7.039599253949836433e-01
8.500000000000003109e-01 9.500000000000002887e-01 6.995395509667431400e-01
9.500000000000003997e-01 -9.499999999999998446e-01 2.094973519902436188e+00
9.500000000000003997e-01 -8.499999999999998668e-01 2.162015037212493773e+00
9.500000000000003997e-01 -7.499999999999997780e-01 1.533089482916432988e+00
9.500000000000003997e-01 -6.499999999999998002e-01 9.378512299372303573e-01
9.500000000000003997e-01 -5.499999999999998224e-01 1.191677858361037234e+00
9.500000000000003997e-01 -4.499999999999998446e-01 8.197021139042283133e-01
9.500000000000003997e-01 -3.499999999999997558e-01 1.915145264994491558e+00
9.500000000000003997e-01 -2.499999999999997780e-01 1.180368180291659019e+00
9.500000000000003997e-01 -1.499999999999998002e-01 6.783140897662676139e-01
9.500000000000003997e-01 -4.999999999999982236e-02 9.070771389459496570e-01
9.500000000000003997e-01 5.000000000000015543e-02 9.523162409266471284e-01
9.500000000000003997e-01 1.500000000000002442e-01 4.980457506135834711e-01
9.500000000000003997e-01 2.500000000000003331e-01 1.207529870345769751e+00
9.500000000000003997e-01 3.500000000000001998e-01 1.517178304076292283e+00
9.500000000000003997e-01 4.500000000000002887e-01 1.557109968393465937e+00
9.500000000000003997e-01 5.500000000000001554e-01 1.336799043416676325e+00
9.500000000000003997e-01 6.500000000000002442e-01 1.030782799864001564e+00
9.500000000000003997e-01 7.500000000000003331e-01 1.427591912144948294e+00
9.500000000000003997e-01 8.500000000000001998e-01 1.352629341508809091e+00
9.500000000000003997e-01 9.500000000000002887e-01 2.420167277330848687e+00
