-9.499999999999997335e-01 -9.499999999999998446e-01 1.764921579507728322e-01
-9.499999999999997335e-01 -8.499999999999998668e-01 1.095985748787481562e+00
-9.499999999999997335e-01 -7.499999999999997780e-01 1.194269262539910725e+00
-9.499999999999997335e-01 -6.499999999999998002e-01 1.513756536171616540e+00
-9.499999999999997335e-01 -5.499999999999998224e-01 4.905595479467098619e-01
-9.499999999999997335e-01 -4.499999999999998446e-01 1.210193501859835874e-01
-9.499999999999997335e-01 -3.499999999999997558e-01 1.487388229649016791e-01
-9.499999999999997335e-01 -2.499999999999997780e-01 3.861377598836885361e-01
-9.499999999999997335e-01 -1.499999999999998002e-01 2.437051642348405878e+00
-9.499999999999997335e-01 -4.999999999999982236e-02 2.870450195608453825e+00
-9.499999999999997335e-01 5.000000000000015543e-02 2.193502870467707311e+00
-9.499999999999997335e-01 1.500000000000002442e-01 2.133137599015305863e+00
-9.499999999999997335e-01 2.500000000000003331e-01 2.931767250092253696e-01
-9.499999999999997335e-01 3.500000000000001998e-01 1.298935421647561539e-01
-9.499999999999997335e-01 4.500000000000002887e-01 1.264637401495098401e-01
-9.499999999999997335e-01 5.500000000000001554e-01 4.315416418470133242e-01
-9.499999999999997335e-01 6.500000000000002442e-01 1.434030055528600522e+00
-9.499999999999997335e-01 7.500000000000003331e-01 9.269390398962941147e-01
-9.499999999999997335e-01 8.500000000000001998e-01 6.425919042699992367e-01
-9.499999999999997335e-01 9.500000000000002887e-01 1.580843931014234982e-01
-8.499999999999997558e-01 -9.499999999999998446e-01 5.655380431268033359e-01
-8.499999999999997558e-01 -8.499999999999998668e-01 3.494261522608426707e-01
-8.499999999999997558e-01 -7.499999999999997780e-01 3.189295164492911283e-01
-8.499999999999997558e-01 -6.499999999999998002e-01 1.572023370726724767e-01
-8.499999999999997558e-01 -5.499999999999998224e-01 8.715227289342597494e-02
-8.499999999999997558e-01 -4.499999999999998446e-01 1.179757462839404469e-01
-8.499999999999997558e-01 -3.499999999999997558e-01 2.864917934999788307e-01
-8.499999999999997558e-01 -2.499999999999997780e-01 4.702073933398450145e-01
-8.499999999999997558e-01 -1.499999999999998002e-01 3.130404456253129686e-01
-8.499999999999997558e-01 -4.999999999999982236e-02 3.162564613944553460e-01
-8.499999999999997558e-01 5.000000000000015543e-02 2.970609812914147274e-01
-8.499999999999997558e-01 1.500000000000002442e-01 3.866082608029131062e-01
-8.499999999999997558e-01 2.500000000000003331e-01 5.046893571660419076e-01
-8.499999999999997558e-01 3.500000000000001998e-01 2.717803359008825748e-01
-8.499999999999997558e-01 4.500000000000002887e-01 1.003159121365444773e-01
-8.499999999999997558e-01 5.500000000000001554e-01 8.822076546714634204e-02
-8.499999999999997558e-01 6.500000000000002442e-01 1.692425067341984946e-01
-8.499999999999997558e-01 7.500000000000003331e-01 2.994583144880516579e-01
-8.499999999999997558e-01 8.500000000000001998e-01 3.638924335957468004e-01
-8.499999999999997558e-01 9.500000000000002887e-01 6.766774945952203080e-01
-7.499999999999997780e-01 -9.499999999999998446e-01 1.736177389647327818e+00
-7.499999999999997780e-01 -8.499999999999998668e-01 2.234736562306868901e+00
-7.499999999999997780e-01 -7.499999999999997780e-01 3.568081221343905041e-01
-7.499999999999997780e-01 -6.499999999999998002e-01 1.384348371780520504e-01
-7.499999999999997780e-01 -5.499999999999998224e-01 1.793283922820225751e-01
-7.499999999999997780e-01 -4.499999999999998446e-01 1.001362479328225419e+00
-7.499999999999997780e-01 -3.499999999999997558e-01 1.020478294855278634e+00
-7.499999999999997780e-01 -2.499999999999997780e-01 4.540431624553535328e-01
-7.499999999999997780e-01 -1.499999999999998002e-01 6.973219398887252618e-01
-7.499999999999997780e-01 -4.999999999999982236e-02 1.406183526029221031e-01
-7.499999999999997780e-01 5.000000000000015543e-02 1.583537953548373178e-01
-7.499999999999997780e-01 1.500000000000002442e-01 6.906791200098475469e-01
-7.499999999999997780e-01 2.500000000000003331e-01 6.543466796048678091e-01
-7.499999999999997780e-01 3.500000000000001998e-01 9.763480177196397491e-01
-7.499999999999997780e-01 4.500000000000002887e-01 8.787602677878415536e-01
-7.499999999999997780e-01 5.500000000000001554e-01 1.779692894486708254e-01
-7.499999999999997780e-01 6.500000000000002442e-01 1.526199754873226178e-01
-7.499999999999997780e-01 7.500000000000003331e-01 4.560592429315697416e-01
-7.499999999999997780e-01 8.500000000000001998e-01 2.037424616152688106e+00
-7.499999999999997780e-01 9.500000000000002887e-01 1.940911182800606261e+00
-6.499999999999996891e-01 -9.499999999999998446e-01 2.270565662732180190e+00
-6.499999999999996891e-01 -8.499999999999998668e-01 1.677297699023854616e+00
-6.499999999999996891e-01 -7.499999999999997780e-01 1.112424134024800892e+00
-6.499999999999996891e-01 -6.499999999999998002e-01 3.890777422314660172e-01
-6.499999999999996891e-01 -5.499999999999998224e-01 1.040391295909469216e+00
-6.499999999999996891e-01 -4.499999999999998446e-01 1.000764235220408027e+00
-6.499999999999996891e-01 -3.499999999999997558e-01 1.389884804751828851e+00
-6.499999999999996891e-01 -2.499999999999997780e-01 6.435819644584352961e-01
-6.499999999999996891e-01 -1.499999999999998002e-01 6.586749920608705455e-01
-6.499999999999996891e-01 -4.999999999999982236e-02 1.024437702260690697e-01
-6.499999999999996891e-01 5.000000000000015543e-02 1.328591726884144619e-01
-6.499999999999996891e-01 1.500000000000002442e-01 7.031958920078777986e-01
-6.499999999999996891e-01 2.500000000000003331e-01 7.663807568903365786e-01
-6.499999999999996891e-01 3.500000000000001998e-01 2.285919111628560429e+00
-6.499999999999996891e-01 4.500000000000002887e-01 9.475494228655078066e-01
-6.499999999999996891e-01 5.500000000000001554e-01 8.333061423872110129e-01
-6.499999999999996891e-01 6.500000000000002442e-01 3.139158363447350220e-01
-6.499999999999996891e-01 7.500000000000003331e-01 1.295481513454270095e+00
-6.499999999999996891e-01 8.500000000000001998e-01 1.602207233290014354e+00
-6.499999999999996891e-01 9.500000000000002887e-01 2.015431871711450995e+00
-5.499999999999997113e-01 -9.499999999999998446e-01 4.693463483790492496e+00
-5.499999999999997113e-01 -8.499999999999998668e-01 2.601988992067377104e+00
-5.499999999999997113e-01 -7.499999999999997780e-01 8.388293128465352799e-01
-5.499999999999997113e-01 -6.499999999999998002e-01 5.523336784428128921e-01
-5.499999999999997113e-01 -5.499999999999998224e-01 6.088101329891139057e-01
-5.499999999999997113e-01 -4.499999999999998446e-01 7.091727066085951048e-01
-5.499999999999997113e-01 -3.499999999999997558e-01 2.076461254262913059e+00
-5.499999999999997113e-01 -2.499999999999997780e-01 1.486154071277381306e+00
-5.499999999999997113e-01 -1.499999999999998002e-01 1.049750145608649765e+00
-5.499999999999997113e-01 -4.999999999999982236e-02 1.014833899496892650e-01
-5.499999999999997113e-01 5.000000000000015543e-02 1.365545110462350886e-01
-5.499999999999997113e-01 1.500000000000002442e-01 1.425538828580949158e+00
-5.499999999999997113e-01 2.500000000000003331e-01 1.963989820163307920e+00
-5.499999999999997113e-01 3.500000000000001998e-01 1.975145614171252673e+00
-5.499999999999997113e-01 4.500000000000002887e-01 7.486435445977881464e-01
-5.499999999999997113e-01 5.500000000000001554e-01 9.772995401547318606e-01
-5.499999999999997113e-01 6.500000000000002442e-01 4.266896380697527413e-01
-5.499999999999997113e-01 7.500000000000003331e-01 1.252132135793132317e+00
-5.499999999999997113e-01 8.500000000000001998e-01 2.622141087235795531e+00
-5.499999999999997113e-01 9.500000000000002887e-01 6.908326638759255012e+00
-4.499999999999997335e-01 -9.499999999999998446e-01 1.582095755600994913e+00
-4.499999999999997335e-01 -8.499999999999998668e-01 2.251616454895289277e+00
-4.499999999999997335e-01 -7.499999999999997780e-01 1.168750841536090990e+00
-4.499999999999997335e-01 -6.499999999999998002e-01 2.043976897178477747e-01
-4.499999999999997335e-01 -5.499999999999998224e-01 9.165994221299860190e-01
-4.499999999999997335e-01 -4.499999999999998446e-01 1.116514273008389457e+00
-4.499999999999997335e-01 -3.499999999999997558e-01 8.900077415259972646e-01
-4.499999999999997335e-01 -2.499999999999997780e-01 4.700124917902732680e-01
-4.499999999999997335e-01 -1.499999999999998002e-01 5.871233194136318279e-01
-4.499999999999997335e-01 -4.999999999999982236e-02 1.150221527102212316e-01
-4.499999999999997335e-01 5.000000000000015543e-02 1.415219694583390864e-01
-4.499999999999997335e-01 1.500000000000002442e-01 6.129931363048126691e-01
-4.499999999999997335e-01 2.500000000000003331e-01 5.852914278337885134e-01
-4.499999999999997335e-01 3.500000000000001998e-01 1.676732921001652610e+00
-4.499999999999997335e-01 4.500000000000002887e-01 1.504571158384623741e+00
-4.499999999999997335e-01 5.500000000000001554e-01 5.742316904344629824e-01
-4.499999999999997335e-01 6.500000000000002442e-01 2.329887919251555084e-01
-4.499999999999997335e-01 7.500000000000003331e-01 1.566871422671805014e+00
-4.499999999999997335e-01 8.500000000000001998e-01 1.624542859972676112e+00
-4.499999999999997335e-01 9.500000000000002887e-01 1.804333415604751245e+00
-3.499999999999996447e-01 -9.499999999999998446e-01 2.528377029243992880e+00
-3.499999999999996447e-01 -8.499999999999998668e-01 6.239796542886284492e-01
-3.499999999999996447e-01 -7.499999999999997780e-01 2.700748600606611705e-01
-3.499999999999996447e-01 -6.499999999999998002e-01 1.307570346172649833e-01
-3.499999999999996447e-01 -5.499999999999998224e-01 9.882977153652003355e-02
-3.499999999999996447e-01 -4.499999999999998446e-01 1.873232591629026833e-01
-3.499999999999996447e-01 -3.499999999999997558e-01 1.237007699952353379e+00
-3.499999999999996447e-01 -2.499999999999997780e-01 1.048559321375277076e+00
-3.499999999999996447e-01 -1.499999999999998002e-01 6.107361883477724351e-01
-3.499999999999996447e-01 -4.999999999999982236e-02 1.854650407064879214e-01
-3.499999999999996447e-01 5.000000000000015543e-02 1.995273957718092239e-01
-3.499999999999996447e-01 1.500000000000002442e-01 1.058741243909512519e+00
-3.499999999999996447e-01 2.500000000000003331e-01 1.267403953501263558e+00
-3.499999999999996447e-01 3.500000000000001998e-01 1.237714253658790620e+00
-3.499999999999996447e-01 4.500000000000002887e-01 2.383623893318853049e-01
-3.499999999999996447e-01 5.500000000000001554e-01 1.037462294569077847e-01
-3.499999999999996447e-01 6.500000000000002442e-01 1.442507306233582753e-01
-3.499999999999996447e-01 7.500000000000003331e-01 3.199398691502494674e-01
-3.499999999999996447e-01 8.500000000000001998e-01 7.010889087756337901e-01
-3.499999999999996447e-01 9.500000000000002887e-01 2.491742214729258720e+00
-2.499999999999996669e-01 -9.499999999999998446e-01 2.434259928829506092e-01
-2.499999999999996669e-01 -8.499999999999998668e-01 7.980440823625785107e-01
-2.499999999999996669e-01 -7.499999999999997780e-01 1.043319341522464860e+00
-2.499999999999996669e-01 -6.499999999999998002e-01 4.565913017982390909e-01
-2.499999999999996669e-01 -5.499999999999998224e-01 1.328518431774584063e-01
-2.499999999999996669e-01 -4.499999999999998446e-01 8.606321891417717529e-02
-2.499999999999996669e-01 -3.499999999999997558e-01 1.466517840018769225e-01
-2.499999999999996669e-01 -2.499999999999997780e-01 2.597994308272225661e-01
-2.499999999999996669e-01 -1.499999999999998002e-01 4.717983901896015131e-01
-2.499999999999996669e-01 -4.999999999999982236e-02 1.392753775178911635e+00
-2.499999999999996669e-01 5.000000000000015543e-02 1.132272870394045450e+00
-2.499999999999996669e-01 1.500000000000002442e-01 3.689929350306349054e-01
-2.499999999999996669e-01 2.500000000000003331e-01 2.566591537797919820e-01
-2.499999999999996669e-01 3.500000000000001998e-01 1.334750051878432764e-01
-2.499999999999996669e-01 4.500000000000002887e-01 8.552860613571865167e-02
-2.499999999999996669e-01 5.500000000000001554e-01 1.513632194485551863e-01
-2.499999999999996669e-01 6.500000000000002442e-01 4.874755817863451468e-01
-2.499999999999996669e-01 7.500000000000003331e-01 9.113781147602940669e-01
-2.499999999999996669e-01 8.500000000000001998e-01 3.740104811050293243e-01
-2.499999999999996669e-01 9.500000000000002887e-01 2.350640145317334506e-01
-1.499999999999996891e-01 -9.499999999999998446e-01 1.481068100845257807e-01
-1.499999999999996891e-01 -8.499999999999998668e-01 5.669903803496930683e-01
-1.499999999999996891e-01 -7.499999999999997780e-01 5.142013756250376488e-01
-1.499999999999996891e-01 -6.499999999999998002e-01 1.152417596718625648e+00
-1.499999999999996891e-01 -5.499999999999998224e-01 1.276916279279074029e+00
-1.499999999999996891e-01 -4.499999999999998446e-01 3.114502109245891326e-01
-1.499999999999996891e-01 -3.499999999999997558e-01 1.990253276075941713e-01
-1.499999999999996891e-01 -2.499999999999997780e-01 8.684571693390726876e-01
-1.499999999999996891e-01 -1.499999999999998002e-01 1.407567537719510042e+00
-1.499999999999996891e-01 -4.999999999999982236e-02 1.827673013605234820e+00
-1.499999999999996891e-01 5.000000000000015543e-02 1.301515494952848018e+00
-1.499999999999996891e-01 1.500000000000002442e-01 1.607252578908012985e+00
-1.499999999999996891e-01 2.500000000000003331e-01 4.781232912523050160e-01
-1.499999999999996891e-01 3.500000000000001998e-01 1.792153744583353248e-01
-1.499999999999996891e-01 4.500000000000002887e-01 3.253547912510146300e-01
-1.499999999999996891e-01 5.500000000000001554e-01 1.177993901367464735e+00
-1.499999999999996891e-01 6.500000000000002442e-01 1.142912369116344307e+00
-1.499999999999996891e-01 7.500000000000003331e-01 4.431582364441501443e-01
-1.499999999999996891e-01 8.500000000000001998e-01 5.560545896940094490e-01
-1.499999999999996891e-01 9.500000000000002887e-01 1.228706109313496969e-01
-4.999999999999971134e-02 -9.499999999999998446e-01 1.352351013377934008e-01
-4.999999999999971134e-02 -8.499999999999998668e-01 1.145569435776145673e+00
-4.999999999999971134e-02 -7.499999999999997780e-01 1.024874462612218595e+00
-4.999999999999971134e-02 -6.499999999999998002e-01 1.998485661042294970e+00
-4.999999999999971134e-02 -5.499999999999998224e-01 8.077356534731249260e-01
-4.999999999999971134e-02 -4.499999999999998446e-01 1.083774788218088592e+00
-4.999999999999971134e-02 -3.499999999999997558e-01 3.280756329667021132e-01
-4.999999999999971134e-02 -2.499999999999997780e-01 1.467927064452055008e+00
-4.999999999999971134e-02 -1.499999999999998002e-01 2.156613291426351164e+00
-4.999999999999971134e-02 -4.999999999999982236e-02 2.647257251289111046e+00
-4.999999999999971134e-02 5.000000000000015543e-02 3.354008038770856182e+00
-4.999999999999971134e-02 1.500000000000002442e-01 1.754016705575397239e+00
-4.999999999999971134e-02 2.500000000000003331e-01 1.048819664370463700e+00
-4.999999999999971134e-02 3.500000000000001998e-01 3.498502216773596851e-01
-4.999999999999971134e-02 4.500000000000002887e-01 9.734268594219376292e-01
-4.999999999999971134e-02 5.500000000000001554e-01 8.887495795146552746e-01
-4.999999999999971134e-02 6.500000000000002442e-01 2.117749745653120907e+00
-4.999999999999971134e-02 7.500000000000003331e-01 1.028013713854230904e+00
-4.999999999999971134e-02 8.500000000000001998e-01 5.985906605089272858e-01
-4.999999999999971134e-02 9.500000000000002887e-01 1.023978847260472030e-01
5.000000000000026645e-02 -9.499999999999998446e-01 1.326409350289506905e-01
5.000000000000026645e-02 -8.499999999999998668e-01 1.054851855087342472e+00
5.000000000000026645e-02 -7.499999999999997780e-01 1.115021827928345921e+00
5.000000000000026645e-02 -6.499999999999998002e-01 2.169181875987780117e+00
5.000000000000026645e-02 -5.499999999999998224e-01 8.794294953853974972e-01
5.000000000000026645e-02 -4.499999999999998446e-01 1.159658415815649546e+00
5.000000000000026645e-02 -3.499999999999997558e-01 3.137418179476611502e-01
5.000000000000026645e-02 -2.499999999999997780e-01 1.558098161614272836e+00
5.000000000000026645e-02 -1.499999999999998002e-01 2.159068745443800008e+00
5.000000000000026645e-02 -4.999999999999982236e-02 3.230012762524895997e+00
5.000000000000026645e-02 5.000000000000015543e-02 2.945200370017103886e+00
5.000000000000026645e-02 1.500000000000002442e-01 1.890060226613293093e+00
5.000000000000026645e-02 2.500000000000003331e-01 1.092097654767480330e+00
5.000000000000026645e-02 3.500000000000001998e-01 3.477708928791814480e-01
5.000000000000026645e-02 4.500000000000002887e-01 9.038859885237979785e-01
5.000000000000026645e-02 5.500000000000001554e-01 7.732289191421930497e-01
5.000000000000026645e-02 6.500000000000002442e-01 2.071607742398033913e+00
5.000000000000026645e-02 7.500000000000003331e-01 1.008773280384337889e+00
5.000000000000026645e-02 8.500000000000001998e-01 6.258944215829614910e-01
5.000000000000026645e-02 9.500000000000002887e-01 9.883304332157342997e-02
1.500000000000003553e-01 -9.499999999999998446e-01 1.441654622357562698e-01
1.500000000000003553e-01 -8.499999999999998668e-01 6.856100208443237642e-01
1.500000000000003553e-01 -7.499999999999997780e-01 5.562715849213520913e-01
1.500000000000003553e-01 -6.499999999999998002e-01 1.189352846147254450e+00
1.500000000000003553e-01 -5.499999999999998224e-01 1.685647016504331575e+00
1.500000000000003553e-01 -4.499999999999998446e-01 3.211043089056249134e-01
1.500000000000003553e-01 -3.499999999999997558e-01 2.083978507638580002e-01
1.500000000000003553e-01 -2.499999999999997780e-01 9.264349668696858497e-01
1.500000000000003553e-01 -1.499999999999998002e-01 1.877557273950194672e+00
1.500000000000003553e-01 -4.999999999999982236e-02 2.120021184628166022e+00
1.500000000000003553e-01 5.000000000000015543e-02 1.602272370265828139e+00
1.500000000000003553e-01 1.500000000000002442e-01 2.049355896379523756e+00
1.500000000000003553e-01 2.500000000000003331e-01 4.210256153185876760e-01
1.500000000000003553e-01 3.500000000000001998e-01 1.812660410302077141e-01
1.500000000000003553e-01 4.500000000000002887e-01 3.322659962802659295e-01
1.500000000000003553e-01 5.500000000000001554e-01 1.383119256048981338e+00
1.500000000000003553e-01 6.500000000000002442e-01 1.248942571204856966e+00
1.500000000000003553e-01 7.500000000000003331e-01 5.018162696178058990e-01
1.500000000000003553e-01 8.500000000000001998e-01 5.414237729598920801e-01
1.500000000000003553e-01 9.500000000000002887e-01 1.202632358365453846e-01
2.500000000000004441e-01 -9.499999999999998446e-01 2.301598917867388738e-01
2.500000000000004441e-01 -8.499999999999998668e-01 8.236117942365447364e-01
2.500000000000004441e-01 -7.499999999999997780e-01 1.198413260500827304e+00
2.500000000000004441e-01 -6.499999999999998002e-01 7.427453181175387442e-01
2.500000000000004441e-01 -5.499999999999998224e-01 1.427389343954596213e-01
2.500000000000004441e-01 -4.499999999999998446e-01 9.133296030205267924e-02
2.500000000000004441e-01 -3.499999999999997558e-01 1.464081903016614394e-01
2.500000000000004441e-01 -2.499999999999997780e-01 2.592530769319973949e-01
2.500000000000004441e-01 -1.499999999999998002e-01 4.565796345883315621e-01
2.500000000000004441e-01 -4.999999999999982236e-02 1.534547304335963647e+00
2.500000000000004441e-01 5.000000000000015543e-02 1.411215502127184163e+00
2.500000000000004441e-01 1.500000000000002442e-01 4.518481973391688666e-01
2.500000000000004441e-01 2.500000000000003331e-01 2.424004676631631716e-01
2.500000000000004441e-01 3.500000000000001998e-01 1.246289824847390953e-01
2.500000000000004441e-01 4.500000000000002887e-01 8.756965985383310946e-02
2.500000000000004441e-01 5.500000000000001554e-01 1.550177842034017039e-01
2.500000000000004441e-01 6.500000000000002442e-01 7.001608891874885332e-01
2.500000000000004441e-01 7.500000000000003331e-01 1.014187478658310937e+00
2.500000000000004441e-01 8.500000000000001998e-01 3.596477728894058035e-01
2.500000000000004441e-01 9.500000000000002887e-01 2.281558618527264326e-01
3.500000000000003109e-01 -9.499999999999998446e-01 1.885360690569821696e+00
3.500000000000003109e-01 -8.499999999999998668e-01 5.597475558316726829e-01
3.500000000000003109e-01 -7.499999999999997780e-01 2.790252942479142795e-01
3.500000000000003109e-01 -6.499999999999998002e-01 1.326408166615123396e-01
3.500000000000003109e-01 -5.499999999999998224e-01 9.679275287991162546e-02
3.500000000000003109e-01 -4.499999999999998446e-01 1.751435784401108586e-01
3.500000000000003109e-01 -3.499999999999997558e-01 1.005799387213163643e+00
3.500000000000003109e-01 -2.499999999999997780e-01 1.026112937862999619e+00
3.500000000000003109e-01 -1.499999999999998002e-01 6.330543293050395759e-01
3.500000000000003109e-01 -4.999999999999982236e-02 1.952149468650918596e-01
3.500000000000003109e-01 5.000000000000015543e-02 2.086825410863736019e-01
3.500000000000003109e-01 1.500000000000002442e-01 1.049783644386484749e+00
3.500000000000003109e-01 2.500000000000003331e-01 1.263801604631028974e+00
3.500000000000003109e-01 3.500000000000001998e-01 9.845400050938997172e-01
3.500000000000003109e-01 4.500000000000002887e-01 1.654214237825174794e-01
3.500000000000003109e-01 5.500000000000001554e-01 9.786697509516038840e-02
3.500000000000003109e-01 6.500000000000002442e-01 1.412288194979440803e-01
3.500000000000003109e-01 7.500000000000003331e-01 3.168677547267169103e-01
3.500000000000003109e-01 8.500000000000001998e-01 6.972443401934181884e-01
3.500000000000003109e-01 9.500000000000002887e-01 2.148983227249993799e+00
4.500000000000003997e-01 -9.499999999999998446e-01 1.404500855436763951e+00
4.500000000000003997e-01 -8.499999999999998668e-01 1.774740413461154631e+00
4.500000000000003997e-01 -7.499999999999997780e-01 9.483116900215790013e-01
4.500000000000003997e-01 -6.499999999999998002e-01 2.052961125987237678e-01
4.500000000000003997e-01 -5.499999999999998224e-01 6.588838599663811024e-01
4.500000000000003997e-01 -4.499999999999998446e-01 1.068411095382630016e+00
4.500000000000003997e-01 -3.499999999999997558e-01 8.777925845930908411e-01
4.500000000000003997e-01 -2.499999999999997780e-01 4.559910531798228583e-01
4.500000000000003997e-01 -1.499999999999998002e-01 5.436270362888500074e-01
4.500000000000003997e-01 -4.999999999999982236e-02 1.184090077143120923e-01
4.500000000000003997e-01 5.000000000000015543e-02 1.479100405858983780e-01
4.500000000000003997e-01 1.500000000000002442e-01 5.927137997450276918e-01
4.500000000000003997e-01 2.500000000000003331e-01 5.040279258833448850e-01
4.500000000000003997e-01 3.500000000000001998e-01 1.416376616348870021e+00
4.500000000000003997e-01 4.500000000000002887e-01 1.341432827738359368e+00
4.500000000000003997e-01 5.500000000000001554e-01 3.610480092406662123e-01
4.500000000000003997e-01 6.500000000000002442e-01 2.253881918999955936e-01
4.500000000000003997e-01 7.500000000000003331e-01 1.407995380027458721e+00
4.500000000000003997e-01 8.500000000000001998e-01 1.411103150119929817e+00
4.500000000000003997e-01 9.500000000000002887e-01 1.646876575368662277e+00
5.500000000000002665e-01 -9.499999999999998446e-01 4.749359129900955878e+00
5.500000000000002665e-01 -8.499999999999998668e-01 2.233324745677812029e+00
5.500000000000002665e-01 -7.499999999999997780e-01 8.073927920932778557e-01
5.500000000000002665e-01 -6.499999999999998002e-01 5.426847261652724130e-01
5.500000000000002665e-01 -5.499999999999998224e-01 7.827671835712033399e-01
5.500000000000002665e-01 -4.499999999999998446e-01 6.515041554276864710e-01
5.500000000000002665e-01 -3.499999999999997558e-01 2.079454899654743283e+00
5.500000000000002665e-01 -2.499999999999997780e-01 1.229235733250592322e+00
5.500000000000002665e-01 -1.499999999999998002e-01 1.033155932167566071e+00
5.500000000000002665e-01 -4.999999999999982236e-02 1.007085117939538060e-01
5.500000000000002665e-01 5.000000000000015543e-02 1.331198874125691101e-01
5.500000000000002665e-01 1.500000000000002442e-01 1.666333399929121661e+00
5.500000000000002665e-01 2.500000000000003331e-01 2.036784082474527580e+00
5.500000000000002665e-01 3.500000000000001998e-01 2.040997736271342511e+00
5.500000000000002665e-01 4.500000000000002887e-01 7.156847204241199023e-01
5.500000000000002665e-01 5.500000000000001554e-01 8.215381788617565073e-01
5.500000000000002665e-01 6.500000000000002442e-01 3.501504339352486950e-01
5.500000000000002665e-01 7.500000000000003331e-01 1.220624464170291246e+00
5.500000000000002665e-01 8.500000000000001998e-01 2.728886388338277236e+00
5.500000000000002665e-01 9.500000000000002887e-01 6.190943761634660092e+00
6.500000000000003553e-01 -9.499999999999998446e-01 2.669244213088026285e+00
6.500000000000003553e-01 -8.499999999999998668e-01 1.723311609525191468e+00
6.500000000000003553e-01 -7.499999999999997780e-01 7.100211102045600464e-01
6.500000000000003553e-01 -6.499999999999998002e-01 4.219379881711769475e-01
6.500000000000003553e-01 -5.499999999999998224e-01 1.071550564936905925e+00
6.500000000000003553e-01 -4.499999999999998446e-01 7.676023144882790916e-01
6.500000000000003553e-01 -3.499999999999997558e-01 1.514417827077121137e+00
6.500000000000003553e-01 -2.499999999999997780e-01 6.707814832204958000e-01
6.500000000000003553e-01 -1.499999999999998002e-01 6.089958752280747456e-01
6.500000000000003553e-01 -4.999999999999982236e-02 1.032089952809196742e-01
6.500000000000003553e-01 5.000000000000015543e-02 1.351896667779146077e-01
6.500000000000003553e-01 1.500000000000002442e-01 7.004700295256626186e-01
6.500000000000003553e-01 2.500000000000003331e-01 7.634036720418893029e-01
6.500000000000003553e-01 3.500000000000001998e-01 2.165084110282048613e+00
6.500000000000003553e-01 4.500000000000002887e-01 9.993617454984743409e-01
6.500000000000003553e-01 5.500000000000001554e-01 1.077230765313615057e+00
6.500000000000003553e-01 6.500000000000002442e-01 2.920298719640337937e-01
6.500000000000003553e-01 7.500000000000003331e-01 1.457391947713027935e+00
6.500000000000003553e-01 8.500000000000001998e-01 1.567727319867652902e+00
6.500000000000003553e-01 9.500000000000002887e-01 2.146582174314327407e+00
7.500000000000004441e-01 -9.499999999999998446e-01 1.915337556154119936e+00
7.500000000000004441e-01 -8.499999999999998668e-01 2.557718852570909362e+00
7.500000000000004441e-01 -7.499999999999997780e-01 3.416433215180488814e-01
7.500000000000004441e-01 -6.499999999999998002e-01 1.374069065842741244e-01
7.500000000000004441e-01 -5.499999999999998224e-01 1.898262135988906252e-01
7.500000000000004441e-01 -4.499999999999998446e-01 1.269504523318368161e+00
7.500000000000004441e-01 -3.499999999999997558e-01 1.129140412546184136e+00
7.500000000000004441e-01 -2.499999999999997780e-01 4.597983169986552543e-01
7.500000000000004441e-01 -1.499999999999998002e-01 6.991740294469854788e-01
7.500000000000004441e-01 -4.999999999999982236e-02 1.337150230075244972e-01
7.500000000000004441e-01 5.000000000000015543e-02 1.514371785752085253e-01
7.500000000000004441e-01 1.500000000000002442e-01 8.716042433885167195e-01
7.500000000000004441e-01 2.500000000000003331e-01 7.598524787031660788e-01
7.500000000000004441e-01 3.500000000000001998e-01 1.086357938929563671e+00
7.500000000000004441e-01 4.500000000000002887e-01 1.035484326162649626e+00
7.500000000000004441e-01 5.500000000000001554e-01 2.061785770745091784e-01
7.500000000000004441e-01 6.500000000000002442e-01 1.585287442526031598e-01
7.500000000000004441e-01 7.500000000000003331e-01 4.552729835494750965e-01
7.500000000000004441e-01 8.500000000000001998e-01 2.578770652253987272e+00
7.500000000000004441e-01 9.500000000000002887e-01 2.376226177470031065e+00
8.500000000000003109e-01 -9.499999999999998446e-01 6.785562573218368865e-01
8.500000000000003109e-01 -8.499999999999998668e-01 3.698002364340792769e-01
8.500000000000003109e-01 -7.499999999999997780e-01 2.721417645838297150e-01
8.500000000000003109e-01 -6.499999999999998002e-01 1.480446358489362901e-01
8.500000000000003109e-01 -5.499999999999998224e-01 8.288614206757134728e-02
8.500000000000003109e-01 -4.499999999999998446e-01 1.212179584354733386e-01
8.500000000000003109e-01 -3.499999999999997558e-01 2.935218648285548571e-01
8.500000000000003109e-01 -2.499999999999997780e-01 5.415705201538625335e-01
8.500000000000003109e-01 -1.499999999999998002e-01 3.052753528624475576e-01
8.500000000000003109e-01 -4.999999999999982236e-02 2.901214466066405762e-01
8.500000000000003109e-01 5.000000000000015543e-02 2.764151739764160731e-01
8.500000000000003109e-01 1.500000000000002442e-01 3.494587577406171874e-01
8.500000000000003109e-01 2.500000000000003331e-01 5.498067889335476188e-01
8.500000000000003109e-01 3.500000000000001998e-01 3.260860085878300452e-01
8.500000000000003109e-01 4.500000000000002887e-01 1.105746463295279036e-01
8.500000000000003109e-01 5.500000000000001554e-01 8.609280867782972968e-02
8.500000000000003109e-01 6.500000000000002442e-01 1.698281346086660537e-01
8.500000000000003109e-01 7.500000000000003331e-01 2.859819117361093177e-01
8.500000000000003109e-01 8.500000000000001998e-01 3.641115934410035782e-01
8.500000000000003109e-01 9.500000000000002887e-01 8.532903485640005448e-01
9.500000000000003997e-01 -9.499999999999998446e-01 1.858708655590120551e-01
9.500000000000003997e-01 -8.499999999999998668e-01 8.329341516162503956e-01
9.500000000000003997e-01 -7.499999999999997780e-01 1.001992131788579155e+00
9.500000000000003997e-01 -6.499999999999998002e-01 1.367610683286526241e+00
9.500000000000003997e-01 -5.499999999999998224e-01 4.082378748540514413e-01
9.500000000000003997e-01 -4.499999999999998446e-01 1.119784545632625944e-01
9.500000000000003997e-01 -3.499999999999997558e-01 1.451041322088333363e-01
9.500000000000003997e-01 -2.499999999999997780e-01 4.200068873051643337e-01
9.500000000000003997e-01 -1.499999999999998002e-01 2.395508878368346917e+00
9.500000000000003997e-01 -4.999999999999982236e-02 2.460551961240689423e+00
9.500000000000003997e-01 5.000000000000015543e-02 2.323714653256090834e+00
9.500000000000003997e-01 1.500000000000002442e-01 1.595660319397592231e+00
9.500000000000003997e-01 2.500000000000003331e-01 3.031047559342612829e-01
9.500000000000003997e-01 3.500000000000001998e-01 1.353864738268012180e-01
9.500000000000003997e-01 4.500000000000002887e-01 1.225773095175160116e-01
9.500000000000003997e-01 5.500000000000001554e-01 4.183882410769781401e-01
9.500000000000003997e-01 6.500000000000002442e-01 1.426485484413002824e+00
9.500000000000003997e-01 7.500000000000003331e-01 1.119393117070888399e+00
9.500000000000003997e-01 8.500000000000001998e-01 6.746264937444695908e-01
9.500000000000003997e-01 9.500000000000002887e-01 1.656758924814609735e-01
