-9.499999999999997335e-01 -9.499999999999998446e-01 9.940004213141176437e-02
-9.499999999999997335e-01 -8.499999999999998668e-01 2.519238678925510566e-01
-9.499999999999997335e-01 -7.499999999999997780e-01 9.064880914428541381e-01
-9.499999999999997335e-01 -6.499999999999998002e-01 3.769313717999042135e-01
-9.499999999999997335e-01 -5.499999999999998224e-01 1.007780650553646296e-01
-9.499999999999997335e-01 -4.499999999999998446e-01 6.347367993184221957e-02
-9.499999999999997335e-01 -3.499999999999997558e-01 7.580891888034572978e-02
-9.499999999999997335e-01 -2.499999999999997780e-01 1.516932110889991914e-01
-9.499999999999997335e-01 -1.499999999999998002e-01 3.712439321846108808e-01
-9.499999999999997335e-01 -4.999999999999982236e-02 1.697492655041644705e+00
-9.499999999999997335e-01 5.000000000000015543e-02 1.222028360184353124e+00
-9.499999999999997335e-01 1.500000000000002442e-01 3.026695521520790799e-01
-9.499999999999997335e-01 2.500000000000003331e-01 1.299075764712399050e-01
-9.499999999999997335e-01 3.500000000000001998e-01 6.776906070793946302e-02
-9.499999999999997335e-01 4.500000000000002887e-01 6.105188450174568043e-02
-9.499999999999997335e-01 5.500000000000001554e-01 1.100060406844476646e-01
-9.499999999999997335e-01 6.500000000000002442e-01 7.094374539185047679e-01
-9.499999999999997335e-01 7.500000000000003331e-01 5.981130436494178637e-01
-9.499999999999997335e-01 8.500000000000001998e-01 1.608647167165895286e-01
-9.499999999999997335e-01 9.500000000000002887e-01 9.343013271512963513e-02
-8.499999999999997558e-01 -9.499999999999998446e-01 1.918839727101527004e-01
-8.499999999999997558e-01 -8.499999999999998668e-01 1.579688646482110825e-01
-8.499999999999997558e-01 -7.499999999999997780e-01 1.242898883479383182e-01
-8.499999999999997558e-01 -6.499999999999998002e-01 7.509617006636179481e-02
-8.499999999999997558e-01 -5.499999999999998224e-01 4.977945372807421331e-02
-8.499999999999997558e-01 -4.499999999999998446e-01 5.790731964986672170e-02
-8.499999999999997558e-01 -3.499999999999997558e-01 1.082204047106737621e-01
-8.499999999999997558e-01 -2.499999999999997780e-01 1.479105141300357251e-01
-8.499999999999997558e-01 -1.499999999999998002e-01 1.473703875061560531e-01
-8.499999999999997558e-01 -4.999999999999982236e-02 1.370542121877206532e-01
-8.499999999999997558e-01 5.000000000000015543e-02 1.408061392013282564e-01
-8.499999999999997558e-01 1.500000000000002442e-01 1.548249060964724255e-01
-8.499999999999997558e-01 2.500000000000003331e-01 1.545965146423687597e-01
-8.499999999999997558e-01 3.500000000000001998e-01 9.983353126007872558e-02
-8.499999999999997558e-01 4.500000000000002887e-01 5.660254250138286453e-02
-8.499999999999997558e-01 5.500000000000001554e-01 4.926889566576186930e-02
-8.499999999999997558e-01 6.500000000000002442e-01 7.794574360767915489e-02
-8.499999999999997558e-01 7.500000000000003331e-01 1.247885717671052414e-01
-8.499999999999997558e-01 8.500000000000001998e-01 1.586696355378662826e-01
-8.499999999999997558e-01 9.500000000000002887e-01 1.965801026483260106e-01
-7.499999999999997780e-01 -9.499999999999998446e-01 1.754771323408873318e+00
-7.499999999999997780e-01 -8.499999999999998668e-01 6.481885221529615215e-01
-7.499999999999997780e-01 -7.499999999999997780e-01 1.323170951764377212e-01
-7.499999999999997780e-01 -6.499999999999998002e-01 7.261103837283734708e-02
-7.499999999999997780e-01 -5.499999999999998224e-01 8.748373317545768413e-02
-7.499999999999997780e-01 -4.499999999999998446e-01 3.712463563120748655e-01
-7.499999999999997780e-01 -3.499999999999997558e-01 1.314667957399790810e+00
-7.499999999999997780e-01 -2.499999999999997780e-01 7.690105556786700491e-01
-7.499999999999997780e-01 -1.499999999999998002e-01 3.326316391381604065e-01
-7.499999999999997780e-01 -4.999999999999982236e-02 7.967868814917958287e-02
-7.499999999999997780e-01 5.000000000000015543e-02 9.196816086372493204e-02
-7.499999999999997780e-01 1.500000000000002442e-01 5.440868613603274673e-01
-7.499999999999997780e-01 2.500000000000003331e-01 8.683359222224282803e-01
-7.499999999999997780e-01 3.500000000000001998e-01 1.337027364503057258e+00
-7.499999999999997780e-01 4.500000000000002887e-01 2.922854090680598871e-01
-7.499999999999997780e-01 5.500000000000001554e-01 7.765858709294522211e-02
-7.499999999999997780e-01 6.500000000000002442e-01 7.698891263699367271e-02
-7.499999999999997780e-01 7.500000000000003331e-01 1.494545783515967285e-01
-7.499999999999997780e-01 8.500000000000001998e-01 8.731590836429894420e-01
-7.499999999999997780e-01 9.500000000000002887e-01 1.952855952973346243e+00
-6.499999999999996891e-01 -9.499999999999998446e-01 3.108006918771622829e+00
-6.499999999999996891e-01 -8.499999999999998668e-01 2.337938746324772499e+00
-6.499999999999996891e-01 -7.499999999999997780e-01 2.243987912095063708e-01
-6.499999999999996891e-01 -6.499999999999998002e-01 1.357808885044040625e-01
-6.499999999999996891e-01 -5.499999999999998224e-01 6.033207829057793958e-01
-6.499999999999996891e-01 -4.499999999999998446e-01 1.025760540210484573e+00
-6.499999999999996891e-01 -3.499999999999997558e-01 1.717039610250705284e+00
-6.499999999999996891e-01 -2.499999999999997780e-01 1.252804484988464973e+00
-6.499999999999996891e-01 -1.499999999999998002e-01 9.669157567192021574e-01
-6.499999999999996891e-01 -4.999999999999982236e-02 6.406237883980808734e-02
-6.499999999999996891e-01 5.000000000000015543e-02 7.472446723713817296e-02
-6.499999999999996891e-01 1.500000000000002442e-01 1.601995858178531185e+00
-6.499999999999996891e-01 2.500000000000003331e-01 1.167297883102504263e+00
-6.499999999999996891e-01 3.500000000000001998e-01 1.938728349135882434e+00
-6.499999999999996891e-01 4.500000000000002887e-01 1.192075026746584721e+00
-6.499999999999996891e-01 5.500000000000001554e-01 3.283678966352225337e-01
-6.499999999999996891e-01 6.500000000000002442e-01 1.322209150430346258e-01
-6.499999999999996891e-01 7.500000000000003331e-01 4.303338160258154965e-01
-6.499999999999996891e-01 8.500000000000001998e-01 2.570641069093489772e+00
-6.499999999999996891e-01 9.500000000000002887e-01 2.869733712681940219e+00
-5.499999999999997113e-01 -9.499999999999998446e-01 3.386668191279000872e+00
-5.499999999999997113e-01 -8.499999999999998668e-01 1.748966522302436877e+00
-5.499999999999997113e-01 -7.499999999999997780e-01 5.697451098936140435e-01
-5.499999999999997113e-01 -6.499999999999998002e-01 1.573119789394917811e-01
-5.499999999999997113e-01 -5.499999999999998224e-01 8.312378893680252290e-01
-5.499999999999997113e-01 -4.499999999999998446e-01 8.557730676421840821e-01
-5.499999999999997113e-01 -3.499999999999997558e-01 3.237811341140414800e+00
-5.499999999999997113e-01 -2.499999999999997780e-01 1.019661969621633357e+00
-5.499999999999997113e-01 -1.499999999999998002e-01 1.483084903648273611e+00
-5.499999999999997113e-01 -4.999999999999982236e-02 6.091798213384986421e-02
-5.499999999999997113e-01 5.000000000000015543e-02 7.242822273012027023e-02
-5.499999999999997113e-01 1.500000000000002442e-01 1.879002786142118353e+00
-5.499999999999997113e-01 2.500000000000003331e-01 1.643843666095789358e+00
-5.499999999999997113e-01 3.500000000000001998e-01 3.239977096081200880e+00
-5.499999999999997113e-01 4.500000000000002887e-01 1.054720260491412764e+00
-5.499999999999997113e-01 5.500000000000001554e-01 5.926460485800267852e-01
-5.499999999999997113e-01 6.500000000000002442e-01 1.564630775953392561e-01
-5.499999999999997113e-01 7.500000000000003331e-01 1.031922108786504255e+00
-5.499999999999997113e-01 8.500000000000001998e-01 2.116525223904911268e+00
-5.499999999999997113e-01 9.500000000000002887e-01 4.762329996231779106e+00
-4.499999999999997335e-01 -9.499999999999998446e-01 2.727419012842721369e+00
-4.499999999999997335e-01 -8.499999999999998668e-01 1.743725868460815231e+00
-4.499999999999997335e-01 -7.499999999999997780e-01 1.924303369213182235e-01
-4.499999999999997335e-01 -6.499999999999998002e-01 9.716703827858232112e-02
-4.499999999999997335e-01 -5.499999999999998224e-01 1.592141113514091433e-01
-4.499999999999997335e-01 -4.499999999999998446e-01 1.145910839728831565e+00
-4.499999999999997335e-01 -3.499999999999997558e-01 8.499478768783089722e-01
-4.499999999999997335e-01 -2.499999999999997780e-01 1.161494025240715544e+00
-4.499999999999997335e-01 -1.499999999999998002e-01 3.759039547787140223e-01
-4.499999999999997335e-01 -4.999999999999982236e-02 6.938422444452380100e-02
-4.499999999999997335e-01 5.000000000000015543e-02 8.410694099502526166e-02
-4.499999999999997335e-01 1.500000000000002442e-01 7.299945736656534567e-01
-4.499999999999997335e-01 2.500000000000003331e-01 1.179650860921469979e+00
-4.499999999999997335e-01 3.500000000000001998e-01 1.182540051140203774e+00
-4.499999999999997335e-01 4.500000000000002887e-01 8.804106878871812425e-01
-4.499999999999997335e-01 5.500000000000001554e-01 1.202566570620078601e-01
-4.499999999999997335e-01 6.500000000000002442e-01 1.075478714443686562e-01
-4.499999999999997335e-01 7.500000000000003331e-01 3.329647506109209565e-01
-4.499999999999997335e-01 8.500000000000001998e-01 2.283925419076281660e+00
-4.499999999999997335e-01 9.500000000000002887e-01 2.116194557855948233e+00
-3.499999999999996447e-01 -9.499999999999998446e-01 3.564926856578519154e-01
-3.499999999999996447e-01 -8.499999999999998668e-01 1.855096920343057287e-01
-3.499999999999996447e-01 -7.499999999999997780e-01 1.242777880661213308e-01
-3.499999999999996447e-01 -6.499999999999998002e-01 6.666008954797557340e-02
-3.499999999999996447e-01 -5.499999999999998224e-01 5.392448618542056149e-02
-3.499999999999996447e-01 -4.499999999999998446e-01 8.458245763517550919e-02
-3.499999999999996447e-01 -3.499999999999997558e-01 2.348043781108083705e-01
-3.499999999999996447e-01 -2.499999999999997780e-01 2.732095862434573696e-01
-3.499999999999996447e-01 -1.499999999999998002e-01 1.489274037216971880e-01
-3.499999999999996447e-01 -4.999999999999982236e-02 1.050591872441091201e-01
-3.499999999999996447e-01 5.000000000000015543e-02 1.121430267380039147e-01
-3.499999999999996447e-01 1.500000000000002442e-01 1.849766161659654740e-01
-3.499999999999996447e-01 2.500000000000003331e-01 4.382854951408569621e-01
-3.499999999999996447e-01 3.500000000000001998e-01 2.329063994292095707e-01
-3.499999999999996447e-01 4.500000000000002887e-01 7.357924271349321199e-02
-3.499999999999996447e-01 5.500000000000001554e-01 5.677669606044823819e-02
-3.499999999999996447e-01 6.500000000000002442e-01 7.536205640865398236e-02
-3.499999999999996447e-01 7.500000000000003331e-01 1.352795977778787628e-01
-3.499999999999996447e-01 8.500000000000001998e-01 2.061807484937082380e-01
-3.499999999999996447e-01 9.500000000000002887e-01 4.493598898579632128e-01
-2.499999999999996669e-01 -9.499999999999998446e-01 1.247362705797169791e-01
-2.499999999999996669e-01 -8.499999999999998668e-01 1.742211293842474140e-01
-2.499999999999996669e-01 -7.499999999999997780e-01 2.263023795537962846e-01
-2.499999999999996669e-01 -6.499999999999998002e-01 1.207637484886834034e-01
-2.499999999999996669e-01 -5.499999999999998224e-01 6.423713811910013172e-02
-2.499999999999996669e-01 -4.499999999999998446e-01 4.961252359561468817e-02
-2.499999999999996669e-01 -3.499999999999997558e-01 7.184738324163326972e-02
-2.499999999999996669e-01 -2.499999999999997780e-01 1.223431213329610051e-01
-2.499999999999996669e-01 -1.499999999999998002e-01 1.752442179086149132e-01
-2.499999999999996669e-01 -4.999999999999982236e-02 2.622781748466733731e-01
-2.499999999999996669e-01 5.000000000000015543e-02 2.477055724337307585e-01
-2.499999999999996669e-01 1.500000000000002442e-01 1.692006449289749082e-01
-2.499999999999996669e-01 2.500000000000003331e-01 1.165225543205434949e-01
-2.499999999999996669e-01 3.500000000000001998e-01 6.838943841621339392e-02
-2.499999999999996669e-01 4.500000000000002887e-01 4.999503062358909289e-02
-2.499999999999996669e-01 5.500000000000001554e-01 6.515685681964464293e-02
-2.499999999999996669e-01 6.500000000000002442e-01 1.416586225943988753e-01
-2.499999999999996669e-01 7.500000000000003331e-01 2.179972104672262823e-01
-2.499999999999996669e-01 8.500000000000001998e-01 1.499856190175794801e-01
-2.499999999999996669e-01 9.500000000000002887e-01 1.171419726751643797e-01
-1.499999999999996891e-01 -9.499999999999998446e-01 8.796142284994507010e-02
-1.499999999999996891e-01 -8.499999999999998668e-01 6.320774989626783968e-01
-1.499999999999996891e-01 -7.499999999999997780e-01 9.084571545248651958e-01
-1.499999999999996891e-01 -6.499999999999998002e-01 1.273684472296446213e+00
-1.499999999999996891e-01 -5.499999999999998224e-01 5.596237411717307486e-01
-1.499999999999996891e-01 -4.499999999999998446e-01 1.011317764771552247e-01
-1.499999999999996891e-01 -3.499999999999997558e-01 9.565881133116183044e-02
-1.499999999999996891e-01 -2.499999999999997780e-01 1.754267455933754549e-01
-1.499999999999996891e-01 -1.499999999999998002e-01 1.426345118127785083e+00
-1.499999999999996891e-01 -4.999999999999982236e-02 2.421168098607035635e+00
-1.499999999999996891e-01 5.000000000000015543e-02 1.908119444407777587e+00
-1.499999999999996891e-01 1.500000000000002442e-01 1.040463468515832712e+00
-1.499999999999996891e-01 2.500000000000003331e-01 1.425794251524351575e-01
-1.499999999999996891e-01 3.500000000000001998e-01 8.864896876984482144e-02
-1.499999999999996891e-01 4.500000000000002887e-01 1.095872300002103394e-01
-1.499999999999996891e-01 5.500000000000001554e-01 6.348626684356155625e-01
-1.499999999999996891e-01 6.500000000000002442e-01 1.350131356240652947e+00
-1.499999999999996891e-01 7.500000000000003331e-01 6.469903387430737673e-01
-1.499999999999996891e-01 8.500000000000001998e-01 3.497268828087279346e-01
-1.499999999999996891e-01 9.500000000000002887e-01 7.545130346397987964e-02
-4.999999999999971134e-02 -9.499999999999998446e-01 7.444392852238009006e-02
-4.999999999999971134e-02 -8.499999999999998668e-01 1.476672602775150445e+00
-4.999999999999971134e-02 -7.499999999999997780e-01 1.257669455168178407e+00
-4.999999999999971134e-02 -6.499999999999998002e-01 1.787958108594986495e+00
-4.999999999999971134e-02 -5.499999999999998224e-01 1.069271673977198356e+00
-4.999999999999971134e-02 -4.499999999999998446e-01 4.233820878729360748e-01
-4.999999999999971134e-02 -3.499999999999997558e-01 1.522719456082967104e-01
-4.999999999999971134e-02 -2.499999999999997780e-01 1.201344159337508488e+00
-4.999999999999971134e-02 -1.499999999999998002e-01 2.486276083323204045e+00
-4.999999999999971134e-02 -4.999999999999982236e-02 3.125892485461944315e+00
-4.999999999999971134e-02 5.000000000000015543e-02 3.226273447984981502e+00
-4.999999999999971134e-02 1.500000000000002442e-01 2.644714336049796000e+00
-4.999999999999971134e-02 2.500000000000003331e-01 3.573463446750128614e-01
-4.999999999999971134e-02 3.500000000000001998e-01 1.494893362928889358e-01
-4.999999999999971134e-02 4.500000000000002887e-01 7.835690378615001173e-01
-4.999999999999971134e-02 5.500000000000001554e-01 8.207358444771108985e-01
-4.999999999999971134e-02 6.500000000000002442e-01 2.097321330636863657e+00
-4.999999999999971134e-02 7.500000000000003331e-01 9.847901906223003321e-01
-4.999999999999971134e-02 8.500000000000001998e-01 1.287155111682406927e+00
-4.999999999999971134e-02 9.500000000000002887e-01 6.488116383516898122e-02
5.000000000000026645e-02 -9.499999999999998446e-01 7.108314389398186217e-02
5.000000000000026645e-02 -8.499999999999998668e-01 1.192355832697017393e+00
5.000000000000026645e-02 -7.499999999999997780e-01 1.557677955402085201e+00
5.000000000000026645e-02 -6.499999999999998002e-01 2.088793400487324980e+00
5.000000000000026645e-02 -5.499999999999998224e-01 1.182393409592982003e+00
5.000000000000026645e-02 -4.499999999999998446e-01 3.372200142356727159e-01
5.000000000000026645e-02 -3.499999999999997558e-01 1.481789243275371259e-01
5.000000000000026645e-02 -2.499999999999997780e-01 1.150676999926603550e+00
5.000000000000026645e-02 -1.499999999999998002e-01 2.837343164218321334e+00
5.000000000000026645e-02 -4.999999999999982236e-02 3.622846357367345504e+00
5.000000000000026645e-02 5.000000000000015543e-02 2.974570239412654526e+00
5.000000000000026645e-02 1.500000000000002442e-01 2.174216390077328143e+00
5.000000000000026645e-02 2.500000000000003331e-01 4.075276658125518425e-01
5.000000000000026645e-02 3.500000000000001998e-01 1.449153203147733326e-01
5.000000000000026645e-02 4.500000000000002887e-01 6.713053138585477475e-01
5.000000000000026645e-02 5.500000000000001554e-01 8.837100387193388418e-01
5.000000000000026645e-02 6.500000000000002442e-01 2.554566449933019623e+00
5.000000000000026645e-02 7.500000000000003331e-01 8.993539813802704508e-01
5.000000000000026645e-02 8.500000000000001998e-01 1.396532624681709578e+00
5.000000000000026645e-02 9.500000000000002887e-01 6.265561498804267382e-02
1.500000000000003553e-01 -9.499999999999998446e-01 8.821580604088820332e-02
1.500000000000003553e-01 -8.499999999999998668e-01 5.912402271533386822e-01
1.500000000000003553e-01 -7.499999999999997780e-01 9.023401380422340079e-01
1.500000000000003553e-01 -6.499999999999998002e-01 1.233797599941712786e+00
1.500000000000003553e-01 -5.499999999999998224e-01 4.023193875554755272e-01
1.500000000000003553e-01 -4.499999999999998446e-01 1.018055826924421231e-01
1.500000000000003553e-01 -3.499999999999997558e-01 9.698309289824649793e-02
1.500000000000003553e-01 -2.499999999999997780e-01 1.739834139415424030e-01
1.500000000000003553e-01 -1.499999999999998002e-01 1.206402025579702775e+00
1.500000000000003553e-01 -4.999999999999982236e-02 2.115473344477705631e+00
1.500000000000003553e-01 5.000000000000015543e-02 2.149558647887432006e+00
1.500000000000003553e-01 1.500000000000002442e-01 7.640143200010995894e-01
1.500000000000003553e-01 2.500000000000003331e-01 1.337372655103883090e-01
1.500000000000003553e-01 3.500000000000001998e-01 8.738636999016967388e-02
1.500000000000003553e-01 4.500000000000002887e-01 1.069288853483283397e-01
1.500000000000003553e-01 5.500000000000001554e-01 6.582677599728699036e-01
1.500000000000003553e-01 6.500000000000002442e-01 8.736463885943585028e-01
1.500000000000003553e-01 7.500000000000003331e-01 6.945925899063014608e-01
1.500000000000003553e-01 8.500000000000001998e-01 3.093140433976997450e-01
1.500000000000003553e-01 9.500000000000002887e-01 7.422982292519203495e-02
2.500000000000004441e-01 -9.499999999999998446e-01 1.212046973584791354e-01
2.500000000000004441e-01 -8.499999999999998668e-01 1.639436255662043984e-01
2.500000000000004441e-01 -7.499999999999997780e-01 2.407246121820089402e-01
2.500000000000004441e-01 -6.499999999999998002e-01 1.381068530886002954e-01
2.500000000000004441e-01 -5.499999999999998224e-01 6.561378150761972006e-02
2.500000000000004441e-01 -4.499999999999998446e-01 5.139325762115971169e-02
2.500000000000004441e-01 -3.499999999999997558e-01 7.269156508352425661e-02
2.500000000000004441e-01 -2.499999999999997780e-01 1.227089680653725978e-01
2.500000000000004441e-01 -1.499999999999998002e-01 1.797343709096206610e-01
2.500000000000004441e-01 -4.999999999999982236e-02 2.699092319788388705e-01
2.500000000000004441e-01 5.000000000000015543e-02 2.581345882570267869e-01
2.500000000000004441e-01 1.500000000000002442e-01 1.666608708019155227e-01
2.500000000000004441e-01 2.500000000000003331e-01 1.134360572076558715e-01
2.500000000000004441e-01 3.500000000000001998e-01 6.805050622911062996e-02
2.500000000000004441e-01 4.500000000000002887e-01 4.915186327151160189e-02
2.500000000000004441e-01 5.500000000000001554e-01 6.485881230824745713e-02
2.500000000000004441e-01 6.500000000000002442e-01 1.426901021079545473e-01
2.500000000000004441e-01 7.500000000000003331e-01 2.166175396071373105e-01
2.500000000000004441e-01 8.500000000000001998e-01 1.396709119432166524e-01
2.500000000000004441e-01 9.500000000000002887e-01 1.162087166851211023e-01
3.500000000000003109e-01 -9.499999999999998446e-01 3.689128522698434942e-01
3.500000000000003109e-01 -8.499999999999998668e-01 1.933633338001334301e-01
3.500000000000003109e-01 -7.499999999999997780e-01 1.278029273501793961e-01
3.500000000000003109e-01 -6.499999999999998002e-01 6.948703336154830879e-02
3.500000000000003109e-01 -5.499999999999998224e-01 5.476928195280884176e-02
3.500000000000003109e-01 -4.499999999999998446e-01 8.481304700068026392e-02
3.500000000000003109e-01 -3.499999999999997558e-01 2.299739640497065196e-01
3.500000000000003109e-01 -2.499999999999997780e-01 2.882942449211768898e-01
3.500000000000003109e-01 -1.499999999999998002e-01 1.556349470495304588e-01
3.500000000000003109e-01 -4.999999999999982236e-02 1.049006332978192763e-01
3.500000000000003109e-01 5.000000000000015543e-02 1.124135993413715173e-01
3.500000000000003109e-01 1.500000000000002442e-01 1.929883501523780298e-01
3.500000000000003109e-01 2.500000000000003331e-01 3.563719135109104652e-01
3.500000000000003109e-01 3.500000000000001998e-01 1.984729732647826372e-01
3.500000000000003109e-01 4.500000000000002887e-01 7.184193937223898319e-02
3.500000000000003109e-01 5.500000000000001554e-01 5.523963508713326809e-02
3.500000000000003109e-01 6.500000000000002442e-01 7.401338382637351332e-02
3.500000000000003109e-01 7.500000000000003331e-01 1.354635998389699669e-01
3.500000000000003109e-01 8.500000000000001998e-01 2.072781730357561025e-01
3.500000000000003109e-01 9.500000000000002887e-01 4.153001488588126122e-01
4.500000000000003997e-01 -9.499999999999998446e-01 2.153084261788564824e+00
4.500000000000003997e-01 -8.499999999999998668e-01 1.769507806469425404e+00
4.500000000000003997e-01 -7.499999999999997780e-01 2.246039847660237510e-01
4.500000000000003997e-01 -6.499999999999998002e-01 9.911073598030291365e-02
4.500000000000003997e-01 -5.499999999999998224e-01 1.568173490803548842e-01
4.500000000000003997e-01 -4.499999999999998446e-01 1.108874062629366053e+00
4.500000000000003997e-01 -3.499999999999997558e-01 1.249399909593812419e+00
4.500000000000003997e-01 -2.499999999999997780e-01 9.173401413350533717e-01
4.500000000000003997e-01 -1.499999999999998002e-01 5.921228014277520879e-01
4.500000000000003997e-01 -4.999999999999982236e-02 7.269981983169200579e-02
4.500000000000003997e-01 5.000000000000015543e-02 8.514301460567742785e-02
4.500000000000003997e-01 1.500000000000002442e-01 1.080623928766669239e+00
4.500000000000003997e-01 2.500000000000003331e-01 1.165089565887440060e+00
4.500000000000003997e-01 3.500000000000001998e-01 1.186478531110382040e+00
4.500000000000003997e-01 4.500000000000002887e-01 1.026074290441735926e+00
4.500000000000003997e-01 5.500000000000001554e-01 1.365046032658816799e-01
4.500000000000003997e-01 6.500000000000002442e-01 1.068513143539465415e-01
4.500000000000003997e-01 7.500000000000003331e-01 3.241078688192761681e-01
4.500000000000003997e-01 8.500000000000001998e-01 2.148138665402161696e+00
4.500000000000003997e-01 9.500000000000002887e-01 2.834375082143871794e+00
5.500000000000002665e-01 -9.499999999999998446e-01 3.343641295782915801e+00
5.500000000000002665e-01 -8.499999999999998668e-01 1.947772899782225453e+00
5.500000000000002665e-01 -7.499999999999997780e-01 5.948415911553153190e-01
5.500000000000002665e-01 -6.499999999999998002e-01 1.538324114087742944e-01
5.500000000000002665e-01 -5.499999999999998224e-01 1.005027056800381402e+00
5.500000000000002665e-01 -4.499999999999998446e-01 7.875149395278120412e-01
5.500000000000002665e-01 -3.499999999999997558e-01 2.901615093499623210e+00
5.500000000000002665e-01 -2.499999999999997780e-01 1.057131547025830232e+00
5.500000000000002665e-01 -1.499999999999998002e-01 1.200478854686301222e+00
5.500000000000002665e-01 -4.999999999999982236e-02 6.035594082178254161e-02
5.500000000000002665e-01 5.000000000000015543e-02 7.224717759336946044e-02
5.500000000000002665e-01 1.500000000000002442e-01 1.722385971023569828e+00
5.500000000000002665e-01 2.500000000000003331e-01 1.533224767374804287e+00
5.500000000000002665e-01 3.500000000000001998e-01 2.816043904735638037e+00
5.500000000000002665e-01 4.500000000000002887e-01 8.589823096221270715e-01
5.500000000000002665e-01 5.500000000000001554e-01 5.993441004363252445e-01
5.500000000000002665e-01 6.500000000000002442e-01 1.588935881989009258e-01
5.500000000000002665e-01 7.500000000000003331e-01 1.302516822285587406e+00
5.500000000000002665e-01 8.500000000000001998e-01 2.258222882983882407e+00
5.500000000000002665e-01 9.500000000000002887e-01 4.507252563447199378e+00
6.500000000000003553e-01 -9.499999999999998446e-01 3.257754052598677230e+00
6.500000000000003553e-01 -8.499999999999998668e-01 2.549516482532545592e+00
6.500000000000003553e-01 -7.499999999999997780e-01 2.155067495045430437e-01
6.500000000000003553e-01 -6.499999999999998002e-01 1.318715553279079800e-01
6.500000000000003553e-01 -5.499999999999998224e-01 4.515353679749199989e-01
6.500000000000003553e-01 -4.499999999999998446e-01 1.020326348809084127e+00
6.500000000000003553e-01 -3.499999999999997558e-01 1.464602768517867748e+00
6.500000000000003553e-01 -2.499999999999997780e-01 1.025748636581632400e+00
6.500000000000003553e-01 -1.499999999999998002e-01 9.202344541261283650e-01
6.500000000000003553e-01 -4.999999999999982236e-02 6.330069984541061845e-02
6.500000000000003553e-01 5.000000000000015543e-02 7.333352927133467147e-02
6.500000000000003553e-01 1.500000000000002442e-01 1.745660843286504615e+00
6.500000000000003553e-01 2.500000000000003331e-01 1.718572477528142128e+00
6.500000000000003553e-01 3.500000000000001998e-01 1.885129220616849510e+00
6.500000000000003553e-01 4.500000000000002887e-01 1.221585822949499578e+00
6.500000000000003553e-01 5.500000000000001554e-01 3.209585590881415262e-01
6.500000000000003553e-01 6.500000000000002442e-01 1.311419177978249417e-01
6.500000000000003553e-01 7.500000000000003331e-01 4.445872024463373151e-01
6.500000000000003553e-01 8.500000000000001998e-01 2.799343797119057342e+00
6.500000000000003553e-01 9.500000000000002887e-01 2.747836397141719900e+00
7.500000000000004441e-01 -9.499999999999998446e-01 1.782258743062133499e+00
7.500000000000004441e-01 -8.499999999999998668e-01 3.679833412795670555e-01
7.500000000000004441e-01 -7.499999999999997780e-01 1.278426480530550358e-01
7.500000000000004441e-01 -6.499999999999998002e-01 6.975200502918604828e-02
7.500000000000004441e-01 -5.499999999999998224e-01 8.702783259105546787e-02
7.500000000000004441e-01 -4.499999999999998446e-01 3.742289418726529315e-01
7.500000000000004441e-01 -3.499999999999997558e-01 1.138960390778367859e+00
7.500000000000004441e-01 -2.499999999999997780e-01 7.585096102708249743e-01
7.500000000000004441e-01 -1.499999999999998002e-01 2.113057025034544845e-01
7.500000000000004441e-01 -4.999999999999982236e-02 7.813946309485138297e-02
7.500000000000004441e-01 5.000000000000015543e-02 9.033214166595690542e-02
7.500000000000004441e-01 1.500000000000002442e-01 5.114659687636250451e-01
7.500000000000004441e-01 2.500000000000003331e-01 8.507718778172149721e-01
7.500000000000004441e-01 3.500000000000001998e-01 1.580793636471238495e+00
7.500000000000004441e-01 4.500000000000002887e-01 3.317053406561272788e-01
7.500000000000004441e-01 5.500000000000001554e-01 7.849597085692643084e-02
7.500000000000004441e-01 6.500000000000002442e-01 7.747508460282280518e-02
7.500000000000004441e-01 7.500000000000003331e-01 1.504873115935480288e-01
7.500000000000004441e-01 8.500000000000001998e-01 8.927040955103030528e-01
7.500000000000004441e-01 9.500000000000002887e-01 2.084241155754293917e+00
8.500000000000003109e-01 -9.499999999999998446e-01 1.940989291324325683e-01
8.500000000000003109e-01 -8.499999999999998668e-01 1.552615099667738752e-01
8.500000000000003109e-01 -7.499999999999997780e-01 1.218195962199812715e-01
8.500000000000003109e-01 -6.499999999999998002e-01 7.388343666708510615e-02
8.500000000000003109e-01 -5.499999999999998224e-01 4.793498110348994729e-02
8.500000000000003109e-01 -4.499999999999998446e-01 5.824765608876834172e-02
8.500000000000003109e-01 -3.499999999999997558e-01 1.066306651270882561e-01
8.500000000000003109e-01 -2.499999999999997780e-01 1.469828441025178845e-01
8.500000000000003109e-01 -1.499999999999998002e-01 1.413471172637814355e-01
8.500000000000003109e-01 -4.999999999999982236e-02 1.352883889435817222e-01
8.500000000000003109e-01 5.000000000000015543e-02 1.401991547899624768e-01
8.500000000000003109e-01 1.500000000000002442e-01 1.539179376691568180e-01
8.500000000000003109e-01 2.500000000000003331e-01 1.686473718106565045e-01
8.500000000000003109e-01 3.500000000000001998e-01 1.017470489629389574e-01
8.500000000000003109e-01 4.500000000000002887e-01 5.739189789951131687e-02
8.500000000000003109e-01 5.500000000000001554e-01 5.029202779698598025e-02
8.500000000000003109e-01 6.500000000000002442e-01 7.830697656224661074e-02
8.500000000000003109e-01 7.500000000000003331e-01 1.256032667165246086e-01
8.500000000000003109e-01 8.500000000000001998e-01 1.587185729826582348e-01
8.500000000000003109e-01 9.500000000000002887e-01 2.052197794285724186e-01
9.500000000000003997e-01 -9.499999999999998446e-01 1.018383431565162145e-01
9.500000000000003997e-01 -8.499999999999998668e-01 2.550810150305490853e-01
9.500000000000003997e-01 -7.499999999999997780e-01 6.971957042254809389e-01
9.500000000000003997e-01 -6.499999999999998002e-01 3.255094368927480275e-01
9.500000000000003997e-01 -5.499999999999998224e-01 9.857183582049137971e-02
9.500000000000003997e-01 -4.499999999999998446e-01 6.238779323712451835e-02
9.500000000000003997e-01 -3.499999999999997558e-01 7.420405117932230010e-02
9.500000000000003997e-01 -2.499999999999997780e-01 1.504084040897975816e-01
9.500000000000003997e-01 -1.499999999999998002e-01 3.620614997833700444e-01
9.500000000000003997e-01 -4.999999999999982236e-02 1.340654133317180419e+00
9.500000000000003997e-01 5.000000000000015543e-02 1.269818914530999487e+00
9.500000000000003997e-01 1.500000000000002442e-01 3.064553002560446160e-01
9.500000000000003997e-01 2.500000000000003331e-01 1.360809922611896650e-01
9.500000000000003997e-01 3.500000000000001998e-01 6.994899088153107292e-02
9.500000000000003997e-01 4.500000000000002887e-01 6.121204369853218419e-02
9.500000000000003997e-01 5.500000000000001554e-01 1.112304137000346971e-01
9.500000000000003997e-01 6.500000000000002442e-01 6.874227442755891371e-01
9.500000000000003997e-01 7.500000000000003331e-01 8.069240493183434948e-01
9.500000000000003997e-01 8.500000000000001998e-01 1.933698612368956182e-01
9.500000000000003997e-01 9.500000000000002887e-01 9.428691778644678056e-02
