-9.499999999999997335e-01 -9.499999999999998446e-01 5.278080959595193855e-01
-9.499999999999997335e-01 -8.499999999999998668e-01 4.566005274154137372e-01
-9.499999999999997335e-01 -7.499999999999997780e-01 1.197764797326192676e+00
-9.499999999999997335e-01 -6.499999999999998002e-01 1.464851075406310654e+00
-9.499999999999997335e-01 -5.499999999999998224e-01 2.466016579429916700e+00
-9.499999999999997335e-01 -4.499999999999998446e-01 9.130282776862186367e-01
-9.499999999999997335e-01 -3.499999999999997558e-01 5.359409937693032644e-01
-9.499999999999997335e-01 -2.499999999999997780e-01 7.828235736007203016e-01
-9.499999999999997335e-01 -1.499999999999998002e-01 1.393046823283019320e+00
-9.499999999999997335e-01 -4.999999999999982236e-02 1.705742242794262342e+00
-9.499999999999997335e-01 5.000000000000015543e-02 1.817004190413241904e+00
-9.499999999999997335e-01 1.500000000000002442e-01 2.002757259553511471e+00
-9.499999999999997335e-01 2.500000000000003331e-01 5.139733218461428610e-01
-9.499999999999997335e-01 3.500000000000001998e-01 5.022017081167715613e-01
-9.499999999999997335e-01 4.500000000000002887e-01 1.267633004249083761e+00
-9.499999999999997335e-01 5.500000000000001554e-01 3.568764317655045648e+00
-9.499999999999997335e-01 6.500000000000002442e-01 9.197695064690393218e-01
-9.499999999999997335e-01 7.500000000000003331e-01 8.072885937960657676e-01
-9.499999999999997335e-01 8.500000000000001998e-01 5.052517701761989333e-01
-9.499999999999997335e-01 9.500000000000002887e-01 6.304917218884873442e-01
-8.499999999999997558e-01 -9.499999999999998446e-01 7.757056161423628859e-01
-8.499999999999997558e-01 -8.499999999999998668e-01 1.353633731842243115e+00
-8.499999999999997558e-01 -7.499999999999997780e-01 1.378711083809877058e+00
-8.499999999999997558e-01 -6.499999999999998002e-01 1.809713381681774758e+00
-8.499999999999997558e-01 -5.499999999999998224e-01 2.260018204516105023e+00
-8.499999999999997558e-01 -4.499999999999998446e-01 1.551259089022894999e+00
-8.499999999999997558e-01 -3.499999999999997558e-01 7.647658029510331357e-01
-8.499999999999997558e-01 -2.499999999999997780e-01 1.121581287506928648e+00
-8.499999999999997558e-01 -1.499999999999998002e-01 1.265539046726156469e+00
-8.499999999999997558e-01 -4.999999999999982236e-02 6.773732522621980223e-01
-8.499999999999997558e-01 5.000000000000015543e-02 5.088767603548999263e-01
-8.499999999999997558e-01 1.500000000000002442e-01 1.490258107431544854e+00
-8.499999999999997558e-01 2.500000000000003331e-01 1.014597050160228608e+00
-8.499999999999997558e-01 3.500000000000001998e-01 1.281206709373370112e+00
-8.499999999999997558e-01 4.500000000000002887e-01 2.596480550724120206e+00
-8.499999999999997558e-01 5.500000000000001554e-01 1.677708829945560920e+00
-8.499999999999997558e-01 6.500000000000002442e-01 1.499371669968116105e+00
-8.499999999999997558e-01 7.500000000000003331e-01 9.350755259205160153e-01
-8.499999999999997558e-01 8.500000000000001998e-01 1.076765760528980209e+00
-8.499999999999997558e-01 9.500000000000002887e-01 6.731209964321976935e-01
-7.499999999999997780e-01 -9.499999999999998446e-01 2.048407781328469568e+00
-7.499999999999997780e-01 -8.499999999999998668e-01 7.902549220841756927e-01
-7.499999999999997780e-01 -7.499999999999997780e-01 7.213191986871561046e-01
-7.499999999999997780e-01 -6.499999999999998002e-01 5.811592564968012242e-01
-7.499999999999997780e-01 -5.499999999999998224e-01 7.131534740579811293e-01
-7.499999999999997780e-01 -4.499999999999998446e-01 2.634385251566681241e+00
-7.499999999999997780e-01 -3.499999999999997558e-01 5.831817997324143521e-01
-7.499999999999997780e-01 -2.499999999999997780e-01 5.196248375453789148e-01
-7.499999999999997780e-01 -1.499999999999998002e-01 6.631266696282085427e-01
-7.499999999999997780e-01 -4.999999999999982236e-02 6.925604078321767609e-01
-7.499999999999997780e-01 5.000000000000015543e-02 1.196583936642543700e+00
-7.499999999999997780e-01 1.500000000000002442e-01 8.636902820312485352e-01
-7.499999999999997780e-01 2.500000000000003331e-01 4.899809492315611581e-01
-7.499999999999997780e-01 3.500000000000001998e-01 1.137551189598517754e+00
-7.499999999999997780e-01 4.500000000000002887e-01 2.075660012094979301e+00
-7.499999999999997780e-01 5.500000000000001554e-01 6.805334907517597287e-01
-7.499999999999997780e-01 6.500000000000002442e-01 5.225472424822568129e-01
-7.499999999999997780e-01 7.500000000000003331e-01 5.558853297458061782e-01
-7.499999999999997780e-01 8.500000000000001998e-01 8.587528821757637321e-01
-7.499999999999997780e-01 9.500000000000002887e-01 2.128709720338127998e+00
-6.499999999999996891e-01 -9.499999999999998446e-01 2.426370621150264917e+00
-6.499999999999996891e-01 -8.499999999999998668e-01 1.508135761879098036e+00
-6.499999999999996891e-01 -7.499999999999997780e-01 1.010818176702843241e+00
-6.499999999999996891e-01 -6.499999999999998002e-01 8.975604850451696093e-01
-6.499999999999996891e-01 -5.499999999999998224e-01 6.740858135246630134e-01
-6.499999999999996891e-01 -4.499999999999998446e-01 9.495182620498257009e-01
-6.499999999999996891e-01 -3.499999999999997558e-01 1.188018685156723375e+00
-6.499999999999996891e-01 -2.499999999999997780e-01 6.176679408345866484e-01
-6.499999999999996891e-01 -1.499999999999998002e-01 7.734085434175825835e-01
-6.499999999999996891e-01 -4.999999999999982236e-02 1.348983354452324868e+00
-6.499999999999996891e-01 5.000000000000015543e-02 1.397334461166006347e+00
-6.499999999999996891e-01 1.500000000000002442e-01 9.542633258935461216e-01
-6.499999999999996891e-01 2.500000000000003331e-01 1.151569204587485684e+00
-6.499999999999996891e-01 3.500000000000001998e-01 1.816670688321427196e+00
-6.499999999999996891e-01 4.500000000000002887e-01 5.298379148862617516e-01
-6.499999999999996891e-01 5.500000000000001554e-01 4.686739966964402759e-01
-6.499999999999996891e-01 6.500000000000002442e-01 5.471631583604952276e-01
-6.499999999999996891e-01 7.500000000000003331e-01 6.823574702135869474e-01
-6.499999999999996891e-01 8.500000000000001998e-01 9.999993545656750138e-01
-6.499999999999996891e-01 9.500000000000002887e-01 2.574249462995215953e+00
-5.499999999999997113e-01 -9.499999999999998446e-01 3.849107408682661546e+00
-5.499999999999997113e-01 -8.499999999999998668e-01 2.103283710334777901e+00
-5.499999999999997113e-01 -7.499999999999997780e-01 7.181787295836208340e-01
-5.499999999999997113e-01 -6.499999999999998002e-01 5.881601405590319853e-01
-5.499999999999997113e-01 -5.499999999999998224e-01 6.371664145339173135e-01
-5.499999999999997113e-01 -4.499999999999998446e-01 8.026062581169313148e-01
-5.499999999999997113e-01 -3.499999999999997558e-01 7.349096735902991284e-01
-5.499999999999997113e-01 -2.499999999999997780e-01 1.407225805053601286e+00
-5.499999999999997113e-01 -1.499999999999998002e-01 1.647383277087705711e+00
-5.499999999999997113e-01 -4.999999999999982236e-02 2.486239253033005525e+00
-5.499999999999997113e-01 5.000000000000015543e-02 2.266305049641197389e+00
-5.499999999999997113e-01 1.500000000000002442e-01 1.933232383292956769e+00
-5.499999999999997113e-01 2.500000000000003331e-01 1.173356970279701095e+00
-5.499999999999997113e-01 3.500000000000001998e-01 1.254090181905942458e+00
-5.499999999999997113e-01 4.500000000000002887e-01 7.802475429538667795e-01
-5.499999999999997113e-01 5.500000000000001554e-01 4.897038623578456318e-01
-5.499999999999997113e-01 6.500000000000002442e-01 6.222047816727778180e-01
-5.499999999999997113e-01 7.500000000000003331e-01 9.060268471958893288e-01
-5.499999999999997113e-01 8.500000000000001998e-01 1.601179950538446972e+00
-5.499999999999997113e-01 9.500000000000002887e-01 5.680944985429625227e+00
-4.499999999999997335e-01 -9.499999999999998446e-01 2.101419239428374386e+00
-4.499999999999997335e-01 -8.499999999999998668e-01 1.189565999067043744e+00
-4.499999999999997335e-01 -7.499999999999997780e-01 5.874186498641261744e-01
-4.499999999999997335e-01 -6.499999999999998002e-01 6.645906248197173127e-01
-4.499999999999997335e-01 -5.499999999999998224e-01 7.708911658383759136e-01
-4.499999999999997335e-01 -4.499999999999998446e-01 2.672711612813241100e+00
-4.499999999999997335e-01 -3.499999999999997558e-01 1.234800257536117440e+00
-4.499999999999997335e-01 -2.499999999999997780e-01 6.905409242293789607e-01
-4.499999999999997335e-01 -1.499999999999998002e-01 1.171290594792359308e+00
-4.499999999999997335e-01 -4.999999999999982236e-02 5.461608749174078348e-01
-4.499999999999997335e-01 5.000000000000015543e-02 5.167364099411206890e-01
-4.499999999999997335e-01 1.500000000000002442e-01 7.380623811474892326e-01
-4.499999999999997335e-01 2.500000000000003331e-01 5.964013884873939908e-01
-4.499999999999997335e-01 3.500000000000001998e-01 1.270332221696377717e+00
-4.499999999999997335e-01 4.500000000000002887e-01 1.000687858085620663e+00
-4.499999999999997335e-01 5.500000000000001554e-01 7.415293502047586305e-01
-4.499999999999997335e-01 6.500000000000002442e-01 7.140523782075248738e-01
-4.499999999999997335e-01 7.500000000000003331e-01 1.028950125101597335e+00
-4.499999999999997335e-01 8.500000000000001998e-01 1.528604548189977486e+00
-4.499999999999997335e-01 9.500000000000002887e-01 2.287496659529998144e+00
-3.499999999999996447e-01 -9.499999999999998446e-01 1.098241048231994199e+00
-3.499999999999996447e-01 -8.499999999999998668e-01 2.055635510960143630e+00
-3.499999999999996447e-01 -7.499999999999997780e-01 7.765236433615055889e-01
-3.499999999999996447e-01 -6.499999999999998002e-01 1.077700107527305162e+00
-3.499999999999996447e-01 -5.499999999999998224e-01 1.747278706738359944e+00
-3.499999999999996447e-01 -4.499999999999998446e-01 2.958426279543569404e+00
-3.499999999999996447e-01 -3.499999999999997558e-01 1.695666254556513763e+00
-3.499999999999996447e-01 -2.499999999999997780e-01 1.176685858234338689e+00
-3.499999999999996447e-01 -1.499999999999998002e-01 4.728925035075546290e-01
-3.499999999999996447e-01 -4.999999999999982236e-02 5.502437921833193135e-01
-3.499999999999996447e-01 5.000000000000015543e-02 4.592295821325683147e-01
-3.499999999999996447e-01 1.500000000000002442e-01 1.052968849798793460e+00
-3.499999999999996447e-01 2.500000000000003331e-01 1.233546948697030521e+00
-3.499999999999996447e-01 3.500000000000001998e-01 1.570519760744290005e+00
-3.499999999999996447e-01 4.500000000000002887e-01 1.859399852781154827e+00
-3.499999999999996447e-01 5.500000000000001554e-01 1.255386914386801056e+00
-3.499999999999996447e-01 6.500000000000002442e-01 6.317948109740837426e-01
-3.499999999999996447e-01 7.500000000000003331e-01 9.183619251083026125e-01
-3.499999999999996447e-01 8.500000000000001998e-01 1.624349736898565766e+00
-3.499999999999996447e-01 9.500000000000002887e-01 1.245708838166412313e+00
-2.499999999999996669e-01 -9.499999999999998446e-01 5.608597873165034331e-01
-2.499999999999996669e-01 -8.499999999999998668e-01 1.324651770301366938e+00
-2.499999999999996669e-01 -7.499999999999997780e-01 1.284795723634686304e+00
-2.499999999999996669e-01 -6.499999999999998002e-01 1.911159030181487140e+00
-2.499999999999996669e-01 -5.499999999999998224e-01 2.376221542774461071e+00
-2.499999999999996669e-01 -4.499999999999998446e-01 1.403858983034346419e+00
-2.499999999999996669e-01 -3.499999999999997558e-01 9.421319506103521535e-01
-2.499999999999996669e-01 -2.499999999999997780e-01 8.598255054748193960e-01
-2.499999999999996669e-01 -1.499999999999998002e-01 1.338939291458327796e+00
-2.499999999999996669e-01 -4.999999999999982236e-02 6.498053534220332716e-01
-2.499999999999996669e-01 5.000000000000015543e-02 1.061714559390826818e+00
-2.499999999999996669e-01 1.500000000000002442e-01 1.109304857656761678e+00
-2.499999999999996669e-01 2.500000000000003331e-01 1.888708918248737767e+00
-2.499999999999996669e-01 3.500000000000001998e-01 1.416940925833259479e+00
-2.499999999999996669e-01 4.500000000000002887e-01 1.762478372684449290e+00
-2.499999999999996669e-01 5.500000000000001554e-01 1.963394542208092286e+00
-2.499999999999996669e-01 6.500000000000002442e-01 7.272713686081124784e-01
-2.499999999999996669e-01 7.500000000000003331e-01 1.055219564632629670e+00
-2.499999999999996669e-01 8.500000000000001998e-01 8.896417260053403053e-01
-2.499999999999996669e-01 9.500000000000002887e-01 8.559833203263750301e-01
-1.499999999999996891e-01 -9.499999999999998446e-01 8.333180357579269559e-01
-1.499999999999996891e-01 -8.499999999999998668e-01 9.062284828900927236e-01
-1.499999999999996891e-01 -7.499999999999997780e-01 7.259664706323739614e-01
-1.499999999999996891e-01 -6.499999999999998002e-01 1.408045025644364845e+00
-1.499999999999996891e-01 -5.499999999999998224e-01 1.589819897946573635e+00
-1.499999999999996891e-01 -4.499999999999998446e-01 4.239117141906210695e-01
-1.499999999999996891e-01 -3.499999999999997558e-01 7.200081836207005148e-01
-1.499999999999996891e-01 -2.499999999999997780e-01 7.981069409820905625e-01
-1.499999999999996891e-01 -1.499999999999998002e-01 7.781470656817436327e-01
-1.499999999999996891e-01 -4.999999999999982236e-02 1.443615620396099031e+00
-1.499999999999996891e-01 5.000000000000015543e-02 1.555048553582819348e+00
-1.499999999999996891e-01 1.500000000000002442e-01 9.622364176046519502e-01
-1.499999999999996891e-01 2.500000000000003331e-01 1.148034291926832484e+00
-1.499999999999996891e-01 3.500000000000001998e-01 9.802425618883091607e-01
-1.499999999999996891e-01 4.500000000000002887e-01 4.926501403765945475e-01
-1.499999999999996891e-01 5.500000000000001554e-01 2.166199280081549716e+00
-1.499999999999996891e-01 6.500000000000002442e-01 8.013233619939400532e-01
-1.499999999999996891e-01 7.500000000000003331e-01 4.887527592939442944e-01
-1.499999999999996891e-01 8.500000000000001998e-01 1.117808455962527425e+00
-1.499999999999996891e-01 9.500000000000002887e-01 4.153444333919821818e-01
-4.999999999999971134e-02 -9.499999999999998446e-01 1.989217439721040703e+00
-4.999999999999971134e-02 -8.499999999999998668e-01 1.058775131530593105e+00
-4.999999999999971134e-02 -7.499999999999997780e-01 1.475945567473555098e+00
-4.999999999999971134e-02 -6.499999999999998002e-01 1.613778890604083971e+00
-4.999999999999971134e-02 -5.499999999999998224e-01 5.124581825111548250e-01
-4.999999999999971134e-02 -4.499999999999998446e-01 5.627716643090173720e-01
-4.999999999999971134e-02 -3.499999999999997558e-01 5.680620696420103366e-01
-4.999999999999971134e-02 -2.499999999999997780e-01 1.674392616050112581e+00
-4.999999999999971134e-02 -1.499999999999998002e-01 1.557794048062096870e+00
-4.999999999999971134e-02 -4.999999999999982236e-02 2.329718089259021241e+00
-4.999999999999971134e-02 5.000000000000015543e-02 2.749911000590663956e+00
-4.999999999999971134e-02 1.500000000000002442e-01 1.776756036693445617e+00
-4.999999999999971134e-02 2.500000000000003331e-01 1.213784303921797481e+00
-4.999999999999971134e-02 3.500000000000001998e-01 7.034996966808995111e-01
-4.999999999999971134e-02 4.500000000000002887e-01 8.848394281175766540e-01
-4.999999999999971134e-02 5.500000000000001554e-01 7.321709968755049092e-01
-4.999999999999971134e-02 6.500000000000002442e-01 8.681371485476470085e-01
-4.999999999999971134e-02 7.500000000000003331e-01 1.045021237749601317e+00
-4.999999999999971134e-02 8.500000000000001998e-01 8.239078037516136543e-01
-4.999999999999971134e-02 9.500000000000002887e-01 2.157047090900920505e+00
5.000000000000026645e-02 -9.499999999999998446e-01 1.710059769274310471e+00
5.000000000000026645e-02 -8.499999999999998668e-01 1.229794572144586207e+00
5.000000000000026645e-02 -7.499999999999997780e-01 1.248072586045627208e+00
5.000000000000026645e-02 -6.499999999999998002e-01 8.814170931102575102e-01
5.000000000000026645e-02 -5.499999999999998224e-01 5.431752443374360251e-01
5.000000000000026645e-02 -4.499999999999998446e-01 7.260887219474752019e-01
5.000000000000026645e-02 -3.499999999999997558e-01 5.541843912941805117e-01
5.000000000000026645e-02 -2.499999999999997780e-01 1.078985122097291027e+00
5.000000000000026645e-02 -1.499999999999998002e-01 1.615486214172343393e+00
5.000000000000026645e-02 -4.999999999999982236e-02 3.299339734924944256e+00
5.000000000000026645e-02 5.000000000000015543e-02 2.260741135618417275e+00
5.000000000000026645e-02 1.500000000000002442e-01 1.196950669151124691e+00
5.000000000000026645e-02 2.500000000000003331e-01 1.154210951033141752e+00
5.000000000000026645e-02 3.500000000000001998e-01 6.335080509770703028e-01
5.000000000000026645e-02 4.500000000000002887e-01 8.134217240433564422e-01
5.000000000000026645e-02 5.500000000000001554e-01 6.532156571568936698e-01
5.000000000000026645e-02 6.500000000000002442e-01 7.764644630263536351e-01
5.000000000000026645e-02 7.500000000000003331e-01 1.504847993495060265e+00
5.000000000000026645e-02 8.500000000000001998e-01 8.070535512537664324e-01
5.000000000000026645e-02 9.500000000000002887e-01 1.897547356779026195e+00
1.500000000000003553e-01 -9.499999999999998446e-01 4.424430320401880889e-01
1.500000000000003553e-01 -8.499999999999998668e-01 5.471835372762181571e-01
1.500000000000003553e-01 -7.499999999999997780e-01 8.254685170598360378e-01
1.500000000000003553e-01 -6.499999999999998002e-01 1.432617809522365837e+00
1.500000000000003553e-01 -5.499999999999998224e-01 1.195592463251642590e+00
1.500000000000003553e-01 -4.499999999999998446e-01 6.147879734811789731e-01
1.500000000000003553e-01 -3.499999999999997558e-01 7.336195716763710406e-01
1.500000000000003553e-01 -2.499999999999997780e-01 6.862176152758362457e-01
1.500000000000003553e-01 -1.499999999999998002e-01 1.096803813995844035e+00
1.500000000000003553e-01 -4.999999999999982236e-02 2.088747099999152201e+00
1.500000000000003553e-01 5.000000000000015543e-02 1.620074244548024289e+00
1.500000000000003553e-01 1.500000000000002442e-01 8.067675495254904572e-01
1.500000000000003553e-01 2.500000000000003331e-01 6.555340490836419898e-01
1.500000000000003553e-01 3.500000000000001998e-01 6.614695950461586538e-01
1.500000000000003553e-01 4.500000000000002887e-01 4.828311815921091932e-01
1.500000000000003553e-01 5.500000000000001554e-01 2.481470161485926251e+00
1.500000000000003553e-01 6.500000000000002442e-01 8.200060490470326702e-01
1.500000000000003553e-01 7.500000000000003331e-01 6.279250495436806689e-01
1.500000000000003553e-01 8.500000000000001998e-01 1.074260711943802127e+00
1.500000000000003553e-01 9.500000000000002887e-01 4.278130991937514893e-01
2.500000000000004441e-01 -9.499999999999998446e-01 5.753588752238559811e-01
2.500000000000004441e-01 -8.499999999999998668e-01 1.648724266198565491e+00
2.500000000000004441e-01 -7.499999999999997780e-01 2.084793710124385857e+00
2.500000000000004441e-01 -6.499999999999998002e-01 1.919784763339361655e+00
2.500000000000004441e-01 -5.499999999999998224e-01 1.676426426743427900e+00
2.500000000000004441e-01 -4.499999999999998446e-01 1.560327359834852601e+00
2.500000000000004441e-01 -3.499999999999997558e-01 1.004760605651154881e+00
2.500000000000004441e-01 -2.499999999999997780e-01 1.416451543086799214e+00
2.500000000000004441e-01 -1.499999999999998002e-01 1.584713686333974136e+00
2.500000000000004441e-01 -4.999999999999982236e-02 8.599420539767401728e-01
2.500000000000004441e-01 5.000000000000015543e-02 7.124006941611426003e-01
2.500000000000004441e-01 1.500000000000002442e-01 1.735687071639850920e+00
2.500000000000004441e-01 2.500000000000003331e-01 1.340486270785280265e+00
2.500000000000004441e-01 3.500000000000001998e-01 1.522778246153543735e+00
2.500000000000004441e-01 4.500000000000002887e-01 2.402621151824580359e+00
2.500000000000004441e-01 5.500000000000001554e-01 3.211428114445568749e+00
2.500000000000004441e-01 6.500000000000002442e-01 1.421021714860435603e+00
2.500000000000004441e-01 7.500000000000003331e-01 1.314051830129524534e+00
2.500000000000004441e-01 8.500000000000001998e-01 8.909682007617344413e-01
2.500000000000004441e-01 9.500000000000002887e-01 5.685798860784878617e-01
3.500000000000003109e-01 -9.499999999999998446e-01 1.652495408314420766e+00
3.500000000000003109e-01 -8.499999999999998668e-01 2.008410377346382614e+00
3.500000000000003109e-01 -7.499999999999997780e-01 6.868869890023767688e-01
3.500000000000003109e-01 -6.499999999999998002e-01 8.052324613578336621e-01
3.500000000000003109e-01 -5.499999999999998224e-01 1.514037076965321083e+00
3.500000000000003109e-01 -4.499999999999998446e-01 2.232172643630323083e+00
3.500000000000003109e-01 -3.499999999999997558e-01 8.302007345149275963e-01
3.500000000000003109e-01 -2.499999999999997780e-01 8.574619892964313594e-01
3.500000000000003109e-01 -1.499999999999998002e-01 7.215883811957113370e-01
3.500000000000003109e-01 -4.999999999999982236e-02 7.489002803731609204e-01
3.500000000000003109e-01 5.000000000000015543e-02 6.472757099089203603e-01
3.500000000000003109e-01 1.500000000000002442e-01 9.217919388066442288e-01
3.500000000000003109e-01 2.500000000000003331e-01 1.038835923687546847e+00
3.500000000000003109e-01 3.500000000000001998e-01 1.728698923386633446e+00
3.500000000000003109e-01 4.500000000000002887e-01 2.180631543194786914e+00
3.500000000000003109e-01 5.500000000000001554e-01 9.571062542524633177e-01
3.500000000000003109e-01 6.500000000000002442e-01 1.048309861482274341e+00
3.500000000000003109e-01 7.500000000000003331e-01 8.234050583603162998e-01
3.500000000000003109e-01 8.500000000000001998e-01 1.002860924239763918e+00
3.500000000000003109e-01 9.500000000000002887e-01 1.034513019457514726e+00
4.500000000000003997e-01 -9.499999999999998446e-01 2.870627901888178179e+00
4.500000000000003997e-01 -8.499999999999998668e-01 1.580422377408512657e+00
4.500000000000003997e-01 -7.499999999999997780e-01 8.187506402434052699e-01
4.500000000000003997e-01 -6.499999999999998002e-01 6.313505926360729603e-01
4.500000000000003997e-01 -5.499999999999998224e-01 7.782654561997274234e-01
4.500000000000003997e-01 -4.499999999999998446e-01 1.619774288681003593e+00
4.500000000000003997e-01 -3.499999999999997558e-01 1.039218841455510578e+00
4.500000000000003997e-01 -2.499999999999997780e-01 8.519170424092840088e-01
4.500000000000003997e-01 -1.499999999999998002e-01 1.107166638903342992e+00
4.500000000000003997e-01 -4.999999999999982236e-02 5.579187249531929460e-01
4.500000000000003997e-01 5.000000000000015543e-02 7.785742694793813534e-01
4.500000000000003997e-01 1.500000000000002442e-01 7.784743352567559116e-01
4.500000000000003997e-01 2.500000000000003331e-01 8.204873397555608738e-01
4.500000000000003997e-01 3.500000000000001998e-01 1.883641686726720499e+00
4.500000000000003997e-01 4.500000000000002887e-01 1.285954913792275889e+00
4.500000000000003997e-01 5.500000000000001554e-01 7.317120220646224915e-01
4.500000000000003997e-01 6.500000000000002442e-01 8.084584944739673373e-01
4.500000000000003997e-01 7.500000000000003331e-01 7.534529408130299366e-01
4.500000000000003997e-01 8.500000000000001998e-01 1.248345650513945193e+00
4.500000000000003997e-01 9.500000000000002887e-01 2.200064798639266517e+00
5.500000000000002665e-01 -9.499999999999998446e-01 4.382511070387682395e+00
5.500000000000002665e-01 -8.499999999999998668e-01 1.616523411480858874e+00
5.500000000000002665e-01 -7.499999999999997780e-01 7.762079268826164169e-01
5.500000000000002665e-01 -6.499999999999998002e-01 5.730168398394156482e-01
5.500000000000002665e-01 -5.499999999999998224e-01 7.262270236206344043e-01
5.500000000000002665e-01 -4.499999999999998446e-01 8.772295701725302264e-01
5.500000000000002665e-01 -3.499999999999997558e-01 1.049004736221803125e+00
5.500000000000002665e-01 -2.499999999999997780e-01 1.375359322565157028e+00
5.500000000000002665e-01 -1.499999999999998002e-01 1.833749819956622895e+00
5.500000000000002665e-01 -4.999999999999982236e-02 2.603445345753050422e+00
5.500000000000002665e-01 5.000000000000015543e-02 2.245499125448295885e+00
5.500000000000002665e-01 1.500000000000002442e-01 2.074072833449045472e+00
5.500000000000002665e-01 2.500000000000003331e-01 1.328832344712187474e+00
5.500000000000002665e-01 3.500000000000001998e-01 1.203235306945405814e+00
5.500000000000002665e-01 4.500000000000002887e-01 8.066737828839003477e-01
5.500000000000002665e-01 5.500000000000001554e-01 3.881738311432919586e-01
5.500000000000002665e-01 6.500000000000002442e-01 6.483698023384901754e-01
5.500000000000002665e-01 7.500000000000003331e-01 1.248549735433352348e+00
5.500000000000002665e-01 8.500000000000001998e-01 1.758459054258821652e+00
5.500000000000002665e-01 9.500000000000002887e-01 5.139216502757332883e+00
6.500000000000003553e-01 -9.499999999999998446e-01 2.107062957225485533e+00
6.500000000000003553e-01 -8.499999999999998668e-01 1.070548052719347609e+00
6.500000000000003553e-01 -7.499999999999997780e-01 8.833584732633127379e-01
6.500000000000003553e-01 -6.499999999999998002e-01 9.686321249426351754e-01
6.500000000000003553e-01 -5.499999999999998224e-01 6.847316854414474685e-01
6.500000000000003553e-01 -4.499999999999998446e-01 1.151461657895389790e+00
6.500000000000003553e-01 -3.499999999999997558e-01 9.512863518420386910e-01
6.500000000000003553e-01 -2.499999999999997780e-01 9.356514967902863633e-01
6.500000000000003553e-01 -1.499999999999998002e-01 7.851223749748896807e-01
6.500000000000003553e-01 -4.999999999999982236e-02 1.308062030450091395e+00
6.500000000000003553e-01 5.000000000000015543e-02 1.241257372150864846e+00
6.500000000000003553e-01 1.500000000000002442e-01 8.201677323362809302e-01
6.500000000000003553e-01 2.500000000000003331e-01 9.261404287042058758e-01
6.500000000000003553e-01 3.500000000000001998e-01 1.144207198891143085e+00
6.500000000000003553e-01 4.500000000000002887e-01 5.931990761950725055e-01
6.500000000000003553e-01 5.500000000000001554e-01 8.403561986674886741e-01
6.500000000000003553e-01 6.500000000000002442e-01 7.004605397468210981e-01
6.500000000000003553e-01 7.500000000000003331e-01 5.458969319842814638e-01
6.500000000000003553e-01 8.500000000000001998e-01 1.116175349500872160e+00
6.500000000000003553e-01 9.500000000000002887e-01 2.930525241949931470e+00
7.500000000000004441e-01 -9.499999999999998446e-01 1.548229642018762009e+00
7.500000000000004441e-01 -8.499999999999998668e-01 1.124823409751458891e+00
7.500000000000004441e-01 -7.499999999999997780e-01 5.707986717416027034e-01
7.500000000000004441e-01 -6.499999999999998002e-01 6.907076327946255478e-01
7.500000000000004441e-01 -5.499999999999998224e-01 8.927347191995249620e-01
7.500000000000004441e-01 -4.499999999999998446e-01 3.507231346747119449e+00
7.500000000000004441e-01 -3.499999999999997558e-01 6.224332244837349482e-01
7.500000000000004441e-01 -2.499999999999997780e-01 6.126512460742037369e-01
7.500000000000004441e-01 -1.499999999999998002e-01 6.244059662694555479e-01
7.500000000000004441e-01 -4.999999999999982236e-02 6.451434262103917794e-01
7.500000000000004441e-01 5.000000000000015543e-02 7.714521580228931308e-01
7.500000000000004441e-01 1.500000000000002442e-01 5.166064140221841017e-01
7.500000000000004441e-01 2.500000000000003331e-01 4.941027505636468864e-01
7.500000000000004441e-01 3.500000000000001998e-01 1.125604776573999377e+00
7.500000000000004441e-01 4.500000000000002887e-01 2.198931831868668585e+00
7.500000000000004441e-01 5.500000000000001554e-01 8.534052920167742862e-01
7.500000000000004441e-01 6.500000000000002442e-01 5.286848983146537062e-01
7.500000000000004441e-01 7.500000000000003331e-01 6.733057053161575212e-01
7.500000000000004441e-01 8.500000000000001998e-01 1.248484387972496945e+00
7.500000000000004441e-01 9.500000000000002887e-01 1.722211904375034353e+00
8.500000000000003109e-01 -9.499999999999998446e-01 7.370824867517424828e-01
8.500000000000003109e-01 -8.499999999999998668e-01 1.695073710591564531e+00
8.500000000000003109e-01 -7.499999999999997780e-01 1.249636357143640852e+00
8.500000000000003109e-01 -6.499999999999998002e-01 2.113172698464896193e+00
8.500000000000003109e-01 -5.499999999999998224e-01 2.554520028288752798e+00
8.500000000000003109e-01 -4.499999999999998446e-01 1.835797522437126794e+00
8.500000000000003109e-01 -3.499999999999997558e-01 1.340712138835617573e+00
8.500000000000003109e-01 -2.499999999999997780e-01 1.223907283276013169e+00
8.500000000000003109e-01 -1.499999999999998002e-01 1.129949852449235737e+00
8.500000000000003109e-01 -4.999999999999982236e-02 5.682462853095612276e-01
8.500000000000003109e-01 5.000000000000015543e-02 5.332022927763316877e-01
8.500000000000003109e-01 1.500000000000002442e-01 1.913374740379168104e+00
8.500000000000003109e-01 2.500000000000003331e-01 1.109261071999492643e+00
8.500000000000003109e-01 3.500000000000001998e-01 1.166155466216287184e+00
8.500000000000003109e-01 4.500000000000002887e-01 1.886006578230594144e+00
8.500000000000003109e-01 5.500000000000001554e-01 1.605543923502254389e+00
8.500000000000003109e-01 6.500000000000002442e-01 1.336250987810868596e+00
8.500000000000003109e-01 7.500000000000003331e-01 1.203028112570741603e+00
8.500000000000003109e-01 8.500000000000001998e-01 1.546803227154235127e+00
8.500000000000003109e-01 9.500000000000002887e-01 8.380288530244414114e-01
9.500000000000003997e-01 -9.499999999999998446e-01 6.655790865967454728e-01
9.500000000000003997e-01 -8.499999999999998668e-01 5.516351653086429829e-01
9.500000000000003997e-01 -7.499999999999997780e-01 8.607843616306379841e-01
9.500000000000003997e-01 -6.499999999999998002e-01 1.073480266474484468e+00
9.500000000000003997e-01 -5.499999999999998224e-01 2.728297578108458854e+00
9.500000000000003997e-01 -4.499999999999998446e-01 8.904637096400660479e-01
9.500000000000003997e-01 -3.499999999999997558e-01 5.228485083421234858e-01
9.500000000000003997e-01 -2.499999999999997780e-01 5.633397611182908715e-01
9.500000000000003997e-01 -1.499999999999998002e-01 1.298955993650751095e+00
9.500000000000003997e-01 -4.999999999999982236e-02 1.268413334697615857e+00
9.500000000000003997e-01 5.000000000000015543e-02 1.948456861561245868e+00
9.500000000000003997e-01 1.500000000000002442e-01 1.880820993378904182e+00
9.500000000000003997e-01 2.500000000000003331e-01 7.316812806609646058e-01
9.500000000000003997e-01 3.500000000000001998e-01 5.394277378806210388e-01
9.500000000000003997e-01 4.500000000000002887e-01 7.634380082440458404e-01
9.500000000000003997e-01 5.500000000000001554e-01 2.802190256686150072e+00
9.500000000000003997e-01 6.500000000000002442e-01 7.876868456372388971e-01
9.500000000000003997e-01 7.500000000000003331e-01 8.888851368704896450e-01
9.500000000000003997e-01 8.500000000000001998e-01 4.902034690892153046e-01
9.500000000000003997e-01 9.500000000000002887e-01 6.743558689528595940e-01
