-9.499999999999997335e-01 -9.499999999999998446e-01 6.956568066926466752e-03
-9.499999999999997335e-01 -8.499999999999998668e-01 9.032936334793680716e-03
-9.499999999999997335e-01 -7.499999999999997780e-01 1.007653116039542232e-02
-9.499999999999997335e-01 -6.499999999999998002e-01 7.552759917375877555e-03
-9.499999999999997335e-01 -5.499999999999998224e-01 5.564281560991547401e-03
-9.499999999999997335e-01 -4.499999999999998446e-01 5.016448613551877447e-03
-9.499999999999997335e-01 -3.499999999999997558e-01 6.158961931277258557e-03
-9.499999999999997335e-01 -2.499999999999997780e-01 8.864696629283108295e-03
-9.499999999999997335e-01 -1.499999999999998002e-01 1.303588247874796352e-02
-9.499999999999997335e-01 -4.999999999999982236e-02 1.641650700651150693e-02
-9.499999999999997335e-01 5.000000000000015543e-02 1.556630212552871997e-02
-9.499999999999997335e-01 1.500000000000002442e-01 1.189915811486815314e-02
-9.499999999999997335e-01 2.500000000000003331e-01 7.815543561331836364e-03
-9.499999999999997335e-01 3.500000000000001998e-01 5.736066890643836194e-03
-9.499999999999997335e-01 4.500000000000002887e-01 5.155141485062728936e-03
-9.499999999999997335e-01 5.500000000000001554e-01 5.913135050721582235e-03
-9.499999999999997335e-01 6.500000000000002442e-01 8.539605571974209774e-03
-9.499999999999997335e-01 7.500000000000003331e-01 1.082895780952572440e-02
-9.499999999999997335e-01 8.500000000000001998e-01 8.926398015996662647e-03
-9.499999999999997335e-01 9.500000000000002887e-01 6.810206225193841945e-03
-8.499999999999997558e-01 -9.499999999999998446e-01 9.529298930113934071e-03
-8.499999999999997558e-01 -8.499999999999998668e-01 9.996445336126164732e-03
-8.499999999999997558e-01 -7.499999999999997780e-01 7.667936402522356788e-03
-8.499999999999997558e-01 -6.499999999999998002e-01 5.380172094905008237e-03
-8.499999999999997558e-01 -5.499999999999998224e-01 4.578233123376141030e-03
-8.499999999999997558e-01 -4.499999999999998446e-01 4.983642815764789853e-03
-8.499999999999997558e-01 -3.499999999999997558e-01 6.536647202796437225e-03
-8.499999999999997558e-01 -2.499999999999997780e-01 9.233439741977015822e-03
-8.499999999999997558e-01 -1.499999999999998002e-01 1.011607728424144745e-02
-8.499999999999997558e-01 -4.999999999999982236e-02 8.264213119427920098e-03
-8.499999999999997558e-01 5.000000000000015543e-02 8.123038180933593588e-03
-8.499999999999997558e-01 1.500000000000002442e-01 9.549488736256160279e-03
-8.499999999999997558e-01 2.500000000000003331e-01 8.318514314150062677e-03
-8.499999999999997558e-01 3.500000000000001998e-01 5.973964371960178814e-03
-8.499999999999997558e-01 4.500000000000002887e-01 4.688036835414878360e-03
-8.499999999999997558e-01 5.500000000000001554e-01 4.696451200254073664e-03
-8.499999999999997558e-01 6.500000000000002442e-01 5.770864202809674985e-03
-8.499999999999997558e-01 7.500000000000003331e-01 8.269232035653866636e-03
-8.499999999999997558e-01 8.500000000000001998e-01 1.050454142271151775e-02
-8.499999999999997558e-01 9.500000000000002887e-01 9.807591546099041907e-03
-7.499999999999997780e-01 -9.499999999999998446e-01 1.827231553322134980e-02
-7.499999999999997780e-01 -8.499999999999998668e-01 1.238148968510533778e-02
-7.499999999999997780e-01 -7.499999999999997780e-01 7.752021409012715622e-03
-7.499999999999997780e-01 -6.499999999999998002e-01 5.896397804035943997e-03
-7.499999999999997780e-01 -5.499999999999998224e-01 5.744229089465775068e-03
-7.499999999999997780e-01 -4.499999999999998446e-01 7.386422674171326530e-03
-7.499999999999997780e-01 -3.499999999999997558e-01 1.160515485296264790e-02
-7.499999999999997780e-01 -2.499999999999997780e-01 1.352829239640139687e-02
-7.499999999999997780e-01 -1.499999999999998002e-01 8.882712803533907020e-03
-7.499999999999997780e-01 -4.999999999999982236e-02 6.202332528814918575e-03
-7.499999999999997780e-01 5.000000000000015543e-02 6.220809174783594603e-03
-7.499999999999997780e-01 1.500000000000002442e-01 9.149004769546636995e-03
-7.499999999999997780e-01 2.500000000000003331e-01 1.279718802953432218e-02
-7.499999999999997780e-01 3.500000000000001998e-01 9.882799523151563140e-03
-7.499999999999997780e-01 4.500000000000002887e-01 6.734662143184952376e-03
-7.499999999999997780e-01 5.500000000000001554e-01 5.460677613980454738e-03
-7.499999999999997780e-01 6.500000000000002442e-01 6.085077785395949165e-03
-7.499999999999997780e-01 7.500000000000003331e-01 8.311797209620889332e-03
-7.499999999999997780e-01 8.500000000000001998e-01 1.401420163113461376e-02
-7.499999999999997780e-01 9.500000000000002887e-01 1.943649221382704254e-02
-6.499999999999996891e-01 -9.499999999999998446e-01 6.222902123689529746e-02
-6.499999999999996891e-01 -8.499999999999998668e-01 2.026204512084924317e-02
-6.499999999999996891e-01 -7.499999999999997780e-01 1.043853996002577778e-02
-6.499999999999996891e-01 -6.499999999999998002e-01 8.164116090916672536e-03
-6.499999999999996891e-01 -5.499999999999998224e-01 9.575803336642697144e-03
-6.499999999999996891e-01 -4.499999999999998446e-01 1.909403810208411614e-02
-6.499999999999996891e-01 -3.499999999999997558e-01 5.987589313233186716e-02
-6.499999999999996891e-01 -2.499999999999997780e-01 3.313283514607501951e-02
-6.499999999999996891e-01 -1.499999999999998002e-01 9.156177904292864267e-03
-6.499999999999996891e-01 -4.999999999999982236e-02 5.103702597182820447e-03
-6.499999999999996891e-01 5.000000000000015543e-02 5.197729200787719675e-03
-6.499999999999996891e-01 1.500000000000002442e-01 9.498594314548034281e-03
-6.499999999999996891e-01 2.500000000000003331e-01 3.802986302725367557e-02
-6.499999999999996891e-01 3.500000000000001998e-01 4.407064651846161890e-02
-6.499999999999996891e-01 4.500000000000002887e-01 1.433048551264442735e-02
-6.499999999999996891e-01 5.500000000000001554e-01 8.623790920386786851e-03
-6.499999999999996891e-01 6.500000000000002442e-01 7.889081804446654300e-03
-6.499999999999996891e-01 7.500000000000003331e-01 1.080207810428407758e-02
-6.499999999999996891e-01 8.500000000000001998e-01 2.271842021888966986e-02
-6.499999999999996891e-01 9.500000000000002887e-01 7.783208711555333892e-02
-5.499999999999997113e-01 -9.499999999999998446e-01 1.526674743148573321e-01
-5.499999999999997113e-01 -8.499999999999998668e-01 2.616890327311279657e-02
-5.499999999999997113e-01 -7.499999999999997780e-01 1.277852292754669619e-02
-5.499999999999997113e-01 -6.499999999999998002e-01 9.561493402784450660e-03
-5.499999999999997113e-01 -5.499999999999998224e-01 1.104415511331573174e-02
-5.499999999999997113e-01 -4.499999999999998446e-01 2.858958389826711174e-02
-5.499999999999997113e-01 -3.499999999999997558e-01 1.294823742640887621e-01
-5.499999999999997113e-01 -2.499999999999997780e-01 5.119833540939789512e-02
-5.499999999999997113e-01 -1.499999999999998002e-01 9.094961512161003209e-03
-5.499999999999997113e-01 -4.999999999999982236e-02 4.976359592134454828e-03
-5.499999999999997113e-01 5.000000000000015543e-02 5.031216672233613206e-03
-5.499999999999997113e-01 1.500000000000002442e-01 9.251679682151981235e-03
-5.499999999999997113e-01 2.500000000000003331e-01 5.301052924350049128e-02
-5.499999999999997113e-01 3.500000000000001998e-01 8.875566482412794445e-02
-5.499999999999997113e-01 4.500000000000002887e-01 1.779874656889539331e-02
-5.499999999999997113e-01 5.500000000000001554e-01 9.709995526753634545e-03
-5.499999999999997113e-01 6.500000000000002442e-01 9.086826691580288801e-03
-5.499999999999997113e-01 7.500000000000003331e-01 1.306428479289317365e-02
-5.499999999999997113e-01 8.500000000000001998e-01 3.172080176606346252e-02
-5.499999999999997113e-01 9.500000000000002887e-01 1.835550381654186547e-01
-4.499999999999997335e-01 -9.499999999999998446e-01 3.260791267460712989e-02
-4.499999999999997335e-01 -8.499999999999998668e-01 1.701792948428787478e-02
-4.499999999999997335e-01 -7.499999999999997780e-01 9.342415565481942269e-03
-4.499999999999997335e-01 -6.499999999999998002e-01 6.900096408720766961e-03
-4.499999999999997335e-01 -5.499999999999998224e-01 7.155601281273398818e-03
-4.499999999999997335e-01 -4.499999999999998446e-01 1.001460632191077289e-02
-4.499999999999997335e-01 -3.499999999999997558e-01 1.898067191035632262e-02
-4.499999999999997335e-01 -2.499999999999997780e-01 1.765625560118706111e-02
-4.499999999999997335e-01 -1.499999999999998002e-01 8.662383414353240149e-03
-4.499999999999997335e-01 -4.999999999999982236e-02 5.659208381794356320e-03
-4.499999999999997335e-01 5.000000000000015543e-02 5.631675562673732309e-03
-4.499999999999997335e-01 1.500000000000002442e-01 9.269151179014417652e-03
-4.499999999999997335e-01 2.500000000000003331e-01 1.743586339307405531e-02
-4.499999999999997335e-01 3.500000000000001998e-01 1.522389308527173635e-02
-4.499999999999997335e-01 4.500000000000002887e-01 8.816334604676659761e-03
-4.499999999999997335e-01 5.500000000000001554e-01 6.658846018585819898e-03
-4.499999999999997335e-01 6.500000000000002442e-01 6.897323496008721418e-03
-4.499999999999997335e-01 7.500000000000003331e-01 1.014285793794819646e-02
-4.499999999999997335e-01 8.500000000000001998e-01 1.962708541146487157e-02
-4.499999999999997335e-01 9.500000000000002887e-01 3.623667351494672811e-02
-3.499999999999996447e-01 -9.499999999999998446e-01 1.196822006508750473e-02
-3.499999999999996447e-01 -8.499999999999998668e-01 1.040478844616863838e-02
-3.499999999999996447e-01 -7.499999999999997780e-01 7.975457686696951071e-03
-3.499999999999996447e-01 -6.499999999999998002e-01 5.664722427099502106e-03
-3.499999999999996447e-01 -5.499999999999998224e-01 4.867307258694824647e-03
-3.499999999999996447e-01 -4.499999999999998446e-01 5.510865507470585727e-03
-3.499999999999996447e-01 -3.499999999999997558e-01 7.516219605972731393e-03
-3.499999999999996447e-01 -2.499999999999997780e-01 9.946189771843529440e-03
-3.499999999999996447e-01 -1.499999999999998002e-01 9.285757261774267579e-03
-3.499999999999996447e-01 -4.999999999999982236e-02 7.264252044539020597e-03
-3.499999999999996447e-01 5.000000000000015543e-02 7.337102177075429700e-03
-3.499999999999996447e-01 1.500000000000002442e-01 8.866884036232482516e-03
-3.499999999999996447e-01 2.500000000000003331e-01 9.206523326385919470e-03
-3.499999999999996447e-01 3.500000000000001998e-01 6.898993718910799780e-03
-3.499999999999996447e-01 4.500000000000002887e-01 5.162826364632498374e-03
-3.499999999999996447e-01 5.500000000000001554e-01 4.856918873101336888e-03
-3.499999999999996447e-01 6.500000000000002442e-01 5.929714495223957320e-03
-3.499999999999996447e-01 7.500000000000003331e-01 8.755413246757274420e-03
-3.499999999999996447e-01 8.500000000000001998e-01 1.126161596931318787e-02
-3.499999999999996447e-01 9.500000000000002887e-01 1.233085142929241443e-02
-2.499999999999996669e-01 -9.499999999999998446e-01 7.812358255404998515e-03
-2.499999999999996669e-01 -8.499999999999998668e-01 9.376985728895359876e-03
-2.499999999999996669e-01 -7.499999999999997780e-01 8.569182318451898372e-03
-2.499999999999996669e-01 -6.499999999999998002e-01 6.243177838561144062e-03
-2.499999999999996669e-01 -5.499999999999998224e-01 4.848778548732494975e-03
-2.499999999999996669e-01 -4.499999999999998446e-01 4.656575939395134200e-03
-2.499999999999996669e-01 -3.499999999999997558e-01 5.683760289779954747e-03
-2.499999999999996669e-01 -2.499999999999997780e-01 8.447063623315289455e-03
-2.499999999999996669e-01 -1.499999999999998002e-01 1.097751980236891418e-02
-2.499999999999996669e-01 -4.999999999999982236e-02 1.095409876025680088e-02
-2.499999999999996669e-01 5.000000000000015543e-02 1.055021208868453519e-02
-2.499999999999996669e-01 1.500000000000002442e-01 1.001570703096267036e-02
-2.499999999999996669e-01 2.500000000000003331e-01 7.485710858903924132e-03
-2.499999999999996669e-01 3.500000000000001998e-01 5.321383020287720998e-03
-2.499999999999996669e-01 4.500000000000002887e-01 4.684004917139571178e-03
-2.499999999999996669e-01 5.500000000000001554e-01 5.132736989542757353e-03
-2.499999999999996669e-01 6.500000000000002442e-01 6.884476257662063177e-03
-2.499999999999996669e-01 7.500000000000003331e-01 9.433210593779240219e-03
-2.499999999999996669e-01 8.500000000000001998e-01 9.510750740238433157e-03
-2.499999999999996669e-01 9.500000000000002887e-01 7.624811530393267069e-03
-1.499999999999996891e-01 -9.499999999999998446e-01 5.969227304652109656e-03
-1.499999999999996891e-01 -8.499999999999998668e-01 9.125469663896500910e-03
-1.499999999999996891e-01 -7.499999999999997780e-01 1.517659201709079496e-02
-1.499999999999996891e-01 -6.499999999999998002e-01 1.231523983472628675e-02
-1.499999999999996891e-01 -5.499999999999998224e-01 7.518869262555290950e-03
-1.499999999999996891e-01 -4.499999999999998446e-01 6.124583238542674613e-03
-1.499999999999996891e-01 -3.499999999999997558e-01 6.569775332493789366e-03
-1.499999999999996891e-01 -2.499999999999997780e-01 8.726837468607893250e-03
-1.499999999999996891e-01 -1.499999999999998002e-01 1.513902349611846547e-02
-1.499999999999996891e-01 -4.999999999999982236e-02 2.358622390139365060e-02
-1.499999999999996891e-01 5.000000000000015543e-02 2.195014181693009589e-02
-1.499999999999996891e-01 1.500000000000002442e-01 1.341466233438314698e-02
-1.499999999999996891e-01 2.500000000000003331e-01 7.993206212417183765e-03
-1.499999999999996891e-01 3.500000000000001998e-01 6.510568187289634753e-03
-1.499999999999996891e-01 4.500000000000002887e-01 6.409961067972926377e-03
-1.499999999999996891e-01 5.500000000000001554e-01 8.628053887282724835e-03
-1.499999999999996891e-01 6.500000000000002442e-01 1.428039696638864001e-02
-1.499999999999996891e-01 7.500000000000003331e-01 1.554207243395061382e-02
-1.499999999999996891e-01 8.500000000000001998e-01 8.837856554616002266e-03
-1.499999999999996891e-01 9.500000000000002887e-01 5.901501446780794621e-03
-4.999999999999971134e-02 -9.499999999999998446e-01 5.132009304469211004e-03
-4.999999999999971134e-02 -8.499999999999998668e-01 9.521710947891290702e-03
-4.999999999999971134e-02 -7.499999999999997780e-01 4.282376740210960819e-02
-4.999999999999971134e-02 -6.499999999999998002e-01 5.708232678050884079e-02
-4.999999999999971134e-02 -5.499999999999998224e-01 1.696495628308814646e-02
-4.999999999999971134e-02 -4.499999999999998446e-01 9.224590121769755263e-03
-4.999999999999971134e-02 -3.499999999999997558e-01 8.780580972039767756e-03
-4.999999999999971134e-02 -2.499999999999997780e-01 1.265837773244107151e-02
-4.999999999999971134e-02 -1.499999999999998002e-01 3.406339490566792638e-02
-4.999999999999971134e-02 -4.999999999999982236e-02 1.092206443031076141e-01
-4.999999999999971134e-02 5.000000000000015543e-02 8.658362286653888129e-02
-4.999999999999971134e-02 1.500000000000002442e-01 2.861316504179422029e-02
-4.999999999999971134e-02 2.500000000000003331e-01 1.234579747468287671e-02
-4.999999999999971134e-02 3.500000000000001998e-01 9.089585151058541396e-03
-4.999999999999971134e-02 4.500000000000002887e-01 1.041426181960162720e-02
-4.999999999999971134e-02 5.500000000000001554e-01 2.242833767346466209e-02
-4.999999999999971134e-02 6.500000000000002442e-01 9.468499278766624727e-02
-4.999999999999971134e-02 7.500000000000003331e-01 3.903761040412807859e-02
-4.999999999999971134e-02 8.500000000000001998e-01 9.119743907627141447e-03
-4.999999999999971134e-02 9.500000000000002887e-01 5.044281327831546917e-03
5.000000000000026645e-02 -9.499999999999998446e-01 5.102351778128852780e-03
5.000000000000026645e-02 -8.499999999999998668e-01 9.295245607596112902e-03
5.000000000000026645e-02 -7.499999999999997780e-01 3.915344219779438861e-02
5.000000000000026645e-02 -6.499999999999998002e-01 5.602450684629755456e-02
5.000000000000026645e-02 -5.499999999999998224e-01 1.644124111719335452e-02
5.000000000000026645e-02 -4.499999999999998446e-01 9.100019622773630398e-03
5.000000000000026645e-02 -3.499999999999997558e-01 8.718822432076368811e-03
5.000000000000026645e-02 -2.499999999999997780e-01 1.261290725192942483e-02
5.000000000000026645e-02 -1.499999999999998002e-01 3.300892566939300082e-02
5.000000000000026645e-02 -4.999999999999982236e-02 1.039354797970549749e-01
5.000000000000026645e-02 5.000000000000015543e-02 8.386853078207823220e-02
5.000000000000026645e-02 1.500000000000002442e-01 2.780425711511174888e-02
5.000000000000026645e-02 2.500000000000003331e-01 1.215193764127039597e-02
5.000000000000026645e-02 3.500000000000001998e-01 9.043008973133493875e-03
5.000000000000026645e-02 4.500000000000002887e-01 1.046047811681245082e-02
5.000000000000026645e-02 5.500000000000001554e-01 2.210309284748113515e-02
5.000000000000026645e-02 6.500000000000002442e-01 9.004889295950499473e-02
5.000000000000026645e-02 7.500000000000003331e-01 3.725599598437112636e-02
5.000000000000026645e-02 8.500000000000001998e-01 8.919987695336533892e-03
5.000000000000026645e-02 9.500000000000002887e-01 5.050131757522451255e-03
1.500000000000003553e-01 -9.499999999999998446e-01 5.974088464487507279e-03
1.500000000000003553e-01 -8.499999999999998668e-01 9.028860249082493877e-03
1.500000000000003553e-01 -7.499999999999997780e-01 1.512379268779270175e-02
1.500000000000003553e-01 -6.499999999999998002e-01 1.251729201569663427e-02
1.500000000000003553e-01 -5.499999999999998224e-01 7.506155989397596436e-03
1.500000000000003553e-01 -4.499999999999998446e-01 6.143615519087328516e-03
1.500000000000003553e-01 -3.499999999999997558e-01 6.601742964915791219e-03
1.500000000000003553e-01 -2.499999999999997780e-01 8.726413966247759460e-03
1.500000000000003553e-01 -1.499999999999998002e-01 1.510036985315518603e-02
1.500000000000003553e-01 -4.999999999999982236e-02 2.384801072928909027e-02
1.500000000000003553e-01 5.000000000000015543e-02 2.186802072480478407e-02
1.500000000000003553e-01 1.500000000000002442e-01 1.322595386963330497e-02
1.500000000000003553e-01 2.500000000000003331e-01 7.875157778446738310e-03
1.500000000000003553e-01 3.500000000000001998e-01 6.483400382691398810e-03
1.500000000000003553e-01 4.500000000000002887e-01 6.407245356279903797e-03
1.500000000000003553e-01 5.500000000000001554e-01 8.709034094074164303e-03
1.500000000000003553e-01 6.500000000000002442e-01 1.418292108685127555e-02
1.500000000000003553e-01 7.500000000000003331e-01 1.507419113513693530e-02
1.500000000000003553e-01 8.500000000000001998e-01 8.643428409196197634e-03
1.500000000000003553e-01 9.500000000000002887e-01 5.847386492599773028e-03
2.500000000000004441e-01 -9.499999999999998446e-01 7.777580484083149517e-03
2.500000000000004441e-01 -8.499999999999998668e-01 9.362000260582783312e-03
2.500000000000004441e-01 -7.499999999999997780e-01 8.576978561431972820e-03
2.500000000000004441e-01 -6.499999999999998002e-01 6.286393644114605765e-03
2.500000000000004441e-01 -5.499999999999998224e-01 4.881430812625257853e-03
2.500000000000004441e-01 -4.499999999999998446e-01 4.668869854896571907e-03
2.500000000000004441e-01 -3.499999999999997558e-01 5.691053016912019265e-03
2.500000000000004441e-01 -2.499999999999997780e-01 8.458066449468139986e-03
2.500000000000004441e-01 -1.499999999999998002e-01 1.096974716384473136e-02
2.500000000000004441e-01 -4.999999999999982236e-02 1.086272006381968323e-02
2.500000000000004441e-01 5.000000000000015543e-02 1.062276340527608040e-02
2.500000000000004441e-01 1.500000000000002442e-01 1.001997211767363498e-02
2.500000000000004441e-01 2.500000000000003331e-01 7.470594428193814279e-03
2.500000000000004441e-01 3.500000000000001998e-01 5.288258146932387806e-03
2.500000000000004441e-01 4.500000000000002887e-01 4.677633595973199228e-03
2.500000000000004441e-01 5.500000000000001554e-01 5.113406615295659069e-03
2.500000000000004441e-01 6.500000000000002442e-01 6.891975190747114989e-03
2.500000000000004441e-01 7.500000000000003331e-01 9.398735018113080555e-03
2.500000000000004441e-01 8.500000000000001998e-01 9.484248870257415420e-03
2.500000000000004441e-01 9.500000000000002887e-01 7.604429443475879506e-03
3.500000000000003109e-01 -9.499999999999998446e-01 1.192868046273679906e-02
3.500000000000003109e-01 -8.499999999999998668e-01 1.040873449081989276e-02
3.500000000000003109e-01 -7.499999999999997780e-01 7.993299198581504256e-03
3.500000000000003109e-01 -6.499999999999998002e-01 5.667262212214297518e-03
3.500000000000003109e-01 -5.499999999999998224e-01 4.883423041548580999e-03
3.500000000000003109e-01 -4.499999999999998446e-01 5.495746944505166924e-03
3.500000000000003109e-01 -3.499999999999997558e-01 7.512966414865050561e-03
3.500000000000003109e-01 -2.499999999999997780e-01 1.002958342156855948e-02
3.500000000000003109e-01 -1.499999999999998002e-01 9.325935499860280378e-03
3.500000000000003109e-01 -4.999999999999982236e-02 7.293740625330582400e-03
3.500000000000003109e-01 5.000000000000015543e-02 7.320943511739440648e-03
3.500000000000003109e-01 1.500000000000002442e-01 8.935124792911221941e-03
3.500000000000003109e-01 2.500000000000003331e-01 9.250443945930254819e-03
3.500000000000003109e-01 3.500000000000001998e-01 6.847186447700754838e-03
3.500000000000003109e-01 4.500000000000002887e-01 5.093095687696328443e-03
3.500000000000003109e-01 5.500000000000001554e-01 4.878371014462123609e-03
3.500000000000003109e-01 6.500000000000002442e-01 5.941672465271200312e-03
3.500000000000003109e-01 7.500000000000003331e-01 8.713620000659382317e-03
3.500000000000003109e-01 8.500000000000001998e-01 1.130159401942032286e-02
3.500000000000003109e-01 9.500000000000002887e-01 1.229930468903287985e-02
4.500000000000003997e-01 -9.499999999999998446e-01 3.281074395457663634e-02
4.500000000000003997e-01 -8.499999999999998668e-01 1.734718558640637939e-02
4.500000000000003997e-01 -7.499999999999997780e-01 9.439154389343736018e-03
4.500000000000003997e-01 -6.499999999999998002e-01 6.922100594338196321e-03
4.500000000000003997e-01 -5.499999999999998224e-01 7.066297109317557640e-03
4.500000000000003997e-01 -4.499999999999998446e-01 1.003236375335600158e-02
4.500000000000003997e-01 -3.499999999999997558e-01 1.926646686044907603e-02
4.500000000000003997e-01 -2.499999999999997780e-01 1.809617329938893043e-02
4.500000000000003997e-01 -1.499999999999998002e-01 8.967792761580528280e-03
4.500000000000003997e-01 -4.999999999999982236e-02 5.678236283330283414e-03
4.500000000000003997e-01 5.000000000000015543e-02 5.659582349020642056e-03
4.500000000000003997e-01 1.500000000000002442e-01 9.339750764096406768e-03
4.500000000000003997e-01 2.500000000000003331e-01 1.769551024022646135e-02
4.500000000000003997e-01 3.500000000000001998e-01 1.510843014120233536e-02
4.500000000000003997e-01 4.500000000000002887e-01 8.846346043246789553e-03
4.500000000000003997e-01 5.500000000000001554e-01 6.651837780474216359e-03
4.500000000000003997e-01 6.500000000000002442e-01 6.888945054661120733e-03
4.500000000000003997e-01 7.500000000000003331e-01 1.011509049250795128e-02
4.500000000000003997e-01 8.500000000000001998e-01 1.989038420514822186e-02
4.500000000000003997e-01 9.500000000000002887e-01 3.631271470251494493e-02
5.500000000000002665e-01 -9.499999999999998446e-01 1.552489186099903495e-01
5.500000000000002665e-01 -8.499999999999998668e-01 2.648054136114343093e-02
5.500000000000002665e-01 -7.499999999999997780e-01 1.288660787533336613e-02
5.500000000000002665e-01 -6.499999999999998002e-01 9.560517256089853463e-03
5.500000000000002665e-01 -5.499999999999998224e-01 1.114764673871177295e-02
5.500000000000002665e-01 -4.499999999999998446e-01 2.799653844113835638e-02
5.500000000000002665e-01 -3.499999999999997558e-01 1.336362001359756302e-01
5.500000000000002665e-01 -2.499999999999997780e-01 5.504272310759543430e-02
5.500000000000002665e-01 -1.499999999999998002e-01 9.231908427486871030e-03
5.500000000000002665e-01 -4.999999999999982236e-02 4.997220356913020106e-03
5.500000000000002665e-01 5.000000000000015543e-02 5.021649048113078183e-03
5.500000000000002665e-01 1.500000000000002442e-01 9.696607617582250413e-03
5.500000000000002665e-01 2.500000000000003331e-01 5.555002767633139549e-02
5.500000000000002665e-01 3.500000000000001998e-01 8.872831567597772029e-02
5.500000000000002665e-01 4.500000000000002887e-01 1.836831614900317350e-02
5.500000000000002665e-01 5.500000000000001554e-01 9.778211584596248340e-03
5.500000000000002665e-01 6.500000000000002442e-01 9.095653196479926497e-03
5.500000000000002665e-01 7.500000000000003331e-01 1.328935394762364476e-02
5.500000000000002665e-01 8.500000000000001998e-01 3.229119445334094340e-02
5.500000000000002665e-01 9.500000000000002887e-01 2.011447192784864002e-01
6.500000000000003553e-01 -9.499999999999998446e-01 6.030629351448330705e-02
6.500000000000003553e-01 -8.499999999999998668e-01 1.972365246444925807e-02
6.500000000000003553e-01 -7.499999999999997780e-01 1.028338425588623539e-02
6.500000000000003553e-01 -6.499999999999998002e-01 8.150740638342642702e-03
6.500000000000003553e-01 -5.499999999999998224e-01 9.528077626694756233e-03
6.500000000000003553e-01 -4.499999999999998446e-01 1.960707065992698880e-02
6.500000000000003553e-01 -3.499999999999997558e-01 5.816751347330823690e-02
6.500000000000003553e-01 -2.499999999999997780e-01 3.114362153936555550e-02
6.500000000000003553e-01 -1.499999999999998002e-01 8.998637293157847258e-03
6.500000000000003553e-01 -4.999999999999982236e-02 5.099736693645823618e-03
6.500000000000003553e-01 5.000000000000015543e-02 5.195950722149223627e-03
6.500000000000003553e-01 1.500000000000002442e-01 9.193088211717260344e-03
6.500000000000003553e-01 2.500000000000003331e-01 3.574213217798533765e-02
6.500000000000003553e-01 3.500000000000001998e-01 4.396004428514110191e-02
6.500000000000003553e-01 4.500000000000002887e-01 1.356208378402557965e-02
6.500000000000003553e-01 5.500000000000001554e-01 8.554977345204810985e-03
6.500000000000003553e-01 6.500000000000002442e-01 7.822503249670348380e-03
6.500000000000003553e-01 7.500000000000003331e-01 1.067290295611288999e-02
6.500000000000003553e-01 8.500000000000001998e-01 2.244565868418356772e-02
6.500000000000003553e-01 9.500000000000002887e-01 7.818752902328024446e-02
7.500000000000004441e-01 -9.499999999999998446e-01 1.828073073856529770e-02
7.500000000000004441e-01 -8.499999999999998668e-01 1.216337749309187588e-02
7.500000000000004441e-01 -7.499999999999997780e-01 7.658442248443506767e-03
7.500000000000004441e-01 -6.499999999999998002e-01 5.895420867474512536e-03
7.500000000000004441e-01 -5.499999999999998224e-01 5.747618251867289522e-03
7.500000000000004441e-01 -4.499999999999998446e-01 7.404610420092409481e-03
7.500000000000004441e-01 -3.499999999999997558e-01 1.158899474842360437e-02
7.500000000000004441e-01 -2.499999999999997780e-01 1.336539796378518642e-02
7.500000000000004441e-01 -1.499999999999998002e-01 8.655277549151327993e-03
7.500000000000004441e-01 -4.999999999999982236e-02 6.166116225676761264e-03
7.500000000000004441e-01 5.000000000000015543e-02 6.211293954897953787e-03
7.500000000000004441e-01 1.500000000000002442e-01 9.092132069539479375e-03
7.500000000000004441e-01 2.500000000000003331e-01 1.279078341020326373e-02
7.500000000000004441e-01 3.500000000000001998e-01 9.976755402285276617e-03
7.500000000000004441e-01 4.500000000000002887e-01 6.794396048754968234e-03
7.500000000000004441e-01 5.500000000000001554e-01 5.517594547282399751e-03
7.500000000000004441e-01 6.500000000000002442e-01 6.092300677348398870e-03
7.500000000000004441e-01 7.500000000000003331e-01 8.304665872432401633e-03
7.500000000000004441e-01 8.500000000000001998e-01 1.400740051638581750e-02
7.500000000000004441e-01 9.500000000000002887e-01 1.952252996650062980e-02
8.500000000000003109e-01 -9.499999999999998446e-01 9.574910586330417223e-03
8.500000000000003109e-01 -8.499999999999998668e-01 1.001822645860040405e-02
8.500000000000003109e-01 -7.499999999999997780e-01 7.713231258906837889e-03
8.500000000000003109e-01 -6.499999999999998002e-01 5.357468481659444746e-03
8.500000000000003109e-01 -5.499999999999998224e-01 4.570666386395930147e-03
8.500000000000003109e-01 -4.499999999999998446e-01 4.963560731925646501e-03
8.500000000000003109e-01 -3.499999999999997558e-01 6.457808640849910242e-03
8.500000000000003109e-01 -2.499999999999997780e-01 9.164763539016776775e-03
8.500000000000003109e-01 -1.499999999999998002e-01 1.013053359661077353e-02
8.500000000000003109e-01 -4.999999999999982236e-02 8.243341491531044549e-03
8.500000000000003109e-01 5.000000000000015543e-02 8.075841333567174152e-03
8.500000000000003109e-01 1.500000000000002442e-01 9.563638148318278839e-03
8.500000000000003109e-01 2.500000000000003331e-01 8.281047219424525138e-03
8.500000000000003109e-01 3.500000000000001998e-01 6.015680847490635641e-03
8.500000000000003109e-01 4.500000000000002887e-01 4.730135140604038724e-03
8.500000000000003109e-01 5.500000000000001554e-01 4.706641105076150161e-03
8.500000000000003109e-01 6.500000000000002442e-01 5.814028436822514523e-03
8.500000000000003109e-01 7.500000000000003331e-01 8.348898980753312327e-03
8.500000000000003109e-01 8.500000000000001998e-01 1.049693998602314535e-02
8.500000000000003109e-01 9.500000000000002887e-01 9.788253431195706109e-03
9.500000000000003997e-01 -9.499999999999998446e-01 6.952576856189615108e-03
9.500000000000003997e-01 -8.499999999999998668e-01 9.076353112383471131e-03
9.500000000000003997e-01 -7.499999999999997780e-01 1.010204162116713940e-02
9.500000000000003997e-01 -6.499999999999998002e-01 7.518100902087794871e-03
9.500000000000003997e-01 -5.499999999999998224e-01 5.501326844128397349e-03
9.500000000000003997e-01 -4.499999999999998446e-01 5.003099863326938151e-03
9.500000000000003997e-01 -3.499999999999997558e-01 6.169641381018033978e-03
9.500000000000003997e-01 -2.499999999999997780e-01 8.878957421299160310e-03
9.500000000000003997e-01 -1.499999999999998002e-01 1.309356424278244370e-02
9.500000000000003997e-01 -4.999999999999982236e-02 1.629749787271557102e-02
9.500000000000003997e-01 5.000000000000015543e-02 1.563760374589049859e-02
9.500000000000003997e-01 1.500000000000002442e-01 1.189483860246030693e-02
9.500000000000003997e-01 2.500000000000003331e-01 7.932926305740869988e-03
9.500000000000003997e-01 3.500000000000001998e-01 5.737712933121356072e-03
9.500000000000003997e-01 4.500000000000002887e-01 5.166805144696863007e-03
9.500000000000003997e-01 5.500000000000001554e-01 5.925226714962145494e-03
9.500000000000003997e-01 6.500000000000002442e-01 8.515051531493879333e-03
9.500000000000003997e-01 7.500000000000003331e-01 1.090528733168915493e-02
9.500000000000003997e-01 8.500000000000001998e-01 9.092719257312999875e-03
9.500000000000003997e-01 9.500000000000002887e-01 6.842493499539085283e-03
