-9.499999999999997335e-01 -9.499999999999998446e-01 5.785223315484946255e-03
-9.499999999999997335e-01 -8.499999999999998668e-01 4.697760221587111984e-03
-9.499999999999997335e-01 -7.499999999999997780e-01 3.422290179164298989e-03
-9.499999999999997335e-01 -6.499999999999998002e-01 2.725020987542696796e-03
-9.499999999999997335e-01 -5.499999999999998224e-01 2.618989980427823515e-03
-9.499999999999997335e-01 -4.499999999999998446e-01 3.400183657268884916e-03
-9.499999999999997335e-01 -3.499999999999997558e-01 5.771047493553581320e-03
-9.499999999999997335e-01 -2.499999999999997780e-01 1.133067132174396356e-02
-9.499999999999997335e-01 -1.499999999999998002e-01 2.348607222091993185e-02
-9.499999999999997335e-01 -4.999999999999982236e-02 3.770768802111131718e-02
-9.499999999999997335e-01 5.000000000000015543e-02 3.646531068075992837e-02
-9.499999999999997335e-01 1.500000000000002442e-01 2.038435822522928140e-02
-9.499999999999997335e-01 2.500000000000003331e-01 1.001959340195284105e-02
-9.499999999999997335e-01 3.500000000000001998e-01 5.050954805820230716e-03
-9.499999999999997335e-01 4.500000000000002887e-01 3.153831794273013415e-03
-9.499999999999997335e-01 5.500000000000001554e-01 2.596025431765695314e-03
-9.499999999999997335e-01 6.500000000000002442e-01 2.791714406615739170e-03
-9.499999999999997335e-01 7.500000000000003331e-01 3.663389706693249027e-03
-9.499999999999997335e-01 8.500000000000001998e-01 4.906235520968868849e-03
-9.499999999999997335e-01 9.500000000000002887e-01 6.003358908174646034e-03
-8.499999999999997558e-01 -9.499999999999998446e-01 1.456921478870152123e-02
-8.499999999999997558e-01 -8.499999999999998668e-01 9.659787724927905439e-03
-8.499999999999997558e-01 -7.499999999999997780e-01 5.791347298681305891e-03
-8.499999999999997558e-01 -6.499999999999998002e-01 3.629111162888919336e-03
-8.499999999999997558e-01 -5.499999999999998224e-01 2.875877713310936567e-03
-8.499999999999997558e-01 -4.499999999999998446e-01 2.886417648140452395e-03
-8.499999999999997558e-01 -3.499999999999997558e-01 3.740039228448221835e-03
-8.499999999999997558e-01 -2.499999999999997780e-01 5.813647811837093990e-03
-8.499999999999997558e-01 -1.499999999999998002e-01 8.781826487085690747e-03
-8.499999999999997558e-01 -4.999999999999982236e-02 9.859142709960196094e-03
-8.499999999999997558e-01 5.000000000000015543e-02 9.699110681740622658e-03
-8.499999999999997558e-01 1.500000000000002442e-01 8.273990657001694532e-03
-8.499999999999997558e-01 2.500000000000003331e-01 5.235729271835491347e-03
-8.499999999999997558e-01 3.500000000000001998e-01 3.513747516203645158e-03
-8.499999999999997558e-01 4.500000000000002887e-01 2.828571532036985858e-03
-8.499999999999997558e-01 5.500000000000001554e-01 2.949951743296880778e-03
-8.499999999999997558e-01 6.500000000000002442e-01 4.003599698620627541e-03
-8.499999999999997558e-01 7.500000000000003331e-01 6.372422079619014489e-03
-8.499999999999997558e-01 8.500000000000001998e-01 1.096712897165284979e-02
-8.499999999999997558e-01 9.500000000000002887e-01 1.491475102602419188e-02
-7.499999999999997780e-01 -9.499999999999998446e-01 4.558673393733907175e-02
-7.499999999999997780e-01 -8.499999999999998668e-01 2.449156397683553005e-02
-7.499999999999997780e-01 -7.499999999999997780e-01 1.030246143140229123e-02
-7.499999999999997780e-01 -6.499999999999998002e-01 5.093203531249101274e-03
-7.499999999999997780e-01 -5.499999999999998224e-01 3.011482096480504363e-03
-7.499999999999997780e-01 -4.499999999999998446e-01 2.483241711284623395e-03
-7.499999999999997780e-01 -3.499999999999997558e-01 2.511179165358612322e-03
-7.499999999999997780e-01 -2.499999999999997780e-01 3.071122904256967830e-03
-7.499999999999997780e-01 -1.499999999999998002e-01 3.863741925248896560e-03
-7.499999999999997780e-01 -4.999999999999982236e-02 4.541807369328587814e-03
-7.499999999999997780e-01 5.000000000000015543e-02 4.400157532997357214e-03
-7.499999999999997780e-01 1.500000000000002442e-01 3.735682087056378317e-03
-7.499999999999997780e-01 2.500000000000003331e-01 2.917452374169550444e-03
-7.499999999999997780e-01 3.500000000000001998e-01 2.482377259085814455e-03
-7.499999999999997780e-01 4.500000000000002887e-01 2.509614979227940343e-03
-7.499999999999997780e-01 5.500000000000001554e-01 3.281619431214077409e-03
-7.499999999999997780e-01 6.500000000000002442e-01 5.609419733963812507e-03
-7.499999999999997780e-01 7.500000000000003331e-01 1.263573628919239383e-02
-7.499999999999997780e-01 8.500000000000001998e-01 2.858568301717235791e-02
-7.499999999999997780e-01 9.500000000000002887e-01 5.214663108387802143e-02
-6.499999999999996891e-01 -9.499999999999998446e-01 1.608430332040174104e-01
-6.499999999999996891e-01 -8.499999999999998668e-01 5.271788548939588398e-02
-6.499999999999996891e-01 -7.499999999999997780e-01 1.663844919983475945e-02
-6.499999999999996891e-01 -6.499999999999998002e-01 6.126706317897040281e-03
-6.499999999999996891e-01 -5.499999999999998224e-01 3.519916199361471879e-03
-6.499999999999996891e-01 -4.499999999999998446e-01 2.367678192528696775e-03
-6.499999999999996891e-01 -3.499999999999997558e-01 2.112777820846378860e-03
-6.499999999999996891e-01 -2.499999999999997780e-01 2.270313079373370655e-03
-6.499999999999996891e-01 -1.499999999999998002e-01 2.620763497363850537e-03
-6.499999999999996891e-01 -4.999999999999982236e-02 2.873594639739026225e-03
-6.499999999999996891e-01 5.000000000000015543e-02 2.862435343526736550e-03
-6.499999999999996891e-01 1.500000000000002442e-01 2.553333199893688052e-03
-6.499999999999996891e-01 2.500000000000003331e-01 2.230103549609255015e-03
-6.499999999999996891e-01 3.500000000000001998e-01 2.114828971381127899e-03
-6.499999999999996891e-01 4.500000000000002887e-01 2.483372931077858226e-03
-6.499999999999996891e-01 5.500000000000001554e-01 3.902251101485692056e-03
-6.499999999999996891e-01 6.500000000000002442e-01 7.396814390156022760e-03
-6.499999999999996891e-01 7.500000000000003331e-01 1.962058880376511133e-02
-6.499999999999996891e-01 8.500000000000001998e-01 7.495494274531494527e-02
-6.499999999999996891e-01 9.500000000000002887e-01 1.798590540109467617e-01
-5.499999999999997113e-01 -9.499999999999998446e-01 2.354057307102747354e-01
-5.499999999999997113e-01 -8.499999999999998668e-01 7.171217304736843268e-02
-5.499999999999997113e-01 -7.499999999999997780e-01 2.217327653099338686e-02
-5.499999999999997113e-01 -6.499999999999998002e-01 7.518852456721221086e-03
-5.499999999999997113e-01 -5.499999999999998224e-01 3.600099898422455189e-03
-5.499999999999997113e-01 -4.499999999999998446e-01 2.357146609529464729e-03
-5.499999999999997113e-01 -3.499999999999997558e-01 2.048958044267025404e-03
-5.499999999999997113e-01 -2.499999999999997780e-01 2.161475655977504462e-03
-5.499999999999997113e-01 -1.499999999999998002e-01 2.448787575131403885e-03
-5.499999999999997113e-01 -4.999999999999982236e-02 2.667732793420640302e-03
-5.499999999999997113e-01 5.000000000000015543e-02 2.650854859316101146e-03
-5.499999999999997113e-01 1.500000000000002442e-01 2.391851207356883360e-03
-5.499999999999997113e-01 2.500000000000003331e-01 2.121403866288231691e-03
-5.499999999999997113e-01 3.500000000000001998e-01 2.058290220230984870e-03
-5.499999999999997113e-01 4.500000000000002887e-01 2.474079221968334026e-03
-5.499999999999997113e-01 5.500000000000001554e-01 4.002012644375491437e-03
-5.499999999999997113e-01 6.500000000000002442e-01 8.970604108607694097e-03
-5.499999999999997113e-01 7.500000000000003331e-01 2.820014666195606520e-02
-5.499999999999997113e-01 8.500000000000001998e-01 8.447943320060308237e-02
-5.499999999999997113e-01 9.500000000000002887e-01 2.937317496555498786e-01
-4.499999999999997335e-01 -9.499999999999998446e-01 9.463978560774219395e-02
-4.499999999999997335e-01 -8.499999999999998668e-01 4.443881305766160528e-02
-4.499999999999997335e-01 -7.499999999999997780e-01 1.626331827018433554e-02
-4.499999999999997335e-01 -6.499999999999998002e-01 6.422769609712517501e-03
-4.499999999999997335e-01 -5.499999999999998224e-01 3.380518479689994648e-03
-4.499999999999997335e-01 -4.499999999999998446e-01 2.434244576240010040e-03
-4.499999999999997335e-01 -3.499999999999997558e-01 2.303589856236084622e-03
-4.499999999999997335e-01 -2.499999999999997780e-01 2.643166429677663420e-03
-4.499999999999997335e-01 -1.499999999999998002e-01 3.173341231567320102e-03
-4.499999999999997335e-01 -4.999999999999982236e-02 3.637078053349105267e-03
-4.499999999999997335e-01 5.000000000000015543e-02 3.549622717264956737e-03
-4.499999999999997335e-01 1.500000000000002442e-01 3.098430692304851141e-03
-4.499999999999997335e-01 2.500000000000003331e-01 2.547296950006999825e-03
-4.499999999999997335e-01 3.500000000000001998e-01 2.298036321494703951e-03
-4.499999999999997335e-01 4.500000000000002887e-01 2.526188278932032811e-03
-4.499999999999997335e-01 5.500000000000001554e-01 3.714796816594407355e-03
-4.499999999999997335e-01 6.500000000000002442e-01 7.504390381027958856e-03
-4.499999999999997335e-01 7.500000000000003331e-01 1.966737109173896311e-02
-4.499999999999997335e-01 8.500000000000001998e-01 5.643988498545805810e-02
-4.499999999999997335e-01 9.500000000000002887e-01 1.012054568059722742e-01
-3.499999999999996447e-01 -9.499999999999998446e-01 2.253876815040060239e-02
-3.499999999999996447e-01 -8.499999999999998668e-01 1.379002473217547792e-02
-3.499999999999996447e-01 -7.499999999999997780e-01 8.684893150453521990e-03
-3.499999999999996447e-01 -6.499999999999998002e-01 4.752695093633124181e-03
-3.499999999999996447e-01 -5.499999999999998224e-01 3.109351858117370779e-03
-3.499999999999996447e-01 -4.499999999999998446e-01 2.639949399875443897e-03
-3.499999999999996447e-01 -3.499999999999997558e-01 2.990916006001199251e-03
-3.499999999999996447e-01 -2.499999999999997780e-01 4.008759098489800277e-03
-3.499999999999996447e-01 -1.499999999999998002e-01 5.700059338853735377e-03
-3.499999999999996447e-01 -4.999999999999982236e-02 6.929234503188469452e-03
-3.499999999999996447e-01 5.000000000000015543e-02 6.860814576150185522e-03
-3.499999999999996447e-01 1.500000000000002442e-01 5.271543037769098675e-03
-3.499999999999996447e-01 2.500000000000003331e-01 3.798373374658403547e-03
-3.499999999999996447e-01 3.500000000000001998e-01 2.850726780912173075e-03
-3.499999999999996447e-01 4.500000000000002887e-01 2.671587674867457931e-03
-3.499999999999996447e-01 5.500000000000001554e-01 3.300833030813410830e-03
-3.499999999999996447e-01 6.500000000000002442e-01 5.225332465538080375e-03
-3.499999999999996447e-01 7.500000000000003331e-01 1.002315006527080936e-02
-3.499999999999996447e-01 8.500000000000001998e-01 1.577190281929309254e-02
-3.499999999999996447e-01 9.500000000000002887e-01 2.315350627542841350e-02
-2.499999999999996669e-01 -9.499999999999998446e-01 7.974794271554520517e-03
-2.499999999999996669e-01 -8.499999999999998668e-01 6.163089200002121702e-03
-2.499999999999996669e-01 -7.499999999999997780e-01 4.146590374514218594e-03
-2.499999999999996669e-01 -6.499999999999998002e-01 3.047360560858307973e-03
-2.499999999999996669e-01 -5.499999999999998224e-01 2.697083288393809127e-03
-2.499999999999996669e-01 -4.499999999999998446e-01 3.045164927629952396e-03
-2.499999999999996669e-01 -3.499999999999997558e-01 4.267712540590032702e-03
-2.499999999999996669e-01 -2.499999999999997780e-01 7.381239603422468619e-03
-2.499999999999996669e-01 -1.499999999999998002e-01 1.286519242854290181e-02
-2.499999999999996669e-01 -4.999999999999982236e-02 1.911252517964409647e-02
-2.499999999999996669e-01 5.000000000000015543e-02 1.768765560479085286e-02
-2.499999999999996669e-01 1.500000000000002442e-01 1.170458977989512032e-02
-2.499999999999996669e-01 2.500000000000003331e-01 6.380328838790649132e-03
-2.499999999999996669e-01 3.500000000000001998e-01 3.943786983863312341e-03
-2.499999999999996669e-01 4.500000000000002887e-01 2.901119550919786967e-03
-2.499999999999996669e-01 5.500000000000001554e-01 2.724980225101911180e-03
-2.499999999999996669e-01 6.500000000000002442e-01 3.163827779269941243e-03
-2.499999999999996669e-01 7.500000000000003331e-01 4.542020784140376674e-03
-2.499999999999996669e-01 8.500000000000001998e-01 6.496566280614964051e-03
-2.499999999999996669e-01 9.500000000000002887e-01 8.335321877740333243e-03
-1.499999999999996891e-01 -9.499999999999998446e-01 3.964802576208149680e-03
-1.499999999999996891e-01 -8.499999999999998668e-01 3.356963288557287574e-03
-1.499999999999996891e-01 -7.499999999999997780e-01 2.736880634118690411e-03
-1.499999999999996891e-01 -6.499999999999998002e-01 2.373252689914839841e-03
-1.499999999999996891e-01 -5.499999999999998224e-01 2.540325803189320570e-03
-1.499999999999996891e-01 -4.499999999999998446e-01 3.608286478265684914e-03
-1.499999999999996891e-01 -3.499999999999997558e-01 7.064258573019102996e-03
-1.499999999999996891e-01 -2.499999999999997780e-01 1.401301797599723356e-02
-1.499999999999996891e-01 -1.499999999999998002e-01 3.696517546355279626e-02
-1.499999999999996891e-01 -4.999999999999982236e-02 6.548189441162260982e-02
-1.499999999999996891e-01 5.000000000000015543e-02 6.082769554412285201e-02
-1.499999999999996891e-01 1.500000000000002442e-01 2.854619217844674151e-02
-1.499999999999996891e-01 2.500000000000003331e-01 1.171967655254468714e-02
-1.499999999999996891e-01 3.500000000000001998e-01 6.126191921508337100e-03
-1.499999999999996891e-01 4.500000000000002887e-01 3.315473553574634254e-03
-1.499999999999996891e-01 5.500000000000001554e-01 2.451540864612659996e-03
-1.499999999999996891e-01 6.500000000000002442e-01 2.411890512862124164e-03
-1.499999999999996891e-01 7.500000000000003331e-01 2.815815934373087741e-03
-1.499999999999996891e-01 8.500000000000001998e-01 3.519936133645010408e-03
-1.499999999999996891e-01 9.500000000000002887e-01 3.994127566623075810e-03
-4.999999999999971134e-02 -9.499999999999998446e-01 2.726333114682831862e-03
-4.999999999999971134e-02 -8.499999999999998668e-01 2.463877825817201682e-03
-4.999999999999971134e-02 -7.499999999999997780e-01 2.162006476241347310e-03
-4.999999999999971134e-02 -6.499999999999998002e-01 2.083838932375998640e-03
-4.999999999999971134e-02 -5.499999999999998224e-01 2.471664240396113325e-03
-4.999999999999971134e-02 -4.499999999999998446e-01 3.957126366902314132e-03
-4.999999999999971134e-02 -3.499999999999997558e-01 8.831495714882640902e-03
-4.999999999999971134e-02 -2.499999999999997780e-01 2.707956258276371722e-02
-4.999999999999971134e-02 -1.499999999999998002e-01 1.038695335678225529e-01
-4.999999999999971134e-02 -4.999999999999982236e-02 2.317638790001836646e-01
-4.999999999999971134e-02 5.000000000000015543e-02 1.842347633025106790e-01
-4.999999999999971134e-02 1.500000000000002442e-01 7.763200154624488869e-02
-4.999999999999971134e-02 2.500000000000003331e-01 2.128608904729896792e-02
-4.999999999999971134e-02 3.500000000000001998e-01 7.395673070161487041e-03
-4.999999999999971134e-02 4.500000000000002887e-01 3.564235263800673379e-03
-4.999999999999971134e-02 5.500000000000001554e-01 2.356695128386886422e-03
-4.999999999999971134e-02 6.500000000000002442e-01 2.070479977280707384e-03
-4.999999999999971134e-02 7.500000000000003331e-01 2.209147457503995906e-03
-4.999999999999971134e-02 8.500000000000001998e-01 2.507762975492097875e-03
-4.999999999999971134e-02 9.500000000000002887e-01 2.756349708644151124e-03
5.000000000000026645e-02 -9.499999999999998446e-01 2.725926899064077136e-03
5.000000000000026645e-02 -8.499999999999998668e-01 2.462345724602823822e-03
5.000000000000026645e-02 -7.499999999999997780e-01 2.158134724930295401e-03
5.000000000000026645e-02 -6.499999999999998002e-01 2.085319846809841841e-03
5.000000000000026645e-02 -5.499999999999998224e-01 2.480122089627817290e-03
5.000000000000026645e-02 -4.499999999999998446e-01 3.960379110178698613e-03
5.000000000000026645e-02 -3.499999999999997558e-01 8.828185964496889152e-03
5.000000000000026645e-02 -2.499999999999997780e-01 2.707154438004039446e-02
5.000000000000026645e-02 -1.499999999999998002e-01 1.026288843560513170e-01
5.000000000000026645e-02 -4.999999999999982236e-02 2.240870812191995964e-01
5.000000000000026645e-02 5.000000000000015543e-02 1.869470135594947791e-01
5.000000000000026645e-02 1.500000000000002442e-01 8.161481586901538077e-02
5.000000000000026645e-02 2.500000000000003331e-01 2.159669683626126366e-02
5.000000000000026645e-02 3.500000000000001998e-01 7.411276601516778723e-03
5.000000000000026645e-02 4.500000000000002887e-01 3.570689589784125772e-03
5.000000000000026645e-02 5.500000000000001554e-01 2.367208105975298835e-03
5.000000000000026645e-02 6.500000000000002442e-01 2.071126305084373953e-03
5.000000000000026645e-02 7.500000000000003331e-01 2.210272742337459403e-03
5.000000000000026645e-02 8.500000000000001998e-01 2.510581028161015197e-03
5.000000000000026645e-02 9.500000000000002887e-01 2.759502057827571773e-03
1.500000000000003553e-01 -9.499999999999998446e-01 3.969477317876207029e-03
1.500000000000003553e-01 -8.499999999999998668e-01 3.349745471645432671e-03
1.500000000000003553e-01 -7.499999999999997780e-01 2.732249203914711034e-03
1.500000000000003553e-01 -6.499999999999998002e-01 2.372044849984537417e-03
1.500000000000003553e-01 -5.499999999999998224e-01 2.550199482179309023e-03
1.500000000000003553e-01 -4.499999999999998446e-01 3.629507095760929700e-03
1.500000000000003553e-01 -3.499999999999997558e-01 7.047782596050880359e-03
1.500000000000003553e-01 -2.499999999999997780e-01 1.391258684159708478e-02
1.500000000000003553e-01 -1.499999999999998002e-01 3.592258050849723994e-02
1.500000000000003553e-01 -4.999999999999982236e-02 6.329277322703137643e-02
1.500000000000003553e-01 5.000000000000015543e-02 6.038974615789301920e-02
1.500000000000003553e-01 1.500000000000002442e-01 2.893440821796884263e-02
1.500000000000003553e-01 2.500000000000003331e-01 1.183642987612030031e-02
1.500000000000003553e-01 3.500000000000001998e-01 6.106536697184796088e-03
1.500000000000003553e-01 4.500000000000002887e-01 3.325971788570507553e-03
1.500000000000003553e-01 5.500000000000001554e-01 2.456213998345514390e-03
1.500000000000003553e-01 6.500000000000002442e-01 2.409986445966598532e-03
1.500000000000003553e-01 7.500000000000003331e-01 2.810957015585383023e-03
1.500000000000003553e-01 8.500000000000001998e-01 3.507798873576854857e-03
1.500000000000003553e-01 9.500000000000002887e-01 4.002010510410465918e-03
2.500000000000004441e-01 -9.499999999999998446e-01 8.008804962324455809e-03
2.500000000000004441e-01 -8.499999999999998668e-01 6.150370333073165892e-03
2.500000000000004441e-01 -7.499999999999997780e-01 4.133364345505764238e-03
2.500000000000004441e-01 -6.499999999999998002e-01 3.043759534923788472e-03
2.500000000000004441e-01 -5.499999999999998224e-01 2.698179971432864473e-03
2.500000000000004441e-01 -4.499999999999998446e-01 3.046934739890451698e-03
2.500000000000004441e-01 -3.499999999999997558e-01 4.256330004738675607e-03
2.500000000000004441e-01 -2.499999999999997780e-01 7.353103920135810150e-03
2.500000000000004441e-01 -1.499999999999998002e-01 1.269112644136027347e-02
2.500000000000004441e-01 -4.999999999999982236e-02 1.889057289573241663e-02
2.500000000000004441e-01 5.000000000000015543e-02 1.753536837707888110e-02
2.500000000000004441e-01 1.500000000000002442e-01 1.173234864717442524e-02
2.500000000000004441e-01 2.500000000000003331e-01 6.473835276970386562e-03
2.500000000000004441e-01 3.500000000000001998e-01 3.952675173443884367e-03
2.500000000000004441e-01 4.500000000000002887e-01 2.905194626371552982e-03
2.500000000000004441e-01 5.500000000000001554e-01 2.728339773414468952e-03
2.500000000000004441e-01 6.500000000000002442e-01 3.164239621751465965e-03
2.500000000000004441e-01 7.500000000000003331e-01 4.526512775581804406e-03
2.500000000000004441e-01 8.500000000000001998e-01 6.501429895420934857e-03
2.500000000000004441e-01 9.500000000000002887e-01 8.363334938089070011e-03
3.500000000000003109e-01 -9.499999999999998446e-01 2.273067271150261415e-02
3.500000000000003109e-01 -8.499999999999998668e-01 1.367021055188258165e-02
3.500000000000003109e-01 -7.499999999999997780e-01 8.538378952533499239e-03
3.500000000000003109e-01 -6.499999999999998002e-01 4.737860137568728966e-03
3.500000000000003109e-01 -5.499999999999998224e-01 3.104109836335994244e-03
3.500000000000003109e-01 -4.499999999999998446e-01 2.635277953255538846e-03
3.500000000000003109e-01 -3.499999999999997558e-01 2.993978711879456429e-03
3.500000000000003109e-01 -2.499999999999997780e-01 4.022672566266898529e-03
3.500000000000003109e-01 -1.499999999999998002e-01 5.711355538483911531e-03
3.500000000000003109e-01 -4.999999999999982236e-02 6.906213964991003360e-03
3.500000000000003109e-01 5.000000000000015543e-02 6.840423575657799196e-03
3.500000000000003109e-01 1.500000000000002442e-01 5.289128005802683566e-03
3.500000000000003109e-01 2.500000000000003331e-01 3.799094492148984148e-03
3.500000000000003109e-01 3.500000000000001998e-01 2.855851178590799230e-03
3.500000000000003109e-01 4.500000000000002887e-01 2.669806145485689296e-03
3.500000000000003109e-01 5.500000000000001554e-01 3.294362955893192189e-03
3.500000000000003109e-01 6.500000000000002442e-01 5.254350140390644068e-03
3.500000000000003109e-01 7.500000000000003331e-01 1.010216448067657868e-02
3.500000000000003109e-01 8.500000000000001998e-01 1.610741444371549883e-02
3.500000000000003109e-01 9.500000000000002887e-01 2.352661758543263607e-02
4.500000000000003997e-01 -9.499999999999998446e-01 9.607445869318777254e-02
4.500000000000003997e-01 -8.499999999999998668e-01 4.378198341767551571e-02
4.500000000000003997e-01 -7.499999999999997780e-01 1.607721559621747703e-02
4.500000000000003997e-01 -6.499999999999998002e-01 6.445683627740857354e-03
4.500000000000003997e-01 -5.499999999999998224e-01 3.376099924201712149e-03
4.500000000000003997e-01 -4.499999999999998446e-01 2.426091812321918076e-03
4.500000000000003997e-01 -3.499999999999997558e-01 2.303875430478811819e-03
4.500000000000003997e-01 -2.499999999999997780e-01 2.649779129940786973e-03
4.500000000000003997e-01 -1.499999999999998002e-01 3.178792011584969258e-03
4.500000000000003997e-01 -4.999999999999982236e-02 3.633114818195881494e-03
4.500000000000003997e-01 5.000000000000015543e-02 3.548084615898013973e-03
4.500000000000003997e-01 1.500000000000002442e-01 3.104686796400430143e-03
4.500000000000003997e-01 2.500000000000003331e-01 2.553997238207502893e-03
4.500000000000003997e-01 3.500000000000001998e-01 2.297559873390134320e-03
4.500000000000003997e-01 4.500000000000002887e-01 2.514255022806432052e-03
4.500000000000003997e-01 5.500000000000001554e-01 3.699532592838240472e-03
4.500000000000003997e-01 6.500000000000002442e-01 7.465958949278508200e-03
4.500000000000003997e-01 7.500000000000003331e-01 1.978715068890799303e-02
4.500000000000003997e-01 8.500000000000001998e-01 5.800270380777888812e-02
4.500000000000003997e-01 9.500000000000002887e-01 1.052254522139752652e-01
5.500000000000002665e-01 -9.499999999999998446e-01 2.331479242421270193e-01
5.500000000000002665e-01 -8.499999999999998668e-01 7.075272519330105814e-02
5.500000000000002665e-01 -7.499999999999997780e-01 2.178265566807338627e-02
5.500000000000002665e-01 -6.499999999999998002e-01 7.568955153962821265e-03
5.500000000000002665e-01 -5.499999999999998224e-01 3.586308462628931115e-03
5.500000000000002665e-01 -4.499999999999998446e-01 2.352042704755925862e-03
5.500000000000002665e-01 -3.499999999999997558e-01 2.047740359520438744e-03
5.500000000000002665e-01 -2.499999999999997780e-01 2.160185138833932861e-03
5.500000000000002665e-01 -1.499999999999998002e-01 2.447516342214276722e-03
5.500000000000002665e-01 -4.999999999999982236e-02 2.665760484579932695e-03
5.500000000000002665e-01 5.000000000000015543e-02 2.650562229343433104e-03
5.500000000000002665e-01 1.500000000000002442e-01 2.394609907122629416e-03
5.500000000000002665e-01 2.500000000000003331e-01 2.121999201530701262e-03
5.500000000000002665e-01 3.500000000000001998e-01 2.057890833276603687e-03
5.500000000000002665e-01 4.500000000000002887e-01 2.471208833748345882e-03
5.500000000000002665e-01 5.500000000000001554e-01 3.983200454214837725e-03
5.500000000000002665e-01 6.500000000000002442e-01 9.009102607626459300e-03
5.500000000000002665e-01 7.500000000000003331e-01 2.793869827422611543e-02
5.500000000000002665e-01 8.500000000000001998e-01 8.503957726351792090e-02
5.500000000000002665e-01 9.500000000000002887e-01 2.967124676488751556e-01
6.500000000000003553e-01 -9.499999999999998446e-01 1.615422148199806840e-01
6.500000000000003553e-01 -8.499999999999998668e-01 5.450889835895241647e-02
6.500000000000003553e-01 -7.499999999999997780e-01 1.680303783327152453e-02
6.500000000000003553e-01 -6.499999999999998002e-01 6.095440715019445274e-03
6.500000000000003553e-01 -5.499999999999998224e-01 3.539121892754600388e-03
6.500000000000003553e-01 -4.499999999999998446e-01 2.374360983430843543e-03
6.500000000000003553e-01 -3.499999999999997558e-01 2.113574454920334050e-03
6.500000000000003553e-01 -2.499999999999997780e-01 2.271385523352636732e-03
6.500000000000003553e-01 -1.499999999999998002e-01 2.621258851211827161e-03
6.500000000000003553e-01 -4.999999999999982236e-02 2.877847104923841100e-03
6.500000000000003553e-01 5.000000000000015543e-02 2.862360461143406438e-03
6.500000000000003553e-01 1.500000000000002442e-01 2.547527338885775296e-03
6.500000000000003553e-01 2.500000000000003331e-01 2.227931960455085524e-03
6.500000000000003553e-01 3.500000000000001998e-01 2.115430034118175907e-03
6.500000000000003553e-01 4.500000000000002887e-01 2.491175340287664353e-03
6.500000000000003553e-01 5.500000000000001554e-01 3.921687097210496686e-03
6.500000000000003553e-01 6.500000000000002442e-01 7.388935794278194552e-03
6.500000000000003553e-01 7.500000000000003331e-01 1.965439526232918774e-02
6.500000000000003553e-01 8.500000000000001998e-01 7.439041392997557123e-02
6.500000000000003553e-01 9.500000000000002887e-01 1.715115500194872300e-01
7.500000000000004441e-01 -9.499999999999998446e-01 4.517759642748595678e-02
7.500000000000004441e-01 -8.499999999999998668e-01 2.467848224568417598e-02
7.500000000000004441e-01 -7.499999999999997780e-01 1.049014897267340138e-02
7.500000000000004441e-01 -6.499999999999998002e-01 5.083341828192862281e-03
7.500000000000004441e-01 -5.499999999999998224e-01 3.019260730809105245e-03
7.500000000000004441e-01 -4.499999999999998446e-01 2.487641455298508601e-03
7.500000000000004441e-01 -3.499999999999997558e-01 2.510662831701350461e-03
7.500000000000004441e-01 -2.499999999999997780e-01 3.057099857138220397e-03
7.500000000000004441e-01 -1.499999999999998002e-01 3.854230466534460525e-03
7.500000000000004441e-01 -4.999999999999982236e-02 4.550354245895809301e-03
7.500000000000004441e-01 5.000000000000015543e-02 4.408540150540482712e-03
7.500000000000004441e-01 1.500000000000002442e-01 3.734543707570442666e-03
7.500000000000004441e-01 2.500000000000003331e-01 2.908831220710071924e-03
7.500000000000004441e-01 3.500000000000001998e-01 2.481370163389732836e-03
7.500000000000004441e-01 4.500000000000002887e-01 2.514742209269810614e-03
7.500000000000004441e-01 5.500000000000001554e-01 3.300013668492630253e-03
7.500000000000004441e-01 6.500000000000002442e-01 5.587752385692002291e-03
7.500000000000004441e-01 7.500000000000003331e-01 1.256309718506658582e-02
7.500000000000004441e-01 8.500000000000001998e-01 2.788202752626857059e-02
7.500000000000004441e-01 9.500000000000002887e-01 5.062236670475315364e-02
8.500000000000003109e-01 -9.499999999999998446e-01 1.445252312161624843e-02
8.500000000000003109e-01 -8.499999999999998668e-01 9.709647167284516170e-03
8.500000000000003109e-01 -7.499999999999997780e-01 5.833218075656942773e-03
8.500000000000003109e-01 -6.499999999999998002e-01 3.650089032640638047e-03
8.500000000000003109e-01 -5.499999999999998224e-01 2.876271813372995815e-03
8.500000000000003109e-01 -4.499999999999998446e-01 2.888658277258798063e-03
8.500000000000003109e-01 -3.499999999999997558e-01 3.741517600577260860e-03
8.500000000000003109e-01 -2.499999999999997780e-01 5.815365070863449080e-03
8.500000000000003109e-01 -1.499999999999998002e-01 8.821202000511063623e-03
8.500000000000003109e-01 -4.999999999999982236e-02 9.890691214076638427e-03
8.500000000000003109e-01 5.000000000000015543e-02 9.754488072117088737e-03
8.500000000000003109e-01 1.500000000000002442e-01 8.253199518666964538e-03
8.500000000000003109e-01 2.500000000000003331e-01 5.201734611501506074e-03
8.500000000000003109e-01 3.500000000000001998e-01 3.509458720867234850e-03
8.500000000000003109e-01 4.500000000000002887e-01 2.826558561323289781e-03
8.500000000000003109e-01 5.500000000000001554e-01 2.944922582056364903e-03
8.500000000000003109e-01 6.500000000000002442e-01 4.000843017252738755e-03
8.500000000000003109e-01 7.500000000000003331e-01 6.351451003491389614e-03
8.500000000000003109e-01 8.500000000000001998e-01 1.085224744823767851e-02
8.500000000000003109e-01 9.500000000000002887e-01 1.479895587562749665e-02
9.500000000000003997e-01 -9.499999999999998446e-01 5.766774286260566151e-03
9.500000000000003997e-01 -8.499999999999998668e-01 4.699598484169178851e-03
9.500000000000003997e-01 -7.499999999999997780e-01 3.431266714543434061e-03
9.500000000000003997e-01 -6.499999999999998002e-01 2.727390975143283939e-03
9.500000000000003997e-01 -5.499999999999998224e-01 2.613197097211674737e-03
9.500000000000003997e-01 -4.499999999999998446e-01 3.392099603807172646e-03
9.500000000000003997e-01 -3.499999999999997558e-01 5.796716481046043645e-03
9.500000000000003997e-01 -2.499999999999997780e-01 1.141799619155003769e-02
9.500000000000003997e-01 -1.499999999999998002e-01 2.413654934620420092e-02
9.500000000000003997e-01 -4.999999999999982236e-02 3.864679126646796553e-02
9.500000000000003997e-01 5.000000000000015543e-02 3.675535855015277936e-02
9.500000000000003997e-01 1.500000000000002442e-01 2.022443712551287229e-02
9.500000000000003997e-01 2.500000000000003331e-01 9.900513674029878461e-03
9.500000000000003997e-01 3.500000000000001998e-01 5.019672411477742700e-03
9.500000000000003997e-01 4.500000000000002887e-01 3.149705217173875711e-03
9.500000000000003997e-01 5.500000000000001554e-01 2.591033898541847662e-03
9.500000000000003997e-01 6.500000000000002442e-01 2.791438237969674167e-03
9.500000000000003997e-01 7.500000000000003331e-01 3.682607395040642627e-03
9.500000000000003997e-01 8.500000000000001998e-01 4.911688628614270871e-03
9.500000000000003997e-01 9.500000000000002887e-01 5.985409415740083547e-03
