-9.499999999999997335e-01 -9.499999999999998446e-01 3.941103600984994376e-02
-9.499999999999997335e-01 -8.499999999999998668e-01 3.060416353773977305e-02
-9.499999999999997335e-01 -7.499999999999997780e-01 2.112105222423020859e-02
-9.499999999999997335e-01 -6.499999999999998002e-01 1.618674065303452730e-02
-9.499999999999997335e-01 -5.499999999999998224e-01 1.542825994335662865e-02
-9.499999999999997335e-01 -4.499999999999998446e-01 2.091173888985375928e-02
-9.499999999999997335e-01 -3.499999999999997558e-01 3.856224038602209386e-02
-9.499999999999997335e-01 -2.499999999999997780e-01 9.374295762152694278e-02
-9.499999999999997335e-01 -1.499999999999998002e-01 2.799348530913673971e-01
-9.499999999999997335e-01 -4.999999999999982236e-02 6.319739023384568499e-01
-9.499999999999997335e-01 5.000000000000015543e-02 5.831293006857991568e-01
-9.499999999999997335e-01 1.500000000000002442e-01 2.213175119305306748e-01
-9.499999999999997335e-01 2.500000000000003331e-01 8.090408636682874799e-02
-9.499999999999997335e-01 3.500000000000001998e-01 3.352819239377061167e-02
-9.499999999999997335e-01 4.500000000000002887e-01 1.954451667442714397e-02
-9.499999999999997335e-01 5.500000000000001554e-01 1.536531328501246525e-02
-9.499999999999997335e-01 6.500000000000002442e-01 1.655602614406340850e-02
-9.499999999999997335e-01 7.500000000000003331e-01 2.283706031637867950e-02
-9.499999999999997335e-01 8.500000000000001998e-01 3.218771079193197965e-02
-9.499999999999997335e-01 9.500000000000002887e-01 4.105224693034369154e-02
-8.499999999999997558e-01 -9.499999999999998446e-01 1.336040178893275476e-01
-8.499999999999997558e-01 -8.499999999999998668e-01 7.519856111165144907e-02
-8.499999999999997558e-01 -7.499999999999997780e-01 3.947690062216070023e-02
-8.499999999999997558e-01 -6.499999999999998002e-01 2.288156789117496218e-02
-8.499999999999997558e-01 -5.499999999999998224e-01 1.717753558366661576e-02
-8.499999999999997558e-01 -4.499999999999998446e-01 1.753878612143305871e-02
-8.499999999999997558e-01 -3.499999999999997558e-01 2.323605630011413639e-02
-8.499999999999997558e-01 -2.499999999999997780e-01 3.859400264180846973e-02
-8.499999999999997558e-01 -1.499999999999998002e-01 6.614027836569762175e-02
-8.499999999999997558e-01 -4.999999999999982236e-02 7.754122032325502789e-02
-8.499999999999997558e-01 5.000000000000015543e-02 7.509742582143492939e-02
-8.499999999999997558e-01 1.500000000000002442e-01 6.147739255287527210e-02
-8.499999999999997558e-01 2.500000000000003331e-01 3.494488605525805647e-02
-8.499999999999997558e-01 3.500000000000001998e-01 2.172616659471121939e-02
-8.499999999999997558e-01 4.500000000000002887e-01 1.706586417016011520e-02
-8.499999999999997558e-01 5.500000000000001554e-01 1.772206202319943913e-02
-8.499999999999997558e-01 6.500000000000002442e-01 2.578060013614239671e-02
-8.499999999999997558e-01 7.500000000000003331e-01 4.378128355057369497e-02
-8.499999999999997558e-01 8.500000000000001998e-01 9.058087891333854724e-02
-8.499999999999997558e-01 9.500000000000002887e-01 1.387936707614147724e-01
-7.499999999999997780e-01 -9.499999999999998446e-01 8.860735541806963322e-01
-7.499999999999997780e-01 -8.499999999999998668e-01 3.061870433876303088e-01
-7.499999999999997780e-01 -7.499999999999997780e-01 8.352892895401030360e-02
-7.499999999999997780e-01 -6.499999999999998002e-01 3.388412905632994659e-02
-7.499999999999997780e-01 -5.499999999999998224e-01 1.824758840194054543e-02
-7.499999999999997780e-01 -4.499999999999998446e-01 1.449599717762176804e-02
-7.499999999999997780e-01 -3.499999999999997558e-01 1.461397571666613396e-02
-7.499999999999997780e-01 -2.499999999999997780e-01 1.840383525196213899e-02
-7.499999999999997780e-01 -1.499999999999998002e-01 2.414246492152116730e-02
-7.499999999999997780e-01 -4.999999999999982236e-02 2.903565913574901111e-02
-7.499999999999997780e-01 5.000000000000015543e-02 2.820068463825481028e-02
-7.499999999999997780e-01 1.500000000000002442e-01 2.326774827019105485e-02
-7.499999999999997780e-01 2.500000000000003331e-01 1.747570665726360523e-02
-7.499999999999997780e-01 3.500000000000001998e-01 1.450989328197275705e-02
-7.499999999999997780e-01 4.500000000000002887e-01 1.468620086424083683e-02
-7.499999999999997780e-01 5.500000000000001554e-01 2.020533829080314869e-02
-7.499999999999997780e-01 6.500000000000002442e-01 3.767921209502102242e-02
-7.499999999999997780e-01 7.500000000000003331e-01 1.097255417341378297e-01
-7.499999999999997780e-01 8.500000000000001998e-01 3.912678374828750805e-01
-7.499999999999997780e-01 9.500000000000002887e-01 1.230156434372438046e+00
-6.499999999999996891e-01 -9.499999999999998446e-01 7.539754243530629729e+00
-6.499999999999996891e-01 -8.499999999999998668e-01 1.249741385523663206e+00
-6.499999999999996891e-01 -7.499999999999997780e-01 1.664228582408458779e-01
-6.499999999999996891e-01 -6.499999999999998002e-01 4.331262684568491783e-02
-6.499999999999996891e-01 -5.499999999999998224e-01 2.192695409131470777e-02
-6.499999999999996891e-01 -4.499999999999998446e-01 1.376595709062508784e-02
-6.499999999999996891e-01 -3.499999999999997558e-01 1.204923263716116584e-02
-6.499999999999996891e-01 -2.499999999999997780e-01 1.308757625335693273e-02
-6.499999999999996891e-01 -1.499999999999998002e-01 1.542620836002402997e-02
-6.499999999999996891e-01 -4.999999999999982236e-02 1.725069154135995195e-02
-6.499999999999996891e-01 5.000000000000015543e-02 1.718058525525323343e-02
-6.499999999999996891e-01 1.500000000000002442e-01 1.503905625745710628e-02
-6.499999999999996891e-01 2.500000000000003331e-01 1.286240895358643777e-02
-6.499999999999996891e-01 3.500000000000001998e-01 1.206535522357197500e-02
-6.499999999999996891e-01 4.500000000000002887e-01 1.437912340651891809e-02
-6.499999999999996891e-01 5.500000000000001554e-01 2.433292005577181866e-02
-6.499999999999996891e-01 6.500000000000002442e-01 5.234206697923348556e-02
-6.499999999999996891e-01 7.500000000000003331e-01 2.074183300232425864e-01
-6.499999999999996891e-01 8.500000000000001998e-01 2.293726312516374044e+00
-6.499999999999996891e-01 9.500000000000002887e-01 7.841946104767637316e+00
-5.499999999999997113e-01 -9.499999999999998446e-01 1.038913707796227115e+01
-5.499999999999997113e-01 -8.499999999999998668e-01 3.020208589788123899e+00
-5.499999999999997113e-01 -7.499999999999997780e-01 2.754897903056169328e-01
-5.499999999999997113e-01 -6.499999999999998002e-01 5.585592478590545307e-02
-5.499999999999997113e-01 -5.499999999999998224e-01 2.256974953115477300e-02
-5.499999999999997113e-01 -4.499999999999998446e-01 1.375209837413053290e-02
-5.499999999999997113e-01 -3.499999999999997558e-01 1.165257796371649800e-02
-5.499999999999997113e-01 -2.499999999999997780e-01 1.238863314553597349e-02
-5.499999999999997113e-01 -1.499999999999998002e-01 1.432511144161831632e-02
-5.499999999999997113e-01 -4.999999999999982236e-02 1.586921577946756243e-02
-5.499999999999997113e-01 5.000000000000015543e-02 1.579446403573481206e-02
-5.499999999999997113e-01 1.500000000000002442e-01 1.398854947835864032e-02
-5.499999999999997113e-01 2.500000000000003331e-01 1.213936157705809184e-02
-5.499999999999997113e-01 3.500000000000001998e-01 1.167946403959922025e-02
-5.499999999999997113e-01 4.500000000000002887e-01 1.437947347229916184e-02
-5.499999999999997113e-01 5.500000000000001554e-01 2.492450277412664589e-02
-5.499999999999997113e-01 6.500000000000002442e-01 6.839468596885110718e-02
-5.499999999999997113e-01 7.500000000000003331e-01 3.675381640736802846e-01
-5.499999999999997113e-01 8.500000000000001998e-01 3.078482578097732958e+00
-5.499999999999997113e-01 9.500000000000002887e-01 1.207403018899087499e+01
-4.499999999999997335e-01 -9.499999999999998446e-01 3.477821946576196144e+00
-4.499999999999997335e-01 -8.499999999999998668e-01 9.557005504465300172e-01
-4.499999999999997335e-01 -7.499999999999997780e-01 1.621078460944231359e-01
-4.499999999999997335e-01 -6.499999999999998002e-01 4.584518926742846973e-02
-4.499999999999997335e-01 -5.499999999999998224e-01 2.098351958089031410e-02
-4.499999999999997335e-01 -4.499999999999998446e-01 1.423464691522003701e-02
-4.499999999999997335e-01 -3.499999999999997558e-01 1.334383047508439987e-02
-4.499999999999997335e-01 -2.499999999999997780e-01 1.554173854712163558e-02
-4.499999999999997335e-01 -1.499999999999998002e-01 1.929456780913060485e-02
-4.499999999999997335e-01 -4.999999999999982236e-02 2.270060024829321371e-02
-4.499999999999997335e-01 5.000000000000015543e-02 2.204156271737840039e-02
-4.499999999999997335e-01 1.500000000000002442e-01 1.885329393478465260e-02
-4.499999999999997335e-01 2.500000000000003331e-01 1.497517719823297441e-02
-4.499999999999997335e-01 3.500000000000001998e-01 1.330473514845226246e-02
-4.499999999999997335e-01 4.500000000000002887e-01 1.473677978257628869e-02
-4.499999999999997335e-01 5.500000000000001554e-01 2.288770835371904677e-02
-4.499999999999997335e-01 6.500000000000002442e-01 5.429482348542361697e-02
-4.499999999999997335e-01 7.500000000000003331e-01 2.060747779295820648e-01
-4.499999999999997335e-01 8.500000000000001998e-01 1.514948234326073839e+00
-4.499999999999997335e-01 9.500000000000002887e-01 3.925680026666201972e+00
-3.499999999999996447e-01 -9.499999999999998446e-01 2.573258836003450845e-01
-3.499999999999996447e-01 -8.499999999999998668e-01 1.251566004397253462e-01
-3.499999999999996447e-01 -7.499999999999997780e-01 6.664308708740150633e-02
-3.499999999999996447e-01 -6.499999999999998002e-01 3.148779297500872709e-02
-3.499999999999996447e-01 -5.499999999999998224e-01 1.893005836993474217e-02
-3.499999999999996447e-01 -4.499999999999998446e-01 1.567911026243477488e-02
-3.499999999999996447e-01 -3.499999999999997558e-01 1.794966408051636847e-02
-3.499999999999996447e-01 -2.499999999999997780e-01 2.534776492221888292e-02
-3.499999999999996447e-01 -1.499999999999998002e-01 3.832033113985313516e-02
-3.499999999999996447e-01 -4.999999999999982236e-02 4.916804288896972630e-02
-3.499999999999996447e-01 5.000000000000015543e-02 4.875354422080342004e-02
-3.499999999999996447e-01 1.500000000000002442e-01 3.522380190696152574e-02
-3.499999999999996447e-01 2.500000000000003331e-01 2.374922416771932734e-02
-3.499999999999996447e-01 3.500000000000001998e-01 1.711729019242150956e-02
-3.499999999999996447e-01 4.500000000000002887e-01 1.606121711901529678e-02
-3.499999999999996447e-01 5.500000000000001554e-01 2.015645937319471975e-02
-3.499999999999996447e-01 6.500000000000002442e-01 3.411988319255602337e-02
-3.499999999999996447e-01 7.500000000000003331e-01 7.888445536362663491e-02
-3.499999999999996447e-01 8.500000000000001998e-01 1.452530424496517869e-01
-3.499999999999996447e-01 9.500000000000002887e-01 2.642172182455291840e-01
-2.499999999999996669e-01 -9.499999999999998446e-01 5.823256509159141503e-02
-2.499999999999996669e-01 -8.499999999999998668e-01 4.261096392842964736e-02
-2.499999999999996669e-01 -7.499999999999997780e-01 2.629389173486448850e-02
-2.499999999999996669e-01 -6.499999999999998002e-01 1.843396359116648842e-02
-2.499999999999996669e-01 -5.499999999999998224e-01 1.626131879733548266e-02
-2.499999999999996669e-01 -4.499999999999998446e-01 1.831541123482397643e-02
-2.499999999999996669e-01 -3.499999999999997558e-01 2.768718988395678718e-02
-2.499999999999996669e-01 -2.499999999999997780e-01 5.310466169677334480e-02
-2.499999999999996669e-01 -1.499999999999998002e-01 1.121158918797959120e-01
-2.499999999999996669e-01 -4.999999999999982236e-02 1.990600569659452812e-01
-2.499999999999996669e-01 5.000000000000015543e-02 1.764113216930823236e-01
-2.499999999999996669e-01 1.500000000000002442e-01 9.759165344378860352e-02
-2.499999999999996669e-01 2.500000000000003331e-01 4.443468640103756528e-02
-2.499999999999996669e-01 3.500000000000001998e-01 2.503440601734551602e-02
-2.499999999999996669e-01 4.500000000000002887e-01 1.740552236546548392e-02
-2.499999999999996669e-01 5.500000000000001554e-01 1.641789502369171358e-02
-2.499999999999996669e-01 6.500000000000002442e-01 1.907338295553883886e-02
-2.499999999999996669e-01 7.500000000000003331e-01 2.899112284223539018e-02
-2.499999999999996669e-01 8.500000000000001998e-01 4.472359170428777397e-02
-2.499999999999996669e-01 9.500000000000002887e-01 6.196909231732086742e-02
-1.499999999999996891e-01 -9.499999999999998446e-01 2.493892997530055416e-02
-1.499999999999996891e-01 -8.499999999999998668e-01 2.053215770864913470e-02
-1.499999999999996891e-01 -7.499999999999997780e-01 1.628848440626467706e-02
-1.499999999999996891e-01 -6.499999999999998002e-01 1.378067113880118884e-02
-1.499999999999996891e-01 -5.499999999999998224e-01 1.484846094207466390e-02
-1.499999999999996891e-01 -4.499999999999998446e-01 2.213153209819606476e-02
-1.499999999999996891e-01 -3.499999999999997558e-01 5.016335140050129371e-02
-1.499999999999996891e-01 -2.499999999999997780e-01 1.249329320801139953e-01
-1.499999999999996891e-01 -1.499999999999998002e-01 6.684811260325003168e-01
-1.499999999999996891e-01 -4.999999999999982236e-02 1.999771908415023169e+00
-1.499999999999996891e-01 5.000000000000015543e-02 1.639186165076877089e+00
-1.499999999999996891e-01 1.500000000000002442e-01 3.740813481175507826e-01
-1.499999999999996891e-01 2.500000000000003331e-01 9.888629244136230845e-02
-1.499999999999996891e-01 3.500000000000001998e-01 4.294357153420529788e-02
-1.499999999999996891e-01 4.500000000000002887e-01 2.040697616539170409e-02
-1.499999999999996891e-01 5.500000000000001554e-01 1.432393091275747585e-02
-1.499999999999996891e-01 6.500000000000002442e-01 1.393385971736009303e-02
-1.499999999999996891e-01 7.500000000000003331e-01 1.668142081951348374e-02
-1.499999999999996891e-01 8.500000000000001998e-01 2.163978510131749425e-02
-1.499999999999996891e-01 9.500000000000002887e-01 2.515887343195144857e-02
-4.999999999999971134e-02 -9.499999999999998446e-01 1.625590452615023260e-02
-4.999999999999971134e-02 -8.499999999999998668e-01 1.445487280357002705e-02
-4.999999999999971134e-02 -7.499999999999997780e-01 1.240922394968241652e-02
-4.999999999999971134e-02 -6.499999999999998002e-01 1.183977913182870240e-02
-4.999999999999971134e-02 -5.499999999999998224e-01 1.435635986356071161e-02
-4.999999999999971134e-02 -4.499999999999998446e-01 2.469056561570348932e-02
-4.999999999999971134e-02 -3.499999999999997558e-01 6.604202970718470178e-02
-4.999999999999971134e-02 -2.499999999999997780e-01 3.565499545353995603e-01
-4.999999999999971134e-02 -1.499999999999998002e-01 4.297543558668518671e+00
-4.999999999999971134e-02 -4.999999999999982236e-02 9.707629945585811271e+00
-4.999999999999971134e-02 5.000000000000015543e-02 8.903975276384230142e+00
-4.999999999999971134e-02 1.500000000000002442e-01 3.078821220767145483e+00
-4.999999999999971134e-02 2.500000000000003331e-01 2.448617764016942089e-01
-4.999999999999971134e-02 3.500000000000001998e-01 5.441927358717457697e-02
-4.999999999999971134e-02 4.500000000000002887e-01 2.215024997670153595e-02
-4.999999999999971134e-02 5.500000000000001554e-01 1.372469209780188132e-02
-4.999999999999971134e-02 6.500000000000002442e-01 1.178337706659561383e-02
-4.999999999999971134e-02 7.500000000000003331e-01 1.267449518552331462e-02
-4.999999999999971134e-02 8.500000000000001998e-01 1.468601743473547418e-02
-4.999999999999971134e-02 9.500000000000002887e-01 1.645024955082229415e-02
5.000000000000026645e-02 -9.499999999999998446e-01 1.629296443584617865e-02
5.000000000000026645e-02 -8.499999999999998668e-01 1.445023796350922152e-02
5.000000000000026645e-02 -7.499999999999997780e-01 1.240385807871737488e-02
5.000000000000026645e-02 -6.499999999999998002e-01 1.186259413143477687e-02
5.000000000000026645e-02 -5.499999999999998224e-01 1.443256477663152140e-02
5.000000000000026645e-02 -4.499999999999998446e-01 2.453336218636186644e-02
5.000000000000026645e-02 -3.499999999999997558e-01 6.621116690525122306e-02
5.000000000000026645e-02 -2.499999999999997780e-01 3.530603635941357288e-01
5.000000000000026645e-02 -1.499999999999998002e-01 3.860685099129895104e+00
5.000000000000026645e-02 -4.999999999999982236e-02 9.154670867955335467e+00
5.000000000000026645e-02 5.000000000000015543e-02 8.614083654817967783e+00
5.000000000000026645e-02 1.500000000000002442e-01 3.227034475882368803e+00
5.000000000000026645e-02 2.500000000000003331e-01 2.592957635983554887e-01
5.000000000000026645e-02 3.500000000000001998e-01 5.498548327412227515e-02
5.000000000000026645e-02 4.500000000000002887e-01 2.229565018778120744e-02
5.000000000000026645e-02 5.500000000000001554e-01 1.380764970694247674e-02
5.000000000000026645e-02 6.500000000000002442e-01 1.180628106672953516e-02
5.000000000000026645e-02 7.500000000000003331e-01 1.272218844053737453e-02
5.000000000000026645e-02 8.500000000000001998e-01 1.472225920330334434e-02
5.000000000000026645e-02 9.500000000000002887e-01 1.651276682746239885e-02
1.500000000000003553e-01 -9.499999999999998446e-01 2.514217739413490693e-02
1.500000000000003553e-01 -8.499999999999998668e-01 2.057867453260551691e-02
1.500000000000003553e-01 -7.499999999999997780e-01 1.624298174037437995e-02
1.500000000000003553e-01 -6.499999999999998002e-01 1.378390227606116937e-02
1.500000000000003553e-01 -5.499999999999998224e-01 1.493289221110779587e-02
1.500000000000003553e-01 -4.499999999999998446e-01 2.219810123719738112e-02
1.500000000000003553e-01 -3.499999999999997558e-01 4.998202328108752868e-02
1.500000000000003553e-01 -2.499999999999997780e-01 1.214748304254619909e-01
1.500000000000003553e-01 -1.499999999999998002e-01 6.236534693440396460e-01
1.500000000000003553e-01 -4.999999999999982236e-02 1.787910210998574057e+00
1.500000000000003553e-01 5.000000000000015543e-02 1.554510179877121256e+00
1.500000000000003553e-01 1.500000000000002442e-01 3.944464050354496432e-01
1.500000000000003553e-01 2.500000000000003331e-01 1.020875096019639994e-01
1.500000000000003553e-01 3.500000000000001998e-01 4.305285632030072390e-02
1.500000000000003553e-01 4.500000000000002887e-01 2.052566825146445728e-02
1.500000000000003553e-01 5.500000000000001554e-01 1.439937884654871048e-02
1.500000000000003553e-01 6.500000000000002442e-01 1.399231037113689118e-02
1.500000000000003553e-01 7.500000000000003331e-01 1.667431538408400624e-02
1.500000000000003553e-01 8.500000000000001998e-01 2.179275048263952519e-02
1.500000000000003553e-01 9.500000000000002887e-01 2.540687532163160567e-02
2.500000000000004441e-01 -9.499999999999998446e-01 5.938048401737993504e-02
2.500000000000004441e-01 -8.499999999999998668e-01 4.260797438173657276e-02
2.500000000000004441e-01 -7.499999999999997780e-01 2.621299091347742416e-02
2.500000000000004441e-01 -6.499999999999998002e-01 1.846184831396895445e-02
2.500000000000004441e-01 -5.499999999999998224e-01 1.625485424282645253e-02
2.500000000000004441e-01 -4.499999999999998446e-01 1.829217768663992175e-02
2.500000000000004441e-01 -3.499999999999997558e-01 2.730443948394261147e-02
2.500000000000004441e-01 -2.499999999999997780e-01 5.197772083474325872e-02
2.500000000000004441e-01 -1.499999999999998002e-01 1.088457871304828045e-01
2.500000000000004441e-01 -4.999999999999982236e-02 1.899431238054714033e-01
2.500000000000004441e-01 5.000000000000015543e-02 1.730685907045270144e-01
2.500000000000004441e-01 1.500000000000002442e-01 9.850842101921952754e-02
2.500000000000004441e-01 2.500000000000003331e-01 4.499204696998505837e-02
2.500000000000004441e-01 3.500000000000001998e-01 2.511285186446689591e-02
2.500000000000004441e-01 4.500000000000002887e-01 1.750047421317073304e-02
2.500000000000004441e-01 5.500000000000001554e-01 1.650324688338426424e-02
2.500000000000004441e-01 6.500000000000002442e-01 1.911232866560813592e-02
2.500000000000004441e-01 7.500000000000003331e-01 2.916627703546257472e-02
2.500000000000004441e-01 8.500000000000001998e-01 4.524888058909114219e-02
2.500000000000004441e-01 9.500000000000002887e-01 6.317029313016041259e-02
3.500000000000003109e-01 -9.499999999999998446e-01 2.633300678057697852e-01
3.500000000000003109e-01 -8.499999999999998668e-01 1.229537463843822509e-01
3.500000000000003109e-01 -7.499999999999997780e-01 6.505474903476063386e-02
3.500000000000003109e-01 -6.499999999999998002e-01 3.114989486546056174e-02
3.500000000000003109e-01 -5.499999999999998224e-01 1.885679721438061202e-02
3.500000000000003109e-01 -4.499999999999998446e-01 1.558277448438604752e-02
3.500000000000003109e-01 -3.499999999999997558e-01 1.788430084321727953e-02
3.500000000000003109e-01 -2.499999999999997780e-01 2.519571880074011894e-02
3.500000000000003109e-01 -1.499999999999998002e-01 3.799090361078952954e-02
3.500000000000003109e-01 -4.999999999999982236e-02 4.877322038915971048e-02
3.500000000000003109e-01 5.000000000000015543e-02 4.807710634154694490e-02
3.500000000000003109e-01 1.500000000000002442e-01 3.534716906265805703e-02
3.500000000000003109e-01 2.500000000000003331e-01 2.371237064713361056e-02
3.500000000000003109e-01 3.500000000000001998e-01 1.707295118182179661e-02
3.500000000000003109e-01 4.500000000000002887e-01 1.603614405289245301e-02
3.500000000000003109e-01 5.500000000000001554e-01 2.015551879348143408e-02
3.500000000000003109e-01 6.500000000000002442e-01 3.456760439939504659e-02
3.500000000000003109e-01 7.500000000000003331e-01 8.133987378090981601e-02
3.500000000000003109e-01 8.500000000000001998e-01 1.550808681717414927e-01
3.500000000000003109e-01 9.500000000000002887e-01 2.773308529065950934e-01
4.500000000000003997e-01 -9.499999999999998446e-01 3.728222734795472171e+00
4.500000000000003997e-01 -8.499999999999998668e-01 7.859357839532443712e-01
4.500000000000003997e-01 -7.499999999999997780e-01 1.564471141922740560e-01
4.500000000000003997e-01 -6.499999999999998002e-01 4.638072220684599789e-02
4.500000000000003997e-01 -5.499999999999998224e-01 2.081665672574157383e-02
4.500000000000003997e-01 -4.499999999999998446e-01 1.414146490299203127e-02
4.500000000000003997e-01 -3.499999999999997558e-01 1.329583082903615723e-02
4.500000000000003997e-01 -2.499999999999997780e-01 1.550823853074490173e-02
4.500000000000003997e-01 -1.499999999999998002e-01 1.925185358842535638e-02
4.500000000000003997e-01 -4.999999999999982236e-02 2.249109592062797230e-02
4.500000000000003997e-01 5.000000000000015543e-02 2.191418260783730906e-02
4.500000000000003997e-01 1.500000000000002442e-01 1.878346406313712372e-02
4.500000000000003997e-01 2.500000000000003331e-01 1.502869702765825821e-02
4.500000000000003997e-01 3.500000000000001998e-01 1.328039012661269558e-02
4.500000000000003997e-01 4.500000000000002887e-01 1.466534762747737607e-02
4.500000000000003997e-01 5.500000000000001554e-01 2.271057380438794987e-02
4.500000000000003997e-01 6.500000000000002442e-01 5.451805930589164600e-02
4.500000000000003997e-01 7.500000000000003331e-01 2.065428523181634668e-01
4.500000000000003997e-01 8.500000000000001998e-01 1.674949817678177855e+00
4.500000000000003997e-01 9.500000000000002887e-01 4.510024629474880697e+00
5.500000000000002665e-01 -9.499999999999998446e-01 1.081055221442166925e+01
5.500000000000002665e-01 -8.499999999999998668e-01 2.759970896583527900e+00
5.500000000000002665e-01 -7.499999999999997780e-01 2.613239169348543500e-01
5.500000000000002665e-01 -6.499999999999998002e-01 5.637893139650525243e-02
5.500000000000002665e-01 -5.499999999999998224e-01 2.255214196393113060e-02
5.500000000000002665e-01 -4.499999999999998446e-01 1.369109537526728461e-02
5.500000000000002665e-01 -3.499999999999997558e-01 1.162952901168213919e-02
5.500000000000002665e-01 -2.499999999999997780e-01 1.237503667789466993e-02
5.500000000000002665e-01 -1.499999999999998002e-01 1.428049724620685142e-02
5.500000000000002665e-01 -4.999999999999982236e-02 1.581494613283520104e-02
5.500000000000002665e-01 5.000000000000015543e-02 1.576768108415096611e-02
5.500000000000002665e-01 1.500000000000002442e-01 1.398611741885841253e-02
5.500000000000002665e-01 2.500000000000003331e-01 1.213875481020266871e-02
5.500000000000002665e-01 3.500000000000001998e-01 1.168032210344878766e-02
5.500000000000002665e-01 4.500000000000002887e-01 1.430835399569502057e-02
5.500000000000002665e-01 5.500000000000001554e-01 2.495710690018784414e-02
5.500000000000002665e-01 6.500000000000002442e-01 6.766068682155369773e-02
5.500000000000002665e-01 7.500000000000003331e-01 3.591979115526918176e-01
5.500000000000002665e-01 8.500000000000001998e-01 3.240164522837239769e+00
5.500000000000002665e-01 9.500000000000002887e-01 1.218059709461280704e+01
6.500000000000003553e-01 -9.499999999999998446e-01 7.462752692050035996e+00
6.500000000000003553e-01 -8.499999999999998668e-01 1.654764035607236394e+00
6.500000000000003553e-01 -7.499999999999997780e-01 1.742803997938253691e-01
6.500000000000003553e-01 -6.499999999999998002e-01 4.293451707971469161e-02
6.500000000000003553e-01 -5.499999999999998224e-01 2.201898951438885713e-02
6.500000000000003553e-01 -4.499999999999998446e-01 1.388764091342736470e-02
6.500000000000003553e-01 -3.499999999999997558e-01 1.207835978157206780e-02
6.500000000000003553e-01 -2.499999999999997780e-01 1.312372143016840575e-02
6.500000000000003553e-01 -1.499999999999998002e-01 1.546928498149278443e-02
6.500000000000003553e-01 -4.999999999999982236e-02 1.730813117033414006e-02
6.500000000000003553e-01 5.000000000000015543e-02 1.722739360284420221e-02
6.500000000000003553e-01 1.500000000000002442e-01 1.502083256978414307e-02
6.500000000000003553e-01 2.500000000000003331e-01 1.286269931889595132e-02
6.500000000000003553e-01 3.500000000000001998e-01 1.206821450163956914e-02
6.500000000000003553e-01 4.500000000000002887e-01 1.448742710651404648e-02
6.500000000000003553e-01 5.500000000000001554e-01 2.429576893186696437e-02
6.500000000000003553e-01 6.500000000000002442e-01 5.245897313530226841e-02
6.500000000000003553e-01 7.500000000000003331e-01 2.104858173272722566e-01
6.500000000000003553e-01 8.500000000000001998e-01 2.176635350993570750e+00
6.500000000000003553e-01 9.500000000000002887e-01 7.125649417284678044e+00
7.500000000000004441e-01 -9.499999999999998446e-01 8.582070353508053362e-01
7.500000000000004441e-01 -8.499999999999998668e-01 3.098173917804490363e-01
7.500000000000004441e-01 -7.499999999999997780e-01 8.696715928381748562e-02
7.500000000000004441e-01 -6.499999999999998002e-01 3.383925647986511798e-02
7.500000000000004441e-01 -5.499999999999998224e-01 1.836171071912148095e-02
7.500000000000004441e-01 -4.499999999999998446e-01 1.456130511892003883e-02
7.500000000000004441e-01 -3.499999999999997558e-01 1.468374775345073456e-02
7.500000000000004441e-01 -2.499999999999997780e-01 1.844474719828721049e-02
7.500000000000004441e-01 -1.499999999999998002e-01 2.427208817703916527e-02
7.500000000000004441e-01 -4.999999999999982236e-02 2.937375423428975618e-02
7.500000000000004441e-01 5.000000000000015543e-02 2.846891972691077341e-02
7.500000000000004441e-01 1.500000000000002442e-01 2.332412573974925254e-02
7.500000000000004441e-01 2.500000000000003331e-01 1.751904774130809764e-02
7.500000000000004441e-01 3.500000000000001998e-01 1.451065940386655866e-02
7.500000000000004441e-01 4.500000000000002887e-01 1.472535103558510368e-02
7.500000000000004441e-01 5.500000000000001554e-01 2.023876865662411345e-02
7.500000000000004441e-01 6.500000000000002442e-01 3.730774394004681555e-02
7.500000000000004441e-01 7.500000000000003331e-01 1.059403026492290317e-01
7.500000000000004441e-01 8.500000000000001998e-01 3.726749903311320500e-01
7.500000000000004441e-01 9.500000000000002887e-01 1.116703034306794962e+00
8.500000000000003109e-01 -9.499999999999998446e-01 1.305000910985719131e-01
8.500000000000003109e-01 -8.499999999999998668e-01 7.589304496238437336e-02
8.500000000000003109e-01 -7.499999999999997780e-01 4.000186034088643039e-02
8.500000000000003109e-01 -6.499999999999998002e-01 2.300609052473569921e-02
8.500000000000003109e-01 -5.499999999999998224e-01 1.724632283176431163e-02
8.500000000000003109e-01 -4.499999999999998446e-01 1.762635834003847823e-02
8.500000000000003109e-01 -3.499999999999997558e-01 2.338104302575090554e-02
8.500000000000003109e-01 -2.499999999999997780e-01 3.899798547534674004e-02
8.500000000000003109e-01 -1.499999999999998002e-01 6.732951379527762903e-02
8.500000000000003109e-01 -4.999999999999982236e-02 7.885049382155936981e-02
8.500000000000003109e-01 5.000000000000015543e-02 7.670889817090768836e-02
8.500000000000003109e-01 1.500000000000002442e-01 6.180027800074897742e-02
8.500000000000003109e-01 2.500000000000003331e-01 3.450371216599851243e-02
8.500000000000003109e-01 3.500000000000001998e-01 2.169577813287607015e-02
8.500000000000003109e-01 4.500000000000002887e-01 1.697403273729667511e-02
8.500000000000003109e-01 5.500000000000001554e-01 1.768265533886881000e-02
8.500000000000003109e-01 6.500000000000002442e-01 2.531264656790496378e-02
8.500000000000003109e-01 7.500000000000003331e-01 4.312389799370025534e-02
8.500000000000003109e-01 8.500000000000001998e-01 8.744578986947974808e-02
8.500000000000003109e-01 9.500000000000002887e-01 1.344964010214630690e-01
9.500000000000003997e-01 -9.499999999999998446e-01 3.904849312205264933e-02
9.500000000000003997e-01 -8.499999999999998668e-01 3.059882136698245658e-02
9.500000000000003997e-01 -7.499999999999997780e-01 2.103216464330961294e-02
9.500000000000003997e-01 -6.499999999999998002e-01 1.621586682030531912e-02
9.500000000000003997e-01 -5.499999999999998224e-01 1.540221794550524458e-02
9.500000000000003997e-01 -4.499999999999998446e-01 2.089930791036760660e-02
9.500000000000003997e-01 -3.499999999999997558e-01 3.873481786031687801e-02
9.500000000000003997e-01 -2.499999999999997780e-01 9.663516559471374556e-02
9.500000000000003997e-01 -1.499999999999998002e-01 2.976460499346393895e-01
9.500000000000003997e-01 -4.999999999999982236e-02 6.726396790070798826e-01
9.500000000000003997e-01 5.000000000000015543e-02 6.035171719737472129e-01
9.500000000000003997e-01 1.500000000000002442e-01 2.196147220165117764e-01
9.500000000000003997e-01 2.500000000000003331e-01 7.901549218074567504e-02
9.500000000000003997e-01 3.500000000000001998e-01 3.317061634724285252e-02
9.500000000000003997e-01 4.500000000000002887e-01 1.947273234900798525e-02
9.500000000000003997e-01 5.500000000000001554e-01 1.528108760129954190e-02
9.500000000000003997e-01 6.500000000000002442e-01 1.648231783133746048e-02
9.500000000000003997e-01 7.500000000000003331e-01 2.270358796679285487e-02
9.500000000000003997e-01 8.500000000000001998e-01 3.208030547982816671e-02
9.500000000000003997e-01 9.500000000000002887e-01 4.051133917708858723e-02
