-9.499999999999997335e-01 -9.499999999999998446e-01 1.860140916091924468e-03
-9.499999999999997335e-01 -8.499999999999998668e-01 2.038995323777476228e-03
-9.499999999999997335e-01 -7.499999999999997780e-01 2.079272910251870037e-03
-9.499999999999997335e-01 -6.499999999999998002e-01 1.838720390648085562e-03
-9.499999999999997335e-01 -5.499999999999998224e-01 1.603363749924531338e-03
-9.499999999999997335e-01 -4.499999999999998446e-01 1.549861541387122666e-03
-9.499999999999997335e-01 -3.499999999999997558e-01 1.736946885104967246e-03
-9.499999999999997335e-01 -2.499999999999997780e-01 2.149298594403224131e-03
-9.499999999999997335e-01 -1.499999999999998002e-01 2.640656624026296688e-03
-9.499999999999997335e-01 -4.999999999999982236e-02 3.027725409825170536e-03
-9.499999999999997335e-01 5.000000000000015543e-02 2.966837512458395543e-03
-9.499999999999997335e-01 1.500000000000002442e-01 2.548706356319968298e-03
-9.499999999999997335e-01 2.500000000000003331e-01 2.039231631149214779e-03
-9.499999999999997335e-01 3.500000000000001998e-01 1.681398899091965339e-03
-9.499999999999997335e-01 4.500000000000002887e-01 1.544827745963070747e-03
-9.499999999999997335e-01 5.500000000000001554e-01 1.623731798930732771e-03
-9.499999999999997335e-01 6.500000000000002442e-01 1.889865944523760324e-03
-9.499999999999997335e-01 7.500000000000003331e-01 2.102175590740322075e-03
-9.499999999999997335e-01 8.500000000000001998e-01 1.999267211558785565e-03
-9.499999999999997335e-01 9.500000000000002887e-01 1.836201807996746312e-03
-8.499999999999997558e-01 -9.499999999999998446e-01 2.286427773324435468e-03
-8.499999999999997558e-01 -8.499999999999998668e-01 2.220774032459400631e-03
-8.499999999999997558e-01 -7.499999999999997780e-01 1.932319928299305531e-03
-8.499999999999997558e-01 -6.499999999999998002e-01 1.614817679729903385e-03
-8.499999999999997558e-01 -5.499999999999998224e-01 1.463808709956169844e-03
-8.499999999999997558e-01 -4.499999999999998446e-01 1.510893411721847285e-03
-8.499999999999997558e-01 -3.499999999999997558e-01 1.736028650486407714e-03
-8.499999999999997558e-01 -2.499999999999997780e-01 2.050675751066906652e-03
-8.499999999999997558e-01 -1.499999999999998002e-01 2.184711620508556201e-03
-8.499999999999997558e-01 -4.999999999999982236e-02 2.086899647135445623e-03
-8.499999999999997558e-01 5.000000000000015543e-02 2.080011663264031037e-03
-8.499999999999997558e-01 1.500000000000002442e-01 2.155854698111540381e-03
-8.499999999999997558e-01 2.500000000000003331e-01 1.990091675566523118e-03
-8.499999999999997558e-01 3.500000000000001998e-01 1.687465501222331190e-03
-8.499999999999997558e-01 4.500000000000002887e-01 1.482611865629551327e-03
-8.499999999999997558e-01 5.500000000000001554e-01 1.475141287737853418e-03
-8.499999999999997558e-01 6.500000000000002442e-01 1.657248819979952915e-03
-8.499999999999997558e-01 7.500000000000003331e-01 1.989355975693816048e-03
-8.499999999999997558e-01 8.500000000000001998e-01 2.258932358878190140e-03
-8.499999999999997558e-01 9.500000000000002887e-01 2.305227626878985758e-03
-7.499999999999997780e-01 -9.499999999999998446e-01 3.196786872870736700e-03
-7.499999999999997780e-01 -8.499999999999998668e-01 2.619941210919700305e-03
-7.499999999999997780e-01 -7.499999999999997780e-01 2.037422820552375717e-03
-7.499999999999997780e-01 -6.499999999999998002e-01 1.693960633156021533e-03
-7.499999999999997780e-01 -5.499999999999998224e-01 1.615331165445473309e-03
-7.499999999999997780e-01 -4.499999999999998446e-01 1.777670976414628045e-03
-7.499999999999997780e-01 -3.499999999999997558e-01 2.111317771428110768e-03
-7.499999999999997780e-01 -2.499999999999997780e-01 2.248781966085312920e-03
-7.499999999999997780e-01 -1.499999999999998002e-01 1.968760810148829053e-03
-7.499999999999997780e-01 -4.999999999999982236e-02 1.729314063453374524e-03
-7.499999999999997780e-01 5.000000000000015543e-02 1.746591094017723974e-03
-7.499999999999997780e-01 1.500000000000002442e-01 2.016925671700304460e-03
-7.499999999999997780e-01 2.500000000000003331e-01 2.236852671891975761e-03
-7.499999999999997780e-01 3.500000000000001998e-01 2.036341656453353154e-03
-7.499999999999997780e-01 4.500000000000002887e-01 1.737171616506872273e-03
-7.499999999999997780e-01 5.500000000000001554e-01 1.608722449313343839e-03
-7.499999999999997780e-01 6.500000000000002442e-01 1.735780118287375039e-03
-7.499999999999997780e-01 7.500000000000003331e-01 2.115297893456206946e-03
-7.499999999999997780e-01 8.500000000000001998e-01 2.750247528355393659e-03
-7.499999999999997780e-01 9.500000000000002887e-01 3.271085971640560509e-03
-6.499999999999996891e-01 -9.499999999999998446e-01 4.937408813173427800e-03
-6.499999999999996891e-01 -8.499999999999998668e-01 3.334179489413001060e-03
-6.499999999999996891e-01 -7.499999999999997780e-01 2.345711750589976347e-03
-6.499999999999996891e-01 -6.499999999999998002e-01 1.958690375743054636e-03
-6.499999999999996891e-01 -5.499999999999998224e-01 1.997755368608856042e-03
-6.499999999999996891e-01 -4.499999999999998446e-01 2.443421844019721175e-03
-6.499999999999996891e-01 -3.499999999999997558e-01 3.159071619229477865e-03
-6.499999999999996891e-01 -2.499999999999997780e-01 2.808863568677410268e-03
-6.499999999999996891e-01 -1.499999999999998002e-01 1.930005153619349057e-03
-6.499999999999996891e-01 -4.999999999999982236e-02 1.545543638373613870e-03
-6.499999999999996891e-01 5.000000000000015543e-02 1.568831397816720236e-03
-6.499999999999996891e-01 1.500000000000002442e-01 2.001493751668752871e-03
-6.499999999999996891e-01 2.500000000000003331e-01 2.883230863337973241e-03
-6.499999999999996891e-01 3.500000000000001998e-01 2.972501723581833562e-03
-6.499999999999996891e-01 4.500000000000002887e-01 2.288387206986025775e-03
-6.499999999999996891e-01 5.500000000000001554e-01 1.962186274709110806e-03
-6.499999999999996891e-01 6.500000000000002442e-01 1.973159014906114474e-03
-6.499999999999996891e-01 7.500000000000003331e-01 2.437727094737661502e-03
-6.499999999999996891e-01 8.500000000000001998e-01 3.539524742539412825e-03
-6.499999999999996891e-01 9.500000000000002887e-01 5.138914969245783095e-03
-5.499999999999997113e-01 -9.499999999999998446e-01 5.861109600855590740e-03
-5.499999999999997113e-01 -8.499999999999998668e-01 3.630923771598180191e-03
-5.499999999999997113e-01 -7.499999999999997780e-01 2.592769559569746852e-03
-5.499999999999997113e-01 -6.499999999999998002e-01 2.100079764448798455e-03
-5.499999999999997113e-01 -5.499999999999998224e-01 2.112189037405747330e-03
-5.499999999999997113e-01 -4.499999999999998446e-01 2.713192431055880347e-03
-5.499999999999997113e-01 -3.499999999999997558e-01 3.601580172834688461e-03
-5.499999999999997113e-01 -2.499999999999997780e-01 2.981995152115235644e-03
-5.499999999999997113e-01 -1.499999999999998002e-01 1.916492526079469376e-03
-5.499999999999997113e-01 -4.999999999999982236e-02 1.516250971001239286e-03
-5.499999999999997113e-01 5.000000000000015543e-02 1.539024807883883437e-03
-5.499999999999997113e-01 1.500000000000002442e-01 1.986304173000159705e-03
-5.499999999999997113e-01 2.500000000000003331e-01 3.066642559863598256e-03
-5.499999999999997113e-01 3.500000000000001998e-01 3.333623921392151346e-03
-5.499999999999997113e-01 4.500000000000002887e-01 2.458593893811486433e-03
-5.499999999999997113e-01 5.500000000000001554e-01 2.052394411190251473e-03
-5.499999999999997113e-01 6.500000000000002442e-01 2.115284505207665894e-03
-5.499999999999997113e-01 7.500000000000003331e-01 2.689457376826915290e-03
-5.499999999999997113e-01 8.500000000000001998e-01 3.918889200743992662e-03
-5.499999999999997113e-01 9.500000000000002887e-01 6.268118253965355297e-03
-4.499999999999997335e-01 -9.499999999999998446e-01 4.061636152881758013e-03
-4.499999999999997335e-01 -8.499999999999998668e-01 3.105005570158319086e-03
-4.499999999999997335e-01 -7.499999999999997780e-01 2.260431379823618116e-03
-4.499999999999997335e-01 -6.499999999999998002e-01 1.845766789195782930e-03
-4.499999999999997335e-01 -5.499999999999998224e-01 1.776089634577628085e-03
-4.499999999999997335e-01 -4.499999999999998446e-01 2.005189718494360465e-03
-4.499999999999997335e-01 -3.499999999999997558e-01 2.450562731841796245e-03
-4.499999999999997335e-01 -2.499999999999997780e-01 2.416579341703712931e-03
-4.499999999999997335e-01 -1.499999999999998002e-01 1.918626858651043812e-03
-4.499999999999997335e-01 -4.999999999999982236e-02 1.634725287331859761e-03
-4.499999999999997335e-01 5.000000000000015543e-02 1.651921794837232912e-03
-4.499999999999997335e-01 1.500000000000002442e-01 1.995233687981024049e-03
-4.499999999999997335e-01 2.500000000000003331e-01 2.448352889005737075e-03
-4.499999999999997335e-01 3.500000000000001998e-01 2.343976774546234661e-03
-4.499999999999997335e-01 4.500000000000002887e-01 1.941463578808116279e-03
-4.499999999999997335e-01 5.500000000000001554e-01 1.759853379744629213e-03
-4.499999999999997335e-01 6.500000000000002442e-01 1.883256818097766867e-03
-4.499999999999997335e-01 7.500000000000003331e-01 2.379741381263884067e-03
-4.499999999999997335e-01 8.500000000000001998e-01 3.294906263584806115e-03
-4.499999999999997335e-01 9.500000000000002887e-01 4.187729545629409987e-03
-3.499999999999996447e-01 -9.499999999999998446e-01 2.583471319672337591e-03
-3.499999999999996447e-01 -8.499999999999998668e-01 2.341173885784511924e-03
-3.499999999999996447e-01 -7.499999999999997780e-01 2.020495524721583648e-03
-3.499999999999996447e-01 -6.499999999999998002e-01 1.664206611329952694e-03
-3.499999999999996447e-01 -5.499999999999998224e-01 1.506260104378314086e-03
-3.499999999999996447e-01 -4.499999999999998446e-01 1.571294651113208261e-03
-3.499999999999996447e-01 -3.499999999999997558e-01 1.810601828139442879e-03
-3.499999999999996447e-01 -2.499999999999997780e-01 2.048278918400721956e-03
-3.499999999999996447e-01 -1.499999999999998002e-01 2.047487497452001211e-03
-3.499999999999996447e-01 -4.999999999999982236e-02 1.911494099726593647e-03
-3.499999999999996447e-01 5.000000000000015543e-02 1.921567295715074283e-03
-3.499999999999996447e-01 1.500000000000002442e-01 2.050236023916628212e-03
-3.499999999999996447e-01 2.500000000000003331e-01 2.028323079439453558e-03
-3.499999999999996447e-01 3.500000000000001998e-01 1.768231696942291738e-03
-3.499999999999996447e-01 4.500000000000002887e-01 1.548627537285386007e-03
-3.499999999999996447e-01 5.500000000000001554e-01 1.522173250670430305e-03
-3.499999999999996447e-01 6.500000000000002442e-01 1.714345611153792436e-03
-3.499999999999996447e-01 7.500000000000003331e-01 2.104394426191314761e-03
-3.499999999999996447e-01 8.500000000000001998e-01 2.415346755596002072e-03
-3.499999999999996447e-01 9.500000000000002887e-01 2.617939363098132407e-03
-2.499999999999996669e-01 -9.499999999999998446e-01 2.004228094534801254e-03
-2.499999999999996669e-01 -8.499999999999998668e-01 2.100538509181788631e-03
-2.499999999999996669e-01 -7.499999999999997780e-01 1.978081323019399446e-03
-2.499999999999996669e-01 -6.499999999999998002e-01 1.700253018193326497e-03
-2.499999999999996669e-01 -5.499999999999998224e-01 1.505086617672715156e-03
-2.499999999999996669e-01 -4.499999999999998446e-01 1.477837690959667594e-03
-2.499999999999996669e-01 -3.499999999999997558e-01 1.652474437717130033e-03
-2.499999999999996669e-01 -2.499999999999997780e-01 2.005045925260405190e-03
-2.499999999999996669e-01 -1.499999999999998002e-01 2.336680351786536367e-03
-2.499999999999996669e-01 -4.999999999999982236e-02 2.443068206205441240e-03
-2.499999999999996669e-01 5.000000000000015543e-02 2.422182566258487737e-03
-2.499999999999996669e-01 1.500000000000002442e-01 2.269562225849633408e-03
-2.499999999999996669e-01 2.500000000000003331e-01 1.933577035738152797e-03
-2.499999999999996669e-01 3.500000000000001998e-01 1.610642888788552541e-03
-2.499999999999996669e-01 4.500000000000002887e-01 1.473614075384784179e-03
-2.499999999999996669e-01 5.500000000000001554e-01 1.527037891267937894e-03
-2.499999999999996669e-01 6.500000000000002442e-01 1.748801411021460488e-03
-2.499999999999996669e-01 7.500000000000003331e-01 2.031291514179156456e-03
-2.499999999999996669e-01 8.500000000000001998e-01 2.099280125909688301e-03
-2.499999999999996669e-01 9.500000000000002887e-01 1.987635410554906227e-03
-1.499999999999996891e-01 -9.499999999999998446e-01 1.700295943187369024e-03
-1.499999999999996891e-01 -8.499999999999998668e-01 2.001008778461286618e-03
-1.499999999999996891e-01 -7.499999999999997780e-01 2.352600225527330582e-03
-1.499999999999996891e-01 -6.499999999999998002e-01 2.182666242868945648e-03
-1.499999999999996891e-01 -5.499999999999998224e-01 1.825266452638697441e-03
-1.499999999999996891e-01 -4.499999999999998446e-01 1.697991072826125812e-03
-1.499999999999996891e-01 -3.499999999999997558e-01 1.837726565541422750e-03
-1.499999999999996891e-01 -2.499999999999997780e-01 2.178449568139687910e-03
-1.499999999999996891e-01 -1.499999999999998002e-01 2.888190668007265503e-03
-1.499999999999996891e-01 -4.999999999999982236e-02 3.554788650280470228e-03
-1.499999999999996891e-01 5.000000000000015543e-02 3.471209870471007181e-03
-1.499999999999996891e-01 1.500000000000002442e-01 2.748945591025309457e-03
-1.499999999999996891e-01 2.500000000000003331e-01 2.079125236263069249e-03
-1.499999999999996891e-01 3.500000000000001998e-01 1.796634369214267528e-03
-1.499999999999996891e-01 4.500000000000002887e-01 1.701388182698120814e-03
-1.499999999999996891e-01 5.500000000000001554e-01 1.883884232517753264e-03
-1.499999999999996891e-01 6.500000000000002442e-01 2.262646185451295481e-03
-1.499999999999996891e-01 7.500000000000003331e-01 2.338256801254262086e-03
-1.499999999999996891e-01 8.500000000000001998e-01 1.952334051325087640e-03
-1.499999999999996891e-01 9.500000000000002887e-01 1.681059095523552331e-03
-4.999999999999971134e-02 -9.499999999999998446e-01 1.552158170499600429e-03
-4.999999999999971134e-02 -8.499999999999998668e-01 2.001569819911025276e-03
-4.999999999999971134e-02 -7.499999999999997780e-01 2.976086351496134031e-03
-4.999999999999971134e-02 -6.499999999999998002e-01 3.163008705578247877e-03
-4.999999999999971134e-02 -5.499999999999998224e-01 2.404703718746052481e-03
-4.999999999999971134e-02 -4.499999999999998446e-01 2.015230895531044519e-03
-4.999999999999971134e-02 -3.499999999999997558e-01 2.086982906055704669e-03
-4.999999999999971134e-02 -2.499999999999997780e-01 2.655158524678312426e-03
-4.999999999999971134e-02 -1.499999999999998002e-01 4.076505935168223474e-03
-4.999999999999971134e-02 -4.999999999999982236e-02 5.624756628027481435e-03
-4.999999999999971134e-02 5.000000000000015543e-02 5.312802672207885858e-03
-4.999999999999971134e-02 1.500000000000002442e-01 3.803338800669281601e-03
-4.999999999999971134e-02 2.500000000000003331e-01 2.556551580590689030e-03
-4.999999999999971134e-02 3.500000000000001998e-01 2.065403506433068602e-03
-4.999999999999971134e-02 4.500000000000002887e-01 2.062378274850678369e-03
-4.999999999999971134e-02 5.500000000000001554e-01 2.574683701457886487e-03
-4.999999999999971134e-02 6.500000000000002442e-01 3.417647236681544375e-03
-4.999999999999971134e-02 7.500000000000003331e-01 2.906660645613832073e-03
-4.999999999999971134e-02 8.500000000000001998e-01 1.925328526122112045e-03
-4.999999999999971134e-02 9.500000000000002887e-01 1.530402286796828841e-03
5.000000000000026645e-02 -9.499999999999998446e-01 1.549030555383195014e-03
5.000000000000026645e-02 -8.499999999999998668e-01 1.990311866335840989e-03
5.000000000000026645e-02 -7.499999999999997780e-01 2.948224566427468454e-03
5.000000000000026645e-02 -6.499999999999998002e-01 3.151559240952578160e-03
5.000000000000026645e-02 -5.499999999999998224e-01 2.389616850342828492e-03
5.000000000000026645e-02 -4.499999999999998446e-01 2.008320999238850588e-03
5.000000000000026645e-02 -3.499999999999997558e-01 2.081835565751900818e-03
5.000000000000026645e-02 -2.499999999999997780e-01 2.651547413028896866e-03
5.000000000000026645e-02 -1.499999999999998002e-01 4.056030616133342662e-03
5.000000000000026645e-02 -4.999999999999982236e-02 5.616560485698644106e-03
5.000000000000026645e-02 5.000000000000015543e-02 5.276192747522338161e-03
5.000000000000026645e-02 1.500000000000002442e-01 3.774071996065606234e-03
5.000000000000026645e-02 2.500000000000003331e-01 2.543693917494127630e-03
5.000000000000026645e-02 3.500000000000001998e-01 2.061502733702611466e-03
5.000000000000026645e-02 4.500000000000002887e-01 2.068516491108349578e-03
5.000000000000026645e-02 5.500000000000001554e-01 2.580160540745318060e-03
5.000000000000026645e-02 6.500000000000002442e-01 3.406188660573709979e-03
5.000000000000026645e-02 7.500000000000003331e-01 2.877795113109630001e-03
5.000000000000026645e-02 8.500000000000001998e-01 1.910332399546595724e-03
5.000000000000026645e-02 9.500000000000002887e-01 1.528804319807658581e-03
1.500000000000003553e-01 -9.499999999999998446e-01 1.698514517559462011e-03
1.500000000000003553e-01 -8.499999999999998668e-01 1.991085545597613606e-03
1.500000000000003553e-01 -7.499999999999997780e-01 2.348549044191643956e-03
1.500000000000003553e-01 -6.499999999999998002e-01 2.193947432641627296e-03
1.500000000000003553e-01 -5.499999999999998224e-01 1.827305375438808069e-03
1.500000000000003553e-01 -4.499999999999998446e-01 1.699368628779767765e-03
1.500000000000003553e-01 -3.499999999999997558e-01 1.839602443777855686e-03
1.500000000000003553e-01 -2.499999999999997780e-01 2.179415986656958910e-03
1.500000000000003553e-01 -1.499999999999998002e-01 2.890315572877106502e-03
1.500000000000003553e-01 -4.999999999999982236e-02 3.575181716927246494e-03
1.500000000000003553e-01 5.000000000000015543e-02 3.472357166623215793e-03
1.500000000000003553e-01 1.500000000000002442e-01 2.734080853886333012e-03
1.500000000000003553e-01 2.500000000000003331e-01 2.066535313978633444e-03
1.500000000000003553e-01 3.500000000000001998e-01 1.792839329601504791e-03
1.500000000000003553e-01 4.500000000000002887e-01 1.701758663230052088e-03
1.500000000000003553e-01 5.500000000000001554e-01 1.893330908891574125e-03
1.500000000000003553e-01 6.500000000000002442e-01 2.262474604242222659e-03
1.500000000000003553e-01 7.500000000000003331e-01 2.309694374640213540e-03
1.500000000000003553e-01 8.500000000000001998e-01 1.932068736435666248e-03
1.500000000000003553e-01 9.500000000000002887e-01 1.674078294804549547e-03
2.500000000000004441e-01 -9.499999999999998446e-01 2.000202065934221594e-03
2.500000000000004441e-01 -8.499999999999998668e-01 2.096160971265836111e-03
2.500000000000004441e-01 -7.499999999999997780e-01 1.980366889235516716e-03
2.500000000000004441e-01 -6.499999999999998002e-01 1.706758465012311703e-03
2.500000000000004441e-01 -5.499999999999998224e-01 1.510945506714750971e-03
2.500000000000004441e-01 -4.499999999999998446e-01 1.481343414093594900e-03
2.500000000000004441e-01 -3.499999999999997558e-01 1.653515822140775530e-03
2.500000000000004441e-01 -2.499999999999997780e-01 2.009054192376668116e-03
2.500000000000004441e-01 -1.499999999999998002e-01 2.343917746016644776e-03
2.500000000000004441e-01 -4.999999999999982236e-02 2.446743137735397228e-03
2.500000000000004441e-01 5.000000000000015543e-02 2.429897244397848620e-03
2.500000000000004441e-01 1.500000000000002442e-01 2.270566106967782192e-03
2.500000000000004441e-01 2.500000000000003331e-01 1.929530469381224691e-03
2.500000000000004441e-01 3.500000000000001998e-01 1.605499295290372047e-03
2.500000000000004441e-01 4.500000000000002887e-01 1.471717434735994806e-03
2.500000000000004441e-01 5.500000000000001554e-01 1.525100172974690280e-03
2.500000000000004441e-01 6.500000000000002442e-01 1.749358721480825073e-03
2.500000000000004441e-01 7.500000000000003331e-01 2.024962508490175690e-03
2.500000000000004441e-01 8.500000000000001998e-01 2.086611649393309894e-03
2.500000000000004441e-01 9.500000000000002887e-01 1.981528076729170522e-03
3.500000000000003109e-01 -9.499999999999998446e-01 2.576432184906389707e-03
3.500000000000003109e-01 -8.499999999999998668e-01 2.342508687375150379e-03
3.500000000000003109e-01 -7.499999999999997780e-01 2.025471612594620472e-03
3.500000000000003109e-01 -6.499999999999998002e-01 1.667732552532056028e-03
3.500000000000003109e-01 -5.499999999999998224e-01 1.509041865065452676e-03
3.500000000000003109e-01 -4.499999999999998446e-01 1.568810380091322692e-03
3.500000000000003109e-01 -3.499999999999997558e-01 1.811241739656547925e-03
3.500000000000003109e-01 -2.499999999999997780e-01 2.059168799131006269e-03
3.500000000000003109e-01 -1.499999999999998002e-01 2.059803753785518186e-03
3.500000000000003109e-01 -4.999999999999982236e-02 1.918743870562178650e-03
3.500000000000003109e-01 5.000000000000015543e-02 1.924610612949286155e-03
3.500000000000003109e-01 1.500000000000002442e-01 2.055405462704163345e-03
3.500000000000003109e-01 2.500000000000003331e-01 2.028231657783255946e-03
3.500000000000003109e-01 3.500000000000001998e-01 1.760841937770414025e-03
3.500000000000003109e-01 4.500000000000002887e-01 1.541187137066726094e-03
3.500000000000003109e-01 5.500000000000001554e-01 1.521009980926854967e-03
3.500000000000003109e-01 6.500000000000002442e-01 1.712710737723595637e-03
3.500000000000003109e-01 7.500000000000003331e-01 2.100569683493106778e-03
3.500000000000003109e-01 8.500000000000001998e-01 2.410119202008469477e-03
3.500000000000003109e-01 9.500000000000002887e-01 2.607888969279129662e-03
4.500000000000003997e-01 -9.499999999999998446e-01 4.066153820653715424e-03
4.500000000000003997e-01 -8.499999999999998668e-01 3.125939226758587923e-03
4.500000000000003997e-01 -7.499999999999997780e-01 2.274626239873356933e-03
4.500000000000003997e-01 -6.499999999999998002e-01 1.850284648351211694e-03
4.500000000000003997e-01 -5.499999999999998224e-01 1.770749340055451744e-03
4.500000000000003997e-01 -4.499999999999998446e-01 2.000732740458826490e-03
4.500000000000003997e-01 -3.499999999999997558e-01 2.451493274928393754e-03
4.500000000000003997e-01 -2.499999999999997780e-01 2.441756884270467835e-03
4.500000000000003997e-01 -1.499999999999998002e-01 1.944368255820412084e-03
4.500000000000003997e-01 -4.999999999999982236e-02 1.639316073113295186e-03
4.500000000000003997e-01 5.000000000000015543e-02 1.655732602625772454e-03
4.500000000000003997e-01 1.500000000000002442e-01 2.006687091248654953e-03
4.500000000000003997e-01 2.500000000000003331e-01 2.455673482143848948e-03
4.500000000000003997e-01 3.500000000000001998e-01 2.338012337166884679e-03
4.500000000000003997e-01 4.500000000000002887e-01 1.941037895235795058e-03
4.500000000000003997e-01 5.500000000000001554e-01 1.759891065302230393e-03
4.500000000000003997e-01 6.500000000000002442e-01 1.884227331981022137e-03
4.500000000000003997e-01 7.500000000000003331e-01 2.379443697652344064e-03
4.500000000000003997e-01 8.500000000000001998e-01 3.295372963538928737e-03
4.500000000000003997e-01 9.500000000000002887e-01 4.173747632365935011e-03
5.500000000000002665e-01 -9.499999999999998446e-01 5.883062904566164694e-03
5.500000000000002665e-01 -8.499999999999998668e-01 3.644997521992445876e-03
5.500000000000002665e-01 -7.499999999999997780e-01 2.601203825735364482e-03
5.500000000000002665e-01 -6.499999999999998002e-01 2.100073265391657479e-03
5.500000000000002665e-01 -5.499999999999998224e-01 2.113767810288112552e-03
5.500000000000002665e-01 -4.499999999999998446e-01 2.696449304468805704e-03
5.500000000000002665e-01 -3.499999999999997558e-01 3.601540224302552089e-03
5.500000000000002665e-01 -2.499999999999997780e-01 3.015989398247892733e-03
5.500000000000002665e-01 -1.499999999999998002e-01 1.924694626312931220e-03
5.500000000000002665e-01 -4.999999999999982236e-02 1.517636125715502620e-03
5.500000000000002665e-01 5.000000000000015543e-02 1.538898608188717836e-03
5.500000000000002665e-01 1.500000000000002442e-01 2.003239982330044539e-03
5.500000000000002665e-01 2.500000000000003331e-01 3.079438883340071976e-03
5.500000000000002665e-01 3.500000000000001998e-01 3.337390274296379421e-03
5.500000000000002665e-01 4.500000000000002887e-01 2.471868747446763232e-03
5.500000000000002665e-01 5.500000000000001554e-01 2.057656512095795611e-03
5.500000000000002665e-01 6.500000000000002442e-01 2.116314971365586706e-03
5.500000000000002665e-01 7.500000000000003331e-01 2.703360766376696183e-03
5.500000000000002665e-01 8.500000000000001998e-01 3.923983277866222030e-03
5.500000000000002665e-01 9.500000000000002887e-01 6.281787633832510397e-03
6.500000000000003553e-01 -9.499999999999998446e-01 4.906883666220831879e-03
6.500000000000003553e-01 -8.499999999999998668e-01 3.302923542775615395e-03
6.500000000000003553e-01 -7.499999999999997780e-01 2.332119406112743380e-03
6.500000000000003553e-01 -6.499999999999998002e-01 1.957585014505571624e-03
6.500000000000003553e-01 -5.499999999999998224e-01 1.998203340153245026e-03
6.500000000000003553e-01 -4.499999999999998446e-01 2.465338956574923083e-03
6.500000000000003553e-01 -3.499999999999997558e-01 3.157827435923140670e-03
6.500000000000003553e-01 -2.499999999999997780e-01 2.764186106523572155e-03
6.500000000000003553e-01 -1.499999999999998002e-01 1.914800077043772326e-03
6.500000000000003553e-01 -4.999999999999982236e-02 1.542853838015623537e-03
6.500000000000003553e-01 5.000000000000015543e-02 1.567728193813802901e-03
6.500000000000003553e-01 1.500000000000002442e-01 1.982861106357182868e-03
6.500000000000003553e-01 2.500000000000003331e-01 2.859506638608852805e-03
6.500000000000003553e-01 3.500000000000001998e-01 2.971091430738236668e-03
6.500000000000003553e-01 4.500000000000002887e-01 2.270701890190587012e-03
6.500000000000003553e-01 5.500000000000001554e-01 1.956233715433368294e-03
6.500000000000003553e-01 6.500000000000002442e-01 1.969037580655225595e-03
6.500000000000003553e-01 7.500000000000003331e-01 2.430453599678838658e-03
6.500000000000003553e-01 8.500000000000001998e-01 3.528341812014129490e-03
6.500000000000003553e-01 9.500000000000002887e-01 5.159596311436563838e-03
7.500000000000004441e-01 -9.499999999999998446e-01 3.202006762625052814e-03
7.500000000000004441e-01 -8.499999999999998668e-01 2.606799405702721773e-03
7.500000000000004441e-01 -7.499999999999997780e-01 2.028086723053789276e-03
7.500000000000004441e-01 -6.499999999999998002e-01 1.690123558830221003e-03
7.500000000000004441e-01 -5.499999999999998224e-01 1.617968279200254940e-03
7.500000000000004441e-01 -4.499999999999998446e-01 1.780835713851925415e-03
7.500000000000004441e-01 -3.499999999999997558e-01 2.112954403539817234e-03
7.500000000000004441e-01 -2.499999999999997780e-01 2.232578584733447245e-03
7.500000000000004441e-01 -1.499999999999998002e-01 1.944736352059237526e-03
7.500000000000004441e-01 -4.999999999999982236e-02 1.723351418369851703e-03
7.500000000000004441e-01 5.000000000000015543e-02 1.743599053381742359e-03
7.500000000000004441e-01 1.500000000000002442e-01 2.007900844942910306e-03
7.500000000000004441e-01 2.500000000000003331e-01 2.236104041960913953e-03
7.500000000000004441e-01 3.500000000000001998e-01 2.044827208621913944e-03
7.500000000000004441e-01 4.500000000000002887e-01 1.743595126575516905e-03
7.500000000000004441e-01 5.500000000000001554e-01 1.612954862262797832e-03
7.500000000000004441e-01 6.500000000000002442e-01 1.736825923828065913e-03
7.500000000000004441e-01 7.500000000000003331e-01 2.116135061443989544e-03
7.500000000000004441e-01 8.500000000000001998e-01 2.757149343336697152e-03
7.500000000000004441e-01 9.500000000000002887e-01 3.282162223017129864e-03
8.500000000000003109e-01 -9.499999999999998446e-01 2.292844728229032677e-03
8.500000000000003109e-01 -8.499999999999998668e-01 2.222233182102760930e-03
8.500000000000003109e-01 -7.499999999999997780e-01 1.931196245011313579e-03
8.500000000000003109e-01 -6.499999999999998002e-01 1.609858455725858561e-03
8.500000000000003109e-01 -5.499999999999998224e-01 1.459795372239524420e-03
8.500000000000003109e-01 -4.499999999999998446e-01 1.509529442504569134e-03
8.500000000000003109e-01 -3.499999999999997558e-01 1.732900893173013089e-03
8.500000000000003109e-01 -2.499999999999997780e-01 2.042554725081343302e-03
8.500000000000003109e-01 -1.499999999999998002e-01 2.177242885150002145e-03
8.500000000000003109e-01 -4.999999999999982236e-02 2.080112088609206624e-03
8.500000000000003109e-01 5.000000000000015543e-02 2.074631679192107461e-03
8.500000000000003109e-01 1.500000000000002442e-01 2.153201771733332607e-03
8.500000000000003109e-01 2.500000000000003331e-01 1.989609287559319494e-03
8.500000000000003109e-01 3.500000000000001998e-01 1.693410397986077698e-03
8.500000000000003109e-01 4.500000000000002887e-01 1.488949368390274927e-03
8.500000000000003109e-01 5.500000000000001554e-01 1.477080114744957215e-03
8.500000000000003109e-01 6.500000000000002442e-01 1.659958548061383826e-03
8.500000000000003109e-01 7.500000000000003331e-01 1.995319645488182175e-03
8.500000000000003109e-01 8.500000000000001998e-01 2.265762285956238881e-03
8.500000000000003109e-01 9.500000000000002887e-01 2.311907111161002042e-03
9.500000000000003997e-01 -9.499999999999998446e-01 1.863109115262744607e-03
9.500000000000003997e-01 -8.499999999999998668e-01 2.045959564121955284e-03
9.500000000000003997e-01 -7.499999999999997780e-01 2.078056542735207471e-03
9.500000000000003997e-01 -6.499999999999998002e-01 1.831543426325573515e-03
9.500000000000003997e-01 -5.499999999999998224e-01 1.596177004600543526e-03
9.500000000000003997e-01 -4.499999999999998446e-01 1.546520967972771178e-03
9.500000000000003997e-01 -3.499999999999997558e-01 1.736777389653995597e-03
9.500000000000003997e-01 -2.499999999999997780e-01 2.146035648424176028e-03
9.500000000000003997e-01 -1.499999999999998002e-01 2.635733928461799543e-03
9.500000000000003997e-01 -4.999999999999982236e-02 3.012284142618475245e-03
9.500000000000003997e-01 5.000000000000015543e-02 2.961976279993916352e-03
9.500000000000003997e-01 1.500000000000002442e-01 2.549997261267943939e-03
9.500000000000003997e-01 2.500000000000003331e-01 2.048583073337764768e-03
9.500000000000003997e-01 3.500000000000001998e-01 1.685704310969912256e-03
9.500000000000003997e-01 4.500000000000002887e-01 1.545080148399565530e-03
9.500000000000003997e-01 5.500000000000001554e-01 1.623216124642619385e-03
9.500000000000003997e-01 6.500000000000002442e-01 1.888028804643264490e-03
9.500000000000003997e-01 7.500000000000003331e-01 2.112044404429080490e-03
9.500000000000003997e-01 8.500000000000001998e-01 2.018443459679186182e-03
9.500000000000003997e-01 9.500000000000002887e-01 1.842479182908403649e-03
