-9.499999999999997335e-01 -9.499999999999998446e-01 6.809313027114158867e-01
-9.499999999999997335e-01 -8.499999999999998668e-01 6.525845232441164212e-01
-9.499999999999997335e-01 -7.499999999999997780e-01 1.043450508798158261e+00
-9.499999999999997335e-01 -6.499999999999998002e-01 1.289278867807135409e+00
-9.499999999999997335e-01 -5.499999999999998224e-01 9.164257128473796143e-01
-9.499999999999997335e-01 -4.499999999999998446e-01 4.861015108932080220e-01
-9.499999999999997335e-01 -3.499999999999997558e-01 6.275134435181065617e-01
-9.499999999999997335e-01 -2.499999999999997780e-01 1.250914139537835590e+00
-9.499999999999997335e-01 -1.499999999999998002e-01 8.748499352127133699e-01
-9.499999999999997335e-01 -4.999999999999982236e-02 9.675369304723414610e-01
-9.499999999999997335e-01 5.000000000000015543e-02 6.098960835325619723e-01
-9.499999999999997335e-01 1.500000000000002442e-01 5.447402678076725957e-01
-9.499999999999997335e-01 2.500000000000003331e-01 9.756897513199924710e-01
-9.499999999999997335e-01 3.500000000000001998e-01 5.716995076880654336e-01
-9.499999999999997335e-01 4.500000000000002887e-01 5.978278304235477014e-01
-9.499999999999997335e-01 5.500000000000001554e-01 7.074029956764287252e-01
-9.499999999999997335e-01 6.500000000000002442e-01 5.791384244749882004e-01
-9.499999999999997335e-01 7.500000000000003331e-01 1.050686681718390858e+00
-9.499999999999997335e-01 8.500000000000001998e-01 8.637329926779027112e-01
-9.499999999999997335e-01 9.500000000000002887e-01 9.828127609984962376e-01
-8.499999999999997558e-01 -9.499999999999998446e-01 8.812688072281648077e-01
-8.499999999999997558e-01 -8.499999999999998668e-01 3.916838774995308192e-01
-8.499999999999997558e-01 -7.499999999999997780e-01 4.332847693962731950e-01
-8.499999999999997558e-01 -6.499999999999998002e-01 4.568366984941854558e-01
-8.499999999999997558e-01 -5.499999999999998224e-01 1.490206038489164886e+00
-8.499999999999997558e-01 -4.499999999999998446e-01 9.830630813426460834e-01
-8.499999999999997558e-01 -3.499999999999997558e-01 4.961256887872840804e-01
-8.499999999999997558e-01 -2.499999999999997780e-01 4.639572362167587172e-01
-8.499999999999997558e-01 -1.499999999999998002e-01 9.017196119428915191e-01
-8.499999999999997558e-01 -4.999999999999982236e-02 8.173554024353216763e-01
-8.499999999999997558e-01 5.000000000000015543e-02 7.523786569635945165e-01
-8.499999999999997558e-01 1.500000000000002442e-01 4.849455858490127058e-01
-8.499999999999997558e-01 2.500000000000003331e-01 4.476973000113280698e-01
-8.499999999999997558e-01 3.500000000000001998e-01 5.325710892660858731e-01
-8.499999999999997558e-01 4.500000000000002887e-01 1.161903436417496049e+00
-8.499999999999997558e-01 5.500000000000001554e-01 6.565298168446306315e-01
-8.499999999999997558e-01 6.500000000000002442e-01 4.139131843418273338e-01
-8.499999999999997558e-01 7.500000000000003331e-01 4.486103641134804865e-01
-8.499999999999997558e-01 8.500000000000001998e-01 5.091156826977353278e-01
-8.499999999999997558e-01 9.500000000000002887e-01 1.086927920849243723e+00
-7.499999999999997780e-01 -9.499999999999998446e-01 6.479176919953003599e-01
-7.499999999999997780e-01 -8.499999999999998668e-01 7.069416943855888480e-01
-7.499999999999997780e-01 -7.499999999999997780e-01 1.003408486312313830e+00
-7.499999999999997780e-01 -6.499999999999998002e-01 5.597846225139200271e-01
-7.499999999999997780e-01 -5.499999999999998224e-01 5.681222313171889748e-01
-7.499999999999997780e-01 -4.499999999999998446e-01 1.164800172362984387e+00
-7.499999999999997780e-01 -3.499999999999997558e-01 7.280320209498449824e-01
-7.499999999999997780e-01 -2.499999999999997780e-01 6.927804601302548493e-01
-7.499999999999997780e-01 -1.499999999999998002e-01 8.085007427294461646e-01
-7.499999999999997780e-01 -4.999999999999982236e-02 5.883939962185908978e-01
-7.499999999999997780e-01 5.000000000000015543e-02 6.047588560766012922e-01
-7.499999999999997780e-01 1.500000000000002442e-01 4.995778400290544208e-01
-7.499999999999997780e-01 2.500000000000003331e-01 9.881860284331169808e-01
-7.499999999999997780e-01 3.500000000000001998e-01 1.491534935945115770e+00
-7.499999999999997780e-01 4.500000000000002887e-01 1.066137236877074512e+00
-7.499999999999997780e-01 5.500000000000001554e-01 4.724258278582728066e-01
-7.499999999999997780e-01 6.500000000000002442e-01 1.028315923213278138e+00
-7.499999999999997780e-01 7.500000000000003331e-01 1.089608839638186000e+00
-7.499999999999997780e-01 8.500000000000001998e-01 1.118469654516822898e+00
-7.499999999999997780e-01 9.500000000000002887e-01 9.594084514347207548e-01
-6.499999999999996891e-01 -9.499999999999998446e-01 1.588444325656807932e+00
-6.499999999999996891e-01 -8.499999999999998668e-01 1.132488725943526120e+00
-6.499999999999996891e-01 -7.499999999999997780e-01 7.026449912572896306e-01
-6.499999999999996891e-01 -6.499999999999998002e-01 9.232927824138947859e-01
-6.499999999999996891e-01 -5.499999999999998224e-01 5.212922728980184939e-01
-6.499999999999996891e-01 -4.499999999999998446e-01 6.781255556213142688e-01
-6.499999999999996891e-01 -3.499999999999997558e-01 1.628178459726074556e-01
-6.499999999999996891e-01 -2.499999999999997780e-01 8.432982675404524509e-01
-6.499999999999996891e-01 -1.499999999999998002e-01 1.103404617240476782e+00
-6.499999999999996891e-01 -4.999999999999982236e-02 8.733639846184895195e-01
-6.499999999999996891e-01 5.000000000000015543e-02 8.016554807100951807e-01
-6.499999999999996891e-01 1.500000000000002442e-01 9.682268744385297277e-01
-6.499999999999996891e-01 2.500000000000003331e-01 9.250056359295665276e-01
-6.499999999999996891e-01 3.500000000000001998e-01 1.888736023354161686e-01
-6.499999999999996891e-01 4.500000000000002887e-01 1.136364636501371761e+00
-6.499999999999996891e-01 5.500000000000001554e-01 5.235194813408553527e-01
-6.499999999999996891e-01 6.500000000000002442e-01 7.353105457879349771e-01
-6.499999999999996891e-01 7.500000000000003331e-01 9.872013552149250248e-01
-6.499999999999996891e-01 8.500000000000001998e-01 1.475369293602080578e+00
-6.499999999999996891e-01 9.500000000000002887e-01 2.136622990124598331e+00
-5.499999999999997113e-01 -9.499999999999998446e-01 3.480554966191687694e+00
-5.499999999999997113e-01 -8.499999999999998668e-01 1.664606094429680327e+00
-5.499999999999997113e-01 -7.499999999999997780e-01 8.477063800061679366e-01
-5.499999999999997113e-01 -6.499999999999998002e-01 6.589024260782182507e-01
-5.499999999999997113e-01 -5.499999999999998224e-01 1.091817142070544033e+00
-5.499999999999997113e-01 -4.499999999999998446e-01 1.044663646396300827e+00
-5.499999999999997113e-01 -3.499999999999997558e-01 1.118265402740545172e-01
-5.499999999999997113e-01 -2.499999999999997780e-01 2.513990426444341342e-01
-5.499999999999997113e-01 -1.499999999999998002e-01 8.259110539624989755e-01
-5.499999999999997113e-01 -4.999999999999982236e-02 1.094493341415787802e+00
-5.499999999999997113e-01 5.000000000000015543e-02 1.258418244489444282e+00
-5.499999999999997113e-01 1.500000000000002442e-01 1.495206817235304353e+00
-5.499999999999997113e-01 2.500000000000003331e-01 2.611602605118119591e-01
-5.499999999999997113e-01 3.500000000000001998e-01 1.310994473488624190e-01
-5.499999999999997113e-01 4.500000000000002887e-01 1.338392966714988974e+00
-5.499999999999997113e-01 5.500000000000001554e-01 6.030413742531592902e-01
-5.499999999999997113e-01 6.500000000000002442e-01 4.770841955444453664e-01
-5.499999999999997113e-01 7.500000000000003331e-01 5.492321106591541158e-01
-5.499999999999997113e-01 8.500000000000001998e-01 9.917029899545800609e-01
-5.499999999999997113e-01 9.500000000000002887e-01 3.926210128503773600e+00
-4.499999999999997335e-01 -9.499999999999998446e-01 9.525379685988595302e-01
-4.499999999999997335e-01 -8.499999999999998668e-01 9.807754832605898310e-01
-4.499999999999997335e-01 -7.499999999999997780e-01 9.987770568477569721e-01
-4.499999999999997335e-01 -6.499999999999998002e-01 1.219916838675172643e+00
-4.499999999999997335e-01 -5.499999999999998224e-01 7.828437803799472849e-01
-4.499999999999997335e-01 -4.499999999999998446e-01 6.332334034297375513e-01
-4.499999999999997335e-01 -3.499999999999997558e-01 9.529515085953573772e-01
-4.499999999999997335e-01 -2.499999999999997780e-01 7.918230011713601746e-01
-4.499999999999997335e-01 -1.499999999999998002e-01 6.714465813518950554e-01
-4.499999999999997335e-01 -4.999999999999982236e-02 5.783753878242940960e-01
-4.499999999999997335e-01 5.000000000000015543e-02 4.955869768909191286e-01
-4.499999999999997335e-01 1.500000000000002442e-01 1.132164032417867450e+00
-4.499999999999997335e-01 2.500000000000003331e-01 1.288231052548817868e+00
-4.499999999999997335e-01 3.500000000000001998e-01 1.224928876852846793e+00
-4.499999999999997335e-01 4.500000000000002887e-01 8.536922196613411229e-01
-4.499999999999997335e-01 5.500000000000001554e-01 7.908255058194274545e-01
-4.499999999999997335e-01 6.500000000000002442e-01 4.679036412116039934e-01
-4.499999999999997335e-01 7.500000000000003331e-01 8.990851144036855480e-01
-4.499999999999997335e-01 8.500000000000001998e-01 1.419019620187099928e+00
-4.499999999999997335e-01 9.500000000000002887e-01 1.125336343179918375e+00
-3.499999999999996447e-01 -9.499999999999998446e-01 5.812434616382716746e-01
-3.499999999999996447e-01 -8.499999999999998668e-01 4.233108589703046820e-01
-3.499999999999996447e-01 -7.499999999999997780e-01 5.140189946948643396e-01
-3.499999999999996447e-01 -6.499999999999998002e-01 5.545527661790591312e-01
-3.499999999999996447e-01 -5.499999999999998224e-01 5.618655656287393496e-01
-3.499999999999996447e-01 -4.499999999999998446e-01 1.153516922277964429e+00
-3.499999999999996447e-01 -3.499999999999997558e-01 7.754760443551282911e-01
-3.499999999999996447e-01 -2.499999999999997780e-01 9.761050590343172129e-01
-3.499999999999996447e-01 -1.499999999999998002e-01 9.611469433078445590e-01
-3.499999999999996447e-01 -4.999999999999982236e-02 5.328030909726368947e-01
-3.499999999999996447e-01 5.000000000000015543e-02 6.068511705332975126e-01
-3.499999999999996447e-01 1.500000000000002442e-01 7.958859353819348614e-01
-3.499999999999996447e-01 2.500000000000003331e-01 6.019007340230301262e-01
-3.499999999999996447e-01 3.500000000000001998e-01 8.322687913937926174e-01
-3.499999999999996447e-01 4.500000000000002887e-01 1.720860027873397202e+00
-3.499999999999996447e-01 5.500000000000001554e-01 4.444314030853895869e-01
-3.499999999999996447e-01 6.500000000000002442e-01 6.894850691084418726e-01
-3.499999999999996447e-01 7.500000000000003331e-01 8.826702598980349368e-01
-3.499999999999996447e-01 8.500000000000001998e-01 6.089790245477080255e-01
-3.499999999999996447e-01 9.500000000000002887e-01 7.955032060536251226e-01
-2.499999999999996669e-01 -9.499999999999998446e-01 5.566837218114785157e-01
-2.499999999999996669e-01 -8.499999999999998668e-01 3.938392148842942975e-01
-2.499999999999996669e-01 -7.499999999999997780e-01 5.008014379035925501e-01
-2.499999999999996669e-01 -6.499999999999998002e-01 5.657895265554860886e-01
-2.499999999999996669e-01 -5.499999999999998224e-01 1.251411006433871709e+00
-2.499999999999996669e-01 -4.499999999999998446e-01 6.365111057884244028e-01
-2.499999999999996669e-01 -3.499999999999997558e-01 3.939967367003528453e-01
-2.499999999999996669e-01 -2.499999999999997780e-01 5.745623162859890831e-01
-2.499999999999996669e-01 -1.499999999999998002e-01 4.973611166352295831e-01
-2.499999999999996669e-01 -4.999999999999982236e-02 1.674405181625254979e+00
-2.499999999999996669e-01 5.000000000000015543e-02 8.634814067533044257e-01
-2.499999999999996669e-01 1.500000000000002442e-01 3.729543316093024141e-01
-2.499999999999996669e-01 2.500000000000003331e-01 4.936780588406855519e-01
-2.499999999999996669e-01 3.500000000000001998e-01 4.673538160008056108e-01
-2.499999999999996669e-01 4.500000000000002887e-01 8.865964046881781302e-01
-2.499999999999996669e-01 5.500000000000001554e-01 1.480716339334402942e+00
-2.499999999999996669e-01 6.500000000000002442e-01 5.539683672551918292e-01
-2.499999999999996669e-01 7.500000000000003331e-01 7.465343321839719160e-01
-2.499999999999996669e-01 8.500000000000001998e-01 1.142296915039861416e+00
-2.499999999999996669e-01 9.500000000000002887e-01 4.807584360455262606e-01
-1.499999999999996891e-01 -9.499999999999998446e-01 5.154378978486330309e-01
-1.499999999999996891e-01 -8.499999999999998668e-01 4.438916204491424322e-01
-1.499999999999996891e-01 -7.499999999999997780e-01 1.132821201653753329e+00
-1.499999999999996891e-01 -6.499999999999998002e-01 1.715671772077260515e+00
-1.499999999999996891e-01 -5.499999999999998224e-01 8.269227203527190762e-01
-1.499999999999996891e-01 -4.499999999999998446e-01 7.214251899308462557e-01
-1.499999999999996891e-01 -3.499999999999997558e-01 4.202504421219675490e-01
-1.499999999999996891e-01 -2.499999999999997780e-01 7.258607334608060402e-01
-1.499999999999996891e-01 -1.499999999999998002e-01 1.541992021870684404e+00
-1.499999999999996891e-01 -4.999999999999982236e-02 9.916668873406688789e-01
-1.499999999999996891e-01 5.000000000000015543e-02 7.604253667011150464e-01
-1.499999999999996891e-01 1.500000000000002442e-01 9.319592929412983118e-01
-1.499999999999996891e-01 2.500000000000003331e-01 9.589099200410523549e-01
-1.499999999999996891e-01 3.500000000000001998e-01 7.434353197861900409e-01
-1.499999999999996891e-01 4.500000000000002887e-01 6.014020092988779931e-01
-1.499999999999996891e-01 5.500000000000001554e-01 6.527858489872208070e-01
-1.499999999999996891e-01 6.500000000000002442e-01 1.183463876234030598e+00
-1.499999999999996891e-01 7.500000000000003331e-01 8.529413305321824623e-01
-1.499999999999996891e-01 8.500000000000001998e-01 7.318059738061110098e-01
-1.499999999999996891e-01 9.500000000000002887e-01 4.581839283268741014e-01
-4.999999999999971134e-02 -9.499999999999998446e-01 9.324572226703858879e-01
-4.999999999999971134e-02 -8.499999999999998668e-01 1.563711601404040419e+00
-4.999999999999971134e-02 -7.499999999999997780e-01 4.149298264627442334e-01
-4.999999999999971134e-02 -6.499999999999998002e-01 1.492373885156170477e-01
-4.999999999999971134e-02 -5.499999999999998224e-01 7.672899322140460665e-01
-4.999999999999971134e-02 -4.499999999999998446e-01 4.891797710819207889e-01
-4.999999999999971134e-02 -3.499999999999997558e-01 4.755762394635815737e-01
-4.999999999999971134e-02 -2.499999999999997780e-01 8.535149956668078852e-01
-4.999999999999971134e-02 -1.499999999999998002e-01 1.387912559514781652e+00
-4.999999999999971134e-02 -4.999999999999982236e-02 3.208886291215442998e+00
-4.999999999999971134e-02 5.000000000000015543e-02 1.887842412797834379e+00
-4.999999999999971134e-02 1.500000000000002442e-01 1.230043752800088708e+00
-4.999999999999971134e-02 2.500000000000003331e-01 9.293802062099709715e-01
-4.999999999999971134e-02 3.500000000000001998e-01 1.060141686991774801e+00
-4.999999999999971134e-02 4.500000000000002887e-01 6.736752880988764458e-01
-4.999999999999971134e-02 5.500000000000001554e-01 6.506281003344835945e-01
-4.999999999999971134e-02 6.500000000000002442e-01 1.349636057561184599e-01
-4.999999999999971134e-02 7.500000000000003331e-01 3.032123143146177591e-01
-4.999999999999971134e-02 8.500000000000001998e-01 1.012572084244338866e+00
-4.999999999999971134e-02 9.500000000000002887e-01 8.029276458664499350e-01
5.000000000000026645e-02 -9.499999999999998446e-01 8.514526769129079353e-01
5.000000000000026645e-02 -8.499999999999998668e-01 1.424701707374283144e+00
5.000000000000026645e-02 -7.499999999999997780e-01 4.157043487744069843e-01
5.000000000000026645e-02 -6.499999999999998002e-01 1.506521422285954093e-01
5.000000000000026645e-02 -5.499999999999998224e-01 7.933146200111248492e-01
5.000000000000026645e-02 -4.499999999999998446e-01 5.011837081719862086e-01
5.000000000000026645e-02 -3.499999999999997558e-01 4.612472027778648509e-01
5.000000000000026645e-02 -2.499999999999997780e-01 7.977523891179936211e-01
5.000000000000026645e-02 -1.499999999999998002e-01 1.421680185175940858e+00
5.000000000000026645e-02 -4.999999999999982236e-02 2.135597285679608159e+00
5.000000000000026645e-02 5.000000000000015543e-02 2.079932451690831297e+00
5.000000000000026645e-02 1.500000000000002442e-01 1.328680476687015943e+00
5.000000000000026645e-02 2.500000000000003331e-01 9.276051557830207184e-01
5.000000000000026645e-02 3.500000000000001998e-01 1.071645099031928838e+00
5.000000000000026645e-02 4.500000000000002887e-01 9.007670112734357248e-01
5.000000000000026645e-02 5.500000000000001554e-01 6.347498123621638788e-01
5.000000000000026645e-02 6.500000000000002442e-01 1.326886403729194142e-01
5.000000000000026645e-02 7.500000000000003331e-01 2.814553741435419920e-01
5.000000000000026645e-02 8.500000000000001998e-01 1.004385967280734260e+00
5.000000000000026645e-02 9.500000000000002887e-01 7.521967749470513942e-01
1.500000000000003553e-01 -9.499999999999998446e-01 5.248609812770076433e-01
1.500000000000003553e-01 -8.499999999999998668e-01 6.717635357753848346e-01
1.500000000000003553e-01 -7.499999999999997780e-01 1.181609865474341214e+00
1.500000000000003553e-01 -6.499999999999998002e-01 2.129389871934940448e+00
1.500000000000003553e-01 -5.499999999999998224e-01 7.917175534993835528e-01
1.500000000000003553e-01 -4.499999999999998446e-01 7.863629120724714427e-01
1.500000000000003553e-01 -3.499999999999997558e-01 3.810280519556743517e-01
1.500000000000003553e-01 -2.499999999999997780e-01 7.251112224558249331e-01
1.500000000000003553e-01 -1.499999999999998002e-01 1.029608742870942617e+00
1.500000000000003553e-01 -4.999999999999982236e-02 9.890508384356697658e-01
1.500000000000003553e-01 5.000000000000015543e-02 7.317033287024671262e-01
1.500000000000003553e-01 1.500000000000002442e-01 1.459567543852754667e+00
1.500000000000003553e-01 2.500000000000003331e-01 1.368790836294126345e+00
1.500000000000003553e-01 3.500000000000001998e-01 1.143663408495472211e+00
1.500000000000003553e-01 4.500000000000002887e-01 9.447384046880435982e-01
1.500000000000003553e-01 5.500000000000001554e-01 6.159063362452720236e-01
1.500000000000003553e-01 6.500000000000002442e-01 9.984413346039257009e-01
1.500000000000003553e-01 7.500000000000003331e-01 7.907635189663193565e-01
1.500000000000003553e-01 8.500000000000001998e-01 6.256857364574028857e-01
1.500000000000003553e-01 9.500000000000002887e-01 4.613929061406503718e-01
2.500000000000004441e-01 -9.499999999999998446e-01 6.500523771880298840e-01
2.500000000000004441e-01 -8.499999999999998668e-01 4.971591634381694047e-01
2.500000000000004441e-01 -7.499999999999997780e-01 4.900530934871015765e-01
2.500000000000004441e-01 -6.499999999999998002e-01 7.125493993242256741e-01
2.500000000000004441e-01 -5.499999999999998224e-01 1.698728373596632757e+00
2.500000000000004441e-01 -4.499999999999998446e-01 6.345961809637387097e-01
2.500000000000004441e-01 -3.499999999999997558e-01 3.990773946626046120e-01
2.500000000000004441e-01 -2.499999999999997780e-01 5.930625478946696116e-01
2.500000000000004441e-01 -1.499999999999998002e-01 5.073543676436235161e-01
2.500000000000004441e-01 -4.999999999999982236e-02 1.340731654246674287e+00
2.500000000000004441e-01 5.000000000000015543e-02 6.973138436987056377e-01
2.500000000000004441e-01 1.500000000000002442e-01 3.951360693284890480e-01
2.500000000000004441e-01 2.500000000000003331e-01 4.358891662579326143e-01
2.500000000000004441e-01 3.500000000000001998e-01 4.790073534555405743e-01
2.500000000000004441e-01 4.500000000000002887e-01 8.076854537853874749e-01
2.500000000000004441e-01 5.500000000000001554e-01 1.197664970776037396e+00
2.500000000000004441e-01 6.500000000000002442e-01 6.263338839490761867e-01
2.500000000000004441e-01 7.500000000000003331e-01 7.302660395196400867e-01
2.500000000000004441e-01 8.500000000000001998e-01 7.250433312290418542e-01
2.500000000000004441e-01 9.500000000000002887e-01 5.418924166887522098e-01
3.500000000000003109e-01 -9.499999999999998446e-01 5.177378498235966076e-01
3.500000000000003109e-01 -8.499999999999998668e-01 4.185245892280096691e-01
3.500000000000003109e-01 -7.499999999999997780e-01 4.853039335910968033e-01
3.500000000000003109e-01 -6.499999999999998002e-01 5.066329660784012479e-01
3.500000000000003109e-01 -5.499999999999998224e-01 6.036399683283035777e-01
3.500000000000003109e-01 -4.499999999999998446e-01 1.396323191097445404e+00
3.500000000000003109e-01 -3.499999999999997558e-01 8.156535902198152055e-01
3.500000000000003109e-01 -2.499999999999997780e-01 9.150272468212615751e-01
3.500000000000003109e-01 -1.499999999999998002e-01 1.362461992960489310e+00
3.500000000000003109e-01 -4.999999999999982236e-02 5.424789514513497224e-01
3.500000000000003109e-01 5.000000000000015543e-02 6.158976990466453749e-01
3.500000000000003109e-01 1.500000000000002442e-01 7.868347798616442956e-01
3.500000000000003109e-01 2.500000000000003331e-01 4.898810608640911113e-01
3.500000000000003109e-01 3.500000000000001998e-01 7.777289875581807621e-01
3.500000000000003109e-01 4.500000000000002887e-01 1.490262300902544412e+00
3.500000000000003109e-01 5.500000000000001554e-01 3.991214649289023808e-01
3.500000000000003109e-01 6.500000000000002442e-01 6.956120632334709120e-01
3.500000000000003109e-01 7.500000000000003331e-01 7.824720878814188652e-01
3.500000000000003109e-01 8.500000000000001998e-01 6.108292493311470173e-01
3.500000000000003109e-01 9.500000000000002887e-01 9.851345795607783229e-01
4.500000000000003997e-01 -9.499999999999998446e-01 7.964945575746595896e-01
4.500000000000003997e-01 -8.499999999999998668e-01 7.349019938260202833e-01
4.500000000000003997e-01 -7.499999999999997780e-01 7.681138560129021631e-01
4.500000000000003997e-01 -6.499999999999998002e-01 7.919937429193737444e-01
4.500000000000003997e-01 -5.499999999999998224e-01 7.375088929351042433e-01
4.500000000000003997e-01 -4.499999999999998446e-01 7.396719135781546495e-01
4.500000000000003997e-01 -3.499999999999997558e-01 1.026044635044411679e+00
4.500000000000003997e-01 -2.499999999999997780e-01 6.738914564995880374e-01
4.500000000000003997e-01 -1.499999999999998002e-01 7.262798781456776265e-01
4.500000000000003997e-01 -4.999999999999982236e-02 7.337975814529648089e-01
4.500000000000003997e-01 5.000000000000015543e-02 5.046968324855182209e-01
4.500000000000003997e-01 1.500000000000002442e-01 7.687123587952739978e-01
4.500000000000003997e-01 2.500000000000003331e-01 8.512735872505791113e-01
4.500000000000003997e-01 3.500000000000001998e-01 1.020775474886703060e+00
4.500000000000003997e-01 4.500000000000002887e-01 8.127230283342486983e-01
4.500000000000003997e-01 5.500000000000001554e-01 6.280430539662090750e-01
4.500000000000003997e-01 6.500000000000002442e-01 5.067461175679894847e-01
4.500000000000003997e-01 7.500000000000003331e-01 9.609864923636296519e-01
4.500000000000003997e-01 8.500000000000001998e-01 1.537958529619686932e+00
4.500000000000003997e-01 9.500000000000002887e-01 1.161142913308490732e+00
5.500000000000002665e-01 -9.499999999999998446e-01 3.272368390902979041e+00
5.500000000000002665e-01 -8.499999999999998668e-01 1.653467984678007818e+00
5.500000000000002665e-01 -7.499999999999997780e-01 8.288403221991352821e-01
5.500000000000002665e-01 -6.499999999999998002e-01 6.861233300620062092e-01
5.500000000000002665e-01 -5.499999999999998224e-01 9.019117358613423230e-01
5.500000000000002665e-01 -4.499999999999998446e-01 8.928560819968347495e-01
5.500000000000002665e-01 -3.499999999999997558e-01 1.184324275753191741e-01
5.500000000000002665e-01 -2.499999999999997780e-01 2.601573056831743003e-01
5.500000000000002665e-01 -1.499999999999998002e-01 8.415995843485567507e-01
5.500000000000002665e-01 -4.999999999999982236e-02 1.083600435381153027e+00
5.500000000000002665e-01 5.000000000000015543e-02 1.201762177938339393e+00
5.500000000000002665e-01 1.500000000000002442e-01 1.496703915062032930e+00
5.500000000000002665e-01 2.500000000000003331e-01 2.925333224483931960e-01
5.500000000000002665e-01 3.500000000000001998e-01 1.287926398266540651e-01
5.500000000000002665e-01 4.500000000000002887e-01 1.467762440502605736e+00
5.500000000000002665e-01 5.500000000000001554e-01 6.160213704247955446e-01
5.500000000000002665e-01 6.500000000000002442e-01 5.135583251178449382e-01
5.500000000000002665e-01 7.500000000000003331e-01 5.784326054387570748e-01
5.500000000000002665e-01 8.500000000000001998e-01 9.964058507757194150e-01
5.500000000000002665e-01 9.500000000000002887e-01 4.126618370431948790e+00
6.500000000000003553e-01 -9.499999999999998446e-01 1.872065738657803902e+00
6.500000000000003553e-01 -8.499999999999998668e-01 1.318632576680466961e+00
6.500000000000003553e-01 -7.499999999999997780e-01 7.378052795937989350e-01
6.500000000000003553e-01 -6.499999999999998002e-01 1.395329314266482434e+00
6.500000000000003553e-01 -5.499999999999998224e-01 6.077711672026223644e-01
6.500000000000003553e-01 -4.499999999999998446e-01 7.672689989516791043e-01
6.500000000000003553e-01 -3.499999999999997558e-01 1.433157799073440652e-01
6.500000000000003553e-01 -2.499999999999997780e-01 8.263166740795452325e-01
6.500000000000003553e-01 -1.499999999999998002e-01 9.608053767955933022e-01
6.500000000000003553e-01 -4.999999999999982236e-02 8.424128148151347473e-01
6.500000000000003553e-01 5.000000000000015543e-02 8.064058657805465158e-01
6.500000000000003553e-01 1.500000000000002442e-01 8.896624620815050122e-01
6.500000000000003553e-01 2.500000000000003331e-01 8.816515221149368031e-01
6.500000000000003553e-01 3.500000000000001998e-01 1.676968081669773236e-01
6.500000000000003553e-01 4.500000000000002887e-01 1.081426524233893849e+00
6.500000000000003553e-01 5.500000000000001554e-01 5.629375522003353671e-01
6.500000000000003553e-01 6.500000000000002442e-01 7.554399558393720682e-01
6.500000000000003553e-01 7.500000000000003331e-01 6.268886300823897084e-01
6.500000000000003553e-01 8.500000000000001998e-01 1.220386469088696746e+00
6.500000000000003553e-01 9.500000000000002887e-01 1.873158766381577855e+00
7.500000000000004441e-01 -9.499999999999998446e-01 6.295716486910071241e-01
7.500000000000004441e-01 -8.499999999999998668e-01 8.165922654229441635e-01
7.500000000000004441e-01 -7.499999999999997780e-01 8.172606965004147739e-01
7.500000000000004441e-01 -6.499999999999998002e-01 6.240280269319226081e-01
7.500000000000004441e-01 -5.499999999999998224e-01 5.448644902515670241e-01
7.500000000000004441e-01 -4.499999999999998446e-01 8.870356167387422053e-01
7.500000000000004441e-01 -3.499999999999997558e-01 6.068091746795046815e-01
7.500000000000004441e-01 -2.499999999999997780e-01 6.840589544662420973e-01
7.500000000000004441e-01 -1.499999999999998002e-01 7.548696632294422670e-01
7.500000000000004441e-01 -4.999999999999982236e-02 5.449950793048421449e-01
7.500000000000004441e-01 5.000000000000015543e-02 5.768967208134959668e-01
7.500000000000004441e-01 1.500000000000002442e-01 9.971732151684573608e-01
7.500000000000004441e-01 2.500000000000003331e-01 1.342736767132384657e+00
7.500000000000004441e-01 3.500000000000001998e-01 1.721570870627126881e+00
7.500000000000004441e-01 4.500000000000002887e-01 1.548373873090612474e+00
7.500000000000004441e-01 5.500000000000001554e-01 5.033165022149871382e-01
7.500000000000004441e-01 6.500000000000002442e-01 7.069714821104511326e-01
7.500000000000004441e-01 7.500000000000003331e-01 1.068336408610491617e+00
7.500000000000004441e-01 8.500000000000001998e-01 1.027927543726929516e+00
7.500000000000004441e-01 9.500000000000002887e-01 7.831218313844018342e-01
8.500000000000003109e-01 -9.499999999999998446e-01 7.128384859021354991e-01
8.500000000000003109e-01 -8.499999999999998668e-01 3.944466837591416031e-01
8.500000000000003109e-01 -7.499999999999997780e-01 4.297937062404416086e-01
8.500000000000003109e-01 -6.499999999999998002e-01 4.671427954134218519e-01
8.500000000000003109e-01 -5.499999999999998224e-01 1.241676318598055273e+00
8.500000000000003109e-01 -4.499999999999998446e-01 8.476417352785655668e-01
8.500000000000003109e-01 -3.499999999999997558e-01 5.096116024904011610e-01
8.500000000000003109e-01 -2.499999999999997780e-01 4.681099073997153637e-01
8.500000000000003109e-01 -1.499999999999998002e-01 8.843111346723137034e-01
8.500000000000003109e-01 -4.999999999999982236e-02 8.150684438294170109e-01
8.500000000000003109e-01 5.000000000000015543e-02 6.974521133410654938e-01
8.500000000000003109e-01 1.500000000000002442e-01 5.052468364950406521e-01
8.500000000000003109e-01 2.500000000000003331e-01 4.174454142628601927e-01
8.500000000000003109e-01 3.500000000000001998e-01 4.886164832322488771e-01
8.500000000000003109e-01 4.500000000000002887e-01 1.480633037846291300e+00
8.500000000000003109e-01 5.500000000000001554e-01 7.220343806478664028e-01
8.500000000000003109e-01 6.500000000000002442e-01 4.110301408648956434e-01
8.500000000000003109e-01 7.500000000000003331e-01 4.560670190591777917e-01
8.500000000000003109e-01 8.500000000000001998e-01 4.727107719922107876e-01
8.500000000000003109e-01 9.500000000000002887e-01 9.574826189082775718e-01
9.500000000000003997e-01 -9.499999999999998446e-01 5.662048299808137841e-01
9.500000000000003997e-01 -8.499999999999998668e-01 6.497134935389408117e-01
9.500000000000003997e-01 -7.499999999999997780e-01 6.154002684366014497e-01
9.500000000000003997e-01 -6.499999999999998002e-01 8.686615325728441750e-01
9.500000000000003997e-01 -5.499999999999998224e-01 7.531318100725997722e-01
9.500000000000003997e-01 -4.499999999999998446e-01 4.244269891578149601e-01
9.500000000000003997e-01 -3.499999999999997558e-01 8.563012217307404139e-01
9.500000000000003997e-01 -2.499999999999997780e-01 1.124733405129537234e+00
9.500000000000003997e-01 -1.499999999999998002e-01 8.221723233368372075e-01
9.500000000000003997e-01 -4.999999999999982236e-02 1.012832133987396688e+00
9.500000000000003997e-01 5.000000000000015543e-02 6.056200669317483021e-01
9.500000000000003997e-01 1.500000000000002442e-01 4.908739667163642406e-01
9.500000000000003997e-01 2.500000000000003331e-01 5.961442358696159571e-01
9.500000000000003997e-01 3.500000000000001998e-01 4.617257178564304620e-01
9.500000000000003997e-01 4.500000000000002887e-01 6.040615057804570309e-01
9.500000000000003997e-01 5.500000000000001554e-01 9.416816316377286666e-01
9.500000000000003997e-01 6.500000000000002442e-01 1.121733612406994096e+00
9.500000000000003997e-01 7.500000000000003331e-01 1.246018050621309659e+00
9.500000000000003997e-01 8.500000000000001998e-01 8.868650148784157361e-01
9.500000000000003997e-01 9.500000000000002887e-01 1.012760816502719319e+00
