-9.499999999999997335e-01 -9.499999999999998446e-01 8.806757783243083582e-04
-9.499999999999997335e-01 -8.499999999999998668e-01 7.720543836490223726e-04
-9.499999999999997335e-01 -7.499999999999997780e-01 6.304949523478099857e-04
-9.499999999999997335e-01 -6.499999999999998002e-01 5.414386434429912598e-04
-9.499999999999997335e-01 -5.499999999999998224e-01 5.268685504933937058e-04
-9.499999999999997335e-01 -4.499999999999998446e-01 6.232190516326386459e-04
-9.499999999999997335e-01 -3.499999999999997558e-01 8.773010347884313944e-04
-9.499999999999997335e-01 -2.499999999999997780e-01 1.324977901601402880e-03
-9.499999999999997335e-01 -1.499999999999998002e-01 1.940652300733534605e-03
-9.499999999999997335e-01 -4.999999999999982236e-02 2.430494077377226645e-03
-9.499999999999997335e-01 5.000000000000015543e-02 2.396226923081405582e-03
-9.499999999999997335e-01 1.500000000000002442e-01 1.811977825606048143e-03
-9.499999999999997335e-01 2.500000000000003331e-01 1.230416890745406706e-03
-9.499999999999997335e-01 3.500000000000001998e-01 8.083362589277115137e-04
-9.499999999999997335e-01 4.500000000000002887e-01 5.954714131209299125e-04
-9.499999999999997335e-01 5.500000000000001554e-01 5.236310044482164142e-04
-9.499999999999997335e-01 6.500000000000002442e-01 5.507512388151867416e-04
-9.499999999999997335e-01 7.500000000000003331e-01 6.584223275835349295e-04
-9.499999999999997335e-01 8.500000000000001998e-01 7.934189063104530627e-04
-9.499999999999997335e-01 9.500000000000002887e-01 8.986536302036447115e-04
-8.499999999999997558e-01 -9.499999999999998446e-01 1.509472728533858225e-03
-8.499999999999997558e-01 -8.499999999999998668e-01 1.206042140177389713e-03
-8.499999999999997558e-01 -7.499999999999997780e-01 8.880568641762916389e-04
-8.499999999999997558e-01 -6.499999999999998002e-01 6.560873437099375410e-04
-8.499999999999997558e-01 -5.499999999999998224e-01 5.546809287914389363e-04
-8.499999999999997558e-01 -4.499999999999998446e-01 5.601257409903406684e-04
-8.499999999999997558e-01 -3.499999999999997558e-01 6.703186827401526500e-04
-8.499999999999997558e-01 -2.499999999999997780e-01 8.855987444250330376e-04
-8.499999999999997558e-01 -1.499999999999998002e-01 1.141143922810387845e-03
-8.499999999999997558e-01 -4.999999999999982236e-02 1.216067827394799955e-03
-8.499999999999997558e-01 5.000000000000015543e-02 1.204678346926295893e-03
-8.499999999999997558e-01 1.500000000000002442e-01 1.096905783869227139e-03
-8.499999999999997558e-01 2.500000000000003331e-01 8.348211203475336102e-04
-8.499999999999997558e-01 3.500000000000001998e-01 6.421346657622854044e-04
-8.499999999999997558e-01 4.500000000000002887e-01 5.504069444628332738e-04
-8.499999999999997558e-01 5.500000000000001554e-01 5.646051784869153848e-04
-8.499999999999997558e-01 6.500000000000002442e-01 6.946486454563900173e-04
-8.499999999999997558e-01 7.500000000000003331e-01 9.402924861380712205e-04
-8.499999999999997558e-01 8.500000000000001998e-01 1.290717704294775097e-03
-8.499999999999997558e-01 9.500000000000002887e-01 1.527792814180739143e-03
-7.499999999999997780e-01 -9.499999999999998446e-01 2.640200840083159386e-03
-7.499999999999997780e-01 -8.499999999999998668e-01 1.981751933460326742e-03
-7.499999999999997780e-01 -7.499999999999997780e-01 1.252177871810401365e-03
-7.499999999999997780e-01 -6.499999999999998002e-01 8.106761117749442013e-04
-7.499999999999997780e-01 -5.499999999999998224e-01 5.810223094973837165e-04
-7.499999999999997780e-01 -4.499999999999998446e-01 5.096435393622809115e-04
-7.499999999999997780e-01 -3.499999999999997558e-01 5.127079887803411831e-04
-7.499999999999997780e-01 -2.499999999999997780e-01 5.856276794549798237e-04
-7.499999999999997780e-01 -1.499999999999998002e-01 6.806846964896985739e-04
-7.499999999999997780e-01 -4.999999999999982236e-02 7.533635957510316809e-04
-7.499999999999997780e-01 5.000000000000015543e-02 7.410265478642281490e-04
-7.499999999999997780e-01 1.500000000000002442e-01 6.655524483831855341e-04
-7.499999999999997780e-01 2.500000000000003331e-01 5.660570767428482059e-04
-7.499999999999997780e-01 3.500000000000001998e-01 5.077593897533614091e-04
-7.499999999999997780e-01 4.500000000000002887e-01 5.123710618038395705e-04
-7.499999999999997780e-01 5.500000000000001554e-01 6.124088495376860163e-04
-7.499999999999997780e-01 6.500000000000002442e-01 8.650232917743702100e-04
-7.499999999999997780e-01 7.500000000000003331e-01 1.390484926351590045e-03
-7.499999999999997780e-01 8.500000000000001998e-01 2.127450226200185666e-03
-7.499999999999997780e-01 9.500000000000002887e-01 2.781549703855079169e-03
-6.499999999999996891e-01 -9.499999999999998446e-01 4.247675451991092359e-03
-6.499999999999996891e-01 -8.499999999999998668e-01 2.810517563880625142e-03
-6.499999999999996891e-01 -7.499999999999997780e-01 1.628632573608442295e-03
-6.499999999999996891e-01 -6.499999999999998002e-01 9.197245944429546230e-04
-6.499999999999996891e-01 -5.499999999999998224e-01 6.456097819078522723e-04
-6.499999999999996891e-01 -4.499999999999998446e-01 4.929513981844830433e-04
-6.499999999999996891e-01 -3.499999999999997558e-01 4.550013057348947744e-04
-6.499999999999996891e-01 -2.499999999999997780e-01 4.767765848591413048e-04
-6.499999999999996891e-01 -1.499999999999998002e-01 5.239479179593875156e-04
-6.499999999999996891e-01 -4.999999999999982236e-02 5.567452768421440271e-04
-6.499999999999996891e-01 5.000000000000015543e-02 5.542697165587996298e-04
-6.499999999999996891e-01 1.500000000000002442e-01 5.147135444948111940e-04
-6.499999999999996891e-01 2.500000000000003331e-01 4.708703616320057228e-04
-6.499999999999996891e-01 3.500000000000001998e-01 4.552632220364908862e-04
-6.499999999999996891e-01 4.500000000000002887e-01 5.090839979925014828e-04
-6.499999999999996891e-01 5.500000000000001554e-01 6.903191834280907524e-04
-6.499999999999996891e-01 6.500000000000002442e-01 1.027558693426444117e-03
-6.499999999999996891e-01 7.500000000000003331e-01 1.786066711039880619e-03
-6.499999999999996891e-01 8.500000000000001998e-01 3.186443683774128639e-03
-6.499999999999996891e-01 9.500000000000002887e-01 4.359928748926197861e-03
-5.499999999999997113e-01 -9.499999999999998446e-01 4.754565964375710024e-03
-5.499999999999997113e-01 -8.499999999999998668e-01 3.169001549993230929e-03
-5.499999999999997113e-01 -7.499999999999997780e-01 1.892565956070125111e-03
-5.499999999999997113e-01 -6.499999999999998002e-01 1.044502941792882066e-03
-5.499999999999997113e-01 -5.499999999999998224e-01 6.530289144597048413e-04
-5.499999999999997113e-01 -4.499999999999998446e-01 4.906409176271169566e-04
-5.499999999999997113e-01 -3.499999999999997558e-01 4.453203812730609462e-04
-5.499999999999997113e-01 -2.499999999999997780e-01 4.602689664587070141e-04
-5.499999999999997113e-01 -1.499999999999998002e-01 4.994703413634390488e-04
-5.499999999999997113e-01 -4.999999999999982236e-02 5.283251765652389456e-04
-5.499999999999997113e-01 5.000000000000015543e-02 5.258207815198431747e-04
-5.499999999999997113e-01 1.500000000000002442e-01 4.921796321659545987e-04
-5.499999999999997113e-01 2.500000000000003331e-01 4.552614253275777271e-04
-5.499999999999997113e-01 3.500000000000001998e-01 4.471320889451308703e-04
-5.499999999999997113e-01 4.500000000000002887e-01 5.078470629072069685e-04
-5.499999999999997113e-01 5.500000000000001554e-01 7.003855076319257357e-04
-5.499999999999997113e-01 6.500000000000002442e-01 1.159168905579152599e-03
-5.499999999999997113e-01 7.500000000000003331e-01 2.130712746482253499e-03
-5.499999999999997113e-01 8.500000000000001998e-01 3.422331924450588807e-03
-5.499999999999997113e-01 9.500000000000002887e-01 5.050913244942399453e-03
-4.499999999999997335e-01 -9.499999999999998446e-01 3.543384680548593724e-03
-4.499999999999997335e-01 -8.499999999999998668e-01 2.607023378738341016e-03
-4.499999999999997335e-01 -7.499999999999997780e-01 1.598527581976957272e-03
-4.499999999999997335e-01 -6.499999999999998002e-01 9.458614081063195607e-04
-4.499999999999997335e-01 -5.499999999999998224e-01 6.276868458681611257e-04
-4.499999999999997335e-01 -4.499999999999998446e-01 5.021865850623482381e-04
-4.499999999999997335e-01 -3.499999999999997558e-01 4.824888758274913070e-04
-4.499999999999997335e-01 -2.499999999999997780e-01 5.286069525809616344e-04
-4.499999999999997335e-01 -1.499999999999998002e-01 5.967678333122676060e-04
-4.499999999999997335e-01 -4.999999999999982236e-02 6.497653412834912242e-04
-4.499999999999997335e-01 5.000000000000015543e-02 6.414640429663227839e-04
-4.499999999999997335e-01 1.500000000000002442e-01 5.867313644136933981e-04
-4.499999999999997335e-01 2.500000000000003331e-01 5.159044202793632581e-04
-4.499999999999997335e-01 3.500000000000001998e-01 4.815297442021995028e-04
-4.499999999999997335e-01 4.500000000000002887e-01 5.140783822442945459e-04
-4.499999999999997335e-01 5.500000000000001554e-01 6.679845959296732772e-04
-4.499999999999997335e-01 6.500000000000002442e-01 1.037932470293541180e-03
-4.499999999999997335e-01 7.500000000000003331e-01 1.765342209047603703e-03
-4.499999999999997335e-01 8.500000000000001998e-01 2.860102931343513379e-03
-4.499999999999997335e-01 9.500000000000002887e-01 3.626015389554411526e-03
-3.499999999999996447e-01 -9.499999999999998446e-01 1.902436808353670213e-03
-3.499999999999996447e-01 -8.499999999999998668e-01 1.472976077818670100e-03
-3.499999999999996447e-01 -7.499999999999997780e-01 1.134580414480761829e-03
-3.499999999999996447e-01 -6.499999999999998002e-01 7.776030996939955467e-04
-3.499999999999996447e-01 -5.499999999999998224e-01 5.864347515461834030e-04
-3.499999999999996447e-01 -4.499999999999998446e-01 5.295425283491239253e-04
-3.499999999999996447e-01 -3.499999999999997558e-01 5.767011460822753927e-04
-3.499999999999996447e-01 -2.499999999999997780e-01 6.992776425475687478e-04
-3.499999999999996447e-01 -1.499999999999998002e-01 8.718740955183015146e-04
-3.499999999999996447e-01 -4.999999999999982236e-02 9.841823419617437563e-04
-3.499999999999996447e-01 5.000000000000015543e-02 9.767992970629805344e-04
-3.499999999999996447e-01 1.500000000000002442e-01 8.334571030983680719e-04
-3.499999999999996447e-01 2.500000000000003331e-01 6.746794139524893343e-04
-3.499999999999996447e-01 3.500000000000001998e-01 5.584335669708247792e-04
-3.499999999999996447e-01 4.500000000000002887e-01 5.329678129374222076e-04
-3.499999999999996447e-01 5.500000000000001554e-01 6.106460802485362853e-04
-3.499999999999996447e-01 6.500000000000002442e-01 8.263806649947663240e-04
-3.499999999999996447e-01 7.500000000000003331e-01 1.231566172388263297e-03
-3.499999999999996447e-01 8.500000000000001998e-01 1.584430931912723809e-03
-3.499999999999996447e-01 9.500000000000002887e-01 1.926038749379196859e-03
-2.499999999999996669e-01 -9.499999999999998446e-01 1.074343274926994321e-03
-2.499999999999996669e-01 -8.499999999999998668e-01 9.185999373668090424e-04
-2.499999999999996669e-01 -7.499999999999997780e-01 7.172295642294823637e-04
-2.499999999999996669e-01 -6.499999999999998002e-01 5.838571300794923339e-04
-2.499999999999996669e-01 -5.499999999999998224e-01 5.360840341269624719e-04
-2.499999999999996669e-01 -4.499999999999998446e-01 5.753645841871258410e-04
-2.499999999999996669e-01 -3.499999999999997558e-01 7.250154517964473369e-04
-2.499999999999996669e-01 -2.499999999999997780e-01 1.027379998369061390e-03
-2.499999999999996669e-01 -1.499999999999998002e-01 1.414869073857247814e-03
-2.499999999999996669e-01 -4.999999999999982236e-02 1.738647033721455598e-03
-2.499999999999996669e-01 5.000000000000015543e-02 1.675452248049807058e-03
-2.499999999999996669e-01 1.500000000000002442e-01 1.344491287479035327e-03
-2.499999999999996669e-01 2.500000000000003331e-01 9.462118084326031665e-04
-2.499999999999996669e-01 3.500000000000001998e-01 6.887200746122037641e-04
-2.499999999999996669e-01 4.500000000000002887e-01 5.592112313228444478e-04
-2.499999999999996669e-01 5.500000000000001554e-01 5.392124341883165533e-04
-2.499999999999996669e-01 6.500000000000002442e-01 6.003706572873005690e-04
-2.499999999999996669e-01 7.500000000000003331e-01 7.574399520146944502e-04
-2.499999999999996669e-01 8.500000000000001998e-01 9.493157869749453345e-04
-2.499999999999996669e-01 9.500000000000002887e-01 1.100763609117977240e-03
-1.499999999999996891e-01 -9.499999999999998446e-01 6.902452256378520737e-04
-1.499999999999996891e-01 -8.499999999999998668e-01 6.205551479130308468e-04
-1.499999999999996891e-01 -7.499999999999997780e-01 5.415480257863191380e-04
-1.499999999999996891e-01 -6.499999999999998002e-01 4.921916800260158625e-04
-1.499999999999996891e-01 -5.499999999999998224e-01 5.168057644409435524e-04
-1.499999999999996891e-01 -4.499999999999998446e-01 6.556769065541526035e-04
-1.499999999999996891e-01 -3.499999999999997558e-01 9.974563124363804503e-04
-1.499999999999996891e-01 -2.499999999999997780e-01 1.474080895523953612e-03
-1.499999999999996891e-01 -1.499999999999998002e-01 2.373194751938865251e-03
-1.499999999999996891e-01 -4.999999999999982236e-02 3.051162931259127162e-03
-1.499999999999996891e-01 5.000000000000015543e-02 2.987877503472093771e-03
-1.499999999999996891e-01 1.500000000000002442e-01 2.134637606563903264e-03
-1.499999999999996891e-01 2.500000000000003331e-01 1.341929239636585050e-03
-1.499999999999996891e-01 3.500000000000001998e-01 9.150178648749717272e-04
-1.499999999999996891e-01 4.500000000000002887e-01 6.202333263721687478e-04
-1.499999999999996891e-01 5.500000000000001554e-01 5.052522045918290267e-04
-1.499999999999996891e-01 6.500000000000002442e-01 4.983468303498242609e-04
-1.499999999999996891e-01 7.500000000000003331e-01 5.530856840185202454e-04
-1.499999999999996891e-01 8.500000000000001998e-01 6.388129037857461076e-04
-1.499999999999996891e-01 9.500000000000002887e-01 6.940995462873827309e-04
-4.999999999999971134e-02 -9.499999999999998446e-01 5.364791861994425539e-04
-4.999999999999971134e-02 -8.499999999999998668e-01 5.020318176709991651e-04
-4.999999999999971134e-02 -7.499999999999997780e-01 4.610317063611750477e-04
-4.999999999999971134e-02 -6.499999999999998002e-01 4.508383725424914938e-04
-4.999999999999971134e-02 -5.499999999999998224e-01 5.077305095069538452e-04
-4.999999999999971134e-02 -4.499999999999998446e-01 6.961324290032362781e-04
-4.999999999999971134e-02 -3.499999999999997558e-01 1.145421861274176526e-03
-4.999999999999971134e-02 -2.499999999999997780e-01 2.089553602581249291e-03
-4.999999999999971134e-02 -1.499999999999998002e-01 3.644704855896170690e-03
-4.999999999999971134e-02 -4.999999999999982236e-02 4.718801689304674002e-03
-4.999999999999971134e-02 5.000000000000015543e-02 4.429928735749714269e-03
-4.999999999999971134e-02 1.500000000000002442e-01 3.287700526162141371e-03
-4.999999999999971134e-02 2.500000000000003331e-01 1.857867308194977377e-03
-4.999999999999971134e-02 3.500000000000001998e-01 1.033826894767596013e-03
-4.999999999999971134e-02 4.500000000000002887e-01 6.497284122681568118e-04
-4.999999999999971134e-02 5.500000000000001554e-01 4.916349387289262055e-04
-4.999999999999971134e-02 6.500000000000002442e-01 4.488258319182447144e-04
-4.999999999999971134e-02 7.500000000000003331e-01 4.675598395130319408e-04
-4.999999999999971134e-02 8.500000000000001998e-01 5.085749204119411346e-04
-4.999999999999971134e-02 9.500000000000002887e-01 5.405023505434830176e-04
5.000000000000026645e-02 -9.499999999999998446e-01 5.361376616134748418e-04
5.000000000000026645e-02 -8.499999999999998668e-01 5.016832633385666113e-04
5.000000000000026645e-02 -7.499999999999997780e-01 4.606314500973342696e-04
5.000000000000026645e-02 -6.499999999999998002e-01 4.509333094011165849e-04
5.000000000000026645e-02 -5.499999999999998224e-01 5.083608738197161478e-04
5.000000000000026645e-02 -4.499999999999998446e-01 6.965109727088917430e-04
5.000000000000026645e-02 -3.499999999999997558e-01 1.146562301121190758e-03
5.000000000000026645e-02 -2.499999999999997780e-01 2.088020537276517874e-03
5.000000000000026645e-02 -1.499999999999998002e-01 3.636088822941962399e-03
5.000000000000026645e-02 -4.999999999999982236e-02 4.695225175339420853e-03
5.000000000000026645e-02 5.000000000000015543e-02 4.432610484626741537e-03
5.000000000000026645e-02 1.500000000000002442e-01 3.302296162063559758e-03
5.000000000000026645e-02 2.500000000000003331e-01 1.862725542089426487e-03
5.000000000000026645e-02 3.500000000000001998e-01 1.035155336157557579e-03
5.000000000000026645e-02 4.500000000000002887e-01 6.493337572214422180e-04
5.000000000000026645e-02 5.500000000000001554e-01 4.920015508002244893e-04
5.000000000000026645e-02 6.500000000000002442e-01 4.486799255144825489e-04
5.000000000000026645e-02 7.500000000000003331e-01 4.671330932767150750e-04
5.000000000000026645e-02 8.500000000000001998e-01 5.081731463056277705e-04
5.000000000000026645e-02 9.500000000000002887e-01 5.402340408856934903e-04
1.500000000000003553e-01 -9.499999999999998446e-01 6.895692861693400802e-04
1.500000000000003553e-01 -8.499999999999998668e-01 6.192706705737083218e-04
1.500000000000003553e-01 -7.499999999999997780e-01 5.407517775873605086e-04
1.500000000000003553e-01 -6.499999999999998002e-01 4.920200479548626511e-04
1.500000000000003553e-01 -5.499999999999998224e-01 5.177058748896113099e-04
1.500000000000003553e-01 -4.499999999999998446e-01 6.573716736307478811e-04
1.500000000000003553e-01 -3.499999999999997558e-01 9.979330694189038949e-04
1.500000000000003553e-01 -2.499999999999997780e-01 1.472372560072906676e-03
1.500000000000003553e-01 -1.499999999999998002e-01 2.359098183597210796e-03
1.500000000000003553e-01 -4.999999999999982236e-02 3.031236623089560937e-03
1.500000000000003553e-01 5.000000000000015543e-02 2.983231697191899082e-03
1.500000000000003553e-01 1.500000000000002442e-01 2.143633214171253038e-03
1.500000000000003553e-01 2.500000000000003331e-01 1.346698026321897041e-03
1.500000000000003553e-01 3.500000000000001998e-01 9.154699786879111215e-04
1.500000000000003553e-01 4.500000000000002887e-01 6.208129601863292008e-04
1.500000000000003553e-01 5.500000000000001554e-01 5.052821227165716234e-04
1.500000000000003553e-01 6.500000000000002442e-01 4.975691455934725055e-04
1.500000000000003553e-01 7.500000000000003331e-01 5.516684696323481511e-04
1.500000000000003553e-01 8.500000000000001998e-01 6.371678788839000174e-04
1.500000000000003553e-01 9.500000000000002887e-01 6.932299119995375888e-04
2.500000000000004441e-01 -9.499999999999998446e-01 1.074136017771572900e-03
2.500000000000004441e-01 -8.499999999999998668e-01 9.164479981093197249e-04
2.500000000000004441e-01 -7.499999999999997780e-01 7.148642496336863944e-04
2.500000000000004441e-01 -6.499999999999998002e-01 5.833174849872779571e-04
2.500000000000004441e-01 -5.499999999999998224e-01 5.363997845508743654e-04
2.500000000000004441e-01 -4.499999999999998446e-01 5.762356777598523928e-04
2.500000000000004441e-01 -3.499999999999997558e-01 7.257853462964477392e-04
2.500000000000004441e-01 -2.499999999999997780e-01 1.027194855363325028e-03
2.500000000000004441e-01 -1.499999999999998002e-01 1.411105962697076742e-03
2.500000000000004441e-01 -4.999999999999982236e-02 1.733061628487239181e-03
2.500000000000004441e-01 5.000000000000015543e-02 1.673884094386042217e-03
2.500000000000004441e-01 1.500000000000002442e-01 1.347873771753197890e-03
2.500000000000004441e-01 2.500000000000003331e-01 9.510780162263751192e-04
2.500000000000004441e-01 3.500000000000001998e-01 6.896663492117199997e-04
2.500000000000004441e-01 4.500000000000002887e-01 5.595190553049254282e-04
2.500000000000004441e-01 5.500000000000001554e-01 5.388725946056701754e-04
2.500000000000004441e-01 6.500000000000002442e-01 5.994053785270993251e-04
2.500000000000004441e-01 7.500000000000003331e-01 7.555947028616805897e-04
2.500000000000004441e-01 8.500000000000001998e-01 9.480903701948258143e-04
2.500000000000004441e-01 9.500000000000002887e-01 1.100990162843060042e-03
3.500000000000003109e-01 -9.499999999999998446e-01 1.905078841467047887e-03
3.500000000000003109e-01 -8.499999999999998668e-01 1.467787846706016409e-03
3.500000000000003109e-01 -7.499999999999997780e-01 1.128030458703006486e-03
3.500000000000003109e-01 -6.499999999999998002e-01 7.761975269685929572e-04
3.500000000000003109e-01 -5.499999999999998224e-01 5.860526739562090838e-04
3.500000000000003109e-01 -4.499999999999998446e-01 5.297209594612523271e-04
3.500000000000003109e-01 -3.499999999999997558e-01 5.778767086335581454e-04
3.500000000000003109e-01 -2.499999999999997780e-01 7.011946954229047362e-04
3.500000000000003109e-01 -1.499999999999998002e-01 8.735361307865166600e-04
3.500000000000003109e-01 -4.999999999999982236e-02 9.847864972147412493e-04
3.500000000000003109e-01 5.000000000000015543e-02 9.772533624368431003e-04
3.500000000000003109e-01 1.500000000000002442e-01 8.354427501524742516e-04
3.500000000000003109e-01 2.500000000000003331e-01 6.760522282670362523e-04
3.500000000000003109e-01 3.500000000000001998e-01 5.592159182552264730e-04
3.500000000000003109e-01 4.500000000000002887e-01 5.324923242355901693e-04
3.500000000000003109e-01 5.500000000000001554e-01 6.094695557891353791e-04
3.500000000000003109e-01 6.500000000000002442e-01 8.258356966223806810e-04
3.500000000000003109e-01 7.500000000000003331e-01 1.233343686594147014e-03
3.500000000000003109e-01 8.500000000000001998e-01 1.591388943891092460e-03
3.500000000000003109e-01 9.500000000000002887e-01 1.933827397847199137e-03
4.500000000000003997e-01 -9.499999999999998446e-01 3.552074384954533644e-03
4.500000000000003997e-01 -8.499999999999998668e-01 2.597180215699413774e-03
4.500000000000003997e-01 -7.499999999999997780e-01 1.593321012295667496e-03
4.500000000000003997e-01 -6.499999999999998002e-01 9.447591485169622768e-04
4.500000000000003997e-01 -5.499999999999998224e-01 6.277218734041463454e-04
4.500000000000003997e-01 -4.499999999999998446e-01 5.018571396465569892e-04
4.500000000000003997e-01 -3.499999999999997558e-01 4.830219750388530246e-04
4.500000000000003997e-01 -2.499999999999997780e-01 5.300080301714956170e-04
4.500000000000003997e-01 -1.499999999999998002e-01 5.981920590531422536e-04
4.500000000000003997e-01 -4.999999999999982236e-02 6.505459946801397811e-04
4.500000000000003997e-01 5.000000000000015543e-02 6.421959641988709460e-04
4.500000000000003997e-01 1.500000000000002442e-01 5.876672610922405431e-04
4.500000000000003997e-01 2.500000000000003331e-01 5.167805587968177326e-04
4.500000000000003997e-01 3.500000000000001998e-01 4.815456477304895229e-04
4.500000000000003997e-01 4.500000000000002887e-01 5.130950128661431343e-04
4.500000000000003997e-01 5.500000000000001554e-01 6.666757973257886544e-04
4.500000000000003997e-01 6.500000000000002442e-01 1.035771653790383160e-03
4.500000000000003997e-01 7.500000000000003331e-01 1.767172461289425291e-03
4.500000000000003997e-01 8.500000000000001998e-01 2.875368945475031274e-03
4.500000000000003997e-01 9.500000000000002887e-01 3.648919672792665363e-03
5.500000000000002665e-01 -9.499999999999998446e-01 4.752295976074270151e-03
5.500000000000002665e-01 -8.499999999999998668e-01 3.165707827144431750e-03
5.500000000000002665e-01 -7.499999999999997780e-01 1.886949274455921926e-03
5.500000000000002665e-01 -6.499999999999998002e-01 1.046051216428424760e-03
5.500000000000002665e-01 -5.499999999999998224e-01 6.522123576671789644e-04
5.500000000000002665e-01 -4.499999999999998446e-01 4.905461203506776818e-04
5.500000000000002665e-01 -3.499999999999997558e-01 4.453862158754937853e-04
5.500000000000002665e-01 -2.499999999999997780e-01 4.604636757340423831e-04
5.500000000000002665e-01 -1.499999999999998002e-01 4.997448236411258880e-04
5.500000000000002665e-01 -4.999999999999982236e-02 5.285071898873659225e-04
5.500000000000002665e-01 5.000000000000015543e-02 5.259863851102306942e-04
5.500000000000002665e-01 1.500000000000002442e-01 4.925079491843800672e-04
5.500000000000002665e-01 2.500000000000003331e-01 4.553502952437287529e-04
5.500000000000002665e-01 3.500000000000001998e-01 4.471435691428715556e-04
5.500000000000002665e-01 4.500000000000002887e-01 5.075821969582165749e-04
5.500000000000002665e-01 5.500000000000001554e-01 6.994535750978058027e-04
5.500000000000002665e-01 6.500000000000002442e-01 1.159584781031767001e-03
5.500000000000002665e-01 7.500000000000003331e-01 2.127428317920128809e-03
5.500000000000002665e-01 8.500000000000001998e-01 3.425039363324177549e-03
5.500000000000002665e-01 9.500000000000002887e-01 5.059788281746417822e-03
6.500000000000003553e-01 -9.499999999999998446e-01 4.247932242074562922e-03
6.500000000000003553e-01 -8.499999999999998668e-01 2.822863655790658864e-03
6.500000000000003553e-01 -7.499999999999997780e-01 1.632172004945375583e-03
6.500000000000003553e-01 -6.499999999999998002e-01 9.200330866753007311e-04
6.500000000000003553e-01 -5.499999999999998224e-01 6.463756659178487808e-04
6.500000000000003553e-01 -4.499999999999998446e-01 4.931111711100472084e-04
6.500000000000003553e-01 -3.499999999999997558e-01 4.547468041912077256e-04
6.500000000000003553e-01 -2.499999999999997780e-01 4.762386801714782523e-04
6.500000000000003553e-01 -1.499999999999998002e-01 5.232611519107991695e-04
6.500000000000003553e-01 -4.999999999999982236e-02 5.562989479221284788e-04
6.500000000000003553e-01 5.000000000000015543e-02 5.538499302169324831e-04
6.500000000000003553e-01 1.500000000000002442e-01 5.140349941483183735e-04
6.500000000000003553e-01 2.500000000000003331e-01 4.705373298079631506e-04
6.500000000000003553e-01 3.500000000000001998e-01 4.552447641750185050e-04
6.500000000000003553e-01 4.500000000000002887e-01 5.097322739940047219e-04
6.500000000000003553e-01 5.500000000000001554e-01 6.916553376294295183e-04
6.500000000000003553e-01 6.500000000000002442e-01 1.028343328396353219e-03
6.500000000000003553e-01 7.500000000000003331e-01 1.786763688838654543e-03
6.500000000000003553e-01 8.500000000000001998e-01 3.179083511924624302e-03
6.500000000000003553e-01 9.500000000000002887e-01 4.336395493713244599e-03
7.500000000000004441e-01 -9.499999999999998446e-01 2.636516890740656354e-03
7.500000000000004441e-01 -8.499999999999998668e-01 1.987918973726567669e-03
7.500000000000004441e-01 -7.499999999999997780e-01 1.259415694420424866e-03
7.500000000000004441e-01 -6.499999999999998002e-01 8.107518155319344815e-04
7.500000000000004441e-01 -5.499999999999998224e-01 5.814990094928439808e-04
7.500000000000004441e-01 -4.499999999999998446e-01 5.095413762227389088e-04
7.500000000000004441e-01 -3.499999999999997558e-01 5.119552236068634129e-04
7.500000000000004441e-01 -2.499999999999997780e-01 5.837516729467855103e-04
7.500000000000004441e-01 -1.499999999999998002e-01 6.788634238505409637e-04
7.500000000000004441e-01 -4.999999999999982236e-02 7.524859616746303395e-04
7.500000000000004441e-01 5.000000000000015543e-02 7.402704500846360230e-04
7.500000000000004441e-01 1.500000000000002442e-01 6.644179771192171811e-04
7.500000000000004441e-01 2.500000000000003331e-01 5.649185999608880189e-04
7.500000000000004441e-01 3.500000000000001998e-01 5.076079394276643286e-04
7.500000000000004441e-01 4.500000000000002887e-01 5.129280396957831790e-04
7.500000000000004441e-01 5.500000000000001554e-01 6.138527112784653971e-04
7.500000000000004441e-01 6.500000000000002442e-01 8.659026846452495558e-04
7.500000000000004441e-01 7.500000000000003331e-01 1.388791910716868135e-03
7.500000000000004441e-01 8.500000000000001998e-01 2.115954121815081645e-03
7.500000000000004441e-01 9.500000000000002887e-01 2.763928405520592064e-03
8.500000000000003109e-01 -9.499999999999998446e-01 1.508327076994993125e-03
8.500000000000003109e-01 -8.499999999999998668e-01 1.209825726846739573e-03
8.500000000000003109e-01 -7.499999999999997780e-01 8.911662946181701231e-04
8.500000000000003109e-01 -6.499999999999998002e-01 6.578568128844054699e-04
8.500000000000003109e-01 -5.499999999999998224e-01 5.545958411870337236e-04
8.500000000000003109e-01 -4.499999999999998446e-01 5.595519289314435226e-04
8.500000000000003109e-01 -3.499999999999997558e-01 6.692570744070531433e-04
8.500000000000003109e-01 -2.499999999999997780e-01 8.844617481710558308e-04
8.500000000000003109e-01 -1.499999999999998002e-01 1.141489150910645397e-03
8.500000000000003109e-01 -4.999999999999982236e-02 1.216513205204283700e-03
8.500000000000003109e-01 5.000000000000015543e-02 1.204936920014372829e-03
8.500000000000003109e-01 1.500000000000002442e-01 1.094662460011113121e-03
8.500000000000003109e-01 2.500000000000003331e-01 8.313687045986141270e-04
8.500000000000003109e-01 3.500000000000001998e-01 6.411506720738121287e-04
8.500000000000003109e-01 4.500000000000002887e-01 5.502966482285777264e-04
8.500000000000003109e-01 5.500000000000001554e-01 5.650600265634020186e-04
8.500000000000003109e-01 6.500000000000002442e-01 6.956334824761851695e-04
8.500000000000003109e-01 7.500000000000003331e-01 9.407386828993606403e-04
8.500000000000003109e-01 8.500000000000001998e-01 1.288003117917682801e-03
8.500000000000003109e-01 9.500000000000002887e-01 1.524621142707272741e-03
9.500000000000003997e-01 -9.499999999999998446e-01 8.812978078688288698e-04
9.500000000000003997e-01 -8.499999999999998668e-01 7.735945249163829907e-04
9.500000000000003997e-01 -7.499999999999997780e-01 6.320747380564907536e-04
9.500000000000003997e-01 -6.499999999999998002e-01 5.417762468732104575e-04
9.500000000000003997e-01 -5.499999999999998224e-01 5.262539832490825947e-04
9.500000000000003997e-01 -4.499999999999998446e-01 6.221352406205293666e-04
9.500000000000003997e-01 -3.499999999999997558e-01 8.765450183855638547e-04
9.500000000000003997e-01 -2.499999999999997780e-01 1.327104325873094091e-03
9.500000000000003997e-01 -1.499999999999998002e-01 1.951380213953016066e-03
9.500000000000003997e-01 -4.999999999999982236e-02 2.443940137042029115e-03
9.500000000000003997e-01 5.000000000000015543e-02 2.400429534379199675e-03
9.500000000000003997e-01 1.500000000000002442e-01 1.806742556308478303e-03
9.500000000000003997e-01 2.500000000000003331e-01 1.225150559933407086e-03
9.500000000000003997e-01 3.500000000000001998e-01 8.059995025808926530e-04
9.500000000000003997e-01 4.500000000000002887e-01 5.952179147140148089e-04
9.500000000000003997e-01 5.500000000000001554e-01 5.237033582114280052e-04
9.500000000000003997e-01 6.500000000000002442e-01 5.516488666837868725e-04
9.500000000000003997e-01 7.500000000000003331e-01 6.605440004615475719e-04
9.500000000000003997e-01 8.500000000000001998e-01 7.952807840568749693e-04
9.500000000000003997e-01 9.500000000000002887e-01 8.991927267134459771e-04
