-9.499999999999997335e-01 -9.499999999999998446e-01 6.484811402639010680e+00
-9.499999999999997335e-01 -8.499999999999998668e-01 3.235354974516987614e+00
-9.499999999999997335e-01 -7.499999999999997780e-01 3.046806502485791324e+00
-9.499999999999997335e-01 -6.499999999999998002e-01 4.573840290118488916e+00
-9.499999999999997335e-01 -5.499999999999998224e-01 7.337229783625118351e+00
-9.499999999999997335e-01 -4.499999999999998446e-01 1.040020849353149224e+01
-9.499999999999997335e-01 -3.499999999999997558e-01 1.279381595801717886e+01
-9.499999999999997335e-01 -2.499999999999997780e-01 4.861361808409712992e+00
-9.499999999999997335e-01 -1.499999999999998002e-01 4.021084209298533274e+00
-9.499999999999997335e-01 -4.999999999999982236e-02 8.417533388490763713e+00
-9.499999999999997335e-01 5.000000000000015543e-02 5.932401966386815495e+00
-9.499999999999997335e-01 1.500000000000002442e-01 3.393362735505440320e+00
-9.499999999999997335e-01 2.500000000000003331e-01 4.645636647140779729e+00
-9.499999999999997335e-01 3.500000000000001998e-01 1.298017636155270971e+01
-9.499999999999997335e-01 4.500000000000002887e-01 1.077449962637389724e+01
-9.499999999999997335e-01 5.500000000000001554e-01 8.605423587003297570e+00
-9.499999999999997335e-01 6.500000000000002442e-01 4.238020908113266927e+00
-9.499999999999997335e-01 7.500000000000003331e-01 3.321273309097326543e+00
-9.499999999999997335e-01 8.500000000000001998e-01 3.813193853585839843e+00
-9.499999999999997335e-01 9.500000000000002887e-01 8.315916942016677638e+00
-8.499999999999997558e-01 -9.499999999999998446e-01 4.668247258458420035e+00
-8.499999999999997558e-01 -8.499999999999998668e-01 3.021668039396459449e+00
-8.499999999999997558e-01 -7.499999999999997780e-01 3.649987015554208014e+00
-8.499999999999997558e-01 -6.499999999999998002e-01 7.619711890109351238e+00
-8.499999999999997558e-01 -5.499999999999998224e-01 1.484792027865873898e+01
-8.499999999999997558e-01 -4.499999999999998446e-01 1.086602116413435937e+01
-8.499999999999997558e-01 -3.499999999999997558e-01 6.183271663474504187e+00
-8.499999999999997558e-01 -2.499999999999997780e-01 3.568924370050936101e+00
-8.499999999999997558e-01 -1.499999999999998002e-01 3.248119299990856135e+00
-8.499999999999997558e-01 -4.999999999999982236e-02 7.258400166550822874e+00
-8.499999999999997558e-01 5.000000000000015543e-02 5.067714966243599406e+00
-8.499999999999997558e-01 1.500000000000002442e-01 2.901063899616445063e+00
-8.499999999999997558e-01 2.500000000000003331e-01 3.347264149621264728e+00
-8.499999999999997558e-01 3.500000000000001998e-01 5.692830534763543504e+00
-8.499999999999997558e-01 4.500000000000002887e-01 1.080230955787854263e+01
-8.499999999999997558e-01 5.500000000000001554e-01 1.613298744366257509e+01
-8.499999999999997558e-01 6.500000000000002442e-01 8.634845398113602855e+00
-8.499999999999997558e-01 7.500000000000003331e-01 3.720910984897851215e+00
-8.499999999999997558e-01 8.500000000000001998e-01 3.106637559977491581e+00
-8.499999999999997558e-01 9.500000000000002887e-01 7.632416308544046402e+00
-7.499999999999997780e-01 -9.499999999999998446e-01 6.424859006774378045e+00
-7.499999999999997780e-01 -8.499999999999998668e-01 3.851235374729312433e+00
-7.499999999999997780e-01 -7.499999999999997780e-01 8.740514489084082683e+00
-7.499999999999997780e-01 -6.499999999999998002e-01 1.093285856763565711e+01
-7.499999999999997780e-01 -5.499999999999998224e-01 7.257811070874024217e+00
-7.499999999999997780e-01 -4.499999999999998446e-01 7.284888231187686358e+00
-7.499999999999997780e-01 -3.499999999999997558e-01 4.074245322626905974e+00
-7.499999999999997780e-01 -2.499999999999997780e-01 2.672610386700612572e+00
-7.499999999999997780e-01 -1.499999999999998002e-01 4.301171157193508954e+00
-7.499999999999997780e-01 -4.999999999999982236e-02 9.973966679146926140e+00
-7.499999999999997780e-01 5.000000000000015543e-02 7.177825529451729025e+00
-7.499999999999997780e-01 1.500000000000002442e-01 3.486027131208651930e+00
-7.499999999999997780e-01 2.500000000000003331e-01 2.897334050291093366e+00
-7.499999999999997780e-01 3.500000000000001998e-01 4.030682049554450863e+00
-7.499999999999997780e-01 4.500000000000002887e-01 6.545584591437887845e+00
-7.499999999999997780e-01 5.500000000000001554e-01 7.131240846787206600e+00
-7.499999999999997780e-01 6.500000000000002442e-01 1.019700930809558770e+01
-7.499999999999997780e-01 7.500000000000003331e-01 9.076257870401594374e+00
-7.499999999999997780e-01 8.500000000000001998e-01 4.661004265248780420e+00
-7.499999999999997780e-01 9.500000000000002887e-01 8.518906785001144399e+00
-6.499999999999996891e-01 -9.499999999999998446e-01 1.248319123756476756e+01
-6.499999999999996891e-01 -8.499999999999998668e-01 1.317114608933187903e+01
-6.499999999999996891e-01 -7.499999999999997780e-01 4.584256640321918930e+00
-6.499999999999996891e-01 -6.499999999999998002e-01 3.505043311046450505e+00
-6.499999999999996891e-01 -5.499999999999998224e-01 3.879290639975348842e+00
-6.499999999999996891e-01 -4.499999999999998446e-01 4.098758388059983382e+00
-6.499999999999996891e-01 -3.499999999999997558e-01 3.176440204643770748e+00
-6.499999999999996891e-01 -2.499999999999997780e-01 3.419219053950389942e+00
-6.499999999999996891e-01 -1.499999999999998002e-01 5.021568549388155667e+00
-6.499999999999996891e-01 -4.999999999999982236e-02 1.200151584289241669e+01
-6.499999999999996891e-01 5.000000000000015543e-02 9.031000427579790824e+00
-6.499999999999996891e-01 1.500000000000002442e-01 3.731953126487816519e+00
-6.499999999999996891e-01 2.500000000000003331e-01 2.934409489429428586e+00
-6.499999999999996891e-01 3.500000000000001998e-01 2.973733820304292230e+00
-6.499999999999996891e-01 4.500000000000002887e-01 3.739530622081563394e+00
-6.499999999999996891e-01 5.500000000000001554e-01 3.963255104988602451e+00
-6.499999999999996891e-01 6.500000000000002442e-01 3.468049314530008864e+00
-6.499999999999996891e-01 7.500000000000003331e-01 4.632643761062772647e+00
-6.499999999999996891e-01 8.500000000000001998e-01 1.325340924716570434e+01
-6.499999999999996891e-01 9.500000000000002887e-01 1.598831840197553689e+01
-5.499999999999997113e-01 -9.499999999999998446e-01 2.287541120774592329e+01
-5.499999999999997113e-01 -8.499999999999998668e-01 8.029775153619992167e+00
-5.499999999999997113e-01 -7.499999999999997780e-01 3.827685386388615107e+00
-5.499999999999997113e-01 -6.499999999999998002e-01 2.752724679923055806e+00
-5.499999999999997113e-01 -5.499999999999998224e-01 3.277146823075608673e+00
-5.499999999999997113e-01 -4.499999999999998446e-01 3.500671547575000542e+00
-5.499999999999997113e-01 -3.499999999999997558e-01 2.853511704970437268e+00
-5.499999999999997113e-01 -2.499999999999997780e-01 3.468807799490560839e+00
-5.499999999999997113e-01 -1.499999999999998002e-01 6.057425445456406266e+00
-5.499999999999997113e-01 -4.999999999999982236e-02 1.228731950147878926e+01
-5.499999999999997113e-01 5.000000000000015543e-02 9.651447486660853059e+00
-5.499999999999997113e-01 1.500000000000002442e-01 4.643275837683225937e+00
-5.499999999999997113e-01 2.500000000000003331e-01 2.870140255914727767e+00
-5.499999999999997113e-01 3.500000000000001998e-01 2.729159570726647388e+00
-5.499999999999997113e-01 4.500000000000002887e-01 2.743244084103423130e+00
-5.499999999999997113e-01 5.500000000000001554e-01 3.285993898607384889e+00
-5.499999999999997113e-01 6.500000000000002442e-01 2.859984638173563631e+00
-5.499999999999997113e-01 7.500000000000003331e-01 3.848775818446371400e+00
-5.499999999999997113e-01 8.500000000000001998e-01 7.739705129923613036e+00
-5.499999999999997113e-01 9.500000000000002887e-01 2.511073152272122755e+01
-4.499999999999997335e-01 -9.499999999999998446e-01 1.122978713858099553e+01
-4.499999999999997335e-01 -8.499999999999998668e-01 6.816448760108780647e+00
-4.499999999999997335e-01 -7.499999999999997780e-01 1.140922675551969157e+01
-4.499999999999997335e-01 -6.499999999999998002e-01 5.889104531492368899e+00
-4.499999999999997335e-01 -5.499999999999998224e-01 4.852430930696391087e+00
-4.499999999999997335e-01 -4.499999999999998446e-01 5.177227207923901453e+00
-4.499999999999997335e-01 -3.499999999999997558e-01 3.954082479452306842e+00
-4.499999999999997335e-01 -2.499999999999997780e-01 2.968194600071596412e+00
-4.499999999999997335e-01 -1.499999999999998002e-01 4.234356811109464935e+00
-4.499999999999997335e-01 -4.999999999999982236e-02 1.163114567199783345e+01
-4.499999999999997335e-01 5.000000000000015543e-02 8.112050791227744639e+00
-4.499999999999997335e-01 1.500000000000002442e-01 3.354262564634776123e+00
-4.499999999999997335e-01 2.500000000000003331e-01 2.309918789129462358e+00
-4.499999999999997335e-01 3.500000000000001998e-01 3.569107040324627000e+00
-4.499999999999997335e-01 4.500000000000002887e-01 4.827591833674627964e+00
-4.499999999999997335e-01 5.500000000000001554e-01 5.207362197617102062e+00
-4.499999999999997335e-01 6.500000000000002442e-01 4.992266088961392789e+00
-4.499999999999997335e-01 7.500000000000003331e-01 1.096814990831182968e+01
-4.499999999999997335e-01 8.500000000000001998e-01 7.623391003441855496e+00
-4.499999999999997335e-01 9.500000000000002887e-01 1.411001326791292421e+01
-3.499999999999996447e-01 -9.499999999999998446e-01 5.371079186177566633e+00
-3.499999999999996447e-01 -8.499999999999998668e-01 3.089612534117577525e+00
-3.499999999999996447e-01 -7.499999999999997780e-01 3.819465921560590616e+00
-3.499999999999996447e-01 -6.499999999999998002e-01 1.096965863864524771e+01
-3.499999999999996447e-01 -5.499999999999998224e-01 1.461506616082501431e+01
-3.499999999999996447e-01 -4.499999999999998446e-01 8.806730236307551252e+00
-3.499999999999996447e-01 -3.499999999999997558e-01 4.425913565799924676e+00
-3.499999999999996447e-01 -2.499999999999997780e-01 3.622912721228006117e+00
-3.499999999999996447e-01 -1.499999999999998002e-01 3.507254879252824420e+00
-3.499999999999996447e-01 -4.999999999999982236e-02 8.125142275992480734e+00
-3.499999999999996447e-01 5.000000000000015543e-02 5.946665479442589053e+00
-3.499999999999996447e-01 1.500000000000002442e-01 2.887270340725661910e+00
-3.499999999999996447e-01 2.500000000000003331e-01 3.188923356007936416e+00
-3.499999999999996447e-01 3.500000000000001998e-01 5.334315256356216395e+00
-3.499999999999996447e-01 4.500000000000002887e-01 7.618046882328546765e+00
-3.499999999999996447e-01 5.500000000000001554e-01 1.336026375258649423e+01
-3.499999999999996447e-01 6.500000000000002442e-01 1.082422482848664202e+01
-3.499999999999996447e-01 7.500000000000003331e-01 4.116928475835696766e+00
-3.499999999999996447e-01 8.500000000000001998e-01 3.464587043356881058e+00
-3.499999999999996447e-01 9.500000000000002887e-01 7.635961217471979978e+00
-2.499999999999996669e-01 -9.499999999999998446e-01 5.446191388269854272e+00
-2.499999999999996669e-01 -8.499999999999998668e-01 2.879997405717303671e+00
-2.499999999999996669e-01 -7.499999999999997780e-01 3.576479604298808734e+00
-2.499999999999996669e-01 -6.499999999999998002e-01 4.958371982870121819e+00
-2.499999999999996669e-01 -5.499999999999998224e-01 8.661548791617599719e+00
-2.499999999999996669e-01 -4.499999999999998446e-01 1.535661917809131438e+01
-2.499999999999996669e-01 -3.499999999999997558e-01 9.334666420932048680e+00
-2.499999999999996669e-01 -2.499999999999997780e-01 4.014012633965987398e+00
-2.499999999999996669e-01 -1.499999999999998002e-01 3.255646007318350410e+00
-2.499999999999996669e-01 -4.999999999999982236e-02 7.064217204470440770e+00
-2.499999999999996669e-01 5.000000000000015543e-02 5.002882697950911783e+00
-2.499999999999996669e-01 1.500000000000002442e-01 2.907435035948341184e+00
-2.499999999999996669e-01 2.500000000000003331e-01 4.008099026592370606e+00
-2.499999999999996669e-01 3.500000000000001998e-01 9.241190096051880687e+00
-2.499999999999996669e-01 4.500000000000002887e-01 1.613849686230884117e+01
-2.499999999999996669e-01 5.500000000000001554e-01 1.003482928550002562e+01
-2.499999999999996669e-01 6.500000000000002442e-01 5.133992034311929409e+00
-2.499999999999996669e-01 7.500000000000003331e-01 3.766836308106471076e+00
-2.499999999999996669e-01 8.500000000000001998e-01 3.309068953586912443e+00
-2.499999999999996669e-01 9.500000000000002887e-01 7.287719655518177575e+00
-1.499999999999996891e-01 -9.499999999999998446e-01 7.815389323795069565e+00
-1.499999999999996891e-01 -8.499999999999998668e-01 3.221851056224301679e+00
-1.499999999999996891e-01 -7.499999999999997780e-01 2.729110422180865303e+00
-1.499999999999996891e-01 -6.499999999999998002e-01 3.968378714017602782e+00
-1.499999999999996891e-01 -5.499999999999998224e-01 5.426973600316365776e+00
-1.499999999999996891e-01 -4.499999999999998446e-01 6.015841843885477047e+00
-1.499999999999996891e-01 -3.499999999999997558e-01 6.399331690161584874e+00
-1.499999999999996891e-01 -2.499999999999997780e-01 1.139878079096296482e+01
-1.499999999999996891e-01 -1.499999999999998002e-01 6.020545764442052139e+00
-1.499999999999996891e-01 -4.999999999999982236e-02 1.004833790957320971e+01
-1.499999999999996891e-01 5.000000000000015543e-02 6.945661397570964901e+00
-1.499999999999996891e-01 1.500000000000002442e-01 4.797292248162931649e+00
-1.499999999999996891e-01 2.500000000000003331e-01 1.095739003808451528e+01
-1.499999999999996891e-01 3.500000000000001998e-01 6.463467008480390241e+00
-1.499999999999996891e-01 4.500000000000002887e-01 6.349683949978293995e+00
-1.499999999999996891e-01 5.500000000000001554e-01 6.242350911718684614e+00
-1.499999999999996891e-01 6.500000000000002442e-01 4.109496948220836998e+00
-1.499999999999996891e-01 7.500000000000003331e-01 2.891654933879935108e+00
-1.499999999999996891e-01 8.500000000000001998e-01 4.128930353389725916e+00
-1.499999999999996891e-01 9.500000000000002887e-01 1.057654113874092872e+01
-4.999999999999971134e-02 -9.499999999999998446e-01 9.781768436787873000e+00
-4.999999999999971134e-02 -8.499999999999998668e-01 4.340164925075042923e+00
-4.999999999999971134e-02 -7.499999999999997780e-01 2.874815509236674504e+00
-4.999999999999971134e-02 -6.499999999999998002e-01 2.704633767467794936e+00
-4.999999999999971134e-02 -5.499999999999998224e-01 3.274578455551943712e+00
-4.999999999999971134e-02 -4.499999999999998446e-01 3.715741013906352919e+00
-4.999999999999971134e-02 -3.499999999999997558e-01 3.011397949320696821e+00
-4.999999999999971134e-02 -2.499999999999997780e-01 4.020635610861572395e+00
-4.999999999999971134e-02 -1.499999999999998002e-01 1.216596223576117275e+01
-4.999999999999971134e-02 -4.999999999999982236e-02 1.935519632100243825e+01
-4.999999999999971134e-02 5.000000000000015543e-02 1.717412637749919924e+01
-4.999999999999971134e-02 1.500000000000002442e-01 1.185476364465561261e+01
-4.999999999999971134e-02 2.500000000000003331e-01 3.961367646340498094e+00
-4.999999999999971134e-02 3.500000000000001998e-01 3.187998788654581972e+00
-4.999999999999971134e-02 4.500000000000002887e-01 3.601839657759263957e+00
-4.999999999999971134e-02 5.500000000000001554e-01 3.710390593871812026e+00
-4.999999999999971134e-02 6.500000000000002442e-01 2.965758332966153876e+00
-4.999999999999971134e-02 7.500000000000003331e-01 3.394952188169608309e+00
-4.999999999999971134e-02 8.500000000000001998e-01 5.482632764222291399e+00
-4.999999999999971134e-02 9.500000000000002887e-01 1.236713694288130938e+01
5.000000000000026645e-02 -9.499999999999998446e-01 1.009951546483808293e+01
5.000000000000026645e-02 -8.499999999999998668e-01 4.013934741028243991e+00
5.000000000000026645e-02 -7.499999999999997780e-01 2.907094830078455150e+00
5.000000000000026645e-02 -6.499999999999998002e-01 2.839834129031114429e+00
5.000000000000026645e-02 -5.499999999999998224e-01 3.106002414206808115e+00
5.000000000000026645e-02 -4.499999999999998446e-01 3.518904039620912361e+00
5.000000000000026645e-02 -3.499999999999997558e-01 2.999204995550403208e+00
5.000000000000026645e-02 -2.499999999999997780e-01 4.146070716317804994e+00
5.000000000000026645e-02 -1.499999999999998002e-01 1.234416370552605002e+01
5.000000000000026645e-02 -4.999999999999982236e-02 1.936017030065193723e+01
5.000000000000026645e-02 5.000000000000015543e-02 1.729101298824378219e+01
5.000000000000026645e-02 1.500000000000002442e-01 1.211780022860023287e+01
5.000000000000026645e-02 2.500000000000003331e-01 4.102690350601849723e+00
5.000000000000026645e-02 3.500000000000001998e-01 2.925625831493485318e+00
5.000000000000026645e-02 4.500000000000002887e-01 3.452460531610209493e+00
5.000000000000026645e-02 5.500000000000001554e-01 3.590331412263864763e+00
5.000000000000026645e-02 6.500000000000002442e-01 2.919325631326422421e+00
5.000000000000026645e-02 7.500000000000003331e-01 3.516511621844482960e+00
5.000000000000026645e-02 8.500000000000001998e-01 5.445636228487836128e+00
5.000000000000026645e-02 9.500000000000002887e-01 1.183568441489858891e+01
1.500000000000003553e-01 -9.499999999999998446e-01 7.978509871069068282e+00
1.500000000000003553e-01 -8.499999999999998668e-01 3.536382935226753954e+00
1.500000000000003553e-01 -7.499999999999997780e-01 2.753784561176289003e+00
1.500000000000003553e-01 -6.499999999999998002e-01 3.738714673322240944e+00
1.500000000000003553e-01 -5.499999999999998224e-01 5.232804457001813070e+00
1.500000000000003553e-01 -4.499999999999998446e-01 5.968744776727533896e+00
1.500000000000003553e-01 -3.499999999999997558e-01 6.255176922537610373e+00
1.500000000000003553e-01 -2.499999999999997780e-01 1.133320991777601172e+01
1.500000000000003553e-01 -1.499999999999998002e-01 5.763683149941411621e+00
1.500000000000003553e-01 -4.999999999999982236e-02 9.727377757169838546e+00
1.500000000000003553e-01 5.000000000000015543e-02 7.466710578549474064e+00
1.500000000000003553e-01 1.500000000000002442e-01 4.937055485133928556e+00
1.500000000000003553e-01 2.500000000000003331e-01 1.101502962192269486e+01
1.500000000000003553e-01 3.500000000000001998e-01 6.962975173805413753e+00
1.500000000000003553e-01 4.500000000000002887e-01 5.936354362568787124e+00
1.500000000000003553e-01 5.500000000000001554e-01 5.900836749131688208e+00
1.500000000000003553e-01 6.500000000000002442e-01 4.005553072669159498e+00
1.500000000000003553e-01 7.500000000000003331e-01 2.810167118289003341e+00
1.500000000000003553e-01 8.500000000000001998e-01 4.200766244170750063e+00
1.500000000000003553e-01 9.500000000000002887e-01 1.100844407402937009e+01
2.500000000000004441e-01 -9.499999999999998446e-01 5.494103118516888706e+00
2.500000000000004441e-01 -8.499999999999998668e-01 2.826542732826876403e+00
2.500000000000004441e-01 -7.499999999999997780e-01 3.363785462753192235e+00
2.500000000000004441e-01 -6.499999999999998002e-01 5.013481800549985934e+00
2.500000000000004441e-01 -5.499999999999998224e-01 8.596049289778333602e+00
2.500000000000004441e-01 -4.499999999999998446e-01 1.498797984888414270e+01
2.500000000000004441e-01 -3.499999999999997558e-01 9.107531774196960583e+00
2.500000000000004441e-01 -2.499999999999997780e-01 4.121721274539590141e+00
2.500000000000004441e-01 -1.499999999999998002e-01 3.250200860306320383e+00
2.500000000000004441e-01 -4.999999999999982236e-02 7.083124550160981414e+00
2.500000000000004441e-01 5.000000000000015543e-02 5.194232165434986115e+00
2.500000000000004441e-01 1.500000000000002442e-01 2.925958272873942612e+00
2.500000000000004441e-01 2.500000000000003331e-01 3.924781321341735740e+00
2.500000000000004441e-01 3.500000000000001998e-01 9.229212018920073035e+00
2.500000000000004441e-01 4.500000000000002887e-01 1.612682180380254948e+01
2.500000000000004441e-01 5.500000000000001554e-01 1.037494341757109240e+01
2.500000000000004441e-01 6.500000000000002442e-01 5.187849794345038568e+00
2.500000000000004441e-01 7.500000000000003331e-01 3.678568289089407806e+00
2.500000000000004441e-01 8.500000000000001998e-01 3.330102440761064653e+00
2.500000000000004441e-01 9.500000000000002887e-01 7.348734327318504178e+00
3.500000000000003109e-01 -9.499999999999998446e-01 5.311629727133243328e+00
3.500000000000003109e-01 -8.499999999999998668e-01 3.052041535734909772e+00
3.500000000000003109e-01 -7.499999999999997780e-01 3.884423555022331165e+00
3.500000000000003109e-01 -6.499999999999998002e-01 1.077492159453228204e+01
3.500000000000003109e-01 -5.499999999999998224e-01 1.389098984900620337e+01
3.500000000000003109e-01 -4.499999999999998446e-01 8.487786962708774752e+00
3.500000000000003109e-01 -3.499999999999997558e-01 4.549244593435474826e+00
3.500000000000003109e-01 -2.499999999999997780e-01 3.647285605979465828e+00
3.500000000000003109e-01 -1.499999999999998002e-01 3.540425158813707895e+00
3.500000000000003109e-01 -4.999999999999982236e-02 7.908211565442905489e+00
3.500000000000003109e-01 5.000000000000015543e-02 5.236754050302968366e+00
3.500000000000003109e-01 1.500000000000002442e-01 3.092419017571322648e+00
3.500000000000003109e-01 2.500000000000003331e-01 3.369418596306667180e+00
3.500000000000003109e-01 3.500000000000001998e-01 5.031119688139031432e+00
3.500000000000003109e-01 4.500000000000002887e-01 8.090431999669805307e+00
3.500000000000003109e-01 5.500000000000001554e-01 1.363828757377950929e+01
3.500000000000003109e-01 6.500000000000002442e-01 1.087747269082000834e+01
3.500000000000003109e-01 7.500000000000003331e-01 4.104243947275783455e+00
3.500000000000003109e-01 8.500000000000001998e-01 3.464134147251822338e+00
3.500000000000003109e-01 9.500000000000002887e-01 7.744907734030409330e+00
4.500000000000003997e-01 -9.499999999999998446e-01 1.048262567141886414e+01
4.500000000000003997e-01 -8.499999999999998668e-01 6.609558453273218781e+00
4.500000000000003997e-01 -7.499999999999997780e-01 1.133347951363372452e+01
4.500000000000003997e-01 -6.499999999999998002e-01 5.284952309506690149e+00
4.500000000000003997e-01 -5.499999999999998224e-01 5.494002761018669467e+00
4.500000000000003997e-01 -4.499999999999998446e-01 5.565448136537007429e+00
4.500000000000003997e-01 -3.499999999999997558e-01 3.889091215581932381e+00
4.500000000000003997e-01 -2.499999999999997780e-01 3.039008967894232249e+00
4.500000000000003997e-01 -1.499999999999998002e-01 4.105360618812410323e+00
4.500000000000003997e-01 -4.999999999999982236e-02 1.169147749016651971e+01
4.500000000000003997e-01 5.000000000000015543e-02 8.565584907333274600e+00
4.500000000000003997e-01 1.500000000000002442e-01 3.277805795571206104e+00
4.500000000000003997e-01 2.500000000000003331e-01 2.494408411432266437e+00
4.500000000000003997e-01 3.500000000000001998e-01 3.726400111797537384e+00
4.500000000000003997e-01 4.500000000000002887e-01 4.681181589876602267e+00
4.500000000000003997e-01 5.500000000000001554e-01 5.254679238156411358e+00
4.500000000000003997e-01 6.500000000000002442e-01 5.133603410905153375e+00
4.500000000000003997e-01 7.500000000000003331e-01 1.101299337752398699e+01
4.500000000000003997e-01 8.500000000000001998e-01 7.910008038729869462e+00
4.500000000000003997e-01 9.500000000000002887e-01 1.411300195703581295e+01
5.500000000000002665e-01 -9.499999999999998446e-01 2.333047152173734773e+01
5.500000000000002665e-01 -8.499999999999998668e-01 7.247277554503003927e+00
5.500000000000002665e-01 -7.499999999999997780e-01 3.723332208617626371e+00
5.500000000000002665e-01 -6.499999999999998002e-01 3.013578609214108806e+00
5.500000000000002665e-01 -5.499999999999998224e-01 3.125426393222870747e+00
5.500000000000002665e-01 -4.499999999999998446e-01 3.530820925971600577e+00
5.500000000000002665e-01 -3.499999999999997558e-01 2.960466257848122673e+00
5.500000000000002665e-01 -2.499999999999997780e-01 3.421965886528650191e+00
5.500000000000002665e-01 -1.499999999999998002e-01 6.063106275626352293e+00
5.500000000000002665e-01 -4.999999999999982236e-02 1.200317817250460983e+01
5.500000000000002665e-01 5.000000000000015543e-02 9.113219114235645790e+00
5.500000000000002665e-01 1.500000000000002442e-01 4.816381116937272111e+00
5.500000000000002665e-01 2.500000000000003331e-01 2.855185473642959604e+00
5.500000000000002665e-01 3.500000000000001998e-01 2.447922704087492018e+00
5.500000000000002665e-01 4.500000000000002887e-01 3.239598731989490332e+00
5.500000000000002665e-01 5.500000000000001554e-01 3.431456160896029672e+00
5.500000000000002665e-01 6.500000000000002442e-01 2.851325881427822395e+00
5.500000000000002665e-01 7.500000000000003331e-01 3.811770895711594331e+00
5.500000000000002665e-01 8.500000000000001998e-01 7.730756816319276581e+00
5.500000000000002665e-01 9.500000000000002887e-01 2.517953115757932991e+01
6.500000000000003553e-01 -9.499999999999998446e-01 1.286755639729779688e+01
6.500000000000003553e-01 -8.499999999999998668e-01 1.354373001975574020e+01
6.500000000000003553e-01 -7.499999999999997780e-01 5.049729393400464339e+00
6.500000000000003553e-01 -6.499999999999998002e-01 3.457757211849228796e+00
6.500000000000003553e-01 -5.499999999999998224e-01 3.639374646126123825e+00
6.500000000000003553e-01 -4.499999999999998446e-01 3.954316687682486453e+00
6.500000000000003553e-01 -3.499999999999997558e-01 3.129727653718953562e+00
6.500000000000003553e-01 -2.499999999999997780e-01 3.517320513013300065e+00
6.500000000000003553e-01 -1.499999999999998002e-01 4.904933112207028323e+00
6.500000000000003553e-01 -4.999999999999982236e-02 1.232979212954359483e+01
6.500000000000003553e-01 5.000000000000015543e-02 9.120115356256397021e+00
6.500000000000003553e-01 1.500000000000002442e-01 3.595635374494504433e+00
6.500000000000003553e-01 2.500000000000003331e-01 2.983382988830128202e+00
6.500000000000003553e-01 3.500000000000001998e-01 2.839808210713662184e+00
6.500000000000003553e-01 4.500000000000002887e-01 3.398242739848320593e+00
6.500000000000003553e-01 5.500000000000001554e-01 3.797297137559760394e+00
6.500000000000003553e-01 6.500000000000002442e-01 3.427172494934145774e+00
6.500000000000003553e-01 7.500000000000003331e-01 4.636397694299373207e+00
6.500000000000003553e-01 8.500000000000001998e-01 1.321550242854012325e+01
6.500000000000003553e-01 9.500000000000002887e-01 1.540038274018575848e+01
7.500000000000004441e-01 -9.499999999999998446e-01 6.617451900470394222e+00
7.500000000000004441e-01 -8.499999999999998668e-01 3.905406619827056058e+00
7.500000000000004441e-01 -7.499999999999997780e-01 8.747896573357509808e+00
7.500000000000004441e-01 -6.499999999999998002e-01 1.081464549452784851e+01
7.500000000000004441e-01 -5.499999999999998224e-01 7.392281329455955508e+00
7.500000000000004441e-01 -4.499999999999998446e-01 7.060117824213349103e+00
7.500000000000004441e-01 -3.499999999999997558e-01 4.047260544796115411e+00
7.500000000000004441e-01 -2.499999999999997780e-01 2.681091682025556810e+00
7.500000000000004441e-01 -1.499999999999998002e-01 4.328901741218026622e+00
7.500000000000004441e-01 -4.999999999999982236e-02 9.947838538482864479e+00
7.500000000000004441e-01 5.000000000000015543e-02 7.104563844379100601e+00
7.500000000000004441e-01 1.500000000000002442e-01 3.405078211470684568e+00
7.500000000000004441e-01 2.500000000000003331e-01 2.935290987588984102e+00
7.500000000000004441e-01 3.500000000000001998e-01 3.661720726704909001e+00
7.500000000000004441e-01 4.500000000000002887e-01 6.418317201891525769e+00
7.500000000000004441e-01 5.500000000000001554e-01 7.203171500502521418e+00
7.500000000000004441e-01 6.500000000000002442e-01 1.013486605420778019e+01
7.500000000000004441e-01 7.500000000000003331e-01 8.951892570431105867e+00
7.500000000000004441e-01 8.500000000000001998e-01 4.713266656844834479e+00
7.500000000000004441e-01 9.500000000000002887e-01 8.642995755373883426e+00
8.500000000000003109e-01 -9.499999999999998446e-01 4.837659923012984642e+00
8.500000000000003109e-01 -8.499999999999998668e-01 2.947695055939151931e+00
8.500000000000003109e-01 -7.499999999999997780e-01 3.729959975414449236e+00
8.500000000000003109e-01 -6.499999999999998002e-01 7.856629327606607482e+00
8.500000000000003109e-01 -5.499999999999998224e-01 1.484949614993142220e+01
8.500000000000003109e-01 -4.499999999999998446e-01 1.130848831318755821e+01
8.500000000000003109e-01 -3.499999999999997558e-01 6.072317931651002532e+00
8.500000000000003109e-01 -2.499999999999997780e-01 3.452771792772893367e+00
8.500000000000003109e-01 -1.499999999999998002e-01 3.236780769073802855e+00
8.500000000000003109e-01 -4.999999999999982236e-02 7.728341779970175907e+00
8.500000000000003109e-01 5.000000000000015543e-02 5.046443376829737204e+00
8.500000000000003109e-01 1.500000000000002442e-01 3.086192970286068427e+00
8.500000000000003109e-01 2.500000000000003331e-01 3.231556342433048901e+00
8.500000000000003109e-01 3.500000000000001998e-01 5.506171405635281957e+00
8.500000000000003109e-01 4.500000000000002887e-01 1.060049220869209741e+01
8.500000000000003109e-01 5.500000000000001554e-01 1.586917432739254075e+01
8.500000000000003109e-01 6.500000000000002442e-01 8.358281598594311745e+00
8.500000000000003109e-01 7.500000000000003331e-01 3.755905360203815935e+00
8.500000000000003109e-01 8.500000000000001998e-01 3.169391066255740075e+00
8.500000000000003109e-01 9.500000000000002887e-01 7.175759294567319202e+00
9.500000000000003997e-01 -9.499999999999998446e-01 5.826612491254486770e+00
9.500000000000003997e-01 -8.499999999999998668e-01 3.245320019333957084e+00
9.500000000000003997e-01 -7.499999999999997780e-01 3.010467918571569257e+00
9.500000000000003997e-01 -6.499999999999998002e-01 4.437416720644626444e+00
9.500000000000003997e-01 -5.499999999999998224e-01 7.411635339622385743e+00
9.500000000000003997e-01 -4.499999999999998446e-01 1.045640615387645056e+01
9.500000000000003997e-01 -3.499999999999997558e-01 1.292192086370366333e+01
9.500000000000003997e-01 -2.499999999999997780e-01 5.170602679581906003e+00
9.500000000000003997e-01 -1.499999999999998002e-01 3.964938807384944308e+00
9.500000000000003997e-01 -4.999999999999982236e-02 8.502081330803838100e+00
9.500000000000003997e-01 5.000000000000015543e-02 5.804206664851215614e+00
9.500000000000003997e-01 1.500000000000002442e-01 3.289124408232897423e+00
9.500000000000003997e-01 2.500000000000003331e-01 4.565692295593809291e+00
9.500000000000003997e-01 3.500000000000001998e-01 1.300975404925253542e+01
9.500000000000003997e-01 4.500000000000002887e-01 1.060108433301123299e+01
9.500000000000003997e-01 5.500000000000001554e-01 8.184734737656036430e+00
9.500000000000003997e-01 6.500000000000002442e-01 4.421877787613345490e+00
9.500000000000003997e-01 7.500000000000003331e-01 3.299396892516733182e+00
9.500000000000003997e-01 8.500000000000001998e-01 3.828484652994032622e+00
9.500000000000003997e-01 9.500000000000002887e-01 8.385076211062719054e+00
