-9.499999999999997335e-01 -9.499999999999998446e-01 6.304314262872132701e-01
-9.499999999999997335e-01 -8.499999999999998668e-01 8.519796474037353295e-01
-9.499999999999997335e-01 -7.499999999999997780e-01 4.073192172930871768e-01
-9.499999999999997335e-01 -6.499999999999998002e-01 9.432769573646555550e-01
-9.499999999999997335e-01 -5.499999999999998224e-01 9.964097737717141356e-01
-9.499999999999997335e-01 -4.499999999999998446e-01 1.358481058741214387e+00
-9.499999999999997335e-01 -3.499999999999997558e-01 9.621198385970082256e-01
-9.499999999999997335e-01 -2.499999999999997780e-01 8.809407204306067829e-01
-9.499999999999997335e-01 -1.499999999999998002e-01 5.913716383995103465e-01
-9.499999999999997335e-01 -4.999999999999982236e-02 7.715266683963497574e-01
-9.499999999999997335e-01 5.000000000000015543e-02 6.755365887993798335e-01
-9.499999999999997335e-01 1.500000000000002442e-01 7.036968302113034701e-01
-9.499999999999997335e-01 2.500000000000003331e-01 9.543531518667986990e-01
-9.499999999999997335e-01 3.500000000000001998e-01 8.432798367656524352e-01
-9.499999999999997335e-01 4.500000000000002887e-01 1.272785916172997744e+00
-9.499999999999997335e-01 5.500000000000001554e-01 1.132228391233052633e+00
-9.499999999999997335e-01 6.500000000000002442e-01 6.031091868504073750e-01
-9.499999999999997335e-01 7.500000000000003331e-01 3.963204966656400097e-01
-9.499999999999997335e-01 8.500000000000001998e-01 8.742270113715518987e-01
-9.499999999999997335e-01 9.500000000000002887e-01 4.648656759013735651e-01
-8.499999999999997558e-01 -9.499999999999998446e-01 9.436863150845340442e-01
-8.499999999999997558e-01 -8.499999999999998668e-01 4.717548813822205478e-01
-8.499999999999997558e-01 -7.499999999999997780e-01 4.632239969918325317e-01
-8.499999999999997558e-01 -6.499999999999998002e-01 4.861148638683337464e-01
-8.499999999999997558e-01 -5.499999999999998224e-01 1.014368617295789976e+00
-8.499999999999997558e-01 -4.499999999999998446e-01 1.783660213653742499e+00
-8.499999999999997558e-01 -3.499999999999997558e-01 4.436308913343932070e-01
-8.499999999999997558e-01 -2.499999999999997780e-01 3.922935924960783693e-01
-8.499999999999997558e-01 -1.499999999999998002e-01 3.923126372594650801e-01
-8.499999999999997558e-01 -4.999999999999982236e-02 8.505213349159114200e-01
-8.499999999999997558e-01 5.000000000000015543e-02 9.552890494107493247e-01
-8.499999999999997558e-01 1.500000000000002442e-01 4.973624177276181335e-01
-8.499999999999997558e-01 2.500000000000003331e-01 4.796765723106177770e-01
-8.499999999999997558e-01 3.500000000000001998e-01 4.203619939209278789e-01
-8.499999999999997558e-01 4.500000000000002887e-01 1.092300519545001736e+00
-8.499999999999997558e-01 5.500000000000001554e-01 1.274981116222906552e+00
-8.499999999999997558e-01 6.500000000000002442e-01 4.118571510998350060e-01
-8.499999999999997558e-01 7.500000000000003331e-01 3.607667865911706184e-01
-8.499999999999997558e-01 8.500000000000001998e-01 4.910043349813598135e-01
-8.499999999999997558e-01 9.500000000000002887e-01 8.587631358179262930e-01
-7.499999999999997780e-01 -9.499999999999998446e-01 6.803104607125853853e-01
-7.499999999999997780e-01 -8.499999999999998668e-01 1.131984292041390061e+00
-7.499999999999997780e-01 -7.499999999999997780e-01 8.732914130276463460e-01
-7.499999999999997780e-01 -6.499999999999998002e-01 8.190832555044172958e-01
-7.499999999999997780e-01 -5.499999999999998224e-01 1.525790265794316092e+00
-7.499999999999997780e-01 -4.499999999999998446e-01 1.552542623749227912e+00
-7.499999999999997780e-01 -3.499999999999997558e-01 8.727871941502193254e-01
-7.499999999999997780e-01 -2.499999999999997780e-01 5.056412413882753754e-01
-7.499999999999997780e-01 -1.499999999999998002e-01 1.123409851672442228e+00
-7.499999999999997780e-01 -4.999999999999982236e-02 1.213338093448658839e+00
-7.499999999999997780e-01 5.000000000000015543e-02 9.302843141136662997e-01
-7.499999999999997780e-01 1.500000000000002442e-01 1.188596780625391647e+00
-7.499999999999997780e-01 2.500000000000003331e-01 5.970588041772941779e-01
-7.499999999999997780e-01 3.500000000000001998e-01 1.043517016504995620e+00
-7.499999999999997780e-01 4.500000000000002887e-01 1.527660740247070992e+00
-7.499999999999997780e-01 5.500000000000001554e-01 1.065580749350394818e+00
-7.499999999999997780e-01 6.500000000000002442e-01 9.315742123396855146e-01
-7.499999999999997780e-01 7.500000000000003331e-01 9.804831633241688493e-01
-7.499999999999997780e-01 8.500000000000001998e-01 1.220506178044153955e+00
-7.499999999999997780e-01 9.500000000000002887e-01 6.879175033967953601e-01
-6.499999999999996891e-01 -9.499999999999998446e-01 2.107502202099420519e+00
-6.499999999999996891e-01 -8.499999999999998668e-01 1.138969556213414780e+00
-6.499999999999996891e-01 -7.499999999999997780e-01 1.215549032927933037e+00
-6.499999999999996891e-01 -6.499999999999998002e-01 6.222365097268702794e-01
-6.499999999999996891e-01 -5.499999999999998224e-01 1.046031407541513358e+00
-6.499999999999996891e-01 -4.499999999999998446e-01 1.263810868149554567e+00
-6.499999999999996891e-01 -3.499999999999997558e-01 1.903356257821963826e+00
-6.499999999999996891e-01 -2.499999999999997780e-01 1.063991911663994205e+00
-6.499999999999996891e-01 -1.499999999999998002e-01 1.426724885102776508e+00
-6.499999999999996891e-01 -4.999999999999982236e-02 2.749976178255062020e+00
-6.499999999999996891e-01 5.000000000000015543e-02 2.288295393802839861e+00
-6.499999999999996891e-01 1.500000000000002442e-01 1.122844230927775300e+00
-6.499999999999996891e-01 2.500000000000003331e-01 8.586482339576397838e-01
-6.499999999999996891e-01 3.500000000000001998e-01 1.851526559504774516e+00
-6.499999999999996891e-01 4.500000000000002887e-01 1.201444211275281448e+00
-6.499999999999996891e-01 5.500000000000001554e-01 1.274930303056502900e+00
-6.499999999999996891e-01 6.500000000000002442e-01 1.157823755342257011e+00
-6.499999999999996891e-01 7.500000000000003331e-01 1.719492507093840494e+00
-6.499999999999996891e-01 8.500000000000001998e-01 1.662395695483889213e+00
-6.499999999999996891e-01 9.500000000000002887e-01 2.532923331472898720e+00
-5.499999999999997113e-01 -9.499999999999998446e-01 4.569558075568294520e+00
-5.499999999999997113e-01 -8.499999999999998668e-01 1.293859733664749490e+00
-5.499999999999997113e-01 -7.499999999999997780e-01 7.203873988023534736e-01
-5.499999999999997113e-01 -6.499999999999998002e-01 5.467116758179345615e-01
-5.499999999999997113e-01 -5.499999999999998224e-01 9.447348688257622973e-01
-5.499999999999997113e-01 -4.499999999999998446e-01 1.437622861792787754e+00
-5.499999999999997113e-01 -3.499999999999997558e-01 1.348420891750067963e+00
-5.499999999999997113e-01 -2.499999999999997780e-01 2.321026310794133796e+00
-5.499999999999997113e-01 -1.499999999999998002e-01 2.218070969831860584e+00
-5.499999999999997113e-01 -4.999999999999982236e-02 2.453346764599751317e+00
-5.499999999999997113e-01 5.000000000000015543e-02 2.120306109523192539e+00
-5.499999999999997113e-01 1.500000000000002442e-01 1.709766557357794259e+00
-5.499999999999997113e-01 2.500000000000003331e-01 1.659842999483774673e+00
-5.499999999999997113e-01 3.500000000000001998e-01 1.499961411229932651e+00
-5.499999999999997113e-01 4.500000000000002887e-01 9.165794157973125023e-01
-5.499999999999997113e-01 5.500000000000001554e-01 1.038151578507966022e+00
-5.499999999999997113e-01 6.500000000000002442e-01 7.756890226337868066e-01
-5.499999999999997113e-01 7.500000000000003331e-01 1.028019776573100064e+00
-5.499999999999997113e-01 8.500000000000001998e-01 1.813914513456436284e+00
-5.499999999999997113e-01 9.500000000000002887e-01 5.075822132328839942e+00
-4.499999999999997335e-01 -9.499999999999998446e-01 1.268396020435595961e+00
-4.499999999999997335e-01 -8.499999999999998668e-01 1.570514539568098167e+00
-4.499999999999997335e-01 -7.499999999999997780e-01 9.265624516375379205e-01
-4.499999999999997335e-01 -6.499999999999998002e-01 6.633483151173069636e-01
-4.499999999999997335e-01 -5.499999999999998224e-01 1.135522663720712755e+00
-4.499999999999997335e-01 -4.499999999999998446e-01 2.409279890344414810e+00
-4.499999999999997335e-01 -3.499999999999997558e-01 1.602145065559654524e+00
-4.499999999999997335e-01 -2.499999999999997780e-01 9.111049182864293661e-01
-4.499999999999997335e-01 -1.499999999999998002e-01 1.044151044739697332e+00
-4.499999999999997335e-01 -4.999999999999982236e-02 7.017175918038983662e-01
-4.499999999999997335e-01 5.000000000000015543e-02 6.134654569370695532e-01
-4.499999999999997335e-01 1.500000000000002442e-01 8.571930251723907102e-01
-4.499999999999997335e-01 2.500000000000003331e-01 1.014285102048289477e+00
-4.499999999999997335e-01 3.500000000000001998e-01 1.966464453280525770e+00
-4.499999999999997335e-01 4.500000000000002887e-01 2.698661123814962703e+00
-4.499999999999997335e-01 5.500000000000001554e-01 7.676303695876064426e-01
-4.499999999999997335e-01 6.500000000000002442e-01 7.122600572283097620e-01
-4.499999999999997335e-01 7.500000000000003331e-01 6.484696664716833592e-01
-4.499999999999997335e-01 8.500000000000001998e-01 1.810183939744280712e+00
-4.499999999999997335e-01 9.500000000000002887e-01 1.045606298331556383e+00
-3.499999999999996447e-01 -9.499999999999998446e-01 5.385849693305502228e-01
-3.499999999999996447e-01 -8.499999999999998668e-01 6.196949497779359328e-01
-3.499999999999996447e-01 -7.499999999999997780e-01 5.855659697084041326e-01
-3.499999999999996447e-01 -6.499999999999998002e-01 4.558631847148360006e-01
-3.499999999999996447e-01 -5.499999999999998224e-01 1.090412677386774609e+00
-3.499999999999996447e-01 -4.499999999999998446e-01 1.114833582999338990e+00
-3.499999999999996447e-01 -3.499999999999997558e-01 5.356170477854961254e-01
-3.499999999999996447e-01 -2.499999999999997780e-01 3.631410095819867512e-01
-3.499999999999996447e-01 -1.499999999999998002e-01 4.233604504282645342e-01
-3.499999999999996447e-01 -4.999999999999982236e-02 7.845938915008087156e-01
-3.499999999999996447e-01 5.000000000000015543e-02 9.888256854140266006e-01
-3.499999999999996447e-01 1.500000000000002442e-01 4.526386722286958597e-01
-3.499999999999996447e-01 2.500000000000003331e-01 4.098394577523633009e-01
-3.499999999999996447e-01 3.500000000000001998e-01 8.513856417865405257e-01
-3.499999999999996447e-01 4.500000000000002887e-01 9.420830513014027963e-01
-3.499999999999996447e-01 5.500000000000001554e-01 1.022210423855526296e+00
-3.499999999999996447e-01 6.500000000000002442e-01 6.778490041818774348e-01
-3.499999999999996447e-01 7.500000000000003331e-01 7.230847218660578779e-01
-3.499999999999996447e-01 8.500000000000001998e-01 4.936264791689188858e-01
-3.499999999999996447e-01 9.500000000000002887e-01 9.640707680744450281e-01
-2.499999999999996669e-01 -9.499999999999998446e-01 1.072579920408305743e+00
-2.499999999999996669e-01 -8.499999999999998668e-01 4.806678605320516828e-01
-2.499999999999996669e-01 -7.499999999999997780e-01 4.129311962743737463e-01
-2.499999999999996669e-01 -6.499999999999998002e-01 7.482297971035679618e-01
-2.499999999999996669e-01 -5.499999999999998224e-01 9.286633058827533649e-01
-2.499999999999996669e-01 -4.499999999999998446e-01 1.959786203804798843e+00
-2.499999999999996669e-01 -3.499999999999997558e-01 4.903646687113176750e-01
-2.499999999999996669e-01 -2.499999999999997780e-01 4.029294304687177086e-01
-2.499999999999996669e-01 -1.499999999999998002e-01 4.739138470582209828e-01
-2.499999999999996669e-01 -4.999999999999982236e-02 7.738479024358519975e-01
-2.499999999999996669e-01 5.000000000000015543e-02 5.121198163433999806e-01
-2.499999999999996669e-01 1.500000000000002442e-01 5.356271895749592504e-01
-2.499999999999996669e-01 2.500000000000003331e-01 4.249151052969254438e-01
-2.499999999999996669e-01 3.500000000000001998e-01 4.580536304063322350e-01
-2.499999999999996669e-01 4.500000000000002887e-01 1.696890215771234223e+00
-2.499999999999996669e-01 5.500000000000001554e-01 1.059767372187560674e+00
-2.499999999999996669e-01 6.500000000000002442e-01 6.889338415766875778e-01
-2.499999999999996669e-01 7.500000000000003331e-01 3.419056044078193080e-01
-2.499999999999996669e-01 8.500000000000001998e-01 4.206755636484831862e-01
-2.499999999999996669e-01 9.500000000000002887e-01 8.469549193943554100e-01
-1.499999999999996891e-01 -9.499999999999998446e-01 9.901321525720805372e-01
-1.499999999999996891e-01 -8.499999999999998668e-01 1.047750396458599242e+00
-1.499999999999996891e-01 -7.499999999999997780e-01 1.055434788674362911e+00
-1.499999999999996891e-01 -6.499999999999998002e-01 1.256029120939564425e+00
-1.499999999999996891e-01 -5.499999999999998224e-01 1.807401810394446473e+00
-1.499999999999996891e-01 -4.499999999999998446e-01 9.439539228139184335e-01
-1.499999999999996891e-01 -3.499999999999997558e-01 9.945629698112327111e-01
-1.499999999999996891e-01 -2.499999999999997780e-01 1.019067525285076936e+00
-1.499999999999996891e-01 -1.499999999999998002e-01 2.030977508671115928e+00
-1.499999999999996891e-01 -4.999999999999982236e-02 8.184803258140984639e-01
-1.499999999999996891e-01 5.000000000000015543e-02 7.571362597798373395e-01
-1.499999999999996891e-01 1.500000000000002442e-01 1.520505086096469505e+00
-1.499999999999996891e-01 2.500000000000003331e-01 6.238091307410723596e-01
-1.499999999999996891e-01 3.500000000000001998e-01 6.298541019271525210e-01
-1.499999999999996891e-01 4.500000000000002887e-01 7.147860182747624025e-01
-1.499999999999996891e-01 5.500000000000001554e-01 2.151225802948184107e+00
-1.499999999999996891e-01 6.500000000000002442e-01 1.335304046789026700e+00
-1.499999999999996891e-01 7.500000000000003331e-01 7.768236017660382631e-01
-1.499999999999996891e-01 8.500000000000001998e-01 8.901926200327670013e-01
-1.499999999999996891e-01 9.500000000000002887e-01 7.105064144719828167e-01
-4.999999999999971134e-02 -9.499999999999998446e-01 2.578915561114248245e+00
-4.999999999999971134e-02 -8.499999999999998668e-01 2.015333781179790229e+00
-4.999999999999971134e-02 -7.499999999999997780e-01 1.202992907701661007e+00
-4.999999999999971134e-02 -6.499999999999998002e-01 1.529111690686469460e+00
-4.999999999999971134e-02 -5.499999999999998224e-01 1.276985343288376429e+00
-4.999999999999971134e-02 -4.499999999999998446e-01 1.365684405736731444e+00
-4.999999999999971134e-02 -3.499999999999997558e-01 7.859242331103843959e-01
-4.999999999999971134e-02 -2.499999999999997780e-01 1.535819758349882047e+00
-4.999999999999971134e-02 -1.499999999999998002e-01 2.188410822892060015e+00
-4.999999999999971134e-02 -4.999999999999982236e-02 3.727254176398595131e+00
-4.999999999999971134e-02 5.000000000000015543e-02 2.111127560595596364e+00
-4.999999999999971134e-02 1.500000000000002442e-01 1.797044951586902251e+00
-4.999999999999971134e-02 2.500000000000003331e-01 1.004365619594423054e+00
-4.999999999999971134e-02 3.500000000000001998e-01 6.213400670772845080e-01
-4.999999999999971134e-02 4.500000000000002887e-01 1.120693973525141773e+00
-4.999999999999971134e-02 5.500000000000001554e-01 8.224551135989697226e-01
-4.999999999999971134e-02 6.500000000000002442e-01 1.752229316923372915e+00
-4.999999999999971134e-02 7.500000000000003331e-01 1.231823113162082040e+00
-4.999999999999971134e-02 8.500000000000001998e-01 2.060669037603971354e+00
-4.999999999999971134e-02 9.500000000000002887e-01 2.606962998930777875e+00
5.000000000000026645e-02 -9.499999999999998446e-01 2.269000292558060572e+00
5.000000000000026645e-02 -8.499999999999998668e-01 1.750348544349455304e+00
5.000000000000026645e-02 -7.499999999999997780e-01 1.461687104400513082e+00
5.000000000000026645e-02 -6.499999999999998002e-01 1.544512258888411926e+00
5.000000000000026645e-02 -5.499999999999998224e-01 1.296171029930300866e+00
5.000000000000026645e-02 -4.499999999999998446e-01 1.327495623354993270e+00
5.000000000000026645e-02 -3.499999999999997558e-01 6.915016446733804889e-01
5.000000000000026645e-02 -2.499999999999997780e-01 1.509323370639420681e+00
5.000000000000026645e-02 -1.499999999999998002e-01 1.741712834917770181e+00
5.000000000000026645e-02 -4.999999999999982236e-02 3.462967865878717078e+00
5.000000000000026645e-02 5.000000000000015543e-02 3.199881383968925519e+00
5.000000000000026645e-02 1.500000000000002442e-01 1.620148546095006692e+00
5.000000000000026645e-02 2.500000000000003331e-01 7.946722264970763616e-01
5.000000000000026645e-02 3.500000000000001998e-01 6.052757493699761904e-01
5.000000000000026645e-02 4.500000000000002887e-01 1.249927586930391188e+00
5.000000000000026645e-02 5.500000000000001554e-01 9.158449782038459164e-01
5.000000000000026645e-02 6.500000000000002442e-01 1.611580567237812955e+00
5.000000000000026645e-02 7.500000000000003331e-01 1.621735080182569622e+00
5.000000000000026645e-02 8.500000000000001998e-01 2.235695666092295752e+00
5.000000000000026645e-02 9.500000000000002887e-01 2.459637877415260743e+00
1.500000000000003553e-01 -9.499999999999998446e-01 7.465637958192842261e-01
1.500000000000003553e-01 -8.499999999999998668e-01 6.222159673865452767e-01
1.500000000000003553e-01 -7.499999999999997780e-01 9.481899823624457824e-01
1.500000000000003553e-01 -6.499999999999998002e-01 1.493628217071835351e+00
1.500000000000003553e-01 -5.499999999999998224e-01 2.388389157917429895e+00
1.500000000000003553e-01 -4.499999999999998446e-01 8.680507848394920511e-01
1.500000000000003553e-01 -3.499999999999997558e-01 8.600832595302856376e-01
1.500000000000003553e-01 -2.499999999999997780e-01 8.973367478533944563e-01
1.500000000000003553e-01 -1.499999999999998002e-01 1.747274373043399942e+00
1.500000000000003553e-01 -4.999999999999982236e-02 8.892878374128434515e-01
1.500000000000003553e-01 5.000000000000015543e-02 8.566506942037332983e-01
1.500000000000003553e-01 1.500000000000002442e-01 1.629228603156277932e+00
1.500000000000003553e-01 2.500000000000003331e-01 6.348268748774190673e-01
1.500000000000003553e-01 3.500000000000001998e-01 6.007577992819063128e-01
1.500000000000003553e-01 4.500000000000002887e-01 9.684503355103786237e-01
1.500000000000003553e-01 5.500000000000001554e-01 1.698272822013244365e+00
1.500000000000003553e-01 6.500000000000002442e-01 1.304912347886407975e+00
1.500000000000003553e-01 7.500000000000003331e-01 7.518371488572928030e-01
1.500000000000003553e-01 8.500000000000001998e-01 4.728521607222254119e-01
1.500000000000003553e-01 9.500000000000002887e-01 6.710528558219306383e-01
2.500000000000004441e-01 -9.499999999999998446e-01 1.047023718655937907e+00
2.500000000000004441e-01 -8.499999999999998668e-01 4.507899054470080324e-01
2.500000000000004441e-01 -7.499999999999997780e-01 4.437749793098765827e-01
2.500000000000004441e-01 -6.499999999999998002e-01 8.948751892980663092e-01
2.500000000000004441e-01 -5.499999999999998224e-01 1.045506510981387027e+00
2.500000000000004441e-01 -4.499999999999998446e-01 2.449978407117536783e+00
2.500000000000004441e-01 -3.499999999999997558e-01 4.898367352883097881e-01
2.500000000000004441e-01 -2.499999999999997780e-01 4.175675605647370947e-01
2.500000000000004441e-01 -1.499999999999998002e-01 4.405070278923030047e-01
2.500000000000004441e-01 -4.999999999999982236e-02 8.315551256496857002e-01
2.500000000000004441e-01 5.000000000000015543e-02 5.409812418919879295e-01
2.500000000000004441e-01 1.500000000000002442e-01 5.740640086934145625e-01
2.500000000000004441e-01 2.500000000000003331e-01 4.163973325522035140e-01
2.500000000000004441e-01 3.500000000000001998e-01 4.113323458759263196e-01
2.500000000000004441e-01 4.500000000000002887e-01 1.289366766742731540e+00
2.500000000000004441e-01 5.500000000000001554e-01 1.094152097216239738e+00
2.500000000000004441e-01 6.500000000000002442e-01 6.566143218763169642e-01
2.500000000000004441e-01 7.500000000000003331e-01 4.183513165028163172e-01
2.500000000000004441e-01 8.500000000000001998e-01 4.086632348311204366e-01
2.500000000000004441e-01 9.500000000000002887e-01 8.232462744206625604e-01
3.500000000000003109e-01 -9.499999999999998446e-01 5.609192566153080595e-01
3.500000000000003109e-01 -8.499999999999998668e-01 5.263091399187286301e-01
3.500000000000003109e-01 -7.499999999999997780e-01 9.289772549346521080e-01
3.500000000000003109e-01 -6.499999999999998002e-01 6.162833257540998311e-01
3.500000000000003109e-01 -5.499999999999998224e-01 1.474433496454606418e+00
3.500000000000003109e-01 -4.499999999999998446e-01 1.150927103266804918e+00
3.500000000000003109e-01 -3.499999999999997558e-01 5.714133952508162473e-01
3.500000000000003109e-01 -2.499999999999997780e-01 3.331242432157195399e-01
3.500000000000003109e-01 -1.499999999999998002e-01 4.292007190099598746e-01
3.500000000000003109e-01 -4.999999999999982236e-02 8.961140290694129540e-01
3.500000000000003109e-01 5.000000000000015543e-02 1.133826962494721702e+00
3.500000000000003109e-01 1.500000000000002442e-01 5.124232297851349927e-01
3.500000000000003109e-01 2.500000000000003331e-01 3.963229544166334550e-01
3.500000000000003109e-01 3.500000000000001998e-01 7.681059434562198529e-01
3.500000000000003109e-01 4.500000000000002887e-01 1.054913994031853042e+00
3.500000000000003109e-01 5.500000000000001554e-01 9.822359176587358576e-01
3.500000000000003109e-01 6.500000000000002442e-01 6.009992644896368086e-01
3.500000000000003109e-01 7.500000000000003331e-01 6.990490183295920978e-01
3.500000000000003109e-01 8.500000000000001998e-01 4.572004380750576691e-01
3.500000000000003109e-01 9.500000000000002887e-01 9.285899261326064913e-01
4.500000000000003997e-01 -9.499999999999998446e-01 1.116665414736551121e+00
4.500000000000003997e-01 -8.499999999999998668e-01 1.375888383099125090e+00
4.500000000000003997e-01 -7.499999999999997780e-01 8.840879659129876611e-01
4.500000000000003997e-01 -6.499999999999998002e-01 7.168878456481095895e-01
4.500000000000003997e-01 -5.499999999999998224e-01 9.718672720000574028e-01
4.500000000000003997e-01 -4.499999999999998446e-01 2.720418221276303949e+00
4.500000000000003997e-01 -3.499999999999997558e-01 2.225804336105266401e+00
4.500000000000003997e-01 -2.499999999999997780e-01 9.610549479249668181e-01
4.500000000000003997e-01 -1.499999999999998002e-01 1.027175995750618354e+00
4.500000000000003997e-01 -4.999999999999982236e-02 6.059671079335340327e-01
4.500000000000003997e-01 5.000000000000015543e-02 7.313201534321308594e-01
4.500000000000003997e-01 1.500000000000002442e-01 7.994130839981742342e-01
4.500000000000003997e-01 2.500000000000003331e-01 9.772718975452711065e-01
4.500000000000003997e-01 3.500000000000001998e-01 1.718341726725198582e+00
4.500000000000003997e-01 4.500000000000002887e-01 1.705786225492461616e+00
4.500000000000003997e-01 5.500000000000001554e-01 7.393081261083165323e-01
4.500000000000003997e-01 6.500000000000002442e-01 6.952565160297019542e-01
4.500000000000003997e-01 7.500000000000003331e-01 9.875739558645402205e-01
4.500000000000003997e-01 8.500000000000001998e-01 2.036824379387737416e+00
4.500000000000003997e-01 9.500000000000002887e-01 9.527416197795471886e-01
5.500000000000002665e-01 -9.499999999999998446e-01 4.641925480707616458e+00
5.500000000000002665e-01 -8.499999999999998668e-01 1.744510510320507191e+00
5.500000000000002665e-01 -7.499999999999997780e-01 6.904052438654401103e-01
5.500000000000002665e-01 -6.499999999999998002e-01 5.804501410743384548e-01
5.500000000000002665e-01 -5.499999999999998224e-01 5.979977090043847587e-01
5.500000000000002665e-01 -4.499999999999998446e-01 1.333214663356264484e+00
5.500000000000002665e-01 -3.499999999999997558e-01 1.674185927234305593e+00
5.500000000000002665e-01 -2.499999999999997780e-01 2.231879780649416833e+00
5.500000000000002665e-01 -1.499999999999998002e-01 2.638745792104262300e+00
5.500000000000002665e-01 -4.999999999999982236e-02 2.265879001881191623e+00
5.500000000000002665e-01 5.000000000000015543e-02 2.261339346946716233e+00
5.500000000000002665e-01 1.500000000000002442e-01 2.170154011316382636e+00
5.500000000000002665e-01 2.500000000000003331e-01 1.349081198943892002e+00
5.500000000000002665e-01 3.500000000000001998e-01 1.722630998567812100e+00
5.500000000000002665e-01 4.500000000000002887e-01 1.119484398740501652e+00
5.500000000000002665e-01 5.500000000000001554e-01 1.075752930043803790e+00
5.500000000000002665e-01 6.500000000000002442e-01 7.387495193936329807e-01
5.500000000000002665e-01 7.500000000000003331e-01 1.201071415584724411e+00
5.500000000000002665e-01 8.500000000000001998e-01 2.132641363518032573e+00
5.500000000000002665e-01 9.500000000000002887e-01 6.074181571447524242e+00
6.500000000000003553e-01 -9.499999999999998446e-01 2.445448678448794322e+00
6.500000000000003553e-01 -8.499999999999998668e-01 1.080574413030047642e+00
6.500000000000003553e-01 -7.499999999999997780e-01 7.615875015024563544e-01
6.500000000000003553e-01 -6.499999999999998002e-01 9.225176131256406231e-01
6.500000000000003553e-01 -5.499999999999998224e-01 8.369442282412963285e-01
6.500000000000003553e-01 -4.499999999999998446e-01 1.154527040742692412e+00
6.500000000000003553e-01 -3.499999999999997558e-01 1.916350608012127976e+00
6.500000000000003553e-01 -2.499999999999997780e-01 1.167048358720625734e+00
6.500000000000003553e-01 -1.499999999999998002e-01 1.511385683279589109e+00
6.500000000000003553e-01 -4.999999999999982236e-02 1.901868888789650214e+00
6.500000000000003553e-01 5.000000000000015543e-02 2.103602442777283699e+00
6.500000000000003553e-01 1.500000000000002442e-01 1.150774778620960337e+00
6.500000000000003553e-01 2.500000000000003331e-01 8.831439128516520576e-01
6.500000000000003553e-01 3.500000000000001998e-01 2.272243663688620519e+00
6.500000000000003553e-01 4.500000000000002887e-01 7.084256992348965110e-01
6.500000000000003553e-01 5.500000000000001554e-01 1.301883198618383419e+00
6.500000000000003553e-01 6.500000000000002442e-01 1.050363467191699485e+00
6.500000000000003553e-01 7.500000000000003331e-01 1.516106272666476018e+00
6.500000000000003553e-01 8.500000000000001998e-01 1.458480863019454343e+00
6.500000000000003553e-01 9.500000000000002887e-01 2.539075336914472292e+00
7.500000000000004441e-01 -9.499999999999998446e-01 7.669420258972731164e-01
7.500000000000004441e-01 -8.499999999999998668e-01 1.421217818346654393e+00
7.500000000000004441e-01 -7.499999999999997780e-01 1.080747789890634136e+00
7.500000000000004441e-01 -6.499999999999998002e-01 1.045603437011323411e+00
7.500000000000004441e-01 -5.499999999999998224e-01 1.227013059944938256e+00
7.500000000000004441e-01 -4.499999999999998446e-01 1.386326501598289296e+00
7.500000000000004441e-01 -3.499999999999997558e-01 9.715558258944826386e-01
7.500000000000004441e-01 -2.499999999999997780e-01 6.532297486044997825e-01
7.500000000000004441e-01 -1.499999999999998002e-01 7.778646497283696615e-01
7.500000000000004441e-01 -4.999999999999982236e-02 1.390500179521731106e+00
7.500000000000004441e-01 5.000000000000015543e-02 6.599399070134702727e-01
7.500000000000004441e-01 1.500000000000002442e-01 9.233972000548277270e-01
7.500000000000004441e-01 2.500000000000003331e-01 5.330778325951999186e-01
7.500000000000004441e-01 3.500000000000001998e-01 1.037766139032607171e+00
7.500000000000004441e-01 4.500000000000002887e-01 1.605499520720920836e+00
7.500000000000004441e-01 5.500000000000001554e-01 1.341185767016077168e+00
7.500000000000004441e-01 6.500000000000002442e-01 6.286626540827273679e-01
7.500000000000004441e-01 7.500000000000003331e-01 7.996340115442037710e-01
7.500000000000004441e-01 8.500000000000001998e-01 9.925038548597863164e-01
7.500000000000004441e-01 9.500000000000002887e-01 6.673852164251221630e-01
8.500000000000003109e-01 -9.499999999999998446e-01 8.518661251260650769e-01
8.500000000000003109e-01 -8.499999999999998668e-01 5.553266010806821029e-01
8.500000000000003109e-01 -7.499999999999997780e-01 4.677375194942266501e-01
8.500000000000003109e-01 -6.499999999999998002e-01 4.311799073234985347e-01
8.500000000000003109e-01 -5.499999999999998224e-01 1.093944668203279402e+00
8.500000000000003109e-01 -4.499999999999998446e-01 1.780861006182479001e+00
8.500000000000003109e-01 -3.499999999999997558e-01 4.186301495864549471e-01
8.500000000000003109e-01 -2.499999999999997780e-01 4.003395452276592992e-01
8.500000000000003109e-01 -1.499999999999998002e-01 4.006460865985516651e-01
8.500000000000003109e-01 -4.999999999999982236e-02 7.551111551639668740e-01
8.500000000000003109e-01 5.000000000000015543e-02 7.955316672967007730e-01
8.500000000000003109e-01 1.500000000000002442e-01 4.686639766537205598e-01
8.500000000000003109e-01 2.500000000000003331e-01 4.570312508578243116e-01
8.500000000000003109e-01 3.500000000000001998e-01 4.592413652072836472e-01
8.500000000000003109e-01 4.500000000000002887e-01 1.188838973123987897e+00
8.500000000000003109e-01 5.500000000000001554e-01 1.372049007504090534e+00
8.500000000000003109e-01 6.500000000000002442e-01 4.634369386195688612e-01
8.500000000000003109e-01 7.500000000000003331e-01 4.049464995521934174e-01
8.500000000000003109e-01 8.500000000000001998e-01 4.143578955586696977e-01
8.500000000000003109e-01 9.500000000000002887e-01 8.438785505744073046e-01
9.500000000000003997e-01 -9.499999999999998446e-01 1.065292911109554819e+00
9.500000000000003997e-01 -8.499999999999998668e-01 9.130162581709759806e-01
9.500000000000003997e-01 -7.499999999999997780e-01 3.939170332430504962e-01
9.500000000000003997e-01 -6.499999999999998002e-01 8.770119064099579642e-01
9.500000000000003997e-01 -5.499999999999998224e-01 1.179326302267343918e+00
9.500000000000003997e-01 -4.499999999999998446e-01 1.077913003011367055e+00
9.500000000000003997e-01 -3.499999999999997558e-01 1.291705380436549699e+00
9.500000000000003997e-01 -2.499999999999997780e-01 9.348327398471214522e-01
9.500000000000003997e-01 -1.499999999999998002e-01 6.001486431442841774e-01
9.500000000000003997e-01 -4.999999999999982236e-02 7.079949387474481215e-01
9.500000000000003997e-01 5.000000000000015543e-02 6.037575943281673352e-01
9.500000000000003997e-01 1.500000000000002442e-01 6.612754716130719856e-01
9.500000000000003997e-01 2.500000000000003331e-01 1.053943229054416175e+00
9.500000000000003997e-01 3.500000000000001998e-01 1.272588937862937808e+00
9.500000000000003997e-01 4.500000000000002887e-01 1.552948726501816257e+00
9.500000000000003997e-01 5.500000000000001554e-01 1.208612319376993982e+00
9.500000000000003997e-01 6.500000000000002442e-01 5.860986398333385416e-01
9.500000000000003997e-01 7.500000000000003331e-01 3.420209047233835342e-01
9.500000000000003997e-01 8.500000000000001998e-01 8.311758036407403960e-01
9.500000000000003997e-01 9.500000000000002887e-01 7.521164457383651136e-01
