-9.499999999999997335e-01 -9.499999999999998446e-01 6.308127514356757226e-01
-9.499999999999997335e-01 -8.499999999999998668e-01 3.555860770669630466e-01
-9.499999999999997335e-01 -7.499999999999997780e-01 5.713837920510400625e-01
-9.499999999999997335e-01 -6.499999999999998002e-01 8.816498631851431567e-01
-9.499999999999997335e-01 -5.499999999999998224e-01 6.356797280616738322e-01
-9.499999999999997335e-01 -4.499999999999998446e-01 1.120480963806612662e+00
-9.499999999999997335e-01 -3.499999999999997558e-01 7.499527527334357568e-01
-9.499999999999997335e-01 -2.499999999999997780e-01 6.350959758197386451e-01
-9.499999999999997335e-01 -1.499999999999998002e-01 4.706170006786476456e-01
-9.499999999999997335e-01 -4.999999999999982236e-02 7.619307241619825977e-01
-9.499999999999997335e-01 5.000000000000015543e-02 7.050941603879097297e-01
-9.499999999999997335e-01 1.500000000000002442e-01 5.693621298423987565e-01
-9.499999999999997335e-01 2.500000000000003331e-01 1.179093134306121060e+00
-9.499999999999997335e-01 3.500000000000001998e-01 1.154888477107168354e+00
-9.499999999999997335e-01 4.500000000000002887e-01 8.636239573177428852e-01
-9.499999999999997335e-01 5.500000000000001554e-01 5.849472218724772743e-01
-9.499999999999997335e-01 6.500000000000002442e-01 9.152066119731340210e-01
-9.499999999999997335e-01 7.500000000000003331e-01 3.899907382057860028e-01
-9.499999999999997335e-01 8.500000000000001998e-01 3.481189897658127363e-01
-9.499999999999997335e-01 9.500000000000002887e-01 9.277666647242420739e-01
-8.499999999999997558e-01 -9.499999999999998446e-01 5.563780006934857525e-01
-8.499999999999997558e-01 -8.499999999999998668e-01 4.336542371832745602e-01
-8.499999999999997558e-01 -7.499999999999997780e-01 4.732313352010099616e-01
-8.499999999999997558e-01 -6.499999999999998002e-01 1.269625842038670127e+00
-8.499999999999997558e-01 -5.499999999999998224e-01 6.136863874672016106e-01
-8.499999999999997558e-01 -4.499999999999998446e-01 7.383098864041658382e-01
-8.499999999999997558e-01 -3.499999999999997558e-01 8.351110137329083027e-01
-8.499999999999997558e-01 -2.499999999999997780e-01 3.262314282510924701e-01
-8.499999999999997558e-01 -1.499999999999998002e-01 5.407086865760637462e-01
-8.499999999999997558e-01 -4.999999999999982236e-02 7.137858368613512194e-01
-8.499999999999997558e-01 5.000000000000015543e-02 9.872724508304326907e-01
-8.499999999999997558e-01 1.500000000000002442e-01 4.542886359628868775e-01
-8.499999999999997558e-01 2.500000000000003331e-01 4.825852400456520086e-01
-8.499999999999997558e-01 3.500000000000001998e-01 9.238061055709564373e-01
-8.499999999999997558e-01 4.500000000000002887e-01 6.130746107890684415e-01
-8.499999999999997558e-01 5.500000000000001554e-01 6.597989169515124930e-01
-8.499999999999997558e-01 6.500000000000002442e-01 1.801900539707012472e+00
-8.499999999999997558e-01 7.500000000000003331e-01 4.468425776968426577e-01
-8.499999999999997558e-01 8.500000000000001998e-01 4.631927721306584034e-01
-8.499999999999997558e-01 9.500000000000002887e-01 5.825180925520844211e-01
-7.499999999999997780e-01 -9.499999999999998446e-01 8.865895601959128403e-01
-7.499999999999997780e-01 -8.499999999999998668e-01 1.091257544326876161e+00
-7.499999999999997780e-01 -7.499999999999997780e-01 9.564931121963109462e-01
-7.499999999999997780e-01 -6.499999999999998002e-01 8.717226014426165959e-01
-7.499999999999997780e-01 -5.499999999999998224e-01 1.060724697438965247e+00
-7.499999999999997780e-01 -4.499999999999998446e-01 9.480255397705614762e-01
-7.499999999999997780e-01 -3.499999999999997558e-01 1.037206753155994754e+00
-7.499999999999997780e-01 -2.499999999999997780e-01 5.204609062424315757e-01
-7.499999999999997780e-01 -1.499999999999998002e-01 7.936644267831635124e-01
-7.499999999999997780e-01 -4.999999999999982236e-02 8.419419526192225556e-01
-7.499999999999997780e-01 5.000000000000015543e-02 1.434634051690555800e+00
-7.499999999999997780e-01 1.500000000000002442e-01 4.535006347801749937e-01
-7.499999999999997780e-01 2.500000000000003331e-01 5.136310485289030670e-01
-7.499999999999997780e-01 3.500000000000001998e-01 8.764536401067182236e-01
-7.499999999999997780e-01 4.500000000000002887e-01 8.986220281862058457e-01
-7.499999999999997780e-01 5.500000000000001554e-01 1.101429288368524384e+00
-7.499999999999997780e-01 6.500000000000002442e-01 1.721677251773457096e+00
-7.499999999999997780e-01 7.500000000000003331e-01 7.530594497181062330e-01
-7.499999999999997780e-01 8.500000000000001998e-01 7.246271514732767205e-01
-7.499999999999997780e-01 9.500000000000002887e-01 7.080494986063553542e-01
-6.499999999999996891e-01 -9.499999999999998446e-01 2.092535123755361326e+00
-6.499999999999996891e-01 -8.499999999999998668e-01 1.297124087974144135e+00
-6.499999999999996891e-01 -7.499999999999997780e-01 9.247381233213735063e-01
-6.499999999999996891e-01 -6.499999999999998002e-01 5.435192121503281681e-01
-6.499999999999996891e-01 -5.499999999999998224e-01 1.198125978620699028e+00
-6.499999999999996891e-01 -4.499999999999998446e-01 1.277636879601443010e+00
-6.499999999999996891e-01 -3.499999999999997558e-01 2.448014938276957153e+00
-6.499999999999996891e-01 -2.499999999999997780e-01 1.751262054126796031e+00
-6.499999999999996891e-01 -1.499999999999998002e-01 1.404645271448991650e+00
-6.499999999999996891e-01 -4.999999999999982236e-02 1.217444263542134308e+00
-6.499999999999996891e-01 5.000000000000015543e-02 1.010648843685590714e+00
-6.499999999999996891e-01 1.500000000000002442e-01 1.390859927483212743e+00
-6.499999999999996891e-01 2.500000000000003331e-01 1.839425385166519877e+00
-6.499999999999996891e-01 3.500000000000001998e-01 1.818926613111539137e+00
-6.499999999999996891e-01 4.500000000000002887e-01 1.563211949848105631e+00
-6.499999999999996891e-01 5.500000000000001554e-01 8.721630469328238711e-01
-6.499999999999996891e-01 6.500000000000002442e-01 5.953615527399551688e-01
-6.499999999999996891e-01 7.500000000000003331e-01 1.091320225610609151e+00
-6.499999999999996891e-01 8.500000000000001998e-01 1.838272518237977771e+00
-6.499999999999996891e-01 9.500000000000002887e-01 2.738773794591812916e+00
-5.499999999999997113e-01 -9.499999999999998446e-01 3.175085282755326421e+00
-5.499999999999997113e-01 -8.499999999999998668e-01 1.421691999743766699e+00
-5.499999999999997113e-01 -7.499999999999997780e-01 6.023091383463012871e-01
-5.499999999999997113e-01 -6.499999999999998002e-01 4.649139491155785398e-01
-5.499999999999997113e-01 -5.499999999999998224e-01 6.158651503366029401e-01
-5.499999999999997113e-01 -4.499999999999998446e-01 2.370582383619278311e+00
-5.499999999999997113e-01 -3.499999999999997558e-01 3.470423610796075753e+00
-5.499999999999997113e-01 -2.499999999999997780e-01 1.572126171913279524e+00
-5.499999999999997113e-01 -1.499999999999998002e-01 1.733487474410152496e+00
-5.499999999999997113e-01 -4.999999999999982236e-02 1.149376147101359491e+00
-5.499999999999997113e-01 5.000000000000015543e-02 1.130370855422699883e+00
-5.499999999999997113e-01 1.500000000000002442e-01 1.331330098823335861e+00
-5.499999999999997113e-01 2.500000000000003331e-01 2.084119517148080192e+00
-5.499999999999997113e-01 3.500000000000001998e-01 2.585220718364558135e+00
-5.499999999999997113e-01 4.500000000000002887e-01 1.854827145049161574e+00
-5.499999999999997113e-01 5.500000000000001554e-01 5.184461228944253763e-01
-5.499999999999997113e-01 6.500000000000002442e-01 6.343647023585907707e-01
-5.499999999999997113e-01 7.500000000000003331e-01 9.162453387833849883e-01
-5.499999999999997113e-01 8.500000000000001998e-01 1.676430296030251954e+00
-5.499999999999997113e-01 9.500000000000002887e-01 4.676375423324300229e+00
-4.499999999999997335e-01 -9.499999999999998446e-01 1.548240313428120185e+00
-4.499999999999997335e-01 -8.499999999999998668e-01 1.027096541365081217e+00
-4.499999999999997335e-01 -7.499999999999997780e-01 1.188783468669715404e+00
-4.499999999999997335e-01 -6.499999999999998002e-01 7.895531189788620452e-01
-4.499999999999997335e-01 -5.499999999999998224e-01 1.384356110454509903e+00
-4.499999999999997335e-01 -4.499999999999998446e-01 9.217633447271970093e-01
-4.499999999999997335e-01 -3.499999999999997558e-01 8.997109993119670746e-01
-4.499999999999997335e-01 -2.499999999999997780e-01 7.996863383190163654e-01
-4.499999999999997335e-01 -1.499999999999998002e-01 1.520212892886202427e+00
-4.499999999999997335e-01 -4.999999999999982236e-02 2.746530027357849235e+00
-4.499999999999997335e-01 5.000000000000015543e-02 1.836497528779316601e+00
-4.499999999999997335e-01 1.500000000000002442e-01 1.739489350618082408e+00
-4.499999999999997335e-01 2.500000000000003331e-01 8.098619797624682093e-01
-4.499999999999997335e-01 3.500000000000001998e-01 8.586279847978862678e-01
-4.499999999999997335e-01 4.500000000000002887e-01 1.318527830858953864e+00
-4.499999999999997335e-01 5.500000000000001554e-01 1.891197432214325902e+00
-4.499999999999997335e-01 6.500000000000002442e-01 9.189718174315251176e-01
-4.499999999999997335e-01 7.500000000000003331e-01 1.171056593793035061e+00
-4.499999999999997335e-01 8.500000000000001998e-01 9.691246913525957130e-01
-4.499999999999997335e-01 9.500000000000002887e-01 8.716347233982503218e-01
-3.499999999999996447e-01 -9.499999999999998446e-01 6.446116419550353971e-01
-3.499999999999996447e-01 -8.499999999999998668e-01 4.715944768870123371e-01
-3.499999999999996447e-01 -7.499999999999997780e-01 8.622323277953273246e-01
-3.499999999999996447e-01 -6.499999999999998002e-01 1.322485216988286361e+00
-3.499999999999996447e-01 -5.499999999999998224e-01 8.070687239180576178e-01
-3.499999999999996447e-01 -4.499999999999998446e-01 6.095735879942028035e-01
-3.499999999999996447e-01 -3.499999999999997558e-01 9.981088644561487699e-01
-3.499999999999996447e-01 -2.499999999999997780e-01 4.215773269945193857e-01
-3.499999999999996447e-01 -1.499999999999998002e-01 3.482623805703695119e-01
-3.499999999999996447e-01 -4.999999999999982236e-02 7.745974897180574192e-01
-3.499999999999996447e-01 5.000000000000015543e-02 5.967297057834245466e-01
-3.499999999999996447e-01 1.500000000000002442e-01 3.546216484155712556e-01
-3.499999999999996447e-01 2.500000000000003331e-01 5.965738427400366639e-01
-3.499999999999996447e-01 3.500000000000001998e-01 1.151564471336459672e+00
-3.499999999999996447e-01 4.500000000000002887e-01 5.887129712890157851e-01
-3.499999999999996447e-01 5.500000000000001554e-01 8.252024930959548366e-01
-3.499999999999996447e-01 6.500000000000002442e-01 1.239107461650550190e+00
-3.499999999999996447e-01 7.500000000000003331e-01 4.842722718106612922e-01
-3.499999999999996447e-01 8.500000000000001998e-01 3.644561966564471289e-01
-3.499999999999996447e-01 9.500000000000002887e-01 5.626412154602011828e-01
-2.499999999999996669e-01 -9.499999999999998446e-01 1.011244143833113007e+00
-2.499999999999996669e-01 -8.499999999999998668e-01 4.226722890245752096e-01
-2.499999999999996669e-01 -7.499999999999997780e-01 4.918615669113505784e-01
-2.499999999999996669e-01 -6.499999999999998002e-01 8.742238895229534901e-01
-2.499999999999996669e-01 -5.499999999999998224e-01 6.037222789336208484e-01
-2.499999999999996669e-01 -4.499999999999998446e-01 7.361539654346408446e-01
-2.499999999999996669e-01 -3.499999999999997558e-01 1.315153845033202096e+00
-2.499999999999996669e-01 -2.499999999999997780e-01 4.038090483162325994e-01
-2.499999999999996669e-01 -1.499999999999998002e-01 4.871045996352468821e-01
-2.499999999999996669e-01 -4.999999999999982236e-02 4.421158065278685267e-01
-2.499999999999996669e-01 5.000000000000015543e-02 5.200330788900668910e-01
-2.499999999999996669e-01 1.500000000000002442e-01 5.000481451680339751e-01
-2.499999999999996669e-01 2.500000000000003331e-01 5.342879731769716312e-01
-2.499999999999996669e-01 3.500000000000001998e-01 1.317204323257990861e+00
-2.499999999999996669e-01 4.500000000000002887e-01 6.467808701306428931e-01
-2.499999999999996669e-01 5.500000000000001554e-01 5.238287471625435732e-01
-2.499999999999996669e-01 6.500000000000002442e-01 1.151115793192162062e+00
-2.499999999999996669e-01 7.500000000000003331e-01 3.798643649195944105e-01
-2.499999999999996669e-01 8.500000000000001998e-01 4.247986428509876733e-01
-2.499999999999996669e-01 9.500000000000002887e-01 7.862667125557745162e-01
-1.499999999999996891e-01 -9.499999999999998446e-01 1.436572805513784301e+00
-1.499999999999996891e-01 -8.499999999999998668e-01 1.033232587212064235e+00
-1.499999999999996891e-01 -7.499999999999997780e-01 5.843858910871845280e-01
-1.499999999999996891e-01 -6.499999999999998002e-01 7.736666645125128694e-01
-1.499999999999996891e-01 -5.499999999999998224e-01 7.571974929026936696e-01
-1.499999999999996891e-01 -4.499999999999998446e-01 2.145858771797142239e+00
-1.499999999999996891e-01 -3.499999999999997558e-01 1.051267230955680976e+00
-1.499999999999996891e-01 -2.499999999999997780e-01 6.762165691915636989e-01
-1.499999999999996891e-01 -1.499999999999998002e-01 1.129308701844635499e+00
-1.499999999999996891e-01 -4.999999999999982236e-02 7.339174184400154566e-01
-1.499999999999996891e-01 5.000000000000015543e-02 8.516335034989384045e-01
-1.499999999999996891e-01 1.500000000000002442e-01 1.045076694311155130e+00
-1.499999999999996891e-01 2.500000000000003331e-01 5.781679918025603993e-01
-1.499999999999996891e-01 3.500000000000001998e-01 4.814960247705988849e-01
-1.499999999999996891e-01 4.500000000000002887e-01 1.592236844836511622e+00
-1.499999999999996891e-01 5.500000000000001554e-01 9.139517659339253530e-01
-1.499999999999996891e-01 6.500000000000002442e-01 8.151544162254166226e-01
-1.499999999999996891e-01 7.500000000000003331e-01 6.157673282732860631e-01
-1.499999999999996891e-01 8.500000000000001998e-01 1.372280923306958167e+00
-1.499999999999996891e-01 9.500000000000002887e-01 1.888013755939906391e+00
-4.999999999999971134e-02 -9.499999999999998446e-01 1.038167485436176207e+00
-4.999999999999971134e-02 -8.499999999999998668e-01 1.412982910490472976e+00
-4.999999999999971134e-02 -7.499999999999997780e-01 2.436938704744496142e+00
-4.999999999999971134e-02 -6.499999999999998002e-01 1.983659797262032676e+00
-4.999999999999971134e-02 -5.499999999999998224e-01 1.955334303938224716e+00
-4.999999999999971134e-02 -4.499999999999998446e-01 6.472214979271880830e-01
-4.999999999999971134e-02 -3.499999999999997558e-01 5.715095859951369039e-01
-4.999999999999971134e-02 -2.499999999999997780e-01 1.044652366145664368e+00
-4.999999999999971134e-02 -1.499999999999998002e-01 1.591112512457760086e+00
-4.999999999999971134e-02 -4.999999999999982236e-02 2.781508741669000973e+00
-4.999999999999971134e-02 5.000000000000015543e-02 2.303899351632414216e+00
-4.999999999999971134e-02 1.500000000000002442e-01 1.296496936017033530e+00
-4.999999999999971134e-02 2.500000000000003331e-01 5.949081284621738908e-01
-4.999999999999971134e-02 3.500000000000001998e-01 5.278291113531878853e-01
-4.999999999999971134e-02 4.500000000000002887e-01 6.778176672311089224e-01
-4.999999999999971134e-02 5.500000000000001554e-01 1.688643588831608255e+00
-4.999999999999971134e-02 6.500000000000002442e-01 2.777547682333433521e+00
-4.999999999999971134e-02 7.500000000000003331e-01 1.437373213533306826e+00
-4.999999999999971134e-02 8.500000000000001998e-01 1.571353079941972375e+00
-4.999999999999971134e-02 9.500000000000002887e-01 1.265697646518876507e+00
5.000000000000026645e-02 -9.499999999999998446e-01 1.107917445308914450e+00
5.000000000000026645e-02 -8.499999999999998668e-01 1.484855923117788690e+00
5.000000000000026645e-02 -7.499999999999997780e-01 2.384272905467075709e+00
5.000000000000026645e-02 -6.499999999999998002e-01 1.956773250608514703e+00
5.000000000000026645e-02 -5.499999999999998224e-01 2.364721231952116920e+00
5.000000000000026645e-02 -4.499999999999998446e-01 6.825297302292394619e-01
5.000000000000026645e-02 -3.499999999999997558e-01 5.591251451892059743e-01
5.000000000000026645e-02 -2.499999999999997780e-01 1.080803161577243765e+00
5.000000000000026645e-02 -1.499999999999998002e-01 1.635626891027707641e+00
5.000000000000026645e-02 -4.999999999999982236e-02 2.310588112251821702e+00
5.000000000000026645e-02 5.000000000000015543e-02 2.666035942437154471e+00
5.000000000000026645e-02 1.500000000000002442e-01 1.188122878746704414e+00
5.000000000000026645e-02 2.500000000000003331e-01 7.364894741455524363e-01
5.000000000000026645e-02 3.500000000000001998e-01 5.030197826937061745e-01
5.000000000000026645e-02 4.500000000000002887e-01 7.242239638480307828e-01
5.000000000000026645e-02 5.500000000000001554e-01 2.565585338327398546e+00
5.000000000000026645e-02 6.500000000000002442e-01 2.714818019780820268e+00
5.000000000000026645e-02 7.500000000000003331e-01 1.670254814651215725e+00
5.000000000000026645e-02 8.500000000000001998e-01 1.312133718748836220e+00
5.000000000000026645e-02 9.500000000000002887e-01 9.042724712738924309e-01
1.500000000000003553e-01 -9.499999999999998446e-01 1.564533888115371862e+00
1.500000000000003553e-01 -8.499999999999998668e-01 1.091728348148123917e+00
1.500000000000003553e-01 -7.499999999999997780e-01 6.407420834782883157e-01
1.500000000000003553e-01 -6.499999999999998002e-01 8.635640413559481088e-01
1.500000000000003553e-01 -5.499999999999998224e-01 9.031124480298655666e-01
1.500000000000003553e-01 -4.499999999999998446e-01 1.946159666576202429e+00
1.500000000000003553e-01 -3.499999999999997558e-01 9.864982506709090160e-01
1.500000000000003553e-01 -2.499999999999997780e-01 7.123353093400782710e-01
1.500000000000003553e-01 -1.499999999999998002e-01 8.357995378816351906e-01
1.500000000000003553e-01 -4.999999999999982236e-02 9.024783181107214336e-01
1.500000000000003553e-01 5.000000000000015543e-02 8.812658630847087782e-01
1.500000000000003553e-01 1.500000000000002442e-01 1.039058244500487227e+00
1.500000000000003553e-01 2.500000000000003331e-01 1.215846842976058273e+00
1.500000000000003553e-01 3.500000000000001998e-01 9.786426357416098121e-01
1.500000000000003553e-01 4.500000000000002887e-01 1.466337687887282026e+00
1.500000000000003553e-01 5.500000000000001554e-01 7.707218605785534082e-01
1.500000000000003553e-01 6.500000000000002442e-01 7.012387763984975209e-01
1.500000000000003553e-01 7.500000000000003331e-01 6.946972843202724457e-01
1.500000000000003553e-01 8.500000000000001998e-01 1.275372055847010966e+00
1.500000000000003553e-01 9.500000000000002887e-01 2.049214575394576521e+00
2.500000000000004441e-01 -9.499999999999998446e-01 9.263747029042811443e-01
2.500000000000004441e-01 -8.499999999999998668e-01 3.939827324763013339e-01
2.500000000000004441e-01 -7.499999999999997780e-01 5.257258231293118200e-01
2.500000000000004441e-01 -6.499999999999998002e-01 1.159402639552330472e+00
2.500000000000004441e-01 -5.499999999999998224e-01 6.695065650982885419e-01
2.500000000000004441e-01 -4.499999999999998446e-01 7.005955478946069848e-01
2.500000000000004441e-01 -3.499999999999997558e-01 1.317841731230692481e+00
2.500000000000004441e-01 -2.499999999999997780e-01 3.903602719654269415e-01
2.500000000000004441e-01 -1.499999999999998002e-01 3.081004582867410968e-01
2.500000000000004441e-01 -4.999999999999982236e-02 4.757568278841738385e-01
2.500000000000004441e-01 5.000000000000015543e-02 6.140995887635580797e-01
2.500000000000004441e-01 1.500000000000002442e-01 4.472631477763484575e-01
2.500000000000004441e-01 2.500000000000003331e-01 5.364635131302731841e-01
2.500000000000004441e-01 3.500000000000001998e-01 1.295811262472080339e+00
2.500000000000004441e-01 4.500000000000002887e-01 8.226028433993151090e-01
2.500000000000004441e-01 5.500000000000001554e-01 6.579087354375423580e-01
2.500000000000004441e-01 6.500000000000002442e-01 1.031797898572603067e+00
2.500000000000004441e-01 7.500000000000003331e-01 5.450915417484154535e-01
2.500000000000004441e-01 8.500000000000001998e-01 3.839282424782739511e-01
2.500000000000004441e-01 9.500000000000002887e-01 1.059377833216015308e+00
3.500000000000003109e-01 -9.499999999999998446e-01 5.507927968935911744e-01
3.500000000000003109e-01 -8.499999999999998668e-01 4.594307738238090910e-01
3.500000000000003109e-01 -7.499999999999997780e-01 8.936857920403190603e-01
3.500000000000003109e-01 -6.499999999999998002e-01 1.706668301232202367e+00
3.500000000000003109e-01 -5.499999999999998224e-01 9.736019928167376492e-01
3.500000000000003109e-01 -4.499999999999998446e-01 5.760825988409664644e-01
3.500000000000003109e-01 -3.499999999999997558e-01 1.031862988702173523e+00
3.500000000000003109e-01 -2.499999999999997780e-01 5.972963779055382449e-01
3.500000000000003109e-01 -1.499999999999998002e-01 3.951992459674526503e-01
3.500000000000003109e-01 -4.999999999999982236e-02 6.175754703327546169e-01
3.500000000000003109e-01 5.000000000000015543e-02 8.853280885432824876e-01
3.500000000000003109e-01 1.500000000000002442e-01 3.812298777873004418e-01
3.500000000000003109e-01 2.500000000000003331e-01 5.680937404952709491e-01
3.500000000000003109e-01 3.500000000000001998e-01 9.614319571785396867e-01
3.500000000000003109e-01 4.500000000000002887e-01 6.441076909437151166e-01
3.500000000000003109e-01 5.500000000000001554e-01 8.911790424691796719e-01
3.500000000000003109e-01 6.500000000000002442e-01 1.145052000996322539e+00
3.500000000000003109e-01 7.500000000000003331e-01 7.398828814087571315e-01
3.500000000000003109e-01 8.500000000000001998e-01 5.285618326864813810e-01
3.500000000000003109e-01 9.500000000000002887e-01 5.823962497920673886e-01
4.500000000000003997e-01 -9.499999999999998446e-01 1.097195309094884275e+00
4.500000000000003997e-01 -8.499999999999998668e-01 8.392234915439399368e-01
4.500000000000003997e-01 -7.499999999999997780e-01 1.052455833912847805e+00
4.500000000000003997e-01 -6.499999999999998002e-01 5.574654142413011382e-01
4.500000000000003997e-01 -5.499999999999998224e-01 1.245594411335218421e+00
4.500000000000003997e-01 -4.499999999999998446e-01 1.080863150927293237e+00
4.500000000000003997e-01 -3.499999999999997558e-01 1.011814616629341801e+00
4.500000000000003997e-01 -2.499999999999997780e-01 8.611451527766678105e-01
4.500000000000003997e-01 -1.499999999999998002e-01 1.524940840271542308e+00
4.500000000000003997e-01 -4.999999999999982236e-02 2.514676500898341160e+00
4.500000000000003997e-01 5.000000000000015543e-02 1.696907672836999392e+00
4.500000000000003997e-01 1.500000000000002442e-01 1.546529225499579718e+00
4.500000000000003997e-01 2.500000000000003331e-01 8.252080611267552657e-01
4.500000000000003997e-01 3.500000000000001998e-01 8.783912588365251350e-01
4.500000000000003997e-01 4.500000000000002887e-01 1.010812490721648915e+00
4.500000000000003997e-01 5.500000000000001554e-01 1.856842360880756049e+00
4.500000000000003997e-01 6.500000000000002442e-01 9.190458452183466465e-01
4.500000000000003997e-01 7.500000000000003331e-01 8.564665309290290240e-01
4.500000000000003997e-01 8.500000000000001998e-01 1.171406321600691136e+00
4.500000000000003997e-01 9.500000000000002887e-01 1.053533883292787854e+00
5.500000000000002665e-01 -9.499999999999998446e-01 3.383847664879446882e+00
5.500000000000002665e-01 -8.499999999999998668e-01 1.178421802960092357e+00
5.500000000000002665e-01 -7.499999999999997780e-01 5.468760239347312258e-01
5.500000000000002665e-01 -6.499999999999998002e-01 4.847126935832807848e-01
5.500000000000002665e-01 -5.499999999999998224e-01 6.070115158760227558e-01
5.500000000000002665e-01 -4.499999999999998446e-01 2.272398963254852244e+00
5.500000000000002665e-01 -3.499999999999997558e-01 3.779854015634489084e+00
5.500000000000002665e-01 -2.499999999999997780e-01 1.415868498370410178e+00
5.500000000000002665e-01 -1.499999999999998002e-01 1.494271301754247938e+00
5.500000000000002665e-01 -4.999999999999982236e-02 1.268768747457798440e+00
5.500000000000002665e-01 5.000000000000015543e-02 1.175085190227305176e+00
5.500000000000002665e-01 1.500000000000002442e-01 1.209167255711014022e+00
5.500000000000002665e-01 2.500000000000003331e-01 2.093120462047387775e+00
5.500000000000002665e-01 3.500000000000001998e-01 2.305409281870130833e+00
5.500000000000002665e-01 4.500000000000002887e-01 1.821972471971271768e+00
5.500000000000002665e-01 5.500000000000001554e-01 5.211887842245683800e-01
5.500000000000002665e-01 6.500000000000002442e-01 6.004921165695070728e-01
5.500000000000002665e-01 7.500000000000003331e-01 8.871657798555743213e-01
5.500000000000002665e-01 8.500000000000001998e-01 1.616391803974506658e+00
5.500000000000002665e-01 9.500000000000002887e-01 4.970713549786709429e+00
6.500000000000003553e-01 -9.499999999999998446e-01 2.082987648913104284e+00
6.500000000000003553e-01 -8.499999999999998668e-01 1.302528527000739400e+00
6.500000000000003553e-01 -7.499999999999997780e-01 1.098797128861413341e+00
6.500000000000003553e-01 -6.499999999999998002e-01 5.676188225727279990e-01
6.500000000000003553e-01 -5.499999999999998224e-01 1.303751097852271501e+00
6.500000000000003553e-01 -4.499999999999998446e-01 1.766623774307455985e+00
6.500000000000003553e-01 -3.499999999999997558e-01 1.839868062743562849e+00
6.500000000000003553e-01 -2.499999999999997780e-01 1.762380366117582975e+00
6.500000000000003553e-01 -1.499999999999998002e-01 1.364335653156860895e+00
6.500000000000003553e-01 -4.999999999999982236e-02 1.042020043419591424e+00
6.500000000000003553e-01 5.000000000000015543e-02 1.179002075221315282e+00
6.500000000000003553e-01 1.500000000000002442e-01 1.430623830200116187e+00
6.500000000000003553e-01 2.500000000000003331e-01 1.795591308440187994e+00
6.500000000000003553e-01 3.500000000000001998e-01 1.663621818969323929e+00
6.500000000000003553e-01 4.500000000000002887e-01 1.875853558812002664e+00
6.500000000000003553e-01 5.500000000000001554e-01 6.519441678130757367e-01
6.500000000000003553e-01 6.500000000000002442e-01 5.418474146506927491e-01
6.500000000000003553e-01 7.500000000000003331e-01 1.031716853083101126e+00
6.500000000000003553e-01 8.500000000000001998e-01 1.538438233472222416e+00
6.500000000000003553e-01 9.500000000000002887e-01 2.284362074349968630e+00
7.500000000000004441e-01 -9.499999999999998446e-01 9.766665542504751052e-01
7.500000000000004441e-01 -8.499999999999998668e-01 9.683214066907864792e-01
7.500000000000004441e-01 -7.499999999999997780e-01 1.036148385939989147e+00
7.500000000000004441e-01 -6.499999999999998002e-01 9.839470544646656824e-01
7.500000000000004441e-01 -5.499999999999998224e-01 8.582289805242053760e-01
7.500000000000004441e-01 -4.499999999999998446e-01 8.736160139311391903e-01
7.500000000000004441e-01 -3.499999999999997558e-01 7.596885414603748998e-01
7.500000000000004441e-01 -2.499999999999997780e-01 4.496357356644824499e-01
7.500000000000004441e-01 -1.499999999999998002e-01 6.431379432298114374e-01
7.500000000000004441e-01 -4.999999999999982236e-02 1.005141338643049886e+00
7.500000000000004441e-01 5.000000000000015543e-02 1.176701217618629114e+00
7.500000000000004441e-01 1.500000000000002442e-01 4.788488238562372823e-01
7.500000000000004441e-01 2.500000000000003331e-01 5.513573810493532790e-01
7.500000000000004441e-01 3.500000000000001998e-01 8.318502576625596001e-01
7.500000000000004441e-01 4.500000000000002887e-01 8.326305417498655048e-01
7.500000000000004441e-01 5.500000000000001554e-01 1.217937539686844817e+00
7.500000000000004441e-01 6.500000000000002442e-01 1.531040048949928511e+00
7.500000000000004441e-01 7.500000000000003331e-01 8.084945671069623252e-01
7.500000000000004441e-01 8.500000000000001998e-01 5.946287416039025553e-01
7.500000000000004441e-01 9.500000000000002887e-01 7.676216030990664629e-01
8.500000000000003109e-01 -9.499999999999998446e-01 5.503497076560983636e-01
8.500000000000003109e-01 -8.499999999999998668e-01 4.306274841579196822e-01
8.500000000000003109e-01 -7.499999999999997780e-01 4.152693654884315189e-01
8.500000000000003109e-01 -6.499999999999998002e-01 1.159465669269768240e+00
8.500000000000003109e-01 -5.499999999999998224e-01 6.510792059814354271e-01
8.500000000000003109e-01 -4.499999999999998446e-01 7.223770380035838823e-01
8.500000000000003109e-01 -3.499999999999997558e-01 1.091835616749655236e+00
8.500000000000003109e-01 -2.499999999999997780e-01 4.639244321280088790e-01
8.500000000000003109e-01 -1.499999999999998002e-01 3.933053568632615682e-01
8.500000000000003109e-01 -4.999999999999982236e-02 6.429404622204168973e-01
8.500000000000003109e-01 5.000000000000015543e-02 9.123356695580615572e-01
8.500000000000003109e-01 1.500000000000002442e-01 4.873421076406214136e-01
8.500000000000003109e-01 2.500000000000003331e-01 5.503333040643356711e-01
8.500000000000003109e-01 3.500000000000001998e-01 1.154127013692829440e+00
8.500000000000003109e-01 4.500000000000002887e-01 5.786519545413216781e-01
8.500000000000003109e-01 5.500000000000001554e-01 6.453111260048424169e-01
8.500000000000003109e-01 6.500000000000002442e-01 1.801370244328293069e+00
8.500000000000003109e-01 7.500000000000003331e-01 3.759824057648128992e-01
8.500000000000003109e-01 8.500000000000001998e-01 3.864973328893657190e-01
8.500000000000003109e-01 9.500000000000002887e-01 5.636325795725255494e-01
9.500000000000003997e-01 -9.499999999999998446e-01 1.031957815269383794e+00
9.500000000000003997e-01 -8.499999999999998668e-01 3.509916063795455732e-01
9.500000000000003997e-01 -7.499999999999997780e-01 5.518329884735486690e-01
9.500000000000003997e-01 -6.499999999999998002e-01 1.042120350475244095e+00
9.500000000000003997e-01 -5.499999999999998224e-01 8.141412375394078138e-01
9.500000000000003997e-01 -4.499999999999998446e-01 1.003208930423796774e+00
9.500000000000003997e-01 -3.499999999999997558e-01 7.159917801192305919e-01
9.500000000000003997e-01 -2.499999999999997780e-01 9.047405395104368697e-01
9.500000000000003997e-01 -1.499999999999998002e-01 6.281814624580708273e-01
9.500000000000003997e-01 -4.999999999999982236e-02 7.084983890551078689e-01
9.500000000000003997e-01 5.000000000000015543e-02 7.775860664019333957e-01
9.500000000000003997e-01 1.500000000000002442e-01 5.540772942242586652e-01
9.500000000000003997e-01 2.500000000000003331e-01 1.296112680238496795e+00
9.500000000000003997e-01 3.500000000000001998e-01 1.319315331854351347e+00
9.500000000000003997e-01 4.500000000000002887e-01 1.064394751967224773e+00
9.500000000000003997e-01 5.500000000000001554e-01 6.555851398057961354e-01
9.500000000000003997e-01 6.500000000000002442e-01 1.168429787605382408e+00
9.500000000000003997e-01 7.500000000000003331e-01 5.366860207266386240e-01
9.500000000000003997e-01 8.500000000000001998e-01 3.563955979838396848e-01
9.500000000000003997e-01 9.500000000000002887e-01 6.136914459740840933e-01
