-9.499999999999997335e-01 -9.499999999999998446e-01 1.002344389643109235e+00
-9.499999999999997335e-01 -8.499999999999998668e-01 7.014856989388570385e-01
-9.499999999999997335e-01 -7.499999999999997780e-01 1.475393367763486507e+00
-9.499999999999997335e-01 -6.499999999999998002e-01 1.942149590384557589e+00
-9.499999999999997335e-01 -5.499999999999998224e-01 8.793075902851582581e-01
-9.499999999999997335e-01 -4.499999999999998446e-01 1.434844767167640756e+00
-9.499999999999997335e-01 -3.499999999999997558e-01 1.607808425094045646e+00
-9.499999999999997335e-01 -2.499999999999997780e-01 6.787820488284933562e-01
-9.499999999999997335e-01 -1.499999999999998002e-01 1.067904906756088845e+00
-9.499999999999997335e-01 -4.999999999999982236e-02 1.288794482753443438e+00
-9.499999999999997335e-01 5.000000000000015543e-02 1.144242599029012597e+00
-9.499999999999997335e-01 1.500000000000002442e-01 6.889995868148455216e-01
-9.499999999999997335e-01 2.500000000000003331e-01 8.422327369729466495e-01
-9.499999999999997335e-01 3.500000000000001998e-01 2.811259113185625491e+00
-9.499999999999997335e-01 4.500000000000002887e-01 9.224153703196599219e-01
-9.499999999999997335e-01 5.500000000000001554e-01 9.124133207307927318e-01
-9.499999999999997335e-01 6.500000000000002442e-01 1.442563544717744062e+00
-9.499999999999997335e-01 7.500000000000003331e-01 1.046184097696657656e+00
-9.499999999999997335e-01 8.500000000000001998e-01 1.325011516781546383e+00
-9.499999999999997335e-01 9.500000000000002887e-01 8.898301883833662496e-01
-8.499999999999997558e-01 -9.499999999999998446e-01 9.643561491070916647e-01
-8.499999999999997558e-01 -8.499999999999998668e-01 7.834626552822436807e-01
-8.499999999999997558e-01 -7.499999999999997780e-01 1.454847343911663371e+00
-8.499999999999997558e-01 -6.499999999999998002e-01 1.567753352279510848e+00
-8.499999999999997558e-01 -5.499999999999998224e-01 1.259462950702021411e+00
-8.499999999999997558e-01 -4.499999999999998446e-01 1.555910531145376918e+00
-8.499999999999997558e-01 -3.499999999999997558e-01 2.422262388647742792e+00
-8.499999999999997558e-01 -2.499999999999997780e-01 6.791550834223504252e-01
-8.499999999999997558e-01 -1.499999999999998002e-01 6.338252727229349848e-01
-8.499999999999997558e-01 -4.999999999999982236e-02 1.050769584190514916e+00
-8.499999999999997558e-01 5.000000000000015543e-02 1.346773725984975911e+00
-8.499999999999997558e-01 1.500000000000002442e-01 6.159122146026222433e-01
-8.499999999999997558e-01 2.500000000000003331e-01 1.314388582939605588e+00
-8.499999999999997558e-01 3.500000000000001998e-01 1.600700327723946437e+00
-8.499999999999997558e-01 4.500000000000002887e-01 1.283227123634284039e+00
-8.499999999999997558e-01 5.500000000000001554e-01 1.545776900838115253e+00
-8.499999999999997558e-01 6.500000000000002442e-01 1.988016476538701172e+00
-8.499999999999997558e-01 7.500000000000003331e-01 1.130113387496257005e+00
-8.499999999999997558e-01 8.500000000000001998e-01 6.445000465348609264e-01
-8.499999999999997558e-01 9.500000000000002887e-01 1.123135208507137994e+00
-7.499999999999997780e-01 -9.499999999999998446e-01 1.414974477797295460e+00
-7.499999999999997780e-01 -8.499999999999998668e-01 7.498697769577650218e-01
-7.499999999999997780e-01 -7.499999999999997780e-01 7.235286692876593539e-01
-7.499999999999997780e-01 -6.499999999999998002e-01 1.699089344791565592e+00
-7.499999999999997780e-01 -5.499999999999998224e-01 1.396937317406798051e+00
-7.499999999999997780e-01 -4.499999999999998446e-01 1.022473992029654610e+00
-7.499999999999997780e-01 -3.499999999999997558e-01 1.593055822550117018e+00
-7.499999999999997780e-01 -2.499999999999997780e-01 2.088484977981352131e+00
-7.499999999999997780e-01 -1.499999999999998002e-01 1.912650928928874672e+00
-7.499999999999997780e-01 -4.999999999999982236e-02 1.684224081678236562e+00
-7.499999999999997780e-01 5.000000000000015543e-02 1.829798457183282601e+00
-7.499999999999997780e-01 1.500000000000002442e-01 2.404941656650245285e+00
-7.499999999999997780e-01 2.500000000000003331e-01 2.423220960368405397e+00
-7.499999999999997780e-01 3.500000000000001998e-01 1.532428481650748298e+00
-7.499999999999997780e-01 4.500000000000002887e-01 9.061629406832693023e-01
-7.499999999999997780e-01 5.500000000000001554e-01 1.481052548209143227e+00
-7.499999999999997780e-01 6.500000000000002442e-01 1.681149069117968464e+00
-7.499999999999997780e-01 7.500000000000003331e-01 9.551098211770108204e-01
-7.499999999999997780e-01 8.500000000000001998e-01 1.207367930413772328e+00
-7.499999999999997780e-01 9.500000000000002887e-01 9.616198221938642154e-01
-6.499999999999996891e-01 -9.499999999999998446e-01 2.141317228357606073e+00
-6.499999999999996891e-01 -8.499999999999998668e-01 1.321161709005839180e+00
-6.499999999999996891e-01 -7.499999999999997780e-01 9.093041575235346619e-01
-6.499999999999996891e-01 -6.499999999999998002e-01 8.176984428908140590e-01
-6.499999999999996891e-01 -5.499999999999998224e-01 1.259486871209617886e+00
-6.499999999999996891e-01 -4.499999999999998446e-01 1.610842116143773151e+00
-6.499999999999996891e-01 -3.499999999999997558e-01 1.936773204625342748e+00
-6.499999999999996891e-01 -2.499999999999997780e-01 2.776567607767289392e+00
-6.499999999999996891e-01 -1.499999999999998002e-01 1.826220894502321279e+00
-6.499999999999996891e-01 -4.999999999999982236e-02 7.023830756870281800e-01
-6.499999999999996891e-01 5.000000000000015543e-02 8.835830380757265790e-01
-6.499999999999996891e-01 1.500000000000002442e-01 1.216925662346567183e+00
-6.499999999999996891e-01 2.500000000000003331e-01 2.469188718646842862e+00
-6.499999999999996891e-01 3.500000000000001998e-01 1.917876952864450812e+00
-6.499999999999996891e-01 4.500000000000002887e-01 1.062381967766375057e+00
-6.499999999999996891e-01 5.500000000000001554e-01 1.435667693533200673e+00
-6.499999999999996891e-01 6.500000000000002442e-01 5.767096557332479501e-01
-6.499999999999996891e-01 7.500000000000003331e-01 1.147283993801645252e+00
-6.499999999999996891e-01 8.500000000000001998e-01 1.762354820332271643e+00
-6.499999999999996891e-01 9.500000000000002887e-01 2.539805385434227514e+00
-5.499999999999997113e-01 -9.499999999999998446e-01 3.583282008979290278e+00
-5.499999999999997113e-01 -8.499999999999998668e-01 1.810205248900698560e+00
-5.499999999999997113e-01 -7.499999999999997780e-01 6.694674486742812070e-01
-5.499999999999997113e-01 -6.499999999999998002e-01 5.354363057919935276e-01
-5.499999999999997113e-01 -5.499999999999998224e-01 1.153070020920613059e+00
-5.499999999999997113e-01 -4.499999999999998446e-01 2.055755166607721840e+00
-5.499999999999997113e-01 -3.499999999999997558e-01 2.355280250578018819e+00
-5.499999999999997113e-01 -2.499999999999997780e-01 3.157421707504204367e+00
-5.499999999999997113e-01 -1.499999999999998002e-01 9.337229318178679183e-01
-5.499999999999997113e-01 -4.999999999999982236e-02 1.121187370448782694e+00
-5.499999999999997113e-01 5.000000000000015543e-02 8.913130909952530212e-01
-5.499999999999997113e-01 1.500000000000002442e-01 9.679578875753996892e-01
-5.499999999999997113e-01 2.500000000000003331e-01 3.213771387790023137e+00
-5.499999999999997113e-01 3.500000000000001998e-01 2.787052806815959904e+00
-5.499999999999997113e-01 4.500000000000002887e-01 2.268027456074505732e+00
-5.499999999999997113e-01 5.500000000000001554e-01 6.097072163866924521e-01
-5.499999999999997113e-01 6.500000000000002442e-01 5.697166939865745405e-01
-5.499999999999997113e-01 7.500000000000003331e-01 8.765531498290093371e-01
-5.499999999999997113e-01 8.500000000000001998e-01 1.814342744819224418e+00
-5.499999999999997113e-01 9.500000000000002887e-01 4.528663590425584751e+00
-4.499999999999997335e-01 -9.499999999999998446e-01 1.865725188195768380e+00
-4.499999999999997335e-01 -8.499999999999998668e-01 9.108505230687216070e-01
-4.499999999999997335e-01 -7.499999999999997780e-01 9.035492299800542693e-01
-4.499999999999997335e-01 -6.499999999999998002e-01 1.158998602852622462e+00
-4.499999999999997335e-01 -5.499999999999998224e-01 1.471552885100358976e+00
-4.499999999999997335e-01 -4.499999999999998446e-01 1.508621547997106349e+00
-4.499999999999997335e-01 -3.499999999999997558e-01 1.990816981338382030e+00
-4.499999999999997335e-01 -2.499999999999997780e-01 3.180134177228872261e+00
-4.499999999999997335e-01 -1.499999999999998002e-01 1.180947780770189137e+00
-4.499999999999997335e-01 -4.999999999999982236e-02 1.252096990496178952e+00
-4.499999999999997335e-01 5.000000000000015543e-02 1.189565598269101576e+00
-4.499999999999997335e-01 1.500000000000002442e-01 1.249533616649444623e+00
-4.499999999999997335e-01 2.500000000000003331e-01 3.245467857623619334e+00
-4.499999999999997335e-01 3.500000000000001998e-01 1.392013376932232926e+00
-4.499999999999997335e-01 4.500000000000002887e-01 1.657411117420163338e+00
-4.499999999999997335e-01 5.500000000000001554e-01 1.479766363702859966e+00
-4.499999999999997335e-01 6.500000000000002442e-01 9.552417829744932476e-01
-4.499999999999997335e-01 7.500000000000003331e-01 1.040674476580197405e+00
-4.499999999999997335e-01 8.500000000000001998e-01 8.947852839678510639e-01
-4.499999999999997335e-01 9.500000000000002887e-01 1.929665140111621602e+00
-3.499999999999996447e-01 -9.499999999999998446e-01 1.247766321867819217e+00
-3.499999999999996447e-01 -8.499999999999998668e-01 8.308411870171877878e-01
-3.499999999999996447e-01 -7.499999999999997780e-01 5.294658518862934704e-01
-3.499999999999996447e-01 -6.499999999999998002e-01 2.302144354397581250e+00
-3.499999999999996447e-01 -5.499999999999998224e-01 6.413492560966466138e-01
-3.499999999999996447e-01 -4.499999999999998446e-01 1.078500575731566435e+00
-3.499999999999996447e-01 -3.499999999999997558e-01 1.278786838475856058e+00
-3.499999999999996447e-01 -2.499999999999997780e-01 1.107134741825968716e+00
-3.499999999999996447e-01 -1.499999999999998002e-01 8.331505367221416769e-01
-3.499999999999996447e-01 -4.999999999999982236e-02 7.767414030245445300e-01
-3.499999999999996447e-01 5.000000000000015543e-02 8.342581802135898839e-01
-3.499999999999996447e-01 1.500000000000002442e-01 6.847504657528812322e-01
-3.499999999999996447e-01 2.500000000000003331e-01 1.464097330336754821e+00
-3.499999999999996447e-01 3.500000000000001998e-01 1.553443893013070509e+00
-3.499999999999996447e-01 4.500000000000002887e-01 8.789142086635193252e-01
-3.499999999999996447e-01 5.500000000000001554e-01 9.691489793269643105e-01
-3.499999999999996447e-01 6.500000000000002442e-01 1.591984058108648847e+00
-3.499999999999996447e-01 7.500000000000003331e-01 7.103505271397577703e-01
-3.499999999999996447e-01 8.500000000000001998e-01 9.729338143643545544e-01
-3.499999999999996447e-01 9.500000000000002887e-01 1.201574732259102607e+00
-2.499999999999996669e-01 -9.499999999999998446e-01 9.587041271452807489e-01
-2.499999999999996669e-01 -8.499999999999998668e-01 6.825634370655074834e-01
-2.499999999999996669e-01 -7.499999999999997780e-01 1.263674066307021393e+00
-2.499999999999996669e-01 -6.499999999999998002e-01 1.713674042042333090e+00
-2.499999999999996669e-01 -5.499999999999998224e-01 1.318693950260676262e+00
-2.499999999999996669e-01 -4.499999999999998446e-01 9.648486202363910635e-01
-2.499999999999996669e-01 -3.499999999999997558e-01 1.475256567869951629e+00
-2.499999999999996669e-01 -2.499999999999997780e-01 1.107535857505144383e+00
-2.499999999999996669e-01 -1.499999999999998002e-01 7.661380639842807483e-01
-2.499999999999996669e-01 -4.999999999999982236e-02 1.426943673261051648e+00
-2.499999999999996669e-01 5.000000000000015543e-02 1.439619671011688418e+00
-2.499999999999996669e-01 1.500000000000002442e-01 8.592777036310069727e-01
-2.499999999999996669e-01 2.500000000000003331e-01 1.208556454519665202e+00
-2.499999999999996669e-01 3.500000000000001998e-01 1.382646052129866021e+00
-2.499999999999996669e-01 4.500000000000002887e-01 9.531174307265606327e-01
-2.499999999999996669e-01 5.500000000000001554e-01 1.434741798104389066e+00
-2.499999999999996669e-01 6.500000000000002442e-01 1.315800161622277198e+00
-2.499999999999996669e-01 7.500000000000003331e-01 7.142891397591806246e-01
-2.499999999999996669e-01 8.500000000000001998e-01 7.940432152298474433e-01
-2.499999999999996669e-01 9.500000000000002887e-01 7.156714596085993474e-01
-1.499999999999996891e-01 -9.499999999999998446e-01 1.181585604131003775e+00
-1.499999999999996891e-01 -8.499999999999998668e-01 1.785672354041551779e+00
-1.499999999999996891e-01 -7.499999999999997780e-01 2.408433350275774654e+00
-1.499999999999996891e-01 -6.499999999999998002e-01 1.585385561958591705e+00
-1.499999999999996891e-01 -5.499999999999998224e-01 1.646532705754337966e+00
-1.499999999999996891e-01 -4.499999999999998446e-01 1.387828079213555110e+00
-1.499999999999996891e-01 -3.499999999999997558e-01 1.003531064559559205e+00
-1.499999999999996891e-01 -2.499999999999997780e-01 1.075468012478837609e+00
-1.499999999999996891e-01 -1.499999999999998002e-01 7.404799369409688081e-01
-1.499999999999996891e-01 -4.999999999999982236e-02 1.515136916740835948e+00
-1.499999999999996891e-01 5.000000000000015543e-02 1.724908023593112905e+00
-1.499999999999996891e-01 1.500000000000002442e-01 6.167228527055907961e-01
-1.499999999999996891e-01 2.500000000000003331e-01 8.708164341064353886e-01
-1.499999999999996891e-01 3.500000000000001998e-01 1.406010885655202935e+00
-1.499999999999996891e-01 4.500000000000002887e-01 1.279941441546271319e+00
-1.499999999999996891e-01 5.500000000000001554e-01 1.228417793956835702e+00
-1.499999999999996891e-01 6.500000000000002442e-01 2.002841140542849896e+00
-1.499999999999996891e-01 7.500000000000003331e-01 2.366301459160461640e+00
-1.499999999999996891e-01 8.500000000000001998e-01 1.456099385705622584e+00
-1.499999999999996891e-01 9.500000000000002887e-01 1.390200028668275190e+00
-4.999999999999971134e-02 -9.499999999999998446e-01 7.826183702877425041e-01
-4.999999999999971134e-02 -8.499999999999998668e-01 1.192512855277742423e+00
-4.999999999999971134e-02 -7.499999999999997780e-01 2.585313047401356812e+00
-4.999999999999971134e-02 -6.499999999999998002e-01 2.277407838933586781e+00
-4.999999999999971134e-02 -5.499999999999998224e-01 1.795463918710839879e+00
-4.999999999999971134e-02 -4.499999999999998446e-01 1.067006202719928742e+00
-4.999999999999971134e-02 -3.499999999999997558e-01 5.584703121351907162e-01
-4.999999999999971134e-02 -2.499999999999997780e-01 9.971426557616589470e-01
-4.999999999999971134e-02 -1.499999999999998002e-01 1.597820275801977941e+00
-4.999999999999971134e-02 -4.999999999999982236e-02 2.132207075259924700e+00
-4.999999999999971134e-02 5.000000000000015543e-02 2.430537654610007259e+00
-4.999999999999971134e-02 1.500000000000002442e-01 1.302638396549687050e+00
-4.999999999999971134e-02 2.500000000000003331e-01 8.007882730050591702e-01
-4.999999999999971134e-02 3.500000000000001998e-01 5.984873797385906746e-01
-4.999999999999971134e-02 4.500000000000002887e-01 1.649977800410560080e+00
-4.999999999999971134e-02 5.500000000000001554e-01 2.471419945887698866e+00
-4.999999999999971134e-02 6.500000000000002442e-01 1.873343656321479811e+00
-4.999999999999971134e-02 7.500000000000003331e-01 2.577341348678981792e+00
-4.999999999999971134e-02 8.500000000000001998e-01 1.368944123638210719e+00
-4.999999999999971134e-02 9.500000000000002887e-01 7.859792309775841535e-01
5.000000000000026645e-02 -9.499999999999998446e-01 7.918950048621932192e-01
5.000000000000026645e-02 -8.499999999999998668e-01 1.321627624754521779e+00
5.000000000000026645e-02 -7.499999999999997780e-01 2.317094982369767742e+00
5.000000000000026645e-02 -6.499999999999998002e-01 2.165173775718172156e+00
5.000000000000026645e-02 -5.499999999999998224e-01 1.797932507768324362e+00
5.000000000000026645e-02 -4.499999999999998446e-01 1.082131385529297329e+00
5.000000000000026645e-02 -3.499999999999997558e-01 5.105745056293103934e-01
5.000000000000026645e-02 -2.499999999999997780e-01 9.616574961909171160e-01
5.000000000000026645e-02 -1.499999999999998002e-01 1.596938852695848343e+00
5.000000000000026645e-02 -4.999999999999982236e-02 2.312351240857800416e+00
5.000000000000026645e-02 5.000000000000015543e-02 2.259378525678476635e+00
5.000000000000026645e-02 1.500000000000002442e-01 1.262793655162297135e+00
5.000000000000026645e-02 2.500000000000003331e-01 7.792787325904925178e-01
5.000000000000026645e-02 3.500000000000001998e-01 6.066496069030318239e-01
5.000000000000026645e-02 4.500000000000002887e-01 1.645770951225690393e+00
5.000000000000026645e-02 5.500000000000001554e-01 2.484275160803594673e+00
5.000000000000026645e-02 6.500000000000002442e-01 1.973120245346758006e+00
5.000000000000026645e-02 7.500000000000003331e-01 2.590484559514228291e+00
5.000000000000026645e-02 8.500000000000001998e-01 1.285085298164088785e+00
5.000000000000026645e-02 9.500000000000002887e-01 8.351489130897574720e-01
1.500000000000003553e-01 -9.499999999999998446e-01 1.294859952643338863e+00
1.500000000000003553e-01 -8.499999999999998668e-01 1.664642708946561855e+00
1.500000000000003553e-01 -7.499999999999997780e-01 2.507450548469488449e+00
1.500000000000003553e-01 -6.499999999999998002e-01 1.511645076150854639e+00
1.500000000000003553e-01 -5.499999999999998224e-01 1.624039831006559353e+00
1.500000000000003553e-01 -4.499999999999998446e-01 1.202090778200026744e+00
1.500000000000003553e-01 -3.499999999999997558e-01 1.083281944791229634e+00
1.500000000000003553e-01 -2.499999999999997780e-01 1.074379888045696729e+00
1.500000000000003553e-01 -1.499999999999998002e-01 7.041867995108854750e-01
1.500000000000003553e-01 -4.999999999999982236e-02 1.643079589818387642e+00
1.500000000000003553e-01 5.000000000000015543e-02 1.548036722649059449e+00
1.500000000000003553e-01 1.500000000000002442e-01 7.608720177526356876e-01
1.500000000000003553e-01 2.500000000000003331e-01 8.931823648134882276e-01
1.500000000000003553e-01 3.500000000000001998e-01 1.380607849315109936e+00
1.500000000000003553e-01 4.500000000000002887e-01 1.297424229553940211e+00
1.500000000000003553e-01 5.500000000000001554e-01 1.174871334383611687e+00
1.500000000000003553e-01 6.500000000000002442e-01 1.541503424110586717e+00
1.500000000000003553e-01 7.500000000000003331e-01 2.430282764981753552e+00
1.500000000000003553e-01 8.500000000000001998e-01 1.455791989632774230e+00
1.500000000000003553e-01 9.500000000000002887e-01 1.407657935058834520e+00
2.500000000000004441e-01 -9.499999999999998446e-01 9.065122976065812521e-01
2.500000000000004441e-01 -8.499999999999998668e-01 6.425933132073239351e-01
2.500000000000004441e-01 -7.499999999999997780e-01 1.381474517931018164e+00
2.500000000000004441e-01 -6.499999999999998002e-01 1.476999046075614608e+00
2.500000000000004441e-01 -5.499999999999998224e-01 1.298255342839831572e+00
2.500000000000004441e-01 -4.499999999999998446e-01 1.045150189016032627e+00
2.500000000000004441e-01 -3.499999999999997558e-01 1.403600306480557336e+00
2.500000000000004441e-01 -2.499999999999997780e-01 1.104685018151978060e+00
2.500000000000004441e-01 -1.499999999999998002e-01 7.011657909948257883e-01
2.500000000000004441e-01 -4.999999999999982236e-02 1.563921289197080400e+00
2.500000000000004441e-01 5.000000000000015543e-02 1.403492705999977108e+00
2.500000000000004441e-01 1.500000000000002442e-01 8.908122555007279564e-01
2.500000000000004441e-01 2.500000000000003331e-01 9.218271125124980481e-01
2.500000000000004441e-01 3.500000000000001998e-01 1.174451216303247225e+00
2.500000000000004441e-01 4.500000000000002887e-01 1.064054238767795812e+00
2.500000000000004441e-01 5.500000000000001554e-01 1.443971942621870896e+00
2.500000000000004441e-01 6.500000000000002442e-01 1.512975238393789779e+00
2.500000000000004441e-01 7.500000000000003331e-01 7.842529260039251549e-01
2.500000000000004441e-01 8.500000000000001998e-01 7.447152539407991823e-01
2.500000000000004441e-01 9.500000000000002887e-01 6.774202418240978796e-01
3.500000000000003109e-01 -9.499999999999998446e-01 1.240975618688329174e+00
3.500000000000003109e-01 -8.499999999999998668e-01 9.147264026876950060e-01
3.500000000000003109e-01 -7.499999999999997780e-01 6.721285780873330618e-01
3.500000000000003109e-01 -6.499999999999998002e-01 2.203272988113471165e+00
3.500000000000003109e-01 -5.499999999999998224e-01 7.556994695542220697e-01
3.500000000000003109e-01 -4.499999999999998446e-01 1.075167723557999500e+00
3.500000000000003109e-01 -3.499999999999997558e-01 1.143677533090377452e+00
3.500000000000003109e-01 -2.499999999999997780e-01 1.006634557778264050e+00
3.500000000000003109e-01 -1.499999999999998002e-01 9.096615275483916907e-01
3.500000000000003109e-01 -4.999999999999982236e-02 7.640655348297549221e-01
3.500000000000003109e-01 5.000000000000015543e-02 9.988342240183293308e-01
3.500000000000003109e-01 1.500000000000002442e-01 7.149882777614606777e-01
3.500000000000003109e-01 2.500000000000003331e-01 1.309386917493324143e+00
3.500000000000003109e-01 3.500000000000001998e-01 1.635349503390751247e+00
3.500000000000003109e-01 4.500000000000002887e-01 8.678185756882416113e-01
3.500000000000003109e-01 5.500000000000001554e-01 1.038442084799744647e+00
3.500000000000003109e-01 6.500000000000002442e-01 1.690713696768644692e+00
3.500000000000003109e-01 7.500000000000003331e-01 6.831870464400453535e-01
3.500000000000003109e-01 8.500000000000001998e-01 9.919189504512031519e-01
3.500000000000003109e-01 9.500000000000002887e-01 9.135898159753168546e-01
4.500000000000003997e-01 -9.499999999999998446e-01 1.814017860933954118e+00
4.500000000000003997e-01 -8.499999999999998668e-01 7.976125829102522768e-01
4.500000000000003997e-01 -7.499999999999997780e-01 9.180096689972611079e-01
4.500000000000003997e-01 -6.499999999999998002e-01 1.193759275449855384e+00
4.500000000000003997e-01 -5.499999999999998224e-01 1.398722030969565822e+00
4.500000000000003997e-01 -4.499999999999998446e-01 1.506876140370828177e+00
4.500000000000003997e-01 -3.499999999999997558e-01 2.181189032058692856e+00
4.500000000000003997e-01 -2.499999999999997780e-01 3.031777295613059753e+00
4.500000000000003997e-01 -1.499999999999998002e-01 1.151690534225051410e+00
4.500000000000003997e-01 -4.999999999999982236e-02 1.286260963919980904e+00
4.500000000000003997e-01 5.000000000000015543e-02 1.040706019706573837e+00
4.500000000000003997e-01 1.500000000000002442e-01 1.295525964300483723e+00
4.500000000000003997e-01 2.500000000000003331e-01 3.131656498850127868e+00
4.500000000000003997e-01 3.500000000000001998e-01 1.449879074846674776e+00
4.500000000000003997e-01 4.500000000000002887e-01 1.655236157030333111e+00
4.500000000000003997e-01 5.500000000000001554e-01 1.523215962437811211e+00
4.500000000000003997e-01 6.500000000000002442e-01 8.914423313060212406e-01
4.500000000000003997e-01 7.500000000000003331e-01 8.389537924185913598e-01
4.500000000000003997e-01 8.500000000000001998e-01 9.226726715741134788e-01
4.500000000000003997e-01 9.500000000000002887e-01 1.885276547209844278e+00
5.500000000000002665e-01 -9.499999999999998446e-01 3.550577058995289192e+00
5.500000000000002665e-01 -8.499999999999998668e-01 1.803079125512921266e+00
5.500000000000002665e-01 -7.499999999999997780e-01 6.672712501119736350e-01
5.500000000000002665e-01 -6.499999999999998002e-01 5.468448932373071170e-01
5.500000000000002665e-01 -5.499999999999998224e-01 1.115910796817935147e+00
5.500000000000002665e-01 -4.499999999999998446e-01 2.127651547026849332e+00
5.500000000000002665e-01 -3.499999999999997558e-01 2.442257144727371099e+00
5.500000000000002665e-01 -2.499999999999997780e-01 2.995199745503354105e+00
5.500000000000002665e-01 -1.499999999999998002e-01 1.014030137144112276e+00
5.500000000000002665e-01 -4.999999999999982236e-02 1.109845261162555330e+00
5.500000000000002665e-01 5.000000000000015543e-02 9.184927832184196506e-01
5.500000000000002665e-01 1.500000000000002442e-01 9.291666827441338317e-01
5.500000000000002665e-01 2.500000000000003331e-01 3.243950575892744492e+00
5.500000000000002665e-01 3.500000000000001998e-01 2.693580759934306457e+00
5.500000000000002665e-01 4.500000000000002887e-01 2.041786620221345938e+00
5.500000000000002665e-01 5.500000000000001554e-01 5.986580429103077750e-01
5.500000000000002665e-01 6.500000000000002442e-01 6.404038764361265068e-01
5.500000000000002665e-01 7.500000000000003331e-01 8.475644947110294591e-01
5.500000000000002665e-01 8.500000000000001998e-01 1.789049988174279404e+00
5.500000000000002665e-01 9.500000000000002887e-01 4.475358282107285923e+00
6.500000000000003553e-01 -9.499999999999998446e-01 2.284744724073033417e+00
6.500000000000003553e-01 -8.499999999999998668e-01 1.309834829204418627e+00
6.500000000000003553e-01 -7.499999999999997780e-01 9.140650403844714500e-01
6.500000000000003553e-01 -6.499999999999998002e-01 8.177789037447188436e-01
6.500000000000003553e-01 -5.499999999999998224e-01 1.275909944576172794e+00
6.500000000000003553e-01 -4.499999999999998446e-01 1.696223514357338980e+00
6.500000000000003553e-01 -3.499999999999997558e-01 1.994055453774133513e+00
6.500000000000003553e-01 -2.499999999999997780e-01 2.566289967229416380e+00
6.500000000000003553e-01 -1.499999999999998002e-01 1.800081045281233250e+00
6.500000000000003553e-01 -4.999999999999982236e-02 7.327095424242628940e-01
6.500000000000003553e-01 5.000000000000015543e-02 7.107034596244251601e-01
6.500000000000003553e-01 1.500000000000002442e-01 1.268454880596905587e+00
6.500000000000003553e-01 2.500000000000003331e-01 2.388692327932126158e+00
6.500000000000003553e-01 3.500000000000001998e-01 1.805246158618797558e+00
6.500000000000003553e-01 4.500000000000002887e-01 1.090298395176197310e+00
6.500000000000003553e-01 5.500000000000001554e-01 1.528263422931808169e+00
6.500000000000003553e-01 6.500000000000002442e-01 6.100020803984883555e-01
6.500000000000003553e-01 7.500000000000003331e-01 1.155725831451344110e+00
6.500000000000003553e-01 8.500000000000001998e-01 1.775794863276936919e+00
6.500000000000003553e-01 9.500000000000002887e-01 2.598612848972270406e+00
7.500000000000004441e-01 -9.499999999999998446e-01 1.295761210474823510e+00
7.500000000000004441e-01 -8.499999999999998668e-01 6.366779311049453050e-01
7.500000000000004441e-01 -7.499999999999997780e-01 8.745251877553535946e-01
7.500000000000004441e-01 -6.499999999999998002e-01 1.750946911410180551e+00
7.500000000000004441e-01 -5.499999999999998224e-01 1.349298257549468749e+00
7.500000000000004441e-01 -4.499999999999998446e-01 8.989933041070424791e-01
7.500000000000004441e-01 -3.499999999999997558e-01 1.316754382194480488e+00
7.500000000000004441e-01 -2.499999999999997780e-01 2.027849680205362937e+00
7.500000000000004441e-01 -1.499999999999998002e-01 1.886094459961467518e+00
7.500000000000004441e-01 -4.999999999999982236e-02 1.641902563733065534e+00
7.500000000000004441e-01 5.000000000000015543e-02 1.793259379360455430e+00
7.500000000000004441e-01 1.500000000000002442e-01 2.176682170464985688e+00
7.500000000000004441e-01 2.500000000000003331e-01 2.392892943124277139e+00
7.500000000000004441e-01 3.500000000000001998e-01 1.324207930571681846e+00
7.500000000000004441e-01 4.500000000000002887e-01 8.569772530523257492e-01
7.500000000000004441e-01 5.500000000000001554e-01 1.406822865862020766e+00
7.500000000000004441e-01 6.500000000000002442e-01 1.532000364423380168e+00
7.500000000000004441e-01 7.500000000000003331e-01 8.725282478206327630e-01
7.500000000000004441e-01 8.500000000000001998e-01 1.184489137437959361e+00
7.500000000000004441e-01 9.500000000000002887e-01 8.873400328504976731e-01
8.500000000000003109e-01 -9.499999999999998446e-01 1.123940044363271884e+00
8.500000000000003109e-01 -8.499999999999998668e-01 7.008416836355104707e-01
8.500000000000003109e-01 -7.499999999999997780e-01 1.234460380173224348e+00
8.500000000000003109e-01 -6.499999999999998002e-01 1.134207272529625055e+00
8.500000000000003109e-01 -5.499999999999998224e-01 1.351047374155899261e+00
8.500000000000003109e-01 -4.499999999999998446e-01 1.554550165469184453e+00
8.500000000000003109e-01 -3.499999999999997558e-01 2.436923061749376451e+00
8.500000000000003109e-01 -2.499999999999997780e-01 7.491379392677797178e-01
8.500000000000003109e-01 -1.499999999999998002e-01 6.579887305298973699e-01
8.500000000000003109e-01 -4.999999999999982236e-02 8.833727836677257583e-01
8.500000000000003109e-01 5.000000000000015543e-02 1.121476975822115918e+00
8.500000000000003109e-01 1.500000000000002442e-01 5.554322178862852732e-01
8.500000000000003109e-01 2.500000000000003331e-01 1.319208222285795040e+00
8.500000000000003109e-01 3.500000000000001998e-01 1.692225017707578383e+00
8.500000000000003109e-01 4.500000000000002887e-01 1.226684993613587737e+00
8.500000000000003109e-01 5.500000000000001554e-01 1.559153742691853806e+00
8.500000000000003109e-01 6.500000000000002442e-01 2.009463531454446450e+00
8.500000000000003109e-01 7.500000000000003331e-01 1.164976005513745916e+00
8.500000000000003109e-01 8.500000000000001998e-01 5.616511732893397779e-01
8.500000000000003109e-01 9.500000000000002887e-01 1.257745411283571091e+00
9.500000000000003997e-01 -9.499999999999998446e-01 1.268194177095818498e+00
9.500000000000003997e-01 -8.499999999999998668e-01 7.583021416476860566e-01
9.500000000000003997e-01 -7.499999999999997780e-01 1.480738246632144595e+00
9.500000000000003997e-01 -6.499999999999998002e-01 2.023964724390859171e+00
9.500000000000003997e-01 -5.499999999999998224e-01 8.410820202456256167e-01
9.500000000000003997e-01 -4.499999999999998446e-01 1.479383561531267821e+00
9.500000000000003997e-01 -3.499999999999997558e-01 1.528067653622730004e+00
9.500000000000003997e-01 -2.499999999999997780e-01 7.262289629121415624e-01
9.500000000000003997e-01 -1.499999999999998002e-01 1.101732050151191800e+00
9.500000000000003997e-01 -4.999999999999982236e-02 8.897848076995558131e-01
9.500000000000003997e-01 5.000000000000015543e-02 1.196144126727688217e+00
9.500000000000003997e-01 1.500000000000002442e-01 8.314508804057569868e-01
9.500000000000003997e-01 2.500000000000003331e-01 8.083496660767036657e-01
9.500000000000003997e-01 3.500000000000001998e-01 2.532445653687933174e+00
9.500000000000003997e-01 4.500000000000002887e-01 1.020491291708774284e+00
9.500000000000003997e-01 5.500000000000001554e-01 9.069618401894836701e-01
9.500000000000003997e-01 6.500000000000002442e-01 1.369494484306745807e+00
9.500000000000003997e-01 7.500000000000003331e-01 1.051905932793375520e+00
9.500000000000003997e-01 8.500000000000001998e-01 1.354812500309412249e+00
9.500000000000003997e-01 9.500000000000002887e-01 8.678641498964834167e-01
