-9.499999999999997335e-01 -9.499999999999998446e-01 2.254401966755402301e-04
-9.499999999999997335e-01 -8.499999999999998668e-01 2.096424066713532862e-04
-9.499999999999997335e-01 -7.499999999999997780e-01 1.872047383150423825e-04
-9.499999999999997335e-01 -6.499999999999998002e-01 1.719456856416867719e-04
-9.499999999999997335e-01 -5.499999999999998224e-01 1.695411767666531221e-04
-9.499999999999997335e-01 -4.499999999999998446e-01 1.864829662436459884e-04
-9.499999999999997335e-01 -3.499999999999997558e-01 2.255321753222467055e-04
-9.499999999999997335e-01 -2.499999999999997780e-01 2.821856616027646619e-04
-9.499999999999997335e-01 -1.499999999999998002e-01 3.438800354268431751e-04
-9.499999999999997335e-01 -4.999999999999982236e-02 3.850372374683893196e-04
-9.499999999999997335e-01 5.000000000000015543e-02 3.828666045691021813e-04
-9.499999999999997335e-01 1.500000000000002442e-01 3.325328074319618609e-04
-9.499999999999997335e-01 2.500000000000003331e-01 2.713497671003147404e-04
-9.499999999999997335e-01 3.500000000000001998e-01 2.158747408489936027e-04
-9.499999999999997335e-01 4.500000000000002887e-01 1.818724410329752459e-04
-9.499999999999997335e-01 5.500000000000001554e-01 1.688975204330398362e-04
-9.499999999999997335e-01 6.500000000000002442e-01 1.735440755020610688e-04
-9.499999999999997335e-01 7.500000000000003331e-01 1.917214544923636146e-04
-9.499999999999997335e-01 8.500000000000001998e-01 2.127008990081164517e-04
-9.499999999999997335e-01 9.500000000000002887e-01 2.279611339323467888e-04
-8.499999999999997558e-01 -9.499999999999998446e-01 3.019148697064885992e-04
-8.499999999999997558e-01 -8.499999999999998668e-01 2.682970966735457111e-04
-8.499999999999997558e-01 -7.499999999999997780e-01 2.273774025675788155e-04
-8.499999999999997558e-01 -6.499999999999998002e-01 1.921361374628461781e-04
-8.499999999999997558e-01 -5.499999999999998224e-01 1.746167380255174591e-04
-8.499999999999997558e-01 -4.499999999999998446e-01 1.755501204616972694e-04
-8.499999999999997558e-01 -3.499999999999997558e-01 1.942870921585200918e-04
-8.499999999999997558e-01 -2.499999999999997780e-01 2.265780365429689663e-04
-8.499999999999997558e-01 -1.499999999999998002e-01 2.603123277906546564e-04
-8.499999999999997558e-01 -4.999999999999982236e-02 2.690717268628325769e-04
-8.499999999999997558e-01 5.000000000000015543e-02 2.679567013620321662e-04
-8.499999999999997558e-01 1.500000000000002442e-01 2.546808780002102093e-04
-8.499999999999997558e-01 2.500000000000003331e-01 2.196244184824345201e-04
-8.499999999999997558e-01 3.500000000000001998e-01 1.896488162220142098e-04
-8.499999999999997558e-01 4.500000000000002887e-01 1.738110078829461472e-04
-8.499999999999997558e-01 5.500000000000001554e-01 1.762930946292207742e-04
-8.499999999999997558e-01 6.500000000000002442e-01 1.980039267054546507e-04
-8.499999999999997558e-01 7.500000000000003331e-01 2.342758569772018914e-04
-8.499999999999997558e-01 8.500000000000001998e-01 2.777124296671805784e-04
-8.499999999999997558e-01 9.500000000000002887e-01 3.034190560219613515e-04
-7.499999999999997780e-01 -9.499999999999998446e-01 4.009986658309385734e-04
-7.499999999999997780e-01 -8.499999999999998668e-01 3.478997470588983420e-04
-7.499999999999997780e-01 -7.499999999999997780e-01 2.741095226604839852e-04
-7.499999999999997780e-01 -6.499999999999998002e-01 2.161727443453211820e-04
-7.499999999999997780e-01 -5.499999999999998224e-01 1.794349604755454957e-04
-7.499999999999997780e-01 -4.499999999999998446e-01 1.662932305123070522e-04
-7.499999999999997780e-01 -3.499999999999997558e-01 1.664415437292927110e-04
-7.499999999999997780e-01 -2.499999999999997780e-01 1.792436132747272709e-04
-7.499999999999997780e-01 -1.499999999999998002e-01 1.951404213083394307e-04
-7.499999999999997780e-01 -4.999999999999982236e-02 2.067216849102336323e-04
-7.499999999999997780e-01 5.000000000000015543e-02 2.048303884797548775e-04
-7.499999999999997780e-01 1.500000000000002442e-01 1.927419765845520396e-04
-7.499999999999997780e-01 2.500000000000003331e-01 1.758216435401171334e-04
-7.499999999999997780e-01 3.500000000000001998e-01 1.655261992137062549e-04
-7.499999999999997780e-01 4.500000000000002887e-01 1.667313513332411862e-04
-7.499999999999997780e-01 5.500000000000001554e-01 1.846540208856128982e-04
-7.499999999999997780e-01 6.500000000000002442e-01 2.239884758865513001e-04
-7.499999999999997780e-01 7.500000000000003331e-01 2.888195128865806457e-04
-7.499999999999997780e-01 8.500000000000001998e-01 3.593986266476660260e-04
-7.499999999999997780e-01 9.500000000000002887e-01 4.106683735959835145e-04
-6.499999999999996891e-01 -9.499999999999998446e-01 5.001902520033806943e-04
-6.499999999999996891e-01 -8.499999999999998668e-01 4.136554814404102935e-04
-6.499999999999996891e-01 -7.499999999999997780e-01 3.150536199263057990e-04
-6.499999999999996891e-01 -6.499999999999998002e-01 2.321307449239425871e-04
-6.499999999999996891e-01 -5.499999999999998224e-01 1.903114097298408771e-04
-6.499999999999996891e-01 -4.499999999999998446e-01 1.627067966923914308e-04
-6.499999999999996891e-01 -3.499999999999997558e-01 1.549514823224749970e-04
-6.499999999999996891e-01 -2.499999999999997780e-01 1.589789817597827854e-04
-6.499999999999996891e-01 -1.499999999999998002e-01 1.679765408729720264e-04
-6.499999999999996891e-01 -4.999999999999982236e-02 1.741117281708961801e-04
-6.499999999999996891e-01 5.000000000000015543e-02 1.736285606196591468e-04
-6.499999999999996891e-01 1.500000000000002442e-01 1.662125335906397181e-04
-6.499999999999996891e-01 2.500000000000003331e-01 1.578294350861232805e-04
-6.499999999999996891e-01 3.500000000000001998e-01 1.549893174410954804e-04
-6.499999999999996891e-01 4.500000000000002887e-01 1.657795670284854849e-04
-6.499999999999996891e-01 5.500000000000001554e-01 1.975453582802032281e-04
-6.499999999999996891e-01 6.500000000000002442e-01 2.462024903802502397e-04
-6.499999999999996891e-01 7.500000000000003331e-01 3.300688333483703298e-04
-6.499999999999996891e-01 8.500000000000001998e-01 4.372085320333012775e-04
-6.499999999999996891e-01 9.500000000000002887e-01 5.053665130899106595e-04
-5.499999999999997113e-01 -9.499999999999998446e-01 5.251505539177283612e-04
-5.499999999999997113e-01 -8.499999999999998668e-01 4.376824545333274819e-04
-5.499999999999997113e-01 -7.499999999999997780e-01 3.405972266782709263e-04
-5.499999999999997113e-01 -6.499999999999998002e-01 2.490774391782017813e-04
-5.499999999999997113e-01 -5.499999999999998224e-01 1.913990852364558346e-04
-5.499999999999997113e-01 -4.499999999999998446e-01 1.621237262347421221e-04
-5.499999999999997113e-01 -3.499999999999997558e-01 1.529146281808035240e-04
-5.499999999999997113e-01 -2.499999999999997780e-01 1.556906370812510029e-04
-5.499999999999997113e-01 -1.499999999999998002e-01 1.633717896002587038e-04
-5.499999999999997113e-01 -4.999999999999982236e-02 1.689305488537880989e-04
-5.499999999999997113e-01 5.000000000000015543e-02 1.684387524642265096e-04
-5.499999999999997113e-01 1.500000000000002442e-01 1.619585223579716527e-04
-5.499999999999997113e-01 2.500000000000003331e-01 1.547268556852027569e-04
-5.499999999999997113e-01 3.500000000000001998e-01 1.533090948954872392e-04
-5.499999999999997113e-01 4.500000000000002887e-01 1.654327975680133398e-04
-5.499999999999997113e-01 5.500000000000001554e-01 1.990600597387738320e-04
-5.499999999999997113e-01 6.500000000000002442e-01 2.630981437195514718e-04
-5.499999999999997113e-01 7.500000000000003331e-01 3.610049223351423451e-04
-5.499999999999997113e-01 8.500000000000001998e-01 4.537957639508037686e-04
-5.499999999999997113e-01 9.500000000000002887e-01 5.385320847311473235e-04
-4.499999999999997335e-01 -9.499999999999998446e-01 4.614525480506728229e-04
-4.499999999999997335e-01 -8.499999999999998668e-01 3.985207226039031185e-04
-4.499999999999997335e-01 -7.499999999999997780e-01 3.115130432420686415e-04
-4.499999999999997335e-01 -6.499999999999998002e-01 2.355862630033478909e-04
-4.499999999999997335e-01 -5.499999999999998224e-01 1.873944401743770521e-04
-4.499999999999997335e-01 -4.499999999999998446e-01 1.646646003108815921e-04
-4.499999999999997335e-01 -3.499999999999997558e-01 1.604720838834335019e-04
-4.499999999999997335e-01 -2.499999999999997780e-01 1.688707663598457555e-04
-4.499999999999997335e-01 -1.499999999999998002e-01 1.809873131365374995e-04
-4.499999999999997335e-01 -4.999999999999982236e-02 1.900405487001153356e-04
-4.499999999999997335e-01 5.000000000000015543e-02 1.886799590114968703e-04
-4.499999999999997335e-01 1.500000000000002442e-01 1.792597073602857148e-04
-4.499999999999997335e-01 2.500000000000003331e-01 1.665389297710052874e-04
-4.499999999999997335e-01 3.500000000000001998e-01 1.603476302399113129e-04
-4.499999999999997335e-01 4.500000000000002887e-01 1.668697265988134423e-04
-4.499999999999997335e-01 5.500000000000001554e-01 1.940108874043017825e-04
-4.499999999999997335e-01 6.500000000000002442e-01 2.475662579255753283e-04
-4.499999999999997335e-01 7.500000000000003331e-01 3.272784101799794659e-04
-4.499999999999997335e-01 8.500000000000001998e-01 4.158437014936994421e-04
-4.499999999999997335e-01 9.500000000000002887e-01 4.660067141503272908e-04
-3.499999999999996447e-01 -9.499999999999998446e-01 3.408470205662462679e-04
-3.499999999999996447e-01 -8.499999999999998668e-01 2.984704152289577241e-04
-3.499999999999996447e-01 -7.499999999999997780e-01 2.598505131516050306e-04
-3.499999999999996447e-01 -6.499999999999998002e-01 2.111927766328589820e-04
-3.499999999999996447e-01 -5.499999999999998224e-01 1.802373328001481462e-04
-3.499999999999996447e-01 -4.499999999999998446e-01 1.700466883497578948e-04
-3.499999999999996447e-01 -3.499999999999997558e-01 1.782047862536516531e-04
-3.499999999999996447e-01 -2.499999999999997780e-01 1.984309753789688456e-04
-3.499999999999996447e-01 -1.499999999999998002e-01 2.242442100912405095e-04
-3.499999999999996447e-01 -4.999999999999982236e-02 2.396295353090657028e-04
-3.499999999999996447e-01 5.000000000000015543e-02 2.387723398338492090e-04
-3.499999999999996447e-01 1.500000000000002442e-01 2.188601064309101752e-04
-3.499999999999996447e-01 2.500000000000003331e-01 1.946395719537407482e-04
-3.499999999999996447e-01 3.500000000000001998e-01 1.751085941334216511e-04
-3.499999999999996447e-01 4.500000000000002887e-01 1.706704458770197039e-04
-3.499999999999996447e-01 5.500000000000001554e-01 1.843453627154809527e-04
-3.499999999999996447e-01 6.500000000000002442e-01 2.184106644441079063e-04
-3.499999999999996447e-01 7.500000000000003331e-01 2.712244862053611052e-04
-3.499999999999996447e-01 8.500000000000001998e-01 3.099360279848179358e-04
-3.499999999999996447e-01 9.500000000000002887e-01 3.425623029611255649e-04
-2.499999999999996669e-01 -9.499999999999998446e-01 2.516785827339279775e-04
-2.499999999999996669e-01 -8.499999999999998668e-01 2.311647091158861120e-04
-2.499999999999996669e-01 -7.499999999999997780e-01 2.015696198921494058e-04
-2.499999999999996669e-01 -6.499999999999998002e-01 1.796499578420129948e-04
-2.499999999999996669e-01 -5.499999999999998224e-01 1.712634134515232112e-04
-2.499999999999996669e-01 -4.499999999999998446e-01 1.781367891874375035e-04
-2.499999999999996669e-01 -3.499999999999997558e-01 2.028922461510912717e-04
-2.499999999999996669e-01 -2.499999999999997780e-01 2.457655019799451354e-04
-2.499999999999996669e-01 -1.499999999999998002e-01 2.916176125832250685e-04
-2.499999999999996669e-01 -4.999999999999982236e-02 3.247148003399548269e-04
-2.499999999999996669e-01 5.000000000000015543e-02 3.186842414750883654e-04
-2.499999999999996669e-01 1.500000000000002442e-01 2.844565149345789062e-04
-2.499999999999996669e-01 2.500000000000003331e-01 2.356013005022189976e-04
-2.499999999999996669e-01 3.500000000000001998e-01 1.973579698954871673e-04
-2.499999999999996669e-01 4.500000000000002887e-01 1.754707026484250384e-04
-2.499999999999996669e-01 5.500000000000001554e-01 1.718148176678169778e-04
-2.499999999999996669e-01 6.500000000000002442e-01 1.825128624944879021e-04
-2.499999999999996669e-01 7.500000000000003331e-01 2.076925229575086670e-04
-2.499999999999996669e-01 8.500000000000001998e-01 2.352342344273155499e-04
-2.499999999999996669e-01 9.500000000000002887e-01 2.550560944311069554e-04
-1.499999999999996891e-01 -9.499999999999998446e-01 1.967839192628065715e-04
-1.499999999999996891e-01 -8.499999999999998668e-01 1.851519272463788440e-04
-1.499999999999996891e-01 -7.499999999999997780e-01 1.713467738636005968e-04
-1.499999999999996891e-01 -6.499999999999998002e-01 1.624503259847703102e-04
-1.499999999999996891e-01 -5.499999999999998224e-01 1.675158500230022331e-04
-1.499999999999996891e-01 -4.499999999999998446e-01 1.920159843939240110e-04
-1.499999999999996891e-01 -3.499999999999997558e-01 2.421019199727766067e-04
-1.499999999999996891e-01 -2.499999999999997780e-01 2.979169979031514540e-04
-1.499999999999996891e-01 -1.499999999999998002e-01 3.790522050183722357e-04
-1.499999999999996891e-01 -4.999999999999982236e-02 4.290668548862133346e-04
-1.499999999999996891e-01 5.000000000000015543e-02 4.258652009310706535e-04
-1.499999999999996891e-01 1.500000000000002442e-01 3.612393058032265609e-04
-1.499999999999996891e-01 2.500000000000003331e-01 2.843645318044495476e-04
-1.499999999999996891e-01 3.500000000000001998e-01 2.312700892220011792e-04
-1.499999999999996891e-01 4.500000000000002887e-01 1.861833697767117761e-04
-1.499999999999996891e-01 5.500000000000001554e-01 1.653865093729110975e-04
-1.499999999999996891e-01 6.500000000000002442e-01 1.636539025937015887e-04
-1.499999999999996891e-01 7.500000000000003331e-01 1.734107863705525859e-04
-1.499999999999996891e-01 8.500000000000001998e-01 1.882074013726888514e-04
-1.499999999999996891e-01 9.500000000000002887e-01 1.973670326407138040e-04
-4.999999999999971134e-02 -9.499999999999998446e-01 1.704106920101912729e-04
-4.999999999999971134e-02 -8.499999999999998668e-01 1.638249416216266681e-04
-4.999999999999971134e-02 -7.499999999999997780e-01 1.558654475576821713e-04
-4.999999999999971134e-02 -6.499999999999998002e-01 1.540925586249036739e-04
-4.999999999999971134e-02 -5.499999999999998224e-01 1.654526433784192941e-04
-4.999999999999971134e-02 -4.499999999999998446e-01 1.984400847981436630e-04
-4.999999999999971134e-02 -3.499999999999997558e-01 2.613706431360865684e-04
-4.999999999999971134e-02 -2.499999999999997780e-01 3.572128499089104832e-04
-4.999999999999971134e-02 -1.499999999999998002e-01 4.661100285981349223e-04
-4.999999999999971134e-02 -4.999999999999982236e-02 5.227592527520225725e-04
-4.999999999999971134e-02 5.000000000000015543e-02 5.095853909923943933e-04
-4.999999999999971134e-02 1.500000000000002442e-01 4.454290342431028267e-04
-4.999999999999971134e-02 2.500000000000003331e-01 3.375030452625377608e-04
-4.999999999999971134e-02 3.500000000000001998e-01 2.476233485726298368e-04
-4.999999999999971134e-02 4.500000000000002887e-01 1.909027782726053883e-04
-4.999999999999971134e-02 5.500000000000001554e-01 1.624171188708061701e-04
-4.999999999999971134e-02 6.500000000000002442e-01 1.536588414326130235e-04
-4.999999999999971134e-02 7.500000000000003331e-01 1.571628457334764124e-04
-4.999999999999971134e-02 8.500000000000001998e-01 1.651150246723621289e-04
-4.999999999999971134e-02 9.500000000000002887e-01 1.711747119047724757e-04
5.000000000000026645e-02 -9.499999999999998446e-01 1.703238074447686011e-04
5.000000000000026645e-02 -8.499999999999998668e-01 1.637540122533185088e-04
5.000000000000026645e-02 -7.499999999999997780e-01 1.557987414346656855e-04
5.000000000000026645e-02 -6.499999999999998002e-01 1.541038727208795297e-04
5.000000000000026645e-02 -5.499999999999998224e-01 1.655320290573341756e-04
5.000000000000026645e-02 -4.499999999999998446e-01 1.985184482206283501e-04
5.000000000000026645e-02 -3.499999999999997558e-01 2.615180890209325786e-04
5.000000000000026645e-02 -2.499999999999997780e-01 3.571061557207679243e-04
5.000000000000026645e-02 -1.499999999999998002e-01 4.659528132274715290e-04
5.000000000000026645e-02 -4.999999999999982236e-02 5.223194371115265919e-04
5.000000000000026645e-02 5.000000000000015543e-02 5.096056447671370310e-04
5.000000000000026645e-02 1.500000000000002442e-01 4.458312651309110351e-04
5.000000000000026645e-02 2.500000000000003331e-01 3.377331150330877105e-04
5.000000000000026645e-02 3.500000000000001998e-01 2.477434172908089794e-04
5.000000000000026645e-02 4.500000000000002887e-01 1.908469750087174758e-04
5.000000000000026645e-02 5.500000000000001554e-01 1.624230630832461733e-04
5.000000000000026645e-02 6.500000000000002442e-01 1.536076640172911794e-04
5.000000000000026645e-02 7.500000000000003331e-01 1.570531346965917325e-04
5.000000000000026645e-02 8.500000000000001998e-01 1.650045910481303410e-04
5.000000000000026645e-02 9.500000000000002887e-01 1.710878530066281924e-04
1.500000000000003553e-01 -9.499999999999998446e-01 1.965737108091416792e-04
1.500000000000003553e-01 -8.499999999999998668e-01 1.849137109316088942e-04
1.500000000000003553e-01 -7.499999999999997780e-01 1.711950886083832345e-04
1.500000000000003553e-01 -6.499999999999998002e-01 1.624198413468023582e-04
1.500000000000003553e-01 -5.499999999999998224e-01 1.676547188592448535e-04
1.500000000000003553e-01 -4.499999999999998446e-01 1.922725588004737802e-04
1.500000000000003553e-01 -3.499999999999997558e-01 2.422788882662328799e-04
1.500000000000003553e-01 -2.499999999999997780e-01 2.980020522876178227e-04
1.500000000000003553e-01 -1.499999999999998002e-01 3.787068236199176850e-04
1.500000000000003553e-01 -4.999999999999982236e-02 4.285752332252300853e-04
1.500000000000003553e-01 5.000000000000015543e-02 4.258485303109732956e-04
1.500000000000003553e-01 1.500000000000002442e-01 3.617968747877605166e-04
1.500000000000003553e-01 2.500000000000003331e-01 2.847395701184425262e-04
1.500000000000003553e-01 3.500000000000001998e-01 2.313934011296618610e-04
1.500000000000003553e-01 4.500000000000002887e-01 1.862433266657353677e-04
1.500000000000003553e-01 5.500000000000001554e-01 1.653279932150118607e-04
1.500000000000003553e-01 6.500000000000002442e-01 1.634598431418681939e-04
1.500000000000003553e-01 7.500000000000003331e-01 1.731159404822894842e-04
1.500000000000003553e-01 8.500000000000001998e-01 1.878903696469511964e-04
1.500000000000003553e-01 9.500000000000002887e-01 1.971138924523361613e-04
2.500000000000004441e-01 -9.499999999999998446e-01 2.514365271507675460e-04
2.500000000000004441e-01 -8.499999999999998668e-01 2.307982972199214126e-04
2.500000000000004441e-01 -7.499999999999997780e-01 2.012331040373109819e-04
2.500000000000004441e-01 -6.499999999999998002e-01 1.795685007333558338e-04
2.500000000000004441e-01 -5.499999999999998224e-01 1.713451949204793003e-04
2.500000000000004441e-01 -4.499999999999998446e-01 1.783388521379429168e-04
2.500000000000004441e-01 -3.499999999999997558e-01 2.031584668548789966e-04
2.500000000000004441e-01 -2.499999999999997780e-01 2.460094061148687802e-04
2.500000000000004441e-01 -1.499999999999998002e-01 2.916873388064042112e-04
2.500000000000004441e-01 -4.999999999999982236e-02 3.246665478008368489e-04
2.500000000000004441e-01 5.000000000000015543e-02 3.188476745051662168e-04
2.500000000000004441e-01 1.500000000000002442e-01 2.848920478354506299e-04
2.500000000000004441e-01 2.500000000000003331e-01 2.360831188989957882e-04
2.500000000000004441e-01 3.500000000000001998e-01 1.974809551720859975e-04
2.500000000000004441e-01 4.500000000000002887e-01 1.754740502677572494e-04
2.500000000000004441e-01 5.500000000000001554e-01 1.716809748831368734e-04
2.500000000000004441e-01 6.500000000000002442e-01 1.822573802731917742e-04
2.500000000000004441e-01 7.500000000000003331e-01 2.073174647761843298e-04
2.500000000000004441e-01 8.500000000000001998e-01 2.348902696212299063e-04
2.500000000000004441e-01 9.500000000000002887e-01 2.548408288161867902e-04
3.500000000000003109e-01 -9.499999999999998446e-01 3.407337375255187033e-04
3.500000000000003109e-01 -8.499999999999998668e-01 2.979669244367123869e-04
3.500000000000003109e-01 -7.499999999999997780e-01 2.592748816551669892e-04
3.500000000000003109e-01 -6.499999999999998002e-01 2.110159009428815219e-04
3.500000000000003109e-01 -5.499999999999998224e-01 1.802153459728307963e-04
3.500000000000003109e-01 -4.499999999999998446e-01 1.701518270959897106e-04
3.500000000000003109e-01 -3.499999999999997558e-01 1.784790561391171688e-04
3.500000000000003109e-01 -2.499999999999997780e-01 1.988122415376300186e-04
3.500000000000003109e-01 -1.499999999999998002e-01 2.246036650108576376e-04
3.500000000000003109e-01 -4.999999999999982236e-02 2.399025362982723194e-04
3.500000000000003109e-01 5.000000000000015543e-02 2.390288599190216936e-04
3.500000000000003109e-01 1.500000000000002442e-01 2.191843468051374853e-04
3.500000000000003109e-01 2.500000000000003331e-01 1.948859112592788931e-04
3.500000000000003109e-01 3.500000000000001998e-01 1.752256644205584923e-04
3.500000000000003109e-01 4.500000000000002887e-01 1.705662990791530784e-04
3.500000000000003109e-01 5.500000000000001554e-01 1.841039105957690040e-04
3.500000000000003109e-01 6.500000000000002442e-01 2.181594243427781971e-04
3.500000000000003109e-01 7.500000000000003331e-01 2.710689343146945279e-04
3.500000000000003109e-01 8.500000000000001998e-01 3.100041337855196180e-04
3.500000000000003109e-01 9.500000000000002887e-01 3.427085158450123210e-04
4.500000000000003997e-01 -9.499999999999998446e-01 4.616552489948121249e-04
4.500000000000003997e-01 -8.499999999999998668e-01 3.980070210192454528e-04
4.500000000000003997e-01 -7.499999999999997780e-01 3.111672083196038606e-04
4.500000000000003997e-01 -6.499999999999998002e-01 2.354177663708359588e-04
4.500000000000003997e-01 -5.499999999999998224e-01 1.874071273134228824e-04
4.500000000000003997e-01 -4.499999999999998446e-01 1.646861226481282953e-04
4.500000000000003997e-01 -3.499999999999997558e-01 1.606230574692991866e-04
4.500000000000003997e-01 -2.499999999999997780e-01 1.691521351511958676e-04
4.500000000000003997e-01 -1.499999999999998002e-01 1.812840260490486139e-04
4.500000000000003997e-01 -4.999999999999982236e-02 1.902631176106509047e-04
4.500000000000003997e-01 5.000000000000015543e-02 1.888798435749170922e-04
4.500000000000003997e-01 1.500000000000002442e-01 1.794497473169816087e-04
4.500000000000003997e-01 2.500000000000003331e-01 1.666904511420024362e-04
4.500000000000003997e-01 3.500000000000001998e-01 1.603553014635944495e-04
4.500000000000003997e-01 4.500000000000002887e-01 1.667310096056356906e-04
4.500000000000003997e-01 5.500000000000001554e-01 1.938037027525635401e-04
4.500000000000003997e-01 6.500000000000002442e-01 2.472828280335692100e-04
4.500000000000003997e-01 7.500000000000003331e-01 3.272711315701638530e-04
4.500000000000003997e-01 8.500000000000001998e-01 4.161707135041334835e-04
4.500000000000003997e-01 9.500000000000002887e-01 4.665560205492201725e-04
5.500000000000002665e-01 -9.499999999999998446e-01 5.251501667958712212e-04
5.500000000000002665e-01 -8.499999999999998668e-01 4.375911672338531001e-04
5.500000000000002665e-01 -7.499999999999997780e-01 3.403837804217212082e-04
5.500000000000002665e-01 -6.499999999999998002e-01 2.491508045277428859e-04
5.500000000000002665e-01 -5.499999999999998224e-01 1.913140548010348494e-04
5.500000000000002665e-01 -4.499999999999998446e-01 1.621331244237210695e-04
5.500000000000002665e-01 -3.499999999999997558e-01 1.529503338903301021e-04
5.500000000000002665e-01 -2.499999999999997780e-01 1.557457935625897389e-04
5.500000000000002665e-01 -1.499999999999998002e-01 1.634416300561669709e-04
5.500000000000002665e-01 -4.999999999999982236e-02 1.689916206305602721e-04
5.500000000000002665e-01 5.000000000000015543e-02 1.684821848326477399e-04
5.500000000000002665e-01 1.500000000000002442e-01 1.620168974523153048e-04
5.500000000000002665e-01 2.500000000000003331e-01 1.547453494176585407e-04
5.500000000000002665e-01 3.500000000000001998e-01 1.533143175459770514e-04
5.500000000000002665e-01 4.500000000000002887e-01 1.653947142192707166e-04
5.500000000000002665e-01 5.500000000000001554e-01 1.989533842020612558e-04
5.500000000000002665e-01 6.500000000000002442e-01 2.631141283038587503e-04
5.500000000000002665e-01 7.500000000000003331e-01 3.608322045719203884e-04
5.500000000000002665e-01 8.500000000000001998e-01 4.538665878779530585e-04
5.500000000000002665e-01 9.500000000000002887e-01 5.386815390813193532e-04
6.500000000000003553e-01 -9.499999999999998446e-01 5.002068294266344721e-04
6.500000000000003553e-01 -8.499999999999998668e-01 4.140574929596716825e-04
6.500000000000003553e-01 -7.499999999999997780e-01 3.152514814231306434e-04
6.500000000000003553e-01 -6.499999999999998002e-01 2.322305043079818669e-04
6.500000000000003553e-01 -5.499999999999998224e-01 1.903831292545448892e-04
6.500000000000003553e-01 -4.499999999999998446e-01 1.626826238133244405e-04
6.500000000000003553e-01 -3.499999999999997558e-01 1.548640008969934441e-04
6.500000000000003553e-01 -2.499999999999997780e-01 1.588412614022298647e-04
6.500000000000003553e-01 -1.499999999999998002e-01 1.678148377413187691e-04
6.500000000000003553e-01 -4.999999999999982236e-02 1.739751671026520691e-04
6.500000000000003553e-01 5.000000000000015543e-02 1.735183655707954247e-04
6.500000000000003553e-01 1.500000000000002442e-01 1.660897578643702336e-04
6.500000000000003553e-01 2.500000000000003331e-01 1.577663180368757726e-04
6.500000000000003553e-01 3.500000000000001998e-01 1.549811600318241629e-04
6.500000000000003553e-01 4.500000000000002887e-01 1.658692307435328086e-04
6.500000000000003553e-01 5.500000000000001554e-01 1.977257153971647883e-04
6.500000000000003553e-01 6.500000000000002442e-01 2.463414099436242043e-04
6.500000000000003553e-01 7.500000000000003331e-01 3.301474258287668152e-04
6.500000000000003553e-01 8.500000000000001998e-01 4.370082695569193348e-04
6.500000000000003553e-01 9.500000000000002887e-01 5.049377189776886989e-04
7.500000000000004441e-01 -9.499999999999998446e-01 4.010370810285604644e-04
7.500000000000004441e-01 -8.499999999999998668e-01 3.483961147521195934e-04
7.500000000000004441e-01 -7.499999999999997780e-01 2.746613467253318139e-04
7.500000000000004441e-01 -6.499999999999998002e-01 2.162310075527831572e-04
7.500000000000004441e-01 -5.499999999999998224e-01 1.794721278660323159e-04
7.500000000000004441e-01 -4.499999999999998446e-01 1.662031591811687016e-04
7.500000000000004441e-01 -3.499999999999997558e-01 1.662422306338345521e-04
7.500000000000004441e-01 -2.499999999999997780e-01 1.788944231082330999e-04
7.500000000000004441e-01 -1.499999999999998002e-01 1.947814695207792616e-04
7.500000000000004441e-01 -4.999999999999982236e-02 2.064563989208132832e-04
7.500000000000004441e-01 5.000000000000015543e-02 2.045972969263532622e-04
7.500000000000004441e-01 1.500000000000002442e-01 1.925029224013829435e-04
7.500000000000004441e-01 2.500000000000003331e-01 1.756243370334685549e-04
7.500000000000004441e-01 3.500000000000001998e-01 1.654997481148943561e-04
7.500000000000004441e-01 4.500000000000002887e-01 1.668261145530266153e-04
7.500000000000004441e-01 5.500000000000001554e-01 1.848886875133895849e-04
7.500000000000004441e-01 6.500000000000002442e-01 2.242431893891457515e-04
7.500000000000004441e-01 7.500000000000003331e-01 2.889119256667092308e-04
7.500000000000004441e-01 8.500000000000001998e-01 3.591245786551054936e-04
7.500000000000004441e-01 9.500000000000002887e-01 4.102332515426098487e-04
8.500000000000003109e-01 -9.499999999999998446e-01 3.021133650424710900e-04
8.500000000000003109e-01 -8.499999999999998668e-01 2.687511884401677827e-04
8.500000000000003109e-01 -7.499999999999997780e-01 2.277440476793513729e-04
8.500000000000003109e-01 -6.499999999999998002e-01 1.923458903366074614e-04
8.500000000000003109e-01 -5.499999999999998224e-01 1.745630537632500391e-04
8.500000000000003109e-01 -4.499999999999998446e-01 1.753753286611328622e-04
8.500000000000003109e-01 -3.499999999999997558e-01 1.939995127942953184e-04
8.500000000000003109e-01 -2.499999999999997780e-01 2.262372650375878873e-04
8.500000000000003109e-01 -1.499999999999998002e-01 2.600794836147241420e-04
8.500000000000003109e-01 -4.999999999999982236e-02 2.688700298820310866e-04
8.500000000000003109e-01 5.000000000000015543e-02 2.677257271885515239e-04
8.500000000000003109e-01 1.500000000000002442e-01 2.543290500065843469e-04
8.500000000000003109e-01 2.500000000000003331e-01 2.191897390710388302e-04
8.500000000000003109e-01 3.500000000000001998e-01 1.895037319614986736e-04
8.500000000000003109e-01 4.500000000000002887e-01 1.738300638065629869e-04
8.500000000000003109e-01 5.500000000000001554e-01 1.764457761067350129e-04
8.500000000000003109e-01 6.500000000000002442e-01 1.982826082219809282e-04
8.500000000000003109e-01 7.500000000000003331e-01 2.345601465461572661e-04
8.500000000000003109e-01 8.500000000000001998e-01 2.778323411838121517e-04
8.500000000000003109e-01 9.500000000000002887e-01 3.034741153710860317e-04
9.500000000000003997e-01 -9.499999999999998446e-01 2.256884685272477181e-04
9.500000000000003997e-01 -8.499999999999998668e-01 2.099445500677344658e-04
9.500000000000003997e-01 -7.499999999999997780e-01 1.874639959300273759e-04
9.500000000000003997e-01 -6.499999999999998002e-01 1.720002165822559069e-04
9.500000000000003997e-01 -5.499999999999998224e-01 1.694298667159313044e-04
9.500000000000003997e-01 -4.499999999999998446e-01 1.862626126489478218e-04
9.500000000000003997e-01 -3.499999999999997558e-01 2.252729514921845424e-04
9.500000000000003997e-01 -2.499999999999997780e-01 2.820876722522798149e-04
9.500000000000003997e-01 -1.499999999999998002e-01 3.440735629933465737e-04
9.500000000000003997e-01 -4.999999999999982236e-02 3.853671784993153841e-04
9.500000000000003997e-01 5.000000000000015543e-02 3.828387721759940270e-04
9.500000000000003997e-01 1.500000000000002442e-01 3.320178025681851303e-04
9.500000000000003997e-01 2.500000000000003331e-01 2.708906709212025228e-04
9.500000000000003997e-01 3.500000000000001998e-01 2.156158016294357118e-04
9.500000000000003997e-01 4.500000000000002887e-01 1.818567557745844510e-04
9.500000000000003997e-01 5.500000000000001554e-01 1.689878616121565135e-04
9.500000000000003997e-01 6.500000000000002442e-01 1.737769635692990283e-04
9.500000000000003997e-01 7.500000000000003331e-01 1.921099742126137241e-04
9.500000000000003997e-01 8.500000000000001998e-01 2.130821424368564622e-04
9.500000000000003997e-01 9.500000000000002887e-01 2.282149891356807455e-04
