-2.838536157523933845e+00 1.770937966932637053e+00
-2.838536157523931625e+00 1.770937966932631724e+00
-2.837849178715789122e+00 1.765734619438842801e+00
-2.835626733271745969e+00 1.323453411503089372e-01
-2.835626733271500832e+00 1.323218635727672621e-01
-2.832032900026831168e+00 1.716493530067818796e+00
-2.832032900026821842e+00 1.716493530067810580e+00
-2.829127390830086686e+00 1.649692535392472958e+00
-2.829127390830085798e+00 1.649692535392559778e+00
-2.823321680098895392e+00 1.497048812276527086e+00
-2.823321680098894504e+00 1.497048812276377205e+00
-2.811048693142760957e+00 1.465065744498749378e+00
-2.811048693142746302e+00 1.465065744498853295e+00
-2.801695160289818354e+00 1.489348502939257246e+00
-2.801695160289789488e+00 1.489348502939043417e+00
-2.795243658432709832e+00 1.431544168334734746e+00
-2.795243658432645883e+00 1.431544168334258460e+00
-2.783878633738448904e+00 9.183202979744705674e-01
-2.783571572005891337e+00 8.964115878880686283e-01
-2.770884613016355136e+00 1.440895849438682985e+00
-2.770884613016351139e+00 1.440895849439217447e+00
-2.762295237019197991e+00 1.519728142605572874e+00
-2.762295237019152250e+00 1.519728142605868193e+00
-2.747351571720654917e+00 1.581080682643293489e+00
-2.747351571720654473e+00 1.581080682643326352e+00
-2.720517293319004271e+00 1.552364006016429654e+00
-2.720517293318990948e+00 1.552364006016349718e+00
-2.702716911216902496e+00 1.442398654269171132e+00
-2.702716911216847429e+00 1.442398654268002511e+00
-2.689528255371637311e+00 1.435985764544996712e+00
-2.689528255371586685e+00 1.435985764546199084e+00
-2.669769596191582384e+00 1.088013136694464755e+00
-2.669769596191566396e+00 1.088013136694679694e+00
-2.634688992825223508e+00 1.619455534938077923e+00
-2.634688992825223064e+00 1.619455534937888519e+00
-2.611592907562055643e+00 1.639501199274998156e+00
-2.611592907561983701e+00 1.639501199275197107e+00
-2.596854617552928346e+00 1.646197599259025202e+00
-2.596854617552912803e+00 1.646197599258973243e+00
-2.572428133059049937e+00 2.924241722637963004e-01
-2.572427968477533966e+00 2.890097087089200656e-01
-2.547732469858174031e+00 1.655833621321936899e+00
-2.547732469858023485e+00 1.655833621321832094e+00
-2.532848650847557170e+00 1.630149733453512439e+00
-2.532848650847479455e+00 1.630149733453442273e+00
-2.511992041148235266e+00 1.559912783043382545e+00
-2.511992041148201960e+00 1.559912783043324591e+00
-2.429184465637523882e+00 1.533438303474747633e+00
-2.429184465637513668e+00 1.533438303474681907e+00
-2.405719814711868576e+00 1.576967063911538292e+00
-2.405719814711853921e+00 1.576967063911509204e+00
-2.388236850612901918e+00 1.586150207496922038e+00
-2.388236850612894813e+00 1.586150207496792586e+00
-2.357762755649427167e+00 1.492942546246593949e-01
-2.357762749941331393e+00 1.688570804458618679e-01
-2.325659851027066072e+00 1.501445566055602976e+00
-2.325659851026868008e+00 1.501445566054886882e+00
-2.305260718434456013e+00 1.365951884765643998e+00
-2.305260718434357425e+00 1.365951884765141511e+00
-2.271594417439465996e+00 1.352739133701149177e+00
-2.271594417439455782e+00 1.352739133700671781e+00
-2.216053197444161516e+00 3.173855170535935799e-01
-2.216053197444135314e+00 3.173855178788442810e-01
-2.181587557050708170e+00 1.283020650148076314e+00
-2.181587557050609139e+00 1.283020650147535857e+00
-2.160478872328310818e+00 1.296720890218160172e+00
-2.160478872328291722e+00 1.296720890217541999e+00
-2.127135721298250459e+00 1.523488035413557817e+00
-2.127135721298244242e+00 1.523488035413517627e+00
-2.078126252298136301e+00 1.638478532547131383e+00
-2.078126252298085230e+00 1.638478532547176680e+00
-2.054328937899511320e+00 1.665590134702604974e+00
-2.054328937899457141e+00 1.665590134702640501e+00
-2.043973643340299517e+00 1.671572339831045584e+00
-2.043973643340138313e+00 1.671572339831142395e+00
-2.037099645697832528e+00 1.621918450168074566e+00
-1.790411412398449587e+00 1.660704439006456701e+00
-1.783130842699858665e+00 1.685261435904719551e+00
-1.783130842699776952e+00 1.685261435904620964e+00
-1.772120228696793198e+00 1.694348835693674227e+00
-1.772120228696718591e+00 1.694348835693705313e+00
-1.746622080402343347e+00 1.697073105736043086e+00
-1.746622080402334243e+00 1.697073105736029985e+00
-1.693261541415712834e+00 1.610558140058961030e+00
-1.693261541415646665e+00 1.610558140058899301e+00
-1.656319050892472333e+00 1.431895616137238481e+00
-1.656319050892352207e+00 1.431895616136263705e+00
-1.632673368367703048e+00 1.417468389900333747e+00
-1.632673368367591582e+00 1.417468389901182180e+00
-1.593654562589370549e+00 8.944759882051252220e-02
-1.593654562589311485e+00 8.944678042086473546e-02
-1.529879831737490647e+00 1.379843680329180922e+00
-1.529879831737461338e+00 1.379843680329580380e+00
-1.490150253852741136e+00 1.359632220397595237e+00
-1.490150253852592810e+00 1.359632220397976266e+00
-1.466210604708332532e+00 1.440933131053930394e+00
-1.466210604708258591e+00 1.440933131053506955e+00
-1.427981493318397632e+00 1.182570598432789999e-01
-1.427981493153862802e+00 1.194153659587951777e-01
-1.390792651328154550e+00 1.555780598795964087e+00
-1.390792651328048191e+00 1.555780598796019154e+00
-1.368476099107551303e+00 1.549379031624474212e+00
-1.368476099107444721e+00 1.549379031624514402e+00
-1.333680451401201950e+00 1.449180001750598024e+00
-1.333680451401151990e+00 1.449180001750482782e+00
-1.281549802553833439e+00 1.462997563941960344e+00
-1.281549802553832773e+00 1.462997563942067591e+00
-1.252483877567051929e+00 1.544497566445180547e+00
-1.252483877566990644e+00 1.544497566445150127e+00
-1.235905962424766136e+00 1.504259700953575196e+00
-1.235905962424763915e+00 1.504259700953935130e+00
-1.211578600440116116e+00 5.076802479631860043e-01
-1.211571173394814682e+00 5.101667261508969764e-01
-1.190623039437955111e+00 1.619534902822085787e+00
-1.190623039437838981e+00 1.619534902822456601e+00
-1.179504972718857569e+00 1.675832923570422572e+00
-1.179504972718808498e+00 1.675832923570461208e+00
-1.164684646258057787e+00 1.726818498926397938e+00
-1.164684646258037137e+00 1.726818498926454559e+00
-1.149548279256533689e+00 1.619782208986011884e+00
-1.149548279256529471e+00 1.619782208986034977e+00
-1.145927222660785061e+00 1.768126085758880972e+00
-1.145927222660779066e+00 1.768126085758865873e+00
7.796453943101688822e-01 1.664106028542386984e+00
7.796453943101697703e-01 1.664106028542389204e+00
7.838624186204560251e-01 1.657898794785885643e+00
7.838624186204623534e-01 1.657898794785866103e+00
8.015183460772430379e-01 1.619681450209050189e+00
8.015183460772635771e-01 1.619681450209050189e+00
8.188501283377949136e-01 1.565208812272117944e+00
8.188501283378446516e-01 1.565208812271869032e+00
8.318813009816845572e-01 1.502436831796626793e+00
8.318813009818117887e-01 1.502436831796155392e+00
8.564973495164062145e-01 6.608837200456896266e-01
8.565154066032973912e-01 6.583202925705446962e-01
8.852153694300319842e-01 1.446135507608679260e+00
8.852153694300417541e-01 1.446135507608322213e+00
9.048458448460927617e-01 1.452914941441035390e+00
9.048458448462383119e-01 1.452914941440935248e+00
9.394030393297485571e-01 1.375717315761183945e+00
9.394030393297521098e-01 1.375717315761330939e+00
1.001786709482337612e+00 1.359230870998829444e+00
1.001786709482393567e+00 1.359230870998996421e+00
1.043741250093612960e+00 1.499769868728432876e+00
1.043741250093739525e+00 1.499769868728720201e+00
1.070757470407729839e+00 1.538385103558681744e+00
1.070757470407862844e+00 1.538385103558732370e+00
1.115888651079737226e+00 1.052267224327237544e-01
1.115888651127196374e+00 1.050652559214070164e-01
1.161946392919031901e+00 1.510421503047162606e+00
1.189021576045780737e+00 1.462569373728044742e+00
1.189021576045823592e+00 1.462569373728273225e+00
1.249894571257878395e+00 1.462399047082568071e+00
1.249894571258027609e+00 1.462399047082817649e+00
1.327794887914331756e+00 1.201905757028613048e-01
1.327794887914717448e+00 1.201912353670122890e-01
1.378863645499263102e+00 1.549916403301480727e+00
1.378863645499423640e+00 1.549916403301133228e+00
1.410717954566451215e+00 1.554334346203157802e+00
1.410717954566608423e+00 1.554334346203569250e+00
1.462433787936360696e+00 1.614370767032294651e+00
1.462433787936364249e+00 1.614370767032285325e+00
1.545768117577956735e+00 1.583362485205679127e+00
1.545768117577958067e+00 1.583362485205745740e+00
1.596331903283591869e+00 1.534631735789688145e+00
1.596331903283627396e+00 1.534631735789758533e+00
1.626567487842141890e+00 1.485930504987522438e+00
1.626567487842188520e+00 1.485930504987843292e+00
1.661976811614206184e+00 1.376557987547479378e+00
1.697385597316053207e+00 1.361621418915206716e+00
1.731672957660373990e+00 1.498589173100934424e+00
1.731672957660700396e+00 1.498589173101197547e+00
1.760089218302742120e+00 1.543509022177705026e+00
1.760089218302912872e+00 1.543509022177709245e+00
1.805867287776646624e+00 1.553919219820670383e+00
1.805867287776728114e+00 1.553919219820712128e+00
1.876526144363600546e+00 1.447060615679563123e+00
1.876526144363604542e+00 1.447060615679629514e+00
1.917266916850222103e+00 1.211493015340355139e+00
1.917266916850383085e+00 1.211493015338225732e+00
1.941121975366449259e+00 1.207932627921928681e+00
1.941121975366565833e+00 1.207932627924041880e+00
1.977289100608818684e+00 6.032159516343817973e-01
1.977289100608860206e+00 6.032159516336133009e-01
2.028626916061985419e+00 1.386971544376799814e+00
2.028626916062130192e+00 1.386971544375396714e+00
2.055337212836445993e+00 1.405852499601054850e+00
2.055337212836583660e+00 1.405852499602629146e+00
2.069739172473027189e+00 1.517537191852159406e+00
2.069739172473155087e+00 1.517537191852579737e+00
2.089407672320458431e+00 2.325351920408062767e-01
2.089407687825271420e+00 2.590237335414506958e-01
2.104337324223062300e+00 1.636191411893285874e+00
2.104337324223211514e+00 1.636191411893515024e+00
2.111091430432427085e+00 1.650394942518306429e+00
2.111091430432461280e+00 1.650394942518321528e+00
2.117894622517257908e+00 1.662373972365746244e+00
2.117894622517302317e+00 1.662373972365802643e+00
4.046179494418799649e+00 1.766799481815930051e+00
4.046179494418852940e+00 1.766799481815858108e+00
4.052018867568133231e+00 1.755848921550309472e+00
4.052018867568143889e+00 1.755848921550317243e+00
4.057810334926949203e+00 1.742462181254777143e+00
4.057810334927173024e+00 1.742462181254493592e+00
4.070591718070819098e+00 2.718643870550068731e-01
4.070591739022217936e+00 2.684942758722788647e-01
4.087387357767097384e+00 1.632802579744688343e+00
4.087387357767195084e+00 1.632802579744361937e+00
4.099654955818834878e+00 1.477971272089074750e+00
4.099654955818912150e+00 1.477971272088156374e+00
4.122338209744271786e+00 1.389424111419076402e+00
4.122338209744333959e+00 1.389424111419892638e+00
4.165686380100741992e+00 5.762916028849527361e-01
4.165686380100753539e+00 5.762916028872291374e-01
4.196017681125296939e+00 1.333748553142510618e+00
4.196017681125375098e+00 1.333748553142275250e+00
4.215988636895643182e+00 1.306287748917380087e+00
4.215988636895697361e+00 1.306287748917156266e+00
4.249858688816596342e+00 1.503792157485904779e+00
4.249858688816642527e+00 1.503792157485959402e+00
4.308234590999584057e+00 1.547682211273438080e+00
4.308234590999603597e+00 1.547682211273418318e+00
4.345987860584239471e+00 1.494915317807809840e+00
4.345987860584276774e+00 1.494915317807941957e+00
4.369772317035922171e+00 1.423461575133282642e+00
4.369772317035995002e+00 1.423461575133761148e+00
4.406152379479755687e+00 1.149694383914842355e+00
4.411778122778230227e+00 1.138861127819497998e+00
4.448547551277937551e+00 1.461866644374670399e+00
4.448547551278219991e+00 1.461866644375054980e+00
4.472950707530533698e+00 1.512263039852375979e+00
4.472950707530686465e+00 1.512263039852450808e+00
4.512250557872018675e+00 1.485049786529498927e+00
4.512250557872027557e+00 1.485049786529506921e+00
4.574038364634656517e+00 1.516220586128742776e+00
4.574038364634673393e+00 1.516220586128754544e+00
4.609828635040257971e+00 1.679583194274059110e+00
4.609828635040339684e+00 1.679583194274135938e+00
4.630334562857626679e+00 1.692248642405034698e+00
4.630334562857735925e+00 1.692248642405040027e+00
4.659363796210882036e+00 1.626861607474123506e-01
4.659363796211988706e+00 1.626737941047735614e-01
4.687551882185695185e+00 1.674300382999918568e+00
4.687551882185700514e+00 1.674300382999878156e+00
4.937855662331650741e+00 1.629446444279882833e+00
4.937855662331687157e+00 1.629446444279916584e+00
4.944630676256735136e+00 1.670995503887224842e+00
4.964330928786998776e+00 7.647512393289764010e-02
4.964330928790925412e+00 7.649759142694018133e-02
4.991272647057134471e+00 1.615020593829979312e+00
4.991272647057150458e+00 1.615020593829848972e+00
5.010113767807141905e+00 1.573225338975438703e+00
5.010113767807228058e+00 1.573225338975188681e+00
5.042639024929611580e+00 1.446477149412220164e+00
5.042639024929665759e+00 1.446477149411940832e+00
5.097796971097375618e+00 1.413077012992024040e+00
5.097796971097426244e+00 1.413077012992277171e+00
5.132297385298463688e+00 1.484492636427568790e+00
5.132297385298572934e+00 1.484492636427597878e+00
5.153530588574779081e+00 1.447744710253653810e+00
5.153530588575010007e+00 1.447744710252866218e+00
5.187439598462451507e+00 7.621381264453980231e-01
5.187590339220554903e+00 7.569701738248195699e-01
5.220791673521691045e+00 1.485823893138323415e+00
5.220791673521913978e+00 1.485823893139257335e+00
5.240870151505551355e+00 1.546746368835425711e+00
5.240870151505646390e+00 1.546746368835635321e+00
5.272257060991420552e+00 1.583675075464595627e+00
5.272257060991420552e+00 1.583675075464600512e+00
5.317522497673685677e+00 1.559151902772152321e+00
5.317522497673706994e+00 1.559151902772121900e+00
5.334985194529634711e+00 1.497484656901402644e+00
5.334985194529697772e+00 1.497484656901321376e+00
5.404747568538039282e+00 1.526252510966624287e+00
5.404747568538073921e+00 1.526252510966498166e+00
5.420596218163115765e+00 1.429373987170048377e+00
5.420596218163132640e+00 1.429373987170024618e+00
5.459062197954072104e+00 1.670433103870355485e+00
5.459062197954072992e+00 1.670433103870345271e+00
5.483713829909074633e+00 1.659344112314665720e+00
5.483713829909101278e+00 1.659344112314638187e+00
5.498693017481600442e+00 1.641471549018157505e+00
5.498693017481623535e+00 1.641471549018224119e+00
5.522263312177388528e+00 4.009732778636245221e-01
5.522264533543333798e+00 3.989192828445179417e-01
5.544848271454349664e+00 1.643080638840605179e+00
5.544848271454475785e+00 1.643080638840646257e+00
5.558256146653341112e+00 1.566504183981216380e+00
5.558256146653413055e+00 1.566504183980877540e+00
5.578939170463698360e+00 1.481573181751269175e+00
5.578939170463714348e+00 1.481573181751207446e+00
5.610627208276132372e+00 1.480153920059560591e+00
5.610627208276139477e+00 1.480153920059549710e+00
5.628146093352256685e+00 1.591167892880228862e+00
5.628146093352313528e+00 1.591167892880422485e+00
5.638401328387282696e+00 1.582492668894762256e+00
5.638401328387340428e+00 1.582492668894669219e+00
5.653982992547319064e+00 1.391944380801751202e-01
5.653982992968733967e+00 1.366621358794442853e-01
5.668281780345270526e+00 1.460356171720102347e+00
5.668281780345286514e+00 1.460356171719589424e+00
5.676466903271104592e+00 1.334650544532236971e+00
5.676466903271134790e+00 1.334650544531831740e+00
5.688651014675751405e+00 1.337892823419336796e+00
5.688651014675754070e+00 1.337892823418982191e+00
5.705539190374257608e+00 1.761479212182370246e-01
5.705539190374264713e+00 1.761479277410448463e-01
5.714219062739129384e+00 1.307800930219089608e+00
5.714219062739141819e+00 1.307800930218296243e+00
5.718907326735750196e+00 1.309455624058653678e+00
5.718907326735761742e+00 1.309455624059514545e+00
5.725394089182832325e+00 1.562196345759336857e+00
5.725394089182837654e+00 1.562196345759427896e+00
5.733000196271696325e+00 1.734355800581751206e+00
5.733000196271702542e+00 1.734355800581763862e+00
5.735908645962116026e+00 1.758438903747267856e+00
5.735908645962124019e+00 1.758438903747230997e+00
5.737020034980545802e+00 1.767045402048134761e+00
5.737020034980562677e+00 1.767045402048049940e+00
5.737707037993806658e+00 1.772222536702551476e+00
