-5.000000000000000000e-01 -7.794228634059945371e+00 0.000000000000000000e+00 1.667279619534944857e-04
5.000000000000000000e-01 -7.794228634059945371e+00 0.000000000000000000e+00 -1.667275099390685966e-04
-2.000000000000000000e+00 -6.928203230275506996e+00 0.000000000000000000e+00 1.667277916597154075e-04
-1.000000000000000000e+00 -6.928203230275506996e+00 0.000000000000000000e+00 -1.667283639433803089e-04
1.000000000000000000e+00 -6.928203230275506996e+00 0.000000000000000000e+00 1.667287409070628001e-04
2.000000000000000000e+00 -6.928203230275506996e+00 0.000000000000000000e+00 -1.667291710916174452e-04
-5.000000000000000000e-01 -6.062177826491068622e+00 0.000000000000000000e+00 1.667297149617885665e-04
5.000000000000000000e-01 -6.062177826491068622e+00 0.000000000000000000e+00 -1.667291645072177531e-04
-3.500000000000000000e+00 -6.062177826491068622e+00 0.000000000000000000e+00 1.667279619534944857e-04
-2.500000000000000000e+00 -6.062177826491068622e+00 0.000000000000000000e+00 -1.667275099390685966e-04
-5.000000000000000000e+00 -5.196152422706630247e+00 0.000000000000000000e+00 1.667277916597154075e-04
-4.000000000000000000e+00 -5.196152422706630247e+00 0.000000000000000000e+00 -1.667283639433803089e-04
-2.000000000000000000e+00 -5.196152422706630247e+00 0.000000000000000000e+00 1.667287409070628001e-04
-1.000000000000000000e+00 -5.196152422706630247e+00 0.000000000000000000e+00 -1.667291710916174452e-04
-3.500000000000000000e+00 -4.330127018922190985e+00 0.000000000000000000e+00 1.667297149617885665e-04
-2.500000000000000000e+00 -4.330127018922190985e+00 0.000000000000000000e+00 -1.667291645072177531e-04
-6.500000000000000000e+00 -4.330127018922190985e+00 0.000000000000000000e+00 1.667279619534944857e-04
-5.500000000000000000e+00 -4.330127018922190985e+00 0.000000000000000000e+00 -1.667275099390685966e-04
-8.000000000000000000e+00 -3.464101615137752610e+00 0.000000000000000000e+00 1.667277916597154075e-04
-7.000000000000000000e+00 -3.464101615137752610e+00 0.000000000000000000e+00 -1.667283639433803089e-04
-5.000000000000000000e+00 -3.464101615137752610e+00 0.000000000000000000e+00 1.667287409070628001e-04
-4.000000000000000000e+00 -3.464101615137752610e+00 0.000000000000000000e+00 -1.667291710916174452e-04
-6.500000000000000000e+00 -2.598076211353314235e+00 0.000000000000000000e+00 1.667297149617885665e-04
-5.500000000000000000e+00 -2.598076211353314235e+00 0.000000000000000000e+00 -1.667291645072177531e-04
-9.500000000000000000e+00 -2.598076211353313347e+00 0.000000000000000000e+00 1.667279619534944857e-04
-8.500000000000000000e+00 -2.598076211353313347e+00 0.000000000000000000e+00 -1.667275099390685966e-04
-1.100000000000000000e+01 -1.732050807568874751e+00 0.000000000000000000e+00 1.667277916597154075e-04
-1.000000000000000000e+01 -1.732050807568874751e+00 0.000000000000000000e+00 -1.667283639433803089e-04
-8.000000000000000000e+00 -1.732050807568874751e+00 0.000000000000000000e+00 1.667287409070628001e-04
-7.000000000000000000e+00 -1.732050807568874751e+00 0.000000000000000000e+00 -1.667291710916174452e-04
-9.500000000000000000e+00 -8.660254037844363761e-01 0.000000000000000000e+00 1.667297149617885665e-04
-8.500000000000000000e+00 -8.660254037844363761e-01 0.000000000000000000e+00 -1.667291645072177531e-04
-1.250000000000000000e+01 -8.660254037844363761e-01 0.000000000000000000e+00 1.667279619534944857e-04
-1.150000000000000000e+01 -8.660254037844363761e-01 0.000000000000000000e+00 -1.667275099390685966e-04
-1.400000000000000000e+01 1.962874307537276732e-15 0.000000000000000000e+00 1.667277916597154075e-04
-1.300000000000000000e+01 1.962874307537276732e-15 0.000000000000000000e+00 -1.667283639433803089e-04
-1.100000000000000000e+01 1.962874307537276732e-15 0.000000000000000000e+00 1.667287409070628001e-04
-1.000000000000000000e+01 1.962874307537276732e-15 0.000000000000000000e+00 -1.667291710916174452e-04
-1.250000000000000000e+01 8.660254037844403729e-01 0.000000000000000000e+00 1.667297149617885665e-04
-1.150000000000000000e+01 8.660254037844403729e-01 0.000000000000000000e+00 -1.667291645072177531e-04
2.500000000000000000e+00 -6.062177826491068622e+00 0.000000000000000000e+00 1.667279619534944857e-04
3.500000000000000000e+00 -6.062177826491068622e+00 0.000000000000000000e+00 -1.667275099390685966e-04
1.000000000000000000e+00 -5.196152422706630247e+00 0.000000000000000000e+00 1.667277916597154075e-04
2.000000000000000000e+00 -5.196152422706630247e+00 0.000000000000000000e+00 -1.667283639433803089e-04
4.000000000000000000e+00 -5.196152422706630247e+00 0.000000000000000000e+00 1.667287409070628001e-04
5.000000000000000000e+00 -5.196152422706630247e+00 0.000000000000000000e+00 -1.667291710916174452e-04
2.500000000000000000e+00 -4.330127018922190985e+00 0.000000000000000000e+00 1.667297149617885665e-04
3.500000000000000000e+00 -4.330127018922190985e+00 0.000000000000000000e+00 -1.667291645072177531e-04
-5.000000000000000000e-01 -4.330127018922190985e+00 0.000000000000000000e+00 1.667279619534944857e-04
5.000000000000000000e-01 -4.330127018922190985e+00 0.000000000000000000e+00 -1.667275099390685966e-04
-2.000000000000000000e+00 -3.464101615137752610e+00 0.000000000000000000e+00 1.667277916597154075e-04
-1.000000000000000000e+00 -3.464101615137752610e+00 0.000000000000000000e+00 -1.667283639433803089e-04
1.000000000000000000e+00 -3.464101615137752610e+00 0.000000000000000000e+00 1.667287409070628001e-04
2.000000000000000000e+00 -3.464101615137752610e+00 0.000000000000000000e+00 -1.667291710916174452e-04
-5.000000000000000000e-01 -2.598076211353314235e+00 0.000000000000000000e+00 1.667297149617885665e-04
5.000000000000000000e-01 -2.598076211353314235e+00 0.000000000000000000e+00 -1.667291645072177531e-04
-3.500000000000000000e+00 -2.598076211353313347e+00 0.000000000000000000e+00 1.667279619534944857e-04
-2.500000000000000000e+00 -2.598076211353313347e+00 0.000000000000000000e+00 -1.667275099390685966e-04
-5.000000000000000000e+00 -1.732050807568874751e+00 0.000000000000000000e+00 1.667277916597154075e-04
-4.000000000000000000e+00 -1.732050807568874751e+00 0.000000000000000000e+00 -1.667283639433803089e-04
-2.000000000000000000e+00 -1.732050807568874751e+00 0.000000000000000000e+00 1.667287409070628001e-04
-1.000000000000000000e+00 -1.732050807568874751e+00 0.000000000000000000e+00 -1.667291710916174452e-04
-3.500000000000000000e+00 -8.660254037844363761e-01 0.000000000000000000e+00 1.667297149617885665e-04
-2.500000000000000000e+00 -8.660254037844363761e-01 0.000000000000000000e+00 -1.667291645072177531e-04
-6.500000000000000000e+00 -8.660254037844363761e-01 0.000000000000000000e+00 1.667279619534944857e-04
-5.500000000000000000e+00 -8.660254037844363761e-01 0.000000000000000000e+00 -1.667275099390685966e-04
-8.000000000000000000e+00 1.962874307537276732e-15 0.000000000000000000e+00 1.667277916597154075e-04
-7.000000000000000000e+00 1.962874307537276732e-15 0.000000000000000000e+00 -1.667283639433803089e-04
-5.000000000000000000e+00 1.962874307537276732e-15 0.000000000000000000e+00 1.667287409070628001e-04
-4.000000000000000000e+00 1.962874307537276732e-15 0.000000000000000000e+00 -1.667291710916174452e-04
-6.500000000000000000e+00 8.660254037844403729e-01 0.000000000000000000e+00 1.667297149617885665e-04
-5.500000000000000000e+00 8.660254037844403729e-01 0.000000000000000000e+00 -1.667291645072177531e-04
-9.500000000000000000e+00 8.660254037844403729e-01 0.000000000000000000e+00 1.667279619534944857e-04
-8.500000000000000000e+00 8.660254037844403729e-01 0.000000000000000000e+00 -1.667275099390685966e-04
-1.100000000000000000e+01 1.732050807568878747e+00 0.000000000000000000e+00 1.667277916597154075e-04
-1.000000000000000000e+01 1.732050807568878747e+00 0.000000000000000000e+00 -1.667283639433803089e-04
-8.000000000000000000e+00 1.732050807568878747e+00 0.000000000000000000e+00 1.667287409070628001e-04
-7.000000000000000000e+00 1.732050807568878747e+00 0.000000000000000000e+00 -1.667291710916174452e-04
-9.500000000000000000e+00 2.598076211353317788e+00 0.000000000000000000e+00 1.667297149617885665e-04
-8.500000000000000000e+00 2.598076211353317788e+00 0.000000000000000000e+00 -1.667291645072177531e-04
5.500000000000000000e+00 -4.330127018922190985e+00 0.000000000000000000e+00 1.667279619534944857e-04
6.500000000000000000e+00 -4.330127018922190985e+00 0.000000000000000000e+00 -1.667275099390685966e-04
4.000000000000000000e+00 -3.464101615137752610e+00 0.000000000000000000e+00 1.667277916597154075e-04
5.000000000000000000e+00 -3.464101615137752610e+00 0.000000000000000000e+00 -1.667283639433803089e-04
7.000000000000000000e+00 -3.464101615137752610e+00 0.000000000000000000e+00 1.667287409070628001e-04
8.000000000000000000e+00 -3.464101615137752610e+00 0.000000000000000000e+00 -1.667291710916174452e-04
5.500000000000000000e+00 -2.598076211353314235e+00 0.000000000000000000e+00 1.667297149617885665e-04
6.500000000000000000e+00 -2.598076211353314235e+00 0.000000000000000000e+00 -1.667291645072177531e-04
2.500000000000000000e+00 -2.598076211353313347e+00 0.000000000000000000e+00 1.667279619534944857e-04
3.500000000000000000e+00 -2.598076211353313347e+00 0.000000000000000000e+00 -1.667275099390685966e-04
1.000000000000000000e+00 -1.732050807568874751e+00 0.000000000000000000e+00 1.667277916597154075e-04
2.000000000000000000e+00 -1.732050807568874751e+00 0.000000000000000000e+00 -1.667283639433803089e-04
4.000000000000000000e+00 -1.732050807568874751e+00 0.000000000000000000e+00 1.667287409070628001e-04
5.000000000000000000e+00 -1.732050807568874751e+00 0.000000000000000000e+00 -1.667291710916174452e-04
2.500000000000000000e+00 -8.660254037844363761e-01 0.000000000000000000e+00 1.667297149617885665e-04
3.500000000000000000e+00 -8.660254037844363761e-01 0.000000000000000000e+00 -1.667291645072177531e-04
-5.000000000000000000e-01 -8.660254037844363761e-01 0.000000000000000000e+00 1.667279619534944857e-04
5.000000000000000000e-01 -8.660254037844363761e-01 0.000000000000000000e+00 -1.667275099390685966e-04
-2.000000000000000000e+00 1.962874307537276732e-15 0.000000000000000000e+00 1.667277916597154075e-04
-1.000000000000000000e+00 1.962874307537276732e-15 0.000000000000000000e+00 -1.667283639433803089e-04
1.000000000000000000e+00 1.962874307537276732e-15 0.000000000000000000e+00 1.667287409070628001e-04
2.000000000000000000e+00 1.962874307537276732e-15 0.000000000000000000e+00 -1.667291710916174452e-04
-5.000000000000000000e-01 8.660254037844403729e-01 0.000000000000000000e+00 1.667297149617885665e-04
5.000000000000000000e-01 8.660254037844403729e-01 0.000000000000000000e+00 -1.667291645072177531e-04
-3.500000000000000000e+00 8.660254037844403729e-01 0.000000000000000000e+00 1.667279619534944857e-04
-2.500000000000000000e+00 8.660254037844403729e-01 0.000000000000000000e+00 -1.667275099390685966e-04
-5.000000000000000000e+00 1.732050807568878747e+00 0.000000000000000000e+00 1.667277916597154075e-04
-4.000000000000000000e+00 1.732050807568878747e+00 0.000000000000000000e+00 -1.667283639433803089e-04
-2.000000000000000000e+00 1.732050807568878747e+00 0.000000000000000000e+00 1.667287409070628001e-04
-1.000000000000000000e+00 1.732050807568878747e+00 0.000000000000000000e+00 -1.667291710916174452e-04
-3.500000000000000000e+00 2.598076211353317788e+00 0.000000000000000000e+00 1.667297149617885665e-04
-2.500000000000000000e+00 2.598076211353317788e+00 0.000000000000000000e+00 -1.667291645072177531e-04
-6.500000000000000000e+00 2.598076211353317788e+00 0.000000000000000000e+00 1.667279619534944857e-04
-5.500000000000000000e+00 2.598076211353317788e+00 0.000000000000000000e+00 -1.667275099390685966e-04
-8.000000000000000000e+00 3.464101615137757051e+00 0.000000000000000000e+00 1.667277916597154075e-04
-7.000000000000000000e+00 3.464101615137757051e+00 0.000000000000000000e+00 -1.667283639433803089e-04
-5.000000000000000000e+00 3.464101615137757051e+00 0.000000000000000000e+00 1.667287409070628001e-04
-4.000000000000000000e+00 3.464101615137757051e+00 0.000000000000000000e+00 -1.667291710916174452e-04
-6.500000000000000000e+00 4.330127018922196314e+00 0.000000000000000000e+00 1.667297149617885665e-04
-5.500000000000000000e+00 4.330127018922196314e+00 0.000000000000000000e+00 -1.667291645072177531e-04
8.500000000000000000e+00 -2.598076211353313347e+00 0.000000000000000000e+00 1.667279619534944857e-04
9.500000000000000000e+00 -2.598076211353313347e+00 0.000000000000000000e+00 -1.667275099390685966e-04
7.000000000000000000e+00 -1.732050807568874751e+00 0.000000000000000000e+00 1.667277916597154075e-04
8.000000000000000000e+00 -1.732050807568874751e+00 0.000000000000000000e+00 -1.667283639433803089e-04
1.000000000000000000e+01 -1.732050807568874751e+00 0.000000000000000000e+00 1.667287409070628001e-04
1.100000000000000000e+01 -1.732050807568874751e+00 0.000000000000000000e+00 -1.667291710916174452e-04
8.500000000000000000e+00 -8.660254037844363761e-01 0.000000000000000000e+00 1.667297149617885665e-04
9.500000000000000000e+00 -8.660254037844363761e-01 0.000000000000000000e+00 -1.667291645072177531e-04
5.500000000000000000e+00 -8.660254037844363761e-01 0.000000000000000000e+00 1.667279619534944857e-04
6.500000000000000000e+00 -8.660254037844363761e-01 0.000000000000000000e+00 -1.667275099390685966e-04
4.000000000000000000e+00 1.962874307537276732e-15 0.000000000000000000e+00 1.667277916597154075e-04
5.000000000000000000e+00 1.962874307537276732e-15 0.000000000000000000e+00 -1.667283639433803089e-04
7.000000000000000000e+00 1.962874307537276732e-15 0.000000000000000000e+00 1.667287409070628001e-04
8.000000000000000000e+00 1.962874307537276732e-15 0.000000000000000000e+00 -1.667291710916174452e-04
5.500000000000000000e+00 8.660254037844403729e-01 0.000000000000000000e+00 1.667297149617885665e-04
6.500000000000000000e+00 8.660254037844403729e-01 0.000000000000000000e+00 -1.667291645072177531e-04
2.500000000000000000e+00 8.660254037844403729e-01 0.000000000000000000e+00 1.667279619534944857e-04
3.500000000000000000e+00 8.660254037844403729e-01 0.000000000000000000e+00 -1.667275099390685966e-04
1.000000000000000000e+00 1.732050807568878747e+00 0.000000000000000000e+00 1.667277916597154075e-04
2.000000000000000000e+00 1.732050807568878747e+00 0.000000000000000000e+00 -1.667283639433803089e-04
4.000000000000000000e+00 1.732050807568878747e+00 0.000000000000000000e+00 1.667287409070628001e-04
5.000000000000000000e+00 1.732050807568878747e+00 0.000000000000000000e+00 -1.667291710916174452e-04
2.500000000000000000e+00 2.598076211353317788e+00 0.000000000000000000e+00 1.667297149617885665e-04
3.500000000000000000e+00 2.598076211353317788e+00 0.000000000000000000e+00 -1.667291645072177531e-04
-5.000000000000000000e-01 2.598076211353317788e+00 0.000000000000000000e+00 1.667279619534944857e-04
5.000000000000000000e-01 2.598076211353317788e+00 0.000000000000000000e+00 -1.667275099390685966e-04
-2.000000000000000000e+00 3.464101615137757051e+00 0.000000000000000000e+00 1.667277916597154075e-04
-1.000000000000000000e+00 3.464101615137757051e+00 0.000000000000000000e+00 -1.667283639433803089e-04
1.000000000000000000e+00 3.464101615137757051e+00 0.000000000000000000e+00 1.667287409070628001e-04
2.000000000000000000e+00 3.464101615137757051e+00 0.000000000000000000e+00 -1.667291710916174452e-04
-5.000000000000000000e-01 4.330127018922196314e+00 0.000000000000000000e+00 1.667297149617885665e-04
5.000000000000000000e-01 4.330127018922196314e+00 0.000000000000000000e+00 -1.667291645072177531e-04
-3.500000000000000000e+00 4.330127018922194537e+00 0.000000000000000000e+00 1.667279619534944857e-04
-2.500000000000000000e+00 4.330127018922194537e+00 0.000000000000000000e+00 -1.667275099390685966e-04
-5.000000000000000000e+00 5.196152422706633800e+00 0.000000000000000000e+00 1.667277916597154075e-04
-4.000000000000000000e+00 5.196152422706633800e+00 0.000000000000000000e+00 -1.667283639433803089e-04
-2.000000000000000000e+00 5.196152422706633800e+00 0.000000000000000000e+00 1.667287409070628001e-04
-1.000000000000000000e+00 5.196152422706633800e+00 0.000000000000000000e+00 -1.667291710916174452e-04
-3.500000000000000000e+00 6.062177826491073063e+00 0.000000000000000000e+00 1.667297149617885665e-04
-2.500000000000000000e+00 6.062177826491073063e+00 0.000000000000000000e+00 -1.667291645072177531e-04
1.150000000000000000e+01 -8.660254037844363761e-01 0.000000000000000000e+00 1.667279619534944857e-04
1.250000000000000000e+01 -8.660254037844363761e-01 0.000000000000000000e+00 -1.667275099390685966e-04
1.000000000000000000e+01 1.962874307537276732e-15 0.000000000000000000e+00 1.667277916597154075e-04
1.100000000000000000e+01 1.962874307537276732e-15 0.000000000000000000e+00 -1.667283639433803089e-04
1.300000000000000000e+01 1.962874307537276732e-15 0.000000000000000000e+00 1.667287409070628001e-04
1.400000000000000000e+01 1.962874307537276732e-15 0.000000000000000000e+00 -1.667291710916174452e-04
1.150000000000000000e+01 8.660254037844403729e-01 0.000000000000000000e+00 1.667297149617885665e-04
1.250000000000000000e+01 8.660254037844403729e-01 0.000000000000000000e+00 -1.667291645072177531e-04
8.500000000000000000e+00 8.660254037844403729e-01 0.000000000000000000e+00 1.667279619534944857e-04
9.500000000000000000e+00 8.660254037844403729e-01 0.000000000000000000e+00 -1.667275099390685966e-04
7.000000000000000000e+00 1.732050807568878747e+00 0.000000000000000000e+00 1.667277916597154075e-04
8.000000000000000000e+00 1.732050807568878747e+00 0.000000000000000000e+00 -1.667283639433803089e-04
1.000000000000000000e+01 1.732050807568878747e+00 0.000000000000000000e+00 1.667287409070628001e-04
1.100000000000000000e+01 1.732050807568878747e+00 0.000000000000000000e+00 -1.667291710916174452e-04
8.500000000000000000e+00 2.598076211353317788e+00 0.000000000000000000e+00 1.667297149617885665e-04
9.500000000000000000e+00 2.598076211353317788e+00 0.000000000000000000e+00 -1.667291645072177531e-04
5.500000000000000000e+00 2.598076211353317788e+00 0.000000000000000000e+00 1.667279619534944857e-04
6.500000000000000000e+00 2.598076211353317788e+00 0.000000000000000000e+00 -1.667275099390685966e-04
4.000000000000000000e+00 3.464101615137757051e+00 0.000000000000000000e+00 1.667277916597154075e-04
5.000000000000000000e+00 3.464101615137757051e+00 0.000000000000000000e+00 -1.667283639433803089e-04
7.000000000000000000e+00 3.464101615137757051e+00 0.000000000000000000e+00 1.667287409070628001e-04
8.000000000000000000e+00 3.464101615137757051e+00 0.000000000000000000e+00 -1.667291710916174452e-04
5.500000000000000000e+00 4.330127018922196314e+00 0.000000000000000000e+00 1.667297149617885665e-04
6.500000000000000000e+00 4.330127018922196314e+00 0.000000000000000000e+00 -1.667291645072177531e-04
2.500000000000000000e+00 4.330127018922194537e+00 0.000000000000000000e+00 1.667279619534944857e-04
3.500000000000000000e+00 4.330127018922194537e+00 0.000000000000000000e+00 -1.667275099390685966e-04
1.000000000000000000e+00 5.196152422706633800e+00 0.000000000000000000e+00 1.667277916597154075e-04
2.000000000000000000e+00 5.196152422706633800e+00 0.000000000000000000e+00 -1.667283639433803089e-04
4.000000000000000000e+00 5.196152422706633800e+00 0.000000000000000000e+00 1.667287409070628001e-04
5.000000000000000000e+00 5.196152422706633800e+00 0.000000000000000000e+00 -1.667291710916174452e-04
2.500000000000000000e+00 6.062177826491073063e+00 0.000000000000000000e+00 1.667297149617885665e-04
3.500000000000000000e+00 6.062177826491073063e+00 0.000000000000000000e+00 -1.667291645072177531e-04
-5.000000000000000000e-01 6.062177826491071286e+00 0.000000000000000000e+00 1.667279619534944857e-04
5.000000000000000000e-01 6.062177826491071286e+00 0.000000000000000000e+00 -1.667275099390685966e-04
-2.000000000000000000e+00 6.928203230275510549e+00 0.000000000000000000e+00 1.667277916597154075e-04
-1.000000000000000000e+00 6.928203230275510549e+00 0.000000000000000000e+00 -1.667283639433803089e-04
1.000000000000000000e+00 6.928203230275510549e+00 0.000000000000000000e+00 1.667287409070628001e-04
2.000000000000000000e+00 6.928203230275510549e+00 0.000000000000000000e+00 -1.667291710916174452e-04
-5.000000000000000000e-01 7.794228634059949812e+00 0.000000000000000000e+00 1.667297149617885665e-04
5.000000000000000000e-01 7.794228634059949812e+00 0.000000000000000000e+00 -1.667291645072177531e-04
