1    1.7374748301415386
2    0.2870690926527306
3    0.12661172161333561
4    0.09917844209092144
5    0.08008189713615889
6    0.0647044489006851
7    0.051550184666243795
8    0.040253070861948216
9    0.030781455803063438
10    0.02309684102717851
11    0.017058037019183802
12    0.012440177384197428
13    0.00898490638413679
14    0.006442315901885267
15    0.004594533126075891
16    0.003263955800440818
17    0.002312183968280863
18    0.001634639641805783
19    0.001153970251161338
20    0.0008138067052984994
21    0.0005734977753368237
22    0.0004039416597889328
23    0.00028441201091600297
24    0.00020020112431016915
25    0.0001408990648428023
26    9.91507967440379e-05
27    6.97666855527471e-05
28    4.908805658993959e-05
29    3.453733896084439e-05
30    2.4299337423933587e-05
31    1.7096152604455904e-05
32    1.5308064985397607e-05
33    1.4486078326436669e-05
34    1.3710485509577097e-05
35    1.2977784671130976e-05
36    1.2285067715556153e-05
37    1.1629827509240798e-05
38    1.1009839285813783e-05
39    1.0423086850064323e-05
40    9.867715992983861e-06
