-3.666669999999999874e+00 -3.333330000000000126e+00 0.000000000000000000e+00 -0.000000000000000000e+00 0.000000000000000000e+00 -1.409700000000000120e-01
-2.666669999999999874e+00 -3.333330000000000126e+00 0.000000000000000000e+00 0.000000000000000000e+00 -0.000000000000000000e+00 1.000000000000000048e-04
-2.666669999999999874e+00 -2.333330000000000126e+00 0.000000000000000000e+00 -0.000000000000000000e+00 0.000000000000000000e+00 -1.409700000000000120e-01
-3.666669999999999874e+00 -1.333329999999999904e+00 0.000000000000000000e+00 -0.000000000000000000e+00 0.000000000000000000e+00 -1.409700000000000120e-01
-2.666669999999999874e+00 -1.333329999999999904e+00 0.000000000000000000e+00 0.000000000000000000e+00 -0.000000000000000000e+00 1.000000000000000048e-04
-2.666669999999999874e+00 -3.333300000000000152e-01 0.000000000000000000e+00 -0.000000000000000000e+00 0.000000000000000000e+00 -1.409700000000000120e-01
-3.666669999999999874e+00 6.666699999999999848e-01 0.000000000000000000e+00 -0.000000000000000000e+00 0.000000000000000000e+00 -1.409700000000000120e-01
-2.666669999999999874e+00 6.666699999999999848e-01 0.000000000000000000e+00 0.000000000000000000e+00 -0.000000000000000000e+00 1.000000000000000048e-04
-2.666669999999999874e+00 1.666670000000000096e+00 0.000000000000000000e+00 -0.000000000000000000e+00 0.000000000000000000e+00 -1.409700000000000120e-01
-3.666669999999999874e+00 2.666669999999999874e+00 0.000000000000000000e+00 -0.000000000000000000e+00 0.000000000000000000e+00 -1.409700000000000120e-01
-2.666669999999999874e+00 2.666669999999999874e+00 0.000000000000000000e+00 0.000000000000000000e+00 -0.000000000000000000e+00 1.000000000000000048e-04
-2.666669999999999874e+00 3.666669999999999874e+00 0.000000000000000000e+00 -0.000000000000000000e+00 0.000000000000000000e+00 -1.409700000000000120e-01
-1.666670000000000096e+00 -3.333330000000000126e+00 0.000000000000000000e+00 -0.000000000000000000e+00 0.000000000000000000e+00 -1.409700000000000120e-01
-6.666699999999999848e-01 -3.333330000000000126e+00 0.000000000000000000e+00 0.000000000000000000e+00 -0.000000000000000000e+00 1.000000000000000048e-04
-6.666699999999999848e-01 -2.333330000000000126e+00 0.000000000000000000e+00 -0.000000000000000000e+00 0.000000000000000000e+00 -1.409700000000000120e-01
-1.666670000000000096e+00 -1.333329999999999904e+00 0.000000000000000000e+00 -0.000000000000000000e+00 0.000000000000000000e+00 -1.409700000000000120e-01
-6.666699999999999848e-01 -1.333329999999999904e+00 0.000000000000000000e+00 0.000000000000000000e+00 -0.000000000000000000e+00 1.000000000000000048e-04
-6.666699999999999848e-01 -3.333300000000000152e-01 0.000000000000000000e+00 -0.000000000000000000e+00 0.000000000000000000e+00 -1.409700000000000120e-01
-1.666670000000000096e+00 6.666699999999999848e-01 0.000000000000000000e+00 -0.000000000000000000e+00 0.000000000000000000e+00 -1.409700000000000120e-01
-6.666699999999999848e-01 6.666699999999999848e-01 0.000000000000000000e+00 0.000000000000000000e+00 -0.000000000000000000e+00 1.000000000000000048e-04
-6.666699999999999848e-01 1.666670000000000096e+00 0.000000000000000000e+00 -0.000000000000000000e+00 0.000000000000000000e+00 -1.409700000000000120e-01
-1.666670000000000096e+00 2.666669999999999874e+00 0.000000000000000000e+00 -0.000000000000000000e+00 0.000000000000000000e+00 -1.409700000000000120e-01
-6.666699999999999848e-01 2.666669999999999874e+00 0.000000000000000000e+00 0.000000000000000000e+00 -0.000000000000000000e+00 1.000000000000000048e-04
-6.666699999999999848e-01 3.666669999999999874e+00 0.000000000000000000e+00 -0.000000000000000000e+00 0.000000000000000000e+00 -1.409700000000000120e-01
3.333300000000000152e-01 -3.333330000000000126e+00 0.000000000000000000e+00 -0.000000000000000000e+00 0.000000000000000000e+00 -1.409700000000000120e-01
1.333329999999999904e+00 -3.333330000000000126e+00 0.000000000000000000e+00 0.000000000000000000e+00 -0.000000000000000000e+00 1.000000000000000048e-04
1.333329999999999904e+00 -2.333330000000000126e+00 0.000000000000000000e+00 -0.000000000000000000e+00 0.000000000000000000e+00 -1.409700000000000120e-01
3.333300000000000152e-01 -1.333329999999999904e+00 0.000000000000000000e+00 -0.000000000000000000e+00 0.000000000000000000e+00 -1.409700000000000120e-01
1.333329999999999904e+00 -1.333329999999999904e+00 0.000000000000000000e+00 0.000000000000000000e+00 -0.000000000000000000e+00 1.000000000000000048e-04
1.333329999999999904e+00 -3.333300000000000152e-01 0.000000000000000000e+00 -0.000000000000000000e+00 0.000000000000000000e+00 -1.409700000000000120e-01
3.333300000000000152e-01 6.666699999999999848e-01 0.000000000000000000e+00 -0.000000000000000000e+00 0.000000000000000000e+00 -1.409700000000000120e-01
1.333329999999999904e+00 6.666699999999999848e-01 0.000000000000000000e+00 0.000000000000000000e+00 -0.000000000000000000e+00 1.000000000000000048e-04
1.333329999999999904e+00 1.666670000000000096e+00 0.000000000000000000e+00 -0.000000000000000000e+00 0.000000000000000000e+00 -1.409700000000000120e-01
3.333300000000000152e-01 2.666669999999999874e+00 0.000000000000000000e+00 -0.000000000000000000e+00 0.000000000000000000e+00 -1.409700000000000120e-01
1.333329999999999904e+00 2.666669999999999874e+00 0.000000000000000000e+00 0.000000000000000000e+00 -0.000000000000000000e+00 1.000000000000000048e-04
1.333329999999999904e+00 3.666669999999999874e+00 0.000000000000000000e+00 -0.000000000000000000e+00 0.000000000000000000e+00 -1.409700000000000120e-01
2.333330000000000126e+00 -3.333330000000000126e+00 0.000000000000000000e+00 -0.000000000000000000e+00 0.000000000000000000e+00 -1.409700000000000120e-01
3.333330000000000126e+00 -3.333330000000000126e+00 0.000000000000000000e+00 0.000000000000000000e+00 -0.000000000000000000e+00 1.000000000000000048e-04
3.333330000000000126e+00 -2.333330000000000126e+00 0.000000000000000000e+00 -0.000000000000000000e+00 0.000000000000000000e+00 -1.409700000000000120e-01
2.333330000000000126e+00 -1.333329999999999904e+00 0.000000000000000000e+00 -0.000000000000000000e+00 0.000000000000000000e+00 -1.409700000000000120e-01
3.333330000000000126e+00 -1.333329999999999904e+00 0.000000000000000000e+00 0.000000000000000000e+00 -0.000000000000000000e+00 1.000000000000000048e-04
3.333330000000000126e+00 -3.333300000000000152e-01 0.000000000000000000e+00 -0.000000000000000000e+00 0.000000000000000000e+00 -1.409700000000000120e-01
2.333330000000000126e+00 6.666699999999999848e-01 0.000000000000000000e+00 -0.000000000000000000e+00 0.000000000000000000e+00 -1.409700000000000120e-01
3.333330000000000126e+00 6.666699999999999848e-01 0.000000000000000000e+00 0.000000000000000000e+00 -0.000000000000000000e+00 1.000000000000000048e-04
3.333330000000000126e+00 1.666670000000000096e+00 0.000000000000000000e+00 -0.000000000000000000e+00 0.000000000000000000e+00 -1.409700000000000120e-01
2.333330000000000126e+00 2.666669999999999874e+00 0.000000000000000000e+00 -0.000000000000000000e+00 0.000000000000000000e+00 -1.409700000000000120e-01
3.333330000000000126e+00 2.666669999999999874e+00 0.000000000000000000e+00 0.000000000000000000e+00 -0.000000000000000000e+00 1.000000000000000048e-04
3.333330000000000126e+00 3.666669999999999874e+00 0.000000000000000000e+00 -0.000000000000000000e+00 0.000000000000000000e+00 -1.409700000000000120e-01
