-0.5  -4.330127018922193  -0.5  -4.330127018922193  5.999999999999999
-0.5  -4.330127018922193  1.0  -3.4641016151377544  3.4641016151377544
-0.5  -4.330127018922193  -0.5  -2.5980762113533156  3.4641016151377544
0.5  -4.330127018922193  0.5  -4.330127018922193  5.999999999999999
0.5  -4.330127018922193  -1.0  -3.4641016151377544  3.4641016151377544
0.5  -4.330127018922193  0.5  -2.5980762113533156  3.4641016151377544
-2.0  -3.4641016151377544  -0.5  -2.5980762113533156  3.4641016151377544
-1.0  -3.4641016151377544  -1.0  -3.4641016151377544  5.999999999999999
-1.0  -3.4641016151377544  0.5  -2.5980762113533156  3.4641016151377544
-1.0  -3.4641016151377544  -1.0  -1.7320508075688767  3.4641016151377544
-3.5  -2.5980762113533156  -5.0  -1.7320508075688767  3.4641016151377544
-2.5  -2.5980762113533156  -1.0  -1.7320508075688767  3.4641016151377544
-5.0  -1.7320508075688767  -5.0  -1.7320508075688767  5.999999999999999
-5.0  -1.7320508075688767  -3.5  -0.8660254037844384  3.4641016151377544
-5.0  -1.7320508075688767  -5.0  4.9343245538895844e-17  3.4641016151377544
-4.0  -1.7320508075688767  -4.0  -1.7320508075688767  5.999999999999999
-4.0  -1.7320508075688767  -5.5  -0.8660254037844384  3.4641016151377544
-4.0  -1.7320508075688767  -4.0  4.9343245538895844e-17  3.4641016151377544
-6.5  -0.8660254037844384  -5.0  4.9343245538895844e-17  3.4641016151377544
-5.5  -0.8660254037844384  -5.5  -0.8660254037844384  5.999999999999999
-5.5  -0.8660254037844384  -4.0  4.9343245538895844e-17  3.4641016151377544
-5.5  -0.8660254037844384  -5.5  0.8660254037844384  3.4641016151377544
1.0  -3.4641016151377544  1.0  -3.4641016151377544  5.999999999999999
1.0  -3.4641016151377544  -0.5  -2.5980762113533156  3.4641016151377544
1.0  -3.4641016151377544  1.0  -1.7320508075688767  3.4641016151377544
2.0  -3.4641016151377544  0.5  -2.5980762113533156  3.4641016151377544
-0.5  -2.5980762113533156  -0.5  -2.5980762113533156  5.999999999999999
-0.5  -2.5980762113533156  -2.0  -1.7320508075688767  3.4641016151377544
0.5  -2.5980762113533156  0.5  -2.5980762113533156  5.999999999999999
0.5  -2.5980762113533156  2.0  -1.7320508075688767  3.4641016151377544
-2.0  -1.7320508075688767  -2.0  -1.7320508075688767  5.999999999999999
-2.0  -1.7320508075688767  -0.5  -0.8660254037844384  3.4641016151377544
-2.0  -1.7320508075688767  -2.0  4.9343245538895844e-17  3.4641016151377544
-1.0  -1.7320508075688767  -1.0  -1.7320508075688767  5.999999999999999
-1.0  -1.7320508075688767  -2.5  -0.8660254037844384  3.4641016151377544
-1.0  -1.7320508075688767  -1.0  4.9343245538895844e-17  3.4641016151377544
-3.5  -0.8660254037844384  -3.5  -0.8660254037844384  5.999999999999999
-3.5  -0.8660254037844384  -5.0  4.9343245538895844e-17  3.4641016151377544
-3.5  -0.8660254037844384  -2.0  4.9343245538895844e-17  3.4641016151377544
-3.5  -0.8660254037844384  -3.5  0.8660254037844393  3.4641016151377544
-2.5  -0.8660254037844384  -2.5  -0.8660254037844384  5.999999999999999
-2.5  -0.8660254037844384  -4.0  4.9343245538895844e-17  3.4641016151377544
-2.5  -0.8660254037844384  -1.0  4.9343245538895844e-17  3.4641016151377544
-2.5  -0.8660254037844384  -2.5  0.8660254037844393  3.4641016151377544
-5.0  4.9343245538895844e-17  -5.0  4.9343245538895844e-17  5.999999999999999
-4.0  4.9343245538895844e-17  -4.0  4.9343245538895844e-17  5.999999999999999
-4.0  4.9343245538895844e-17  -2.5  0.8660254037844393  3.4641016151377544
2.5  -2.5980762113533156  1.0  -1.7320508075688767  3.4641016151377544
3.5  -2.5980762113533156  5.0  -1.7320508075688767  3.4641016151377544
1.0  -1.7320508075688767  1.0  -1.7320508075688767  5.999999999999999
1.0  -1.7320508075688767  2.5  -0.8660254037844384  3.4641016151377544
1.0  -1.7320508075688767  1.0  4.9343245538895844e-17  3.4641016151377544
2.0  -1.7320508075688767  2.0  -1.7320508075688767  5.999999999999999
2.0  -1.7320508075688767  0.5  -0.8660254037844384  3.4641016151377544
2.0  -1.7320508075688767  2.0  4.9343245538895844e-17  3.4641016151377544
-0.5  -0.8660254037844384  -0.5  -0.8660254037844384  5.999999999999999
-0.5  -0.8660254037844384  -2.0  4.9343245538895844e-17  3.4641016151377544
-0.5  -0.8660254037844384  1.0  4.9343245538895844e-17  3.4641016151377544
-0.5  -0.8660254037844384  -0.5  0.8660254037844393  3.4641016151377544
0.5  -0.8660254037844384  0.5  -0.8660254037844384  5.999999999999999
0.5  -0.8660254037844384  -1.0  4.9343245538895844e-17  3.4641016151377544
0.5  -0.8660254037844384  2.0  4.9343245538895844e-17  3.4641016151377544
0.5  -0.8660254037844384  0.5  0.8660254037844393  3.4641016151377544
-2.0  4.9343245538895844e-17  -2.0  4.9343245538895844e-17  5.999999999999999
-2.0  4.9343245538895844e-17  -3.5  0.8660254037844393  3.4641016151377544
-1.0  4.9343245538895844e-17  -1.0  4.9343245538895844e-17  5.999999999999999
-1.0  4.9343245538895844e-17  0.5  0.8660254037844393  3.4641016151377544
-3.5  0.8660254037844393  -3.5  0.8660254037844393  5.999999999999999
-3.5  0.8660254037844393  -2.0  1.7320508075688776  3.4641016151377544
-3.5  0.8660254037844393  -3.5  2.598076211353316  3.4641016151377544
-2.5  0.8660254037844393  -2.5  0.8660254037844393  5.999999999999999
-2.5  0.8660254037844393  -4.0  1.7320508075688767  3.4641016151377544
-2.5  0.8660254037844393  -2.5  2.598076211353316  3.4641016151377544
-5.0  1.7320508075688767  -3.5  2.598076211353316  3.4641016151377544
-4.0  1.7320508075688767  -4.0  1.7320508075688767  5.999999999999999
-4.0  1.7320508075688767  -2.5  2.598076211353316  3.4641016151377544
4.0  -1.7320508075688767  4.0  -1.7320508075688767  5.999999999999999
4.0  -1.7320508075688767  5.5  -0.8660254037844384  3.4641016151377544
4.0  -1.7320508075688767  4.0  4.9343245538895844e-17  3.4641016151377544
5.0  -1.7320508075688767  5.0  -1.7320508075688767  5.999999999999999
5.0  -1.7320508075688767  3.5  -0.8660254037844384  3.4641016151377544
5.0  -1.7320508075688767  5.0  4.9343245538895844e-17  3.4641016151377544
2.5  -0.8660254037844384  2.5  -0.8660254037844384  5.999999999999999
2.5  -0.8660254037844384  1.0  4.9343245538895844e-17  3.4641016151377544
2.5  -0.8660254037844384  4.0  4.9343245538895844e-17  3.4641016151377544
2.5  -0.8660254037844384  2.5  0.8660254037844393  3.4641016151377544
3.5  -0.8660254037844384  3.5  -0.8660254037844384  5.999999999999999
3.5  -0.8660254037844384  2.0  4.9343245538895844e-17  3.4641016151377544
3.5  -0.8660254037844384  5.0  4.9343245538895844e-17  3.4641016151377544
3.5  -0.8660254037844384  3.5  0.8660254037844393  3.4641016151377544
1.0  4.9343245538895844e-17  1.0  4.9343245538895844e-17  5.999999999999999
1.0  4.9343245538895844e-17  -0.5  0.8660254037844393  3.4641016151377544
2.0  4.9343245538895844e-17  2.0  4.9343245538895844e-17  5.999999999999999
2.0  4.9343245538895844e-17  3.5  0.8660254037844393  3.4641016151377544
-0.5  0.8660254037844393  -0.5  0.8660254037844393  5.999999999999999
-0.5  0.8660254037844393  1.0  1.7320508075688776  3.4641016151377544
-0.5  0.8660254037844393  -0.5  2.598076211353316  3.4641016151377544
0.5  0.8660254037844393  0.5  0.8660254037844393  5.999999999999999
0.5  0.8660254037844393  -1.0  1.7320508075688776  3.4641016151377544
0.5  0.8660254037844393  0.5  2.598076211353316  3.4641016151377544
-2.0  1.7320508075688776  -2.0  1.7320508075688776  5.999999999999999
-2.0  1.7320508075688776  -3.5  2.598076211353316  3.4641016151377544
-2.0  1.7320508075688776  -0.5  2.598076211353316  3.4641016151377544
-2.0  1.7320508075688776  -2.0  3.4641016151377544  3.4641016151377544
-1.0  1.7320508075688776  -1.0  1.7320508075688776  5.999999999999999
-1.0  1.7320508075688776  -2.5  2.598076211353316  3.4641016151377544
-1.0  1.7320508075688776  0.5  2.598076211353316  3.4641016151377544
-1.0  1.7320508075688776  -1.0  3.4641016151377544  3.4641016151377544
-3.5  2.598076211353316  -3.5  2.598076211353316  5.999999999999999
-2.5  2.598076211353316  -2.5  2.598076211353316  5.999999999999999
5.5  -0.8660254037844384  5.5  -0.8660254037844384  5.999999999999999
5.5  -0.8660254037844384  4.0  4.9343245538895844e-17  3.4641016151377544
5.5  -0.8660254037844384  5.5  0.8660254037844384  3.4641016151377544
6.5  -0.8660254037844384  5.0  4.9343245538895844e-17  3.4641016151377544
4.0  4.9343245538895844e-17  4.0  4.9343245538895844e-17  5.999999999999999
4.0  4.9343245538895844e-17  2.5  0.8660254037844393  3.4641016151377544
5.0  4.9343245538895844e-17  5.0  4.9343245538895844e-17  5.999999999999999
2.5  0.8660254037844393  2.5  0.8660254037844393  5.999999999999999
2.5  0.8660254037844393  4.0  1.7320508075688767  3.4641016151377544
2.5  0.8660254037844393  2.5  2.598076211353316  3.4641016151377544
3.5  0.8660254037844393  3.5  0.8660254037844393  5.999999999999999
3.5  0.8660254037844393  2.0  1.7320508075688776  3.4641016151377544
3.5  0.8660254037844393  3.5  2.598076211353316  3.4641016151377544
1.0  1.7320508075688776  1.0  1.7320508075688776  5.999999999999999
1.0  1.7320508075688776  -0.5  2.598076211353316  3.4641016151377544
1.0  1.7320508075688776  2.5  2.598076211353316  3.4641016151377544
1.0  1.7320508075688776  1.0  3.4641016151377544  3.4641016151377544
2.0  1.7320508075688776  2.0  1.7320508075688776  5.999999999999999
2.0  1.7320508075688776  0.5  2.598076211353316  3.4641016151377544
2.0  1.7320508075688776  3.5  2.598076211353316  3.4641016151377544
2.0  1.7320508075688776  2.0  3.4641016151377544  3.4641016151377544
-0.5  2.598076211353316  -0.5  2.598076211353316  5.999999999999999
0.5  2.598076211353316  0.5  2.598076211353316  5.999999999999999
4.0  1.7320508075688767  4.0  1.7320508075688767  5.999999999999999
4.0  1.7320508075688767  2.5  2.598076211353316  3.4641016151377544
5.0  1.7320508075688767  3.5  2.598076211353316  3.4641016151377544
2.5  2.598076211353316  2.5  2.598076211353316  5.999999999999999
3.5  2.598076211353316  3.5  2.598076211353316  5.999999999999999
